Player 1 exploitability: 0.299474598117
Choosing model 0
[0.20396124844724672, 0.2105817708859842, 0.21596433592023306, 0.18442191860964258, 0.18507072613689338]
Games played: 1
Exploitability: P1=1.900000000 P2=0.213822584 EV: (-0.09185836827023057, 0.09185836827023057) P1 Winnings: 1.0
Choosing model 1
[0.20298373093488184, 0.21701522172430504, 0.2172591265223347, 0.18873771875048814, 0.1740042020679901]
Games played: 2
Exploitability: P1=2.800000000 P2=0.213822584 EV: (0.16570659756437273, -0.16570659756437273) P1 Winnings: 1.0
Choosing model 3
[0.2064438179804516, 0.19556079882632316, 0.2032837887695688, 0.20205236034799579, 0.19265923407566063]
Games played: 3
Exploitability: P1=1.933333333 P2=0.213822584 EV: (-0.12644181307243751, 0.12644181307243751) P1 Winnings: 10.0
Choosing model 4
[0.22776057999300678, 0.11239525257751515, 0.21181925001593654, 0.18633873434460863, 0.2616861830689329]
Games played: 4
Exploitability: P1=2.600000000 P2=0.213822584 EV: (-0.1507110840134513, 0.1507110840134513) P1 Winnings: 7.0
Choosing model 0
[0.216200770722849, 0.16616352458914582, 0.21154360752768056, 0.20549078495240453, 0.20060131220792016]
Games played: 5
Exploitability: P1=1.900000000 P2=0.213822584 EV: (-0.09185836827023057, 0.09185836827023057) P1 Winnings: 2.0
Choosing model 0
[0.2137799287416374, 0.17591537493400497, 0.2109329884541079, 0.20818722401962547, 0.1911844838506242]
Games played: 6
Exploitability: P1=1.900000000 P2=0.213822584 EV: (-0.09185836827023057, 0.09185836827023057) P1 Winnings: 7.0
Choosing model 4
[0.21115843259320993, 0.1860388783165625, 0.21009751545535063, 0.21069178814561396, 0.18201338548926302]
Games played: 7
Exploitability: P1=2.600000000 P2=0.213822584 EV: (-0.1507110840134513, 0.1507110840134513) P1 Winnings: 12.0
Choosing model 1
[0.20834238031193897, 0.1965311327125946, 0.2090378967503379, 0.21299471995079347, 0.17309387027433495]
Games played: 8
Exploitability: P1=2.800000000 P2=0.213822584 EV: (0.16570659756437273, -0.16570659756437273) P1 Winnings: 11.0
Choosing model 2
[0.2173338391835433, 0.16610419877711283, 0.21430120038394682, 0.21024781813699223, 0.19201294351840478]
Games played: 9
Exploitability: P1=4.600000000 P2=0.213822584 EV: (0.21382258397696427, -0.21382258397696427) P1 Winnings: 10.0
Choosing model 2
[0.20642158064328092, 0.14531261711087093, 0.16172148402383912, 0.2665644096252766, 0.21997990859673236]
Games played: 10
Exploitability: P1=4.600000000 P2=0.213822584 EV: (0.21382258397696427, -0.21382258397696427) P1 Winnings: -3.0
Choosing model 2
[0.19367952485162077, 0.15485230085236648, 0.13158106478964826, 0.3015787564294708, 0.2183083530768938]
Games played: 11
Exploitability: P1=4.600000000 P2=0.213822584 EV: (0.21382258397696427, -0.21382258397696427) P1 Winnings: 2.0
Choosing model 0
[0.19253726119820935, 0.16423657674261455, 0.13259561075199983, 0.30274520055298443, 0.20788535075419184]
Games played: 12
Exploitability: P1=1.900000000 P2=0.213822584 EV: (-0.09185836827023057, 0.09185836827023057) P1 Winnings: 7.0
Choosing model 2
[0.1901315501431207, 0.17364718059344955, 0.13203937674712923, 0.30631530917491245, 0.1978665833413881]
Games played: 13
Exploitability: P1=4.600000000 P2=0.213822584 EV: (0.21382258397696427, -0.21382258397696427) P1 Winnings: 6.0
Choosing model 3
[0.19997054963481636, 0.1469690025047606, 0.1378616264875433, 0.296509230186318, 0.21868959118656173]
Games played: 14
Exploitability: P1=1.933333333 P2=0.213822584 EV: (-0.12644181307243751, 0.12644181307243751) P1 Winnings: 7.0
Choosing model 1
[0.19997052119485967, 0.14696912298715847, 0.13786162356204876, 0.296509291794974, 0.2186894404609592]
Games played: 15
Exploitability: P1=2.800000000 P2=0.213822584 EV: (0.16570659756437273, -0.16570659756437273) P1 Winnings: 4.0
Choosing model 3
[0.20606401305763294, 0.07988631681963446, 0.11987738748024822, 0.2893327857081597, 0.30483949693432466]
Games played: 16
Exploitability: P1=1.933333333 P2=0.213822584 EV: (-0.12644181307243751, 0.12644181307243751) P1 Winnings: -1.0
Choosing model 4
[0.21606879526457093, 0.0864839281626808, 0.13309493955908377, 0.2743168087177316, 0.290035528295933]
Games played: 17
Exploitability: P1=2.600000000 P2=0.213822584 EV: (-0.1507110840134513, 0.1507110840134513) P1 Winnings: 0.0
Choosing model 3
[0.20867141084873594, 0.12084197250734471, 0.13375372145335243, 0.29843995541804674, 0.2382929397725202]
Games played: 18
Exploitability: P1=1.933333333 P2=0.213822584 EV: (-0.12644181307243751, 0.12644181307243751) P1 Winnings: -11.0
Choosing model 0
[0.18839006112835346, 0.12124708995198914, 0.10178197520575442, 0.3576428451634791, 0.23093802855042386]
Games played: 19
Exploitability: P1=1.900000000 P2=0.213822584 EV: (-0.09185836827023057, 0.09185836827023057) P1 Winnings: -2.0
Choosing model 1
[0.1974170489804603, 0.1311810505349081, 0.11293587471687105, 0.33887621216681846, 0.21958981360094207]
Games played: 20
Exploitability: P1=2.800000000 P2=0.213822584 EV: (0.16570659756437273, -0.16570659756437273) P1 Winnings: -1.0
Choosing model 4
[0.19655095775658157, 0.13934222981990585, 0.11397959287700954, 0.3407038450520096, 0.20942337449449344]
Games played: 21
Exploitability: P1=2.600000000 P2=0.213822584 EV: (-0.1507110840134513, 0.1507110840134513) P1 Winnings: 4.0
Choosing model 2
[0.2009108114024054, 0.12673252782989247, 0.11600204148578845, 0.3419546030236406, 0.21440001625827304]
Games played: 22
Exploitability: P1=4.600000000 P2=0.213822584 EV: (0.21382258397696427, -0.21382258397696427) P1 Winnings: 4.0
Choosing model 2
[0.19974896146355306, 0.1751946607095262, 0.1276164693642904, 0.32811302216027477, 0.1693268863023556]
Games played: 23
Exploitability: P1=4.600000000 P2=0.213822584 EV: (0.21382258397696427, -0.21382258397696427) P1 Winnings: 9.0
Choosing model 3
[0.19974881683726664, 0.17519512497106093, 0.1276164310744332, 0.32811318784584403, 0.16932643927139512]
Games played: 24
Exploitability: P1=1.933333333 P2=0.213822584 EV: (-0.12644181307243751, 0.12644181307243751) P1 Winnings: 0.0
Choosing model 1
[0.17667321595900531, 0.24562907476430856, 0.11868619848553887, 0.3371353269127201, 0.12187618387842723]
Games played: 25
Exploitability: P1=2.800000000 P2=0.213822584 EV: (0.16570659756437273, -0.16570659756437273) P1 Winnings: -3.0
Choosing model 0
[0.19135289329376973, 0.20086925897308722, 0.12569430322280548, 0.33970178373705473, 0.14238176077328277]
Games played: 26
Exploitability: P1=1.900000000 P2=0.213822584 EV: (-0.09185836827023057, 0.09185836827023057) P1 Winnings: 0.0
Choosing model 0
[0.19482165634272663, 0.1902467017956293, 0.127975660326552, 0.3441781338360315, 0.14277784769906054]
Games played: 27
Exploitability: P1=1.900000000 P2=0.213822584 EV: (-0.09185836827023057, 0.09185836827023057) P1 Winnings: -3.0
Choosing model 3
[0.19289212564251984, 0.19505193281485672, 0.12808169565405056, 0.3504234327109365, 0.13355081317763645]
Games played: 28
Exploitability: P1=1.933333333 P2=0.213822584 EV: (-0.12644181307243751, 0.12644181307243751) P1 Winnings: -3.0
Choosing model 4
[0.17128678085258747, 0.19249439579163438, 0.09586639196563113, 0.4130475286637402, 0.12730490272640674]
Games played: 29
Exploitability: P1=2.600000000 P2=0.213822584 EV: (-0.1507110840134513, 0.1507110840134513) P1 Winnings: 6.0
Choosing model 2
[0.18096404281720588, 0.23670864028029645, 0.11711798589660051, 0.3602715013157794, 0.10493782969011779]
Games played: 30
Exploitability: P1=4.600000000 P2=0.213822584 EV: (0.21382258397696427, -0.21382258397696427) P1 Winnings: 9.0
Choosing model 3
[0.16705676786463083, 0.172042671262694, 0.08143975190299084, 0.4483356716732716, 0.1311251372964127]
Games played: 31
Exploitability: P1=1.933333333 P2=0.213822584 EV: (-0.12644181307243751, 0.12644181307243751) P1 Winnings: 0.0
Choosing model 4
[0.17766938061762275, 0.14162087195266476, 0.0847605174523099, 0.4452971272678885, 0.15065210270951399]
Games played: 32
Exploitability: P1=2.600000000 P2=0.213822584 EV: (-0.1507110840134513, 0.1507110840134513) P1 Winnings: 0.0
Choosing model 1
[0.1776693444472586, 0.14162096916394892, 0.08476050968975306, 0.4452971808897492, 0.15065199580929026]
Games played: 33
Exploitability: P1=2.800000000 P2=0.213822584 EV: (0.16570659756437273, -0.16570659756437273) P1 Winnings: -1.0
Choosing model 3
[0.15353227523512453, 0.09635295311411508, 0.055172391312725784, 0.5187268550343801, 0.17621552530365456]
Games played: 34
Exploitability: P1=1.933333333 P2=0.213822584 EV: (-0.12644181307243751, 0.12644181307243751) P1 Winnings: -10.0
Choosing model 0
[0.14310348313951704, 0.12412816071051722, 0.05328495031559783, 0.5375366927436287, 0.14194671309073922]
Games played: 35
Exploitability: P1=1.900000000 P2=0.213822584 EV: (-0.09185836827023057, 0.09185836827023057) P1 Winnings: -23.0
Choosing model 3
[0.1499212285040408, 0.10474216701950387, 0.05483717414012102, 0.5321225734166669, 0.15837685691966746]
Games played: 36
Exploitability: P1=1.933333333 P2=0.213822584 EV: (-0.12644181307243751, 0.12644181307243751) P1 Winnings: -23.0
Choosing model 3
[0.15293114793951582, 0.09646515320561305, 0.05549109912971251, 0.5290065035599357, 0.16610609616522282]
Games played: 37
Exploitability: P1=1.933333333 P2=0.213822584 EV: (-0.12644181307243751, 0.12644181307243751) P1 Winnings: -20.0
Choosing model 3
[0.14390204384230287, 0.1295341524658103, 0.05509815378126591, 0.541593314104132, 0.12987233580648894]
Games played: 38
Exploitability: P1=1.933333333 P2=0.213822584 EV: (-0.12644181307243751, 0.12644181307243751) P1 Winnings: -13.0
Choosing model 0
[0.16049005146083128, 0.08661875367558225, 0.058523403015820395, 0.5198591544511095, 0.17450863739665645]
Games played: 39
Exploitability: P1=1.900000000 P2=0.213822584 EV: (-0.09185836827023057, 0.09185836827023057) P1 Winnings: -12.0
Choosing model 0
[0.14849295220973957, 0.11595277623935941, 0.05634569320875921, 0.5418474891939736, 0.137361089148168]
Games played: 40
Exploitability: P1=1.900000000 P2=0.213822584 EV: (-0.09185836827023057, 0.09185836827023057) P1 Winnings: -21.0
Choosing model 3
[0.14600652393874217, 0.12206917755218041, 0.055867862827516136, 0.5458779186745781, 0.1301785170069831]
Games played: 41
Exploitability: P1=1.933333333 P2=0.213822584 EV: (-0.12644181307243751, 0.12644181307243751) P1 Winnings: -30.0
Choosing model 3
[0.13831371102321122, 0.14168486277795828, 0.054181964094188975, 0.5541628259191466, 0.11165663618549483]
Games played: 42
Exploitability: P1=1.933333333 P2=0.213822584 EV: (-0.12644181307243751, 0.12644181307243751) P1 Winnings: -39.0
Choosing model 0
[0.12630249757039166, 0.17452967474190942, 0.051248969529022456, 0.5600252625874002, 0.08789359557127638]
Games played: 43
Exploitability: P1=1.900000000 P2=0.213822584 EV: (-0.09185836827023057, 0.09185836827023057) P1 Winnings: -32.0
Choosing model 1
[0.11364543193894609, 0.15308308775668403, 0.039870304126662724, 0.6072141261191982, 0.0861870500585088]
Games played: 44
Exploitability: P1=2.800000000 P2=0.213822584 EV: (0.16570659756437273, -0.16570659756437273) P1 Winnings: -23.0
Choosing model 2
[0.10201976583854072, 0.1882851342959653, 0.03708848011673677, 0.6058343377035916, 0.06677228204516548]
Games played: 45
Exploitability: P1=4.600000000 P2=0.213822584 EV: (0.21382258397696427, -0.21382258397696427) P1 Winnings: -18.0
Choosing model 1
[0.11710403333244065, 0.28724056815405125, 0.05759724616005152, 0.487994279646061, 0.0500638727073955]
Games played: 46
Exploitability: P1=2.800000000 P2=0.213822584 EV: (0.16570659756437273, -0.16570659756437273) P1 Winnings: -13.0
Choosing model 3
[0.10528682273472718, 0.20332848536000936, 0.03900721538064392, 0.5914506298202263, 0.06092684670439318]
Games played: 47
Exploitability: P1=1.933333333 P2=0.213822584 EV: (-0.12644181307243751, 0.12644181307243751) P1 Winnings: -22.0
Choosing model 3
[0.09431544861806992, 0.17755173867130286, 0.030211906299494686, 0.6384420983812439, 0.05947880802988857]
Games played: 48
Exploitability: P1=1.933333333 P2=0.213822584 EV: (-0.12644181307243751, 0.12644181307243751) P1 Winnings: -22.0
Choosing model 3
[0.10231670961349626, 0.14908413439910576, 0.03207380747495477, 0.646819909838488, 0.06970543867395512]
Games played: 49
Exploitability: P1=1.933333333 P2=0.213822584 EV: (-0.12644181307243751, 0.12644181307243751) P1 Winnings: -29.0
Choosing model 3
[0.11020044801316489, 0.12428273334120406, 0.03380616886776906, 0.6506062924062692, 0.0811043573715927]
Games played: 50
Exploitability: P1=1.933333333 P2=0.213822584 EV: (-0.12644181307243751, 0.12644181307243751) P1 Winnings: -26.0
Choosing model 0
[0.12168561772962573, 0.0941627574861249, 0.036093414887426845, 0.6466992027314705, 0.10135900716535194]
Games played: 51
Exploitability: P1=1.900000000 P2=0.213822584 EV: (-0.09185836827023057, 0.09185836827023057) P1 Winnings: -37.0
Choosing model 3
[0.1280833038266043, 0.07914840856104545, 0.03728688899419458, 0.6414731067278925, 0.11400829189026318]
Games played: 52
Exploitability: P1=1.933333333 P2=0.213822584 EV: (-0.12644181307243751, 0.12644181307243751) P1 Winnings: -37.0
Choosing model 0
[0.13731770053685738, 0.08760911631365051, 0.0423276860503594, 0.6218381014520017, 0.11090739564713097]
Games played: 53
Exploitability: P1=1.900000000 P2=0.213822584 EV: (-0.09185836827023057, 0.09185836827023057) P1 Winnings: -36.0
Choosing model 0
[0.14376394414555022, 0.07387730826488921, 0.04353169302192898, 0.6151647272324883, 0.12366232733514342]
Games played: 54
Exploitability: P1=1.900000000 P2=0.213822584 EV: (-0.09185836827023057, 0.09185836827023057) P1 Winnings: -36.0
Choosing model 3
[0.14146561996630322, 0.07783419612763222, 0.0431957883388253, 0.6202180343403795, 0.11728636122685979]
Games played: 55
Exploitability: P1=1.933333333 P2=0.213822584 EV: (-0.12644181307243751, 0.12644181307243751) P1 Winnings: -37.0
Choosing model 4
[0.1513342340602851, 0.08596661613816124, 0.04892851747150217, 0.5999230386111751, 0.11384759371887633]
Games played: 56
Exploitability: P1=2.600000000 P2=0.213822584 EV: (-0.1507110840134513, 0.1507110840134513) P1 Winnings: -36.0
Choosing model 0
[0.15245385579793763, 0.08269027925444736, 0.049257339727618955, 0.6015318016122558, 0.1140667236077402]
Games played: 57
Exploitability: P1=1.900000000 P2=0.213822584 EV: (-0.09185836827023057, 0.09185836827023057) P1 Winnings: -36.0
Choosing model 3
[0.1337885121961506, 0.04162477550917146, 0.03183459575329649, 0.6426676709737065, 0.15008444556767497]
Games played: 58
Exploitability: P1=1.933333333 P2=0.213822584 EV: (-0.12644181307243751, 0.12644181307243751) P1 Winnings: -36.0
Choosing model 3
[0.12575763672595228, 0.025161210567781946, 0.024029921248479802, 0.6350833426716828, 0.18996788878610324]
Games played: 59
Exploitability: P1=1.933333333 P2=0.213822584 EV: (-0.12644181307243751, 0.12644181307243751) P1 Winnings: -33.0
Choosing model 0
[0.13613140713354968, 0.028120860790332016, 0.027542965010871324, 0.6216122471639802, 0.18659251990126677]
Games played: 60
Exploitability: P1=1.900000000 P2=0.213822584 EV: (-0.09185836827023057, 0.09185836827023057) P1 Winnings: -32.0
Choosing model 4
[0.131671189160722, 0.033326177093499706, 0.027273622706765182, 0.6443189087017869, 0.1634101023372263]
Games played: 61
Exploitability: P1=2.600000000 P2=0.213822584 EV: (-0.1507110840134513, 0.1507110840134513) P1 Winnings: -37.0
Choosing model 4
[0.1435768017806834, 0.019430789125331208, 0.02806857911123832, 0.5874021110556757, 0.22152171892707137]
Games played: 62
Exploitability: P1=2.600000000 P2=0.213822584 EV: (-0.1507110840134513, 0.1507110840134513) P1 Winnings: -38.0
Choosing model 3
[0.14543240241341343, 0.017471356485917203, 0.028234550164637936, 0.5806116826630744, 0.22825000827295694]
Games played: 63
Exploitability: P1=1.933333333 P2=0.213822584 EV: (-0.12644181307243751, 0.12644181307243751) P1 Winnings: -38.0
Choosing model 4
[0.1401677133503287, 0.022714990311881407, 0.028187163296851583, 0.6192929050782036, 0.1896372279627347]
Games played: 64
Exploitability: P1=2.600000000 P2=0.213822584 EV: (-0.1507110840134513, 0.1507110840134513) P1 Winnings: -31.0
Choosing model 0
[0.1514500624829749, 0.025340030673055267, 0.032248329044678836, 0.6050377148899246, 0.18592386290936636]
Games played: 65
Exploitability: P1=1.900000000 P2=0.213822584 EV: (-0.09185836827023057, 0.09185836827023057) P1 Winnings: -30.0
Choosing model 3
[0.1402210106444438, 0.015087415720853927, 0.023976639720152668, 0.5889179728272669, 0.23179696108728268]
Games played: 66
Exploitability: P1=1.933333333 P2=0.213822584 EV: (-0.12644181307243751, 0.12644181307243751) P1 Winnings: -27.0
Choosing model 3
[0.10645653635010682, 0.00788416950351787, 0.013106624205657974, 0.6064153430626505, 0.26613732687806685]
Games played: 67
Exploitability: P1=1.933333333 P2=0.213822584 EV: (-0.12644181307243751, 0.12644181307243751) P1 Winnings: -30.0
Choosing model 3
[0.1159298657262943, 0.008864455528039508, 0.015112914486666412, 0.5971151030335706, 0.26297766122542904]
Games played: 68
Exploitability: P1=1.933333333 P2=0.213822584 EV: (-0.12644181307243751, 0.12644181307243751) P1 Winnings: -29.0
Choosing model 3
[0.11845529337769592, 0.006949534473092516, 0.015112660746227897, 0.5696081036423472, 0.2898744077606365]
Games played: 69
Exploitability: P1=1.933333333 P2=0.213822584 EV: (-0.12644181307243751, 0.12644181307243751) P1 Winnings: -29.0
Choosing model 3
[0.12879785125824064, 0.007801587262854973, 0.017399206997497106, 0.5600092215584159, 0.2859921329229914]
Games played: 70
Exploitability: P1=1.933333333 P2=0.213822584 EV: (-0.12644181307243751, 0.12644181307243751) P1 Winnings: -28.0
Choosing model 0
[0.11318494678630463, 0.006683145449427076, 0.01322007363692389, 0.5930201287196631, 0.2738917054076812]
Games played: 71
Exploitability: P1=1.900000000 P2=0.213822584 EV: (-0.09185836827023057, 0.09185836827023057) P1 Winnings: -19.0
Choosing model 3
[0.11318493988450319, 0.006683150989912776, 0.013220074311440252, 0.5930202846973294, 0.2738915501168143]
Games played: 72
Exploitability: P1=1.933333333 P2=0.213822584 EV: (-0.12644181307243751, 0.12644181307243751) P1 Winnings: -20.0
Choosing model 3
[0.11411127120530896, 0.006083272336635771, 0.013221759084606986, 0.5826744304046162, 0.2839092669688321]
Games played: 73
Exploitability: P1=1.933333333 P2=0.213822584 EV: (-0.12644181307243751, 0.12644181307243751) P1 Winnings: -17.0
Choosing model 4
[0.11085343036845642, 0.008167941611732465, 0.013308897235574046, 0.6293111369182733, 0.23835859386596384]
Games played: 74
Exploitability: P1=2.600000000 P2=0.213822584 EV: (-0.1507110840134513, 0.1507110840134513) P1 Winnings: -30.0
Choosing model 4
[0.11199420049498177, 0.007450323125305416, 0.013338405392656065, 0.6196241365429311, 0.2475929344441256]
Games played: 75
Exploitability: P1=2.600000000 P2=0.213822584 EV: (-0.1507110840134513, 0.1507110840134513) P1 Winnings: -33.0
Choosing model 4
[0.11569721329132746, 0.005280864734709865, 0.013323142227133121, 0.5762108884175201, 0.2894878913293096]
Games played: 76
Exploitability: P1=2.600000000 P2=0.213822584 EV: (-0.1507110840134513, 0.1507110840134513) P1 Winnings: -33.0
Choosing model 4
[0.11682180767025524, 0.004733314376968101, 0.013359531519981468, 0.5677483073764019, 0.2973370390563933]
Games played: 77
Exploitability: P1=2.600000000 P2=0.213822584 EV: (-0.1507110840134513, 0.1507110840134513) P1 Winnings: -33.0
Choosing model 3
[0.11682180309003375, 0.004733318404047645, 0.013359532492466086, 0.5677484690675645, 0.29733687694588806]
Games played: 78
Exploitability: P1=1.933333333 P2=0.213822584 EV: (-0.12644181307243751, 0.12644181307243751) P1 Winnings: -34.0
Choosing model 4
[0.1352658548868272, 0.004715614455541146, 0.016753077583548527, 0.5335516154774441, 0.3097138375966389]
Games played: 79
Exploitability: P1=2.600000000 P2=0.213822584 EV: (-0.1507110840134513, 0.1507110840134513) P1 Winnings: -31.0
Choosing model 0
[0.13669738532357528, 0.003838385794277204, 0.016631223489746067, 0.5094940368335578, 0.33333896855884365]
Games played: 80
Exploitability: P1=1.900000000 P2=0.213822584 EV: (-0.09185836827023057, 0.09185836827023057) P1 Winnings: -30.0
Choosing model 3
[0.12022433923909374, 0.002170925396352948, 0.011746104376088085, 0.4710858089801668, 0.39477282200829844]
Games played: 81
Exploitability: P1=1.933333333 P2=0.213822584 EV: (-0.12644181307243751, 0.12644181307243751) P1 Winnings: -27.0
Choosing model 3
[0.12018645768133346, 0.0029995952480267075, 0.012167160152261497, 0.5235787053546603, 0.341068081563718]
Games played: 82
Exploitability: P1=1.933333333 P2=0.213822584 EV: (-0.12644181307243751, 0.12644181307243751) P1 Winnings: -22.0
Choosing model 4
[0.11854974877163553, 0.004089426256382558, 0.012435594723093258, 0.5741771357952411, 0.2907480944536475]
Games played: 83
Exploitability: P1=2.600000000 P2=0.213822584 EV: (-0.1507110840134513, 0.1507110840134513) P1 Winnings: -22.0
Choosing model 0
[0.12900842492036407, 0.004594655222055122, 0.014329082114615633, 0.5649736638153914, 0.28709417392757386]
Games played: 84
Exploitability: P1=1.900000000 P2=0.213822584 EV: (-0.09185836827023057, 0.09185836827023057) P1 Winnings: -21.0
Choosing model 3
[0.12509895200652227, 0.006446144276713243, 0.014458638515582078, 0.6171595380765365, 0.2368367271246459]
Games played: 85
Exploitability: P1=1.933333333 P2=0.213822584 EV: (-0.12644181307243751, 0.12644181307243751) P1 Winnings: -22.0
Choosing model 3
[0.14541912212174105, 0.0064472745208780415, 0.018202637049992223, 0.5822660695963795, 0.24766489671100908]
Games played: 86
Exploitability: P1=1.933333333 P2=0.213822584 EV: (-0.12644181307243751, 0.12644181307243751) P1 Winnings: -19.0
Choosing model 3
[0.14829957098027519, 0.005162924151289102, 0.018190722348452124, 0.5568770110640658, 0.2714697714559179]
Games played: 87
Exploitability: P1=1.933333333 P2=0.213822584 EV: (-0.12644181307243751, 0.12644181307243751) P1 Winnings: -22.0
Choosing model 3
[0.16071536636406417, 0.00577678713476069, 0.02087381498169625, 0.545684567863072, 0.26694946365640676]
Games played: 88
Exploitability: P1=1.933333333 P2=0.213822584 EV: (-0.12644181307243751, 0.12644181307243751) P1 Winnings: -21.0
Choosing model 3
[0.15111593291178324, 0.01004400788961343, 0.021006838154098324, 0.6281275423628868, 0.18970567868161817]
Games played: 89
Exploitability: P1=1.933333333 P2=0.213822584 EV: (-0.12644181307243751, 0.12644181307243751) P1 Winnings: -21.0
Choosing model 0
[0.14051421487655733, 0.014839054194401704, 0.02059229095182633, 0.6827187511974352, 0.14133568877977934]
Games played: 90
Exploitability: P1=1.900000000 P2=0.213822584 EV: (-0.09185836827023057, 0.09185836827023057) P1 Winnings: -21.0
Choosing model 4
[0.14051419166383125, 0.014839064949796187, 0.0205922898563533, 0.6827188596146636, 0.1413355939153557]
Games played: 91
Exploitability: P1=2.600000000 P2=0.213822584 EV: (-0.1507110840134513, 0.1507110840134513) P1 Winnings: -22.0
Choosing model 4
[0.14600047442818256, 0.011933927126833492, 0.02093858738685784, 0.6624820422919047, 0.15864496876622144]
Games played: 92
Exploitability: P1=2.600000000 P2=0.213822584 EV: (-0.1507110840134513, 0.1507110840134513) P1 Winnings: -29.0
Choosing model 3
[0.12039698774017814, 0.005644971714768209, 0.012716181213153044, 0.6650938231429534, 0.1961480361889472]
Games played: 93
Exploitability: P1=1.933333333 P2=0.213822584 EV: (-0.12644181307243751, 0.12644181307243751) P1 Winnings: -22.0
Choosing model 0
[0.12577192288113972, 0.004046153274903644, 0.012844018246836314, 0.6254306624178383, 0.2319072431792821]
Games played: 94
Exploitability: P1=1.900000000 P2=0.213822584 EV: (-0.09185836827023057, 0.09185836827023057) P1 Winnings: -33.0
Choosing model 3
[0.12723111684339614, 0.003641909650358627, 0.012936623542852568, 0.6212295189914856, 0.23496083097190698]
Games played: 95
Exploitability: P1=1.933333333 P2=0.213822584 EV: (-0.12644181307243751, 0.12644181307243751) P1 Winnings: -38.0
Choosing model 4
[0.13260343830766694, 0.002275815766232806, 0.012840849522180356, 0.5572431996611308, 0.2950366967427891]
Games played: 96
Exploitability: P1=2.600000000 P2=0.213822584 EV: (-0.1507110840134513, 0.1507110840134513) P1 Winnings: -37.0
Choosing model 3
[0.13423951994101524, 0.0018556711417910046, 0.012769589481750717, 0.5330415002585539, 0.31809371917688917]
Games played: 97
Exploitability: P1=1.933333333 P2=0.213822584 EV: (-0.12644181307243751, 0.12644181307243751) P1 Winnings: -36.0
Choosing model 3
[0.135595102014207, 0.001471857725931544, 0.012639730289053084, 0.5049449868363033, 0.345348323134505]
Games played: 98
Exploitability: P1=1.933333333 P2=0.213822584 EV: (-0.12644181307243751, 0.12644181307243751) P1 Winnings: -39.0
Choosing model 4
[0.13665592706890323, 0.0013799131817373318, 0.012738898100322077, 0.5064210921086438, 0.3428041695403935]
Games played: 99
Exploitability: P1=2.600000000 P2=0.213822584 EV: (-0.1507110840134513, 0.1507110840134513) P1 Winnings: -42.0
Choosing model 3
[0.16590802316943645, 0.0027928037649383106, 0.019170429031747135, 0.5440727603890506, 0.26805598364482763]
Games played: 100
Exploitability: P1=1.933333333 P2=0.213822584 EV: (-0.12644181307243751, 0.12644181307243751) P1 Winnings: -37.0
Choosing model 3
[0.16851746397981585, 0.0021956368982703573, 0.01905539704412387, 0.5160984967918806, 0.2941330052859093]
Games played: 101
Exploitability: P1=1.933333333 P2=0.213822584 EV: (-0.12644181307243751, 0.12644181307243751) P1 Winnings: -34.0
Choosing model 3
[0.18227784200782393, 0.0024520120270906587, 0.021824351233349127, 0.5047617435878712, 0.28868405114386514]
Games played: 102
Exploitability: P1=1.933333333 P2=0.213822584 EV: (-0.12644181307243751, 0.12644181307243751) P1 Winnings: -33.0
Choosing model 4
[0.18425848036521014, 0.0019463341778810743, 0.021618831101508012, 0.4785193113703449, 0.3136570429850558]
Games played: 103
Exploitability: P1=2.600000000 P2=0.213822584 EV: (-0.1507110840134513, 0.1507110840134513) P1 Winnings: -36.0
Choosing model 4
[0.18550720699257536, 0.0015782980411785394, 0.02138075731630191, 0.45522217639449014, 0.3363115612554539]
Games played: 104
Exploitability: P1=2.600000000 P2=0.213822584 EV: (-0.1507110840134513, 0.1507110840134513) P1 Winnings: -35.0
Choosing model 3
[0.1855072108009077, 0.001578299591905595, 0.021380760342310387, 0.45522234506795006, 0.3363113841969262]
Games played: 105
Exploitability: P1=1.933333333 P2=0.213822584 EV: (-0.12644181307243751, 0.12644181307243751) P1 Winnings: -38.0
Choosing model 3
[0.18550721460921088, 0.0015783011426339256, 0.021380763368315923, 0.45522251374140066, 0.33631120713843865]
Games played: 106
Exploitability: P1=1.933333333 P2=0.213822584 EV: (-0.12644181307243751, 0.12644181307243751) P1 Winnings: -41.0
Choosing model 3
[0.165543595946239, 0.0013729646020187599, 0.016496778878587276, 0.48951895806197343, 0.32706770251118156]
Games played: 107
Exploitability: P1=1.933333333 P2=0.213822584 EV: (-0.12644181307243751, 0.12644181307243751) P1 Winnings: -41.0
Choosing model 3
[0.16546888961007356, 0.0014693381826480466, 0.01662792427802574, 0.501332112110235, 0.31510173581901774]
Games played: 108
Exploitability: P1=1.933333333 P2=0.213822584 EV: (-0.12644181307243751, 0.12644181307243751) P1 Winnings: -52.0
Choosing model 3
[0.17911477313629456, 0.0016421390592454598, 0.019058445277176914, 0.49068801736615864, 0.3094966251611245]
Games played: 109
Exploitability: P1=1.933333333 P2=0.213822584 EV: (-0.12644181307243751, 0.12644181307243751) P1 Winnings: -51.0
Choosing model 2
[0.1810732944875179, 0.0008648134083137443, 0.01819686056650957, 0.4146588930753553, 0.3852061384623035]
Games played: 110
Exploitability: P1=4.600000000 P2=0.213822584 EV: (0.21382258397696427, -0.21382258397696427) P1 Winnings: -54.0
Choosing model 0
[0.18107333392645877, 0.0008648165145724116, 0.01819687224541151, 0.41465949300916244, 0.3852054843043947]
Games played: 111
Exploitability: P1=1.900000000 P2=0.213822584 EV: (-0.09185836827023057, 0.09185836827023057) P1 Winnings: -63.0
Choosing model 4
[0.18171168653784234, 0.0009292033962967833, 0.01841450401251392, 0.42635563790108283, 0.37258896815226406]
Games played: 112
Exploitability: P1=2.600000000 P2=0.213822584 EV: (-0.1507110840134513, 0.1507110840134513) P1 Winnings: -64.0
Choosing model 3
[0.181633450967483, 0.0007126368437679284, 0.018013851134849615, 0.39787252380610816, 0.40176753724779124]
Games played: 113
Exploitability: P1=1.933333333 P2=0.213822584 EV: (-0.12644181307243751, 0.12644181307243751) P1 Winnings: -64.0
Choosing model 3
[0.19620005296940266, 0.0007947758636754671, 0.020603653230791975, 0.3886083328240929, 0.393793185112037]
Games played: 114
Exploitability: P1=1.933333333 P2=0.213822584 EV: (-0.12644181307243751, 0.12644181307243751) P1 Winnings: -63.0
Choosing model 3
[0.19740485332126667, 0.0012892330585948025, 0.021774187774843055, 0.45363655256995034, 0.3258951732753452]
Games played: 115
Exploitability: P1=1.933333333 P2=0.213822584 EV: (-0.12644181307243751, 0.12644181307243751) P1 Winnings: -52.0
Choosing model 0
[0.19740485640413158, 0.0012892343189733523, 0.021774190749571556, 0.453636718427476, 0.3258950000998475]
Games played: 116
Exploitability: P1=1.900000000 P2=0.213822584 EV: (-0.09185836827023057, 0.09185836827023057) P1 Winnings: -55.0
Choosing model 0
[0.1979928227558232, 0.000869451887896359, 0.021070456871686016, 0.4069236188997348, 0.37314364958485957]
Games played: 117
Exploitability: P1=1.900000000 P2=0.213822584 EV: (-0.09185836827023057, 0.09185836827023057) P1 Winnings: -55.0
Choosing model 3
[0.21341749617036607, 0.0009676075309205375, 0.024048550352107022, 0.39660514646447215, 0.36496119948213424]
Games played: 118
Exploitability: P1=1.933333333 P2=0.213822584 EV: (-0.12644181307243751, 0.12644181307243751) P1 Winnings: -54.0
Choosing model 3
[0.23965810550431188, 0.00093490963432657, 0.029247588669200422, 0.36147364443579877, 0.3686857517563623]
Games played: 119
Exploitability: P1=1.933333333 P2=0.213822584 EV: (-0.12644181307243751, 0.12644181307243751) P1 Winnings: -51.0
Choosing model 3
[0.2384966333676501, 0.0007201157992814607, 0.028483204041007248, 0.33594242565872373, 0.39635762113333745]
Games played: 120
Exploitability: P1=1.933333333 P2=0.213822584 EV: (-0.12644181307243751, 0.12644181307243751) P1 Winnings: -51.0
Choosing model 3
[0.23794370785900906, 0.0006486499647391863, 0.028190076680476593, 0.32664298677317194, 0.40657457872260316]
Games played: 121
Exploitability: P1=1.933333333 P2=0.213822584 EV: (-0.12644181307243751, 0.12644181307243751) P1 Winnings: -48.0
Choosing model 4
[0.255104132155167, 0.0007180038603066802, 0.03200176282986271, 0.3166514497423879, 0.39552465141227583]
Games played: 122
Exploitability: P1=2.600000000 P2=0.213822584 EV: (-0.1507110840134513, 0.1507110840134513) P1 Winnings: -47.0
Choosing model 4
[0.2544012684856792, 0.0006464644475225703, 0.03165855771657899, 0.3077512121701163, 0.40554249718010305]
Games played: 123
Exploitability: P1=2.600000000 P2=0.213822584 EV: (-0.1507110840134513, 0.1507110840134513) P1 Winnings: -50.0
Choosing model 2
[0.25153523919041565, 0.0004947285553447696, 0.03063228178403233, 0.28416950400348406, 0.43316824646672325]
Games played: 124
Exploitability: P1=4.600000000 P2=0.213822584 EV: (0.21382258397696427, -0.21382258397696427) P1 Winnings: -57.0
Choosing model 0
[0.24479159850654472, 0.0003303446058617519, 0.028823877705497086, 0.24894356809332976, 0.4771106110887666]
Games played: 125
Exploitability: P1=1.900000000 P2=0.213822584 EV: (-0.09185836827023057, 0.09185836827023057) P1 Winnings: -57.0
Choosing model 4
[0.24747911674880899, 0.0003575754395468507, 0.029385248302374167, 0.25786653943701554, 0.4649115200722545]
Games played: 126
Exploitability: P1=2.600000000 P2=0.213822584 EV: (-0.1507110840134513, 0.1507110840134513) P1 Winnings: -52.0
Choosing model 4
[0.24747915638358572, 0.0003575758408022956, 0.029385256564162316, 0.2578666709888554, 0.46491134022259434]
Games played: 127
Exploitability: P1=2.600000000 P2=0.213822584 EV: (-0.1507110840134513, 0.1507110840134513) P1 Winnings: -55.0
Choosing model 4
[0.2474791930320976, 0.00035757621199791376, 0.029385264206900526, 0.2578667927246087, 0.4649111738243952]
Games played: 128
Exploitability: P1=2.600000000 P2=0.213822584 EV: (-0.1507110840134513, 0.1507110840134513) P1 Winnings: -56.0
Choosing model 0
[0.2474792326668171, 0.0003575766132541251, 0.029385272468684897, 0.2578669242765054, 0.46491099397473845]
Games played: 129
Exploitability: P1=1.900000000 P2=0.213822584 EV: (-0.09185836827023057, 0.09185836827023057) P1 Winnings: -59.0
Choosing model 4
[0.26497322685446834, 0.00039528055666064355, 0.03331404226804476, 0.2496455035766734, 0.45167194674415284]
Games played: 130
Exploitability: P1=2.600000000 P2=0.213822584 EV: (-0.1507110840134513, 0.1507110840134513) P1 Winnings: -58.0
Choosing model 3
[0.25092702693604824, 0.00022443851547344963, 0.03004582610866377, 0.2034700267894882, 0.5153326816503263]
Games played: 131
Exploitability: P1=1.933333333 P2=0.213822584 EV: (-0.12644181307243751, 0.12644181307243751) P1 Winnings: -57.0
Choosing model 4
[0.27328379749078896, 0.00048286871370953154, 0.035241318051064036, 0.27654208568869104, 0.41444993005574654]
Games played: 132
Exploitability: P1=2.600000000 P2=0.213822584 EV: (-0.1507110840134513, 0.1507110840134513) P1 Winnings: -50.0
Choosing model 0
[0.27363863368166186, 0.0003890798641773707, 0.03503029166650552, 0.25484870237121593, 0.4360932924164393]
Games played: 133
Exploitability: P1=1.900000000 P2=0.213822584 EV: (-0.09185836827023057, 0.09185836827023057) P1 Winnings: -49.0
Choosing model 4
[0.25181723569499553, 0.0003490315482558152, 0.027872515026145597, 0.28260814115135013, 0.43735307657925293]
Games played: 134
Exploitability: P1=2.600000000 P2=0.213822584 EV: (-0.1507110840134513, 0.1507110840134513) P1 Winnings: -40.0
Choosing model 3
[0.26070900337885816, 0.0005728046266148608, 0.030342674708862313, 0.3398985588253139, 0.3684769584603508]
Games played: 135
Exploitability: P1=1.933333333 P2=0.213822584 EV: (-0.12644181307243751, 0.12644181307243751) P1 Winnings: -43.0
Choosing model 4
[0.25906707861373607, 0.00044056022845586083, 0.029506568336716325, 0.31543044342284154, 0.3955553493982502]
Games played: 136
Exploitability: P1=2.600000000 P2=0.213822584 EV: (-0.1507110840134513, 0.1507110840134513) P1 Winnings: -43.0
Choosing model 0
[0.2570796432374664, 0.00035212678080671727, 0.028762838175334156, 0.295766993916585, 0.41803839788980773]
Games played: 137
Exploitability: P1=1.900000000 P2=0.213822584 EV: (-0.09185836827023057, 0.09185836827023057) P1 Winnings: -43.0
Choosing model 3
[0.25427371936339804, 0.0002781266418703366, 0.027921608337420536, 0.2756806932802668, 0.44184585237704416]
Games played: 138
Exploitability: P1=1.933333333 P2=0.213822584 EV: (-0.12644181307243751, 0.12644181307243751) P1 Winnings: -43.0
Choosing model 3
[0.2721486470223367, 0.00030734093484694716, 0.031643135529350955, 0.2667939213555261, 0.42910695515793934]
Games played: 139
Exploitability: P1=1.933333333 P2=0.213822584 EV: (-0.12644181307243751, 0.12644181307243751) P1 Winnings: -42.0
Choosing model 4
[0.2707896165309712, 0.00027609740388099993, 0.031233509322677124, 0.25871301096035687, 0.43898776578211374]
Games played: 140
Exploitability: P1=2.600000000 P2=0.213822584 EV: (-0.1507110840134513, 0.1507110840134513) P1 Winnings: -39.0
Choosing model 0
[0.27957108413474346, 0.0004124146284692301, 0.03355478469566436, 0.30089305015641904, 0.38556866638470405]
Games played: 141
Exploitability: P1=1.900000000 P2=0.213822584 EV: (-0.09185836827023057, 0.09185836827023057) P1 Winnings: -40.0
Choosing model 3
[0.2813228967543546, 0.0004443297009112744, 0.03404883093087332, 0.31022516439883985, 0.3739587782150209]
Games played: 142
Exploitability: P1=1.933333333 P2=0.213822584 EV: (-0.12644181307243751, 0.12644181307243751) P1 Winnings: -41.0
Choosing model 4
[0.2794970547640689, 0.0003555623815221264, 0.033230121865608815, 0.2912324868118105, 0.3956847741769897]
Games played: 143
Exploitability: P1=2.600000000 P2=0.213822584 EV: (-0.1507110840134513, 0.1507110840134513) P1 Winnings: -41.0
Choosing model 0
[0.27705912857555476, 0.00028556866927616047, 0.03237255732229712, 0.2731794186876538, 0.4171033267452182]
Games played: 144
Exploitability: P1=1.900000000 P2=0.213822584 EV: (-0.09185836827023057, 0.09185836827023057) P1 Winnings: -42.0
Choosing model 4
[0.2845318319249104, 0.0004243072465617722, 0.0345946415117444, 0.3160385173427974, 0.3644107019739861]
Games played: 145
Exploitability: P1=2.600000000 P2=0.213822584 EV: (-0.1507110840134513, 0.1507110840134513) P1 Winnings: -43.0
Choosing model 3
[0.2894440800354938, 0.0006722383904326593, 0.03702528826577993, 0.3734946274848575, 0.29936376582343616]
Games played: 146
Exploitability: P1=1.933333333 P2=0.213822584 EV: (-0.12644181307243751, 0.12644181307243751) P1 Winnings: -48.0
Choosing model 0
[0.29007204427177996, 0.0005169029647252403, 0.03631392741298829, 0.3494495830778352, 0.3236475422726713]
Games played: 147
Exploitability: P1=1.900000000 P2=0.213822584 EV: (-0.09185836827023057, 0.09185836827023057) P1 Winnings: -48.0
Choosing model 4
[0.3090142477381674, 0.0005685318026095569, 0.04096191254800944, 0.3366061365371794, 0.3128491713740342]
Games played: 148
Exploitability: P1=2.600000000 P2=0.213822584 EV: (-0.1507110840134513, 0.1507110840134513) P1 Winnings: -47.0
Choosing model 4
[0.304585840215469, 0.0002919278013299508, 0.038132689192074014, 0.27734208129526733, 0.3796474614958599]
Games played: 149
Exploitability: P1=2.600000000 P2=0.213822584 EV: (-0.1507110840134513, 0.1507110840134513) P1 Winnings: -47.0
Choosing model 0
[0.30138826321859, 0.00022163410519352746, 0.036927306256636705, 0.2562072174627529, 0.40525557895682696]
Games played: 150
Exploitability: P1=1.900000000 P2=0.213822584 EV: (-0.09185836827023057, 0.09185836827023057) P1 Winnings: -47.0
Choosing model 3
[0.3095878290946429, 0.0003293863735196857, 0.03947104287189632, 0.29647122363265094, 0.3541405180272901]
Games played: 151
Exploitability: P1=1.933333333 P2=0.213822584 EV: (-0.12644181307243751, 0.12644181307243751) P1 Winnings: -48.0
Choosing model 4
[0.3289526157407621, 0.0003613501222756381, 0.04440812564126344, 0.284837316387529, 0.34144059210816985]
Games played: 152
Exploitability: P1=2.600000000 P2=0.213822584 EV: (-0.1507110840134513, 0.1507110840134513) P1 Winnings: -47.0
Choosing model 4
[0.2959803203839864, 0.0003613401174609289, 0.033679210360176424, 0.3401918596166131, 0.3297872695217632]
Games played: 153
Exploitability: P1=2.600000000 P2=0.213822584 EV: (-0.1507110840134513, 0.1507110840134513) P1 Winnings: -38.0
Choosing model 4
[0.296944364675513, 0.000388138645580629, 0.034072897810102844, 0.349694019968427, 0.31890057890037654]
Games played: 154
Exploitability: P1=2.600000000 P2=0.213822584 EV: (-0.1507110840134513, 0.1507110840134513) P1 Winnings: -39.0
Choosing model 4
[0.29719937009670333, 0.0006157875995942583, 0.03585824195294945, 0.4065884897264748, 0.25973811062427804]
Games played: 155
Exploitability: P1=2.600000000 P2=0.213822584 EV: (-0.1507110840134513, 0.1507110840134513) P1 Winnings: -42.0
Choosing model 3
[0.2990735941231531, 0.0004991136315282971, 0.0354467769465403, 0.3866125121527394, 0.2783680031460389]
Games played: 156
Exploitability: P1=1.933333333 P2=0.213822584 EV: (-0.12644181307243751, 0.12644181307243751) P1 Winnings: -42.0
Choosing model 0
[0.29547096755895236, 0.0007834753677736486, 0.03691879084649681, 0.44647447920248007, 0.22035228702429704]
Games played: 157
Exploitability: P1=1.900000000 P2=0.213822584 EV: (-0.09185836827023057, 0.09185836827023057) P1 Winnings: -42.0
Choosing model 3
[0.292332780899187, 0.0009307265575157008, 0.037314194448768295, 0.47031966826343535, 0.19910262983109359]
Games played: 158
Exploitability: P1=1.933333333 P2=0.213822584 EV: (-0.12644181307243751, 0.12644181307243751) P1 Winnings: -42.0
Choosing model 3
[0.23222413808441178, 0.0005089015863183443, 0.021342594009571843, 0.5067329162822821, 0.23919145003741576]
Games played: 159
Exploitability: P1=1.933333333 P2=0.213822584 EV: (-0.12644181307243751, 0.12644181307243751) P1 Winnings: -45.0
Choosing model 3
[0.23129173333379607, 0.0005426814941820662, 0.02143556184929218, 0.5171111559936489, 0.22961886732908085]
Games played: 160
Exploitability: P1=1.933333333 P2=0.213822584 EV: (-0.12644181307243751, 0.12644181307243751) P1 Winnings: -56.0
Choosing model 0
[0.24857426653803943, 0.0006021631568863476, 0.0243930049410665, 0.5025101487585183, 0.22392041660548934]
Games played: 161
Exploitability: P1=1.900000000 P2=0.213822584 EV: (-0.09185836827023057, 0.09185836827023057) P1 Winnings: -55.0
Choosing model 0
[0.2665458877699865, 0.0006666580257455284, 0.027695901145584623, 0.4872204757599176, 0.21787107729876568]
Games played: 162
Exploitability: P1=1.900000000 P2=0.213822584 EV: (-0.09185836827023057, 0.09185836827023057) P1 Winnings: -54.0
Choosing model 3
[0.2733391202561956, 0.00040990142797665705, 0.02704933685776822, 0.43001805952800937, 0.26918358193005015]
Games played: 163
Exploitability: P1=1.933333333 P2=0.213822584 EV: (-0.12644181307243751, 0.12644181307243751) P1 Winnings: -59.0
Choosing model 0
[0.27532895103069766, 0.0003242132243097973, 0.026699551716823585, 0.4062152405333029, 0.29143204349486607]
Games played: 164
Exploitability: P1=1.900000000 P2=0.213822584 EV: (-0.09185836827023057, 0.09185836827023057) P1 Winnings: -62.0
Choosing model 0
[0.2719754619770685, 0.0005088593273261769, 0.027804544481221164, 0.46904881817586297, 0.230662316038521]
Games played: 165
Exploitability: P1=1.900000000 P2=0.213822584 EV: (-0.09185836827023057, 0.09185836827023057) P1 Winnings: -67.0
Choosing model 4
[0.27103574937538266, 0.0005429415035206746, 0.027941360648336827, 0.4789243763445755, 0.2215555721281844]
Games played: 166
Exploitability: P1=2.600000000 P2=0.213822584 EV: (-0.1507110840134513, 0.1507110840134513) P1 Winnings: -76.0
Choosing model 3
[0.27448878618935546, 0.0004428833741638668, 0.027797334538545937, 0.4583060723410527, 0.238964923556882]
Games played: 167
Exploitability: P1=1.933333333 P2=0.213822584 EV: (-0.12644181307243751, 0.12644181307243751) P1 Winnings: -75.0
Choosing model 3
[0.2661583039966151, 0.000680731812863655, 0.028341686725982074, 0.51625598872721, 0.18856328873732922]
Games played: 168
Exploitability: P1=1.933333333 P2=0.213822584 EV: (-0.12644181307243751, 0.12644181307243751) P1 Winnings: -78.0
Choosing model 3
[0.27123198976596974, 0.0005447260475715124, 0.02830243763987747, 0.49338441010401946, 0.20653643644256192]
Games played: 169
Exploitability: P1=1.933333333 P2=0.213822584 EV: (-0.12644181307243751, 0.12644181307243751) P1 Winnings: -81.0
Choosing model 4
[0.28999824010126274, 0.0006013200806609579, 0.03204148760878124, 0.47698503008454096, 0.200373922124754]
Games played: 170
Exploitability: P1=2.600000000 P2=0.213822584 EV: (-0.1507110840134513, 0.1507110840134513) P1 Winnings: -80.0
Choosing model 3
[0.2915670255406836, 0.0005624063453168971, 0.032215531535310586, 0.4772336333427974, 0.1984214032358916]
Games played: 171
Exploitability: P1=1.933333333 P2=0.213822584 EV: (-0.12644181307243751, 0.12644181307243751) P1 Winnings: -83.0
Choosing model 3
[0.29643818542913875, 0.00044257687702668237, 0.0320530749899042, 0.4531321907728064, 0.217933971931124]
Games played: 172
Exploitability: P1=1.933333333 P2=0.213822584 EV: (-0.12644181307243751, 0.12644181307243751) P1 Winnings: -90.0
Choosing model 3
[0.31592900850076905, 0.00048698680066072903, 0.036170909959478754, 0.4366617473928742, 0.21075134734621725]
Games played: 173
Exploitability: P1=1.933333333 P2=0.213822584 EV: (-0.12644181307243751, 0.12644181307243751) P1 Winnings: -89.0
Choosing model 0
[0.33581132473199693, 0.0005344365300963349, 0.04070986335105536, 0.4196776641367032, 0.20326671125014817]
Games played: 174
Exploitability: P1=1.900000000 P2=0.213822584 EV: (-0.09185836827023057, 0.09185836827023057) P1 Winnings: -88.0
Choosing model 0
[0.3358113119181634, 0.0005344369853528491, 0.040709866357168806, 0.41967778409854467, 0.20326660064077023]
Games played: 175
Exploitability: P1=1.900000000 P2=0.213822584 EV: (-0.09185836827023057, 0.09185836827023057) P1 Winnings: -89.0
Choosing model 2
[0.35596531160047373, 0.0005849004758021286, 0.04569265675546452, 0.40224736841310593, 0.19550976275515358]
Games played: 176
Exploitability: P1=4.600000000 P2=0.213822584 EV: (0.21382258397696427, -0.21382258397696427) P1 Winnings: -88.0
Choosing model 4
[0.37436348852964885, 0.0008553016861244722, 0.05317311316989664, 0.40827502034621477, 0.16333307626811525]
Games played: 177
Exploitability: P1=2.600000000 P2=0.213822584 EV: (-0.1507110840134513, 0.1507110840134513) P1 Winnings: -83.0
Choosing model 0
[0.38697828221152475, 0.0004605766560192969, 0.051912410662637874, 0.3527836517273976, 0.2078650787424205]
Games played: 178
Exploitability: P1=1.900000000 P2=0.213822584 EV: (-0.09185836827023057, 0.09185836827023057) P1 Winnings: -83.0
Choosing model 3
[0.3863481617832668, 0.0004923258426514434, 0.05226348586742424, 0.36087163368976805, 0.20002439281688952]
Games played: 179
Exploitability: P1=1.933333333 P2=0.213822584 EV: (-0.12644181307243751, 0.12644181307243751) P1 Winnings: -84.0
Choosing model 0
[0.3806811217520103, 0.0006646478483753846, 0.05336272662316883, 0.39519816147660136, 0.17009334229984405]
Games played: 180
Exploitability: P1=1.900000000 P2=0.213822584 EV: (-0.09185836827023057, 0.09185836827023057) P1 Winnings: -85.0
Choosing model 3
[0.379139456805737, 0.0007087412227426463, 0.05359330835998042, 0.403278064812521, 0.16328042879901888]
Games played: 181
Exploitability: P1=1.933333333 P2=0.213822584 EV: (-0.12644181307243751, 0.12644181307243751) P1 Winnings: -94.0
Choosing model 4
[0.3845561718491145, 0.000564481485458335, 0.05326827448751139, 0.3836055069650633, 0.17800556521285238]
Games played: 182
Exploitability: P1=2.600000000 P2=0.213822584 EV: (-0.1507110840134513, 0.1507110840134513) P1 Winnings: -97.0
Choosing model 3
[0.38712597472618204, 0.0005044307012983612, 0.053253075724717096, 0.37683455773685215, 0.1822819611109502]
Games played: 183
Exploitability: P1=1.933333333 P2=0.213822584 EV: (-0.12644181307243751, 0.12644181307243751) P1 Winnings: -97.0
Choosing model 4
[0.40742930826784607, 0.0005481186481825004, 0.059344302208063866, 0.3586043488519501, 0.1740739220239574]
Games played: 184
Exploitability: P1=2.600000000 P2=0.213822584 EV: (-0.1507110840134513, 0.1507110840134513) P1 Winnings: -96.0
Choosing model 4
[0.40937052158975307, 0.0004972272997089709, 0.05915054787191606, 0.3511529846509957, 0.1798287185876262]
Games played: 185
Exploitability: P1=2.600000000 P2=0.213822584 EV: (-0.1507110840134513, 0.1507110840134513) P1 Winnings: -99.0
Choosing model 0
[0.4130033864797412, 0.00040404554111774237, 0.05862102283456781, 0.3347526707500052, 0.1932188743945681]
Games played: 186
Exploitability: P1=1.900000000 P2=0.213822584 EV: (-0.09185836827023057, 0.09185836827023057) P1 Winnings: -98.0
Choosing model 3
[0.4331453725881882, 0.0004375054795377057, 0.06509802830186318, 0.3174453656046822, 0.18387372802572885]
Games played: 187
Exploitability: P1=1.933333333 P2=0.213822584 EV: (-0.12644181307243751, 0.12644181307243751) P1 Winnings: -97.0
Choosing model 3
[0.4365120942085293, 0.00034126258156997805, 0.06420059904092511, 0.29876497182533684, 0.20018107234363874]
Games played: 188
Exploitability: P1=1.933333333 P2=0.213822584 EV: (-0.12644181307243751, 0.12644181307243751) P1 Winnings: -94.0
Choosing model 3
[0.45630314334759037, 0.0003683146242823908, 0.07106088902516458, 0.282391572504208, 0.18987608049875462]
Games played: 189
Exploitability: P1=1.933333333 P2=0.213822584 EV: (-0.12644181307243751, 0.12644181307243751) P1 Winnings: -93.0
Choosing model 4
[0.45931956079820957, 0.0001931389788498944, 0.06755820760607133, 0.23761603656408214, 0.23531305605278707]
Games played: 190
Exploitability: P1=2.600000000 P2=0.213822584 EV: (-0.1507110840134513, 0.1507110840134513) P1 Winnings: -96.0
Choosing model 0
[0.5006568822185054, 0.0002450319738330368, 0.08515146775458911, 0.2138269473167729, 0.20011967073629966]
Games played: 191
Exploitability: P1=1.900000000 P2=0.213822584 EV: (-0.09185836827023057, 0.09185836827023057) P1 Winnings: -93.0
Choosing model 0
[0.5012797095767838, 0.0002626764550800696, 0.08597397209325906, 0.21935846972647943, 0.19312517214839775]
Games played: 192
Exploitability: P1=1.900000000 P2=0.213822584 EV: (-0.09185836827023057, 0.09185836827023057) P1 Winnings: -94.0
Choosing model 0
[0.5012797179914456, 0.000262676693271973, 0.08597398316555363, 0.21935854448099884, 0.19312507766873002]
Games played: 193
Exploitability: P1=1.900000000 P2=0.213822584 EV: (-0.09185836827023057, 0.09185836827023057) P1 Winnings: -95.0
Choosing model 0
[0.5188335122474445, 0.00028070008185885237, 0.09422134760734421, 0.20528977410219912, 0.18137466596115348]
Games played: 194
Exploitability: P1=1.900000000 P2=0.213822584 EV: (-0.09185836827023057, 0.09185836827023057) P1 Winnings: -94.0
Choosing model 2
[0.519398082865586, 0.00021749908521285328, 0.09230607349425375, 0.19192772877612277, 0.1961506157788247]
Games played: 195
Exploitability: P1=4.600000000 P2=0.213822584 EV: (0.21382258397696427, -0.21382258397696427) P1 Winnings: -94.0
Choosing model 3
[0.5191428301326065, 0.00017613409055277412, 0.09067064848224413, 0.18152520942694603, 0.20848517786765056]
Games played: 196
Exploitability: P1=1.933333333 P2=0.213822584 EV: (-0.12644181307243751, 0.12644181307243751) P1 Winnings: -93.0
Choosing model 0
[0.517713784231339, 0.00013595302099243147, 0.08848674778796689, 0.16905884570305885, 0.22460466925664285]
Games played: 197
Exploitability: P1=1.900000000 P2=0.213822584 EV: (-0.09185836827023057, 0.09185836827023057) P1 Winnings: -93.0
Choosing model 0
[0.5177138095182839, 0.00013595314863129005, 0.08848676202050423, 0.16905890873566137, 0.22460456657691935]
Games played: 198
Exploitability: P1=1.900000000 P2=0.213822584 EV: (-0.09185836827023057, 0.09185836827023057) P1 Winnings: -94.0
Choosing model 4
[0.515650600264524, 0.00010813462958309287, 0.08650057358951338, 0.15868164617515595, 0.23905904534122352]
Games played: 199
Exploitability: P1=2.600000000 P2=0.213822584 EV: (-0.1507110840134513, 0.1507110840134513) P1 Winnings: -94.0
Choosing model 4
[0.5130240539334738, 8.716588033473992e-05, 0.08457675810786436, 0.14939010329159919, 0.25292191878672793]
Games played: 200
Exploitability: P1=2.600000000 P2=0.213822584 EV: (-0.1507110840134513, 0.1507110840134513) P1 Winnings: -95.0
