Player 1 exploitability: 0.292031857579
Choosing model 3
[0.17194047641685542, 0.21133355312630117, 0.13108250576922392, 0.27762215776741817, 0.20802130692020154]
Games played: 1
Exploitability: P1=1.933333333 P2=0.206379843 EV: (-0.05181821659674144, 0.05181821659674144) P1 Winnings: 5.0
Choosing model 4
[0.14483341431435232, 0.319665541153726, 0.11778663187315322, 0.2834658784744093, 0.13424853418435906]
Games played: 2
Exploitability: P1=2.600000000 P2=0.206379843 EV: (-0.1617367867539948, 0.1617367867539948) P1 Winnings: 2.0
Choosing model 3
[0.1412042523968663, 0.33368238659783167, 0.11580036506682284, 0.28315995369563535, 0.12615304224284368]
Games played: 3
Exploitability: P1=1.933333333 P2=0.206379843 EV: (-0.05181821659674144, 0.05181821659674144) P1 Winnings: 1.0
Choosing model 0
[0.15254807088971217, 0.2903558190153029, 0.12289280204107278, 0.28905561952653547, 0.14514768852737672]
Games played: 4
Exploitability: P1=1.900000000 P2=0.206379843 EV: (-0.09086229099543507, 0.09086229099543507) P1 Winnings: 1.0
Choosing model 1
[0.1418651509164193, 0.33084456283317, 0.11700250628118256, 0.28807084823239426, 0.1222169317368338]
Games played: 5
Exploitability: P1=2.800000000 P2=0.206379843 EV: (0.20637984343950067, -0.20637984343950067) P1 Winnings: -4.0
Choosing model 4
[0.15456543598299738, 0.2830491576380811, 0.12491916799294314, 0.2943441445417562, 0.14312209384422228]
Games played: 6
Exploitability: P1=2.600000000 P2=0.206379843 EV: (-0.1617367867539948, 0.1617367867539948) P1 Winnings: -1.0
Choosing model 1
[0.15456539133631964, 0.28304932779269215, 0.12491914590064761, 0.2943441548872584, 0.1431219800830823]
Games played: 7
Exploitability: P1=2.800000000 P2=0.206379843 EV: (0.20637984343950067, -0.20637984343950067) P1 Winnings: -2.0
Choosing model 1
[0.1674257052298419, 0.2352428948866976, 0.13242575382502192, 0.297662591490503, 0.16724305456793565]
Games played: 8
Exploitability: P1=2.800000000 P2=0.206379843 EV: (0.20637984343950067, -0.20637984343950067) P1 Winnings: -1.0
Choosing model 1
[0.166358047890583, 0.2064648575535561, 0.11702897508225168, 0.3243316001418523, 0.1858165193317569]
Games played: 9
Exploitability: P1=2.800000000 P2=0.206379843 EV: (0.20637984343950067, -0.20637984343950067) P1 Winnings: -8.0
Choosing model 2
[0.1503338268356118, 0.1718517680597452, 0.0840275431734636, 0.3912416493552696, 0.20254521257590982]
Games played: 10
Exploitability: P1=4.600000000 P2=0.206379843 EV: (0.16805501082242463, -0.16805501082242463) P1 Winnings: -21.0
Choosing model 4
[0.1569646380634525, 0.14537798265277052, 0.08622170811196299, 0.38654772448354613, 0.22488794668826792]
Games played: 11
Exploitability: P1=2.600000000 P2=0.206379843 EV: (-0.1617367867539948, 0.1617367867539948) P1 Winnings: -22.0
Choosing model 0
[0.15989165129674146, 0.13370224213186255, 0.08712765619734796, 0.38374576724133785, 0.23553268313271009]
Games played: 12
Exploitability: P1=1.900000000 P2=0.206379843 EV: (-0.09086229099543507, 0.09086229099543507) P1 Winnings: -25.0
Choosing model 4
[0.1681494320138257, 0.1451715183399015, 0.09701972177036584, 0.36490355071829855, 0.2247557771576084]
Games played: 13
Exploitability: P1=2.600000000 P2=0.206379843 EV: (-0.1617367867539948, 0.1617367867539948) P1 Winnings: -24.0
Choosing model 3
[0.15269126478295889, 0.10229078828595742, 0.06927499380479754, 0.41034540496951855, 0.2653975481567676]
Games played: 14
Exploitability: P1=1.933333333 P2=0.206379843 EV: (-0.05181821659674144, 0.05181821659674144) P1 Winnings: -17.0
Choosing model 3
[0.15911776195322364, 0.07313808157287059, 0.06980014926110877, 0.3849282745097751, 0.31301573270302196]
Games played: 15
Exploitability: P1=1.933333333 P2=0.206379843 EV: (-0.05181821659674144, 0.05181821659674144) P1 Winnings: -14.0
Choosing model 3
[0.15911775522094543, 0.07313814883736448, 0.06980015475369566, 0.38492839294859366, 0.3130155482394006]
Games played: 16
Exploitability: P1=1.933333333 P2=0.206379843 EV: (-0.05181821659674144, 0.05181821659674144) P1 Winnings: -17.0
Choosing model 3
[0.15849845893260536, 0.07800255365753608, 0.07011286328217278, 0.3928605200728643, 0.3005256040548215]
Games played: 17
Exploitability: P1=1.933333333 P2=0.206379843 EV: (-0.05181821659674144, 0.05181821659674144) P1 Winnings: -28.0
Choosing model 4
[0.16840251413725574, 0.08556683332492154, 0.0788779485246086, 0.3774216321753078, 0.28973107183790636]
Games played: 18
Exploitability: P1=2.600000000 P2=0.206379843 EV: (-0.1617367867539948, 0.1617367867539948) P1 Winnings: -27.0
Choosing model 4
[0.17016867971285243, 0.07806432442033061, 0.07906824685259034, 0.3716844218261526, 0.301014327188074]
Games played: 19
Exploitability: P1=2.600000000 P2=0.206379843 EV: (-0.1617367867539948, 0.1617367867539948) P1 Winnings: -30.0
Choosing model 0
[0.17359460641425561, 0.06163845963067997, 0.07893458888415796, 0.3541025402737565, 0.33172980479715]
Games played: 20
Exploitability: P1=1.900000000 P2=0.206379843 EV: (-0.09086229099543507, 0.09086229099543507) P1 Winnings: -27.0
Choosing model 2
[0.175986626219623, 0.04287437330859539, 0.07737241918476527, 0.32314560205937776, 0.3806209792276386]
Games played: 21
Exploitability: P1=4.600000000 P2=0.206379843 EV: (0.16805501082242463, -0.16805501082242463) P1 Winnings: -24.0
Choosing model 0
[0.17767815529451605, 0.04482373172343026, 0.07896287797319834, 0.3354943549278496, 0.3630408800810057]
Games played: 22
Exploitability: P1=1.900000000 P2=0.206379843 EV: (-0.09086229099543507, 0.09086229099543507) P1 Winnings: -19.0
Choosing model 4
[0.17767815996062952, 0.04482377279377637, 0.07896288889075068, 0.3354944724388635, 0.36304070591598003]
Games played: 23
Exploitability: P1=2.600000000 P2=0.206379843 EV: (-0.1617367867539948, 0.1617367867539948) P1 Winnings: -20.0
Choosing model 0
[0.17786334066210233, 0.048041798567049813, 0.07970954759967218, 0.3441040647417651, 0.35028124842941055]
Games played: 24
Exploitability: P1=1.900000000 P2=0.206379843 EV: (-0.09086229099543507, 0.09086229099543507) P1 Winnings: -21.0
Choosing model 4
[0.1790760594991833, 0.03918950796077922, 0.07886991175420437, 0.32783369710901344, 0.3750308236768198]
Games played: 25
Exploitability: P1=2.600000000 P2=0.206379843 EV: (-0.1617367867539948, 0.1617367867539948) P1 Winnings: -20.0
Choosing model 3
[0.19055252957797933, 0.04305465482463999, 0.08886339893926194, 0.31542466807498554, 0.36210474858313324]
Games played: 26
Exploitability: P1=1.933333333 P2=0.206379843 EV: (-0.05181821659674144, 0.05181821659674144) P1 Winnings: -19.0
Choosing model 4
[0.2020979377610098, 0.04714551533544161, 0.09979400691585123, 0.30248768102706, 0.34847485896063746]
Games played: 27
Exploitability: P1=2.600000000 P2=0.206379843 EV: (-0.1617367867539948, 0.1617367867539948) P1 Winnings: -18.0
Choosing model 2
[0.21360031615122627, 0.05144622448423467, 0.11168088493448526, 0.2890763589349312, 0.3341962154951225]
Games played: 28
Exploitability: P1=4.600000000 P2=0.206379843 EV: (0.16805501082242463, -0.16805501082242463) P1 Winnings: -17.0
Choosing model 0
[0.21489656479621452, 0.04193538299030613, 0.11042216935390653, 0.27520295176915893, 0.3575429310904138]
Games played: 29
Exploitability: P1=1.900000000 P2=0.206379843 EV: (-0.09086229099543507, 0.09086229099543507) P1 Winnings: -18.0
Choosing model 4
[0.21538440337231735, 0.04500117410508132, 0.11160302640719587, 0.28261154716727244, 0.34539984894813297]
Games played: 30
Exploitability: P1=2.600000000 P2=0.206379843 EV: (-0.1617367867539948, 0.1617367867539948) P1 Winnings: -19.0
Choosing model 4
[0.21614244070227642, 0.0349536246131183, 0.10959996493344167, 0.2648584220334044, 0.37444554771775923]
Games played: 31
Exploitability: P1=2.600000000 P2=0.206379843 EV: (-0.1617367867539948, 0.1617367867539948) P1 Winnings: -16.0
Choosing model 4
[0.21693006736612405, 0.03756041399588643, 0.11092387517817821, 0.2723613785521486, 0.3622242649076628]
Games played: 32
Exploitability: P1=2.600000000 P2=0.206379843 EV: (-0.1617367867539948, 0.1617367867539948) P1 Winnings: -17.0
Choosing model 0
[0.2288034840880105, 0.04090217143388156, 0.1238803125173684, 0.25974863868168235, 0.34666539327905727]
Games played: 33
Exploitability: P1=1.900000000 P2=0.206379843 EV: (-0.09086229099543507, 0.09086229099543507) P1 Winnings: -16.0
Choosing model 4
[0.22931065958198, 0.04389008557699173, 0.12519841213819868, 0.26672696716975275, 0.33487387553307685]
Games played: 34
Exploitability: P1=2.600000000 P2=0.206379843 EV: (-0.1617367867539948, 0.1617367867539948) P1 Winnings: -17.0
Choosing model 0
[0.2315552585269989, 0.03943429040954417, 0.12587503755820242, 0.2644603737854871, 0.33867503971976737]
Games played: 35
Exploitability: P1=1.900000000 P2=0.206379843 EV: (-0.09086229099543507, 0.09086229099543507) P1 Winnings: -17.0
Choosing model 4
[0.23155526697644138, 0.03943432694509066, 0.12587505624941092, 0.26446046912097354, 0.3386748807080835]
Games played: 36
Exploitability: P1=2.600000000 P2=0.206379843 EV: (-0.1617367867539948, 0.1617367867539948) P1 Winnings: -18.0
Choosing model 2
[0.22985344119658466, 0.062195641297773774, 0.1317255424292044, 0.3068605787541473, 0.2693647963222898]
Games played: 37
Exploitability: P1=4.600000000 P2=0.206379843 EV: (0.16805501082242463, -0.16805501082242463) P1 Winnings: -18.0
Choosing model 4
[0.20407182435009363, 0.050861241108815076, 0.09292175407565027, 0.3636771841643128, 0.28846799630112824]
Games played: 38
Exploitability: P1=2.600000000 P2=0.206379843 EV: (-0.1617367867539948, 0.1617367867539948) P1 Winnings: -5.0
Choosing model 3
[0.2259568650910405, 0.04845490442245679, 0.11142918541947594, 0.3268246015525911, 0.2873344435144357]
Games played: 39
Exploitability: P1=1.933333333 P2=0.206379843 EV: (-0.05181821659674144, 0.05181821659674144) P1 Winnings: -2.0
Choosing model 4
[0.22886845628154703, 0.03765673386398075, 0.11045691863189006, 0.30905381097478896, 0.31396408024779315]
Games played: 40
Exploitability: P1=2.600000000 P2=0.206379843 EV: (-0.1617367867539948, 0.1617367867539948) P1 Winnings: -2.0
Choosing model 4
[0.24115867477478126, 0.04096686297909846, 0.12323788849064826, 0.2944529609534434, 0.3001836128020286]
Games played: 41
Exploitability: P1=2.600000000 P2=0.206379843 EV: (-0.1617367867539948, 0.1617367867539948) P1 Winnings: -1.0
Choosing model 3
[0.25316596349824255, 0.044402584540825726, 0.13698753593470367, 0.27950091157085477, 0.28594300445537324]
Games played: 42
Exploitability: P1=1.933333333 P2=0.206379843 EV: (-0.05181821659674144, 0.05181821659674144) P1 Winnings: 0.0
Choosing model 4
[0.2553855969169132, 0.03073278396102189, 0.13361263341089635, 0.25380494601196973, 0.32646403969919874]
Games played: 43
Exploitability: P1=2.600000000 P2=0.206379843 EV: (-0.1617367867539948, 0.1617367867539948) P1 Winnings: 3.0
Choosing model 3
[0.25538560729611404, 0.030732812562276134, 0.13361265380573234, 0.25380503855990305, 0.32646388777597446]
Games played: 44
Exploitability: P1=1.933333333 P2=0.206379843 EV: (-0.05181821659674144, 0.05181821659674144) P1 Winnings: 2.0
Choosing model 3
[0.26761288272147893, 0.033249568781639434, 0.14824927040283167, 0.2404781995958185, 0.3104100784982314]
Games played: 45
Exploitability: P1=1.933333333 P2=0.206379843 EV: (-0.05181821659674144, 0.05181821659674144) P1 Winnings: 3.0
Choosing model 4
[0.29102998411101405, 0.06027906102755654, 0.19984088158854443, 0.23142630041500095, 0.2174237728578841]
Games played: 46
Exploitability: P1=2.600000000 P2=0.206379843 EV: (-0.1617367867539948, 0.1617367867539948) P1 Winnings: 8.0
Choosing model 0
[0.2899364058926665, 0.06429688703908994, 0.20076327458793386, 0.23622712516126915, 0.20877630731904057]
Games played: 47
Exploitability: P1=1.900000000 P2=0.206379843 EV: (-0.09086229099543507, 0.09086229099543507) P1 Winnings: 7.0
Choosing model 4
[0.27997122810603814, 0.0898280750774724, 0.2017290075686067, 0.256965050262557, 0.17150663898532573]
Games played: 48
Exploitability: P1=2.600000000 P2=0.206379843 EV: (-0.1617367867539948, 0.1617367867539948) P1 Winnings: 6.0
Choosing model 3
[0.28686961664038685, 0.07413470280923026, 0.2030472334315517, 0.24879167835319066, 0.18715676876564044]
Games played: 49
Exploitability: P1=1.933333333 P2=0.206379843 EV: (-0.05181821659674144, 0.05181821659674144) P1 Winnings: 6.0
Choosing model 3
[0.2947732187090452, 0.07864989251501037, 0.2209199436114943, 0.23115548051872592, 0.17450146464572425]
Games played: 50
Exploitability: P1=1.933333333 P2=0.206379843 EV: (-0.05181821659674144, 0.05181821659674144) P1 Winnings: 7.0
Choosing model 0
[0.3016361870295291, 0.08309342569239175, 0.23936724368446066, 0.21387719885104906, 0.1620259447425693]
Games played: 51
Exploitability: P1=1.900000000 P2=0.206379843 EV: (-0.09086229099543507, 0.09086229099543507) P1 Winnings: 8.0
Choosing model 0
[0.30814249841076946, 0.06877559313221156, 0.2403160199011158, 0.20675002681432317, 0.17601586174158015]
Games played: 52
Exploitability: P1=1.900000000 P2=0.206379843 EV: (-0.09086229099543507, 0.09086229099543507) P1 Winnings: 7.0
Choosing model 2
[0.31668913330706194, 0.04849740225659899, 0.23880294104421668, 0.19127266358957054, 0.20473785980255185]
Games played: 53
Exploitability: P1=4.600000000 P2=0.206379843 EV: (0.16805501082242463, -0.16805501082242463) P1 Winnings: 10.0
Choosing model 3
[0.3155597529270874, 0.042817161838596296, 0.2189133176280492, 0.20061616619846823, 0.2220936014077989]
Games played: 54
Exploitability: P1=1.933333333 P2=0.206379843 EV: (-0.05181821659674144, 0.05181821659674144) P1 Winnings: 1.0
Choosing model 2
[0.3155597477490297, 0.04281720232619372, 0.21891334052443556, 0.20061623312232466, 0.22209347627801626]
Games played: 55
Exploitability: P1=4.600000000 P2=0.206379843 EV: (0.16805501082242463, -0.16805501082242463) P1 Winnings: -2.0
Choosing model 4
[0.32024696850718143, 0.03496776487040297, 0.22054831104171785, 0.1873816945170883, 0.23685526106360943]
Games played: 56
Exploitability: P1=2.600000000 P2=0.206379843 EV: (-0.1617367867539948, 0.1617367867539948) P1 Winnings: -1.0
Choosing model 2
[0.32012814125353617, 0.03742528805322655, 0.2223194607418991, 0.19191902303655636, 0.22820808691478184]
Games played: 57
Exploitability: P1=4.600000000 P2=0.206379843 EV: (0.16805501082242463, -0.16805501082242463) P1 Winnings: -2.0
Choosing model 3
[0.3208257109308018, 0.040015809494233535, 0.22585383299566597, 0.1942266316879883, 0.21907801489131035]
Games played: 58
Exploitability: P1=1.933333333 P2=0.206379843 EV: (-0.05181821659674144, 0.05181821659674144) P1 Winnings: 3.0
Choosing model 4
[0.3288182996020353, 0.04234396603424667, 0.24510301633961978, 0.17999501056671813, 0.20373970745738015]
Games played: 59
Exploitability: P1=2.600000000 P2=0.206379843 EV: (-0.1617367867539948, 0.1617367867539948) P1 Winnings: 4.0
Choosing model 0
[0.33225817869773067, 0.0331172149379143, 0.2423689606840528, 0.16985496751175613, 0.2224006781685462]
Games played: 60
Exploitability: P1=1.900000000 P2=0.206379843 EV: (-0.09086229099543507, 0.09086229099543507) P1 Winnings: 7.0
Choosing model 0
[0.33208706354694234, 0.03543957434335015, 0.24428015544008513, 0.17394284276636696, 0.2142503639032554]
Games played: 61
Exploitability: P1=1.900000000 P2=0.206379843 EV: (-0.09086229099543507, 0.09086229099543507) P1 Winnings: 12.0
Choosing model 2
[0.33415182507000285, 0.02138093459135902, 0.23409459626661924, 0.1506363298460927, 0.2597363142259261]
Games played: 62
Exploitability: P1=4.600000000 P2=0.206379843 EV: (0.16805501082242463, -0.16805501082242463) P1 Winnings: 13.0
Choosing model 2
[0.3347074743483456, 0.024510823347856356, 0.23132186538157498, 0.1644877686925303, 0.24497206822969275]
Games played: 63
Exploitability: P1=4.600000000 P2=0.206379843 EV: (0.16805501082242463, -0.16805501082242463) P1 Winnings: 13.0
Choosing model 0
[0.3343276062872354, 0.016462159701079233, 0.22292759390674363, 0.14694456273126563, 0.27933807737367605]
Games played: 64
Exploitability: P1=1.900000000 P2=0.206379843 EV: (-0.09086229099543507, 0.09086229099543507) P1 Winnings: 18.0
Choosing model 4
[0.34839137724615904, 0.020259256855614815, 0.25733042523369926, 0.13761286036393897, 0.23640608030058802]
Games played: 65
Exploitability: P1=2.600000000 P2=0.206379843 EV: (-0.1617367867539948, 0.1617367867539948) P1 Winnings: 23.0
Choosing model 4
[0.3500595056511025, 0.016381140949792695, 0.2566809844152147, 0.12725977845292438, 0.24961859053096563]
Games played: 66
Exploitability: P1=2.600000000 P2=0.206379843 EV: (-0.1617367867539948, 0.1617367867539948) P1 Winnings: 24.0
Choosing model 2
[0.35005952026519044, 0.016381156212908924, 0.25668102387931807, 0.12725982499794758, 0.24961847464463496]
Games played: 67
Exploitability: P1=4.600000000 P2=0.206379843 EV: (0.16805501082242463, -0.16805501082242463) P1 Winnings: 23.0
Choosing model 4
[0.3478263902552652, 0.014421689548149033, 0.23463806318061664, 0.1330995334673761, 0.2700143235485931]
Games played: 68
Exploitability: P1=2.600000000 P2=0.206379843 EV: (-0.1617367867539948, 0.1617367867539948) P1 Winnings: 14.0
Choosing model 2
[0.3490467592989892, 0.015495146109373671, 0.23744031732631396, 0.13685152781545676, 0.26116624944986655]
Games played: 69
Exploitability: P1=4.600000000 P2=0.206379843 EV: (0.16805501082242463, -0.16805501082242463) P1 Winnings: 13.0
Choosing model 2
[0.36453748422708177, 0.021507823862003044, 0.3354966576659009, 0.10029552301458473, 0.1781625112304294]
Games played: 70
Exploitability: P1=4.600000000 P2=0.206379843 EV: (0.16805501082242463, -0.16805501082242463) P1 Winnings: 18.0
Choosing model 3
[0.362919866502128, 0.029583615282236207, 0.39026823291607615, 0.08885906894615672, 0.128369216353403]
Games played: 71
Exploitability: P1=1.933333333 P2=0.206379843 EV: (-0.05181821659674144, 0.05181821659674144) P1 Winnings: 27.0
Choosing model 0
[0.36524498306777753, 0.026491220110944808, 0.3910633411977347, 0.08780890295040905, 0.12939155267313393]
Games played: 72
Exploitability: P1=1.900000000 P2=0.206379843 EV: (-0.09086229099543507, 0.09086229099543507) P1 Winnings: 22.0
Choosing model 0
[0.362271479432952, 0.03154902209969354, 0.39624234935394487, 0.09273042165259525, 0.11720672746081444]
Games played: 73
Exploitability: P1=1.900000000 P2=0.206379843 EV: (-0.09086229099543507, 0.09086229099543507) P1 Winnings: 22.0
Choosing model 4
[0.3606112633554699, 0.03242381829811737, 0.4176383865346129, 0.08346266570860611, 0.1058638661031937]
Games played: 74
Exploitability: P1=2.600000000 P2=0.206379843 EV: (-0.1617367867539948, 0.1617367867539948) P1 Winnings: 23.0
Choosing model 2
[0.3705808784206655, 0.03703107840494719, 0.3617546264513585, 0.11385012469279525, 0.11678329203023367]
Games played: 75
Exploitability: P1=4.600000000 P2=0.206379843 EV: (0.16805501082242463, -0.16805501082242463) P1 Winnings: 32.0
Choosing model 0
[0.37058080634530743, 0.037031196146167136, 0.36175470947730803, 0.11385024247221795, 0.11678304555899933]
Games played: 76
Exploitability: P1=1.900000000 P2=0.206379843 EV: (-0.09086229099543507, 0.09086229099543507) P1 Winnings: 23.0
Choosing model 3
[0.377980578703198, 0.025915337792269007, 0.3567599906319281, 0.10453128584704588, 0.13481280702555898]
Games played: 77
Exploitability: P1=1.933333333 P2=0.206379843 EV: (-0.05181821659674144, 0.05181821659674144) P1 Winnings: 26.0
Choosing model 1
[0.3720549963887637, 0.024268676470122992, 0.25197962193342505, 0.16792543195635656, 0.1837712732513317]
Games played: 78
Exploitability: P1=2.800000000 P2=0.206379843 EV: (0.20637984343950067, -0.20637984343950067) P1 Winnings: 15.0
Choosing model 2
[0.37406115144907914, 0.021659121653691504, 0.25158481608611977, 0.16474995447336183, 0.1879449563377477]
Games played: 79
Exploitability: P1=4.600000000 P2=0.206379843 EV: (0.16805501082242463, -0.16805501082242463) P1 Winnings: 15.0
Choosing model 2
[0.3699353588550388, 0.030138723983917023, 0.2583584203851532, 0.18229514144212916, 0.15927235533376186]
Games played: 80
Exploitability: P1=4.600000000 P2=0.206379843 EV: (0.16805501082242463, -0.16805501082242463) P1 Winnings: 20.0
Choosing model 3
[0.3700820109696172, 0.02671455516586812, 0.23778191368111407, 0.1919604682853356, 0.17346105189806513]
Games played: 81
Exploitability: P1=1.933333333 P2=0.206379843 EV: (-0.05181821659674144, 0.05181821659674144) P1 Winnings: 11.0
Choosing model 3
[0.36511767062873285, 0.016949110396899218, 0.18838709950208257, 0.19910189917509433, 0.23044422029719117]
Games played: 82
Exploitability: P1=1.933333333 P2=0.206379843 EV: (-0.05181821659674144, 0.05181821659674144) P1 Winnings: 14.0
Choosing model 4
[0.37593730445851925, 0.018017834417576022, 0.20538470911429746, 0.1853629139085015, 0.2152972381011058]
Games played: 83
Exploitability: P1=2.600000000 P2=0.206379843 EV: (-0.1617367867539948, 0.1617367867539948) P1 Winnings: 15.0
Choosing model 0
[0.3772321935882879, 0.013993897403007471, 0.20168337097240524, 0.17370579475439704, 0.23338474328190234]
Games played: 84
Exploitability: P1=1.900000000 P2=0.206379843 EV: (-0.09086229099543507, 0.09086229099543507) P1 Winnings: 8.0
Choosing model 0
[0.37731564692941344, 0.010833712967675798, 0.1974125696652034, 0.16225887400680072, 0.25217919643090664]
Games played: 85
Exploitability: P1=1.900000000 P2=0.206379843 EV: (-0.09086229099543507, 0.09086229099543507) P1 Winnings: 8.0
Choosing model 2
[0.37833747552138797, 0.011630819569824934, 0.19961090323249572, 0.1666997873838565, 0.24372101429243495]
Games played: 86
Exploitability: P1=4.600000000 P2=0.206379843 EV: (0.16805501082242463, -0.16805501082242463) P1 Winnings: -1.0
Choosing model 0
[0.3783375278145992, 0.01163086042001911, 0.19961101545783974, 0.16670001529991663, 0.24372058100762534]
Games played: 87
Exploitability: P1=1.900000000 P2=0.206379843 EV: (-0.09086229099543507, 0.09086229099543507) P1 Winnings: -10.0
Choosing model 0
[0.3937178591926464, 0.014294174468230145, 0.23010303535579044, 0.1559019959892148, 0.20598293499411835]
Games played: 88
Exploitability: P1=1.900000000 P2=0.206379843 EV: (-0.09086229099543507, 0.09086229099543507) P1 Winnings: -5.0
Choosing model 4
[0.3689009478914408, 0.010544694854810036, 0.16240076324718286, 0.19691460670608824, 0.26123898730047806]
Games played: 89
Exploitability: P1=2.600000000 P2=0.206379843 EV: (-0.1617367867539948, 0.1617367867539948) P1 Winnings: 4.0
Choosing model 4
[0.38885350188919415, 0.009563537249127164, 0.18539728582517556, 0.16846526384675825, 0.2477204111897449]
Games played: 90
Exploitability: P1=2.600000000 P2=0.206379843 EV: (-0.1617367867539948, 0.1617367867539948) P1 Winnings: 7.0
Choosing model 2
[0.38885351802187984, 0.009563546157463238, 0.1853973142814444, 0.16846532541887366, 0.2477202961203389]
Games played: 91
Exploitability: P1=4.600000000 P2=0.206379843 EV: (0.16805501082242463, -0.16805501082242463) P1 Winnings: 6.0
Choosing model 3
[0.4058589566966634, 0.011788257174076647, 0.2143505938499437, 0.15801924041077328, 0.209982951868543]
Games played: 92
Exploitability: P1=1.933333333 P2=0.206379843 EV: (-0.05181821659674144, 0.05181821659674144) P1 Winnings: 11.0
Choosing model 0
[0.40528624582742023, 0.016270127414713103, 0.22179086481441196, 0.17543470762649058, 0.1812180543169641]
Games played: 93
Exploitability: P1=1.900000000 P2=0.206379843 EV: (-0.09086229099543507, 0.09086229099543507) P1 Winnings: 16.0
Choosing model 4
[0.42002875462085437, 0.014508295922981217, 0.24894297438839014, 0.14756686995213825, 0.16895310511563605]
Games played: 94
Exploitability: P1=2.600000000 P2=0.206379843 EV: (-0.1617367867539948, 0.1617367867539948) P1 Winnings: 19.0
Choosing model 0
[0.4210360784850721, 0.013130243556561724, 0.2475458259925617, 0.14416029663837418, 0.17412755532743032]
Games played: 95
Exploitability: P1=1.900000000 P2=0.206379843 EV: (-0.09086229099543507, 0.09086229099543507) P1 Winnings: 16.0
Choosing model 2
[0.4224996392180371, 0.01067528014973977, 0.24412517332250866, 0.13688800750234084, 0.18581189980737375]
Games played: 96
Exploitability: P1=4.600000000 P2=0.206379843 EV: (0.16805501082242463, -0.16805501082242463) P1 Winnings: 17.0
Choosing model 0
[0.4311307718499812, 0.01592836167865268, 0.3167456773762816, 0.11221502860205622, 0.12398016049302812]
Games played: 97
Exploitability: P1=1.900000000 P2=0.206379843 EV: (-0.09086229099543507, 0.09086229099543507) P1 Winnings: 22.0
Choosing model 2
[0.43024194419157497, 0.017018970561389516, 0.3187493743142457, 0.11473787090768713, 0.11925184002510268]
Games played: 98
Exploitability: P1=4.600000000 P2=0.206379843 EV: (0.16805501082242463, -0.16805501082242463) P1 Winnings: 21.0
Choosing model 4
[0.4353067164997638, 0.011814585177003694, 0.3118224275315974, 0.104499732004005, 0.13655653878763008]
Games played: 99
Exploitability: P1=2.600000000 P2=0.206379843 EV: (-0.1617367867539948, 0.1617367867539948) P1 Winnings: 21.0
Choosing model 2
[0.4348330301457587, 0.012635839134596786, 0.31410107618885336, 0.10695334480205543, 0.13147670972873576]
Games played: 100
Exploitability: P1=4.600000000 P2=0.206379843 EV: (0.16805501082242463, -0.16805501082242463) P1 Winnings: 20.0
Choosing model 3
[0.4359680611542585, 0.01166893452715672, 0.25021707301885737, 0.1431427770057978, 0.15900315429392964]
Games played: 101
Exploitability: P1=1.933333333 P2=0.206379843 EV: (-0.05181821659674144, 0.05181821659674144) P1 Winnings: 7.0
Choosing model 0
[0.4418605125594523, 0.01221053893678944, 0.26852321229096293, 0.13117915541422173, 0.1462265807985737]
Games played: 102
Exploitability: P1=1.900000000 P2=0.206379843 EV: (-0.09086229099543507, 0.09086229099543507) P1 Winnings: 8.0
Choosing model 3
[0.4439571107755444, 0.009940086884168071, 0.26514748055074616, 0.12471927700473272, 0.15623604478480874]
Games played: 103
Exploitability: P1=1.933333333 P2=0.206379843 EV: (-0.05181821659674144, 0.05181821659674144) P1 Winnings: 7.0
Choosing model 3
[0.44866439463566593, 0.01037155517222438, 0.2837281791237206, 0.11396698215921865, 0.1432688889091705]
Games played: 104
Exploitability: P1=1.933333333 P2=0.206379843 EV: (-0.05181821659674144, 0.05181821659674144) P1 Winnings: 8.0
Choosing model 0
[0.4126515166929372, 0.012897696750110522, 0.1629273047266969, 0.22569546430710236, 0.18582801752315298]
Games played: 105
Exploitability: P1=1.900000000 P2=0.206379843 EV: (-0.09086229099543507, 0.09086229099543507) P1 Winnings: 21.0
Choosing model 0
[0.40786733442687373, 0.017936942824958238, 0.1672184943892039, 0.2495886682067499, 0.15738856015221425]
Games played: 106
Exploitability: P1=1.900000000 P2=0.206379843 EV: (-0.09086229099543507, 0.09086229099543507) P1 Winnings: 26.0
Choosing model 0
[0.4078673197760592, 0.01793695814456442, 0.16721850711113403, 0.2495887401082796, 0.15738847485996266]
Games played: 107
Exploitability: P1=1.900000000 P2=0.206379843 EV: (-0.09086229099543507, 0.09086229099543507) P1 Winnings: 25.0
Choosing model 4
[0.41187001307314847, 0.01467538766871688, 0.16594931069126567, 0.23849494756439724, 0.1690103410024719]
Games played: 108
Exploitability: P1=2.600000000 P2=0.206379843 EV: (-0.1617367867539948, 0.1617367867539948) P1 Winnings: 24.0
Choosing model 2
[0.4148107721481761, 0.012890700320343045, 0.16607242359931532, 0.23440067259340772, 0.17182543133875774]
Games played: 109
Exploitability: P1=4.600000000 P2=0.206379843 EV: (0.16805501082242463, -0.16805501082242463) P1 Winnings: 24.0
Choosing model 3
[0.414810741962648, 0.012890742875746987, 0.16607248192936452, 0.23440094361603964, 0.1718250896162008]
Games played: 110
Exploitability: P1=1.933333333 P2=0.206379843 EV: (-0.05181821659674144, 0.05181821659674144) P1 Winnings: 15.0
Choosing model 4
[0.4138549626094136, 0.014227510530017003, 0.1685285049428742, 0.2451499811579162, 0.15823904075977907]
Games played: 111
Exploitability: P1=2.600000000 P2=0.206379843 EV: (-0.1617367867539948, 0.1617367867539948) P1 Winnings: 15.0
Choosing model 4
[0.4175983071554114, 0.01156319327579578, 0.16704808606410373, 0.2337400144203724, 0.17005039908431663]
Games played: 112
Exploitability: P1=2.600000000 P2=0.206379843 EV: (-0.1617367867539948, 0.1617367867539948) P1 Winnings: 16.0
Choosing model 3
[0.4209595154608139, 0.009021986115007347, 0.16479034537604098, 0.22004565660071143, 0.18518249644742638]
Games played: 113
Exploitability: P1=1.933333333 P2=0.206379843 EV: (-0.05181821659674144, 0.05181821659674144) P1 Winnings: 9.0
Choosing model 2
[0.4231046068521398, 0.007120504802999843, 0.16230669952877516, 0.20741475805975967, 0.20005343075632553]
Games played: 114
Exploitability: P1=4.600000000 P2=0.206379843 EV: (0.16805501082242463, -0.16805501082242463) P1 Winnings: 6.0
Choosing model 4
[0.4237962699547901, 0.0047955921648754575, 0.1568505829399127, 0.18580701801549454, 0.22875053692492725]
Games played: 115
Exploitability: P1=2.600000000 P2=0.206379843 EV: (-0.1617367867539948, 0.1617367867539948) P1 Winnings: 1.0
Choosing model 0
[0.3929820341900563, 0.003450596097995921, 0.11436664642312752, 0.21336853596881958, 0.27583218732000075]
Games played: 116
Exploitability: P1=1.900000000 P2=0.206379843 EV: (-0.09086229099543507, 0.09086229099543507) P1 Winnings: 8.0
Choosing model 0
[0.3943697012557505, 0.0037075193367684016, 0.11573511565095503, 0.21938819697093914, 0.26679946678558686]
Games played: 117
Exploitability: P1=1.900000000 P2=0.206379843 EV: (-0.09086229099543507, 0.09086229099543507) P1 Winnings: 7.0
Choosing model 0
[0.39113762698171106, 0.002523027364387583, 0.11098577812855333, 0.1958698042567654, 0.29948376326858267]
Games played: 118
Exploitability: P1=1.900000000 P2=0.206379843 EV: (-0.09086229099543507, 0.09086229099543507) P1 Winnings: 0.0
Choosing model 0
[0.3967562011989313, 0.0036495373265626615, 0.11699301878700098, 0.22289749468648945, 0.25970374800101564]
Games played: 119
Exploitability: P1=1.900000000 P2=0.206379843 EV: (-0.09086229099543507, 0.09086229099543507) P1 Winnings: 0.0
Choosing model 4
[0.41260142265936, 0.003918482571896964, 0.12882534719294722, 0.20959313759270928, 0.24506160998308646]
Games played: 120
Exploitability: P1=2.600000000 P2=0.206379843 EV: (-0.1617367867539948, 0.1617367867539948) P1 Winnings: 1.0
Choosing model 2
[0.4150633608882646, 0.0031721064700450147, 0.12865097438490772, 0.194052123517987, 0.2590614347387956]
Games played: 121
Exploitability: P1=4.600000000 P2=0.206379843 EV: (0.16805501082242463, -0.16805501082242463) P1 Winnings: 2.0
Choosing model 3
[0.4150634408384483, 0.003172117783807897, 0.12865105371415297, 0.19405239938790658, 0.2590609882756843]
Games played: 122
Exploitability: P1=1.933333333 P2=0.206379843 EV: (-0.05181821659674144, 0.05181821659674144) P1 Winnings: -7.0
Choosing model 3
[0.43007734196183767, 0.003393551915933889, 0.14114964986532075, 0.181809248695621, 0.24357020756128664]
Games played: 123
Exploitability: P1=1.933333333 P2=0.206379843 EV: (-0.05181821659674144, 0.05181821659674144) P1 Winnings: -6.0
Choosing model 3
[0.4135552894369696, 0.003180968758445406, 0.11735218714192135, 0.2106673305000377, 0.2552442241626259]
Games played: 124
Exploitability: P1=1.933333333 P2=0.206379843 EV: (-0.05181821659674144, 0.05181821659674144) P1 Winnings: -6.0
Choosing model 4
[0.4147309795395225, 0.0034154722223765865, 0.11867493507814532, 0.21646223069760706, 0.24671638246234856]
Games played: 125
Exploitability: P1=2.600000000 P2=0.206379843 EV: (-0.1617367867539948, 0.1617367867539948) P1 Winnings: -17.0
Choosing model 2
[0.41466272882778976, 0.0030831550732200366, 0.11770718429996237, 0.2109245668556555, 0.2536223649433723]
Games played: 126
Exploitability: P1=4.600000000 P2=0.206379843 EV: (0.16805501082242463, -0.16805501082242463) P1 Winnings: -20.0
Choosing model 2
[0.4137800187187456, 0.0024926961966166513, 0.11543231642035884, 0.19916562517807274, 0.26912934348620604]
Games played: 127
Exploitability: P1=4.600000000 P2=0.206379843 EV: (0.16805501082242463, -0.16805501082242463) P1 Winnings: -19.0
Choosing model 3
[0.4080137214515134, 0.0038889963191112427, 0.11087670601888648, 0.2460962117418808, 0.2311243644686081]
Games played: 128
Exploitability: P1=1.933333333 P2=0.206379843 EV: (-0.05181821659674144, 0.05181821659674144) P1 Winnings: -28.0
Choosing model 4
[0.40840652216591516, 0.0030129921884893824, 0.10860926117263714, 0.23004929882061464, 0.2499219256523436]
Games played: 129
Exploitability: P1=2.600000000 P2=0.206379843 EV: (-0.1617367867539948, 0.1617367867539948) P1 Winnings: -28.0
Choosing model 0
[0.4093279547663168, 0.00323321954130167, 0.10976920382260905, 0.23623904964388376, 0.24143057222588865]
Games played: 130
Exploitability: P1=1.900000000 P2=0.206379843 EV: (-0.09086229099543507, 0.09086229099543507) P1 Winnings: -29.0
Choosing model 0
[0.4097164074873168, 0.004553527133373525, 0.11408995832054286, 0.2645636604665634, 0.20707644659220345]
Games played: 131
Exploitability: P1=1.900000000 P2=0.206379843 EV: (-0.09086229099543507, 0.09086229099543507) P1 Winnings: -24.0
Choosing model 4
[0.4097164084015359, 0.004553531196181375, 0.11408997135321824, 0.26456374677569605, 0.20707634227336846]
Games played: 132
Exploitability: P1=2.600000000 P2=0.206379843 EV: (-0.1617367867539948, 0.1617367867539948) P1 Winnings: -25.0
Choosing model 2
[0.4104177439855554, 0.0027348744655242637, 0.10884326587160133, 0.22808902410508758, 0.24991509157223127]
Games played: 133
Exploitability: P1=4.600000000 P2=0.206379843 EV: (0.16805501082242463, -0.16805501082242463) P1 Winnings: -25.0
Choosing model 0
[0.41180519311906466, 0.003861036168575027, 0.11340239100217132, 0.25605698689070316, 0.2148743928194858]
Games played: 134
Exploitability: P1=1.900000000 P2=0.206379843 EV: (-0.09086229099543507, 0.09086229099543507) P1 Winnings: -25.0
Choosing model 4
[0.4113306441394647, 0.00463059898595806, 0.11571385333911587, 0.27231381544694455, 0.19601108808851675]
Games played: 135
Exploitability: P1=2.600000000 P2=0.206379843 EV: (-0.1617367867539948, 0.1617367867539948) P1 Winnings: -25.0
Choosing model 3
[0.41342984757740037, 0.003770921200913952, 0.11429992994589708, 0.2589961848011744, 0.20950311647461423]
Games played: 136
Exploitability: P1=1.933333333 P2=0.206379843 EV: (-0.05181821659674144, 0.05181821659674144) P1 Winnings: -26.0
Choosing model 0
[0.4294779340888353, 0.0040444511778229475, 0.12572434128130663, 0.2432748810700876, 0.19747839238194762]
Games played: 137
Exploitability: P1=1.900000000 P2=0.206379843 EV: (-0.09086229099543507, 0.09086229099543507) P1 Winnings: -25.0
Choosing model 0
[0.42598250856703135, 0.00580392783268504, 0.1297608584885398, 0.27182025986118497, 0.16663244525055879]
Games played: 138
Exploitability: P1=1.900000000 P2=0.206379843 EV: (-0.09086229099543507, 0.09086229099543507) P1 Winnings: -26.0
Choosing model 2
[0.4292290969497196, 0.004710399025606673, 0.12843951940927753, 0.25880332477892154, 0.1788176598364748]
Games played: 139
Exploitability: P1=4.600000000 P2=0.206379843 EV: (0.16805501082242463, -0.16805501082242463) P1 Winnings: -26.0
Choosing model 0
[0.4644026342476392, 0.007451991772257984, 0.17669312215091373, 0.2249460204663444, 0.12650623136284456]
Games played: 140
Exploitability: P1=1.900000000 P2=0.206379843 EV: (-0.09086229099543507, 0.09086229099543507) P1 Winnings: -21.0
Choosing model 3
[0.4644026178577882, 0.007451998141545691, 0.17669313570467077, 0.2249460854101307, 0.12650616288586458]
Games played: 141
Exploitability: P1=1.933333333 P2=0.206379843 EV: (-0.05181821659674144, 0.05181821659674144) P1 Winnings: -22.0
Choosing model 0
[0.46695516040318913, 0.006667000015816473, 0.17689297492153264, 0.22208653887974006, 0.1273983257797216]
Games played: 142
Exploitability: P1=1.900000000 P2=0.206379843 EV: (-0.09086229099543507, 0.09086229099543507) P1 Winnings: -27.0
Choosing model 3
[0.46564458184675933, 0.007118168724896272, 0.1778790791052631, 0.2269100086302358, 0.12244816169284549]
Games played: 143
Exploitability: P1=1.933333333 P2=0.206379843 EV: (-0.05181821659674144, 0.05181821659674144) P1 Winnings: -36.0
Choosing model 2
[0.47062488269527525, 0.005568409715895973, 0.1759356490198973, 0.21417662399592613, 0.13369443457300528]
Games played: 144
Exploitability: P1=4.600000000 P2=0.206379843 EV: (0.16805501082242463, -0.16805501082242463) P1 Winnings: -36.0
Choosing model 0
[0.470624835421146, 0.005568427944463873, 0.17593570594427763, 0.21417686570629083, 0.1336941649838217]
Games played: 145
Exploitability: P1=1.900000000 P2=0.206379843 EV: (-0.09086229099543507, 0.09086229099543507) P1 Winnings: -45.0
Choosing model 0
[0.4813916171434952, 0.005880705051976322, 0.19055135711280538, 0.1980893443720968, 0.12408697631962622]
Games played: 146
Exploitability: P1=1.900000000 P2=0.206379843 EV: (-0.09086229099543507, 0.09086229099543507) P1 Winnings: -44.0
Choosing model 4
[0.4802374737154666, 0.0062812397890195356, 0.19169222001346284, 0.20247465776889176, 0.11931440871315933]
Games played: 147
Exploitability: P1=2.600000000 P2=0.206379843 EV: (-0.1617367867539948, 0.1617367867539948) P1 Winnings: -45.0
Choosing model 0
[0.4802374582092735, 0.00628124517652167, 0.1916922352935618, 0.20247471683318932, 0.11931434448745376]
Games played: 148
Exploitability: P1=1.900000000 P2=0.206379843 EV: (-0.09086229099543507, 0.09086229099543507) P1 Winnings: -46.0
Choosing model 4
[0.4895200581443269, 0.006610484900824635, 0.20689660213601208, 0.1866165406353059, 0.11035631418353044]
Games played: 149
Exploitability: P1=2.600000000 P2=0.206379843 EV: (-0.1617367867539948, 0.1617367867539948) P1 Winnings: -45.0
Choosing model 3
[0.492287037164833, 0.005798001229982017, 0.20674427157510256, 0.18314196132311636, 0.1120287287069661]
Games played: 150
Exploitability: P1=1.933333333 P2=0.206379843 EV: (-0.05181821659674144, 0.05181821659674144) P1 Winnings: -45.0
Choosing model 4
[0.5000709857576563, 0.006080855346060837, 0.22237252064331858, 0.16821549284927279, 0.10326014540369151]
Games played: 151
Exploitability: P1=2.600000000 P2=0.206379843 EV: (-0.1617367867539948, 0.1617367867539948) P1 Winnings: -44.0
Choosing model 0
[0.5056078060781719, 0.004947581356319516, 0.22319852122725345, 0.15653294950838428, 0.10971314182987066]
Games played: 152
Exploitability: P1=1.900000000 P2=0.206379843 EV: (-0.09086229099543507, 0.09086229099543507) P1 Winnings: -43.0
Choosing model 0
[0.4918902650010269, 0.002760987470586147, 0.15991667274696467, 0.1853991230163541, 0.16003295176506807]
Games played: 153
Exploitability: P1=1.900000000 P2=0.206379843 EV: (-0.09086229099543507, 0.09086229099543507) P1 Winnings: -43.0
Choosing model 3
[0.4918902652663588, 0.0027609899293592802, 0.15991669074392936, 0.18539918318579818, 0.16003287087455445]
Games played: 154
Exploitability: P1=1.933333333 P2=0.206379843 EV: (-0.05181821659674144, 0.05181821659674144) P1 Winnings: -44.0
Choosing model 0
[0.49275395834049257, 0.002497139497113199, 0.15891728333820562, 0.181003187418666, 0.1648284314055226]
Games played: 155
Exploitability: P1=1.900000000 P2=0.206379843 EV: (-0.09086229099543507, 0.09086229099543507) P1 Winnings: -41.0
Choosing model 4
[0.49398291153161256, 0.002028262359185856, 0.1565679201949411, 0.17170421500637587, 0.17571669090788455]
Games played: 156
Exploitability: P1=2.600000000 P2=0.206379843 EV: (-0.1617367867539948, 0.1617367867539948) P1 Winnings: -42.0
Choosing model 4
[0.5165860310645312, 0.002468780291412798, 0.1893312426092052, 0.1482426356270159, 0.143371310407835]
Games played: 157
Exploitability: P1=2.600000000 P2=0.206379843 EV: (-0.1617367867539948, 0.1617367867539948) P1 Winnings: -39.0
Choosing model 0
[0.5140683747256554, 0.003395590359085596, 0.19522379307100227, 0.16400994138023095, 0.12330230046402575]
Games played: 158
Exploitability: P1=1.900000000 P2=0.206379843 EV: (-0.09086229099543507, 0.09086229099543507) P1 Winnings: -34.0
Choosing model 3
[0.5221793618679295, 0.003561125013601515, 0.20997420193776944, 0.15063776508344903, 0.11364754609725056]
Games played: 159
Exploitability: P1=1.933333333 P2=0.206379843 EV: (-0.05181821659674144, 0.05181821659674144) P1 Winnings: -33.0
Choosing model 0
[0.5252471629182893, 0.0028127584505587646, 0.20696990998877254, 0.14210105630554723, 0.12286911233683222]
Games played: 160
Exploitability: P1=1.900000000 P2=0.206379843 EV: (-0.09086229099543507, 0.09086229099543507) P1 Winnings: -36.0
Choosing model 0
[0.5204125496377335, 0.004032069216995239, 0.21338539264245607, 0.15860431367283048, 0.10356567482998459]
Games played: 161
Exploitability: P1=1.900000000 P2=0.206379843 EV: (-0.09086229099543507, 0.09086229099543507) P1 Winnings: -37.0
Choosing model 0
[0.5238487775949525, 0.003269071802928586, 0.21099901800557208, 0.15085642408051278, 0.11102670851603397]
Games played: 162
Exploitability: P1=1.900000000 P2=0.206379843 EV: (-0.09086229099543507, 0.09086229099543507) P1 Winnings: -37.0
Choosing model 2
[0.5229592144020407, 0.0034941761220472238, 0.21241111110465433, 0.15430419578510285, 0.10683130258615492]
Games played: 163
Exploitability: P1=4.600000000 P2=0.206379843 EV: (0.16805501082242463, -0.16805501082242463) P1 Winnings: -46.0
Choosing model 0
[0.5201971793949737, 0.003977906829927642, 0.20844003049769738, 0.16732476326003176, 0.1000601200173695]
Games played: 164
Exploitability: P1=1.900000000 P2=0.206379843 EV: (-0.09086229099543507, 0.09086229099543507) P1 Winnings: -46.0
Choosing model 2
[0.5201971635453544, 0.0039779102490709855, 0.20844004749217562, 0.16732481237523125, 0.10006006633816775]
Games played: 165
Exploitability: P1=4.600000000 P2=0.206379843 EV: (0.16805501082242463, -0.16805501082242463) P1 Winnings: -47.0
Choosing model 2
[0.5201971033440691, 0.0039779232102555165, 0.20844011174885455, 0.16732499865427988, 0.10005986304254103]
Games played: 166
Exploitability: P1=4.600000000 P2=0.206379843 EV: (0.16805501082242463, -0.16805501082242463) P1 Winnings: -56.0
Choosing model 0
[0.5199152203339557, 0.0035226699226831026, 0.1916593297025828, 0.17603134496718512, 0.10887143507359347]
Games played: 167
Exploitability: P1=1.900000000 P2=0.206379843 EV: (-0.09086229099543507, 0.09086229099543507) P1 Winnings: -65.0
Choosing model 3
[0.5199152065321386, 0.003522672964351797, 0.19165934608062757, 0.1760313973284767, 0.10887137709440532]
Games played: 168
Exploitability: P1=1.933333333 P2=0.206379843 EV: (-0.05181821659674144, 0.05181821659674144) P1 Winnings: -66.0
Choosing model 0
[0.5255263288682557, 0.002443075313783618, 0.1873127533730438, 0.16016877894739964, 0.12454906349751736]
Games played: 169
Exploitability: P1=1.900000000 P2=0.206379843 EV: (-0.09086229099543507, 0.09086229099543507) P1 Winnings: -63.0
Choosing model 2
[0.5339504255927034, 0.002562810090479782, 0.20151537278758921, 0.14714624940510176, 0.11482514212412574]
Games played: 170
Exploitability: P1=4.600000000 P2=0.206379843 EV: (0.16805501082242463, -0.16805501082242463) P1 Winnings: -62.0
Choosing model 0
[0.5368481843218562, 0.0019943884253916205, 0.19827474151150745, 0.13816494905603222, 0.12471773668521256]
Games played: 171
Exploitability: P1=1.900000000 P2=0.206379843 EV: (-0.09086229099543507, 0.09086229099543507) P1 Winnings: -65.0
Choosing model 0
[0.5364743142304127, 0.002133858596701251, 0.19980196216004922, 0.14146446700748877, 0.12012539800534808]
Games played: 172
Exploitability: P1=1.900000000 P2=0.206379843 EV: (-0.09086229099543507, 0.09086229099543507) P1 Winnings: -74.0
Choosing model 0
[0.5364743092261757, 0.002133860475934575, 0.19980198267415963, 0.1414645115224866, 0.12012533610124354]
Games played: 173
Exploitability: P1=1.900000000 P2=0.206379843 EV: (-0.09086229099543507, 0.09086229099543507) P1 Winnings: -75.0
Choosing model 3
[0.5394828625274761, 0.0014723369937900104, 0.19426950950692473, 0.12805731850372234, 0.1367179724680867]
Games played: 174
Exploitability: P1=1.933333333 P2=0.206379843 EV: (-0.05181821659674144, 0.05181821659674144) P1 Winnings: -82.0
Choosing model 0
[0.5405513248625136, 0.0011418500633413892, 0.1904901703785546, 0.11982895484147264, 0.1479876998541179]
Games played: 175
Exploitability: P1=1.900000000 P2=0.206379843 EV: (-0.09086229099543507, 0.09086229099543507) P1 Winnings: -79.0
Choosing model 0
[0.5409413272803972, 0.0012234346019298348, 0.19222980032081544, 0.12286467440183427, 0.14274076339502317]
Games played: 176
Exploitability: P1=1.900000000 P2=0.206379843 EV: (-0.09086229099543507, 0.09086229099543507) P1 Winnings: -80.0
Choosing model 0
[0.5409413325816749, 0.0012234357027786221, 0.1922298237344676, 0.12286471541415546, 0.14274069256692345]
Games played: 177
Exploitability: P1=1.900000000 P2=0.206379843 EV: (-0.09086229099543507, 0.09086229099543507) P1 Winnings: -81.0
Choosing model 2
[0.5510433132815103, 0.0014718320703634485, 0.21691445211205554, 0.11247942606967921, 0.11809097646639148]
Games played: 178
Exploitability: P1=4.600000000 P2=0.206379843 EV: (0.16805501082242463, -0.16805501082242463) P1 Winnings: -76.0
Choosing model 0
[0.5496492701938381, 0.001951193741092601, 0.2927275238990888, 0.07873110120121596, 0.07694091096476442]
Games played: 179
Exploitability: P1=1.900000000 P2=0.206379843 EV: (-0.09086229099543507, 0.09086229099543507) P1 Winnings: -71.0
Choosing model 0
[0.5435485504047142, 0.00279167318781152, 0.30122407212527547, 0.08770667663820558, 0.06472902764399317]
Games played: 180
Exploitability: P1=1.900000000 P2=0.206379843 EV: (-0.09086229099543507, 0.09086229099543507) P1 Winnings: -72.0
Choosing model 2
[0.5435485330732208, 0.0027916755833908044, 0.301224096257661, 0.08770670225862576, 0.0647289928271016]
Games played: 181
Exploitability: P1=4.600000000 P2=0.206379843 EV: (0.16805501082242463, -0.16805501082242463) P1 Winnings: -73.0
Choosing model 3
[0.5345648603772815, 0.0038174958500408356, 0.32780204577698624, 0.08324701147540994, 0.050568586520281456]
Games played: 182
Exploitability: P1=1.933333333 P2=0.206379843 EV: (-0.05181821659674144, 0.05181821659674144) P1 Winnings: -68.0
Choosing model 2
[0.5309773420497188, 0.0039149594465191185, 0.34476376788012925, 0.0747668541535081, 0.04557707647012478]
Games played: 183
Exploitability: P1=4.600000000 P2=0.206379843 EV: (0.16805501082242463, -0.16805501082242463) P1 Winnings: -67.0
Choosing model 0
[0.5111723819393218, 0.0052072075046166585, 0.3878104113960881, 0.06405487096774162, 0.03175512819223181]
Games played: 184
Exploitability: P1=1.900000000 P2=0.206379843 EV: (-0.09086229099543507, 0.09086229099543507) P1 Winnings: -58.0
Choosing model 0
[0.5041574859720341, 0.005302453091815899, 0.404997814546634, 0.057123640029180626, 0.028418606360335337]
Games played: 185
Exploitability: P1=1.900000000 P2=0.206379843 EV: (-0.09086229099543507, 0.09086229099543507) P1 Winnings: -57.0
Choosing model 2
[0.5041574586430232, 0.00530245752357683, 0.40499783795264466, 0.057123655440758724, 0.028418590439996574]
Games played: 186
Exploitability: P1=4.600000000 P2=0.206379843 EV: (0.16805501082242463, -0.16805501082242463) P1 Winnings: -58.0
Choosing model 0
[0.5153990894529884, 0.003248389769938198, 0.3965149937452024, 0.050936264783485834, 0.03390126224838517]
Games played: 187
Exploitability: P1=1.900000000 P2=0.206379843 EV: (-0.09086229099543507, 0.09086229099543507) P1 Winnings: -55.0
Choosing model 0
[0.506179050928645, 0.004549360751845457, 0.4046864131584419, 0.05612174753107875, 0.028463427629988824]
Games played: 188
Exploitability: P1=1.900000000 P2=0.206379843 EV: (-0.09086229099543507, 0.09086229099543507) P1 Winnings: -55.0
Choosing model 0
[0.5108012704445403, 0.003719612524642556, 0.40134353517718974, 0.05359100692215218, 0.030544574931475287]
Games played: 189
Exploitability: P1=1.900000000 P2=0.206379843 EV: (-0.09086229099543507, 0.09086229099543507) P1 Winnings: -56.0
Choosing model 0
[0.5194659204406242, 0.002543459788514195, 0.3937872754970969, 0.0487427572663388, 0.03546058700742593]
Games played: 190
Exploitability: P1=1.900000000 P2=0.206379843 EV: (-0.09086229099543507, 0.09086229099543507) P1 Winnings: -56.0
Choosing model 0
[0.5177024378360303, 0.002713978968625269, 0.3957489270887043, 0.049772021291533436, 0.03406263481510668]
Games played: 191
Exploitability: P1=1.900000000 P2=0.206379843 EV: (-0.09086229099543507, 0.09086229099543507) P1 Winnings: -57.0
Choosing model 0
[0.5282086231845352, 0.0016602682719963984, 0.38455312007597503, 0.043706085706957956, 0.041871902760535484]
Games played: 192
Exploitability: P1=1.900000000 P2=0.206379843 EV: (-0.09086229099543507, 0.09086229099543507) P1 Winnings: -62.0
Choosing model 0
[0.5282086033654865, 0.0016602696873427502, 0.38455314871709545, 0.04370609822785079, 0.04187188000222441]
Games played: 193
Exploitability: P1=1.900000000 P2=0.206379843 EV: (-0.09086229099543507, 0.09086229099543507) P1 Winnings: -63.0
Choosing model 2
[0.534677885215949, 0.0011531289372248607, 0.3763736830228576, 0.03982510813785786, 0.047970194686110794]
Games played: 194
Exploitability: P1=4.600000000 P2=0.206379843 EV: (0.16805501082242463, -0.16805501082242463) P1 Winnings: -70.0
Choosing model 4
[0.5384975252965362, 0.0008989015494447515, 0.37095343545205656, 0.037458172613077025, 0.05219196508888551]
Games played: 195
Exploitability: P1=2.600000000 P2=0.206379843 EV: (-0.1617367867539948, 0.1617367867539948) P1 Winnings: -73.0
Choosing model 0
[0.5414212403167555, 0.000727950776387017, 0.3663772925354869, 0.03558678908207949, 0.055886727289291234]
Games played: 196
Exploitability: P1=1.900000000 P2=0.206379843 EV: (-0.09086229099543507, 0.09086229099543507) P1 Winnings: -73.0
Choosing model 0
[0.5344733219341692, 0.0007419350162977573, 0.38296022405049335, 0.0317646753889965, 0.05005984361004331]
Games played: 197
Exploitability: P1=1.900000000 P2=0.206379843 EV: (-0.09086229099543507, 0.09086229099543507) P1 Winnings: -72.0
Choosing model 0
[0.5266360565888283, 0.0007547854820956454, 0.3995513504454809, 0.028300483380541377, 0.04475732410305389]
Games played: 198
Exploitability: P1=1.900000000 P2=0.206379843 EV: (-0.09086229099543507, 0.09086229099543507) P1 Winnings: -71.0
Choosing model 2
[0.5103539972923195, 0.0008638254799406749, 0.4289095179007285, 0.02464706023442513, 0.035225599092586185]
Games played: 199
Exploitability: P1=4.600000000 P2=0.206379843 EV: (0.16805501082242463, -0.16805501082242463) P1 Winnings: -66.0
Choosing model 0
[0.5005209642810253, 0.0008746813648873694, 0.44540061488410937, 0.021856506810049386, 0.03134723265992834]
Games played: 200
Exploitability: P1=1.900000000 P2=0.206379843 EV: (-0.09086229099543507, 0.09086229099543507) P1 Winnings: -65.0
