Player 1 exploitability: 0.0563836005951
Choosing model 3
[0.20365183273398416, 0.1894478948174898, 0.20365632798197886, 0.20266164937974707, 0.2005822950868001]
Games played: 1
Exploitability: P1=1.933333333 P2=-0.029268414 EV: (-0.1626257846793038, 0.1626257846793038) P1 Winnings: 0.0
Choosing model 2
[0.21312822665157327, 0.15345639990575957, 0.20857353471695203, 0.19807164406838024, 0.22677019465733492]
Games played: 2
Exploitability: P1=4.600000000 P2=-0.029268414 EV: (-0.29443384008790097, 0.29443384008790097) P1 Winnings: 0.0
Choosing model 0
[0.22145457522787154, 0.12297461700830528, 0.21321070481657792, 0.18940058970822532, 0.2529595132390199]
Games played: 3
Exploitability: P1=1.900000000 P2=-0.029268414 EV: (-0.08447868979983085, 0.08447868979983085) P1 Winnings: 3.0
Choosing model 3
[0.22778347642483118, 0.10178861316925808, 0.21770812951457647, 0.17929845603459652, 0.27342132485673787]
Games played: 4
Exploitability: P1=1.933333333 P2=-0.029268414 EV: (-0.1626257846793038, 0.1626257846793038) P1 Winnings: 4.0
Choosing model 1
[0.23068155544614274, 0.09150590801310331, 0.21895196243404316, 0.17719055479643292, 0.2816700193102778]
Games played: 5
Exploitability: P1=2.800000000 P2=-0.029268414 EV: (-0.3430846146952401, 0.3430846146952401) P1 Winnings: 1.0
Choosing model 2
[0.23011019509255118, 0.09773060126864196, 0.2202453474705986, 0.18109881127309546, 0.2708150448951129]
Games played: 6
Exploitability: P1=4.600000000 P2=-0.029268414 EV: (-0.29443384008790097, 0.29443384008790097) P1 Winnings: -12.0
Choosing model 1
[0.23493992401265795, 0.06709244461858593, 0.21695417950167628, 0.16536730406064018, 0.3156461478064397]
Games played: 7
Exploitability: P1=2.800000000 P2=-0.029268414 EV: (-0.3430846146952401, 0.3430846146952401) P1 Winnings: -17.0
Choosing model 3
[0.24007098075886205, 0.09532526155394472, 0.24530744792612938, 0.16308209411105246, 0.25621421565001135]
Games played: 8
Exploitability: P1=1.933333333 P2=-0.029268414 EV: (-0.1626257846793038, 0.1626257846793038) P1 Winnings: -12.0
Choosing model 0
[0.24542685776006865, 0.10061518681397964, 0.26553852056255917, 0.15074869947480019, 0.23767073538859246]
Games played: 9
Exploitability: P1=1.900000000 P2=-0.029268414 EV: (-0.08447868979983085, 0.08447868979983085) P1 Winnings: -11.0
Choosing model 2
[0.23332365197938817, 0.15198103139487773, 0.266132664087277, 0.1675229229986605, 0.18103972953979652]
Games played: 10
Exploitability: P1=4.600000000 P2=-0.029268414 EV: (-0.29443384008790097, 0.29443384008790097) P1 Winnings: -16.0
Choosing model 4
[0.2407765321507107, 0.1270703557353054, 0.26990038095533114, 0.16358456981596592, 0.19866816134268686]
Games played: 11
Exploitability: P1=2.600000000 P2=-0.029268414 EV: (-0.030580879800787258, 0.030580879800787258) P1 Winnings: -15.0
Choosing model 2
[0.24805797923796755, 0.10132715879963472, 0.27211418872844095, 0.157390845196215, 0.22110982803774185]
Games played: 12
Exploitability: P1=4.600000000 P2=-0.029268414 EV: (-0.29443384008790097, 0.29443384008790097) P1 Winnings: -12.0
Choosing model 0
[0.2526970060481923, 0.08363195109069962, 0.27242565824682646, 0.1517186839731162, 0.23952670064116544]
Games played: 13
Exploitability: P1=1.900000000 P2=-0.029268414 EV: (-0.08447868979983085, 0.08447868979983085) P1 Winnings: -11.0
Choosing model 4
[0.2518726387305048, 0.08925068778588392, 0.2738191490319148, 0.15494301561941967, 0.23011450883227688]
Games played: 14
Exploitability: P1=2.600000000 P2=-0.029268414 EV: (-0.030580879800787258, 0.030580879800787258) P1 Winnings: -20.0
Choosing model 4
[0.25084384321829456, 0.09516833656043662, 0.27499271500023914, 0.15810532410897524, 0.2208897811120544]
Games played: 15
Exploitability: P1=2.600000000 P2=-0.029268414 EV: (-0.030580879800787258, 0.030580879800787258) P1 Winnings: -21.0
Choosing model 0
[0.25537004856128637, 0.07803641296260534, 0.27500796708656394, 0.15209104641006524, 0.23949452497947923]
Games played: 16
Exploitability: P1=1.900000000 P2=-0.029268414 EV: (-0.08447868979983085, 0.08447868979983085) P1 Winnings: -20.0
Choosing model 0
[0.25537004132240715, 0.0780364802030824, 0.27500799009196975, 0.15209109137639457, 0.2394943970061462]
Games played: 17
Exploitability: P1=1.900000000 P2=-0.029268414 EV: (-0.08447868979983085, 0.08447868979983085) P1 Winnings: -21.0
Choosing model 0
[0.25462919413628743, 0.08330947049504048, 0.27651486243771217, 0.15537962238385747, 0.23016685054710243]
Games played: 18
Exploitability: P1=1.900000000 P2=-0.029268414 EV: (-0.08447868979983085, 0.08447868979983085) P1 Winnings: -22.0
Choosing model 3
[0.2579415256558298, 0.07509043860401121, 0.27889577528414716, 0.15455049712865312, 0.23352176332735874]
Games played: 19
Exploitability: P1=1.933333333 P2=-0.029268414 EV: (-0.1626257846793038, 0.1626257846793038) P1 Winnings: -27.0
Choosing model 4
[0.2579415173140701, 0.07509050841274707, 0.27889580001118425, 0.15455054622330702, 0.23352162803869145]
Games played: 20
Exploitability: P1=2.600000000 P2=-0.029268414 EV: (-0.030580879800787258, 0.030580879800787258) P1 Winnings: -30.0
Choosing model 0
[0.2617110294465718, 0.058969628735860584, 0.2769181320228101, 0.14644326559925122, 0.2559579441955063]
Games played: 21
Exploitability: P1=1.900000000 P2=-0.029268414 EV: (-0.08447868979983085, 0.08447868979983085) P1 Winnings: -27.0
Choosing model 2
[0.23978753000131628, 0.06640900588384263, 0.19342956561247773, 0.21664610753218025, 0.2837277909701831]
Games played: 22
Exploitability: P1=4.600000000 P2=-0.029268414 EV: (-0.29443384008790097, 0.29443384008790097) P1 Winnings: -32.0
Choosing model 4
[0.24452438761345624, 0.09416166111428666, 0.21826209167290841, 0.21321623330688158, 0.2298356262924671]
Games played: 23
Exploitability: P1=2.600000000 P2=-0.029268414 EV: (-0.030580879800787258, 0.030580879800787258) P1 Winnings: -27.0
Choosing model 4
[0.2534280488996866, 0.052181677329638784, 0.21349853323869522, 0.18475401112676956, 0.29613772940520966]
Games played: 24
Exploitability: P1=2.600000000 P2=-0.029268414 EV: (-0.030580879800787258, 0.030580879800787258) P1 Winnings: -28.0
Choosing model 0
[0.252052068381257, 0.027750131415806893, 0.20040777395758508, 0.15362806860807024, 0.36616195763728077]
Games played: 25
Exploitability: P1=1.900000000 P2=-0.029268414 EV: (-0.08447868979983085, 0.08447868979983085) P1 Winnings: -29.0
Choosing model 0
[0.2614474388014964, 0.029718869309601655, 0.22011166895901063, 0.1440885831789629, 0.34463343975092847]
Games played: 26
Exploitability: P1=1.900000000 P2=-0.029268414 EV: (-0.08447868979983085, 0.08447868979983085) P1 Winnings: -28.0
Choosing model 0
[0.27003584746816645, 0.03169147284405817, 0.24072127363464063, 0.13456480127281475, 0.32298660478031993]
Games played: 27
Exploitability: P1=1.900000000 P2=-0.029268414 EV: (-0.08447868979983085, 0.08447868979983085) P1 Winnings: -27.0
Choosing model 4
[0.2713587430355474, 0.05888879227534903, 0.2589064538023685, 0.16554161329166794, 0.245304397595067]
Games played: 28
Exploitability: P1=2.600000000 P2=-0.029268414 EV: (-0.030580879800787258, 0.030580879800787258) P1 Winnings: -32.0
Choosing model 4
[0.2668045085341165, 0.08002701430239742, 0.26376942591035496, 0.18095698238983537, 0.2084420688632958]
Games played: 29
Exploitability: P1=2.600000000 P2=-0.029268414 EV: (-0.030580879800787258, 0.030580879800787258) P1 Winnings: -27.0
Choosing model 3
[0.26553307114182406, 0.0852747630811254, 0.2647188252619538, 0.1845239897705393, 0.19994935074455744]
Games played: 30
Exploitability: P1=1.933333333 P2=-0.029268414 EV: (-0.1626257846793038, 0.1626257846793038) P1 Winnings: -28.0
Choosing model 2
[0.26918902499877273, 0.07691949966502648, 0.2671984567985208, 0.1836770278551288, 0.20301599068255125]
Games played: 31
Exploitability: P1=4.600000000 P2=-0.029268414 EV: (-0.29443384008790097, 0.29443384008790097) P1 Winnings: -33.0
Choosing model 4
[0.27362193025513337, 0.06334749880727197, 0.26691773123475093, 0.17666930497919775, 0.21944353472364614]
Games played: 32
Exploitability: P1=2.600000000 P2=-0.029268414 EV: (-0.030580879800787258, 0.030580879800787258) P1 Winnings: -32.0
Choosing model 3
[0.2770018968282851, 0.05195900621160459, 0.26555783046889786, 0.1692411123212265, 0.23624015416998595]
Games played: 33
Exploitability: P1=1.933333333 P2=-0.029268414 EV: (-0.1626257846793038, 0.1626257846793038) P1 Winnings: -33.0
Choosing model 2
[0.28287976872420467, 0.054783918578755954, 0.2871525212394643, 0.15627513779449087, 0.21890865366308418]
Games played: 34
Exploitability: P1=4.600000000 P2=-0.029268414 EV: (-0.29443384008790097, 0.29443384008790097) P1 Winnings: -32.0
Choosing model 0
[0.286106481041995, 0.0428866051015814, 0.28421506861992873, 0.14760933740750123, 0.23918250782899358]
Games played: 35
Exploitability: P1=1.900000000 P2=-0.029268414 EV: (-0.08447868979983085, 0.08447868979983085) P1 Winnings: -35.0
Choosing model 0
[0.29239507866156933, 0.05176134743379337, 0.3217522651112781, 0.13557091776892427, 0.19852039102443492]
Games played: 36
Exploitability: P1=1.900000000 P2=-0.029268414 EV: (-0.08447868979983085, 0.08447868979983085) P1 Winnings: -30.0
Choosing model 4
[0.2898072938962459, 0.07133396636019941, 0.3528748743369742, 0.1296819641154095, 0.15630190129117108]
Games played: 37
Exploitability: P1=2.600000000 P2=-0.029268414 EV: (-0.030580879800787258, 0.030580879800787258) P1 Winnings: -25.0
Choosing model 3
[0.2948480916836016, 0.05845527247237645, 0.35266902729857946, 0.12466921626708616, 0.16935839227835633]
Games played: 38
Exploitability: P1=1.933333333 P2=-0.029268414 EV: (-0.1626257846793038, 0.1626257846793038) P1 Winnings: -24.0
Choosing model 2
[0.2963228683195814, 0.06065458682907647, 0.37529134101435874, 0.1132898367798265, 0.15444136705715675]
Games played: 39
Exploitability: P1=4.600000000 P2=-0.029268414 EV: (-0.29443384008790097, 0.29443384008790097) P1 Winnings: -23.0
Choosing model 2
[0.29519921953860045, 0.06446660916075517, 0.37898607496711767, 0.1139689190808711, 0.14737917725265567]
Games played: 40
Exploitability: P1=4.600000000 P2=-0.029268414 EV: (-0.29443384008790097, 0.29443384008790097) P1 Winnings: -18.0
Choosing model 0
[0.29133570464400904, 0.07513717750469469, 0.41431810462292495, 0.10108233827577001, 0.11812667495260126]
Games played: 41
Exploitability: P1=1.900000000 P2=-0.029268414 EV: (-0.08447868979983085, 0.08447868979983085) P1 Winnings: -13.0
Choosing model 2
[0.30091273047386613, 0.05324812202281365, 0.41376728190014656, 0.09398269564305277, 0.13808916996012088]
Games played: 42
Exploitability: P1=4.600000000 P2=-0.029268414 EV: (-0.29443384008790097, 0.29443384008790097) P1 Winnings: -10.0
Choosing model 4
[0.3058746498730481, 0.04174399470802676, 0.41377589712389534, 0.0879156428082393, 0.15068981548679056]
Games played: 43
Exploitability: P1=2.600000000 P2=-0.029268414 EV: (-0.030580879800787258, 0.030580879800787258) P1 Winnings: -7.0
Choosing model 1
[0.30587463894391786, 0.0417440303687117, 0.4137759286823654, 0.08791566815167244, 0.15068973385333248]
Games played: 44
Exploitability: P1=2.800000000 P2=-0.029268414 EV: (-0.3430846146952401, 0.3430846146952401) P1 Winnings: -8.0
Choosing model 2
[0.3135028464526049, 0.037792040685099344, 0.3771920320055569, 0.09881153077397575, 0.1727015500827631]
Games played: 45
Exploitability: P1=4.600000000 P2=-0.029268414 EV: (-0.29443384008790097, 0.29443384008790097) P1 Winnings: -15.0
Choosing model 3
[0.3115414953596956, 0.02584976574800302, 0.2698859094491903, 0.1331797438418406, 0.2595430856012705]
Games played: 46
Exploitability: P1=1.933333333 P2=-0.029268414 EV: (-0.1626257846793038, 0.1626257846793038) P1 Winnings: -26.0
Choosing model 1
[0.3124512683116647, 0.03497213323409568, 0.28036919273409283, 0.14781826186529057, 0.2243891438548563]
Games played: 47
Exploitability: P1=2.800000000 P2=-0.029268414 EV: (-0.3430846146952401, 0.3430846146952401) P1 Winnings: -19.0
Choosing model 2
[0.3141910240091602, 0.027614349183754272, 0.2762733745190658, 0.13939878983455045, 0.24252246245346917]
Games played: 48
Exploitability: P1=4.600000000 P2=-0.029268414 EV: (-0.29443384008790097, 0.29443384008790097) P1 Winnings: -16.0
Choosing model 3
[0.31452604485367375, 0.029597572875359787, 0.2788924669453409, 0.1429795367883919, 0.23400437853723366]
Games played: 49
Exploitability: P1=1.933333333 P2=-0.029268414 EV: (-0.1626257846793038, 0.1626257846793038) P1 Winnings: -29.0
Choosing model 0
[0.31557322148555794, 0.02298487791202475, 0.2738350004733556, 0.1339724502167169, 0.25363444991234474]
Games played: 50
Exploitability: P1=1.900000000 P2=-0.029268414 EV: (-0.08447868979983085, 0.08447868979983085) P1 Winnings: -26.0
Choosing model 2
[0.31557323215381555, 0.022984899145634168, 0.2738350404001955, 0.13397249815294815, 0.2536343301474067]
Games played: 51
Exploitability: P1=4.600000000 P2=-0.029268414 EV: (-0.29443384008790097, 0.29443384008790097) P1 Winnings: -27.0
Choosing model 2
[0.29663333594313473, 0.01701032777356149, 0.19388753112009094, 0.169760659729204, 0.3227081454340088]
Games played: 52
Exploitability: P1=4.600000000 P2=-0.029268414 EV: (-0.29443384008790097, 0.29443384008790097) P1 Winnings: -36.0
Choosing model 0
[0.2966334160557339, 0.017010389760756976, 0.19388766569256957, 0.16976091421387898, 0.3227076142770605]
Games played: 53
Exploitability: P1=1.900000000 P2=-0.029268414 EV: (-0.08447868979983085, 0.08447868979983085) P1 Winnings: -45.0
Choosing model 0
[0.2948485389392939, 0.012972918205205235, 0.18860910635282715, 0.1575344625395045, 0.3460349739631693]
Games played: 54
Exploitability: P1=1.900000000 P2=-0.029268414 EV: (-0.08447868979983085, 0.08447868979983085) P1 Winnings: -44.0
Choosing model 0
[0.2966679372293325, 0.01397551301135931, 0.1913679484574631, 0.16240494516564113, 0.335583656136204]
Games played: 55
Exploitability: P1=1.900000000 P2=-0.029268414 EV: (-0.08447868979983085, 0.08447868979983085) P1 Winnings: -53.0
Choosing model 2
[0.3118991917696583, 0.020429744854198923, 0.22262437287725373, 0.16478462088422724, 0.28026206961466194]
Games played: 56
Exploitability: P1=4.600000000 P2=-0.029268414 EV: (-0.29443384008790097, 0.29443384008790097) P1 Winnings: -48.0
Choosing model 2
[0.3093870680721005, 0.01214407206941101, 0.21149011618761554, 0.14257331182539473, 0.3244054318454783]
Games played: 57
Exploitability: P1=4.600000000 P2=-0.029268414 EV: (-0.29443384008790097, 0.29443384008790097) P1 Winnings: -45.0
Choosing model 4
[0.3072491142153662, 0.009771299877153573, 0.20640889311407234, 0.13397990032382753, 0.3425907924695803]
Games played: 58
Exploitability: P1=2.600000000 P2=-0.029268414 EV: (-0.030580879800787258, 0.030580879800787258) P1 Winnings: -46.0
Choosing model 3
[0.3062254148750334, 0.007836986397504546, 0.20422414103337272, 0.12289887454355702, 0.3588145831505324]
Games played: 59
Exploitability: P1=1.933333333 P2=-0.029268414 EV: (-0.1626257846793038, 0.1626257846793038) P1 Winnings: -45.0
Choosing model 0
[0.32009018578904497, 0.007048367074274395, 0.2311943772001426, 0.10426420196474845, 0.33740286797178975]
Games played: 60
Exploitability: P1=1.900000000 P2=-0.029268414 EV: (-0.08447868979983085, 0.08447868979983085) P1 Winnings: -42.0
Choosing model 0
[0.2839665990666089, 0.003586744571749482, 0.15104979642711291, 0.11261015982218756, 0.448786700112341]
Games played: 61
Exploitability: P1=1.900000000 P2=-0.029268414 EV: (-0.08447868979983085, 0.08447868979983085) P1 Winnings: -42.0
Choosing model 0
[0.27863883611894297, 0.0028515064628476853, 0.1456613658700293, 0.10455983564124152, 0.46828845590693857]
Games played: 62
Exploitability: P1=1.900000000 P2=-0.029268414 EV: (-0.08447868979983085, 0.08447868979983085) P1 Winnings: -43.0
Choosing model 0
[0.2916841392820617, 0.0030819006838383287, 0.1614544136155512, 0.0989693990350345, 0.4448101473835141]
Games played: 63
Exploitability: P1=1.900000000 P2=-0.029268414 EV: (-0.08447868979983085, 0.08447868979983085) P1 Winnings: -42.0
Choosing model 3
[0.29168418950494895, 0.003081903957385142, 0.16145445949810033, 0.09896944814198293, 0.4448099988975826]
Games played: 64
Exploitability: P1=1.933333333 P2=-0.029268414 EV: (-0.1626257846793038, 0.1626257846793038) P1 Winnings: -43.0
Choosing model 0
[0.30417897596944143, 0.003318245520128291, 0.17827922027159235, 0.09332163244029636, 0.4209019257985415]
Games played: 65
Exploitability: P1=1.900000000 P2=-0.029268414 EV: (-0.08447868979983085, 0.08447868979983085) P1 Winnings: -42.0
Choosing model 4
[0.2860480439805872, 0.0018709613646725064, 0.1596694506974086, 0.07553069379377317, 0.4768808501635584]
Games played: 66
Exploitability: P1=2.600000000 P2=-0.029268414 EV: (-0.030580879800787258, 0.030580879800787258) P1 Winnings: -47.0
Choosing model 4
[0.28604810041273726, 0.0018709633989389479, 0.15966950008034644, 0.07553073316662387, 0.4768807029413535]
Games played: 67
Exploitability: P1=2.600000000 P2=-0.029268414 EV: (-0.030580879800787258, 0.030580879800787258) P1 Winnings: -48.0
Choosing model 4
[0.27943786143017685, 0.0014721422582387599, 0.1532236205906743, 0.06972050455086166, 0.4961458711700485]
Games played: 68
Exploitability: P1=2.600000000 P2=-0.029268414 EV: (-0.030580879800787258, 0.030580879800787258) P1 Winnings: -47.0
Choosing model 4
[0.27107687807746544, 0.00109572485723033, 0.1454676808726723, 0.06314321796866214, 0.5192164982239696]
Games played: 69
Exploitability: P1=2.600000000 P2=-0.029268414 EV: (-0.030580879800787258, 0.030580879800787258) P1 Winnings: -47.0
Choosing model 3
[0.28769218346918607, 0.0016072806726666574, 0.15996844924260628, 0.07450426161815933, 0.47622782499738164]
Games played: 70
Exploitability: P1=1.933333333 P2=-0.029268414 EV: (-0.1626257846793038, 0.1626257846793038) P1 Winnings: -42.0
Choosing model 4
[0.3002355821406527, 0.0017318047757131506, 0.17676765878660847, 0.07030400850261782, 0.45096094579440793]
Games played: 71
Exploitability: P1=2.600000000 P2=-0.029268414 EV: (-0.030580879800787258, 0.030580879800787258) P1 Winnings: -41.0
Choosing model 4
[0.3161963008587955, 0.0026387913507976966, 0.19371839569486818, 0.0834081242825983, 0.4040383878129402]
Games played: 72
Exploitability: P1=2.600000000 P2=-0.029268414 EV: (-0.030580879800787258, 0.030580879800787258) P1 Winnings: -42.0
Choosing model 4
[0.34095878290903037, 0.003311903903833931, 0.24154871467887568, 0.07425315142779904, 0.33992744708046096]
Games played: 73
Exploitability: P1=2.600000000 P2=-0.029268414 EV: (-0.030580879800787258, 0.030580879800787258) P1 Winnings: -39.0
Choosing model 2
[0.33655147102431937, 0.002633089644194215, 0.23421349551720355, 0.06925563915427743, 0.3573463046600054]
Games played: 74
Exploitability: P1=4.600000000 P2=-0.029268414 EV: (-0.29443384008790097, 0.29443384008790097) P1 Winnings: -38.0
Choosing model 0
[0.36029189504531844, 0.003894528344316119, 0.292968797725562, 0.0659796187476236, 0.2768651601371797]
Games played: 75
Exploitability: P1=1.900000000 P2=-0.029268414 EV: (-0.08447868979983085, 0.08447868979983085) P1 Winnings: -29.0
Choosing model 2
[0.3669439352208068, 0.0054821979380003175, 0.30917105148606083, 0.0747091577243145, 0.24369365763081757]
Games played: 76
Exploitability: P1=4.600000000 P2=-0.029268414 EV: (-0.29443384008790097, 0.29443384008790097) P1 Winnings: -29.0
Choosing model 2
[0.36694401797213966, 0.005482217671356718, 0.3091712522979275, 0.07470926639037277, 0.2436932456682034]
Games played: 77
Exploitability: P1=4.600000000 P2=-0.029268414 EV: (-0.29443384008790097, 0.29443384008790097) P1 Winnings: -38.0
Choosing model 2
[0.3658014866643547, 0.004397927728137912, 0.30596576841792916, 0.06854531699514543, 0.2552895001944328]
Games played: 78
Exploitability: P1=4.600000000 P2=-0.029268414 EV: (-0.29443384008790097, 0.29443384008790097) P1 Winnings: -37.0
Choosing model 0
[0.35979493266261, 0.002908571517267757, 0.29035060218163306, 0.06029765864313829, 0.2866482349953508]
Games played: 79
Exploitability: P1=1.900000000 P2=-0.029268414 EV: (-0.08447868979983085, 0.08447868979983085) P1 Winnings: -42.0
Choosing model 0
[0.3620518192974062, 0.003133674264854815, 0.2946275348497956, 0.06216818288389049, 0.278018788704053]
Games played: 80
Exploitability: P1=1.900000000 P2=-0.029268414 EV: (-0.08447868979983085, 0.08447868979983085) P1 Winnings: -37.0
Choosing model 0
[0.36724195745962795, 0.003894573223628276, 0.30595292198284096, 0.06757695568181268, 0.2553335916520902]
Games played: 81
Exploitability: P1=1.900000000 P2=-0.029268414 EV: (-0.08447868979983085, 0.08447868979983085) P1 Winnings: -42.0
Choosing model 0
[0.36898419228996654, 0.004189611893090217, 0.30998807768051495, 0.06956745678094708, 0.24727066135548104]
Games played: 82
Exploitability: P1=1.900000000 P2=-0.029268414 EV: (-0.08447868979983085, 0.08447868979983085) P1 Winnings: -43.0
Choosing model 2
[0.3638673117790128, 0.002834729641932054, 0.2955668062592536, 0.06175429633029928, 0.27597685598950233]
Games played: 83
Exploitability: P1=4.600000000 P2=-0.029268414 EV: (-0.29443384008790097, 0.29443384008790097) P1 Winnings: -40.0
Choosing model 3
[0.3615487155691531, 0.0022666349695048436, 0.29154629088640255, 0.05647400935898903, 0.28816434921595036]
Games played: 84
Exploitability: P1=1.933333333 P2=-0.029268414 EV: (-0.1626257846793038, 0.1626257846793038) P1 Winnings: -39.0
Choosing model 4
[0.36106979530302014, 0.0020093944796962253, 0.28914480821742505, 0.055035931583325176, 0.2927400704165335]
Games played: 85
Exploitability: P1=2.600000000 P2=-0.029268414 EV: (-0.030580879800787258, 0.030580879800787258) P1 Winnings: -42.0
Choosing model 3
[0.34794701629659924, 0.0011610033426762562, 0.2653680769155666, 0.04564566744546092, 0.339878235999697]
Games played: 86
Exploitability: P1=1.933333333 P2=-0.029268414 EV: (-0.1626257846793038, 0.1626257846793038) P1 Winnings: -42.0
Choosing model 4
[0.335667039388104, 0.001376647920945392, 0.19516913184765694, 0.07110039160949522, 0.39668678923379835]
Games played: 87
Exploitability: P1=2.600000000 P2=-0.029268414 EV: (-0.030580879800787258, 0.030580879800787258) P1 Winnings: -51.0
Choosing model 0
[0.3393503940203991, 0.0014901191491307646, 0.1989691334035488, 0.07364846320375126, 0.38654189022317015]
Games played: 88
Exploitability: P1=1.900000000 P2=-0.029268414 EV: (-0.08447868979983085, 0.08447868979983085) P1 Winnings: -52.0
Choosing model 0
[0.3049266948196603, 0.0010541887229787168, 0.13467092998996544, 0.08920976151517587, 0.4701384249522197]
Games played: 89
Exploitability: P1=1.900000000 P2=-0.029268414 EV: (-0.08447868979983085, 0.08447868979983085) P1 Winnings: -43.0
Choosing model 3
[0.29088844450270257, 0.0006900203037445231, 0.12421699201142566, 0.07660755057496316, 0.5075969926071641]
Games played: 90
Exploitability: P1=1.933333333 P2=-0.029268414 EV: (-0.1626257846793038, 0.1626257846793038) P1 Winnings: -50.0
Choosing model 4
[0.2635832402925635, 0.0003343217386993427, 0.10623225841619637, 0.058036873546641755, 0.5718133060058991]
Games played: 91
Exploitability: P1=2.600000000 P2=-0.029268414 EV: (-0.030580879800787258, 0.030580879800787258) P1 Winnings: -51.0
Choosing model 2
[0.2554017264750895, 0.0002609209552345398, 0.1011160333159529, 0.05313744703904558, 0.5900838722146775]
Games played: 92
Exploitability: P1=4.600000000 P2=-0.029268414 EV: (-0.29443384008790097, 0.29443384008790097) P1 Winnings: -50.0
Choosing model 0
[0.26139176798265834, 0.00028490375954186075, 0.10490417546573502, 0.054917935764191926, 0.5785012170278728]
Games played: 93
Exploitability: P1=1.900000000 P2=-0.029268414 EV: (-0.08447868979983085, 0.08447868979983085) P1 Winnings: -45.0
Choosing model 4
[0.29136958008064556, 0.0003750524643592049, 0.12953204641078325, 0.05501445931486744, 0.5237088617293446]
Games played: 94
Exploitability: P1=2.600000000 P2=-0.029268414 EV: (-0.030580879800787258, 0.030580879800787258) P1 Winnings: -40.0
Choosing model 2
[0.2894151355390127, 0.00033069554045589693, 0.12777261986054417, 0.05332455556934522, 0.5291569934906419]
Games played: 95
Exploitability: P1=4.600000000 P2=-0.029268414 EV: (-0.29443384008790097, 0.29443384008790097) P1 Winnings: -40.0
Choosing model 0
[0.27183287994305017, 0.00020884840714620721, 0.1157867492039593, 0.044794126742511896, 0.5673773957033325]
Games played: 96
Exploitability: P1=1.900000000 P2=-0.029268414 EV: (-0.08447868979983085, 0.08447868979983085) P1 Winnings: -45.0
Choosing model 4
[0.2718329504636393, 0.0002088486472024763, 0.11578679221022883, 0.04479415287661514, 0.5673772558023142]
Games played: 97
Exploitability: P1=2.600000000 P2=-0.029268414 EV: (-0.030580879800787258, 0.030580879800787258) P1 Winnings: -46.0
Choosing model 4
[0.30725533633941965, 0.000423902255393357, 0.13961014656539167, 0.06137262285765675, 0.4913379919821387]
Games played: 98
Exploitability: P1=2.600000000 P2=-0.029268414 EV: (-0.030580879800787258, 0.030580879800787258) P1 Winnings: -49.0
Choosing model 4
[0.331857683395308, 0.0007257539801682779, 0.15855376221247208, 0.07700540409065675, 0.4318573963213949]
Games played: 99
Exploitability: P1=2.600000000 P2=-0.029268414 EV: (-0.030580879800787258, 0.030580879800787258) P1 Winnings: -52.0
Choosing model 4
[0.33600196240359875, 0.0007867519278498279, 0.16188306059172897, 0.07988462069148614, 0.42144360438533646]
Games played: 100
Exploitability: P1=2.600000000 P2=-0.029268414 EV: (-0.030580879800787258, 0.030580879800787258) P1 Winnings: -53.0
Choosing model 0
[0.3331808409985038, 0.0007043558231337014, 0.15924105899998703, 0.07720010588427027, 0.4296736382941052]
Games played: 101
Exploitability: P1=1.900000000 P2=-0.029268414 EV: (-0.08447868979983085, 0.08447868979983085) P1 Winnings: -56.0
Choosing model 0
[0.35874339065197147, 0.0008956483688239606, 0.1899289187663018, 0.07470198237468022, 0.3757300598382226]
Games played: 102
Exploitability: P1=1.900000000 P2=-0.029268414 EV: (-0.08447868979983085, 0.08447868979983085) P1 Winnings: -51.0
Choosing model 4
[0.35935237731604863, 0.0007982728362262314, 0.1894253495600755, 0.0734737179342921, 0.3769502823533576]
Games played: 103
Exploitability: P1=2.600000000 P2=-0.029268414 EV: (-0.030580879800787258, 0.030580879800787258) P1 Winnings: -56.0
Choosing model 4
[0.3707635967802282, 0.0008503564838819639, 0.20694218880468113, 0.0685446329531861, 0.3528992249780227]
Games played: 104
Exploitability: P1=2.600000000 P2=-0.029268414 EV: (-0.030580879800787258, 0.030580879800787258) P1 Winnings: -55.0
Choosing model 0
[0.37423359916973875, 0.0009189781174349901, 0.21063456807068107, 0.07088774830488632, 0.3433251063372589]
Games played: 105
Exploitability: P1=1.900000000 P2=-0.029268414 EV: (-0.08447868979983085, 0.08447868979983085) P1 Winnings: -56.0
Choosing model 0
[0.3827221060190299, 0.001151517134683034, 0.22053124618971823, 0.07768923463609839, 0.3179058960204705]
Games played: 106
Exploitability: P1=1.900000000 P2=-0.029268414 EV: (-0.08447868979983085, 0.08447868979983085) P1 Winnings: -61.0
Choosing model 4
[0.38272214810504945, 0.0011515182861620008, 0.22053129513997927, 0.07768926835055737, 0.3179057701182519]
Games played: 107
Exploitability: P1=2.600000000 P2=-0.029268414 EV: (-0.030580879800787258, 0.030580879800787258) P1 Winnings: -62.0
Choosing model 0
[0.3856713176640148, 0.0012424045633242556, 0.22409847053072604, 0.08021337948224899, 0.3087744277596858]
Games played: 108
Exploitability: P1=1.900000000 P2=-0.029268414 EV: (-0.08447868979983085, 0.08447868979983085) P1 Winnings: -63.0
Choosing model 0
[0.3755505340266192, 0.0008134599252505208, 0.2105378818756642, 0.06985716224070333, 0.3432409619317627]
Games played: 109
Exploitability: P1=1.900000000 P2=-0.029268414 EV: (-0.08447868979983085, 0.08447868979983085) P1 Winnings: -63.0
Choosing model 0
[0.38410502718760825, 0.0010193943754968945, 0.22045074485463145, 0.07656696578111273, 0.3178578678011508]
Games played: 110
Exploitability: P1=1.900000000 P2=-0.029268414 EV: (-0.08447868979983085, 0.08447868979983085) P1 Winnings: -68.0
Choosing model 2
[0.3733445384627528, 0.0006662299107462599, 0.2067338994670327, 0.06656015608022314, 0.3526951760792451]
Games played: 111
Exploitability: P1=4.600000000 P2=-0.029268414 EV: (-0.29443384008790097, 0.29443384008790097) P1 Winnings: -68.0
Choosing model 0
[0.3605766213227593, 0.00043264727376993444, 0.1926370298702624, 0.05749302734856913, 0.3888606741846393]
Games played: 112
Exploitability: P1=1.900000000 P2=-0.029268414 EV: (-0.08447868979983085, 0.08447868979983085) P1 Winnings: -73.0
Choosing model 2
[0.3645848212836483, 0.0004683746727485587, 0.19641547501234347, 0.059561856955986224, 0.37896947207527354]
Games played: 113
Exploitability: P1=4.600000000 P2=-0.029268414 EV: (-0.29443384008790097, 0.29443384008790097) P1 Winnings: -68.0
Choosing model 3
[0.3645850283846782, 0.0004683765191125187, 0.19641566986601808, 0.05956196399179881, 0.3789689612383924]
Games played: 114
Exploitability: P1=1.933333333 P2=-0.029268414 EV: (-0.1626257846793038, 0.1626257846793038) P1 Winnings: -77.0
Choosing model 0
[0.36847283082139937, 0.0005068275467950618, 0.20017861953265112, 0.0616776318146825, 0.3691640902844719]
Games played: 115
Exploitability: P1=1.900000000 P2=-0.029268414 EV: (-0.08447868979983085, 0.08447868979983085) P1 Winnings: -88.0
Choosing model 2
[0.3684728838603761, 0.0005068280708266849, 0.20017867076695744, 0.06167766067632379, 0.36916395662551593]
Games played: 116
Exploitability: P1=4.600000000 P2=-0.029268414 EV: (-0.29443384008790097, 0.29443384008790097) P1 Winnings: -89.0
Choosing model 0
[0.3612839691349843, 0.000440306171463103, 0.18056976172599815, 0.06365545497850753, 0.3940505079890469]
Games played: 117
Exploitability: P1=1.900000000 P2=-0.029268414 EV: (-0.08447868979983085, 0.08447868979983085) P1 Winnings: -98.0
Choosing model 4
[0.34653325599555107, 0.0002839704062323587, 0.16710196898928914, 0.05460657497056403, 0.43147422963836335]
Games played: 118
Exploitability: P1=2.600000000 P2=-0.029268414 EV: (-0.030580879800787258, 0.030580879800787258) P1 Winnings: -98.0
Choosing model 0
[0.29859494287063787, 0.00023441072794219494, 0.10291523656813165, 0.07733072928161369, 0.5209246805516745]
Games played: 119
Exploitability: P1=1.900000000 P2=-0.029268414 EV: (-0.08447868979983085, 0.08447868979983085) P1 Winnings: -89.0
Choosing model 4
[0.29859501059140664, 0.0002344109897321223, 0.10291527143564524, 0.07733077187528961, 0.5209245351079264]
Games played: 120
Exploitability: P1=2.600000000 P2=-0.029268414 EV: (-0.030580879800787258, 0.030580879800787258) P1 Winnings: -90.0
Choosing model 0
[0.29053532621276357, 0.00018370994821723384, 0.09836798991321212, 0.07109832747781789, 0.5398146464479892]
Games played: 121
Exploitability: P1=1.900000000 P2=-0.029268414 EV: (-0.08447868979983085, 0.08447868979983085) P1 Winnings: -89.0
Choosing model 4
[0.3061530886307662, 0.00019986902138326246, 0.10975589938713838, 0.06774292708714942, 0.5161482158735627]
Games played: 122
Exploitability: P1=2.600000000 P2=-0.029268414 EV: (-0.030580879800787258, 0.030580879800787258) P1 Winnings: -88.0
Choosing model 3
[0.30615315805166937, 0.00019986924458784296, 0.10975593656722443, 0.06774296439676863, 0.5161480717397497]
Games played: 123
Exploitability: P1=1.933333333 P2=-0.029268414 EV: (-0.1626257846793038, 0.1626257846793038) P1 Winnings: -89.0
Choosing model 4
[0.3064371028430272, 0.00017800236532611067, 0.10938077893577379, 0.06657789766893484, 0.5174262181869381]
Games played: 124
Exploitability: P1=2.600000000 P2=-0.029268414 EV: (-0.030580879800787258, 0.030580879800787258) P1 Winnings: -94.0
Choosing model 0
[0.2896747844032214, 0.00011545099705780134, 0.09997369481898391, 0.05665329726112391, 0.553582772519613]
Games played: 125
Exploitability: P1=1.900000000 P2=-0.029268414 EV: (-0.08447868979983085, 0.08447868979983085) P1 Winnings: -94.0
Choosing model 2
[0.29491560611248113, 0.0001258470973817133, 0.10263789200145304, 0.05909684421996892, 0.5432238105687153]
Games played: 126
Exploitability: P1=4.600000000 P2=-0.029268414 EV: (-0.29443384008790097, 0.29443384008790097) P1 Winnings: -95.0
Choosing model 0
[0.3552154355279458, 0.00020145566818000838, 0.16725416843777755, 0.04994956149758929, 0.4273793788685073]
Games played: 127
Exploitability: P1=1.900000000 P2=-0.029268414 EV: (-0.08447868979983085, 0.08447868979983085) P1 Winnings: -90.0
Choosing model 2
[0.3552154998783993, 0.00020145588397144453, 0.16725421746987437, 0.04994958673009274, 0.4273792400376622]
Games played: 128
Exploitability: P1=4.600000000 P2=-0.029268414 EV: (-0.29443384008790097, 0.29443384008790097) P1 Winnings: -91.0
Choosing model 0
[0.3457457845393943, 0.00015177062072124802, 0.1593128188024698, 0.04540409438205681, 0.44938553165535783]
Games played: 129
Exploitability: P1=1.900000000 P2=-0.029268414 EV: (-0.08447868979983085, 0.08447868979983085) P1 Winnings: -94.0
Choosing model 2
[0.36499525888297085, 0.00022543369168863785, 0.174636897803901, 0.05362803703643982, 0.4065143725849996]
Games played: 130
Exploitability: P1=4.600000000 P2=-0.029268414 EV: (-0.29443384008790097, 0.29443384008790097) P1 Winnings: -89.0
Choosing model 2
[0.3490540862388044, 0.00014495940865943662, 0.16113201051801102, 0.04586807217681579, 0.4438008716577093]
Games played: 131
Exploitability: P1=4.600000000 P2=-0.029268414 EV: (-0.29443384008790097, 0.29443384008790097) P1 Winnings: -94.0
Choosing model 4
[0.3392666924114671, 0.0001248377294591311, 0.14408354659314404, 0.04692708315883658, 0.4695978401070931]
Games played: 132
Exploitability: P1=2.600000000 P2=-0.029268414 EV: (-0.030580879800787258, 0.030580879800787258) P1 Winnings: -103.0
Choosing model 0
[0.3392667680312294, 0.0001248378773785935, 0.1440835961423305, 0.046927110043012525, 0.469597687906049]
Games played: 133
Exploitability: P1=1.900000000 P2=-0.029268414 EV: (-0.08447868979983085, 0.08447868979983085) P1 Winnings: -106.0
Choosing model 0
[0.3223775919179232, 8.139212400741253e-05, 0.13237750483260824, 0.04013982826195398, 0.5050236828635071]
Games played: 134
Exploitability: P1=1.900000000 P2=-0.029268414 EV: (-0.08447868979983085, 0.08447868979983085) P1 Winnings: -113.0
Choosing model 4
[0.3276698996409733, 8.857528043771917e-05, 0.13568155445444638, 0.041802210492874366, 0.49475776013126826]
Games played: 135
Exploitability: P1=2.600000000 P2=-0.029268414 EV: (-0.030580879800787258, 0.030580879800787258) P1 Winnings: -114.0
Choosing model 0
[0.327669978117764, 8.85753868610646e-05, 0.13568160336761953, 0.04180223513528971, 0.49475760799246576]
Games played: 136
Exploitability: P1=1.900000000 P2=-0.029268414 EV: (-0.08447868979983085, 0.08447868979983085) P1 Winnings: -117.0
Choosing model 0
[0.32767005070608496, 8.857548531533066e-05, 0.13568164862136933, 0.04180225793964123, 0.4947574672475892]
Games played: 137
Exploitability: P1=1.900000000 P2=-0.029268414 EV: (-0.08447868979983085, 0.08447868979983085) P1 Winnings: -118.0
Choosing model 2
[0.32098448600253027, 6.982436479659887e-05, 0.1319460783788101, 0.03768813943613798, 0.509311471817725]
Games played: 138
Exploitability: P1=4.600000000 P2=-0.029268414 EV: (-0.29443384008790097, 0.29443384008790097) P1 Winnings: -117.0
Choosing model 0
[0.31224754628832835, 5.5032780267775234e-05, 0.1261424916488134, 0.034692244166700394, 0.5268626851158901]
Games played: 139
Exploitability: P1=1.900000000 P2=-0.029268414 EV: (-0.08447868979983085, 0.08447868979983085) P1 Winnings: -116.0
Choosing model 0
[0.36373228777602207, 0.00016107088025891456, 0.16155588062845938, 0.05382728609383908, 0.42072347462142073]
Games played: 140
Exploitability: P1=1.900000000 P2=-0.029268414 EV: (-0.08447868979983085, 0.08447868979983085) P1 Winnings: -107.0
Choosing model 0
[0.36834258374684, 0.00017464073917798615, 0.1649786575117845, 0.055850182454884024, 0.41065393554731355]
Games played: 141
Exploitability: P1=1.900000000 P2=-0.029268414 EV: (-0.08447868979983085, 0.08447868979983085) P1 Winnings: -108.0
Choosing model 3
[0.38117672514584827, 0.0001865920418751987, 0.1807742574358504, 0.05225933930800043, 0.38560308606842564]
Games played: 142
Exploitability: P1=1.933333333 P2=-0.029268414 EV: (-0.1626257846793038, 0.1626257846793038) P1 Winnings: -107.0
Choosing model 0
[0.37274578757681837, 0.0001377681647929676, 0.1728518421672801, 0.0475422279891279, 0.40672237410198064]
Games played: 143
Exploitability: P1=1.900000000 P2=-0.029268414 EV: (-0.08447868979983085, 0.08447868979983085) P1 Winnings: -104.0
Choosing model 0
[0.41560870258111154, 0.00022461042530771928, 0.2450537506870833, 0.042584775519666836, 0.29652816078683064]
Games played: 144
Exploitability: P1=1.900000000 P2=-0.029268414 EV: (-0.08447868979983085, 0.08447868979983085) P1 Winnings: -99.0
Choosing model 0
[0.42794799643640263, 0.00033461682208012683, 0.2625676082174215, 0.049396294449342654, 0.259753484074753]
Games played: 145
Exploitability: P1=1.900000000 P2=-0.029268414 EV: (-0.08447868979983085, 0.08447868979983085) P1 Winnings: -108.0
Choosing model 0
[0.42885011292258074, 0.00032687385945956297, 0.22749928991496543, 0.05964899146292886, 0.28367473184006553]
Games played: 146
Exploitability: P1=1.900000000 P2=-0.029268414 EV: (-0.08447868979983085, 0.08447868979983085) P1 Winnings: -99.0
Choosing model 0
[0.4318092080301762, 0.00035239116252803744, 0.2309943341894961, 0.06153773640326279, 0.2753063302145368]
Games played: 147
Exploitability: P1=1.900000000 P2=-0.029268414 EV: (-0.08447868979983085, 0.08447868979983085) P1 Winnings: -108.0
Choosing model 3
[0.4346223576325115, 0.00037975510908006953, 0.23445333257272455, 0.06346199461679125, 0.2670825600688927]
Games played: 148
Exploitability: P1=1.933333333 P2=-0.029268414 EV: (-0.1626257846793038, 0.1626257846793038) P1 Winnings: -109.0
Choosing model 0
[0.40049593466613836, 0.00020072742273904556, 0.15910742023141985, 0.07119462656202774, 0.36900129111767505]
Games played: 149
Exploitability: P1=1.900000000 P2=-0.029268414 EV: (-0.08447868979983085, 0.08447868979983085) P1 Winnings: -102.0
Choosing model 4
[0.39027638784259017, 0.00019067719847215434, 0.13405683597324158, 0.08360179151016775, 0.3918743074755284]
Games played: 150
Exploitability: P1=2.600000000 P2=-0.029268414 EV: (-0.030580879800787258, 0.030580879800787258) P1 Winnings: -93.0
Choosing model 4
[0.3902764536785668, 0.00019067741406946808, 0.13405687480828665, 0.08360183487369592, 0.39187415922538116]
Games played: 151
Exploitability: P1=2.600000000 P2=-0.029268414 EV: (-0.030580879800787258, 0.030580879800787258) P1 Winnings: -96.0
Choosing model 4
[0.3902765145685613, 0.00019067761352176832, 0.1340569107379208, 0.08360187500410683, 0.39187402207588923]
Games played: 152
Exploitability: P1=2.600000000 P2=-0.029268414 EV: (-0.030580879800787258, 0.030580879800787258) P1 Winnings: -97.0
Choosing model 0
[0.3946053909314753, 0.00020641856610736407, 0.1366830690609499, 0.0866081278093827, 0.3818969936320847]
Games played: 153
Exploitability: P1=1.900000000 P2=-0.029268414 EV: (-0.08447868979983085, 0.08447868979983085) P1 Winnings: -98.0
Choosing model 4
[0.41701739132668764, 0.00034660041728034707, 0.15227894059802607, 0.10698768575854462, 0.32336938189946135]
Games played: 154
Exploitability: P1=2.600000000 P2=-0.029268414 EV: (-0.030580879800787258, 0.030580879800787258) P1 Winnings: -103.0
Choosing model 0
[0.4170174378647524, 0.0003466007644350891, 0.15227897464724063, 0.10698773236217844, 0.3233692543613934]
Games played: 155
Exploitability: P1=1.900000000 P2=-0.029268414 EV: (-0.08447868979983085, 0.08447868979983085) P1 Winnings: -104.0
Choosing model 0
[0.39946795178827815, 0.00019906896191110348, 0.13892454804075485, 0.08820495699418017, 0.37320347421487565]
Games played: 156
Exploitability: P1=1.900000000 P2=-0.029268414 EV: (-0.08447868979983085, 0.08447868979983085) P1 Winnings: -103.0
Choosing model 0
[0.39298698176526664, 0.0001586716347633129, 0.1343151681954932, 0.08211115168663913, 0.39042802671783755]
Games played: 157
Exploitability: P1=1.900000000 P2=-0.029268414 EV: (-0.08447868979983085, 0.08447868979983085) P1 Winnings: -104.0
Choosing model 4
[0.3882087412178466, 0.0001261341257099075, 0.13171653193789803, 0.07465294636388572, 0.4052956463546598]
Games played: 158
Exploitability: P1=2.600000000 P2=-0.029268414 EV: (-0.030580879800787258, 0.030580879800787258) P1 Winnings: -103.0
Choosing model 0
[0.3849555778818708, 0.00011292601308204091, 0.1295689795190648, 0.07214542099013001, 0.4132170955958523]
Games played: 159
Exploitability: P1=1.900000000 P2=-0.029268414 EV: (-0.08447868979983085, 0.08447868979983085) P1 Winnings: -106.0
Choosing model 0
[0.389657452480167, 0.00012238404922718818, 0.13225385098642, 0.0748226660219828, 0.4031436464622031]
Games played: 160
Exploitability: P1=1.900000000 P2=-0.029268414 EV: (-0.08447868979983085, 0.08447868979983085) P1 Winnings: -107.0
Choosing model 3
[0.38054720843574324, 9.170539378167539e-05, 0.12640593017358073, 0.06822093942869802, 0.42473421656819627]
Games played: 161
Exploitability: P1=1.933333333 P2=-0.029268414 EV: (-0.1626257846793038, 0.1626257846793038) P1 Winnings: -106.0
Choosing model 0
[0.3986589929972822, 0.00013278301523543052, 0.13721219324939543, 0.07945651948972042, 0.38453951124836655]
Games played: 162
Exploitability: P1=1.900000000 P2=-0.029268414 EV: (-0.08447868979983085, 0.08447868979983085) P1 Winnings: -101.0
Choosing model 0
[0.3840052858435914, 8.775679086836352e-05, 0.12779201849111751, 0.0688955138419745, 0.41921942503244825]
Games played: 163
Exploitability: P1=1.900000000 P2=-0.029268414 EV: (-0.08447868979983085, 0.08447868979983085) P1 Winnings: -98.0
Choosing model 3
[0.3977378820529539, 0.000158223267830622, 0.1211745558731762, 0.10236832892898783, 0.3785610098770515]
Games played: 164
Exploitability: P1=1.933333333 P2=-0.029268414 EV: (-0.1626257846793038, 0.1626257846793038) P1 Winnings: -85.0
Choosing model 0
[0.3895571786596434, 0.00011994638901735713, 0.11614334647678205, 0.09363494373550907, 0.40054458473904814]
Games played: 165
Exploitability: P1=1.900000000 P2=-0.029268414 EV: (-0.08447868979983085, 0.08447868979983085) P1 Winnings: -82.0
Choosing model 0
[0.40713730777450247, 0.00018137121478968167, 0.126309918214868, 0.11024052823984538, 0.3561308745559945]
Games played: 166
Exploitability: P1=1.900000000 P2=-0.029268414 EV: (-0.08447868979983085, 0.08447868979983085) P1 Winnings: -83.0
Choosing model 2
[0.40713736077418794, 0.00018137139982066951, 0.12630994880418484, 0.11024057830857299, 0.35613074071323353]
Games played: 167
Exploitability: P1=4.600000000 P2=-0.029268414 EV: (-0.29443384008790097, 0.29443384008790097) P1 Winnings: -84.0
Choosing model 0
[0.35931876512923455, 0.00012602538361938315, 0.08396872576704884, 0.13115414634341055, 0.4254323373766867]
Games played: 168
Exploitability: P1=1.900000000 P2=-0.029268414 EV: (-0.08447868979983085, 0.08447868979983085) P1 Winnings: -84.0
Choosing model 2
[0.2895096467245113, 6.989195245029143e-05, 0.048712959841103326, 0.14332528279711032, 0.5183822186848248]
Games played: 169
Exploitability: P1=4.600000000 P2=-0.029268414 EV: (-0.29443384008790097, 0.29443384008790097) P1 Winnings: -77.0
Choosing model 3
[0.3076201875564869, 7.667469867879351e-05, 0.054806325829219925, 0.13770175482588384, 0.49979505708973054]
Games played: 170
Exploitability: P1=1.933333333 P2=-0.029268414 EV: (-0.1626257846793038, 0.1626257846793038) P1 Winnings: -76.0
Choosing model 0
[0.31741595131854256, 8.752231373717766e-05, 0.05752042980762868, 0.1489456162687449, 0.47603048029134665]
Games played: 171
Exploitability: P1=1.900000000 P2=-0.029268414 EV: (-0.08447868979983085, 0.08447868979983085) P1 Winnings: -76.0
Choosing model 2
[0.3174160103875154, 8.752240791952264e-05, 0.057520446954096006, 0.14894569224500817, 0.4760303280054609]
Games played: 172
Exploitability: P1=4.600000000 P2=-0.029268414 EV: (-0.29443384008790097, 0.29443384008790097) P1 Winnings: -77.0
Choosing model 0
[0.31052739852500244, 6.603544992677249e-05, 0.05536043157189555, 0.13409555378780463, 0.49995058066537057]
Games played: 173
Exploitability: P1=1.900000000 P2=-0.029268414 EV: (-0.08447868979983085, 0.08447868979983085) P1 Winnings: -74.0
Choosing model 2
[0.30169268406502925, 4.9225088232833546e-05, 0.05263781936385479, 0.12162929665463998, 0.5239909748282432]
Games played: 174
Exploitability: P1=4.600000000 P2=-0.029268414 EV: (-0.29443384008790097, 0.29443384008790097) P1 Winnings: -73.0
Choosing model 3
[0.30169293507453876, 4.9225295274776496e-05, 0.05263788547728977, 0.12162954733396439, 0.5239904068189323]
Games played: 175
Exploitability: P1=1.933333333 P2=-0.029268414 EV: (-0.1626257846793038, 0.1626257846793038) P1 Winnings: -82.0
Choosing model 2
[0.31946210299530464, 7.204389048441261e-05, 0.05775437301965929, 0.14318981019018104, 0.47952166990437056]
Games played: 176
Exploitability: P1=4.600000000 P2=-0.029268414 EV: (-0.29443384008790097, 0.29443384008790097) P1 Winnings: -77.0
Choosing model 3
[0.3253123326391386, 7.827074754868618e-05, 0.059617083707208134, 0.1472443831627686, 0.46774792974333596]
Games played: 177
Exploitability: P1=1.933333333 P2=-0.029268414 EV: (-0.1626257846793038, 0.1626257846793038) P1 Winnings: -72.0
Choosing model 4
[0.30571125118075965, 7.170150402950315e-05, 0.048440206798547894, 0.166741550159058, 0.479035290357605]
Games played: 178
Exploitability: P1=2.600000000 P2=-0.029268414 EV: (-0.030580879800787258, 0.030580879800787258) P1 Winnings: -72.0
Choosing model 0
[0.32435796407496165, 7.854427238833931e-05, 0.05441936983624885, 0.15996385149880032, 0.46118027031760084]
Games played: 179
Exploitability: P1=1.900000000 P2=-0.029268414 EV: (-0.08447868979983085, 0.08447868979983085) P1 Winnings: -71.0
Choosing model 4
[0.32838886183624183, 8.514061560368793e-05, 0.055558724963391225, 0.16593490000950112, 0.4500323725752621]
Games played: 180
Exploitability: P1=2.600000000 P2=-0.029268414 EV: (-0.030580879800787258, 0.030580879800787258) P1 Winnings: -66.0
Choosing model 3
[0.32537862472982765, 6.7886519885289e-05, 0.05464884053756119, 0.15131988479366723, 0.46858476341905875]
Games played: 181
Exploitability: P1=1.933333333 P2=-0.029268414 EV: (-0.1626257846793038, 0.1626257846793038) P1 Winnings: -65.0
Choosing model 3
[0.329582074480549, 7.36235179993569e-05, 0.0558200772279931, 0.15704445464839542, 0.4574797701250632]
Games played: 182
Exploitability: P1=1.933333333 P2=-0.029268414 EV: (-0.1626257846793038, 0.1626257846793038) P1 Winnings: -76.0
Choosing model 3
[0.3484426825933657, 8.036324101958343e-05, 0.062487417339053594, 0.15012576920248175, 0.4388637676240793]
Games played: 183
Exploitability: P1=1.933333333 P2=-0.029268414 EV: (-0.1626257846793038, 0.1626257846793038) P1 Winnings: -75.0
Choosing model 2
[0.3492528343801096, 7.167096175100675e-05, 0.062360782159527846, 0.1477498716748271, 0.44056484082378455]
Games played: 184
Exploitability: P1=4.600000000 P2=-0.029268414 EV: (-0.29443384008790097, 0.29443384008790097) P1 Winnings: -80.0
Choosing model 0
[0.3681330511963084, 7.799759564009065e-05, 0.06960025028531794, 0.1408175738695851, 0.42137112705314855]
Games played: 185
Exploitability: P1=1.900000000 P2=-0.029268414 EV: (-0.08447868979983085, 0.08447868979983085) P1 Winnings: -79.0
Choosing model 4
[0.361646446746784, 6.208120393804195e-05, 0.06719547678759487, 0.13090287332613024, 0.44019312193555277]
Games played: 186
Exploitability: P1=2.600000000 P2=-0.029268414 EV: (-0.030580879800787258, 0.030580879800787258) P1 Winnings: -80.0
Choosing model 4
[0.29126348180315315, 4.789926363081996e-05, 0.03868142410189476, 0.1732689139579023, 0.496738280873419]
Games played: 187
Exploitability: P1=2.600000000 P2=-0.029268414 EV: (-0.030580879800787258, 0.030580879800787258) P1 Winnings: -71.0
Choosing model 4
[0.3067998908191031, 7.299775387976052e-05, 0.042397968484859175, 0.20560016645956528, 0.4451289764825927]
Games played: 188
Exploitability: P1=2.600000000 P2=-0.029268414 EV: (-0.030580879800787258, 0.030580879800787258) P1 Winnings: -82.0
Choosing model 4
[0.3060663889363856, 6.464414852392746e-05, 0.04200384313428154, 0.20015076976994764, 0.4517143540108613]
Games played: 189
Exploitability: P1=2.600000000 P2=-0.029268414 EV: (-0.030580879800787258, 0.030580879800787258) P1 Winnings: -82.0
Choosing model 4
[0.3107769842511119, 6.600657216692642e-05, 0.042969398771188536, 0.20693110629117004, 0.43925650411436273]
Games played: 190
Exploitability: P1=2.600000000 P2=-0.029268414 EV: (-0.030580879800787258, 0.030580879800787258) P1 Winnings: -79.0
Choosing model 4
[0.32292511768680865, 9.923197914008546e-05, 0.046460693224369194, 0.2422213392964234, 0.3882936178132586]
Games played: 191
Exploitability: P1=2.600000000 P2=-0.029268414 EV: (-0.030580879800787258, 0.030580879800787258) P1 Winnings: -80.0
Choosing model 0
[0.3229251570520811, 9.923208669804074e-05, 0.0464607045097837, 0.24222145360137107, 0.38829345275006616]
Games played: 192
Exploitability: P1=1.900000000 P2=-0.029268414 EV: (-0.08447868979983085, 0.08447868979983085) P1 Winnings: -83.0
Choosing model 4
[0.3308400159767621, 0.00014051506836371296, 0.049321261622638585, 0.2758973801600684, 0.3438008271721673]
Games played: 193
Exploitability: P1=2.600000000 P2=-0.029268414 EV: (-0.030580879800787258, 0.030580879800787258) P1 Winnings: -83.0
Choosing model 0
[0.332575587921223, 0.00015123547900831793, 0.04999671035997802, 0.28416589098407763, 0.333110575255713]
Games played: 194
Exploitability: P1=1.900000000 P2=-0.029268414 EV: (-0.08447868979983085, 0.08447868979983085) P1 Winnings: -84.0
Choosing model 0
[0.3307487762804095, 0.00012010782800059533, 0.04880049355235181, 0.2663193264728398, 0.3540112958663983]
Games played: 195
Exploitability: P1=1.900000000 P2=-0.029268414 EV: (-0.08447868979983085, 0.08447868979983085) P1 Winnings: -84.0
Choosing model 3
[0.3307488051448178, 0.00012010794537858438, 0.04880050327683218, 0.26631943600214114, 0.3540111476308303]
Games played: 196
Exploitability: P1=1.933333333 P2=-0.029268414 EV: (-0.1626257846793038, 0.1626257846793038) P1 Winnings: -85.0
Choosing model 3
[0.33295898918327244, 0.00011247750110483231, 0.04912769040376607, 0.2667955447440544, 0.3510052981678023]
Games played: 197
Exploitability: P1=1.933333333 P2=-0.029268414 EV: (-0.1626257846793038, 0.1626257846793038) P1 Winnings: -88.0
Choosing model 3
[0.33837728520125865, 0.00015799041425967832, 0.05173316361292858, 0.3014448351078113, 0.3082867256637418]
Games played: 198
Exploitability: P1=1.933333333 P2=-0.029268414 EV: (-0.1626257846793038, 0.1626257846793038) P1 Winnings: -88.0
Choosing model 0
[0.33543447833808177, 0.00010745826058979452, 0.04958506908314212, 0.2689924651670962, 0.3458805291510902]
Games played: 199
Exploitability: P1=1.900000000 P2=-0.029268414 EV: (-0.08447868979983085, 0.08447868979983085) P1 Winnings: -85.0
Choosing model 0
[0.3372772613662264, 0.00011568515202322337, 0.05027651930617882, 0.27712232495089056, 0.3352082092246809]
Games played: 200
Exploitability: P1=1.900000000 P2=-0.029268414 EV: (-0.08447868979983085, 0.08447868979983085) P1 Winnings: -86.0
