Player 1 exploitability: 0.323282408127
Choosing model 4
[0.2097844752128055, 0.1623738595954076, 0.2052967168944297, 0.195916709694078, 0.22662823860327924]
Games played: 1
Exploitability: P1=2.600000000 P2=0.237630394 EV: (-0.1691849385611957, 0.1691849385611957) P1 Winnings: -3
Choosing model 4
[0.19258940631503269, 0.23215829890551812, 0.19828819313321147, 0.20894936668037106, 0.16801473496586677]
Games played: 2
Exploitability: P1=2.600000000 P2=0.237630394 EV: (-0.1691849385611957, 0.1691849385611957) P1 Winnings: -8
Choosing model 3
[0.19258936557973752, 0.23215845642212093, 0.19828817340086274, 0.20894939018443778, 0.16801461441284102]
Games played: 3
Exploitability: P1=1.933333333 P2=0.237630394 EV: (-0.061828447277275836, 0.061828447277275836) P1 Winnings: -9
Choosing model 3
[0.20363836626857737, 0.19275826799164683, 0.20545720377576615, 0.2071990882759183, 0.19094707368809136]
Games played: 4
Exploitability: P1=1.933333333 P2=0.237630394 EV: (-0.061828447277275836, 0.061828447277275836) P1 Winnings: -12
Choosing model 2
[0.21389732609779985, 0.1553471445721036, 0.21120329676819016, 0.20318542645406915, 0.21636680610783718]
Games played: 5
Exploitability: P1=4.600000000 P2=0.237630394 EV: (0.21397442500966302, -0.21397442500966302) P1 Winnings: -12.0
Choosing model 0
[0.21121171016864138, 0.21193473295071524, 0.2436799428639887, 0.1785487659580903, 0.15462484805856425]
Games played: 6
Exploitability: P1=1.900000000 P2=0.237630394 EV: (-0.09215451887416039, 0.09215451887416039) P1 Winnings: -3.0
Choosing model 1
[0.2079206330099875, 0.223377887664058, 0.24189912181197532, 0.1800895406408026, 0.1467128168731767]
Games played: 7
Exploitability: P1=2.800000000 P2=0.237630394 EV: (0.23763039398700142, -0.23763039398700142) P1 Winnings: -12.0
Choosing model 2
[0.21956799427292936, 0.18523064197411448, 0.2503242923307959, 0.17835256793817833, 0.16652450348398184]
Games played: 8
Exploitability: P1=4.600000000 P2=0.237630394 EV: (0.21397442500966302, -0.21397442500966302) P1 Winnings: -12.0
Choosing model 4
[0.22960830574109908, 0.15587538895866632, 0.25986610519572634, 0.171654656587637, 0.18299554351687128]
Games played: 9
Exploitability: P1=2.600000000 P2=0.237630394 EV: (-0.1691849385611957, 0.1691849385611957) P1 Winnings: -11.0
Choosing model 4
[0.22960827569577058, 0.15587550729099597, 0.25986610029608104, 0.17165468974203046, 0.18299542697512208]
Games played: 10
Exploitability: P1=2.600000000 P2=0.237630394 EV: (-0.1691849385611957, 0.1691849385611957) P1 Winnings: -12.0
Choosing model 4
[0.22960824565040586, 0.15587562562338825, 0.25986609539639044, 0.17165472289640032, 0.18299531043341513]
Games played: 11
Exploitability: P1=2.600000000 P2=0.237630394 EV: (-0.1691849385611957, 0.1691849385611957) P1 Winnings: -13.0
Choosing model 2
[0.22960821560500505, 0.15587574395584317, 0.2598660904966546, 0.17165475605074668, 0.1829951938917505]
Games played: 12
Exploitability: P1=4.600000000 P2=0.237630394 EV: (0.21397442500966302, -0.21397442500966302) P1 Winnings: -14.0
Choosing model 4
[0.21492004451155633, 0.13752758858310205, 0.1813147168128163, 0.24162512379944834, 0.22461252629307685]
Games played: 13
Exploitability: P1=2.600000000 P2=0.237630394 EV: (-0.1691849385611957, 0.1691849385611957) P1 Winnings: -7.0
Choosing model 2
[0.2180044375858348, 0.12977161250972954, 0.18392088765479048, 0.24390109592758139, 0.22440196632206388]
Games played: 14
Exploitability: P1=4.600000000 P2=0.237630394 EV: (0.21397442500966302, -0.21397442500966302) P1 Winnings: -10.0
Choosing model 2
[0.2214860180298181, 0.19278348671584705, 0.23758963402859984, 0.1990662687778429, 0.1490745924478921]
Games played: 15
Exploitability: P1=4.600000000 P2=0.237630394 EV: (0.21397442500966302, -0.21397442500966302) P1 Winnings: -5.0
Choosing model 3
[0.23852686445001728, 0.13959918955951958, 0.24686458289220883, 0.19173515263034718, 0.18327421046790726]
Games played: 16
Exploitability: P1=1.933333333 P2=0.237630394 EV: (-0.061828447277275836, 0.061828447277275836) P1 Winnings: -10.0
Choosing model 3
[0.24247516385722725, 0.14651630958321524, 0.2657193161205985, 0.1762367924739365, 0.16905241796502252]
Games played: 17
Exploitability: P1=1.933333333 P2=0.237630394 EV: (-0.061828447277275836, 0.061828447277275836) P1 Winnings: -9.0
Choosing model 0
[0.24643714761638402, 0.13444385926477787, 0.26790294158701855, 0.17456292255306513, 0.17665312897875438]
Games played: 18
Exploitability: P1=1.900000000 P2=0.237630394 EV: (-0.09215451887416039, 0.09215451887416039) P1 Winnings: -6.0
Choosing model 4
[0.21445318695527998, 0.0895678398777898, 0.13479499752486937, 0.28517997947124185, 0.27600399617081905]
Games played: 19
Exploitability: P1=2.600000000 P2=0.237630394 EV: (-0.1691849385611957, 0.1691849385611957) P1 Winnings: -13.0
Choosing model 2
[0.21445317595096386, 0.08956792144618753, 0.13479500691830829, 0.28518006465087375, 0.2760038310336666]
Games played: 20
Exploitability: P1=4.600000000 P2=0.237630394 EV: (0.21397442500966302, -0.21397442500966302) P1 Winnings: -16.0
Choosing model 3
[0.20750000216492728, 0.11978235727773712, 0.13514241634417737, 0.3067775725849672, 0.23079765162819119]
Games played: 21
Exploitability: P1=1.933333333 P2=0.237630394 EV: (-0.061828447277275836, 0.061828447277275836) P1 Winnings: -11.0
Choosing model 1
[0.2074999787778282, 0.11978245900803763, 0.1351424174646844, 0.3067776453807446, 0.2307974993687052]
Games played: 22
Exploitability: P1=2.800000000 P2=0.237630394 EV: (0.23763039398700142, -0.23763039398700142) P1 Winnings: -14.0
Choosing model 3
[0.21548774194015308, 0.10010226333175105, 0.1393234685857756, 0.2932147994461165, 0.25187172669620367]
Games played: 23
Exploitability: P1=1.933333333 P2=0.237630394 EV: (-0.061828447277275836, 0.061828447277275836) P1 Winnings: -13.0
Choosing model 0
[0.2154877251303815, 0.10010235182152957, 0.13932347457559832, 0.293214879198379, 0.2518715692741116]
Games played: 24
Exploitability: P1=1.900000000 P2=0.237630394 EV: (-0.09215451887416039, 0.09215451887416039) P1 Winnings: -16.0
Choosing model 3
[0.22445917675195898, 0.10765450843698558, 0.1536644842594266, 0.27616313766328415, 0.23805869288834478]
Games played: 25
Exploitability: P1=1.933333333 P2=0.237630394 EV: (-0.061828447277275836, 0.061828447277275836) P1 Winnings: -15.0
Choosing model 1
[0.23261805569477942, 0.07654923375871138, 0.1539766777495742, 0.25763065236651644, 0.27922538043041845]
Games played: 26
Exploitability: P1=2.800000000 P2=0.237630394 EV: (0.23763039398700142, -0.23763039398700142) P1 Winnings: -12.0
Choosing model 4
[0.2174518650718799, 0.1132200886900055, 0.140211072424422, 0.3017883980004695, 0.22732857581322305]
Games played: 27
Exploitability: P1=2.600000000 P2=0.237630394 EV: (-0.1691849385611957, 0.1691849385611957) P1 Winnings: 1.0
Choosing model 2
[0.22605069011718107, 0.12151763342917715, 0.15433320955885188, 0.2836678481398685, 0.21443061875492123]
Games played: 28
Exploitability: P1=4.600000000 P2=0.237630394 EV: (0.21397442500966302, -0.21397442500966302) P1 Winnings: 2.0
Choosing model 1
[0.23666479219120398, 0.0855439307689079, 0.15589332484166804, 0.26561403203998, 0.2562839201582401]
Games played: 29
Exploitability: P1=2.800000000 P2=0.237630394 EV: (0.23763039398700142, -0.23763039398700142) P1 Winnings: -3.0
Choosing model 4
[0.21456123192914867, 0.07143347352520521, 0.11229501727511029, 0.32144859614660237, 0.2802616811239333]
Games played: 30
Exploitability: P1=2.600000000 P2=0.237630394 EV: (-0.1691849385611957, 0.1691849385611957) P1 Winnings: -16.0
Choosing model 2
[0.2145612236707203, 0.07143353435165954, 0.11229502552995949, 0.32144868792364784, 0.2802615285240128]
Games played: 31
Exploitability: P1=4.600000000 P2=0.237630394 EV: (0.21397442500966302, -0.21397442500966302) P1 Winnings: -17.0
Choosing model 0
[0.22830263252184987, 0.08976424074388108, 0.13235865657571838, 0.3073843001026829, 0.24219017005586782]
Games played: 32
Exploitability: P1=1.900000000 P2=0.237630394 EV: (-0.09215451887416039, 0.09215451887416039) P1 Winnings: -12.0
Choosing model 3
[0.23810677095976238, 0.09665788765992613, 0.1461664008702984, 0.2898727443384358, 0.22919619617157722]
Games played: 33
Exploitability: P1=1.933333333 P2=0.237630394 EV: (-0.061828447277275836, 0.061828447277275836) P1 Winnings: -11.0
Choosing model 0
[0.2473214656582198, 0.10365743974865801, 0.16075777843451305, 0.27224651082459334, 0.21601680533401585]
Games played: 34
Exploitability: P1=1.900000000 P2=0.237630394 EV: (-0.09215451887416039, 0.09215451887416039) P1 Winnings: -10.0
Choosing model 3
[0.2546072628179581, 0.08187549951426205, 0.16196252575308157, 0.26165573750616405, 0.23989897440853428]
Games played: 35
Exploitability: P1=1.933333333 P2=0.237630394 EV: (-0.061828447277275836, 0.061828447277275836) P1 Winnings: -9.0
Choosing model 0
[0.2638680560199256, 0.08760786648156373, 0.1777317212980843, 0.24519474942201253, 0.2255976067784139]
Games played: 36
Exploitability: P1=1.900000000 P2=0.237630394 EV: (-0.09215451887416039, 0.09215451887416039) P1 Winnings: -8.0
Choosing model 3
[0.25388224236280116, 0.11860128522031887, 0.1775682896886094, 0.26395094872750446, 0.18599723400076615]
Games played: 37
Exploitability: P1=1.933333333 P2=0.237630394 EV: (-0.061828447277275836, 0.061828447277275836) P1 Winnings: -3.0
Choosing model 2
[0.2612530787926201, 0.1260061083998437, 0.19347679295318757, 0.24559368372903578, 0.17367033612531294]
Games played: 38
Exploitability: P1=4.600000000 P2=0.237630394 EV: (0.21397442500966302, -0.21397442500966302) P1 Winnings: -2.0
Choosing model 2
[0.2616519990878775, 0.11181631950335888, 0.17826890041671445, 0.2589073671910637, 0.18935541380098553]
Games played: 39
Exploitability: P1=4.600000000 P2=0.237630394 EV: (0.21397442500966302, -0.21397442500966302) P1 Winnings: -11.0
Choosing model 3
[0.2607653617207371, 0.09873746940456897, 0.16345021509147986, 0.2716031662974409, 0.2054437874857733]
Games played: 40
Exploitability: P1=1.933333333 P2=0.237630394 EV: (-0.061828447277275836, 0.061828447277275836) P1 Winnings: -2.0
Choosing model 1
[0.237263805296567, 0.1613244922451186, 0.15864548291860237, 0.29955214826624077, 0.14321407127347133]
Games played: 41
Exploitability: P1=2.800000000 P2=0.237630394 EV: (0.23763039398700142, -0.23763039398700142) P1 Winnings: -5.0
Choosing model 3
[0.243701236654563, 0.21954611424514253, 0.21312986461691907, 0.22493174257304524, 0.09869104191033022]
Games played: 42
Exploitability: P1=1.933333333 P2=0.237630394 EV: (-0.061828447277275836, 0.061828447277275836) P1 Winnings: -2.0
Choosing model 1
[0.22087341358529486, 0.27502114541213313, 0.2001530681731969, 0.22664976591915695, 0.07730260691021815]
Games played: 43
Exploitability: P1=2.800000000 P2=0.237630394 EV: (0.23763039398700142, -0.23763039398700142) P1 Winnings: 3.0
Choosing model 0
[0.20746891662364694, 0.3422747712413982, 0.24590208109364078, 0.15563846485446034, 0.04871576618685385]
Games played: 44
Exploitability: P1=1.900000000 P2=0.237630394 EV: (-0.09215451887416039, 0.09215451887416039) P1 Winnings: 6.0
Choosing model 2
[0.22773519770246964, 0.2908001199171082, 0.2641483894995172, 0.15954828587517597, 0.057768007005728914]
Games played: 45
Exploitability: P1=4.600000000 P2=0.237630394 EV: (0.21397442500966302, -0.21397442500966302) P1 Winnings: 6.0
Choosing model 1
[0.227734929301794, 0.2908007583540353, 0.26414819018285723, 0.15954829392277023, 0.05776782823854326]
Games played: 46
Exploitability: P1=2.800000000 P2=0.237630394 EV: (0.23763039398700142, -0.23763039398700142) P1 Winnings: -3.0
Choosing model 2
[0.23545580583294828, 0.27145095839448313, 0.27092110661191254, 0.16076386329055858, 0.0614082658700975]
Games played: 47
Exploitability: P1=4.600000000 P2=0.237630394 EV: (0.21397442500966302, -0.21397442500966302) P1 Winnings: -3.0
Choosing model 1
[0.21125429124568293, 0.3364912223746321, 0.284017715904243, 0.12836192772546004, 0.039874842749982]
Games played: 48
Exploitability: P1=2.800000000 P2=0.237630394 EV: (0.23763039398700142, -0.23763039398700142) P1 Winnings: 6.0
Choosing model 2
[0.19724988922537987, 0.3710449367427601, 0.29375739559336966, 0.10771044036321532, 0.030237338075275032]
Games played: 49
Exploitability: P1=4.600000000 P2=0.237630394 EV: (0.21397442500966302, -0.21397442500966302) P1 Winnings: 11.0
Choosing model 2
[0.19176036325707327, 0.3848484379703193, 0.28949132742361733, 0.10574146409083715, 0.02815840725815288]
Games played: 50
Exploitability: P1=4.600000000 P2=0.237630394 EV: (0.21397442500966302, -0.21397442500966302) P1 Winnings: 16.0
Choosing model 2
[0.18859375054202995, 0.3907790688831891, 0.30146603426742574, 0.09403264388248239, 0.02512850242487284]
Games played: 51
Exploitability: P1=4.600000000 P2=0.237630394 EV: (0.21397442500966302, -0.21397442500966302) P1 Winnings: 17.0
Choosing model 3
[0.18506090238369224, 0.39590572676599434, 0.3132276864154245, 0.08343166286949288, 0.02237402156539616]
Games played: 52
Exploitability: P1=1.933333333 P2=0.237630394 EV: (-0.061828447277275836, 0.061828447277275836) P1 Winnings: 18.0
Choosing model 1
[0.14599801168051396, 0.5035610234364274, 0.25955621642860777, 0.0763660613839699, 0.014518687070480997]
Games played: 53
Exploitability: P1=2.800000000 P2=0.237630394 EV: (0.23763039398700142, -0.23763039398700142) P1 Winnings: 29.0
Choosing model 1
[0.10491017015904586, 0.6232394955914686, 0.19807924568728413, 0.06563532145502979, 0.008135767107171543]
Games played: 54
Exploitability: P1=2.800000000 P2=0.237630394 EV: (0.23763039398700142, -0.23763039398700142) P1 Winnings: 22.0
Choosing model 1
[0.12425801640485148, 0.5811818917094915, 0.17672047116363418, 0.1047963224282547, 0.0130432982937681]
Games played: 55
Exploitability: P1=2.800000000 P2=0.237630394 EV: (0.23763039398700142, -0.23763039398700142) P1 Winnings: 13.0
Choosing model 1
[0.11182820617834052, 0.6177042048319157, 0.17617567863933353, 0.08475851261115777, 0.009533397739252365]
Games played: 56
Exploitability: P1=2.800000000 P2=0.237630394 EV: (0.23763039398700142, -0.23763039398700142) P1 Winnings: 18.0
Choosing model 1
[0.1282685216924547, 0.5701582957355775, 0.20060546729053713, 0.08947665110355815, 0.011491064177872363]
Games played: 57
Exploitability: P1=2.800000000 P2=0.237630394 EV: (0.23763039398700142, -0.23763039398700142) P1 Winnings: 19.0
Choosing model 3
[0.13922911874348526, 0.5466550689662015, 0.1936653919096401, 0.10650329239901099, 0.01394712798166204]
Games played: 58
Exploitability: P1=1.933333333 P2=0.237630394 EV: (-0.061828447277275836, 0.061828447277275836) P1 Winnings: 12.0
Choosing model 1
[0.11357112279607619, 0.6163194109120109, 0.16368998039943572, 0.09658722650935314, 0.009832259383124011]
Games played: 59
Exploitability: P1=2.800000000 P2=0.237630394 EV: (0.23763039398700142, -0.23763039398700142) P1 Winnings: 12.0
Choosing model 1
[0.1297002344843426, 0.5702669611770488, 0.18371507103617649, 0.10437715789849673, 0.011940575403935519]
Games played: 60
Exploitability: P1=2.800000000 P2=0.237630394 EV: (0.23763039398700142, -0.23763039398700142) P1 Winnings: 11.0
Choosing model 3
[0.12423581393029814, 0.5848475916015377, 0.1774539802273776, 0.10243858190745801, 0.011024032333328703]
Games played: 61
Exploitability: P1=1.933333333 P2=0.237630394 EV: (-0.061828447277275836, 0.061828447277275836) P1 Winnings: -2.0
Choosing model 0
[0.14477278673554675, 0.5275035705432691, 0.20236458614296468, 0.11148123399803844, 0.013877822580181007]
Games played: 62
Exploitability: P1=1.900000000 P2=0.237630394 EV: (-0.09215451887416039, 0.09215451887416039) P1 Winnings: -2.0
Choosing model 3
[0.11734526897042931, 0.6015958579130999, 0.17032096946376188, 0.10109902592401092, 0.00963887772869804]
Games played: 63
Exploitability: P1=1.933333333 P2=0.237630394 EV: (-0.061828447277275836, 0.061828447277275836) P1 Winnings: 3.0
Choosing model 2
[0.11516032702900446, 0.6095583068915273, 0.17698636178257857, 0.08971171316722344, 0.008583291129666175]
Games played: 64
Exploitability: P1=4.600000000 P2=0.237630394 EV: (0.21397442500966302, -0.21397442500966302) P1 Winnings: 4.0
Choosing model 2
[0.08929885758319343, 0.683864050564048, 0.14280921947789935, 0.07836566301222286, 0.0056622093626364995]
Games played: 65
Exploitability: P1=4.600000000 P2=0.237630394 EV: (0.21397442500966302, -0.21397442500966302) P1 Winnings: -5.0
Choosing model 1
[0.06317322590457232, 0.7654553330710905, 0.09841267749231306, 0.06947015290502824, 0.003488610626995948]
Games played: 66
Exploitability: P1=2.800000000 P2=0.237630394 EV: (0.23763039398700142, -0.23763039398700142) P1 Winnings: 8.0
Choosing model 1
[0.05979427246417691, 0.7757197222479674, 0.09393177026885909, 0.06737159010557406, 0.0031826449134225976]
Games played: 67
Exploitability: P1=2.800000000 P2=0.237630394 EV: (0.23763039398700142, -0.23763039398700142) P1 Winnings: 11.0
Choosing model 0
[0.0735264825619061, 0.7318693263255174, 0.11303951354418337, 0.07734281329541941, 0.004221864272973567]
Games played: 68
Exploitability: P1=1.900000000 P2=0.237630394 EV: (-0.09215451887416039, 0.09215451887416039) P1 Winnings: 12.0
Choosing model 0
[0.08633610517443382, 0.692182340512341, 0.1303876674727438, 0.08581422166486052, 0.005279665175620886]
Games played: 69
Exploitability: P1=1.900000000 P2=0.237630394 EV: (-0.09215451887416039, 0.09215451887416039) P1 Winnings: 12.0
Choosing model 1
[0.11770482729025307, 0.6068570778011442, 0.1427498967602179, 0.12299566776861337, 0.009692530379771429]
Games played: 70
Exploitability: P1=2.800000000 P2=0.237630394 EV: (0.23763039398700142, -0.23763039398700142) P1 Winnings: 15.0
Choosing model 0
[0.11696855286966477, 0.6064374540624048, 0.14291824878240758, 0.12445145075119164, 0.009224293534331088]
Games played: 71
Exploitability: P1=1.900000000 P2=0.237630394 EV: (-0.09215451887416039, 0.09215451887416039) P1 Winnings: 18.0
Choosing model 1
[0.09057250119169037, 0.6866294210826743, 0.14071175613603773, 0.07741589715153287, 0.004670424438064705]
Games played: 72
Exploitability: P1=2.800000000 P2=0.237630394 EV: (0.23763039398700142, -0.23763039398700142) P1 Winnings: 23.0
Choosing model 1
[0.10880609745995143, 0.6328835232812628, 0.16543249677911234, 0.08682523892638268, 0.006052643553290909]
Games played: 73
Exploitability: P1=2.800000000 P2=0.237630394 EV: (0.23763039398700142, -0.23763039398700142) P1 Winnings: 24.0
Choosing model 1
[0.1617582398718324, 0.49630321554013673, 0.20753517199005392, 0.12223127221110534, 0.012172100386871533]
Games played: 74
Exploitability: P1=2.800000000 P2=0.237630394 EV: (0.23763039398700142, -0.23763039398700142) P1 Winnings: 29.0
Choosing model 2
[0.13004955351276098, 0.5772993115208211, 0.17362313451165595, 0.11070275493748075, 0.008325245517281196]
Games played: 75
Exploitability: P1=4.600000000 P2=0.237630394 EV: (0.21397442500966302, -0.21397442500966302) P1 Winnings: 22.0
Choosing model 1
[0.12780273623780777, 0.5857407488410016, 0.18066467981203085, 0.0983681694555725, 0.007423665653587484]
Games played: 76
Exploitability: P1=2.800000000 P2=0.237630394 EV: (0.23763039398700142, -0.23763039398700142) P1 Winnings: 23.0
Choosing model 3
[0.14774559250293015, 0.531717588179356, 0.20466562075097758, 0.10664694077588209, 0.009224257790854236]
Games played: 77
Exploitability: P1=1.933333333 P2=0.237630394 EV: (-0.061828447277275836, 0.061828447277275836) P1 Winnings: 26.0
Choosing model 1
[0.13613346564050077, 0.5692888654649205, 0.1571108592918455, 0.12812819175045753, 0.009338617852275681]
Games played: 78
Exploitability: P1=2.800000000 P2=0.237630394 EV: (0.23763039398700142, -0.23763039398700142) P1 Winnings: 31.0
Choosing model 1
[0.1546941250591205, 0.5210506191213318, 0.17537702451249254, 0.13757650006898928, 0.011301731238065932]
Games played: 79
Exploitability: P1=2.800000000 P2=0.237630394 EV: (0.23763039398700142, -0.23763039398700142) P1 Winnings: 32.0
Choosing model 1
[0.1245118157719768, 0.5984935550897138, 0.1489539928789624, 0.12048202887215173, 0.007558607387195366]
Games played: 80
Exploitability: P1=2.800000000 P2=0.237630394 EV: (0.23763039398700142, -0.23763039398700142) P1 Winnings: 39.0
Choosing model 0
[0.13443119811970994, 0.5707644665937441, 0.1430345392671578, 0.14264452353631327, 0.009125272483074811]
Games played: 81
Exploitability: P1=1.900000000 P2=0.237630394 EV: (-0.09215451887416039, 0.09215451887416039) P1 Winnings: 32.0
Choosing model 1
[0.1344311220853563, 0.5707646517501888, 0.1430344743866418, 0.14264448907339158, 0.009125262704421475]
Games played: 82
Exploitability: P1=2.800000000 P2=0.237630394 EV: (0.23763039398700142, -0.23763039398700142) P1 Winnings: 31.0
Choosing model 1
[0.12867664252194255, 0.5849455104704585, 0.13806243628269496, 0.13989652823913934, 0.008418882485764606]
Games played: 83
Exploitability: P1=2.800000000 P2=0.237630394 EV: (0.23763039398700142, -0.23763039398700142) P1 Winnings: 18.0
Choosing model 1
[0.1509776036248938, 0.5265901453717068, 0.1585338141618511, 0.1532423161541485, 0.010656120687399932]
Games played: 84
Exploitability: P1=2.800000000 P2=0.237630394 EV: (0.23763039398700142, -0.23763039398700142) P1 Winnings: 19.0
Choosing model 2
[0.1509772998794265, 0.5265908626683033, 0.1585335624328857, 0.15324219618775825, 0.010656078831626207]
Games played: 85
Exploitability: P1=4.600000000 P2=0.237630394 EV: (0.21397442500966302, -0.21397442500966302) P1 Winnings: 10.0
Choosing model 3
[0.16968142138173772, 0.4795075854074686, 0.17510304754909278, 0.16297235327511692, 0.012735592386584059]
Games played: 86
Exploitability: P1=1.933333333 P2=0.237630394 EV: (-0.061828447277275836, 0.061828447277275836) P1 Winnings: 9.0
Choosing model 3
[0.20465402547968867, 0.3968203726771, 0.20420004286122848, 0.17694085028159756, 0.017384708700385106]
Games played: 87
Exploitability: P1=1.933333333 P2=0.237630394 EV: (-0.061828447277275836, 0.061828447277275836) P1 Winnings: -2.0
Choosing model 0
[0.22475305592668657, 0.35100845804181235, 0.2202919953747645, 0.18361326953009172, 0.02033322112664491]
Games played: 88
Exploitability: P1=1.900000000 P2=0.237630394 EV: (-0.09215451887416039, 0.09215451887416039) P1 Winnings: -2.0
Choosing model 0
[0.22475296911066, 0.35100863485477773, 0.22029193495466878, 0.18361325809604861, 0.020333202983844816]
Games played: 89
Exploitability: P1=1.900000000 P2=0.237630394 EV: (-0.09215451887416039, 0.09215451887416039) P1 Winnings: -3.0
Choosing model 2
[0.28299829710722796, 0.23024259535094868, 0.261976891069922, 0.1932613268471146, 0.03152088962478686]
Games played: 90
Exploitability: P1=4.600000000 P2=0.237630394 EV: (0.21397442500966302, -0.21397442500966302) P1 Winnings: -6.0
Choosing model 0
[0.29303148083005043, 0.21123558598036946, 0.24956145399772103, 0.21063958457767354, 0.035531894614185565]
Games played: 91
Exploitability: P1=1.900000000 P2=0.237630394 EV: (-0.09215451887416039, 0.09215451887416039) P1 Winnings: -15.0
Choosing model 0
[0.3136291091780656, 0.17346572544611838, 0.2614045607071106, 0.2104752517374836, 0.041025352931222024]
Games played: 92
Exploitability: P1=1.900000000 P2=0.237630394 EV: (-0.09215451887416039, 0.09215451887416039) P1 Winnings: -14.0
Choosing model 4
[0.33247854896377704, 0.1410929945116852, 0.27120269123245977, 0.2083086320557622, 0.04691713323631583]
Games played: 93
Exploitability: P1=2.600000000 P2=0.237630394 EV: (-0.1691849385611957, 0.1691849385611957) P1 Winnings: -13.0
Choosing model 4
[0.3392114790062266, 0.12996560963344314, 0.27448356713698185, 0.20712412622307713, 0.049215218000271205]
Games played: 94
Exploitability: P1=2.600000000 P2=0.237630394 EV: (-0.1691849385611957, 0.1691849385611957) P1 Winnings: -16.0
Choosing model 0
[0.33921141502510227, 0.1299657007892966, 0.27448354610687187, 0.20712415426424138, 0.04921518381448788]
Games played: 95
Exploitability: P1=1.900000000 P2=0.237630394 EV: (-0.09215451887416039, 0.09215451887416039) P1 Winnings: -17.0
Choosing model 0
[0.34058348725344695, 0.13472711008760951, 0.2918124533192666, 0.18803935450974596, 0.0448375948299311]
Games played: 96
Exploitability: P1=1.900000000 P2=0.237630394 EV: (-0.09215451887416039, 0.09215451887416039) P1 Winnings: -16.0
Choosing model 2
[0.33555731963205837, 0.14212044875371063, 0.28992246094186486, 0.18982085366443985, 0.042578917007926396]
Games played: 97
Exploitability: P1=4.600000000 P2=0.237630394 EV: (0.21397442500966302, -0.21397442500966302) P1 Winnings: -25.0
Choosing model 0
[0.35986497444151067, 0.10457599425398263, 0.3006284732202555, 0.18324939674819238, 0.051681161336058996]
Games played: 98
Exploitability: P1=1.900000000 P2=0.237630394 EV: (-0.09215451887416039, 0.09215451887416039) P1 Winnings: -25.0
Choosing model 4
[0.33595568162083717, 0.13921823893707402, 0.2916560647761602, 0.19192366832198765, 0.041246346343941]
Games played: 99
Exploitability: P1=2.600000000 P2=0.237630394 EV: (-0.1691849385611957, 0.1691849385611957) P1 Winnings: -25.0
Choosing model 1
[0.350001240308272, 0.11682130028717251, 0.29848064788867484, 0.1889325425788336, 0.04576426893704699]
Games played: 100
Exploitability: P1=2.800000000 P2=0.237630394 EV: (0.23763039398700142, -0.23763039398700142) P1 Winnings: -24.0
Choosing model 1
[0.3297536471470501, 0.15303600030557346, 0.31116882042013655, 0.17179106970501842, 0.03425046242222155]
Games played: 101
Exploitability: P1=2.800000000 P2=0.237630394 EV: (0.23763039398700142, -0.23763039398700142) P1 Winnings: -19.0
Choosing model 0
[0.34401890147545316, 0.12935577639859092, 0.31903521067837454, 0.1695923315299877, 0.03799777991759347]
Games played: 102
Exploitability: P1=1.900000000 P2=0.237630394 EV: (-0.09215451887416039, 0.09215451887416039) P1 Winnings: -20.0
Choosing model 2
[0.34291884428156766, 0.1331275640927833, 0.33673017834441066, 0.15285516975801827, 0.034368243523220265]
Games played: 103
Exploitability: P1=4.600000000 P2=0.237630394 EV: (0.21397442500966302, -0.21397442500966302) P1 Winnings: -19.0
Choosing model 3
[0.3538987236226717, 0.12173251219368748, 0.31970818206784474, 0.16604750401464483, 0.03861307810115131]
Games played: 104
Exploitability: P1=1.933333333 P2=0.237630394 EV: (-0.061828447277275836, 0.061828447277275836) P1 Winnings: -28.0
Choosing model 3
[0.3570548730369251, 0.11972378605659992, 0.2788907340411285, 0.20187499228865569, 0.04245561457669083]
Games played: 105
Exploitability: P1=1.933333333 P2=0.237630394 EV: (-0.061828447277275836, 0.061828447277275836) P1 Winnings: -19.0
Choosing model 0
[0.3520431970673758, 0.126386268072699, 0.27728730971030646, 0.20393677857022094, 0.040346446579397795]
Games played: 106
Exploitability: P1=1.900000000 P2=0.237630394 EV: (-0.09215451887416039, 0.09215451887416039) P1 Winnings: -30.0
Choosing model 3
[0.36563213824906654, 0.10635252844707986, 0.2830272466842954, 0.20042730667285585, 0.0445607799467024]
Games played: 107
Exploitability: P1=1.933333333 P2=0.237630394 EV: (-0.061828447277275836, 0.061828447277275836) P1 Winnings: -31.0
Choosing model 3
[0.3799358440611257, 0.08677905793035554, 0.28819829790868695, 0.19531798110234544, 0.04976881899748625]
Games played: 108
Exploitability: P1=1.933333333 P2=0.237630394 EV: (-0.061828447277275836, 0.061828447277275836) P1 Winnings: -34.0
Choosing model 2
[0.3588826809306909, 0.11329527167106075, 0.28207583133023295, 0.2051177651655783, 0.04062845090243711]
Games played: 109
Exploitability: P1=4.600000000 P2=0.237630394 EV: (0.21397442500966302, -0.21397442500966302) P1 Winnings: -34.0
Choosing model 3
[0.31098812671779047, 0.1856203595765889, 0.26725604887201887, 0.2106477093581612, 0.025487755475440573]
Games played: 110
Exploitability: P1=1.933333333 P2=0.237630394 EV: (-0.061828447277275836, 0.061828447277275836) P1 Winnings: -25.0
Choosing model 0
[0.28253984127557946, 0.23308596272148144, 0.2515913262983562, 0.21277051571362846, 0.02001235399095433]
Games played: 111
Exploitability: P1=1.900000000 P2=0.237630394 EV: (-0.09215451887416039, 0.09215451887416039) P1 Winnings: -20.0
Choosing model 3
[0.2761610940668445, 0.24392559334513847, 0.24797813001790256, 0.21308176255063513, 0.01885342001947933]
Games played: 112
Exploitability: P1=1.933333333 P2=0.237630394 EV: (-0.061828447277275836, 0.061828447277275836) P1 Winnings: -21.0
Choosing model 0
[0.2760639224108265, 0.25175473165299933, 0.2624792140871337, 0.19260090098411545, 0.017101230864924873]
Games played: 113
Exploitability: P1=1.900000000 P2=0.237630394 EV: (-0.09215451887416039, 0.09215451887416039) P1 Winnings: -20.0
Choosing model 0
[0.3297590678490485, 0.15665859293095902, 0.29612018453433514, 0.19231268985061267, 0.02514946483504462]
Games played: 114
Exploitability: P1=1.900000000 P2=0.237630394 EV: (-0.09215451887416039, 0.09215451887416039) P1 Winnings: -23.0
Choosing model 3
[0.3297589945845999, 0.15665869755162673, 0.29612015190914903, 0.19231270943283169, 0.025149446521792778]
Games played: 115
Exploitability: P1=1.933333333 P2=0.237630394 EV: (-0.061828447277275836, 0.061828447277275836) P1 Winnings: -24.0
Choosing model 0
[0.3370963790373751, 0.14458659696914333, 0.3002899827364298, 0.19159401396049114, 0.02643302729656064]
Games played: 116
Exploitability: P1=1.900000000 P2=0.237630394 EV: (-0.09215451887416039, 0.09215451887416039) P1 Winnings: -21.0
Choosing model 0
[0.33709630790455103, 0.14458669514132189, 0.3002899530028936, 0.19159403560760793, 0.02643300834362549]
Games played: 117
Exploitability: P1=1.900000000 P2=0.237630394 EV: (-0.09215451887416039, 0.09215451887416039) P1 Winnings: -22.0
Choosing model 1
[0.3316246894224725, 0.15229289563430937, 0.2978986813052984, 0.19311983518813233, 0.02506389844978749]
Games played: 118
Exploitability: P1=2.800000000 P2=0.237630394 EV: (0.23763039398700142, -0.23763039398700142) P1 Winnings: -23.0
Choosing model 1
[0.3266892769881661, 0.16006221059047762, 0.29748240028904477, 0.19211458975367723, 0.02365152237863428]
Games played: 119
Exploitability: P1=2.800000000 P2=0.237630394 EV: (0.23763039398700142, -0.23763039398700142) P1 Winnings: -18.0
Choosing model 0
[0.32668899702242216, 0.160062613472901, 0.29748227148600315, 0.19211466122536355, 0.02365145679331016]
Games played: 120
Exploitability: P1=1.900000000 P2=0.237630394 EV: (-0.09215451887416039, 0.09215451887416039) P1 Winnings: -27.0
Choosing model 1
[0.3550401601238359, 0.11696473985747743, 0.3119208292860182, 0.1867310614069289, 0.02934320932573949]
Games played: 121
Exploitability: P1=2.800000000 P2=0.237630394 EV: (0.23763039398700142, -0.23763039398700142) P1 Winnings: -27.0
Choosing model 0
[0.3682024989255617, 0.09827967992547126, 0.31790947670493813, 0.18324779035067432, 0.03236055409335466]
Games played: 122
Exploitability: P1=1.900000000 P2=0.237630394 EV: (-0.09215451887416039, 0.09215451887416039) P1 Winnings: -28.0
Choosing model 0
[0.4034319009585072, 0.05609662403342901, 0.32898263970089897, 0.16783587106447956, 0.04365296424268527]
Games played: 123
Exploitability: P1=1.900000000 P2=0.237630394 EV: (-0.09215451887416039, 0.09215451887416039) P1 Winnings: -31.0
Choosing model 2
[0.4030047757696364, 0.05785618507318794, 0.3479744152529311, 0.15159665450580528, 0.03956796939843929]
Games played: 124
Exploitability: P1=4.600000000 P2=0.237630394 EV: (0.21397442500966302, -0.21397442500966302) P1 Winnings: -30.0
Choosing model 3
[0.39311203634826614, 0.06664959023484772, 0.37599806730449337, 0.13289422481538096, 0.03134608129701188]
Games played: 125
Exploitability: P1=1.933333333 P2=0.237630394 EV: (-0.061828447277275836, 0.061828447277275836) P1 Winnings: -25.0
Choosing model 2
[0.3756162745672043, 0.08590623070617869, 0.37213229446526264, 0.14052632605626006, 0.025818874205094322]
Games played: 126
Exploitability: P1=4.600000000 P2=0.237630394 EV: (0.21397442500966302, -0.21397442500966302) P1 Winnings: -18.0
Choosing model 1
[0.36237215275110324, 0.09787609199274791, 0.3976856552942148, 0.1218367903894126, 0.020229309572521344]
Games played: 127
Exploitability: P1=2.800000000 P2=0.237630394 EV: (0.23763039398700142, -0.23763039398700142) P1 Winnings: -13.0
Choosing model 0
[0.37414486080023446, 0.08139540633561543, 0.4033503778258597, 0.1188650172987346, 0.02224433773955576]
Games played: 128
Exploitability: P1=1.900000000 P2=0.237630394 EV: (-0.09215451887416039, 0.09215451887416039) P1 Winnings: -12.0
Choosing model 0
[0.3846757770398151, 0.06780386872426342, 0.40755607407018135, 0.11564371726445381, 0.02432056290128637]
Games played: 129
Exploitability: P1=1.900000000 P2=0.237630394 EV: (-0.09215451887416039, 0.09215451887416039) P1 Winnings: -13.0
Choosing model 0
[0.38079825633688713, 0.0718642733418894, 0.40683883297092693, 0.11729356628929265, 0.023205071061003897]
Games played: 130
Exploitability: P1=1.900000000 P2=0.237630394 EV: (-0.09215451887416039, 0.09215451887416039) P1 Winnings: -14.0
Choosing model 2
[0.368967807672712, 0.085316106242348, 0.4035669924503607, 0.1217913952642492, 0.020357698370329927]
Games played: 131
Exploitability: P1=4.600000000 P2=0.237630394 EV: (0.21397442500966302, -0.21397442500966302) P1 Winnings: -19.0
Choosing model 0
[0.3490771449907476, 0.11059116831804347, 0.3956450413164836, 0.12806463767815437, 0.016622007696570924]
Games played: 132
Exploitability: P1=1.900000000 P2=0.237630394 EV: (-0.09215451887416039, 0.09215451887416039) P1 Winnings: -14.0
Choosing model 2
[0.35209735919417984, 0.10376795534105336, 0.3990769695035349, 0.1285445971757435, 0.016513118785488567]
Games played: 133
Exploitability: P1=4.600000000 P2=0.237630394 EV: (0.21397442500966302, -0.21397442500966302) P1 Winnings: -17.0
Choosing model 2
[0.34630996420755633, 0.10921750954476736, 0.39802761715807855, 0.1312829774303371, 0.015161931659260613]
Games played: 134
Exploitability: P1=4.600000000 P2=0.237630394 EV: (0.21397442500966302, -0.21397442500966302) P1 Winnings: -10.0
Choosing model 0
[0.32144850226456667, 0.14095816414135, 0.4088081038855868, 0.11760576936116472, 0.011179460347331856]
Games played: 135
Exploitability: P1=1.900000000 P2=0.237630394 EV: (-0.09215451887416039, 0.09215451887416039) P1 Winnings: -5.0
Choosing model 1
[0.33781826201801896, 0.1136596880305034, 0.42046009244909155, 0.11538764437689739, 0.012674313125488591]
Games played: 136
Exploitability: P1=2.800000000 P2=0.237630394 EV: (0.23763039398700142, -0.23763039398700142) P1 Winnings: -4.0
Choosing model 0
[0.31286074902542244, 0.15021635956995869, 0.41089934109221077, 0.11627023070089176, 0.009753319611516459]
Games played: 137
Exploitability: P1=1.900000000 P2=0.237630394 EV: (-0.09215451887416039, 0.09215451887416039) P1 Winnings: 3.0
Choosing model 0
[0.307758909080098, 0.1582104745247256, 0.4075959967157121, 0.11718718689633562, 0.009247432783128744]
Games played: 138
Exploitability: P1=1.900000000 P2=0.237630394 EV: (-0.09215451887416039, 0.09215451887416039) P1 Winnings: -6.0
Choosing model 0
[0.3215070773049284, 0.1339105087478377, 0.4184655010745305, 0.11584384462304644, 0.010273068249656864]
Games played: 139
Exploitability: P1=1.900000000 P2=0.237630394 EV: (-0.09215451887416039, 0.09215451887416039) P1 Winnings: -7.0
Choosing model 2
[0.3215070135230414, 0.13391060136269434, 0.41846546492585707, 0.1158438591749456, 0.010273061013461612]
Games played: 140
Exploitability: P1=4.600000000 P2=0.237630394 EV: (0.21397442500966302, -0.21397442500966302) P1 Winnings: -8.0
Choosing model 1
[0.3215067717703565, 0.13391095248694393, 0.41846532769669675, 0.11584391444048023, 0.010273033605522489]
Games played: 141
Exploitability: P1=2.800000000 P2=0.237630394 EV: (0.23763039398700142, -0.23763039398700142) P1 Winnings: -17.0
Choosing model 2
[0.3215067028447607, 0.13391105260126815, 0.4184652886192216, 0.11584393015094963, 0.01027302578379987]
Games played: 142
Exploitability: P1=4.600000000 P2=0.237630394 EV: (0.21397442500966302, -0.21397442500966302) P1 Winnings: -24.0
Choosing model 1
[0.31661210141553275, 0.14119273430482468, 0.41555817422775815, 0.11688608267220169, 0.0097509073796827]
Games played: 143
Exploitability: P1=2.800000000 P2=0.237630394 EV: (0.23763039398700142, -0.23763039398700142) P1 Winnings: -37.0
Choosing model 2
[0.3166118552323301, 0.1411931009062251, 0.4155580273059494, 0.11688613544048039, 0.009750881115014888]
Games played: 144
Exploitability: P1=4.600000000 P2=0.237630394 EV: (0.21397442500966302, -0.21397442500966302) P1 Winnings: -46.0
Choosing model 0
[0.35723439066394236, 0.10965427528844346, 0.33759933273485976, 0.17887379873656462, 0.016638202576189816]
Games played: 145
Exploitability: P1=1.900000000 P2=0.237630394 EV: (-0.09215451887416039, 0.09215451887416039) P1 Winnings: -49.0
Choosing model 2
[0.35554553457185034, 0.11267839391343965, 0.3557770447276045, 0.16097319778467128, 0.015025829002434179]
Games played: 146
Exploitability: P1=4.600000000 P2=0.237630394 EV: (0.21397442500966302, -0.21397442500966302) P1 Winnings: -48.0
Choosing model 0
[0.36711199583428444, 0.10308487520432681, 0.3379600271549497, 0.17495304030319378, 0.016890061503245367]
Games played: 147
Exploitability: P1=1.900000000 P2=0.237630394 EV: (-0.09215451887416039, 0.09215451887416039) P1 Winnings: -57.0
Choosing model 2
[0.3621081962027775, 0.10886622803638354, 0.33615534989477075, 0.17681264254282764, 0.01605758332324073]
Games played: 148
Exploitability: P1=4.600000000 P2=0.237630394 EV: (0.21397442500966302, -0.21397442500966302) P1 Winnings: -66.0
Choosing model 2
[0.3603458467298208, 0.1118529528292024, 0.3542057196483692, 0.15909603450862703, 0.014499446283980479]
Games played: 149
Exploitability: P1=4.600000000 P2=0.237630394 EV: (0.21397442500966302, -0.21397442500966302) P1 Winnings: -65.0
Choosing model 0
[0.36034559617188655, 0.11185325244852497, 0.3542056235436644, 0.15909611941482935, 0.01449940842109478]
Games played: 150
Exploitability: P1=1.900000000 P2=0.237630394 EV: (-0.09215451887416039, 0.09215451887416039) P1 Winnings: -74.0
Choosing model 0
[0.3734005985133751, 0.09390828970870888, 0.36071241433353346, 0.1560013322966057, 0.015977365147776867]
Games played: 151
Exploitability: P1=1.900000000 P2=0.237630394 EV: (-0.09215451887416039, 0.09215451887416039) P1 Winnings: -75.0
Choosing model 3
[0.38841378171933333, 0.07494938278133136, 0.3672098136906231, 0.15149799742094378, 0.01792902438776855]
Games played: 152
Exploitability: P1=1.933333333 P2=0.237630394 EV: (-0.061828447277275836, 0.061828447277275836) P1 Winnings: -74.0
Choosing model 3
[0.36766808236602116, 0.0980582144507904, 0.36017022781783575, 0.1594362267789392, 0.014667248586413488]
Games played: 153
Exploitability: P1=1.933333333 P2=0.237630394 EV: (-0.061828447277275836, 0.061828447277275836) P1 Winnings: -74.0
Choosing model 3
[0.3826796900475431, 0.07899617034096341, 0.3668562630341623, 0.15497604601343448, 0.01649183056389671]
Games played: 154
Exploitability: P1=1.933333333 P2=0.237630394 EV: (-0.061828447277275836, 0.061828447277275836) P1 Winnings: -71.0
Choosing model 2
[0.4087012156363249, 0.05807088037878931, 0.2821043252021342, 0.22448701529401863, 0.02663656348873298]
Games played: 155
Exploitability: P1=4.600000000 P2=0.237630394 EV: (0.21397442500966302, -0.21397442500966302) P1 Winnings: -74.0
Choosing model 2
[0.38490778715959706, 0.07912626842452221, 0.2764610436332186, 0.23816374045007863, 0.021341160332583337]
Games played: 156
Exploitability: P1=4.600000000 P2=0.237630394 EV: (0.21397442500966302, -0.21397442500966302) P1 Winnings: -83.0
Choosing model 3
[0.4009454385076401, 0.06356763468381313, 0.2833143950588265, 0.22830717304935794, 0.02386535870036231]
Games played: 157
Exploitability: P1=1.933333333 P2=0.237630394 EV: (-0.061828447277275836, 0.061828447277275836) P1 Winnings: -80.0
Choosing model 0
[0.41488681568935565, 0.050912353932159496, 0.28689412631660455, 0.2206287204779008, 0.026677983583979593]
Games played: 158
Exploitability: P1=1.900000000 P2=0.237630394 EV: (-0.09215451887416039, 0.09215451887416039) P1 Winnings: -87.0
Choosing model 0
[0.3929030139397538, 0.06875442044408842, 0.28234225068819907, 0.23440201657944448, 0.021598298348514178]
Games played: 159
Exploitability: P1=1.900000000 P2=0.237630394 EV: (-0.09215451887416039, 0.09215451887416039) P1 Winnings: -87.0
Choosing model 3
[0.39290295192725233, 0.06875447078401828, 0.28234223774806805, 0.23440205552980006, 0.021598284010861387]
Games played: 160
Exploitability: P1=1.933333333 P2=0.237630394 EV: (-0.061828447277275836, 0.061828447277275836) P1 Winnings: -88.0
Choosing model 0
[0.40729649954874636, 0.05516567069598422, 0.28642431428399345, 0.22692632850899933, 0.02418718696227667]
Games played: 161
Exploitability: P1=1.900000000 P2=0.237630394 EV: (-0.09215451887416039, 0.09215451887416039) P1 Winnings: -88.0
Choosing model 2
[0.4270534301950611, 0.03968742487052439, 0.29037387830546774, 0.2141828034853826, 0.028702463143564127]
Games played: 162
Exploitability: P1=4.600000000 P2=0.237630394 EV: (0.21397442500966302, -0.21397442500966302) P1 Winnings: -95.0
Choosing model 0
[0.4189063330187909, 0.04455508472476984, 0.28099331021439855, 0.22903487686019092, 0.026510395181849934]
Games played: 163
Exploitability: P1=1.900000000 P2=0.237630394 EV: (-0.09215451887416039, 0.09215451887416039) P1 Winnings: -95.0
Choosing model 3
[0.38971895003648777, 0.06585989634493482, 0.275590695051278, 0.24906930453793638, 0.01976115402936309]
Games played: 164
Exploitability: P1=1.933333333 P2=0.237630394 EV: (-0.061828447277275836, 0.061828447277275836) P1 Winnings: -100.0
Choosing model 2
[0.4111208180755188, 0.04766960549640841, 0.2810980815979268, 0.23651784989868474, 0.02359364493146142]
Games played: 165
Exploitability: P1=4.600000000 P2=0.237630394 EV: (0.21397442500966302, -0.21397442500966302) P1 Winnings: -97.0
Choosing model 2
[0.40770953308231067, 0.050436402053105185, 0.2825816468924606, 0.2368594747388836, 0.022412943233240074]
Games played: 166
Exploitability: P1=4.600000000 P2=0.237630394 EV: (0.21397442500966302, -0.21397442500966302) P1 Winnings: -92.0
Choosing model 2
[0.4134608917762847, 0.045318823094985486, 0.26364017324199285, 0.25283599813710594, 0.024744113749630956]
Games played: 167
Exploitability: P1=4.600000000 P2=0.237630394 EV: (0.21397442500966302, -0.21397442500966302) P1 Winnings: -83.0
Choosing model 3
[0.4241328624436055, 0.03766565967304111, 0.26578410285935333, 0.24542516897162928, 0.026992206052370776]
Games played: 168
Exploitability: P1=1.933333333 P2=0.237630394 EV: (-0.061828447277275836, 0.061828447277275836) P1 Winnings: -82.0
Choosing model 0
[0.4382136127712446, 0.03348403697945773, 0.29740756057480716, 0.20580656796963323, 0.0250882217048572]
Games played: 169
Exploitability: P1=1.900000000 P2=0.237630394 EV: (-0.09215451887416039, 0.09215451887416039) P1 Winnings: -79.0
Choosing model 3
[0.43821356145759155, 0.03348406285941542, 0.29740755905888, 0.2058066105516845, 0.02508820607242853]
Games played: 170
Exploitability: P1=1.933333333 P2=0.237630394 EV: (-0.061828447277275836, 0.061828447277275836) P1 Winnings: -80.0
Choosing model 0
[0.4195045481276376, 0.04574375630025876, 0.3004315708436415, 0.2143638012676989, 0.019956323460763172]
Games played: 171
Exploitability: P1=1.900000000 P2=0.237630394 EV: (-0.09215451887416039, 0.09215451887416039) P1 Winnings: -73.0
Choosing model 0
[0.415224064946534, 0.04847704281557736, 0.2998653803344711, 0.21739488840441207, 0.019038623499005505]
Games played: 172
Exploitability: P1=1.900000000 P2=0.237630394 EV: (-0.09215451887416039, 0.09215451887416039) P1 Winnings: -74.0
Choosing model 2
[0.4108668286887854, 0.05135859044278303, 0.29921254801606895, 0.2204042301515329, 0.018157802700829832]
Games played: 173
Exploitability: P1=4.600000000 P2=0.237630394 EV: (0.21397442500966302, -0.21397442500966302) P1 Winnings: -69.0
Choosing model 3
[0.41153513004087255, 0.04050132316167519, 0.2257494488988903, 0.2975961855944576, 0.024617912304104275]
Games played: 174
Exploitability: P1=1.933333333 P2=0.237630394 EV: (-0.061828447277275836, 0.061828447277275836) P1 Winnings: -78.0
Choosing model 3
[0.4183073461863933, 0.04250410749141135, 0.24296832124295833, 0.27351478806625157, 0.022705437012985535]
Games played: 175
Exploitability: P1=1.933333333 P2=0.237630394 EV: (-0.061828447277275836, 0.061828447277275836) P1 Winnings: -77.0
Choosing model 3
[0.42365691423983687, 0.044444990756665456, 0.2605570548645391, 0.250475062405864, 0.020865977733094808]
Games played: 176
Exploitability: P1=1.933333333 P2=0.237630394 EV: (-0.061828447277275836, 0.061828447277275836) P1 Winnings: -76.0
Choosing model 3
[0.4290154287549597, 0.03995220155100723, 0.26202636398318807, 0.24751211986693836, 0.021493885843906668]
Games played: 177
Exploitability: P1=1.933333333 P2=0.237630394 EV: (-0.061828447277275836, 0.061828447277275836) P1 Winnings: -79.0
Choosing model 2
[0.41511246279796044, 0.05652528040878598, 0.3223690241316901, 0.19239433234010256, 0.013598900321460978]
Games played: 178
Exploitability: P1=4.600000000 P2=0.237630394 EV: (0.21397442500966302, -0.21397442500966302) P1 Winnings: -74.0
Choosing model 3
[0.4151122395503364, 0.056525440726684646, 0.3223689874465642, 0.19239446532403856, 0.013598866952376191]
Games played: 179
Exploitability: P1=1.933333333 P2=0.237630394 EV: (-0.061828447277275836, 0.061828447277275836) P1 Winnings: -83.0
Choosing model 2
[0.3841628514280058, 0.08311567878515022, 0.3145118799376903, 0.20812602591602128, 0.010083563933132231]
Games played: 180
Exploitability: P1=4.600000000 P2=0.237630394 EV: (0.21397442500966302, -0.21397442500966302) P1 Winnings: -83.0
Choosing model 1
[0.4081873780576804, 0.05938123742486303, 0.3224197035224399, 0.19778059544177246, 0.012231085553244009]
Games played: 181
Exploitability: P1=2.800000000 P2=0.237630394 EV: (0.23763039398700142, -0.23763039398700142) P1 Winnings: -88.0
Choosing model 3
[0.41357585317857537, 0.05432014666288404, 0.32406536792096335, 0.19529710043866003, 0.01274153179891733]
Games played: 182
Exploitability: P1=1.933333333 P2=0.237630394 EV: (-0.061828447277275836, 0.061828447277275836) P1 Winnings: -88.0
Choosing model 0
[0.39291586783614874, 0.0713280086089792, 0.3190136410228542, 0.20628091677847915, 0.010461565753538698]
Games played: 183
Exploitability: P1=1.900000000 P2=0.237630394 EV: (-0.09215451887416039, 0.09215451887416039) P1 Winnings: -101.0
Choosing model 1
[0.4059662257654777, 0.059305721555527914, 0.3272108310644852, 0.19615846400929243, 0.011358757605216725]
Games played: 184
Exploitability: P1=2.800000000 P2=0.237630394 EV: (0.23763039398700142, -0.23763039398700142) P1 Winnings: -100.0
Choosing model 0
[0.3859929346148798, 0.07602692150162757, 0.322100769480707, 0.20656011365491408, 0.009319260747871492]
Games played: 185
Exploitability: P1=1.900000000 P2=0.237630394 EV: (-0.09215451887416039, 0.09215451887416039) P1 Winnings: -93.0
Choosing model 3
[0.3923420266371074, 0.06114405838435284, 0.4062805499258618, 0.13254515153010724, 0.00768821352257063]
Games played: 186
Exploitability: P1=1.933333333 P2=0.237630394 EV: (-0.061828447277275836, 0.061828447277275836) P1 Winnings: -92.0
Choosing model 3
[0.37300736959507125, 0.08034548263300034, 0.4002311119170203, 0.14009906732225824, 0.006316968532649873]
Games played: 187
Exploitability: P1=1.933333333 P2=0.237630394 EV: (-0.061828447277275836, 0.061828447277275836) P1 Winnings: -87.0
Choosing model 0
[0.3933110024083039, 0.05812897003244668, 0.40804273955436443, 0.1329787059565246, 0.007538582048360482]
Games played: 188
Exploitability: P1=1.900000000 P2=0.237630394 EV: (-0.09215451887416039, 0.09215451887416039) P1 Winnings: -98.0
Choosing model 2
[0.39332757334914636, 0.05001718193791009, 0.44193969801451566, 0.1079335820658071, 0.006781964632620877]
Games played: 189
Exploitability: P1=4.600000000 P2=0.237630394 EV: (0.21397442500966302, -0.21397442500966302) P1 Winnings: -95.0
Choosing model 2
[0.37055910630339556, 0.065519996139479, 0.4607082429966241, 0.09813715839248502, 0.005075496168016318]
Games played: 190
Exploitability: P1=4.600000000 P2=0.237630394 EV: (0.21397442500966302, -0.21397442500966302) P1 Winnings: -90.0
Choosing model 2
[0.3527145688336978, 0.07365145194139235, 0.48576256291787384, 0.08394787927202847, 0.003923537035007557]
Games played: 191
Exploitability: P1=4.600000000 P2=0.237630394 EV: (0.21397442500966302, -0.21397442500966302) P1 Winnings: -85.0
Choosing model 0
[0.3683683119209792, 0.06815396585477117, 0.46673134919531206, 0.09228543630250692, 0.0044609367264305064]
Games played: 192
Exploitability: P1=1.900000000 P2=0.237630394 EV: (-0.09215451887416039, 0.09215451887416039) P1 Winnings: -76.0
Choosing model 0
[0.3703158468814354, 0.06373568040878495, 0.46920927869829737, 0.0923222655021569, 0.0044169285093253845]
Games played: 193
Exploitability: P1=1.900000000 P2=0.237630394 EV: (-0.09215451887416039, 0.09215451887416039) P1 Winnings: -79.0
Choosing model 2
[0.3721581866294197, 0.059585332492225626, 0.47155402666335067, 0.09233045653114938, 0.004371997683854579]
Games played: 194
Exploitability: P1=4.600000000 P2=0.237630394 EV: (0.21397442500966302, -0.21397442500966302) P1 Winnings: -82.0
Choosing model 2
[0.38355574091008804, 0.04711777628867577, 0.47562638276470826, 0.08883924455093715, 0.004860855485590723]
Games played: 195
Exploitability: P1=4.600000000 P2=0.237630394 EV: (0.21397442500966302, -0.21397442500966302) P1 Winnings: -81.0
Choosing model 0
[0.37582905900594643, 0.04766721371451367, 0.49347162158049984, 0.07871030588934456, 0.004321799809695602]
Games played: 196
Exploitability: P1=1.900000000 P2=0.237630394 EV: (-0.09215451887416039, 0.09215451887416039) P1 Winnings: -80.0
Choosing model 2
[0.37236748336482534, 0.05056611787820858, 0.4930358439560451, 0.0799033577182271, 0.0041271970826938205]
Games played: 197
Exploitability: P1=4.600000000 P2=0.237630394 EV: (0.21397442500966302, -0.21397442500966302) P1 Winnings: -81.0
Choosing model 3
[0.3942880518960611, 0.06581052779289717, 0.398003815450904, 0.13661040356427795, 0.005287201295859789]
Games played: 198
Exploitability: P1=1.933333333 P2=0.237630394 EV: (-0.061828447277275836, 0.061828447277275836) P1 Winnings: -94.0
Choosing model 2
[0.38961971013571894, 0.0671422340809959, 0.41643662117838964, 0.12206072651147447, 0.004740708093421015]
Games played: 199
Exploitability: P1=4.600000000 P2=0.237630394 EV: (0.21397442500966302, -0.21397442500966302) P1 Winnings: -93.0
Choosing model 2
[0.400093398739856, 0.055861902609931645, 0.42026121083949786, 0.11860667248856978, 0.005176815322144598]
Games played: 200
Exploitability: P1=4.600000000 P2=0.237630394 EV: (0.21397442500966302, -0.21397442500966302) P1 Winnings: -92.0
