Player 1 exploitability: 0.347172754449
Choosing model 2
[0.18950403550095934, 0.13043810071237064, 0.1364464615084929, 0.2570254357600597, 0.28658596651811746]
Games played: 1
Exploitability: P1=4.600000000 P2=0.261520740 EV: (0.20111182099491953, -0.20111182099491953) P1 Winnings: 7.0
Choosing model 4
[0.1893044471853091, 0.13901701634472233, 0.13816858316705202, 0.25927694457557066, 0.27423300872734585]
Games played: 2
Exploitability: P1=2.600000000 P2=0.261520740 EV: (-0.17627174870644388, 0.17627174870644388) P1 Winnings: 12.0
Choosing model 0
[0.18790461720210055, 0.1477416861175752, 0.13829957888069966, 0.26368933913851583, 0.2623647786611088]
Games played: 3
Exploitability: P1=1.900000000 P2=0.261520740 EV: (-0.09193627298774845, 0.09193627298774845) P1 Winnings: 11.0
Choosing model 2
[0.1945539384184158, 0.1173681162900808, 0.140138350462466, 0.2548907705376255, 0.2930488242914118]
Games played: 4
Exploitability: P1=4.600000000 P2=0.261520740 EV: (0.20111182099491953, -0.20111182099491953) P1 Winnings: 12.0
Choosing model 3
[0.1873184793086595, 0.15618722278833916, 0.13980729610756293, 0.272843473989854, 0.2438435278055845]
Games played: 5
Exploitability: P1=1.933333333 P2=0.261520740 EV: (-0.03081269536530481, 0.03081269536530481) P1 Winnings: 3.0
Choosing model 0
[0.20163224198381643, 0.08758189659331352, 0.14213308877236835, 0.24550224149830674, 0.323150531152195]
Games played: 6
Exploitability: P1=1.900000000 P2=0.261520740 EV: (-0.09193627298774845, 0.09193627298774845) P1 Winnings: 3.0
Choosing model 4
[0.19436773053261064, 0.04453368687748938, 0.11561577235415575, 0.22410049326569056, 0.42138231697005357]
Games played: 7
Exploitability: P1=2.600000000 P2=0.261520740 EV: (-0.17627174870644388, 0.17627174870644388) P1 Winnings: 8.0
Choosing model 3
[0.19436774764224427, 0.04453373043272704, 0.11561579548047428, 0.22410058560132706, 0.42138214084322734]
Games played: 8
Exploitability: P1=1.933333333 P2=0.261520740 EV: (-0.03081269536530481, 0.03081269536530481) P1 Winnings: 7.0
Choosing model 3
[0.19326377759831456, 0.03477094901841562, 0.11265246344384802, 0.20897228136591137, 0.4503405285735104]
Games played: 9
Exploitability: P1=1.933333333 P2=0.261520740 EV: (-0.03081269536530481, 0.03081269536530481) P1 Winnings: 4.0
Choosing model 4
[0.204289458284021, 0.03794767293665662, 0.1260870728089544, 0.19973264387868722, 0.4319431520916807]
Games played: 10
Exploitability: P1=2.600000000 P2=0.261520740 EV: (-0.17627174870644388, 0.17627174870644388) P1 Winnings: 5.0
Choosing model 4
[0.2057214684358654, 0.04091450115718041, 0.12803807605330442, 0.206079478280981, 0.4192464760726688]
Games played: 11
Exploitability: P1=2.600000000 P2=0.261520740 EV: (-0.17627174870644388, 0.17627174870644388) P1 Winnings: 4.0
Choosing model 4
[0.20407798314900993, 0.03141496401715087, 0.12429805590301592, 0.19091911691032762, 0.4492898800204957]
Games played: 12
Exploitability: P1=2.600000000 P2=0.261520740 EV: (-0.17627174870644388, 0.17627174870644388) P1 Winnings: -3.0
Choosing model 4
[0.20150821300044974, 0.023800039227118947, 0.12011424134447865, 0.17599688380580966, 0.47858062262214307]
Games played: 13
Exploitability: P1=2.600000000 P2=0.261520740 EV: (-0.17627174870644388, 0.17627174870644388) P1 Winnings: -3.0
Choosing model 4
[0.2081401106243686, 0.03397780531515658, 0.12855523438941222, 0.20210954507125248, 0.4272173045998101]
Games played: 14
Exploitability: P1=2.600000000 P2=0.261520740 EV: (-0.17627174870644388, 0.17627174870644388) P1 Winnings: 2.0
Choosing model 1
[0.23702200930887163, 0.0645027098127309, 0.1814611721231795, 0.20366950157125496, 0.313344607183963]
Games played: 15
Exploitability: P1=2.800000000 P2=0.261520740 EV: (0.2615207403090482, -0.2615207403090482) P1 Winnings: 7.0
Choosing model 2
[0.23407746659643974, 0.08962923225561226, 0.18608424364395604, 0.2250419523921804, 0.26516710511181163]
Games played: 16
Exploitability: P1=4.600000000 P2=0.261520740 EV: (0.20111182099491953, -0.20111182099491953) P1 Winnings: 7.0
Choosing model 4
[0.2385830616168691, 0.07009292497567438, 0.18561931640131996, 0.21414229324268383, 0.2915624037634528]
Games played: 17
Exploitability: P1=2.600000000 P2=0.261520740 EV: (-0.17627174870644388, 0.17627174870644388) P1 Winnings: 8.0
Choosing model 4
[0.23439847660727386, 0.09517962343932164, 0.18896030397958147, 0.23390335086781655, 0.2475582451060064]
Games played: 18
Exploitability: P1=2.600000000 P2=0.261520740 EV: (-0.17627174870644388, 0.17627174870644388) P1 Winnings: 13.0
Choosing model 4
[0.22630942058428768, 0.12701249624322952, 0.18903867272761157, 0.2510747900762196, 0.20656462036865167]
Games played: 19
Exploitability: P1=2.600000000 P2=0.261520740 EV: (-0.17627174870644388, 0.17627174870644388) P1 Winnings: 18.0
Choosing model 1
[0.20925366043304186, 0.18290514956970433, 0.1838979521023131, 0.26970194057797897, 0.1542412973169617]
Games played: 20
Exploitability: P1=2.800000000 P2=0.261520740 EV: (0.2615207403090482, -0.2615207403090482) P1 Winnings: 13.0
Choosing model 3
[0.21077698067024372, 0.24410420159455967, 0.24227988827330255, 0.19860320573559054, 0.10423572372630346]
Games played: 21
Exploitability: P1=1.933333333 P2=0.261520740 EV: (-0.03081269536530481, 0.03081269536530481) P1 Winnings: 16.0
Choosing model 3
[0.20115443788715073, 0.2645863410118894, 0.20050299809675803, 0.22854023204368146, 0.10521599096052035]
Games played: 22
Exploitability: P1=1.933333333 P2=0.261520740 EV: (-0.03081269536530481, 0.03081269536530481) P1 Winnings: 21.0
Choosing model 3
[0.1878570991057708, 0.3027539909734762, 0.191698439662979, 0.22872284650761424, 0.08896762375015967]
Games played: 23
Exploitability: P1=1.933333333 P2=0.261520740 EV: (-0.03081269536530481, 0.03081269536530481) P1 Winnings: 12.0
Choosing model 1
[0.1923907384383187, 0.2884349529056401, 0.1963291173005867, 0.23310379672459983, 0.08974139463085473]
Games played: 24
Exploitability: P1=2.800000000 P2=0.261520740 EV: (0.2615207403090482, -0.2615207403090482) P1 Winnings: 9.0
Choosing model 1
[0.1877853616138753, 0.3014282187344382, 0.19324007558122697, 0.23311969308270306, 0.08442665098775656]
Games played: 25
Exploitability: P1=2.800000000 P2=0.261520740 EV: (0.2615207403090482, -0.2615207403090482) P1 Winnings: -4.0
Choosing model 1
[0.17599752068111793, 0.37430698243809407, 0.23688216857204808, 0.1597260844443115, 0.053087243864428466]
Games played: 26
Exploitability: P1=2.800000000 P2=0.261520740 EV: (0.2615207403090482, -0.2615207403090482) P1 Winnings: -1.0
Choosing model 4
[0.19231301930814879, 0.3291366345387175, 0.2569582629101312, 0.16063332356412993, 0.060958759678872716]
Games played: 27
Exploitability: P1=2.600000000 P2=0.261520740 EV: (-0.17627174870644388, 0.17627174870644388) P1 Winnings: 0.0
Choosing model 1
[0.19231295336178922, 0.329136814606054, 0.2569582035755434, 0.16063332052638887, 0.060958707930224454]
Games played: 28
Exploitability: P1=2.800000000 P2=0.261520740 EV: (0.2615207403090482, -0.2615207403090482) P1 Winnings: -1.0
Choosing model 2
[0.19957670093337573, 0.30838542992164336, 0.2645326201545697, 0.16246261944467325, 0.06504262954573811]
Games played: 29
Exploitability: P1=4.600000000 P2=0.261520740 EV: (0.20111182099491953, -0.20111182099491953) P1 Winnings: -1.0
Choosing model 4
[0.177182818720022, 0.3782612406568074, 0.2744084333287151, 0.12835620817491364, 0.04179129911954195]
Games played: 30
Exploitability: P1=2.600000000 P2=0.261520740 EV: (-0.17627174870644388, 0.17627174870644388) P1 Winnings: 8.0
Choosing model 4
[0.17718275000358205, 0.37826143060960055, 0.2744083576392643, 0.1283561999822748, 0.041791261765278365]
Games played: 31
Exploitability: P1=2.600000000 P2=0.261520740 EV: (-0.17627174870644388, 0.17627174870644388) P1 Winnings: 7.0
Choosing model 0
[0.18817022577971498, 0.3456446369632839, 0.3156209808655239, 0.11063753982745832, 0.0399266165640188]
Games played: 32
Exploitability: P1=1.900000000 P2=0.261520740 EV: (-0.09193627298774845, 0.09193627298774845) P1 Winnings: 10.0
Choosing model 1
[0.21638179617090886, 0.2672524656118052, 0.35016762882117763, 0.1137851035109273, 0.05241300588518095]
Games played: 33
Exploitability: P1=2.800000000 P2=0.261520740 EV: (0.2615207403090482, -0.2615207403090482) P1 Winnings: 10.0
Choosing model 2
[0.2334461129584125, 0.221223956018269, 0.36972216652787243, 0.11460677657676083, 0.06100098791868536]
Games played: 34
Exploitability: P1=4.600000000 P2=0.261520740 EV: (0.20111182099491953, -0.20111182099491953) P1 Winnings: 11.0
Choosing model 3
[0.23344589651891112, 0.22122449732346558, 0.369721980502866, 0.11460681117141104, 0.06100081448334631]
Games played: 35
Exploitability: P1=1.933333333 P2=0.261520740 EV: (-0.03081269536530481, 0.03081269536530481) P1 Winnings: 2.0
Choosing model 0
[0.2476855579086681, 0.18430998473333698, 0.3844031786555108, 0.11403661024234608, 0.06956466846013806]
Games played: 36
Exploitability: P1=1.900000000 P2=0.261520740 EV: (-0.09193627298774845, 0.09193627298774845) P1 Winnings: -1.0
Choosing model 1
[0.26159998176215044, 0.1493586557712154, 0.3973356781753296, 0.11244503595621631, 0.07926064833508821]
Games played: 37
Exploitability: P1=2.800000000 P2=0.261520740 EV: (0.2615207403090482, -0.2615207403090482) P1 Winnings: 0.0
Choosing model 2
[0.2580400702482294, 0.1577387107452853, 0.3952227481530931, 0.11364275171627727, 0.07535571913711483]
Games played: 38
Exploitability: P1=4.600000000 P2=0.261520740 EV: (0.20111182099491953, -0.20111182099491953) P1 Winnings: 3.0
Choosing model 1
[0.24682114558215815, 0.17818659976948928, 0.41876395827222096, 0.09768936705378459, 0.058538929322347166]
Games played: 39
Exploitability: P1=2.800000000 P2=0.261520740 EV: (0.2615207403090482, -0.2615207403090482) P1 Winnings: 8.0
Choosing model 2
[0.25779610010179776, 0.15078859288201302, 0.4298463091408827, 0.09655037826076288, 0.06501861961454367]
Games played: 40
Exploitability: P1=4.600000000 P2=0.261520740 EV: (0.20111182099491953, -0.20111182099491953) P1 Winnings: 9.0
Choosing model 1
[0.2397796656381183, 0.1938470817118594, 0.4142680573749342, 0.09984098350227484, 0.05226421177281332]
Games played: 41
Exploitability: P1=2.800000000 P2=0.261520740 EV: (0.2615207403090482, -0.2615207403090482) P1 Winnings: 0.0
Choosing model 2
[0.22625499485488598, 0.21601635517913095, 0.4330114928622571, 0.08466521551247591, 0.040051941591249994]
Games played: 42
Exploitability: P1=4.600000000 P2=0.261520740 EV: (0.20111182099491953, -0.20111182099491953) P1 Winnings: 5.0
Choosing model 2
[0.22142598008409678, 0.22622668111846894, 0.42971859276010027, 0.08603750121055051, 0.036591244826783415]
Games played: 43
Exploitability: P1=4.600000000 P2=0.261520740 EV: (0.20111182099491953, -0.20111182099491953) P1 Winnings: 12.0
Choosing model 1
[0.19023691638820264, 0.33832953235338353, 0.3379856948630972, 0.10603980653948793, 0.02740804985582871]
Games played: 44
Exploitability: P1=2.800000000 P2=0.261520740 EV: (0.2615207403090482, -0.2615207403090482) P1 Winnings: 3.0
Choosing model 2
[0.1902366571629671, 0.3383302128589932, 0.3379853776152654, 0.10603979236834535, 0.027407959994429035]
Games played: 45
Exploitability: P1=4.600000000 P2=0.261520740 EV: (0.20111182099491953, -0.20111182099491953) P1 Winnings: -6.0
Choosing model 0
[0.20186219867994232, 0.31809184086635006, 0.3299459263244673, 0.11843886507908766, 0.031661169050152795]
Games played: 46
Exploitability: P1=1.900000000 P2=0.261520740 EV: (-0.09193627298774845, 0.09193627298774845) P1 Winnings: -15.0
Choosing model 2
[0.2171525082363632, 0.27724383878763537, 0.34882087566641523, 0.12056382496169457, 0.03621895234789165]
Games played: 47
Exploitability: P1=4.600000000 P2=0.261520740 EV: (0.20111182099491953, -0.20111182099491953) P1 Winnings: -16.0
Choosing model 2
[0.19967337140886035, 0.3237867390758965, 0.23409650841914817, 0.19990779876861342, 0.04253558232748156]
Games played: 48
Exploitability: P1=4.600000000 P2=0.261520740 EV: (0.20111182099491953, -0.20111182099491953) P1 Winnings: -25.0
Choosing model 1
[0.1994348504549795, 0.333897425789983, 0.24757695306006064, 0.18054086223464774, 0.038549908460329074]
Games played: 49
Exploitability: P1=2.800000000 P2=0.261520740 EV: (0.2615207403090482, -0.2615207403090482) P1 Winnings: -24.0
Choosing model 3
[0.17515835959305484, 0.40516237923489795, 0.2540659617849427, 0.1411097395460057, 0.02450355984109901]
Games played: 50
Exploitability: P1=1.933333333 P2=0.261520740 EV: (-0.03081269536530481, 0.03081269536530481) P1 Winnings: -15.0
Choosing model 2
[0.1488848269210757, 0.4759960023164622, 0.2237681588372577, 0.13335072409598211, 0.018000287829222337]
Games played: 51
Exploitability: P1=4.600000000 P2=0.261520740 EV: (0.20111182099491953, -0.20111182099491953) P1 Winnings: -10.0
Choosing model 1
[0.12381710147986309, 0.5471271542549482, 0.192823836653054, 0.1232947075186885, 0.012937200093446236]
Games played: 52
Exploitability: P1=2.800000000 P2=0.261520740 EV: (0.2615207403090482, -0.2615207403090482) P1 Winnings: -19.0
Choosing model 0
[0.1187290159612508, 0.5617239629977602, 0.18645406947304174, 0.12113585587448374, 0.011957095693463505]
Games played: 53
Exploitability: P1=1.900000000 P2=0.261520740 EV: (-0.09193627298774845, 0.09193627298774845) P1 Winnings: -32.0
Choosing model 3
[0.1579336546210586, 0.44800934845281287, 0.23621148228921968, 0.13868254782614683, 0.01916296681076189]
Games played: 54
Exploitability: P1=1.933333333 P2=0.261520740 EV: (-0.03081269536530481, 0.03081269536530481) P1 Winnings: -31.0
Choosing model 2
[0.15584798147296475, 0.4564431405384029, 0.24680950334166887, 0.12374087495300737, 0.01715849969395617]
Games played: 55
Exploitability: P1=4.600000000 P2=0.261520740 EV: (0.20111182099491953, -0.20111182099491953) P1 Winnings: -30.0
Choosing model 1
[0.19683985207372756, 0.34565659024929857, 0.29688280724701005, 0.13451053920116474, 0.026110211228798964]
Games played: 56
Exploitability: P1=2.800000000 P2=0.261520740 EV: (0.2615207403090482, -0.2615207403090482) P1 Winnings: -29.0
Choosing model 0
[0.213097006477548, 0.3031856791388291, 0.3158633326989465, 0.1377950327445874, 0.030058948940089092]
Games played: 57
Exploitability: P1=1.900000000 P2=0.261520740 EV: (-0.09193627298774845, 0.09193627298774845) P1 Winnings: -30.0
Choosing model 1
[0.2287633527330214, 0.26370436037913486, 0.33324079645980204, 0.1399766501925104, 0.03431484023553133]
Games played: 58
Exploitability: P1=2.800000000 P2=0.261520740 EV: (0.2615207403090482, -0.2615207403090482) P1 Winnings: -31.0
Choosing model 0
[0.2234801008316655, 0.27582153759648126, 0.32828080429533396, 0.14010706664704922, 0.032310490629470105]
Games played: 59
Exploitability: P1=1.900000000 P2=0.261520740 EV: (-0.09193627298774845, 0.09193627298774845) P1 Winnings: -38.0
Choosing model 2
[0.22348003126348726, 0.27582169721627803, 0.3282807388707617, 0.14010706842722465, 0.03231046422224832]
Games played: 60
Exploitability: P1=4.600000000 P2=0.261520740 EV: (0.20111182099491953, -0.20111182099491953) P1 Winnings: -39.0
Choosing model 1
[0.19657142731516974, 0.34135862256922594, 0.29983479259685175, 0.1378822199649646, 0.02435293755378776]
Games played: 61
Exploitability: P1=2.800000000 P2=0.261520740 EV: (0.2615207403090482, -0.2615207403090482) P1 Winnings: -39.0
Choosing model 0
[0.20840933606042605, 0.31968010078725473, 0.282734024280853, 0.16030548180294302, 0.028871057068523248]
Games played: 62
Exploitability: P1=1.900000000 P2=0.261520740 EV: (-0.09193627298774845, 0.09193627298774845) P1 Winnings: -46.0
Choosing model 1
[0.1701408125976075, 0.41466378480373145, 0.2433343272022041, 0.15297613920799363, 0.018884936188463243]
Games played: 63
Exploitability: P1=2.800000000 P2=0.261520740 EV: (0.2615207403090482, -0.2615207403090482) P1 Winnings: -51.0
Choosing model 1
[0.17940327318197533, 0.3881300340759804, 0.2548054895678501, 0.15740514351791837, 0.020256059656275912]
Games played: 64
Exploitability: P1=2.800000000 P2=0.261520740 EV: (0.2615207403090482, -0.2615207403090482) P1 Winnings: -51.0
Choosing model 0
[0.15488154659822267, 0.4517809607440808, 0.22774703667114218, 0.1505005872509207, 0.015089868735633756]
Games played: 65
Exploitability: P1=1.900000000 P2=0.261520740 EV: (-0.09193627298774845, 0.09193627298774845) P1 Winnings: -44.0
Choosing model 1
[0.19596024252017427, 0.3427224269521572, 0.2744304817424011, 0.16388445790568515, 0.023002390879582304]
Games played: 66
Exploitability: P1=2.800000000 P2=0.261520740 EV: (0.2615207403090482, -0.2615207403090482) P1 Winnings: -43.0
Choosing model 0
[0.2147696441121216, 0.2949501761936521, 0.29473691713352207, 0.16844655313136178, 0.02709670942934251]
Games played: 67
Exploitability: P1=1.900000000 P2=0.261520740 EV: (-0.09193627298774845, 0.09193627298774845) P1 Winnings: -40.0
Choosing model 1
[0.2092278887667727, 0.3076477817820423, 0.28954504038567, 0.16813605001398524, 0.02544323905152975]
Games played: 68
Exploitability: P1=2.800000000 P2=0.261520740 EV: (0.2615207403090482, -0.2615207403090482) P1 Winnings: -41.0
Choosing model 2
[0.20364939883067643, 0.320609062347286, 0.2841938014898709, 0.16767813781813712, 0.02386959951402949]
Games played: 69
Exploitability: P1=4.600000000 P2=0.261520740 EV: (0.20111182099491953, -0.20111182099491953) P1 Winnings: -54.0
Choosing model 1
[0.21399374052033304, 0.29850024081535664, 0.27473665405183856, 0.18546371508428353, 0.027305649528188154]
Games played: 70
Exploitability: P1=2.800000000 P2=0.261520740 EV: (0.2615207403090482, -0.2615207403090482) P1 Winnings: -45.0
Choosing model 2
[0.2310127491832704, 0.25931385601696405, 0.2944283086670684, 0.18426866807694714, 0.03097641805575013]
Games played: 71
Exploitability: P1=4.600000000 P2=0.261520740 EV: (0.20111182099491953, -0.20111182099491953) P1 Winnings: -44.0
Choosing model 0
[0.2501506717686353, 0.21655999645905147, 0.31365441710744424, 0.1836253160811166, 0.03600959858375222]
Games played: 72
Exploitability: P1=1.900000000 P2=0.261520740 EV: (-0.09193627298774845, 0.09193627298774845) P1 Winnings: -41.0
Choosing model 2
[0.24496803143994622, 0.22706196232473477, 0.30973769061906886, 0.18424356490297425, 0.033988750713275846]
Games played: 73
Exploitability: P1=4.600000000 P2=0.261520740 EV: (0.20111182099491953, -0.20111182099491953) P1 Winnings: -36.0
Choosing model 2
[0.2546322445752205, 0.20912180900287913, 0.29619799050743995, 0.2015862423093227, 0.038461713605137775]
Games played: 74
Exploitability: P1=4.600000000 P2=0.261520740 EV: (0.20111182099491953, -0.20111182099491953) P1 Winnings: -27.0
Choosing model 4
[0.2725911712568673, 0.17265712377373776, 0.3119511664901974, 0.1985978814895587, 0.044202656989638954]
Games played: 75
Exploitability: P1=2.600000000 P2=0.261520740 EV: (-0.17627174870644388, 0.17627174870644388) P1 Winnings: -24.0
Choosing model 2
[0.25088626404054576, 0.21436245455454936, 0.2973961905183268, 0.20228479255513182, 0.03507029833144625]
Games played: 76
Exploitability: P1=4.600000000 P2=0.261520740 EV: (0.20111182099491953, -0.20111182099491953) P1 Winnings: -17.0
Choosing model 2
[0.24485469027989026, 0.22387575034413826, 0.2943210102496929, 0.20499683120562046, 0.03195171792065802]
Games played: 77
Exploitability: P1=4.600000000 P2=0.261520740 EV: (0.20111182099491953, -0.20111182099491953) P1 Winnings: -10.0
Choosing model 2
[0.26313727758042543, 0.18459737129941534, 0.3095485568680277, 0.205674315626957, 0.03704247862517442]
Games played: 78
Exploitability: P1=4.600000000 P2=0.261520740 EV: (0.20111182099491953, -0.20111182099491953) P1 Winnings: -9.0
Choosing model 0
[0.28848101482008887, 0.13607628828269225, 0.32741906071080784, 0.2016638268082265, 0.04635980937818453]
Games played: 79
Exploitability: P1=1.900000000 P2=0.261520740 EV: (-0.09193627298774845, 0.09193627298774845) P1 Winnings: -14.0
Choosing model 2
[0.2884600851800815, 0.14048309182533603, 0.34666246846865056, 0.1823313588703015, 0.04206299565563055]
Games played: 80
Exploitability: P1=4.600000000 P2=0.261520740 EV: (0.20111182099491953, -0.20111182099491953) P1 Winnings: -13.0
Choosing model 2
[0.27833024378517857, 0.1600811777541451, 0.3705217000535507, 0.15810528365249832, 0.03296159475462751]
Games played: 81
Exploitability: P1=4.600000000 P2=0.261520740 EV: (0.20111182099491953, -0.20111182099491953) P1 Winnings: -8.0
Choosing model 2
[0.27590172237193294, 0.16383526745605664, 0.3889036653466937, 0.14171155695235718, 0.0296477878729596]
Games played: 82
Exploitability: P1=4.600000000 P2=0.261520740 EV: (0.20111182099491953, -0.20111182099491953) P1 Winnings: -7.0
Choosing model 1
[0.2913117429760954, 0.1334128807639328, 0.40397243781062464, 0.1376969067344356, 0.03360603171491147]
Games played: 83
Exploitability: P1=2.800000000 P2=0.261520740 EV: (0.2615207403090482, -0.2615207403090482) P1 Winnings: -4.0
Choosing model 1
[0.31264930452532813, 0.11273207968782761, 0.32658202126374103, 0.19921647913392268, 0.04882011538918043]
Games played: 84
Exploitability: P1=2.800000000 P2=0.261520740 EV: (0.2615207403090482, -0.2615207403090482) P1 Winnings: -13.0
Choosing model 1
[0.3265566043406695, 0.09034269288852262, 0.333831140031811, 0.1942608246993495, 0.05500873803964739]
Games played: 85
Exploitability: P1=2.800000000 P2=0.261520740 EV: (0.2615207403090482, -0.2615207403090482) P1 Winnings: -12.0
Choosing model 3
[0.3339703396416375, 0.08161132061646208, 0.3036515774128013, 0.2178602424459907, 0.06290651988310834]
Games played: 86
Exploitability: P1=1.933333333 P2=0.261520740 EV: (-0.03081269536530481, 0.03081269536530481) P1 Winnings: -19.0
Choosing model 2
[0.31566692070147834, 0.10661693723598391, 0.2973917726890473, 0.22893804769890166, 0.051386321674588765]
Games played: 87
Exploitability: P1=4.600000000 P2=0.261520740 EV: (0.20111182099491953, -0.20111182099491953) P1 Winnings: -19.0
Choosing model 0
[0.330085821998946, 0.08598264224425411, 0.3059376069799431, 0.2203084254486842, 0.057685503328172426]
Games played: 88
Exploitability: P1=1.900000000 P2=0.261520740 EV: (-0.09193627298774845, 0.09193627298774845) P1 Winnings: -16.0
Choosing model 3
[0.3073332983031842, 0.07669382619244089, 0.20359925850435068, 0.3371192034517655, 0.07525441354825867]
Games played: 89
Exploitability: P1=1.933333333 P2=0.261520740 EV: (-0.03081269536530481, 0.03081269536530481) P1 Winnings: -21.0
Choosing model 3
[0.31514719758216714, 0.0811965075388255, 0.2210621559885235, 0.31257353117569897, 0.0700206077147848]
Games played: 90
Exploitability: P1=1.933333333 P2=0.261520740 EV: (-0.03081269536530481, 0.03081269536530481) P1 Winnings: -20.0
Choosing model 0
[0.3218363723896968, 0.08561150590592802, 0.2390399298962477, 0.2886281914686488, 0.06488400033947869]
Games played: 91
Exploitability: P1=1.900000000 P2=0.261520740 EV: (-0.09193627298774845, 0.09193627298774845) P1 Winnings: -19.0
Choosing model 1
[0.33266867707973613, 0.07127664184821457, 0.24271958079238873, 0.2819072044865559, 0.07142789579310464]
Games played: 92
Exploitability: P1=2.800000000 P2=0.261520740 EV: (0.2615207403090482, -0.2615207403090482) P1 Winnings: -19.0
Choosing model 2
[0.3261956239687036, 0.0773154425923121, 0.24207422589556157, 0.28976553578865666, 0.06464917175476595]
Games played: 93
Exploitability: P1=4.600000000 P2=0.261520740 EV: (0.20111182099491953, -0.20111182099491953) P1 Winnings: -16.0
Choosing model 0
[0.3363940532095415, 0.06460050218510191, 0.2453401674235187, 0.2827675790311589, 0.07089769815067884]
Games played: 94
Exploitability: P1=1.900000000 P2=0.261520740 EV: (-0.09193627298774845, 0.09193627298774845) P1 Winnings: -15.0
Choosing model 3
[0.3422534975318193, 0.06785917747771457, 0.2643033203987444, 0.26013217550635337, 0.06545182908536827]
Games played: 95
Exploitability: P1=1.933333333 P2=0.261520740 EV: (-0.03081269536530481, 0.03081269536530481) P1 Winnings: -14.0
Choosing model 2
[0.3532590402117012, 0.054999049889232224, 0.2673285041294271, 0.25180183642596665, 0.07261156934367287]
Games played: 96
Exploitability: P1=4.600000000 P2=0.261520740 EV: (0.20111182099491953, -0.20111182099491953) P1 Winnings: -17.0
Choosing model 3
[0.3580316304612953, 0.057551468630708466, 0.28688494388925556, 0.23075540323273827, 0.06677655378600239]
Games played: 97
Exploitability: P1=1.933333333 P2=0.261520740 EV: (-0.03081269536530481, 0.03081269536530481) P1 Winnings: -16.0
Choosing model 1
[0.34116355892192946, 0.07826011221789458, 0.2884640537638947, 0.23924032751275257, 0.05287194758352856]
Games played: 98
Exploitability: P1=2.800000000 P2=0.261520740 EV: (0.2615207403090482, -0.2615207403090482) P1 Winnings: -9.0
Choosing model 0
[0.3461836437282676, 0.07169691387298192, 0.29036953903017554, 0.23658914195418673, 0.055160761414388394]
Games played: 99
Exploitability: P1=1.900000000 P2=0.261520740 EV: (-0.09193627298774845, 0.09193627298774845) P1 Winnings: -9.0
Choosing model 0
[0.30885365210831617, 0.11828086313736907, 0.2772702393225865, 0.25840107528392275, 0.03719417014780541]
Games played: 100
Exploitability: P1=1.900000000 P2=0.261520740 EV: (-0.09193627298774845, 0.09193627298774845) P1 Winnings: -14.0
Choosing model 0
[0.33229329280813924, 0.08556682185810484, 0.287814325288355, 0.24864299825677855, 0.04568256178862229]
Games played: 101
Exploitability: P1=1.900000000 P2=0.261520740 EV: (-0.09193627298774845, 0.09193627298774845) P1 Winnings: -14.0
Choosing model 4
[0.3434415712122468, 0.07123197658260523, 0.29221416673323314, 0.24282766356100782, 0.05028462191090695]
Games played: 102
Exploitability: P1=2.600000000 P2=0.261520740 EV: (-0.17627174870644388, 0.17627174870644388) P1 Winnings: -14.0
Choosing model 2
[0.3463547772399794, 0.07416797596894249, 0.31203546934593324, 0.2214273972837644, 0.04601438016138051]
Games played: 103
Exploitability: P1=4.600000000 P2=0.261520740 EV: (0.20111182099491953, -0.20111182099491953) P1 Winnings: -13.0
Choosing model 3
[0.33143769514266525, 0.09868444245300388, 0.33040343364619257, 0.20449649264468733, 0.0349779361134509]
Games played: 104
Exploitability: P1=1.933333333 P2=0.261520740 EV: (-0.03081269536530481, 0.03081269536530481) P1 Winnings: -8.0
Choosing model 0
[0.3314982733701326, 0.10190633301158983, 0.34991156696713793, 0.18493968283460377, 0.03174414381653571]
Games played: 105
Exploitability: P1=1.900000000 P2=0.261520740 EV: (-0.09193627298774845, 0.09193627298774845) P1 Winnings: -7.0
Choosing model 3
[0.3518524215891346, 0.0742152113958608, 0.359098589239054, 0.17670041008141, 0.038133367694540544]
Games played: 106
Exploitability: P1=1.933333333 P2=0.261520740 EV: (-0.03081269536530481, 0.03081269536530481) P1 Winnings: -14.0
Choosing model 0
[0.35077124168493534, 0.07638876285575841, 0.37906310116152964, 0.1592816945476449, 0.0344951997501318]
Games played: 107
Exploitability: P1=1.900000000 P2=0.261520740 EV: (-0.09193627298774845, 0.09193627298774845) P1 Winnings: -13.0
Choosing model 2
[0.35077119096550585, 0.07638881979652552, 0.37906308880641304, 0.15928172312382782, 0.03449517730772779]
Games played: 108
Exploitability: P1=4.600000000 P2=0.261520740 EV: (0.20111182099491953, -0.20111182099491953) P1 Winnings: -14.0
Choosing model 0
[0.3444782121494365, 0.08585731115143734, 0.3672426073800796, 0.17052422985124954, 0.031897639467797015]
Games played: 109
Exploitability: P1=1.900000000 P2=0.261520740 EV: (-0.09193627298774845, 0.09193627298774845) P1 Winnings: -14.0
Choosing model 2
[0.3151855270925275, 0.12481620190517234, 0.35423505984673553, 0.18237890127862139, 0.023384309876943284]
Games played: 110
Exploitability: P1=4.600000000 P2=0.261520740 EV: (0.20111182099491953, -0.20111182099491953) P1 Winnings: -19.0
Choosing model 3
[0.32523514150612004, 0.11411772757677353, 0.3362844657223044, 0.1980935650159364, 0.026269100178865547]
Games played: 111
Exploitability: P1=1.933333333 P2=0.261520740 EV: (-0.03081269536530481, 0.03081269536530481) P1 Winnings: -28.0
Choosing model 0
[0.3606031677962327, 0.06765448793486857, 0.35190299378031603, 0.18362996428521586, 0.03620938620336677]
Games played: 112
Exploitability: P1=1.900000000 P2=0.261520740 EV: (-0.09193627298774845, 0.09193627298774845) P1 Winnings: -29.0
Choosing model 2
[0.3606031170232874, 0.06765453862172065, 0.3519029836455652, 0.18362999792632748, 0.03620936278309936]
Games played: 113
Exploitability: P1=4.600000000 P2=0.261520740 EV: (0.20111182099491953, -0.20111182099491953) P1 Winnings: -30.0
Choosing model 2
[0.36376076418796693, 0.06286056501363865, 0.2820490836180963, 0.24727085216878503, 0.044058735011513174]
Games played: 114
Exploitability: P1=4.600000000 P2=0.261520740 EV: (0.20111182099491953, -0.20111182099491953) P1 Winnings: -43.0
Choosing model 4
[0.3637605636967712, 0.06286074245983318, 0.28204904775260947, 0.24727101977963828, 0.0440586263111479]
Games played: 115
Exploitability: P1=2.600000000 P2=0.261520740 EV: (-0.17627174870644388, 0.17627174870644388) P1 Winnings: -52.0
Choosing model 2
[0.3687035019711254, 0.05752508142206338, 0.2835970640257231, 0.24425945327841034, 0.04591489930267776]
Games played: 116
Exploitability: P1=4.600000000 P2=0.261520740 EV: (0.20111182099491953, -0.20111182099491953) P1 Winnings: -55.0
Choosing model 0
[0.3638928490261215, 0.039078272527162346, 0.20153073014651718, 0.32696688921439393, 0.06853125908580489]
Games played: 117
Exploitability: P1=1.900000000 P2=0.261520740 EV: (-0.09193627298774845, 0.09193627298774845) P1 Winnings: -66.0
Choosing model 0
[0.33833200368697375, 0.05772900711156823, 0.1975353425048564, 0.35535082220720593, 0.051052824489395625]
Games played: 118
Exploitability: P1=1.900000000 P2=0.261520740 EV: (-0.09193627298774845, 0.09193627298774845) P1 Winnings: -71.0
Choosing model 4
[0.32707606267733647, 0.06700910605432867, 0.19508073721718033, 0.3657605003997548, 0.04507359365139974]
Games played: 119
Exploitability: P1=2.600000000 P2=0.261520740 EV: (-0.17627174870644388, 0.17627174870644388) P1 Winnings: -71.0
Choosing model 3
[0.32707600472382864, 0.06700915381942492, 0.1950807245005633, 0.36576055409850233, 0.04507356285768074]
Games played: 120
Exploitability: P1=1.933333333 P2=0.261520740 EV: (-0.03081269536530481, 0.03081269536530481) P1 Winnings: -72.0
Choosing model 2
[0.33565488803186, 0.07099888650593118, 0.21197909238580223, 0.33939546326434844, 0.041971669812057986]
Games played: 121
Exploitability: P1=4.600000000 P2=0.261520740 EV: (0.20111182099491953, -0.20111182099491953) P1 Winnings: -71.0
Choosing model 0
[0.3430726763314931, 0.07492345636292425, 0.22941433922427185, 0.313663555767667, 0.03892597231364369]
Games played: 122
Exploitability: P1=1.900000000 P2=0.261520740 EV: (-0.09193627298774845, 0.09193627298774845) P1 Winnings: -70.0
Choosing model 3
[0.3384926177259776, 0.07914788014091223, 0.22825407497266845, 0.31708753179089316, 0.03701789536954858]
Games played: 123
Exploitability: P1=1.933333333 P2=0.261520740 EV: (-0.03081269536530481, 0.03081269536530481) P1 Winnings: -65.0
Choosing model 2
[0.3445204174365735, 0.07150959757009356, 0.23071075702521468, 0.3149330887530593, 0.038326139215058924]
Games played: 124
Exploitability: P1=4.600000000 P2=0.261520740 EV: (0.20111182099491953, -0.20111182099491953) P1 Winnings: -68.0
Choosing model 3
[0.3468247737138561, 0.06378380670868242, 0.2136717253192639, 0.333716757040216, 0.04200293721798159]
Games played: 125
Exploitability: P1=1.933333333 P2=0.261520740 EV: (-0.03081269536530481, 0.03081269536530481) P1 Winnings: -77.0
Choosing model 0
[0.35962500238887685, 0.05193395620057523, 0.21711212716596498, 0.32451681972756374, 0.0468120945170192]
Games played: 126
Exploitability: P1=1.900000000 P2=0.261520740 EV: (-0.09193627298774845, 0.09193627298774845) P1 Winnings: -80.0
Choosing model 0
[0.35962494772782083, 0.05193399452820217, 0.2171121184826992, 0.32451687554640796, 0.04681206371486978]
Games played: 127
Exploitability: P1=1.900000000 P2=0.261520740 EV: (-0.09193627298774845, 0.09193627298774845) P1 Winnings: -81.0
Choosing model 2
[0.35962489306674916, 0.051934032855853934, 0.2171121097994193, 0.3245169313652402, 0.046812032912737514]
Games played: 128
Exploitability: P1=4.600000000 P2=0.261520740 EV: (0.20111182099491953, -0.20111182099491953) P1 Winnings: -82.0
Choosing model 2
[0.3377146098564445, 0.038397454409467645, 0.15357665819017213, 0.4108081630034696, 0.05950311454044605]
Games played: 129
Exploitability: P1=4.600000000 P2=0.261520740 EV: (0.20111182099491953, -0.20111182099491953) P1 Winnings: -82.0
Choosing model 0
[0.35165767117091284, 0.030836101570135166, 0.15732639039993893, 0.3936630437045373, 0.06651679315447587]
Games played: 130
Exploitability: P1=1.900000000 P2=0.261520740 EV: (-0.09193627298774845, 0.09193627298774845) P1 Winnings: -79.0
Choosing model 3
[0.3516576223065755, 0.030836124729509074, 0.15732638615935304, 0.39366311655044023, 0.06651675025412222]
Games played: 131
Exploitability: P1=1.933333333 P2=0.261520740 EV: (-0.03081269536530481, 0.03081269536530481) P1 Winnings: -80.0
Choosing model 3
[0.3638892946452756, 0.03294444149936242, 0.1723793295734863, 0.3683314853701215, 0.06245544891175422]
Games played: 132
Exploitability: P1=1.933333333 P2=0.261520740 EV: (-0.03081269536530481, 0.03081269536530481) P1 Winnings: -79.0
Choosing model 0
[0.3750881201544324, 0.035060595766247406, 0.1881410632669644, 0.3432952139839051, 0.05841500682845069]
Games played: 133
Exploitability: P1=1.900000000 P2=0.261520740 EV: (-0.09193627298774845, 0.09193627298774845) P1 Winnings: -78.0
Choosing model 0
[0.3851353697751876, 0.03716828298640349, 0.20454933231556408, 0.3187224965249678, 0.054424518397876966]
Games played: 134
Exploitability: P1=1.900000000 P2=0.261520740 EV: (-0.09193627298774845, 0.09193627298774845) P1 Winnings: -77.0
Choosing model 2
[0.36572783879343257, 0.04966127861631548, 0.20169616359319406, 0.3386287961542938, 0.04428592284276411]
Games played: 135
Exploitability: P1=4.600000000 P2=0.261520740 EV: (0.20111182099491953, -0.20111182099491953) P1 Winnings: -72.0
Choosing model 3
[0.3763752900797805, 0.04140763717048861, 0.20399083126061857, 0.3297612910166681, 0.04846495047244438]
Games played: 136
Exploitability: P1=1.933333333 P2=0.261520740 EV: (-0.03081269536530481, 0.03081269536530481) P1 Winnings: -71.0
Choosing model 1
[0.3866906695113692, 0.03426583710385597, 0.205878412776947, 0.3201348134770817, 0.05303026713074621]
Games played: 137
Exploitability: P1=2.800000000 P2=0.261520740 EV: (0.2615207403090482, -0.2615207403090482) P1 Winnings: -71.0
Choosing model 3
[0.36033614906816336, 0.02941036756514474, 0.15242995381401794, 0.39821715339718133, 0.05960637615549253]
Games played: 138
Exploitability: P1=1.933333333 P2=0.261520740 EV: (-0.03081269536530481, 0.03081269536530481) P1 Winnings: -84.0
Choosing model 3
[0.3729201143294891, 0.03142545250887938, 0.16703699577281503, 0.3726428678679619, 0.05597456952085445]
Games played: 139
Exploitability: P1=1.933333333 P2=0.261520740 EV: (-0.03081269536530481, 0.03081269536530481) P1 Winnings: -83.0
Choosing model 0
[0.3844668059146616, 0.033450120984998076, 0.18234341660097853, 0.3473767348452095, 0.05236292165415244]
Games played: 140
Exploitability: P1=1.900000000 P2=0.261520740 EV: (-0.09193627298774845, 0.09193627298774845) P1 Winnings: -82.0
Choosing model 0
[0.3804540324408251, 0.035440467919827266, 0.181956820408064, 0.3522054757510642, 0.04994320348021949]
Games played: 141
Exploitability: P1=1.900000000 P2=0.261520740 EV: (-0.09193627298774845, 0.09193627298774845) P1 Winnings: -77.0
Choosing model 3
[0.3683659285572548, 0.04204372364885314, 0.18036211333315955, 0.3654451951381264, 0.043783039322605945]
Games played: 142
Exploitability: P1=1.933333333 P2=0.261520740 EV: (-0.03081269536530481, 0.03081269536530481) P1 Winnings: -82.0
Choosing model 2
[0.38133213992321013, 0.033687431357411285, 0.18271656851154244, 0.35330057600888043, 0.0489632841989556]
Games played: 143
Exploitability: P1=4.600000000 P2=0.261520740 EV: (0.20111182099491953, -0.20111182099491953) P1 Winnings: -89.0
Choosing model 2
[0.4048954285852197, 0.021434869613395652, 0.18580048893515638, 0.32720313917132166, 0.06066607369490663]
Games played: 144
Exploitability: P1=4.600000000 P2=0.261520740 EV: (0.20111182099491953, -0.20111182099491953) P1 Winnings: -86.0
Choosing model 2
[0.4117651480343596, 0.037422126000985344, 0.2741248300416125, 0.2418328090569554, 0.03485508686608731]
Games played: 145
Exploitability: P1=4.600000000 P2=0.261520740 EV: (0.20111182099491953, -0.20111182099491953) P1 Winnings: -81.0
Choosing model 2
[0.3851356085266485, 0.06008878808663087, 0.3719694528751629, 0.16438809285776596, 0.018418057653791793]
Games played: 146
Exploitability: P1=4.600000000 P2=0.261520740 EV: (0.20111182099491953, -0.20111182099491953) P1 Winnings: -76.0
Choosing model 2
[0.36555651926970556, 0.07930231231367878, 0.3906681498945465, 0.1505861420145772, 0.013886876507491928]
Games played: 147
Exploitability: P1=4.600000000 P2=0.261520740 EV: (0.20111182099491953, -0.20111182099491953) P1 Winnings: -71.0
Choosing model 1
[0.34506516240937773, 0.10346350917743066, 0.3821086123760943, 0.15803397085601528, 0.0113287451810821]
Games played: 148
Exploitability: P1=2.800000000 P2=0.261520740 EV: (0.2615207403090482, -0.2615207403090482) P1 Winnings: -80.0
Choosing model 0
[0.3368801784539036, 0.11174146073628115, 0.37943613554206046, 0.16173318208167498, 0.01020904318607979]
Games played: 149
Exploitability: P1=1.900000000 P2=0.261520740 EV: (-0.09193627298774845, 0.09193627298774845) P1 Winnings: -77.0
Choosing model 1
[0.3030404111325673, 0.15970871068344258, 0.3598303144970642, 0.17006236292651364, 0.007358200760412402]
Games played: 150
Exploitability: P1=2.800000000 P2=0.261520740 EV: (0.2615207403090482, -0.2615207403090482) P1 Winnings: -82.0
Choosing model 1
[0.2976152881151439, 0.16793520633302883, 0.35635869325603614, 0.17112558186499094, 0.00696523043080032]
Games played: 151
Exploitability: P1=2.800000000 P2=0.261520740 EV: (0.2615207403090482, -0.2615207403090482) P1 Winnings: -89.0
Choosing model 1
[0.26038255222331336, 0.23290008730957473, 0.3278318363465991, 0.1739264602213508, 0.004959063899161891]
Games played: 152
Exploitability: P1=2.800000000 P2=0.261520740 EV: (0.2615207403090482, -0.2615207403090482) P1 Winnings: -89.0
Choosing model 3
[0.2729523060694961, 0.21565150171105762, 0.30565062196377546, 0.199932719886622, 0.005812850369048725]
Games played: 153
Exploitability: P1=1.933333333 P2=0.261520740 EV: (-0.03081269536530481, 0.03081269536530481) P1 Winnings: -96.0
Choosing model 3
[0.29287513648046953, 0.1790980247348083, 0.32094429757544096, 0.2003446249690271, 0.006737916240254109]
Games played: 154
Exploitability: P1=1.933333333 P2=0.261520740 EV: (-0.03081269536530481, 0.03081269536530481) P1 Winnings: -96.0
Choosing model 3
[0.3152067385457732, 0.13267394473739974, 0.2487058175301273, 0.29244676263437747, 0.010966736552322283]
Games played: 155
Exploitability: P1=1.933333333 P2=0.261520740 EV: (-0.03081269536530481, 0.03081269536530481) P1 Winnings: -99.0
Choosing model 0
[0.3095532249976931, 0.13950312551656996, 0.24629789536062616, 0.2942650594380872, 0.010380694687023568]
Games played: 156
Exploitability: P1=1.900000000 P2=0.261520740 EV: (-0.09193627298774845, 0.09193627298774845) P1 Winnings: -110.0
Choosing model 2
[0.3280712518526755, 0.11343871256056769, 0.25546247301813896, 0.291159190942976, 0.01186837162564194]
Games played: 157
Exploitability: P1=4.600000000 P2=0.261520740 EV: (0.20111182099491953, -0.20111182099491953) P1 Winnings: -109.0
Choosing model 3
[0.3337445982826476, 0.10224882185475949, 0.23908770722140285, 0.31177489996381835, 0.013143972677371777]
Games played: 158
Exploitability: P1=1.933333333 P2=0.261520740 EV: (-0.03081269536530481, 0.03081269536530481) P1 Winnings: -118.0
Choosing model 0
[0.3516978057051592, 0.08135478700625419, 0.24635632514988495, 0.30565099074079366, 0.014940091397908077]
Games played: 159
Exploitability: P1=1.900000000 P2=0.261520740 EV: (-0.09193627298774845, 0.09193627298774845) P1 Winnings: -115.0
Choosing model 2
[0.33813066844529444, 0.09391437497970084, 0.24195941152716893, 0.3128776277335699, 0.013117917314265747]
Games played: 160
Exploitability: P1=4.600000000 P2=0.261520740 EV: (0.20111182099491953, -0.20111182099491953) P1 Winnings: -115.0
Choosing model 0
[0.3637680190864104, 0.06793508246698464, 0.2511439880053677, 0.30104231530691694, 0.01611059513432042]
Games played: 161
Exploitability: P1=1.900000000 P2=0.261520740 EV: (-0.09193627298774845, 0.09193627298774845) P1 Winnings: -110.0
Choosing model 2
[0.3588397702956434, 0.07175110177160084, 0.24982376574315038, 0.3042675471262897, 0.015317815063315894]
Games played: 162
Exploitability: P1=4.600000000 P2=0.261520740 EV: (0.20111182099491953, -0.20111182099491953) P1 Winnings: -105.0
Choosing model 2
[0.35883952175876366, 0.07175129416524172, 0.24982369863781775, 0.30426771033321, 0.015317775104966902]
Games played: 163
Exploitability: P1=4.600000000 P2=0.261520740 EV: (0.20111182099491953, -0.20111182099491953) P1 Winnings: -114.0
Choosing model 3
[0.3087354934465351, 0.10745976644138674, 0.19677407409583902, 0.37554075383096813, 0.01148991218527105]
Games played: 164
Exploitability: P1=1.933333333 P2=0.261520740 EV: (-0.03081269536530481, 0.03081269536530481) P1 Winnings: -123.0
Choosing model 3
[0.2836074736584227, 0.1364368312556698, 0.18729717233233384, 0.3835367653874113, 0.009121757366162445]
Games played: 165
Exploitability: P1=1.933333333 P2=0.261520740 EV: (-0.03081269536530481, 0.03081269536530481) P1 Winnings: -123.0
Choosing model 3
[0.2900275992249158, 0.14405435514591441, 0.20280901406248086, 0.35464474731213336, 0.008464284254555593]
Games played: 166
Exploitability: P1=1.933333333 P2=0.261520740 EV: (-0.03081269536530481, 0.03081269536530481) P1 Winnings: -122.0
Choosing model 3
[0.28015259394723585, 0.1539339841413313, 0.19925998492154662, 0.35910643525681646, 0.007547001733069779]
Games played: 167
Exploitability: P1=1.933333333 P2=0.261520740 EV: (-0.03081269536530481, 0.03081269536530481) P1 Winnings: -122.0
Choosing model 0
[0.28539764251315114, 0.1619061535762336, 0.21493651510024203, 0.33078346748489407, 0.006976221325479312]
Games played: 168
Exploitability: P1=1.900000000 P2=0.261520740 EV: (-0.09193627298774845, 0.09193627298774845) P1 Winnings: -121.0
Choosing model 0
[0.2794912078111702, 0.16976164591169282, 0.21225742467185907, 0.33190485186399055, 0.0065848697412872964]
Games played: 169
Exploitability: P1=1.900000000 P2=0.261520740 EV: (-0.09193627298774845, 0.09193627298774845) P1 Winnings: -122.0
Choosing model 0
[0.28357594269080916, 0.17783364214309738, 0.22803342024268322, 0.3044946800489685, 0.006062314874441778]
Games played: 170
Exploitability: P1=1.900000000 P2=0.261520740 EV: (-0.09193627298774845, 0.09193627298774845) P1 Winnings: -121.0
Choosing model 3
[0.26757817322962346, 0.20147876446401267, 0.21980810353157285, 0.3059107981670634, 0.005224160607727676]
Games played: 171
Exploitability: P1=1.933333333 P2=0.261520740 EV: (-0.03081269536530481, 0.03081269536530481) P1 Winnings: -121.0
Choosing model 1
[0.23924418354608346, 0.24898581408182763, 0.2036416632305887, 0.30409153276089057, 0.004036806380609703]
Games played: 172
Exploitability: P1=2.800000000 P2=0.261520740 EV: (0.2615207403090482, -0.2615207403090482) P1 Winnings: -121.0
Choosing model 1
[0.23303560846692714, 0.25966532069072734, 0.20002416345041601, 0.30348500543402096, 0.0037899019579085477]
Games played: 173
Exploitability: P1=2.800000000 P2=0.261520740 EV: (0.2615207403090482, -0.2615207403090482) P1 Winnings: -118.0
Choosing model 2
[0.22682942559932492, 0.27061352961621293, 0.19633353957001792, 0.30266789424791357, 0.0035556109665306596]
Games played: 174
Exploitability: P1=4.600000000 P2=0.261520740 EV: (0.20111182099491953, -0.20111182099491953) P1 Winnings: -115.0
Choosing model 0
[0.20582678661707546, 0.3392643538815985, 0.20816295808637658, 0.24441086987029498, 0.002335031544654614]
Games played: 175
Exploitability: P1=1.900000000 P2=0.261520740 EV: (-0.09193627298774845, 0.09193627298774845) P1 Winnings: -106.0
Choosing model 3
[0.15168434710510567, 0.4623223940261721, 0.16419061488158135, 0.22050208501526858, 0.00130055897187228]
Games played: 176
Exploitability: P1=1.933333333 P2=0.261520740 EV: (-0.03081269536530481, 0.03081269536530481) P1 Winnings: -111.0
Choosing model 1
[0.12566158438484165, 0.5293724263817062, 0.14094261546060685, 0.2030922176359904, 0.0009311561368548641]
Games played: 177
Exploitability: P1=2.800000000 P2=0.261520740 EV: (0.2615207403090482, -0.2615207403090482) P1 Winnings: -111.0
Choosing model 3
[0.17516104224427892, 0.38923010797915414, 0.165781101921024, 0.26807198948574745, 0.0017557583697955991]
Games played: 178
Exploitability: P1=1.933333333 P2=0.261520740 EV: (-0.03081269536530481, 0.03081269536530481) P1 Winnings: -116.0
Choosing model 3
[0.17576800734418893, 0.4032569371595083, 0.1761455626411152, 0.24323082912021715, 0.0015986637349704208]
Games played: 179
Exploitability: P1=1.933333333 P2=0.261520740 EV: (-0.03081269536530481, 0.03081269536530481) P1 Winnings: -115.0
Choosing model 3
[0.19418914426204284, 0.3588436560779329, 0.19116764922826346, 0.2539185205545218, 0.0018810298772389854]
Games played: 180
Exploitability: P1=1.933333333 P2=0.261520740 EV: (-0.03081269536530481, 0.03081269536530481) P1 Winnings: -115.0
Choosing model 2
[0.1945005920732946, 0.371085824453078, 0.20274248068811676, 0.22996155304744847, 0.0017095497380622043]
Games played: 181
Exploitability: P1=4.600000000 P2=0.261520740 EV: (0.20111182099491953, -0.20111182099491953) P1 Winnings: -114.0
Choosing model 1
[0.21752001097238707, 0.31841767104468577, 0.2218996480083533, 0.2401001797187613, 0.002062490255812598]
Games played: 182
Exploitability: P1=2.800000000 P2=0.261520740 EV: (0.2615207403090482, -0.2615207403090482) P1 Winnings: -113.0
Choosing model 3
[0.23567311778604016, 0.27951654245607543, 0.2362747381651565, 0.24615929855754487, 0.002376303035182968]
Games played: 183
Exploitability: P1=1.933333333 P2=0.261520740 EV: (-0.03081269536530481, 0.03081269536530481) P1 Winnings: -114.0
Choosing model 1
[0.24454807288869, 0.25807082569197193, 0.24410792317001026, 0.25080357301025463, 0.0024696052390731325]
Games played: 184
Exploitability: P1=2.800000000 P2=0.261520740 EV: (0.2615207403090482, -0.2615207403090482) P1 Winnings: -119.0
Choosing model 2
[0.21735082843771802, 0.3092554246539681, 0.2246226627279491, 0.24687705889269906, 0.001894025287665748]
Games played: 185
Exploitability: P1=4.600000000 P2=0.261520740 EV: (0.20111182099491953, -0.20111182099491953) P1 Winnings: -112.0
Choosing model 2
[0.21466618043323404, 0.2813290773494353, 0.1762671031006104, 0.3254812558690052, 0.002256383247715052]
Games played: 186
Exploitability: P1=4.600000000 P2=0.261520740 EV: (0.20111182099491953, -0.20111182099491953) P1 Winnings: -125.0
Choosing model 1
[0.207105875176093, 0.3205420082344946, 0.18837887873421433, 0.28220526740971075, 0.0017679704454872608]
Games played: 187
Exploitability: P1=2.800000000 P2=0.261520740 EV: (0.2615207403090482, -0.2615207403090482) P1 Winnings: -120.0
Choosing model 3
[0.17686540454727784, 0.3851555935525991, 0.16704659860025983, 0.2696386485325432, 0.001293754767319995]
Games played: 188
Exploitability: P1=1.933333333 P2=0.261520740 EV: (-0.03081269536530481, 0.03081269536530481) P1 Winnings: -120.0
Choosing model 2
[0.14948137112825552, 0.44991970245616686, 0.14628980146864426, 0.2533641357580557, 0.0009449891888775104]
Games played: 189
Exploitability: P1=4.600000000 P2=0.261520740 EV: (0.20111182099491953, -0.20111182099491953) P1 Winnings: -120.0
Choosing model 1
[0.17633330372870415, 0.41993653796533964, 0.2141460734097323, 0.1886793265275001, 0.00090475836872374]
Games played: 190
Exploitability: P1=2.800000000 P2=0.261520740 EV: (0.2615207403090482, -0.2615207403090482) P1 Winnings: -119.0
Choosing model 0
[0.19727343244682843, 0.36890889455190934, 0.23476947657811054, 0.19796025500321202, 0.0010879414199395988]
Games played: 191
Exploitability: P1=1.900000000 P2=0.261520740 EV: (-0.09193627298774845, 0.09193627298774845) P1 Winnings: -119.0
Choosing model 2
[0.2535639181650751, 0.24701735469978775, 0.2850010673277663, 0.21269603445296323, 0.0017216253544075795]
Games played: 192
Exploitability: P1=4.600000000 P2=0.261520740 EV: (0.20111182099491953, -0.20111182099491953) P1 Winnings: -122.0
Choosing model 2
[0.22474128307389374, 0.3026060488372261, 0.26174243575951683, 0.2095914755541991, 0.0013187567751642246]
Games played: 193
Exploitability: P1=4.600000000 P2=0.261520740 EV: (0.20111182099491953, -0.20111182099491953) P1 Winnings: -117.0
Choosing model 3
[0.23795520915992685, 0.2522552695391707, 0.2087505182793355, 0.29914901453822546, 0.0018899884833415111]
Games played: 194
Exploitability: P1=1.933333333 P2=0.261520740 EV: (-0.03081269536530481, 0.03081269536530481) P1 Winnings: -126.0
Choosing model 1
[0.2317281505730658, 0.26301606900590513, 0.20499631699564674, 0.2984854704150755, 0.001773993010306777]
Games played: 195
Exploitability: P1=2.800000000 P2=0.261520740 EV: (0.2615207403090482, -0.2615207403090482) P1 Winnings: -137.0
Choosing model 0
[0.2049433872509467, 0.3136308368269322, 0.18770498780418093, 0.2923669454449793, 0.0013538426729608466]
Games played: 196
Exploitability: P1=1.900000000 P2=0.261520740 EV: (-0.09193627298774845, 0.09193627298774845) P1 Winnings: -130.0
Choosing model 2
[0.1730160861086532, 0.38307413134267215, 0.16489284701873355, 0.27804461412753556, 0.000972321402405451]
Games played: 197
Exploitability: P1=4.600000000 P2=0.261520740 EV: (0.20111182099491953, -0.20111182099491953) P1 Winnings: -131.0
Choosing model 3
[0.15135889433359678, 0.46301015167493537, 0.16855037899966677, 0.2164649626433289, 0.0006156123484722612]
Games played: 198
Exploitability: P1=1.933333333 P2=0.261520740 EV: (-0.03081269536530481, 0.03081269536530481) P1 Winnings: -122.0
Choosing model 1
[0.12712636192022303, 0.5245867365501659, 0.1466361649866286, 0.20120501771383578, 0.000445718829146781]
Games played: 199
Exploitability: P1=2.800000000 P2=0.261520740 EV: (0.2615207403090482, -0.2615207403090482) P1 Winnings: -115.0
Choosing model 0
[0.12712628658842523, 0.5245869303467442, 0.1466360958368246, 0.20120496890678927, 0.00044571832121681286]
Games played: 200
Exploitability: P1=1.900000000 P2=0.261520740 EV: (-0.09193627298774845, 0.09193627298774845) P1 Winnings: -122.0
