Player 1 exploitability: 0.347172754449
Choosing model 0
[0.19999996719993904, 0.2000001452002699, 0.19999998959998067, 0.20000003200005947, 0.1999998659997509]
Games played: 1
Exploitability: P1=1.900000000 P2=0.261520740 EV: (-0.09193627298774845, 0.09193627298774845) P1 Winnings: -1
Choosing model 0
[0.19076023515350624, 0.15018913548615326, 0.14369079909934496, 0.2571518130313279, 0.2582080172296675]
Games played: 2
Exploitability: P1=1.900000000 P2=0.261520740 EV: (-0.09193627298774845, 0.09193627298774845) P1 Winnings: 8.0
Choosing model 4
[0.19666388586282885, 0.12364741263086401, 0.14539204087973245, 0.2498326619675645, 0.28446399865901023]
Games played: 3
Exploitability: P1=2.600000000 P2=0.261520740 EV: (-0.17627174870644388, 0.17627174870644388) P1 Winnings: 8.0
Choosing model 3
[0.18724754745189826, 0.17032878561442272, 0.14404745335307012, 0.2679627217849335, 0.23041349179567547]
Games played: 4
Exploitability: P1=1.933333333 P2=0.261520740 EV: (-0.03081269536530481, 0.03081269536530481) P1 Winnings: 7.0
Choosing model 3
[0.19158411937029798, 0.15470013844500421, 0.1463634018450115, 0.2675414726657547, 0.23981086767393153]
Games played: 5
Exploitability: P1=1.933333333 P2=0.261520740 EV: (-0.03081269536530481, 0.03081269536530481) P1 Winnings: 4.0
Choosing model 2
[0.19563852994137482, 0.1402312707048752, 0.14842632004464146, 0.2665995186243112, 0.2491043606847974]
Games played: 6
Exploitability: P1=4.600000000 P2=0.261520740 EV: (0.20111182099491953, -0.20111182099491953) P1 Winnings: 1.0
Choosing model 2
[0.20220821650984902, 0.11218429045860477, 0.15012879072413493, 0.25733680317087854, 0.27814189913653276]
Games played: 7
Exploitability: P1=4.600000000 P2=0.261520740 EV: (0.20111182099491953, -0.20111182099491953) P1 Winnings: -2.0
Choosing model 2
[0.2072844958714552, 0.08823574859730189, 0.15061408086441014, 0.2462798530731834, 0.3075858215936494]
Games played: 8
Exploitability: P1=4.600000000 P2=0.261520740 EV: (0.20111182099491953, -0.20111182099491953) P1 Winnings: -1.0
Choosing model 4
[0.20359588342488866, 0.07678876833824315, 0.1360980223524317, 0.25462182927871846, 0.32889549660571815]
Games played: 9
Exploitability: P1=2.600000000 P2=0.261520740 EV: (-0.17627174870644388, 0.17627174870644388) P1 Winnings: 8.0
Choosing model 3
[0.20359588349383984, 0.07678883670639106, 0.13609803764153294, 0.25462191186259003, 0.32889533029564616]
Games played: 10
Exploitability: P1=1.933333333 P2=0.261520740 EV: (-0.03081269536530481, 0.03081269536530481) P1 Winnings: 7.0
Choosing model 2
[0.20477511566337972, 0.06973043315332662, 0.13579240955615, 0.24958614565170598, 0.3401158959754377]
Games played: 11
Exploitability: P1=4.600000000 P2=0.261520740 EV: (0.20111182099491953, -0.20111182099491953) P1 Winnings: 10.0
Choosing model 4
[0.20610986719492883, 0.048155570957204054, 0.13215161799763886, 0.2261350320992698, 0.38744791175095833]
Games played: 12
Exploitability: P1=2.600000000 P2=0.261520740 EV: (-0.17627174870644388, 0.17627174870644388) P1 Winnings: 10.0
Choosing model 3
[0.20610988171966965, 0.04815562067652172, 0.132151643300855, 0.22613512718261924, 0.3874477271203344]
Games played: 13
Exploitability: P1=1.933333333 P2=0.261520740 EV: (-0.03081269536530481, 0.03081269536530481) P1 Winnings: 7.0
Choosing model 4
[0.20589856893985714, 0.03874715373155654, 0.12968347992885548, 0.21345836756795256, 0.4122124298317782]
Games played: 14
Exploitability: P1=2.600000000 P2=0.261520740 EV: (-0.17627174870644388, 0.17627174870644388) P1 Winnings: 7.0
Choosing model 3
[0.2166755659404329, 0.04209878182386799, 0.14450259420637673, 0.2031115729517652, 0.39361148507755717]
Games played: 15
Exploitability: P1=1.933333333 P2=0.261520740 EV: (-0.03081269536530481, 0.03081269536530481) P1 Winnings: 8.0
Choosing model 1
[0.21915179325519063, 0.06765404837102558, 0.15407944480469607, 0.24013405150948375, 0.318980662059604]
Games played: 16
Exploitability: P1=2.800000000 P2=0.261520740 EV: (0.2615207403090482, -0.2615207403090482) P1 Winnings: 8.0
Choosing model 4
[0.22095784600043117, 0.0552659521895111, 0.15267187176792965, 0.22910303978139657, 0.3420012902607315]
Games played: 17
Exploitability: P1=2.600000000 P2=0.261520740 EV: (-0.17627174870644388, 0.17627174870644388) P1 Winnings: 9.0
Choosing model 1
[0.21715030968699833, 0.08756624775634171, 0.15759741221530588, 0.2612276262133594, 0.2764584041279948]
Games played: 18
Exploitability: P1=2.800000000 P2=0.261520740 EV: (0.2615207403090482, -0.2615207403090482) P1 Winnings: -2.0
Choosing model 3
[0.22102367786864952, 0.06998682548246811, 0.15718991883589978, 0.24935431200621966, 0.30244526580676306]
Games played: 19
Exploitability: P1=1.933333333 P2=0.261520740 EV: (-0.03081269536530481, 0.03081269536530481) P1 Winnings: -2.0
Choosing model 0
[0.18763193929301467, 0.04089461439022595, 0.09608065313559888, 0.28710514957637956, 0.38828764360478085]
Games played: 20
Exploitability: P1=1.900000000 P2=0.261520740 EV: (-0.09193627298774845, 0.09193627298774845) P1 Winnings: -5.0
Choosing model 3
[0.18824897709163338, 0.04392891006395813, 0.0972068170438454, 0.2951337502339671, 0.3754815455665961]
Games played: 21
Exploitability: P1=1.933333333 P2=0.261520740 EV: (-0.03081269536530481, 0.03081269536530481) P1 Winnings: -6.0
Choosing model 4
[0.18855820311686064, 0.034551303783041075, 0.09541283232198486, 0.2772369502455606, 0.4042407105325529]
Games played: 22
Exploitability: P1=2.600000000 P2=0.261520740 EV: (-0.17627174870644388, 0.17627174870644388) P1 Winnings: -9.0
Choosing model 4
[0.1885173596107206, 0.031187922394666008, 0.09462984958259646, 0.27013045032469263, 0.4155344180873243]
Games played: 23
Exploitability: P1=2.600000000 P2=0.261520740 EV: (-0.17627174870644388, 0.17627174870644388) P1 Winnings: -12.0
Choosing model 3
[0.19059087110020315, 0.0435804602912847, 0.09913137474339762, 0.3036288999145606, 0.3630683939505539]
Games played: 24
Exploitability: P1=1.933333333 P2=0.261520740 EV: (-0.03081269536530481, 0.03081269536530481) P1 Winnings: -7.0
Choosing model 0
[0.18831366044848413, 0.06825630892089563, 0.10299069407455196, 0.3485113398810307, 0.2919279966750376]
Games played: 25
Exploitability: P1=1.900000000 P2=0.261520740 EV: (-0.09193627298774845, 0.09193627298774845) P1 Winnings: -10.0
Choosing model 4
[0.19181004380157593, 0.053342925085909806, 0.1026646835013853, 0.3314098379139955, 0.32077250969713356]
Games played: 26
Exploitability: P1=2.600000000 P2=0.261520740 EV: (-0.17627174870644388, 0.17627174870644388) P1 Winnings: -9.0
Choosing model 3
[0.15505529114964958, 0.029680969101856945, 0.05975580945009942, 0.36336097650916654, 0.3921469537892274]
Games played: 27
Exploitability: P1=1.933333333 P2=0.261520740 EV: (-0.03081269536530481, 0.03081269536530481) P1 Winnings: -2.0
Choosing model 3
[0.15654315388198908, 0.026662616345226833, 0.06006728601806969, 0.3602044290326357, 0.3965225147220788]
Games played: 28
Exploitability: P1=1.933333333 P2=0.261520740 EV: (-0.03081269536530481, 0.03081269536530481) P1 Winnings: -7.0
Choosing model 4
[0.1572133753696614, 0.03280821780872893, 0.0617579876746419, 0.3876621065668289, 0.36055831258013893]
Games played: 29
Exploitability: P1=2.600000000 P2=0.261520740 EV: (-0.17627174870644388, 0.17627174870644388) P1 Winnings: -16.0
Choosing model 2
[0.1572133786277227, 0.03280824768801397, 0.06175799587141192, 0.38766224020344686, 0.3605581376094046]
Games played: 30
Exploitability: P1=4.600000000 P2=0.261520740 EV: (0.20111182099491953, -0.20111182099491953) P1 Winnings: -17.0
Choosing model 4
[0.12676572922803175, 0.020827909156732636, 0.037509961149985505, 0.4213737331958445, 0.39352266726940555]
Games played: 31
Exploitability: P1=2.600000000 P2=0.261520740 EV: (-0.17627174870644388, 0.17627174870644388) P1 Winnings: -26.0
Choosing model 4
[0.11088869691099733, 0.011716426715629473, 0.026349325358625962, 0.38750883263649927, 0.46353671837824795]
Games played: 32
Exploitability: P1=2.600000000 P2=0.261520740 EV: (-0.17627174870644388, 0.17627174870644388) P1 Winnings: -23.0
Choosing model 3
[0.11157791363268661, 0.012622477047803579, 0.026735934891567028, 0.39950718921505657, 0.44955648521288627]
Games played: 33
Exploitability: P1=1.933333333 P2=0.261520740 EV: (-0.03081269536530481, 0.03081269536530481) P1 Winnings: -24.0
Choosing model 0
[0.11277187720398435, 0.01763282041650263, 0.027999493866730493, 0.4489169350850876, 0.3926788734276948]
Games played: 34
Exploitability: P1=1.900000000 P2=0.261520740 EV: (-0.09193627298774845, 0.09193627298774845) P1 Winnings: -19.0
Choosing model 4
[0.12220023391660267, 0.019727230716196798, 0.032125935638393076, 0.43984746250449613, 0.3860991372243114]
Games played: 35
Exploitability: P1=2.600000000 P2=0.261520740 EV: (-0.17627174870644388, 0.17627174870644388) P1 Winnings: -18.0
Choosing model 4
[0.13216064013355056, 0.022027709076691156, 0.03678919270411707, 0.4301273529322861, 0.378895105153355]
Games played: 36
Exploitability: P1=2.600000000 P2=0.261520740 EV: (-0.17627174870644388, 0.17627174870644388) P1 Winnings: -17.0
Choosing model 3
[0.13231110089943265, 0.01513094495871156, 0.035611461198578644, 0.38762964193291033, 0.42931685101036676]
Games played: 37
Exploitability: P1=1.933333333 P2=0.261520740 EV: (-0.03081269536530481, 0.03081269536530481) P1 Winnings: -17.0
Choosing model 3
[0.142932453847001, 0.016876163725341207, 0.040734157394941156, 0.37863122009094896, 0.4208260049417678]
Games played: 38
Exploitability: P1=1.933333333 P2=0.261520740 EV: (-0.03081269536530481, 0.03081269536530481) P1 Winnings: -16.0
Choosing model 3
[0.161059784400512, 0.016362071559604327, 0.04971117900547147, 0.3462811693914565, 0.4265857956429556]
Games played: 39
Exploitability: P1=1.933333333 P2=0.261520740 EV: (-0.03081269536530481, 0.03081269536530481) P1 Winnings: -13.0
Choosing model 3
[0.17303863864316868, 0.018149613286151247, 0.05655153743889208, 0.336395150210899, 0.41586506042088894]
Games played: 40
Exploitability: P1=1.933333333 P2=0.261520740 EV: (-0.03081269536530481, 0.03081269536530481) P1 Winnings: -12.0
Choosing model 3
[0.17437605571235848, 0.03284338124170702, 0.060792331817278875, 0.4109126458867812, 0.32107558534187447]
Games played: 41
Exploitability: P1=1.933333333 P2=0.261520740 EV: (-0.03081269536530481, 0.03081269536530481) P1 Winnings: -15.0
Choosing model 4
[0.17210772451910264, 0.043728088669024105, 0.062150696961649696, 0.44883482252429113, 0.27317866732593243]
Games played: 42
Exploitability: P1=2.600000000 P2=0.261520740 EV: (-0.17627174870644388, 0.17627174870644388) P1 Winnings: -8.0
Choosing model 3
[0.1712896044182894, 0.04659610245076144, 0.06237514457849199, 0.45768768199998744, 0.2620514665524697]
Games played: 43
Exploitability: P1=1.933333333 P2=0.261520740 EV: (-0.03081269536530481, 0.03081269536530481) P1 Winnings: -9.0
Choosing model 3
[0.17619588971559552, 0.03288644491615439, 0.06203713291758576, 0.42379883641099264, 0.30508169603967167]
Games played: 44
Exploitability: P1=1.933333333 P2=0.261520740 EV: (-0.03081269536530481, 0.03081269536530481) P1 Winnings: -9.0
Choosing model 3
[0.16002747120965036, 0.03392356017152394, 0.048859335340324085, 0.46411809361556483, 0.2930715396629367]
Games played: 45
Exploitability: P1=1.933333333 P2=0.261520740 EV: (-0.03081269536530481, 0.03081269536530481) P1 Winnings: -4.0
Choosing model 4
[0.17163504601195959, 0.03756522237476868, 0.05548727023088795, 0.4500956360584664, 0.28521682532391734]
Games played: 46
Exploitability: P1=2.600000000 P2=0.261520740 EV: (-0.17627174870644388, 0.17627174870644388) P1 Winnings: -3.0
Choosing model 0
[0.17097159353849897, 0.04006474709668858, 0.05573734361174369, 0.45938290260640374, 0.27384341314666516]
Games played: 47
Exploitability: P1=1.900000000 P2=0.261520740 EV: (-0.09193627298774845, 0.09193627298774845) P1 Winnings: -4.0
Choosing model 0
[0.1709715846179529, 0.040064780663981406, 0.055737346946208924, 0.4593830274781772, 0.2738432602936796]
Games played: 48
Exploitability: P1=1.900000000 P2=0.261520740 EV: (-0.09193627298774845, 0.09193627298774845) P1 Winnings: -5.0
Choosing model 3
[0.16537389447246909, 0.054526367940382806, 0.05598146591304983, 0.4971466485250668, 0.22697162314903144]
Games played: 49
Exploitability: P1=1.933333333 P2=0.261520740 EV: (-0.03081269536530481, 0.03081269536530481) P1 Winnings: 0.0
Choosing model 3
[0.15785708057305708, 0.07193799078836771, 0.05536988376842663, 0.527594726007309, 0.1872403188628395]
Games played: 50
Exploitability: P1=1.933333333 P2=0.261520740 EV: (-0.03081269536530481, 0.03081269536530481) P1 Winnings: 5.0
Choosing model 3
[0.16397075951764076, 0.057836661831785534, 0.05628395371501531, 0.5118006960587677, 0.21010792887679067]
Games played: 51
Exploitability: P1=1.933333333 P2=0.261520740 EV: (-0.03081269536530481, 0.03081269536530481) P1 Winnings: 8.0
Choosing model 2
[0.17505157022956377, 0.06374937527188429, 0.0636236494022893, 0.4940436809766313, 0.2035317241196314]
Games played: 52
Exploitability: P1=4.600000000 P2=0.261520740 EV: (0.20111182099491953, -0.20111182099491953) P1 Winnings: 9.0
Choosing model 4
[0.17480319124910781, 0.06791730150360295, 0.06440307373596554, 0.4981890035159015, 0.19468742999542218]
Games played: 53
Exploitability: P1=2.600000000 P2=0.261520740 EV: (-0.17627174870644388, 0.17627174870644388) P1 Winnings: 14.0
Choosing model 2
[0.15628317599191024, 0.10903853778681598, 0.06142286814901333, 0.5398996293313668, 0.13335578874089368]
Games played: 54
Exploitability: P1=4.600000000 P2=0.261520740 EV: (0.20111182099491953, -0.20111182099491953) P1 Winnings: 11.0
Choosing model 2
[0.1657155482126203, 0.1193724645594483, 0.06896289716410839, 0.5176413164440927, 0.12830777361973028]
Games played: 55
Exploitability: P1=4.600000000 P2=0.261520740 EV: (0.20111182099491953, -0.20111182099491953) P1 Winnings: 12.0
Choosing model 0
[0.16235973238108706, 0.12515437028635326, 0.06851487793997402, 0.5266188160087162, 0.11735220338386941]
Games played: 56
Exploitability: P1=1.900000000 P2=0.261520740 EV: (-0.09193627298774845, 0.09193627298774845) P1 Winnings: 19.0
Choosing model 3
[0.17068505709707396, 0.10506859939695076, 0.07069309065957612, 0.5217187019675571, 0.13183455087884197]
Games played: 57
Exploitability: P1=1.933333333 P2=0.261520740 EV: (-0.03081269536530481, 0.03081269536530481) P1 Winnings: 19.0
Choosing model 1
[0.18562251417081185, 0.16707721993171845, 0.09775243199547061, 0.4558001851327996, 0.09374764876919951]
Games played: 58
Exploitability: P1=2.800000000 P2=0.261520740 EV: (0.2615207403090482, -0.2615207403090482) P1 Winnings: 24.0
Choosing model 0
[0.18113128686248814, 0.1440084610400896, 0.08483785161552551, 0.4877313220557473, 0.10229107842614955]
Games played: 59
Exploitability: P1=1.900000000 P2=0.261520740 EV: (-0.09193627298774845, 0.09193627298774845) P1 Winnings: 17.0
Choosing model 2
[0.18997084524260294, 0.1559389492987157, 0.09421445087583928, 0.4625290381565797, 0.09734671642626241]
Games played: 60
Exploitability: P1=4.600000000 P2=0.261520740 EV: (0.20111182099491953, -0.20111182099491953) P1 Winnings: 18.0
Choosing model 1
[0.1885284163970065, 0.13711830066898184, 0.08601841808457728, 0.4831627485223621, 0.10517211632707228]
Games played: 61
Exploitability: P1=2.800000000 P2=0.261520740 EV: (0.2615207403090482, -0.2615207403090482) P1 Winnings: 9.0
Choosing model 1
[0.17322836776210288, 0.1698708954060259, 0.08182919625303374, 0.49168345814019576, 0.08338808243864167]
Games played: 62
Exploitability: P1=2.800000000 P2=0.261520740 EV: (0.2615207403090482, -0.2615207403090482) P1 Winnings: 16.0
Choosing model 3
[0.18326833744801724, 0.14560854807543577, 0.08507983493191604, 0.4922284693061175, 0.09381481023851337]
Games played: 63
Exploitability: P1=1.933333333 P2=0.261520740 EV: (-0.03081269536530481, 0.03081269536530481) P1 Winnings: 17.0
Choosing model 3
[0.20717720870003792, 0.14162818928322432, 0.10416462115456089, 0.4516244616709063, 0.09540551919127067]
Games played: 64
Exploitability: P1=1.933333333 P2=0.261520740 EV: (-0.03081269536530481, 0.03081269536530481) P1 Winnings: 20.0
Choosing model 0
[0.21213828531043188, 0.1309311151478849, 0.10580660015344089, 0.45068286444026084, 0.10044113494798136]
Games played: 65
Exploitability: P1=1.900000000 P2=0.261520740 EV: (-0.09193627298774845, 0.09193627298774845) P1 Winnings: 23.0
Choosing model 0
[0.20846996243720722, 0.13776081810188576, 0.10485088555957324, 0.4537822591918862, 0.09513607470944761]
Games played: 66
Exploitability: P1=1.900000000 P2=0.261520740 EV: (-0.09193627298774845, 0.09193627298774845) P1 Winnings: 28.0
Choosing model 1
[0.21752809027169057, 0.14841256946813908, 0.11584527860820919, 0.4281384634818194, 0.09007559817014178]
Games played: 67
Exploitability: P1=2.800000000 P2=0.261520740 EV: (0.2615207403090482, -0.2615207403090482) P1 Winnings: 29.0
Choosing model 0
[0.22996443990118232, 0.12320184967062488, 0.12001096713571595, 0.4244719675711354, 0.10235077572134145]
Games played: 68
Exploitability: P1=1.900000000 P2=0.261520740 EV: (-0.09193627298774845, 0.09193627298774845) P1 Winnings: 32.0
Choosing model 0
[0.22996439187755235, 0.12320193359214417, 0.12001095551499698, 0.4244720164575335, 0.10235070255777307]
Games played: 69
Exploitability: P1=1.900000000 P2=0.261520740 EV: (-0.09193627298774845, 0.09193627298774845) P1 Winnings: 31.0
Choosing model 4
[0.2093750201365643, 0.16229057198009467, 0.11369951060885543, 0.4353584511493678, 0.07927644612511772]
Games played: 70
Exploitability: P1=2.600000000 P2=0.261520740 EV: (-0.17627174870644388, 0.17627174870644388) P1 Winnings: 30.0
Choosing model 3
[0.20521583392616086, 0.17030905702934973, 0.11237753830825598, 0.4372048958154296, 0.07489267492080379]
Games played: 71
Exploitability: P1=1.933333333 P2=0.261520740 EV: (-0.03081269536530481, 0.03081269536530481) P1 Winnings: 29.0
Choosing model 3
[0.21302948542017305, 0.18253229228994017, 0.1235215527908602, 0.41037296515622124, 0.07054370434280535]
Games played: 72
Exploitability: P1=1.933333333 P2=0.261520740 EV: (-0.03081269536530481, 0.03081269536530481) P1 Winnings: 30.0
Choosing model 3
[0.2202203115676714, 0.19481862515728093, 0.13520562920653617, 0.3835846953499247, 0.06617073871858685]
Games played: 73
Exploitability: P1=1.933333333 P2=0.261520740 EV: (-0.03081269536530481, 0.03081269536530481) P1 Winnings: 31.0
Choosing model 3
[0.23602570998020067, 0.16161251445532707, 0.1418095102699703, 0.38393817467504376, 0.07661409061945822]
Games played: 74
Exploitability: P1=1.933333333 P2=0.261520740 EV: (-0.03081269536530481, 0.03081269536530481) P1 Winnings: 31.0
Choosing model 0
[0.2205181385665355, 0.25171536984437415, 0.16422959249902008, 0.3174333721008086, 0.04610352698926162]
Games played: 75
Exploitability: P1=1.900000000 P2=0.261520740 EV: (-0.09193627298774845, 0.09193627298774845) P1 Winnings: 36.0
Choosing model 2
[0.2477894465563367, 0.1940665978060648, 0.17842893760232212, 0.3210826506978705, 0.05863236733740586]
Games played: 76
Exploitability: P1=4.600000000 P2=0.261520740 EV: (0.20111182099491953, -0.20111182099491953) P1 Winnings: 39.0
Choosing model 0
[0.19183987688173823, 0.307063705982266, 0.14429413438348282, 0.32260860462436897, 0.03419367812814396]
Games played: 77
Exploitability: P1=1.900000000 P2=0.261520740 EV: (-0.09193627298774845, 0.09193627298774845) P1 Winnings: 39.0
Choosing model 3
[0.16274696243956369, 0.376889455190696, 0.1273784944913237, 0.3083071482914587, 0.024677939586957888]
Games played: 78
Exploitability: P1=1.933333333 P2=0.261520740 EV: (-0.03081269536530481, 0.03081269536530481) P1 Winnings: 38.0
Choosing model 0
[0.15733487159684062, 0.3901077170323639, 0.12417756148034781, 0.3053850220308037, 0.02299482785964398]
Games played: 79
Exploitability: P1=1.900000000 P2=0.261520740 EV: (-0.09193627298774845, 0.09193627298774845) P1 Winnings: 27.0
Choosing model 1
[0.129542433428562, 0.4647111550129964, 0.10639068815447006, 0.28324903353040815, 0.016106689873563396]
Games played: 80
Exploitability: P1=2.800000000 P2=0.261520740 EV: (0.2615207403090482, -0.2615207403090482) P1 Winnings: 26.0
Choosing model 3
[0.1285305414496896, 0.46366267398246835, 0.10634937571597794, 0.28615281940310167, 0.015304589448762469]
Games played: 81
Exploitability: P1=1.933333333 P2=0.261520740 EV: (-0.03081269536530481, 0.03081269536530481) P1 Winnings: 29.0
Choosing model 1
[0.17641788674657688, 0.33153386849017386, 0.13786601583121066, 0.32831962505968926, 0.025862603872349163]
Games played: 82
Exploitability: P1=2.800000000 P2=0.261520740 EV: (0.2615207403090482, -0.2615207403090482) P1 Winnings: 26.0
Choosing model 3
[0.17191353085990224, 0.34468032100970847, 0.13618502116439293, 0.3230797439107313, 0.024141383055264993]
Games played: 83
Exploitability: P1=1.933333333 P2=0.261520740 EV: (-0.03081269536530481, 0.03081269536530481) P1 Winnings: 31.0
Choosing model 1
[0.1486762652854492, 0.4021121468984766, 0.12199572549875581, 0.3092180500936564, 0.017997812223661938]
Games played: 84
Exploitability: P1=2.800000000 P2=0.261520740 EV: (0.2615207403090482, -0.2615207403090482) P1 Winnings: 38.0
Choosing model 2
[0.16408237495113445, 0.3595563854411152, 0.132316727371788, 0.32292231502399216, 0.02112219721197028]
Games played: 85
Exploitability: P1=4.600000000 P2=0.261520740 EV: (0.20111182099491953, -0.20111182099491953) P1 Winnings: 37.0
Choosing model 3
[0.18307451391715143, 0.31051009945114394, 0.1444738896962103, 0.33648223981812125, 0.025459257117373093]
Games played: 86
Exploitability: P1=1.933333333 P2=0.261520740 EV: (-0.03081269536530481, 0.03081269536530481) P1 Winnings: 34.0
Choosing model 0
[0.15808965486496232, 0.3706004252324053, 0.12926982464983638, 0.32304016596673385, 0.0189999292860622]
Games played: 87
Exploitability: P1=1.900000000 P2=0.261520740 EV: (-0.09193627298774845, 0.09193627298774845) P1 Winnings: 34.0
Choosing model 2
[0.152811910238335, 0.38354654865435994, 0.12600443239503065, 0.31993541095913086, 0.01770169775314351]
Games played: 88
Exploitability: P1=4.600000000 P2=0.261520740 EV: (0.20111182099491953, -0.20111182099491953) P1 Winnings: 39.0
Choosing model 1
[0.12901085678347804, 0.4475503182869382, 0.11022678192486726, 0.30029644176746384, 0.012915601237252763]
Games played: 89
Exploitability: P1=2.800000000 P2=0.261520740 EV: (0.2615207403090482, -0.2615207403090482) P1 Winnings: 44.0
Choosing model 2
[0.09820311511168876, 0.5400228435513483, 0.08822532338211599, 0.26554814287007306, 0.008000575084773724]
Games played: 90
Exploitability: P1=4.600000000 P2=0.261520740 EV: (0.20111182099491953, -0.20111182099491953) P1 Winnings: 44.0
Choosing model 1
[0.07931393962404193, 0.6028248209881626, 0.0738328730155578, 0.23844397155361358, 0.005584394818624098]
Games played: 91
Exploitability: P1=2.800000000 P2=0.261520740 EV: (0.2615207403090482, -0.2615207403090482) P1 Winnings: 49.0
Choosing model 1
[0.0642863033919864, 0.6793781944697539, 0.06621838277538171, 0.18652157267287928, 0.0035955466899986904]
Games played: 92
Exploitability: P1=2.800000000 P2=0.261520740 EV: (0.2615207403090482, -0.2615207403090482) P1 Winnings: 54.0
Choosing model 1
[0.07474046469378096, 0.6399534905460363, 0.0756599128103432, 0.20520083002710482, 0.004445301922734583]
Games played: 93
Exploitability: P1=2.800000000 P2=0.261520740 EV: (0.2615207403090482, -0.2615207403090482) P1 Winnings: 55.0
Choosing model 1
[0.07113045395192709, 0.6520886593331809, 0.07261068787804277, 0.20009254639248839, 0.004077652444360821]
Games played: 94
Exploitability: P1=2.800000000 P2=0.261520740 EV: (0.2615207403090482, -0.2615207403090482) P1 Winnings: 58.0
Choosing model 1
[0.08260466456526847, 0.6099495930320583, 0.0828337106378723, 0.21956875676986795, 0.005043274994932966]
Games played: 95
Exploitability: P1=2.800000000 P2=0.261520740 EV: (0.2615207403090482, -0.2615207403090482) P1 Winnings: 59.0
Choosing model 1
[0.09480259045779761, 0.5671645095204964, 0.09342705847640345, 0.23845085266497865, 0.006154988880323891]
Games played: 96
Exploitability: P1=2.800000000 P2=0.261520740 EV: (0.2615207403090482, -0.2615207403090482) P1 Winnings: 60.0
Choosing model 1
[0.10998572996643134, 0.5166856382683267, 0.10621505342154391, 0.2594385134608962, 0.007675064882801825]
Games played: 97
Exploitability: P1=2.800000000 P2=0.261520740 EV: (0.2615207403090482, -0.2615207403090482) P1 Winnings: 60.0
Choosing model 3
[0.12404566746097027, 0.4721403497589674, 0.11772840413884436, 0.276880525397654, 0.009205053243563851]
Games played: 98
Exploitability: P1=1.933333333 P2=0.261520740 EV: (-0.03081269536530481, 0.03081269536530481) P1 Winnings: 61.0
Choosing model 1
[0.09272950123460318, 0.5690304393966563, 0.09243929123791353, 0.24014080431024437, 0.005659963820582573]
Games played: 99
Exploitability: P1=2.800000000 P2=0.261520740 EV: (0.2615207403090482, -0.2615207403090482) P1 Winnings: 72.0
Choosing model 3
[0.10563041562853842, 0.5251774041928166, 0.10348504625185946, 0.2588509302531615, 0.006856203673623944]
Games played: 100
Exploitability: P1=1.933333333 P2=0.261520740 EV: (-0.03081269536530481, 0.03081269536530481) P1 Winnings: 73.0
Choosing model 2
[0.12147668894385868, 0.4742542109734297, 0.11662155149778376, 0.2791728099416387, 0.00847473864328932]
Games played: 101
Exploitability: P1=4.600000000 P2=0.261520740 EV: (0.20111182099491953, -0.20111182099491953) P1 Winnings: 70.0
Choosing model 1
[0.1251669218197801, 0.3847318169186665, 0.09051415534638733, 0.3877674445802397, 0.011819661334926495]
Games played: 102
Exploitability: P1=2.800000000 P2=0.261520740 EV: (0.2615207403090482, -0.2615207403090482) P1 Winnings: 61.0
Choosing model 3
[0.10416302246875617, 0.4489472174469861, 0.07815582408310036, 0.36027613100653094, 0.008457804994626427]
Games played: 103
Exploitability: P1=1.933333333 P2=0.261520740 EV: (-0.03081269536530481, 0.03081269536530481) P1 Winnings: 61.0
Choosing model 0
[0.14398544866640525, 0.32328816208994327, 0.10203575429758407, 0.41629678456456004, 0.014393850381507346]
Games played: 104
Exploitability: P1=1.900000000 P2=0.261520740 EV: (-0.09193627298774845, 0.09193627298774845) P1 Winnings: 58.0
Choosing model 0
[0.1572874673947593, 0.2861309167794019, 0.10954128249527956, 0.4303197474746589, 0.016720585855900444]
Games played: 105
Exploitability: P1=1.900000000 P2=0.261520740 EV: (-0.09193627298774845, 0.09193627298774845) P1 Winnings: 59.0
Choosing model 2
[0.15254002633970773, 0.29710703592376264, 0.10712786189088382, 0.4275953861268264, 0.015629689718819326]
Games played: 106
Exploitability: P1=4.600000000 P2=0.261520740 EV: (0.20111182099491953, -0.20111182099491953) P1 Winnings: 58.0
Choosing model 1
[0.14123589543826395, 0.3800672354340581, 0.11589645749788846, 0.35232701281572615, 0.010473398814063227]
Games played: 107
Exploitability: P1=2.800000000 P2=0.261520740 EV: (0.2615207403090482, -0.2615207403090482) P1 Winnings: 67.0
Choosing model 1
[0.10216301512525516, 0.4936802703575348, 0.0894292113484973, 0.3089232366767248, 0.005804266491988007]
Games played: 108
Exploitability: P1=2.800000000 P2=0.261520740 EV: (0.2615207403090482, -0.2615207403090482) P1 Winnings: 74.0
Choosing model 1
[0.10216295477854778, 0.49368045366642793, 0.08942916934447362, 0.3089231623220247, 0.005804259888526034]
Games played: 109
Exploitability: P1=2.800000000 P2=0.261520740 EV: (0.2615207403090482, -0.2615207403090482) P1 Winnings: 67.0
Choosing model 1
[0.10216289443186084, 0.4936806369753156, 0.08942912734045637, 0.30892308796729656, 0.00580425328507071]
Games played: 110
Exploitability: P1=2.800000000 P2=0.261520740 EV: (0.2615207403090482, -0.2615207403090482) P1 Winnings: 60.0
Choosing model 1
[0.1169705322874149, 0.4438442290457023, 0.10033663451091734, 0.3317058076210599, 0.0071427965349056925]
Games played: 111
Exploitability: P1=2.800000000 P2=0.261520740 EV: (0.2615207403090482, -0.2615207403090482) P1 Winnings: 60.0
Choosing model 1
[0.11593038689160848, 0.442360304517459, 0.10018838814027795, 0.3347412247807957, 0.006779695669858893]
Games played: 112
Exploitability: P1=2.800000000 P2=0.261520740 EV: (0.2615207403090482, -0.2615207403090482) P1 Winnings: 63.0
Choosing model 0
[0.11593016274982368, 0.4423609417792769, 0.10018823691433894, 0.3347409889846087, 0.006779669571951897]
Games played: 113
Exploitability: P1=1.900000000 P2=0.261520740 EV: (-0.09193627298774845, 0.09193627298774845) P1 Winnings: 54.0
Choosing model 3
[0.11593010363139253, 0.4423611098997412, 0.10018819704458128, 0.3347409267401344, 0.006779662684150489]
Games played: 114
Exploitability: P1=1.933333333 P2=0.261520740 EV: (-0.03081269536530481, 0.03081269536530481) P1 Winnings: 53.0
Choosing model 1
[0.12270959775460866, 0.41661648041399063, 0.10558670989048502, 0.3478999758279174, 0.0071872361129982016]
Games played: 115
Exploitability: P1=2.800000000 P2=0.261520740 EV: (0.2615207403090482, -0.2615207403090482) P1 Winnings: 53.0
Choosing model 1
[0.1362117917861359, 0.3746900343672637, 0.11518482775351427, 0.3654294142219557, 0.008483931871130421]
Games played: 116
Exploitability: P1=2.800000000 P2=0.261520740 EV: (0.2615207403090482, -0.2615207403090482) P1 Winnings: 52.0
Choosing model 3
[0.10107654947761618, 0.4788947255401738, 0.09077533650991156, 0.32434393230076786, 0.004909456171530493]
Games played: 117
Exploitability: P1=1.933333333 P2=0.261520740 EV: (-0.03081269536530481, 0.03081269536530481) P1 Winnings: 45.0
Choosing model 1
[0.10699971605158919, 0.4577078476978923, 0.09532691298654934, 0.3346220130941513, 0.005343510169817811]
Games played: 118
Exploitability: P1=2.800000000 P2=0.261520740 EV: (0.2615207403090482, -0.2615207403090482) P1 Winnings: 48.0
Choosing model 1
[0.08560590278220157, 0.5298109657467436, 0.07936153258226604, 0.30158465334515233, 0.00363694554363641]
Games played: 119
Exploitability: P1=2.800000000 P2=0.261520740 EV: (0.2615207403090482, -0.2615207403090482) P1 Winnings: 41.0
Choosing model 3
[0.08560571574037618, 0.529811595741408, 0.07936139283325061, 0.30158436505615693, 0.0036369306288083192]
Games played: 120
Exploitability: P1=1.933333333 P2=0.261520740 EV: (-0.03081269536530481, 0.03081269536530481) P1 Winnings: 32.0
Choosing model 1
[0.07492926049472416, 0.5681913346737937, 0.07111442105231548, 0.2828827052336215, 0.0028822785455450734]
Games played: 121
Exploitability: P1=2.800000000 P2=0.261520740 EV: (0.2615207403090482, -0.2615207403090482) P1 Winnings: 23.0
Choosing model 1
[0.05895323548746084, 0.6379602515054659, 0.05904139135861994, 0.24216081225112568, 0.0018843093973277532]
Games played: 122
Exploitability: P1=2.800000000 P2=0.261520740 EV: (0.2615207403090482, -0.2615207403090482) P1 Winnings: 30.0
Choosing model 1
[0.06254106745046291, 0.5978045442853975, 0.05570747793918787, 0.2817116690440567, 0.0022352412808949815]
Games played: 123
Exploitability: P1=2.800000000 P2=0.261520740 EV: (0.2615207403090482, -0.2615207403090482) P1 Winnings: 23.0
Choosing model 3
[0.0657255428419977, 0.5549272497465249, 0.052069290304934686, 0.32465123296044107, 0.0026266841461017676]
Games played: 124
Exploitability: P1=1.933333333 P2=0.261520740 EV: (-0.03081269536530481, 0.03081269536530481) P1 Winnings: 16.0
Choosing model 3
[0.07071225822365122, 0.4109439397825274, 0.04033536564612974, 0.47373472845056835, 0.004273707897123289]
Games played: 125
Exploitability: P1=1.933333333 P2=0.261520740 EV: (-0.03081269536530481, 0.03081269536530481) P1 Winnings: 23.0
Choosing model 3
[0.07290422536488042, 0.4374351574687407, 0.044033009381727155, 0.4416295147520343, 0.003998093032617471]
Games played: 126
Exploitability: P1=1.933333333 P2=0.261520740 EV: (-0.03081269536530481, 0.03081269536530481) P1 Winnings: 24.0
Choosing model 1
[0.07290418318797975, 0.43743532521486295, 0.0440329892355414, 0.441629413828954, 0.003998088532661934]
Games played: 127
Exploitability: P1=2.800000000 P2=0.261520740 EV: (0.2615207403090482, -0.2615207403090482) P1 Winnings: 21.0
Choosing model 3
[0.06482508620879106, 0.5373914231024485, 0.04574833337589594, 0.3494622800124396, 0.002572877300424734]
Games played: 128
Exploitability: P1=1.933333333 P2=0.261520740 EV: (-0.03081269536530481, 0.03081269536530481) P1 Winnings: 30.0
Choosing model 1
[0.06855974351575121, 0.39120357568324016, 0.03483735492883889, 0.5012842143062971, 0.004115111565872702]
Games played: 129
Exploitability: P1=2.800000000 P2=0.261520740 EV: (0.2615207403090482, -0.2615207403090482) P1 Winnings: 37.0
Choosing model 1
[0.052295783550388386, 0.4730113502588518, 0.02794150464943824, 0.4441969746498839, 0.0025543868914374604]
Games played: 130
Exploitability: P1=2.800000000 P2=0.261520740 EV: (0.2615207403090482, -0.2615207403090482) P1 Winnings: 37.0
Choosing model 0
[0.06008072453800698, 0.42671828721625893, 0.03145687202238254, 0.47858988294342275, 0.003154233279928673]
Games played: 131
Exploitability: P1=1.900000000 P2=0.261520740 EV: (-0.09193627298774845, 0.09193627298774845) P1 Winnings: 37.0
Choosing model 3
[0.06196689119306186, 0.4544006190704073, 0.03435377440349129, 0.4463267692272795, 0.0029519461057599928]
Games played: 132
Exploitability: P1=1.933333333 P2=0.261520740 EV: (-0.03081269536530481, 0.03081269536530481) P1 Winnings: 38.0
Choosing model 3
[0.060221009940823335, 0.4572809343619618, 0.03374777982874918, 0.44604005185865875, 0.002710224009806981]
Games played: 133
Exploitability: P1=1.933333333 P2=0.261520740 EV: (-0.03081269536530481, 0.03081269536530481) P1 Winnings: 38.0
Choosing model 1
[0.06397141532106769, 0.4322133901670447, 0.035693860294198895, 0.46523786957405233, 0.002883464643636586]
Games played: 134
Exploitability: P1=2.800000000 P2=0.261520740 EV: (0.2615207403090482, -0.2615207403090482) P1 Winnings: 38.0
Choosing model 1
[0.06238870890867969, 0.5584926511693914, 0.045530656773436436, 0.33170129348107874, 0.0018866896674136948]
Games played: 135
Exploitability: P1=2.800000000 P2=0.261520740 EV: (0.2615207403090482, -0.2615207403090482) P1 Winnings: 41.0
Choosing model 3
[0.04933062343952799, 0.619214686123901, 0.03735384937072831, 0.292818097897853, 0.0012827431679897172]
Games played: 136
Exploitability: P1=1.933333333 P2=0.261520740 EV: (-0.03081269536530481, 0.03081269536530481) P1 Winnings: 41.0
Choosing model 1
[0.03484117039891318, 0.6948747820561237, 0.02781284826600655, 0.24174529836100322, 0.0007259009179532026]
Games played: 137
Exploitability: P1=2.800000000 P2=0.261520740 EV: (0.2615207403090482, -0.2615207403090482) P1 Winnings: 36.0
Choosing model 1
[0.042887983177033, 0.6458309079427204, 0.03347645108921626, 0.2768408477928907, 0.0009638099981398304]
Games played: 138
Exploitability: P1=2.800000000 P2=0.261520740 EV: (0.2615207403090482, -0.2615207403090482) P1 Winnings: 39.0
Choosing model 3
[0.02521432194865456, 0.7500587217959667, 0.021195915703264234, 0.20311261136242043, 0.0004184291896940638]
Games played: 139
Exploitability: P1=1.933333333 P2=0.261520740 EV: (-0.03081269536530481, 0.03081269536530481) P1 Winnings: 46.0
Choosing model 1
[0.02936130381227997, 0.7515045293749174, 0.026731251335911862, 0.19196458913216774, 0.00043832634472304856]
Games played: 140
Exploitability: P1=2.800000000 P2=0.261520740 EV: (0.2615207403090482, -0.2615207403090482) P1 Winnings: 49.0
Choosing model 1
[0.03164152392520004, 0.7153549795683596, 0.02562126766261444, 0.2268540339724872, 0.0005281948713387189]
Games played: 141
Exploitability: P1=2.800000000 P2=0.261520740 EV: (0.2615207403090482, -0.2615207403090482) P1 Winnings: 42.0
Choosing model 3
[0.042709639912497176, 0.6492503687097797, 0.033366407243284615, 0.27385968714772846, 0.0008138969867100514]
Games played: 142
Exploitability: P1=1.933333333 P2=0.261520740 EV: (-0.03081269536530481, 0.03081269536530481) P1 Winnings: 37.0
Choosing model 1
[0.049774391574530896, 0.6094394481101403, 0.038198566937543345, 0.3015774036628832, 0.0010101897149021627]
Games played: 143
Exploitability: P1=2.800000000 P2=0.261520740 EV: (0.2615207403090482, -0.2615207403090482) P1 Winnings: 37.0
Choosing model 3
[0.049774356936374435, 0.6094396102807861, 0.03819854497707198, 0.30157729934643385, 0.0010101884593335369]
Games played: 144
Exploitability: P1=1.933333333 P2=0.261520740 EV: (-0.03081269536530481, 0.03081269536530481) P1 Winnings: 30.0
Choosing model 3
[0.0501229229728305, 0.6336282343953316, 0.040729767283499335, 0.2745960296523022, 0.000923045696036405]
Games played: 145
Exploitability: P1=1.933333333 P2=0.261520740 EV: (-0.03081269536530481, 0.03081269536530481) P1 Winnings: 31.0
Choosing model 1
[0.03933732732970712, 0.6873178179663157, 0.03312170016723756, 0.2395970853095622, 0.0006260692271774847]
Games played: 146
Exploitability: P1=2.800000000 P2=0.261520740 EV: (0.2615207403090482, -0.2615207403090482) P1 Winnings: 36.0
Choosing model 1
[0.046141429578045574, 0.6493548758797703, 0.03816422007899544, 0.26555737496771065, 0.000782099495478208]
Games played: 147
Exploitability: P1=2.800000000 P2=0.261520740 EV: (0.2615207403090482, -0.2615207403090482) P1 Winnings: 37.0
Choosing model 1
[0.0438307526944472, 0.6604324972751718, 0.03655772704172027, 0.2584629470795672, 0.0007160759090935583]
Games played: 148
Exploitability: P1=2.800000000 P2=0.261520740 EV: (0.2615207403090482, -0.2615207403090482) P1 Winnings: 24.0
Choosing model 1
[0.06280014321013831, 0.5673570408291648, 0.04988525686491712, 0.3187214409150564, 0.0012361181807233343]
Games played: 149
Exploitability: P1=2.800000000 P2=0.261520740 EV: (0.2615207403090482, -0.2615207403090482) P1 Winnings: 25.0
Choosing model 3
[0.06418735012488085, 0.4565575650423288, 0.038406266204280844, 0.43913868164089254, 0.0017101369876170245]
Games played: 150
Exploitability: P1=1.933333333 P2=0.261520740 EV: (-0.03081269536530481, 0.03081269536530481) P1 Winnings: 16.0
Choosing model 2
[0.06817152055294967, 0.43144582981770224, 0.040613087761384926, 0.45795046447346655, 0.0018190973944965407]
Games played: 151
Exploitability: P1=4.600000000 P2=0.261520740 EV: (0.20111182099491953, -0.20111182099491953) P1 Winnings: 11.0
Choosing model 3
[0.040931517161687206, 0.35025760764045233, 0.015224759239066474, 0.59204580546419, 0.001540310494604039]
Games played: 152
Exploitability: P1=1.933333333 P2=0.261520740 EV: (-0.03081269536530481, 0.03081269536530481) P1 Winnings: 2.0
Choosing model 3
[0.04643374800959878, 0.3075431426429802, 0.016901878481570907, 0.6272335659670202, 0.001887664898830052]
Games played: 153
Exploitability: P1=1.933333333 P2=0.261520740 EV: (-0.03081269536530481, 0.03081269536530481) P1 Winnings: 2.0
Choosing model 3
[0.045135184014574094, 0.30955896026018953, 0.016607293994866674, 0.626965097775169, 0.0017334639552007316]
Games played: 154
Exploitability: P1=1.933333333 P2=0.261520740 EV: (-0.03081269536530481, 0.03081269536530481) P1 Winnings: 2.0
Choosing model 3
[0.03502238320155469, 0.38164803331380903, 0.013585115152109816, 0.5686667462102423, 0.001077722122284115]
Games played: 155
Exploitability: P1=1.933333333 P2=0.261520740 EV: (-0.03081269536530481, 0.03081269536530481) P1 Winnings: 2.0
Choosing model 3
[0.035022363335674114, 0.3816481839760491, 0.013585109089974024, 0.5686666226768538, 0.001077720921448913]
Games played: 156
Exploitability: P1=1.933333333 P2=0.261520740 EV: (-0.03081269536530481, 0.03081269536530481) P1 Winnings: -1.0
Choosing model 1
[0.03692829581929677, 0.36332317813098436, 0.014209944814879808, 0.5843702091660924, 0.0011683720687466514]
Games played: 157
Exploitability: P1=2.800000000 P2=0.261520740 EV: (0.2615207403090482, -0.2615207403090482) P1 Winnings: 2.0
Choosing model 3
[0.026804701695959363, 0.4542312679294446, 0.010954208227309458, 0.5073484690503935, 0.0006613530968931048]
Games played: 158
Exploitability: P1=1.933333333 P2=0.261520740 EV: (-0.03081269536530481, 0.03081269536530481) P1 Winnings: -5.0
Choosing model 3
[0.021781788769084758, 0.5101691714949305, 0.009223500770640143, 0.45836108074782483, 0.0004644582175198117]
Games played: 159
Exploitability: P1=1.933333333 P2=0.261520740 EV: (-0.03081269536530481, 0.03081269536530481) P1 Winnings: 0.0
Choosing model 3
[0.018974882491688067, 0.5445330294228009, 0.008225855100776305, 0.4278998928911108, 0.00036634009362389704]
Games played: 160
Exploitability: P1=1.933333333 P2=0.261520740 EV: (-0.03081269536530481, 0.03081269536530481) P1 Winnings: -9.0
Choosing model 3
[0.015105336934599823, 0.5991425602145651, 0.0067852305616658325, 0.3787148340308369, 0.00025203825833247325]
Games played: 161
Exploitability: P1=1.933333333 P2=0.261520740 EV: (-0.03081269536530481, 0.03081269536530481) P1 Winnings: -9.0
Choosing model 1
[0.02322053311214545, 0.47980130796407255, 0.009851273596536522, 0.4866498807738581, 0.00047700455338733764]
Games played: 162
Exploitability: P1=2.800000000 P2=0.261520740 EV: (0.2615207403090482, -0.2615207403090482) P1 Winnings: -9.0
Choosing model 1
[0.02713171757899279, 0.430141194828119, 0.011264996227675107, 0.5308608352562636, 0.0006012561089492773]
Games played: 163
Exploitability: P1=2.800000000 P2=0.261520740 EV: (0.2615207403090482, -0.2615207403090482) P1 Winnings: -8.0
Choosing model 1
[0.02713166040282483, 0.43014173966890273, 0.011264977264697103, 0.5308603689736956, 0.0006012536898797954]
Games played: 164
Exploitability: P1=2.800000000 P2=0.261520740 EV: (0.2615207403090482, -0.2615207403090482) P1 Winnings: -17.0
Choosing model 1
[0.02599987840841275, 0.4413315547243491, 0.010885796013974998, 0.521227427145775, 0.0005553437074881592]
Games played: 165
Exploitability: P1=2.800000000 P2=0.261520740 EV: (0.2615207403090482, -0.2615207403090482) P1 Winnings: -14.0
Choosing model 3
[0.02599982294549021, 0.44133210233363823, 0.01088577740799221, 0.521226955854091, 0.0005553414587884786]
Games played: 166
Exploitability: P1=1.933333333 P2=0.261520740 EV: (-0.03081269536530481, 0.03081269536530481) P1 Winnings: -23.0
Choosing model 3
[0.027725237301707117, 0.4177627216126537, 0.011527838204078787, 0.5423818062091548, 0.0006023966724056925]
Games played: 167
Exploitability: P1=1.933333333 P2=0.261520740 EV: (-0.03081269536530481, 0.03081269536530481) P1 Winnings: -26.0
Choosing model 3
[0.02271424953261443, 0.473050412684975, 0.0097859552513649, 0.4940228654969084, 0.00042651703413725006]
Games played: 168
Exploitability: P1=1.933333333 P2=0.261520740 EV: (-0.03081269536530481, 0.03081269536530481) P1 Winnings: -21.0
Choosing model 3
[0.022714235246847896, 0.47305057024252856, 0.009785950280745833, 0.49402272769729666, 0.0004265165325810332]
Games played: 169
Exploitability: P1=1.933333333 P2=0.261520740 EV: (-0.03081269536530481, 0.03081269536530481) P1 Winnings: -24.0
Choosing model 1
[0.020208291615752383, 0.6153868328769962, 0.011070059084441442, 0.35308669552602984, 0.0002481208967801521]
Games played: 170
Exploitability: P1=2.800000000 P2=0.261520740 EV: (0.2615207403090482, -0.2615207403090482) P1 Winnings: -19.0
Choosing model 3
[0.023480394926089502, 0.5759201894379551, 0.012635234589377898, 0.3876571427197609, 0.000307038326816768]
Games played: 171
Exploitability: P1=1.933333333 P2=0.261520740 EV: (-0.03081269536530481, 0.03081269536530481) P1 Winnings: -18.0
Choosing model 3
[0.030097063343844425, 0.5065048385214389, 0.015659483055738735, 0.4472931885219514, 0.00044542655702654236]
Games played: 172
Exploitability: P1=1.933333333 P2=0.261520740 EV: (-0.03081269536530481, 0.03081269536530481) P1 Winnings: -18.0
Choosing model 3
[0.03088554154222788, 0.5366458913145036, 0.017015428722414447, 0.41503837803255483, 0.0004147603882991993]
Games played: 173
Exploitability: P1=1.933333333 P2=0.261520740 EV: (-0.03081269536530481, 0.03081269536530481) P1 Winnings: -17.0
Choosing model 1
[0.03640954455211857, 0.544322301687329, 0.021724109565033203, 0.3971041939329344, 0.0004398502625848953]
Games played: 174
Exploitability: P1=2.800000000 P2=0.261520740 EV: (0.2615207403090482, -0.2615207403090482) P1 Winnings: -14.0
Choosing model 1
[0.03640952033928391, 0.5443224633444371, 0.021724097746829936, 0.3971040688399689, 0.00043984972948020326]
Games played: 175
Exploitability: P1=2.800000000 P2=0.261520740 EV: (0.2615207403090482, -0.2615207403090482) P1 Winnings: -21.0
Choosing model 3
[0.04243508345634849, 0.4981585247293422, 0.02481127662026225, 0.43404411331723536, 0.0005510018768118421]
Games played: 176
Exploitability: P1=1.933333333 P2=0.261520740 EV: (-0.03081269536530481, 0.03081269536530481) P1 Winnings: -18.0
Choosing model 1
[0.043478653909632424, 0.5269770571094824, 0.026917487287893425, 0.40211453729379976, 0.0005122643991919559]
Games played: 177
Exploitability: P1=2.800000000 P2=0.261520740 EV: (0.2615207403090482, -0.2615207403090482) P1 Winnings: -17.0
Choosing model 1
[0.041513302898016594, 0.5387178485313903, 0.02591675565588073, 0.39338066582062065, 0.00047142709409189]
Games played: 178
Exploitability: P1=2.800000000 P2=0.261520740 EV: (0.2615207403090482, -0.2615207403090482) P1 Winnings: -24.0
Choosing model 1
[0.04151327554869125, 0.5387180118666215, 0.025916741717627794, 0.3933805443414186, 0.0004714265256406899]
Games played: 179
Exploitability: P1=2.800000000 P2=0.261520740 EV: (0.2615207403090482, -0.2615207403090482) P1 Winnings: -31.0
Choosing model 1
[0.03285848630558784, 0.5979091869011364, 0.021284418704901976, 0.34762705723452236, 0.00032085085385135444]
Games played: 180
Exploitability: P1=2.800000000 P2=0.261520740 EV: (0.2615207403090482, -0.2615207403090482) P1 Winnings: -31.0
Choosing model 3
[0.03787727770462064, 0.558426346622351, 0.02411253801248402, 0.37919052910362744, 0.0003933085569168982]
Games played: 181
Exploitability: P1=1.933333333 P2=0.261520740 EV: (-0.03081269536530481, 0.03081269536530481) P1 Winnings: -30.0
Choosing model 1
[0.04353370171613886, 0.5169529836490647, 0.027223711787597023, 0.4118081722525265, 0.00048143059467295945]
Games played: 182
Exploitability: P1=2.800000000 P2=0.261520740 EV: (0.2615207403090482, -0.2615207403090482) P1 Winnings: -30.0
Choosing model 3
[0.059276161433489676, 0.4220382655120953, 0.03530312372684718, 0.48259266704553416, 0.0007897822820337177]
Games played: 183
Exploitability: P1=1.933333333 P2=0.261520740 EV: (-0.03081269536530481, 0.03081269536530481) P1 Winnings: -29.0
Choosing model 1
[0.06114274743722427, 0.44945872874215936, 0.03855781266968117, 0.45010151051553976, 0.0007392006353953857]
Games played: 184
Exploitability: P1=2.800000000 P2=0.261520740 EV: (0.2615207403090482, -0.2615207403090482) P1 Winnings: -28.0
Choosing model 3
[0.07128385242164761, 0.3956447599007004, 0.043955139038929426, 0.4881866836940276, 0.0009295649446948184]
Games played: 185
Exploitability: P1=1.933333333 P2=0.261520740 EV: (-0.03081269536530481, 0.03081269536530481) P1 Winnings: -25.0
Choosing model 2
[0.08632628142349312, 0.3287455322368977, 0.051467955406469985, 0.5321861518093902, 0.0012740791237490483]
Games played: 186
Exploitability: P1=4.600000000 P2=0.261520740 EV: (0.20111182099491953, -0.20111182099491953) P1 Winnings: -22.0
Choosing model 1
[0.08632612753553946, 0.3287460553961189, 0.05146788548054676, 0.5321858571764012, 0.0012740744113935987]
Games played: 187
Exploitability: P1=2.800000000 P2=0.261520740 EV: (0.2615207403090482, -0.2615207403090482) P1 Winnings: -31.0
Choosing model 1
[0.07357182141119802, 0.3777558153884513, 0.04541300231841859, 0.5023223918824475, 0.0009369689994844437]
Games played: 188
Exploitability: P1=2.800000000 P2=0.261520740 EV: (0.2615207403090482, -0.2615207403090482) P1 Winnings: -24.0
Choosing model 3
[0.08296356564029955, 0.334493949231353, 0.05018262501363754, 0.5312242224995076, 0.0011356376152023484]
Games played: 189
Exploitability: P1=1.933333333 P2=0.261520740 EV: (-0.03081269536530481, 0.03081269536530481) P1 Winnings: -21.0
Choosing model 0
[0.10503265395699739, 0.2539052488430693, 0.06050644547102621, 0.5788234603220479, 0.001732191406859248]
Games played: 190
Exploitability: P1=1.900000000 P2=0.261520740 EV: (-0.09193627298774845, 0.09193627298774845) P1 Winnings: -22.0
Choosing model 1
[0.11485306172942909, 0.22171734284956637, 0.06493738323880816, 0.5964680983240858, 0.002024113858110612]
Games played: 191
Exploitability: P1=2.800000000 P2=0.261520740 EV: (0.2615207403090482, -0.2615207403090482) P1 Winnings: -22.0
Choosing model 3
[0.10045166161379282, 0.2614541701305269, 0.05880089984949272, 0.5777656648296441, 0.0015276035765434029]
Games played: 192
Exploitability: P1=1.933333333 P2=0.261520740 EV: (-0.03081269536530481, 0.03081269536530481) P1 Winnings: -15.0
Choosing model 0
[0.10502484652633029, 0.28223028585399257, 0.0650958465847481, 0.5461997965449984, 0.0014492244899305651]
Games played: 193
Exploitability: P1=1.900000000 P2=0.261520740 EV: (-0.09193627298774845, 0.09193627298774845) P1 Winnings: -14.0
Choosing model 3
[0.13606148840702814, 0.19047424676759658, 0.07964938800939192, 0.5915033809989605, 0.0023114958170227795]
Games played: 194
Exploitability: P1=1.933333333 P2=0.261520740 EV: (-0.03081269536530481, 0.03081269536530481) P1 Winnings: -17.0
Choosing model 0
[0.11919796708084408, 0.23063462984570005, 0.07230166638227366, 0.5761156585564021, 0.001750078134780167]
Games played: 195
Exploitability: P1=1.900000000 P2=0.261520740 EV: (-0.09193627298774845, 0.09193627298774845) P1 Winnings: -17.0
Choosing model 0
[0.12898312038198106, 0.2022032218414889, 0.07688864085038943, 0.5899111973603605, 0.002013819565780044]
Games played: 196
Exploitability: P1=1.900000000 P2=0.261520740 EV: (-0.09193627298774845, 0.09193627298774845) P1 Winnings: -18.0
Choosing model 3
[0.12530259038195368, 0.2103166686406817, 0.07532242131653655, 0.5871726878556249, 0.0018856318052031913]
Games played: 197
Exploitability: P1=1.933333333 P2=0.261520740 EV: (-0.03081269536530481, 0.03081269536530481) P1 Winnings: -19.0
Choosing model 3
[0.12166827461782902, 0.2186499842654074, 0.07375245641435113, 0.5841645340037634, 0.001764750698649113]
Games played: 198
Exploitability: P1=1.933333333 P2=0.261520740 EV: (-0.03081269536530481, 0.03081269536530481) P1 Winnings: -30.0
Choosing model 3
[0.13362303612235335, 0.1858643959578791, 0.07926639991805243, 0.599152402565701, 0.0020937654360140903]
Games played: 199
Exploitability: P1=1.933333333 P2=0.261520740 EV: (-0.03081269536530481, 0.03081269536530481) P1 Winnings: -37.0
Choosing model 3
[0.13362298308049647, 0.18586450098056576, 0.07926637804438942, 0.5991523744349488, 0.0020937634595995284]
Games played: 200
Exploitability: P1=1.933333333 P2=0.261520740 EV: (-0.03081269536530481, 0.03081269536530481) P1 Winnings: -40.0
