Player 1 exploitability: 0.00983675547233
Choosing model 2
[0.2101590553241933, 0.16124736106144488, 0.2056750805487912, 0.19620364484632571, 0.2267148582192449]
Games played: 1
Exploitability: P1=4.600000000 P2=-0.075815259 EV: (-0.09700530409292976, 0.09700530409292976) P1 Winnings: 0.0
Choosing model 0
[0.21791873237453366, 0.12941417268222508, 0.20870689206396972, 0.18999915086452657, 0.25396105201474495]
Games played: 2
Exploitability: P1=1.900000000 P2=-0.075815259 EV: (-0.0852957443888418, 0.0852957443888418) P1 Winnings: -3.0
Choosing model 3
[0.22196273661641036, 0.11728555984991605, 0.21165702392732205, 0.1900204939796584, 0.25907418562669315]
Games played: 3
Exploitability: P1=1.933333333 P2=-0.075815259 EV: (-0.11025805858339191, 0.11025805858339191) P1 Winnings: -8.0
Choosing model 1
[0.2091723753996788, 0.17561353059566473, 0.21027658480978006, 0.20931901873158693, 0.19561849046328944]
Games played: 4
Exploitability: P1=2.800000000 P2=-0.075815259 EV: (-0.10659000190825216, 0.10659000190825216) P1 Winnings: -8.0
Choosing model 0
[0.21693820138489403, 0.14756698503930793, 0.21432482021311533, 0.20542501469585492, 0.21574497866682768]
Games played: 5
Exploitability: P1=1.900000000 P2=-0.075815259 EV: (-0.0852957443888418, 0.0852957443888418) P1 Winnings: -9.0
Choosing model 1
[0.21490009626486486, 0.15651221291929576, 0.21409570817113366, 0.2084999418263042, 0.2059920408184016]
Games played: 6
Exploitability: P1=2.800000000 P2=-0.075815259 EV: (-0.10659000190825216, 0.10659000190825216) P1 Winnings: -10.0
Choosing model 2
[0.22353102788060322, 0.12490906149229071, 0.2179429047918403, 0.20247252859280504, 0.2311444772424607]
Games played: 7
Exploitability: P1=4.600000000 P2=-0.075815259 EV: (-0.09700530409292976, 0.09700530409292976) P1 Winnings: -9.0
Choosing model 0
[0.2299032484961294, 0.09943608252478946, 0.21936063068083406, 0.19447847126324413, 0.2568215670350028]
Games played: 8
Exploitability: P1=1.900000000 P2=-0.075815259 EV: (-0.0852957443888418, 0.0852957443888418) P1 Winnings: -12.0
Choosing model 3
[0.21848626997258036, 0.15014546522486766, 0.21977166605671844, 0.21604019681605294, 0.19555640192978055]
Games played: 9
Exploitability: P1=1.933333333 P2=-0.075815259 EV: (-0.11025805858339191, 0.11025805858339191) P1 Winnings: -17.0
Choosing model 1
[0.22211292007563235, 0.1378091260955698, 0.22163422022035056, 0.21404286131305567, 0.2044008722953917]
Games played: 10
Exploitability: P1=2.800000000 P2=-0.075815259 EV: (-0.10659000190825216, 0.10659000190825216) P1 Winnings: -14.0
Choosing model 3
[0.22545976525004865, 0.12629591243293925, 0.2231759998267455, 0.21174467093614951, 0.21332365155411712]
Games played: 11
Exploitability: P1=1.933333333 P2=-0.075815259 EV: (-0.11025805858339191, 0.11025805858339191) P1 Winnings: -14.0
Choosing model 2
[0.20786840795618874, 0.1877313452149152, 0.21612547204554305, 0.22650049496119865, 0.16177427982215442]
Games played: 12
Exploitability: P1=4.600000000 P2=-0.075815259 EV: (-0.09700530409292976, 0.09700530409292976) P1 Winnings: -3.0
Choosing model 0
[0.21894704006311114, 0.15171617637294976, 0.2227871366506457, 0.22272999496169335, 0.18381965195159997]
Games played: 13
Exploitability: P1=1.900000000 P2=-0.075815259 EV: (-0.0852957443888418, 0.0852957443888418) P1 Winnings: -2.0
Choosing model 2
[0.21647316936958455, 0.16060362331276645, 0.2221212084115897, 0.2256294273117509, 0.1751725715943084]
Games played: 14
Exploitability: P1=4.600000000 P2=-0.075815259 EV: (-0.09700530409292976, 0.09700530409292976) P1 Winnings: -3.0
Choosing model 3
[0.22440029558856533, 0.13488826125205872, 0.2262868426743122, 0.22132363502449953, 0.19310096546056416]
Games played: 15
Exploitability: P1=1.933333333 P2=-0.075815259 EV: (-0.11025805858339191, 0.11025805858339191) P1 Winnings: -2.0
Choosing model 1
[0.21814358499453138, 0.12782360659592304, 0.19019657425468697, 0.2592632846513469, 0.20457294950351182]
Games played: 16
Exploitability: P1=2.800000000 P2=-0.075815259 EV: (-0.10659000190825216, 0.10659000190825216) P1 Winnings: 7.0
Choosing model 0
[0.19449883518874475, 0.2046549960931699, 0.1808997115496433, 0.2802022370683551, 0.1397442201000869]
Games played: 17
Exploitability: P1=1.900000000 P2=-0.075815259 EV: (-0.0852957443888418, 0.0852957443888418) P1 Winnings: 14.0
Choosing model 0
[0.20614373686424256, 0.1745507221319369, 0.19033519221702946, 0.2733269160319298, 0.15564343275486134]
Games played: 18
Exploitability: P1=1.900000000 P2=-0.075815259 EV: (-0.0852957443888418, 0.0852957443888418) P1 Winnings: 15.0
Choosing model 0
[0.20309084065233107, 0.18411969853080815, 0.18909245359579602, 0.27590185923329325, 0.1477951479877715]
Games played: 19
Exploitability: P1=1.900000000 P2=-0.075815259 EV: (-0.0852957443888418, 0.0852957443888418) P1 Winnings: 20.0
Choosing model 1
[0.20350271632959005, 0.21788215886734058, 0.2098873289409216, 0.24845334191456048, 0.12027445394758737]
Games played: 20
Exploitability: P1=2.800000000 P2=-0.075815259 EV: (-0.10659000190825216, 0.10659000190825216) P1 Winnings: 25.0
Choosing model 3
[0.20976583941891858, 0.19936343455835248, 0.21484948440394172, 0.24990949703095128, 0.12611174458783586]
Games played: 21
Exploitability: P1=1.933333333 P2=-0.075815259 EV: (-0.11025805858339191, 0.11025805858339191) P1 Winnings: 25.0
Choosing model 0
[0.22155933266553504, 0.16534916158224083, 0.2223754599039955, 0.24754689024427592, 0.1431691556039527]
Games played: 22
Exploitability: P1=1.900000000 P2=-0.075815259 EV: (-0.0852957443888418, 0.0852957443888418) P1 Winnings: 22.0
Choosing model 0
[0.24134186375296815, 0.10799183464474563, 0.2306963879158751, 0.23207660980377348, 0.18789330388263778]
Games played: 23
Exploitability: P1=1.900000000 P2=-0.075815259 EV: (-0.0852957443888418, 0.0852957443888418) P1 Winnings: 23.0
Choosing model 0
[0.24134183911926826, 0.10799191973496522, 0.23069639020680116, 0.2320766613087416, 0.1878931896302238]
Games played: 24
Exploitability: P1=1.900000000 P2=-0.075815259 EV: (-0.0852957443888418, 0.0852957443888418) P1 Winnings: 22.0
Choosing model 0
[0.2298393814385542, 0.14214700353682597, 0.22764853396534615, 0.24572090780643813, 0.15464417325283553]
Games played: 25
Exploitability: P1=1.900000000 P2=-0.075815259 EV: (-0.0852957443888418, 0.0852957443888418) P1 Winnings: 22.0
Choosing model 1
[0.22702141618098254, 0.1503275385220818, 0.2267473188911942, 0.24867752251659642, 0.14722620388914487]
Games played: 26
Exploitability: P1=2.800000000 P2=-0.075815259 EV: (-0.10659000190825216, 0.10659000190825216) P1 Winnings: 21.0
Choosing model 0
[0.23679652779870786, 0.12312556996320677, 0.23176503725806819, 0.24325650565554857, 0.16505635932446852]
Games played: 27
Exploitability: P1=1.900000000 P2=-0.075815259 EV: (-0.0852957443888418, 0.0852957443888418) P1 Winnings: 24.0
Choosing model 4
[0.2342975159945793, 0.1304364772281886, 0.23124651377015779, 0.24660896172230692, 0.1574105312847674]
Games played: 28
Exploitability: P1=2.600000000 P2=-0.075815259 EV: (-0.08438757414333523, 0.08438757414333523) P1 Winnings: 23.0
Choosing model 0
[0.23162521314527387, 0.13806247722837225, 0.2305304299318059, 0.24979229546141235, 0.14998958423313558]
Games played: 29
Exploitability: P1=1.900000000 P2=-0.075815259 EV: (-0.0852957443888418, 0.0852957443888418) P1 Winnings: 22.0
Choosing model 3
[0.2324766394128035, 0.16364799549459816, 0.25630312274819794, 0.2253112455614136, 0.12226099678298703]
Games played: 30
Exploitability: P1=1.933333333 P2=-0.075815259 EV: (-0.11025805858339191, 0.11025805858339191) P1 Winnings: 27.0
Choosing model 2
[0.2434691661244821, 0.13457876714798486, 0.2630363722974373, 0.2212926289237964, 0.13762306550629913]
Games played: 31
Exploitability: P1=4.600000000 P2=-0.075815259 EV: (-0.09700530409292976, 0.09700530409292976) P1 Winnings: 24.0
Choosing model 0
[0.23459635204466156, 0.11943972595110496, 0.20137634744094887, 0.28463424740987747, 0.15995332715340718]
Games played: 32
Exploitability: P1=1.900000000 P2=-0.075815259 EV: (-0.0852957443888418, 0.0852957443888418) P1 Winnings: 37.0
Choosing model 2
[0.21849975996966958, 0.16094963752695157, 0.19516934243787806, 0.2986417392530474, 0.1267395208124533]
Games played: 33
Exploitability: P1=4.600000000 P2=-0.075815259 EV: (-0.09700530409292976, 0.09700530409292976) P1 Winnings: 36.0
Choosing model 0
[0.20183685471570662, 0.20370232629261628, 0.18681780009511983, 0.30660532377350297, 0.1010376951230544]
Games played: 34
Exploitability: P1=1.900000000 P2=-0.075815259 EV: (-0.0852957443888418, 0.0852957443888418) P1 Winnings: 41.0
Choosing model 2
[0.1979073162636435, 0.21385321361154508, 0.1847202648843261, 0.3080300627280157, 0.0954891425124697]
Games played: 35
Exploitability: P1=4.600000000 P2=-0.075815259 EV: (-0.09700530409292976, 0.09700530409292976) P1 Winnings: 46.0
Choosing model 2
[0.18837626519821749, 0.23296450466781835, 0.17345331291269328, 0.3196242686139148, 0.08558164860735609]
Games played: 36
Exploitability: P1=4.600000000 P2=-0.075815259 EV: (-0.09700530409292976, 0.09700530409292976) P1 Winnings: 46.0
Choosing model 3
[0.17783238204978938, 0.3038509815150518, 0.19132587866059714, 0.26851964944396706, 0.05847110833059473]
Games played: 37
Exploitability: P1=1.933333333 P2=-0.075815259 EV: (-0.11025805858339191, 0.11025805858339191) P1 Winnings: 55.0
Choosing model 1
[0.14540187518119052, 0.3947380363929877, 0.16491754073601028, 0.25663697219070525, 0.038305575499106334]
Games played: 38
Exploitability: P1=2.800000000 P2=-0.075815259 EV: (-0.10659000190825216, 0.10659000190825216) P1 Winnings: 50.0
Choosing model 3
[0.1600211372039799, 0.34990860939728874, 0.17829196389095514, 0.2668807244718302, 0.044897565035946135]
Games played: 39
Exploitability: P1=1.933333333 P2=-0.075815259 EV: (-0.11025805858339191, 0.11025805858339191) P1 Winnings: 51.0
Choosing model 3
[0.16129129212202156, 0.36413406459872005, 0.1902828791429315, 0.24322916605852515, 0.04106259807780187]
Games played: 40
Exploitability: P1=1.933333333 P2=-0.075815259 EV: (-0.11025805858339191, 0.11025805858339191) P1 Winnings: 52.0
Choosing model 1
[0.16195311463402653, 0.37749639136623814, 0.20230772864678398, 0.22083042513196688, 0.03741234022098461]
Games played: 41
Exploitability: P1=2.800000000 P2=-0.075815259 EV: (-0.10659000190825216, 0.10659000190825216) P1 Winnings: 53.0
Choosing model 3
[0.19844742353707748, 0.2773417636242566, 0.23609128496835388, 0.2328875925797214, 0.055231935290590596]
Games played: 42
Exploitability: P1=1.933333333 P2=-0.075815259 EV: (-0.11025805858339191, 0.11025805858339191) P1 Winnings: 54.0
Choosing model 2
[0.2231835195856646, 0.214015097397872, 0.2567277055274373, 0.23577143350308327, 0.07030224398594286]
Games played: 43
Exploitability: P1=4.600000000 P2=-0.075815259 EV: (-0.09700530409292976, 0.09700530409292976) P1 Winnings: 43.0
Choosing model 2
[0.2521887406160545, 0.14491771161934702, 0.2778214472626957, 0.23237446776819698, 0.0926976327337059]
Games played: 44
Exploitability: P1=4.600000000 P2=-0.075815259 EV: (-0.09700530409292976, 0.09700530409292976) P1 Winnings: 46.0
Choosing model 4
[0.2381376007704289, 0.19027218038521937, 0.2902872230588237, 0.21177002092126362, 0.0695329748642645]
Games played: 45
Exploitability: P1=2.600000000 P2=-0.075815259 EV: (-0.08438757414333523, 0.08438757414333523) P1 Winnings: 51.0
Choosing model 4
[0.2381375447403112, 0.19027230495964276, 0.29028718727092845, 0.2117700397086417, 0.06953292332047595]
Games played: 46
Exploitability: P1=2.600000000 P2=-0.075815259 EV: (-0.08438757414333523, 0.08438757414333523) P1 Winnings: 50.0
Choosing model 4
[0.25308517917914486, 0.15515255406566583, 0.30192583600853884, 0.21011754752813303, 0.07971888321851743]
Games played: 47
Exploitability: P1=2.600000000 P2=-0.075815259 EV: (-0.08438757414333523, 0.08438757414333523) P1 Winnings: 50.0
Choosing model 3
[0.28252883044830973, 0.09261181830044206, 0.31811226842130663, 0.19610988748334496, 0.11063719534659658]
Games played: 48
Exploitability: P1=1.933333333 P2=-0.075815259 EV: (-0.11025805858339191, 0.11025805858339191) P1 Winnings: 49.0
Choosing model 2
[0.2681051188332487, 0.1214684155711053, 0.31279153067589477, 0.20690007189092827, 0.09073486302882285]
Games played: 49
Exploitability: P1=4.600000000 P2=-0.075815259 EV: (-0.09700530409292976, 0.09700530409292976) P1 Winnings: 54.0
Choosing model 3
[0.264658611598138, 0.12838158609178937, 0.31136573706683895, 0.20926355924209067, 0.08633050600114293]
Games played: 50
Exploitability: P1=1.933333333 P2=-0.075815259 EV: (-0.11025805858339191, 0.11025805858339191) P1 Winnings: 41.0
Choosing model 0
[0.27672882097839646, 0.10299487336643717, 0.31861979370867394, 0.20427768802100787, 0.09737882392548457]
Games played: 51
Exploitability: P1=1.900000000 P2=-0.075815259 EV: (-0.0852957443888418, 0.0852957443888418) P1 Winnings: 41.0
Choosing model 3
[0.2729148696913035, 0.1199582041212988, 0.3480789084681635, 0.18105231504916536, 0.07799570267006885]
Games played: 52
Exploitability: P1=1.933333333 P2=-0.075815259 EV: (-0.11025805858339191, 0.11025805858339191) P1 Winnings: 46.0
Choosing model 1
[0.26940263236672657, 0.12678359082004756, 0.3464872528630345, 0.1831178828730853, 0.07420864107710617]
Games played: 53
Exploitability: P1=2.800000000 P2=-0.075815259 EV: (-0.10659000190825216, 0.10659000190825216) P1 Winnings: 35.0
Choosing model 2
[0.25017652065678725, 0.16801597514475403, 0.3395272852011237, 0.18501917547769817, 0.05726104351963706]
Games played: 54
Exploitability: P1=4.600000000 P2=-0.075815259 EV: (-0.09700530409292976, 0.09700530409292976) P1 Winnings: 42.0
Choosing model 0
[0.2617046326215894, 0.1424016126779056, 0.34905146854018104, 0.1831446800310817, 0.0636976061292424]
Games played: 55
Exploitability: P1=1.900000000 P2=-0.075815259 EV: (-0.0852957443888418, 0.0852957443888418) P1 Winnings: 43.0
Choosing model 1
[0.25778631130925883, 0.15018335508168146, 0.3467151585608755, 0.18483950043959466, 0.06047567460858965]
Games played: 56
Exploitability: P1=2.800000000 P2=-0.075815259 EV: (-0.10659000190825216, 0.10659000190825216) P1 Winnings: 42.0
Choosing model 2
[0.2537545608161496, 0.15828299350073116, 0.3441610849319902, 0.1864235620673927, 0.057377798683736415]
Games played: 57
Exploitability: P1=4.600000000 P2=-0.075815259 EV: (-0.09700530409292976, 0.09700530409292976) P1 Winnings: 45.0
Choosing model 0
[0.2744885919404965, 0.11512424106689091, 0.35918030875342155, 0.1803533974852702, 0.07085346075392084]
Games played: 58
Exploitability: P1=1.900000000 P2=-0.075815259 EV: (-0.0852957443888418, 0.0852957443888418) P1 Winnings: 40.0
Choosing model 3
[0.2841713060214379, 0.0959977404631181, 0.3652801034596554, 0.17642937348269036, 0.07812147657309823]
Games played: 59
Exploitability: P1=1.933333333 P2=-0.075815259 EV: (-0.11025805858339191, 0.11025805858339191) P1 Winnings: 40.0
Choosing model 2
[0.24817034436122676, 0.16561356578744066, 0.3435557549350847, 0.19228034857177462, 0.05037998634447331]
Games played: 60
Exploitability: P1=4.600000000 P2=-0.075815259 EV: (-0.09700530409292976, 0.09700530409292976) P1 Winnings: 47.0
Choosing model 2
[0.24008310325299398, 0.18336534609718808, 0.32787829224764153, 0.20278177666233607, 0.045891481739840256]
Games played: 61
Exploitability: P1=4.600000000 P2=-0.075815259 EV: (-0.09700530409292976, 0.09700530409292976) P1 Winnings: 47.0
Choosing model 2
[0.2397065606668437, 0.18902040922927013, 0.3466293762240564, 0.18306786750461615, 0.041575786375213544]
Games played: 62
Exploitability: P1=4.600000000 P2=-0.075815259 EV: (-0.09700530409292976, 0.09700530409292976) P1 Winnings: 48.0
Choosing model 2
[0.21799607744768282, 0.23759220823991328, 0.3266377499817762, 0.18509713703251815, 0.03267682729810957]
Games played: 63
Exploitability: P1=4.600000000 P2=-0.075815259 EV: (-0.09700530409292976, 0.09700530409292976) P1 Winnings: 53.0
Choosing model 0
[0.2217974711824102, 0.2226563429175215, 0.26405211671739354, 0.2513914665969874, 0.04010260258568727]
Games played: 64
Exploitability: P1=1.900000000 P2=-0.075815259 EV: (-0.0852957443888418, 0.0852957443888418) P1 Winnings: 40.0
Choosing model 3
[0.22571368190907146, 0.2107840900897002, 0.26872033630107683, 0.2545863276984147, 0.04019556400173675]
Games played: 65
Exploitability: P1=1.933333333 P2=-0.075815259 EV: (-0.11025805858339191, 0.11025805858339191) P1 Winnings: 37.0
Choosing model 3
[0.23260704004450816, 0.14951496162319616, 0.19939248918727143, 0.3558411587555176, 0.06264435038950665]
Games played: 66
Exploitability: P1=1.933333333 P2=-0.075815259 EV: (-0.11025805858339191, 0.11025805858339191) P1 Winnings: 34.0
Choosing model 3
[0.2033934595286489, 0.20723830823331818, 0.18332852709113692, 0.36146344686674425, 0.04457625828015164]
Games played: 67
Exploitability: P1=1.933333333 P2=-0.075815259 EV: (-0.11025805858339191, 0.11025805858339191) P1 Winnings: 31.0
Choosing model 4
[0.20780744366324289, 0.21860861203049914, 0.19833005962197148, 0.3339284153039283, 0.04132546938035823]
Games played: 68
Exploitability: P1=2.600000000 P2=-0.075815259 EV: (-0.08438757414333523, 0.08438757414333523) P1 Winnings: 32.0
Choosing model 3
[0.20780738047787822, 0.2186087401229598, 0.1983300215312792, 0.3339284219635575, 0.04132543590432525]
Games played: 69
Exploitability: P1=1.933333333 P2=-0.075815259 EV: (-0.11025805858339191, 0.11025805858339191) P1 Winnings: 31.0
Choosing model 3
[0.2114119339419586, 0.22961971018077668, 0.2136443277509397, 0.30717565324687907, 0.03814837487944597]
Games played: 70
Exploitability: P1=1.933333333 P2=-0.075815259 EV: (-0.11025805858339191, 0.11025805858339191) P1 Winnings: 32.0
Choosing model 4
[0.22823430545266937, 0.19186827079930074, 0.2257103293054432, 0.3096965015128452, 0.04449059292974146]
Games played: 71
Exploitability: P1=2.600000000 P2=-0.075815259 EV: (-0.08438757414333523, 0.08438757414333523) P1 Winnings: 35.0
Choosing model 2
[0.2352521874049159, 0.17555580400082543, 0.2310402910573948, 0.3115031269335163, 0.04664859060334759]
Games played: 72
Exploitability: P1=4.600000000 P2=-0.075815259 EV: (-0.09700530409292976, 0.09700530409292976) P1 Winnings: 35.0
Choosing model 0
[0.23147013967580352, 0.20399430209516048, 0.25181475669578735, 0.27544446925921123, 0.03727633227403731]
Games played: 73
Exploitability: P1=1.900000000 P2=-0.075815259 EV: (-0.0852957443888418, 0.0852957443888418) P1 Winnings: 40.0
Choosing model 2
[0.2484128301471821, 0.16797381819824153, 0.26448058343179864, 0.2759764785847834, 0.043156289637994234]
Games played: 74
Exploitability: P1=4.600000000 P2=-0.075815259 EV: (-0.09700530409292976, 0.09700530409292976) P1 Winnings: 41.0
Choosing model 2
[0.19738894396910764, 0.220934050738717, 0.167430649829413, 0.37792588016297024, 0.03632047529979207]
Games played: 75
Exploitability: P1=4.600000000 P2=-0.075815259 EV: (-0.09700530409292976, 0.09700530409292976) P1 Winnings: 32.0
Choosing model 1
[0.19366008780707758, 0.23126030758424534, 0.1665163706164136, 0.37442891218815705, 0.034134321804106395]
Games played: 76
Exploitability: P1=2.800000000 P2=-0.075815259 EV: (-0.10659000190825216, 0.10659000190825216) P1 Winnings: 37.0
Choosing model 1
[0.19467331578344085, 0.20534084634748676, 0.14887525119888165, 0.4127423242947816, 0.03836826237540909]
Games played: 77
Exploitability: P1=2.800000000 P2=-0.075815259 EV: (-0.10659000190825216, 0.10659000190825216) P1 Winnings: 30.0
Choosing model 3
[0.2008081482469436, 0.1912345421314497, 0.1523396160777773, 0.41492578385010287, 0.0406919096937267]
Games played: 78
Exploitability: P1=1.933333333 P2=-0.075815259 EV: (-0.11025805858339191, 0.11025805858339191) P1 Winnings: 30.0
Choosing model 1
[0.20080808291063956, 0.19123466387800775, 0.15233958494464678, 0.4149257940712839, 0.04069187419542194]
Games played: 79
Exploitability: P1=2.800000000 P2=-0.075815259 EV: (-0.10659000190825216, 0.10659000190825216) P1 Winnings: 27.0
Choosing model 3
[0.18074259642859908, 0.2320744359337953, 0.14196024332073884, 0.4136182769885829, 0.03160444732828397]
Games played: 80
Exploitability: P1=1.933333333 P2=-0.075815259 EV: (-0.11025805858339191, 0.11025805858339191) P1 Winnings: 34.0
Choosing model 2
[0.20120414487041183, 0.22228594520594994, 0.1711520888730613, 0.37370793404469177, 0.031649887005885155]
Games played: 81
Exploitability: P1=4.600000000 P2=-0.075815259 EV: (-0.09700530409292976, 0.09700530409292976) P1 Winnings: 37.0
Choosing model 1
[0.21478061528461245, 0.1922514775075141, 0.17955198449924367, 0.3774882232186999, 0.03592769948992989]
Games played: 82
Exploitability: P1=2.800000000 P2=-0.075815259 EV: (-0.10659000190825216, 0.10659000190825216) P1 Winnings: 36.0
Choosing model 3
[0.18913791003606378, 0.2449428053037794, 0.16453077503637498, 0.37447303857728614, 0.026915471046495693]
Games played: 83
Exploitability: P1=1.933333333 P2=-0.075815259 EV: (-0.11025805858339191, 0.11025805858339191) P1 Winnings: 29.0
Choosing model 3
[0.20631661076317243, 0.20500516581050898, 0.17564521417941892, 0.3813599896351156, 0.03167301961178397]
Games played: 84
Exploitability: P1=1.933333333 P2=-0.075815259 EV: (-0.11025805858339191, 0.11025805858339191) P1 Winnings: 29.0
Choosing model 0
[0.2228735534218076, 0.16991575728907232, 0.1856924438839504, 0.3846081057845704, 0.03691013962059922]
Games played: 85
Exploitability: P1=1.900000000 P2=-0.075815259 EV: (-0.0852957443888418, 0.0852957443888418) P1 Winnings: 29.0
Choosing model 2
[0.22287349147197313, 0.16991586128465133, 0.18569241306655068, 0.3846081234923149, 0.03691011068450987]
Games played: 86
Exploitability: P1=4.600000000 P2=-0.075815259 EV: (-0.09700530409292976, 0.09700530409292976) P1 Winnings: 28.0
Choosing model 2
[0.21134288451630318, 0.18440503591643365, 0.17371091092599483, 0.3975849873134161, 0.032956181327852246]
Games played: 87
Exploitability: P1=4.600000000 P2=-0.075815259 EV: (-0.09700530409292976, 0.09700530409292976) P1 Winnings: 28.0
Choosing model 3
[0.19971649523328988, 0.19943837384495053, 0.1619411157181344, 0.4095798598606966, 0.02932415534292858]
Games played: 88
Exploitability: P1=1.933333333 P2=-0.075815259 EV: (-0.11025805858339191, 0.11025805858339191) P1 Winnings: 28.0
Choosing model 3
[0.17770356631259904, 0.24527063380011124, 0.14930404268078323, 0.4051721794057642, 0.022549577800742276]
Games played: 89
Exploitability: P1=1.933333333 P2=-0.075815259 EV: (-0.11025805858339191, 0.11025805858339191) P1 Winnings: 33.0
Choosing model 3
[0.1821023860336559, 0.2595004754217842, 0.16200388758532272, 0.37542568707911383, 0.02096756388012335]
Games played: 90
Exploitability: P1=1.933333333 P2=-0.075815259 EV: (-0.11025805858339191, 0.11025805858339191) P1 Winnings: 34.0
Choosing model 1
[0.18580932962480268, 0.2733777406765308, 0.17502967773629927, 0.34637037409169763, 0.019412877870669663]
Games played: 91
Exploitability: P1=2.800000000 P2=-0.075815259 EV: (-0.10659000190825216, 0.10659000190825216) P1 Winnings: 35.0
Choosing model 0
[0.1806412489841118, 0.2845581438770111, 0.17159159981511013, 0.34501834554452376, 0.018190661779243136]
Games played: 92
Exploitability: P1=1.900000000 P2=-0.075815259 EV: (-0.0852957443888418, 0.0852957443888418) P1 Winnings: 28.0
Choosing model 0
[0.16554808585515698, 0.31952343674609307, 0.16099150982745575, 0.3388428411443671, 0.015094126426926915]
Games played: 93
Exploitability: P1=1.900000000 P2=-0.075815259 EV: (-0.0852957443888418, 0.0852957443888418) P1 Winnings: 23.0
Choosing model 2
[0.16790086565077697, 0.334583563514788, 0.1728885060782157, 0.31073627870554427, 0.013890786050675065]
Games played: 94
Exploitability: P1=4.600000000 P2=-0.075815259 EV: (-0.09700530409292976, 0.09700530409292976) P1 Winnings: 24.0
Choosing model 0
[0.17387992219133658, 0.30700967255091954, 0.16472013488934453, 0.3387295128327208, 0.01566075753567858]
Games played: 95
Exploitability: P1=1.900000000 P2=-0.075815259 EV: (-0.0852957443888418, 0.0852957443888418) P1 Winnings: 15.0
Choosing model 1
[0.1919291957844533, 0.26229272070383086, 0.17792908250328657, 0.3491746679538557, 0.01867433305457352]
Games played: 96
Exploitability: P1=2.800000000 P2=-0.075815259 EV: (-0.10659000190825216, 0.10659000190825216) P1 Winnings: 15.0
Choosing model 2
[0.208476665396022, 0.2292708310826718, 0.19186308734933213, 0.3490734356258433, 0.021315980546130753]
Games played: 97
Exploitability: P1=4.600000000 P2=-0.075815259 EV: (-0.09700530409292976, 0.09700530409292976) P1 Winnings: 16.0
Choosing model 1
[0.20428975533951285, 0.23969506056450343, 0.19058347345069407, 0.3454231012464119, 0.020008609398877726]
Games played: 98
Exploitability: P1=2.800000000 P2=-0.075815259 EV: (-0.10659000190825216, 0.10659000190825216) P1 Winnings: 21.0
Choosing model 3
[0.20704802804836528, 0.21458113689338798, 0.17179440566212784, 0.3839009766267231, 0.022675452769395775]
Games played: 99
Exploitability: P1=1.933333333 P2=-0.075815259 EV: (-0.11025805858339191, 0.11025805858339191) P1 Winnings: 14.0
Choosing model 0
[0.2116627547448989, 0.22648424653751364, 0.18595880188220443, 0.35486031739434454, 0.021033879441038503]
Games played: 100
Exploitability: P1=1.900000000 P2=-0.075815259 EV: (-0.0852957443888418, 0.0852957443888418) P1 Winnings: 15.0
Choosing model 2
[0.2186975069571301, 0.20821623337766385, 0.1913050856082434, 0.3600145896070726, 0.021766584449890113]
Games played: 101
Exploitability: P1=4.600000000 P2=-0.075815259 EV: (-0.09700530409292976, 0.09700530409292976) P1 Winnings: 10.0
Choosing model 1
[0.20998188007824034, 0.15739932122914638, 0.13835841084044306, 0.4659718587026568, 0.028288529149513457]
Games played: 102
Exploitability: P1=2.800000000 P2=-0.075815259 EV: (-0.10659000190825216, 0.10659000190825216) P1 Winnings: 1.0
Choosing model 3
[0.2053160517567504, 0.16477920299137694, 0.13642110680021607, 0.4668236094720806, 0.026660028979575916]
Games played: 103
Exploitability: P1=1.933333333 P2=-0.075815259 EV: (-0.11025805858339191, 0.11025805858339191) P1 Winnings: -6.0
Choosing model 3
[0.19165487413027565, 0.18846201298865572, 0.13037017453127786, 0.46698041500801585, 0.022532523341774975]
Games played: 104
Exploitability: P1=1.933333333 P2=-0.075815259 EV: (-0.11025805858339191, 0.11025805858339191) P1 Winnings: -15.0
Choosing model 0
[0.19820220613838327, 0.2012266759067175, 0.1427582577529505, 0.4366687938718551, 0.02114406633009363]
Games played: 105
Exploitability: P1=1.900000000 P2=-0.075815259 EV: (-0.0852957443888418, 0.0852957443888418) P1 Winnings: -14.0
Choosing model 0
[0.17268195365614478, 0.2536503800711435, 0.12942349940227188, 0.4285724688446516, 0.01567169802578807]
Games played: 106
Exploitability: P1=1.900000000 P2=-0.075815259 EV: (-0.0852957443888418, 0.0852957443888418) P1 Winnings: -15.0
Choosing model 0
[0.1861610761910631, 0.22155263184798543, 0.13712132214102724, 0.43719873908933743, 0.017966230730586754]
Games played: 107
Exploitability: P1=1.900000000 P2=-0.075815259 EV: (-0.0852957443888418, 0.0852957443888418) P1 Winnings: -14.0
Choosing model 0
[0.19249547727085015, 0.20383828692957218, 0.14117149991483452, 0.4438884307246776, 0.018606305160065537]
Games played: 108
Exploitability: P1=1.900000000 P2=-0.075815259 EV: (-0.0852957443888418, 0.0852957443888418) P1 Winnings: -19.0
Choosing model 3
[0.18764709066705199, 0.21274801609629812, 0.13877244902311336, 0.4433504644328975, 0.017481979780639017]
Games played: 109
Exploitability: P1=1.933333333 P2=-0.075815259 EV: (-0.11025805858339191, 0.11025805858339191) P1 Winnings: -20.0
Choosing model 2
[0.1938614211283475, 0.1955655140313924, 0.14274575339324935, 0.44973843102545374, 0.018088880421556937]
Games played: 110
Exploitability: P1=4.600000000 P2=-0.075815259 EV: (-0.09700530409292976, 0.09700530409292976) P1 Winnings: -25.0
Choosing model 3
[0.19551295801868546, 0.17475410346360112, 0.13244373424959643, 0.47742892807991094, 0.019860276188206155]
Games played: 111
Exploitability: P1=1.933333333 P2=-0.075815259 EV: (-0.11025805858339191, 0.11025805858339191) P1 Winnings: -34.0
Choosing model 3
[0.20123888596191794, 0.16004456802192674, 0.1357307231395238, 0.4825122726011974, 0.020473550275434144]
Games played: 112
Exploitability: P1=1.933333333 P2=-0.075815259 EV: (-0.11025805858339191, 0.11025805858339191) P1 Winnings: -34.0
Choosing model 1
[0.2085242637583212, 0.17122167551367765, 0.14892144156808274, 0.45208274394179404, 0.019249875218124247]
Games played: 113
Exploitability: P1=2.800000000 P2=-0.075815259 EV: (-0.10659000190825216, 0.10659000190825216) P1 Winnings: -33.0
Choosing model 2
[0.22458927125455602, 0.1414932298304433, 0.15697236786188112, 0.45457893105971126, 0.0223661999934082]
Games played: 114
Exploitability: P1=4.600000000 P2=-0.075815259 EV: (-0.09700530409292976, 0.09700530409292976) P1 Winnings: -32.0
Choosing model 0
[0.23428460813279403, 0.1961700150545952, 0.22154049060004163, 0.33276479217116817, 0.015240094041401047]
Games played: 115
Exploitability: P1=1.900000000 P2=-0.075815259 EV: (-0.0852957443888418, 0.0852957443888418) P1 Winnings: -27.0
Choosing model 1
[0.2375834243466665, 0.20538944313764101, 0.23788106259972114, 0.305122774135793, 0.01402329578017838]
Games played: 116
Exploitability: P1=2.800000000 P2=-0.075815259 EV: (-0.10659000190825216, 0.10659000190825216) P1 Winnings: -26.0
Choosing model 1
[0.2138813513930811, 0.24929654475649732, 0.22171306815739, 0.30421552017498793, 0.010893515518043734]
Games played: 117
Exploitability: P1=2.800000000 P2=-0.075815259 EV: (-0.10659000190825216, 0.10659000190825216) P1 Winnings: -19.0
Choosing model 0
[0.22127589649827414, 0.23285927240570278, 0.22754532943802105, 0.30673198740437335, 0.011587514253628679]
Games played: 118
Exploitability: P1=1.900000000 P2=-0.075815259 EV: (-0.0852957443888418, 0.0852957443888418) P1 Winnings: -19.0
Choosing model 0
[0.2234000627059203, 0.24272573775475753, 0.2432492354866928, 0.2800097310716078, 0.010615232981021606]
Games played: 119
Exploitability: P1=1.900000000 P2=-0.075815259 EV: (-0.0852957443888418, 0.0852957443888418) P1 Winnings: -18.0
Choosing model 2
[0.25123555403914594, 0.1872906980778866, 0.2644993926945624, 0.2834632109590625, 0.013511144229342511]
Games played: 120
Exploitability: P1=4.600000000 P2=-0.075815259 EV: (-0.09700530409292976, 0.09700530409292976) P1 Winnings: -15.0
Choosing model 2
[0.2697795566858851, 0.15510683396827268, 0.2794208023022259, 0.2801173275421065, 0.01557547950150979]
Games played: 121
Exploitability: P1=4.600000000 P2=-0.075815259 EV: (-0.09700530409292976, 0.09700530409292976) P1 Winnings: -12.0
Choosing model 1
[0.2441633424232188, 0.19751639082081324, 0.2625941923811534, 0.2836468418900798, 0.01207923248473478]
Games played: 122
Exploitability: P1=2.800000000 P2=-0.075815259 EV: (-0.10659000190825216, 0.10659000190825216) P1 Winnings: -7.0
Choosing model 0
[0.2512376356194256, 0.1834946746567675, 0.26804320196321224, 0.28444525996543896, 0.012779227795155635]
Games played: 123
Exploitability: P1=1.900000000 P2=-0.075815259 EV: (-0.0852957443888418, 0.0852957443888418) P1 Winnings: -7.0
Choosing model 0
[0.2665496984927436, 0.15546288088517204, 0.27910858889777435, 0.28439048166949255, 0.014488350054817412]
Games played: 124
Exploitability: P1=1.900000000 P2=-0.075815259 EV: (-0.0852957443888418, 0.0852957443888418) P1 Winnings: -7.0
Choosing model 1
[0.2684596538094678, 0.16165928495175583, 0.29765172779720306, 0.25898866751721483, 0.01324066592435847]
Games played: 125
Exploitability: P1=2.800000000 P2=-0.075815259 EV: (-0.10659000190825216, 0.10659000190825216) P1 Winnings: -6.0
Choosing model 3
[0.2754010648238869, 0.14648568623098135, 0.2715778002961841, 0.29134708564087486, 0.015188363008072914]
Games played: 126
Exploitability: P1=1.933333333 P2=-0.075815259 EV: (-0.11025805858339191, 0.11025805858339191) P1 Winnings: -13.0
Choosing model 2
[0.2777845537242537, 0.1525494969278888, 0.29004883194662073, 0.2657161983715195, 0.013900919029717261]
Games played: 127
Exploitability: P1=4.600000000 P2=-0.075815259 EV: (-0.09700530409292976, 0.09700530409292976) P1 Winnings: -12.0
Choosing model 1
[0.26987117188656873, 0.17502525663275156, 0.3121416150201988, 0.2319940115737968, 0.010967944886684155]
Games played: 128
Exploitability: P1=2.800000000 P2=-0.075815259 EV: (-0.10659000190825216, 0.10659000190825216) P1 Winnings: -7.0
Choosing model 3
[0.27857468800524077, 0.15958564678219514, 0.2865735476687485, 0.2626063722377674, 0.012659745306048326]
Games played: 129
Exploitability: P1=1.933333333 P2=-0.075815259 EV: (-0.11025805858339191, 0.11025805858339191) P1 Winnings: -14.0
Choosing model 3
[0.2459750421818142, 0.1731957521513522, 0.1929089538298236, 0.3743963174699798, 0.013523934367030246]
Games played: 130
Exploitability: P1=1.933333333 P2=-0.075815259 EV: (-0.11025805858339191, 0.11025805858339191) P1 Winnings: -5.0
Choosing model 0
[0.24949281357788705, 0.16342018356518118, 0.19567212835235098, 0.37790428419396577, 0.013510590310615179]
Games played: 131
Exploitability: P1=1.900000000 P2=-0.075815259 EV: (-0.0852957443888418, 0.0852957443888418) P1 Winnings: -8.0
Choosing model 3
[0.25474941989611755, 0.1722796453207535, 0.2115526688578932, 0.34890070957302327, 0.012517556352212661]
Games played: 132
Exploitability: P1=1.933333333 P2=-0.075815259 EV: (-0.11025805858339191, 0.11025805858339191) P1 Winnings: -7.0
Choosing model 2
[0.2526350281464564, 0.17180629919518384, 0.2113663809702135, 0.3523039571257894, 0.01188833456235709]
Games played: 133
Exploitability: P1=4.600000000 P2=-0.075815259 EV: (-0.09700530409292976, 0.09700530409292976) P1 Winnings: -7.0
Choosing model 2
[0.28889579868583953, 0.11779668032968585, 0.23019447369982976, 0.3467340276155859, 0.016379019669059105]
Games played: 134
Exploitability: P1=4.600000000 P2=-0.075815259 EV: (-0.09700530409292976, 0.09700530409292976) P1 Winnings: -6.0
Choosing model 3
[0.30216590858124154, 0.09982442399878083, 0.23661865303483284, 0.34317341157895953, 0.018217602806185333]
Games played: 135
Exploitability: P1=1.933333333 P2=-0.075815259 EV: (-0.11025805858339191, 0.11025805858339191) P1 Winnings: -7.0
Choosing model 0
[0.2526667618831106, 0.16489394191134504, 0.21308514717849256, 0.35810520329705314, 0.011248945729998747]
Games played: 136
Exploitability: P1=1.900000000 P2=-0.075815259 EV: (-0.0852957443888418, 0.0852957443888418) P1 Winnings: 0.0
Choosing model 2
[0.24726502945188614, 0.1727737410961608, 0.21028228199076987, 0.3590684541847606, 0.01061049327642276]
Games played: 137
Exploitability: P1=4.600000000 P2=-0.075815259 EV: (-0.09700530409292976, 0.09700530409292976) P1 Winnings: -1.0
Choosing model 1
[0.2748708365996628, 0.1291414876954511, 0.22553241044171207, 0.35699020558076355, 0.013465059682410425]
Games played: 138
Exploitability: P1=2.800000000 P2=-0.075815259 EV: (-0.10659000190825216, 0.10659000190825216) P1 Winnings: -6.0
Choosing model 0
[0.27242678087141736, 0.1511570685467438, 0.24760661682409923, 0.3179711940025407, 0.010838339755198757]
Games played: 139
Exploitability: P1=1.900000000 P2=-0.075815259 EV: (-0.0852957443888418, 0.0852957443888418) P1 Winnings: -1.0
Choosing model 1
[0.2724267100947607, 0.1511571638060663, 0.2476065802277275, 0.31797121441626414, 0.010838331455181382]
Games played: 140
Exploitability: P1=2.800000000 P2=-0.075815259 EV: (-0.10659000190825216, 0.10659000190825216) P1 Winnings: -2.0
Choosing model 3
[0.2604675040279845, 0.13311517383301635, 0.18809680184876526, 0.40582106591982414, 0.01249945437040971]
Games played: 141
Exploitability: P1=1.933333333 P2=-0.075815259 EV: (-0.11025805858339191, 0.11025805858339191) P1 Winnings: -15.0
Choosing model 0
[0.27691825173119067, 0.09101011877268153, 0.16058941242744382, 0.4535877793697095, 0.01789443769897445]
Games played: 142
Exploitability: P1=1.900000000 P2=-0.075815259 EV: (-0.0852957443888418, 0.0852957443888418) P1 Winnings: -12.0
Choosing model 3
[0.2927732621176533, 0.07743114310137388, 0.16854847237455084, 0.4413659636454615, 0.019881158760960436]
Games played: 143
Exploitability: P1=1.933333333 P2=-0.075815259 EV: (-0.11025805858339191, 0.11025805858339191) P1 Winnings: -11.0
Choosing model 3
[0.30531074338833525, 0.06503762185496942, 0.17266052992410263, 0.43491076160125347, 0.022080343231339124]
Games played: 144
Exploitability: P1=1.933333333 P2=-0.075815259 EV: (-0.11025805858339191, 0.11025805858339191) P1 Winnings: -11.0
Choosing model 3
[0.31982062381601756, 0.05273167966174299, 0.17699707628205014, 0.4254638037378791, 0.024986816502310175]
Games played: 145
Exploitability: P1=1.933333333 P2=-0.075815259 EV: (-0.11025805858339191, 0.11025805858339191) P1 Winnings: -8.0
Choosing model 3
[0.3198205574886038, 0.05273171945371477, 0.17699706099141144, 0.4254638644137722, 0.02498679765249777]
Games played: 146
Exploitability: P1=1.933333333 P2=-0.075815259 EV: (-0.11025805858339191, 0.11025805858339191) P1 Winnings: -11.0
Choosing model 0
[0.33003359075458527, 0.05618195057592819, 0.19339809869306884, 0.39698977691898274, 0.023396583057434906]
Games played: 147
Exploitability: P1=1.900000000 P2=-0.075815259 EV: (-0.0852957443888418, 0.0852957443888418) P1 Winnings: -10.0
Choosing model 2
[0.3525385648149596, 0.04035221541615265, 0.19931546743783593, 0.3792633651139558, 0.028530387217095866]
Games played: 148
Exploitability: P1=4.600000000 P2=-0.075815259 EV: (-0.09700530409292976, 0.09700530409292976) P1 Winnings: -10.0
Choosing model 3
[0.3633160389874235, 0.03369339632096812, 0.2018686447485259, 0.3698550364713812, 0.031266883471701416]
Games played: 149
Exploitability: P1=1.933333333 P2=-0.075815259 EV: (-0.11025805858339191, 0.11025805858339191) P1 Winnings: -9.0
Choosing model 4
[0.3727672135142668, 0.03569201270841318, 0.21930896261364816, 0.34312277678643294, 0.0291090343772389]
Games played: 150
Exploitability: P1=2.600000000 P2=-0.075815259 EV: (-0.08438757414333523, 0.08438757414333523) P1 Winnings: -8.0
Choosing model 3
[0.36843715796025917, 0.03777071517159005, 0.21858331860704464, 0.3474779900305708, 0.027730818230535227]
Games played: 151
Exploitability: P1=1.933333333 P2=-0.075815259 EV: (-0.11025805858339191, 0.11025805858339191) P1 Winnings: -9.0
Choosing model 0
[0.3813873717765113, 0.03026221180389237, 0.22142596409256637, 0.33591412878089516, 0.0310103235461348]
Games played: 152
Exploitability: P1=1.900000000 P2=-0.075815259 EV: (-0.0852957443888418, 0.0852957443888418) P1 Winnings: -6.0
Choosing model 2
[0.3596731705492418, 0.041290856920192395, 0.2172919856321512, 0.3568647471719311, 0.024879239726483395]
Games played: 153
Exploitability: P1=4.600000000 P2=-0.075815259 EV: (-0.09700530409292976, 0.09700530409292976) P1 Winnings: -7.0
Choosing model 0
[0.36790081180633305, 0.04360634744339488, 0.2353427305529805, 0.33005873090110754, 0.02309137929618412]
Games played: 154
Exploitability: P1=1.900000000 P2=-0.075815259 EV: (-0.0852957443888418, 0.0852957443888418) P1 Winnings: -6.0
Choosing model 3
[0.3446893096150879, 0.05910963455531917, 0.22944113667026259, 0.34835491092865783, 0.01840500823067252]
Games played: 155
Exploitability: P1=1.933333333 P2=-0.075815259 EV: (-0.11025805858339191, 0.11025805858339191) P1 Winnings: -15.0
Choosing model 0
[0.3516001918572049, 0.06225190922432113, 0.24781463542669036, 0.32129805816430823, 0.017035205327475357]
Games played: 156
Exploitability: P1=1.900000000 P2=-0.075815259 EV: (-0.0852957443888418, 0.0852957443888418) P1 Winnings: -14.0
Choosing model 3
[0.3468247801409275, 0.06574641915511098, 0.2465033790188852, 0.3247290560685271, 0.016196365616549153]
Games played: 157
Exploitability: P1=1.933333333 P2=-0.075815259 EV: (-0.11025805858339191, 0.11025805858339191) P1 Winnings: -9.0
Choosing model 3
[0.3525202121439165, 0.060333996638789675, 0.24854911682483125, 0.3216707455546682, 0.016925928837794417]
Games played: 158
Exploitability: P1=1.933333333 P2=-0.075815259 EV: (-0.11025805858339191, 0.11025805858339191) P1 Winnings: -6.0
Choosing model 3
[0.3319590919042925, 0.07664110548704864, 0.2424356359947375, 0.33522440992777164, 0.013739756686149794]
Games played: 159
Exploitability: P1=1.933333333 P2=-0.075815259 EV: (-0.11025805858339191, 0.11025805858339191) P1 Winnings: 1.0
Choosing model 2
[0.3470791278409815, 0.0620223843863194, 0.24805560566764373, 0.3273238851035431, 0.015518997001512245]
Games played: 160
Exploitability: P1=4.600000000 P2=-0.075815259 EV: (-0.09700530409292976, 0.09700530409292976) P1 Winnings: -6.0
Choosing model 3
[0.3587940382345334, 0.05194750603101934, 0.25200874583043176, 0.3201896930282025, 0.01706001687581297]
Games played: 161
Exploitability: P1=1.933333333 P2=-0.075815259 EV: (-0.11025805858339191, 0.11025805858339191) P1 Winnings: -7.0
Choosing model 3
[0.3505357709824195, 0.07420975113785577, 0.3130532311423996, 0.2513028510331783, 0.010898395704146786]
Games played: 162
Exploitability: P1=1.933333333 P2=-0.075815259 EV: (-0.11025805858339191, 0.11025805858339191) P1 Winnings: -2.0
Choosing model 0
[0.3287420990799913, 0.09619191650240975, 0.3042099426811528, 0.26202287864044316, 0.008833163096002896]
Games played: 163
Exploitability: P1=1.900000000 P2=-0.075815259 EV: (-0.0852957443888418, 0.0852957443888418) P1 Winnings: 3.0
Choosing model 2
[0.3444423145658572, 0.07732933239655847, 0.31193790262103077, 0.2563063417268181, 0.009984108689735295]
Games played: 164
Exploitability: P1=4.600000000 P2=-0.075815259 EV: (-0.09700530409292976, 0.09700530409292976) P1 Winnings: 4.0
Choosing model 3
[0.32247246158773957, 0.10006337135974265, 0.3026053018375509, 0.2667806375949972, 0.008078227619969694]
Games played: 165
Exploitability: P1=1.933333333 P2=-0.075815259 EV: (-0.11025805858339191, 0.11025805858339191) P1 Winnings: 9.0
Choosing model 3
[0.322472390053346, 0.10006344542371304, 0.30260527132561227, 0.2667806717881582, 0.008078221409170576]
Games played: 166
Exploitability: P1=1.933333333 P2=-0.075815259 EV: (-0.11025805858339191, 0.11025805858339191) P1 Winnings: 6.0
Choosing model 0
[0.3391535459870402, 0.0794600190181297, 0.3111941120039524, 0.26102820291195655, 0.009164120078921154]
Games played: 167
Exploitability: P1=1.900000000 P2=-0.075815259 EV: (-0.0852957443888418, 0.0852957443888418) P1 Winnings: 9.0
Choosing model 2
[0.3150429094986617, 0.10525524206253764, 0.3004022685110053, 0.27202220203025007, 0.007277377897545185]
Games played: 168
Exploitability: P1=4.600000000 P2=-0.075815259 EV: (-0.09700530409292976, 0.09700530409292976) P1 Winnings: 9.0
Choosing model 3
[0.31084067801164855, 0.11079827912198002, 0.30045263604659445, 0.2710303537908954, 0.006878053028881716]
Games played: 169
Exploitability: P1=1.933333333 P2=-0.075815259 EV: (-0.11025805858339191, 0.11025805858339191) P1 Winnings: 14.0
Choosing model 3
[0.3166722921600729, 0.10043438658390931, 0.30476046282256186, 0.2711149248239872, 0.007017933609468771]
Games played: 170
Exploitability: P1=1.933333333 P2=-0.075815259 EV: (-0.11025805858339191, 0.11025805858339191) P1 Winnings: 9.0
Choosing model 0
[0.3321421290523437, 0.08153402912265563, 0.3128103885469356, 0.265561681938764, 0.007951771339301165]
Games played: 171
Exploitability: P1=1.900000000 P2=-0.075815259 EV: (-0.0852957443888418, 0.0852957443888418) P1 Winnings: 12.0
Choosing model 3
[0.3538732146259987, 0.0596039595254748, 0.32224116570976413, 0.2546931776719826, 0.009588482466779917]
Games played: 172
Exploitability: P1=1.933333333 P2=-0.075815259 EV: (-0.11025805858339191, 0.11025805858339191) P1 Winnings: 5.0
Choosing model 3
[0.34077952781558124, 0.0703275324630376, 0.31769219059330456, 0.26284033227559594, 0.00836041685248057]
Games played: 173
Exploitability: P1=1.933333333 P2=-0.075815259 EV: (-0.11025805858339191, 0.11025805858339191) P1 Winnings: -4.0
Choosing model 2
[0.33248085652511017, 0.07590516430615273, 0.31526605048272716, 0.2688187089930731, 0.007529219692936903]
Games played: 174
Exploitability: P1=4.600000000 P2=-0.075815259 EV: (-0.09700530409292976, 0.09700530409292976) P1 Winnings: -4.0
Choosing model 0
[0.33429700862644085, 0.07879710872611373, 0.33564287193395187, 0.24439381512166658, 0.006869195591826854]
Games played: 175
Exploitability: P1=1.900000000 P2=-0.075815259 EV: (-0.0852957443888418, 0.0852957443888418) P1 Winnings: -3.0
Choosing model 0
[0.34616266538094814, 0.06571981391012464, 0.3414151102468865, 0.2391269842904939, 0.007575426171546861]
Games played: 176
Exploitability: P1=1.900000000 P2=-0.075815259 EV: (-0.0852957443888418, 0.0852957443888418) P1 Winnings: -3.0
Choosing model 3
[0.35742123052816954, 0.05465561071729711, 0.3462903835618577, 0.23330247520734504, 0.00833029998533061]
Games played: 177
Exploitability: P1=1.933333333 P2=-0.075815259 EV: (-0.11025805858339191, 0.11025805858339191) P1 Winnings: -3.0
Choosing model 0
[0.36241294416050973, 0.050035033395617545, 0.3483206569512712, 0.23054686124636894, 0.008684504246232598]
Games played: 178
Exploitability: P1=1.900000000 P2=-0.075815259 EV: (-0.0852957443888418, 0.0852957443888418) P1 Winnings: 0.0
Choosing model 2
[0.3884246446542512, 0.032153153855838335, 0.355544224794246, 0.21266380157412323, 0.011214175121541247]
Games played: 179
Exploitability: P1=4.600000000 P2=-0.075815259 EV: (-0.09700530409292976, 0.09700530409292976) P1 Winnings: 1.0
Choosing model 0
[0.38842445078561, 0.03215324629297805, 0.35554419808811766, 0.21266395679535982, 0.01121414803793445]
Games played: 180
Exploitability: P1=1.900000000 P2=-0.075815259 EV: (-0.0852957443888418, 0.0852957443888418) P1 Winnings: -8.0
Choosing model 3
[0.39192104461869776, 0.028866494635377847, 0.35718729879249517, 0.21069255500933812, 0.011332606944091038]
Games played: 181
Exploitability: P1=1.933333333 P2=-0.075815259 EV: (-0.11025805858339191, 0.11025805858339191) P1 Winnings: -13.0
Choosing model 0
[0.391637645793211, 0.029781941643832334, 0.37793423259775377, 0.19037061425744536, 0.010275565707757535]
Games played: 182
Exploitability: P1=1.900000000 P2=-0.075815259 EV: (-0.0852957443888418, 0.0852957443888418) P1 Winnings: -12.0
Choosing model 2
[0.40362491068203704, 0.02416555760927823, 0.29339372710399303, 0.2644813436913975, 0.014334460913294305]
Games played: 183
Exploitability: P1=4.600000000 P2=-0.075815259 EV: (-0.09700530409292976, 0.09700530409292976) P1 Winnings: -3.0
Choosing model 0
[0.400569585082755, 0.025586917700414373, 0.2951586434337177, 0.2650577417034407, 0.013627112079672241]
Games played: 184
Exploitability: P1=1.900000000 P2=-0.075815259 EV: (-0.0852957443888418, 0.0852957443888418) P1 Winnings: 2.0
Choosing model 4
[0.4005695310804595, 0.025586937023345312, 0.29515863670009906, 0.26505779184887807, 0.01362710334721817]
Games played: 185
Exploitability: P1=2.600000000 P2=-0.075815259 EV: (-0.08438757414333523, 0.08438757414333523) P1 Winnings: 1.0
Choosing model 0
[0.40398476380653386, 0.026642715435728534, 0.3151932776377027, 0.24170883430836806, 0.012470408811666856]
Games played: 186
Exploitability: P1=1.900000000 P2=-0.075815259 EV: (-0.0852957443888418, 0.0852957443888418) P1 Winnings: 2.0
Choosing model 0
[0.39997458868947605, 0.028242578708752436, 0.3146873408864726, 0.2451952089905759, 0.01190028272472307]
Games played: 187
Exploitability: P1=1.900000000 P2=-0.075815259 EV: (-0.0852957443888418, 0.0852957443888418) P1 Winnings: -7.0
Choosing model 0
[0.4020474034060497, 0.029310438841574978, 0.33493344030452177, 0.2228546577007401, 0.010854059747113494]
Games played: 188
Exploitability: P1=1.900000000 P2=-0.075815259 EV: (-0.0852957443888418, 0.0852957443888418) P1 Winnings: -6.0
Choosing model 3
[0.3980764876042143, 0.031072059422337085, 0.3344126473370112, 0.22608045419475312, 0.010358351441684262]
Games played: 189
Exploitability: P1=1.933333333 P2=-0.075815259 EV: (-0.11025805858339191, 0.11025805858339191) P1 Winnings: -7.0
Choosing model 2
[0.4077546739236809, 0.02563543946175308, 0.3364904081289892, 0.21881952867118362, 0.01129994981439316]
Games played: 190
Exploitability: P1=4.600000000 P2=-0.075815259 EV: (-0.09700530409292976, 0.09700530409292976) P1 Winnings: -7.0
Choosing model 0
[0.40452057038257805, 0.027133359733102495, 0.3383911721235481, 0.21921647167373878, 0.010738426087032666]
Games played: 191
Exploitability: P1=1.900000000 P2=-0.075815259 EV: (-0.0852957443888418, 0.0852957443888418) P1 Winnings: -2.0
Choosing model 2
[0.41388958078022436, 0.022360718914798683, 0.34011084573570577, 0.21193745076619067, 0.011701403803080497]
Games played: 192
Exploitability: P1=4.600000000 P2=-0.075815259 EV: (-0.09700530409292976, 0.09700530409292976) P1 Winnings: -2.0
Choosing model 2
[0.4183989529557223, 0.017796809000689185, 0.25898084224301565, 0.2888121120015737, 0.016011283798999045]
Games played: 193
Exploitability: P1=4.600000000 P2=-0.075815259 EV: (-0.09700530409292976, 0.09700530409292976) P1 Winnings: -11.0
Choosing model 0
[0.41608437998558157, 0.023522050418219757, 0.3484445004634786, 0.2015484864668739, 0.010400582665846056]
Games played: 194
Exploitability: P1=1.900000000 P2=-0.075815259 EV: (-0.0852957443888418, 0.0852957443888418) P1 Winnings: -6.0
Choosing model 0
[0.41230270292436666, 0.02495562199902915, 0.3481795841340378, 0.20462860667061922, 0.00993348427194721]
Games played: 195
Exploitability: P1=1.900000000 P2=-0.075815259 EV: (-0.0852957443888418, 0.0852957443888418) P1 Winnings: -7.0
Choosing model 2
[0.4084777892623677, 0.026471534470631483, 0.3478487809716978, 0.20771633383314236, 0.009485561462160595]
Games played: 196
Exploitability: P1=4.600000000 P2=-0.075815259 EV: (-0.09700530409292976, 0.09700530409292976) P1 Winnings: -8.0
Choosing model 0
[0.419714387232254, 0.018721926241950834, 0.2573473556058495, 0.2894767576841318, 0.014739573235813964]
Games played: 197
Exploitability: P1=1.900000000 P2=-0.075815259 EV: (-0.0852957443888418, 0.0852957443888418) P1 Winnings: -11.0
Choosing model 2
[0.41552881840853345, 0.01984523633801641, 0.2569223708201079, 0.29363852150860587, 0.014065052924736391]
Games played: 198
Exploitability: P1=4.600000000 P2=-0.075815259 EV: (-0.09700530409292976, 0.09700530409292976) P1 Winnings: -12.0
Choosing model 0
[0.41808934018543414, 0.017691928483242705, 0.23782304333365603, 0.31098937354252093, 0.015406314455146201]
Games played: 199
Exploitability: P1=1.900000000 P2=-0.075815259 EV: (-0.0852957443888418, 0.0852957443888418) P1 Winnings: -21.0
Choosing model 0
[0.4251681011599798, 0.018575472340332126, 0.25608249220802853, 0.28595783644242573, 0.014216097849233724]
Games played: 200
Exploitability: P1=1.900000000 P2=-0.075815259 EV: (-0.0852957443888418, 0.0852957443888418) P1 Winnings: -20.0
