Player 1 exploitability: 0.109080782965
Choosing model 2
[0.20517792146315508, 0.18213353181340677, 0.20375776452446856, 0.2002184015278539, 0.20871238067111567]
Games played: 1
Exploitability: P1=4.600000000 P2=0.023428769 EV: (-0.5144997593998409, 0.5144997593998409) P1 Winnings: 0.0
Choosing model 4
[0.20949524513863693, 0.19200235943163613, 0.22028863316917183, 0.18484700081390407, 0.1933667614466511]
Games played: 2
Exploitability: P1=2.600000000 P2=0.023428769 EV: (0.022869368158583456, -0.022869368158583456) P1 Winnings: 1.0
Choosing model 0
[0.2229927888618116, 0.14022510834175558, 0.226717019483239, 0.1771147891042766, 0.23295029420891727]
Games played: 3
Exploitability: P1=1.900000000 P2=0.023428769 EV: (-0.0879289055388621, 0.0879289055388621) P1 Winnings: 1.0
Choosing model 1
[0.22910331559206157, 0.11504720921834495, 0.2286122956224558, 0.1714818813000812, 0.25575529826705645]
Games played: 4
Exploitability: P1=2.800000000 P2=0.023428769 EV: (-0.5346992802315548, 0.5346992802315548) P1 Winnings: 1.0
Choosing model 1
[0.20725058195965892, 0.2055915413551227, 0.22272300189273322, 0.19358766124815938, 0.17084721354432592]
Games played: 5
Exploitability: P1=2.800000000 P2=0.023428769 EV: (-0.5346992802315548, 0.5346992802315548) P1 Winnings: 8.0
Choosing model 2
[0.22648153834345253, 0.1347065683384714, 0.2318000119490809, 0.18207320874139704, 0.22493867262759806]
Games played: 6
Exploitability: P1=4.600000000 P2=0.023428769 EV: (-0.5144997593998409, 0.5144997593998409) P1 Winnings: 3.0
Choosing model 4
[0.23583861129908415, 0.09431764699586427, 0.2328819727253335, 0.16956695913393793, 0.26739480984578023]
Games played: 7
Exploitability: P1=2.600000000 P2=0.023428769 EV: (0.022869368158583456, -0.022869368158583456) P1 Winnings: -2.0
Choosing model 2
[0.23863001790282698, 0.0847154078086761, 0.23400739259635892, 0.1674267167512229, 0.2752204649409151]
Games played: 8
Exploitability: P1=4.600000000 P2=0.023428769 EV: (-0.5144997593998409, 0.5144997593998409) P1 Winnings: -2.0
Choosing model 1
[0.24257878051517612, 0.06641664411513767, 0.23402563426368622, 0.15662743293247017, 0.3003515081735298]
Games played: 9
Exploitability: P1=2.800000000 P2=0.023428769 EV: (-0.5346992802315548, 0.5346992802315548) P1 Winnings: 1.0
Choosing model 4
[0.23618254622559054, 0.11137920904523907, 0.2419888252977784, 0.18240191604979616, 0.2280475033815958]
Games played: 10
Exploitability: P1=2.600000000 P2=0.023428769 EV: (0.022869368158583456, -0.022869368158583456) P1 Winnings: -6.0
Choosing model 2
[0.24129016214597107, 0.09165037606144147, 0.24285368634465612, 0.17608073854326278, 0.24812503690466858]
Games played: 11
Exploitability: P1=4.600000000 P2=0.023428769 EV: (-0.5144997593998409, 0.5144997593998409) P1 Winnings: -5.0
Choosing model 2
[0.2385831173790814, 0.10371557675230873, 0.2368909761848236, 0.1897991464649932, 0.23101118321879313]
Games played: 12
Exploitability: P1=4.600000000 P2=0.023428769 EV: (-0.5144997593998409, 0.5144997593998409) P1 Winnings: -5.0
Choosing model 4
[0.2194229805381474, 0.06565569329650138, 0.15686813508880082, 0.2367523495044086, 0.32130084157214167]
Games played: 13
Exploitability: P1=2.600000000 P2=0.023428769 EV: (0.022869368158583456, -0.022869368158583456) P1 Winnings: -8.0
Choosing model 4
[0.2194229827033446, 0.065655752378057, 0.15686815420599326, 0.23675242854852374, 0.32130068216408136]
Games played: 14
Exploitability: P1=2.600000000 P2=0.023428769 EV: (0.022869368158583456, -0.022869368158583456) P1 Winnings: -9.0
Choosing model 4
[0.2204680433385118, 0.03436574816137742, 0.1488621618425414, 0.1988476722624638, 0.39745637439510556]
Games played: 15
Exploitability: P1=2.600000000 P2=0.023428769 EV: (0.022869368158583456, -0.022869368158583456) P1 Winnings: -9.0
Choosing model 4
[0.2204680630546141, 0.03436578182023144, 0.1488621918276423, 0.198847754471873, 0.3974562088256392]
Games played: 16
Exploitability: P1=2.600000000 P2=0.023428769 EV: (0.022869368158583456, -0.022869368158583456) P1 Winnings: -10.0
Choosing model 3
[0.22175372290160145, 0.03700921850063543, 0.15098873991888248, 0.2049264235423136, 0.38532189513656695]
Games played: 17
Exploitability: P1=1.933333333 P2=0.023428769 EV: (-0.14184311336276445, 0.14184311336276445) P1 Winnings: -11.0
Choosing model 4
[0.21875521982425825, 0.025049553518019196, 0.14401490832422964, 0.1819747933430598, 0.4302055249904332]
Games played: 18
Exploitability: P1=2.600000000 P2=0.023428769 EV: (0.022869368158583456, -0.022869368158583456) P1 Winnings: -11.0
Choosing model 4
[0.21578382534107288, 0.01912506966202844, 0.13901976790083925, 0.1676369624614927, 0.4584343746345667]
Games played: 19
Exploitability: P1=2.600000000 P2=0.023428769 EV: (0.022869368158583456, -0.022869368158583456) P1 Winnings: -8.0
Choosing model 4
[0.22272495805503173, 0.02728397513388348, 0.148682135311362, 0.192370554907307, 0.4089383765924157]
Games played: 20
Exploitability: P1=2.600000000 P2=0.023428769 EV: (0.022869368158583456, -0.022869368158583456) P1 Winnings: -3.0
Choosing model 0
[0.22691950453307155, 0.040218149202449656, 0.1576286515465516, 0.22078785569115664, 0.3544458390267706]
Games played: 21
Exploitability: P1=1.900000000 P2=0.023428769 EV: (-0.0879289055388621, 0.0879289055388621) P1 Winnings: -4.0
Choosing model 0
[0.2372140110144514, 0.04340739298661674, 0.1744769445762134, 0.20869332868987633, 0.33620832273284207]
Games played: 22
Exploitability: P1=1.900000000 P2=0.023428769 EV: (-0.0879289055388621, 0.0879289055388621) P1 Winnings: -3.0
Choosing model 0
[0.23391798008063958, 0.025664538186089818, 0.16385988677900729, 0.1771181876396429, 0.39943940731462046]
Games played: 23
Exploitability: P1=1.900000000 P2=0.023428769 EV: (-0.0879289055388621, 0.0879289055388621) P1 Winnings: -4.0
Choosing model 3
[0.23554150621850667, 0.02766914565152368, 0.16638394283798819, 0.18273386454540977, 0.38767154074657173]
Games played: 24
Exploitability: P1=1.933333333 P2=0.023428769 EV: (-0.14184311336276445, 0.14184311336276445) P1 Winnings: -5.0
Choosing model 0
[0.19490357203370987, 0.01575919770484019, 0.0991305640051148, 0.2050827021628603, 0.4851239640934748]
Games played: 25
Exploitability: P1=1.900000000 P2=0.023428769 EV: (-0.0879289055388621, 0.0879289055388621) P1 Winnings: 2.0
Choosing model 2
[0.2020582806083528, 0.023637549619355578, 0.10693942916070745, 0.2395077266736779, 0.42785701393790626]
Games played: 26
Exploitability: P1=4.600000000 P2=0.023428769 EV: (-0.5144997593998409, 0.5144997593998409) P1 Winnings: 1.0
Choosing model 3
[0.2004686712726248, 0.019000795369314538, 0.10426958538921127, 0.22485476313958191, 0.4514061848292674]
Games played: 27
Exploitability: P1=1.933333333 P2=0.023428769 EV: (-0.14184311336276445, 0.14184311336276445) P1 Winnings: 2.0
Choosing model 0
[0.1982052692336049, 0.015131388145334672, 0.10127072160541949, 0.21006873292323952, 0.47532388809240145]
Games played: 28
Exploitability: P1=1.900000000 P2=0.023428769 EV: (-0.0879289055388621, 0.0879289055388621) P1 Winnings: 2.0
Choosing model 4
[0.1947364176017203, 0.011406575002680677, 0.09737544458011765, 0.19268697542384716, 0.5037945873916343]
Games played: 29
Exploitability: P1=2.600000000 P2=0.023428769 EV: (0.022869368158583456, -0.022869368158583456) P1 Winnings: 3.0
Choosing model 4
[0.19034857068567454, 0.008629790988325755, 0.09314521315251098, 0.1758947545653873, 0.5319816706081014]
Games played: 30
Exploitability: P1=2.600000000 P2=0.023428769 EV: (0.022869368158583456, -0.022869368158583456) P1 Winnings: 6.0
Choosing model 4
[0.17442400073812117, 0.004228324644472465, 0.08055662211371081, 0.13475677874921746, 0.606034273754478]
Games played: 31
Exploitability: P1=2.600000000 P2=0.023428769 EV: (0.022869368158583456, -0.022869368158583456) P1 Winnings: 5.0
Choosing model 3
[0.1744240443802558, 0.004228329465647072, 0.08055665129191698, 0.1347568561276245, 0.6060341187345557]
Games played: 32
Exploitability: P1=1.933333333 P2=0.023428769 EV: (-0.14184311336276445, 0.14184311336276445) P1 Winnings: 4.0
Choosing model 0
[0.18638261203385467, 0.004664885334875483, 0.0911454141405397, 0.1302011397884823, 0.5876059487022479]
Games played: 33
Exploitability: P1=1.900000000 P2=0.023428769 EV: (-0.0879289055388621, 0.0879289055388621) P1 Winnings: 5.0
Choosing model 3
[0.18959517138144052, 0.005080673236822259, 0.09349569420199465, 0.13570276536600048, 0.5761256958137421]
Games played: 34
Exploitability: P1=1.933333333 P2=0.023428769 EV: (-0.14184311336276445, 0.14184311336276445) P1 Winnings: 10.0
Choosing model 4
[0.19274557023017982, 0.005530149266047913, 0.09584813367229537, 0.1413506698823847, 0.5645254769490922]
Games played: 35
Exploitability: P1=2.600000000 P2=0.023428769 EV: (0.022869368158583456, -0.022869368158583456) P1 Winnings: -1.0
Choosing model 2
[0.19178216076179286, 0.004884498028891925, 0.09470894609409004, 0.13724452758106645, 0.5713798675341587]
Games played: 36
Exploitability: P1=4.600000000 P2=0.023428769 EV: (-0.5144997593998409, 0.5144997593998409) P1 Winnings: -1.0
Choosing model 4
[0.1886717713663643, 0.003866916703695152, 0.09249490365581971, 0.12426574257647018, 0.5907006656976507]
Games played: 37
Exploitability: P1=2.600000000 P2=0.023428769 EV: (0.022869368158583456, -0.022869368158583456) P1 Winnings: 0.0
Choosing model 4
[0.1820522283563627, 0.0028879964667879957, 0.08734047210086475, 0.11197952588292874, 0.6157397771930557]
Games played: 38
Exploitability: P1=2.600000000 P2=0.023428769 EV: (0.022869368158583456, -0.022869368158583456) P1 Winnings: -7.0
Choosing model 3
[0.17644911312394304, 0.002254542596738973, 0.08315657423819325, 0.1025540332858495, 0.6355857367552753]
Games played: 39
Exploitability: P1=1.933333333 P2=0.023428769 EV: (-0.14184311336276445, 0.14184311336276445) P1 Winnings: -7.0
Choosing model 4
[0.16982107386765632, 0.0017038515524750524, 0.07842706309005704, 0.09256446142564868, 0.6574835500641629]
Games played: 40
Exploitability: P1=2.600000000 P2=0.023428769 EV: (0.022869368158583456, -0.022869368158583456) P1 Winnings: -10.0
Choosing model 0
[0.16725046893607473, 0.0015150382690336686, 0.07662264815232252, 0.08884572839711391, 0.6657661162454551]
Games played: 41
Exploitability: P1=1.900000000 P2=0.023428769 EV: (-0.0879289055388621, 0.0879289055388621) P1 Winnings: -13.0
Choosing model 0
[0.17687946059380158, 0.0019631709874088792, 0.08295965405454715, 0.1006921243262952, 0.637505590037947]
Games played: 42
Exploitability: P1=1.900000000 P2=0.023428769 EV: (-0.0879289055388621, 0.0879289055388621) P1 Winnings: -18.0
Choosing model 0
[0.17687950992822812, 0.001963173282193935, 0.08295968648478476, 0.10069218503521468, 0.6375054452695784]
Games played: 43
Exploitability: P1=1.900000000 P2=0.023428769 EV: (-0.0879289055388621, 0.0879289055388621) P1 Winnings: -19.0
Choosing model 4
[0.18044026964508483, 0.00214423820030419, 0.08534104601589307, 0.10524555020515261, 0.6268288959335653]
Games played: 44
Exploitability: P1=2.600000000 P2=0.023428769 EV: (0.022869368158583456, -0.022869368158583456) P1 Winnings: -20.0
Choosing model 4
[0.17647705426026777, 0.0016876172906768855, 0.08285921627062383, 0.09473624888090186, 0.6442398632975297]
Games played: 45
Exploitability: P1=2.600000000 P2=0.023428769 EV: (0.022869368158583456, -0.022869368158583456) P1 Winnings: -19.0
Choosing model 4
[0.17053060661296382, 0.0013134887706574667, 0.078652491780826, 0.08650095768898874, 0.663002455146564]
Games played: 46
Exploitability: P1=2.600000000 P2=0.023428769 EV: (0.022869368158583456, -0.022869368158583456) P1 Winnings: -19.0
Choosing model 4
[0.16620903635818968, 0.0010302077623439237, 0.0761014377253824, 0.07759448832688666, 0.6790648298271973]
Games played: 47
Exploitability: P1=2.600000000 P2=0.023428769 EV: (0.022869368158583456, -0.022869368158583456) P1 Winnings: -18.0
Choosing model 4
[0.16007406089038592, 0.0007991521198610859, 0.07199739224931868, 0.07061351735014595, 0.6965158773902883]
Games played: 48
Exploitability: P1=2.600000000 P2=0.023428769 EV: (0.022869368158583456, -0.022869368158583456) P1 Winnings: -17.0
Choosing model 4
[0.17157136462262118, 0.0008843545419646559, 0.08170995776946145, 0.068434730593722, 0.6773995924722306]
Games played: 49
Exploitability: P1=2.600000000 P2=0.023428769 EV: (0.022869368158583456, -0.022869368158583456) P1 Winnings: -16.0
Choosing model 4
[0.183392515415792, 0.0009759696767990309, 0.0924796472381091, 0.06614213935145741, 0.6570097283178423]
Games played: 50
Exploitability: P1=2.600000000 P2=0.023428769 EV: (0.022869368158583456, -0.022869368158583456) P1 Winnings: -15.0
Choosing model 4
[0.1833925748544715, 0.0009759709320019689, 0.09247968840141249, 0.06614218393834549, 0.6570095818737687]
Games played: 51
Exploitability: P1=2.600000000 P2=0.023428769 EV: (0.022869368158583456, -0.022869368158583456) P1 Winnings: -18.0
Choosing model 0
[0.19892652083265935, 0.0014631962257805086, 0.10394163386399077, 0.07976425614861905, 0.6159043929289503]
Games played: 52
Exploitability: P1=1.900000000 P2=0.023428769 EV: (-0.0879289055388621, 0.0879289055388621) P1 Winnings: -23.0
Choosing model 4
[0.2112914804706854, 0.0016045933325852578, 0.11689965109729737, 0.07660594825798653, 0.5935983268414454]
Games played: 53
Exploitability: P1=2.600000000 P2=0.023428769 EV: (0.022869368158583456, -0.022869368158583456) P1 Winnings: -22.0
Choosing model 4
[0.1890945544359567, 0.0007480859644411155, 0.09880894285122373, 0.05730889890222235, 0.6540395178461561]
Games played: 54
Exploitability: P1=2.600000000 P2=0.023428769 EV: (0.022869368158583456, -0.022869368158583456) P1 Winnings: -22.0
Choosing model 2
[0.18070233584614787, 0.0005533231289083583, 0.09240375944866647, 0.051145201451719635, 0.6751953801245577]
Games played: 55
Exploitability: P1=4.600000000 P2=0.023428769 EV: (-0.5144997593998409, 0.5144997593998409) P1 Winnings: -19.0
Choosing model 4
[0.14802589024618326, 0.00023909079724842365, 0.06387358056298074, 0.03967363329619535, 0.7481878050973922]
Games played: 56
Exploitability: P1=2.600000000 P2=0.023428769 EV: (0.022869368158583456, -0.022869368158583456) P1 Winnings: -19.0
Choosing model 4
[0.15190212240525586, 0.00026269237880820526, 0.06609709018022086, 0.04171384006050424, 0.7400242549752108]
Games played: 57
Exploitability: P1=2.600000000 P2=0.023428769 EV: (0.022869368158583456, -0.022869368158583456) P1 Winnings: -20.0
Choosing model 4
[0.15190217607245163, 0.0002626927054144996, 0.06609712093529106, 0.04171386831336854, 0.7400241419734743]
Games played: 58
Exploitability: P1=2.600000000 P2=0.023428769 EV: (0.022869368158583456, -0.022869368158583456) P1 Winnings: -21.0
Choosing model 2
[0.16309673177252007, 0.00029120738755996576, 0.07514467016995713, 0.04049734977669851, 0.7209700408932643]
Games played: 59
Exploitability: P1=4.600000000 P2=0.023428769 EV: (-0.5144997593998409, 0.5144997593998409) P1 Winnings: -20.0
Choosing model 4
[0.20157110283162027, 0.0004972463756013068, 0.10851446901593063, 0.04454113475272022, 0.6448760470241276]
Games played: 60
Exploitability: P1=2.600000000 P2=0.023428769 EV: (0.022869368158583456, -0.022869368158583456) P1 Winnings: -11.0
Choosing model 4
[0.20595169864662957, 0.0005439602759711236, 0.11180460057268869, 0.04662838997625703, 0.6350713505284536]
Games played: 61
Exploitability: P1=2.600000000 P2=0.023428769 EV: (0.022869368158583456, -0.022869368158583456) P1 Winnings: -12.0
Choosing model 0
[0.1988465926421447, 0.0004255195165732947, 0.10608703121207523, 0.04260064013453168, 0.6520402164946751]
Games played: 62
Exploitability: P1=1.900000000 P2=0.023428769 EV: (-0.0879289055388621, 0.0879289055388621) P1 Winnings: -13.0
Choosing model 4
[0.20323695711168696, 0.0004656530603790599, 0.10934067193753887, 0.04461210310727634, 0.6423446147831188]
Games played: 63
Exploitability: P1=2.600000000 P2=0.023428769 EV: (0.022869368158583456, -0.022869368158583456) P1 Winnings: -22.0
Choosing model 4
[0.1959329317549313, 0.00036158093330557103, 0.10354856035344479, 0.04063947513057404, 0.6595174518277443]
Games played: 64
Exploitability: P1=2.600000000 P2=0.023428769 EV: (0.022869368158583456, -0.022869368158583456) P1 Winnings: -21.0
Choosing model 4
[0.208189238698434, 0.00039667010717742656, 0.11650090042732687, 0.03904485413111401, 0.6358683366359478]
Games played: 65
Exploitability: P1=2.600000000 P2=0.023428769 EV: (0.022869368158583456, -0.022869368158583456) P1 Winnings: -20.0
Choosing model 4
[0.2081893002596575, 0.00039667057750935415, 0.11650094792458712, 0.039044878327176735, 0.6358682029110693]
Games played: 66
Exploitability: P1=2.600000000 P2=0.023428769 EV: (0.022869368158583456, -0.022869368158583456) P1 Winnings: -21.0
Choosing model 4
[0.2126593003999898, 0.0004338248413355712, 0.12000251631067735, 0.04086411385915098, 0.6260402445888463]
Games played: 67
Exploitability: P1=2.600000000 P2=0.023428769 EV: (0.022869368158583456, -0.022869368158583456) P1 Winnings: -22.0
Choosing model 4
[0.1648939089657565, 0.00019295306591170472, 0.06852650155957171, 0.0385753404878896, 0.7278112959208705]
Games played: 68
Exploitability: P1=2.600000000 P2=0.023428769 EV: (0.022869368158583456, -0.022869368158583456) P1 Winnings: -15.0
Choosing model 4
[0.15795326570695983, 0.00014887233032431164, 0.06448224218652004, 0.034915993512107675, 0.7424996262640882]
Games played: 69
Exploitability: P1=2.600000000 P2=0.023428769 EV: (0.022869368158583456, -0.022869368158583456) P1 Winnings: -14.0
Choosing model 4
[0.1495918590996468, 0.00010912792810195388, 0.05976241296388515, 0.030881745471887878, 0.7596548545364783]
Games played: 70
Exploitability: P1=2.600000000 P2=0.023428769 EV: (0.022869368158583456, -0.022869368158583456) P1 Winnings: -11.0
Choosing model 4
[0.14293040821519273, 8.398290466396564e-05, 0.05609218691950242, 0.02788105183289782, 0.773012370127743]
Games played: 71
Exploitability: P1=2.600000000 P2=0.023428769 EV: (0.022869368158583456, -0.022869368158583456) P1 Winnings: -10.0
Choosing model 4
[0.17137319476783586, 0.00011720246020103393, 0.07776951694957113, 0.02759871434056896, 0.723141371481823]
Games played: 72
Exploitability: P1=2.600000000 P2=0.023428769 EV: (0.022869368158583456, -0.022869368158583456) P1 Winnings: -7.0
Choosing model 4
[0.1757315685101694, 0.0001286773395951013, 0.08041761933739248, 0.028996646913183276, 0.7147254878996597]
Games played: 73
Exploitability: P1=2.600000000 P2=0.023428769 EV: (0.022869368158583456, -0.022869368158583456) P1 Winnings: -8.0
Choosing model 4
[0.1932893960164038, 0.00019562075838629747, 0.09165194554198608, 0.03545886586037991, 0.6794041718228438]
Games played: 74
Exploitability: P1=2.600000000 P2=0.023428769 EV: (0.022869368158583456, -0.022869368158583456) P1 Winnings: -3.0
Choosing model 4
[0.21121920424934432, 0.0002954574414884659, 0.10377656562001299, 0.04307933897413514, 0.641629433715019]
Games played: 75
Exploitability: P1=2.600000000 P2=0.023428769 EV: (0.022869368158583456, -0.022869368158583456) P1 Winnings: 2.0
Choosing model 4
[0.2112192673661941, 0.0002954577927352497, 0.1037766082536894, 0.043079365804908176, 0.641629300782473]
Games played: 76
Exploitability: P1=2.600000000 P2=0.023428769 EV: (0.022869368158583456, -0.022869368158583456) P1 Winnings: 1.0
Choosing model 4
[0.20359512787937514, 0.00022938636797660054, 0.09826319825156701, 0.03923681892931653, 0.6586754685717647]
Games played: 77
Exploitability: P1=2.600000000 P2=0.023428769 EV: (0.022869368158583456, -0.022869368158583456) P1 Winnings: 2.0
Choosing model 4
[0.20817591867755672, 0.00025112454723303696, 0.10131853993332189, 0.04110635189860989, 0.6491480649432785]
Games played: 78
Exploitability: P1=2.600000000 P2=0.023428769 EV: (0.022869368158583456, -0.022869368158583456) P1 Winnings: 1.0
Choosing model 4
[0.2081759818756004, 0.000251124846970792, 0.10131858203930627, 0.04110637769616486, 0.6491479335419577]
Games played: 79
Exploitability: P1=2.600000000 P2=0.023428769 EV: (0.022869368158583456, -0.022869368158583456) P1 Winnings: 0.0
Choosing model 4
[0.22101475878598095, 0.0002752665571525251, 0.11389748483079543, 0.03946069559570361, 0.6253517942303675]
Games played: 80
Exploitability: P1=2.600000000 P2=0.023428769 EV: (0.022869368158583456, -0.022869368158583456) P1 Winnings: 1.0
Choosing model 2
[0.2132495309903594, 0.00021392353520095604, 0.10795394476487127, 0.03597677131475686, 0.6426058293948115]
Games played: 81
Exploitability: P1=4.600000000 P2=0.023428769 EV: (-0.5144997593998409, 0.5144997593998409) P1 Winnings: 2.0
Choosing model 4
[0.20453710631649907, 0.00015824477426776775, 0.10186586049817167, 0.03175568922292379, 0.6616830991881377]
Games played: 82
Exploitability: P1=2.600000000 P2=0.023428769 EV: (0.022869368158583456, -0.022869368158583456) P1 Winnings: 5.0
Choosing model 4
[0.2045371755214042, 0.0001582449800415345, 0.10186590729017025, 0.03175571108194254, 0.6616829611264415]
Games played: 83
Exploitability: P1=2.600000000 P2=0.023428769 EV: (0.022869368158583456, -0.022869368158583456) P1 Winnings: 2.0
Choosing model 0
[0.2172059570237003, 0.00017350121935583873, 0.11454145926696557, 0.030492019842291346, 0.6375870626476869]
Games played: 84
Exploitability: P1=1.900000000 P2=0.023428769 EV: (-0.0879289055388621, 0.0879289055388621) P1 Winnings: 3.0
Choosing model 0
[0.21105778833495456, 0.00013566828694112985, 0.11048935637539124, 0.027269269745274445, 0.6510479172574387]
Games played: 85
Exploitability: P1=1.900000000 P2=0.023428769 EV: (-0.0879289055388621, 0.0879289055388621) P1 Winnings: 4.0
Choosing model 4
[0.23949167911103728, 0.000244600059618911, 0.13217321732449197, 0.036169836338598944, 0.5919206671662529]
Games played: 86
Exploitability: P1=2.600000000 P2=0.023428769 EV: (0.022869368158583456, -0.022869368158583456) P1 Winnings: -1.0
Choosing model 0
[0.24422488982210067, 0.0002670634806133177, 0.1359182810646877, 0.037791843166335326, 0.581797922466263]
Games played: 87
Exploitability: P1=1.900000000 P2=0.023428769 EV: (-0.0879289055388621, 0.0879289055388621) P1 Winnings: -2.0
Choosing model 2
[0.24422495495328092, 0.00026706378952225557, 0.13591833253497326, 0.03779186548944838, 0.5817977832327752]
Games played: 88
Exploitability: P1=4.600000000 P2=0.023428769 EV: (-0.5144997593998409, 0.5144997593998409) P1 Winnings: -3.0
Choosing model 0
[0.28461059502184854, 0.00042999386256121775, 0.18507404483100412, 0.039193226369435286, 0.4906921399151507]
Games played: 89
Exploitability: P1=1.900000000 P2=0.023428769 EV: (-0.0879289055388621, 0.0879289055388621) P1 Winnings: 6.0
Choosing model 4
[0.2848388500051796, 0.00038290198296057627, 0.18441832145150786, 0.0385143393229089, 0.4918455872374431]
Games played: 90
Exploitability: P1=2.600000000 P2=0.023428769 EV: (0.022869368158583456, -0.022869368158583456) P1 Winnings: 1.0
Choosing model 0
[0.26217773648453657, 0.00021131517705828224, 0.16166351653528957, 0.03051056752077523, 0.5454368642823404]
Games played: 91
Exploitability: P1=1.900000000 P2=0.023428769 EV: (-0.0879289055388621, 0.0879289055388621) P1 Winnings: 2.0
Choosing model 3
[0.21059011840551664, 0.0001168312095366022, 0.09349707303589165, 0.03323916508402942, 0.6625568122650257]
Games played: 92
Exploitability: P1=1.933333333 P2=0.023428769 EV: (-0.14184311336276445, 0.14184311336276445) P1 Winnings: 9.0
Choosing model 4
[0.23956220717534596, 0.000211168123719265, 0.11212754258375046, 0.044199200444429196, 0.6038998816727551]
Games played: 93
Exploitability: P1=2.600000000 P2=0.023428769 EV: (0.022869368158583456, -0.022869368158583456) P1 Winnings: 4.0
Choosing model 4
[0.24439810338907236, 0.0002306568408588224, 0.11535243009585194, 0.04620042548236486, 0.593818384191852]
Games played: 94
Exploitability: P1=2.600000000 P2=0.023428769 EV: (0.022869368158583456, -0.022869368158583456) P1 Winnings: 3.0
Choosing model 4
[0.24439816995799146, 0.00023065710896996925, 0.11535247443493712, 0.04620045303536429, 0.5938182454627372]
Games played: 95
Exploitability: P1=2.600000000 P2=0.023428769 EV: (0.022869368158583456, -0.022869368158583456) P1 Winnings: 2.0
Choosing model 0
[0.23472813150242072, 0.00016997245398231426, 0.10842456178980175, 0.04142594169813482, 0.6152513925556603]
Games played: 96
Exploitability: P1=1.900000000 P2=0.023428769 EV: (-0.0879289055388621, 0.0879289055388621) P1 Winnings: 2.0
Choosing model 0
[0.23959173636631584, 0.0001857563420620476, 0.1116013063109151, 0.04332425625533095, 0.6052969447253761]
Games played: 97
Exploitability: P1=1.900000000 P2=0.023428769 EV: (-0.0879289055388621, 0.0879289055388621) P1 Winnings: 7.0
Choosing model 4
[0.21535435668523953, 0.00010010873187034074, 0.09553498512026704, 0.03351538931040458, 0.6554951601522185]
Games played: 98
Exploitability: P1=2.600000000 P2=0.023428769 EV: (0.022869368158583456, -0.022869368158583456) P1 Winnings: 6.0
Choosing model 0
[0.20561812009238567, 7.333717730552141e-05, 0.08926962920244264, 0.029875209118132795, 0.6751637044097335]
Games played: 99
Exploitability: P1=1.900000000 P2=0.023428769 EV: (-0.0879289055388621, 0.0879289055388621) P1 Winnings: 6.0
Choosing model 0
[0.2201514803826418, 6.756047746642172e-05, 0.10351493635260361, 0.02596135588909485, 0.6503046668981934]
Games played: 100
Exploitability: P1=1.900000000 P2=0.023428769 EV: (-0.0879289055388621, 0.0879289055388621) P1 Winnings: 9.0
Choosing model 4
[0.22510274938527178, 7.39622836484077e-05, 0.10673260714227414, 0.027198101680492505, 0.6408925795083131]
Games played: 101
Exploitability: P1=2.600000000 P2=0.023428769 EV: (0.022869368158583456, -0.022869368158583456) P1 Winnings: 14.0
Choosing model 4
[0.21492397396951973, 5.4658428716633745e-05, 0.09972633048986232, 0.02425162188829569, 0.6610434152236055]
Games played: 102
Exploitability: P1=2.600000000 P2=0.023428769 EV: (0.022869368158583456, -0.022869368158583456) P1 Winnings: 7.0
Choosing model 4
[0.21986176824465697, 5.986602874877767e-05, 0.10287494401200135, 0.025418954241409008, 0.6517844674731839]
Games played: 103
Exploitability: P1=2.600000000 P2=0.023428769 EV: (0.022869368158583456, -0.022869368158583456) P1 Winnings: 6.0
Choosing model 4
[0.21621197446990656, 5.315285095029577e-05, 0.10035871280834317, 0.02436151080543307, 0.659014649065367]
Games played: 104
Exploitability: P1=2.600000000 P2=0.023428769 EV: (0.022869368158583456, -0.022869368158583456) P1 Winnings: 3.0
Choosing model 4
[0.2162120424213379, 5.3152914961403295e-05, 0.10035875558943563, 0.02436152635495404, 0.659014522719311]
Games played: 105
Exploitability: P1=2.600000000 P2=0.023428769 EV: (0.022869368158583456, -0.022869368158583456) P1 Winnings: 2.0
Choosing model 4
[0.21621211588167302, 5.315298415389133e-05, 0.10035880183082406, 0.02436154315859446, 0.6590143861447546]
Games played: 106
Exploitability: P1=2.600000000 P2=0.023428769 EV: (0.022869368158583456, -0.022869368158583456) P1 Winnings: -1.0
Choosing model 0
[0.17870852906633253, 2.8252506928735798e-05, 0.06661287619330102, 0.021168923493988856, 0.7334814187394488]
Games played: 107
Exploitability: P1=1.900000000 P2=0.023428769 EV: (-0.0879289055388621, 0.0879289055388621) P1 Winnings: 2.0
Choosing model 4
[0.17870859282916557, 2.8252542153962762e-05, 0.06661290742129718, 0.02116893790576445, 0.7334813093016188]
Games played: 108
Exploitability: P1=2.600000000 P2=0.023428769 EV: (0.022869368158583456, -0.022869368158583456) P1 Winnings: 1.0
Choosing model 4
[0.18072527123446724, 2.6578620887848275e-05, 0.06736610311836003, 0.02130373587936449, 0.7305783111469204]
Games played: 109
Exploitability: P1=2.600000000 P2=0.023428769 EV: (0.022869368158583456, -0.022869368158583456) P1 Winnings: -2.0
Choosing model 0
[0.17117322230692106, 1.9484620734582023e-05, 0.062440591787070156, 0.01884390018535754, 0.7475228010999168]
Games played: 110
Exploitability: P1=1.900000000 P2=0.023428769 EV: (-0.0879289055388621, 0.0879289055388621) P1 Winnings: 1.0
Choosing model 4
[0.1757486236017202, 2.1419361261253543e-05, 0.06464843783967351, 0.019823436221949785, 0.7397580829753952]
Games played: 111
Exploitability: P1=2.600000000 P2=0.023428769 EV: (0.022869368158583456, -0.022869368158583456) P1 Winnings: 0.0
Choosing model 4
[0.1736965274897879, 1.8791653799220085e-05, 0.06345133735887241, 0.019118398314073696, 0.7437149451834667]
Games played: 112
Exploitability: P1=2.600000000 P2=0.023428769 EV: (0.022869368158583456, -0.022869368158583456) P1 Winnings: 0.0
Choosing model 0
[0.1643160330503346, 1.3759301313244204e-05, 0.05874057983393882, 0.01689034015019388, 0.7600392876642194]
Games played: 113
Exploitability: P1=1.900000000 P2=0.023428769 EV: (-0.0879289055388621, 0.0879289055388621) P1 Winnings: 3.0
Choosing model 4
[0.18259229435127652, 2.0948617431969928e-05, 0.06763910969405319, 0.02086030143148613, 0.7288873459057521]
Games played: 114
Exploitability: P1=2.600000000 P2=0.023428769 EV: (0.022869368158583456, -0.022869368158583456) P1 Winnings: 2.0
Choosing model 4
[0.17472342737868568, 1.614590404160783e-05, 0.06358053102948323, 0.018861660098568985, 0.7428182355892204]
Games played: 115
Exploitability: P1=2.600000000 P2=0.023428769 EV: (0.022869368158583456, -0.022869368158583456) P1 Winnings: 3.0
Choosing model 4
[0.17936060329481393, 1.774584711640906e-05, 0.0658165305305719, 0.019838455909333804, 0.734966664418164]
Games played: 116
Exploitability: P1=2.600000000 P2=0.023428769 EV: (0.022869368158583456, -0.022869368158583456) P1 Winnings: 2.0
Choosing model 4
[0.19822779400699783, 2.7107461455431168e-05, 0.0753710749878353, 0.024376097332088762, 0.7019979262116227]
Games played: 117
Exploitability: P1=2.600000000 P2=0.023428769 EV: (0.022869368158583456, -0.022869368158583456) P1 Winnings: 7.0
Choosing model 4
[0.19185685376750264, 2.11128945327518e-05, 0.07241783896814108, 0.021713738782833603, 0.71399045558699]
Games played: 118
Exploitability: P1=2.600000000 P2=0.023428769 EV: (0.022869368158583456, -0.022869368158583456) P1 Winnings: 8.0
Choosing model 2
[0.16833222643367765, 1.1106678740559594e-05, 0.0605127437779059, 0.016396678591175936, 0.7547472445185]
Games played: 119
Exploitability: P1=4.600000000 P2=0.023428769 EV: (-0.5144997593998409, 0.5144997593998409) P1 Winnings: 7.0
Choosing model 4
[0.1464509299895317, 5.793694485882504e-06, 0.05013984970656448, 0.012277561206731617, 0.7911258654026864]
Games played: 120
Exploitability: P1=2.600000000 P2=0.023428769 EV: (0.022869368158583456, -0.022869368158583456) P1 Winnings: 2.0
Choosing model 4
[0.12431382624216131, 2.5619601919513433e-06, 0.04019724876850606, 0.008711680577250688, 0.82677468245189]
Games played: 121
Exploitability: P1=2.600000000 P2=0.023428769 EV: (0.022869368158583456, -0.022869368158583456) P1 Winnings: 2.0
Choosing model 4
[0.10382063068296682, 1.1440579672263953e-06, 0.03168433827305279, 0.006082852439245265, 0.8584110345467679]
Games played: 122
Exploitability: P1=2.600000000 P2=0.023428769 EV: (0.022869368158583456, -0.022869368158583456) P1 Winnings: 1.0
Choosing model 0
[0.10382067881296558, 1.1440595981843639e-06, 0.031684356795345835, 0.00608285738818608, 0.8584109629439043]
Games played: 123
Exploitability: P1=1.900000000 P2=0.023428769 EV: (-0.0879289055388621, 0.0879289055388621) P1 Winnings: -2.0
Choosing model 4
[0.13076383263416408, 2.6645277795236605e-06, 0.04271246913397811, 0.009379176801498478, 0.8171418569025799]
Games played: 124
Exploitability: P1=2.600000000 P2=0.023428769 EV: (0.022869368158583456, -0.022869368158583456) P1 Winnings: -7.0
Choosing model 0
[0.13466235287617934, 2.9379017134758767e-06, 0.04435556888050528, 0.009896356152155427, 0.8110827841894463]
Games played: 125
Exploitability: P1=1.900000000 P2=0.023428769 EV: (-0.0879289055388621, 0.0879289055388621) P1 Winnings: -8.0
Choosing model 0
[0.11582591908695107, 1.5151063820716441e-06, 0.03633448691990399, 0.007325987205825411, 0.8405120916809375]
Games played: 126
Exploitability: P1=1.900000000 P2=0.023428769 EV: (-0.0879289055388621, 0.0879289055388621) P1 Winnings: -7.0
Choosing model 4
[0.11939577419973692, 1.6721866078375499e-06, 0.03776914400161783, 0.007737512967369851, 0.8350958966446675]
Games played: 127
Exploitability: P1=2.600000000 P2=0.023428769 EV: (0.022869368158583456, -0.022869368158583456) P1 Winnings: -2.0
Choosing model 4
[0.1291971280646839, 1.8681930697674395e-06, 0.04327483518539012, 0.007570597689704476, 0.8199555708671518]
Games played: 128
Exploitability: P1=2.600000000 P2=0.023428769 EV: (0.022869368158583456, -0.022869368158583456) P1 Winnings: -1.0
Choosing model 4
[0.10428812249391392, 1.1701460321022713e-06, 0.02746724457371794, 0.007567716502800405, 0.8606757462835357]
Games played: 129
Exploitability: P1=2.600000000 P2=0.023428769 EV: (0.022869368158583456, -0.022869368158583456) P1 Winnings: 6.0
Choosing model 4
[0.10428816733506062, 1.1701475766667774e-06, 0.02746725946024881, 0.007567722208665398, 0.8606756808484485]
Games played: 130
Exploitability: P1=2.600000000 P2=0.023428769 EV: (0.022869368158583456, -0.022869368158583456) P1 Winnings: 5.0
Choosing model 4
[0.09884669944067559, 8.933179925867598e-07, 0.02557408125277604, 0.0067777096289958335, 0.8688006163595599]
Games played: 131
Exploitability: P1=2.600000000 P2=0.023428769 EV: (0.022869368158583456, -0.022869368158583456) P1 Winnings: 6.0
Choosing model 4
[0.09884674239481624, 8.933191758358388e-07, 0.02557409523037672, 0.006777714770253946, 0.8688005542853773]
Games played: 132
Exploitability: P1=2.600000000 P2=0.023428769 EV: (0.022869368158583456, -0.022869368158583456) P1 Winnings: 5.0
Choosing model 4
[0.09884678534897211, 8.93320359086454e-07, 0.02557410920798415, 0.006777719911515724, 0.868800492211169]
Games played: 133
Exploitability: P1=2.600000000 P2=0.023428769 EV: (0.022869368158583456, -0.022869368158583456) P1 Winnings: 4.0
Choosing model 0
[0.09472992510810782, 6.889346605521609e-07, 0.024330623614026735, 0.005978137846751404, 0.8749606244964534]
Games played: 134
Exploitability: P1=1.900000000 P2=0.023428769 EV: (-0.0879289055388621, 0.0879289055388621) P1 Winnings: 5.0
Choosing model 4
[0.08969606462026909, 5.254150840701521e-07, 0.022630649023638504, 0.005348632514394357, 0.8823241284266139]
Games played: 135
Exploitability: P1=2.600000000 P2=0.023428769 EV: (0.022869368158583456, -0.022869368158583456) P1 Winnings: 5.0
Choosing model 4
[0.08969610428288598, 5.254157840235224e-07, 0.02263066156530245, 0.0053486366124622505, 0.8823240721235653]
Games played: 136
Exploitability: P1=2.600000000 P2=0.023428769 EV: (0.022869368158583456, -0.022869368158583456) P1 Winnings: 4.0
Choosing model 4
[0.0838277583803255, 3.8006682283793687e-07, 0.020697608388126915, 0.004668264445092854, 0.8908059887196319]
Games played: 137
Exploitability: P1=2.600000000 P2=0.023428769 EV: (0.022869368158583456, -0.022869368158583456) P1 Winnings: 7.0
Choosing model 4
[0.05772372917512502, 1.8014096779953815e-07, 0.010261964497395406, 0.004359931024061247, 0.9276541951624505]
Games played: 138
Exploitability: P1=2.600000000 P2=0.023428769 EV: (0.022869368158583456, -0.022869368158583456) P1 Winnings: 14.0
Choosing model 4
[0.06692666679706878, 3.021821477557383e-07, 0.012380801266247356, 0.00569453254015926, 0.9149976972143768]
Games played: 139
Exploitability: P1=2.600000000 P2=0.023428769 EV: (0.022869368158583456, -0.022869368158583456) P1 Winnings: 3.0
Choosing model 4
[0.0669266975671412, 3.0218255562918616e-07, 0.01238080834507333, 0.005694537003299441, 0.9149976549019304]
Games played: 140
Exploitability: P1=2.600000000 P2=0.023428769 EV: (0.022869368158583456, -0.022869368158583456) P1 Winnings: 2.0
Choosing model 4
[0.06526101996538228, 2.660357116519826e-07, 0.01197619631592787, 0.005411646167314057, 0.9173508715156642]
Games played: 141
Exploitability: P1=2.600000000 P2=0.023428769 EV: (0.022869368158583456, -0.022869368158583456) P1 Winnings: -1.0
Choosing model 4
[0.05827094035339872, 1.6298238849517983e-07, 0.010339331561265291, 0.004349640180077411, 0.9270399249228701]
Games played: 142
Exploitability: P1=2.600000000 P2=0.023428769 EV: (0.022869368158583456, -0.022869368158583456) P1 Winnings: -1.0
Choosing model 4
[0.06659546978229333, 2.574470736833714e-07, 0.012243831813788943, 0.005526686231904368, 0.9156337547249397]
Games played: 143
Exploitability: P1=2.600000000 P2=0.023428769 EV: (0.022869368158583456, -0.022869368158583456) P1 Winnings: 4.0
Choosing model 4
[0.05614283593902667, 1.3013199915115063e-07, 0.009830562073019758, 0.004010013122079365, 0.9300164587338751]
Games played: 144
Exploitability: P1=2.600000000 P2=0.023428769 EV: (0.022869368158583456, -0.022869368158583456) P1 Winnings: 3.0
Choosing model 4
[0.04251359847609081, 6.336970809124934e-08, 0.005977909484857413, 0.003192331910566203, 0.9483160967587775]
Games played: 145
Exploitability: P1=2.600000000 P2=0.023428769 EV: (0.022869368158583456, -0.022869368158583456) P1 Winnings: 6.0
Choosing model 4
[0.04251362045092014, 6.33698018081907e-08, 0.00597791329810438, 0.003192334677967677, 0.9483160682032059]
Games played: 146
Exploitability: P1=2.600000000 P2=0.023428769 EV: (0.022869368158583456, -0.022869368158583456) P1 Winnings: 3.0
Choosing model 4
[0.041413012055914605, 5.573232539752423e-08, 0.005776619792700178, 0.003030635149070447, 0.9497796772699894]
Games played: 147
Exploitability: P1=2.600000000 P2=0.023428769 EV: (0.022869368158583456, -0.022869368158583456) P1 Winnings: 0.0
Choosing model 4
[0.0403390522624411, 4.901309452216187e-08, 0.005581849207728971, 0.0028769945550830528, 0.9512020549616523]
Games played: 148
Exploitability: P1=2.600000000 P2=0.023428769 EV: (0.022869368158583456, -0.022869368158583456) P1 Winnings: -3.0
Choosing model 4
[0.044233635280628764, 5.548967451575923e-08, 0.006480961159630715, 0.0028525341758697683, 0.9464328138941962]
Games played: 149
Exploitability: P1=2.600000000 P2=0.023428769 EV: (0.022869368158583456, -0.022869368158583456) P1 Winnings: -2.0
Choosing model 0
[0.044233656390956874, 5.5489750383921504e-08, 0.006480964978513352, 0.0028525364614538453, 0.9464327866793255]
Games played: 150
Exploitability: P1=1.900000000 P2=0.023428769 EV: (-0.0879289055388621, 0.0879289055388621) P1 Winnings: -3.0
Choosing model 4
[0.04117708591238468, 3.963328295654048e-08, 0.005904403263450747, 0.002479093668432747, 0.9504393775224489]
Games played: 151
Exploitability: P1=2.600000000 P2=0.023428769 EV: (0.022869368158583456, -0.022869368158583456) P1 Winnings: -2.0
Choosing model 4
[0.03826790399950052, 2.8508980593090032e-08, 0.0053698693900198, 0.002151642373130107, 0.9542105557283689]
Games played: 152
Exploitability: P1=2.600000000 P2=0.023428769 EV: (0.022869368158583456, -0.022869368158583456) P1 Winnings: 1.0
Choosing model 4
[0.0360917702981691, 2.1784857351873646e-08, 0.004977222754657871, 0.0019202444877821103, 0.9570107406745335]
Games played: 153
Exploitability: P1=2.600000000 P2=0.023428769 EV: (0.022869368158583456, -0.022869368158583456) P1 Winnings: 0.0
Choosing model 4
[0.03959721922541002, 2.4676543998203268e-08, 0.005781998276393708, 0.0019049251016602382, 0.952715832719992]
Games played: 154
Exploitability: P1=2.600000000 P2=0.023428769 EV: (0.022869368158583456, -0.022869368158583456) P1 Winnings: 1.0
Choosing model 4
[0.04342186193574095, 2.7938378827556156e-08, 0.006713609683566623, 0.001888802430757699, 0.9479756980115559]
Games played: 155
Exploitability: P1=2.600000000 P2=0.023428769 EV: (0.022869368158583456, -0.022869368158583456) P1 Winnings: 2.0
Choosing model 0
[0.040909808613076366, 2.1201105852113933e-08, 0.0062134479995977765, 0.0016814973170448083, 0.9511952248691753]
Games played: 156
Exploitability: P1=1.900000000 P2=0.023428769 EV: (-0.0879289055388621, 0.0879289055388621) P1 Winnings: 3.0
Choosing model 4
[0.03841104890608704, 1.5896334102290147e-08, 0.005725801565377111, 0.0014878109665162175, 0.9543753226656856]
Games played: 157
Exploitability: P1=2.600000000 P2=0.023428769 EV: (0.022869368158583456, -0.022869368158583456) P1 Winnings: 3.0
Choosing model 4
[0.03978014420844637, 1.762648116353738e-08, 0.00597972756003442, 0.0015787376944300555, 0.9526613729106079]
Games played: 158
Exploitability: P1=2.600000000 P2=0.023428769 EV: (0.022869368158583456, -0.022869368158583456) P1 Winnings: 2.0
Choosing model 4
[0.027573435905729873, 1.690099080087682e-08, 0.0024862761688461085, 0.0025479588712710222, 0.9673923121531621]
Games played: 159
Exploitability: P1=2.600000000 P2=0.023428769 EV: (0.022869368158583456, -0.022869368158583456) P1 Winnings: 15.0
Choosing model 4
[0.025946455171566518, 1.2809660459028405e-08, 0.0022982331624245246, 0.002265531992645088, 0.9694897668637035]
Games played: 160
Exploitability: P1=2.600000000 P2=0.023428769 EV: (0.022869368158583456, -0.022869368158583456) P1 Winnings: 15.0
Choosing model 4
[0.025946467874214247, 1.2809678130900904e-08, 0.002298234544976986, 0.0022655338358194338, 0.9694897509353112]
Games played: 161
Exploitability: P1=2.600000000 P2=0.023428769 EV: (0.022869368158583456, -0.022869368158583456) P1 Winnings: 14.0
Choosing model 4
[0.024077071596984113, 9.200393544541427e-09, 0.0020870287213551335, 0.0019633336248446936, 0.9718725568564225]
Games played: 162
Exploitability: P1=2.600000000 P2=0.023428769 EV: (0.022869368158583456, -0.022869368158583456) P1 Winnings: 7.0
Choosing model 4
[0.028151870432489203, 1.5564009616254886e-08, 0.0025392499145602413, 0.0025860167789097306, 0.9667228473100312]
Games played: 163
Exploitability: P1=2.600000000 P2=0.023428769 EV: (0.022869368158583456, -0.022869368158583456) P1 Winnings: 6.0
Choosing model 4
[0.02916877238532801, 1.7265964347132855e-08, 0.00265308559384662, 0.0027453282017045086, 0.9654327965531565]
Games played: 164
Exploitability: P1=2.600000000 P2=0.023428769 EV: (0.022869368158583456, -0.022869368158583456) P1 Winnings: 5.0
Choosing model 4
[0.027809937134392913, 1.3247040203789045e-08, 0.002511083752365524, 0.0024089833055096236, 0.9672699825606917]
Games played: 165
Exploitability: P1=2.600000000 P2=0.023428769 EV: (0.022869368158583456, -0.022869368158583456) P1 Winnings: 6.0
Choosing model 4
[0.03414867867539028, 2.5333885399703403e-08, 0.003244075084549875, 0.0034365148051785296, 0.9591707061009959]
Games played: 166
Exploitability: P1=2.600000000 P2=0.023428769 EV: (0.022869368158583456, -0.022869368158583456) P1 Winnings: 1.0
Choosing model 4
[0.028556795917850944, 1.270233855549174e-08, 0.0025836744638773335, 0.0024733471456975732, 0.9663861697702356]
Games played: 167
Exploitability: P1=2.600000000 P2=0.023428769 EV: (0.022869368158583456, -0.022869368158583456) P1 Winnings: 1.0
Choosing model 4
[0.01909856569957587, 5.847375216757524e-09, 0.0012441503977766956, 0.0022435409063986268, 0.9774137371488736]
Games played: 168
Exploitability: P1=2.600000000 P2=0.023428769 EV: (0.022869368158583456, -0.022869368158583456) P1 Winnings: 8.0
Choosing model 4
[0.0210028524416128, 6.639136577286417e-09, 0.0014487211068785178, 0.002230880949260587, 0.9753175388631116]
Games played: 169
Exploitability: P1=2.600000000 P2=0.023428769 EV: (0.022869368158583456, -0.022869368158583456) P1 Winnings: 9.0
Choosing model 4
[0.01975332921588914, 5.029350817527723e-09, 0.0013384568728210362, 0.0019825723985745346, 0.9769256364833645]
Games played: 170
Exploitability: P1=2.600000000 P2=0.023428769 EV: (0.022869368158583456, -0.022869368158583456) P1 Winnings: 10.0
Choosing model 4
[0.021721091748254782, 5.709872235400062e-09, 0.001558404188685161, 0.00197122082205151, 0.9747492775311363]
Games played: 171
Exploitability: P1=2.600000000 P2=0.023428769 EV: (0.022869368158583456, -0.022869368158583456) P1 Winnings: 11.0
Choosing model 4
[0.0276465156344193, 8.458877238541806e-09, 0.0022936525515628013, 0.0020713594514901136, 0.9679884639036505]
Games played: 172
Exploitability: P1=2.600000000 P2=0.023428769 EV: (0.022869368158583456, -0.022869368158583456) P1 Winnings: 14.0
Choosing model 4
[0.02864695817201883, 9.384459949369978e-09, 0.0023966281663472563, 0.0021991032330106923, 0.9667573010441632]
Games played: 173
Exploitability: P1=2.600000000 P2=0.023428769 EV: (0.022869368158583456, -0.022869368158583456) P1 Winnings: 13.0
Choosing model 0
[0.029682111526509743, 1.0410797919668983e-08, 0.00250410108307283, 0.002334607799922448, 0.965479169179697]
Games played: 174
Exploitability: P1=1.900000000 P2=0.023428769 EV: (-0.0879289055388621, 0.0879289055388621) P1 Winnings: 12.0
Choosing model 4
[0.02427671926051017, 4.43576681407338e-09, 0.0019343411082301532, 0.001596142535134449, 0.9721927926603584]
Games played: 175
Exploitability: P1=2.600000000 P2=0.023428769 EV: (0.022869368158583456, -0.022869368158583456) P1 Winnings: 9.0
Choosing model 4
[0.024276731185161545, 4.4357729407510665e-09, 0.0019343422750194275, 0.0015961438363063356, 0.9721927782677398]
Games played: 176
Exploitability: P1=2.600000000 P2=0.023428769 EV: (0.022869368158583456, -0.022869368158583456) P1 Winnings: 8.0
Choosing model 4
[0.016205268720321235, 2.0380805229522183e-09, 0.0009297007167784703, 0.0014450926567069553, 0.9814199358681128]
Games played: 177
Exploitability: P1=2.600000000 P2=0.023428769 EV: (0.022869368158583456, -0.022869368158583456) P1 Winnings: 15.0
Choosing model 4
[0.015234732332741856, 1.5432569334132695e-09, 0.0008585771595225353, 0.0012837040917466531, 0.982622984872732]
Games played: 178
Exploitability: P1=2.600000000 P2=0.023428769 EV: (0.022869368158583456, -0.022869368158583456) P1 Winnings: 15.0
Choosing model 4
[0.01676137912745046, 1.753017574413663e-09, 0.0010002040961009573, 0.0012770406479442843, 0.9809613743754868]
Games played: 179
Exploitability: P1=2.600000000 P2=0.023428769 EV: (0.022869368158583456, -0.022869368158583456) P1 Winnings: 16.0
Choosing model 4
[0.015539127915947717, 1.2578994591659203e-09, 0.000907432186210077, 0.001105655284361004, 0.9824477833555817]
Games played: 180
Exploitability: P1=2.600000000 P2=0.023428769 EV: (0.022869368158583456, -0.022869368158583456) P1 Winnings: 9.0
Choosing model 4
[0.01621274801190624, 1.3197773575374912e-09, 0.0009538524754501207, 0.0011745866036043005, 0.981658811589262]
Games played: 181
Exploitability: P1=2.600000000 P2=0.023428769 EV: (0.022869368158583456, -0.022869368158583456) P1 Winnings: 12.0
Choosing model 4
[0.016188568300413216, 1.172545436225815e-09, 0.0009482948850811155, 0.0011515959492292933, 0.981711539692731]
Games played: 182
Exploitability: P1=2.600000000 P2=0.023428769 EV: (0.022869368158583456, -0.022869368158583456) P1 Winnings: 12.0
Choosing model 4
[0.016188576334281016, 1.1725470616906163e-09, 0.0009482954618987803, 0.0011515968938474958, 0.9817115301374256]
Games played: 183
Exploitability: P1=2.600000000 P2=0.023428769 EV: (0.022869368158583456, -0.022869368158583456) P1 Winnings: 11.0
Choosing model 4
[0.015218541819036847, 8.878364566655782e-10, 0.0008757207305170292, 0.0010229525975999005, 0.9828827839650097]
Games played: 184
Exploitability: P1=2.600000000 P2=0.023428769 EV: (0.022869368158583456, -0.022869368158583456) P1 Winnings: 12.0
Choosing model 4
[0.014106523325130143, 6.369754461330686e-10, 0.0007943670808871213, 0.0008855245205431428, 0.9842135844364642]
Games played: 185
Exploitability: P1=2.600000000 P2=0.023428769 EV: (0.022869368158583456, -0.022869368158583456) P1 Winnings: 5.0
Choosing model 4
[0.013092409814054958, 4.535934760188497e-10, 0.0007215300224255229, 0.000767289322230369, 0.9854187703876957]
Games played: 186
Exploitability: P1=2.600000000 P2=0.023428769 EV: (0.022869368158583456, -0.022869368158583456) P1 Winnings: 5.0
Choosing model 4
[0.013575684802613027, 5.035787638575576e-10, 0.000754451766964509, 0.0008151796812207986, 0.9848546832456229]
Games played: 187
Exploitability: P1=2.600000000 P2=0.023428769 EV: (0.022869368158583456, -0.022869368158583456) P1 Winnings: 4.0
Choosing model 4
[0.013575691563156193, 5.035794628205267e-10, 0.0007544522271720822, 0.0008151803512902834, 0.984854675354802]
Games played: 188
Exploitability: P1=2.600000000 P2=0.023428769 EV: (0.022869368158583456, -0.022869368158583456) P1 Winnings: 3.0
Choosing model 4
[0.01407648686130241, 5.590604631964186e-10, 0.0007888582653871263, 0.000866040209864325, 0.9842686141043857]
Games played: 189
Exploitability: P1=2.600000000 P2=0.023428769 EV: (0.022869368158583456, -0.022869368158583456) P1 Winnings: 2.0
Choosing model 4
[0.014595412117246725, 6.206393619707248e-10, 0.0008248139198590282, 0.0009200515812875915, 0.9836597217609673]
Games played: 190
Exploitability: P1=2.600000000 P2=0.023428769 EV: (0.022869368158583456, -0.022869368158583456) P1 Winnings: 1.0
Choosing model 4
[0.015133096416610089, 6.889841092132763e-10, 0.0008623872694692264, 0.0009774074599763118, 0.9830271081649603]
Games played: 191
Exploitability: P1=2.600000000 P2=0.023428769 EV: (0.022869368158583456, -0.022869368158583456) P1 Winnings: 0.0
Choosing model 4
[0.014881533932226888, 6.014345716613428e-10, 0.0008421816568569175, 0.0009379267303548682, 0.9833383570791268]
Games played: 192
Exploitability: P1=2.600000000 P2=0.023428769 EV: (0.022869368158583456, -0.022869368158583456) P1 Winnings: 0.0
Choosing model 4
[0.013814595942977532, 4.2154919370783763e-10, 0.0007644468976849198, 0.0008100067669521484, 0.9846109499708362]
Games played: 193
Exploitability: P1=2.600000000 P2=0.023428769 EV: (0.022869368158583456, -0.022869368158583456) P1 Winnings: 0.0
Choosing model 4
[0.013584523743323109, 3.679711554628522e-10, 0.0007465125170129615, 0.0007772634415016066, 0.9848916999301911]
Games played: 194
Exploitability: P1=2.600000000 P2=0.023428769 EV: (0.022869368158583456, -0.022869368158583456) P1 Winnings: 0.0
Choosing model 4
[0.01358453050870138, 3.679716662153737e-10, 0.0007465129724014939, 0.0007772640804291227, 0.9848916920704963]
Games played: 195
Exploitability: P1=2.600000000 P2=0.023428769 EV: (0.022869368158583456, -0.022869368158583456) P1 Winnings: -1.0
Choosing model 4
[0.010960884465952435, 1.587547649987369e-10, 0.0005684894484952448, 0.0005243372039511978, 0.9879462887228464]
Games played: 196
Exploitability: P1=2.600000000 P2=0.023428769 EV: (0.022869368158583456, -0.022869368158583456) P1 Winnings: -2.0
Choosing model 4
[0.010155772412334767, 1.1385096143835486e-10, 0.0005154640858306715, 0.00045370766739042393, 0.9888750557205932]
Games played: 197
Exploitability: P1=2.600000000 P2=0.023428769 EV: (0.022869368158583456, -0.022869368158583456) P1 Winnings: 1.0
Choosing model 4
[0.009985812515326337, 9.937254984650007e-11, 0.0005033295186906341, 0.0004353313368447942, 0.9890755265297657]
Games played: 198
Exploitability: P1=2.600000000 P2=0.023428769 EV: (0.022869368158583456, -0.022869368158583456) P1 Winnings: 1.0
Choosing model 4
[0.010355941787023178, 1.103395171616889e-10, 0.0005263728883560496, 0.000462570741842616, 0.9886551144724387]
Games played: 199
Exploitability: P1=2.600000000 P2=0.023428769 EV: (0.022869368158583456, -0.022869368158583456) P1 Winnings: 0.0
Choosing model 4
[0.011497765007131153, 1.05405482558544e-10, 0.0006329310513434329, 0.00041682924162257884, 0.9874524745944974]
Games played: 200
Exploitability: P1=2.600000000 P2=0.023428769 EV: (0.022869368158583456, -0.022869368158583456) P1 Winnings: 3.0
