Player 1 exploitability: 0.299474598117
Choosing model 3
[0.1973349639706216, 0.21128199721835308, 0.19899353135783318, 0.2021883263136098, 0.19020118113958234]
Games played: 1
Exploitability: P1=1.933333333 P2=0.213822584 EV: (-0.12644181307243751, 0.12644181307243751) P1 Winnings: -1
Choosing model 4
[0.2027521164896381, 0.1927006291313842, 0.20304105256000313, 0.2027172923623302, 0.19878890945664435]
Games played: 2
Exploitability: P1=2.600000000 P2=0.213822584 EV: (-0.1507110840134513, 0.1507110840134513) P1 Winnings: -4
Choosing model 0
[0.20275208418358842, 0.19270076993079466, 0.20304104294855532, 0.20271732574235443, 0.1987887771947072]
Games played: 3
Exploitability: P1=1.900000000 P2=0.213822584 EV: (-0.09185836827023057, 0.09185836827023057) P1 Winnings: -5
Choosing model 4
[0.20012535316320224, 0.20364731421279642, 0.20209498568451414, 0.20501219191528117, 0.18912015502420604]
Games played: 4
Exploitability: P1=2.600000000 P2=0.213822584 EV: (-0.1507110840134513, 0.1507110840134513) P1 Winnings: -6
Choosing model 1
[0.19730446880435917, 0.2149670764558471, 0.2009209703668988, 0.20709353242432366, 0.1797139519485713]
Games played: 5
Exploitability: P1=2.800000000 P2=0.213822584 EV: (0.16570659756437273, -0.16570659756437273) P1 Winnings: -7
Choosing model 1
[0.18909202286786897, 0.28463903652461137, 0.22499248201177663, 0.17662593857095854, 0.12465052002478455]
Games played: 6
Exploitability: P1=2.800000000 P2=0.213822584 EV: (0.16570659756437273, -0.16570659756437273) P1 Winnings: 2.0
Choosing model 2
[0.20222620495700985, 0.24496545449725124, 0.2388692861131129, 0.17385067045879535, 0.14008838397383067]
Games played: 7
Exploitability: P1=4.600000000 P2=0.213822584 EV: (0.21382258397696427, -0.21382258397696427) P1 Winnings: 3.0
Choosing model 3
[0.19854662811976526, 0.25750660555613397, 0.23649409816675554, 0.17488537643391236, 0.13256729172343282]
Games played: 8
Exploitability: P1=1.933333333 P2=0.213822584 EV: (-0.12644181307243751, 0.12644181307243751) P1 Winnings: -10.0
Choosing model 1
[0.19989709233381947, 0.2676735427848173, 0.2521149763901376, 0.15920706327525966, 0.12110732521596607]
Games played: 9
Exploitability: P1=2.800000000 P2=0.213822584 EV: (0.16570659756437273, -0.16570659756437273) P1 Winnings: -9.0
Choosing model 3
[0.21464492198851015, 0.22052818176485958, 0.26493928187938715, 0.1596009368488049, 0.14028667751843815]
Games played: 10
Exploitability: P1=1.933333333 P2=0.213822584 EV: (-0.12644181307243751, 0.12644181307243751) P1 Winnings: -8.0
Choosing model 2
[0.22664228702454506, 0.20035155437733143, 0.3029742666023478, 0.1367766468527953, 0.1332552451429804]
Games played: 11
Exploitability: P1=4.600000000 P2=0.213822584 EV: (0.21382258397696427, -0.21382258397696427) P1 Winnings: -5.0
Choosing model 1
[0.19385577379492086, 0.23170582537080975, 0.16179798247186733, 0.25190204454403303, 0.16073837381836897]
Games played: 12
Exploitability: P1=2.800000000 P2=0.213822584 EV: (0.16570659756437273, -0.16570659756437273) P1 Winnings: -14.0
Choosing model 3
[0.20739144775942053, 0.18716232942339317, 0.16925295553784997, 0.2507107990930492, 0.185482468186287]
Games played: 13
Exploitability: P1=1.933333333 P2=0.213822584 EV: (-0.12644181307243751, 0.12644181307243751) P1 Winnings: -11.0
Choosing model 3
[0.21812472884362316, 0.1510347952144748, 0.17421433629287839, 0.2461762011057131, 0.21044993854331054]
Games played: 14
Exploitability: P1=1.933333333 P2=0.213822584 EV: (-0.12644181307243751, 0.12644181307243751) P1 Winnings: -11.0
Choosing model 1
[0.19061943566060952, 0.244065903887872, 0.1629491770775088, 0.2633671787887449, 0.13899830458526474]
Games played: 15
Exploitability: P1=2.800000000 P2=0.213822584 EV: (0.16570659756437273, -0.16570659756437273) P1 Winnings: -11.0
Choosing model 2
[0.20314560877863913, 0.20424365712812065, 0.17017262200696126, 0.263221489020959, 0.1592166230653198]
Games played: 16
Exploitability: P1=4.600000000 P2=0.213822584 EV: (0.21382258397696427, -0.21382258397696427) P1 Winnings: -11.0
Choosing model 2
[0.2148359864684258, 0.16718254715107025, 0.17611564607320868, 0.2599675047171603, 0.181898315590135]
Games played: 17
Exploitability: P1=4.600000000 P2=0.213822584 EV: (0.21382258397696427, -0.21382258397696427) P1 Winnings: -14.0
Choosing model 3
[0.21483585547585435, 0.1671830092909567, 0.17611561336304798, 0.25996766570786123, 0.18189785616227983]
Games played: 18
Exploitability: P1=1.933333333 P2=0.213822584 EV: (-0.12644181307243751, 0.12644181307243751) P1 Winnings: -23.0
Choosing model 4
[0.2205617859577854, 0.17721021577079135, 0.19145016299080012, 0.24132799960057366, 0.16944983568004948]
Games played: 19
Exploitability: P1=2.600000000 P2=0.213822584 EV: (-0.1507110840134513, 0.1507110840134513) P1 Winnings: -22.0
Choosing model 0
[0.19675065841238937, 0.2505797289840117, 0.17957620559167578, 0.25008504107810614, 0.12300836593381692]
Games played: 20
Exploitability: P1=1.900000000 P2=0.213822584 EV: (-0.09185836827023057, 0.09185836827023057) P1 Winnings: -25.0
Choosing model 2
[0.20008181858776303, 0.26309371831591655, 0.19336354482156426, 0.22995561631492117, 0.113505301959835]
Games played: 21
Exploitability: P1=4.600000000 P2=0.213822584 EV: (0.21382258397696427, -0.21382258397696427) P1 Winnings: -24.0
Choosing model 1
[0.20008161154146326, 0.26309433374642394, 0.1933634267138386, 0.2299556609715255, 0.11350496702674868]
Games played: 22
Exploitability: P1=2.800000000 P2=0.213822584 EV: (0.16570659756437273, -0.16570659756437273) P1 Winnings: -33.0
Choosing model 0
[0.1780152050945908, 0.32822722154631434, 0.178502826974401, 0.22842002352561913, 0.08683472285907476]
Games played: 23
Exploitability: P1=1.900000000 P2=0.213822584 EV: (-0.09185836827023057, 0.09185836827023057) P1 Winnings: -33.0
Choosing model 1
[0.1795894709130376, 0.3418782564277784, 0.19067916748015332, 0.20836406336939783, 0.07948904180963288]
Games played: 24
Exploitability: P1=2.800000000 P2=0.213822584 EV: (0.16570659756437273, -0.16570659756437273) P1 Winnings: -32.0
Choosing model 2
[0.17958940241643223, 0.3418784549205616, 0.1906791178260789, 0.20836405682550727, 0.07948896801142001]
Games played: 25
Exploitability: P1=4.600000000 P2=0.213822584 EV: (0.21382258397696427, -0.21382258397696427) P1 Winnings: -39.0
Choosing model 1
[0.1768607135652488, 0.3282012942280507, 0.1623596728566844, 0.2472678627453646, 0.08531045660465134]
Games played: 26
Exploitability: P1=2.800000000 P2=0.213822584 EV: (0.16570659756437273, -0.16570659756437273) P1 Winnings: -39.0
Choosing model 3
[0.18229745091089478, 0.29973707608766154, 0.15396125987737042, 0.26827578429465343, 0.0957284288294198]
Games played: 27
Exploitability: P1=1.933333333 P2=0.213822584 EV: (-0.12644181307243751, 0.12644181307243751) P1 Winnings: -30.0
Choosing model 3
[0.19838261585473255, 0.2524678352614043, 0.16396196581220332, 0.2726481622773088, 0.11253942079435104]
Games played: 28
Exploitability: P1=1.933333333 P2=0.213822584 EV: (-0.12644181307243751, 0.12644181307243751) P1 Winnings: -27.0
Choosing model 0
[0.19256666039375156, 0.1686823124885302, 0.11459466980162261, 0.3589530950037705, 0.16520326231232527]
Games played: 29
Exploitability: P1=1.900000000 P2=0.213822584 EV: (-0.09185836827023057, 0.09185836827023057) P1 Winnings: -20.0
Choosing model 4
[0.20173613334462348, 0.14111782968373177, 0.11782621239615496, 0.35437506339475827, 0.18494476118073164]
Games played: 30
Exploitability: P1=2.600000000 P2=0.213822584 EV: (-0.1507110840134513, 0.1507110840134513) P1 Winnings: -20.0
Choosing model 0
[0.17510546447941153, 0.21995539603219402, 0.1090984421747144, 0.3728508876664412, 0.1229898096472388]
Games played: 31
Exploitability: P1=1.900000000 P2=0.213822584 EV: (-0.09185836827023057, 0.09185836827023057) P1 Winnings: -23.0
Choosing model 3
[0.17147253299210222, 0.23061520481881187, 0.10773289534691716, 0.37409515361525775, 0.11608421322691108]
Games played: 32
Exploitability: P1=1.933333333 P2=0.213822584 EV: (-0.12644181307243751, 0.12644181307243751) P1 Winnings: -24.0
Choosing model 4
[0.20197240344867357, 0.14150601315194014, 0.11984827951045209, 0.36833423603027743, 0.16833906785865677]
Games played: 33
Exploitability: P1=2.600000000 P2=0.213822584 EV: (-0.1507110840134513, 0.1507110840134513) P1 Winnings: -27.0
Choosing model 3
[0.21021954731882941, 0.15206493130204637, 0.13208309701096457, 0.3466474620210309, 0.15898496234712867]
Games played: 34
Exploitability: P1=1.933333333 P2=0.213822584 EV: (-0.12644181307243751, 0.12644181307243751) P1 Winnings: -26.0
Choosing model 0
[0.21178806242797782, 0.09851934945802363, 0.10685948799425497, 0.3671513510695291, 0.2156817490502144]
Games played: 35
Exploitability: P1=1.900000000 P2=0.213822584 EV: (-0.09185836827023057, 0.09185836827023057) P1 Winnings: -23.0
Choosing model 4
[0.21559083284409256, 0.08923342173920565, 0.10830594343060146, 0.36697562582861587, 0.21989417615748455]
Games played: 36
Exploitability: P1=2.600000000 P2=0.213822584 EV: (-0.1507110840134513, 0.1507110840134513) P1 Winnings: -28.0
Choosing model 0
[0.23813509950682962, 0.08480646535377376, 0.1295640378612558, 0.3289929053384906, 0.2185014919396502]
Games played: 37
Exploitability: P1=1.900000000 P2=0.213822584 EV: (-0.09185836827023057, 0.09185836827023057) P1 Winnings: -25.0
Choosing model 3
[0.22633140158893195, 0.11661699824745099, 0.12813840236778157, 0.3522423551968217, 0.17667084259901375]
Games played: 38
Exploitability: P1=1.933333333 P2=0.213822584 EV: (-0.12644181307243751, 0.12644181307243751) P1 Winnings: -26.0
Choosing model 4
[0.23008940922049564, 0.10703597314777248, 0.12922500727318967, 0.34898752657504595, 0.18466208378349624]
Games played: 39
Exploitability: P1=2.600000000 P2=0.213822584 EV: (-0.1507110840134513, 0.1507110840134513) P1 Winnings: -23.0
Choosing model 4
[0.2384833908889129, 0.0858684936227501, 0.13107404980978282, 0.337807664362524, 0.2067664013160302]
Games played: 40
Exploitability: P1=2.600000000 P2=0.213822584 EV: (-0.1507110840134513, 0.1507110840134513) P1 Winnings: -20.0
Choosing model 2
[0.2384833680113629, 0.08586856180855032, 0.13107405191625998, 0.337807741406758, 0.2067662768570688]
Games played: 41
Exploitability: P1=4.600000000 P2=0.213822584 EV: (0.21382258397696427, -0.21382258397696427) P1 Winnings: -21.0
Choosing model 3
[0.23848328113199782, 0.08586882024865039, 0.13107405974169514, 0.3378080335111868, 0.20676580536646982]
Games played: 42
Exploitability: P1=1.933333333 P2=0.213822584 EV: (-0.12644181307243751, 0.12644181307243751) P1 Winnings: -30.0
Choosing model 0
[0.2478433166349939, 0.061229024459324134, 0.13170777451368776, 0.31602032586396595, 0.24319955852802835]
Games played: 43
Exploitability: P1=1.900000000 P2=0.213822584 EV: (-0.09185836827023057, 0.09185836827023057) P1 Winnings: -27.0
Choosing model 2
[0.23998915868136092, 0.08342045117203604, 0.1324282924657391, 0.342370219304287, 0.20179187837657686]
Games played: 44
Exploitability: P1=4.600000000 P2=0.213822584 EV: (0.21382258397696427, -0.21382258397696427) P1 Winnings: -22.0
Choosing model 3
[0.23944754760321904, 0.08879989399572404, 0.13393812723979986, 0.34495321208690605, 0.19286121907435086]
Games played: 45
Exploitability: P1=1.933333333 P2=0.213822584 EV: (-0.12644181307243751, 0.12644181307243751) P1 Winnings: -17.0
Choosing model 1
[0.23255068543103122, 0.10566815900399706, 0.13317146166092664, 0.3590180749281141, 0.169591618975931]
Games played: 46
Exploitability: P1=2.800000000 P2=0.213822584 EV: (0.16570659756437273, -0.16570659756437273) P1 Winnings: -26.0
Choosing model 0
[0.20806957184775565, 0.16284232720270814, 0.12654325594253676, 0.3842145768115263, 0.11833026819547306]
Games played: 47
Exploitability: P1=1.900000000 P2=0.213822584 EV: (-0.09185836827023057, 0.09185836827023057) P1 Winnings: -33.0
Choosing model 0
[0.20444182515885534, 0.1713116622509899, 0.12538197282484723, 0.3868005207797588, 0.11206401898554876]
Games played: 48
Exploitability: P1=1.900000000 P2=0.213822584 EV: (-0.09185836827023057, 0.09185836827023057) P1 Winnings: -34.0
Choosing model 3
[0.23407433763126098, 0.10217872284088594, 0.13558297355335577, 0.3701976343652514, 0.15796633160924586]
Games played: 49
Exploitability: P1=1.933333333 P2=0.213822584 EV: (-0.12644181307243751, 0.12644181307243751) P1 Winnings: -37.0
Choosing model 3
[0.2214508403200529, 0.13795162328138671, 0.13535409201478374, 0.38106445287062274, 0.12417899151315397]
Games played: 50
Exploitability: P1=1.933333333 P2=0.213822584 EV: (-0.12644181307243751, 0.12644181307243751) P1 Winnings: -30.0
Choosing model 0
[0.23231026407787433, 0.11363682399630888, 0.13914247213157474, 0.3748943837708373, 0.1400160560234048]
Games played: 51
Exploitability: P1=1.900000000 P2=0.213822584 EV: (-0.09185836827023057, 0.09185836827023057) P1 Winnings: -33.0
Choosing model 3
[0.24123737255882363, 0.12183396840696398, 0.15299254988878094, 0.3520059462095277, 0.13193016293590382]
Games played: 52
Exploitability: P1=1.933333333 P2=0.213822584 EV: (-0.12644181307243751, 0.12644181307243751) P1 Winnings: -32.0
Choosing model 2
[0.21669097237819512, 0.17388166510462233, 0.1448773466664846, 0.36959851552106066, 0.09495150032963727]
Games played: 53
Exploitability: P1=4.600000000 P2=0.213822584 EV: (0.21382258397696427, -0.21382258397696427) P1 Winnings: -37.0
Choosing model 0
[0.23375788251565158, 0.11254769028508543, 0.13517244744578016, 0.38913417577154297, 0.12938780398193975]
Games played: 54
Exploitability: P1=1.900000000 P2=0.213822584 EV: (-0.09185836827023057, 0.09185836827023057) P1 Winnings: -37.0
Choosing model 0
[0.23053414960877333, 0.11884038297062423, 0.13442873092747043, 0.39320625157543554, 0.12299048491769649]
Games played: 55
Exploitability: P1=1.900000000 P2=0.213822584 EV: (-0.09185836827023057, 0.09185836827023057) P1 Winnings: -38.0
Choosing model 3
[0.23053410673174057, 0.1188404666356436, 0.1344287209811243, 0.3932063058420877, 0.12299039980940382]
Games played: 56
Exploitability: P1=1.933333333 P2=0.213822584 EV: (-0.12644181307243751, 0.12644181307243751) P1 Winnings: -39.0
Choosing model 1
[0.24161230353139587, 0.09640309468958623, 0.13787470114785005, 0.38485972551423503, 0.13925017511693277]
Games played: 57
Exploitability: P1=2.800000000 P2=0.213822584 EV: (0.16570659756437273, -0.16570659756437273) P1 Winnings: -46.0
Choosing model 0
[0.25987462158555263, 0.06217020701321851, 0.14123447648307888, 0.35626950284734715, 0.18045119207080282]
Games played: 58
Exploitability: P1=1.900000000 P2=0.213822584 EV: (-0.09185836827023057, 0.09185836827023057) P1 Winnings: -51.0
Choosing model 4
[0.2708476773949525, 0.06689854483841476, 0.15586060110888605, 0.33574130003431707, 0.1706518766234296]
Games played: 59
Exploitability: P1=2.600000000 P2=0.213822584 EV: (-0.1507110840134513, 0.1507110840134513) P1 Winnings: -50.0
Choosing model 2
[0.2811446993440975, 0.0716959406763931, 0.17130715696462506, 0.31511888131229315, 0.16073332170259108]
Games played: 60
Exploitability: P1=4.600000000 P2=0.213822584 EV: (0.21382258397696427, -0.21382258397696427) P1 Winnings: -49.0
Choosing model 4
[0.28785184565945676, 0.05947482996781058, 0.17237110774146444, 0.30529976812609544, 0.17500244850517294]
Games played: 61
Exploitability: P1=2.600000000 P2=0.213822584 EV: (-0.1507110840134513, 0.1507110840134513) P1 Winnings: -50.0
Choosing model 4
[0.2878518199829453, 0.05947488187752247, 0.17237111322282736, 0.3052998477483349, 0.17500233716837]
Games played: 62
Exploitability: P1=2.600000000 P2=0.213822584 EV: (-0.1507110840134513, 0.1507110840134513) P1 Winnings: -53.0
Choosing model 2
[0.2780222985847828, 0.07748958922908263, 0.17244826321749365, 0.3263328259943533, 0.1457070229742876]
Games played: 63
Exploitability: P1=4.600000000 P2=0.213822584 EV: (0.21382258397696427, -0.21382258397696427) P1 Winnings: -46.0
Choosing model 2
[0.28598156973323, 0.09413330700223274, 0.19649404413565374, 0.30166819196307065, 0.12172288716581295]
Games played: 64
Exploitability: P1=4.600000000 P2=0.213822584 EV: (0.21382258397696427, -0.21382258397696427) P1 Winnings: -41.0
Choosing model 3
[0.27979083989002856, 0.1280531626044022, 0.2127182287281217, 0.28483854404873155, 0.09459922472871606]
Games played: 65
Exploitability: P1=1.933333333 P2=0.213822584 EV: (-0.12644181307243751, 0.12644181307243751) P1 Winnings: -36.0
Choosing model 3
[0.293221366673428, 0.10296673429111973, 0.21817269591098823, 0.27868900961117216, 0.10695019351329178]
Games played: 66
Exploitability: P1=1.933333333 P2=0.213822584 EV: (-0.12644181307243751, 0.12644181307243751) P1 Winnings: -36.0
Choosing model 0
[0.3047320026804871, 0.08282509910181439, 0.22188681386616835, 0.2704832520564426, 0.12007283229508756]
Games played: 67
Exploitability: P1=1.900000000 P2=0.213822584 EV: (-0.09185836827023057, 0.09185836827023057) P1 Winnings: -33.0
Choosing model 2
[0.31520411654512287, 0.06894169202952789, 0.22784179314557115, 0.2574968125909843, 0.13051558568879376]
Games played: 68
Exploitability: P1=4.600000000 P2=0.213822584 EV: (0.21382258397696427, -0.21382258397696427) P1 Winnings: -32.0
Choosing model 2
[0.3422500401556811, 0.05922907432243497, 0.30699677299754036, 0.17650434090651776, 0.11501977161782581]
Games played: 69
Exploitability: P1=4.600000000 P2=0.213822584 EV: (0.21382258397696427, -0.21382258397696427) P1 Winnings: -31.0
Choosing model 0
[0.34224992839284113, 0.05922925482089275, 0.3069968029139777, 0.17650450019329753, 0.11501951367899087]
Games played: 70
Exploitability: P1=1.900000000 P2=0.213822584 EV: (-0.09185836827023057, 0.09185836827023057) P1 Winnings: -40.0
Choosing model 0
[0.34486143164390864, 0.06161843183272508, 0.32754388068756474, 0.16081328286564134, 0.10516297297016033]
Games played: 71
Exploitability: P1=1.900000000 P2=0.213822584 EV: (-0.09185836827023057, 0.09185836827023057) P1 Winnings: -39.0
Choosing model 2
[0.32524620870056314, 0.09233522860741789, 0.32566499375011115, 0.17728562530375028, 0.0794679436381574]
Games played: 72
Exploitability: P1=4.600000000 P2=0.213822584 EV: (0.21382258397696427, -0.21382258397696427) P1 Winnings: -44.0
Choosing model 3
[0.3420720797551337, 0.06529725076688951, 0.3304583864733363, 0.16676004056988575, 0.0954122424347547]
Games played: 73
Exploitability: P1=1.933333333 P2=0.213822584 EV: (-0.12644181307243751, 0.12644181307243751) P1 Winnings: -49.0
Choosing model 0
[0.3495977781266438, 0.05375071417617086, 0.3317610428813759, 0.16103996515248412, 0.10385049966332531]
Games played: 74
Exploitability: P1=1.900000000 P2=0.213822584 EV: (-0.09185836827023057, 0.09185836827023057) P1 Winnings: -49.0
Choosing model 3
[0.35600139659117336, 0.0443472608297458, 0.3320154334081478, 0.15517781613096482, 0.11245809303996833]
Games played: 75
Exploitability: P1=1.933333333 P2=0.213822584 EV: (-0.12644181307243751, 0.12644181307243751) P1 Winnings: -50.0
Choosing model 3
[0.3495829677906021, 0.05335680628692563, 0.33377710920235854, 0.16329657991337707, 0.09998653680673676]
Games played: 76
Exploitability: P1=1.933333333 P2=0.213822584 EV: (-0.12644181307243751, 0.12644181307243751) P1 Winnings: -59.0
Choosing model 3
[0.3508212199122826, 0.05528388157604713, 0.3546716823578985, 0.14817589277153576, 0.09104732338223602]
Games played: 77
Exploitability: P1=1.933333333 P2=0.213822584 EV: (-0.12644181307243751, 0.12644181307243751) P1 Winnings: -58.0
Choosing model 4
[0.3562807094897363, 0.04830735689798181, 0.39009648015192705, 0.12213501708761322, 0.08318043637274164]
Games played: 78
Exploitability: P1=2.600000000 P2=0.213822584 EV: (-0.1507110840134513, 0.1507110840134513) P1 Winnings: -55.0
Choosing model 3
[0.34243059440460977, 0.06717458967830721, 0.39014470114453964, 0.1322373360695643, 0.0680127787029789]
Games played: 79
Exploitability: P1=1.933333333 P2=0.213822584 EV: (-0.12644181307243751, 0.12644181307243751) P1 Winnings: -56.0
Choosing model 3
[0.34988041080565424, 0.06690675694612126, 0.3446649705731656, 0.16281535586577778, 0.07573250580928102]
Games played: 80
Exploitability: P1=1.933333333 P2=0.213822584 EV: (-0.12644181307243751, 0.12644181307243751) P1 Winnings: -56.0
Choosing model 0
[0.32813506789790864, 0.0917512830612154, 0.41100359264800035, 0.12266801123535136, 0.046442045157524176]
Games played: 81
Exploitability: P1=1.900000000 P2=0.213822584 EV: (-0.09185836827023057, 0.09185836827023057) P1 Winnings: -51.0
Choosing model 2
[0.33763735206759327, 0.07649085388024103, 0.41561700092878673, 0.11943788207444839, 0.050816911048930505]
Games played: 82
Exploitability: P1=4.600000000 P2=0.213822584 EV: (0.21382258397696427, -0.21382258397696427) P1 Winnings: -52.0
Choosing model 1
[0.33763718874295356, 0.07649107496087029, 0.41561697610557224, 0.11943797108881112, 0.050816789101792895]
Games played: 83
Exploitability: P1=2.800000000 P2=0.213822584 EV: (0.16570659756437273, -0.16570659756437273) P1 Winnings: -61.0
Choosing model 3
[0.3149572010902269, 0.09858214321449313, 0.45300291718541696, 0.09915059957842311, 0.03430713893143998]
Games played: 84
Exploitability: P1=1.933333333 P2=0.213822584 EV: (-0.12644181307243751, 0.12644181307243751) P1 Winnings: -52.0
Choosing model 0
[0.3266410792610247, 0.07913348336965656, 0.4597575996087415, 0.09603128429079207, 0.03843655346978511]
Games played: 85
Exploitability: P1=1.900000000 P2=0.213822584 EV: (-0.09185836827023057, 0.09185836827023057) P1 Winnings: -59.0
Choosing model 0
[0.3370843679737591, 0.06320779896922532, 0.46430714986061183, 0.09255047094432495, 0.04285021225207878]
Games played: 86
Exploitability: P1=1.900000000 P2=0.213822584 EV: (-0.09185836827023057, 0.09185836827023057) P1 Winnings: -59.0
Choosing model 0
[0.3151748045686549, 0.09390154070256519, 0.4576697649452474, 0.10115223939370387, 0.03210165038982849]
Games played: 87
Exploitability: P1=1.900000000 P2=0.213822584 EV: (-0.09185836827023057, 0.09185836827023057) P1 Winnings: -64.0
Choosing model 2
[0.30016115375216457, 0.10561296939010487, 0.4828223513068485, 0.08657427000133548, 0.024829255549546497]
Games played: 88
Exploitability: P1=4.600000000 P2=0.213822584 EV: (0.21382258397696427, -0.21382258397696427) P1 Winnings: -59.0
Choosing model 0
[0.3226373643509194, 0.06802850298574624, 0.4970235890405919, 0.08116759288813388, 0.031142950734608665]
Games played: 89
Exploitability: P1=1.900000000 P2=0.213822584 EV: (-0.09185836827023057, 0.09185836827023057) P1 Winnings: -56.0
Choosing model 2
[0.3194885207925819, 0.07212568723987711, 0.49630941844058346, 0.08235221800480425, 0.029724155522153232]
Games played: 90
Exploitability: P1=4.600000000 P2=0.213822584 EV: (0.21382258397696427, -0.21382258397696427) P1 Winnings: -57.0
Choosing model 1
[0.29207833312351167, 0.09110039744997038, 0.5301552340136065, 0.06699942014473788, 0.019666615268173607]
Games played: 91
Exploitability: P1=2.800000000 P2=0.213822584 EV: (0.16570659756437273, -0.16570659756437273) P1 Winnings: -48.0
Choosing model 2
[0.33283608843469625, 0.054759750486724296, 0.5097906048950248, 0.07229783264491117, 0.030315723538643372]
Games played: 92
Exploitability: P1=4.600000000 P2=0.213822584 EV: (0.21382258397696427, -0.21382258397696427) P1 Winnings: -53.0
Choosing model 2
[0.3052331285549345, 0.06938234015489499, 0.5462601753323979, 0.05900355751205102, 0.020120798445721552]
Games played: 93
Exploitability: P1=4.600000000 P2=0.213822584 EV: (0.21382258397696427, -0.21382258397696427) P1 Winnings: -44.0
Choosing model 2
[0.29066005302958187, 0.09131821122607932, 0.5389958964294211, 0.06246701326568558, 0.016558826049232114]
Games played: 94
Exploitability: P1=4.600000000 P2=0.213822584 EV: (0.21382258397696427, -0.21382258397696427) P1 Winnings: -53.0
Choosing model 2
[0.30556460724457707, 0.08506013175986511, 0.5212994006939321, 0.06912466153712732, 0.01895119876449845]
Games played: 95
Exploitability: P1=4.600000000 P2=0.213822584 EV: (0.21382258397696427, -0.21382258397696427) P1 Winnings: -62.0
Choosing model 1
[0.30556443714590104, 0.08506037140369432, 0.5212993315340283, 0.06912470801207682, 0.01895115190429954]
Games played: 96
Exploitability: P1=2.800000000 P2=0.213822584 EV: (0.16570659756437273, -0.16570659756437273) P1 Winnings: -71.0
Choosing model 2
[0.27592386674812236, 0.10612066404228992, 0.5500220258851594, 0.0555483841335293, 0.012385059190899127]
Games played: 97
Exploitability: P1=4.600000000 P2=0.213822584 EV: (0.21382258397696427, -0.21382258397696427) P1 Winnings: -62.0
Choosing model 1
[0.29108355362643, 0.09919260909160565, 0.53381718137634, 0.06168284635102869, 0.014223809554595495]
Games played: 98
Exploitability: P1=2.800000000 P2=0.213822584 EV: (0.16570659756437273, -0.16570659756437273) P1 Winnings: -71.0
Choosing model 2
[0.3132691671029521, 0.06400675525624352, 0.5471467807838181, 0.05713414703188689, 0.01844314982509951]
Games played: 99
Exploitability: P1=4.600000000 P2=0.213822584 EV: (0.21382258397696427, -0.21382258397696427) P1 Winnings: -76.0
Choosing model 2
[0.3528661742758478, 0.03803017371061401, 0.5200605739168375, 0.06094124055075388, 0.028101837545946886]
Games played: 100
Exploitability: P1=4.600000000 P2=0.213822584 EV: (0.21382258397696427, -0.21382258397696427) P1 Winnings: -81.0
Choosing model 2
[0.3592147341643473, 0.031366921055868115, 0.5202929850737285, 0.05870405594529864, 0.030421303760757464]
Games played: 101
Exploitability: P1=4.600000000 P2=0.213822584 EV: (0.21382258397696427, -0.21382258397696427) P1 Winnings: -80.0
Choosing model 0
[0.358844905333799, 0.035861972681121845, 0.5127484273041336, 0.0639297581169224, 0.028614936564023096]
Games played: 102
Exploitability: P1=1.900000000 P2=0.213822584 EV: (-0.09185836827023057, 0.09185836827023057) P1 Winnings: -80.0
Choosing model 3
[0.3640768359224264, 0.029279698326189256, 0.5164385836834622, 0.05969624140840549, 0.030508640659516677]
Games played: 103
Exploitability: P1=1.933333333 P2=0.213822584 EV: (-0.12644181307243751, 0.12644181307243751) P1 Winnings: -79.0
Choosing model 2
[0.37078038508751376, 0.023414856845076135, 0.515394338714188, 0.05701513032670193, 0.03339528902652012]
Games played: 104
Exploitability: P1=4.600000000 P2=0.213822584 EV: (0.21382258397696427, -0.21382258397696427) P1 Winnings: -82.0
Choosing model 0
[0.36018012413192857, 0.03143758926953597, 0.5187700405998168, 0.06157606527785557, 0.02803618072086301]
Games played: 105
Exploitability: P1=1.900000000 P2=0.213822584 EV: (-0.09185836827023057, 0.09185836827023057) P1 Winnings: -77.0
Choosing model 2
[0.35764691673636356, 0.03342276612444774, 0.5194509423685291, 0.06264677357717335, 0.02683260119348633]
Games played: 106
Exploitability: P1=4.600000000 P2=0.213822584 EV: (0.21382258397696427, -0.21382258397696427) P1 Winnings: -72.0
Choosing model 2
[0.3404152560254315, 0.03756976350070468, 0.5476854690873905, 0.0535875104467849, 0.020742000939688626]
Games played: 107
Exploitability: P1=4.600000000 P2=0.213822584 EV: (0.21382258397696427, -0.21382258397696427) P1 Winnings: -67.0
Choosing model 4
[0.34810270804081783, 0.029735799247536134, 0.5480728183141139, 0.05117526504385434, 0.02291340935367758]
Games played: 108
Exploitability: P1=2.600000000 P2=0.213822584 EV: (-0.1507110840134513, 0.1507110840134513) P1 Winnings: -70.0
Choosing model 2
[0.3540503976931317, 0.02435990597655945, 0.5475874956345417, 0.049182253662723975, 0.024819947033043188]
Games played: 109
Exploitability: P1=4.600000000 P2=0.213822584 EV: (0.21382258397696427, -0.21382258397696427) P1 Winnings: -70.0
Choosing model 2
[0.3510441557802809, 0.025768753505145417, 0.5503701302376837, 0.04924368314651447, 0.02357327733037554]
Games played: 110
Exploitability: P1=4.600000000 P2=0.213822584 EV: (0.21382258397696427, -0.21382258397696427) P1 Winnings: -65.0
Choosing model 0
[0.3665455603580064, 0.023840237729619865, 0.5286949205141858, 0.05412293252082523, 0.02679634887736271]
Games played: 111
Exploitability: P1=1.900000000 P2=0.213822584 EV: (-0.09185836827023057, 0.09185836827023057) P1 Winnings: -56.0
Choosing model 0
[0.3641816723262436, 0.02536057618826089, 0.5297002396105253, 0.05509643197785185, 0.02566107989711859]
Games played: 112
Exploitability: P1=1.900000000 P2=0.213822584 EV: (-0.09185836827023057, 0.09185836827023057) P1 Winnings: -51.0
Choosing model 0
[0.35552773807072774, 0.025561576326083184, 0.5475451669798778, 0.04863442136686378, 0.022731097256447706]
Games played: 113
Exploitability: P1=1.900000000 P2=0.213822584 EV: (-0.09185836827023057, 0.09185836827023057) P1 Winnings: -50.0
Choosing model 2
[0.3624396120047996, 0.019993752305618753, 0.546280483854006, 0.04628762347199787, 0.0249985283635777]
Games played: 114
Exploitability: P1=4.600000000 P2=0.213822584 EV: (0.21382258397696427, -0.21382258397696427) P1 Winnings: -49.0
Choosing model 2
[0.3532384996958685, 0.02011869441596267, 0.563744654301541, 0.040790791505744654, 0.02210736008088323]
Games played: 115
Exploitability: P1=4.600000000 P2=0.213822584 EV: (0.21382258397696427, -0.21382258397696427) P1 Winnings: -48.0
Choosing model 0
[0.3568625684272441, 0.01635606841569621, 0.5653839596338736, 0.03792737285175025, 0.023470030671435896]
Games played: 116
Exploitability: P1=1.900000000 P2=0.213822584 EV: (-0.09185836827023057, 0.09185836827023057) P1 Winnings: -47.0
Choosing model 2
[0.36205782549037724, 0.013251517332821237, 0.5629830645463322, 0.03626206739599623, 0.025445525234473153]
Games played: 117
Exploitability: P1=4.600000000 P2=0.213822584 EV: (0.21382258397696427, -0.21382258397696427) P1 Winnings: -47.0
Choosing model 0
[0.3528734106961033, 0.017850950340271725, 0.5685498881210617, 0.03929274569635879, 0.021433005146204623]
Games played: 118
Exploitability: P1=1.900000000 P2=0.213822584 EV: (-0.09185836827023057, 0.09185836827023057) P1 Winnings: -42.0
Choosing model 0
[0.41020705651582334, 0.014283261594342064, 0.4758784750774094, 0.061951625047033096, 0.037679581765392066]
Games played: 119
Exploitability: P1=1.900000000 P2=0.213822584 EV: (-0.09185836827023057, 0.09185836827023057) P1 Winnings: -45.0
Choosing model 0
[0.399492259239028, 0.019836011624631715, 0.48161476430141537, 0.06768641548378272, 0.0313705493511422]
Games played: 120
Exploitability: P1=1.900000000 P2=0.213822584 EV: (-0.09185836827023057, 0.09185836827023057) P1 Winnings: -45.0
Choosing model 0
[0.3925075298302337, 0.023879126779430618, 0.4844390344855944, 0.07126725469542404, 0.027907054209317238]
Games played: 121
Exploitability: P1=1.900000000 P2=0.213822584 EV: (-0.09185836827023057, 0.09185836827023057) P1 Winnings: -50.0
Choosing model 0
[0.38485951615043196, 0.024173848173383656, 0.5029533942421708, 0.06318429450389448, 0.024828946930119108]
Games played: 122
Exploitability: P1=1.900000000 P2=0.213822584 EV: (-0.09185836827023057, 0.09185836827023057) P1 Winnings: -49.0
Choosing model 0
[0.3823390732049877, 0.02571287604073909, 0.5038590995712268, 0.06431431186990925, 0.02377463931313716]
Games played: 123
Exploitability: P1=1.900000000 P2=0.213822584 EV: (-0.09185836827023057, 0.09185836827023057) P1 Winnings: -44.0
Choosing model 2
[0.3740635032578106, 0.025972898712066435, 0.5219635024312815, 0.05689435198890252, 0.02110574360993901]
Games played: 124
Exploitability: P1=4.600000000 P2=0.213822584 EV: (0.21382258397696427, -0.21382258397696427) P1 Winnings: -43.0
Choosing model 2
[0.37151528074157686, 0.027619143892018926, 0.5227648668960259, 0.05789653088814222, 0.02020417758223616]
Games played: 125
Exploitability: P1=4.600000000 P2=0.213822584 EV: (0.21382258397696427, -0.21382258397696427) P1 Winnings: -56.0
Choosing model 2
[0.38705002902579877, 0.025494798851196366, 0.5010497863386711, 0.06349032352264887, 0.022915062261684903]
Games played: 126
Exploitability: P1=4.600000000 P2=0.213822584 EV: (0.21382258397696427, -0.21382258397696427) P1 Winnings: -47.0
Choosing model 0
[0.3743696625688729, 0.03469651989672267, 0.5032333116725778, 0.06870805222615524, 0.018992453635671376]
Games played: 127
Exploitability: P1=1.900000000 P2=0.213822584 EV: (-0.09185836827023057, 0.09185836827023057) P1 Winnings: -42.0
Choosing model 2
[0.3661674332187022, 0.03503790222473923, 0.5211741010291676, 0.060764730911674135, 0.016855832615716885]
Games played: 128
Exploitability: P1=4.600000000 P2=0.213822584 EV: (0.21382258397696427, -0.21382258397696427) P1 Winnings: -41.0
Choosing model 0
[0.3728140797045461, 0.02890348129765114, 0.5214892282679641, 0.058543256048541555, 0.018249954681297073]
Games played: 129
Exploitability: P1=1.900000000 P2=0.213822584 EV: (-0.09185836827023057, 0.09185836827023057) P1 Winnings: -40.0
Choosing model 3
[0.38868215159278524, 0.0180675373488766, 0.5177963099545362, 0.05253037774436368, 0.022923623359438212]
Games played: 130
Exploitability: P1=1.933333333 P2=0.213822584 EV: (-0.12644181307243751, 0.12644181307243751) P1 Winnings: -45.0
Choosing model 2
[0.39125781859239117, 0.01642039044815964, 0.5170622437970981, 0.05153419153830801, 0.023725355624043168]
Games played: 131
Exploitability: P1=4.600000000 P2=0.213822584 EV: (0.21382258397696427, -0.21382258397696427) P1 Winnings: -42.0
Choosing model 2
[0.4009995666308925, 0.011546940384530281, 0.5123881615443059, 0.047544699898717124, 0.02752063154155422]
Games played: 132
Exploitability: P1=4.600000000 P2=0.213822584 EV: (0.21382258397696427, -0.21382258397696427) P1 Winnings: -42.0
Choosing model 0
[0.3828887782074843, 0.01302078596040836, 0.541950937908139, 0.04079821739432615, 0.0213412805296421]
Games played: 133
Exploitability: P1=1.900000000 P2=0.213822584 EV: (-0.09185836827023057, 0.09185836827023057) P1 Winnings: -37.0
Choosing model 0
[0.3877946144607523, 0.010684786742505925, 0.5394347923212617, 0.03910058480314276, 0.02298522167233737]
Games played: 134
Exploitability: P1=1.900000000 P2=0.213822584 EV: (-0.09185836827023057, 0.09185836827023057) P1 Winnings: -38.0
Choosing model 0
[0.39261201058678846, 0.008712965073369992, 0.5364859288139037, 0.037405520359227964, 0.024783575166709735]
Games played: 135
Exploitability: P1=1.900000000 P2=0.213822584 EV: (-0.09185836827023057, 0.09185836827023057) P1 Winnings: -38.0
Choosing model 2
[0.3903422103641923, 0.008970233810835844, 0.5391662428165502, 0.03824284850394368, 0.0232784645044778]
Games played: 136
Exploitability: P1=4.600000000 P2=0.213822584 EV: (0.21382258397696427, -0.21382258397696427) P1 Winnings: -38.0
Choosing model 2
[0.393306555591208, 0.007273368483063489, 0.5393074782261644, 0.03546447740135395, 0.024648120298210018]
Games played: 137
Exploitability: P1=4.600000000 P2=0.213822584 EV: (0.21382258397696427, -0.21382258397696427) P1 Winnings: -37.0
Choosing model 2
[0.3832299389898962, 0.007317065573213047, 0.556415300413319, 0.031245442786659503, 0.021792252236912116]
Games played: 138
Exploitability: P1=4.600000000 P2=0.213822584 EV: (0.21382258397696427, -0.21382258397696427) P1 Winnings: -36.0
Choosing model 0
[0.43562227233691947, 0.0065484403357223015, 0.476420863706321, 0.047878323014599614, 0.033530100606437685]
Games played: 139
Exploitability: P1=1.900000000 P2=0.213822584 EV: (-0.09185836827023057, 0.09185836827023057) P1 Winnings: -45.0
Choosing model 2
[0.4436940471286368, 0.004576294560328377, 0.4691802091754955, 0.04389734211446592, 0.038652107021073315]
Games played: 140
Exploitability: P1=4.600000000 P2=0.213822584 EV: (0.21382258397696427, -0.21382258397696427) P1 Winnings: -42.0
Choosing model 2
[0.4585150609467281, 0.004190201697927585, 0.44606048667064785, 0.04774993714458705, 0.04348431354010924]
Games played: 141
Exploitability: P1=4.600000000 P2=0.213822584 EV: (0.21382258397696427, -0.21382258397696427) P1 Winnings: -33.0
Choosing model 4
[0.45028592189734007, 0.005789892164906734, 0.45486599826321283, 0.052465536843669947, 0.03659265083087052]
Games played: 142
Exploitability: P1=2.600000000 P2=0.213822584 EV: (-0.1507110840134513, 0.1507110840134513) P1 Winnings: -28.0
Choosing model 0
[0.44840271883246413, 0.006173177949007722, 0.45677072390944035, 0.053531082504000675, 0.03512229680508711]
Games played: 143
Exploitability: P1=1.900000000 P2=0.213822584 EV: (-0.09185836827023057, 0.09185836827023057) P1 Winnings: -29.0
Choosing model 0
[0.44017148346991525, 0.00625655943057725, 0.4747733174439574, 0.04751432523485114, 0.031284314420698976]
Games played: 144
Exploitability: P1=1.900000000 P2=0.213822584 EV: (-0.09185836827023057, 0.09185836827023057) P1 Winnings: -28.0
Choosing model 0
[0.44017145780446587, 0.006256564634119603, 0.47477334293566575, 0.04751433785906498, 0.03128429676668391]
Games played: 145
Exploitability: P1=1.900000000 P2=0.213822584 EV: (-0.09185836827023057, 0.09185836827023057) P1 Winnings: -29.0
Choosing model 2
[0.4406096725172033, 0.005979866394786366, 0.47492621415317304, 0.04733895346186424, 0.031145293472973252]
Games played: 146
Exploitability: P1=4.600000000 P2=0.213822584 EV: (0.21382258397696427, -0.21382258397696427) P1 Winnings: -30.0
Choosing model 0
[0.43166396266819046, 0.0060486208091516044, 0.49266565179346616, 0.041934869249315505, 0.027686895479876395]
Games played: 147
Exploitability: P1=1.900000000 P2=0.213822584 EV: (-0.09185836827023057, 0.09185836827023057) P1 Winnings: -29.0
Choosing model 0
[0.4216025848017264, 0.008547228725249174, 0.5007064503247001, 0.04613881199317719, 0.02300492415514736]
Games played: 148
Exploitability: P1=1.900000000 P2=0.213822584 EV: (-0.09185836827023057, 0.09185836827023057) P1 Winnings: -30.0
Choosing model 0
[0.41945682555704217, 0.0091047448498257, 0.502345025012431, 0.04703297447098246, 0.02206043010971878]
Games played: 149
Exploitability: P1=1.900000000 P2=0.213822584 EV: (-0.09185836827023057, 0.09185836827023057) P1 Winnings: -31.0
Choosing model 2
[0.40990219256306104, 0.009186157075228872, 0.5197918404027914, 0.04155854127046265, 0.019561268688456052]
Games played: 150
Exploitability: P1=4.600000000 P2=0.213822584 EV: (0.21382258397696427, -0.21382258397696427) P1 Winnings: -30.0
Choosing model 2
[0.42641029331158087, 0.008467052639459256, 0.4974632030788122, 0.045506382059236176, 0.02215306891091134]
Games played: 151
Exploitability: P1=4.600000000 P2=0.213822584 EV: (0.21382258397696427, -0.21382258397696427) P1 Winnings: -39.0
Choosing model 2
[0.4264101854402299, 0.008467079065483702, 0.4974632881581686, 0.04550642647484234, 0.022153020861275328]
Games played: 152
Exploitability: P1=4.600000000 P2=0.213822584 EV: (0.21382258397696427, -0.21382258397696427) P1 Winnings: -48.0
Choosing model 2
[0.4166972088225721, 0.011436191218690297, 0.5037166382977974, 0.04944070077773567, 0.018709260883204664]
Games played: 153
Exploitability: P1=4.600000000 P2=0.213822584 EV: (0.21382258397696427, -0.21382258397696427) P1 Winnings: -57.0
Choosing model 0
[0.44752903535188426, 0.00736952309985868, 0.4678958246465292, 0.05182376410440017, 0.02538185279732776]
Games played: 154
Exploitability: P1=1.900000000 P2=0.213822584 EV: (-0.09185836827023057, 0.09185836827023057) P1 Winnings: -57.0
Choosing model 2
[0.47173147740490434, 0.012858351214103713, 0.3929299895625657, 0.09414307002289218, 0.028337111795534047]
Games played: 155
Exploitability: P1=4.600000000 P2=0.213822584 EV: (0.21382258397696427, -0.21382258397696427) P1 Winnings: -44.0
Choosing model 3
[0.46618486527185754, 0.013119633689026855, 0.4111619023459265, 0.08412334714572087, 0.025410251547468315]
Games played: 156
Exploitability: P1=1.933333333 P2=0.213822584 EV: (-0.12644181307243751, 0.12644181307243751) P1 Winnings: -43.0
Choosing model 0
[0.4824579457325435, 0.015089730597540959, 0.358660975802644, 0.11556208733475638, 0.028229260532515187]
Games played: 157
Exploitability: P1=1.900000000 P2=0.213822584 EV: (-0.09185836827023057, 0.09185836827023057) P1 Winnings: -34.0
Choosing model 0
[0.48245790869996447, 0.015089742869167531, 0.35866098844259875, 0.1155621159066136, 0.028229244081655763]
Games played: 158
Exploitability: P1=1.900000000 P2=0.213822584 EV: (-0.09185836827023057, 0.09185836827023057) P1 Winnings: -35.0
Choosing model 3
[0.4824578716673738, 0.015089755140803632, 0.3586610010825431, 0.1155621444784744, 0.028229227630805077]
Games played: 159
Exploitability: P1=1.933333333 P2=0.213822584 EV: (-0.12644181307243751, 0.12644181307243751) P1 Winnings: -36.0
Choosing model 0
[0.4786707965444747, 0.01545727167556336, 0.3767871373122477, 0.10367117055627412, 0.02541362391144008]
Games played: 160
Exploitability: P1=1.900000000 P2=0.213822584 EV: (-0.09185836827023057, 0.09185836827023057) P1 Winnings: -35.0
Choosing model 0
[0.4758677774241554, 0.016452831843170944, 0.3777290209421668, 0.10559890256044337, 0.02435146723006333]
Games played: 161
Exploitability: P1=1.900000000 P2=0.213822584 EV: (-0.09185836827023057, 0.09185836827023057) P1 Winnings: -36.0
Choosing model 2
[0.43663651935274556, 0.0379303783951197, 0.3810593803129496, 0.1290566632883512, 0.015317058650833866]
Games played: 162
Exploitability: P1=4.600000000 P2=0.213822584 EV: (0.21382258397696427, -0.21382258397696427) P1 Winnings: -27.0
Choosing model 2
[0.4535549379301123, 0.026492265621364718, 0.38189398200933905, 0.1198956313337438, 0.018163183105440142]
Games played: 163
Exploitability: P1=4.600000000 P2=0.213822584 EV: (0.21382258397696427, -0.21382258397696427) P1 Winnings: -32.0
Choosing model 3
[0.47081437764737616, 0.025329923870341525, 0.31497638825085467, 0.16613689718502614, 0.022742413046401476]
Games played: 164
Exploitability: P1=1.933333333 P2=0.213822584 EV: (-0.12644181307243751, 0.12644181307243751) P1 Winnings: -45.0
Choosing model 2
[0.47018603724779834, 0.026117223630132202, 0.333067599235485, 0.15002062854873627, 0.020608511337848197]
Games played: 165
Exploitability: P1=4.600000000 P2=0.213822584 EV: (0.21382258397696427, -0.21382258397696427) P1 Winnings: -44.0
Choosing model 0
[0.47973564432348803, 0.023610773855599957, 0.31264300189509114, 0.16111939242280143, 0.02289118750301947]
Games played: 166
Exploitability: P1=1.900000000 P2=0.213822584 EV: (-0.09185836827023057, 0.09185836827023057) P1 Winnings: -53.0
Choosing model 0
[0.4553630839895122, 0.03560862670116325, 0.31285169758090037, 0.17876711737519757, 0.01740947435322663]
Games played: 167
Exploitability: P1=1.900000000 P2=0.213822584 EV: (-0.09185836827023057, 0.09185836827023057) P1 Winnings: -58.0
Choosing model 0
[0.4295002926870902, 0.049110009429428295, 0.375197221207503, 0.13545536934884814, 0.010737107327130338]
Games played: 168
Exploitability: P1=1.900000000 P2=0.213822584 EV: (-0.09185836827023057, 0.09185836827023057) P1 Winnings: -53.0
Choosing model 0
[0.4586364529062714, 0.028040551230004238, 0.3781366756369378, 0.12093233535167595, 0.014253984875110527]
Games played: 169
Exploitability: P1=1.900000000 P2=0.213822584 EV: (-0.09185836827023057, 0.09185836827023057) P1 Winnings: -54.0
Choosing model 0
[0.44489781823590574, 0.0321232734261702, 0.4063241711877176, 0.1054252132556343, 0.011229523894572295]
Games played: 170
Exploitability: P1=1.900000000 P2=0.213822584 EV: (-0.09185836827023057, 0.09185836827023057) P1 Winnings: -49.0
Choosing model 2
[0.4448977726010248, 0.032123298720930706, 0.4063241750178786, 0.10542523659959924, 0.011229517060566822]
Games played: 171
Exploitability: P1=4.600000000 P2=0.213822584 EV: (0.21382258397696427, -0.21382258397696427) P1 Winnings: -50.0
Choosing model 0
[0.43883521446775103, 0.03271406311420139, 0.42437352077332785, 0.09402659246741964, 0.010050609177300116]
Games played: 172
Exploitability: P1=1.900000000 P2=0.213822584 EV: (-0.09185836827023057, 0.09185836827023057) P1 Winnings: -49.0
Choosing model 2
[0.43542664337071874, 0.03475413338631858, 0.42461635596856423, 0.09559083791123339, 0.009612029363165006]
Games played: 173
Exploitability: P1=4.600000000 P2=0.213822584 EV: (0.21382258397696427, -0.21382258397696427) P1 Winnings: -58.0
Choosing model 2
[0.4063305319515838, 0.04480816359469516, 0.46298575576118645, 0.07938389176536154, 0.006491656927172982]
Games played: 174
Exploitability: P1=4.600000000 P2=0.213822584 EV: (0.21382258397696427, -0.21382258397696427) P1 Winnings: -49.0
Choosing model 0
[0.40279561861111873, 0.04755770325924683, 0.46281542217317173, 0.08062870964414992, 0.006202546312312803]
Games played: 175
Exploitability: P1=1.900000000 P2=0.213822584 EV: (-0.09185836827023057, 0.09185836827023057) P1 Winnings: -62.0
Choosing model 0
[0.4134665890693394, 0.03745597136847357, 0.46494017442869795, 0.07726883357584362, 0.006868431557645337]
Games played: 176
Exploitability: P1=1.900000000 P2=0.213822584 EV: (-0.09185836827023057, 0.09185836827023057) P1 Winnings: -61.0
Choosing model 2
[0.410100851425712, 0.0397767894426406, 0.4650313514242454, 0.07852476384709284, 0.006566243860309202]
Games played: 177
Exploitability: P1=4.600000000 P2=0.213822584 EV: (0.21382258397696427, -0.21382258397696427) P1 Winnings: -56.0
Choosing model 0
[0.4257527092867198, 0.02776633493582631, 0.4657890739923288, 0.07290989480769229, 0.007781986977432776]
Games played: 178
Exploitability: P1=1.900000000 P2=0.213822584 EV: (-0.09185836827023057, 0.09185836827023057) P1 Winnings: -51.0
Choosing model 3
[0.41153296078208396, 0.03709542780179566, 0.4665183534145166, 0.0783524341254141, 0.006500823876189514]
Games played: 179
Exploitability: P1=1.933333333 P2=0.213822584 EV: (-0.12644181307243751, 0.12644181307243751) P1 Winnings: -51.0
Choosing model 2
[0.4032460758913169, 0.037528311169775695, 0.48402593859081333, 0.0694197255334725, 0.00577994881462162]
Games played: 180
Exploitability: P1=4.600000000 P2=0.213822584 EV: (0.21382258397696427, -0.21382258397696427) P1 Winnings: -50.0
Choosing model 2
[0.4121218913727826, 0.02958021612823175, 0.48666519640595646, 0.06529106630527379, 0.006341629787755375]
Games played: 181
Exploitability: P1=4.600000000 P2=0.213822584 EV: (0.21382258397696427, -0.21382258397696427) P1 Winnings: -47.0
Choosing model 0
[0.41212173713881367, 0.02958030486217175, 0.48666522062158596, 0.06529112211359812, 0.006341615263830575]
Games played: 182
Exploitability: P1=1.900000000 P2=0.213822584 EV: (-0.09185836827023057, 0.09185836827023057) P1 Winnings: -56.0
Choosing model 0
[0.4257240974790272, 0.05057985937007978, 0.4005210906021831, 0.11623652232108345, 0.006938430227626385]
Games played: 183
Exploitability: P1=1.900000000 P2=0.213822584 EV: (-0.09185836827023057, 0.09185836827023057) P1 Winnings: -43.0
Choosing model 2
[0.4361187541900503, 0.041377466476207006, 0.4026955451858913, 0.1122126955401565, 0.007595538607695003]
Games played: 184
Exploitability: P1=4.600000000 P2=0.213822584 EV: (0.21382258397696427, -0.21382258397696427) P1 Winnings: -43.0
Choosing model 0
[0.4497731220752342, 0.03780973084437339, 0.3820758844388232, 0.12181346761282955, 0.00852779502873968]
Games played: 185
Exploitability: P1=1.900000000 P2=0.213822584 EV: (-0.09185836827023057, 0.09185836827023057) P1 Winnings: -52.0
Choosing model 2
[0.4447681752804964, 0.038602630797624285, 0.4000591511865146, 0.10891818254947862, 0.007651860185886173]
Games played: 186
Exploitability: P1=4.600000000 P2=0.213822584 EV: (0.21382258397696427, -0.21382258397696427) P1 Winnings: -51.0
Choosing model 3
[0.438777342316925, 0.039318822560982424, 0.41789682796880795, 0.09715736974620605, 0.00684963740707852]
Games played: 187
Exploitability: P1=1.933333333 P2=0.213822584 EV: (-0.12644181307243751, 0.12644181307243751) P1 Winnings: -50.0
Choosing model 0
[0.4387772902565354, 0.03931885572062929, 0.41789682895147146, 0.09715739222374445, 0.006849632847619371]
Games played: 188
Exploitability: P1=1.900000000 P2=0.213822584 EV: (-0.09185836827023057, 0.09185836827023057) P1 Winnings: -53.0
Choosing model 2
[0.42149421825273137, 0.044605651976835796, 0.44468113543589444, 0.08387521991113797, 0.005343774423400416]
Games played: 189
Exploitability: P1=4.600000000 P2=0.213822584 EV: (0.21382258397696427, -0.21382258397696427) P1 Winnings: -48.0
Choosing model 2
[0.404589859070158, 0.05917905140682521, 0.4422871569289, 0.08951088758815377, 0.004433045005963108]
Games played: 190
Exploitability: P1=4.600000000 P2=0.213822584 EV: (0.21382258397696427, -0.21382258397696427) P1 Winnings: -43.0
Choosing model 0
[0.4142767942719073, 0.049095657649130035, 0.4450715856031354, 0.08672896863280599, 0.004826993843021188]
Games played: 191
Exploitability: P1=1.900000000 P2=0.213822584 EV: (-0.09185836827023057, 0.09185836827023057) P1 Winnings: -42.0
Choosing model 2
[0.43071630136350686, 0.03502323552580567, 0.4474110406557535, 0.081169535186663, 0.005679887268270884]
Games played: 192
Exploitability: P1=4.600000000 P2=0.213822584 EV: (0.21382258397696427, -0.21382258397696427) P1 Winnings: -49.0
Choosing model 2
[0.4307161304780212, 0.03502333979941702, 0.44741105284978844, 0.08116960274068856, 0.005679874132084826]
Games played: 193
Exploitability: P1=4.600000000 P2=0.213822584 EV: (0.21382258397696427, -0.21382258397696427) P1 Winnings: -58.0
Choosing model 0
[0.44069332244854065, 0.027494599588994122, 0.44800783638055786, 0.07753498678472534, 0.0062692547971821815]
Games played: 194
Exploitability: P1=1.900000000 P2=0.213822584 EV: (-0.09185836827023057, 0.09185836827023057) P1 Winnings: -57.0
Choosing model 0
[0.4435186186506853, 0.02462067659783759, 0.4489225119013746, 0.07661898232043177, 0.006319210529670642]
Games played: 195
Exploitability: P1=1.900000000 P2=0.213822584 EV: (-0.09185836827023057, 0.09185836827023057) P1 Winnings: -62.0
Choosing model 2
[0.49435112939662035, 0.01888903024599388, 0.3602789379124513, 0.11582910359426916, 0.010651798850665382]
Games played: 196
Exploitability: P1=4.600000000 P2=0.213822584 EV: (0.21382258397696427, -0.21382258397696427) P1 Winnings: -55.0
Choosing model 3
[0.4698259232728233, 0.0248026069930277, 0.40007993653916685, 0.09796496804412946, 0.0073265651508527315]
Games played: 197
Exploitability: P1=1.933333333 P2=0.213822584 EV: (-0.12644181307243751, 0.12644181307243751) P1 Winnings: -46.0
Choosing model 0
[0.46320844156309443, 0.025247008906032726, 0.4176578406618376, 0.08733235367860467, 0.006554355190430535]
Games played: 198
Exploitability: P1=1.900000000 P2=0.213822584 EV: (-0.09185836827023057, 0.09185836827023057) P1 Winnings: -45.0
Choosing model 2
[0.4535707182529633, 0.03029025576733427, 0.41868644097092367, 0.09164158648889141, 0.0058109985198873705]
Games played: 199
Exploitability: P1=4.600000000 P2=0.213822584 EV: (0.21382258397696427, -0.21382258397696427) P1 Winnings: -50.0
Choosing model 3
[0.47155367262775416, 0.030697778764207685, 0.37635646856708643, 0.11480820427813326, 0.006583875762818488]
Games played: 200
Exploitability: P1=1.933333333 P2=0.213822584 EV: (-0.12644181307243751, 0.12644181307243751) P1 Winnings: -50.0
