Player 1 exploitability: 0.333289992501
Choosing model 2
[0.1973349639706216, 0.21128199721835308, 0.19899353135783318, 0.2021883263136098, 0.19020118113958234]
Games played: 1
Exploitability: P1=4.600000000 P2=0.247637978 EV: (0.24758641668322848, -0.24758641668322848) P1 Winnings: -1
Choosing model 0
[0.18986516336843917, 0.2808600473114213, 0.22371064984027178, 0.17312069401391086, 0.13244344546595693]
Games played: 2
Exploitability: P1=1.900000000 P2=0.247637978 EV: (-0.09301026134985539, 0.09301026134985539) P1 Winnings: 8.0
Choosing model 2
[0.18592349386134158, 0.29446752234841483, 0.22090755171960125, 0.17369607534427592, 0.12500535672636645]
Games played: 3
Exploitability: P1=4.600000000 P2=0.247637978 EV: (0.24758641668322848, -0.24758641668322848) P1 Winnings: 7.0
Choosing model 1
[0.18242706341464968, 0.3082574207270567, 0.21972032384200127, 0.17210379345784618, 0.11749139855844624]
Games played: 4
Exploitability: P1=2.800000000 P2=0.247637978 EV: (0.22278673160489618, -0.22278673160489618) P1 Winnings: 12.0
Choosing model 0
[0.1754190731695005, 0.3500601112840925, 0.23403991171882832, 0.14872649060137036, 0.09175441322620848]
Games played: 5
Exploitability: P1=1.900000000 P2=0.247637978 EV: (-0.09301026134985539, 0.09301026134985539) P1 Winnings: 17.0
Choosing model 2
[0.1545190012147344, 0.3790021938434061, 0.15716719438499274, 0.2115292004327948, 0.09778241012407186]
Games played: 6
Exploitability: P1=4.600000000 P2=0.247637978 EV: (0.24758641668322848, -0.24758641668322848) P1 Winnings: 12.0
Choosing model 2
[0.13190544202162752, 0.45522209009361153, 0.1393149356363467, 0.20203085533328735, 0.07152667691512696]
Games played: 7
Exploitability: P1=4.600000000 P2=0.247637978 EV: (0.24758641668322848, -0.24758641668322848) P1 Winnings: 17.0
Choosing model 2
[0.1295916829010236, 0.4119388109336556, 0.1087495482583131, 0.2649567803185794, 0.08476317758842847]
Games played: 8
Exploitability: P1=4.600000000 P2=0.247637978 EV: (0.24758641668322848, -0.24758641668322848) P1 Winnings: 4.0
Choosing model 1
[0.16114175788483295, 0.2701928170148555, 0.11410801090671245, 0.3119817365465996, 0.14257567764699963]
Games played: 9
Exploitability: P1=2.800000000 P2=0.247637978 EV: (0.22278673160489618, -0.22278673160489618) P1 Winnings: 4.0
Choosing model 1
[0.17417029868154937, 0.22407030589143792, 0.12070234371010505, 0.3148140699696523, 0.16624298174725538]
Games played: 10
Exploitability: P1=2.800000000 P2=0.247637978 EV: (0.22278673160489618, -0.22278673160489618) P1 Winnings: 5.0
Choosing model 4
[0.18483125599390948, 0.18671827706830782, 0.1255203901557854, 0.31331045159683285, 0.18961962518516443]
Games played: 11
Exploitability: P1=2.600000000 P2=0.247637978 EV: (-0.16442960823762603, 0.16442960823762603) P1 Winnings: 8.0
Choosing model 2
[0.18208136964406668, 0.19694065634549415, 0.1246922023796745, 0.31624015627907276, 0.18004561535169197]
Games played: 12
Exploitability: P1=4.600000000 P2=0.247637978 EV: (0.24758641668322848, -0.24758641668322848) P1 Winnings: 7.0
Choosing model 3
[0.19125253529280442, 0.2749281970100631, 0.17719690711130576, 0.23309449703479715, 0.12352786355102952]
Games played: 13
Exploitability: P1=1.933333333 P2=0.247637978 EV: (-0.10236571588231658, 0.10236571588231658) P1 Winnings: 12.0
Choosing model 0
[0.20376992342920427, 0.2359339681660701, 0.1854584357200537, 0.2346689024053691, 0.1401687702793028]
Games played: 14
Exploitability: P1=1.900000000 P2=0.247637978 EV: (-0.09301026134985539, 0.09301026134985539) P1 Winnings: 12.0
Choosing model 0
[0.19203535896220095, 0.2724307052224427, 0.17893175656582327, 0.23699847496551396, 0.11960370428401901]
Games played: 15
Exploitability: P1=1.900000000 P2=0.247637978 EV: (-0.09301026134985539, 0.09301026134985539) P1 Winnings: 7.0
Choosing model 3
[0.18785307663496134, 0.28533274742276676, 0.17650599247933113, 0.2375388768497662, 0.11276930661317461]
Games played: 16
Exploitability: P1=1.933333333 P2=0.247637978 EV: (-0.10236571588231658, 0.10236571588231658) P1 Winnings: 6.0
Choosing model 2
[0.19043371293810094, 0.29864156505402745, 0.18946079437677424, 0.21773342072681715, 0.10373050690428019]
Games played: 17
Exploitability: P1=4.600000000 P2=0.247637978 EV: (0.24758641668322848, -0.24758641668322848) P1 Winnings: 7.0
Choosing model 1
[0.1922839594893128, 0.31133115745561946, 0.2025596565360676, 0.1987875546352541, 0.09503767188374604]
Games played: 18
Exploitability: P1=2.800000000 P2=0.247637978 EV: (0.22278673160489618, -0.22278673160489618) P1 Winnings: 8.0
Choosing model 4
[0.2061437029465841, 0.2704263903917859, 0.21341743444248756, 0.2016642484501756, 0.1083482237689667]
Games played: 19
Exploitability: P1=2.600000000 P2=0.247637978 EV: (-0.16442960823762603, 0.16442960823762603) P1 Winnings: 9.0
Choosing model 3
[0.1653287809021036, 0.3894611904872234, 0.18258660377561012, 0.19604840949583693, 0.066575015339226]
Games played: 20
Exploitability: P1=1.933333333 P2=0.247637978 EV: (-0.10236571588231658, 0.10236571588231658) P1 Winnings: 6.0
Choosing model 1
[0.14155017707925244, 0.48756810629619657, 0.19876793101565873, 0.134842942242096, 0.03727084336679624]
Games played: 21
Exploitability: P1=2.800000000 P2=0.247637978 EV: (0.22278673160489618, -0.22278673160489618) P1 Winnings: 11.0
Choosing model 1
[0.17172055443135792, 0.3977124957836044, 0.2326475572035491, 0.1463029787385999, 0.0516164138428887]
Games played: 22
Exploitability: P1=2.800000000 P2=0.247637978 EV: (0.22278673160489618, -0.22278673160489618) P1 Winnings: 6.0
Choosing model 0
[0.16687232313417635, 0.41233709722583145, 0.22917392330880268, 0.1435689885177643, 0.04804766781342529]
Games played: 23
Exploitability: P1=1.900000000 P2=0.247637978 EV: (-0.09301026134985539, 0.09301026134985539) P1 Winnings: 11.0
Choosing model 1
[0.18318603134377506, 0.36458496757043624, 0.2471330421993926, 0.1489221586033795, 0.056173800283016474]
Games played: 24
Exploitability: P1=2.800000000 P2=0.247637978 EV: (0.22278673160489618, -0.22278673160489618) P1 Winnings: 11.0
Choosing model 0
[0.17168898180719908, 0.40354351320023757, 0.2565742315278535, 0.1254352894165631, 0.04275798404814669]
Games played: 25
Exploitability: P1=1.900000000 P2=0.247637978 EV: (-0.09301026134985539, 0.09301026134985539) P1 Winnings: 16.0
Choosing model 1
[0.1430498991393204, 0.4864598443599112, 0.2224495838245109, 0.11773308119353625, 0.03030759148272134]
Games played: 26
Exploitability: P1=2.800000000 P2=0.247637978 EV: (0.22278673160489618, -0.22278673160489618) P1 Winnings: 15.0
Choosing model 1
[0.159733831041959, 0.43712184167418294, 0.24658634904838228, 0.12099447105047947, 0.035563507184996214]
Games played: 27
Exploitability: P1=2.800000000 P2=0.247637978 EV: (0.22278673160489618, -0.22278673160489618) P1 Winnings: 16.0
Choosing model 1
[0.17625859213070155, 0.3885028448772194, 0.2672883274070364, 0.12615647753745157, 0.04179375804759097]
Games played: 28
Exploitability: P1=2.800000000 P2=0.247637978 EV: (0.22278673160489618, -0.22278673160489618) P1 Winnings: 17.0
Choosing model 1
[0.15292473827252537, 0.45446768943252214, 0.24009442876776085, 0.12122354048764092, 0.03128960303955083]
Games played: 29
Exploitability: P1=2.800000000 P2=0.247637978 EV: (0.22278673160489618, -0.22278673160489618) P1 Winnings: 24.0
Choosing model 2
[0.13009250833066674, 0.5212654181048689, 0.21146147856353711, 0.11421192885437519, 0.02296866614655193]
Games played: 30
Exploitability: P1=4.600000000 P2=0.247637978 EV: (0.24758641668322848, -0.24758641668322848) P1 Winnings: 31.0
Choosing model 0
[0.16895243154361006, 0.40589843909961554, 0.2615500124905674, 0.12766001994678186, 0.03593909691942504]
Games played: 31
Exploitability: P1=1.900000000 P2=0.247637978 EV: (-0.09301026134985539, 0.09301026134985539) P1 Winnings: 31.0
Choosing model 1
[0.16359843300631619, 0.420814336480679, 0.255390275487745, 0.12665479536537616, 0.03354215965988358]
Games played: 32
Exploitability: P1=2.800000000 P2=0.247637978 EV: (0.22278673160489618, -0.22278673160489618) P1 Winnings: 30.0
Choosing model 1
[0.18001174145598348, 0.37294992815642153, 0.2760473766093059, 0.13168429149676733, 0.0393066622815219]
Games played: 33
Exploitability: P1=2.800000000 P2=0.247637978 EV: (0.22278673160489618, -0.22278673160489618) P1 Winnings: 31.0
Choosing model 3
[0.12790304558886353, 0.5234748453475074, 0.21123468304013965, 0.11676384097548911, 0.02062358504800018]
Games played: 34
Exploitability: P1=1.933333333 P2=0.247637978 EV: (-0.10236571588231658, 0.10236571588231658) P1 Winnings: 38.0
Choosing model 0
[0.12584832459688272, 0.5317842634257778, 0.2200726922028164, 0.10388187967730567, 0.0184128400972175]
Games played: 35
Exploitability: P1=1.900000000 P2=0.247637978 EV: (-0.09301026134985539, 0.09301026134985539) P1 Winnings: 39.0
Choosing model 1
[0.1747325952372622, 0.3846373536148786, 0.28858825178580344, 0.1205671024805304, 0.0314746968815255]
Games played: 36
Exploitability: P1=2.800000000 P2=0.247637978 EV: (0.22278673160489618, -0.22278673160489618) P1 Winnings: 36.0
Choosing model 0
[0.1904350305582728, 0.33964395844407214, 0.3091017090714615, 0.12434108888198941, 0.03647821304420402]
Games played: 37
Exploitability: P1=1.900000000 P2=0.247637978 EV: (-0.09301026134985539, 0.09301026134985539) P1 Winnings: 35.0
Choosing model 3
[0.20950540185776137, 0.28669280070578657, 0.3328000325503099, 0.12770915015731507, 0.04329261472882702]
Games played: 38
Exploitability: P1=1.933333333 P2=0.247637978 EV: (-0.10236571588231658, 0.10236571588231658) P1 Winnings: 36.0
Choosing model 2
[0.183016497307359, 0.357400056666652, 0.30677578780731934, 0.12138312055578082, 0.031424537662888816]
Games played: 39
Exploitability: P1=4.600000000 P2=0.247637978 EV: (0.24758641668322848, -0.24758641668322848) P1 Winnings: 43.0
Choosing model 1
[0.1569585156471206, 0.42348251657644903, 0.30741296335234486, 0.0926412918621328, 0.01950471256195266]
Games played: 40
Exploitability: P1=2.800000000 P2=0.247637978 EV: (0.22278673160489618, -0.22278673160489618) P1 Winnings: 52.0
Choosing model 2
[0.13465478790291113, 0.4898394540902928, 0.2730446899003607, 0.08802205029791073, 0.014439017808524626]
Games played: 41
Exploitability: P1=4.600000000 P2=0.247637978 EV: (0.24758641668322848, -0.24758641668322848) P1 Winnings: 59.0
Choosing model 1
[0.12940218862031466, 0.5037329667162689, 0.2660773324098187, 0.08783420450536368, 0.012953307748234087]
Games played: 42
Exploitability: P1=2.800000000 P2=0.247637978 EV: (0.22278673160489618, -0.22278673160489618) P1 Winnings: 66.0
Choosing model 1
[0.09022663674021615, 0.6307107695827411, 0.1979072255403864, 0.07423570552290643, 0.006919662613749793]
Games played: 43
Exploitability: P1=2.800000000 P2=0.247637978 EV: (0.22278673160489618, -0.22278673160489618) P1 Winnings: 73.0
Choosing model 1
[0.10368992571356332, 0.5838084114626777, 0.2234194707079268, 0.08061303546709112, 0.008469156648740993]
Games played: 44
Exploitability: P1=2.800000000 P2=0.247637978 EV: (0.22278673160489618, -0.22278673160489618) P1 Winnings: 74.0
Choosing model 1
[0.11320513728400558, 0.5629993163342053, 0.21694510735299463, 0.09651130204611398, 0.010339136982680559]
Games played: 45
Exploitability: P1=2.800000000 P2=0.247637978 EV: (0.22278673160489618, -0.22278673160489618) P1 Winnings: 67.0
Choosing model 1
[0.07646297159390816, 0.6828567853096339, 0.15631315247089925, 0.0790167625351237, 0.0053503280904350315]
Games played: 46
Exploitability: P1=2.800000000 P2=0.247637978 EV: (0.22278673160489618, -0.22278673160489618) P1 Winnings: 74.0
Choosing model 2
[0.09180180408871608, 0.6290340885954712, 0.18366615501899142, 0.08856828579424153, 0.006929666502579837]
Games played: 47
Exploitability: P1=4.600000000 P2=0.247637978 EV: (0.24758641668322848, -0.24758641668322848) P1 Winnings: 75.0
Choosing model 1
[0.09180159332870391, 0.6290347668167053, 0.18366581123001377, 0.08856819130850127, 0.0069296373160756194]
Games played: 48
Exploitability: P1=2.800000000 P2=0.247637978 EV: (0.22278673160489618, -0.22278673160489618) P1 Winnings: 66.0
Choosing model 1
[0.09913160877028776, 0.6029702266780185, 0.19695807817002844, 0.09332823980223799, 0.007611846579427344]
Games played: 49
Exploitability: P1=2.800000000 P2=0.247637978 EV: (0.22278673160489618, -0.22278673160489618) P1 Winnings: 69.0
Choosing model 1
[0.10571897627530336, 0.5805675399284655, 0.2083675268165267, 0.09699969799907085, 0.008346258980633433]
Games played: 50
Exploitability: P1=2.800000000 P2=0.247637978 EV: (0.22278673160489618, -0.22278673160489618) P1 Winnings: 69.0
Choosing model 1
[0.10117926796307128, 0.5949079639101302, 0.20109605404698078, 0.09511762052912011, 0.00769909355069758]
Games played: 51
Exploitability: P1=2.800000000 P2=0.247637978 EV: (0.22278673160489618, -0.22278673160489618) P1 Winnings: 72.0
Choosing model 1
[0.12822634592583407, 0.5069412116452267, 0.24588361916771498, 0.10781018569949932, 0.01113863756172517]
Games played: 52
Exploitability: P1=2.800000000 P2=0.247637978 EV: (0.22278673160489618, -0.22278673160489618) P1 Winnings: 67.0
Choosing model 2
[0.12822627552048393, 0.5069414209767082, 0.24588351391214247, 0.10781016423768418, 0.011138625352981211]
Games played: 53
Exploitability: P1=4.600000000 P2=0.247637978 EV: (0.24758641668322848, -0.24758641668322848) P1 Winnings: 60.0
Choosing model 0
[0.1257655953458207, 0.5133525373112545, 0.2553574958006352, 0.0956113400199834, 0.009913031522306243]
Games played: 54
Exploitability: P1=1.900000000 P2=0.247637978 EV: (-0.09301026134985539, 0.09301026134985539) P1 Winnings: 61.0
Choosing model 1
[0.13370957134535694, 0.4856166365597041, 0.2703084635319666, 0.09980983244821215, 0.010555496114760247]
Games played: 55
Exploitability: P1=2.800000000 P2=0.247637978 EV: (0.22278673160489618, -0.22278673160489618) P1 Winnings: 56.0
Choosing model 0
[0.1409810110064053, 0.46228283526363584, 0.2827308587893194, 0.10256234995794408, 0.011442944982695456]
Games played: 56
Exploitability: P1=1.900000000 P2=0.247637978 EV: (-0.09301026134985539, 0.09301026134985539) P1 Winnings: 56.0
Choosing model 2
[0.1276400480451043, 0.5025371382849185, 0.2614950358316191, 0.09886625855996617, 0.00946151927839184]
Games played: 57
Exploitability: P1=4.600000000 P2=0.247637978 EV: (0.24758641668322848, -0.24758641668322848) P1 Winnings: 56.0
Choosing model 1
[0.12299465665234391, 0.5166406697006257, 0.2554273554615963, 0.09620393293067077, 0.008733385254763278]
Games played: 58
Exploitability: P1=2.800000000 P2=0.247637978 EV: (0.22278673160489618, -0.22278673160489618) P1 Winnings: 61.0
Choosing model 0
[0.1181832064442264, 0.5315162825777425, 0.24749808928542363, 0.09471404612619728, 0.008088375566410002]
Games played: 59
Exploitability: P1=1.900000000 P2=0.247637978 EV: (-0.09301026134985539, 0.09301026134985539) P1 Winnings: 54.0
Choosing model 1
[0.11345408625018072, 0.5463102632304597, 0.23959134935490023, 0.09316028243941075, 0.007484018725048702]
Games played: 60
Exploitability: P1=2.800000000 P2=0.247637978 EV: (0.22278673160489618, -0.22278673160489618) P1 Winnings: 59.0
Choosing model 3
[0.11640114156120211, 0.5351799728762126, 0.24564950695246673, 0.09513267660353869, 0.007636702006579868]
Games played: 61
Exploitability: P1=1.933333333 P2=0.247637978 EV: (-0.10236571588231658, 0.10236571588231658) P1 Winnings: 59.0
Choosing model 1
[0.13464760768304254, 0.4749914185291998, 0.27809351876156235, 0.10273775737173851, 0.009529697654456914]
Games played: 62
Exploitability: P1=2.800000000 P2=0.247637978 EV: (0.22278673160489618, -0.22278673160489618) P1 Winnings: 59.0
Choosing model 1
[0.15000244161176315, 0.4262101195332516, 0.30433235574922596, 0.10814847705834708, 0.011306606047412298]
Games played: 63
Exploitability: P1=2.800000000 P2=0.247637978 EV: (0.22278673160489618, -0.22278673160489618) P1 Winnings: 60.0
Choosing model 3
[0.15829642635995572, 0.3992600185455888, 0.31893666700639245, 0.11136957293793286, 0.012137315150130275]
Games played: 64
Exploitability: P1=1.933333333 P2=0.247637978 EV: (-0.10236571588231658, 0.10236571588231658) P1 Winnings: 63.0
Choosing model 1
[0.12505641166718207, 0.4999907056325114, 0.26493932749858057, 0.10221049327050855, 0.007803061931217549]
Games played: 65
Exploitability: P1=2.800000000 P2=0.247637978 EV: (0.22278673160489618, -0.22278673160489618) P1 Winnings: 60.0
Choosing model 2
[0.14005305291099673, 0.4510107102727846, 0.29146782526456017, 0.10816150994231391, 0.009306901609344479]
Games played: 66
Exploitability: P1=4.600000000 P2=0.247637978 EV: (0.24758641668322848, -0.24758641668322848) P1 Winnings: 61.0
Choosing model 1
[0.15817426443511393, 0.394251057465305, 0.32213841863545734, 0.11408120965213789, 0.01135504981198597]
Games played: 67
Exploitability: P1=2.800000000 P2=0.247637978 EV: (0.22278673160489618, -0.22278673160489618) P1 Winnings: 58.0
Choosing model 2
[0.1752386251501781, 0.3429794398532099, 0.3497307309105124, 0.11852980275739015, 0.013521401328709604]
Games played: 68
Exploitability: P1=4.600000000 P2=0.247637978 EV: (0.24758641668322848, -0.24758641668322848) P1 Winnings: 58.0
Choosing model 2
[0.1517042279718918, 0.41038426986773235, 0.3137139865528007, 0.11408125046191282, 0.010116265145662277]
Games played: 69
Exploitability: P1=4.600000000 P2=0.247637978 EV: (0.24758641668322848, -0.24758641668322848) P1 Winnings: 49.0
Choosing model 2
[0.14693738444945958, 0.4240787087912373, 0.30801592765895836, 0.11158204980434998, 0.009385929295994747]
Games played: 70
Exploitability: P1=4.600000000 P2=0.247637978 EV: (0.24758641668322848, -0.24758641668322848) P1 Winnings: 54.0
Choosing model 2
[0.122821743320562, 0.49875837884722596, 0.2673443953318721, 0.10435273622899219, 0.006722746271347632]
Games played: 71
Exploitability: P1=4.600000000 P2=0.247637978 EV: (0.24758641668322848, -0.24758641668322848) P1 Winnings: 54.0
Choosing model 3
[0.13237174978318317, 0.47627875652165197, 0.26507892573500813, 0.1183827620742706, 0.007887805885886152]
Games played: 72
Exploitability: P1=1.933333333 P2=0.247637978 EV: (-0.10236571588231658, 0.10236571588231658) P1 Winnings: 45.0
Choosing model 1
[0.15050806724134635, 0.4191488252689201, 0.2949499416827556, 0.12570455721202461, 0.009688608594953319]
Games played: 73
Exploitability: P1=2.800000000 P2=0.247637978 EV: (0.22278673160489618, -0.22278673160489618) P1 Winnings: 48.0
Choosing model 1
[0.16553399883572, 0.373503954530962, 0.3188053411897196, 0.13082519180823338, 0.011331513635365019]
Games played: 74
Exploitability: P1=2.800000000 P2=0.247637978 EV: (0.22278673160489618, -0.22278673160489618) P1 Winnings: 47.0
Choosing model 3
[0.15234731472942742, 0.4059610274623789, 0.3250164455160094, 0.10820549592693068, 0.008469716365253822]
Games played: 75
Exploitability: P1=1.933333333 P2=0.247637978 EV: (-0.10236571588231658, 0.10236571588231658) P1 Winnings: 52.0
Choosing model 1
[0.1605200818530498, 0.368033376169692, 0.3708847426201032, 0.09253373227010404, 0.008028067087050965]
Games played: 76
Exploitability: P1=2.800000000 P2=0.247637978 EV: (0.22278673160489618, -0.22278673160489618) P1 Winnings: 55.0
Choosing model 1
[0.17671309910382424, 0.31814696363199263, 0.4001064918959293, 0.09553420210000207, 0.009499243268251868]
Games played: 77
Exploitability: P1=2.800000000 P2=0.247637978 EV: (0.22278673160489618, -0.22278673160489618) P1 Winnings: 55.0
Choosing model 2
[0.17192420194486174, 0.33140152676762286, 0.39253537367694297, 0.09523118002130039, 0.008907717589272095]
Games played: 78
Exploitability: P1=4.600000000 P2=0.247637978 EV: (0.24758641668322848, -0.24758641668322848) P1 Winnings: 58.0
Choosing model 2
[0.19788322700891253, 0.25647707625202204, 0.43590422790791117, 0.09803117679758212, 0.011704292033572176]
Games played: 79
Exploitability: P1=4.600000000 P2=0.247637978 EV: (0.24758641668322848, -0.24758641668322848) P1 Winnings: 53.0
Choosing model 1
[0.22792130545314337, 0.177026376290195, 0.4808354514336778, 0.09848584352910739, 0.015731023293876528]
Games played: 80
Exploitability: P1=2.800000000 P2=0.247637978 EV: (0.22278673160489618, -0.22278673160489618) P1 Winnings: 56.0
Choosing model 2
[0.19415190514510355, 0.19979927993849597, 0.5357270426728333, 0.061331362025970705, 0.008990410217596443]
Games played: 81
Exploitability: P1=4.600000000 P2=0.247637978 EV: (0.24758641668322848, -0.24758641668322848) P1 Winnings: 59.0
Choosing model 0
[0.21324034124783667, 0.14755152873471086, 0.5676904606042049, 0.06024533243179166, 0.011272336981455904]
Games played: 82
Exploitability: P1=1.900000000 P2=0.247637978 EV: (-0.09301026134985539, 0.09301026134985539) P1 Winnings: 64.0
Choosing model 1
[0.20675194938345845, 0.14770563687773855, 0.5828089564210961, 0.05281636685491894, 0.009917090462787933]
Games played: 83
Exploitability: P1=2.800000000 P2=0.247637978 EV: (0.22278673160489618, -0.22278673160489618) P1 Winnings: 65.0
Choosing model 0
[0.211344298732913, 0.13402853684868601, 0.5916306735317666, 0.052684493733071776, 0.010311997153562463]
Games played: 84
Exploitability: P1=1.900000000 P2=0.247637978 EV: (-0.09301026134985539, 0.09301026134985539) P1 Winnings: 65.0
Choosing model 1
[0.20814546702262027, 0.14132928113738, 0.5875732573522118, 0.05316321886245548, 0.009788775625332598]
Games played: 85
Exploitability: P1=2.800000000 P2=0.247637978 EV: (0.22278673160489618, -0.22278673160489618) P1 Winnings: 64.0
Choosing model 2
[0.22130251391654973, 0.13313814270930482, 0.5747321303727679, 0.05949702266818266, 0.011330190333194877]
Games played: 86
Exploitability: P1=4.600000000 P2=0.247637978 EV: (0.24758641668322848, -0.24758641668322848) P1 Winnings: 73.0
Choosing model 0
[0.22130234919865602, 0.13313849282328385, 0.574731946280731, 0.05949705150604177, 0.01133016019128737]
Games played: 87
Exploitability: P1=1.900000000 P2=0.247637978 EV: (-0.09301026134985539, 0.09301026134985539) P1 Winnings: 64.0
Choosing model 2
[0.20458838278676908, 0.17318064977097253, 0.5517155693849798, 0.06153992215837818, 0.008975475898900298]
Games played: 88
Exploitability: P1=4.600000000 P2=0.247637978 EV: (0.24758641668322848, -0.24758641668322848) P1 Winnings: 69.0
Choosing model 1
[0.17793929987352844, 0.20810211657898253, 0.5606768201866922, 0.04763207611059252, 0.005649687250204335]
Games played: 89
Exploitability: P1=2.800000000 P2=0.247637978 EV: (0.22278673160489618, -0.22278673160489618) P1 Winnings: 78.0
Choosing model 2
[0.17438401539814238, 0.21835831885450924, 0.5540925688616019, 0.0478284513248512, 0.005336645560895382]
Games played: 90
Exploitability: P1=4.600000000 P2=0.247637978 EV: (0.24758641668322848, -0.24758641668322848) P1 Winnings: 81.0
Choosing model 2
[0.16854886893250237, 0.21790240461711197, 0.5670689541524272, 0.041799430222238046, 0.0046803420757205345]
Games played: 91
Exploitability: P1=4.600000000 P2=0.247637978 EV: (0.24758641668322848, -0.24758641668322848) P1 Winnings: 82.0
Choosing model 1
[0.17799645716114154, 0.18644339697010803, 0.5885336692502762, 0.04177039498024685, 0.005256081638227453]
Games played: 92
Exploitability: P1=2.800000000 P2=0.247637978 EV: (0.22278673160489618, -0.22278673160489618) P1 Winnings: 83.0
Choosing model 0
[0.1746842552501157, 0.19590605438017744, 0.5824365613930567, 0.04200132862127058, 0.004971800355379656]
Games played: 93
Exploitability: P1=1.900000000 P2=0.247637978 EV: (-0.09301026134985539, 0.09301026134985539) P1 Winnings: 70.0
Choosing model 2
[0.15656408115184492, 0.25403743779562815, 0.543200836424768, 0.04240675513231114, 0.0037908894954476785]
Games played: 94
Exploitability: P1=4.600000000 P2=0.247637978 EV: (0.24758641668322848, -0.24758641668322848) P1 Winnings: 69.0
Choosing model 1
[0.1372952743374506, 0.322309188191639, 0.49567534325147866, 0.04189210147590855, 0.0028280927435232936]
Games played: 95
Exploitability: P1=2.800000000 P2=0.247637978 EV: (0.22278673160489618, -0.22278673160489618) P1 Winnings: 60.0
Choosing model 2
[0.1174467205247306, 0.39890500851532856, 0.4412208750258295, 0.040369288580651405, 0.0020581073534598057]
Games played: 96
Exploitability: P1=4.600000000 P2=0.247637978 EV: (0.24758641668322848, -0.24758641668322848) P1 Winnings: 53.0
Choosing model 2
[0.1504952614363495, 0.30669646533558687, 0.4889902845010227, 0.05048667127467791, 0.0033313174523630458]
Games played: 97
Exploitability: P1=4.600000000 P2=0.247637978 EV: (0.24758641668322848, -0.24758641668322848) P1 Winnings: 53.0
Choosing model 2
[0.14441884449982145, 0.3368367378864296, 0.46291898733230763, 0.0528153409645975, 0.0030100893168440584]
Games played: 98
Exploitability: P1=4.600000000 P2=0.247637978 EV: (0.24758641668322848, -0.24758641668322848) P1 Winnings: 53.0
Choosing model 2
[0.15605297252603673, 0.2948948279966004, 0.4915899782509986, 0.0540034116824308, 0.0034588095439335434]
Games played: 99
Exploitability: P1=4.600000000 P2=0.247637978 EV: (0.24758641668322848, -0.24758641668322848) P1 Winnings: 52.0
Choosing model 0
[0.16970648066048052, 0.24821973382258386, 0.5231642518382948, 0.05484609502108488, 0.004063438657556088]
Games played: 100
Exploitability: P1=1.900000000 P2=0.247637978 EV: (-0.09301026134985539, 0.09301026134985539) P1 Winnings: 49.0
Choosing model 2
[0.1658678766625027, 0.2597518302064822, 0.5156284087661626, 0.05492393014989884, 0.003827954214953717]
Games played: 101
Exploitability: P1=4.600000000 P2=0.247637978 EV: (0.24758641668322848, -0.24758641668322848) P1 Winnings: 48.0
Choosing model 0
[0.18605560547459696, 0.19591206055674146, 0.5580301002048931, 0.05510045223285473, 0.004901781530913937]
Games played: 102
Exploitability: P1=1.900000000 P2=0.247637978 EV: (-0.09301026134985539, 0.09301026134985539) P1 Winnings: 43.0
Choosing model 0
[0.19809478152430995, 0.16004273209014752, 0.5814621769009377, 0.05477020955962229, 0.005630099924982464]
Games played: 103
Exploitability: P1=1.900000000 P2=0.247637978 EV: (-0.09301026134985539, 0.09301026134985539) P1 Winnings: 44.0
Choosing model 1
[0.20237485967313784, 0.14547778517752263, 0.5914463872138241, 0.054940322490924176, 0.005760645444591268]
Games played: 104
Exploitability: P1=2.800000000 P2=0.247637978 EV: (0.22278673160489618, -0.22278673160489618) P1 Winnings: 39.0
Choosing model 1
[0.1867971188196731, 0.1585812492189133, 0.6047294880067996, 0.045573791329389594, 0.004318352625224355]
Games played: 105
Exploitability: P1=2.800000000 P2=0.247637978 EV: (0.22278673160489618, -0.22278673160489618) P1 Winnings: 44.0
Choosing model 2
[0.18748810677283873, 0.1535237680240098, 0.6088047069915095, 0.04595836503569409, 0.004225053175947752]
Games played: 106
Exploitability: P1=4.600000000 P2=0.247637978 EV: (0.24758641668322848, -0.24758641668322848) P1 Winnings: 37.0
Choosing model 2
[0.17275953531622004, 0.1955233641412811, 0.5812708662703916, 0.047081652135046774, 0.0033645821370603744]
Games played: 107
Exploitability: P1=4.600000000 P2=0.247637978 EV: (0.24758641668322848, -0.24758641668322848) P1 Winnings: 42.0
Choosing model 1
[0.1887824022813994, 0.14659552459487535, 0.6141485402168071, 0.046312363404551464, 0.004161169502366636]
Games played: 108
Exploitability: P1=2.800000000 P2=0.247637978 EV: (0.22278673160489618, -0.22278673160489618) P1 Winnings: 42.0
Choosing model 0
[0.18878225050773617, 0.14659590135335898, 0.6141483068654311, 0.046312383089353384, 0.0041611581841204115]
Games played: 109
Exploitability: P1=1.900000000 P2=0.247637978 EV: (-0.09301026134985539, 0.09301026134985539) P1 Winnings: 33.0
Choosing model 0
[0.182208372468632, 0.14608381765138445, 0.627646057682084, 0.040417474504599336, 0.003644277693300232]
Games played: 110
Exploitability: P1=1.900000000 P2=0.247637978 EV: (-0.09301026134985539, 0.09301026134985539) P1 Winnings: 34.0
Choosing model 4
[0.18903789155891834, 0.12196319833458343, 0.6464328561201061, 0.0385928962663681, 0.003973157720024011]
Games played: 111
Exploitability: P1=2.600000000 P2=0.247637978 EV: (-0.16442960823762603, 0.16442960823762603) P1 Winnings: 35.0
Choosing model 2
[0.19248015351888267, 0.11211971463913269, 0.6529440339706994, 0.03829666679274337, 0.004159431078541846]
Games played: 112
Exploitability: P1=4.600000000 P2=0.247637978 EV: (0.24758641668322848, -0.24758641668322848) P1 Winnings: 32.0
Choosing model 0
[0.1854317093626554, 0.11152009766383887, 0.6660523731477198, 0.03335983514148659, 0.0036359846842991457]
Games played: 113
Exploitability: P1=1.900000000 P2=0.247637978 EV: (-0.09301026134985539, 0.09301026134985539) P1 Winnings: 33.0
Choosing model 0
[0.18284103730661583, 0.11773382900663637, 0.6622667833812954, 0.033702770806847235, 0.0034555794986050486]
Games played: 114
Exploitability: P1=1.900000000 P2=0.247637978 EV: (-0.09301026134985539, 0.09301026134985539) P1 Winnings: 32.0
Choosing model 0
[0.1759360482946107, 0.11696489549018112, 0.6747587209028274, 0.029323218585251425, 0.003017116727129313]
Games played: 115
Exploitability: P1=1.900000000 P2=0.247637978 EV: (-0.09301026134985539, 0.09301026134985539) P1 Winnings: 33.0
Choosing model 2
[0.1576628973991276, 0.14574100296471532, 0.6690877015452319, 0.025360633545164865, 0.002147764545760348]
Games played: 116
Exploitability: P1=4.600000000 P2=0.247637978 EV: (0.24758641668322848, -0.24758641668322848) P1 Winnings: 38.0
Choosing model 2
[0.1702013586250625, 0.10578823112149151, 0.6968782031849042, 0.024485371691418796, 0.0026468353771228813]
Games played: 117
Exploitability: P1=4.600000000 P2=0.247637978 EV: (0.24758641668322848, -0.24758641668322848) P1 Winnings: 33.0
Choosing model 1
[0.14744655440973534, 0.12661792313134415, 0.7053991635623372, 0.018876869237311047, 0.0016594896592723508]
Games played: 118
Exploitability: P1=2.800000000 P2=0.247637978 EV: (0.22278673160489618, -0.22278673160489618) P1 Winnings: 42.0
Choosing model 2
[0.1465293219737698, 0.1265347610620581, 0.7062555812732779, 0.019100959584309903, 0.0015793761065840105]
Games played: 119
Exploitability: P1=4.600000000 P2=0.247637978 EV: (0.24758641668322848, -0.24758641668322848) P1 Winnings: 45.0
Choosing model 1
[0.14432238423948346, 0.13343736290734515, 0.7014649235955875, 0.019275976257765563, 0.0014993529998182423]
Games played: 120
Exploitability: P1=2.800000000 P2=0.247637978 EV: (0.22278673160489618, -0.22278673160489618) P1 Winnings: 32.0
Choosing model 2
[0.12920063601764653, 0.1893562583245652, 0.6603041724859099, 0.02004663194314239, 0.0010923012287360517]
Games played: 121
Exploitability: P1=4.600000000 P2=0.247637978 EV: (0.24758641668322848, -0.24758641668322848) P1 Winnings: 32.0
Choosing model 2
[0.12920051438746666, 0.18935671895438785, 0.6603038308420208, 0.020046637708543275, 0.001092298107581523]
Games played: 122
Exploitability: P1=4.600000000 P2=0.247637978 EV: (0.24758641668322848, -0.24758641668322848) P1 Winnings: 23.0
Choosing model 2
[0.1267434113946, 0.19888421509856363, 0.6531905273697458, 0.02014905737112005, 0.0010327887659704743]
Games played: 123
Exploitability: P1=4.600000000 P2=0.247637978 EV: (0.24758641668322848, -0.24758641668322848) P1 Winnings: 10.0
Choosing model 2
[0.1368386553383276, 0.19025438510391407, 0.6487947833041764, 0.02289827222578669, 0.001213904027795384]
Games played: 124
Exploitability: P1=4.600000000 P2=0.247637978 EV: (0.24758641668322848, -0.24758641668322848) P1 Winnings: 1.0
Choosing model 1
[0.13131665770973552, 0.18850323596630778, 0.6592539618722136, 0.01986911900561786, 0.0010570254461252627]
Games played: 125
Exploitability: P1=2.800000000 P2=0.247637978 EV: (0.22278673160489618, -0.22278673160489618) P1 Winnings: 2.0
Choosing model 2
[0.11794942495135871, 0.24496628446201787, 0.616172321896458, 0.020104267874582193, 0.0008077008155834112]
Games played: 126
Exploitability: P1=4.600000000 P2=0.247637978 EV: (0.24758641668322848, -0.24758641668322848) P1 Winnings: -5.0
Choosing model 0
[0.10823529315136454, 0.1778610144541704, 0.701655686848113, 0.01164644119989224, 0.0006015643464599373]
Games played: 127
Exploitability: P1=1.900000000 P2=0.247637978 EV: (-0.09301026134985539, 0.09301026134985539) P1 Winnings: -4.0
Choosing model 2
[0.10624504044483063, 0.1869299915266037, 0.6945423566060458, 0.011713455806095726, 0.0005691556164241748]
Games played: 128
Exploitability: P1=4.600000000 P2=0.247637978 EV: (0.24758641668322848, -0.24758641668322848) P1 Winnings: -5.0
Choosing model 0
[0.11930122481211604, 0.12585240838810738, 0.7427562143878818, 0.011320159924860976, 0.0007699924870337585]
Games played: 129
Exploitability: P1=1.900000000 P2=0.247637978 EV: (-0.09301026134985539, 0.09301026134985539) P1 Winnings: -4.0
Choosing model 1
[0.12391658029037433, 0.1059120981209528, 0.7581945492384852, 0.01112628062683615, 0.0008504917233512454]
Games played: 130
Exploitability: P1=2.800000000 P2=0.247637978 EV: (0.22278673160489618, -0.22278673160489618) P1 Winnings: -5.0
Choosing model 0
[0.12954979220536322, 0.08360307641658407, 0.7750665877873526, 0.010821477390128002, 0.0009590662005720567]
Games played: 131
Exploitability: P1=1.900000000 P2=0.247637978 EV: (-0.09301026134985539, 0.09301026134985539) P1 Winnings: -2.0
Choosing model 2
[0.13352143929515428, 0.0698129623346623, 0.7850605356579268, 0.010553919338712026, 0.0010511433735446623]
Games played: 132
Exploitability: P1=4.600000000 P2=0.247637978 EV: (0.24758641668322848, -0.24758641668322848) P1 Winnings: -3.0
Choosing model 0
[0.14358980847206768, 0.06652113210941138, 0.776711656811786, 0.011946782492003618, 0.001230620114731294]
Games played: 133
Exploitability: P1=1.900000000 P2=0.247637978 EV: (-0.09301026134985539, 0.09301026134985539) P1 Winnings: -12.0
Choosing model 2
[0.1475098748478285, 0.05536771218235995, 0.7841645908868712, 0.011613446926334406, 0.001344375156606002]
Games played: 134
Exploitability: P1=4.600000000 P2=0.247637978 EV: (0.24758641668322848, -0.24758641668322848) P1 Winnings: -11.0
Choosing model 0
[0.15147829730632364, 0.043850311855228453, 0.7922142805293466, 0.01097503198099338, 0.0014820783281078694]
Games played: 135
Exploitability: P1=1.900000000 P2=0.247637978 EV: (-0.09301026134985539, 0.09301026134985539) P1 Winnings: -8.0
Choosing model 1
[0.15147827752916523, 0.04385034515693917, 0.7922142658252231, 0.01097503410399929, 0.0014820773846731835]
Games played: 136
Exploitability: P1=2.800000000 P2=0.247637978 EV: (0.22278673160489618, -0.22278673160489618) P1 Winnings: -9.0
Choosing model 2
[0.1424755540005634, 0.05885804438209939, 0.7862766178861935, 0.01123148403389154, 0.0011582996972522089]
Games played: 137
Exploitability: P1=4.600000000 P2=0.247637978 EV: (0.24758641668322848, -0.24758641668322848) P1 Winnings: -2.0
Choosing model 2
[0.1496555096204935, 0.041570023144103505, 0.796834320563975, 0.010551217685895715, 0.0013889289855321977]
Games played: 138
Exploitability: P1=4.600000000 P2=0.247637978 EV: (0.24758641668322848, -0.24758641668322848) P1 Winnings: -7.0
Choosing model 2
[0.1213754326402041, 0.04929779509972376, 0.8217156626835216, 0.006874539428996078, 0.0007365701475544774]
Games played: 139
Exploitability: P1=4.600000000 P2=0.247637978 EV: (0.24758641668322848, -0.24758641668322848) P1 Winnings: -2.0
Choosing model 2
[0.12686523090520224, 0.035354271165227304, 0.8304409851243972, 0.0064681666331598735, 0.00087134617201337]
Games played: 140
Exploitability: P1=4.600000000 P2=0.247637978 EV: (0.24758641668322848, -0.24758641668322848) P1 Winnings: -2.0
Choosing model 2
[0.12090249364120277, 0.034786252473111685, 0.8379841334381036, 0.005573637480908159, 0.0007534829666736557]
Games played: 141
Exploitability: P1=4.600000000 P2=0.247637978 EV: (0.24758641668322848, -0.24758641668322848) P1 Winnings: -1.0
Choosing model 2
[0.1151627093544132, 0.0342103385401595, 0.8451752827903809, 0.004800430733529384, 0.0006512385815170223]
Games played: 142
Exploitability: P1=4.600000000 P2=0.247637978 EV: (0.24758641668322848, -0.24758641668322848) P1 Winnings: 0.0
Choosing model 2
[0.11352745978119502, 0.03608886376739694, 0.8448705183316217, 0.004913846940952981, 0.0005993111788333521]
Games played: 143
Exploitability: P1=4.600000000 P2=0.247637978 EV: (0.24758641668322848, -0.24758641668322848) P1 Winnings: 7.0
Choosing model 0
[0.13270730585073795, 0.06982957213197631, 0.7868218929056523, 0.009899227388592537, 0.0007420017230409181]
Games played: 144
Exploitability: P1=1.900000000 P2=0.247637978 EV: (-0.09301026134985539, 0.09301026134985539) P1 Winnings: -2.0
Choosing model 2
[0.10670429261650621, 0.08209856910905933, 0.8044127526022758, 0.006394274881159745, 0.0003901107909987344]
Games played: 145
Exploitability: P1=4.600000000 P2=0.247637978 EV: (0.24758641668322848, -0.24758641668322848) P1 Winnings: 3.0
Choosing model 2
[0.10653723623254063, 0.09381337599959336, 0.7923228959088605, 0.006959742113580432, 0.0003667497454251319]
Games played: 146
Exploitability: P1=4.600000000 P2=0.247637978 EV: (0.24758641668322848, -0.24758641668322848) P1 Winnings: 3.0
Choosing model 2
[0.10156341893189956, 0.09233657528295272, 0.7997835522298687, 0.005999207833383772, 0.0003172457218952798]
Games played: 147
Exploitability: P1=4.600000000 P2=0.247637978 EV: (0.24758641668322848, -0.24758641668322848) P1 Winnings: 4.0
Choosing model 2
[0.095012887848787, 0.12154014559395562, 0.7769134346594688, 0.006279219536573432, 0.00025431236121510365]
Games played: 148
Exploitability: P1=4.600000000 P2=0.247637978 EV: (0.24758641668322848, -0.24758641668322848) P1 Winnings: 4.0
Choosing model 1
[0.09029901782252786, 0.1827608578113275, 0.7192515232336045, 0.007478103409375569, 0.000210497723164617]
Games played: 149
Exploitability: P1=2.800000000 P2=0.247637978 EV: (0.22278673160489618, -0.22278673160489618) P1 Winnings: 17.0
Choosing model 2
[0.0961896305534201, 0.14699338949135096, 0.7491643055811648, 0.007410814497932565, 0.00024185987613166077]
Games played: 150
Exploitability: P1=4.600000000 P2=0.247637978 EV: (0.24758641668322848, -0.24758641668322848) P1 Winnings: 20.0
Choosing model 2
[0.08693062065440278, 0.1568858840870504, 0.7499870265349242, 0.006018951010813263, 0.00017751771280927442]
Games played: 151
Exploitability: P1=4.600000000 P2=0.247637978 EV: (0.24758641668322848, -0.24758641668322848) P1 Winnings: 25.0
Choosing model 2
[0.08693054638189814, 0.15688627938093982, 0.749986703750534, 0.0060189532656129375, 0.00017751722101510227]
Games played: 152
Exploitability: P1=4.600000000 P2=0.247637978 EV: (0.24758641668322848, -0.24758641668322848) P1 Winnings: 16.0
Choosing model 2
[0.0799190998274865, 0.19935075021283258, 0.7144370844629636, 0.00615202321772057, 0.00014104227899674421]
Games played: 153
Exploitability: P1=4.600000000 P2=0.247637978 EV: (0.24758641668322848, -0.24758641668322848) P1 Winnings: 21.0
Choosing model 1
[0.10200167139637294, 0.20032025333523273, 0.686849768716011, 0.010584644378359988, 0.00024366217402339252]
Games played: 154
Exploitability: P1=2.800000000 P2=0.247637978 EV: (0.22278673160489618, -0.22278673160489618) P1 Winnings: 12.0
Choosing model 2
[0.10200164289825753, 0.20032039007642127, 0.6868496599268962, 0.010584645125761417, 0.00024366197266351407]
Games played: 155
Exploitability: P1=4.600000000 P2=0.247637978 EV: (0.24758641668322848, -0.24758641668322848) P1 Winnings: 5.0
Choosing model 2
[0.09271414896260194, 0.24947124059410888, 0.6469305884162606, 0.010692883396776829, 0.00019113863025171154]
Games played: 156
Exploitability: P1=4.600000000 P2=0.247637978 EV: (0.24758641668322848, -0.24758641668322848) P1 Winnings: 10.0
Choosing model 1
[0.09271404430738343, 0.24947180071187072, 0.6469301324641603, 0.010692884468312876, 0.0001911380482726988]
Games played: 157
Exploitability: P1=2.800000000 P2=0.247637978 EV: (0.22278673160489618, -0.22278673160489618) P1 Winnings: 1.0
Choosing model 2
[0.10683186534711352, 0.1723546701940976, 0.7099438266323064, 0.0106042862585028, 0.00026535156797952695]
Games played: 158
Exploitability: P1=4.600000000 P2=0.247637978 EV: (0.24758641668322848, -0.24758641668322848) P1 Winnings: 2.0
Choosing model 2
[0.1156016611880905, 0.16524840385684308, 0.706758948993464, 0.01207839647786351, 0.00031258948373894343]
Games played: 159
Exploitability: P1=4.600000000 P2=0.247637978 EV: (0.24758641668322848, -0.24758641668322848) P1 Winnings: 11.0
Choosing model 2
[0.120943965526005, 0.14007378727751985, 0.7266769285917831, 0.011957547509451218, 0.0003477710952408486]
Games played: 160
Exploitability: P1=4.600000000 P2=0.247637978 EV: (0.24758641668322848, -0.24758641668322848) P1 Winnings: 12.0
Choosing model 2
[0.13053060279341602, 0.1339479171050822, 0.7215286442993138, 0.013584223851765474, 0.0004086119504223346]
Games played: 161
Exploitability: P1=4.600000000 P2=0.247637978 EV: (0.24758641668322848, -0.24758641668322848) P1 Winnings: 3.0
Choosing model 2
[0.12100162824049783, 0.17162066163094622, 0.6930502093352766, 0.014000144581133555, 0.0003273562121458347]
Games played: 162
Exploitability: P1=4.600000000 P2=0.247637978 EV: (0.24758641668322848, -0.24758641668322848) P1 Winnings: 8.0
Choosing model 2
[0.12673607658939953, 0.1456391328717625, 0.7133845007075436, 0.013875679792912978, 0.00036461003838137124]
Games played: 163
Exploitability: P1=4.600000000 P2=0.247637978 EV: (0.24758641668322848, -0.24758641668322848) P1 Winnings: 9.0
Choosing model 2
[0.10794205713019923, 0.1713778701180238, 0.7099382164682648, 0.010517108681016725, 0.0002247476024954161]
Games played: 164
Exploitability: P1=4.600000000 P2=0.247637978 EV: (0.24758641668322848, -0.24758641668322848) P1 Winnings: 18.0
Choosing model 1
[0.12786647991776356, 0.18698885686780556, 0.6681930297931853, 0.016630499744923723, 0.000321133676321886]
Games played: 165
Exploitability: P1=2.800000000 P2=0.247637978 EV: (0.22278673160489618, -0.22278673160489618) P1 Winnings: 31.0
Choosing model 1
[0.11581300835422476, 0.20001285153727227, 0.6704011101784644, 0.013536808209442747, 0.00023622172059586634]
Games played: 166
Exploitability: P1=2.800000000 P2=0.247637978 EV: (0.22278673160489618, -0.22278673160489618) P1 Winnings: 36.0
Choosing model 2
[0.12127049311971294, 0.16853956204611367, 0.6968841810812729, 0.013045830742938533, 0.00025993300996207165]
Games played: 167
Exploitability: P1=4.600000000 P2=0.247637978 EV: (0.24758641668322848, -0.24758641668322848) P1 Winnings: 37.0
Choosing model 2
[0.11056185597908505, 0.21619857209573376, 0.6597292507885055, 0.013307254721318374, 0.00020306641535726316]
Games played: 168
Exploitability: P1=4.600000000 P2=0.247637978 EV: (0.24758641668322848, -0.24758641668322848) P1 Winnings: 37.0
Choosing model 2
[0.11974700582662519, 0.20747373150918688, 0.6573688916759425, 0.015170936400738692, 0.0002394345875066594]
Games played: 169
Exploitability: P1=4.600000000 P2=0.247637978 EV: (0.24758641668322848, -0.24758641668322848) P1 Winnings: 28.0
Choosing model 2
[0.13197791545909207, 0.15375236397159558, 0.6990143066612401, 0.014954161705611868, 0.00030125220246059734]
Games played: 170
Exploitability: P1=4.600000000 P2=0.247637978 EV: (0.24758641668322848, -0.24758641668322848) P1 Winnings: 23.0
Choosing model 2
[0.1377656878374598, 0.13003524214860704, 0.7170935087490782, 0.014771159145190184, 0.0003344021196646853]
Games played: 171
Exploitability: P1=4.600000000 P2=0.247637978 EV: (0.24758641668322848, -0.24758641668322848) P1 Winnings: 24.0
Choosing model 2
[0.14317933880145683, 0.10949641030478283, 0.732427977588171, 0.01452669421217717, 0.00036957909341209515]
Games played: 172
Exploitability: P1=4.600000000 P2=0.247637978 EV: (0.24758641668322848, -0.24758641668322848) P1 Winnings: 23.0
Choosing model 2
[0.1472811449030039, 0.09063852712352219, 0.7479280227468069, 0.013752804106310456, 0.0003995011203566418]
Games played: 173
Exploitability: P1=4.600000000 P2=0.247637978 EV: (0.24758641668322848, -0.24758641668322848) P1 Winnings: 24.0
Choosing model 2
[0.14085760999017935, 0.0894991921475093, 0.7574035660934193, 0.011892941834653054, 0.00034668993423893856]
Games played: 174
Exploitability: P1=4.600000000 P2=0.247637978 EV: (0.24758641668322848, -0.24758641668322848) P1 Winnings: 25.0
Choosing model 0
[0.14638392526563052, 0.07136359120227864, 0.7703249906954993, 0.01153881821740213, 0.00038867461918941105]
Games played: 175
Exploitability: P1=1.900000000 P2=0.247637978 EV: (-0.09301026134985539, 0.09301026134985539) P1 Winnings: 26.0
Choosing model 2
[0.14467846388405564, 0.0755171592136825, 0.7677492480070133, 0.011684869697107237, 0.0003702591981412354]
Games played: 176
Exploitability: P1=4.600000000 P2=0.247637978 EV: (0.24758641668322848, -0.24758641668322848) P1 Winnings: 17.0
Choosing model 2
[0.14444884679660797, 0.08629099490110792, 0.7561941505106505, 0.01271792835410944, 0.0003480794375241804]
Games played: 177
Exploitability: P1=4.600000000 P2=0.247637978 EV: (0.24758641668322848, -0.24758641668322848) P1 Winnings: 17.0
Choosing model 2
[0.13182955904122207, 0.09300488028516456, 0.7644765783959607, 0.01043098778647929, 0.00025799449117334467]
Games played: 178
Exploitability: P1=4.600000000 P2=0.247637978 EV: (0.24758641668322848, -0.24758641668322848) P1 Winnings: 22.0
Choosing model 1
[0.12386201058373952, 0.12077743456494347, 0.7442550009116423, 0.010896062437554725, 0.00020949150211989876]
Games played: 179
Exploitability: P1=2.800000000 P2=0.247637978 EV: (0.22278673160489618, -0.22278673160489618) P1 Winnings: 27.0
Choosing model 2
[0.15589212162098562, 0.1196801499178959, 0.705584230581539, 0.0184866077422001, 0.00035689013737938885]
Games played: 180
Exploitability: P1=4.600000000 P2=0.247637978 EV: (0.24758641668322848, -0.24758641668322848) P1 Winnings: 18.0
Choosing model 1
[0.13904426051441468, 0.14842346634766718, 0.6963661235292542, 0.015913287746733333, 0.00025286186193068156]
Games played: 181
Exploitability: P1=2.800000000 P2=0.247637978 EV: (0.22278673160489618, -0.22278673160489618) P1 Winnings: 23.0
Choosing model 1
[0.12637882769044448, 0.15931819127394226, 0.701117878379184, 0.012998448385717452, 0.00018665427071158294]
Games played: 182
Exploitability: P1=2.800000000 P2=0.247637978 EV: (0.22278673160489618, -0.22278673160489618) P1 Winnings: 28.0
Choosing model 0
[0.11407404351675327, 0.2052204787871413, 0.6677997638621302, 0.012765719483169161, 0.0001399943508060112]
Games played: 183
Exploitability: P1=1.900000000 P2=0.247637978 EV: (-0.09301026134985539, 0.09301026134985539) P1 Winnings: 35.0
Choosing model 2
[0.11407401368576162, 0.20522060776740186, 0.6677996640225135, 0.012765720280963493, 0.00013999424335944992]
Games played: 184
Exploitability: P1=4.600000000 P2=0.247637978 EV: (0.24758641668322848, -0.24758641668322848) P1 Winnings: 34.0
Choosing model 2
[0.14329674893626598, 0.2029648659170861, 0.6318832939506218, 0.02161705561133014, 0.00023803558469613468]
Games played: 185
Exploitability: P1=4.600000000 P2=0.247637978 EV: (0.24758641668322848, -0.24758641668322848) P1 Winnings: 34.0
Choosing model 2
[0.1250679666487899, 0.24631006816835307, 0.6102481840502222, 0.018208747855496202, 0.00016503327713863317]
Games played: 186
Exploitability: P1=4.600000000 P2=0.247637978 EV: (0.24758641668322848, -0.24758641668322848) P1 Winnings: 39.0
Choosing model 1
[0.13080684052044655, 0.2925851348956389, 0.5534621544869933, 0.022963306318777202, 0.00018256377814406983]
Games played: 187
Exploitability: P1=2.800000000 P2=0.247637978 EV: (0.22278673160489618, -0.22278673160489618) P1 Winnings: 44.0
Choosing model 2
[0.14423764267455205, 0.2849760514317111, 0.5427944001702968, 0.027766804774416832, 0.00022510094902311874]
Games played: 188
Exploitability: P1=4.600000000 P2=0.247637978 EV: (0.24758641668322848, -0.24758641668322848) P1 Winnings: 37.0
Choosing model 1
[0.14423746593251813, 0.28497666374860303, 0.5427939652011708, 0.027766804875807766, 0.00022510024190023367]
Games played: 189
Exploitability: P1=2.800000000 P2=0.247637978 EV: (0.22278673160489618, -0.22278673160489618) P1 Winnings: 28.0
Choosing model 2
[0.14969088631466757, 0.26253418232970893, 0.5594172163580247, 0.02812007976901101, 0.0002376352285877252]
Games played: 190
Exploitability: P1=4.600000000 P2=0.247637978 EV: (0.24758641668322848, -0.24758641668322848) P1 Winnings: 28.0
Choosing model 1
[0.1594088756792715, 0.22651786759458145, 0.5854676364749097, 0.0283365120377512, 0.00026910821348633977]
Games played: 191
Exploitability: P1=2.800000000 P2=0.247637978 EV: (0.22278673160489618, -0.22278673160489618) P1 Winnings: 29.0
Choosing model 2
[0.16436850505262335, 0.20733272438870629, 0.5995046292176393, 0.028511880490655294, 0.0002822608503756817]
Games played: 192
Exploitability: P1=4.600000000 P2=0.247637978 EV: (0.24758641668322848, -0.24758641668322848) P1 Winnings: 29.0
Choosing model 1
[0.18510838471108917, 0.13992290911428215, 0.6465907479953111, 0.028007026422329596, 0.00037093175698793063]
Games played: 193
Exploitability: P1=2.800000000 P2=0.247637978 EV: (0.22278673160489618, -0.22278673160489618) P1 Winnings: 32.0
Choosing model 0
[0.18219343376159655, 0.14745309818715463, 0.6417576101507576, 0.02824396555416956, 0.00035189234632161984]
Games played: 194
Exploitability: P1=1.900000000 P2=0.247637978 EV: (-0.09301026134985539, 0.09301026134985539) P1 Winnings: 19.0
Choosing model 0
[0.17923651550579325, 0.15531238393100344, 0.6366484821051743, 0.028468951827667517, 0.0003336666303615059]
Games played: 195
Exploitability: P1=1.900000000 P2=0.247637978 EV: (-0.09301026134985539, 0.09301026134985539) P1 Winnings: 24.0
Choosing model 1
[0.14467146691766625, 0.18330386698101525, 0.6533886012869481, 0.018459962461080098, 0.00017610235329021534]
Games played: 196
Exploitability: P1=2.800000000 P2=0.247637978 EV: (0.22278673160489618, -0.22278673160489618) P1 Winnings: 29.0
Choosing model 2
[0.12123212781868348, 0.27583107691524444, 0.5840728537455705, 0.018750880971217545, 0.00011306054928412122]
Games played: 197
Exploitability: P1=4.600000000 P2=0.247637978 EV: (0.24758641668322848, -0.24758641668322848) P1 Winnings: 36.0
Choosing model 2
[0.12123198220265492, 0.2758316762630785, 0.5840723998435922, 0.018750881493815895, 0.00011306019685856533]
Games played: 198
Exploitability: P1=4.600000000 P2=0.247637978 EV: (0.24758641668322848, -0.24758641668322848) P1 Winnings: 27.0
Choosing model 1
[0.10663415317074705, 0.3413689687507646, 0.5334586471155915, 0.018453016100862685, 8.52148620340257e-05]
Games played: 199
Exploitability: P1=2.800000000 P2=0.247637978 EV: (0.22278673160489618, -0.22278673160489618) P1 Winnings: 27.0
Choosing model 2
[0.09543387557898457, 0.360804394219549, 0.5288580825828398, 0.014841709939809012, 6.193767881743595e-05]
Games played: 200
Exploitability: P1=4.600000000 P2=0.247637978 EV: (0.24758641668322848, -0.24758641668322848) P1 Winnings: 32.0
