Player 1 exploitability: 0.0418611334733
Choosing model 1
[0.20396124844724672, 0.2105817708859842, 0.21596433592023306, 0.18442191860964258, 0.18507072613689338]
Games played: 1
Exploitability: P1=2.800000000 P2=-0.043790881 EV: (-0.2711824972781694, 0.2711824972781694) P1 Winnings: 1.0
Choosing model 3
[0.20949524513863688, 0.1920023594316361, 0.2202886331691718, 0.18484700081390404, 0.19336676144665108]
Games played: 2
Exploitability: P1=1.933333333 P2=-0.043790881 EV: (-0.12805696167656172, 0.12805696167656172) P1 Winnings: 1.0
Choosing model 0
[0.2193203784513035, 0.1555801371608743, 0.22568649040659589, 0.1807238032079278, 0.2186891907732985]
Games played: 3
Exploitability: P1=1.900000000 P2=-0.043790881 EV: (-0.08448088827261147, 0.08448088827261147) P1 Winnings: -6.0
Choosing model 4
[0.2172711091423343, 0.16501962566768474, 0.2254568714135638, 0.1834384570352789, 0.20881393674113838]
Games played: 4
Exploitability: P1=2.600000000 P2=-0.043790881 EV: (-0.0441785878153293, 0.0441785878153293) P1 Winnings: -7.0
Choosing model 0
[0.21273957047713343, 0.1253770978358713, 0.17358310626177748, 0.2224279621062878, 0.26587226331892994]
Games played: 5
Exploitability: P1=1.900000000 P2=-0.043790881 EV: (-0.08448088827261147, 0.08448088827261147) P1 Winnings: 0.0
Choosing model 3
[0.2196923937940418, 0.13367742390343243, 0.18980540493908085, 0.20769258896304438, 0.2491321884004005]
Games played: 6
Exploitability: P1=1.933333333 P2=-0.043790881 EV: (-0.12805696167656172, 0.12805696167656172) P1 Winnings: 1.0
Choosing model 2
[0.226020407022199, 0.10644696233025623, 0.1910952317978417, 0.19954999287996747, 0.27688740596973554]
Games played: 7
Exploitability: P1=4.600000000 P2=-0.043790881 EV: (-0.2515573148751569, 0.2515573148751569) P1 Winnings: 4.0
Choosing model 0
[0.22602037200976144, 0.1064473049946545, 0.1910952832203563, 0.1995502072161297, 0.27688683255909813]
Games played: 8
Exploitability: P1=1.900000000 P2=-0.043790881 EV: (-0.08448088827261147, 0.08448088827261147) P1 Winnings: -5.0
Choosing model 4
[0.23302518788255455, 0.11330864965343734, 0.2086121627477608, 0.18602543926760462, 0.2590285604486428]
Games played: 9
Exploitability: P1=2.600000000 P2=-0.043790881 EV: (-0.0441785878153293, 0.0441785878153293) P1 Winnings: -4.0
Choosing model 3
[0.23027247636166243, 0.1866603047720615, 0.25552879270723217, 0.16267386488779986, 0.1648645612712442]
Games played: 10
Exploitability: P1=1.933333333 P2=-0.043790881 EV: (-0.12805696167656172, 0.12805696167656172) P1 Winnings: 1.0
Choosing model 4
[0.24061746209070897, 0.15315750648217816, 0.261650887888725, 0.15941248278086775, 0.18516166075752022]
Games played: 11
Exploitability: P1=2.600000000 P2=-0.043790881 EV: (-0.0441785878153293, 0.0441785878153293) P1 Winnings: -2.0
Choosing model 0
[0.24061743235684904, 0.15315762386646092, 0.2616508848606533, 0.15941251473150617, 0.18516154418453057]
Games played: 12
Exploitability: P1=1.900000000 P2=-0.043790881 EV: (-0.08448088827261147, 0.08448088827261147) P1 Winnings: -3.0
Choosing model 2
[0.24861870328902042, 0.12637322755732341, 0.26534067067594513, 0.15522153700972233, 0.20444586146798874]
Games played: 13
Exploitability: P1=4.600000000 P2=-0.043790881 EV: (-0.2515573148751569, 0.2515573148751569) P1 Winnings: -3.0
Choosing model 4
[0.24389911269090173, 0.1712843663417859, 0.3041492147529067, 0.1355127203134781, 0.14515458590092764]
Games played: 14
Exploitability: P1=2.600000000 P2=-0.043790881 EV: (-0.0441785878153293, 0.0441785878153293) P1 Winnings: 6.0
Choosing model 1
[0.24462491365637604, 0.17737046408039503, 0.32300670770401574, 0.12289533640998943, 0.13210257814922371]
Games played: 15
Exploitability: P1=2.800000000 P2=-0.043790881 EV: (-0.2711824972781694, 0.2711824972781694) P1 Winnings: 7.0
Choosing model 2
[0.2519151747418857, 0.1613403122726464, 0.2958451500729067, 0.1387817546710695, 0.15211760824149173]
Games played: 16
Exploitability: P1=4.600000000 P2=-0.043790881 EV: (-0.2515573148751569, 0.2515573148751569) P1 Winnings: 0.0
Choosing model 4
[0.2533697572555817, 0.11169387113795057, 0.214244023160063, 0.1893173696341593, 0.23137497881224556]
Games played: 17
Exploitability: P1=2.600000000 P2=-0.043790881 EV: (-0.0441785878153293, 0.0441785878153293) P1 Winnings: -3.0
Choosing model 2
[0.23953475717959116, 0.11735499819696454, 0.17072316172295446, 0.2375755624904159, 0.23481152041007397]
Games played: 18
Exploitability: P1=4.600000000 P2=-0.043790881 EV: (-0.2515573148751569, 0.2515573148751569) P1 Winnings: 6.0
Choosing model 0
[0.2471089004131828, 0.12499554990878323, 0.18648618742155318, 0.22160853813828232, 0.21980082411819848]
Games played: 19
Exploitability: P1=1.900000000 P2=-0.043790881 EV: (-0.08448088827261147, 0.08448088827261147) P1 Winnings: 7.0
Choosing model 3
[0.245170554721281, 0.13278007996501281, 0.1865784625649634, 0.22527782626572865, 0.21019307648301414]
Games played: 20
Exploitability: P1=1.933333333 P2=-0.043790881 EV: (-0.12805696167656172, 0.12805696167656172) P1 Winnings: 6.0
Choosing model 0
[0.2528938017940207, 0.10754841333669288, 0.18859433580904086, 0.21792535041189962, 0.233038098648346]
Games played: 21
Exploitability: P1=1.900000000 P2=-0.043790881 EV: (-0.08448088827261147, 0.08448088827261147) P1 Winnings: 3.0
Choosing model 0
[0.2513551070103085, 0.11444899641029402, 0.18902232111742528, 0.22192657862505222, 0.22324699683691995]
Games played: 22
Exploitability: P1=1.900000000 P2=-0.043790881 EV: (-0.08448088827261147, 0.08448088827261147) P1 Winnings: 2.0
Choosing model 0
[0.2575435535938803, 0.09364502449075546, 0.1900863659047958, 0.21428666498226479, 0.2444383910283036]
Games played: 23
Exploitability: P1=1.900000000 P2=-0.043790881 EV: (-0.08448088827261147, 0.08448088827261147) P1 Winnings: 2.0
Choosing model 0
[0.25635155243246355, 0.09979951446269857, 0.19079682975455553, 0.21854076065697214, 0.23451134269331025]
Games played: 24
Exploitability: P1=1.900000000 P2=-0.043790881 EV: (-0.08448088827261147, 0.08448088827261147) P1 Winnings: 1.0
Choosing model 3
[0.23022542584091613, 0.06169182502406154, 0.12337631039765982, 0.2661986918712409, 0.31850774686612165]
Games played: 25
Exploitability: P1=1.933333333 P2=-0.043790881 EV: (-0.12805696167656172, 0.12805696167656172) P1 Winnings: -2.0
Choosing model 4
[0.23064353047205763, 0.03304661903785922, 0.11665513306798005, 0.22296413924853822, 0.3966905781735649]
Games played: 26
Exploitability: P1=2.600000000 P2=-0.043790881 EV: (-0.0441785878153293, 0.0441785878153293) P1 Winnings: -3.0
Choosing model 3
[0.22900666700058797, 0.025396651289427176, 0.11334943140257515, 0.20674735019200163, 0.4254999001154081]
Games played: 27
Exploitability: P1=1.933333333 P2=-0.043790881 EV: (-0.12805696167656172, 0.12805696167656172) P1 Winnings: 0.0
Choosing model 4
[0.2414969633742334, 0.027651144773479283, 0.12656606291474234, 0.19713710497159762, 0.40714872396594737]
Games played: 28
Exploitability: P1=2.600000000 P2=-0.043790881 EV: (-0.0441785878153293, 0.0441785878153293) P1 Winnings: 1.0
Choosing model 4
[0.24083316717000502, 0.024896243690764354, 0.12520951630136928, 0.19159735515757562, 0.41746371768028573]
Games played: 29
Exploitability: P1=2.600000000 P2=-0.043790881 EV: (-0.0441785878153293, 0.0441785878153293) P1 Winnings: -2.0
Choosing model 3
[0.238048439276675, 0.018881103629526413, 0.12112113940596546, 0.1768062098640687, 0.4451431078237645]
Games played: 30
Exploitability: P1=1.933333333 P2=-0.043790881 EV: (-0.12805696167656172, 0.12805696167656172) P1 Winnings: -2.0
Choosing model 4
[0.24030521135916885, 0.02040721231796025, 0.12329705842918283, 0.18287208023743864, 0.4331184376562495]
Games played: 31
Exploitability: P1=2.600000000 P2=-0.043790881 EV: (-0.0441785878153293, 0.0441785878153293) P1 Winnings: -13.0
Choosing model 4
[0.2290402020275653, 0.011662152077444579, 0.11192126625578364, 0.1500124077566947, 0.4973639718825117]
Games played: 32
Exploitability: P1=2.600000000 P2=-0.043790881 EV: (-0.0441785878153293, 0.0441785878153293) P1 Winnings: -12.0
Choosing model 4
[0.22904024328871095, 0.011662164557696744, 0.11192129895339088, 0.15001248338526454, 0.4973638098149369]
Games played: 33
Exploitability: P1=2.600000000 P2=-0.043790881 EV: (-0.0441785878153293, 0.0441785878153293) P1 Winnings: -13.0
Choosing model 2
[0.23194549987899934, 0.012644794409988494, 0.11429357437665587, 0.15565160088058586, 0.4854645304537705]
Games played: 34
Exploitability: P1=4.600000000 P2=-0.043790881 EV: (-0.2515573148751569, 0.2515573148751569) P1 Winnings: -14.0
Choosing model 4
[0.22783363471821722, 0.010063362775644309, 0.11033254323151453, 0.14467656333778722, 0.5070938959368367]
Games played: 35
Exploitability: P1=2.600000000 P2=-0.043790881 EV: (-0.0441785878153293, 0.0441785878153293) P1 Winnings: -13.0
Choosing model 0
[0.2179030021341141, 0.006603756845429583, 0.10202917867414076, 0.12455734089948292, 0.5489067214468326]
Games played: 36
Exploitability: P1=1.900000000 P2=-0.043790881 EV: (-0.08448088827261147, 0.08448088827261147) P1 Winnings: -13.0
Choosing model 0
[0.24307259262302225, 0.008699722397720294, 0.1260750997471854, 0.12486837215589047, 0.4972842130761815]
Games played: 37
Exploitability: P1=1.900000000 P2=-0.043790881 EV: (-0.08448088827261147, 0.08448088827261147) P1 Winnings: -8.0
Choosing model 4
[0.2514014526326005, 0.011024569700040704, 0.1334937163941465, 0.13839905658518342, 0.46568120468802887]
Games played: 38
Exploitability: P1=2.600000000 P2=-0.043790881 EV: (-0.0441785878153293, 0.0441785878153293) P1 Winnings: -13.0
Choosing model 4
[0.22016589154115157, 0.0074916972996723384, 0.09192650783710185, 0.1500956419452517, 0.5303202613768225]
Games played: 39
Exploitability: P1=2.600000000 P2=-0.043790881 EV: (-0.0441785878153293, 0.0441785878153293) P1 Winnings: -6.0
Choosing model 0
[0.200932376632495, 0.0036558765975847653, 0.0791816828896917, 0.11452731378711137, 0.6017027500931171]
Games played: 40
Exploitability: P1=1.900000000 P2=-0.043790881 EV: (-0.08448088827261147, 0.08448088827261147) P1 Winnings: -6.0
Choosing model 4
[0.20093242791711743, 0.0036558807844235958, 0.07918171196785823, 0.11452738012522347, 0.6017025992053772]
Games played: 41
Exploitability: P1=2.600000000 P2=-0.043790881 EV: (-0.0441785878153293, 0.0441785878153293) P1 Winnings: -7.0
Choosing model 0
[0.2141958052775588, 0.004023704389344069, 0.08937585171252593, 0.11039137171830483, 0.5820132669022664]
Games played: 42
Exploitability: P1=1.900000000 P2=-0.043790881 EV: (-0.08448088827261147, 0.08448088827261147) P1 Winnings: -6.0
Choosing model 2
[0.21796430625391666, 0.004383882417830879, 0.09171270878149985, 0.11509635787118772, 0.5708427446755648]
Games played: 43
Exploitability: P1=4.600000000 P2=-0.043790881 EV: (-0.2515573148751569, 0.2515573148751569) P1 Winnings: -1.0
Choosing model 4
[0.23147233440144865, 0.004806685653291577, 0.10312824077268018, 0.11051981955271803, 0.5500729196198615]
Games played: 44
Exploitability: P1=2.600000000 P2=-0.043790881 EV: (-0.0441785878153293, 0.0441785878153293) P1 Winnings: 0.0
Choosing model 4
[0.2640142209116245, 0.006381187825624874, 0.1360174435895371, 0.10407102564779457, 0.489516122025419]
Games played: 45
Exploitability: P1=2.600000000 P2=-0.043790881 EV: (-0.0441785878153293, 0.0441785878153293) P1 Winnings: 3.0
Choosing model 4
[0.27706285218490195, 0.00691394021974486, 0.15114019041055193, 0.09875195204718998, 0.4661310651376112]
Games played: 46
Exploitability: P1=2.600000000 P2=-0.043790881 EV: (-0.0441785878153293, 0.0441785878153293) P1 Winnings: 4.0
Choosing model 3
[0.27706290227398034, 0.0069139476231086525, 0.15114023466231752, 0.09875200189586107, 0.4661309135447324]
Games played: 47
Exploitability: P1=1.933333333 P2=-0.043790881 EV: (-0.12805696167656172, 0.12805696167656172) P1 Winnings: 3.0
Choosing model 4
[0.27051076123602363, 0.005300702846490105, 0.14460506962520256, 0.09042145813098436, 0.48916200816129923]
Games played: 48
Exploitability: P1=2.600000000 P2=-0.043790881 EV: (-0.0441785878153293, 0.0441785878153293) P1 Winnings: 0.0
Choosing model 2
[0.28960187673710563, 0.008995421961709549, 0.16278240853023287, 0.1124559422964494, 0.4261643504745026]
Games played: 49
Exploitability: P1=4.600000000 P2=-0.043790881 EV: (-0.2515573148751569, 0.2515573148751569) P1 Winnings: -3.0
Choosing model 4
[0.27852191839843127, 0.005817034352213749, 0.1510448042095926, 0.09672828732325968, 0.4678879557165027]
Games played: 50
Exploitability: P1=2.600000000 P2=-0.043790881 EV: (-0.0441785878153293, 0.0441785878153293) P1 Winnings: 2.0
Choosing model 4
[0.2791708842420547, 0.005187875808354906, 0.15073944869981892, 0.09519793294026677, 0.46970385830950473]
Games played: 51
Exploitability: P1=2.600000000 P2=-0.043790881 EV: (-0.0441785878153293, 0.0441785878153293) P1 Winnings: 2.0
Choosing model 3
[0.272181170131685, 0.003818975850340241, 0.1437030327650185, 0.08634649616049798, 0.4939503250924583]
Games played: 52
Exploitability: P1=1.933333333 P2=-0.043790881 EV: (-0.12805696167656172, 0.12805696167656172) P1 Winnings: 2.0
Choosing model 0
[0.2496609649376106, 0.0018248575439348922, 0.12449287700135755, 0.0662063769567808, 0.557814923560316]
Games played: 53
Exploitability: P1=1.900000000 P2=-0.043790881 EV: (-0.08448088827261147, 0.08448088827261147) P1 Winnings: -1.0
Choosing model 4
[0.23503951667499146, 0.0011787501956619262, 0.11332093017689379, 0.05610684294868601, 0.5943539600037667]
Games played: 54
Exploitability: P1=2.600000000 P2=-0.043790881 EV: (-0.0441785878153293, 0.0441785878153293) P1 Winnings: 2.0
Choosing model 4
[0.23172789128072827, 0.0010492410888233474, 0.11083144592434027, 0.053910054246437585, 0.6024813674596705]
Games played: 55
Exploitability: P1=2.600000000 P2=-0.043790881 EV: (-0.0441785878153293, 0.0441785878153293) P1 Winnings: -1.0
Choosing model 0
[0.23632404172862598, 0.0011456800171553495, 0.11397970103731515, 0.05633151109111599, 0.5922190661257876]
Games played: 56
Exploitability: P1=1.900000000 P2=-0.043790881 EV: (-0.08448088827261147, 0.08448088827261147) P1 Winnings: -2.0
Choosing model 4
[0.2516144152432578, 0.0010495406047601925, 0.1314299035600032, 0.04867827784996364, 0.5672278627420152]
Games played: 57
Exploitability: P1=2.600000000 P2=-0.043790881 EV: (-0.0441785878153293, 0.0441785878153293) P1 Winnings: 1.0
Choosing model 4
[0.19989516805915225, 0.00047828092147405, 0.07689691946228729, 0.047081406966137294, 0.6756482245909491]
Games played: 58
Exploitability: P1=2.600000000 P2=-0.043790881 EV: (-0.0441785878153293, 0.0441785878153293) P1 Winnings: 8.0
Choosing model 2
[0.19989523669060016, 0.0004782815457929857, 0.07689695516840861, 0.047081439609465425, 0.6756480869857329]
Games played: 59
Exploitability: P1=4.600000000 P2=-0.043790881 EV: (-0.2515573148751569, 0.2515573148751569) P1 Winnings: 5.0
Choosing model 4
[0.2054198512250106, 0.0005243783249745235, 0.08010392220983693, 0.048857938763243354, 0.6650939094769345]
Games played: 60
Exploitability: P1=2.600000000 P2=-0.043790881 EV: (-0.0441785878153293, 0.0441785878153293) P1 Winnings: 10.0
Choosing model 2
[0.2100690151395197, 0.0005741465688404747, 0.08260537152310968, 0.051192550382462225, 0.655558916386068]
Games played: 61
Exploitability: P1=4.600000000 P2=-0.043790881 EV: (-0.2515573148751569, 0.2515573148751569) P1 Winnings: 9.0
Choosing model 4
[0.20251857194084483, 0.0004484614319177656, 0.07826382548798605, 0.04670058574071944, 0.6720685553985319]
Games played: 62
Exploitability: P1=2.600000000 P2=-0.043790881 EV: (-0.0441785878153293, 0.0441785878153293) P1 Winnings: 10.0
Choosing model 4
[0.2025186410757635, 0.00044846201643248575, 0.07826386167529807, 0.04670061802840624, 0.6720684172040998]
Games played: 63
Exploitability: P1=2.600000000 P2=-0.043790881 EV: (-0.0441785878153293, 0.0441785878153293) P1 Winnings: 7.0
Choosing model 0
[0.22127827678532075, 0.0006609955901565126, 0.08857654525630002, 0.05647027834312943, 0.6330139040250933]
Games played: 64
Exploitability: P1=1.900000000 P2=-0.043790881 EV: (-0.08448088827261147, 0.08448088827261147) P1 Winnings: 14.0
Choosing model 0
[0.19804775523829868, 0.00035471225090387653, 0.07550247985913497, 0.04349931293087956, 0.682595739720783]
Games played: 65
Exploitability: P1=1.900000000 P2=-0.043790881 EV: (-0.08448088827261147, 0.08448088827261147) P1 Winnings: 13.0
Choosing model 0
[0.21059196511217212, 0.0004621388978642775, 0.08219261591692573, 0.049568201360677494, 0.6571850787123604]
Games played: 66
Exploitability: P1=1.900000000 P2=-0.043790881 EV: (-0.08448088827261147, 0.08448088827261147) P1 Winnings: 8.0
Choosing model 0
[0.2152884984243852, 0.0005058363192149612, 0.08473186248826008, 0.05191994555289942, 0.6475538572152404]
Games played: 67
Exploitability: P1=1.900000000 P2=-0.043790881 EV: (-0.08448088827261147, 0.08448088827261147) P1 Winnings: 7.0
Choosing model 4
[0.1640812920706148, 0.00022113896953922563, 0.047559027608462055, 0.04817479959464484, 0.7399637417567391]
Games played: 68
Exploitability: P1=2.600000000 P2=-0.043790881 EV: (-0.0441785878153293, 0.0441785878153293) P1 Winnings: 7.0
Choosing model 4
[0.189035131485287, 0.00039678732295109697, 0.05764640457876492, 0.0644783484877068, 0.6884433281252903]
Games played: 69
Exploitability: P1=2.600000000 P2=-0.043790881 EV: (-0.0441785878153293, 0.0441785878153293) P1 Winnings: 2.0
Choosing model 4
[0.20470258174850042, 0.0003696978106289467, 0.06760706530109303, 0.05666969723735788, 0.6706509579024197]
Games played: 70
Exploitability: P1=2.600000000 P2=-0.043790881 EV: (-0.0441785878153293, 0.0441785878153293) P1 Winnings: 5.0
Choosing model 4
[0.19716253653540297, 0.0002885011034929178, 0.06399455266200738, 0.0516493545831226, 0.6869050551159741]
Games played: 71
Exploitability: P1=2.600000000 P2=-0.043790881 EV: (-0.0441785878153293, 0.0441785878153293) P1 Winnings: 4.0
Choosing model 4
[0.25769657821853864, 0.0006286102753709483, 0.10367840695861809, 0.05973865434869916, 0.5782577501987731]
Games played: 72
Exploitability: P1=2.600000000 P2=-0.043790881 EV: (-0.0441785878153293, 0.0441785878153293) P1 Winnings: 9.0
Choosing model 4
[0.2496220602712754, 0.0004904492719370704, 0.09865524986533333, 0.05467897781913628, 0.596553262772318]
Games played: 73
Exploitability: P1=2.600000000 P2=-0.043790881 EV: (-0.0441785878153293, 0.0441785878153293) P1 Winnings: 9.0
Choosing model 4
[0.2545494052828853, 0.0005354780465014936, 0.10144817591362877, 0.057129647851417116, 0.5863372929055672]
Games played: 74
Exploitability: P1=2.600000000 P2=-0.043790881 EV: (-0.0441785878153293, 0.0441785878153293) P1 Winnings: 8.0
Choosing model 4
[0.2594533017835699, 0.0005843690931134663, 0.10427165726904475, 0.0596623971555965, 0.5760282746986753]
Games played: 75
Exploitability: P1=2.600000000 P2=-0.043790881 EV: (-0.0441785878153293, 0.0441785878153293) P1 Winnings: 7.0
Choosing model 4
[0.2877749968560682, 0.001029841207732006, 0.12192537612301801, 0.07735324627747471, 0.5119165395357071]
Games played: 76
Exploitability: P1=2.600000000 P2=-0.043790881 EV: (-0.0441785878153293, 0.0441785878153293) P1 Winnings: 7.0
Choosing model 3
[0.2845383500481219, 0.0009193356551928098, 0.11959067006708103, 0.07453887054371663, 0.5204127736858876]
Games played: 77
Exploitability: P1=1.933333333 P2=-0.043790881 EV: (-0.12805696167656172, 0.12805696167656172) P1 Winnings: 4.0
Choosing model 4
[0.30245620778985116, 0.0013182413140141334, 0.13167480428415862, 0.08768554908483878, 0.47686519752713735]
Games played: 78
Exploitability: P1=2.600000000 P2=-0.043790881 EV: (-0.0441785878153293, 0.0441785878153293) P1 Winnings: 11.0
Choosing model 4
[0.297677520508799, 0.0010440579732350081, 0.1286513356686732, 0.07942719509609139, 0.4931998907532015]
Games played: 79
Exploitability: P1=2.600000000 P2=-0.043790881 EV: (-0.0441785878153293, 0.0441785878153293) P1 Winnings: 12.0
Choosing model 0
[0.2722667890036215, 0.0004974652301064465, 0.11113450800160625, 0.06072679927791172, 0.5553744384867542]
Games played: 80
Exploitability: P1=1.900000000 P2=-0.043790881 EV: (-0.08448088827261147, 0.08448088827261147) P1 Winnings: 12.0
Choosing model 3
[0.28680763842018836, 0.0005410431307536873, 0.12395936756541108, 0.057841734762654314, 0.5308502161209926]
Games played: 81
Exploitability: P1=1.933333333 P2=-0.043790881 EV: (-0.12805696167656172, 0.12805696167656172) P1 Winnings: 13.0
Choosing model 3
[0.2771559347478435, 0.0003947614567261518, 0.11712884948304023, 0.05200008153623689, 0.5533203727761533]
Games played: 82
Exploitability: P1=1.933333333 P2=-0.043790881 EV: (-0.12805696167656172, 0.12805696167656172) P1 Winnings: 16.0
Choosing model 4
[0.21839150814026387, 0.0002141056679277989, 0.06645363369321991, 0.05557400846895549, 0.6593667440296329]
Games played: 83
Exploitability: P1=2.600000000 P2=-0.043790881 EV: (-0.0441785878153293, 0.0441785878153293) P1 Winnings: 13.0
Choosing model 3
[0.23512896395088118, 0.00019833841628272855, 0.07748688075068219, 0.04856219366427957, 0.6386236232178742]
Games played: 84
Exploitability: P1=1.933333333 P2=-0.043790881 EV: (-0.12805696167656172, 0.12805696167656172) P1 Winnings: 16.0
Choosing model 4
[0.22492092511949743, 0.0001455710719984807, 0.07254132401373768, 0.043369158029199835, 0.6590230217655665]
Games played: 85
Exploitability: P1=2.600000000 P2=-0.043790881 EV: (-0.0441785878153293, 0.0441785878153293) P1 Winnings: 16.0
Choosing model 4
[0.22492099510602334, 0.00014557124685301664, 0.07254135471038552, 0.04336918557561228, 0.6590228933611258]
Games played: 86
Exploitability: P1=2.600000000 P2=-0.043790881 EV: (-0.0441785878153293, 0.0441785878153293) P1 Winnings: 15.0
Choosing model 4
[0.2300128963353464, 0.00015938822898960318, 0.07480709164998195, 0.04544179661682807, 0.649578827168854]
Games played: 87
Exploitability: P1=2.600000000 P2=-0.043790881 EV: (-0.0441785878153293, 0.0441785878153293) P1 Winnings: 14.0
Choosing model 4
[0.2300129665914529, 0.00015938841952966833, 0.07480712287778843, 0.045441825219937934, 0.6495786968912911]
Games played: 88
Exploitability: P1=2.600000000 P2=-0.043790881 EV: (-0.0441785878153293, 0.0441785878153293) P1 Winnings: 13.0
Choosing model 0
[0.29428509711731976, 0.000339955801161022, 0.11863694507352619, 0.05144912568394956, 0.5352888763240435]
Games played: 89
Exploitability: P1=1.900000000 P2=-0.043790881 EV: (-0.08448088827261147, 0.08448088827261147) P1 Winnings: 18.0
Choosing model 4
[0.30669800723237994, 0.00042540167633979927, 0.12630674336725753, 0.05708926889782905, 0.5094805788261937]
Games played: 90
Exploitability: P1=2.600000000 P2=-0.043790881 EV: (-0.0441785878153293, 0.0441785878153293) P1 Winnings: 18.0
Choosing model 4
[0.2965171907907586, 0.0003183322895926482, 0.11950170567727812, 0.05154558692349968, 0.5321171843188709]
Games played: 91
Exploitability: P1=2.600000000 P2=-0.043790881 EV: (-0.0441785878153293, 0.0441785878153293) P1 Winnings: 21.0
Choosing model 4
[0.3016272816943341, 0.0003467048276463006, 0.12258286452534367, 0.05372349633138447, 0.5217196526212914]
Games played: 92
Exploitability: P1=2.600000000 P2=-0.043790881 EV: (-0.0441785878153293, 0.0441785878153293) P1 Winnings: 20.0
Choosing model 0
[0.3297141083217801, 0.0005350802118267882, 0.14469973856451473, 0.06002616492444805, 0.46502490797743035]
Games played: 93
Exploitability: P1=1.900000000 P2=-0.043790881 EV: (-0.08448088827261147, 0.08448088827261147) P1 Winnings: 23.0
Choosing model 4
[0.34355501268973315, 0.0005756397302722904, 0.15964704407143912, 0.05655411753744404, 0.4396681859711114]
Games played: 94
Exploitability: P1=2.600000000 P2=-0.043790881 EV: (-0.0441785878153293, 0.0441785878153293) P1 Winnings: 24.0
Choosing model 0
[0.34927576868035787, 0.0005885016440666922, 0.16351970317918196, 0.058542559244425245, 0.4280734672519682]
Games played: 95
Exploitability: P1=1.900000000 P2=-0.043790881 EV: (-0.08448088827261147, 0.08448088827261147) P1 Winnings: 27.0
Choosing model 4
[0.3492758311307974, 0.0005885022730582882, 0.1635197507307202, 0.05854258867965442, 0.4280733271857696]
Games played: 96
Exploitability: P1=2.600000000 P2=-0.043790881 EV: (-0.0441785878153293, 0.0441785878153293) P1 Winnings: 26.0
Choosing model 2
[0.3342445288741687, 0.00038640833605725573, 0.1513008526150974, 0.05043052206599198, 0.4636376881086846]
Games played: 97
Exploitability: P1=4.600000000 P2=-0.043790881 EV: (-0.2515573148751569, 0.2515573148751569) P1 Winnings: 26.0
Choosing model 4
[0.32640861152460565, 0.0003057336607224719, 0.14520735097685508, 0.046601883448120274, 0.4814764203896964]
Games played: 98
Exploitability: P1=2.600000000 P2=-0.043790881 EV: (-0.0441785878153293, 0.0441785878153293) P1 Winnings: 27.0
Choosing model 4
[0.30081482145551064, 0.00016893800743107666, 0.12744934146591888, 0.03696343638221635, 0.5346034626889231]
Games played: 99
Exploitability: P1=2.600000000 P2=-0.043790881 EV: (-0.0441785878153293, 0.0441785878153293) P1 Winnings: 28.0
Choosing model 2
[0.29193046780092125, 0.00013205226873916942, 0.12149974383110558, 0.03389558800316208, 0.552542148096072]
Games played: 100
Exploitability: P1=4.600000000 P2=-0.043790881 EV: (-0.2515573148751569, 0.2515573148751569) P1 Winnings: 28.0
Choosing model 0
[0.26531422000252763, 0.00011054063059208546, 0.08773478846390877, 0.04112133405034309, 0.6057191168526282]
Games played: 101
Exploitability: P1=1.900000000 P2=-0.043790881 EV: (-0.08448088827261147, 0.08448088827261147) P1 Winnings: 41.0
Choosing model 0
[0.2707676309617271, 0.00012078600253120531, 0.09029068949220424, 0.04299871230309474, 0.5958221812404427]
Games played: 102
Exploitability: P1=1.900000000 P2=-0.043790881 EV: (-0.08448088827261147, 0.08448088827261147) P1 Winnings: 40.0
Choosing model 4
[0.2932424395181737, 0.00018405493655552344, 0.10153785971518291, 0.05210172254208398, 0.552933923288004]
Games played: 103
Exploitability: P1=2.600000000 P2=-0.043790881 EV: (-0.0441785878153293, 0.0441785878153293) P1 Winnings: 45.0
Choosing model 4
[0.29856923517433814, 0.00020064306565119203, 0.10425122216626592, 0.05435285361000189, 0.5426260459837429]
Games played: 104
Exploitability: P1=2.600000000 P2=-0.043790881 EV: (-0.0441785878153293, 0.0441785878153293) P1 Winnings: 44.0
Choosing model 2
[0.28976039816653026, 0.00015683985635677594, 0.0993877143240861, 0.04984332022479409, 0.5608517274282326]
Games played: 105
Exploitability: P1=4.600000000 P2=-0.043790881 EV: (-0.2515573148751569, 0.2515573148751569) P1 Winnings: 45.0
Choosing model 4
[0.3089986767252586, 0.0002646287059515778, 0.10324236476205026, 0.06660546201004532, 0.5208888677966943]
Games played: 106
Exploitability: P1=2.600000000 P2=-0.043790881 EV: (-0.0441785878153293, 0.0441785878153293) P1 Winnings: 36.0
Choosing model 4
[0.29873790570414693, 0.00019629768314220538, 0.09768440249779774, 0.06011772271343374, 0.5432636714014795]
Games played: 107
Exploitability: P1=2.600000000 P2=-0.043790881 EV: (-0.0441785878153293, 0.0441785878153293) P1 Winnings: 36.0
Choosing model 4
[0.2899689085733978, 0.00015346685122141386, 0.09314164419594995, 0.05513841310875454, 0.5615975672706764]
Games played: 108
Exploitability: P1=2.600000000 P2=-0.043790881 EV: (-0.0441785878153293, 0.0441785878153293) P1 Winnings: 36.0
Choosing model 0
[0.32013104223458083, 0.00026387605792544603, 0.10818724392273818, 0.0707198204793358, 0.5006980173054197]
Games played: 109
Exploitability: P1=1.900000000 P2=-0.043790881 EV: (-0.08448088827261147, 0.08448088827261147) P1 Winnings: 31.0
Choosing model 2
[0.3322467324325152, 0.0003288266236205541, 0.11470250040679265, 0.07814620231111552, 0.47457573822595617]
Games played: 110
Exploitability: P1=4.600000000 P2=-0.043790881 EV: (-0.2515573148751569, 0.2515573148751569) P1 Winnings: 31.0
Choosing model 0
[0.32040190485699127, 0.0002809650487513886, 0.10176333279560078, 0.07932440504243797, 0.4982293922562186]
Games played: 111
Exploitability: P1=1.900000000 P2=-0.043790881 EV: (-0.08448088827261147, 0.08448088827261147) P1 Winnings: 40.0
Choosing model 2
[0.3117746388366934, 0.00021832714833733288, 0.09718783845649007, 0.07274034837003265, 0.5180788471884467]
Games played: 112
Exploitability: P1=4.600000000 P2=-0.043790881 EV: (-0.2515573148751569, 0.2515573148751569) P1 Winnings: 40.0
Choosing model 2
[0.35440175563600707, 0.00046922953332568986, 0.12079177465027864, 0.09799244942834734, 0.42634479075204124]
Games played: 113
Exploitability: P1=4.600000000 P2=-0.043790881 EV: (-0.2515573148751569, 0.2515573148751569) P1 Winnings: 49.0
Choosing model 4
[0.3839345539137017, 0.0006003274691107006, 0.14495421479143272, 0.09540349643715403, 0.3751074073886008]
Games played: 114
Exploitability: P1=2.600000000 P2=-0.043790881 EV: (-0.0441785878153293, 0.0441785878153293) P1 Winnings: 54.0
Choosing model 4
[0.36127610578879255, 0.00029427931867199064, 0.12882462543572695, 0.07504277159168764, 0.43456221786512084]
Games played: 115
Exploitability: P1=2.600000000 P2=-0.043790881 EV: (-0.0441785878153293, 0.0441785878153293) P1 Winnings: 54.0
Choosing model 4
[0.3791852495312966, 0.00041664968543211233, 0.1400537599580379, 0.0871654919721864, 0.3931788488530469]
Games played: 116
Exploitability: P1=2.600000000 P2=-0.043790881 EV: (-0.0441785878153293, 0.0441785878153293) P1 Winnings: 61.0
Choosing model 0
[0.4120008535604394, 0.0005269207692962661, 0.17596659222649064, 0.07819026865944911, 0.33331536478432466]
Games played: 117
Exploitability: P1=1.900000000 P2=-0.043790881 EV: (-0.08448088827261147, 0.08448088827261147) P1 Winnings: 64.0
Choosing model 0
[0.42386436097291047, 0.000559689572208692, 0.1916873204281715, 0.07273548949406651, 0.3111531395326429]
Games played: 118
Exploitability: P1=1.900000000 P2=-0.043790881 EV: (-0.08448088827261147, 0.08448088827261147) P1 Winnings: 65.0
Choosing model 4
[0.43450428870742214, 0.0005923624119055182, 0.20806303462165357, 0.06741839440958712, 0.28942191984943166]
Games played: 119
Exploitability: P1=2.600000000 P2=-0.043790881 EV: (-0.0441785878153293, 0.0441785878153293) P1 Winnings: 66.0
Choosing model 2
[0.44608822749964805, 0.0008798845335678321, 0.2222772689757046, 0.07797201271048913, 0.2527826062805904]
Games played: 120
Exploitability: P1=4.600000000 P2=-0.043790881 EV: (-0.2515573148751569, 0.2515573148751569) P1 Winnings: 55.0
Choosing model 2
[0.4616965012186383, 0.0017218052266652767, 0.2515366266941106, 0.09563937364568224, 0.18940569321490366]
Games played: 121
Exploitability: P1=4.600000000 P2=-0.043790881 EV: (-0.2515573148751569, 0.2515573148751569) P1 Winnings: 64.0
Choosing model 4
[0.4606791662791612, 0.001391955909501959, 0.2466568310305777, 0.09030076226003204, 0.2009712845207271]
Games played: 122
Exploitability: P1=2.600000000 P2=-0.043790881 EV: (-0.0441785878153293, 0.0441785878153293) P1 Winnings: 65.0
Choosing model 0
[0.4602361525701155, 0.0011190610922772438, 0.24462643528508166, 0.08302927350173417, 0.2109890775507915]
Games played: 123
Exploitability: P1=1.900000000 P2=-0.043790881 EV: (-0.08448088827261147, 0.08448088827261147) P1 Winnings: 66.0
Choosing model 0
[0.4602361762561554, 0.0011190621458361276, 0.24462647527299144, 0.08302930467637368, 0.21098898164864338]
Games played: 124
Exploitability: P1=1.900000000 P2=-0.043790881 EV: (-0.08448088827261147, 0.08448088827261147) P1 Winnings: 65.0
Choosing model 0
[0.4652649605386807, 0.00196926272888494, 0.22639717535010073, 0.12041093004153788, 0.18595767134079583]
Games played: 125
Exploitability: P1=1.900000000 P2=-0.043790881 EV: (-0.08448088827261147, 0.08448088827261147) P1 Winnings: 78.0
Choosing model 0
[0.4646945661483961, 0.0015706544799385356, 0.22192854064319317, 0.11333290373073185, 0.19847333499774034]
Games played: 126
Exploitability: P1=1.900000000 P2=-0.043790881 EV: (-0.08448088827261147, 0.08448088827261147) P1 Winnings: 78.0
Choosing model 0
[0.4614640217282121, 0.001070171743614905, 0.21308790345025946, 0.1013099352575638, 0.2230679678203496]
Games played: 127
Exploitability: P1=1.900000000 P2=-0.043790881 EV: (-0.08448088827261147, 0.08448088827261147) P1 Winnings: 81.0
Choosing model 2
[0.4631804625934753, 0.0011500701145267555, 0.21567812546818038, 0.10418770214392874, 0.21580363967988886]
Games played: 128
Exploitability: P1=4.600000000 P2=-0.043790881 EV: (-0.2515573148751569, 0.2515573148751569) P1 Winnings: 80.0
Choosing model 3
[0.47635299472597575, 0.0013968331307188558, 0.2457066542943119, 0.09629538413351128, 0.1802481337154823]
Games played: 129
Exploitability: P1=1.933333333 P2=-0.043790881 EV: (-0.12805696167656172, 0.12805696167656172) P1 Winnings: 85.0
Choosing model 0
[0.4783677570768315, 0.002518919290982545, 0.2632149444887682, 0.11721804949550244, 0.13868032964791538]
Games played: 130
Exploitability: P1=1.900000000 P2=-0.043790881 EV: (-0.08448088827261147, 0.08448088827261147) P1 Winnings: 82.0
Choosing model 0
[0.4797744278689669, 0.001733372965808001, 0.255247282210084, 0.10582674933843096, 0.15741816761671013]
Games played: 131
Exploitability: P1=1.900000000 P2=-0.043790881 EV: (-0.08448088827261147, 0.08448088827261147) P1 Winnings: 85.0
Choosing model 2
[0.4798744692459828, 0.0013419154114197023, 0.2498390494107797, 0.09885168798772118, 0.17009287794409672]
Games played: 132
Exploitability: P1=4.600000000 P2=-0.043790881 EV: (-0.2515573148751569, 0.2515573148751569) P1 Winnings: 85.0
Choosing model 4
[0.48495537739977995, 0.001400142979515666, 0.2673430078711484, 0.09032814644200965, 0.15597332530754632]
Games played: 133
Exploitability: P1=2.600000000 P2=-0.043790881 EV: (-0.0441785878153293, 0.0441785878153293) P1 Winnings: 86.0
Choosing model 0
[0.48853181713642324, 0.001456252129598166, 0.2851637262204286, 0.08227711350201589, 0.14257109101153403]
Games played: 134
Exploitability: P1=1.900000000 P2=-0.043790881 EV: (-0.08448088827261147, 0.08448088827261147) P1 Winnings: 87.0
Choosing model 4
[0.4885318231203569, 0.0014562534435025554, 0.2851637616517474, 0.0822771411676517, 0.14257102061674146]
Games played: 135
Exploitability: P1=2.600000000 P2=-0.043790881 EV: (-0.0441785878153293, 0.0441785878153293) P1 Winnings: 86.0
Choosing model 4
[0.48881837027869807, 0.0011736265670060852, 0.28028933197089084, 0.07779012922128703, 0.15192854196211805]
Games played: 136
Exploitability: P1=2.600000000 P2=-0.043790881 EV: (-0.0441785878153293, 0.0441785878153293) P1 Winnings: 87.0
Choosing model 4
[0.4886178290718561, 0.0009449090964849871, 0.27522376612606503, 0.0734745481684073, 0.16173894753718673]
Games played: 137
Exploitability: P1=2.600000000 P2=-0.043790881 EV: (-0.0441785878153293, 0.0441785878153293) P1 Winnings: 87.0
Choosing model 0
[0.48762894998073875, 0.0007298822035584341, 0.2687910157991087, 0.06847864850155674, 0.17437150351503725]
Games played: 138
Exploitability: P1=1.900000000 P2=-0.043790881 EV: (-0.08448088827261147, 0.08448088827261147) P1 Winnings: 90.0
Choosing model 0
[0.4838765084577838, 0.000486989854732005, 0.2573357476284978, 0.06077337017703421, 0.19752738388195226]
Games played: 139
Exploitability: P1=1.900000000 P2=-0.043790881 EV: (-0.08448088827261147, 0.08448088827261147) P1 Winnings: 90.0
Choosing model 4
[0.48824961147254103, 0.0005073415062062935, 0.2749424921399879, 0.0554479587957438, 0.18085259608552098]
Games played: 140
Exploitability: P1=2.600000000 P2=-0.043790881 EV: (-0.0441785878153293, 0.0441785878153293) P1 Winnings: 91.0
Choosing model 4
[0.49136895744926823, 0.0005942836494194387, 0.31996055733911943, 0.046069427094863794, 0.1420067744673291]
Games played: 141
Exploitability: P1=2.600000000 P2=-0.043790881 EV: (-0.0441785878153293, 0.0441785878153293) P1 Winnings: 94.0
Choosing model 0
[0.49079829697408117, 0.0004554425692387253, 0.31277018284035674, 0.04296028024834483, 0.15301579736797835]
Games played: 142
Exploitability: P1=1.900000000 P2=-0.043790881 EV: (-0.08448088827261147, 0.08448088827261147) P1 Winnings: 94.0
Choosing model 0
[0.4907327098478283, 0.00047016326376807607, 0.33113240271438155, 0.038839527672006914, 0.13882519650201516]
Games played: 143
Exploitability: P1=1.900000000 P2=-0.043790881 EV: (-0.08448088827261147, 0.08448088827261147) P1 Winnings: 95.0
Choosing model 2
[0.49073271973918864, 0.000470163691690992, 0.33113244647569356, 0.038839541038901124, 0.13882512905452582]
Games played: 144
Exploitability: P1=4.600000000 P2=-0.043790881 EV: (-0.2515573148751569, 0.2515573148751569) P1 Winnings: 94.0
Choosing model 0
[0.48992866101318777, 0.0003620126163006074, 0.32523381054741063, 0.03568430599962545, 0.14879120982347555]
Games played: 145
Exploitability: P1=1.900000000 P2=-0.043790881 EV: (-0.08448088827261147, 0.08448088827261147) P1 Winnings: 97.0
Choosing model 2
[0.48902748993961714, 0.00029276799677166985, 0.3190406638585598, 0.03370469377461307, 0.15793438443043822]
Games played: 146
Exploitability: P1=4.600000000 P2=-0.043790881 EV: (-0.2515573148751569, 0.2515573148751569) P1 Winnings: 98.0
Choosing model 0
[0.4902362374439675, 0.00017609745878023416, 0.2766179925470474, 0.03297662709451986, 0.1999930454556851]
Games played: 147
Exploitability: P1=1.900000000 P2=-0.043790881 EV: (-0.08448088827261147, 0.08448088827261147) P1 Winnings: 98.0
Choosing model 2
[0.49224531453844234, 0.00018931615779196296, 0.28008607338065844, 0.0339261397569297, 0.19355315616617766]
Games played: 148
Exploitability: P1=4.600000000 P2=-0.043790881 EV: (-0.2515573148751569, 0.2515573148751569) P1 Winnings: 103.0
Choosing model 2
[0.4942061369794703, 0.00020278478551717785, 0.28505110638877185, 0.03439588055002325, 0.1861440912962174]
Games played: 149
Exploitability: P1=4.600000000 P2=-0.043790881 EV: (-0.2515573148751569, 0.2515573148751569) P1 Winnings: 108.0
Choosing model 2
[0.4917458597150424, 0.0001634810484247652, 0.2787438121986947, 0.03238558261473808, 0.19696126442309997]
Games played: 150
Exploitability: P1=4.600000000 P2=-0.043790881 EV: (-0.2515573148751569, 0.2515573148751569) P1 Winnings: 109.0
Choosing model 0
[0.4971979380611832, 0.00022837167941338658, 0.3293064944976412, 0.029140163345062215, 0.1441270324167]
Games played: 151
Exploitability: P1=1.900000000 P2=-0.043790881 EV: (-0.08448088827261147, 0.08448088827261147) P1 Winnings: 118.0
Choosing model 2
[0.498928897584952, 0.0002751602156818193, 0.33757753191737383, 0.03113401422710372, 0.13208439605488864]
Games played: 152
Exploitability: P1=4.600000000 P2=-0.043790881 EV: (-0.2515573148751569, 0.2515573148751569) P1 Winnings: 118.0
Choosing model 2
[0.49721792895191863, 0.00018438086375221268, 0.32458015993292083, 0.027749574258902395, 0.15026795599250609]
Games played: 153
Exploitability: P1=4.600000000 P2=-0.043790881 EV: (-0.2515573148751569, 0.2515573148751569) P1 Winnings: 113.0
Choosing model 0
[0.4952572106180173, 0.00021689094130373805, 0.35812789269987033, 0.024839948660748595, 0.12155805708006007]
Games played: 154
Exploitability: P1=1.900000000 P2=-0.043790881 EV: (-0.08448088827261147, 0.08448088827261147) P1 Winnings: 118.0
Choosing model 0
[0.4951760928466325, 0.000174666083370268, 0.35174228661294954, 0.023467682042206887, 0.12943927241484082]
Games played: 155
Exploitability: P1=1.900000000 P2=-0.043790881 EV: (-0.08448088827261147, 0.08448088827261147) P1 Winnings: 118.0
Choosing model 2
[0.49517610192924716, 0.00017466624202715824, 0.3517423324598904, 0.023467690076200105, 0.1294392092926352]
Games played: 156
Exploitability: P1=4.600000000 P2=-0.043790881 EV: (-0.2515573148751569, 0.2515573148751569) P1 Winnings: 117.0
Choosing model 2
[0.514592602589817, 0.00016718904036924293, 0.29043160045038247, 0.032554956944399256, 0.16225365097503194]
Games played: 157
Exploitability: P1=4.600000000 P2=-0.043790881 EV: (-0.2515573148751569, 0.2515573148751569) P1 Winnings: 130.0
Choosing model 4
[0.5102739868662595, 0.00011374970138548407, 0.27845764438434256, 0.029059141839261348, 0.1820954772087512]
Games played: 158
Exploitability: P1=2.600000000 P2=-0.043790881 EV: (-0.0441785878153293, 0.0441785878153293) P1 Winnings: 130.0
Choosing model 4
[0.5110578185034679, 0.0001326002829642062, 0.322488715553133, 0.02402762421491471, 0.1422932414455202]
Games played: 159
Exploitability: P1=2.600000000 P2=-0.043790881 EV: (-0.0441785878153293, 0.0441785878153293) P1 Winnings: 133.0
Choosing model 2
[0.5119964134768206, 0.00014223280850227132, 0.3257964313238404, 0.024663786345373757, 0.13740113604546303]
Games played: 160
Exploitability: P1=4.600000000 P2=-0.043790881 EV: (-0.2515573148751569, 0.2515573148751569) P1 Winnings: 132.0
Choosing model 0
[0.5099113507336394, 0.00014625161090261603, 0.34356464064255554, 0.022210195666286285, 0.12416756134661618]
Games played: 161
Exploitability: P1=1.900000000 P2=-0.043790881 EV: (-0.08448088827261147, 0.08448088827261147) P1 Winnings: 133.0
Choosing model 4
[0.5095295090838841, 0.0001177100723599065, 0.33724125400401, 0.02097092978241036, 0.1321405970573357]
Games played: 162
Exploitability: P1=2.600000000 P2=-0.043790881 EV: (-0.0441785878153293, 0.0441785878153293) P1 Winnings: 133.0
Choosing model 4
[0.5095295203917827, 0.00011771017973440405, 0.33724129925944346, 0.020970937042409658, 0.13214053312662982]
Games played: 163
Exploitability: P1=2.600000000 P2=-0.043790881 EV: (-0.0441785878153293, 0.0441785878153293) P1 Winnings: 132.0
Choosing model 0
[0.5085214058984536, 9.092779915361436e-05, 0.329373989871349, 0.01954590832826671, 0.14246776810277711]
Games played: 164
Exploitability: P1=1.900000000 P2=-0.043790881 EV: (-0.08448088827261147, 0.08448088827261147) P1 Winnings: 125.0
Choosing model 2
[0.5085214205362742, 9.092788269688406e-05, 0.32937403624236256, 0.0195459152237842, 0.14246770011488222]
Games played: 165
Exploitability: P1=4.600000000 P2=-0.043790881 EV: (-0.2515573148751569, 0.2515573148751569) P1 Winnings: 124.0
Choosing model 2
[0.5141711154749133, 0.0001052216588906374, 0.3285424639203926, 0.02154451615975909, 0.13563668278604427]
Games played: 166
Exploitability: P1=4.600000000 P2=-0.043790881 EV: (-0.2515573148751569, 0.2515573148751569) P1 Winnings: 124.0
Choosing model 2
[0.5063052498583203, 0.00014315157278522292, 0.37800950338668227, 0.018879616175607336, 0.09666247900660482]
Games played: 167
Exploitability: P1=4.600000000 P2=-0.043790881 EV: (-0.2515573148751569, 0.2515573148751569) P1 Winnings: 133.0
Choosing model 2
[0.5005543361165311, 0.0001461194514406676, 0.39570896747630874, 0.016877061473678966, 0.08671351548204048]
Games played: 168
Exploitability: P1=4.600000000 P2=-0.043790881 EV: (-0.2515573148751569, 0.2515573148751569) P1 Winnings: 134.0
Choosing model 0
[0.4938166547238227, 0.00014883177123626142, 0.4133565027043, 0.015054842338486307, 0.07762316846215465]
Games played: 169
Exploitability: P1=1.900000000 P2=-0.043790881 EV: (-0.08448088827261147, 0.08448088827261147) P1 Winnings: 135.0
Choosing model 2
[0.48015675141821307, 0.00017090489366722008, 0.44521955489537757, 0.013155394038452393, 0.06129739475428985]
Games played: 170
Exploitability: P1=4.600000000 P2=-0.043790881 EV: (-0.2515573148751569, 0.2515573148751569) P1 Winnings: 140.0
Choosing model 0
[0.4823397484858329, 0.00013909899101812668, 0.4395357153343141, 0.01250508298380655, 0.0654803542050283]
Games played: 171
Exploitability: P1=1.900000000 P2=-0.043790881 EV: (-0.08448088827261147, 0.08448088827261147) P1 Winnings: 141.0
Choosing model 0
[0.48284565110987976, 0.00012953308597257453, 0.44000643503326414, 0.012457333741840142, 0.0645610470290434]
Games played: 172
Exploitability: P1=1.900000000 P2=-0.043790881 EV: (-0.08448088827261147, 0.08448088827261147) P1 Winnings: 138.0
Choosing model 2
[0.48284564108391187, 0.00012953319856758372, 0.44000647517764335, 0.012457337519356128, 0.06456101302052111]
Games played: 173
Exploitability: P1=4.600000000 P2=-0.043790881 EV: (-0.2515573148751569, 0.2515573148751569) P1 Winnings: 137.0
Choosing model 0
[0.48284560312674707, 0.00012953362543211504, 0.4400066271517462, 0.012457351850209688, 0.06456088424586486]
Games played: 174
Exploitability: P1=1.900000000 P2=-0.043790881 EV: (-0.08448088827261147, 0.08448088827261147) P1 Winnings: 128.0
Choosing model 0
[0.48659388332457065, 8.777340930608732e-05, 0.4278168608158074, 0.011227864909745281, 0.07427361754057071]
Games played: 175
Exploitability: P1=1.900000000 P2=-0.043790881 EV: (-0.08448088827261147, 0.08448088827261147) P1 Winnings: 128.0
Choosing model 2
[0.4783541869111635, 8.908795989551722e-05, 0.4453230834461072, 0.009980331967757055, 0.06625330971507669]
Games played: 176
Exploitability: P1=4.600000000 P2=-0.043790881 EV: (-0.2515573148751569, 0.2515573148751569) P1 Winnings: 129.0
Choosing model 0
[0.4802884333645747, 7.247213080456237e-05, 0.4394178370996335, 0.00948222463776232, 0.07073903276722492]
Games played: 177
Exploitability: P1=1.900000000 P2=-0.043790881 EV: (-0.08448088827261147, 0.08448088827261147) P1 Winnings: 130.0
Choosing model 2
[0.47962927593704957, 7.748774803774813e-05, 0.4425029360976717, 0.009702101917839424, 0.06808819829940148]
Games played: 178
Exploitability: P1=4.600000000 P2=-0.043790881 EV: (-0.2515573148751569, 0.2515573148751569) P1 Winnings: 129.0
Choosing model 2
[0.4938857907249681, 7.069762773130727e-05, 0.4191998030495872, 0.010516016409741395, 0.07632769218797203]
Games played: 179
Exploitability: P1=4.600000000 P2=-0.043790881 EV: (-0.2515573148751569, 0.2515573148751569) P1 Winnings: 120.0
Choosing model 2
[0.4710887125122444, 9.316809867466604e-05, 0.46720092133535573, 0.008926456289497281, 0.05269074176422803]
Games played: 180
Exploitability: P1=4.600000000 P2=-0.043790881 EV: (-0.2515573148751569, 0.2515573148751569) P1 Winnings: 129.0
Choosing model 4
[0.4710886614352765, 9.316840292389068e-05, 0.4672010687740297, 0.008926466292329608, 0.052690635095440336]
Games played: 181
Exploitability: P1=2.600000000 P2=-0.043790881 EV: (-0.0441785878153293, 0.0441785878153293) P1 Winnings: 120.0
Choosing model 0
[0.4700319944808418, 9.95295116556223e-05, 0.4700710608847948, 0.00912549381984137, 0.05067192130286654]
Games played: 182
Exploitability: P1=1.900000000 P2=-0.043790881 EV: (-0.08448088827261147, 0.08448088827261147) P1 Winnings: 119.0
Choosing model 3
[0.4271752851239291, 7.157015379618032e-05, 0.5301405276632374, 0.005235606264755034, 0.03737701079428248]
Games played: 183
Exploitability: P1=1.933333333 P2=-0.043790881 EV: (-0.12805696167656172, 0.12805696167656172) P1 Winnings: 120.0
Choosing model 0
[0.42717526564337893, 7.157021938297302e-05, 0.5301405676342673, 0.005235607858460362, 0.037376988644510334]
Games played: 184
Exploitability: P1=1.900000000 P2=-0.043790881 EV: (-0.08448088827261147, 0.08448088827261147) P1 Winnings: 117.0
Choosing model 0
[0.4158485265112588, 7.193405277292827e-05, 0.5464551007896986, 0.004608515514878324, 0.0330159231313914]
Games played: 185
Exploitability: P1=1.900000000 P2=-0.043790881 EV: (-0.08448088827261147, 0.08448088827261147) P1 Winnings: 118.0
Choosing model 2
[0.39556127360174115, 9.514033476563354e-05, 0.5751656672612075, 0.004230711821320977, 0.024947206980964694]
Games played: 186
Exploitability: P1=4.600000000 P2=-0.043790881 EV: (-0.2515573148751569, 0.2515573148751569) P1 Winnings: 123.0
Choosing model 0
[0.445261438256417, 9.86417934967852e-05, 0.5144102804803923, 0.0063570800664273395, 0.03387255940326657]
Games played: 187
Exploitability: P1=1.900000000 P2=-0.043790881 EV: (-0.08448088827261147, 0.08448088827261147) P1 Winnings: 110.0
Choosing model 4
[0.45519749681809585, 5.253336589115211e-05, 0.49668428768653133, 0.0054325658231027, 0.042633116306378886]
Games played: 188
Exploitability: P1=2.600000000 P2=-0.043790881 EV: (-0.0441785878153293, 0.0441785878153293) P1 Winnings: 107.0
Choosing model 0
[0.45519748049322944, 5.2533410761922875e-05, 0.4966843255025641, 0.005432567388428001, 0.04263309320501662]
Games played: 189
Exploitability: P1=1.900000000 P2=-0.043790881 EV: (-0.08448088827261147, 0.08448088827261147) P1 Winnings: 106.0
Choosing model 0
[0.45519746416835605, 5.253345563273109e-05, 0.49668436331859145, 0.0054325689537536625, 0.042633070103666154]
Games played: 190
Exploitability: P1=1.900000000 P2=-0.043790881 EV: (-0.08448088827261147, 0.08448088827261147) P1 Winnings: 105.0
Choosing model 2
[0.4551974478434757, 5.253350050357676e-05, 0.4966844011346135, 0.005432570519079685, 0.0426330470023275]
Games played: 191
Exploitability: P1=4.600000000 P2=-0.043790881 EV: (-0.2515573148751569, 0.2515573148751569) P1 Winnings: 104.0
Choosing model 4
[0.4576489203784317, 4.073387737039386e-05, 0.4912688903639904, 0.0050263569946073375, 0.04601509838560002]
Games played: 192
Exploitability: P1=2.600000000 P2=-0.043790881 EV: (-0.0441785878153293, 0.0441785878153293) P1 Winnings: 107.0
Choosing model 0
[0.45764890509143147, 4.073391226296949e-05, 0.49126892897619623, 0.005026358455253157, 0.046015073564856165]
Games played: 193
Exploitability: P1=1.900000000 P2=-0.043790881 EV: (-0.08448088827261147, 0.08448088827261147) P1 Winnings: 106.0
Choosing model 2
[0.44939494734057384, 6.355373114819729e-05, 0.508567996147957, 0.005769433931007427, 0.036204068849313764]
Games played: 194
Exploitability: P1=4.600000000 P2=-0.043790881 EV: (-0.2515573148751569, 0.2515573148751569) P1 Winnings: 101.0
Choosing model 0
[0.466750431835551, 5.848554615142155e-05, 0.48594781727871167, 0.006307457352035003, 0.040935807987550844]
Games played: 195
Exploitability: P1=1.900000000 P2=-0.043790881 EV: (-0.08448088827261147, 0.08448088827261147) P1 Winnings: 110.0
Choosing model 2
[0.4721063603074266, 4.0588802895920984e-05, 0.47524783295538503, 0.005742952375541942, 0.04686226555875048]
Games played: 196
Exploitability: P1=4.600000000 P2=-0.043790881 EV: (-0.2515573148751569, 0.2515573148751569) P1 Winnings: 113.0
Choosing model 2
[0.46994832707607587, 4.3105991809119284e-05, 0.4795513021441529, 0.005772858513294116, 0.04468440627466804]
Games played: 197
Exploitability: P1=4.600000000 P2=-0.043790881 EV: (-0.2515573148751569, 0.2515573148751569) P1 Winnings: 118.0
Choosing model 0
[0.4591440730191114, 4.348201169875703e-05, 0.4960989704379737, 0.005099817821767144, 0.03961365670944899]
Games played: 198
Exploitability: P1=1.900000000 P2=-0.043790881 EV: (-0.08448088827261147, 0.08448088827261147) P1 Winnings: 119.0
Choosing model 2
[0.46206461151380007, 3.54538071053556e-05, 0.4906501069857423, 0.0048564767928740565, 0.0423933509004781]
Games played: 199
Exploitability: P1=4.600000000 P2=-0.043790881 EV: (-0.2515573148751569, 0.2515573148751569) P1 Winnings: 118.0
Choosing model 2
[0.4648704738367895, 2.8899584634172375e-05, 0.4851221216985751, 0.004623419250352982, 0.0453550856296481]
Games played: 200
Exploitability: P1=4.600000000 P2=-0.043790881 EV: (-0.2515573148751569, 0.2515573148751569) P1 Winnings: 119.0
