Player 1 exploitability: 0.0293257245525
Choosing model 4
[0.20821839674690124, 0.16870135339279635, 0.2046298681987446, 0.19702974830045172, 0.2214206333611061]
Games played: 1
Exploitability: P1=2.600000000 P2=-0.056326290 EV: (-0.0637523487489466, 0.0637523487489466) P1 Winnings: 1.0
Choosing model 2
[0.21738970332789165, 0.13298658224078366, 0.20890072764814366, 0.19137311243425117, 0.24934987434892986]
Games played: 2
Exploitability: P1=4.600000000 P2=-0.056326290 EV: (-0.20708264699445542, 0.20708264699445542) P1 Winnings: 1.0
Choosing model 3
[0.22546884455380786, 0.0927422176459745, 0.2090392491392809, 0.17751766342112812, 0.2952320252398087]
Games played: 3
Exploitability: P1=1.933333333 P2=-0.056326290 EV: (-0.07573668712250331, 0.07573668712250331) P1 Winnings: 6.0
Choosing model 2
[0.23221171530273085, 0.09861618001410088, 0.22796060486361971, 0.1653118683734487, 0.27589963144609986]
Games played: 4
Exploitability: P1=4.600000000 P2=-0.056326290 EV: (-0.20708264699445542, 0.20708264699445542) P1 Winnings: 7.0
Choosing model 2
[0.2369628925135766, 0.08098238270588705, 0.23093198978034998, 0.15525940360295107, 0.2958633313972353]
Games played: 5
Exploitability: P1=4.600000000 P2=-0.056326290 EV: (-0.20708264699445542, 0.20708264699445542) P1 Winnings: 8.0
Choosing model 4
[0.24330264964050236, 0.08584799541868272, 0.2510643043507935, 0.14414158186942144, 0.2756434687205998]
Games played: 6
Exploitability: P1=2.600000000 P2=-0.056326290 EV: (-0.0637523487489466, 0.0637523487489466) P1 Winnings: 9.0
Choosing model 4
[0.2414393072714932, 0.12027722156752177, 0.2690402006373718, 0.14620419684051, 0.2230390736831031]
Games played: 7
Exploitability: P1=2.600000000 P2=-0.056326290 EV: (-0.0637523487489466, 0.0637523487489466) P1 Winnings: 12.0
Choosing model 3
[0.24143928996228486, 0.12027731999157239, 0.2690402114819681, 0.14620423372912633, 0.22303894483504835]
Games played: 8
Exploitability: P1=1.933333333 P2=-0.056326290 EV: (-0.07573668712250331, 0.07573668712250331) P1 Winnings: 11.0
Choosing model 2
[0.2526536701906663, 0.10829532344980382, 0.30491158426642073, 0.12417489629717782, 0.20996452579593128]
Games played: 9
Exploitability: P1=4.600000000 P2=-0.056326290 EV: (-0.20708264699445542, 0.20708264699445542) P1 Winnings: 14.0
Choosing model 4
[0.2556165948190062, 0.09707873098984203, 0.28380590274777606, 0.13223968766444893, 0.23125908377892682]
Games played: 10
Exploitability: P1=2.600000000 P2=-0.056326290 EV: (-0.0637523487489466, 0.0637523487489466) P1 Winnings: 5.0
Choosing model 0
[0.26258892433886305, 0.05332401883899777, 0.275164793014868, 0.11357697117689874, 0.2953452926303724]
Games played: 11
Exploitability: P1=1.900000000 P2=-0.056326290 EV: (-0.08494244066190366, 0.08494244066190366) P1 Winnings: 4.0
Choosing model 0
[0.26306297737126294, 0.05719586771513834, 0.2779784385673634, 0.11658042828779827, 0.2851822880584371]
Games played: 12
Exploitability: P1=1.900000000 P2=-0.056326290 EV: (-0.08494244066190366, 0.08494244066190366) P1 Winnings: 3.0
Choosing model 3
[0.2640738756384333, 0.046518942097862656, 0.2742374396951025, 0.11073988266830449, 0.3044298599002971]
Games played: 13
Exploitability: P1=1.933333333 P2=-0.056326290 EV: (-0.07573668712250331, 0.07573668712250331) P1 Winnings: 4.0
Choosing model 0
[0.2736944463581086, 0.041483813143548175, 0.3078267477663954, 0.09315384717088133, 0.2838411455610666]
Games played: 14
Exploitability: P1=1.900000000 P2=-0.056326290 EV: (-0.08494244066190366, 0.08494244066190366) P1 Winnings: 7.0
Choosing model 4
[0.2757953613793998, 0.0388867011660744, 0.3101965137581929, 0.09341250490284021, 0.2817089187934927]
Games played: 15
Exploitability: P1=2.600000000 P2=-0.056326290 EV: (-0.0637523487489466, 0.0637523487489466) P1 Winnings: 4.0
Choosing model 0
[0.2755144594791123, 0.030067762743266606, 0.3032515260799645, 0.08714862550169022, 0.3040176261959665]
Games played: 16
Exploitability: P1=1.900000000 P2=-0.056326290 EV: (-0.08494244066190366, 0.08494244066190366) P1 Winnings: 7.0
Choosing model 4
[0.275514477352402, 0.030067791454199844, 0.3032515797168666, 0.08714865939144606, 0.3040174920850855]
Games played: 17
Exploitability: P1=2.600000000 P2=-0.056326290 EV: (-0.0637523487489466, 0.0637523487489466) P1 Winnings: 6.0
Choosing model 3
[0.2755144952256624, 0.03006782016515718, 0.3032516333537448, 0.08714869328120546, 0.3040173579742302]
Games played: 18
Exploitability: P1=1.933333333 P2=-0.056326290 EV: (-0.07573668712250331, 0.07573668712250331) P1 Winnings: 5.0
Choosing model 2
[0.27420170872237387, 0.023497889348854956, 0.29575092544949844, 0.08134034577368394, 0.3252091307055888]
Games played: 19
Exploitability: P1=4.600000000 P2=-0.056326290 EV: (-0.20708264699445542, 0.20708264699445542) P1 Winnings: 2.0
Choosing model 4
[0.27420179604311873, 0.023497976114189596, 0.29575114503171757, 0.08134047164468608, 0.32520861116628796]
Games played: 20
Exploitability: P1=2.600000000 P2=-0.056326290 EV: (-0.0637523487489466, 0.0637523487489466) P1 Winnings: -7.0
Choosing model 4
[0.2790561911937567, 0.032259003364108196, 0.3117679665312664, 0.09161183405364144, 0.2853050048572272]
Games played: 21
Exploitability: P1=2.600000000 P2=-0.056326290 EV: (-0.0637523487489466, 0.0637523487489466) P1 Winnings: 0.0
Choosing model 4
[0.2790338542521059, 0.029122742410346993, 0.30925175311486147, 0.0892757126739489, 0.29331593754873686]
Games played: 22
Exploitability: P1=2.600000000 P2=-0.056326290 EV: (-0.0637523487489466, 0.0637523487489466) P1 Winnings: -3.0
Choosing model 2
[0.2788415018178042, 0.02627537188624665, 0.30656892407817987, 0.08694614944715834, 0.3013680527706109]
Games played: 23
Exploitability: P1=4.600000000 P2=-0.056326290 EV: (-0.20708264699445542, 0.20708264699445542) P1 Winnings: -6.0
Choosing model 0
[0.280490148510184, 0.028198773135759744, 0.3126028993451348, 0.08831937655012696, 0.29038880245879456]
Games played: 24
Exploitability: P1=1.900000000 P2=-0.056326290 EV: (-0.08494244066190366, 0.08494244066190366) P1 Winnings: -1.0
Choosing model 1
[0.2815332813556833, 0.030304058533790826, 0.3164026045951681, 0.09082808569142284, 0.28093196982393503]
Games played: 25
Exploitability: P1=2.800000000 P2=-0.056326290 EV: (-0.17736697255757586, 0.17736697255757586) P1 Winnings: -2.0
Choosing model 4
[0.2825514845291038, 0.04821055519444311, 0.3339005751146431, 0.10589580252373765, 0.2294415826380722]
Games played: 26
Exploitability: P1=2.600000000 P2=-0.056326290 EV: (-0.0637523487489466, 0.0637523487489466) P1 Winnings: 5.0
Choosing model 4
[0.27858566428248205, 0.06877249812456784, 0.34257192416339427, 0.1176179380775382, 0.1924519753520175]
Games played: 27
Exploitability: P1=2.600000000 P2=-0.056326290 EV: (-0.0637523487489466, 0.0637523487489466) P1 Winnings: -6.0
Choosing model 3
[0.27228208719894686, 0.04626591020682822, 0.24107706113769645, 0.15591629628179912, 0.2844586451747294]
Games played: 28
Exploitability: P1=1.933333333 P2=-0.056326290 EV: (-0.07573668712250331, 0.07573668712250331) P1 Winnings: 1.0
Choosing model 3
[0.2738522347533302, 0.041306425287212366, 0.24078900277247106, 0.15302489560789806, 0.2910274415790883]
Games played: 29
Exploitability: P1=1.933333333 P2=-0.056326290 EV: (-0.07573668712250331, 0.07573668712250331) P1 Winnings: -2.0
Choosing model 0
[0.2714083527571043, 0.021326226594840514, 0.2253873668553825, 0.1267743951614059, 0.3551036586312669]
Games played: 30
Exploitability: P1=1.900000000 P2=-0.056326290 EV: (-0.08494244066190366, 0.08494244066190366) P1 Winnings: -2.0
Choosing model 0
[0.2751102731180044, 0.025955635936848177, 0.23338721773831508, 0.13681979769480526, 0.32872707551202707]
Games played: 31
Exploitability: P1=1.900000000 P2=-0.056326290 EV: (-0.08494244066190366, 0.08494244066190366) P1 Winnings: -2.0
Choosing model 2
[0.27383435091756064, 0.020808994707816462, 0.22820006271747395, 0.1286828594938933, 0.3484737321632557]
Games played: 32
Exploitability: P1=4.600000000 P2=-0.056326290 EV: (-0.20708264699445542, 0.20708264699445542) P1 Winnings: -2.0
Choosing model 2
[0.2950322215495992, 0.029797157454540004, 0.33263843906223167, 0.09729164371801562, 0.2452405382156135]
Games played: 33
Exploitability: P1=4.600000000 P2=-0.056326290 EV: (-0.20708264699445542, 0.20708264699445542) P1 Winnings: 3.0
Choosing model 2
[0.29534714056966666, 0.024167828225978426, 0.3272545409532287, 0.09216193113164685, 0.26106855911947946]
Games played: 34
Exploitability: P1=4.600000000 P2=-0.056326290 EV: (-0.20708264699445542, 0.20708264699445542) P1 Winnings: 4.0
Choosing model 0
[0.2933573308751943, 0.016470408488401957, 0.3142861500786888, 0.08240271297921163, 0.2934833975785034]
Games played: 35
Exploitability: P1=1.900000000 P2=-0.056326290 EV: (-0.08494244066190366, 0.08494244066190366) P1 Winnings: 4.0
Choosing model 4
[0.29814121625712053, 0.017282340428283666, 0.33820863600011836, 0.07572363577725572, 0.2706441715372217]
Games played: 36
Exploitability: P1=2.600000000 P2=-0.056326290 EV: (-0.0637523487489466, 0.0637523487489466) P1 Winnings: 5.0
Choosing model 4
[0.2964857119814728, 0.013302304317561906, 0.32913577260016164, 0.07032525134876548, 0.2907509597520382]
Games played: 37
Exploitability: P1=2.600000000 P2=-0.056326290 EV: (-0.0637523487489466, 0.0637523487489466) P1 Winnings: 8.0
Choosing model 2
[0.2964857344054301, 0.013302317162724198, 0.32913583435680865, 0.07032527945306968, 0.2907508346219674]
Games played: 38
Exploitability: P1=4.600000000 P2=-0.056326290 EV: (-0.20708264699445542, 0.20708264699445542) P1 Winnings: 7.0
Choosing model 0
[0.29175273008810915, 0.008981337055509143, 0.3131566810662831, 0.06229430753943243, 0.32381494425066604]
Games played: 39
Exploitability: P1=1.900000000 P2=-0.056326290 EV: (-0.08494244066190366, 0.08494244066190366) P1 Winnings: 7.0
Choosing model 4
[0.2937819438801312, 0.00968299303268659, 0.3179851007222483, 0.06427033603039019, 0.3142796263345438]
Games played: 40
Exploitability: P1=2.600000000 P2=-0.056326290 EV: (-0.0637523487489466, 0.0637523487489466) P1 Winnings: 6.0
Choosing model 2
[0.2906425643422212, 0.0072329110178726, 0.3076039758379549, 0.059152612885428064, 0.33536793591652325]
Games played: 41
Exploitability: P1=4.600000000 P2=-0.056326290 EV: (-0.20708264699445542, 0.20708264699445542) P1 Winnings: 6.0
Choosing model 0
[0.3042074277081052, 0.010459476391419302, 0.37619151459632977, 0.05509804517950773, 0.2540435361246379]
Games played: 42
Exploitability: P1=1.900000000 P2=-0.056326290 EV: (-0.08494244066190366, 0.08494244066190366) P1 Winnings: 15.0
Choosing model 2
[0.302640886479467, 0.008309549498306262, 0.36731755747128975, 0.05165553158125144, 0.2700764749696855]
Games played: 43
Exploitability: P1=4.600000000 P2=-0.056326290 EV: (-0.20708264699445542, 0.20708264699445542) P1 Winnings: 15.0
Choosing model 4
[0.3002708593079132, 0.0063584293930574595, 0.3585365151351377, 0.04716477383662719, 0.28766942232726445]
Games played: 44
Exploitability: P1=2.600000000 P2=-0.056326290 EV: (-0.0637523487489466, 0.0637523487489466) P1 Winnings: 18.0
Choosing model 0
[0.2917429820235285, 0.00397284085846025, 0.27974226618430564, 0.04817632993031693, 0.3763655810033886]
Games played: 45
Exploitability: P1=1.900000000 P2=-0.056326290 EV: (-0.08494244066190366, 0.08494244066190366) P1 Winnings: 21.0
Choosing model 4
[0.30540325818201897, 0.004911520469704534, 0.32438703439885885, 0.04532285956423373, 0.31997532738518397]
Games played: 46
Exploitability: P1=2.600000000 P2=-0.056326290 EV: (-0.0637523487489466, 0.0637523487489466) P1 Winnings: 26.0
Choosing model 0
[0.31315864776784796, 0.006960834735671521, 0.34465649172092216, 0.051668620089987384, 0.28355540568557086]
Games played: 47
Exploitability: P1=1.900000000 P2=-0.056326290 EV: (-0.08494244066190366, 0.08494244066190366) P1 Winnings: 31.0
Choosing model 2
[0.3149194218700112, 0.007494709639864322, 0.34950743415012503, 0.05323704434201104, 0.27484138999798824]
Games played: 48
Exploitability: P1=4.600000000 P2=-0.056326290 EV: (-0.20708264699445542, 0.20708264699445542) P1 Winnings: 30.0
Choosing model 0
[0.32069730094825427, 0.009013474052295098, 0.394261552246616, 0.048721442468540106, 0.22730623028429459]
Games played: 49
Exploitability: P1=1.900000000 P2=-0.056326290 EV: (-0.08494244066190366, 0.08494244066190366) P1 Winnings: 35.0
Choosing model 2
[0.3214125607692215, 0.009326804313435026, 0.4183948634527478, 0.04415222071188016, 0.20671355075271547]
Games played: 50
Exploitability: P1=4.600000000 P2=-0.056326290 EV: (-0.20708264699445542, 0.20708264699445542) P1 Winnings: 36.0
Choosing model 2
[0.32091513164661833, 0.009614646630207705, 0.4423317066774414, 0.039860686729775906, 0.18727782831595663]
Games played: 51
Exploitability: P1=4.600000000 P2=-0.056326290 EV: (-0.20708264699445542, 0.20708264699445542) P1 Winnings: 37.0
Choosing model 2
[0.3267263777537729, 0.008673178489492233, 0.41431069044217994, 0.042717256691250094, 0.20757249662330482]
Games played: 52
Exploitability: P1=4.600000000 P2=-0.056326290 EV: (-0.20708264699445542, 0.20708264699445542) P1 Winnings: 28.0
Choosing model 0
[0.3319765724453743, 0.006938279717561634, 0.31709576400053213, 0.05850974346100777, 0.28547964037552426]
Games played: 53
Exploitability: P1=1.900000000 P2=-0.056326290 EV: (-0.08494244066190366, 0.08494244066190366) P1 Winnings: 19.0
Choosing model 2
[0.3406908973043975, 0.011313424141317108, 0.34306586322328536, 0.07018838943162561, 0.23474142589937438]
Games played: 54
Exploitability: P1=4.600000000 P2=-0.056326290 EV: (-0.20708264699445542, 0.20708264699445542) P1 Winnings: 14.0
Choosing model 0
[0.3421397591575678, 0.01006672114599766, 0.31696009377592016, 0.07419469731619778, 0.2566387286043167]
Games played: 55
Exploitability: P1=1.900000000 P2=-0.056326290 EV: (-0.08494244066190366, 0.08494244066190366) P1 Winnings: 5.0
Choosing model 2
[0.33782940528606237, 0.0068201577944182286, 0.30260396634197834, 0.06594698514869012, 0.28679948542885086]
Games played: 56
Exploitability: P1=4.600000000 P2=-0.056326290 EV: (-0.20708264699445542, 0.20708264699445542) P1 Winnings: -2.0
Choosing model 0
[0.3365147667425101, 0.006019384072068667, 0.2773098907108552, 0.06914586261045297, 0.31101009586411316]
Games played: 57
Exploitability: P1=1.900000000 P2=-0.056326290 EV: (-0.08494244066190366, 0.08494244066190366) P1 Winnings: 7.0
Choosing model 2
[0.33315569972645637, 0.004828304424766873, 0.26981022700034296, 0.06477717806321967, 0.3274285907852141]
Games played: 58
Exploitability: P1=4.600000000 P2=-0.056326290 EV: (-0.20708264699445542, 0.20708264699445542) P1 Winnings: 8.0
Choosing model 4
[0.328737125851989, 0.0036743704361527738, 0.2619184139495416, 0.05882187519244871, 0.34684821456986786]
Games played: 59
Exploitability: P1=2.600000000 P2=-0.056326290 EV: (-0.0637523487489466, 0.0637523487489466) P1 Winnings: 11.0
Choosing model 4
[0.33159916154906843, 0.003968314289784592, 0.26641926176532055, 0.06079327946507754, 0.33721998293074884]
Games played: 60
Exploitability: P1=2.600000000 P2=-0.056326290 EV: (-0.0637523487489466, 0.0637523487489466) P1 Winnings: 10.0
Choosing model 4
[0.34504567485610976, 0.006430996531719397, 0.29166518172477185, 0.0734901727059303, 0.28336797418146864]
Games played: 61
Exploitability: P1=2.600000000 P2=-0.056326290 EV: (-0.0637523487489466, 0.0637523487489466) P1 Winnings: 5.0
Choosing model 4
[0.35062486433846285, 0.0067471056396704145, 0.31382322887526604, 0.06752432707996442, 0.2612804740666363]
Games played: 62
Exploitability: P1=2.600000000 P2=-0.056326290 EV: (-0.0637523487489466, 0.0637523487489466) P1 Winnings: 6.0
Choosing model 2
[0.3497582021147373, 0.00607657405028593, 0.3105458486439504, 0.0656450486507932, 0.2679743265402331]
Games played: 63
Exploitability: P1=4.600000000 P2=-0.056326290 EV: (-0.20708264699445542, 0.20708264699445542) P1 Winnings: 3.0
Choosing model 0
[0.3401199729873566, 0.007448250522777196, 0.22452734003753777, 0.11348007576902178, 0.31442436068330665]
Games played: 64
Exploitability: P1=1.900000000 P2=-0.056326290 EV: (-0.08494244066190366, 0.08494244066190366) P1 Winnings: 16.0
Choosing model 0
[0.340120003787046, 0.007448257826213241, 0.22452738551680895, 0.11348012281287409, 0.31442423005705766]
Games played: 65
Exploitability: P1=1.900000000 P2=-0.056326290 EV: (-0.08494244066190366, 0.08494244066190366) P1 Winnings: 15.0
Choosing model 0
[0.3333415425705106, 0.005008693403830144, 0.2127662362009513, 0.10011640303785901, 0.3487671247868489]
Games played: 66
Exploitability: P1=1.900000000 P2=-0.056326290 EV: (-0.08494244066190366, 0.08494244066190366) P1 Winnings: 8.0
Choosing model 3
[0.3174748134260663, 0.0024850422174781516, 0.19138528741816585, 0.0797053749628442, 0.4089494819754454]
Games played: 67
Exploitability: P1=1.933333333 P2=-0.056326290 EV: (-0.07573668712250331, 0.07573668712250331) P1 Winnings: 5.0
Choosing model 4
[0.3337087802067277, 0.004211338843069836, 0.2113031308416307, 0.09720378877413856, 0.3535729613344331]
Games played: 68
Exploitability: P1=2.600000000 P2=-0.056326290 EV: (-0.0637523487489466, 0.0637523487489466) P1 Winnings: 16.0
Choosing model 0
[0.3337088235102305, 0.004211343440867877, 0.21130318382897462, 0.09720383540912042, 0.35357281381080663]
Games played: 69
Exploitability: P1=1.900000000 P2=-0.056326290 EV: (-0.08494244066190366, 0.08494244066190366) P1 Winnings: 13.0
Choosing model 4
[0.31720468645757344, 0.002085364867519224, 0.18969852231390855, 0.0772356564304196, 0.4137757699305793]
Games played: 70
Exploitability: P1=2.600000000 P2=-0.056326290 EV: (-0.0637523487489466, 0.0637523487489466) P1 Winnings: 10.0
Choosing model 4
[0.29809218451154235, 0.0011750040286511157, 0.1697798963450298, 0.062468362157468524, 0.46848455295730834]
Games played: 71
Exploitability: P1=2.600000000 P2=-0.056326290 EV: (-0.0637523487489466, 0.0637523487489466) P1 Winnings: 10.0
Choosing model 2
[0.29510165895548346, 0.0010502108585618097, 0.16673346268831093, 0.060269514505379984, 0.4768451529922638]
Games played: 72
Exploitability: P1=4.600000000 P2=-0.056326290 EV: (-0.20708264699445542, 0.20708264699445542) P1 Winnings: 7.0
Choosing model 0
[0.30742701731079597, 0.0011295878095029226, 0.18391939378148375, 0.05677183708833293, 0.4507521640098843]
Games played: 73
Exploitability: P1=1.900000000 P2=-0.056326290 EV: (-0.08494244066190366, 0.08494244066190366) P1 Winnings: 8.0
Choosing model 4
[0.32368961470787627, 0.0016734298605820756, 0.20108015793637007, 0.06687845557689828, 0.40667834191827323]
Games played: 74
Exploitability: P1=2.600000000 P2=-0.056326290 EV: (-0.0637523487489466, 0.0637523487489466) P1 Winnings: 13.0
Choosing model 0
[0.31131935807815353, 0.0011043009474438054, 0.18699154279534672, 0.057901440064626504, 0.44268335811442955]
Games played: 75
Exploitability: P1=1.900000000 P2=-0.056326290 EV: (-0.08494244066190366, 0.08494244066190366) P1 Winnings: 13.0
Choosing model 2
[0.3031991060962326, 0.0008251895950274468, 0.17822857039305579, 0.05264657451672556, 0.4651005593989586]
Games played: 76
Exploitability: P1=4.600000000 P2=-0.056326290 EV: (-0.20708264699445542, 0.20708264699445542) P1 Winnings: 14.0
Choosing model 4
[0.28097274696781505, 0.00045849682486450767, 0.15729862487867005, 0.04198920794383932, 0.5192809233848111]
Games played: 77
Exploitability: P1=2.600000000 P2=-0.056326290 EV: (-0.0637523487489466, 0.0637523487489466) P1 Winnings: 15.0
Choosing model 4
[0.2856532184816092, 0.0004990794749681744, 0.1612630125627125, 0.04373857636856951, 0.5088461131121407]
Games played: 78
Exploitability: P1=2.600000000 P2=-0.056326290 EV: (-0.0637523487489466, 0.0637523487489466) P1 Winnings: 14.0
Choosing model 4
[0.28229939571254026, 0.0004453040282362092, 0.1580960574277073, 0.04212617062379029, 0.517033072207726]
Games played: 79
Exploitability: P1=2.600000000 P2=-0.056326290 EV: (-0.0637523487489466, 0.0637523487489466) P1 Winnings: 11.0
Choosing model 2
[0.28697559203234846, 0.0004846744081206714, 0.1620656480295333, 0.0438772126758225, 0.506596872854175]
Games played: 80
Exploitability: P1=4.600000000 P2=-0.056326290 EV: (-0.20708264699445542, 0.20708264699445542) P1 Winnings: 10.0
Choosing model 0
[0.29159393281588, 0.0005272809217199643, 0.1660578476109929, 0.045679842311147294, 0.49614109634025977]
Games played: 81
Exploitability: P1=1.900000000 P2=-0.056326290 EV: (-0.08494244066190366, 0.08494244066190366) P1 Winnings: -3.0
Choosing model 4
[0.2915939961442076, 0.0005272815055158292, 0.1660579022739325, 0.04567986703219082, 0.49614095304415323]
Games played: 82
Exploitability: P1=2.600000000 P2=-0.056326290 EV: (-0.0637523487489466, 0.0637523487489466) P1 Winnings: -4.0
Choosing model 0
[0.29614857648912973, 0.0005733661677058922, 0.17006914858797773, 0.04753439156102358, 0.485674517194163]
Games played: 83
Exploitability: P1=1.900000000 P2=-0.056326290 EV: (-0.08494244066190366, 0.08494244066190366) P1 Winnings: -5.0
Choosing model 4
[0.3006335558671482, 0.000623186906875051, 0.17409578641564658, 0.04944106077174192, 0.47520641003858816]
Games played: 84
Exploitability: P1=2.600000000 P2=-0.056326290 EV: (-0.0637523487489466, 0.0637523487489466) P1 Winnings: -6.0
Choosing model 4
[0.30092982796150525, 0.0005550387464499145, 0.17351076758451608, 0.04859357368696197, 0.47641079202056685]
Games played: 85
Exploitability: P1=2.600000000 P2=-0.056326290 EV: (-0.0637523487489466, 0.0637523487489466) P1 Winnings: -6.0
Choosing model 0
[0.3053667628257548, 0.000603029117598361, 0.1775488557586408, 0.050522799158475885, 0.4659585531395301]
Games played: 86
Exploitability: P1=1.900000000 P2=-0.056326290 EV: (-0.08494244066190366, 0.08494244066190366) P1 Winnings: -7.0
Choosing model 0
[0.31727339495714374, 0.000646879346589829, 0.19532783884085825, 0.04746398181426044, 0.4392879050411477]
Games played: 87
Exploitability: P1=1.900000000 P2=-0.056326290 EV: (-0.08494244066190366, 0.08494244066190366) P1 Winnings: -6.0
Choosing model 4
[0.3214606649189983, 0.0007017394967243758, 0.19956907586745437, 0.04927315692802729, 0.4289953627887957]
Games played: 88
Exploitability: P1=2.600000000 P2=-0.056326290 EV: (-0.0637523487489466, 0.0637523487489466) P1 Winnings: -7.0
Choosing model 0
[0.3214607221811909, 0.0007017402462756419, 0.19956913376873062, 0.04927318166965471, 0.42899522213414804]
Games played: 89
Exploitability: P1=1.900000000 P2=-0.056326290 EV: (-0.08494244066190366, 0.08494244066190366) P1 Winnings: -8.0
Choosing model 2
[0.33232293133079616, 0.0007490001261505424, 0.2184540712119298, 0.046058296861847536, 0.4024157004692758]
Games played: 90
Exploitability: P1=4.600000000 P2=-0.056326290 EV: (-0.20708264699445542, 0.20708264699445542) P1 Winnings: -7.0
Choosing model 0
[0.3361978769668705, 0.0008112878907488926, 0.22285876058863296, 0.04774133657449659, 0.39239073797925117]
Games played: 91
Exploitability: P1=1.900000000 P2=-0.056326290 EV: (-0.08494244066190366, 0.08494244066190366) P1 Winnings: -20.0
Choosing model 4
[0.33996488005241815, 0.0008783599689645389, 0.22724990869444084, 0.0494635973336269, 0.3824432539505496]
Games played: 92
Exploitability: P1=2.600000000 P2=-0.056326290 EV: (-0.0637523487489466, 0.0637523487489466) P1 Winnings: -21.0
Choosing model 0
[0.3493116367379723, 0.0009318041612501702, 0.2472390652474802, 0.0459546614757931, 0.3565628323775043]
Games played: 93
Exploitability: P1=1.900000000 P2=-0.056326290 EV: (-0.08494244066190366, 0.08494244066190366) P1 Winnings: -20.0
Choosing model 2
[0.3439119207733432, 0.0007432900003518112, 0.23922204319968704, 0.0428130779586608, 0.3733096680679572]
Games played: 94
Exploitability: P1=4.600000000 P2=-0.056326290 EV: (-0.20708264699445542, 0.20708264699445542) P1 Winnings: -19.0
Choosing model 0
[0.3578138681789433, 0.001088100507086431, 0.2584437841420927, 0.04983712080941834, 0.33281712636245925]
Games played: 95
Exploitability: P1=1.900000000 P2=-0.056326290 EV: (-0.08494244066190366, 0.08494244066190366) P1 Winnings: -19.0
Choosing model 4
[0.36090201361407703, 0.0011750586973002606, 0.26286522540262464, 0.05150354392077309, 0.323554158365225]
Games played: 96
Exploitability: P1=2.600000000 P2=-0.056326290 EV: (-0.0637523487489466, 0.0637523487489466) P1 Winnings: -14.0
Choosing model 4
[0.36090205567532924, 0.001175059880051717, 0.26286528547916743, 0.05150356661042713, 0.32355403235502456]
Games played: 97
Exploitability: P1=2.600000000 P2=-0.056326290 EV: (-0.0637523487489466, 0.0637523487489466) P1 Winnings: -15.0
Choosing model 4
[0.3713799302483881, 0.001671259247492307, 0.28028157751143923, 0.05892305140879205, 0.2877441815838882]
Games played: 98
Exploitability: P1=2.600000000 P2=-0.056326290 EV: (-0.0637523487489466, 0.0637523487489466) P1 Winnings: -20.0
Choosing model 0
[0.3713799650202187, 0.0016712608913940635, 0.28028163514544996, 0.05892307601679148, 0.2877440629261459]
Games played: 99
Exploitability: P1=1.900000000 P2=-0.056326290 EV: (-0.08494244066190366, 0.08494244066190366) P1 Winnings: -21.0
Choosing model 2
[0.3800214669065433, 0.0024062164573067876, 0.2978099874201099, 0.06745926780167417, 0.2523030614143658]
Games played: 100
Exploitability: P1=4.600000000 P2=-0.056326290 EV: (-0.20708264699445542, 0.20708264699445542) P1 Winnings: -16.0
Choosing model 2
[0.3860756792456909, 0.003439535452642797, 0.31416552732172287, 0.07667830262490566, 0.21964095535503778]
Games played: 101
Exploitability: P1=4.600000000 P2=-0.056326290 EV: (-0.20708264699445542, 0.20708264699445542) P1 Winnings: -11.0
Choosing model 2
[0.3846375481404278, 0.002776377346682321, 0.30760096170352635, 0.07228770358633467, 0.23269740922302892]
Games played: 102
Exploitability: P1=4.600000000 P2=-0.056326290 EV: (-0.20708264699445542, 0.20708264699445542) P1 Winnings: -10.0
Choosing model 4
[0.3914479392431982, 0.0033368936624564565, 0.34677052242563383, 0.06611455883515646, 0.19233008583355504]
Games played: 103
Exploitability: P1=2.600000000 P2=-0.056326290 EV: (-0.0637523487489466, 0.0637523487489466) P1 Winnings: -5.0
Choosing model 2
[0.38786802811420024, 0.005511909526554846, 0.42590544935705393, 0.05797134240698759, 0.1227432705952033]
Games played: 104
Exploitability: P1=4.600000000 P2=-0.056326290 EV: (-0.20708264699445542, 0.20708264699445542) P1 Winnings: 0.0
Choosing model 2
[0.38102954242239206, 0.006394672228009615, 0.4634682777412388, 0.05117977432431529, 0.09792773328404417]
Games played: 105
Exploitability: P1=4.600000000 P2=-0.056326290 EV: (-0.20708264699445542, 0.20708264699445542) P1 Winnings: 5.0
Choosing model 0
[0.3848580219359893, 0.004342924358619647, 0.45165021662699745, 0.04623313507843081, 0.11291570199996266]
Games played: 106
Exploitability: P1=1.900000000 P2=-0.056326290 EV: (-0.08494244066190366, 0.08494244066190366) P1 Winnings: 0.0
Choosing model 0
[0.38035711637181724, 0.004431455372147385, 0.4726368751504219, 0.041315139270157585, 0.10125941383545595]
Games played: 107
Exploitability: P1=1.900000000 P2=-0.056326290 EV: (-0.08494244066190366, 0.08494244066190366) P1 Winnings: 1.0
Choosing model 2
[0.37671779358746466, 0.0060663238169861395, 0.4850476697090088, 0.045493843105580425, 0.0866743697809599]
Games played: 108
Exploitability: P1=4.600000000 P2=-0.056326290 EV: (-0.20708264699445542, 0.20708264699445542) P1 Winnings: 1.0
Choosing model 2
[0.3821809218966465, 0.003688008764546687, 0.4712666980939927, 0.04025679060783228, 0.10260758063698179]
Games played: 109
Exploitability: P1=4.600000000 P2=-0.056326290 EV: (-0.20708264699445542, 0.20708264699445542) P1 Winnings: 4.0
Choosing model 2
[0.3816076183019766, 0.00394274258218138, 0.47451472684792845, 0.04118501451632259, 0.09874989775159107]
Games played: 110
Exploitability: P1=4.600000000 P2=-0.056326290 EV: (-0.20708264699445542, 0.20708264699445542) P1 Winnings: -9.0
Choosing model 2
[0.37761338653487736, 0.005489459080926156, 0.4875677794258188, 0.04559698452580605, 0.08373239043257169]
Games played: 111
Exploitability: P1=4.600000000 P2=-0.056326290 EV: (-0.20708264699445542, 0.20708264699445542) P1 Winnings: -9.0
Choosing model 4
[0.40519622337578637, 0.005425534453393552, 0.4156888463010496, 0.06531261139112045, 0.10837678447864994]
Games played: 112
Exploitability: P1=2.600000000 P2=-0.056326290 EV: (-0.0637523487489466, 0.0637523487489466) P1 Winnings: -22.0
Choosing model 2
[0.4009576095056016, 0.0046193821393924455, 0.4454926113926157, 0.05245492984443834, 0.0964754671179518]
Games played: 113
Exploitability: P1=4.600000000 P2=-0.056326290 EV: (-0.20708264699445542, 0.20708264699445542) P1 Winnings: -19.0
Choosing model 2
[0.40233154623055245, 0.003730058783161249, 0.44376619202408, 0.04844284044026489, 0.10172936252194138]
Games played: 114
Exploitability: P1=4.600000000 P2=-0.056326290 EV: (-0.20708264699445542, 0.20708264699445542) P1 Winnings: -18.0
Choosing model 2
[0.4033973160885307, 0.0030096136859444566, 0.44170387764546865, 0.044702949765462505, 0.10718624281459359]
Games played: 115
Exploitability: P1=4.600000000 P2=-0.056326290 EV: (-0.20708264699445542, 0.20708264699445542) P1 Winnings: -17.0
Choosing model 4
[0.40293404235779207, 0.0032186233368635734, 0.4449047881500885, 0.04574979790815158, 0.10319274824710441]
Games played: 116
Exploitability: P1=2.600000000 P2=-0.056326290 EV: (-0.0637523487489466, 0.0637523487489466) P1 Winnings: -30.0
Choosing model 2
[0.402934036192359, 0.003218626152194826, 0.4449048311718828, 0.04574981203108239, 0.10319269445248104]
Games played: 117
Exploitability: P1=4.600000000 P2=-0.056326290 EV: (-0.20708264699445542, 0.20708264699445542) P1 Winnings: -31.0
Choosing model 2
[0.3993189323955741, 0.004488045654652052, 0.45783398333242475, 0.050727307863300326, 0.08763173075404876]
Games played: 118
Exploitability: P1=4.600000000 P2=-0.056326290 EV: (-0.20708264699445542, 0.20708264699445542) P1 Winnings: -31.0
Choosing model 3
[0.3945647937178892, 0.00612929370683412, 0.4687472219483222, 0.05572615324922191, 0.0748325373777325]
Games played: 119
Exploitability: P1=1.933333333 P2=-0.056326290 EV: (-0.07573668712250331, 0.07573668712250331) P1 Winnings: -26.0
Choosing model 2
[0.38859308914207547, 0.008343375606503065, 0.47835209548320456, 0.061017529970961014, 0.0636939097972557]
Games played: 120
Exploitability: P1=4.600000000 P2=-0.056326290 EV: (-0.20708264699445542, 0.20708264699445542) P1 Winnings: -26.0
Choosing model 3
[0.3814729768610212, 0.011320491231774171, 0.4865736934395403, 0.06659508730504869, 0.05403775116261555]
Games played: 121
Exploitability: P1=1.933333333 P2=-0.056326290 EV: (-0.07573668712250331, 0.07573668712250331) P1 Winnings: -35.0
Choosing model 3
[0.41844182744247105, 0.00854709322553506, 0.384293667264676, 0.09907626766718688, 0.08964114440013095]
Games played: 122
Exploitability: P1=1.933333333 P2=-0.056326290 EV: (-0.07573668712250331, 0.07573668712250331) P1 Winnings: -38.0
Choosing model 2
[0.4171695322756979, 0.007331692254086334, 0.4149347262290448, 0.0801684193733432, 0.08039562986782779]
Games played: 123
Exploitability: P1=4.600000000 P2=-0.056326290 EV: (-0.20708264699445542, 0.20708264699445542) P1 Winnings: -35.0
Choosing model 0
[0.43802648201173155, 0.0060609722311354974, 0.328177369986538, 0.11347304444245522, 0.11426213132813968]
Games played: 124
Exploitability: P1=1.900000000 P2=-0.056326290 EV: (-0.08494244066190366, 0.08494244066190366) P1 Winnings: -44.0
Choosing model 2
[0.44109048174169674, 0.004682891774987261, 0.32342196938673445, 0.10667901299907653, 0.1241256440975049]
Games played: 125
Exploitability: P1=4.600000000 P2=-0.056326290 EV: (-0.20708264699445542, 0.20708264699445542) P1 Winnings: -43.0
Choosing model 0
[0.44402639179482506, 0.0031696937342703185, 0.3141166303162213, 0.09604464821863169, 0.14264263593605173]
Games played: 126
Exploitability: P1=1.900000000 P2=-0.056326290 EV: (-0.08494244066190366, 0.08494244066190366) P1 Winnings: -48.0
Choosing model 4
[0.447055911724289, 0.0027458616608759786, 0.34251772478889486, 0.07848423310966647, 0.12919626871627368]
Games played: 127
Exploitability: P1=2.600000000 P2=-0.056326290 EV: (-0.0637523487489466, 0.0637523487489466) P1 Winnings: -45.0
Choosing model 2
[0.44449229382220057, 0.0039499585851311214, 0.3543715712308353, 0.08790598726641055, 0.10928018909542243]
Games played: 128
Exploitability: P1=4.600000000 P2=-0.056326290 EV: (-0.20708264699445542, 0.20708264699445542) P1 Winnings: -46.0
Choosing model 0
[0.4438803775280018, 0.004208384338407693, 0.35872798469932726, 0.08864731963757778, 0.10453593379668553]
Games played: 129
Exploitability: P1=1.900000000 P2=-0.056326290 EV: (-0.08494244066190366, 0.08494244066190366) P1 Winnings: -41.0
Choosing model 0
[0.439027197944837, 0.005856547338515674, 0.3684221168253376, 0.09809743259382778, 0.08859670529748191]
Games played: 130
Exploitability: P1=1.900000000 P2=-0.056326290 EV: (-0.08494244066190366, 0.08494244066190366) P1 Winnings: -36.0
Choosing model 0
[0.43783616213178683, 0.006253458512987912, 0.3705107433343985, 0.10023741927417083, 0.08516221674665593]
Games played: 131
Exploitability: P1=1.900000000 P2=-0.056326290 EV: (-0.08494244066190366, 0.08494244066190366) P1 Winnings: -31.0
Choosing model 0
[0.4563408924478432, 0.004191429027930236, 0.310110184422377, 0.1098338889081593, 0.11952360519369046]
Games played: 132
Exploitability: P1=1.900000000 P2=-0.056326290 EV: (-0.08494244066190366, 0.08494244066190366) P1 Winnings: -28.0
Choosing model 2
[0.4587470715814189, 0.0032612839077046495, 0.3050763842454907, 0.1031141731268154, 0.1298010871385702]
Games played: 133
Exploitability: P1=4.600000000 P2=-0.056326290 EV: (-0.20708264699445542, 0.20708264699445542) P1 Winnings: -28.0
Choosing model 0
[0.4562737421064938, 0.004481537177842314, 0.35454161258433725, 0.09126876956739802, 0.09343433856392877]
Games played: 134
Exploitability: P1=1.900000000 P2=-0.056326290 EV: (-0.08494244066190366, 0.08494244066190366) P1 Winnings: -19.0
Choosing model 2
[0.4596325740159781, 0.003463832117010884, 0.34953132805773607, 0.0858354092136123, 0.10153685659566278]
Games played: 135
Exploitability: P1=4.600000000 P2=-0.056326290 EV: (-0.20708264699445542, 0.20708264699445542) P1 Winnings: -18.0
Choosing model 2
[0.4582325942629524, 0.0035653742594761585, 0.36897391281997166, 0.07737604621356363, 0.0918520724440361]
Games played: 136
Exploitability: P1=4.600000000 P2=-0.056326290 EV: (-0.20708264699445542, 0.20708264699445542) P1 Winnings: -17.0
Choosing model 0
[0.4513275803876618, 0.004147176916124738, 0.4025628632950369, 0.06848930717805549, 0.07347307222312091]
Games played: 137
Exploitability: P1=1.900000000 P2=-0.056326290 EV: (-0.08494244066190366, 0.08494244066190366) P1 Winnings: -12.0
Choosing model 0
[0.454393233769142, 0.0033829222231259366, 0.3983122073880327, 0.0652492402772816, 0.07866239634241774]
Games played: 138
Exploitability: P1=1.900000000 P2=-0.056326290 EV: (-0.08494244066190366, 0.08494244066190366) P1 Winnings: -11.0
Choosing model 2
[0.4510275410276869, 0.004114221622781043, 0.40475715691785585, 0.06940576662279167, 0.07069531380888436]
Games played: 139
Exploitability: P1=4.600000000 P2=-0.056326290 EV: (-0.20708264699445542, 0.20708264699445542) P1 Winnings: -16.0
Choosing model 0
[0.4326086955040995, 0.00545212858093844, 0.45362102229080015, 0.059243321420869674, 0.049074832203292174]
Games played: 140
Exploitability: P1=1.900000000 P2=-0.056326290 EV: (-0.08494244066190366, 0.08494244066190366) P1 Winnings: -7.0
Choosing model 2
[0.45275552148955356, 0.006480676255545178, 0.4116790347726087, 0.07476147822274605, 0.05432328925954654]
Games played: 141
Exploitability: P1=4.600000000 P2=-0.056326290 EV: (-0.20708264699445542, 0.20708264699445542) P1 Winnings: -2.0
Choosing model 2
[0.4532309927316911, 0.007424818010971689, 0.4065540756080528, 0.08158607398087288, 0.051204039668411645]
Games played: 142
Exploitability: P1=4.600000000 P2=-0.056326290 EV: (-0.20708264699445542, 0.20708264699445542) P1 Winnings: -2.0
Choosing model 4
[0.464634365107436, 0.0067441697838145015, 0.3834370834356771, 0.0880384398578742, 0.05714594181519806]
Games played: 143
Exploitability: P1=2.600000000 P2=-0.056326290 EV: (-0.0637523487489466, 0.0637523487489466) P1 Winnings: 7.0
Choosing model 2
[0.4549982715480669, 0.009555169803274177, 0.3907202872782888, 0.09711904425474674, 0.04760722711562345]
Games played: 144
Exploitability: P1=4.600000000 P2=-0.056326290 EV: (-0.20708264699445542, 0.20708264699445542) P1 Winnings: 6.0
Choosing model 0
[0.4644736843369558, 0.006558610771498878, 0.3848200065040853, 0.08866839545994643, 0.0554793029275135]
Games played: 145
Exploitability: P1=1.900000000 P2=-0.056326290 EV: (-0.08494244066190366, 0.08494244066190366) P1 Winnings: 1.0
Choosing model 0
[0.46022729087872516, 0.006709593740632541, 0.4037413902726333, 0.07944105054794234, 0.049880674560066826]
Games played: 146
Exploitability: P1=1.900000000 P2=-0.056326290 EV: (-0.08494244066190366, 0.08494244066190366) P1 Winnings: 2.0
Choosing model 2
[0.464565265094439, 0.005487443482491542, 0.4005230986527057, 0.07588082604777983, 0.05354336672258394]
Games played: 147
Exploitability: P1=4.600000000 P2=-0.056326290 EV: (-0.20708264699445542, 0.20708264699445542) P1 Winnings: 3.0
Choosing model 1
[0.4679844837535993, 0.004448370359292399, 0.4005349034733123, 0.07035167342899645, 0.05668056898479955]
Games played: 148
Exploitability: P1=2.800000000 P2=-0.056326290 EV: (-0.17736697255757586, 0.17736697255757586) P1 Winnings: 4.0
Choosing model 2
[0.4717270471992011, 0.0036329530501186735, 0.39677978496595107, 0.06710373379630621, 0.060756480988422935]
Games played: 149
Exploitability: P1=4.600000000 P2=-0.056326290 EV: (-0.20708264699445542, 0.20708264699445542) P1 Winnings: 3.0
Choosing model 0
[0.4664041116751801, 0.0037085529979120793, 0.41538949266316544, 0.05999059268201863, 0.054507249981723814]
Games played: 150
Exploitability: P1=1.900000000 P2=-0.056326290 EV: (-0.08494244066190366, 0.08494244066190366) P1 Winnings: 4.0
Choosing model 0
[0.4769391204575183, 0.0019755796918403236, 0.40118259639248516, 0.05127979308399368, 0.06862291037416249]
Games played: 151
Exploitability: P1=1.900000000 P2=-0.056326290 EV: (-0.08494244066190366, 0.08494244066190366) P1 Winnings: 1.0
Choosing model 2
[0.4842901120261968, 0.0010726267712812356, 0.3844756350607063, 0.04353414592490887, 0.08662748021690678]
Games played: 152
Exploitability: P1=4.600000000 P2=-0.056326290 EV: (-0.20708264699445542, 0.20708264699445542) P1 Winnings: 0.0
Choosing model 0
[0.5079805995775749, 0.0010362991048779818, 0.3204244991659409, 0.06095572093846209, 0.10960288121314408]
Games played: 153
Exploitability: P1=1.900000000 P2=-0.056326290 EV: (-0.08494244066190366, 0.08494244066190366) P1 Winnings: 13.0
Choosing model 2
[0.5065117975563136, 0.0010668433978295946, 0.3383004143669042, 0.05495684409167228, 0.09916410058728031]
Games played: 154
Exploitability: P1=4.600000000 P2=-0.056326290 EV: (-0.20708264699445542, 0.20708264699445542) P1 Winnings: 14.0
Choosing model 0
[0.5059714877107728, 0.0011369943217897523, 0.3425655463963769, 0.05543750884844978, 0.09488846272261078]
Games played: 155
Exploitability: P1=1.900000000 P2=-0.056326290 EV: (-0.08494244066190366, 0.08494244066190366) P1 Winnings: 19.0
Choosing model 0
[0.5078912316544518, 0.0008756841213492613, 0.33652855506459106, 0.05195260641724955, 0.10275192274235838]
Games played: 156
Exploitability: P1=1.900000000 P2=-0.056326290 EV: (-0.08494244066190366, 0.08494244066190366) P1 Winnings: 20.0
Choosing model 2
[0.509286337685449, 0.0006737259781651315, 0.3302530216651517, 0.0486359736610154, 0.11115094101021887]
Games played: 157
Exploitability: P1=4.600000000 P2=-0.056326290 EV: (-0.20708264699445542, 0.20708264699445542) P1 Winnings: 21.0
Choosing model 0
[0.5099208716520963, 0.0004535718975827489, 0.3190273212433539, 0.0435523366604364, 0.1270458985465306]
Games played: 158
Exploitability: P1=1.900000000 P2=-0.056326290 EV: (-0.08494244066190366, 0.08494244066190366) P1 Winnings: 26.0
Choosing model 2
[0.5098541840443594, 0.00036744205481265745, 0.31348800124979304, 0.04120667663139918, 0.13508369601963563]
Games played: 159
Exploitability: P1=4.600000000 P2=-0.056326290 EV: (-0.20708264699445542, 0.20708264699445542) P1 Winnings: 25.0
Choosing model 4
[0.5092781212705769, 0.0002816063222699902, 0.3064527499631821, 0.03842692072624119, 0.14556060171772975]
Games played: 160
Exploitability: P1=2.600000000 P2=-0.056326290 EV: (-0.0637523487489466, 0.0637523487489466) P1 Winnings: 26.0
Choosing model 2
[0.5108956480377307, 0.0002840824055160478, 0.3097260598279991, 0.03925076042509609, 0.13984344930365816]
Games played: 161
Exploitability: P1=4.600000000 P2=-0.056326290 EV: (-0.20708264699445542, 0.20708264699445542) P1 Winnings: 29.0
Choosing model 2
[0.5162390803472177, 0.0002543395895610388, 0.2879257379505581, 0.04174758189190232, 0.15383326022076083]
Games played: 162
Exploitability: P1=4.600000000 P2=-0.056326290 EV: (-0.20708264699445542, 0.20708264699445542) P1 Winnings: 20.0
Choosing model 4
[0.5169082202974157, 0.0002629357496870153, 0.30526528970979755, 0.037797124381028634, 0.13976642986207116]
Games played: 163
Exploitability: P1=2.600000000 P2=-0.056326290 EV: (-0.0637523487489466, 0.0637523487489466) P1 Winnings: 21.0
Choosing model 2
[0.5124408527575277, 0.0001562882878493661, 0.28821667434293674, 0.032249301606151685, 0.16693688300553447]
Games played: 164
Exploitability: P1=4.600000000 P2=-0.056326290 EV: (-0.20708264699445542, 0.20708264699445542) P1 Winnings: 22.0
Choosing model 4
[0.5124409334598464, 0.00015628883978218832, 0.28821684193753344, 0.03224934631956229, 0.16693658944327563]
Games played: 165
Exploitability: P1=2.600000000 P2=-0.056326290 EV: (-0.0637523487489466, 0.0637523487489466) P1 Winnings: 13.0
Choosing model 3
[0.5051942679812989, 8.838114064178113e-05, 0.20925793295956618, 0.03870641659193774, 0.24675300132655542]
Games played: 166
Exploitability: P1=1.933333333 P2=-0.056326290 EV: (-0.07573668712250331, 0.07573668712250331) P1 Winnings: 20.0
Choosing model 2
[0.5124943380705912, 9.256853095427687e-05, 0.22477446109144067, 0.03550409918944428, 0.2271345331175696]
Games played: 167
Exploitability: P1=4.600000000 P2=-0.056326290 EV: (-0.20708264699445542, 0.20708264699445542) P1 Winnings: 21.0
Choosing model 0
[0.5070596132257659, 7.027127425966913e-05, 0.2176458961163186, 0.03279498303638977, 0.24242923634726601]
Games played: 168
Exploitability: P1=1.900000000 P2=-0.056326290 EV: (-0.08494244066190366, 0.08494244066190366) P1 Winnings: 22.0
Choosing model 4
[0.5101835424008553, 7.570136418183345e-05, 0.2208273318584087, 0.03380857540512667, 0.23510484897142753]
Games played: 169
Exploitability: P1=2.600000000 P2=-0.056326290 EV: (-0.0637523487489466, 0.0637523487489466) P1 Winnings: 21.0
Choosing model 0
[0.4909418811526283, 3.8951013887915605e-05, 0.20055825638886796, 0.027200169960994485, 0.28126074148362135]
Games played: 170
Exploitability: P1=1.900000000 P2=-0.056326290 EV: (-0.08494244066190366, 0.08494244066190366) P1 Winnings: 20.0
Choosing model 2
[0.4846855245738731, 3.11564707531673e-05, 0.19458992866011754, 0.025410576291903016, 0.2952828140033532]
Games played: 171
Exploitability: P1=4.600000000 P2=-0.056326290 EV: (-0.20708264699445542, 0.20708264699445542) P1 Winnings: 19.0
Choosing model 2
[0.46125380381221476, 1.779039204173713e-05, 0.16016311899684094, 0.023601420134675307, 0.35496386666422725]
Games played: 172
Exploitability: P1=4.600000000 P2=-0.056326290 EV: (-0.20708264699445542, 0.20708264699445542) P1 Winnings: 19.0
Choosing model 0
[0.4663389016024438, 1.9257754665227044e-05, 0.16328982133169193, 0.02444847996383063, 0.3459035393473685]
Games played: 173
Exploitability: P1=1.900000000 P2=-0.056326290 EV: (-0.08494244066190366, 0.08494244066190366) P1 Winnings: 6.0
Choosing model 0
[0.47867966067191225, 1.700815764894384e-05, 0.1815271150013934, 0.02036814053177916, 0.3194080756372662]
Games played: 174
Exploitability: P1=1.900000000 P2=-0.056326290 EV: (-0.08494244066190366, 0.08494244066190366) P1 Winnings: 9.0
Choosing model 0
[0.44518877448416894, 1.2453940455622658e-05, 0.12716915871306175, 0.025535961450975052, 0.40209365141133874]
Games played: 175
Exploitability: P1=1.900000000 P2=-0.056326290 EV: (-0.08494244066190366, 0.08494244066190366) P1 Winnings: 18.0
Choosing model 0
[0.4600023324279037, 1.3286045202084385e-05, 0.1391335939826423, 0.023857938626986923, 0.3769928489172649]
Games played: 176
Exploitability: P1=1.900000000 P2=-0.056326290 EV: (-0.08494244066190366, 0.08494244066190366) P1 Winnings: 19.0
Choosing model 4
[0.4336722597844107, 1.5395406718226583e-05, 0.10000011158479806, 0.03631711789372941, 0.4299951153303436]
Games played: 177
Exploitability: P1=2.600000000 P2=-0.056326290 EV: (-0.0637523487489466, 0.0637523487489466) P1 Winnings: 14.0
Choosing model 4
[0.35982790609420423, 8.792459346928993e-06, 0.059741689174022894, 0.040869772083547695, 0.5395518401888783]
Games played: 178
Exploitability: P1=2.600000000 P2=-0.056326290 EV: (-0.0637523487489466, 0.0637523487489466) P1 Winnings: 21.0
Choosing model 0
[0.37891440625063116, 9.5593806798277e-06, 0.06661287073817176, 0.03891467124283016, 0.5155484923876871]
Games played: 179
Exploitability: P1=1.900000000 P2=-0.056326290 EV: (-0.08494244066190366, 0.08494244066190366) P1 Winnings: 22.0
Choosing model 4
[0.38551432184922707, 1.0413281503012832e-05, 0.0683427528281709, 0.040566244292756445, 0.5055662677483425]
Games played: 180
Exploitability: P1=2.600000000 P2=-0.056326290 EV: (-0.0637523487489466, 0.0637523487489466) P1 Winnings: 21.0
Choosing model 0
[0.3723320859830695, 7.593586457039083e-06, 0.06454067026711337, 0.03644886375672462, 0.5266707864066356]
Games played: 181
Exploitability: P1=1.900000000 P2=-0.056326290 EV: (-0.08494244066190366, 0.08494244066190366) P1 Winnings: 21.0
Choosing model 4
[0.3328895411321664, 3.6301791039614164e-06, 0.05446120435784538, 0.02724550050923776, 0.5854001238216465]
Games played: 182
Exploitability: P1=2.600000000 P2=-0.056326290 EV: (-0.0637523487489466, 0.0637523487489466) P1 Winnings: 20.0
Choosing model 4
[0.33288964235898144, 3.6301837000856797e-06, 0.054461227508517104, 0.027245518330140165, 0.5853999816186611]
Games played: 183
Exploitability: P1=2.600000000 P2=-0.056326290 EV: (-0.0637523487489466, 0.0637523487489466) P1 Winnings: 17.0
Choosing model 0
[0.3328897359950464, 3.630187952064137e-06, 0.05446124892718445, 0.02724553482139875, 0.5853998500684183]
Games played: 184
Exploitability: P1=1.900000000 P2=-0.056326290 EV: (-0.08494244066190366, 0.08494244066190366) P1 Winnings: 16.0
Choosing model 4
[0.33589768248515994, 3.4075102797153847e-06, 0.054954566379995774, 0.027358053227069485, 0.581786290397495]
Games played: 185
Exploitability: P1=2.600000000 P2=-0.056326290 EV: (-0.0637523487489466, 0.0637523487489466) P1 Winnings: 13.0
Choosing model 4
[0.3244313820093801, 2.6508877040698406e-06, 0.052140742139790905, 0.024968455545670443, 0.5984567694174545]
Games played: 186
Exploitability: P1=2.600000000 P2=-0.056326290 EV: (-0.0637523487489466, 0.0637523487489466) P1 Winnings: 14.0
Choosing model 0
[0.34322333418853673, 2.895465482412535e-06, 0.05840708532552295, 0.023884189205092277, 0.5744824958153656]
Games played: 187
Exploitability: P1=1.900000000 P2=-0.056326290 EV: (-0.08494244066190366, 0.08494244066190366) P1 Winnings: 15.0
Choosing model 4
[0.3203532588601549, 1.8542714103759465e-06, 0.05271002973995725, 0.020067284715538744, 0.6068675724129388]
Games played: 188
Exploitability: P1=2.600000000 P2=-0.056326290 EV: (-0.0637523487489466, 0.0637523487489466) P1 Winnings: 18.0
Choosing model 0
[0.32035335325823344, 1.8542736070770737e-06, 0.05271005117549024, 0.020067297130554773, 0.6068674441621145]
Games played: 189
Exploitability: P1=1.900000000 P2=-0.056326290 EV: (-0.08494244066190366, 0.08494244066190366) P1 Winnings: 17.0
Choosing model 4
[0.30645562559673944, 1.3609953732493883e-06, 0.04934751981928143, 0.01792198742835756, 0.6262735061602482]
Games played: 190
Exploitability: P1=2.600000000 P2=-0.056326290 EV: (-0.0637523487489466, 0.0637523487489466) P1 Winnings: 18.0
Choosing model 2
[0.34479087816800424, 2.427258744952008e-06, 0.05837953417340732, 0.023424396746129825, 0.5734027636537137]
Games played: 191
Exploitability: P1=4.600000000 P2=-0.056326290 EV: (-0.20708264699445542, 0.20708264699445542) P1 Winnings: 15.0
Choosing model 0
[0.38472559719624627, 3.1985484293789335e-06, 0.07215859866562313, 0.023489516232542827, 0.5196230893571585]
Games played: 192
Exploitability: P1=1.900000000 P2=-0.056326290 EV: (-0.08494244066190366, 0.08494244066190366) P1 Winnings: 20.0
Choosing model 0
[0.3724490614212869, 2.472740153184938e-06, 0.06856126122520204, 0.021429534245147017, 0.5375576703682108]
Games played: 193
Exploitability: P1=1.900000000 P2=-0.056326290 EV: (-0.08494244066190366, 0.08494244066190366) P1 Winnings: 20.0
Choosing model 4
[0.3794033625202663, 2.6969395966982737e-06, 0.07042842906181083, 0.022366553351988526, 0.5277989581263377]
Games played: 194
Exploitability: P1=2.600000000 P2=-0.056326290 EV: (-0.0637523487489466, 0.0637523487489466) P1 Winnings: 11.0
Choosing model 0
[0.3650244316880446, 2.008327572433399e-06, 0.06630975189559554, 0.02009638342012608, 0.5485674246686614]
Games played: 195
Exploitability: P1=1.900000000 P2=-0.056326290 EV: (-0.08494244066190366, 0.08494244066190366) P1 Winnings: 14.0
Choosing model 0
[0.32992248190094403, 1.0883556504096763e-06, 0.05707930831748444, 0.015632886258953496, 0.5973642351669677]
Games played: 196
Exploitability: P1=1.900000000 P2=-0.056326290 EV: (-0.08494244066190366, 0.08494244066190366) P1 Winnings: 15.0
Choosing model 4
[0.32992257784506407, 1.0883569355510519e-06, 0.05707933130950522, 0.015632895870189834, 0.5973641066183053]
Games played: 197
Exploitability: P1=2.600000000 P2=-0.056326290 EV: (-0.0637523487489466, 0.0637523487489466) P1 Winnings: 14.0
Choosing model 4
[0.3329452486813704, 1.0217239993698758e-06, 0.05760354979982512, 0.015699415000996034, 0.5937507647938091]
Games played: 198
Exploitability: P1=2.600000000 P2=-0.056326290 EV: (-0.0637523487489466, 0.0637523487489466) P1 Winnings: 11.0
Choosing model 2
[0.32774687431657673, 9.080618265552663e-07, 0.056251023465579135, 0.015061413056081647, 0.600939781099936]
Games played: 199
Exploitability: P1=4.600000000 P2=-0.056326290 EV: (-0.20708264699445542, 0.20708264699445542) P1 Winnings: 8.0
Choosing model 4
[0.3716405107280355, 1.4316981215901444e-06, 0.07057888431335699, 0.01648253472221364, 0.5412966385382723]
Games played: 200
Exploitability: P1=2.600000000 P2=-0.056326290 EV: (-0.0637523487489466, 0.0637523487489466) P1 Winnings: 13.0
