Player 1 exploitability: 0.0937862891085
Choosing model 4
[0.1973349639706216, 0.21128199721835308, 0.19899353135783318, 0.2021883263136098, 0.19020118113958234]
Games played: 1
Exploitability: P1=2.600000000 P2=0.008134275 EV: (0.007973091505104713, -0.007973091505104713) P1 Winnings: -1
Choosing model 2
[0.1672590894050805, 0.3215769458719794, 0.17992241502065584, 0.20772931323163837, 0.12351223647064595]
Games played: 2
Exploitability: P1=4.600000000 P2=0.008134275 EV: (-0.4651878610413412, 0.4651878610413412) P1 Winnings: -4
Choosing model 2
[0.18069719797010098, 0.27957140901945965, 0.19296344447338332, 0.20654616637874582, 0.14022178215831024]
Games played: 3
Exploitability: P1=4.600000000 P2=0.008134275 EV: (-0.4651878610413412, 0.4651878610413412) P1 Winnings: -3.0
Choosing model 2
[0.17211540081963103, 0.35391851521179923, 0.24866720294441383, 0.13805710697529244, 0.08724177404886348]
Games played: 4
Exploitability: P1=4.600000000 P2=0.008134275 EV: (-0.4651878610413412, 0.4651878610413412) P1 Winnings: 2.0
Choosing model 3
[0.18026956649576403, 0.32844066233496444, 0.23961017529458742, 0.15220398572024935, 0.09947561015443468]
Games played: 5
Exploitability: P1=1.933333333 P2=0.008134275 EV: (-0.10323290895482666, 0.10323290895482666) P1 Winnings: -7.0
Choosing model 2
[0.18009526424220365, 0.33877387337363546, 0.25346588371318574, 0.13748989427411226, 0.09017508439686302]
Games played: 6
Exploitability: P1=4.600000000 P2=0.008134275 EV: (-0.4651878610413412, 0.4651878610413412) P1 Winnings: -6.0
Choosing model 3
[0.17930816427098917, 0.34824171513962365, 0.267209355823348, 0.12377513928801773, 0.08146562547802144]
Games played: 7
Exploitability: P1=1.933333333 P2=0.008134275 EV: (-0.10323290895482666, 0.10323290895482666) P1 Winnings: -5.0
Choosing model 1
[0.19527187928070835, 0.2977979068164286, 0.2851599704408194, 0.12641322055699233, 0.09535702290505123]
Games played: 8
Exploitability: P1=2.800000000 P2=0.008134275 EV: (-0.45473355319386627, 0.45473355319386627) P1 Winnings: -8.0
Choosing model 4
[0.21238835628169497, 0.2445580850705786, 0.30327081295814773, 0.1279124270877583, 0.11187031860182041]
Games played: 9
Exploitability: P1=2.600000000 P2=0.008134275 EV: (0.007973091505104713, -0.007973091505104713) P1 Winnings: -5.0
Choosing model 3
[0.22420664720775194, 0.20794003488197885, 0.3144893694354181, 0.12759132871077386, 0.12577261976407722]
Games played: 10
Exploitability: P1=1.933333333 P2=0.008134275 EV: (-0.10323290895482666, 0.10323290895482666) P1 Winnings: -4.0
Choosing model 1
[0.22420659923846087, 0.20794019043161063, 0.31448934020330394, 0.1275913460694911, 0.1257725240571335]
Games played: 11
Exploitability: P1=2.800000000 P2=0.008134275 EV: (-0.45473355319386627, 0.45473355319386627) P1 Winnings: -7.0
Choosing model 2
[0.2344682622728115, 0.1761869080218056, 0.32321495652824567, 0.1262611737716797, 0.13986869940545743]
Games played: 12
Exploitability: P1=4.600000000 P2=0.008134275 EV: (-0.4651878610413412, 0.4651878610413412) P1 Winnings: -8.0
Choosing model 4
[0.2494808024775315, 0.12862615025555224, 0.332521632014832, 0.12093406720924733, 0.16843734804283703]
Games played: 13
Exploitability: P1=2.600000000 P2=0.008134275 EV: (0.007973091505104713, -0.007973091505104713) P1 Winnings: -8.0
Choosing model 0
[0.23182288612099547, 0.1861476242820247, 0.3250834662892258, 0.13055044821279302, 0.1263955750949611]
Games played: 14
Exploitability: P1=1.900000000 P2=0.008134275 EV: (-0.08728345689012681, 0.08728345689012681) P1 Winnings: -13.0
Choosing model 4
[0.250225741467099, 0.11525246126654679, 0.25841548454545377, 0.17155425470210997, 0.20455205801879042]
Games played: 15
Exploitability: P1=2.600000000 P2=0.008134275 EV: (0.007973091505104713, -0.007973091505104713) P1 Winnings: -13.0
Choosing model 4
[0.25440594535035604, 0.12098139618861435, 0.2781942707184069, 0.1577108742413363, 0.1887075135012866]
Games played: 16
Exploitability: P1=2.600000000 P2=0.008134275 EV: (0.007973091505104713, -0.007973091505104713) P1 Winnings: -12.0
Choosing model 3
[0.21798646900709442, 0.17423430912965818, 0.18533354234218008, 0.24665237992564554, 0.17579329959542184]
Games played: 17
Exploitability: P1=1.933333333 P2=0.008134275 EV: (-0.10323290895482666, 0.10323290895482666) P1 Winnings: -1.0
Choosing model 4
[0.22329772769184264, 0.15843375956894065, 0.1885351517985135, 0.24655478822434773, 0.1831785727163555]
Games played: 18
Exploitability: P1=2.600000000 P2=0.008134275 EV: (0.007973091505104713, -0.007973091505104713) P1 Winnings: -4.0
Choosing model 2
[0.2366555129580437, 0.11520799543257852, 0.1931968511793708, 0.23521853060724485, 0.21972110982276205]
Games played: 19
Exploitability: P1=4.600000000 P2=0.008134275 EV: (-0.4651878610413412, 0.4651878610413412) P1 Winnings: -4.0
Choosing model 0
[0.2457694631654097, 0.0820911774707729, 0.19399329749843197, 0.21989157842268164, 0.25825448344270385]
Games played: 20
Exploitability: P1=1.900000000 P2=0.008134275 EV: (-0.08728345689012681, 0.08728345689012681) P1 Winnings: -4.0
Choosing model 1
[0.2512518496613754, 0.06753423593633155, 0.19687753039959824, 0.20689386214455144, 0.27744252185814333]
Games played: 21
Exploitability: P1=2.800000000 P2=0.008134275 EV: (-0.45473355319386627, 0.45473355319386627) P1 Winnings: -3.0
Choosing model 2
[0.2616248635714999, 0.0830491667463147, 0.22709002105585416, 0.19360996054895172, 0.2346259880773796]
Games played: 22
Exploitability: P1=4.600000000 P2=0.008134275 EV: (-0.4651878610413412, 0.4651878610413412) P1 Winnings: 2.0
Choosing model 2
[0.26811824666320344, 0.08787305941324443, 0.24642217302951538, 0.17940722406925733, 0.21817929682477932]
Games played: 23
Exploitability: P1=4.600000000 P2=0.008134275 EV: (-0.4651878610413412, 0.4651878610413412) P1 Winnings: 3.0
Choosing model 3
[0.24958347092373892, 0.15465633467469653, 0.2508069641243605, 0.19792084337216795, 0.14703238690503612]
Games played: 24
Exploitability: P1=1.933333333 P2=0.008134275 EV: (-0.10323290895482666, 0.10323290895482666) P1 Winnings: 12.0
Choosing model 0
[0.2495834290004747, 0.15465645747627962, 0.25080695234327754, 0.19792087939924188, 0.14703228178072628]
Games played: 25
Exploitability: P1=1.900000000 P2=0.008134275 EV: (-0.08728345689012681, 0.08728345689012681) P1 Winnings: 9.0
Choosing model 2
[0.24647997486802944, 0.16352810527687922, 0.24977006289340883, 0.20026706926764504, 0.13995478769403744]
Games played: 26
Exploitability: P1=4.600000000 P2=0.008134275 EV: (-0.4651878610413412, 0.4651878610413412) P1 Winnings: 8.0
Choosing model 4
[0.24950921293535208, 0.17091117580485768, 0.26771931493655227, 0.1833071316753284, 0.12855316464790958]
Games played: 27
Exploitability: P1=2.600000000 P2=0.008134275 EV: (0.007973091505104713, -0.007973091505104713) P1 Winnings: 9.0
Choosing model 2
[0.24950916891208508, 0.17091129776061204, 0.2677192976849236, 0.1833071587243402, 0.12855307691803916]
Games played: 28
Exploitability: P1=4.600000000 P2=0.008134275 EV: (-0.4651878610413412, 0.4651878610413412) P1 Winnings: 8.0
Choosing model 4
[0.24950900195359116, 0.1709117600531227, 0.2677192320546115, 0.1833072613502296, 0.12855274458844504]
Games played: 29
Exploitability: P1=2.600000000 P2=0.008134275 EV: (0.007973091505104713, -0.007973091505104713) P1 Winnings: -1.0
Choosing model 4
[0.2495089579301704, 0.17091188200916316, 0.26771921480278327, 0.18330728839912022, 0.12855265685876288]
Games played: 30
Exploitability: P1=2.600000000 P2=0.008134275 EV: (0.007973091505104713, -0.007973091505104713) P1 Winnings: -2.0
Choosing model 1
[0.25983010584912425, 0.1433553453299827, 0.27386746653645105, 0.1803739022664469, 0.14257318001799518]
Games played: 31
Exploitability: P1=2.800000000 P2=0.008134275 EV: (-0.45473355319386627, 0.45473355319386627) P1 Winnings: -2.0
Choosing model 0
[0.2697655118248573, 0.11687242453963007, 0.27863435308598444, 0.17562651668009505, 0.15910119386943325]
Games played: 32
Exploitability: P1=1.900000000 P2=0.008134275 EV: (-0.08728345689012681, 0.08728345689012681) P1 Winnings: -2.0
Choosing model 3
[0.28173143589147814, 0.08374780184499561, 0.2813582592440239, 0.16510763067131798, 0.1880548723481844]
Games played: 33
Exploitability: P1=1.933333333 P2=0.008134275 EV: (-0.10323290895482666, 0.10323290895482666) P1 Winnings: -9.0
Choosing model 4
[0.28571955725750076, 0.08769022582348274, 0.30213337686537056, 0.1514037664575318, 0.1730530735961141]
Games played: 34
Exploitability: P1=2.600000000 P2=0.008134275 EV: (0.007973091505104713, -0.007973091505104713) P1 Winnings: -8.0
Choosing model 4
[0.28461982478429826, 0.06778173566231491, 0.23665820498459175, 0.18677319804731413, 0.22416703652148087]
Games played: 35
Exploitability: P1=2.600000000 P2=0.008134275 EV: (0.007973091505104713, -0.007973091505104713) P1 Winnings: -1.0
Choosing model 4
[0.27274011406229354, 0.10471878971963244, 0.23820148429049778, 0.2076517774352015, 0.17668783449237474]
Games played: 36
Exploitability: P1=2.600000000 P2=0.008134275 EV: (0.007973091505104713, -0.007973091505104713) P1 Winnings: -12.0
Choosing model 2
[0.28097958007702456, 0.08277417554754982, 0.2401617132920035, 0.1997194482310807, 0.19636508285234136]
Games played: 37
Exploitability: P1=4.600000000 P2=0.008134275 EV: (-0.4651878610413412, 0.4651878610413412) P1 Winnings: -12.0
Choosing model 4
[0.28118597915835897, 0.07339470350187263, 0.2211091633663609, 0.21037970177613494, 0.21393045219727264]
Games played: 38
Exploitability: P1=2.600000000 P2=0.008134275 EV: (0.007973091505104713, -0.007973091505104713) P1 Winnings: -21.0
Choosing model 2
[0.28660756127100717, 0.05739885257241211, 0.2205638286996735, 0.20019663836236365, 0.2352331190945436]
Games played: 39
Exploitability: P1=4.600000000 P2=0.008134275 EV: (-0.4651878610413412, 0.4651878610413412) P1 Winnings: -21.0
Choosing model 3
[0.2942952153116573, 0.06085158296958912, 0.2398083087024944, 0.1858733868777531, 0.21917150613850608]
Games played: 40
Exploitability: P1=1.933333333 P2=0.008134275 EV: (-0.10323290895482666, 0.10323290895482666) P1 Winnings: -20.0
Choosing model 2
[0.2983443352413212, 0.04774734672751982, 0.2379071417924478, 0.17597458108865735, 0.24002659515005395]
Games played: 41
Exploitability: P1=4.600000000 P2=0.008134275 EV: (-0.4651878610413412, 0.4651878610413412) P1 Winnings: -27.0
Choosing model 0
[0.29424403754267153, 0.06508694010324229, 0.24312499273990223, 0.1929561545340145, 0.20458787508016948]
Games played: 42
Exploitability: P1=1.900000000 P2=0.008134275 EV: (-0.08728345689012681, 0.08728345689012681) P1 Winnings: -22.0
Choosing model 4
[0.29863366116751894, 0.052751485109284686, 0.24217850781813585, 0.1845493757963921, 0.2218869701086684]
Games played: 43
Exploitability: P1=2.600000000 P2=0.008134275 EV: (0.007973091505104713, -0.007973091505104713) P1 Winnings: -22.0
Choosing model 4
[0.2986336547194064, 0.05275153091918776, 0.24217852971305284, 0.1845494316057104, 0.22188685304264255]
Games played: 44
Exploitability: P1=2.600000000 P2=0.008134275 EV: (0.007973091505104713, -0.007973091505104713) P1 Winnings: -23.0
Choosing model 0
[0.3016602528491784, 0.043173169473374226, 0.24041680767994716, 0.17640260053254606, 0.2383471694649542]
Games played: 45
Exploitability: P1=1.900000000 P2=0.008134275 EV: (-0.08728345689012681, 0.08728345689012681) P1 Winnings: -24.0
Choosing model 4
[0.3014208789415085, 0.04618783723414402, 0.24224509140774514, 0.1805977190716364, 0.22954847334496598]
Games played: 46
Exploitability: P1=2.600000000 P2=0.008134275 EV: (0.007973091505104713, -0.007973091505104713) P1 Winnings: -25.0
Choosing model 0
[0.3048436944415259, 0.03526962949174755, 0.23955758517001155, 0.16992034891353897, 0.250408741983176]
Games played: 47
Exploitability: P1=1.900000000 P2=0.008134275 EV: (-0.08728345689012681, 0.08728345689012681) P1 Winnings: -25.0
Choosing model 2
[0.31241279255143667, 0.03731862226213558, 0.2599536356854562, 0.15745695843952645, 0.2328579910614452]
Games played: 48
Exploitability: P1=4.600000000 P2=0.008134275 EV: (-0.4651878610413412, 0.4651878610413412) P1 Winnings: -24.0
Choosing model 2
[0.30717302913942823, 0.03576825580083954, 0.2209909726675032, 0.1865564773409858, 0.24951126505124327]
Games played: 49
Exploitability: P1=4.600000000 P2=0.008134275 EV: (-0.4651878610413412, 0.4651878610413412) P1 Winnings: -24.0
Choosing model 4
[0.2982745238186634, 0.033857020194763346, 0.18553761942667626, 0.21829189757370304, 0.264038938986194]
Games played: 50
Exploitability: P1=2.600000000 P2=0.008134275 EV: (0.007973091505104713, -0.007973091505104713) P1 Winnings: -24.0
Choosing model 2
[0.29827452769821416, 0.033857053205646956, 0.18553764428999292, 0.21829197681525922, 0.26403879799088664]
Games played: 51
Exploitability: P1=4.600000000 P2=0.008134275 EV: (-0.4651878610413412, 0.4651878610413412) P1 Winnings: -27.0
Choosing model 0
[0.2955975827210897, 0.04721007070091727, 0.19092891584024063, 0.2420410558186078, 0.22422237491914454]
Games played: 52
Exploitability: P1=1.900000000 P2=0.008134275 EV: (-0.08728345689012681, 0.08728345689012681) P1 Winnings: -22.0
Choosing model 0
[0.30511278592591, 0.05031150303634897, 0.20867268887283483, 0.22589854937212925, 0.210004472792777]
Games played: 53
Exploitability: P1=1.900000000 P2=0.008134275 EV: (-0.08728345689012681, 0.08728345689012681) P1 Winnings: -21.0
Choosing model 1
[0.24111660439749602, 0.030438188487267915, 0.09534595771805669, 0.33513582225392535, 0.2979634271432541]
Games played: 54
Exploitability: P1=2.800000000 P2=0.008134275 EV: (-0.45473355319386627, 0.45473355319386627) P1 Winnings: -28.0
Choosing model 0
[0.2604263166051071, 0.038825592588306757, 0.11407544859522468, 0.3253036554361445, 0.261368986775217]
Games played: 55
Exploitability: P1=1.900000000 P2=0.008134275 EV: (-0.08728345689012681, 0.08728345689012681) P1 Winnings: -23.0
Choosing model 0
[0.26042631127237154, 0.0388256263481238, 0.11407545903578373, 0.3253037541735146, 0.2613688491702063]
Games played: 56
Exploitability: P1=1.900000000 P2=0.008134275 EV: (-0.08728345689012681, 0.08728345689012681) P1 Winnings: -24.0
Choosing model 0
[0.2778593154959411, 0.04892153935632458, 0.1348231523401994, 0.31191734078462935, 0.2264786520229056]
Games played: 57
Exploitability: P1=1.900000000 P2=0.008134275 EV: (-0.08728345689012681, 0.08728345689012681) P1 Winnings: -19.0
Choosing model 3
[0.2818071375821113, 0.04020005659148349, 0.13438207752808543, 0.2993501476186195, 0.24426058067970033]
Games played: 58
Exploitability: P1=1.933333333 P2=0.008134275 EV: (-0.10323290895482666, 0.10323290895482666) P1 Winnings: -20.0
Choosing model 3
[0.294188729231625, 0.04332851632974549, 0.1485421717389015, 0.2825650166938959, 0.2313755660058322]
Games played: 59
Exploitability: P1=1.933333333 P2=0.008134275 EV: (-0.10323290895482666, 0.10323290895482666) P1 Winnings: -19.0
Choosing model 3
[0.2905681843121921, 0.061071510692040504, 0.1548155230505464, 0.3036558771392842, 0.18988890480593687]
Games played: 60
Exploitability: P1=1.933333333 P2=0.008134275 EV: (-0.10323290895482666, 0.10323290895482666) P1 Winnings: -12.0
Choosing model 2
[0.30118382293537355, 0.03795497655194576, 0.1528302844140484, 0.27089226122878773, 0.2371386548698446]
Games played: 61
Exploitability: P1=4.600000000 P2=0.008134275 EV: (-0.4651878610413412, 0.4651878610413412) P1 Winnings: -13.0
Choosing model 3
[0.30671622705079843, 0.031104268929288623, 0.15450502693472265, 0.2538980547048926, 0.2537764223802977]
Games played: 62
Exploitability: P1=1.933333333 P2=0.008134275 EV: (-0.10323290895482666, 0.10323290895482666) P1 Winnings: -12.0
Choosing model 0
[0.3187408263724724, 0.033372907993288396, 0.17001135615842755, 0.23857514071932223, 0.23929976875648945]
Games played: 63
Exploitability: P1=1.900000000 P2=0.008134275 EV: (-0.08728345689012681, 0.08728345689012681) P1 Winnings: -11.0
Choosing model 2
[0.32143619526726164, 0.025822342899603112, 0.16779097000026058, 0.22461628320830798, 0.26033420862456674]
Games played: 64
Exploitability: P1=4.600000000 P2=0.008134275 EV: (-0.4651878610413412, 0.4651878610413412) P1 Winnings: -10.0
Choosing model 0
[0.31939640376367623, 0.03610203394534307, 0.17312460060953397, 0.2497140814420093, 0.2216628802394373]
Games played: 65
Exploitability: P1=1.900000000 P2=0.008134275 EV: (-0.08728345689012681, 0.08728345689012681) P1 Winnings: -5.0
Choosing model 0
[0.31939639729054886, 0.0361020653445467, 0.17312461649085492, 0.24971415728864063, 0.2216627635854089]
Games played: 66
Exploitability: P1=1.900000000 P2=0.008134275 EV: (-0.08728345689012681, 0.08728345689012681) P1 Winnings: -6.0
Choosing model 3
[0.32236184749636915, 0.02952195673950839, 0.17172059069908846, 0.23848962589648226, 0.23790597916855172]
Games played: 67
Exploitability: P1=1.933333333 P2=0.008134275 EV: (-0.10323290895482666, 0.10323290895482666) P1 Winnings: -5.0
Choosing model 4
[0.29834575839578426, 0.047561028041795184, 0.14549449378932325, 0.31663625481720187, 0.19196246495589558]
Games played: 68
Exploitability: P1=2.600000000 P2=0.008134275 EV: (0.007973091505104713, -0.007973091505104713) P1 Winnings: 8.0
Choosing model 3
[0.2983457377568514, 0.04756107050541822, 0.14549450132918568, 0.31663634373586397, 0.19196234667268064]
Games played: 69
Exploitability: P1=1.933333333 P2=0.008134275 EV: (-0.10323290895482666, 0.10323290895482666) P1 Winnings: 5.0
Choosing model 3
[0.31984774280154915, 0.07455627849326517, 0.1983286637162979, 0.2727012682048297, 0.13456604678405812]
Games played: 70
Exploitability: P1=1.933333333 P2=0.008134275 EV: (-0.10323290895482666, 0.10323290895482666) P1 Winnings: 10.0
Choosing model 3
[0.3278795285708927, 0.07890932813089867, 0.21527364985322023, 0.25276855378805085, 0.12516893965693748]
Games played: 71
Exploitability: P1=1.933333333 P2=0.008134275 EV: (-0.10323290895482666, 0.10323290895482666) P1 Winnings: 11.0
Choosing model 0
[0.34176682569133915, 0.05643473866651198, 0.21696109466940605, 0.23717254594187473, 0.14766479503086818]
Games played: 72
Exploitability: P1=1.900000000 P2=0.008134275 EV: (-0.08728345689012681, 0.08728345689012681) P1 Winnings: 14.0
Choosing model 3
[0.3595150240716718, 0.05107894888762599, 0.24717700489307426, 0.20249194216754415, 0.1397370799800838]
Games played: 73
Exploitability: P1=1.933333333 P2=0.008134275 EV: (-0.10323290895482666, 0.10323290895482666) P1 Winnings: 17.0
Choosing model 2
[0.3586159747232444, 0.052760681083002664, 0.2492315822221026, 0.20770785924727503, 0.13168390272437522]
Games played: 74
Exploitability: P1=4.600000000 P2=0.008134275 EV: (-0.4651878610413412, 0.4651878610413412) P1 Winnings: 17.0
Choosing model 3
[0.3643415073707802, 0.05534297795004946, 0.2681121346552224, 0.19080810709383375, 0.12139527293011429]
Games played: 75
Exploitability: P1=1.933333333 P2=0.008134275 EV: (-0.10323290895482666, 0.10323290895482666) P1 Winnings: 18.0
Choosing model 3
[0.36874726502304545, 0.05783034636011336, 0.2873234047425797, 0.17461512309711702, 0.11148386077714448]
Games played: 76
Exploitability: P1=1.933333333 P2=0.008134275 EV: (-0.10323290895482666, 0.10323290895482666) P1 Winnings: 19.0
Choosing model 2
[0.3555612900197898, 0.07957639752298992, 0.2923474939773503, 0.18319296387201564, 0.08932185460785445]
Games played: 77
Exploitability: P1=4.600000000 P2=0.008134275 EV: (-0.4651878610413412, 0.4651878610413412) P1 Winnings: 26.0
Choosing model 2
[0.3436145911757665, 0.10624967814188943, 0.33011324764794436, 0.1575496975888086, 0.06247278544559108]
Games played: 78
Exploitability: P1=4.600000000 P2=0.008134275 EV: (-0.4651878610413412, 0.4651878610413412) P1 Winnings: 35.0
Choosing model 2
[0.3236919222388198, 0.1382846936836301, 0.3633537704922432, 0.13207770040700947, 0.04259191317829727]
Games played: 79
Exploitability: P1=4.600000000 P2=0.008134275 EV: (-0.4651878610413412, 0.4651878610413412) P1 Winnings: 44.0
Choosing model 2
[0.3360949748160735, 0.11633321700854847, 0.37077441211572776, 0.12976941913014112, 0.047027976929509205]
Games played: 80
Exploitability: P1=4.600000000 P2=0.008134275 EV: (-0.4651878610413412, 0.4651878610413412) P1 Winnings: 45.0
Choosing model 0
[0.3062346621529402, 0.17545604081265814, 0.2691500406643828, 0.20377478860340167, 0.045384467766617115]
Games played: 81
Exploitability: P1=1.900000000 P2=0.008134275 EV: (-0.08728345689012681, 0.08728345689012681) P1 Winnings: 36.0
Choosing model 3
[0.28749195107676656, 0.1577998337212582, 0.18060358812560212, 0.3144064411823746, 0.05969818589399841]
Games played: 82
Exploitability: P1=1.933333333 P2=0.008134275 EV: (-0.10323290895482666, 0.10323290895482666) P1 Winnings: 31.0
Choosing model 3
[0.2950283355953208, 0.14374867938127303, 0.18405514186908048, 0.31484937650792416, 0.0623184666464014]
Games played: 83
Exploitability: P1=1.933333333 P2=0.008134275 EV: (-0.10323290895482666, 0.10323290895482666) P1 Winnings: 28.0
Choosing model 0
[0.3011834698375837, 0.15151107465058572, 0.19895265283373734, 0.290626435239523, 0.05772636743857026]
Games played: 84
Exploitability: P1=1.900000000 P2=0.008134275 EV: (-0.08728345689012681, 0.08728345689012681) P1 Winnings: 29.0
Choosing model 1
[0.2647470064501743, 0.211608678806691, 0.18436718810708586, 0.29862009580519744, 0.04065703083085145]
Games played: 85
Exploitability: P1=2.800000000 P2=0.008134275 EV: (-0.45473355319386627, 0.45473355319386627) P1 Winnings: 24.0
Choosing model 1
[0.2806920866661543, 0.18177414470640782, 0.19210231098941916, 0.299592592545746, 0.045838865092272724]
Games played: 86
Exploitability: P1=2.800000000 P2=0.008134275 EV: (-0.45473355319386627, 0.45473355319386627) P1 Winnings: 23.0
Choosing model 3
[0.2806918129538889, 0.18177458076099134, 0.19210220511570375, 0.2995926686037168, 0.04583873256569911]
Games played: 87
Exploitability: P1=1.933333333 P2=0.008134275 EV: (-0.10323290895482666, 0.10323290895482666) P1 Winnings: 14.0
Choosing model 0
[0.2990263603882917, 0.14988406190385634, 0.20027222510796477, 0.2980636364492759, 0.05275371615061122]
Games played: 88
Exploitability: P1=1.900000000 P2=0.008134275 EV: (-0.08728345689012681, 0.08728345689012681) P1 Winnings: 14.0
Choosing model 1
[0.29902629289596466, 0.14988416147103706, 0.20027220233566165, 0.2980636657470341, 0.052753677550302615]
Games played: 89
Exploitability: P1=2.800000000 P2=0.008134275 EV: (-0.45473355319386627, 0.45473355319386627) P1 Winnings: 13.0
Choosing model 0
[0.31334276404368805, 0.1265040247165472, 0.2061524691182295, 0.2951276989251783, 0.05887304319635683]
Games played: 90
Exploitability: P1=1.900000000 P2=0.008134275 EV: (-0.08728345689012681, 0.08728345689012681) P1 Winnings: 14.0
Choosing model 1
[0.3084677975421459, 0.13333768717352343, 0.20465087817646394, 0.2976817206310955, 0.05586191647677126]
Games played: 91
Exploitability: P1=2.800000000 P2=0.008134275 EV: (-0.45473355319386627, 0.45473355319386627) P1 Winnings: 19.0
Choosing model 3
[0.3149506393658152, 0.12291408906289421, 0.2072820611745641, 0.29621110848669874, 0.058642101910027805]
Games played: 92
Exploitability: P1=1.933333333 P2=0.008134275 EV: (-0.10323290895482666, 0.10323290895482666) P1 Winnings: 19.0
Choosing model 0
[0.3376697470740405, 0.09041985494563365, 0.21487579817052632, 0.285876972921831, 0.07115762688796862]
Games played: 93
Exploitability: P1=1.900000000 P2=0.008134275 EV: (-0.08728345689012681, 0.08728345689012681) P1 Winnings: 8.0
Choosing model 0
[0.3513756402322559, 0.072191790212636, 0.21882682985378196, 0.27772670111307174, 0.07987903858825426]
Games played: 94
Exploitability: P1=1.900000000 P2=0.008134275 EV: (-0.08728345689012681, 0.08728345689012681) P1 Winnings: 9.0
Choosing model 0
[0.33988645726942135, 0.08556073079875556, 0.2167017872244908, 0.2878914295366132, 0.0699595951707192]
Games played: 95
Exploitability: P1=1.900000000 P2=0.008134275 EV: (-0.08728345689012681, 0.08728345689012681) P1 Winnings: 4.0
Choosing model 3
[0.3463031658037853, 0.09000573826699632, 0.23378652247927198, 0.2652260709279412, 0.0646785025220052]
Games played: 96
Exploitability: P1=1.933333333 P2=0.008134275 EV: (-0.10323290895482666, 0.10323290895482666) P1 Winnings: 5.0
Choosing model 2
[0.3333963485004951, 0.10616932076093902, 0.23042179841650068, 0.27363363449020267, 0.05637889783186251]
Games played: 97
Exploitability: P1=4.600000000 P2=0.008134275 EV: (-0.4651878610413412, 0.4651878610413412) P1 Winnings: -4.0
Choosing model 2
[0.3455778642490161, 0.08916277669475645, 0.23472457729227472, 0.26839057493003715, 0.0621442068339156]
Games played: 98
Exploitability: P1=4.600000000 P2=0.008134275 EV: (-0.4651878610413412, 0.4651878610413412) P1 Winnings: -3.0
Choosing model 1
[0.2703587861318146, 0.09431583114153792, 0.11465228106703888, 0.4521096485629941, 0.06856345309661435]
Games played: 99
Exploitability: P1=2.800000000 P2=0.008134275 EV: (-0.45473355319386627, 0.45473355319386627) P1 Winnings: -12.0
Choosing model 0
[0.26603036351883524, 0.09936507451943331, 0.11376491093334662, 0.4558128219985416, 0.06502682902984332]
Games played: 100
Exploitability: P1=1.900000000 P2=0.008134275 EV: (-0.08728345689012681, 0.08728345689012681) P1 Winnings: -25.0
Choosing model 3
[0.2809859927263328, 0.08445655924841862, 0.11928610965485595, 0.44309583089634613, 0.07217550747404655]
Games played: 101
Exploitability: P1=1.933333333 P2=0.008134275 EV: (-0.10323290895482666, 0.10323290895482666) P1 Winnings: -24.0
Choosing model 3
[0.29250227498087156, 0.0907718263888865, 0.1314827651903628, 0.4170682363554744, 0.06817489708440475]
Games played: 102
Exploitability: P1=1.933333333 P2=0.008134275 EV: (-0.10323290895482666, 0.10323290895482666) P1 Winnings: -23.0
Choosing model 3
[0.2729905319225965, 0.11427955247358941, 0.1271074055026254, 0.43077349749148214, 0.054849012609706566]
Games played: 103
Exploitability: P1=1.933333333 P2=0.008134275 EV: (-0.10323290895482666, 0.10323290895482666) P1 Winnings: -16.0
Choosing model 2
[0.3035261936176426, 0.07618397178820972, 0.13459558537040556, 0.41221976830105717, 0.0734744809226851]
Games played: 104
Exploitability: P1=4.600000000 P2=0.008134275 EV: (-0.4651878610413412, 0.4651878610413412) P1 Winnings: -15.0
Choosing model 3
[0.2834125098968508, 0.06934327360171842, 0.108662082041865, 0.46381614118589676, 0.07476599327366916]
Games played: 105
Exploitability: P1=1.933333333 P2=0.008134275 EV: (-0.10323290895482666, 0.10323290895482666) P1 Winnings: -15.0
Choosing model 3
[0.2664144684535227, 0.09302205865792074, 0.10778529600000486, 0.474379505840281, 0.05839867104827078]
Games played: 106
Exploitability: P1=1.933333333 P2=0.008134275 EV: (-0.10323290895482666, 0.10323290895482666) P1 Winnings: -8.0
Choosing model 3
[0.23374407832177688, 0.05617651076076383, 0.0680904405223092, 0.5645031506335132, 0.0774858197616369]
Games played: 107
Exploitability: P1=1.933333333 P2=0.008134275 EV: (-0.10323290895482666, 0.10323290895482666) P1 Winnings: -1.0
Choosing model 3
[0.24745951631437757, 0.06140325802269703, 0.07632803166176565, 0.540374425535123, 0.0744347684660367]
Games played: 108
Exploitability: P1=1.933333333 P2=0.008134275 EV: (-0.10323290895482666, 0.10323290895482666) P1 Winnings: 0.0
Choosing model 3
[0.2610818374760547, 0.06688627775291561, 0.0852689549723642, 0.5155041453137005, 0.07125878448496495]
Games played: 109
Exploitability: P1=1.933333333 P2=0.008134275 EV: (-0.10323290895482666, 0.10323290895482666) P1 Winnings: 1.0
Choosing model 0
[0.27346892185766253, 0.05422641819355265, 0.08740391822208568, 0.5042681803384581, 0.08063256138824096]
Games played: 110
Exploitability: P1=1.900000000 P2=0.008134275 EV: (-0.08728345689012681, 0.08728345689012681) P1 Winnings: 4.0
Choosing model 3
[0.2696787226468503, 0.05725429559087963, 0.08691695926877974, 0.509509522612037, 0.07664049988145336]
Games played: 111
Exploitability: P1=1.933333333 P2=0.008134275 EV: (-0.10323290895482666, 0.10323290895482666) P1 Winnings: 3.0
Choosing model 3
[0.287384056297752, 0.04186359735214651, 0.08955640228111543, 0.4887609141769828, 0.09243502989200321]
Games played: 112
Exploitability: P1=1.933333333 P2=0.008134275 EV: (-0.10323290895482666, 0.10323290895482666) P1 Winnings: -8.0
Choosing model 0
[0.2769084309803115, 0.04942361595703554, 0.08834253571155878, 0.5046832219522339, 0.08064219539886017]
Games played: 113
Exploitability: P1=1.900000000 P2=0.008134275 EV: (-0.08728345689012681, 0.08728345689012681) P1 Winnings: -17.0
Choosing model 2
[0.30861207544360236, 0.047393583397158, 0.10663153467157602, 0.45651157555483995, 0.08085123093282369]
Games played: 114
Exploitability: P1=4.600000000 P2=0.008134275 EV: (-0.4651878610413412, 0.4651878610413412) P1 Winnings: -14.0
Choosing model 2
[0.30478677964647066, 0.05011424628219382, 0.10619492956046576, 0.46194157035605227, 0.07696247415481754]
Games played: 115
Exploitability: P1=4.600000000 P2=0.008134275 EV: (-0.4651878610413412, 0.4651878610413412) P1 Winnings: -27.0
Choosing model 4
[0.31462953366334967, 0.04191448048263059, 0.10773504291789585, 0.4512355810561657, 0.08448536187995812]
Games played: 116
Exploitability: P1=2.600000000 P2=0.008134275 EV: (0.007973091505104713, -0.007973091505104713) P1 Winnings: -28.0
Choosing model 0
[0.32888752451618214, 0.045236095568502, 0.11924475318353733, 0.4264971418836054, 0.08013448484817322]
Games played: 117
Exploitability: P1=1.900000000 P2=0.008134275 EV: (-0.08728345689012681, 0.08728345689012681) P1 Winnings: -27.0
Choosing model 1
[0.3288874747710083, 0.04523612898661425, 0.1192447485028665, 0.4264972155600318, 0.08013443217947916]
Games played: 118
Exploitability: P1=2.800000000 P2=0.008134275 EV: (-0.45473355319386627, 0.45473355319386627) P1 Winnings: -28.0
Choosing model 3
[0.3096274543221797, 0.0599209023579352, 0.11656987923028911, 0.4492363411083147, 0.06464542298128122]
Games played: 119
Exploitability: P1=1.933333333 P2=0.008134275 EV: (-0.10323290895482666, 0.10323290895482666) P1 Winnings: -28.0
Choosing model 3
[0.3219598224571063, 0.048926231748244536, 0.11878068432802626, 0.4380831295475408, 0.07225013191908213]
Games played: 120
Exploitability: P1=1.933333333 P2=0.008134275 EV: (-0.10323290895482666, 0.10323290895482666) P1 Winnings: -31.0
Choosing model 3
[0.3342455519687696, 0.03931409642929982, 0.12067531024424055, 0.4247355095180512, 0.08102953183963887]
Games played: 121
Exploitability: P1=1.933333333 P2=0.008134275 EV: (-0.10323290895482666, 0.10323290895482666) P1 Winnings: -28.0
Choosing model 0
[0.34584713910478976, 0.031211264039685573, 0.12219981359762858, 0.41029486864441794, 0.09044691461347817]
Games played: 122
Exploitability: P1=1.900000000 P2=0.008134275 EV: (-0.08728345689012681, 0.08728345689012681) P1 Winnings: -28.0
Choosing model 0
[0.34240450624413055, 0.03308453954109798, 0.12200025711812851, 0.4162012748500775, 0.08630942224656533]
Games played: 123
Exploitability: P1=1.900000000 P2=0.008134275 EV: (-0.08728345689012681, 0.08728345689012681) P1 Winnings: -29.0
Choosing model 3
[0.35652725401844826, 0.03556734677456037, 0.13450808361616928, 0.3918515265354581, 0.08154578905536396]
Games played: 124
Exploitability: P1=1.933333333 P2=0.008134275 EV: (-0.10323290895482666, 0.10323290895482666) P1 Winnings: -28.0
Choosing model 3
[0.36092899013934243, 0.03250847439661144, 0.13508056285292036, 0.38660466262033083, 0.08487730999079494]
Games played: 125
Exploitability: P1=1.933333333 P2=0.008134275 EV: (-0.10323290895482666, 0.10323290895482666) P1 Winnings: -25.0
Choosing model 3
[0.37170015273825274, 0.025912548927983836, 0.13613584094721604, 0.3718229101397786, 0.09442854724676866]
Games played: 126
Exploitability: P1=1.933333333 P2=0.008134275 EV: (-0.10323290895482666, 0.10323290895482666) P1 Winnings: -22.0
Choosing model 3
[0.27783929722932, 0.014828453717497093, 0.05883603157542455, 0.5217684030189258, 0.1267278144588327]
Games played: 127
Exploitability: P1=1.933333333 P2=0.008134275 EV: (-0.10323290895482666, 0.10323290895482666) P1 Winnings: -11.0
Choosing model 0
[0.25030263859233814, 0.013022234485099916, 0.04582890644624693, 0.5664267234585562, 0.12441949701775878]
Games played: 128
Exploitability: P1=1.900000000 P2=0.008134275 EV: (-0.08728345689012681, 0.08728345689012681) P1 Winnings: -2.0
Choosing model 3
[0.25169617829835633, 0.012181426963559009, 0.046085072400748016, 0.5668108805225172, 0.12322644181481927]
Games played: 129
Exploitability: P1=1.933333333 P2=0.008134275 EV: (-0.10323290895482666, 0.10323290895482666) P1 Winnings: -5.0
Choosing model 3
[0.2598325373424119, 0.009733244920866182, 0.04655709036544764, 0.5464534552066926, 0.13742367216458176]
Games played: 130
Exploitability: P1=1.933333333 P2=0.008134275 EV: (-0.10323290895482666, 0.10323290895482666) P1 Winnings: -2.0
Choosing model 4
[0.2770134473097911, 0.010713665463560385, 0.052556631821485, 0.5267752575562746, 0.13294099784888896]
Games played: 131
Exploitability: P1=2.600000000 P2=0.008134275 EV: (0.007973091505104713, -0.007973091505104713) P1 Winnings: -1.0
Choosing model 3
[0.2744476818608423, 0.011364628643248907, 0.05250747790319077, 0.5347319324906958, 0.12694827910202228]
Games played: 132
Exploitability: P1=1.933333333 P2=0.008134275 EV: (-0.10323290895482666, 0.10323290895482666) P1 Winnings: -2.0
Choosing model 3
[0.282134368800433, 0.009173876351047687, 0.052895027192675595, 0.5155276662701674, 0.14026906138567619]
Games played: 133
Exploitability: P1=1.933333333 P2=0.008134275 EV: (-0.10323290895482666, 0.10323290895482666) P1 Winnings: -5.0
Choosing model 0
[0.2797006072395653, 0.009737528771609162, 0.052879480169660015, 0.5236503913210742, 0.1340319924980915]
Games played: 134
Exploitability: P1=1.900000000 P2=0.008134275 EV: (-0.08728345689012681, 0.08728345689012681) P1 Winnings: -16.0
Choosing model 3
[0.28610929585632894, 0.008070246157630924, 0.05315886048593157, 0.5068654583134463, 0.14579613918666226]
Games played: 135
Exploitability: P1=1.933333333 P2=0.008134275 EV: (-0.10323290895482666, 0.10323290895482666) P1 Winnings: -15.0
Choosing model 4
[0.2754546772860451, 0.01048103291929056, 0.053012408267226946, 0.5400505379722336, 0.12100134355520371]
Games played: 136
Exploitability: P1=2.600000000 P2=0.008134275 EV: (0.007973091505104713, -0.007973091505104713) P1 Winnings: -8.0
Choosing model 2
[0.2824772674692543, 0.008657165981406013, 0.05340334493680168, 0.5233092307175456, 0.13215299089499236]
Games played: 137
Exploitability: P1=4.600000000 P2=0.008134275 EV: (-0.4651878610413412, 0.4651878610413412) P1 Winnings: -7.0
Choosing model 4
[0.30764785184614285, 0.013026638229752028, 0.06795873672721582, 0.5072013951983052, 0.10416537799858416]
Games played: 138
Exploitability: P1=2.600000000 P2=0.008134275 EV: (0.007973091505104713, -0.007973091505104713) P1 Winnings: 2.0
Choosing model 3
[0.3198449325368491, 0.010898434003829647, 0.07013890244726062, 0.48531497273044766, 0.113802758281613]
Games played: 139
Exploitability: P1=1.933333333 P2=0.008134275 EV: (-0.10323290895482666, 0.10323290895482666) P1 Winnings: 3.0
Choosing model 3
[0.3235594128028882, 0.009786737643034822, 0.07046234154196114, 0.4790839463360588, 0.11710756167605703]
Games played: 140
Exploitability: P1=1.933333333 P2=0.008134275 EV: (-0.10323290895482666, 0.10323290895482666) P1 Winnings: 0.0
Choosing model 3
[0.33219182171207495, 0.007777062909594157, 0.07079468069837644, 0.4593509815370157, 0.12988545314293867]
Games played: 141
Exploitability: P1=1.933333333 P2=0.008134275 EV: (-0.10323290895482666, 0.10323290895482666) P1 Winnings: -7.0
Choosing model 2
[0.3742897278159155, 0.012812790713740061, 0.10142267302034483, 0.4157828424759035, 0.09569196597409609]
Games played: 142
Exploitability: P1=4.600000000 P2=0.008134275 EV: (-0.4651878610413412, 0.4651878610413412) P1 Winnings: -2.0
Choosing model 2
[0.37343019689631246, 0.013638493483570348, 0.1025749349971717, 0.4189030586576778, 0.09145331596526772]
Games played: 143
Exploitability: P1=4.600000000 P2=0.008134275 EV: (-0.4651878610413412, 0.4651878610413412) P1 Winnings: 3.0
Choosing model 2
[0.32474496839405464, 0.009337909907150803, 0.06719165059257773, 0.4910753438428449, 0.10765012726337188]
Games played: 144
Exploitability: P1=4.600000000 P2=0.008134275 EV: (-0.4651878610413412, 0.4651878610413412) P1 Winnings: -6.0
Choosing model 2
[0.2477836018843111, 0.00875737290618745, 0.03908520105277089, 0.6049996934292737, 0.09937413072745689]
Games played: 145
Exploitability: P1=4.600000000 P2=0.008134275 EV: (-0.4651878610413412, 0.4651878610413412) P1 Winnings: 3.0
Choosing model 0
[0.2662381227227157, 0.005641801893034695, 0.03999644138929166, 0.5594794226165551, 0.12864421137840282]
Games played: 146
Exploitability: P1=1.900000000 P2=0.008134275 EV: (-0.08728345689012681, 0.08728345689012681) P1 Winnings: 3.0
Choosing model 4
[0.27269191998449804, 0.004681869757823275, 0.040259956957745015, 0.542249112401788, 0.1401171408981457]
Games played: 147
Exploitability: P1=2.600000000 P2=0.008134275 EV: (0.007973091505104713, -0.007973091505104713) P1 Winnings: 4.0
Choosing model 3
[0.2758637849930922, 0.0042043710050777465, 0.04044634374093004, 0.5352967844828439, 0.14418871577805603]
Games played: 148
Exploitability: P1=1.933333333 P2=0.008134275 EV: (-0.10323290895482666, 0.10323290895482666) P1 Winnings: 4.0
Choosing model 3
[0.2644072523994719, 0.005569734281533099, 0.0401689222569496, 0.570416619989784, 0.11943747107226144]
Games played: 149
Exploitability: P1=1.933333333 P2=0.008134275 EV: (-0.10323290895482666, 0.10323290895482666) P1 Winnings: -9.0
Choosing model 2
[0.27275978806644996, 0.004408450471072324, 0.040553722890161646, 0.5493613673688234, 0.13291667120349268]
Games played: 150
Exploitability: P1=4.600000000 P2=0.008134275 EV: (-0.4651878610413412, 0.4651878610413412) P1 Winnings: -9.0
Choosing model 3
[0.22225291454839016, 0.0028281560447879508, 0.02489080325475417, 0.6034299152711838, 0.14659821088088387]
Games played: 151
Exploitability: P1=1.933333333 P2=0.008134275 EV: (-0.10323290895482666, 0.10323290895482666) P1 Winnings: -9.0
Choosing model 3
[0.22905843148388383, 0.0022363856350278754, 0.025105640062615252, 0.5806101418696812, 0.16298940094879186]
Games played: 152
Exploitability: P1=1.933333333 P2=0.008134275 EV: (-0.10323290895482666, 0.10323290895482666) P1 Winnings: -9.0
Choosing model 4
[0.23525434963339123, 0.001777790767806412, 0.02523314138780966, 0.556895978814358, 0.18083873939663475]
Games played: 153
Exploitability: P1=2.600000000 P2=0.008134275 EV: (0.007973091505104713, -0.007973091505104713) P1 Winnings: -6.0
Choosing model 0
[0.23350379625483408, 0.001889275893325345, 0.025255881042025558, 0.5663467364715098, 0.17300431033830532]
Games played: 154
Exploitability: P1=1.900000000 P2=0.008134275 EV: (-0.08728345689012681, 0.08728345689012681) P1 Winnings: -7.0
Choosing model 3
[0.24461952943482385, 0.001186694819397504, 0.025198288220152708, 0.5106353873803392, 0.21836010014528673]
Games played: 155
Exploitability: P1=1.933333333 P2=0.008134275 EV: (-0.10323290895482666, 0.10323290895482666) P1 Winnings: -8.0
Choosing model 3
[0.2463808918266684, 0.001079123202091202, 0.02517690724347757, 0.5012372254139875, 0.22612585231377527]
Games played: 156
Exploitability: P1=1.933333333 P2=0.008134275 EV: (-0.10323290895482666, 0.10323290895482666) P1 Winnings: -5.0
Choosing model 4
[0.23642688883804439, 0.0016695096463523326, 0.025376472417564397, 0.5580465000522739, 0.17848062904576512]
Games played: 157
Exploitability: P1=2.600000000 P2=0.008134275 EV: (0.007973091505104713, -0.007973091505104713) P1 Winnings: 6.0
Choosing model 0
[0.23642686641908237, 0.001669510973909068, 0.025376472853434157, 0.558046627943443, 0.1784805218101314]
Games played: 158
Exploitability: P1=1.900000000 P2=0.008134275 EV: (-0.08728345689012681, 0.08728345689012681) P1 Winnings: 5.0
Choosing model 3
[0.24707081087596441, 0.0010460686839403514, 0.025256152669380267, 0.5019106204012339, 0.22471634736948107]
Games played: 159
Exploitability: P1=1.933333333 P2=0.008134275 EV: (-0.10323290895482666, 0.10323290895482666) P1 Winnings: 6.0
Choosing model 3
[0.19204025169169095, 0.000559650673240582, 0.01413454506512586, 0.5291208225921242, 0.2641447299778183]
Games played: 160
Exploitability: P1=1.933333333 P2=0.008134275 EV: (-0.10323290895482666, 0.10323290895482666) P1 Winnings: 13.0
Choosing model 0
[0.20745498510030677, 0.0006241971067097213, 0.01616768429821394, 0.5168343090677164, 0.25891882442705305]
Games played: 161
Exploitability: P1=1.900000000 P2=0.008134275 EV: (-0.08728345689012681, 0.08728345689012681) P1 Winnings: 14.0
Choosing model 3
[0.19676840299086532, 0.0010947654003406907, 0.01641289955031153, 0.6001172801298618, 0.1856066519286206]
Games played: 162
Exploitability: P1=1.933333333 P2=0.008134275 EV: (-0.10323290895482666, 0.10323290895482666) P1 Winnings: 9.0
Choosing model 4
[0.17299037679811077, 0.0009382218356619182, 0.012476025719132313, 0.6357654443136541, 0.1778299313334408]
Games played: 163
Exploitability: P1=2.600000000 P2=0.008134275 EV: (0.007973091505104713, -0.007973091505104713) P1 Winnings: 9.0
Choosing model 3
[0.17138299903949442, 0.0009951986603758405, 0.012463986600594114, 0.6453491602275299, 0.1698086554720058]
Games played: 164
Exploitability: P1=1.933333333 P2=0.008134275 EV: (-0.10323290895482666, 0.10323290895482666) P1 Winnings: 8.0
Choosing model 0
[0.1733922128353966, 0.0008958779174690097, 0.012555361220232122, 0.6410912893861145, 0.1720652586407878]
Games played: 165
Exploitability: P1=1.900000000 P2=0.008134275 EV: (-0.08728345689012681, 0.08728345689012681) P1 Winnings: 3.0
Choosing model 4
[0.1717237584181747, 0.0009499659525815707, 0.012539058172038738, 0.6505380523246861, 0.16424916513251886]
Games played: 166
Exploitability: P1=2.600000000 P2=0.008134275 EV: (0.007973091505104713, -0.007973091505104713) P1 Winnings: 8.0
Choosing model 3
[0.17172373610879568, 0.0009499666746386677, 0.012539057947412426, 0.6505381785851914, 0.16424906068396183]
Games played: 167
Exploitability: P1=1.933333333 P2=0.008134275 EV: (-0.10323290895482666, 0.10323290895482666) P1 Winnings: 7.0
Choosing model 3
[0.1860021438694515, 0.0010623536234325162, 0.014380927847211034, 0.6371259364228455, 0.1614286382370593]
Games played: 168
Exploitability: P1=1.933333333 P2=0.008134275 EV: (-0.10323290895482666, 0.10323290895482666) P1 Winnings: 8.0
Choosing model 4
[0.14249180732321876, 0.0005601792945159188, 0.007932364588905422, 0.6619952470275285, 0.18702040176583126]
Games played: 169
Exploitability: P1=2.600000000 P2=0.008134275 EV: (0.007973091505104713, -0.007973091505104713) P1 Winnings: 15.0
Choosing model 0
[0.14417586046093078, 0.0005117357957099259, 0.00796197424513064, 0.652790823465929, 0.1945596060322997]
Games played: 170
Exploitability: P1=1.900000000 P2=0.008134275 EV: (-0.08728345689012681, 0.08728345689012681) P1 Winnings: 12.0
Choosing model 3
[0.13677743772909867, 0.000702391429982731, 0.007859883513007272, 0.6976371454536504, 0.15702314187426086]
Games played: 171
Exploitability: P1=1.933333333 P2=0.008134275 EV: (-0.10323290895482666, 0.10323290895482666) P1 Winnings: 3.0
Choosing model 3
[0.14156760370945254, 0.0005626925877538948, 0.00796112000478941, 0.6743371692025262, 0.17557141449547792]
Games played: 172
Exploitability: P1=1.933333333 P2=0.008134275 EV: (-0.10323290895482666, 0.10323290895482666) P1 Winnings: 6.0
Choosing model 3
[0.14329233958571563, 0.0005067660184328045, 0.008023126706090348, 0.6701923515582032, 0.17798541613155797]
Games played: 173
Exploitability: P1=1.933333333 P2=0.008134275 EV: (-0.10323290895482666, 0.10323290895482666) P1 Winnings: 6.0
Choosing model 3
[0.14329231971567366, 0.0005067664356704386, 0.008023126564340578, 0.6701924931918029, 0.17798529409251254]
Games played: 174
Exploitability: P1=1.933333333 P2=0.008134275 EV: (-0.10323290895482666, 0.10323290895482666) P1 Winnings: 3.0
Choosing model 4
[0.15399718053979805, 0.00028371819375401286, 0.008143657521665935, 0.6020768802901034, 0.2354985634546785]
Games played: 175
Exploitability: P1=2.600000000 P2=0.008134275 EV: (0.007973091505104713, -0.007973091505104713) P1 Winnings: 0.0
Choosing model 3
[0.1568291425971418, 0.00023272309915278616, 0.00814687539011692, 0.5793707813964868, 0.2554204775171017]
Games played: 176
Exploitability: P1=1.933333333 P2=0.008134275 EV: (-0.10323290895482666, 0.10323290895482666) P1 Winnings: 1.0
Choosing model 4
[0.14045767113607585, 0.00013403625086698008, 0.005859320223504431, 0.5455116246089603, 0.3080373477805925]
Games played: 177
Exploitability: P1=2.600000000 P2=0.008134275 EV: (0.007973091505104713, -0.007973091505104713) P1 Winnings: 4.0
Choosing model 3
[0.14012982578349448, 0.00014317455542645546, 0.0058947755142393305, 0.5576236244614816, 0.2962085996853581]
Games played: 178
Exploitability: P1=1.933333333 P2=0.008134275 EV: (-0.10323290895482666, 0.10323290895482666) P1 Winnings: 3.0
Choosing model 3
[0.14096087070446092, 0.00013003190415011775, 0.005882347904097447, 0.5466705380709137, 0.30635621141637787]
Games played: 179
Exploitability: P1=1.933333333 P2=0.008134275 EV: (-0.10323290895482666, 0.10323290895482666) P1 Winnings: 6.0
Choosing model 4
[0.12378149919144583, 0.0001113076403787492, 0.004466139019831254, 0.5784649327181307, 0.29317612143021343]
Games played: 180
Exploitability: P1=2.600000000 P2=0.008134275 EV: (0.007973091505104713, -0.007973091505104713) P1 Winnings: 15.0
Choosing model 4
[0.12459087741969908, 0.0001011513234858059, 0.004459418052681062, 0.5674453675335811, 0.303403185670553]
Games played: 181
Exploitability: P1=2.600000000 P2=0.008134275 EV: (0.007973091505104713, -0.007973091505104713) P1 Winnings: 12.0
Choosing model 4
[0.12185680731141789, 0.00013673820385276525, 0.004519329236319293, 0.6170302497316315, 0.2564568755167786]
Games played: 182
Exploitability: P1=2.600000000 P2=0.008134275 EV: (0.007973091505104713, -0.007973091505104713) P1 Winnings: 7.0
Choosing model 3
[0.12642809712676276, 0.00011416417325264086, 0.0046547447231518055, 0.5891934702515353, 0.27960952372529746]
Games played: 183
Exploitability: P1=1.933333333 P2=0.008134275 EV: (-0.10323290895482666, 0.10323290895482666) P1 Winnings: 8.0
Choosing model 4
[0.12856534939548656, 8.985717114331606e-05, 0.004632173790800412, 0.559546705554247, 0.30716591408832267]
Games played: 184
Exploitability: P1=2.600000000 P2=0.008134275 EV: (0.007973091505104713, -0.007973091505104713) P1 Winnings: 11.0
Choosing model 3
[0.1299484055796048, 7.921306907365176e-05, 0.004652261136528891, 0.5519162509451825, 0.3134038692696101]
Games played: 185
Exploitability: P1=1.933333333 P2=0.008134275 EV: (-0.10323290895482666, 0.10323290895482666) P1 Winnings: 11.0
Choosing model 3
[0.13048513682096252, 0.0001135088558039776, 0.0049294320012216635, 0.6029822684410445, 0.26148965388096734]
Games played: 186
Exploitability: P1=1.933333333 P2=0.008134275 EV: (-0.10323290895482666, 0.10323290895482666) P1 Winnings: 18.0
Choosing model 3
[0.12642423352976506, 0.00015200352214717354, 0.004948782840018253, 0.6495201701474217, 0.21895480996064773]
Games played: 187
Exploitability: P1=1.933333333 P2=0.008134275 EV: (-0.10323290895482666, 0.10323290895482666) P1 Winnings: 23.0
Choosing model 3
[0.1292238263233975, 0.00012514232669073392, 0.0049689913146471094, 0.6273292670225662, 0.23835277301269858]
Games played: 188
Exploitability: P1=1.933333333 P2=0.008134275 EV: (-0.10323290895482666, 0.10323290895482666) P1 Winnings: 23.0
Choosing model 4
[0.13226804266376227, 9.827907582055427e-05, 0.004977532868450903, 0.599469156632438, 0.2631869887595283]
Games played: 189
Exploitability: P1=2.600000000 P2=0.008134275 EV: (0.007973091505104713, -0.007973091505104713) P1 Winnings: 23.0
Choosing model 3
[0.13318546765590022, 9.205861525384129e-05, 0.005012168189722814, 0.6006922189060873, 0.26101808663303594]
Games played: 190
Exploitability: P1=1.933333333 P2=0.008134275 EV: (-0.10323290895482666, 0.10323290895482666) P1 Winnings: 20.0
Choosing model 3
[0.14499106341309634, 0.0001034717859122958, 0.0057775592456213365, 0.5912910095361705, 0.2578368960191995]
Games played: 191
Exploitability: P1=1.933333333 P2=0.008134275 EV: (-0.10323290895482666, 0.10323290895482666) P1 Winnings: 21.0
Choosing model 4
[0.14650670458071302, 9.302836921798387e-05, 0.0058126083300040704, 0.5866523521985569, 0.2609353065215079]
Games played: 192
Exploitability: P1=2.600000000 P2=0.008134275 EV: (0.007973091505104713, -0.007973091505104713) P1 Winnings: 21.0
Choosing model 3
[0.1426789777845503, 0.00012221289108587275, 0.00586350416336656, 0.6322761935107885, 0.2190591116502089]
Games played: 193
Exploitability: P1=1.933333333 P2=0.008134275 EV: (-0.10323290895482666, 0.10323290895482666) P1 Winnings: 28.0
Choosing model 3
[0.15517210020810507, 0.00013722833021724407, 0.00675219946953338, 0.6217636856097486, 0.2161747863823957]
Games played: 194
Exploitability: P1=1.933333333 P2=0.008134275 EV: (-0.10323290895482666, 0.10323290895482666) P1 Winnings: 29.0
Choosing model 4
[0.15876828898220907, 0.0001102541921207468, 0.00677006204994207, 0.5966160191663898, 0.23773537560933822]
Games played: 195
Exploitability: P1=2.600000000 P2=0.008134275 EV: (0.007973091505104713, -0.007973091505104713) P1 Winnings: 26.0
Choosing model 3
[0.16461112333401953, 9.198916663746273e-05, 0.006968128393209442, 0.5693089186499943, 0.2590198404561392]
Games played: 196
Exploitability: P1=1.933333333 P2=0.008134275 EV: (-0.10323290895482666, 0.10323290895482666) P1 Winnings: 27.0
Choosing model 4
[0.17855952265738337, 0.00010302286757645138, 0.008003396970239605, 0.5583888006613922, 0.2549452568434084]
Games played: 197
Exploitability: P1=2.600000000 P2=0.008134275 EV: (0.007973091505104713, -0.007973091505104713) P1 Winnings: 28.0
Choosing model 4
[0.1811589759679107, 8.418772655245886e-05, 0.00797643394820125, 0.5353085501957241, 0.27547185216161146]
Games played: 198
Exploitability: P1=2.600000000 P2=0.008134275 EV: (0.007973091505104713, -0.007973091505104713) P1 Winnings: 28.0
Choosing model 3
[0.18115896913439364, 8.41878043655525e-05, 0.007976434612471633, 0.5353087173616364, 0.27547169108713276]
Games played: 199
Exploitability: P1=1.933333333 P2=0.008134275 EV: (-0.10323290895482666, 0.10323290895482666) P1 Winnings: 25.0
Choosing model 3
[0.2077144127590171, 8.305471045758248e-05, 0.009905004185932988, 0.49815821674388533, 0.284139311600707]
Games played: 200
Exploitability: P1=1.933333333 P2=0.008134275 EV: (-0.10323290895482666, 0.10323290895482666) P1 Winnings: 28.0
