Player 1 exploitability: 0.0147565653735
Choosing model 4
[0.19999996719993904, 0.2000001452002699, 0.19999998959998067, 0.20000003200005947, 0.1999998659997509]
Games played: 1
Exploitability: P1=2.600000000 P2=-0.070895449 EV: (-0.07281882160455193, 0.07281882160455193) P1 Winnings: -1
Choosing model 4
[0.20843319438564642, 0.16788255800682342, 0.20475028122450997, 0.19695076192043226, 0.22198320446258807]
Games played: 2
Exploitability: P1=2.600000000 P2=-0.070895449 EV: (-0.07281882160455193, 0.07281882160455193) P1 Winnings: 0.0
Choosing model 3
[0.2062866988099391, 0.1778968967163621, 0.2043448829088469, 0.1997165444980483, 0.21175497706680357]
Games played: 3
Exploitability: P1=1.933333333 P2=-0.070895449 EV: (-0.12304053225144919, 0.12304053225144919) P1 Winnings: -1.0
Choosing model 0
[0.200704363693636, 0.16872205269313129, 0.17189914709614254, 0.23414982378586163, 0.22452461273122853]
Games played: 4
Exploitability: P1=1.900000000 P2=-0.070895449 EV: (-0.08486365018715385, 0.08486365018715385) P1 Winnings: -1.0
Choosing model 3
[0.20924064017789665, 0.13496015978269907, 0.17538664296750558, 0.22789879229962134, 0.25251376477227727]
Games played: 5
Exploitability: P1=1.933333333 P2=-0.070895449 EV: (-0.12304053225144919, 0.12304053225144919) P1 Winnings: 0.0
Choosing model 4
[0.21851215590320908, 0.08450484980493368, 0.17443653365183479, 0.20483437128708146, 0.31771208935294104]
Games played: 6
Exploitability: P1=2.600000000 P2=-0.070895449 EV: (-0.07281882160455193, 0.07281882160455193) P1 Winnings: 1.0
Choosing model 4
[0.2185121558367775, 0.08450493107306675, 0.1744365547056635, 0.20483444291697495, 0.31771191546751737]
Games played: 7
Exploitability: P1=2.600000000 P2=-0.070895449 EV: (-0.07281882160455193, 0.07281882160455193) P1 Winnings: -2.0
Choosing model 4
[0.22158466439309749, 0.06470167688937342, 0.1729627792573154, 0.1932396887426154, 0.34751119071759845]
Games played: 8
Exploitability: P1=2.600000000 P2=-0.070895449 EV: (-0.07281882160455193, 0.07281882160455193) P1 Winnings: -2.0
Choosing model 4
[0.22220557466041044, 0.05857966369928905, 0.1720613593003981, 0.1888548279726119, 0.3582985743672905]
Games played: 9
Exploitability: P1=2.600000000 P2=-0.070895449 EV: (-0.07281882160455193, 0.07281882160455193) P1 Winnings: -5.0
Choosing model 4
[0.22220558548258684, 0.05857971868832902, 0.17206138695129075, 0.18885489835958316, 0.3582984105182102]
Games played: 10
Exploitability: P1=2.600000000 P2=-0.070895449 EV: (-0.07281882160455193, 0.07281882160455193) P1 Winnings: -6.0
Choosing model 2
[0.22256606233980625, 0.045018991395855336, 0.1686634418928997, 0.1766001987034556, 0.387151305667983]
Games played: 11
Exploitability: P1=4.600000000 P2=-0.070895449 EV: (-0.1360408591717993, 0.1360408591717993) P1 Winnings: -6.0
Choosing model 3
[0.2222632481543842, 0.03467298748543218, 0.16570506827231177, 0.1622987732168424, 0.4150599228710296]
Games played: 12
Exploitability: P1=1.933333333 P2=-0.070895449 EV: (-0.12304053225144919, 0.12304053225144919) P1 Winnings: -3.0
Choosing model 0
[0.2322774259229697, 0.037411379494835965, 0.18336207558037457, 0.15336259872889377, 0.3935865202729259]
Games played: 13
Exploitability: P1=1.900000000 P2=-0.070895449 EV: (-0.08486365018715385, 0.08486365018715385) P1 Winnings: -2.0
Choosing model 0
[0.2337432918268181, 0.04030828182109856, 0.1860700939851918, 0.15812613050890303, 0.38175220185798847]
Games played: 14
Exploitability: P1=1.900000000 P2=-0.070895449 EV: (-0.08486365018715385, 0.08486365018715385) P1 Winnings: 3.0
Choosing model 3
[0.21456515661681547, 0.023794600253773064, 0.13716208680277778, 0.15259925407028851, 0.4718789022563452]
Games played: 15
Exploitability: P1=1.933333333 P2=-0.070895449 EV: (-0.12304053225144919, 0.12304053225144919) P1 Winnings: 6.0
Choosing model 0
[0.22248693327344768, 0.033283029166758495, 0.14732046609142455, 0.1751141525841915, 0.4217954188841779]
Games played: 16
Exploitability: P1=1.900000000 P2=-0.070895449 EV: (-0.08486365018715385, 0.08486365018715385) P1 Winnings: 13.0
Choosing model 4
[0.22056900065175075, 0.026576703922583423, 0.14346984322500625, 0.16404079018199857, 0.4453436620186611]
Games played: 17
Exploitability: P1=2.600000000 P2=-0.070895449 EV: (-0.07281882160455193, 0.07281882160455193) P1 Winnings: 13.0
Choosing model 3
[0.22256782554834267, 0.028712927762575054, 0.14598675308550962, 0.1695984178410257, 0.4331340757625469]
Games played: 18
Exploitability: P1=1.933333333 P2=-0.070895449 EV: (-0.12304053225144919, 0.12304053225144919) P1 Winnings: 12.0
Choosing model 0
[0.21976171516837528, 0.02226221320141757, 0.14125387219779792, 0.15704744672497262, 0.45967475270743663]
Games played: 19
Exploitability: P1=1.900000000 P2=-0.070895449 EV: (-0.08486365018715385, 0.08486365018715385) P1 Winnings: 9.0
Choosing model 2
[0.21577565587683226, 0.016918479138162832, 0.1357248639834103, 0.14400559781799185, 0.48757540318360276]
Games played: 20
Exploitability: P1=4.600000000 P2=-0.070895449 EV: (-0.1360408591717993, 0.1360408591717993) P1 Winnings: 9.0
Choosing model 4
[0.24554477595183372, 0.026599642403724942, 0.1804654721917511, 0.14583416805976007, 0.40155594139293016]
Games played: 21
Exploitability: P1=2.600000000 P2=-0.070895449 EV: (-0.07281882160455193, 0.07281882160455193) P1 Winnings: 18.0
Choosing model 3
[0.2446702249283531, 0.023929978477307132, 0.1783856802596267, 0.1416205325769683, 0.4113935837577447]
Games played: 22
Exploitability: P1=1.933333333 P2=-0.070895449 EV: (-0.12304053225144919, 0.12304053225144919) P1 Winnings: 15.0
Choosing model 3
[0.1785097656401958, 0.013366200307467739, 0.0752507459065789, 0.19397590187422525, 0.5388973862715324]
Games played: 23
Exploitability: P1=1.933333333 P2=-0.070895449 EV: (-0.12304053225144919, 0.12304053225144919) P1 Winnings: 26.0
Choosing model 2
[0.13523901844557584, 0.006969953039877028, 0.041048201198665965, 0.19931681718082625, 0.6174260101350548]
Games played: 24
Exploitability: P1=4.600000000 P2=-0.070895449 EV: (-0.1360408591717993, 0.1360408591717993) P1 Winnings: 23.0
Choosing model 0
[0.09845154040300445, 0.0034924662204366976, 0.02151582113388717, 0.1967979567922441, 0.6797422154504276]
Games played: 25
Exploitability: P1=1.900000000 P2=-0.070895449 EV: (-0.08486365018715385, 0.08486365018715385) P1 Winnings: 12.0
Choosing model 4
[0.10038958748848502, 0.00381291198794505, 0.02212376254610096, 0.20560741467197993, 0.6680663233054891]
Games played: 26
Exploitability: P1=2.600000000 P2=-0.070895449 EV: (-0.07281882160455193, 0.07281882160455193) P1 Winnings: 17.0
Choosing model 3
[0.0966480499773058, 0.002841212914933532, 0.020843567759119955, 0.18485929116922384, 0.6948078781794169]
Games played: 27
Exploitability: P1=1.933333333 P2=-0.070895449 EV: (-0.12304053225144919, 0.12304053225144919) P1 Winnings: 20.0
Choosing model 3
[0.10513706490624278, 0.0031910943490572785, 0.024008730016065145, 0.18183141168493705, 0.6858316990436979]
Games played: 28
Exploitability: P1=1.933333333 P2=-0.070895449 EV: (-0.12304053225144919, 0.12304053225144919) P1 Winnings: 21.0
Choosing model 4
[0.10172683002614698, 0.0024868959465307755, 0.022819515767291507, 0.16624140979693774, 0.706725348463093]
Games played: 29
Exploitability: P1=2.600000000 P2=-0.070895449 EV: (-0.07281882160455193, 0.07281882160455193) P1 Winnings: 21.0
Choosing model 3
[0.09820153234120514, 0.0019336535936420257, 0.0216394765648612, 0.15163959174874897, 0.7265857457515427]
Games played: 30
Exploitability: P1=1.933333333 P2=-0.070895449 EV: (-0.12304053225144919, 0.12304053225144919) P1 Winnings: 22.0
Choosing model 4
[0.10676105976310134, 0.002905547017091858, 0.024376626078291042, 0.18328462485137068, 0.6826721422901452]
Games played: 31
Exploitability: P1=2.600000000 P2=-0.070895449 EV: (-0.07281882160455193, 0.07281882160455193) P1 Winnings: 22.0
Choosing model 3
[0.10676109216807045, 0.0029055506941492136, 0.024376636426857418, 0.1832847446331438, 0.6826719760777792]
Games played: 32
Exploitability: P1=1.933333333 P2=-0.070895449 EV: (-0.12304053225144919, 0.12304053225144919) P1 Winnings: 19.0
Choosing model 4
[0.14355206646177326, 0.006512903447054165, 0.04062854537013245, 0.21808662974900325, 0.5912198549720369]
Games played: 33
Exploitability: P1=2.600000000 P2=-0.070895449 EV: (-0.07281882160455193, 0.07281882160455193) P1 Winnings: 24.0
Choosing model 4
[0.13635852807146553, 0.004244729950950671, 0.0373146623333141, 0.1864780272717087, 0.635604052372561]
Games played: 34
Exploitability: P1=2.600000000 P2=-0.070895449 EV: (-0.07281882160455193, 0.07281882160455193) P1 Winnings: 24.0
Choosing model 4
[0.13149979733921172, 0.0031683665371923467, 0.03521526319456473, 0.16794556126062604, 0.6621710116684051]
Games played: 35
Exploitability: P1=2.600000000 P2=-0.070895449 EV: (-0.07281882160455193, 0.07281882160455193) P1 Winnings: 27.0
Choosing model 3
[0.13149983335448714, 0.0031683702247999415, 0.03521527678346926, 0.16794566167218486, 0.6621708579650588]
Games played: 36
Exploitability: P1=1.933333333 P2=-0.070895449 EV: (-0.12304053225144919, 0.12304053225144919) P1 Winnings: 26.0
Choosing model 4
[0.11719748720947104, 0.0014710197659252254, 0.029642184479288413, 0.12511933368861214, 0.7265699748567032]
Games played: 37
Exploitability: P1=2.600000000 P2=-0.070895449 EV: (-0.07281882160455193, 0.07281882160455193) P1 Winnings: 23.0
Choosing model 4
[0.11719752500300816, 0.0014710215495064688, 0.029642197358154466, 0.12511941457552464, 0.7265698415138062]
Games played: 38
Exploitability: P1=2.600000000 P2=-0.070895449 EV: (-0.07281882160455193, 0.07281882160455193) P1 Winnings: 22.0
Choosing model 4
[0.11183459706244842, 0.0010770138300493543, 0.02768226998495729, 0.11146574013214787, 0.7479403789903971]
Games played: 39
Exploitability: P1=2.600000000 P2=-0.070895449 EV: (-0.07281882160455193, 0.07281882160455193) P1 Winnings: 22.0
Choosing model 0
[0.11458325230730833, 0.0011814754468502326, 0.02860102424107106, 0.11701415702480349, 0.738620090979967]
Games played: 40
Exploitability: P1=1.900000000 P2=-0.070895449 EV: (-0.08486365018715385, 0.08486365018715385) P1 Winnings: 21.0
Choosing model 4
[0.11458329030026534, 0.0011814768901137333, 0.028601036927781705, 0.11701423373646418, 0.7386199621453751]
Games played: 41
Exploitability: P1=2.600000000 P2=-0.070895449 EV: (-0.07281882160455193, 0.07281882160455193) P1 Winnings: 20.0
Choosing model 4
[0.09969100746842058, 0.0005354875948687389, 0.023501873076783864, 0.08510124709077184, 0.791170384769155]
Games played: 42
Exploitability: P1=2.600000000 P2=-0.070895449 EV: (-0.07281882160455193, 0.07281882160455193) P1 Winnings: 20.0
Choosing model 4
[0.10998456106021214, 0.0005083156129463445, 0.028081304580909724, 0.076202260764676, 0.7852235579812559]
Games played: 43
Exploitability: P1=2.600000000 P2=-0.070895449 EV: (-0.07281882160455193, 0.07281882160455193) P1 Winnings: 23.0
Choosing model 0
[0.11933532181677423, 0.0005694345891468122, 0.03226182561595459, 0.07476012400751789, 0.7730732939706065]
Games played: 44
Exploitability: P1=1.900000000 P2=-0.070895449 EV: (-0.08486365018715385, 0.08486365018715385) P1 Winnings: 24.0
Choosing model 2
[0.08563546396664912, 0.0002343934787830804, 0.017049889196858698, 0.06531337247425263, 0.8317668808834564]
Games played: 45
Exploitability: P1=4.600000000 P2=-0.070895449 EV: (-0.1360408591717993, 0.1360408591717993) P1 Winnings: 24.0
Choosing model 4
[0.08812977126857971, 0.000258269403171294, 0.017693977078067784, 0.06886889889287838, 0.8250490833573029]
Games played: 46
Exploitability: P1=2.600000000 P2=-0.070895449 EV: (-0.07281882160455193, 0.07281882160455193) P1 Winnings: 11.0
Choosing model 4
[0.09942591931122217, 0.00042156197092498026, 0.02077188275121595, 0.08752532955506628, 0.7918553064115705]
Games played: 47
Exploitability: P1=2.600000000 P2=-0.070895449 EV: (-0.07281882160455193, 0.07281882160455193) P1 Winnings: 10.0
Choosing model 4
[0.09503462770712562, 0.0003245502856403931, 0.019503641201135635, 0.0790508705993443, 0.8060863102067541]
Games played: 48
Exploitability: P1=2.600000000 P2=-0.070895449 EV: (-0.07281882160455193, 0.07281882160455193) P1 Winnings: 11.0
Choosing model 4
[0.06943684209979814, 0.00022717312453863808, 0.010185547140150002, 0.09492582502206338, 0.8252246126134498]
Games played: 49
Exploitability: P1=2.600000000 P2=-0.070895449 EV: (-0.07281882160455193, 0.07281882160455193) P1 Winnings: 20.0
Choosing model 3
[0.0694368688653156, 0.00022717341429064191, 0.010185552207112576, 0.09492589236874958, 0.8252245131445316]
Games played: 50
Exploitability: P1=1.933333333 P2=-0.070895449 EV: (-0.12304053225144919, 0.12304053225144919) P1 Winnings: 19.0
Choosing model 4
[0.07723553377244842, 0.0003492523205112453, 0.011739344329718994, 0.11738985756875456, 0.7932860120085667]
Games played: 51
Exploitability: P1=2.600000000 P2=-0.070895449 EV: (-0.07281882160455193, 0.07281882160455193) P1 Winnings: 6.0
Choosing model 4
[0.08431977607543006, 0.00039366309674919756, 0.01357033316220909, 0.11587980137927033, 0.7858364262863413]
Games played: 52
Exploitability: P1=2.600000000 P2=-0.070895449 EV: (-0.07281882160455193, 0.07281882160455193) P1 Winnings: 7.0
Choosing model 4
[0.08431980628035836, 0.0003936635881277068, 0.013570339543238372, 0.11587988043473779, 0.7858363101535377]
Games played: 53
Exploitability: P1=2.600000000 P2=-0.070895449 EV: (-0.07281882160455193, 0.07281882160455193) P1 Winnings: 6.0
Choosing model 4
[0.08651881914981276, 0.00043247865995893817, 0.0140412772881213, 0.1218263010639418, 0.7771811238381652]
Games played: 54
Exploitability: P1=2.600000000 P2=-0.070895449 EV: (-0.07281882160455193, 0.07281882160455193) P1 Winnings: 5.0
Choosing model 3
[0.08291369069133962, 0.00033382484293619424, 0.013218429329903846, 0.1103182495182514, 0.793215805617569]
Games played: 55
Exploitability: P1=1.933333333 P2=-0.070895449 EV: (-0.12304053225144919, 0.12304053225144919) P1 Winnings: 6.0
Choosing model 4
[0.07880349062824038, 0.00024913748014673853, 0.012311084748141606, 0.09832999125435048, 0.8103062958891208]
Games played: 56
Exploitability: P1=2.600000000 P2=-0.070895449 EV: (-0.07281882160455193, 0.07281882160455193) P1 Winnings: 3.0
Choosing model 4
[0.07880352270864101, 0.0002491378212398456, 0.012311091249550713, 0.09833006569944217, 0.8103061825211262]
Games played: 57
Exploitability: P1=2.600000000 P2=-0.070895449 EV: (-0.07281882160455193, 0.07281882160455193) P1 Winnings: 0.0
Choosing model 4
[0.07724347448260413, 0.00022048137981060407, 0.011970937493326596, 0.09393317678896913, 0.8166319298552895]
Games played: 58
Exploitability: P1=2.600000000 P2=-0.070895449 EV: (-0.07281882160455193, 0.07281882160455193) P1 Winnings: -3.0
Choosing model 4
[0.09582997715253357, 0.00031837508955570625, 0.017173409157268005, 0.0962099597571686, 0.7904682788434741]
Games played: 59
Exploitability: P1=2.600000000 P2=-0.070895449 EV: (-0.07281882160455193, 0.07281882160455193) P1 Winnings: 0.0
Choosing model 0
[0.09583001228370952, 0.00031837548962620967, 0.017173417376449437, 0.09621002619974725, 0.7904681686504675]
Games played: 60
Exploitability: P1=1.900000000 P2=-0.070895449 EV: (-0.08486365018715385, 0.08486365018715385) P1 Winnings: -1.0
Choosing model 4
[0.09839243039386349, 0.0003499920850913274, 0.017780820093410612, 0.10121211816211505, 0.7822646392655195]
Games played: 61
Exploitability: P1=2.600000000 P2=-0.070895449 EV: (-0.07281882160455193, 0.07281882160455193) P1 Winnings: -2.0
Choosing model 4
[0.10097910211523897, 0.00038457982051609454, 0.018401639683824335, 0.10642762406188824, 0.7738070543185324]
Games played: 62
Exploitability: P1=2.600000000 P2=-0.070895449 EV: (-0.07281882160455193, 0.07281882160455193) P1 Winnings: -3.0
Choosing model 4
[0.09585932931732197, 0.0002801133980620896, 0.017095939510581467, 0.09432269730652153, 0.7924419204675129]
Games played: 63
Exploitability: P1=2.600000000 P2=-0.070895449 EV: (-0.07281882160455193, 0.07281882160455193) P1 Winnings: -3.0
Choosing model 4
[0.09843477314212583, 0.00030796863876600324, 0.0177028035323848, 0.0992390062552556, 0.7843154484314677]
Games played: 64
Exploitability: P1=2.600000000 P2=-0.070895449 EV: (-0.07281882160455193, 0.07281882160455193) P1 Winnings: -4.0
Choosing model 4
[0.11419182968196562, 0.000567651972911624, 0.02165022969612684, 0.13457143495065907, 0.7290188536983369]
Games played: 65
Exploitability: P1=2.600000000 P2=-0.070895449 EV: (-0.07281882160455193, 0.07281882160455193) P1 Winnings: -4.0
Choosing model 4
[0.1090321114805028, 0.00040923326527407365, 0.02021310144944492, 0.11953677098678557, 0.7508087828179927]
Games played: 66
Exploitability: P1=2.600000000 P2=-0.070895449 EV: (-0.07281882160455193, 0.07281882160455193) P1 Winnings: -4.0
Choosing model 4
[0.11034810633450529, 0.00038528566589543143, 0.020457520922829705, 0.12039133557642206, 0.7484177515003474]
Games played: 67
Exploitability: P1=2.600000000 P2=-0.070895449 EV: (-0.07281882160455193, 0.07281882160455193) P1 Winnings: -7.0
Choosing model 4
[0.11304949517264024, 0.00042261513603863055, 0.021134484782139015, 0.12637204443631675, 0.7390213604728654]
Games played: 68
Exploitability: P1=2.600000000 P2=-0.070895449 EV: (-0.07281882160455193, 0.07281882160455193) P1 Winnings: -8.0
Choosing model 4
[0.12468020901048477, 0.000674350116272772, 0.02425459287929536, 0.1570050237370109, 0.6933858242569362]
Games played: 69
Exploitability: P1=2.600000000 P2=-0.070895449 EV: (-0.07281882160455193, 0.07281882160455193) P1 Winnings: -9.0
Choosing model 4
[0.12468024900134365, 0.0006743509812951363, 0.024254603593706372, 0.15700512904785247, 0.6933856673758024]
Games played: 70
Exploitability: P1=2.600000000 P2=-0.070895449 EV: (-0.07281882160455193, 0.07281882160455193) P1 Winnings: -12.0
Choosing model 4
[0.12036312538843877, 0.0005243485797720077, 0.023001044079203354, 0.14321888080716166, 0.7128926011454242]
Games played: 71
Exploitability: P1=2.600000000 P2=-0.070895449 EV: (-0.07281882160455193, 0.07281882160455193) P1 Winnings: -11.0
Choosing model 0
[0.13059901300400853, 0.0005874077153745239, 0.026425813486165028, 0.14051140886529578, 0.7018763569291562]
Games played: 72
Exploitability: P1=1.900000000 P2=-0.070895449 EV: (-0.08486365018715385, 0.08486365018715385) P1 Winnings: -10.0
Choosing model 3
[0.11481830844756352, 0.00026902979664972807, 0.02194247523259462, 0.10326315105732067, 0.7597070354658715]
Games played: 73
Exploitability: P1=1.933333333 P2=-0.070895449 EV: (-0.12304053225144919, 0.12304053225144919) P1 Winnings: -13.0
Choosing model 3
[0.12466093489069237, 0.0003015731903855248, 0.025225467784875853, 0.10137467682660778, 0.7484373473074385]
Games played: 74
Exploitability: P1=1.933333333 P2=-0.070895449 EV: (-0.12304053225144919, 0.12304053225144919) P1 Winnings: -12.0
Choosing model 3
[0.11957121869631271, 0.00023298465252446303, 0.02376802406957381, 0.0918790294553917, 0.7645487431261974]
Games played: 75
Exploitability: P1=1.933333333 P2=-0.070895449 EV: (-0.12304053225144919, 0.12304053225144919) P1 Winnings: -12.0
Choosing model 0
[0.11829846973588841, 0.0002046157538178854, 0.023352269337226478, 0.08870380181652315, 0.7694408433565441]
Games played: 76
Exploitability: P1=1.900000000 P2=-0.070895449 EV: (-0.08486365018715385, 0.08486365018715385) P1 Winnings: -15.0
Choosing model 4
[0.12138447668206447, 0.00022479235869136204, 0.024162843049148394, 0.0932563243571196, 0.7609715635529761]
Games played: 77
Exploitability: P1=2.600000000 P2=-0.070895449 EV: (-0.07281882160455193, 0.07281882160455193) P1 Winnings: -16.0
Choosing model 4
[0.11772848978089723, 0.00017544707245430941, 0.02326454357362748, 0.08324427588842932, 0.7755872436845918]
Games played: 78
Exploitability: P1=2.600000000 P2=-0.070895449 EV: (-0.07281882160455193, 0.07281882160455193) P1 Winnings: -15.0
Choosing model 0
[0.12084417608690211, 0.00019281851367514982, 0.024080949505975304, 0.08754887474642713, 0.7673331811470203]
Games played: 79
Exploitability: P1=1.900000000 P2=-0.070895449 EV: (-0.08486365018715385, 0.08486365018715385) P1 Winnings: -16.0
Choosing model 4
[0.13463108833439932, 0.0003107991750669447, 0.027916866418295373, 0.10987625360686121, 0.7272649924653772]
Games played: 80
Exploitability: P1=2.600000000 P2=-0.070895449 EV: (-0.07281882160455193, 0.07281882160455193) P1 Winnings: -17.0
Choosing model 0
[0.12421519783120258, 0.00019674867039921583, 0.024904133390382197, 0.09125548783071558, 0.7594284322773004]
Games played: 81
Exploitability: P1=1.900000000 P2=-0.070895449 EV: (-0.08486365018715385, 0.08486365018715385) P1 Winnings: -17.0
Choosing model 4
[0.11794198344902945, 0.00014333425915510485, 0.023141883023797057, 0.08089313116079921, 0.7778796681072191]
Games played: 82
Exploitability: P1=2.600000000 P2=-0.070895449 EV: (-0.07281882160455193, 0.07281882160455193) P1 Winnings: -16.0
Choosing model 4
[0.1210812168103128, 0.0001575494199382665, 0.023957525664995382, 0.0850887281838545, 0.7697149799208991]
Games played: 83
Exploitability: P1=2.600000000 P2=-0.070895449 EV: (-0.07281882160455193, 0.07281882160455193) P1 Winnings: -17.0
Choosing model 4
[0.11470062382417127, 0.00011551766050231404, 0.022209542316220885, 0.07527644837799037, 0.7876978678211153]
Games played: 84
Exploitability: P1=2.600000000 P2=-0.070895449 EV: (-0.07281882160455193, 0.07281882160455193) P1 Winnings: -14.0
Choosing model 4
[0.11470066644648289, 0.00011551780623919738, 0.022209553056676264, 0.07527650074005736, 0.7876977619505443]
Games played: 85
Exploitability: P1=2.600000000 P2=-0.070895449 EV: (-0.07281882160455193, 0.07281882160455193) P1 Winnings: -15.0
Choosing model 0
[0.13367114922227497, 0.0001900696452186196, 0.027950052603444128, 0.08966863956395528, 0.748520088965107]
Games played: 86
Exploitability: P1=1.900000000 P2=-0.070895449 EV: (-0.08486365018715385, 0.08486365018715385) P1 Winnings: -12.0
Choosing model 0
[0.13367119552593149, 0.00019006988022108768, 0.027950065415749473, 0.08966869967786023, 0.7485199695002377]
Games played: 87
Exploitability: P1=1.900000000 P2=-0.070895449 EV: (-0.08486365018715385, 0.08486365018715385) P1 Winnings: -13.0
Choosing model 4
[0.12969147293565114, 0.00014839970935521317, 0.026920585427505597, 0.08007042350345787, 0.7631691184240302]
Games played: 88
Exploitability: P1=2.600000000 P2=-0.070895449 EV: (-0.07281882160455193, 0.07281882160455193) P1 Winnings: -12.0
Choosing model 4
[0.15431543115259697, 0.00031707916777955127, 0.03416984897556691, 0.11548513335704272, 0.6957125073470138]
Games played: 89
Exploitability: P1=2.600000000 P2=-0.070895449 EV: (-0.07281882160455193, 0.07281882160455193) P1 Winnings: -15.0
Choosing model 4
[0.17471005558626165, 0.0005703814937404978, 0.040783601673397826, 0.15283351981142732, 0.6311024414351727]
Games played: 90
Exploitability: P1=2.600000000 P2=-0.070895449 EV: (-0.07281882160455193, 0.07281882160455193) P1 Winnings: -15.0
Choosing model 3
[0.18723738361016168, 0.0008448793772487153, 0.04528897284125076, 0.1821009007300326, 0.5845278634413063]
Games played: 91
Exploitability: P1=1.933333333 P2=-0.070895449 EV: (-0.12304053225144919, 0.12304053225144919) P1 Winnings: -10.0
Choosing model 4
[0.20109058791705992, 0.0009368433997846608, 0.05150222923700681, 0.17683822546307792, 0.5696321139830706]
Games played: 92
Exploitability: P1=2.600000000 P2=-0.070895449 EV: (-0.07281882160455193, 0.07281882160455193) P1 Winnings: -9.0
Choosing model 0
[0.21544757354545224, 0.001036310686914391, 0.058426553358956315, 0.17131322302937493, 0.553776339379302]
Games played: 93
Exploitability: P1=1.900000000 P2=-0.070895449 EV: (-0.08486365018715385, 0.08486365018715385) P1 Winnings: -8.0
Choosing model 2
[0.2090178829753908, 0.0007713941170724518, 0.05547351350508139, 0.1551642571642571, 0.5795729522381982]
Games played: 94
Exploitability: P1=4.600000000 P2=-0.070895449 EV: (-0.1360408591717993, 0.1360408591717993) P1 Winnings: -7.0
Choosing model 3
[0.20901806976338164, 0.000771397409125703, 0.05547358659966675, 0.15516458652415477, 0.5795723597036712]
Games played: 95
Exploitability: P1=1.933333333 P2=-0.070895449 EV: (-0.12304053225144919, 0.12304053225144919) P1 Winnings: -16.0
Choosing model 0
[0.22360946883667143, 0.0008520354117256092, 0.06283866928232458, 0.15009417562656244, 0.562605650842716]
Games played: 96
Exploitability: P1=1.900000000 P2=-0.070895449 EV: (-0.08486365018715385, 0.08486365018715385) P1 Winnings: -15.0
Choosing model 0
[0.2385831175851824, 0.00093859940852967, 0.07099223931663233, 0.14480322464508738, 0.5446828190445683]
Games played: 97
Exploitability: P1=1.900000000 P2=-0.070895449 EV: (-0.08486365018715385, 0.08486365018715385) P1 Winnings: -14.0
Choosing model 4
[0.23268380711307818, 0.0007416622878457835, 0.06804359540108747, 0.13363412965636473, 0.5648968055416238]
Games played: 98
Exploitability: P1=2.600000000 P2=-0.070895449 EV: (-0.07281882160455193, 0.07281882160455193) P1 Winnings: -13.0
Choosing model 4
[0.2248372147405521, 0.000554690598867869, 0.0643425002454427, 0.12059172570820484, 0.5896738687069324]
Games played: 99
Exploitability: P1=2.600000000 P2=-0.070895449 EV: (-0.07281882160455193, 0.07281882160455193) P1 Winnings: -10.0
Choosing model 4
[0.2219579981518758, 0.0004943897923745355, 0.06301094307813068, 0.11602100552150835, 0.5985156634561105]
Games played: 100
Exploitability: P1=2.600000000 P2=-0.070895449 EV: (-0.07281882160455193, 0.07281882160455193) P1 Winnings: -13.0
Choosing model 0
[0.24235334834161054, 0.0008703136164871865, 0.07226586927947407, 0.14697791323468082, 0.5375325555277475]
Games played: 101
Exploitability: P1=1.900000000 P2=-0.070895449 EV: (-0.08486365018715385, 0.08486365018715385) P1 Winnings: -24.0
Choosing model 3
[0.26273719635727255, 0.0014991237569314773, 0.08259233416148354, 0.18625528458160442, 0.4669160611427081]
Games played: 102
Exploitability: P1=1.933333333 P2=-0.070895449 EV: (-0.12304053225144919, 0.12304053225144919) P1 Winnings: -29.0
Choosing model 0
[0.27340315742439686, 0.0021561256811919627, 0.08905410370778281, 0.21548119981151345, 0.4199054133751149]
Games played: 103
Exploitability: P1=1.900000000 P2=-0.070895449 EV: (-0.08486365018715385, 0.08486365018715385) P1 Winnings: -29.0
Choosing model 4
[0.2790177584727234, 0.002642022110774314, 0.09284235642789049, 0.23413778344116304, 0.39136007954744867]
Games played: 104
Exploitability: P1=2.600000000 P2=-0.070895449 EV: (-0.07281882160455193, 0.07281882160455193) P1 Winnings: -29.0
Choosing model 3
[0.2723986721239643, 0.0017697509678467073, 0.08763844881366338, 0.2057644826182948, 0.43242864547623083]
Games played: 105
Exploitability: P1=1.933333333 P2=-0.070895449 EV: (-0.12304053225144919, 0.12304053225144919) P1 Winnings: -29.0
Choosing model 4
[0.2790040794897967, 0.00222096742570456, 0.09189670990741507, 0.2258524831712552, 0.4010257600058284]
Games played: 106
Exploitability: P1=2.600000000 P2=-0.070895449 EV: (-0.07281882160455193, 0.07281882160455193) P1 Winnings: -38.0
Choosing model 1
[0.2790041122655189, 0.0022209696632757027, 0.09189673099534171, 0.22585258287940851, 0.4010256041964552]
Games played: 107
Exploitability: P1=2.800000000 P2=-0.070895449 EV: (-0.1563490126077121, 0.1563490126077121) P1 Winnings: -39.0
Choosing model 4
[0.2758904182418606, 0.00177937777943192, 0.08930503032626494, 0.2113313875453546, 0.42169378610708785]
Games played: 108
Exploitability: P1=2.600000000 P2=-0.070895449 EV: (-0.07281882160455193, 0.07281882160455193) P1 Winnings: -40.0
Choosing model 0
[0.2722141032208754, 0.0014224653315075277, 0.08659638709973203, 0.1973108369129418, 0.4424562074349432]
Games played: 109
Exploitability: P1=1.900000000 P2=-0.070895449 EV: (-0.08486365018715385, 0.08486365018715385) P1 Winnings: -41.0
Choosing model 4
[0.2750509586100608, 0.0015388725181614106, 0.08823425505199284, 0.2042704345060035, 0.43090547931378137]
Games played: 110
Exploitability: P1=2.600000000 P2=-0.070895449 EV: (-0.07281882160455193, 0.07281882160455193) P1 Winnings: -36.0
Choosing model 4
[0.2710125219119415, 0.0012212853442525795, 0.08540258019873746, 0.19018328624170305, 0.4521803263033655]
Games played: 111
Exploitability: P1=2.600000000 P2=-0.070895449 EV: (-0.07281882160455193, 0.07281882160455193) P1 Winnings: -35.0
Choosing model 3
[0.2739894228553238, 0.001321965247340008, 0.08706635239226357, 0.19700117839192868, 0.4406210811131439]
Games played: 112
Exploitability: P1=1.933333333 P2=-0.070895449 EV: (-0.12304053225144919, 0.12304053225144919) P1 Winnings: -36.0
Choosing model 4
[0.2739894667656568, 0.0013219667309352131, 0.08706637688081792, 0.1970012789144593, 0.4406209107081309]
Games played: 113
Exploitability: P1=2.600000000 P2=-0.070895449 EV: (-0.07281882160455193, 0.07281882160455193) P1 Winnings: -39.0
Choosing model 3
[0.2768292801007421, 0.0014300694684407022, 0.08870815506913328, 0.20393850826851861, 0.4290939870931653]
Games played: 114
Exploitability: P1=1.933333333 P2=-0.070895449 EV: (-0.12304053225144919, 0.12304053225144919) P1 Winnings: -40.0
Choosing model 2
[0.2926351422202062, 0.0015607908203996495, 0.09929157029402175, 0.19492994848291217, 0.41158254818246015]
Games played: 115
Exploitability: P1=4.600000000 P2=-0.070895449 EV: (-0.1360408591717993, 0.1360408591717993) P1 Winnings: -39.0
Choosing model 3
[0.3317278073671248, 0.002444479086165056, 0.13151467984785922, 0.19664623143884508, 0.3376668022600059]
Games played: 116
Exploitability: P1=1.933333333 P2=-0.070895449 EV: (-0.12304053225144919, 0.12304053225144919) P1 Winnings: -30.0
Choosing model 2
[0.35304014612376156, 0.0022383955614338823, 0.15158474961612073, 0.16985722898245895, 0.3232794797162249]
Games played: 117
Exploitability: P1=4.600000000 P2=-0.070895449 EV: (-0.1360408591717993, 0.1360408591717993) P1 Winnings: -27.0
Choosing model 0
[0.36668841966599147, 0.0024003968518340898, 0.1667105130024225, 0.1595225229329864, 0.30467814754676553]
Games played: 118
Exploitability: P1=1.900000000 P2=-0.070895449 EV: (-0.08486365018715385, 0.08486365018715385) P1 Winnings: -26.0
Choosing model 0
[0.3687238090729532, 0.002584314996411541, 0.16904482648890906, 0.16435314896522749, 0.2952939004764988]
Games played: 119
Exploitability: P1=1.900000000 P2=-0.070895449 EV: (-0.08486365018715385, 0.08486365018715385) P1 Winnings: -21.0
Choosing model 0
[0.35775284767476395, 0.0013062215751103955, 0.15490655783620036, 0.13329764683715792, 0.35273672607676726]
Games played: 120
Exploitability: P1=1.900000000 P2=-0.070895449 EV: (-0.08486365018715385, 0.08486365018715385) P1 Winnings: -24.0
Choosing model 0
[0.3720488518635533, 0.002158355077530204, 0.16983243826066727, 0.16204041308353873, 0.2939199417147106]
Games played: 121
Exploitability: P1=1.900000000 P2=-0.070895449 EV: (-0.08486365018715385, 0.08486365018715385) P1 Winnings: -29.0
Choosing model 2
[0.3904637086696009, 0.0031495981456108996, 0.19722466252555038, 0.16412617128661383, 0.245035859372624]
Games played: 122
Exploitability: P1=4.600000000 P2=-0.070895449 EV: (-0.1360408591717993, 0.1360408591717993) P1 Winnings: -24.0
Choosing model 2
[0.389404326575724, 0.0025449233839334178, 0.19329972918984475, 0.154885456624616, 0.25986556422588186]
Games played: 123
Exploitability: P1=4.600000000 P2=-0.070895449 EV: (-0.1360408591717993, 0.1360408591717993) P1 Winnings: -23.0
Choosing model 0
[0.38123888589499055, 0.0014938859398499873, 0.18023494001452134, 0.13050836306273467, 0.3065239250879035]
Games played: 124
Exploitability: P1=1.900000000 P2=-0.070895449 EV: (-0.08486365018715385, 0.08486365018715385) P1 Winnings: -22.0
Choosing model 2
[0.3812389207023745, 0.0014938874058041433, 0.18023497665645669, 0.1305084172630409, 0.3065237979723238]
Games played: 125
Exploitability: P1=4.600000000 P2=-0.070895449 EV: (-0.1360408591717993, 0.1360408591717993) P1 Winnings: -23.0
Choosing model 4
[0.41034994104258155, 0.0014471835578813857, 0.2467456775528587, 0.09140040437225433, 0.25005679347442394]
Games played: 126
Exploitability: P1=2.600000000 P2=-0.070895449 EV: (-0.07281882160455193, 0.07281882160455193) P1 Winnings: -20.0
Choosing model 3
[0.4102564709613036, 0.0012843517076874197, 0.244981990699985, 0.08917077589383103, 0.2543064107371931]
Games played: 127
Exploitability: P1=1.933333333 P2=-0.070895449 EV: (-0.12304053225144919, 0.12304053225144919) P1 Winnings: -20.0
Choosing model 4
[0.4176220927909515, 0.0013498487382810544, 0.2640563169458179, 0.08207586061331756, 0.234895880911632]
Games played: 128
Exploitability: P1=2.600000000 P2=-0.070895449 EV: (-0.07281882160455193, 0.07281882160455193) P1 Winnings: -19.0
Choosing model 4
[0.42356683103400994, 0.0014135028719361859, 0.28357596353705317, 0.07526945956665732, 0.21617424299034346]
Games played: 129
Exploitability: P1=2.600000000 P2=-0.070895449 EV: (-0.07281882160455193, 0.07281882160455193) P1 Winnings: -18.0
Choosing model 0
[0.42281817393119697, 0.0012739268324375183, 0.2808125822713908, 0.0732262868784963, 0.22186903008647857]
Games played: 130
Exploitability: P1=1.900000000 P2=-0.070895449 EV: (-0.08486365018715385, 0.08486365018715385) P1 Winnings: -21.0
Choosing model 4
[0.4295850952591175, 0.002056502372966507, 0.30077801828094786, 0.08696541243823686, 0.18061497164873133]
Games played: 131
Exploitability: P1=2.600000000 P2=-0.070895449 EV: (-0.07281882160455193, 0.07281882160455193) P1 Winnings: -26.0
Choosing model 4
[0.4245698074177169, 0.0010867772548058638, 0.2805627943079075, 0.07186005942494893, 0.22192056159462076]
Games played: 132
Exploitability: P1=2.600000000 P2=-0.070895449 EV: (-0.07281882160455193, 0.07281882160455193) P1 Winnings: -27.0
Choosing model 0
[0.424569831456434, 0.0010867782835718713, 0.2805628416161901, 0.07186008677630117, 0.22192046186750292]
Games played: 133
Exploitability: P1=1.900000000 P2=-0.070895449 EV: (-0.08486365018715385, 0.08486365018715385) P1 Winnings: -28.0
Choosing model 3
[0.41557513849672983, 0.0006378049600150457, 0.26154227363116556, 0.06053680863109561, 0.2617079742809939]
Games played: 134
Exploitability: P1=1.933333333 P2=-0.070895449 EV: (-0.12304053225144919, 0.12304053225144919) P1 Winnings: -33.0
Choosing model 2
[0.41094304183494496, 0.0004881603913546235, 0.25309444399843445, 0.05590487491841237, 0.2795694788568536]
Games played: 135
Exploitability: P1=4.600000000 P2=-0.070895449 EV: (-0.1360408591717993, 0.1360408591717993) P1 Winnings: -30.0
Choosing model 0
[0.4240151089833398, 0.0005948449524587987, 0.28927737152805194, 0.05183937100903979, 0.23427330352710957]
Games played: 136
Exploitability: P1=1.900000000 P2=-0.070895449 EV: (-0.08486365018715385, 0.08486365018715385) P1 Winnings: -25.0
Choosing model 2
[0.42813414706962133, 0.0006201195570798516, 0.3092768224814152, 0.04732854279240249, 0.21464036809948112]
Games played: 137
Exploitability: P1=4.600000000 P2=-0.070895449 EV: (-0.1360408591717993, 0.1360408591717993) P1 Winnings: -24.0
Choosing model 0
[0.42955044651930063, 0.0005512653423117127, 0.2854734658292536, 0.04998296505153104, 0.23444185725760291]
Games played: 138
Exploitability: P1=1.900000000 P2=-0.070895449 EV: (-0.08486365018715385, 0.08486365018715385) P1 Winnings: -33.0
Choosing model 2
[0.4311927696680186, 0.0005147773684935683, 0.2865712571733891, 0.049930114339188925, 0.23179108145090974]
Games played: 139
Exploitability: P1=4.600000000 P2=-0.070895449 EV: (-0.1360408591717993, 0.1360408591717993) P1 Winnings: -36.0
Choosing model 0
[0.4244392259448644, 0.0003476690727671792, 0.27274202422117777, 0.044241757780244244, 0.2582293229809465]
Games played: 140
Exploitability: P1=1.900000000 P2=-0.070895449 EV: (-0.08486365018715385, 0.08486365018715385) P1 Winnings: -36.0
Choosing model 3
[0.4080897658202014, 0.00017873832040817076, 0.24750064318008955, 0.03556425147629415, 0.30866660120300676]
Games played: 141
Exploitability: P1=1.933333333 P2=-0.070895449 EV: (-0.12304053225144919, 0.12304053225144919) P1 Winnings: -37.0
Choosing model 0
[0.4206516462035582, 0.00024853278274163283, 0.2642572490470251, 0.040569913903347785, 0.2742726580633273]
Games played: 142
Exploitability: P1=1.900000000 P2=-0.070895449 EV: (-0.08486365018715385, 0.08486365018715385) P1 Winnings: -30.0
Choosing model 0
[0.4218480008014735, 0.00024296010921370543, 0.22913143660252847, 0.04902659046327623, 0.299751012023508]
Games played: 143
Exploitability: P1=1.900000000 P2=-0.070895449 EV: (-0.08486365018715385, 0.08486365018715385) P1 Winnings: -21.0
Choosing model 0
[0.4224586846206176, 0.00021649128566397706, 0.2284669126511256, 0.04820845515292566, 0.30064945628966727]
Games played: 144
Exploitability: P1=1.900000000 P2=-0.070895449 EV: (-0.08486365018715385, 0.08486365018715385) P1 Winnings: -26.0
Choosing model 4
[0.41579913940752855, 0.00016492342161017896, 0.22005503011621547, 0.044311927673691236, 0.3196689793809547]
Games played: 145
Exploitability: P1=2.600000000 P2=-0.070895449 EV: (-0.07281882160455193, 0.07281882160455193) P1 Winnings: -26.0
Choosing model 4
[0.4084500987737191, 0.00012539508779340608, 0.21154140186810957, 0.04065127722801262, 0.3392318270423652]
Games played: 146
Exploitability: P1=2.600000000 P2=-0.070895449 EV: (-0.07281882160455193, 0.07281882160455193) P1 Winnings: -33.0
Choosing model 4
[0.42929267360676104, 0.00015339901577162654, 0.25709795330565616, 0.035273625954343996, 0.2781823481174671]
Games played: 147
Exploitability: P1=2.600000000 P2=-0.070895449 EV: (-0.07281882160455193, 0.07281882160455193) P1 Winnings: -30.0
Choosing model 0
[0.4292927202123891, 0.00015339917999535797, 0.25709801232609203, 0.03527364212957556, 0.2781822261519479]
Games played: 148
Exploitability: P1=1.900000000 P2=-0.070895449 EV: (-0.08486365018715385, 0.08486365018715385) P1 Winnings: -33.0
Choosing model 2
[0.41287828048844727, 8.84581515305483e-05, 0.23549329917263662, 0.029197798069154235, 0.32234216411823124]
Games played: 149
Exploitability: P1=4.600000000 P2=-0.070895449 EV: (-0.1360408591717993, 0.1360408591717993) P1 Winnings: -32.0
Choosing model 0
[0.39295469790226184, 5.0478287886644326e-05, 0.21345696171992248, 0.023916731689015883, 0.3696211304009131]
Games played: 150
Exploitability: P1=1.900000000 P2=-0.070895449 EV: (-0.08486365018715385, 0.08486365018715385) P1 Winnings: -32.0
Choosing model 2
[0.4043408615303313, 6.364059423773026e-05, 0.22486154178810444, 0.026372777350930958, 0.34436117873639555]
Games played: 151
Exploitability: P1=4.600000000 P2=-0.070895449 EV: (-0.1360408591717993, 0.1360408591717993) P1 Winnings: -37.0
Choosing model 4
[0.408901936547346, 6.866365292051311e-05, 0.23051086060983814, 0.02693226293097021, 0.33358627625892506]
Games played: 152
Exploitability: P1=2.600000000 P2=-0.070895449 EV: (-0.07281882160455193, 0.07281882160455193) P1 Winnings: -32.0
Choosing model 0
[0.40930299576773743, 6.115470259348674e-05, 0.22973519630485575, 0.026470483723089182, 0.3344301695017243]
Games played: 153
Exploitability: P1=1.900000000 P2=-0.070895449 EV: (-0.08486365018715385, 0.08486365018715385) P1 Winnings: -32.0
Choosing model 4
[0.40930305096664654, 6.115476526865857e-05, 0.22973525301751418, 0.02647049586937371, 0.3344300453811969]
Games played: 154
Exploitability: P1=2.600000000 P2=-0.070895449 EV: (-0.07281882160455193, 0.07281882160455193) P1 Winnings: -33.0
Choosing model 0
[0.42733141218845705, 7.431521140561474e-05, 0.27735515939400684, 0.02281620192371296, 0.27242291128241747]
Games played: 155
Exploitability: P1=1.900000000 P2=-0.070895449 EV: (-0.08486365018715385, 0.08486365018715385) P1 Winnings: -30.0
Choosing model 4
[0.43434935564694704, 9.069558301555312e-05, 0.28798807885541844, 0.024691729645385133, 0.2528801402692337]
Games played: 156
Exploitability: P1=2.600000000 P2=-0.070895449 EV: (-0.07281882160455193, 0.07281882160455193) P1 Winnings: -30.0
Choosing model 2
[0.434349396801421, 9.069567885826229e-05, 0.2879881409888312, 0.02469174062704196, 0.25288002590384767]
Games played: 157
Exploitability: P1=4.600000000 P2=-0.070895449 EV: (-0.1360408591717993, 0.1360408591717993) P1 Winnings: -33.0
Choosing model 0
[0.4245716593397711, 5.961018320693872e-05, 0.2715980812314118, 0.021586218462860306, 0.28218443078274996]
Games played: 158
Exploitability: P1=1.900000000 P2=-0.070895449 EV: (-0.08486365018715385, 0.08486365018715385) P1 Winnings: -38.0
Choosing model 2
[0.42772971257848613, 6.4297979845667e-05, 0.27591800079237666, 0.022281633339697272, 0.2740063553095942]
Games played: 159
Exploitability: P1=4.600000000 P2=-0.070895449 EV: (-0.1360408591717993, 0.1360408591717993) P1 Winnings: -39.0
Choosing model 3
[0.43544022677255256, 7.491453663194835e-05, 0.27710405817221917, 0.024727969775129144, 0.2626528307434671]
Games played: 160
Exploitability: P1=1.933333333 P2=-0.070895449 EV: (-0.12304053225144919, 0.12304053225144919) P1 Winnings: -39.0
Choosing model 0
[0.4307869704187922, 5.969506318375842e-05, 0.26929883309440683, 0.02311602273781328, 0.2767384786858039]
Games played: 161
Exploitability: P1=1.900000000 P2=-0.070895449 EV: (-0.08486365018715385, 0.08486365018715385) P1 Winnings: -39.0
Choosing model 4
[0.43389719243347685, 6.437557326845757e-05, 0.27352288066842195, 0.02385554961687344, 0.2686600017079593]
Games played: 162
Exploitability: P1=2.600000000 P2=-0.070895449 EV: (-0.07281882160455193, 0.07281882160455193) P1 Winnings: -34.0
Choosing model 0
[0.43773508852486054, 5.587968176782431e-05, 0.29885274210293683, 0.0195330534494219, 0.24382323624101299]
Games played: 163
Exploitability: P1=1.900000000 P2=-0.070895449 EV: (-0.08486365018715385, 0.08486365018715385) P1 Winnings: -31.0
Choosing model 4
[0.4325959369301084, 4.274325313545541e-05, 0.28902603434354335, 0.01802765751133216, 0.2603076279618806]
Games played: 164
Exploitability: P1=2.600000000 P2=-0.070895449 EV: (-0.07281882160455193, 0.07281882160455193) P1 Winnings: -31.0
Choosing model 2
[0.4143269868672791, 2.1889698599437098e-05, 0.2612653599952602, 0.014435811197619263, 0.30994995224124205]
Games played: 165
Exploitability: P1=4.600000000 P2=-0.070895449 EV: (-0.1360408591717993, 0.1360408591717993) P1 Winnings: -32.0
Choosing model 4
[0.37984709237786013, 1.3813106817178129e-05, 0.17246113178746642, 0.017949998618272393, 0.42972796410958375]
Games played: 166
Exploitability: P1=2.600000000 P2=-0.070895449 EV: (-0.07281882160455193, 0.07281882160455193) P1 Winnings: -35.0
Choosing model 0
[0.3776666383365846, 1.2191312670499556e-05, 0.17028429254520644, 0.017415566245858032, 0.4346213115596805]
Games played: 167
Exploitability: P1=1.900000000 P2=-0.070895449 EV: (-0.08486365018715385, 0.08486365018715385) P1 Winnings: -35.0
Choosing model 2
[0.3901114425342224, 1.300180499639107e-05, 0.18624689124112814, 0.016266066377690385, 0.4073625980419626]
Games played: 168
Exploitability: P1=4.600000000 P2=-0.070895449 EV: (-0.1360408591717993, 0.1360408591717993) P1 Winnings: -34.0
Choosing model 0
[0.3901117083977267, 1.3001857725560991e-05, 0.18624709713871762, 0.01626609745422901, 0.40736209515160104]
Games played: 169
Exploitability: P1=1.900000000 P2=-0.070895449 EV: (-0.08486365018715385, 0.08486365018715385) P1 Winnings: -43.0
Choosing model 4
[0.3818101024992431, 1.0310111526012642e-05, 0.17914215300945222, 0.01506450029295448, 0.4239729340868242]
Games played: 170
Exploitability: P1=2.600000000 P2=-0.070895449 EV: (-0.07281882160455193, 0.07281882160455193) P1 Winnings: -44.0
Choosing model 4
[0.3936868279562302, 1.0975895006346593e-05, 0.19558504079595476, 0.014045043005038624, 0.3966721123477701]
Games played: 171
Exploitability: P1=2.600000000 P2=-0.070895449 EV: (-0.07281882160455193, 0.07281882160455193) P1 Winnings: -43.0
Choosing model 4
[0.34246340703702843, 5.476716582923576e-06, 0.12529879626787876, 0.014874206677878483, 0.5173581133006313]
Games played: 172
Exploitability: P1=2.600000000 P2=-0.070895449 EV: (-0.07281882160455193, 0.07281882160455193) P1 Winnings: -36.0
Choosing model 4
[0.3084726477004735, 2.5698764372372392e-06, 0.10659464529834997, 0.011199505188869497, 0.5737306319358698]
Games played: 173
Exploitability: P1=2.600000000 P2=-0.070895449 EV: (-0.07281882160455193, 0.07281882160455193) P1 Winnings: -36.0
Choosing model 2
[0.3352601820484438, 4.041001895573454e-06, 0.12055192041930707, 0.013711904992574712, 0.5304719515377788]
Games played: 174
Exploitability: P1=4.600000000 P2=-0.070895449 EV: (-0.1360408591717993, 0.1360408591717993) P1 Winnings: -47.0
Choosing model 4
[0.3676315890268407, 5.233128999774006e-06, 0.14643238245062173, 0.013512601922901882, 0.4724181934706359]
Games played: 175
Exploitability: P1=2.600000000 P2=-0.070895449 EV: (-0.07281882160455193, 0.07281882160455193) P1 Winnings: -42.0
Choosing model 2
[0.357834506401519, 4.102694165481367e-06, 0.1400116257992583, 0.012427936318519689, 0.4897218287865375]
Games played: 176
Exploitability: P1=4.600000000 P2=-0.070895449 EV: (-0.1360408591717993, 0.1360408591717993) P1 Winnings: -41.0
Choosing model 0
[0.38198797750588986, 6.1622229007434795e-06, 0.15519814709728222, 0.014843388319022094, 0.44796432485490517]
Games played: 177
Exploitability: P1=1.900000000 P2=-0.070895449 EV: (-0.08486365018715385, 0.08486365018715385) P1 Winnings: -41.0
Choosing model 2
[0.38198805561229676, 6.16222964514517e-06, 0.15519819621341693, 0.014843396163369724, 0.4479641897812714]
Games played: 178
Exploitability: P1=4.600000000 P2=-0.070895449 EV: (-0.1360408591717993, 0.1360408591717993) P1 Winnings: -42.0
Choosing model 0
[0.4035980690417295, 8.99895151648062e-06, 0.1699097172584393, 0.017436182082943796, 0.40904703266537096]
Games played: 179
Exploitability: P1=1.900000000 P2=-0.070895449 EV: (-0.08486365018715385, 0.08486365018715385) P1 Winnings: -37.0
Choosing model 4
[0.4035981426140171, 8.998961165992824e-06, 0.1699097672613785, 0.017436190910737972, 0.4090469002527005]
Games played: 180
Exploitability: P1=2.600000000 P2=-0.070895449 EV: (-0.07281882160455193, 0.07281882160455193) P1 Winnings: -38.0
Choosing model 0
[0.3856509589612297, 5.8998395963086485e-06, 0.1569780710805292, 0.01499763021701562, 0.4423674399016291]
Games played: 181
Exploitability: P1=1.900000000 P2=-0.070895449 EV: (-0.08486365018715385, 0.08486365018715385) P1 Winnings: -38.0
Choosing model 4
[0.3944560888649731, 6.248852982625065e-06, 0.16230266787017117, 0.015774641079409145, 0.42746035333246407]
Games played: 182
Exploitability: P1=2.600000000 P2=-0.070895449 EV: (-0.07281882160455193, 0.07281882160455193) P1 Winnings: -38.0
Choosing model 2
[0.407306660694936, 6.66187173875238e-06, 0.17745281093621842, 0.014728116427050778, 0.40050575007005607]
Games played: 183
Exploitability: P1=4.600000000 P2=-0.070895449 EV: (-0.1360408591717993, 0.1360408591717993) P1 Winnings: -37.0
Choosing model 0
[0.3767609349901601, 3.697413061270937e-06, 0.14196767976343502, 0.013296436767185818, 0.4679712510661578]
Games played: 184
Exploitability: P1=1.900000000 P2=-0.070895449 EV: (-0.08486365018715385, 0.08486365018715385) P1 Winnings: -37.0
Choosing model 4
[0.38265262165815395, 4.020640574276449e-06, 0.14539960613351105, 0.013836496457968401, 0.4581072551097924]
Games played: 185
Exploitability: P1=2.600000000 P2=-0.070895449 EV: (-0.07281882160455193, 0.07281882160455193) P1 Winnings: -38.0
Choosing model 0
[0.3801624819393902, 3.5458396782886355e-06, 0.1434535607373365, 0.013414177887931977, 0.4629662335956631]
Games played: 186
Exploitability: P1=1.900000000 P2=-0.070895449 EV: (-0.08486365018715385, 0.08486365018715385) P1 Winnings: -38.0
Choosing model 2
[0.4141082352150632, 6.136954164803331e-06, 0.16473653134737198, 0.01708018868015723, 0.4040689078032429]
Games played: 187
Exploitability: P1=4.600000000 P2=-0.070895449 EV: (-0.1360408591717993, 0.1360408591717993) P1 Winnings: -43.0
Choosing model 4
[0.4202378311426108, 6.64439284144494e-06, 0.16946338194540456, 0.017503277781046492, 0.39278886473809677]
Games played: 188
Exploitability: P1=2.600000000 P2=-0.070895449 EV: (-0.07281882160455193, 0.07281882160455193) P1 Winnings: -38.0
Choosing model 0
[0.4113626475570472, 5.2386974406742115e-06, 0.16295329674064638, 0.016189734748046327, 0.40948908225681946]
Games played: 189
Exploitability: P1=1.900000000 P2=-0.070895449 EV: (-0.08486365018715385, 0.08486365018715385) P1 Winnings: -38.0
Choosing model 4
[0.416795634260361, 5.683031141750041e-06, 0.16649314892142666, 0.01680699509127216, 0.3998985386957984]
Games played: 190
Exploitability: P1=2.600000000 P2=-0.070895449 EV: (-0.07281882160455193, 0.07281882160455193) P1 Winnings: -33.0
Choosing model 0
[0.429177268447048, 6.041804911043996e-06, 0.18152828051918268, 0.015648348063069844, 0.3736400611657884]
Games played: 191
Exploitability: P1=1.900000000 P2=-0.070895449 EV: (-0.08486365018715385, 0.08486365018715385) P1 Winnings: -32.0
Choosing model 0
[0.4403723527740503, 6.400636208415358e-06, 0.19722501816120616, 0.01451833141207407, 0.3478778970164611]
Games played: 192
Exploitability: P1=1.900000000 P2=-0.070895449 EV: (-0.08486365018715385, 0.08486365018715385) P1 Winnings: -31.0
Choosing model 0
[0.4326380489941794, 5.094802264992622e-06, 0.19042173468780363, 0.013496908436558305, 0.3634382130791936]
Games played: 193
Exploitability: P1=1.900000000 P2=-0.070895449 EV: (-0.08486365018715385, 0.08486365018715385) P1 Winnings: -32.0
Choosing model 0
[0.43754101945059637, 5.516705602169337e-06, 0.1941983292941485, 0.013985577286880397, 0.3542695572627726]
Games played: 194
Exploitability: P1=1.900000000 P2=-0.070895449 EV: (-0.08486365018715385, 0.08486365018715385) P1 Winnings: -27.0
Choosing model 0
[0.4375410863831184, 5.516711355962069e-06, 0.1941983807517581, 0.0139855839576509, 0.35426943219611673]
Games played: 195
Exploitability: P1=1.900000000 P2=-0.070895449 EV: (-0.08486365018715385, 0.08486365018715385) P1 Winnings: -28.0
Choosing model 4
[0.4477144478423273, 5.828216043188712e-06, 0.21040800064184184, 0.012939805473153595, 0.3289319178266341]
Games played: 196
Exploitability: P1=2.600000000 P2=-0.070895449 EV: (-0.07281882160455193, 0.07281882160455193) P1 Winnings: -27.0
Choosing model 0
[0.44449099675140835, 5.224125346392188e-06, 0.20722376170706328, 0.012520051612397763, 0.33575996580378425]
Games played: 197
Exploitability: P1=1.900000000 P2=-0.070895449 EV: (-0.08486365018715385, 0.08486365018715385) P1 Winnings: -30.0
Choosing model 0
[0.43526495431011997, 3.925082859764629e-06, 0.19859296227059714, 0.011446054642866008, 0.3546921036935572]
Games played: 198
Exploitability: P1=1.900000000 P2=-0.070895449 EV: (-0.08486365018715385, 0.08486365018715385) P1 Winnings: -29.0
Choosing model 0
[0.45424126424639877, 5.7634495432307915e-06, 0.21520467106564153, 0.013364578035030349, 0.3171837232033863]
Games played: 199
Exploitability: P1=1.900000000 P2=-0.070895449 EV: (-0.08486365018715385, 0.08486365018715385) P1 Winnings: -24.0
Choosing model 0
[0.471184714085563, 8.525283434375398e-06, 0.23198226889456422, 0.015552615351879823, 0.2812718763845585]
Games played: 200
Exploitability: P1=1.900000000 P2=-0.070895449 EV: (-0.08486365018715385, 0.08486365018715385) P1 Winnings: -24.0
