Player 1 exploitability: 0.0335035724256
Choosing model 3
[0.19999996719993904, 0.2000001452002699, 0.19999998959998067, 0.20000003200005947, 0.1999998659997509]
Games played: 1
Exploitability: P1=1.933333333 P2=-0.052148442 EV: (-0.14628362852988452, 0.14628362852988452) P1 Winnings: -1
Choosing model 3
[0.20538661561518612, 0.18274677576243936, 0.20449494406128613, 0.20166733320864194, 0.20570433135244634]
Games played: 2
Exploitability: P1=1.933333333 P2=-0.052148442 EV: (-0.14628362852988452, 0.14628362852988452) P1 Winnings: -1.0
Choosing model 1
[0.20966485546171115, 0.19260889324736646, 0.221039786292177, 0.1861460950226616, 0.1905403699760837]
Games played: 3
Exploitability: P1=2.800000000 P2=-0.052148442 EV: (-0.19209982883130397, 0.19209982883130397) P1 Winnings: 0.0
Choosing model 2
[0.20694133512298019, 0.20354310237550635, 0.22000217333392239, 0.18824679022190802, 0.18126659894568303]
Games played: 4
Exploitability: P1=4.600000000 P2=-0.052148442 EV: (-0.15018385538980492, 0.15018385538980492) P1 Winnings: -13.0
Choosing model 4
[0.21579845544431214, 0.1719716837816101, 0.22546440238809456, 0.18575536650706406, 0.20101009187891908]
Games played: 5
Exploitability: P1=2.600000000 P2=-0.052148442 EV: (-0.0660448299704792, 0.0660448299704792) P1 Winnings: -12.0
Choosing model 4
[0.215798425927248, 0.17197181331428976, 0.22546439680097607, 0.18575540128416695, 0.2010099626733193]
Games played: 6
Exploitability: P1=2.600000000 P2=-0.052148442 EV: (-0.0660448299704792, 0.0660448299704792) P1 Winnings: -13.0
Choosing model 0
[0.19530683915708272, 0.24729516241037944, 0.21512016520701277, 0.19651450845285828, 0.14576332477266662]
Games played: 7
Exploitability: P1=1.900000000 P2=-0.052148442 EV: (-0.08467251258652433, 0.08467251258652433) P1 Winnings: -13.0
Choosing model 3
[0.1953067934355505, 0.2472953246114154, 0.2151201389406621, 0.19651452611942405, 0.14576321689294788]
Games played: 8
Exploitability: P1=1.933333333 P2=-0.052148442 EV: (-0.14628362852988452, 0.14628362852988452) P1 Winnings: -14.0
Choosing model 4
[0.17683440830896335, 0.30947099467707717, 0.20181931420581045, 0.19781667560667665, 0.11405860720147236]
Games played: 9
Exploitability: P1=2.600000000 P2=-0.052148442 EV: (-0.0660448299704792, 0.0660448299704792) P1 Winnings: -9.0
Choosing model 1
[0.17683435447837328, 0.30947117589992157, 0.20181927537330677, 0.1978166794815369, 0.11405851476686137]
Games played: 10
Exploitability: P1=2.800000000 P2=-0.052148442 EV: (-0.19209982883130397, 0.19209982883130397) P1 Winnings: -10.0
Choosing model 1
[0.17263742725153527, 0.3234796521769491, 0.19868536766356293, 0.19787149397199721, 0.1073260589359555]
Games played: 11
Exploitability: P1=2.800000000 P2=-0.052148442 EV: (-0.19209982883130397, 0.19209982883130397) P1 Winnings: -7.0
Choosing model 1
[0.16834149847840443, 0.3377237938830541, 0.1953696223583662, 0.1976930969726037, 0.10087198830757153]
Games played: 12
Exploitability: P1=2.800000000 P2=-0.052148442 EV: (-0.19209982883130397, 0.19209982883130397) P1 Winnings: -14.0
Choosing model 1
[0.1813418205582351, 0.29475960467963797, 0.2068300639639132, 0.2015167811403521, 0.11555172965786177]
Games played: 13
Exploitability: P1=2.800000000 P2=-0.052148442 EV: (-0.19209982883130397, 0.19209982883130397) P1 Winnings: -15.0
Choosing model 2
[0.20347429915650064, 0.2223830270820026, 0.2239059171100673, 0.20222548731076856, 0.14801126934066086]
Games played: 14
Exploitability: P1=4.600000000 P2=-0.052148442 EV: (-0.15018385538980492, 0.15018385538980492) P1 Winnings: -20.0
Choosing model 0
[0.19367446619304882, 0.24040869459733571, 0.18480999016709987, 0.23209654054348894, 0.14901030849902663]
Games played: 15
Exploitability: P1=1.900000000 P2=-0.052148442 EV: (-0.08467251258652433, 0.08467251258652433) P1 Winnings: -15.0
Choosing model 1
[0.20640198174356653, 0.19830526213997227, 0.19274165455378747, 0.2309980146837071, 0.17155308687896662]
Games played: 16
Exploitability: P1=2.800000000 P2=-0.052148442 EV: (-0.19209982883130397, 0.19209982883130397) P1 Winnings: -15.0
Choosing model 2
[0.19518252890405283, 0.17272543017116107, 0.14481649348668663, 0.2915937722991259, 0.19568177513897347]
Games played: 17
Exploitability: P1=4.600000000 P2=-0.052148442 EV: (-0.15018385538980492, 0.15018385538980492) P1 Winnings: -28.0
Choosing model 1
[0.18806286307465755, 0.19047063412013013, 0.13765242103547326, 0.30628283440270593, 0.1775312473670332]
Games played: 18
Exploitability: P1=2.800000000 P2=-0.052148442 EV: (-0.19209982883130397, 0.19209982883130397) P1 Winnings: -28.0
Choosing model 3
[0.18803290457976365, 0.19150653157741152, 0.1386601629165667, 0.31180909240497345, 0.1699913085212846]
Games played: 19
Exploitability: P1=1.933333333 P2=-0.052148442 EV: (-0.14628362852988452, 0.14628362852988452) P1 Winnings: -25.0
Choosing model 0
[0.1986003195981122, 0.15655698435343599, 0.14331988562506925, 0.3075622265031868, 0.1939605839201958]
Games played: 20
Exploitability: P1=1.900000000 P2=-0.052148442 EV: (-0.08467251258652433, 0.08467251258652433) P1 Winnings: -32.0
Choosing model 3
[0.2110584609978592, 0.1141557629873876, 0.1472667367238391, 0.2942263670248865, 0.23329267226602754]
Games played: 21
Exploitability: P1=1.933333333 P2=-0.052148442 EV: (-0.14628362852988452, 0.14628362852988452) P1 Winnings: -29.0
Choosing model 0
[0.2192636845840855, 0.12244326279569367, 0.16199551127933073, 0.2763824131376891, 0.21991512820320108]
Games played: 22
Exploitability: P1=1.900000000 P2=-0.052148442 EV: (-0.08467251258652433, 0.08467251258652433) P1 Winnings: -28.0
Choosing model 2
[0.2084534170161174, 0.15949008325393532, 0.15958881161142524, 0.29203331261367854, 0.18043437550484356]
Games played: 23
Exploitability: P1=4.600000000 P2=-0.052148442 EV: (-0.15018385538980492, 0.15018385538980492) P1 Winnings: -29.0
Choosing model 4
[0.2121502078788922, 0.19169450739257943, 0.17991568809001549, 0.2671020248332873, 0.14913757180522538]
Games played: 24
Exploitability: P1=2.600000000 P2=-0.052148442 EV: (-0.0660448299704792, 0.0660448299704792) P1 Winnings: -24.0
Choosing model 2
[0.2087602794617909, 0.20196333334268515, 0.17852883066380473, 0.26929830799826193, 0.14144924853345733]
Games played: 25
Exploitability: P1=4.600000000 P2=-0.052148442 EV: (-0.15018385538980492, 0.15018385538980492) P1 Winnings: -25.0
Choosing model 3
[0.19705767967137675, 0.2650754892175851, 0.18647204177258558, 0.24533127190840928, 0.10606351743004323]
Games played: 26
Exploitability: P1=1.933333333 P2=-0.052148442 EV: (-0.14628362852988452, 0.14628362852988452) P1 Winnings: -20.0
Choosing model 3
[0.21368893860891844, 0.21703393029976795, 0.19772130118502296, 0.2474975097449305, 0.12405832016136019]
Games played: 27
Exploitability: P1=1.933333333 P2=-0.052148442 EV: (-0.14628362852988452, 0.14628362852988452) P1 Winnings: -17.0
Choosing model 0
[0.2330362224346144, 0.16239831015144118, 0.20848315745280765, 0.2429631438342911, 0.1531191661268457]
Games played: 28
Exploitability: P1=1.900000000 P2=-0.052148442 EV: (-0.08467251258652433, 0.08467251258652433) P1 Winnings: -28.0
Choosing model 1
[0.22136638201105227, 0.12145629334638368, 0.14917645188502396, 0.3111216509488613, 0.19687922180867876]
Games played: 29
Exploitability: P1=2.800000000 P2=-0.052148442 EV: (-0.19209982883130397, 0.19209982883130397) P1 Winnings: -19.0
Choosing model 0
[0.22817904214020937, 0.10143400588228166, 0.15111733476754396, 0.3034638928975099, 0.215805724312455]
Games played: 30
Exploitability: P1=1.900000000 P2=-0.052148442 EV: (-0.08467251258652433, 0.08467251258652433) P1 Winnings: -18.0
Choosing model 4
[0.23390465634646457, 0.08424540358896393, 0.15223946412025502, 0.29436289755735756, 0.2352475783869588]
Games played: 31
Exploitability: P1=2.600000000 P2=-0.052148442 EV: (-0.0660448299704792, 0.0660448299704792) P1 Winnings: -19.0
Choosing model 4
[0.24321848794512307, 0.09044343408774817, 0.167617492692677, 0.276761490132277, 0.22195909514217477]
Games played: 32
Exploitability: P1=2.600000000 P2=-0.052148442 EV: (-0.0660448299704792, 0.0660448299704792) P1 Winnings: -18.0
Choosing model 4
[0.2432184693079263, 0.09044350765211731, 0.16761749862178252, 0.27676155859566504, 0.22195896582250893]
Games played: 33
Exploitability: P1=2.600000000 P2=-0.052148442 EV: (-0.0660448299704792, 0.0660448299704792) P1 Winnings: -19.0
Choosing model 4
[0.2459225137478582, 0.08507081559358656, 0.169484770643045, 0.27847791344363354, 0.22104398657187666]
Games played: 34
Exploitability: P1=2.600000000 P2=-0.052148442 EV: (-0.0660448299704792, 0.0660448299704792) P1 Winnings: -22.0
Choosing model 2
[0.24852549825276693, 0.0776192331359548, 0.16990994057071424, 0.27427102677028864, 0.22967430127027538]
Games played: 35
Exploitability: P1=4.600000000 P2=-0.052148442 EV: (-0.15018385538980492, 0.15018385538980492) P1 Winnings: -25.0
Choosing model 4
[0.247201325562942, 0.08266232876111222, 0.17042509372231832, 0.2795193106668143, 0.2201919412868132]
Games played: 36
Exploitability: P1=2.600000000 P2=-0.052148442 EV: (-0.0660448299704792, 0.0660448299704792) P1 Winnings: -38.0
Choosing model 3
[0.2549714137809916, 0.05849933144428562, 0.16996113587570016, 0.259524451968765, 0.25704366693025765]
Games played: 37
Exploitability: P1=1.933333333 P2=-0.052148442 EV: (-0.14628362852988452, 0.14628362852988452) P1 Winnings: -38.0
Choosing model 2
[0.26470408106743176, 0.06270369876629757, 0.1868328103326037, 0.24361964266602243, 0.2421397671676445]
Games played: 38
Exploitability: P1=4.600000000 P2=-0.052148442 EV: (-0.15018385538980492, 0.15018385538980492) P1 Winnings: -37.0
Choosing model 2
[0.26815202559190743, 0.05146512988371181, 0.1860045284838385, 0.23353149045006433, 0.2608468255904779]
Games played: 39
Exploitability: P1=4.600000000 P2=-0.052148442 EV: (-0.15018385538980492, 0.15018385538980492) P1 Winnings: -36.0
Choosing model 3
[0.28585275895983964, 0.08022016072676873, 0.25211592388565146, 0.19999065401151792, 0.18182050241622222]
Games played: 40
Exploitability: P1=1.933333333 P2=-0.052148442 EV: (-0.14628362852988452, 0.14628362852988452) P1 Winnings: -31.0
Choosing model 3
[0.2996968441510434, 0.07236550601836866, 0.2862721641324537, 0.17017888466775402, 0.1714866010303803]
Games played: 41
Exploitability: P1=1.933333333 P2=-0.052148442 EV: (-0.14628362852988452, 0.14628362852988452) P1 Winnings: -28.0
Choosing model 2
[0.2942969928359579, 0.10390690434196669, 0.35743594849870824, 0.13424937449931523, 0.11011077982405189]
Games played: 42
Exploitability: P1=4.600000000 P2=-0.052148442 EV: (-0.15018385538980492, 0.15018385538980492) P1 Winnings: -23.0
Choosing model 2
[0.2626753754532987, 0.17534785603965616, 0.348820600134784, 0.14200641547988074, 0.07114975289238042]
Games played: 43
Exploitability: P1=4.600000000 P2=-0.052148442 EV: (-0.15018385538980492, 0.15018385538980492) P1 Winnings: -14.0
Choosing model 1
[0.25219456329748746, 0.1988192173728107, 0.3709801167630291, 0.12252780848969673, 0.05547829407697597]
Games played: 44
Exploitability: P1=2.800000000 P2=-0.052148442 EV: (-0.19209982883130397, 0.19209982883130397) P1 Winnings: -9.0
Choosing model 1
[0.2318143117033156, 0.24640200913621238, 0.35304478337094947, 0.12473523548433033, 0.044003660305192094]
Games played: 45
Exploitability: P1=2.800000000 P2=-0.052148442 EV: (-0.19209982883130397, 0.19209982883130397) P1 Winnings: -2.0
Choosing model 0
[0.2055803378182996, 0.30190603866553506, 0.36582853922949404, 0.09844238850391972, 0.02824269578275153]
Games played: 46
Exploitability: P1=1.900000000 P2=-0.052148442 EV: (-0.08467251258652433, 0.08467251258652433) P1 Winnings: 7.0
Choosing model 1
[0.17009270046728484, 0.3968853532625348, 0.31909180864354314, 0.09520729646975963, 0.018722841156877598]
Games played: 47
Exploitability: P1=2.800000000 P2=-0.052148442 EV: (-0.19209982883130397, 0.19209982883130397) P1 Winnings: 2.0
Choosing model 2
[0.17881216839390404, 0.3703699549474931, 0.3331275804166874, 0.09766860626824611, 0.02002168997366922]
Games played: 48
Exploitability: P1=4.600000000 P2=-0.052148442 EV: (-0.15018385538980492, 0.15018385538980492) P1 Winnings: 2.0
Choosing model 2
[0.14859321303243647, 0.409053267459964, 0.37453089317457167, 0.05695478404499645, 0.010867842288031535]
Games played: 49
Exploitability: P1=4.600000000 P2=-0.052148442 EV: (-0.15018385538980492, 0.15018385538980492) P1 Winnings: 7.0
Choosing model 4
[0.14442565906661467, 0.4104860121374206, 0.38544942966155626, 0.050054193502942386, 0.009584705631465903]
Games played: 50
Exploitability: P1=2.600000000 P2=-0.052148442 EV: (-0.0660448299704792, 0.0660448299704792) P1 Winnings: 8.0
Choosing model 2
[0.14442559842643157, 0.4104862051192789, 0.38544931099282487, 0.050054188704209905, 0.009584696757254672]
Games played: 51
Exploitability: P1=4.600000000 P2=-0.052148442 EV: (-0.15018385538980492, 0.15018385538980492) P1 Winnings: 7.0
Choosing model 2
[0.13023753327335616, 0.4371516222950292, 0.38502719931900503, 0.0405641850521074, 0.00701946006050212]
Games played: 52
Exploitability: P1=4.600000000 P2=-0.052148442 EV: (-0.15018385538980492, 0.15018385538980492) P1 Winnings: 12.0
Choosing model 1
[0.1167878277806803, 0.46295102993310194, 0.3824590829516806, 0.03268996958300882, 0.005112089751528452]
Games played: 53
Exploitability: P1=2.800000000 P2=-0.052148442 EV: (-0.19209982883130397, 0.19209982883130397) P1 Winnings: 17.0
Choosing model 1
[0.1472911140214388, 0.3500743806679055, 0.45938336758427667, 0.03548336228932747, 0.007767775437051676]
Games played: 54
Exploitability: P1=2.800000000 P2=-0.052148442 EV: (-0.19209982883130397, 0.19209982883130397) P1 Winnings: 17.0
Choosing model 0
[0.16115449305473944, 0.3007650766397393, 0.4925364750172573, 0.036409110363174325, 0.009134844925089817]
Games played: 55
Exploitability: P1=1.900000000 P2=-0.052148442 EV: (-0.08467251258652433, 0.08467251258652433) P1 Winnings: 20.0
Choosing model 2
[0.14622681539870258, 0.3222949878183912, 0.4950569384202022, 0.029689645579371607, 0.006731612783332304]
Games played: 56
Exploitability: P1=4.600000000 P2=-0.052148442 EV: (-0.15018385538980492, 0.15018385538980492) P1 Winnings: 25.0
Choosing model 2
[0.1406331178887241, 0.24525367018334185, 0.5908327068801331, 0.018025922642481693, 0.005254582405319383]
Games played: 57
Exploitability: P1=4.600000000 P2=-0.052148442 EV: (-0.15018385538980492, 0.15018385538980492) P1 Winnings: 26.0
Choosing model 1
[0.14856035223605565, 0.20848604429026088, 0.6195950289909502, 0.01752550258988665, 0.0058330718928466295]
Games played: 58
Exploitability: P1=2.800000000 P2=-0.052148442 EV: (-0.19209982883130397, 0.19209982883130397) P1 Winnings: 27.0
Choosing model 0
[0.15845530190381177, 0.17061819859340485, 0.6467632697960284, 0.017451521614227576, 0.006711708092527521]
Games played: 59
Exploitability: P1=1.900000000 P2=-0.052148442 EV: (-0.08467251258652433, 0.08467251258652433) P1 Winnings: 28.0
Choosing model 0
[0.15845526600635595, 0.1706183117909598, 0.6467631957118456, 0.017451523314953803, 0.006711703175884766]
Games played: 60
Exploitability: P1=1.900000000 P2=-0.052148442 EV: (-0.08467251258652433, 0.08467251258652433) P1 Winnings: 27.0
Choosing model 1
[0.1673251241997524, 0.13945134032580558, 0.6683568771424813, 0.01721019955026929, 0.0076564587816913944]
Games played: 61
Exploitability: P1=2.800000000 P2=-0.052148442 EV: (-0.19209982883130397, 0.19209982883130397) P1 Winnings: 27.0
Choosing model 0
[0.15594492409032698, 0.17523229141713942, 0.6449011460177779, 0.017764212259495184, 0.006157426215260559]
Games played: 62
Exploitability: P1=1.900000000 P2=-0.052148442 EV: (-0.08467251258652433, 0.08467251258652433) P1 Winnings: 34.0
Choosing model 2
[0.15790079834416237, 0.16505499941646792, 0.6530039635876972, 0.017899557151901224, 0.006140681499771256]
Games played: 63
Exploitability: P1=4.600000000 P2=-0.052148442 EV: (-0.15018385538980492, 0.15018385538980492) P1 Winnings: 31.0
Choosing model 2
[0.16415453823127868, 0.1380840162773551, 0.6739263950669578, 0.017126496005532954, 0.00670855441887555]
Games played: 64
Exploitability: P1=4.600000000 P2=-0.052148442 EV: (-0.15018385538980492, 0.15018385538980492) P1 Winnings: 32.0
Choosing model 2
[0.17069491278926918, 0.11633504526595907, 0.688699990477215, 0.016851901278069636, 0.007418150189487173]
Games played: 65
Exploitability: P1=4.600000000 P2=-0.052148442 EV: (-0.15018385538980492, 0.15018385538980492) P1 Winnings: 33.0
Choosing model 0
[0.17754262852984354, 0.09332100730248548, 0.7047227035091254, 0.01613044349711527, 0.008283217161430325]
Games played: 66
Exploitability: P1=1.900000000 P2=-0.052148442 EV: (-0.08467251258652433, 0.08467251258652433) P1 Winnings: 36.0
Choosing model 2
[0.18321457948395686, 0.07756666327751854, 0.7143864715886259, 0.015728754472221534, 0.009103531177677102]
Games played: 67
Exploitability: P1=4.600000000 P2=-0.052148442 EV: (-0.15018385538980492, 0.15018385538980492) P1 Winnings: 36.0
Choosing model 1
[0.1827650256596235, 0.08855596359507105, 0.7030237666168653, 0.01710447328383138, 0.008550770844608825]
Games played: 68
Exploitability: P1=2.800000000 P2=-0.052148442 EV: (-0.19209982883130397, 0.19209982883130397) P1 Winnings: 36.0
Choosing model 2
[0.18828165865683624, 0.07391493603526286, 0.7117620973917005, 0.016673905401927508, 0.009367402514272998]
Games played: 69
Exploitability: P1=4.600000000 P2=-0.052148442 EV: (-0.15018385538980492, 0.15018385538980492) P1 Winnings: 37.0
Choosing model 0
[0.19342622001598045, 0.06152322006555738, 0.7186079757013439, 0.016209051133258278, 0.010233533083859962]
Games played: 70
Exploitability: P1=1.900000000 P2=-0.052148442 EV: (-0.08467251258652433, 0.08467251258652433) P1 Winnings: 36.0
Choosing model 2
[0.1881573932884188, 0.07185865045893494, 0.7141046713865064, 0.01678793709172342, 0.009091347774416492]
Games played: 71
Exploitability: P1=4.600000000 P2=-0.052148442 EV: (-0.15018385538980492, 0.15018385538980492) P1 Winnings: 36.0
Choosing model 2
[0.18783150415725927, 0.08209861811175832, 0.7032548670624913, 0.018269505481729658, 0.00854550518676124]
Games played: 72
Exploitability: P1=4.600000000 P2=-0.052148442 EV: (-0.15018385538980492, 0.15018385538980492) P1 Winnings: 36.0
Choosing model 2
[0.22951252988577212, 0.07898126634364586, 0.6472793805546561, 0.030093060389045374, 0.014133762826880577]
Games played: 73
Exploitability: P1=4.600000000 P2=-0.052148442 EV: (-0.15018385538980492, 0.15018385538980492) P1 Winnings: 36.0
Choosing model 0
[0.2596433276242998, 0.05361079028691315, 0.6333223088952935, 0.03322621209925859, 0.020197361094235148]
Games played: 74
Exploitability: P1=1.900000000 P2=-0.052148442 EV: (-0.08467251258652433, 0.08467251258652433) P1 Winnings: 36.0
Choosing model 0
[0.2511160735032455, 0.05353313371506982, 0.648569480784997, 0.029056483451571063, 0.017724828545116648]
Games played: 75
Exploitability: P1=1.900000000 P2=-0.052148442 EV: (-0.08467251258652433, 0.08467251258652433) P1 Winnings: 37.0
Choosing model 2
[0.2678097350789064, 0.029741577639748096, 0.6532724723769833, 0.02590343961210738, 0.023272775292254813]
Games played: 76
Exploitability: P1=4.600000000 P2=-0.052148442 EV: (-0.15018385538980492, 0.15018385538980492) P1 Winnings: 34.0
Choosing model 2
[0.24081313074133678, 0.036949114128108904, 0.6863641886139683, 0.02072826254041561, 0.015145303976170314]
Games played: 77
Exploitability: P1=4.600000000 P2=-0.052148442 EV: (-0.15018385538980492, 0.15018385538980492) P1 Winnings: 43.0
Choosing model 2
[0.2454759681417716, 0.030516330983858767, 0.6875960290939586, 0.019994217990467557, 0.01641745378994347]
Games played: 78
Exploitability: P1=4.600000000 P2=-0.052148442 EV: (-0.15018385538980492, 0.15018385538980492) P1 Winnings: 44.0
Choosing model 2
[0.25094846529417325, 0.023936044707961332, 0.6879272150904133, 0.019082661589549882, 0.0181056133179021]
Games played: 79
Exploitability: P1=4.600000000 P2=-0.052148442 EV: (-0.15018385538980492, 0.15018385538980492) P1 Winnings: 45.0
Choosing model 2
[0.2586595413832367, 0.016927737526680323, 0.685585836015954, 0.0177055196220013, 0.021121365452127658]
Games played: 80
Exploitability: P1=4.600000000 P2=-0.052148442 EV: (-0.15018385538980492, 0.15018385538980492) P1 Winnings: 45.0
Choosing model 0
[0.30761166363847975, 0.01584978930812314, 0.6141538718338189, 0.028384717289644038, 0.03399995792993429]
Games played: 81
Exploitability: P1=1.900000000 P2=-0.052148442 EV: (-0.08467251258652433, 0.08467251258652433) P1 Winnings: 36.0
Choosing model 2
[0.3058526850927015, 0.016872966543446097, 0.6157743742725857, 0.028916525502359527, 0.032583448588907174]
Games played: 82
Exploitability: P1=4.600000000 P2=-0.052148442 EV: (-0.15018385538980492, 0.15018385538980492) P1 Winnings: 35.0
Choosing model 0
[0.30677497552188515, 0.026777005348154765, 0.6016402663065078, 0.03634452791710118, 0.02846322490635112]
Games played: 83
Exploitability: P1=1.900000000 P2=-0.052148442 EV: (-0.08467251258652433, 0.08467251258652433) P1 Winnings: 26.0
Choosing model 0
[0.31618319977696296, 0.018556794047568242, 0.5982684070898554, 0.033502018609425886, 0.03348958047618759]
Games played: 84
Exploitability: P1=1.900000000 P2=-0.052148442 EV: (-0.08467251258652433, 0.08467251258652433) P1 Winnings: 26.0
Choosing model 2
[0.3241458888469613, 0.013053204928810791, 0.5930262577868611, 0.03091725146989652, 0.038857396967470134]
Games played: 85
Exploitability: P1=4.600000000 P2=-0.052148442 EV: (-0.15018385538980492, 0.15018385538980492) P1 Winnings: 19.0
Choosing model 0
[0.3280481405875475, 0.010703201152446948, 0.5898219251992999, 0.02960810726348473, 0.04181862579722091]
Games played: 86
Exploitability: P1=1.900000000 P2=-0.052148442 EV: (-0.08467251258652433, 0.08467251258652433) P1 Winnings: 20.0
Choosing model 2
[0.3161298303430825, 0.008874622309761724, 0.6155847788037091, 0.02315766323756733, 0.03625310530587942]
Games played: 87
Exploitability: P1=4.600000000 P2=-0.052148442 EV: (-0.15018385538980492, 0.15018385538980492) P1 Winnings: 23.0
Choosing model 2
[0.2888320302495525, 0.01120252646306722, 0.6571646608828876, 0.01882895725046314, 0.023971825154029486]
Games played: 88
Exploitability: P1=4.600000000 P2=-0.052148442 EV: (-0.15018385538980492, 0.15018385538980492) P1 Winnings: 32.0
Choosing model 2
[0.27084519871466406, 0.012406043744027732, 0.6826249216631878, 0.015867642240032245, 0.01825619363808826]
Games played: 89
Exploitability: P1=4.600000000 P2=-0.052148442 EV: (-0.15018385538980492, 0.15018385538980492) P1 Winnings: 37.0
Choosing model 2
[0.29692568827653276, 0.013257994300659796, 0.6470429898000707, 0.020962024955040983, 0.02181130266769585]
Games played: 90
Exploitability: P1=4.600000000 P2=-0.052148442 EV: (-0.15018385538980492, 0.15018385538980492) P1 Winnings: 37.0
Choosing model 2
[0.2777904404508357, 0.01724641764747179, 0.6698268178700236, 0.018926771923649336, 0.01620955210801962]
Games played: 91
Exploitability: P1=4.600000000 P2=-0.052148442 EV: (-0.15018385538980492, 0.15018385538980492) P1 Winnings: 42.0
Choosing model 0
[0.3293803056463516, 0.016100134814111745, 0.5982516781114466, 0.030252305773271006, 0.026015575654819056]
Games played: 92
Exploitability: P1=1.900000000 P2=-0.052148442 EV: (-0.08467251258652433, 0.08467251258652433) P1 Winnings: 42.0
Choosing model 4
[0.32742568046220344, 0.017135748362892615, 0.599699869625477, 0.030812407184679952, 0.024926294364747095]
Games played: 93
Exploitability: P1=2.600000000 P2=-0.052148442 EV: (-0.0660448299704792, 0.0660448299704792) P1 Winnings: 41.0
Choosing model 0
[0.3177076294837233, 0.01716686901021777, 0.6161454368392796, 0.02703369489860321, 0.02194636976817608]
Games played: 94
Exploitability: P1=1.900000000 P2=-0.052148442 EV: (-0.08467251258652433, 0.08467251258652433) P1 Winnings: 42.0
Choosing model 2
[0.3157300832995664, 0.018265765010963338, 0.617456653586553, 0.027526168533528045, 0.021021329569389163]
Games played: 95
Exploitability: P1=4.600000000 P2=-0.052148442 EV: (-0.15018385538980492, 0.15018385538980492) P1 Winnings: 41.0
Choosing model 0
[0.2969945146144389, 0.020291393431387448, 0.6433852335515682, 0.023269581410352052, 0.016059276992253426]
Games played: 96
Exploitability: P1=1.900000000 P2=-0.052148442 EV: (-0.08467251258652433, 0.08467251258652433) P1 Winnings: 46.0
Choosing model 0
[0.28431687036556985, 0.01671376791421679, 0.6670591620287631, 0.018080022376547773, 0.013830177314902301]
Games played: 97
Exploitability: P1=1.900000000 P2=-0.052148442 EV: (-0.08467251258652433, 0.08467251258652433) P1 Winnings: 49.0
Choosing model 0
[0.28959721987572523, 0.013062028705951127, 0.6649510565047986, 0.017192921700981894, 0.015196773212543235]
Games played: 98
Exploitability: P1=1.900000000 P2=-0.052148442 EV: (-0.08467251258652433, 0.08467251258652433) P1 Winnings: 50.0
Choosing model 2
[0.293978666782636, 0.010588679669475487, 0.6625002002868435, 0.01644727563981239, 0.016485177621232597]
Games played: 99
Exploitability: P1=4.600000000 P2=-0.052148442 EV: (-0.15018385538980492, 0.15018385538980492) P1 Winnings: 50.0
Choosing model 2
[0.2919025406258046, 0.010887288297520219, 0.6649523031987837, 0.016793786445102345, 0.01546408143278908]
Games played: 100
Exploitability: P1=4.600000000 P2=-0.052148442 EV: (-0.15018385538980492, 0.15018385538980492) P1 Winnings: 55.0
Choosing model 2
[0.28347407326636176, 0.014876335893110892, 0.6705341799482943, 0.01824696541341772, 0.012868445478815035]
Games played: 101
Exploitability: P1=4.600000000 P2=-0.052148442 EV: (-0.15018385538980492, 0.15018385538980492) P1 Winnings: 55.0
Choosing model 2
[0.28863463595700084, 0.011723946951075244, 0.6681357031774802, 0.01735097493189491, 0.014154738982548971]
Games played: 102
Exploitability: P1=4.600000000 P2=-0.052148442 EV: (-0.15018385538980492, 0.15018385538980492) P1 Winnings: 52.0
Choosing model 2
[0.2784094796196487, 0.011675689319436959, 0.6823931050303413, 0.015132975543069211, 0.012388750487503906]
Games played: 103
Exploitability: P1=4.600000000 P2=-0.052148442 EV: (-0.15018385538980492, 0.15018385538980492) P1 Winnings: 53.0
Choosing model 2
[0.2766156496245797, 0.012420346298439966, 0.6836947888926396, 0.01540526241815565, 0.011863952766185083]
Games played: 104
Exploitability: P1=4.600000000 P2=-0.052148442 EV: (-0.15018385538980492, 0.15018385538980492) P1 Winnings: 40.0
Choosing model 0
[0.2664726707183967, 0.012353293064937165, 0.697384955408966, 0.013418683288484905, 0.010370397519215322]
Games played: 105
Exploitability: P1=1.900000000 P2=-0.052148442 EV: (-0.08467251258652433, 0.08467251258652433) P1 Winnings: 41.0
Choosing model 2
[0.2647019136527732, 0.013138494505391398, 0.6985731654881185, 0.013657347052051436, 0.009929079301665436]
Games played: 106
Exploitability: P1=4.600000000 P2=-0.052148442 EV: (-0.15018385538980492, 0.15018385538980492) P1 Winnings: 40.0
Choosing model 2
[0.2546901909321081, 0.013051903485783143, 0.7117072886512914, 0.01188191271603838, 0.008668704214778897]
Games played: 107
Exploitability: P1=4.600000000 P2=-0.052148442 EV: (-0.15018385538980492, 0.15018385538980492) P1 Winnings: 41.0
Choosing model 2
[0.2585245722086291, 0.0107340331302651, 0.7099715549568647, 0.011412707094716387, 0.009357132609524846]
Games played: 108
Exploitability: P1=4.600000000 P2=-0.052148442 EV: (-0.15018385538980492, 0.15018385538980492) P1 Winnings: 42.0
Choosing model 0
[0.26768746139767163, 0.006660435362281518, 0.7040388246004273, 0.01030738565179675, 0.01130589298782273]
Games played: 109
Exploitability: P1=1.900000000 P2=-0.052148442 EV: (-0.08467251258652433, 0.08467251258652433) P1 Winnings: 45.0
Choosing model 2
[0.25748730789015606, 0.006614599098718049, 0.7170654263343428, 0.008964812221904253, 0.00986785445487884]
Games played: 110
Exploitability: P1=4.600000000 P2=-0.052148442 EV: (-0.15018385538980492, 0.15018385538980492) P1 Winnings: 46.0
Choosing model 0
[0.2574872258892583, 0.00661461930996419, 0.7170655020106341, 0.008964820384723344, 0.009867832405420034]
Games played: 111
Exploitability: P1=1.900000000 P2=-0.052148442 EV: (-0.08467251258652433, 0.08467251258652433) P1 Winnings: 37.0
Choosing model 0
[0.2612658172064604, 0.005359712657309044, 0.7141026407157688, 0.008572181435282766, 0.010699647985178824]
Games played: 112
Exploitability: P1=1.900000000 P2=-0.052148442 EV: (-0.08467251258652433, 0.08467251258652433) P1 Winnings: 37.0
Choosing model 2
[0.30198349884555487, 0.010254497594015342, 0.6575876179268633, 0.017075669418062153, 0.013098716215504336]
Games played: 113
Exploitability: P1=4.600000000 P2=-0.052148442 EV: (-0.15018385538980492, 0.15018385538980492) P1 Winnings: 50.0
Choosing model 2
[0.30198340544021723, 0.010254529021085966, 0.657587693349398, 0.017075685122548208, 0.013098687066750615]
Games played: 114
Exploitability: P1=4.600000000 P2=-0.052148442 EV: (-0.15018385538980492, 0.15018385538980492) P1 Winnings: 41.0
Choosing model 2
[0.3060745085381519, 0.008420914727092813, 0.6550096310207403, 0.016377021707615652, 0.014117924006399487]
Games played: 115
Exploitability: P1=4.600000000 P2=-0.052148442 EV: (-0.15018385538980492, 0.15018385538980492) P1 Winnings: 42.0
Choosing model 2
[0.31006560114232257, 0.006911704549242927, 0.6521147737628525, 0.01569907471234901, 0.015208845833232891]
Games played: 116
Exploitability: P1=4.600000000 P2=-0.052148442 EV: (-0.15018385538980492, 0.15018385538980492) P1 Winnings: 43.0
Choosing model 2
[0.3206112613541045, 0.004285057543624867, 0.6421855743056916, 0.013971097510313278, 0.018947009286265852]
Games played: 117
Exploitability: P1=4.600000000 P2=-0.052148442 EV: (-0.15018385538980492, 0.15018385538980492) P1 Winnings: 43.0
Choosing model 0
[0.3010489338914642, 0.004751782137858436, 0.6679608624043082, 0.011789603164266714, 0.014448818402102616]
Games played: 118
Exploitability: P1=1.900000000 P2=-0.052148442 EV: (-0.08467251258652433, 0.08467251258652433) P1 Winnings: 48.0
Choosing model 0
[0.2936217810275867, 0.0063498603757317215, 0.6750863720490319, 0.012779976105819412, 0.012162010441830235]
Games played: 119
Exploitability: P1=1.900000000 P2=-0.052148442 EV: (-0.08467251258652433, 0.08467251258652433) P1 Winnings: 47.0
Choosing model 0
[0.30394953527865987, 0.0039411566692832386, 0.6655548884145599, 0.011386088096602949, 0.015168331540894005]
Games played: 120
Exploitability: P1=1.900000000 P2=-0.052148442 EV: (-0.08467251258652433, 0.08467251258652433) P1 Winnings: 48.0
Choosing model 2
[0.3022556590829659, 0.0041961896600116845, 0.6674085302512593, 0.01160110969656236, 0.014538511309200752]
Games played: 121
Exploitability: P1=4.600000000 P2=-0.052148442 EV: (-0.15018385538980492, 0.15018385538980492) P1 Winnings: 47.0
Choosing model 2
[0.30680918462006973, 0.0032680864259370165, 0.6630087152514097, 0.010993915948859826, 0.0159200977537239]
Games played: 122
Exploitability: P1=4.600000000 P2=-0.052148442 EV: (-0.15018385538980492, 0.15018385538980492) P1 Winnings: 48.0
Choosing model 0
[0.2872987471043332, 0.003614102372160569, 0.6877280897316166, 0.0092518403584643, 0.012107220433425386]
Games played: 123
Exploitability: P1=1.900000000 P2=-0.052148442 EV: (-0.08467251258652433, 0.08467251258652433) P1 Winnings: 53.0
Choosing model 0
[0.27968281261744626, 0.004950320069808305, 0.6951904000140351, 0.010076894926640916, 0.010099572372069482]
Games played: 124
Exploitability: P1=1.900000000 P2=-0.052148442 EV: (-0.08467251258652433, 0.08467251258652433) P1 Winnings: 58.0
Choosing model 2
[0.2814600862143946, 0.004008948494696215, 0.6945170072623189, 0.009333304421818029, 0.01068065360677218]
Games played: 125
Exploitability: P1=4.600000000 P2=-0.052148442 EV: (-0.15018385538980492, 0.15018385538980492) P1 Winnings: 59.0
Choosing model 2
[0.28146000205522276, 0.00400896082224403, 0.694517094071832, 0.00933331310175787, 0.010680629948943266]
Games played: 126
Exploitability: P1=4.600000000 P2=-0.052148442 EV: (-0.15018385538980492, 0.15018385538980492) P1 Winnings: 50.0
Choosing model 0
[0.2623053483587412, 0.005194859641146934, 0.7161982728756776, 0.008394601510015207, 0.007906917614418967]
Games played: 127
Exploitability: P1=1.900000000 P2=-0.052148442 EV: (-0.08467251258652433, 0.08467251258652433) P1 Winnings: 55.0
Choosing model 4
[0.2606612781977768, 0.005527155020707213, 0.7176911030240163, 0.008547153356578737, 0.007573310400920814]
Games played: 128
Exploitability: P1=2.600000000 P2=-0.052148442 EV: (-0.0660448299704792, 0.0660448299704792) P1 Winnings: 54.0
Choosing model 0
[0.26429136369087, 0.004513842524051176, 0.7148280526255308, 0.008188768388316814, 0.00817797277123124]
Games played: 129
Exploitability: P1=1.900000000 P2=-0.052148442 EV: (-0.08467251258652433, 0.08467251258652433) P1 Winnings: 55.0
Choosing model 2
[0.2539621808510765, 0.0044782217156046486, 0.7273141554806336, 0.007114912081453696, 0.00713052987123145]
Games played: 130
Exploitability: P1=4.600000000 P2=-0.052148442 EV: (-0.15018385538980492, 0.15018385538980492) P1 Winnings: 56.0
Choosing model 2
[0.25738931093102246, 0.0036772784741456285, 0.724424994131407, 0.006823445100295956, 0.007684971363129003]
Games played: 131
Exploitability: P1=4.600000000 P2=-0.052148442 EV: (-0.15018385538980492, 0.15018385538980492) P1 Winnings: 57.0
Choosing model 2
[0.2573892303099064, 0.0036772897295251463, 0.7244250743799733, 0.006823451349065873, 0.007684954231529297]
Games played: 132
Exploitability: P1=4.600000000 P2=-0.052148442 EV: (-0.15018385538980492, 0.15018385538980492) P1 Winnings: 48.0
Choosing model 0
[0.2607958377194624, 0.0030188226649977075, 0.7213627047470151, 0.006542249285255854, 0.008280385583268867]
Games played: 133
Exploitability: P1=1.900000000 P2=-0.052148442 EV: (-0.08467251258652433, 0.08467251258652433) P1 Winnings: 49.0
Choosing model 2
[0.2185884268780213, 0.0036997574984766746, 0.7687686182867378, 0.004405107796546505, 0.004538089540217772]
Games played: 134
Exploitability: P1=4.600000000 P2=-0.052148442 EV: (-0.15018385538980492, 0.15018385538980492) P1 Winnings: 54.0
Choosing model 2
[0.22452942184073083, 0.0026074856226045127, 0.7635142144920918, 0.004073131234324522, 0.0052757468102485276]
Games played: 135
Exploitability: P1=4.600000000 P2=-0.052148442 EV: (-0.15018385538980492, 0.15018385538980492) P1 Winnings: 54.0
Choosing model 2
[0.2548057703412612, 0.0015608747103126358, 0.7311573222694083, 0.004377111098995713, 0.00809892158002206]
Games played: 136
Exploitability: P1=4.600000000 P2=-0.052148442 EV: (-0.15018385538980492, 0.15018385538980492) P1 Winnings: 54.0
Choosing model 2
[0.2987912389549542, 0.0016858604056729863, 0.6812159386544031, 0.006851554068786355, 0.011455407916183356]
Games played: 137
Exploitability: P1=4.600000000 P2=-0.052148442 EV: (-0.15018385538980492, 0.15018385538980492) P1 Winnings: 41.0
Choosing model 2
[0.26882566632750843, 0.002095611182611098, 0.7161337245808131, 0.0054858461254352784, 0.007459151783632056]
Games played: 138
Exploitability: P1=4.600000000 P2=-0.052148442 EV: (-0.15018385538980492, 0.15018385538980492) P1 Winnings: 50.0
Choosing model 2
[0.27036079543604946, 0.0016960156321370423, 0.7149821373868488, 0.005077784547113191, 0.007883266997851492]
Games played: 139
Exploitability: P1=4.600000000 P2=-0.052148442 EV: (-0.15018385538980492, 0.15018385538980492) P1 Winnings: 51.0
Choosing model 2
[0.2635073828308436, 0.0022847237407822344, 0.7220653461310982, 0.005502273898691629, 0.0066402733985843655]
Games played: 140
Exploitability: P1=4.600000000 P2=-0.052148442 EV: (-0.15018385538980492, 0.15018385538980492) P1 Winnings: 42.0
Choosing model 2
[0.2677322150807298, 0.001781090742184867, 0.7179892048107847, 0.005219260965298182, 0.0072782284010025075]
Games played: 141
Exploitability: P1=4.600000000 P2=-0.052148442 EV: (-0.15018385538980492, 0.15018385538980492) P1 Winnings: 43.0
Choosing model 0
[0.26571494249792477, 0.0018304473726586707, 0.7203037617106961, 0.005326684268007923, 0.006824164150712578]
Games played: 142
Exploitability: P1=1.900000000 P2=-0.052148442 EV: (-0.08467251258652433, 0.08467251258652433) P1 Winnings: 48.0
Choosing model 2
[0.2612050871307139, 0.0022046891423819475, 0.7249049240237623, 0.005611403498213862, 0.0060738962049278885]
Games played: 143
Exploitability: P1=4.600000000 P2=-0.052148442 EV: (-0.15018385538980492, 0.15018385538980492) P1 Winnings: 43.0
Choosing model 2
[0.2330838349667188, 0.0027180917476015724, 0.7558193871406175, 0.004456087225606163, 0.003922598919456089]
Games played: 144
Exploitability: P1=4.600000000 P2=-0.052148442 EV: (-0.15018385538980492, 0.15018385538980492) P1 Winnings: 52.0
Choosing model 2
[0.21567366372624708, 0.002970233652780497, 0.7747028235175497, 0.0037055185071576844, 0.0029477605962651963]
Games played: 145
Exploitability: P1=4.600000000 P2=-0.052148442 EV: (-0.15018385538980492, 0.15018385538980492) P1 Winnings: 57.0
Choosing model 2
[0.20637452059877073, 0.0029344227958773626, 0.784925569812225, 0.0032060686865774935, 0.002559418106549428]
Games played: 146
Exploitability: P1=4.600000000 P2=-0.052148442 EV: (-0.15018385538980492, 0.15018385538980492) P1 Winnings: 58.0
Choosing model 0
[0.20045598764924785, 0.003939493425557825, 0.7899938019554462, 0.003462219503519481, 0.00214849746622858]
Games played: 147
Exploitability: P1=1.900000000 P2=-0.052148442 EV: (-0.08467251258652433, 0.08467251258652433) P1 Winnings: 63.0
Choosing model 2
[0.22426065031497144, 0.0042962773832833315, 0.7641561170073531, 0.004667484081723552, 0.002619471212668612]
Games played: 148
Exploitability: P1=4.600000000 P2=-0.052148442 EV: (-0.15018385538980492, 0.15018385538980492) P1 Winnings: 72.0
Choosing model 0
[0.21472263409357653, 0.004247077384322622, 0.7747136705371553, 0.0040408475748903, 0.002275770410055103]
Games played: 149
Exploitability: P1=1.900000000 P2=-0.052148442 EV: (-0.08467251258652433, 0.08467251258652433) P1 Winnings: 73.0
Choosing model 0
[0.21472261461700973, 0.004247080778994671, 0.7747136870343084, 0.004040848517599537, 0.0022757690520877026]
Games played: 150
Exploitability: P1=1.900000000 P2=-0.052148442 EV: (-0.08467251258652433, 0.08467251258652433) P1 Winnings: 72.0
Choosing model 2
[0.21326629965396576, 0.004516410630611078, 0.7759265171303307, 0.004112150996414012, 0.0021786215886784558]
Games played: 151
Exploitability: P1=4.600000000 P2=-0.052148442 EV: (-0.15018385538980492, 0.15018385538980492) P1 Winnings: 71.0
Choosing model 2
[0.20669490761151094, 0.006158880073347157, 0.7808778321372098, 0.004459058294872597, 0.0018093218830594045]
Games played: 152
Exploitability: P1=4.600000000 P2=-0.052148442 EV: (-0.15018385538980492, 0.15018385538980492) P1 Winnings: 76.0
Choosing model 2
[0.2316160194887342, 0.004140930242362387, 0.7568052886623698, 0.00487669592325471, 0.0025610656832789065]
Games played: 153
Exploitability: P1=4.600000000 P2=-0.052148442 EV: (-0.15018385538980492, 0.15018385538980492) P1 Winnings: 76.0
Choosing model 2
[0.23379432152749446, 0.004783798974435651, 0.7536214432366835, 0.005366280281874158, 0.0024341559795123886]
Games played: 154
Exploitability: P1=4.600000000 P2=-0.052148442 EV: (-0.15018385538980492, 0.15018385538980492) P1 Winnings: 76.0
Choosing model 2
[0.21626614962910254, 0.0052259957514507425, 0.7722181181623476, 0.004461062257315383, 0.0018286741997835519]
Games played: 155
Exploitability: P1=4.600000000 P2=-0.052148442 EV: (-0.15018385538980492, 0.15018385538980492) P1 Winnings: 81.0
Choosing model 2
[0.21776924385407906, 0.004234705434530792, 0.7719267001547574, 0.004134318610489157, 0.0019350319461436515]
Games played: 156
Exploitability: P1=4.600000000 P2=-0.052148442 EV: (-0.15018385538980492, 0.15018385538980492) P1 Winnings: 82.0
Choosing model 0
[0.23212721041685586, 0.003999481291135491, 0.7569891205653897, 0.004638718590640204, 0.002245469135978736]
Games played: 157
Exploitability: P1=1.900000000 P2=-0.052148442 EV: (-0.08467251258652433, 0.08467251258652433) P1 Winnings: 73.0
Choosing model 0
[0.2247653469554687, 0.005602972201542526, 0.7627221697365171, 0.005059818904206324, 0.0018496922022651727]
Games played: 158
Exploitability: P1=1.900000000 P2=-0.052148442 EV: (-0.08467251258652433, 0.08467251258652433) P1 Winnings: 64.0
Choosing model 2
[0.23106776943782778, 0.0039522186725628565, 0.7581454155986266, 0.0046824501826729144, 0.0021521461083098916]
Games played: 159
Exploitability: P1=4.600000000 P2=-0.052148442 EV: (-0.15018385538980492, 0.15018385538980492) P1 Winnings: 57.0
Choosing model 2
[0.2351232569313196, 0.0031127192451415758, 0.7549486078796972, 0.004449667044657889, 0.002365748899183845]
Games played: 160
Exploitability: P1=4.600000000 P2=-0.052148442 EV: (-0.15018385538980492, 0.15018385538980492) P1 Winnings: 54.0
Choosing model 2
[0.22817982542408075, 0.004250327437936657, 0.7607710887066255, 0.004831430350673546, 0.001967328080683802]
Games played: 161
Exploitability: P1=4.600000000 P2=-0.052148442 EV: (-0.15018385538980492, 0.15018385538980492) P1 Winnings: 54.0
Choosing model 2
[0.21850776160517707, 0.004202281344044581, 0.7713970987402613, 0.004183407994516649, 0.001709450316000522]
Games played: 162
Exploitability: P1=4.600000000 P2=-0.052148442 EV: (-0.15018385538980492, 0.15018385538980492) P1 Winnings: 55.0
Choosing model 2
[0.19326621365807217, 0.005135236149869734, 0.7972114451068706, 0.003292842457238088, 0.0010942626279493424]
Games played: 163
Exploitability: P1=4.600000000 P2=-0.052148442 EV: (-0.15018385538980492, 0.15018385538980492) P1 Winnings: 64.0
Choosing model 0
[0.1961738344396009, 0.004223232888628512, 0.795259002254923, 0.003162778659872315, 0.001181151756975265]
Games played: 164
Exploitability: P1=1.900000000 P2=-0.052148442 EV: (-0.08467251258652433, 0.08467251258652433) P1 Winnings: 65.0
Choosing model 0
[0.19480676009688047, 0.0044902076605362155, 0.7963545301353404, 0.0032179832477857765, 0.001130518859457099]
Games played: 165
Exploitability: P1=1.900000000 P2=-0.052148442 EV: (-0.08467251258652433, 0.08467251258652433) P1 Winnings: 64.0
Choosing model 0
[0.20040827442428397, 0.0031694983683531732, 0.7921258866352963, 0.0029800501953908183, 0.0013162903766757753]
Games played: 166
Exploitability: P1=1.900000000 P2=-0.052148442 EV: (-0.08467251258652433, 0.08467251258652433) P1 Winnings: 57.0
Choosing model 2
[0.19386770964489636, 0.004436003279374686, 0.7973655480570686, 0.0032474842486097215, 0.0010832547700506778]
Games played: 167
Exploitability: P1=4.600000000 P2=-0.052148442 EV: (-0.15018385538980492, 0.15018385538980492) P1 Winnings: 56.0
Choosing model 0
[0.1967580874951888, 0.0036476948058018176, 0.7953063069223518, 0.0031187969154842224, 0.0011691138611732523]
Games played: 168
Exploitability: P1=1.900000000 P2=-0.052148442 EV: (-0.08467251258652433, 0.08467251258652433) P1 Winnings: 55.0
Choosing model 0
[0.18801267869471391, 0.0035987042038822313, 0.8046802600785137, 0.0026946757542567323, 0.0010136812686333744]
Games played: 169
Exploitability: P1=1.900000000 P2=-0.052148442 EV: (-0.08467251258652433, 0.08467251258652433) P1 Winnings: 56.0
Choosing model 2
[0.18669699183427238, 0.003826086527216753, 0.8057650934362167, 0.0027416293117906903, 0.0009701988905035723]
Games played: 170
Exploitability: P1=4.600000000 P2=-0.052148442 EV: (-0.15018385538980492, 0.15018385538980492) P1 Winnings: 55.0
Choosing model 0
[0.18669692535786628, 0.003826098074158753, 0.8057651481767663, 0.002741631705068212, 0.0009701966861405257]
Games played: 171
Exploitability: P1=1.900000000 P2=-0.052148442 EV: (-0.08467251258652433, 0.08467251258652433) P1 Winnings: 46.0
Choosing model 2
[0.17828357332482267, 0.003772275250696586, 0.8147362124376215, 0.0023672719505445825, 0.0008406670363146888]
Games played: 172
Exploitability: P1=4.600000000 P2=-0.052148442 EV: (-0.15018385538980492, 0.15018385538980492) P1 Winnings: 47.0
Choosing model 2
[0.1782835092361452, 0.003772286622374127, 0.8147362650091327, 0.0023672740089575074, 0.0008406651233905897]
Games played: 173
Exploitability: P1=4.600000000 P2=-0.052148442 EV: (-0.15018385538980492, 0.15018385538980492) P1 Winnings: 38.0
Choosing model 2
[0.17015602299765858, 0.003717183047859376, 0.8233558524815521, 0.002042911515922247, 0.0007280299570077954]
Games played: 174
Exploitability: P1=4.600000000 P2=-0.052148442 EV: (-0.15018385538980492, 0.15018385538980492) P1 Winnings: 39.0
Choosing model 2
[0.16231431286327846, 0.0036609732114155323, 0.8316324837591315, 0.001762073102845895, 0.0006301570633286583]
Games played: 175
Exploitability: P1=4.600000000 P2=-0.052148442 EV: (-0.15018385538980492, 0.15018385538980492) P1 Winnings: 40.0
Choosing model 2
[0.17393413817096953, 0.0034759659798376404, 0.8198672193779417, 0.001987542889650014, 0.0007351335816009883]
Games played: 176
Exploitability: P1=4.600000000 P2=-0.052148442 EV: (-0.15018385538980492, 0.15018385538980492) P1 Winnings: 31.0
Choosing model 2
[0.1812868447217171, 0.0021722173899420406, 0.8138348898996685, 0.001782909308951719, 0.0009231386797207573]
Games played: 177
Exploitability: P1=4.600000000 P2=-0.052148442 EV: (-0.15018385538980492, 0.15018385538980492) P1 Winnings: 32.0
Choosing model 2
[0.1666683864531097, 0.002358477668112438, 0.8288107885935043, 0.001473080687168942, 0.0006892665981045473]
Games played: 178
Exploitability: P1=4.600000000 P2=-0.052148442 EV: (-0.15018385538980492, 0.15018385538980492) P1 Winnings: 37.0
Choosing model 2
[0.1785302308414478, 0.002238418353619712, 0.8167666509161804, 0.0016609235634212564, 0.000803776325330921]
Games played: 179
Exploitability: P1=4.600000000 P2=-0.052148442 EV: (-0.15018385538980492, 0.15018385538980492) P1 Winnings: 46.0
Choosing model 2
[0.18208579910619166, 0.0036121726116322135, 0.8114653080138645, 0.0021227519440321146, 0.0007139683242794378]
Games played: 180
Exploitability: P1=4.600000000 P2=-0.052148442 EV: (-0.15018385538980492, 0.15018385538980492) P1 Winnings: 37.0
Choosing model 2
[0.18547222388910317, 0.002847830037794608, 0.8088750112547, 0.0020192969204099725, 0.0007856378979922636]
Games played: 181
Exploitability: P1=4.600000000 P2=-0.052148442 EV: (-0.15018385538980492, 0.15018385538980492) P1 Winnings: 34.0
Choosing model 2
[0.23161223570924863, 0.0027999286706072617, 0.7608606089130729, 0.003399260150947635, 0.0013279665561234451]
Games played: 182
Exploitability: P1=4.600000000 P2=-0.052148442 EV: (-0.15018385538980492, 0.15018385538980492) P1 Winnings: 25.0
Choosing model 0
[0.27414136554326046, 0.00305249532233687, 0.7155393799511667, 0.005370817498183378, 0.0018959416850526396]
Games played: 183
Exploitability: P1=1.900000000 P2=-0.052148442 EV: (-0.08467251258652433, 0.08467251258652433) P1 Winnings: 12.0
Choosing model 2
[0.2545806922045962, 0.003941462916464968, 0.7352656922503479, 0.004813545451496799, 0.001398607177094206]
Games played: 184
Exploitability: P1=4.600000000 P2=-0.052148442 EV: (-0.15018385538980492, 0.15018385538980492) P1 Winnings: 17.0
Choosing model 0
[0.24753795825305588, 0.0052969823123531065, 0.7407862195731929, 0.005203556071950499, 0.001175283789447649]
Games played: 185
Exploitability: P1=1.900000000 P2=-0.052148442 EV: (-0.08467251258652433, 0.08467251258652433) P1 Winnings: 22.0
Choosing model 2
[0.2475379362781704, 0.005296986556443228, 0.7407862367790015, 0.005203557295966475, 0.001175283090418492]
Games played: 186
Exploitability: P1=4.600000000 P2=-0.052148442 EV: (-0.15018385538980492, 0.15018385538980492) P1 Winnings: 21.0
Choosing model 2
[0.1962672978851877, 0.005581838434308474, 0.7946469748021869, 0.0028952084234387687, 0.0006086804548780289]
Games played: 187
Exploitability: P1=4.600000000 P2=-0.052148442 EV: (-0.15018385538980492, 0.15018385538980492) P1 Winnings: 26.0
Choosing model 2
[0.18069063284622108, 0.006068851332001374, 0.8103900130478102, 0.0023953990428717212, 0.00045510373109585724]
Games played: 188
Exploitability: P1=4.600000000 P2=-0.052148442 EV: (-0.15018385538980492, 0.15018385538980492) P1 Winnings: 31.0
Choosing model 2
[0.22593592093023557, 0.005974566855791059, 0.7632815895609573, 0.004037654159534332, 0.0007702684934816999]
Games played: 189
Exploitability: P1=4.600000000 P2=-0.052148442 EV: (-0.15018385538980492, 0.15018385538980492) P1 Winnings: 31.0
Choosing model 2
[0.22350964485309402, 0.00630577619807507, 0.7654211260810357, 0.004033532347087349, 0.0007299205207079307]
Games played: 190
Exploitability: P1=4.600000000 P2=-0.052148442 EV: (-0.15018385538980492, 0.15018385538980492) P1 Winnings: 36.0
Choosing model 2
[0.2382023317287822, 0.005954417014811878, 0.7504715802320425, 0.004524804911742565, 0.0008468661126207817]
Games played: 191
Exploitability: P1=4.600000000 P2=-0.052148442 EV: (-0.15018385538980492, 0.15018385538980492) P1 Winnings: 45.0
Choosing model 2
[0.22016342483574666, 0.0076522642269574274, 0.7675263338905985, 0.004036201261051172, 0.0006217757856463054]
Games played: 192
Exploitability: P1=4.600000000 P2=-0.052148442 EV: (-0.15018385538980492, 0.15018385538980492) P1 Winnings: 50.0
Choosing model 2
[0.21272252757064702, 0.01069719164558537, 0.7716760607994897, 0.004393137280091458, 0.0005110827041863718]
Games played: 193
Exploitability: P1=4.600000000 P2=-0.052148442 EV: (-0.15018385538980492, 0.15018385538980492) P1 Winnings: 41.0
Choosing model 2
[0.2386142813288864, 0.007199628297201501, 0.7486524042711461, 0.004809516657351799, 0.0007241694454142744]
Games played: 194
Exploitability: P1=4.600000000 P2=-0.052148442 EV: (-0.15018385538980492, 0.15018385538980492) P1 Winnings: 41.0
Choosing model 0
[0.25395344205425435, 0.006789201521138191, 0.7330303559406536, 0.005387951513419026, 0.0008390489705347915]
Games played: 195
Exploitability: P1=1.900000000 P2=-0.052148442 EV: (-0.08467251258652433, 0.08467251258652433) P1 Winnings: 32.0
Choosing model 2
[0.2522524984877967, 0.007220354579808583, 0.7342403563678583, 0.005483490409794736, 0.0008033001547416887]
Games played: 196
Exploitability: P1=4.600000000 P2=-0.052148442 EV: (-0.15018385538980492, 0.15018385538980492) P1 Winnings: 31.0
Choosing model 2
[0.2522524124997125, 0.007220376480125253, 0.7342404173985618, 0.005483495279817692, 0.0008032983417827073]
Games played: 197
Exploitability: P1=4.600000000 P2=-0.052148442 EV: (-0.15018385538980492, 0.15018385538980492) P1 Winnings: 22.0
Choosing model 0
[0.23363265990355706, 0.007897681388662545, 0.7533012056961211, 0.004564214447931071, 0.0006042385637282505]
Games played: 198
Exploitability: P1=1.900000000 P2=-0.052148442 EV: (-0.08467251258652433, 0.08467251258652433) P1 Winnings: 27.0
Choosing model 2
[0.259023580282499, 0.009944686210754517, 0.7242216072969903, 0.006101572277987965, 0.0007085539317683051]
Games played: 199
Exploitability: P1=4.600000000 P2=-0.052148442 EV: (-0.15018385538980492, 0.15018385538980492) P1 Winnings: 32.0
Choosing model 0
[0.2868422344109919, 0.010735264970204482, 0.6934252293218304, 0.008142162356144142, 0.0008551089408290086]
Games played: 200
Exploitability: P1=1.900000000 P2=-0.052148442 EV: (-0.08467251258652433, 0.08467251258652433) P1 Winnings: 32.0
