Player 1 exploitability: 0.43327721441
Choosing model 2
[0.1973349639706216, 0.21128199721835308, 0.19899353135783318, 0.2021883263136098, 0.19020118113958234]
Games played: 1
Exploitability: P1=4.600000000 P2=0.347625200 EV: (0.34762520026992233, -0.34762520026992233) P1 Winnings: -1
Choosing model 3
[0.1944757600901228, 0.22293711500370114, 0.19775856744304146, 0.20415948252984553, 0.18066907493328915]
Games played: 2
Exploitability: P1=1.933333333 P2=0.347625200 EV: (-0.14834121643612272, 0.14834121643612272) P1 Winnings: -14
Choosing model 3
[0.20025321460114245, 0.20425542198141375, 0.20274946362736132, 0.20641766030985195, 0.1863242394802305]
Games played: 3
Exploitability: P1=1.933333333 P2=0.347625200 EV: (-0.14834121643612272, 0.14834121643612272) P1 Winnings: -14.0
Choosing model 4
[0.20402145439470984, 0.214853804572031, 0.21872097506662536, 0.19015513955290134, 0.1722486264137325]
Games played: 4
Exploitability: P1=2.600000000 P2=0.347625200 EV: (-0.17198633804902225, 0.17198633804902225) P1 Winnings: -13.0
Choosing model 0
[0.20422327285844186, 0.21627045455029098, 0.220575294011508, 0.1938084763311143, 0.16512250224864478]
Games played: 5
Exploitability: P1=1.900000000 P2=0.347625200 EV: (-0.09654828282301653, 0.09654828282301653) P1 Winnings: -10.0
Choosing model 1
[0.20101970617543244, 0.2279234668709987, 0.21894003373008292, 0.19546014247165847, 0.15665665075182744]
Games played: 6
Exploitability: P1=2.800000000 P2=0.347625200 EV: (0.2614364357913814, -0.2614364357913814) P1 Winnings: -19.0
Choosing model 3
[0.21347734175308355, 0.1857148803308739, 0.22754741256971933, 0.19378953773144, 0.17947082761488323]
Games played: 7
Exploitability: P1=1.933333333 P2=0.347625200 EV: (-0.14834121643612272, 0.14834121643612272) P1 Winnings: -18.0
Choosing model 3
[0.19792231022272566, 0.24571546078219772, 0.22261661394634982, 0.19548550537836615, 0.13826010967036062]
Games played: 8
Exploitability: P1=1.933333333 P2=0.347625200 EV: (-0.14834121643612272, 0.14834121643612272) P1 Winnings: -11.0
Choosing model 0
[0.21649540138010084, 0.1844119151150076, 0.23544359671821802, 0.19248383145607084, 0.17116525533060273]
Games played: 9
Exploitability: P1=1.900000000 P2=0.347625200 EV: (-0.09654828282301653, 0.09654828282301653) P1 Winnings: -11.0
Choosing model 2
[0.2135992402117467, 0.19480426388776886, 0.23424634847419917, 0.19457960573571334, 0.16277054169057206]
Games played: 10
Exploitability: P1=4.600000000 P2=0.347625200 EV: (0.34762520026992233, -0.34762520026992233) P1 Winnings: -12.0
Choosing model 1
[0.21654587498312802, 0.20390213919603903, 0.25145334537581604, 0.17836613632202458, 0.1497325041229924]
Games played: 11
Exploitability: P1=2.800000000 P2=0.347625200 EV: (0.2614364357913814, -0.2614364357913814) P1 Winnings: -11.0
Choosing model 0
[0.19842034956737045, 0.26662501508558706, 0.24312880699691333, 0.17782383392968823, 0.1140019944204409]
Games played: 12
Exploitability: P1=1.900000000 P2=0.347625200 EV: (-0.09654828282301653, 0.09654828282301653) P1 Winnings: -4.0
Choosing model 0
[0.19842029709370662, 0.26662518187139805, 0.2431287699302562, 0.177823844517942, 0.11400190658669711]
Games played: 13
Exploitability: P1=1.900000000 P2=0.347625200 EV: (-0.09654828282301653, 0.09654828282301653) P1 Winnings: -5.0
Choosing model 2
[0.21337082454858217, 0.2199857820921737, 0.2558697007711139, 0.17852453010904817, 0.1322491624790821]
Games played: 14
Exploitability: P1=4.600000000 P2=0.347625200 EV: (0.34762520026992233, -0.34762520026992233) P1 Winnings: -4.0
Choosing model 1
[0.21034088075084528, 0.2313685944329831, 0.25568908358354, 0.1777182357975018, 0.12488320543512983]
Games played: 15
Exploitability: P1=2.800000000 P2=0.347625200 EV: (0.2614364357913814, -0.2614364357913814) P1 Winnings: 1.0
Choosing model 0
[0.2100974137387323, 0.2323946781075157, 0.2573038269437822, 0.18074417844576157, 0.11945990276420818]
Games played: 16
Exploitability: P1=1.900000000 P2=0.347625200 EV: (-0.09654828282301653, 0.09654828282301653) P1 Winnings: 4.0
Choosing model 4
[0.1932336276056042, 0.29719378666683727, 0.26185936890159517, 0.16043536596657906, 0.08727785085938429]
Games played: 17
Exploitability: P1=2.600000000 P2=0.347625200 EV: (-0.17198633804902225, 0.17198633804902225) P1 Winnings: 9.0
Choosing model 2
[0.2092098403948661, 0.2490473327153127, 0.27744453613713926, 0.16221747725247723, 0.10208081350020463]
Games played: 18
Exploitability: P1=4.600000000 P2=0.347625200 EV: (0.34762520026992233, -0.34762520026992233) P1 Winnings: 2.0
Choosing model 3
[0.20933193919032939, 0.25728140293694945, 0.2939435544841694, 0.14676277195924045, 0.09268033142931137]
Games played: 19
Exploitability: P1=1.933333333 P2=0.347625200 EV: (-0.14834121643612272, 0.14834121643612272) P1 Winnings: 3.0
Choosing model 4
[0.21628572087076586, 0.23652548691614758, 0.3023894819560755, 0.14889205826374421, 0.0959072519932669]
Games played: 20
Exploitability: P1=2.600000000 P2=0.347625200 EV: (-0.17198633804902225, 0.17198633804902225) P1 Winnings: -2.0
Choosing model 3
[0.21580264254355622, 0.237318506798636, 0.3039713356384254, 0.15126405901730666, 0.09164345600207556]
Games played: 21
Exploitability: P1=1.933333333 P2=0.347625200 EV: (-0.14834121643612272, 0.14834121643612272) P1 Winnings: 1.0
Choosing model 2
[0.22266882345634414, 0.21736696742956954, 0.3114718691380261, 0.1523041614822174, 0.09618817849384283]
Games played: 22
Exploitability: P1=4.600000000 P2=0.347625200 EV: (0.34762520026992233, -0.34762520026992233) P1 Winnings: -2.0
Choosing model 0
[0.22266863010200225, 0.21736751207852564, 0.3114717307362, 0.1523042164115635, 0.09618791067170851]
Games played: 23
Exploitability: P1=1.900000000 P2=0.347625200 EV: (-0.09654828282301653, 0.09654828282301653) P1 Winnings: -11.0
Choosing model 2
[0.21867790393872721, 0.22855932614805358, 0.30846039696963706, 0.15325329949035, 0.0910490734532321]
Games played: 24
Exploitability: P1=4.600000000 P2=0.347625200 EV: (0.34762520026992233, -0.34762520026992233) P1 Winnings: -20.0
Choosing model 2
[0.21814182768577595, 0.23539980782821662, 0.3258125694356932, 0.13823205129289057, 0.08241374375742382]
Games played: 25
Exploitability: P1=4.600000000 P2=0.347625200 EV: (0.34762520026992233, -0.34762520026992233) P1 Winnings: -19.0
Choosing model 0
[0.22683346783735878, 0.21688286567529264, 0.3116880022436203, 0.15130090046897832, 0.09329476377474998]
Games played: 26
Exploitability: P1=1.900000000 P2=0.347625200 EV: (-0.09654828282301653, 0.09654828282301653) P1 Winnings: -28.0
Choosing model 3
[0.22683341572246934, 0.21688300887264625, 0.3116879655425578, 0.15130091472924265, 0.09329469513308393]
Games played: 27
Exploitability: P1=1.933333333 P2=0.347625200 EV: (-0.14834121643612272, 0.14834121643612272) P1 Winnings: -29.0
Choosing model 1
[0.23333314674611685, 0.1985053121771285, 0.3192271549728032, 0.15281790273107623, 0.0961164833728752]
Games played: 28
Exploitability: P1=2.800000000 P2=0.347625200 EV: (0.2614364357913814, -0.2614364357913814) P1 Winnings: -34.0
Choosing model 1
[0.22730022750946613, 0.21391850890150216, 0.3163011557442204, 0.15605295728921093, 0.08642715055560034]
Games played: 29
Exploitability: P1=2.800000000 P2=0.347625200 EV: (0.2614364357913814, -0.2614364357913814) P1 Winnings: -31.0
Choosing model 3
[0.23931004789813257, 0.18140436497945706, 0.32712927860202873, 0.15524717514722355, 0.0969091333731582]
Games played: 30
Exploitability: P1=1.933333333 P2=0.347625200 EV: (-0.14834121643612272, 0.14834121643612272) P1 Winnings: -30.0
Choosing model 3
[0.2574603610958417, 0.13390590936282054, 0.3402861261664617, 0.15034843647407428, 0.11799916690080192]
Games played: 31
Exploitability: P1=1.933333333 P2=0.347625200 EV: (-0.14834121643612272, 0.14834121643612272) P1 Winnings: -30.0
Choosing model 0
[0.2544687962515562, 0.14170408196674592, 0.33915898061980954, 0.15225624591335357, 0.11241189524853475]
Games played: 32
Exploitability: P1=1.900000000 P2=0.347625200 EV: (-0.09654828282301653, 0.09654828282301653) P1 Winnings: -41.0
Choosing model 0
[0.26959103131201667, 0.10300441393377405, 0.34741583745705573, 0.145201730186287, 0.13478698711086654]
Games played: 33
Exploitability: P1=1.900000000 P2=0.347625200 EV: (-0.09654828282301653, 0.09654828282301653) P1 Winnings: -38.0
Choosing model 0
[0.27778201490059945, 0.08214801850502715, 0.350313553112041, 0.13972321173216057, 0.1500332017501719]
Games played: 34
Exploitability: P1=1.900000000 P2=0.347625200 EV: (-0.09654828282301653, 0.09654828282301653) P1 Winnings: -38.0
Choosing model 2
[0.27778199220566063, 0.08214808490536861, 0.35031356372643085, 0.1397232455871081, 0.1500331135754318]
Games played: 35
Exploitability: P1=4.600000000 P2=0.347625200 EV: (0.34762520026992233, -0.34762520026992233) P1 Winnings: -39.0
Choosing model 2
[0.26336161753427395, 0.12322781937529016, 0.3235288368056916, 0.16599780629137648, 0.12388391999336786]
Games played: 36
Exploitability: P1=4.600000000 P2=0.347625200 EV: (0.34762520026992233, -0.34762520026992233) P1 Winnings: -48.0
Choosing model 2
[0.24399342494418735, 0.1403228185713722, 0.2285101592660233, 0.24831609413113062, 0.13885750308728662]
Games played: 37
Exploitability: P1=4.600000000 P2=0.347625200 EV: (0.34762520026992233, -0.34762520026992233) P1 Winnings: -61.0
Choosing model 0
[0.25559453182403363, 0.1133674875684357, 0.23549683071524719, 0.23938318342751122, 0.15615796646477226]
Games played: 38
Exploitability: P1=1.900000000 P2=0.347625200 EV: (-0.09654828282301653, 0.09654828282301653) P1 Winnings: -58.0
Choosing model 0
[0.2530052532812011, 0.1201503264822814, 0.23507041046700217, 0.24278600844625003, 0.1489880013232653]
Games played: 39
Exploitability: P1=1.900000000 P2=0.347625200 EV: (-0.09654828282301653, 0.09654828282301653) P1 Winnings: -59.0
Choosing model 0
[0.25799061492857855, 0.12649473108044226, 0.25380882069410315, 0.22385298928418873, 0.13785284401268713]
Games played: 40
Exploitability: P1=1.900000000 P2=0.347625200 EV: (-0.09654828282301653, 0.09654828282301653) P1 Winnings: -58.0
Choosing model 3
[0.25503336002697363, 0.1338825370480579, 0.2530082632641517, 0.22672949270387732, 0.13134634695693942]
Games played: 41
Exploitability: P1=1.933333333 P2=0.347625200 EV: (-0.14834121643612272, 0.14834121643612272) P1 Winnings: -53.0
Choosing model 4
[0.2656906103012923, 0.10795573545955128, 0.2579422969577403, 0.2205897431283, 0.14782161415311626]
Games played: 42
Exploitability: P1=2.600000000 P2=0.347625200 EV: (-0.17198633804902225, 0.17198633804902225) P1 Winnings: -50.0
Choosing model 0
[0.2733732134923303, 0.08946718622917424, 0.2607113198463945, 0.21446464431916087, 0.16198363611294023]
Games played: 43
Exploitability: P1=1.900000000 P2=0.347625200 EV: (-0.09654828282301653, 0.09654828282301653) P1 Winnings: -50.0
Choosing model 3
[0.27122152078872064, 0.0950364882763119, 0.26083327021675423, 0.21800975583672683, 0.15489896488148636]
Games played: 44
Exploitability: P1=1.933333333 P2=0.347625200 EV: (-0.14834121643612272, 0.14834121643612272) P1 Winnings: -45.0
Choosing model 1
[0.26888989451585443, 0.10087862880273443, 0.2607643621610598, 0.22145133487262592, 0.14801577964772547]
Games played: 45
Exploitability: P1=2.800000000 P2=0.347625200 EV: (0.2614364357913814, -0.2614364357913814) P1 Winnings: -56.0
Choosing model 2
[0.23697748653316322, 0.1756291294222236, 0.24750384378551707, 0.24355999692569272, 0.09632954333340325]
Games played: 46
Exploitability: P1=4.600000000 P2=0.347625200 EV: (0.34762520026992233, -0.34762520026992233) P1 Winnings: -49.0
Choosing model 3
[0.236977294039708, 0.17562957933654103, 0.24750374768369648, 0.24356009842182705, 0.09632928051822745]
Games played: 47
Exploitability: P1=1.933333333 P2=0.347625200 EV: (-0.14834121643612272, 0.14834121643612272) P1 Winnings: -58.0
Choosing model 1
[0.21884651864713278, 0.2187911182593644, 0.23675457178245174, 0.24892159286336718, 0.07668619844768393]
Games played: 48
Exploitability: P1=2.800000000 P2=0.347625200 EV: (0.2614364357913814, -0.2614364357913814) P1 Winnings: -51.0
Choosing model 2
[0.21884630032948738, 0.21879163820143102, 0.23675443598434803, 0.24892165046916953, 0.07668597501556405]
Games played: 49
Exploitability: P1=4.600000000 P2=0.347625200 EV: (0.34762520026992233, -0.34762520026992233) P1 Winnings: -60.0
Choosing model 3
[0.21180149935074857, 0.19503632612535649, 0.18205529421300037, 0.32158472506116065, 0.08952215524973406]
Games played: 50
Exploitability: P1=1.933333333 P2=0.347625200 EV: (-0.14834121643612272, 0.14834121643612272) P1 Winnings: -47.0
Choosing model 3
[0.2306389465333648, 0.18273738974377882, 0.21470689479610292, 0.2842203817270226, 0.08769638719973093]
Games played: 51
Exploitability: P1=1.933333333 P2=0.347625200 EV: (-0.14834121643612272, 0.14834121643612272) P1 Winnings: -44.0
Choosing model 1
[0.19227509627650044, 0.2735612214742035, 0.19094003952489155, 0.28721137153678733, 0.05601227118761717]
Games played: 52
Exploitability: P1=2.800000000 P2=0.347625200 EV: (0.2614364357913814, -0.2614364357913814) P1 Winnings: -47.0
Choosing model 1
[0.18659185565893796, 0.31352034036480364, 0.2052573911867913, 0.25048493993541354, 0.04414547285405358]
Games played: 53
Exploitability: P1=2.800000000 P2=0.347625200 EV: (0.2614364357913814, -0.2614364357913814) P1 Winnings: -42.0
Choosing model 1
[0.15109652331812168, 0.4016894606105479, 0.16190797575617677, 0.25417258056016806, 0.031133459754985545]
Games played: 54
Exploitability: P1=2.800000000 P2=0.347625200 EV: (0.2614364357913814, -0.2614364357913814) P1 Winnings: -29.0
Choosing model 2
[0.14274053584451052, 0.4481514745456182, 0.16943114456930172, 0.21579028666502748, 0.023886558375542148]
Games played: 55
Exploitability: P1=4.600000000 P2=0.347625200 EV: (0.34762520026992233, -0.34762520026992233) P1 Winnings: -24.0
Choosing model 1
[0.15943632535407973, 0.4028199231228151, 0.18787166280255477, 0.22183471435460872, 0.028037374365941645]
Games played: 56
Exploitability: P1=2.800000000 P2=0.347625200 EV: (0.2614364357913814, -0.2614364357913814) P1 Winnings: -23.0
Choosing model 2
[0.19815892553972453, 0.3001812854728842, 0.22238165767857043, 0.23729421683611082, 0.0419839144727101]
Games played: 57
Exploitability: P1=4.600000000 P2=0.347625200 EV: (0.34762520026992233, -0.34762520026992233) P1 Winnings: -23.0
Choosing model 3
[0.1981586643067905, 0.30018190255960137, 0.22238145880295454, 0.2372941956467643, 0.041983778683889306]
Games played: 58
Exploitability: P1=1.933333333 P2=0.347625200 EV: (-0.14834121643612272, 0.14834121643612272) P1 Winnings: -32.0
Choosing model 4
[0.19815858984439663, 0.3001820785352193, 0.22238140214652033, 0.23729418953144588, 0.041983739942417865]
Games played: 59
Exploitability: P1=2.600000000 P2=0.347625200 EV: (-0.17198633804902225, 0.17198633804902225) P1 Winnings: -35.0
Choosing model 0
[0.21654615878493438, 0.2539012944224307, 0.237817981807592, 0.24217135423273395, 0.04956321075230905]
Games played: 60
Exploitability: P1=1.900000000 P2=0.347625200 EV: (-0.09654828282301653, 0.09654828282301653) P1 Winnings: -32.0
Choosing model 2
[0.21654609252336338, 0.25390144270299625, 0.23781793567265544, 0.24217135859369046, 0.049563170507294446]
Games played: 61
Exploitability: P1=4.600000000 P2=0.347625200 EV: (0.34762520026992233, -0.34762520026992233) P1 Winnings: -33.0
Choosing model 1
[0.22343465558743184, 0.2321220011704361, 0.22575056919957107, 0.2630192509585459, 0.05567352308401536]
Games played: 62
Exploitability: P1=2.800000000 P2=0.347625200 EV: (0.2614364357913814, -0.2614364357913814) P1 Winnings: -42.0
Choosing model 1
[0.17981947904255152, 0.3354588329675727, 0.1938097760484245, 0.2565841101460386, 0.03432780179541261]
Games played: 63
Exploitability: P1=2.800000000 P2=0.347625200 EV: (0.2614364357913814, -0.2614364357913814) P1 Winnings: -35.0
Choosing model 2
[0.1857145794324982, 0.30602467326029525, 0.1780263193128191, 0.2905911270716607, 0.03964330092272675]
Games played: 64
Exploitability: P1=4.600000000 P2=0.347625200 EV: (0.34762520026992233, -0.34762520026992233) P1 Winnings: -42.0
Choosing model 2
[0.20435029218718917, 0.25836293826658535, 0.1917110055947949, 0.29851803663718585, 0.047057727314244804]
Games played: 65
Exploitability: P1=4.600000000 P2=0.347625200 EV: (0.34762520026992233, -0.34762520026992233) P1 Winnings: -41.0
Choosing model 0
[0.20017489814120826, 0.27001364463356614, 0.19036454764964061, 0.2952911096910047, 0.04415579988458026]
Games played: 66
Exploitability: P1=1.900000000 P2=0.347625200 EV: (-0.09654828282301653, 0.09654828282301653) P1 Winnings: -36.0
Choosing model 3
[0.21468627583520944, 0.23462803336811192, 0.2006460358425518, 0.2996801434015491, 0.050359511552577764]
Games played: 67
Exploitability: P1=1.933333333 P2=0.347625200 EV: (-0.14834121643612272, 0.14834121643612272) P1 Winnings: -37.0
Choosing model 3
[0.22898104845453604, 0.20156423033404322, 0.21022454195064597, 0.30202567608465786, 0.057204503176116805]
Games played: 68
Exploitability: P1=1.933333333 P2=0.347625200 EV: (-0.14834121643612272, 0.14834121643612272) P1 Winnings: -37.0
Choosing model 2
[0.2211958796732791, 0.21539903574404612, 0.2065562912606577, 0.30584099232781853, 0.051007800994198514]
Games played: 69
Exploitability: P1=4.600000000 P2=0.347625200 EV: (0.34762520026992233, -0.34762520026992233) P1 Winnings: -37.0
Choosing model 1
[0.21007742852085368, 0.2341292945187158, 0.19352831301798612, 0.31665063573769997, 0.04561432820474446]
Games played: 70
Exploitability: P1=2.800000000 P2=0.347625200 EV: (0.2614364357913814, -0.2614364357913814) P1 Winnings: -37.0
Choosing model 3
[0.2100773582443806, 0.23412944142900075, 0.1935282716945936, 0.3166506406375587, 0.04561428799446632]
Games played: 71
Exploitability: P1=1.933333333 P2=0.347625200 EV: (-0.14834121643612272, 0.14834121643612272) P1 Winnings: -44.0
Choosing model 1
[0.2020037640693109, 0.24905143047177922, 0.18927887748510402, 0.3191794494023167, 0.04048647857148906]
Games played: 72
Exploitability: P1=2.800000000 P2=0.347625200 EV: (0.2614364357913814, -0.2614364357913814) P1 Winnings: -44.0
Choosing model 2
[0.19696548208048106, 0.26000288103171504, 0.18610915286761023, 0.31887290715489214, 0.03804957686530155]
Games played: 73
Exploitability: P1=4.600000000 P2=0.347625200 EV: (0.34762520026992233, -0.34762520026992233) P1 Winnings: -51.0
Choosing model 1
[0.19166577665023696, 0.29879556823193737, 0.2006108105104261, 0.27885755399207174, 0.030070290615327774]
Games played: 74
Exploitability: P1=2.800000000 P2=0.347625200 EV: (0.2614364357913814, -0.2614364357913814) P1 Winnings: -46.0
Choosing model 0
[0.16856995523053625, 0.35431628180720537, 0.18266888212319957, 0.2716238948782701, 0.022820985960788784]
Games played: 75
Exploitability: P1=1.900000000 P2=0.347625200 EV: (-0.09654828282301653, 0.09654828282301653) P1 Winnings: -39.0
Choosing model 0
[0.1878423840043389, 0.30293471050163623, 0.1992101944890817, 0.2825793069795186, 0.0274334040254246]
Games played: 76
Exploitability: P1=1.900000000 P2=0.347625200 EV: (-0.09654828282301653, 0.09654828282301653) P1 Winnings: -38.0
Choosing model 0
[0.20455792594188463, 0.2654715081984935, 0.21535867009196433, 0.28321792666118656, 0.03139396910647108]
Games played: 77
Exploitability: P1=1.900000000 P2=0.347625200 EV: (-0.09654828282301653, 0.09654828282301653) P1 Winnings: -37.0
Choosing model 2
[0.1765719678570719, 0.3315391793801709, 0.19343775163015134, 0.27539739541469827, 0.023053705717907682]
Games played: 78
Exploitability: P1=4.600000000 P2=0.347625200 EV: (0.34762520026992233, -0.34762520026992233) P1 Winnings: -46.0
Choosing model 1
[0.19241606226127464, 0.3251644312918338, 0.2681106935422024, 0.19526834457086223, 0.01904046833382686]
Games played: 79
Exploitability: P1=2.800000000 P2=0.347625200 EV: (0.2614364357913814, -0.2614364357913814) P1 Winnings: -43.0
Choosing model 1
[0.1703634973414349, 0.38144986383424595, 0.3104843517615026, 0.12639186914966474, 0.011310417913151863]
Games played: 80
Exploitability: P1=2.800000000 P2=0.347625200 EV: (0.2614364357913814, -0.2614364357913814) P1 Winnings: -40.0
Choosing model 1
[0.14427482358455246, 0.4463111057295544, 0.30722756266127926, 0.09525434653782505, 0.006932161486788821]
Games played: 81
Exploitability: P1=2.800000000 P2=0.347625200 EV: (0.2614364357913814, -0.2614364357913814) P1 Winnings: -31.0
Choosing model 1
[0.15430789768406306, 0.43967347167227566, 0.26107972390561995, 0.1359957459662827, 0.008943160771758772]
Games played: 82
Exploitability: P1=2.800000000 P2=0.347625200 EV: (0.2614364357913814, -0.2614364357913814) P1 Winnings: -44.0
Choosing model 0
[0.13035487628615494, 0.4921172591162419, 0.2884713112493542, 0.08398786059033106, 0.00506869275791784]
Games played: 83
Exploitability: P1=1.900000000 P2=0.347625200 EV: (-0.09654828282301653, 0.09654828282301653) P1 Winnings: -41.0
Choosing model 2
[0.12545120134379856, 0.5070777937463369, 0.2799529767880691, 0.0828163523309946, 0.004701675790801052]
Games played: 84
Exploitability: P1=4.600000000 P2=0.347625200 EV: (0.34762520026992233, -0.34762520026992233) P1 Winnings: -42.0
Choosing model 1
[0.13568369352008633, 0.4859352217723095, 0.27856207459164933, 0.09428302450276264, 0.005535985613192007]
Games played: 85
Exploitability: P1=2.800000000 P2=0.347625200 EV: (0.2614364357913814, -0.2614364357913814) P1 Winnings: -51.0
Choosing model 1
[0.13061524563699728, 0.5008446645676061, 0.27041023259232827, 0.09299332124324274, 0.005136535959825681]
Games played: 86
Exploitability: P1=2.800000000 P2=0.347625200 EV: (0.2614364357913814, -0.2614364357913814) P1 Winnings: -58.0
Choosing model 2
[0.08530969857623323, 0.6462080407777655, 0.19020799169688732, 0.07579688257217593, 0.0024773863769382933]
Games played: 87
Exploitability: P1=4.600000000 P2=0.347625200 EV: (0.34762520026992233, -0.34762520026992233) P1 Winnings: -51.0
Choosing model 0
[0.08152130067017889, 0.6588191178859605, 0.18424941839608652, 0.07314244585699002, 0.002267717190784019]
Games played: 88
Exploitability: P1=1.900000000 P2=0.347625200 EV: (-0.09654828282301653, 0.09654828282301653) P1 Winnings: -46.0
Choosing model 1
[0.06287948379801983, 0.7246458059606983, 0.14768707268245546, 0.0632923057608305, 0.0014953317979959316]
Games played: 89
Exploitability: P1=2.800000000 P2=0.347625200 EV: (0.2614364357913814, -0.2614364357913814) P1 Winnings: -46.0
Choosing model 1
[0.07507222630538364, 0.6793558455430074, 0.17278660414401906, 0.07086644963808567, 0.001918874369504318]
Games played: 90
Exploitability: P1=2.800000000 P2=0.347625200 EV: (0.2614364357913814, -0.2614364357913814) P1 Winnings: -43.0
Choosing model 3
[0.059853087951459424, 0.7176352936511688, 0.18018046029433882, 0.04130475109254614, 0.001026407010486888]
Games played: 91
Exploitability: P1=1.933333333 P2=0.347625200 EV: (-0.14834121643612272, 0.14834121643612272) P1 Winnings: -40.0
Choosing model 1
[0.04656963888488036, 0.7717465905389301, 0.1452634095131689, 0.03573017431820461, 0.000690186744815866]
Games played: 92
Exploitability: P1=2.800000000 P2=0.347625200 EV: (0.2614364357913814, -0.2614364357913814) P1 Winnings: -35.0
Choosing model 1
[0.05484244856417354, 0.7363565501363967, 0.16812028829272926, 0.039816383038519226, 0.0008643299681814325]
Games played: 93
Exploitability: P1=2.800000000 P2=0.347625200 EV: (0.2614364357913814, -0.2614364357913814) P1 Winnings: -34.0
Choosing model 1
[0.054842407861128456, 0.7363567120021208, 0.16812018385955715, 0.03981636742329076, 0.0008643288539027951]
Games played: 94
Exploitability: P1=2.800000000 P2=0.347625200 EV: (0.2614364357913814, -0.2614364357913814) P1 Winnings: -41.0
Choosing model 1
[0.04196041226801053, 0.7899955801517814, 0.1334639367383734, 0.03401143939061825, 0.0005686314512165321]
Games played: 95
Exploitability: P1=2.800000000 P2=0.347625200 EV: (0.2614364357913814, -0.2614364357913814) P1 Winnings: -41.0
Choosing model 1
[0.049829443951545566, 0.7549481319413781, 0.15733969583364782, 0.037173116229258674, 0.0007096120441697281]
Games played: 96
Exploitability: P1=2.800000000 P2=0.347625200 EV: (0.2614364357913814, -0.2614364357913814) P1 Winnings: -40.0
Choosing model 2
[0.054563763668894545, 0.7338286720548589, 0.17109610615892445, 0.039721040079814696, 0.0007904180375074104]
Games played: 97
Exploitability: P1=4.600000000 P2=0.347625200 EV: (0.34762520026992233, -0.34762520026992233) P1 Winnings: -40.0
Choosing model 2
[0.05187717275064658, 0.744368179608464, 0.1648985280385314, 0.03813625424008784, 0.000719865362270261]
Games played: 98
Exploitability: P1=4.600000000 P2=0.347625200 EV: (0.34762520026992233, -0.34762520026992233) P1 Winnings: -35.0
Choosing model 1
[0.05035904253288829, 0.7460399363570461, 0.16949321610156634, 0.03347372726518078, 0.0006340777433184238]
Games played: 99
Exploitability: P1=2.800000000 P2=0.347625200 EV: (0.2614364357913814, -0.2614364357913814) P1 Winnings: -34.0
Choosing model 1
[0.05508309079410801, 0.7243729037243304, 0.18410971196394244, 0.035728787159361036, 0.0007055063582582347]
Games played: 100
Exploitability: P1=2.800000000 P2=0.347625200 EV: (0.2614364357913814, -0.2614364357913814) P1 Winnings: -31.0
Choosing model 1
[0.042263891922347516, 0.76789105208213, 0.1650571485397959, 0.02439614020208003, 0.0003917672536465644]
Games played: 101
Exploitability: P1=2.800000000 P2=0.347625200 EV: (0.2614364357913814, -0.2614364357913814) P1 Winnings: -22.0
Choosing model 1
[0.03207052087286559, 0.8170512765048787, 0.12995461501033592, 0.020667968517446927, 0.0002556190944727771]
Games played: 102
Exploitability: P1=2.800000000 P2=0.347625200 EV: (0.2614364357913814, -0.2614364357913814) P1 Winnings: -22.0
Choosing model 0
[0.030274114595993745, 0.8257968240022657, 0.12370636997344715, 0.019990113822878932, 0.00023257760541450003]
Games played: 103
Exploitability: P1=1.900000000 P2=0.347625200 EV: (-0.09654828282301653, 0.09654828282301653) P1 Winnings: -29.0
Choosing model 1
[0.026082457191023617, 0.8402176541030021, 0.11805958879748596, 0.015477565911526566, 0.0001627339969617162]
Games played: 104
Exploitability: P1=2.800000000 P2=0.347625200 EV: (0.2614364357913814, -0.2614364357913814) P1 Winnings: -24.0
Choosing model 1
[0.03195463475416912, 0.80831076583938, 0.14173721017604826, 0.017783099039424616, 0.00021429019097787691]
Games played: 105
Exploitability: P1=2.800000000 P2=0.347625200 EV: (0.2614364357913814, -0.2614364357913814) P1 Winnings: -21.0
Choosing model 1
[0.03195460916320573, 0.8083108960971723, 0.14173711381560708, 0.017783091021868917, 0.0002142899021460892]
Games played: 106
Exploitability: P1=2.800000000 P2=0.347625200 EV: (0.2614364357913814, -0.2614364357913814) P1 Winnings: -28.0
Choosing model 1
[0.043872367685290674, 0.7462048686813679, 0.18775065571727984, 0.021836241939345757, 0.00033586597671574265]
Games played: 107
Exploitability: P1=2.800000000 P2=0.347625200 EV: (0.2614364357913814, -0.2614364357913814) P1 Winnings: -33.0
Choosing model 2
[0.043872252586054115, 0.7462054287136253, 0.18775024275954172, 0.02183621148872855, 0.0003358644520504379]
Games played: 108
Exploitability: P1=4.600000000 P2=0.347625200 EV: (0.34762520026992233, -0.34762520026992233) P1 Winnings: -42.0
Choosing model 1
[0.038050641008254144, 0.7643143078084674, 0.18037847106799143, 0.017020004799605148, 0.00023657531568190444]
Games played: 109
Exploitability: P1=2.800000000 P2=0.347625200 EV: (0.2614364357913814, -0.2614364357913814) P1 Winnings: -37.0
Choosing model 1
[0.026075573626204523, 0.8302662200288875, 0.12997680614444285, 0.013549469935081394, 0.00013193026538372787]
Games played: 110
Exploitability: P1=2.800000000 P2=0.347625200 EV: (0.2614364357913814, -0.2614364357913814) P1 Winnings: -30.0
Choosing model 1
[0.031062061328744957, 0.8013334903934107, 0.15216406764178064, 0.015273256211725032, 0.0001671244243385425]
Games played: 111
Exploitability: P1=2.800000000 P2=0.347625200 EV: (0.2614364357913814, -0.2614364357913814) P1 Winnings: -31.0
Choosing model 1
[0.036782244947030626, 0.7688131028129661, 0.17708016383458114, 0.017114039355116444, 0.00021044905030568925]
Games played: 112
Exploitability: P1=2.800000000 P2=0.347625200 EV: (0.2614364357913814, -0.2614364357913814) P1 Winnings: -32.0
Choosing model 1
[0.027838468967472926, 0.80392237346629, 0.15659701639010618, 0.011526867511782554, 0.00011527366434823034]
Games played: 113
Exploitability: P1=2.800000000 P2=0.347625200 EV: (0.2614364357913814, -0.2614364357913814) P1 Winnings: -23.0
Choosing model 1
[0.034850358461781514, 0.7598806833033788, 0.19168866931754464, 0.013424633874595915, 0.00015565504269928756]
Games played: 114
Exploitability: P1=2.800000000 P2=0.347625200 EV: (0.2614364357913814, -0.2614364357913814) P1 Winnings: -20.0
Choosing model 0
[0.038775024101145375, 0.7491023951569306, 0.19621189637507944, 0.015722146988678323, 0.00018853737816620583]
Games played: 115
Exploitability: P1=1.900000000 P2=0.347625200 EV: (-0.09654828282301653, 0.09654828282301653) P1 Winnings: -11.0
Choosing model 1
[0.04231744723220364, 0.727420889794819, 0.21320780930725258, 0.016847773418896622, 0.00020608024682797666]
Games played: 116
Exploitability: P1=2.800000000 P2=0.347625200 EV: (0.2614364357913814, -0.2614364357913814) P1 Winnings: -16.0
Choosing model 1
[0.0473745411611443, 0.6443364563379724, 0.29619481832870903, 0.011906934779195511, 0.00018724939297872837]
Games played: 117
Exploitability: P1=2.800000000 P2=0.347625200 EV: (0.2614364357913814, -0.2614364357913814) P1 Winnings: -15.0
Choosing model 1
[0.056201304896895315, 0.5864872768072132, 0.34388434675051566, 0.01318743465418156, 0.00023963689119424063]
Games played: 118
Exploitability: P1=2.800000000 P2=0.347625200 EV: (0.2614364357913814, -0.2614364357913814) P1 Winnings: -14.0
Choosing model 3
[0.06200753390894905, 0.5733338840681992, 0.34905553863557576, 0.015315209993352952, 0.0002878333939229463]
Games played: 119
Exploitability: P1=1.933333333 P2=0.347625200 EV: (-0.14834121643612272, 0.14834121643612272) P1 Winnings: -5.0
Choosing model 1
[0.04900142022679432, 0.6465686349545815, 0.2910726820006446, 0.013168261230080407, 0.0001890015878991912]
Games played: 120
Exploitability: P1=2.800000000 P2=0.347625200 EV: (0.2614364357913814, -0.2614364357913814) P1 Winnings: 2.0
Choosing model 1
[0.03840610871489083, 0.7130287737013009, 0.23689071769712552, 0.011547464245240734, 0.00012693564144207147]
Games played: 121
Exploitability: P1=2.800000000 P2=0.347625200 EV: (0.2614364357913814, -0.2614364357913814) P1 Winnings: 2.0
Choosing model 1
[0.045645121940531976, 0.6654299235715634, 0.27589216537542666, 0.012870639359074943, 0.00016214975340287955]
Games played: 122
Exploitability: P1=2.800000000 P2=0.347625200 EV: (0.2614364357913814, -0.2614364357913814) P1 Winnings: 5.0
Choosing model 1
[0.04241967236849655, 0.6841133443428274, 0.2607893338896687, 0.012538552284658265, 0.00013909711434920537]
Games played: 123
Exploitability: P1=2.800000000 P2=0.347625200 EV: (0.2614364357913814, -0.2614364357913814) P1 Winnings: 8.0
Choosing model 1
[0.049039799446890506, 0.6407799378133973, 0.2962928196848485, 0.013716442119291334, 0.00017100093557248467]
Games played: 124
Exploitability: P1=2.800000000 P2=0.347625200 EV: (0.2614364357913814, -0.2614364357913814) P1 Winnings: 9.0
Choosing model 2
[0.046788797860079286, 0.6545767357849296, 0.28506851138552963, 0.013408701276261176, 0.0001572536932002915]
Games played: 125
Exploitability: P1=4.600000000 P2=0.347625200 EV: (0.34762520026992233, -0.34762520026992233) P1 Winnings: 2.0
Choosing model 2
[0.05377116552384028, 0.609491422013223, 0.3219635722895643, 0.014581660519167549, 0.0001921796542048449]
Games played: 126
Exploitability: P1=4.600000000 P2=0.347625200 EV: (0.34762520026992233, -0.34762520026992233) P1 Winnings: 3.0
Choosing model 1
[0.06750053986172633, 0.5249621161968796, 0.39078683089262994, 0.016477470710391004, 0.0002730423383731303]
Games played: 127
Exploitability: P1=2.800000000 P2=0.347625200 EV: (0.2614364357913814, -0.2614364357913814) P1 Winnings: 3.0
Choosing model 2
[0.07772874062891282, 0.4638172076163018, 0.4404005710806947, 0.017714295972797445, 0.00033918470129333734]
Games played: 128
Exploitability: P1=4.600000000 P2=0.347625200 EV: (0.34762520026992233, -0.34762520026992233) P1 Winnings: 4.0
Choosing model 1
[0.0833682453129607, 0.4849352740078558, 0.40840520558378846, 0.02289481450332795, 0.00039646059206702893]
Games played: 129
Exploitability: P1=2.800000000 P2=0.347625200 EV: (0.2614364357913814, -0.2614364357913814) P1 Winnings: 4.0
Choosing model 1
[0.09257708062513899, 0.4333439675249784, 0.45021729114595044, 0.02339901700396181, 0.00046264369997016776]
Games played: 130
Exploitability: P1=2.800000000 P2=0.347625200 EV: (0.2614364357913814, -0.2614364357913814) P1 Winnings: 5.0
Choosing model 1
[0.06327746647636366, 0.5851175523737442, 0.3314124917737615, 0.019958976340388356, 0.00023351303574228166]
Games played: 131
Exploitability: P1=2.800000000 P2=0.347625200 EV: (0.2614364357913814, -0.2614364357913814) P1 Winnings: 12.0
Choosing model 1
[0.06057449678692386, 0.5997114177368559, 0.3199223092090587, 0.019576319058930928, 0.00021545720823056716]
Games played: 132
Exploitability: P1=2.800000000 P2=0.347625200 EV: (0.2614364357913814, -0.2614364357913814) P1 Winnings: 5.0
Choosing model 1
[0.04719910578058341, 0.6760795049910366, 0.25939518599726136, 0.01718338157800356, 0.00014282165311507277]
Games played: 133
Exploitability: P1=2.800000000 P2=0.347625200 EV: (0.2614364357913814, -0.2614364357913814) P1 Winnings: -2.0
Choosing model 2
[0.04499699522053721, 0.6876519146647992, 0.25067806155768185, 0.01654260193296591, 0.0001304266240157119]
Games played: 134
Exploitability: P1=4.600000000 P2=0.347625200 EV: (0.34762520026992233, -0.34762520026992233) P1 Winnings: 3.0
Choosing model 1
[0.04287109975024561, 0.6989899154036653, 0.24210408158131688, 0.01591586959630192, 0.0001190336684702644]
Games played: 135
Exploitability: P1=2.800000000 P2=0.347625200 EV: (0.2614364357913814, -0.2614364357913814) P1 Winnings: 8.0
Choosing model 2
[0.04610996397970707, 0.6787614301348545, 0.2583138628826053, 0.016683111144582506, 0.000131631858250812]
Games played: 136
Exploitability: P1=4.600000000 P2=0.347625200 EV: (0.34762520026992233, -0.34762520026992233) P1 Winnings: 8.0
Choosing model 0
[0.05936259053257696, 0.5995670918637228, 0.3215445570907668, 0.01933396260523365, 0.0001917979076998907]
Games played: 137
Exploitability: P1=1.900000000 P2=0.347625200 EV: (-0.09654828282301653, 0.09654828282301653) P1 Winnings: 8.0
Choosing model 0
[0.06964746102318822, 0.5397277405122906, 0.36920466092160514, 0.021177382542199648, 0.00024275500071617892]
Games played: 138
Exploitability: P1=1.900000000 P2=0.347625200 EV: (-0.09654828282301653, 0.09654828282301653) P1 Winnings: 9.0
Choosing model 2
[0.06685547696930264, 0.5547085955254512, 0.35738292252941334, 0.020828405335486938, 0.0002245996403458991]
Games played: 139
Exploitability: P1=4.600000000 P2=0.347625200 EV: (0.34762520026992233, -0.34762520026992233) P1 Winnings: 8.0
Choosing model 2
[0.05881351651360112, 0.5762973100862819, 0.34826200964670795, 0.016466697927449637, 0.0001604658259593622]
Games played: 140
Exploitability: P1=4.600000000 P2=0.347625200 EV: (0.34762520026992233, -0.34762520026992233) P1 Winnings: 13.0
Choosing model 2
[0.08745666068688639, 0.452035410847156, 0.4369981029929357, 0.02318704626791545, 0.00032277920510649443]
Games played: 141
Exploitability: P1=4.600000000 P2=0.347625200 EV: (0.34762520026992233, -0.34762520026992233) P1 Winnings: 13.0
Choosing model 2
[0.08440296383021643, 0.46708477344915755, 0.4252842208093279, 0.02292779432236697, 0.0003002475889311341]
Games played: 142
Exploitability: P1=4.600000000 P2=0.347625200 EV: (0.34762520026992233, -0.34762520026992233) P1 Winnings: 0.0
Choosing model 2
[0.08440281326598352, 0.4670855161785285, 0.4252836424770123, 0.022927781600424114, 0.0003002464780514978]
Games played: 143
Exploitability: P1=4.600000000 P2=0.347625200 EV: (0.34762520026992233, -0.34762520026992233) P1 Winnings: -9.0
Choosing model 2
[0.09234693245468832, 0.4528067642337738, 0.42808330991849086, 0.026405364239680047, 0.00035762915336704166]
Games played: 144
Exploitability: P1=4.600000000 P2=0.347625200 EV: (0.34762520026992233, -0.34762520026992233) P1 Winnings: -18.0
Choosing model 1
[0.08206275175524996, 0.4752017697041184, 0.4213898283273591, 0.021087549110293202, 0.0002581011029793001]
Games played: 145
Exploitability: P1=2.800000000 P2=0.347625200 EV: (0.2614364357913814, -0.2614364357913814) P1 Winnings: -13.0
Choosing model 1
[0.10430361318149725, 0.36214094873297187, 0.510092158268279, 0.023068038476881932, 0.00039524134036993266]
Games played: 146
Exploitability: P1=2.800000000 P2=0.347625200 EV: (0.2614364357913814, -0.2614364357913814) P1 Winnings: -12.0
Choosing model 2
[0.11321783910555333, 0.3184877016719868, 0.5441441970965927, 0.023694039354333642, 0.0004562227715334763]
Games played: 147
Exploitability: P1=4.600000000 P2=0.347625200 EV: (0.34762520026992233, -0.34762520026992233) P1 Winnings: -13.0
Choosing model 1
[0.11321768812438994, 0.31848835153590005, 0.5441437021733676, 0.023694036877328326, 0.000456221289014117]
Games played: 148
Exploitability: P1=2.800000000 P2=0.347625200 EV: (0.2614364357913814, -0.2614364357913814) P1 Winnings: -22.0
Choosing model 2
[0.11321753714320343, 0.31848900140050784, 0.5441432072495138, 0.02369403440027629, 0.00045621980649867064]
Games played: 149
Exploitability: P1=4.600000000 P2=0.347625200 EV: (0.34762520026992233, -0.34762520026992233) P1 Winnings: -31.0
Choosing model 1
[0.10885792133209593, 0.31616506825366, 0.5539797914843028, 0.020599193759402803, 0.0003980251705387058]
Games played: 150
Exploitability: P1=2.800000000 P2=0.347625200 EV: (0.2614364357913814, -0.2614364357913814) P1 Winnings: -30.0
Choosing model 2
[0.08946289216605288, 0.4118795856726873, 0.4787249751695695, 0.01966635404239927, 0.00026619294929105787]
Games played: 151
Exploitability: P1=4.600000000 P2=0.347625200 EV: (0.34762520026992233, -0.34762520026992233) P1 Winnings: -23.0
Choosing model 2
[0.07240579214237972, 0.4605606898751591, 0.45271294623710395, 0.014164651346391246, 0.000155920398965899]
Games played: 152
Exploitability: P1=4.600000000 P2=0.347625200 EV: (0.34762520026992233, -0.34762520026992233) P1 Winnings: -14.0
Choosing model 1
[0.0800915110711829, 0.4127618153127336, 0.49213700149397044, 0.014826265460356083, 0.000183406661757022]
Games played: 153
Exploitability: P1=2.800000000 P2=0.347625200 EV: (0.2614364357913814, -0.2614364357913814) P1 Winnings: -13.0
Choosing model 1
[0.080091381386973, 0.4127625396321807, 0.4921364132922684, 0.014826259675201158, 0.00018340601337676183]
Games played: 154
Exploitability: P1=2.800000000 P2=0.347625200 EV: (0.2614364357913814, -0.2614364357913814) P1 Winnings: -22.0
Choosing model 2
[0.08910368877241906, 0.4056188434084497, 0.48696154683219617, 0.018087761768057715, 0.00022815921887735038]
Games played: 155
Exploitability: P1=4.600000000 P2=0.347625200 EV: (0.34762520026992233, -0.34762520026992233) P1 Winnings: -29.0
Choosing model 2
[0.0975229397233989, 0.3596902713089047, 0.523788181739256, 0.018733056123749266, 0.0002655511046911927]
Games played: 156
Exploitability: P1=4.600000000 P2=0.347625200 EV: (0.34762520026992233, -0.34762520026992233) P1 Winnings: -28.0
Choosing model 2
[0.0841832567449438, 0.42914336466773917, 0.4684970630560448, 0.017978209497040418, 0.00019810603423185265]
Games played: 157
Exploitability: P1=4.600000000 P2=0.347625200 EV: (0.34762520026992233, -0.34762520026992233) P1 Winnings: -37.0
Choosing model 2
[0.11009106003671827, 0.33673331254447453, 0.5299018682354003, 0.022946501313726834, 0.0003272578696801202]
Games played: 158
Exploitability: P1=4.600000000 P2=0.347625200 EV: (0.34762520026992233, -0.34762520026992233) P1 Winnings: -37.0
Choosing model 0
[0.09867983707364608, 0.3564544118778975, 0.5261432114717703, 0.018484307732211883, 0.00023823184447409947]
Games played: 159
Exploitability: P1=1.900000000 P2=0.347625200 EV: (-0.09654828282301653, 0.09654828282301653) P1 Winnings: -32.0
Choosing model 2
[0.09019304294762563, 0.3991839518322417, 0.4923209316909636, 0.018104923576605758, 0.000197149952563364]
Games played: 160
Exploitability: P1=4.600000000 P2=0.347625200 EV: (0.34762520026992233, -0.34762520026992233) P1 Winnings: -37.0
Choosing model 2
[0.0984546357210894, 0.3860887592735622, 0.49441939253442047, 0.02080292490055441, 0.00023428757037343808]
Games played: 161
Exploitability: P1=4.600000000 P2=0.347625200 EV: (0.34762520026992233, -0.34762520026992233) P1 Winnings: -46.0
Choosing model 1
[0.12021202866211116, 0.2826476818990791, 0.5749347641949958, 0.021860873733011398, 0.0003446515108025618]
Games played: 162
Exploitability: P1=2.800000000 P2=0.347625200 EV: (0.2614364357913814, -0.2614364357913814) P1 Winnings: -51.0
Choosing model 2
[0.10267814319494348, 0.33568122750413126, 0.5433860944063579, 0.01802068878301456, 0.0002338461115528924]
Games played: 163
Exploitability: P1=4.600000000 P2=0.347625200 EV: (0.34762520026992233, -0.34762520026992233) P1 Winnings: -46.0
Choosing model 1
[0.08743934485512145, 0.4135875433744713, 0.4815161293452143, 0.017287568888776292, 0.00016941353641686602]
Games played: 164
Exploitability: P1=2.800000000 P2=0.347625200 EV: (0.2614364357913814, -0.2614364357913814) P1 Winnings: -55.0
Choosing model 1
[0.07213670410493751, 0.4744259077079645, 0.43956196943957326, 0.01376439461336333, 0.00011102413416149981]
Games played: 165
Exploitability: P1=2.800000000 P2=0.347625200 EV: (0.2614364357913814, -0.2614364357913814) P1 Winnings: -50.0
Choosing model 2
[0.061017747560343887, 0.5410652388791086, 0.3849414048763425, 0.012894572599201803, 8.103608500344736e-05]
Games played: 166
Exploitability: P1=4.600000000 P2=0.347625200 EV: (0.34762520026992233, -0.34762520026992233) P1 Winnings: -43.0
Choosing model 1
[0.06851937772713727, 0.4889371431104246, 0.42912117595858695, 0.01332667643172651, 9.56267721245564e-05]
Games played: 167
Exploitability: P1=2.800000000 P2=0.347625200 EV: (0.2614364357913814, -0.2614364357913814) P1 Winnings: -42.0
Choosing model 2
[0.06597996909232993, 0.5040924286465164, 0.4166904579028234, 0.013148390474124347, 8.875388420596567e-05]
Games played: 168
Exploitability: P1=4.600000000 P2=0.347625200 EV: (0.34762520026992233, -0.34762520026992233) P1 Winnings: -55.0
Choosing model 1
[0.07251246156364327, 0.49086455051064803, 0.42130650195367675, 0.015210297505163652, 0.00010618846686834414]
Games played: 169
Exploitability: P1=2.800000000 P2=0.347625200 EV: (0.2614364357913814, -0.2614364357913814) P1 Winnings: -46.0
Choosing model 2
[0.06980756578508873, 0.5041649594304268, 0.41114279159618516, 0.01478675907424816, 9.792411405114119e-05]
Games played: 170
Exploitability: P1=4.600000000 P2=0.347625200 EV: (0.34762520026992233, -0.34762520026992233) P1 Winnings: -41.0
Choosing model 1
[0.08764222145900132, 0.4983492655335818, 0.38881644520846564, 0.025025656570254125, 0.00016641122869710372]
Games played: 171
Exploitability: P1=2.800000000 P2=0.347625200 EV: (0.2614364357913814, -0.2614364357913814) P1 Winnings: -41.0
Choosing model 1
[0.0717960681500316, 0.5744098649167424, 0.33074010975556645, 0.022937142772728288, 0.00011681440493120426]
Games played: 172
Exploitability: P1=2.800000000 P2=0.347625200 EV: (0.2614364357913814, -0.2614364357913814) P1 Winnings: -41.0
Choosing model 0
[0.04986053922453243, 0.6870849081898395, 0.24393834022140862, 0.019052948862954576, 6.326350126493598e-05]
Games played: 173
Exploitability: P1=1.900000000 P2=0.347625200 EV: (-0.09654828282301653, 0.09654828282301653) P1 Winnings: -48.0
Choosing model 2
[0.05824955783137542, 0.6409967389459289, 0.2796988188826608, 0.020975905689886585, 7.897865014840363e-05]
Games played: 174
Exploitability: P1=4.600000000 P2=0.347625200 EV: (0.34762520026992233, -0.34762520026992233) P1 Winnings: -48.0
Choosing model 1
[0.05557275499258863, 0.6547621417413733, 0.26908831433756575, 0.02050416358898474, 7.262533948763073e-05]
Games played: 175
Exploitability: P1=2.800000000 P2=0.347625200 EV: (0.2614364357913814, -0.2614364357913814) P1 Winnings: -61.0
Choosing model 1
[0.03600914815514221, 0.7618530427309997, 0.18599719036072576, 0.01610456502457198, 3.605372856039651e-05]
Games played: 176
Exploitability: P1=2.800000000 P2=0.347625200 EV: (0.2614364357913814, -0.2614364357913814) P1 Winnings: -54.0
Choosing model 2
[0.022199937608521812, 0.843425715016111, 0.12232237803287054, 0.012034939909830641, 1.7029432665967726e-05]
Games played: 177
Exploitability: P1=4.600000000 P2=0.347625200 EV: (0.34762520026992233, -0.34762520026992233) P1 Winnings: -47.0
Choosing model 1
[0.024811969627969808, 0.8352322964724012, 0.125776489224834, 0.014158524228362843, 2.072044643218115e-05]
Games played: 178
Exploitability: P1=2.800000000 P2=0.347625200 EV: (0.2614364357913814, -0.2614364357913814) P1 Winnings: -56.0
Choosing model 1
[0.019132344616845712, 0.8683515685175536, 0.10041094687415421, 0.012091353071860128, 1.3786919586253436e-05]
Games played: 179
Exploitability: P1=2.800000000 P2=0.347625200 EV: (0.2614364357913814, -0.2614364357913814) P1 Winnings: -49.0
Choosing model 1
[0.016398105391224098, 0.8789468477683577, 0.09533199712388209, 0.009313452924915951, 9.596791620085397e-06]
Games played: 180
Exploitability: P1=2.800000000 P2=0.347625200 EV: (0.2614364357913814, -0.2614364357913814) P1 Winnings: -44.0
Choosing model 1
[0.01403474244068567, 0.8884130475273295, 0.09038193090294169, 0.0071636084478915564, 6.670681151404058e-06]
Games played: 181
Exploitability: P1=2.800000000 P2=0.347625200 EV: (0.2614364357913814, -0.2614364357913814) P1 Winnings: -39.0
Choosing model 1
[0.009199073677562687, 0.9230512918833371, 0.062291442944182866, 0.0054546334010159925, 3.5580939012572326e-06]
Games played: 182
Exploitability: P1=2.800000000 P2=0.347625200 EV: (0.2614364357913814, -0.2614364357913814) P1 Winnings: -39.0
Choosing model 1
[0.010383668629823768, 0.9203234849161316, 0.06253661692511978, 0.006751738574173211, 4.490954751761611e-06]
Games played: 183
Exploitability: P1=2.800000000 P2=0.347625200 EV: (0.2614364357913814, -0.2614364357913814) P1 Winnings: -46.0
Choosing model 1
[0.016545957379681304, 0.8792814155480609, 0.09490449574136234, 0.009259509510212234, 8.62182068322472e-06]
Games played: 184
Exploitability: P1=2.800000000 P2=0.347625200 EV: (0.2614364357913814, -0.2614364357913814) P1 Winnings: -45.0
Choosing model 2
[0.018111018816041182, 0.8689503488624962, 0.10305123732915464, 0.009877691881251236, 9.703111056639403e-06]
Games played: 185
Exploitability: P1=4.600000000 P2=0.347625200 EV: (0.34762520026992233, -0.34762520026992233) P1 Winnings: -45.0
Choosing model 2
[0.022673968198224665, 0.8390085774011751, 0.12692406735501113, 0.011380345861911648, 1.3041183677470644e-05]
Games played: 186
Exploitability: P1=4.600000000 P2=0.347625200 EV: (0.34762520026992233, -0.34762520026992233) P1 Winnings: -42.0
Choosing model 1
[0.016917098895719573, 0.8648702935753935, 0.11064933024751933, 0.007556235356602544, 7.041924765093324e-06]
Games played: 187
Exploitability: P1=2.800000000 P2=0.347625200 EV: (0.2614364357913814, -0.2614364357913814) P1 Winnings: -33.0
Choosing model 1
[0.020397576226634042, 0.8399278154942256, 0.131056643189016, 0.008608922402904604, 9.042687219757333e-06]
Games played: 188
Exploitability: P1=2.800000000 P2=0.347625200 EV: (0.2614364357913814, -0.2614364357913814) P1 Winnings: -32.0
Choosing model 1
[0.02835706893715767, 0.7851394879171503, 0.17578512771332208, 0.010703964271721727, 1.4351160648234136e-05]
Games played: 189
Exploitability: P1=2.800000000 P2=0.347625200 EV: (0.2614364357913814, -0.2614364357913814) P1 Winnings: -37.0
Choosing model 1
[0.01928771117228715, 0.8465247512423144, 0.1257218461605106, 0.008457747968873067, 7.943456014653984e-06]
Games played: 190
Exploitability: P1=2.800000000 P2=0.347625200 EV: (0.2614364357913814, -0.2614364357913814) P1 Winnings: -30.0
Choosing model 2
[0.018177190319289556, 0.8541697355556359, 0.1194790413806884, 0.008166817272792363, 7.2154715937020975e-06]
Games played: 191
Exploitability: P1=4.600000000 P2=0.347625200 EV: (0.34762520026992233, -0.34762520026992233) P1 Winnings: -37.0
Choosing model 1
[0.013512772514632222, 0.8772999717784996, 0.10378053238825986, 0.005402841292548001, 3.882026060340955e-06]
Games played: 192
Exploitability: P1=2.800000000 P2=0.347625200 EV: (0.2614364357913814, -0.2614364357913814) P1 Winnings: -28.0
Choosing model 1
[0.013512760915135534, 0.877300062659079, 0.10378045585948865, 0.005402838545692392, 3.882020604501293e-06]
Games played: 193
Exploitability: P1=2.800000000 P2=0.347625200 EV: (0.2614364357913814, -0.2614364357913814) P1 Winnings: -35.0
Choosing model 1
[0.0072451173797701785, 0.9292118304885539, 0.059926437125084386, 0.0036150779951108995, 1.537011480648096e-06]
Games played: 194
Exploitability: P1=2.800000000 P2=0.347625200 EV: (0.2614364357913814, -0.2614364357913814) P1 Winnings: -28.0
Choosing model 1
[0.0054911046173310996, 0.933100085091975, 0.05940501452498604, 0.002003014214920654, 7.815507873606682e-07]
Games played: 195
Exploitability: P1=2.800000000 P2=0.347625200 EV: (0.2614364357913814, -0.2614364357913814) P1 Winnings: -25.0
Choosing model 1
[0.006718550651212478, 0.919564958827677, 0.07139972809331846, 0.0023157440086953155, 1.0184190966451252e-06]
Games played: 196
Exploitability: P1=2.800000000 P2=0.347625200 EV: (0.2614364357913814, -0.2614364357913814) P1 Winnings: -24.0
Choosing model 2
[0.0057233848816334015, 0.925126904603458, 0.06737613038498316, 0.001772875538693426, 7.045912320750846e-07]
Games played: 197
Exploitability: P1=4.600000000 P2=0.347625200 EV: (0.34762520026992233, -0.34762520026992233) P1 Winnings: -19.0
Choosing model 1
[0.005369054182390915, 0.9291901393095529, 0.06373614771734641, 0.0017040217147109278, 6.370759987377476e-07]
Games played: 198
Exploitability: P1=2.800000000 P2=0.347625200 EV: (0.2614364357913814, -0.2614364357913814) P1 Winnings: -32.0
Choosing model 1
[0.0034699862139536486, 0.9519366341558134, 0.04331367557511563, 0.0012793689937775827, 3.350613395622708e-07]
Games played: 199
Exploitability: P1=2.800000000 P2=0.347625200 EV: (0.2614364357913814, -0.2614364357913814) P1 Winnings: -25.0
Choosing model 1
[0.00262415505441358, 0.9538256349901354, 0.042842730224567076, 0.0007073097297314088, 1.7000115236644767e-07]
Games played: 200
Exploitability: P1=2.800000000 P2=0.347625200 EV: (0.2614364357913814, -0.2614364357913814) P1 Winnings: -22.0
