Player 1 exploitability: 0.323282408127
Choosing model 2
[0.18299546866654787, 0.2647596698961698, 0.19042052832001985, 0.2061455569502871, 0.15567877616697548]
Games played: 1
Exploitability: P1=4.600000000 P2=0.237630394 EV: (0.21397442500966302, -0.21397442500966302) P1 Winnings: -1
Choosing model 3
[0.18015103670759056, 0.2780797751347529, 0.19002680584320986, 0.20493486539821426, 0.14680751691623245]
Games played: 2
Exploitability: P1=1.933333333 P2=0.237630394 EV: (-0.061828447277275836, 0.061828447277275836) P1 Winnings: 4.0
Choosing model 3
[0.1938811438531873, 0.22962158974805566, 0.20014615183249937, 0.20590819036361552, 0.17044292420264218]
Games played: 3
Exploitability: P1=1.933333333 P2=0.237630394 EV: (-0.061828447277275836, 0.061828447277275836) P1 Winnings: 4.0
Choosing model 2
[0.19708975357140335, 0.2409984805951767, 0.21543194092918344, 0.18926354448614485, 0.15721628041809174]
Games played: 4
Exploitability: P1=4.600000000 P2=0.237630394 EV: (0.21397442500966302, -0.21397442500966302) P1 Winnings: 5.0
Choosing model 2
[0.193583053028148, 0.279549766834692, 0.23439348323029877, 0.16706312469485204, 0.12541057221200924]
Games played: 5
Exploitability: P1=4.600000000 P2=0.237630394 EV: (0.21397442500966302, -0.21397442500966302) P1 Winnings: 10.0
Choosing model 4
[0.19010962277384755, 0.29289842906202623, 0.23333880583329739, 0.16567722332582152, 0.1179759190050074]
Games played: 6
Exploitability: P1=2.600000000 P2=0.237630394 EV: (-0.1691849385611957, 0.1691849385611957) P1 Winnings: 15.0
Choosing model 3
[0.1907886619227308, 0.30348596839322556, 0.24795325255847073, 0.1503405530838141, 0.10743156404175873]
Games played: 7
Exploitability: P1=1.933333333 P2=0.237630394 EV: (-0.061828447277275836, 0.061828447277275836) P1 Winnings: 16.0
Choosing model 2
[0.16926413248277092, 0.37213949638693866, 0.22793678890443836, 0.14828847023260247, 0.08237111199324952]
Games played: 8
Exploitability: P1=4.600000000 P2=0.237630394 EV: (0.21397442500966302, -0.21397442500966302) P1 Winnings: 3.0
Choosing model 4
[0.14830472718500237, 0.45048677380342944, 0.23335168115003724, 0.1156242956520557, 0.052232522209475274]
Games played: 9
Exploitability: P1=2.600000000 P2=0.237630394 EV: (-0.1691849385611957, 0.1691849385611957) P1 Winnings: 12.0
Choosing model 3
[0.10697513683427014, 0.5835077470921688, 0.1795557907107533, 0.10109576832701421, 0.02886555703579357]
Games played: 10
Exploitability: P1=1.933333333 P2=0.237630394 EV: (-0.061828447277275836, 0.061828447277275836) P1 Winnings: 9.0
Choosing model 0
[0.14450759413492564, 0.4521384912587329, 0.17863033426706038, 0.16626018024037112, 0.058463400098909914]
Games played: 11
Exploitability: P1=1.900000000 P2=0.237630394 EV: (-0.09215451887416039, 0.09215451887416039) P1 Winnings: 16.0
Choosing model 4
[0.16055641060244652, 0.40116054185463945, 0.1947901969097902, 0.1740796819852682, 0.06941316864785546]
Games played: 12
Exploitability: P1=2.600000000 P2=0.237630394 EV: (-0.1691849385611957, 0.1691849385611957) P1 Winnings: 16.0
Choosing model 1
[0.1556137955601401, 0.4162910819336745, 0.19038049872699642, 0.17287037191073473, 0.06484425186845441]
Games played: 13
Exploitability: P1=2.800000000 P2=0.237630394 EV: (0.23763039398700142, -0.23763039398700142) P1 Winnings: 15.0
Choosing model 3
[0.1754678716872917, 0.3544181924601459, 0.20990511873497988, 0.18134238571984385, 0.07886643139773868]
Games played: 14
Exploitability: P1=1.933333333 P2=0.237630394 EV: (-0.061828447277275836, 0.061828447277275836) P1 Winnings: 18.0
Choosing model 3
[0.1833790506015344, 0.3295682122082985, 0.21841654282674777, 0.18608643357774354, 0.08254976078567569]
Games played: 15
Exploitability: P1=1.933333333 P2=0.237630394 EV: (-0.061828447277275836, 0.061828447277275836) P1 Winnings: 13.0
Choosing model 2
[0.2003764053317161, 0.27873066478340675, 0.2335560026813069, 0.18989330743745503, 0.09744361976611524]
Games played: 16
Exploitability: P1=4.600000000 P2=0.237630394 EV: (0.21397442500966302, -0.21397442500966302) P1 Winnings: 16.0
Choosing model 3
[0.19652337740482043, 0.291657756896868, 0.2322006036254569, 0.18807139195606262, 0.09154687011679208]
Games played: 17
Exploitability: P1=1.933333333 P2=0.237630394 EV: (-0.061828447277275836, 0.061828447277275836) P1 Winnings: 21.0
Choosing model 3
[0.1741534695181576, 0.3572284708043413, 0.21321290563937997, 0.1852931939740466, 0.07011196006407464]
Games played: 18
Exploitability: P1=1.933333333 P2=0.237630394 EV: (-0.061828447277275836, 0.061828447277275836) P1 Winnings: 26.0
Choosing model 3
[0.19232219067807707, 0.3026828670213303, 0.23043281403520285, 0.19103621158955836, 0.08352591667583141]
Games played: 19
Exploitability: P1=1.933333333 P2=0.237630394 EV: (-0.061828447277275836, 0.061828447277275836) P1 Winnings: 26.0
Choosing model 1
[0.2062414854553842, 0.2792818828228494, 0.26762705607388826, 0.1662717695191062, 0.08057780612877197]
Games played: 20
Exploitability: P1=2.800000000 P2=0.237630394 EV: (0.23763039398700142, -0.23763039398700142) P1 Winnings: 29.0
Choosing model 0
[0.22168363952209313, 0.23572279650772646, 0.28189338917371987, 0.1676083165471133, 0.09309185824934714]
Games played: 21
Exploitability: P1=1.900000000 P2=0.237630394 EV: (-0.09215451887416039, 0.09215451887416039) P1 Winnings: 32.0
Choosing model 3
[0.19721544355004525, 0.3034033401146761, 0.2609549857367021, 0.16797184203194723, 0.07045438856662932]
Games played: 22
Exploitability: P1=1.933333333 P2=0.237630394 EV: (-0.061828447277275836, 0.061828447277275836) P1 Winnings: 31.0
Choosing model 4
[0.17521966703985467, 0.33132660067438935, 0.17675610529619212, 0.24096575792331415, 0.0757318690662498]
Games played: 23
Exploitability: P1=2.600000000 P2=0.237630394 EV: (-0.1691849385611957, 0.1691849385611957) P1 Winnings: 40.0
Choosing model 3
[0.19140652086131094, 0.3114142469216159, 0.20911604896918604, 0.21364139327751439, 0.07442178997037278]
Games played: 24
Exploitability: P1=1.933333333 P2=0.237630394 EV: (-0.061828447277275836, 0.061828447277275836) P1 Winnings: 43.0
Choosing model 1
[0.19235765829874635, 0.32312037291837703, 0.2225227884876578, 0.19413463699223985, 0.06786454330297899]
Games played: 25
Exploitability: P1=2.800000000 P2=0.237630394 EV: (0.23763039398700142, -0.23763039398700142) P1 Winnings: 44.0
Choosing model 2
[0.17432875399982223, 0.38919396703902487, 0.27284072206569615, 0.1234627334329764, 0.04017382346248039]
Games played: 26
Exploitability: P1=4.600000000 P2=0.237630394 EV: (0.21397442500966302, -0.21397442500966302) P1 Winnings: 49.0
Choosing model 4
[0.20376460144152056, 0.3058777558427765, 0.3076870501336188, 0.12906505906916638, 0.053605533512917816]
Games played: 27
Exploitability: P1=2.600000000 P2=0.237630394 EV: (-0.1691849385611957, 0.1691849385611957) P1 Winnings: 54.0
Choosing model 2
[0.17604169022785285, 0.3823368712603868, 0.27661099413153295, 0.1256114183800979, 0.039399026000129476]
Games played: 28
Exploitability: P1=4.600000000 P2=0.237630394 EV: (0.21397442500966302, -0.21397442500966302) P1 Winnings: 43.0
Choosing model 0
[0.19505234389573695, 0.32788729873620764, 0.29992574048461557, 0.129975918793703, 0.04715869808973692]
Games played: 29
Exploitability: P1=1.900000000 P2=0.237630394 EV: (-0.09215451887416039, 0.09215451887416039) P1 Winnings: 40.0
Choosing model 2
[0.19283963202532378, 0.3346900692735144, 0.3139736754453534, 0.11619110740674948, 0.04230551584905889]
Games played: 30
Exploitability: P1=4.600000000 P2=0.237630394 EV: (0.21397442500966302, -0.21397442500966302) P1 Winnings: 41.0
Choosing model 2
[0.16459319592687327, 0.37966505339714807, 0.36256341010406296, 0.0695923961803506, 0.023585944391565052]
Games played: 31
Exploitability: P1=4.600000000 P2=0.237630394 EV: (0.21397442500966302, -0.21397442500966302) P1 Winnings: 46.0
Choosing model 1
[0.18265013439516967, 0.32326095393781495, 0.39375461726176303, 0.07209893864516982, 0.028235355760082473]
Games played: 32
Exploitability: P1=2.800000000 P2=0.237630394 EV: (0.23763039398700142, -0.23763039398700142) P1 Winnings: 47.0
Choosing model 2
[0.16782885699339847, 0.3507853377782313, 0.40077853227786203, 0.05953685022444408, 0.021070422726064023]
Games played: 33
Exploitability: P1=4.600000000 P2=0.237630394 EV: (0.21397442500966302, -0.21397442500966302) P1 Winnings: 52.0
Choosing model 1
[0.16149496410942782, 0.4254661690245934, 0.28673194007627023, 0.10184310149844562, 0.02446382529126301]
Games played: 34
Exploitability: P1=2.800000000 P2=0.237630394 EV: (0.23763039398700142, -0.23763039398700142) P1 Winnings: 65.0
Choosing model 1
[0.16149488881125704, 0.42546637994704084, 0.2867318410800867, 0.10184308965851521, 0.024463800503100316]
Games played: 35
Exploitability: P1=2.800000000 P2=0.237630394 EV: (0.23763039398700142, -0.23763039398700142) P1 Winnings: 58.0
Choosing model 2
[0.18144981687186612, 0.36678157302894626, 0.31528785664951986, 0.10682878326531708, 0.029651970184350607]
Games played: 36
Exploitability: P1=4.600000000 P2=0.237630394 EV: (0.21397442500966302, -0.21397442500966302) P1 Winnings: 59.0
Choosing model 2
[0.1761429123170759, 0.3812190488534132, 0.308638993482574, 0.10625489893746068, 0.027744146409476346]
Games played: 37
Exploitability: P1=4.600000000 P2=0.237630394 EV: (0.21397442500966302, -0.21397442500966302) P1 Winnings: 46.0
Choosing model 2
[0.18740406563632667, 0.3593679841085348, 0.3020985881143194, 0.11899463289868979, 0.03213472924212936]
Games played: 38
Exploitability: P1=4.600000000 P2=0.237630394 EV: (0.21397442500966302, -0.21397442500966302) P1 Winnings: 55.0
Choosing model 2
[0.1816169655214348, 0.37268643038496096, 0.2968796460764082, 0.11974493446224693, 0.029072023554949068]
Games played: 39
Exploitability: P1=4.600000000 P2=0.237630394 EV: (0.21397442500966302, -0.21397442500966302) P1 Winnings: 62.0
Choosing model 0
[0.13397850920576185, 0.4719795754206057, 0.3177268820172964, 0.06419880200544398, 0.01211623135089207]
Games played: 40
Exploitability: P1=1.900000000 P2=0.237630394 EV: (-0.09215451887416039, 0.09215451887416039) P1 Winnings: 67.0
Choosing model 1
[0.12917707011353705, 0.4872276668526764, 0.30891511726286075, 0.06342044056363612, 0.011259705207289687]
Games played: 41
Exploitability: P1=2.800000000 P2=0.237630394 EV: (0.23763039398700142, -0.23763039398700142) P1 Winnings: 58.0
Choosing model 1
[0.12442588107819272, 0.5024764181681638, 0.3000539749215008, 0.06259023190526354, 0.010453493926879125]
Games played: 42
Exploitability: P1=2.800000000 P2=0.237630394 EV: (0.23763039398700142, -0.23763039398700142) P1 Winnings: 61.0
Choosing model 1
[0.13234612420576797, 0.47443363476067263, 0.3169446522224726, 0.06496514725774778, 0.011310441553339148]
Games played: 43
Exploitability: P1=2.800000000 P2=0.237630394 EV: (0.23763039398700142, -0.23763039398700142) P1 Winnings: 61.0
Choosing model 1
[0.14032424087438744, 0.44653574317744427, 0.33372477101359604, 0.06721640255395815, 0.01219884238061411]
Games played: 44
Exploitability: P1=2.800000000 P2=0.237630394 EV: (0.23763039398700142, -0.23763039398700142) P1 Winnings: 61.0
Choosing model 1
[0.13550345687178086, 0.461670736889751, 0.32496832245686663, 0.0665035732495926, 0.011353910532008906]
Games played: 45
Exploitability: P1=2.800000000 P2=0.237630394 EV: (0.23763039398700142, -0.23763039398700142) P1 Winnings: 48.0
Choosing model 1
[0.15361512332537708, 0.4015692549434209, 0.36054393641367954, 0.0703862038675534, 0.013885481449969117]
Games played: 46
Exploitability: P1=2.800000000 P2=0.237630394 EV: (0.23763039398700142, -0.23763039398700142) P1 Winnings: 49.0
Choosing model 2
[0.13003743038338159, 0.47665926543276826, 0.3166747552360981, 0.06652150902510427, 0.01010703992264771]
Games played: 47
Exploitability: P1=4.600000000 P2=0.237630394 EV: (0.21397442500966302, -0.21397442500966302) P1 Winnings: 49.0
Choosing model 2
[0.1443024308171574, 0.42856118145422195, 0.34535723450919475, 0.06985223241048309, 0.011926920808942802]
Games played: 48
Exploitability: P1=4.600000000 P2=0.237630394 EV: (0.21397442500966302, -0.21397442500966302) P1 Winnings: 48.0
Choosing model 1
[0.1203298158993315, 0.49689426280368554, 0.318660353679013, 0.05621519041850172, 0.007900377199468202]
Games played: 49
Exploitability: P1=2.800000000 P2=0.237630394 EV: (0.23763039398700142, -0.23763039398700142) P1 Winnings: 53.0
Choosing model 1
[0.1344294360624517, 0.44711929700938696, 0.34970893788344304, 0.05934244701461194, 0.009399882030106325]
Games played: 50
Exploitability: P1=2.800000000 P2=0.237630394 EV: (0.23763039398700142, -0.23763039398700142) P1 Winnings: 54.0
Choosing model 2
[0.15185005533537968, 0.38751498377883165, 0.3865991353725338, 0.06258135926794335, 0.011454466245311523]
Games played: 51
Exploitability: P1=4.600000000 P2=0.237630394 EV: (0.21397442500966302, -0.21397442500966302) P1 Winnings: 55.0
Choosing model 1
[0.11977429965183228, 0.4469370248301013, 0.3877260823179936, 0.03965487823071352, 0.0059077149693593]
Games played: 52
Exploitability: P1=2.800000000 P2=0.237630394 EV: (0.23763039398700142, -0.23763039398700142) P1 Winnings: 60.0
Choosing model 2
[0.1216755341797174, 0.35924218995570767, 0.48878000538812566, 0.02543127582870274, 0.004870994647746424]
Games played: 53
Exploitability: P1=4.600000000 P2=0.237630394 EV: (0.21397442500966302, -0.21397442500966302) P1 Winnings: 61.0
Choosing model 1
[0.11617783932948007, 0.3925699120934488, 0.46040198706731367, 0.026471008791002434, 0.004379252718754982]
Games played: 54
Exploitability: P1=2.800000000 P2=0.237630394 EV: (0.23763039398700142, -0.23763039398700142) P1 Winnings: 61.0
Choosing model 2
[0.1281831148136534, 0.38258900349021047, 0.45179766693204265, 0.03202737503464282, 0.00540283972945079]
Games played: 55
Exploitability: P1=4.600000000 P2=0.237630394 EV: (0.21397442500966302, -0.21397442500966302) P1 Winnings: 54.0
Choosing model 2
[0.12379598923042129, 0.3814884107984777, 0.4620129134633154, 0.02796803622551195, 0.0047346502822736]
Games played: 56
Exploitability: P1=4.600000000 P2=0.237630394 EV: (0.21397442500966302, -0.21397442500966302) P1 Winnings: 55.0
Choosing model 2
[0.12379580250370953, 0.38148912253026007, 0.4620124124838673, 0.02796802841297755, 0.004734634069185446]
Games played: 57
Exploitability: P1=4.600000000 P2=0.237630394 EV: (0.21397442500966302, -0.21397442500966302) P1 Winnings: 46.0
Choosing model 2
[0.13254374669801658, 0.39815609835994836, 0.4276922029975807, 0.03608356001070499, 0.005524391933749418]
Games played: 58
Exploitability: P1=4.600000000 P2=0.237630394 EV: (0.21397442500966302, -0.21397442500966302) P1 Winnings: 46.0
Choosing model 0
[0.10442425967299401, 0.41690561813032845, 0.45587801340780004, 0.01994917113339999, 0.0028429376554775718]
Games played: 59
Exploitability: P1=1.900000000 P2=0.237630394 EV: (-0.09215451887416039, 0.09215451887416039) P1 Winnings: 51.0
Choosing model 0
[0.10102135043266815, 0.4318251768968216, 0.4447288707659591, 0.01977373285370399, 0.0026508690508470854]
Games played: 60
Exploitability: P1=1.900000000 P2=0.237630394 EV: (-0.09215451887416039, 0.09215451887416039) P1 Winnings: 42.0
Choosing model 1
[0.07884780615707915, 0.5355173861085499, 0.36593650843279624, 0.01804052187012846, 0.0016577774314461755]
Games played: 61
Exploitability: P1=2.800000000 P2=0.237630394 EV: (0.23763039398700142, -0.23763039398700142) P1 Winnings: 37.0
Choosing model 1
[0.05422888204541611, 0.661380443578683, 0.2684772021971138, 0.015039941170648522, 0.0008735310081385567]
Games played: 62
Exploitability: P1=2.800000000 P2=0.237630394 EV: (0.23763039398700142, -0.23763039398700142) P1 Winnings: 44.0
Choosing model 1
[0.08406649500528399, 0.5408212646138408, 0.3512023464309724, 0.022078094757016033, 0.00183179919288668]
Games played: 63
Exploitability: P1=2.800000000 P2=0.237630394 EV: (0.23763039398700142, -0.23763039398700142) P1 Winnings: 49.0
Choosing model 0
[0.11003191032036817, 0.42442011060560686, 0.43778860788844054, 0.024870735606278414, 0.0028886355793059384]
Games played: 64
Exploitability: P1=1.900000000 P2=0.237630394 EV: (-0.09215451887416039, 0.09215451887416039) P1 Winnings: 44.0
Choosing model 2
[0.1100318626365676, 0.42442030441197204, 0.4377884671992917, 0.024870732886343512, 0.0028886328658251333]
Games played: 65
Exploitability: P1=4.600000000 P2=0.237630394 EV: (0.21397442500966302, -0.21397442500966302) P1 Winnings: 43.0
Choosing model 1
[0.12942097353469947, 0.3425191991937835, 0.4978813984249072, 0.026333012778616483, 0.0038454160679932026]
Games played: 66
Exploitability: P1=2.800000000 P2=0.237630394 EV: (0.23763039398700142, -0.23763039398700142) P1 Winnings: 43.0
Choosing model 3
[0.14254003992477668, 0.3332154123774288, 0.48770519716566385, 0.03180358599013189, 0.004735764541998876]
Games played: 67
Exploitability: P1=1.933333333 P2=0.237630394 EV: (-0.061828447277275836, 0.061828447277275836) P1 Winnings: 36.0
Choosing model 0
[0.1375826518757406, 0.3320664450233061, 0.4984465108284761, 0.02775669578508755, 0.004147696487389754]
Games played: 68
Exploitability: P1=1.900000000 P2=0.237630394 EV: (-0.09215451887416039, 0.09215451887416039) P1 Winnings: 37.0
Choosing model 2
[0.13758260258535543, 0.3320666215967509, 0.49844638808104313, 0.027756694834153214, 0.00414769290269736]
Games played: 69
Exploitability: P1=4.600000000 P2=0.237630394 EV: (0.21397442500966302, -0.21397442500966302) P1 Winnings: 36.0
Choosing model 2
[0.13184516834422935, 0.3641963291762648, 0.4712190893871824, 0.028996845830343197, 0.0037425672619804573]
Games played: 70
Exploitability: P1=4.600000000 P2=0.237630394 EV: (0.21397442500966302, -0.21397442500966302) P1 Winnings: 36.0
Choosing model 2
[0.17483649241431926, 0.2547496236037213, 0.5272886798436914, 0.03641177006760882, 0.006713434070659205]
Games played: 71
Exploitability: P1=4.600000000 P2=0.237630394 EV: (0.21397442500966302, -0.21397442500966302) P1 Winnings: 31.0
Choosing model 2
[0.1550944374109726, 0.31796438011811023, 0.4856993711528948, 0.03613869632650088, 0.005103114991521607]
Games played: 72
Exploitability: P1=4.600000000 P2=0.237630394 EV: (0.21397442500966302, -0.21397442500966302) P1 Winnings: 31.0
Choosing model 2
[0.16935928708789422, 0.2687410652101828, 0.5190258576307497, 0.036853896303153964, 0.006019893768019427]
Games played: 73
Exploitability: P1=4.600000000 P2=0.237630394 EV: (0.21397442500966302, -0.21397442500966302) P1 Winnings: 28.0
Choosing model 0
[0.1912080004616107, 0.2794641112667456, 0.46558759934596, 0.05554223756227842, 0.008198051363405276]
Games played: 74
Exploitability: P1=1.900000000 P2=0.237630394 EV: (-0.09215451887416039, 0.09215451887416039) P1 Winnings: 41.0
Choosing model 2
[0.1865927246021696, 0.291993445347913, 0.4581682182740752, 0.05553465152343736, 0.007710960252404888]
Games played: 75
Exploitability: P1=4.600000000 P2=0.237630394 EV: (0.21397442500966302, -0.21397442500966302) P1 Winnings: 46.0
Choosing model 1
[0.18108646509381932, 0.29257519245116537, 0.47081535868018565, 0.048732670413330605, 0.006790313361499005]
Games played: 76
Exploitability: P1=2.800000000 P2=0.237630394 EV: (0.23763039398700142, -0.23763039398700142) P1 Winnings: 47.0
Choosing model 0
[0.14502924309042348, 0.40358897906515934, 0.40045811566305467, 0.04668274375361094, 0.004240918427751571]
Games played: 77
Exploitability: P1=1.900000000 P2=0.237630394 EV: (-0.09215451887416039, 0.09215451887416039) P1 Winnings: 40.0
Choosing model 0
[0.18572259367282343, 0.355741442507728, 0.3692411321920665, 0.08108176140332987, 0.008213070224052096]
Games played: 78
Exploitability: P1=1.900000000 P2=0.237630394 EV: (-0.09215451887416039, 0.09215451887416039) P1 Winnings: 47.0
Choosing model 3
[0.2236664040620308, 0.25687201092084194, 0.4235038970098629, 0.08404085709216993, 0.01191683091509439]
Games played: 79
Exploitability: P1=1.933333333 P2=0.237630394 EV: (-0.061828447277275836, 0.061828447277275836) P1 Winnings: 48.0
Choosing model 1
[0.23144475876664913, 0.23595145712134452, 0.4351986575890179, 0.0848614467610623, 0.012543679761926278]
Games played: 80
Exploitability: P1=2.800000000 P2=0.237630394 EV: (0.23763039398700142, -0.23763039398700142) P1 Winnings: 45.0
Choosing model 2
[0.20946106799985167, 0.2879121461790957, 0.4077727035830185, 0.08505823279734868, 0.009795849440685563]
Games played: 81
Exploitability: P1=4.600000000 P2=0.237630394 EV: (0.21397442500966302, -0.21397442500966302) P1 Winnings: 52.0
Choosing model 2
[0.19294929782436682, 0.31321418124536704, 0.4160927893561003, 0.0704152274887369, 0.007328504085429004]
Games played: 82
Exploitability: P1=4.600000000 P2=0.237630394 EV: (0.21397442500966302, -0.21397442500966302) P1 Winnings: 57.0
Choosing model 0
[0.19150961090360252, 0.24597454661460796, 0.5124911317679471, 0.04412105254735382, 0.005903658166488512]
Games played: 83
Exploitability: P1=1.900000000 P2=0.237630394 EV: (-0.09215451887416039, 0.09215451887416039) P1 Winnings: 58.0
Choosing model 1
[0.19745883045828025, 0.22565936069738574, 0.5261174771069773, 0.0446678580033832, 0.006096473733973404]
Games played: 84
Exploitability: P1=2.800000000 P2=0.237630394 EV: (0.23763039398700142, -0.23763039398700142) P1 Winnings: 53.0
Choosing model 2
[0.1768592164531078, 0.2843840749359605, 0.4893153296000538, 0.044762343589383406, 0.0046790354214943115]
Games played: 85
Exploitability: P1=4.600000000 P2=0.237630394 EV: (0.21397442500966302, -0.21397442500966302) P1 Winnings: 53.0
Choosing model 2
[0.18905596828176602, 0.24630171563408126, 0.5140453604000617, 0.04527810230054208, 0.005318853383548979]
Games played: 86
Exploitability: P1=4.600000000 P2=0.237630394 EV: (0.21397442500966302, -0.21397442500966302) P1 Winnings: 54.0
Choosing model 0
[0.16644572889013554, 0.31373372575694297, 0.4709308455710702, 0.044905974799756554, 0.0039837249820947876]
Games played: 87
Exploitability: P1=1.900000000 P2=0.237630394 EV: (-0.09215451887416039, 0.09215451887416039) P1 Winnings: 45.0
Choosing model 1
[0.14466804143114642, 0.38367361740781253, 0.42502261650358775, 0.04366873668836589, 0.0029669879690872886]
Games played: 88
Exploitability: P1=2.800000000 P2=0.237630394 EV: (0.23763039398700142, -0.23763039398700142) P1 Winnings: 50.0
Choosing model 1
[0.15764189519428592, 0.3387352949375963, 0.45515677589838577, 0.0450279710424904, 0.0034380629272416884]
Games played: 89
Exploitability: P1=2.800000000 P2=0.237630394 EV: (0.23763039398700142, -0.23763039398700142) P1 Winnings: 51.0
Choosing model 1
[0.13437180117933822, 0.4120403599119942, 0.40939280868736777, 0.04175996622823124, 0.002435063993068422]
Games played: 90
Exploitability: P1=2.800000000 P2=0.237630394 EV: (0.23763039398700142, -0.23763039398700142) P1 Winnings: 58.0
Choosing model 2
[0.14915609266798324, 0.35914830677430953, 0.4453180804159642, 0.04347228101796409, 0.0029052391237788695]
Games played: 91
Exploitability: P1=4.600000000 P2=0.237630394 EV: (0.21397442500966302, -0.21397442500966302) P1 Winnings: 61.0
Choosing model 2
[0.11824920446746744, 0.37841929001184993, 0.47764222207779805, 0.024184826353813273, 0.0015044570890712357]
Games played: 92
Exploitability: P1=4.600000000 P2=0.237630394 EV: (0.21397442500966302, -0.21397442500966302) P1 Winnings: 66.0
Choosing model 1
[0.10584361585530347, 0.4000195788053557, 0.4735886664503143, 0.019454485786725245, 0.0010936531023013876]
Games played: 93
Exploitability: P1=2.800000000 P2=0.237630394 EV: (0.23763039398700142, -0.23763039398700142) P1 Winnings: 71.0
Choosing model 1
[0.11818303766896161, 0.34270168281229296, 0.5175178688382169, 0.020280058345279208, 0.0013173523352491955]
Games played: 94
Exploitability: P1=2.800000000 P2=0.237630394 EV: (0.23763039398700142, -0.23763039398700142) P1 Winnings: 72.0
Choosing model 2
[0.13084141035841754, 0.2864677201078303, 0.5602301459627348, 0.020887598663959978, 0.0015731249070574866]
Games played: 95
Exploitability: P1=4.600000000 P2=0.237630394 EV: (0.21397442500966302, -0.21397442500966302) P1 Winnings: 75.0
Choosing model 1
[0.1399441651487488, 0.24824741739688522, 0.5888788813243608, 0.021140283036970138, 0.0017892530930349558]
Games played: 96
Exploitability: P1=2.800000000 P2=0.237630394 EV: (0.23763039398700142, -0.23763039398700142) P1 Winnings: 76.0
Choosing model 2
[0.15073749347481988, 0.20516144110201914, 0.6207633124322257, 0.021258678039050193, 0.0020790749518851044]
Games played: 97
Exploitability: P1=4.600000000 P2=0.237630394 EV: (0.21397442500966302, -0.21397442500966302) P1 Winnings: 77.0
Choosing model 0
[0.14480592719211788, 0.20348570366391763, 0.6314303721691894, 0.01846571711989696, 0.0018122798548781377]
Games played: 98
Exploitability: P1=1.900000000 P2=0.237630394 EV: (-0.09215451887416039, 0.09215451887416039) P1 Winnings: 78.0
Choosing model 0
[0.14480588999309552, 0.2034858324933134, 0.6314302806821188, 0.01846571835916377, 0.0018122784723084955]
Games played: 99
Exploitability: P1=1.900000000 P2=0.237630394 EV: (-0.09215451887416039, 0.09215451887416039) P1 Winnings: 77.0
Choosing model 2
[0.14480585279406744, 0.20348596132276925, 0.6314301891949949, 0.018465719598428715, 0.0018122770897397171]
Games played: 100
Exploitability: P1=4.600000000 P2=0.237630394 EV: (0.21397442500966302, -0.21397442500966302) P1 Winnings: 76.0
Choosing model 2
[0.15849731727554034, 0.15281740557804754, 0.6682462475281847, 0.018193983890145794, 0.002245045728081376]
Games played: 101
Exploitability: P1=4.600000000 P2=0.237630394 EV: (0.21397442500966302, -0.21397442500966302) P1 Winnings: 76.0
Choosing model 2
[0.1473044173002586, 0.22471372780575308, 0.6049758439351803, 0.021188828774389545, 0.0018171821844183797]
Games played: 102
Exploitability: P1=4.600000000 P2=0.237630394 EV: (0.21397442500966302, -0.21397442500966302) P1 Winnings: 89.0
Choosing model 2
[0.12432627710577104, 0.2620372225682668, 0.5966115357035695, 0.015914968036291607, 0.001109996586101145]
Games played: 103
Exploitability: P1=4.600000000 P2=0.237630394 EV: (0.21397442500966302, -0.21397442500966302) P1 Winnings: 98.0
Choosing model 2
[0.13572882004906836, 0.2788624388400763, 0.5631513854209885, 0.020936742812519796, 0.001320612877346863]
Games played: 104
Exploitability: P1=4.600000000 P2=0.237630394 EV: (0.21397442500966302, -0.21397442500966302) P1 Winnings: 98.0
Choosing model 0
[0.14734798597510107, 0.2951073599775373, 0.5285932991248146, 0.027388954317499267, 0.001562400605047923]
Games played: 105
Exploitability: P1=1.900000000 P2=0.237630394 EV: (-0.09215451887416039, 0.09215451887416039) P1 Winnings: 98.0
Choosing model 0
[0.14734793736028462, 0.29510752525816936, 0.5285931839275172, 0.027388954155042874, 0.0015623992989859143]
Games played: 106
Exploitability: P1=1.900000000 P2=0.237630394 EV: (-0.09215451887416039, 0.09215451887416039) P1 Winnings: 97.0
Choosing model 2
[0.16044962495639462, 0.24655819264925666, 0.5633129984181399, 0.027843835410533847, 0.001835348565674937]
Games played: 107
Exploitability: P1=4.600000000 P2=0.237630394 EV: (0.21397442500966302, -0.21397442500966302) P1 Winnings: 98.0
Choosing model 2
[0.17030728801517417, 0.2120378702282718, 0.5876168300720591, 0.027966382243915854, 0.002071629440578971]
Games played: 108
Exploitability: P1=4.600000000 P2=0.237630394 EV: (0.21397442500966302, -0.21397442500966302) P1 Winnings: 99.0
Choosing model 1
[0.18119811702635444, 0.17398854962611812, 0.615064684762758, 0.027382435347967738, 0.002366213236801494]
Games played: 109
Exploitability: P1=2.800000000 P2=0.237630394 EV: (0.23763039398700142, -0.23763039398700142) P1 Winnings: 102.0
Choosing model 1
[0.17798470676490957, 0.1829819002711848, 0.6092348218453912, 0.027558343988276342, 0.0022402271302381]
Games played: 110
Exploitability: P1=2.800000000 P2=0.237630394 EV: (0.23763039398700142, -0.23763039398700142) P1 Winnings: 95.0
Choosing model 2
[0.1743654934682684, 0.19125250495022184, 0.6050165388879676, 0.02726317396065281, 0.0021022887328893]
Games played: 111
Exploitability: P1=4.600000000 P2=0.237630394 EV: (0.21397442500966302, -0.21397442500966302) P1 Winnings: 100.0
Choosing model 0
[0.14886347140995762, 0.22559057732655094, 0.6035333864233285, 0.02071360424732324, 0.0012989605928396765]
Games played: 112
Exploitability: P1=1.900000000 P2=0.237630394 EV: (-0.09215451887416039, 0.09215451887416039) P1 Winnings: 109.0
Choosing model 1
[0.14886343055798534, 0.22559071619464868, 0.6035332883940737, 0.020713605274196023, 0.0012989595790962106]
Games played: 113
Exploitability: P1=2.800000000 P2=0.237630394 EV: (0.23763039398700142, -0.23763039398700142) P1 Winnings: 108.0
Choosing model 2
[0.11879006923304625, 0.23851326739978904, 0.6299175347905828, 0.012083698369943397, 0.0006954302066385106]
Games played: 114
Exploitability: P1=4.600000000 P2=0.237630394 EV: (0.21397442500966302, -0.21397442500966302) P1 Winnings: 111.0
Choosing model 2
[0.11382822840143061, 0.23596929499082223, 0.6391281049867982, 0.01046970853074503, 0.0006046630902039333]
Games played: 115
Exploitability: P1=4.600000000 P2=0.237630394 EV: (0.21397442500966302, -0.21397442500966302) P1 Winnings: 112.0
Choosing model 1
[0.11109407181743362, 0.2457070094084241, 0.6323150176860463, 0.010318603904289661, 0.0005652971838063757]
Games played: 116
Exploitability: P1=2.800000000 P2=0.237630394 EV: (0.23763039398700142, -0.23763039398700142) P1 Winnings: 117.0
Choosing model 0
[0.1200886117952516, 0.20053855073728535, 0.6683369812778335, 0.010376744589930426, 0.0006591115996990655]
Games played: 117
Exploitability: P1=1.900000000 P2=0.237630394 EV: (-0.09215451887416039, 0.09215451887416039) P1 Winnings: 120.0
Choosing model 1
[0.11379877342192704, 0.22817480307057425, 0.6469863935659044, 0.010469614279172982, 0.0005704156624213474]
Games played: 118
Exploitability: P1=2.800000000 P2=0.237630394 EV: (0.23763039398700142, -0.23763039398700142) P1 Winnings: 120.0
Choosing model 2
[0.11111004446377129, 0.23768652843858695, 0.6403472672480175, 0.01032266573022657, 0.0005334941193977076]
Games played: 119
Exploitability: P1=4.600000000 P2=0.237630394 EV: (0.21397442500966302, -0.21397442500966302) P1 Winnings: 125.0
Choosing model 2
[0.11778448994389408, 0.20414503423564684, 0.6671143321596711, 0.01035474367788656, 0.0006013999829015162]
Games played: 120
Exploitability: P1=4.600000000 P2=0.237630394 EV: (0.21397442500966302, -0.21397442500966302) P1 Winnings: 126.0
Choosing model 2
[0.12408288783089932, 0.17424570249499147, 0.6906753942475705, 0.010322284957007771, 0.0006737304695306976]
Games played: 121
Exploitability: P1=4.600000000 P2=0.237630394 EV: (0.21397442500966302, -0.21397442500966302) P1 Winnings: 127.0
Choosing model 2
[0.11231603606663282, 0.18626595882071983, 0.6925258831363035, 0.008396843553630656, 0.00049527842271324]
Games played: 122
Exploitability: P1=4.600000000 P2=0.237630394 EV: (0.21397442500966302, -0.21397442500966302) P1 Winnings: 132.0
Choosing model 1
[0.10738174859256182, 0.1838634090971259, 0.7010662987053916, 0.007258880384448736, 0.0004296632204718499]
Games played: 123
Exploitability: P1=2.800000000 P2=0.237630394 EV: (0.23763039398700142, -0.23763039398700142) P1 Winnings: 133.0
Choosing model 0
[0.10738172024252982, 0.18386353743194278, 0.7010661984448857, 0.007258881008632105, 0.0004296628720096033]
Games played: 124
Exploitability: P1=1.900000000 P2=0.237630394 EV: (-0.09215451887416039, 0.09215451887416039) P1 Winnings: 126.0
Choosing model 2
[0.09369116882095331, 0.22305679503298012, 0.6768418420893928, 0.0061124000088780515, 0.00029779404779577845]
Games played: 125
Exploitability: P1=4.600000000 P2=0.237630394 EV: (0.21397442500966302, -0.21397442500966302) P1 Winnings: 131.0
Choosing model 1
[0.09152795125328299, 0.24939065969075974, 0.6522979400042801, 0.006509522948353856, 0.0002739261033233057]
Games played: 126
Exploitability: P1=2.800000000 P2=0.237630394 EV: (0.23763039398700142, -0.23763039398700142) P1 Winnings: 131.0
Choosing model 2
[0.0824160120138848, 0.30277457174428596, 0.6081048985171934, 0.006491678114679984, 0.00021283960995605202]
Games played: 127
Exploitability: P1=4.600000000 P2=0.237630394 EV: (0.21397442500966302, -0.21397442500966302) P1 Winnings: 138.0
Choosing model 1
[0.07183388331803041, 0.37131109878593827, 0.5503655070418295, 0.006330547618931863, 0.00015896323527013554]
Games played: 128
Exploitability: P1=2.800000000 P2=0.237630394 EV: (0.23763039398700142, -0.23763039398700142) P1 Winnings: 138.0
Choosing model 1
[0.09729337240194016, 0.2652784455800881, 0.6290176417379356, 0.008119295699041396, 0.00029124458099470847]
Games played: 129
Exploitability: P1=2.800000000 P2=0.237630394 EV: (0.23763039398700142, -0.23763039398700142) P1 Winnings: 143.0
Choosing model 1
[0.10576584273705046, 0.2555142320479624, 0.6290846216211792, 0.009290628841670883, 0.0003446747521370484]
Games played: 130
Exploitability: P1=2.800000000 P2=0.237630394 EV: (0.23763039398700142, -0.23763039398700142) P1 Winnings: 152.0
Choosing model 0
[0.10576572220636753, 0.2555148029727644, 0.6290841714496183, 0.009290629672302682, 0.00034467369894700844]
Games played: 131
Exploitability: P1=1.900000000 P2=0.237630394 EV: (-0.09215451887416039, 0.09215451887416039) P1 Winnings: 143.0
Choosing model 1
[0.11249429381408158, 0.220191773089825, 0.6575734028536357, 0.009350684594828127, 0.00038984564762959057]
Games played: 132
Exploitability: P1=2.800000000 P2=0.237630394 EV: (0.23763039398700142, -0.23763039398700142) P1 Winnings: 144.0
Choosing model 2
[0.11560084299861609, 0.20429027046163772, 0.670332367913808, 0.009364625795220825, 0.0004118928307173312]
Games played: 133
Exploitability: P1=4.600000000 P2=0.237630394 EV: (0.21397442500966302, -0.21397442500966302) P1 Winnings: 144.0
Choosing model 3
[0.09716594515028605, 0.2372394924953085, 0.6583392106817002, 0.007004790758308946, 0.0002505609143962998]
Games played: 134
Exploitability: P1=1.933333333 P2=0.237630394 EV: (-0.061828447277275836, 0.061828447277275836) P1 Winnings: 153.0
Choosing model 2
[0.08258640177853521, 0.3203838550368424, 0.5898996785095768, 0.006959429212376846, 0.0001706354626687758]
Games played: 135
Exploitability: P1=4.600000000 P2=0.237630394 EV: (0.21397442500966302, -0.21397442500966302) P1 Winnings: 148.0
Choosing model 2
[0.10427217738813054, 0.2427101120951697, 0.6441697176579021, 0.008575851056567465, 0.0002721418022301589]
Games played: 136
Exploitability: P1=4.600000000 P2=0.237630394 EV: (0.21397442500966302, -0.21397442500966302) P1 Winnings: 148.0
Choosing model 2
[0.11477920500587464, 0.2604357082480864, 0.6130832355709587, 0.011375387574153548, 0.0003264636009266587]
Games played: 137
Exploitability: P1=4.600000000 P2=0.237630394 EV: (0.21397442500966302, -0.21397442500966302) P1 Winnings: 148.0
Choosing model 2
[0.11188017540244746, 0.27083924780618296, 0.6057787569694572, 0.011196997232996029, 0.00030482258891642626]
Games played: 138
Exploitability: P1=4.600000000 P2=0.237630394 EV: (0.21397442500966302, -0.21397442500966302) P1 Winnings: 153.0
Choosing model 2
[0.11879061613932515, 0.2314124681127641, 0.6385150189668063, 0.010941786351103133, 0.0003401104300013446]
Games played: 139
Exploitability: P1=4.600000000 P2=0.237630394 EV: (0.21397442500966302, -0.21397442500966302) P1 Winnings: 154.0
Choosing model 2
[0.11378320234645178, 0.228852617392641, 0.6475920539573715, 0.009476525210672446, 0.0002956010928631951]
Games played: 140
Exploitability: P1=4.600000000 P2=0.237630394 EV: (0.21397442500966302, -0.21397442500966302) P1 Winnings: 155.0
Choosing model 2
[0.1089247283441765, 0.22619204588123623, 0.6564236517780602, 0.008202803905145183, 0.0002567700913819165]
Games played: 141
Exploitability: P1=4.600000000 P2=0.237630394 EV: (0.21397442500966302, -0.21397442500966302) P1 Winnings: 156.0
Choosing model 2
[0.09407108194481331, 0.27161798855113173, 0.6272977718607564, 0.006837003048727645, 0.00017615459457080566]
Games played: 142
Exploitability: P1=4.600000000 P2=0.237630394 EV: (0.21397442500966302, -0.21397442500966302) P1 Winnings: 161.0
Choosing model 2
[0.10036569496252655, 0.23479408638555363, 0.6577378409961107, 0.0069025193862314255, 0.00019985826957777262]
Games played: 143
Exploitability: P1=4.600000000 P2=0.237630394 EV: (0.21397442500966302, -0.21397442500966302) P1 Winnings: 162.0
Choosing model 2
[0.0959840839615653, 0.23183243390630953, 0.6660412594753851, 0.005968791900212321, 0.0001734307565277766]
Games played: 144
Exploitability: P1=4.600000000 P2=0.237630394 EV: (0.21397442500966302, -0.21397442500966302) P1 Winnings: 163.0
Choosing model 1
[0.07459423181286196, 0.2634446384648549, 0.6581465479466385, 0.00372645089065942, 8.813088498525408e-05]
Games played: 145
Exploitability: P1=2.800000000 P2=0.237630394 EV: (0.23763039398700142, -0.23763039398700142) P1 Winnings: 168.0
Choosing model 0
[0.07961661098679103, 0.22647804768939536, 0.6900469217881888, 0.003758239767015143, 0.00010017976860956636]
Games played: 146
Exploitability: P1=1.900000000 P2=0.237630394 EV: (-0.09215451887416039, 0.09215451887416039) P1 Winnings: 169.0
Choosing model 2
[0.07791073185891967, 0.23728930075443927, 0.6809373112224483, 0.0037681668286398246, 9.448933555285079e-05]
Games played: 147
Exploitability: P1=4.600000000 P2=0.237630394 EV: (0.21397442500966302, -0.21397442500966302) P1 Winnings: 160.0
Choosing model 2
[0.08338131418630787, 0.19585578141216048, 0.7169431211754482, 0.003711221783625822, 0.00010856144245750505]
Games played: 148
Exploitability: P1=4.600000000 P2=0.237630394 EV: (0.21397442500966302, -0.21397442500966302) P1 Winnings: 163.0
Choosing model 2
[0.060918163118331786, 0.35952352971832824, 0.5758924818113137, 0.003611454022836543, 5.43713291897273e-05]
Games played: 149
Exploitability: P1=4.600000000 P2=0.237630394 EV: (0.21397442500966302, -0.21397442500966302) P1 Winnings: 172.0
Choosing model 2
[0.05406644172505204, 0.37683379944818024, 0.5661800312550729, 0.0028805367577924273, 3.919081390233445e-05]
Games played: 150
Exploitability: P1=4.600000000 P2=0.237630394 EV: (0.21397442500966302, -0.21397442500966302) P1 Winnings: 177.0
Choosing model 2
[0.05885923584790167, 0.33238096845483933, 0.6057470469808723, 0.0029673785779297337, 4.5370138457056205e-05]
Games played: 151
Exploitability: P1=4.600000000 P2=0.237630394 EV: (0.21397442500966302, -0.21397442500966302) P1 Winnings: 178.0
Choosing model 2
[0.05626278522220946, 0.32803174100353727, 0.6131013753146755, 0.0025647464622508293, 3.9351997327037765e-05]
Games played: 152
Exploitability: P1=4.600000000 P2=0.237630394 EV: (0.21397442500966302, -0.21397442500966302) P1 Winnings: 179.0
Choosing model 2
[0.04901725471153023, 0.39500118383734606, 0.5534677061377694, 0.002484225754216795, 2.9629559137450418e-05]
Games played: 153
Exploitability: P1=4.600000000 P2=0.237630394 EV: (0.21397442500966302, -0.21397442500966302) P1 Winnings: 170.0
Choosing model 2
[0.039413017240416764, 0.43880879228436154, 0.5199833508522649, 0.0017775974537502048, 1.724216920651807e-05]
Games played: 154
Exploitability: P1=4.600000000 P2=0.237630394 EV: (0.21397442500966302, -0.21397442500966302) P1 Winnings: 179.0
Choosing model 1
[0.03772762413338964, 0.43367881359448185, 0.5270400132089278, 0.001538572859329489, 1.4976203871173885e-05]
Games played: 155
Exploitability: P1=2.800000000 P2=0.237630394 EV: (0.23763039398700142, -0.23763039398700142) P1 Winnings: 180.0
Choosing model 1
[0.037727560427823374, 0.43367954453705265, 0.527039346732975, 0.0015385721522605457, 1.4976149888389893e-05]
Games played: 156
Exploitability: P1=2.800000000 P2=0.237630394 EV: (0.23763039398700142, -0.23763039398700142) P1 Winnings: 171.0
Choosing model 2
[0.041526008141115255, 0.38674964418804997, 0.570104339851545, 0.0016024786745941814, 1.75291446958032e-05]
Games played: 157
Exploitability: P1=4.600000000 P2=0.237630394 EV: (0.21397442500966302, -0.21397442500966302) P1 Winnings: 170.0
Choosing model 1
[0.04868904482305489, 0.41767257444856554, 0.5311054815022159, 0.0025081080825961333, 2.479114356758317e-05]
Games played: 158
Exploitability: P1=2.800000000 P2=0.237630394 EV: (0.23763039398700142, -0.23763039398700142) P1 Winnings: 183.0
Choosing model 2
[0.040289374016056805, 0.5000422744738275, 0.4573129283245013, 0.0023379711979596126, 1.7451987654620536e-05]
Games played: 159
Exploitability: P1=4.600000000 P2=0.237630394 EV: (0.21397442500966302, -0.21397442500966302) P1 Winnings: 176.0
Choosing model 2
[0.03863137609111091, 0.49502769020143716, 0.4642987500380844, 0.00202699972432564, 1.518394504186414e-05]
Games played: 160
Exploitability: P1=4.600000000 P2=0.237630394 EV: (0.21397442500966302, -0.21397442500966302) P1 Winnings: 177.0
Choosing model 2
[0.0426138717066118, 0.48382829433640606, 0.47118601920818776, 0.002353580625782897, 1.823412301134991e-05]
Games played: 161
Exploitability: P1=4.600000000 P2=0.237630394 EV: (0.21397442500966302, -0.21397442500966302) P1 Winnings: 168.0
Choosing model 1
[0.046968439259748515, 0.47249514618555366, 0.47778399389828263, 0.0027305415562353533, 2.1879100179852683e-05]
Games played: 162
Exploitability: P1=2.800000000 P2=0.237630394 EV: (0.23763039398700142, -0.23763039398700142) P1 Winnings: 159.0
Choosing model 1
[0.0497779333460051, 0.4445159692315685, 0.5028585869094473, 0.002823923237698267, 2.358727528075606e-05]
Games played: 163
Exploitability: P1=2.800000000 P2=0.237630394 EV: (0.23763039398700142, -0.23763039398700142) P1 Winnings: 162.0
Choosing model 2
[0.05566313645616012, 0.3903187244500134, 0.5510283481676558, 0.0029614413067195824, 2.8349619451174067e-05]
Games played: 164
Exploitability: P1=4.600000000 P2=0.237630394 EV: (0.21397442500966302, -0.21397442500966302) P1 Winnings: 162.0
Choosing model 2
[0.06053398537096635, 0.3415836999293492, 0.594885819541605, 0.002964096827394805, 3.239833068444788e-05]
Games played: 165
Exploitability: P1=4.600000000 P2=0.237630394 EV: (0.21397442500966302, -0.21397442500966302) P1 Winnings: 163.0
Choosing model 1
[0.0578824103712149, 0.3372233130457326, 0.6023034263182846, 0.0025627403168018347, 2.8109947966039543e-05]
Games played: 166
Exploitability: P1=2.800000000 P2=0.237630394 EV: (0.23763039398700142, -0.23763039398700142) P1 Winnings: 164.0
Choosing model 1
[0.06404003138412687, 0.28170328103181325, 0.6515853606974985, 0.0026377812402947694, 3.354564626676564e-05]
Games played: 167
Exploitability: P1=2.800000000 P2=0.237630394 EV: (0.23763039398700142, -0.23763039398700142) P1 Winnings: 167.0
Choosing model 2
[0.05049692733211248, 0.3988798139372801, 0.5480817878670463, 0.0025212052085381857, 2.0265655022968147e-05]
Games played: 168
Exploitability: P1=4.600000000 P2=0.237630394 EV: (0.21397442500966302, -0.21397442500966302) P1 Winnings: 174.0
Choosing model 2
[0.050496847482698545, 0.3988805290250728, 0.5480811535876836, 0.0025212043203967378, 2.026558414833923e-05]
Games played: 169
Exploitability: P1=4.600000000 P2=0.237630394 EV: (0.21397442500966302, -0.21397442500966302) P1 Winnings: 165.0
Choosing model 2
[0.04882653538499637, 0.4114865297385665, 0.537206407794546, 0.0024617566950118257, 1.877038687937007e-05]
Games played: 170
Exploitability: P1=4.600000000 P2=0.237630394 EV: (0.21397442500966302, -0.21397442500966302) P1 Winnings: 170.0
Choosing model 1
[0.06760580011145366, 0.3921657618573874, 0.5355660602392414, 0.004623073703367451, 3.930408855021802e-05]
Games played: 171
Exploitability: P1=2.800000000 P2=0.237630394 EV: (0.23763039398700142, -0.23763039398700142) P1 Winnings: 167.0
Choosing model 1
[0.06466664532560619, 0.2968024145946366, 0.6357087885586565, 0.0027916379806173126, 3.0513540483413027e-05]
Games played: 172
Exploitability: P1=2.800000000 P2=0.237630394 EV: (0.23763039398700142, -0.23763039398700142) P1 Winnings: 168.0
Choosing model 2
[0.07082939995410364, 0.24545396210220213, 0.6808359862094454, 0.0028446024185072747, 3.6049315741506955e-05]
Games played: 173
Exploitability: P1=4.600000000 P2=0.237630394 EV: (0.21397442500966302, -0.21397442500966302) P1 Winnings: 171.0
Choosing model 2
[0.060628554489366084, 0.29213611172225323, 0.6448608695493041, 0.0023499521366338637, 2.4512102442662363e-05]
Games played: 174
Exploitability: P1=4.600000000 P2=0.237630394 EV: (0.21397442500966302, -0.21397442500966302) P1 Winnings: 176.0
Choosing model 2
[0.06463089798186157, 0.2506076821378859, 0.6824283835806015, 0.0023055771334360513, 2.7459166214865357e-05]
Games played: 175
Exploitability: P1=4.600000000 P2=0.237630394 EV: (0.21397442500966302, -0.21397442500966302) P1 Winnings: 177.0
Choosing model 1
[0.06292269298073055, 0.4038627063741312, 0.5293178755715707, 0.0038684103008116565, 2.831477275566376e-05]
Games played: 176
Exploitability: P1=2.800000000 P2=0.237630394 EV: (0.23763039398700142, -0.23763039398700142) P1 Winnings: 168.0
Choosing model 2
[0.07032780714850709, 0.39871398885013154, 0.5261815363777783, 0.00474128032533631, 3.538729824657992e-05]
Games played: 177
Exploitability: P1=4.600000000 P2=0.237630394 EV: (0.21397442500966302, -0.21397442500966302) P1 Winnings: 161.0
Choosing model 2
[0.08633017116678061, 0.29345635085988564, 0.6151520093096406, 0.005009132472474406, 5.233619121870551e-05]
Games played: 178
Exploitability: P1=4.600000000 P2=0.237630394 EV: (0.21397442500966302, -0.21397442500966302) P1 Winnings: 156.0
Choosing model 1
[0.08259344640072425, 0.2898675575635341, 0.6231603462454927, 0.004333216397683359, 4.543339256562748e-05]
Games played: 179
Exploitability: P1=2.800000000 P2=0.237630394 EV: (0.23763039398700142, -0.23763039398700142) P1 Winnings: 157.0
Choosing model 1
[0.09027961489964034, 0.23922860453605216, 0.6660318162898818, 0.004406398119872205, 5.356615455334418e-05]
Games played: 180
Exploitability: P1=2.800000000 P2=0.237630394 EV: (0.23763039398700142, -0.23763039398700142) P1 Winnings: 160.0
Choosing model 2
[0.09574822025622304, 0.20556708987431985, 0.6942020863322426, 0.004422190527427908, 6.041300978653566e-05]
Games played: 181
Exploitability: P1=4.600000000 P2=0.237630394 EV: (0.21397442500966302, -0.21397442500966302) P1 Winnings: 161.0
Choosing model 2
[0.11362916629396415, 0.22470237583926408, 0.6545764726202455, 0.007005505512054055, 8.647973447216962e-05]
Games played: 182
Exploitability: P1=4.600000000 P2=0.237630394 EV: (0.21397442500966302, -0.21397442500966302) P1 Winnings: 148.0
Choosing model 1
[0.12015320935873591, 0.19250973146624176, 0.6802301433735715, 0.007009672679475494, 9.724312197544983e-05]
Games played: 183
Exploitability: P1=2.800000000 P2=0.237630394 EV: (0.23763039398700142, -0.23763039398700142) P1 Winnings: 149.0
Choosing model 2
[0.10724364793343077, 0.24520634655662973, 0.6406705805808695, 0.00680730502136164, 7.211990770854837e-05]
Games played: 184
Exploitability: P1=4.600000000 P2=0.237630394 EV: (0.21397442500966302, -0.21397442500966302) P1 Winnings: 156.0
Choosing model 2
[0.11804616238878005, 0.2631054780849295, 0.6097326377023004, 0.00902920905805995, 8.651276593002894e-05]
Games played: 185
Exploitability: P1=4.600000000 P2=0.237630394 EV: (0.21397442500966302, -0.21397442500966302) P1 Winnings: 156.0
Choosing model 2
[0.1275948975103309, 0.21820054609603529, 0.6449921743212982, 0.00911150475893036, 0.00010087731340521786]
Games played: 186
Exploitability: P1=4.600000000 P2=0.237630394 EV: (0.21397442500966302, -0.21397442500966302) P1 Winnings: 157.0
Choosing model 2
[0.13589619262284258, 0.17923243398746888, 0.675825456007816, 0.008930575018033769, 0.00011534236383897144]
Games played: 187
Exploitability: P1=4.600000000 P2=0.237630394 EV: (0.21397442500966302, -0.21397442500966302) P1 Winnings: 160.0
Choosing model 2
[0.14195387935098205, 0.20059768020719335, 0.6464878206210464, 0.010838865362028617, 0.00012175445874957526]
Games played: 188
Exploitability: P1=4.600000000 P2=0.237630394 EV: (0.21397442500966302, -0.21397442500966302) P1 Winnings: 160.0
Choosing model 2
[0.15056931417886968, 0.16409747575398742, 0.6746145022065072, 0.010580065661232577, 0.00013864219940319027]
Games played: 189
Exploitability: P1=4.600000000 P2=0.237630394 EV: (0.21397442500966302, -0.21397442500966302) P1 Winnings: 163.0
Choosing model 1
[0.11682143469844872, 0.16921161768573825, 0.708136350336806, 0.005760335006201588, 7.026227280550255e-05]
Games played: 190
Exploitability: P1=2.800000000 P2=0.237630394 EV: (0.23763039398700142, -0.23763039398700142) P1 Winnings: 168.0
Choosing model 2
[0.1294419157713454, 0.1656115115151918, 0.6978603982100463, 0.006999120421143138, 8.705408227332473e-05]
Games played: 191
Exploitability: P1=4.600000000 P2=0.237630394 EV: (0.21397442500966302, -0.21397442500966302) P1 Winnings: 161.0
Choosing model 2
[0.15302126436603938, 0.1803276576581296, 0.6554820070781787, 0.011044936894748851, 0.00012413400290341097]
Games played: 192
Exploitability: P1=4.600000000 P2=0.237630394 EV: (0.21397442500966302, -0.21397442500966302) P1 Winnings: 148.0
Choosing model 2
[0.1604175154996648, 0.1531658021850647, 0.6753216936467209, 0.010956603435181804, 0.00013838523336762672]
Games played: 193
Exploitability: P1=4.600000000 P2=0.237630394 EV: (0.21397442500966302, -0.21397442500966302) P1 Winnings: 149.0
Choosing model 2
[0.14592260154329445, 0.16454099877286288, 0.6804772796885589, 0.008956886343913312, 0.0001022336513704386]
Games played: 194
Exploitability: P1=4.600000000 P2=0.237630394 EV: (0.21397442500966302, -0.21397442500966302) P1 Winnings: 154.0
Choosing model 0
[0.13970310289667834, 0.1626412597617195, 0.689813189899062, 0.007753636305963927, 8.881113657619999e-05]
Games played: 195
Exploitability: P1=1.900000000 P2=0.237630394 EV: (-0.09215451887416039, 0.09215451887416039) P1 Winnings: 155.0
Choosing model 2
[0.13970307153648318, 0.1626413680034071, 0.689813112310778, 0.007753637077630165, 8.88110717015873e-05]
Games played: 196
Exploitability: P1=4.600000000 P2=0.237630394 EV: (0.21397442500966302, -0.21397442500966302) P1 Winnings: 154.0
Choosing model 2
[0.10790969138590474, 0.16696587890674525, 0.7208768736877001, 0.004202747324426101, 4.480869522357542e-05]
Games played: 197
Exploitability: P1=4.600000000 P2=0.237630394 EV: (0.21397442500966302, -0.21397442500966302) P1 Winnings: 159.0
Choosing model 2
[0.1056822951640434, 0.17445790657490431, 0.7156613314009241, 0.004156430361154186, 4.20364989738039e-05]
Games played: 198
Exploitability: P1=4.600000000 P2=0.237630394 EV: (0.21397442500966302, -0.21397442500966302) P1 Winnings: 164.0
Choosing model 2
[0.11473061379985564, 0.12994821168479526, 0.7512076796357638, 0.004061845107444771, 5.1649772140425044e-05]
Games played: 199
Exploitability: P1=4.600000000 P2=0.237630394 EV: (0.21397442500966302, -0.21397442500966302) P1 Winnings: 164.0
Choosing model 2
[0.12033045577647838, 0.10457095158409735, 0.771062944081578, 0.003977210398219153, 5.843815962716375e-05]
Games played: 200
Exploitability: P1=4.600000000 P2=0.237630394 EV: (0.21397442500966302, -0.21397442500966302) P1 Winnings: 165.0
