Player 1 exploitability: 0.127547905863
Choosing model 3
[0.2101590553241933, 0.16124736106144488, 0.2056750805487912, 0.19620364484632571, 0.2267148582192449]
Games played: 1
Exploitability: P1=1.933333333 P2=0.041895892 EV: (-0.12058107299652047, 0.12058107299652047) P1 Winnings: 0.0
Choosing model 4
[0.2205539257635007, 0.11610792682417165, 0.20870062393060987, 0.1853529595954838, 0.2692845638862341]
Games played: 2
Exploitability: P1=2.600000000 P2=0.041895892 EV: (-0.11456918139489712, 0.11456918139489712) P1 Winnings: 0.0
Choosing model 2
[0.22055391462398488, 0.11610802429616797, 0.20870063676428466, 0.18535301028834034, 0.26928441402722214]
Games played: 3
Exploitability: P1=4.600000000 P2=0.041895892 EV: (0.04188499482637665, -0.04188499482637665) P1 Winnings: -1.0
Choosing model 0
[0.21392194545192525, 0.10977935969042228, 0.17502041494792295, 0.2166378893020904, 0.2846403906076391]
Games played: 4
Exploitability: P1=1.900000000 P2=0.041895892 EV: (-0.08740541981340742, 0.08740541981340742) P1 Winnings: -1.0
Choosing model 3
[0.20594651817379692, 0.15070981267569236, 0.1751000672328585, 0.23397911889406314, 0.23426448302358907]
Games played: 5
Exploitability: P1=1.933333333 P2=0.041895892 EV: (-0.12058107299652047, 0.12058107299652047) P1 Winnings: -1.0
Choosing model 0
[0.2120788991223816, 0.16023509727863064, 0.19092539414397106, 0.2178637535629377, 0.2188968558920791]
Games played: 6
Exploitability: P1=1.900000000 P2=0.041895892 EV: (-0.08740541981340742, 0.08740541981340742) P1 Winnings: 0.0
Choosing model 3
[0.20990125572055937, 0.16979841703216164, 0.19055317152656112, 0.22092994844966982, 0.20881720727104802]
Games played: 7
Exploitability: P1=1.933333333 P2=0.041895892 EV: (-0.12058107299652047, 0.12058107299652047) P1 Winnings: 5.0
Choosing model 0
[0.21501419863694518, 0.17958036594616705, 0.20668200274520337, 0.20463106689507407, 0.19409236577661027]
Games played: 8
Exploitability: P1=1.900000000 P2=0.041895892 EV: (-0.08740541981340742, 0.08740541981340742) P1 Winnings: 6.0
Choosing model 0
[0.17407694992436432, 0.24066073634835955, 0.13331197352919333, 0.28551666414936033, 0.16643367604872253]
Games played: 9
Exploitability: P1=1.900000000 P2=0.041895892 EV: (-0.08740541981340742, 0.08740541981340742) P1 Winnings: 19.0
Choosing model 3
[0.15783315120071864, 0.2989638517292869, 0.12525159518657952, 0.28771870665276406, 0.1302326952306509]
Games played: 10
Exploitability: P1=1.933333333 P2=0.041895892 EV: (-0.12058107299652047, 0.12058107299652047) P1 Winnings: 18.0
Choosing model 3
[0.161474370911958, 0.31578912207967513, 0.13568224352102476, 0.26615727865343786, 0.12089698483390436]
Games played: 11
Exploitability: P1=1.933333333 P2=0.041895892 EV: (-0.12058107299652047, 0.12058107299652047) P1 Winnings: 19.0
Choosing model 3
[0.15931656360368873, 0.3226341608645867, 0.13532024233731216, 0.27004010794215905, 0.11268892525225345]
Games played: 12
Exploitability: P1=1.933333333 P2=0.041895892 EV: (-0.12058107299652047, 0.12058107299652047) P1 Winnings: 19.0
Choosing model 3
[0.17180882692508218, 0.28024198356795454, 0.14335237185373256, 0.2751715025733106, 0.12942531507992008]
Games played: 13
Exploitability: P1=1.933333333 P2=0.041895892 EV: (-0.12058107299652047, 0.12058107299652047) P1 Winnings: 19.0
Choosing model 2
[0.159970424285537, 0.3197068088105351, 0.13664659707694804, 0.2745658815957729, 0.10911028823120708]
Games played: 14
Exploitability: P1=4.600000000 P2=0.041895892 EV: (0.04188499482637665, -0.04188499482637665) P1 Winnings: 10.0
Choosing model 1
[0.17217166060162553, 0.27878751817435465, 0.14453423191374995, 0.27962837923793565, 0.12487821007233427]
Games played: 15
Exploitability: P1=2.800000000 P2=0.041895892 EV: (0.013613941651115187, -0.013613941651115187) P1 Winnings: 11.0
Choosing model 3
[0.16975498172445483, 0.3246203390745481, 0.15785695787607928, 0.24777212629940573, 0.09999559502551213]
Games played: 16
Exploitability: P1=1.933333333 P2=0.041895892 EV: (-0.12058107299652047, 0.12058107299652047) P1 Winnings: 16.0
Choosing model 0
[0.17202063993650335, 0.33963064489429334, 0.1693776630391718, 0.2270258721795867, 0.0919451799504448]
Games played: 17
Exploitability: P1=1.900000000 P2=0.041895892 EV: (-0.08740541981340742, 0.08740541981340742) P1 Winnings: 17.0
Choosing model 1
[0.1530681479004301, 0.42020642120244434, 0.16677090111864842, 0.19496354442905559, 0.06499098534942153]
Games played: 18
Exploitability: P1=2.800000000 P2=0.041895892 EV: (0.013613941651115187, -0.013613941651115187) P1 Winnings: 22.0
Choosing model 2
[0.16843137823732449, 0.3724252916839363, 0.18026691409435266, 0.20271329216384726, 0.07616312382053927]
Games played: 19
Exploitability: P1=4.600000000 P2=0.041895892 EV: (0.04188499482637665, -0.04188499482637665) P1 Winnings: 23.0
Choosing model 3
[0.16906984886519372, 0.38597168027891604, 0.19159914333053074, 0.1839883239108538, 0.06937100361450571]
Games played: 20
Exploitability: P1=1.933333333 P2=0.041895892 EV: (-0.12058107299652047, 0.12058107299652047) P1 Winnings: 24.0
Choosing model 1
[0.1691115938609111, 0.39859860166311506, 0.2029248146058311, 0.1664034612912315, 0.06296152857891121]
Games played: 21
Exploitability: P1=2.800000000 P2=0.041895892 EV: (0.013613941651115187, -0.013613941651115187) P1 Winnings: 25.0
Choosing model 2
[0.18463890012652578, 0.35260223521359263, 0.21773833916099222, 0.17191939799345046, 0.07310112750543886]
Games played: 22
Exploitability: P1=4.600000000 P2=0.041895892 EV: (0.04188499482637665, -0.04188499482637665) P1 Winnings: 26.0
Choosing model 2
[0.1748276563004795, 0.39428797630230134, 0.2283778538237512, 0.14629253153594926, 0.056213982037518866]
Games played: 23
Exploitability: P1=4.600000000 P2=0.041895892 EV: (0.04188499482637665, -0.04188499482637665) P1 Winnings: 31.0
Choosing model 1
[0.18413146305331463, 0.3679445344186814, 0.2212870103966554, 0.16218272710331605, 0.06445426502803246]
Games played: 24
Exploitability: P1=2.800000000 P2=0.041895892 EV: (0.013613941651115187, -0.013613941651115187) P1 Winnings: 22.0
Choosing model 2
[0.19976783531122272, 0.32342935828545016, 0.2359409521037412, 0.166500326038006, 0.07436152826157989]
Games played: 25
Exploitability: P1=4.600000000 P2=0.041895892 EV: (0.04188499482637665, -0.04188499482637665) P1 Winnings: 21.0
Choosing model 1
[0.18969268688667373, 0.3626987050361609, 0.24817641253749784, 0.14208572747465215, 0.057346468065015276]
Games played: 26
Exploitability: P1=2.800000000 P2=0.041895892 EV: (0.013613941651115187, -0.013613941651115187) P1 Winnings: 26.0
Choosing model 1
[0.2036747308581127, 0.3066075534682469, 0.20071883501664098, 0.2056546903975823, 0.08334419025941714]
Games played: 27
Exploitability: P1=2.800000000 P2=0.041895892 EV: (0.013613941651115187, -0.013613941651115187) P1 Winnings: 17.0
Choosing model 2
[0.2379144505151813, 0.21473994037641853, 0.22329711872310654, 0.2067538340341349, 0.11729465635115878]
Games played: 28
Exploitability: P1=4.600000000 P2=0.041895892 EV: (0.04188499482637665, -0.04188499482637665) P1 Winnings: 18.0
Choosing model 4
[0.24998259648209065, 0.18281054787363596, 0.23058019339885405, 0.20556786704786764, 0.13105879519755173]
Games played: 29
Exploitability: P1=2.600000000 P2=0.041895892 EV: (-0.11456918139489712, 0.11456918139489712) P1 Winnings: 19.0
Choosing model 1
[0.2633592537907918, 0.1477694193462684, 0.23773568507013249, 0.20218689435096943, 0.14894874744183798]
Games played: 30
Exploitability: P1=2.800000000 P2=0.041895892 EV: (0.013613941651115187, -0.013613941651115187) P1 Winnings: 19.0
Choosing model 2
[0.2633592115977586, 0.14776953782642696, 0.23773567574834306, 0.20218693272395413, 0.14894864210351721]
Games played: 31
Exploitability: P1=4.600000000 P2=0.041895892 EV: (0.04188499482637665, -0.04188499482637665) P1 Winnings: 12.0
Choosing model 0
[0.24671863409156028, 0.19133441374597737, 0.23077037125173613, 0.21058398641768125, 0.12059259449304494]
Games played: 32
Exploitability: P1=1.900000000 P2=0.041895892 EV: (-0.08740541981340742, 0.08740541981340742) P1 Winnings: 17.0
Choosing model 3
[0.2717905569928004, 0.12637809659293162, 0.24211616259611046, 0.199659066953712, 0.16005611686444554]
Games played: 33
Exploitability: P1=1.933333333 P2=0.041895892 EV: (-0.12058107299652047, 0.12058107299652047) P1 Winnings: 18.0
Choosing model 4
[0.28090234910854106, 0.10256378123279128, 0.24521218591423113, 0.19352161296341192, 0.17780007078102464]
Games played: 34
Exploitability: P1=2.600000000 P2=0.041895892 EV: (-0.11456918139489712, 0.11456918139489712) P1 Winnings: 15.0
Choosing model 2
[0.2886798823173602, 0.08158267482959529, 0.24661066582598415, 0.18573286431184693, 0.19739391271521345]
Games played: 35
Exploitability: P1=4.600000000 P2=0.041895892 EV: (0.04188499482637665, -0.04188499482637665) P1 Winnings: 8.0
Choosing model 3
[0.28918848835733274, 0.07241247240795318, 0.2272795720777464, 0.1958474011908017, 0.21527206596616597]
Games played: 36
Exploitability: P1=1.933333333 P2=0.041895892 EV: (-0.12058107299652047, 0.12058107299652047) P1 Winnings: -1.0
Choosing model 4
[0.2959886150116357, 0.0765209747164681, 0.24631382308962235, 0.18124944803147394, 0.19992713915079985]
Games played: 37
Exploitability: P1=2.600000000 P2=0.041895892 EV: (-0.11456918139489712, 0.11456918139489712) P1 Winnings: 0.0
Choosing model 2
[0.2959885992494697, 0.07652103874532819, 0.24631383755997113, 0.18124949710440474, 0.19992702734082637]
Games played: 38
Exploitability: P1=4.600000000 P2=0.041895892 EV: (0.04188499482637665, -0.04188499482637665) P1 Winnings: -1.0
Choosing model 4
[0.2959885393663047, 0.07652128144722799, 0.24631389216433897, 0.1812496831914565, 0.19992660383067182]
Games played: 39
Exploitability: P1=2.600000000 P2=0.041895892 EV: (-0.11456918139489712, 0.11456918139489712) P1 Winnings: -10.0
Choosing model 3
[0.287013918984194, 0.10255690799541319, 0.24748518290669155, 0.19539980957437109, 0.16754418053933012]
Games played: 40
Exploitability: P1=1.933333333 P2=0.041895892 EV: (-0.12058107299652047, 0.12058107299652047) P1 Winnings: -5.0
Choosing model 4
[0.2917826270581537, 0.10764515863420128, 0.2664035762428882, 0.1796161907538884, 0.1545524473108683]
Games played: 41
Exploitability: P1=2.600000000 P2=0.041895892 EV: (-0.11456918139489712, 0.11456918139489712) P1 Winnings: -4.0
Choosing model 3
[0.2792323361639943, 0.13896323074113767, 0.26407666014674824, 0.19022836960957729, 0.12749940333854265]
Games played: 42
Exploitability: P1=1.933333333 P2=0.041895892 EV: (-0.12058107299652047, 0.12058107299652047) P1 Winnings: 3.0
Choosing model 1
[0.25648629433777825, 0.21278847283929997, 0.3006696034390806, 0.15462510963103382, 0.07543051975280739]
Games played: 43
Exploitability: P1=2.800000000 P2=0.041895892 EV: (0.013613941651115187, -0.013613941651115187) P1 Winnings: 8.0
Choosing model 1
[0.2716159016583835, 0.17694583021675642, 0.3120166812291832, 0.15356437621730357, 0.08585721067837311]
Games played: 44
Exploitability: P1=2.800000000 P2=0.041895892 EV: (0.013613941651115187, -0.013613941651115187) P1 Winnings: 8.0
Choosing model 0
[0.26786523078048935, 0.18617554292376212, 0.3119202995882554, 0.1529315447995212, 0.08110738190797194]
Games played: 45
Exploitability: P1=1.900000000 P2=0.041895892 EV: (-0.08740541981340742, 0.08740541981340742) P1 Winnings: 13.0
Choosing model 3
[0.26726737465131145, 0.19178972800517413, 0.3295396060631618, 0.13797218814974982, 0.07343110313060278]
Games played: 46
Exploitability: P1=1.933333333 P2=0.041895892 EV: (-0.12058107299652047, 0.12058107299652047) P1 Winnings: 14.0
Choosing model 0
[0.2837646555919106, 0.1537471530901773, 0.34211414265016066, 0.1362803219986498, 0.08409372666910171]
Games played: 47
Exploitability: P1=1.900000000 P2=0.041895892 EV: (-0.08740541981340742, 0.08740541981340742) P1 Winnings: 17.0
Choosing model 2
[0.2798320353754307, 0.16233219689788492, 0.3402084347365101, 0.13769694918362338, 0.079930383806551]
Games played: 48
Exploitability: P1=4.600000000 P2=0.041895892 EV: (0.04188499482637665, -0.04188499482637665) P1 Winnings: 16.0
Choosing model 2
[0.25862174284213163, 0.20728052187949594, 0.36738306511405383, 0.11325140053645895, 0.05346326962785962]
Games played: 49
Exploitability: P1=4.600000000 P2=0.041895892 EV: (0.04188499482637665, -0.04188499482637665) P1 Winnings: 25.0
Choosing model 2
[0.24843118862022773, 0.24473360604568353, 0.2690463631979595, 0.17565542163718031, 0.06213342049894887]
Games played: 50
Exploitability: P1=4.600000000 P2=0.041895892 EV: (0.04188499482637665, -0.04188499482637665) P1 Winnings: 34.0
Choosing model 1
[0.22476239607859302, 0.3078666824914914, 0.26934228019512135, 0.15337440305154337, 0.044654238183250795]
Games played: 51
Exploitability: P1=2.800000000 P2=0.041895892 EV: (0.013613941651115187, -0.013613941651115187) P1 Winnings: 39.0
Choosing model 2
[0.24128594018632527, 0.26777530540941996, 0.2841599199412628, 0.1558023316299226, 0.0509765028330695]
Games played: 52
Exploitability: P1=4.600000000 P2=0.041895892 EV: (0.04188499482637665, -0.04188499482637665) P1 Winnings: 40.0
Choosing model 3
[0.2138009783216842, 0.29907454337427214, 0.18720600220280734, 0.2454172239308699, 0.054501252170366284]
Games played: 53
Exploitability: P1=1.933333333 P2=0.041895892 EV: (-0.12058107299652047, 0.12058107299652047) P1 Winnings: 53.0
Choosing model 2
[0.22268137691233633, 0.2765113366081643, 0.19363217340536884, 0.24943225499917576, 0.057742858074954884]
Games played: 54
Exploitability: P1=4.600000000 P2=0.041895892 EV: (0.04188499482637665, -0.04188499482637665) P1 Winnings: 50.0
Choosing model 2
[0.2151959322645354, 0.31557649096404133, 0.20728115994494578, 0.21662726430179488, 0.04531915252468259]
Games played: 55
Exploitability: P1=4.600000000 P2=0.041895892 EV: (0.04188499482637665, -0.04188499482637665) P1 Winnings: 55.0
Choosing model 3
[0.23195004201729938, 0.27559066895526674, 0.21956856036441594, 0.22094603754408665, 0.05194469111893149]
Games played: 56
Exploitability: P1=1.933333333 P2=0.041895892 EV: (-0.12058107299652047, 0.12058107299652047) P1 Winnings: 56.0
Choosing model 3
[0.23290736468321466, 0.28571062211661524, 0.2334496874787087, 0.20060412421644988, 0.0473282015050115]
Games played: 57
Exploitability: P1=1.933333333 P2=0.041895892 EV: (-0.12058107299652047, 0.12058107299652047) P1 Winnings: 57.0
Choosing model 0
[0.28122526485580623, 0.17971610070254082, 0.2662259661251958, 0.20247597823801963, 0.07035669007843753]
Games played: 58
Exploitability: P1=1.900000000 P2=0.041895892 EV: (-0.08740541981340742, 0.08740541981340742) P1 Winnings: 57.0
Choosing model 1
[0.2977218634950019, 0.14597816144393044, 0.2758292854710319, 0.20011924854015448, 0.08035144104988126]
Games played: 59
Exploitability: P1=2.800000000 P2=0.041895892 EV: (0.013613941651115187, -0.013613941651115187) P1 Winnings: 58.0
Choosing model 2
[0.304125117556277, 0.13212360193072129, 0.2592185048256904, 0.2151765795640828, 0.08935619612322838]
Games played: 60
Exploitability: P1=4.600000000 P2=0.041895892 EV: (0.04188499482637665, -0.04188499482637665) P1 Winnings: 67.0
Choosing model 1
[0.2887315016484649, 0.1744109834928437, 0.272312609291786, 0.19715630487973865, 0.06738860068716676]
Games played: 61
Exploitability: P1=2.800000000 P2=0.041895892 EV: (0.013613941651115187, -0.013613941651115187) P1 Winnings: 72.0
Choosing model 2
[0.2695095771755355, 0.21636951807580562, 0.3438926840430019, 0.12914096235068834, 0.04108725835496865]
Games played: 62
Exploitability: P1=4.600000000 P2=0.041895892 EV: (0.04188499482637665, -0.04188499482637665) P1 Winnings: 77.0
Choosing model 0
[0.21780369097566196, 0.33060515946415064, 0.303867552729885, 0.12368504969407283, 0.02403854713622933]
Games played: 63
Exploitability: P1=1.900000000 P2=0.041895892 EV: (-0.08740541981340742, 0.08740541981340742) P1 Winnings: 86.0
Choosing model 2
[0.21185211909449547, 0.34429888532154607, 0.2980484137073543, 0.12326415935915945, 0.022536422517444643]
Games played: 64
Exploitability: P1=4.600000000 P2=0.041895892 EV: (0.04188499482637665, -0.04188499482637665) P1 Winnings: 91.0
Choosing model 2
[0.20875831057821811, 0.3502835074330499, 0.31097978032747997, 0.10982789340982592, 0.020150508251426013]
Games played: 65
Exploitability: P1=4.600000000 P2=0.041895892 EV: (0.04188499482637665, -0.04188499482637665) P1 Winnings: 92.0
Choosing model 1
[0.17096176813413097, 0.45387665369314234, 0.24808187194677453, 0.11270759213184815, 0.014372114094104035]
Games played: 66
Exploitability: P1=2.800000000 P2=0.041895892 EV: (0.013613941651115187, -0.013613941651115187) P1 Winnings: 83.0
Choosing model 0
[0.18967980788537087, 0.4052342119229312, 0.2732405882324377, 0.11508876646809485, 0.01675662549116551]
Games played: 67
Exploitability: P1=1.900000000 P2=0.041895892 EV: (-0.08740541981340742, 0.08740541981340742) P1 Winnings: 84.0
Choosing model 2
[0.2083100080861671, 0.35813049024739835, 0.2978943918544454, 0.11632676031819007, 0.019338349493799048]
Games played: 68
Exploitability: P1=4.600000000 P2=0.041895892 EV: (0.04188499482637665, -0.04188499482637665) P1 Winnings: 85.0
Choosing model 0
[0.23206119480802037, 0.31411159435252045, 0.24997453990343912, 0.174692243450124, 0.029160427485896097]
Games played: 69
Exploitability: P1=1.900000000 P2=0.041895892 EV: (-0.08740541981340742, 0.08740541981340742) P1 Winnings: 85.0
Choosing model 2
[0.2552114393286537, 0.2377757629304191, 0.19794165876845288, 0.26057267805199197, 0.04849846092048249]
Games played: 70
Exploitability: P1=4.600000000 P2=0.041895892 EV: (0.04188499482637665, -0.04188499482637665) P1 Winnings: 92.0
Choosing model 1
[0.2552111551486517, 0.23777630042400624, 0.19794152228638537, 0.26057270814725164, 0.04849831399370492]
Games played: 71
Exploitability: P1=2.800000000 P2=0.041895892 EV: (0.013613941651115187, -0.013613941651115187) P1 Winnings: 83.0
Choosing model 3
[0.25521107415379035, 0.23777645370351658, 0.19794148341781206, 0.26057271665141873, 0.048498272073462315]
Games played: 72
Exploitability: P1=1.933333333 P2=0.041895892 EV: (-0.12058107299652047, 0.12058107299652047) P1 Winnings: 76.0
Choosing model 2
[0.26308796804817536, 0.22130254287614495, 0.20242014712003878, 0.26178630571897, 0.05140303623667088]
Games played: 73
Exploitability: P1=4.600000000 P2=0.041895892 EV: (0.04188499482637665, -0.04188499482637665) P1 Winnings: 79.0
Choosing model 3
[0.25095393743895456, 0.28055734639315033, 0.26122931740645666, 0.17523193923168215, 0.032027459529756205]
Games played: 74
Exploitability: P1=1.933333333 P2=0.041895892 EV: (-0.12058107299652047, 0.12058107299652047) P1 Winnings: 84.0
Choosing model 0
[0.2727708691911934, 0.23397536145781372, 0.27788138676785923, 0.17781819766703905, 0.03755418491609464]
Games played: 75
Exploitability: P1=1.900000000 P2=0.041895892 EV: (-0.08740541981340742, 0.08740541981340742) P1 Winnings: 84.0
Choosing model 1
[0.28906499114614265, 0.20089408956429283, 0.2894055221170061, 0.1783144931150224, 0.04232090405753594]
Games played: 76
Exploitability: P1=2.800000000 P2=0.041895892 EV: (0.013613941651115187, -0.013613941651115187) P1 Winnings: 83.0
Choosing model 1
[0.3064961134015945, 0.16726221372919808, 0.3007000827030788, 0.17731094660610688, 0.04823064356002171]
Games played: 77
Exploitability: P1=2.800000000 P2=0.041895892 EV: (0.013613941651115187, -0.013613941651115187) P1 Winnings: 83.0
Choosing model 0
[0.2802152662905022, 0.21516193640155093, 0.28546661465691014, 0.18137144883429995, 0.03778473381673671]
Games played: 78
Exploitability: P1=1.900000000 P2=0.041895892 EV: (-0.08740541981340742, 0.08740541981340742) P1 Winnings: 83.0
Choosing model 0
[0.3079672255157047, 0.16224851193412074, 0.30334959509119547, 0.17943509943948063, 0.0469995680194983]
Games played: 79
Exploitability: P1=1.900000000 P2=0.041895892 EV: (-0.08740541981340742, 0.08740541981340742) P1 Winnings: 86.0
Choosing model 2
[0.2819495782139089, 0.20900104345398363, 0.2883801245608095, 0.18379805101729246, 0.03687120275400558]
Games played: 80
Exploitability: P1=4.600000000 P2=0.041895892 EV: (0.04188499482637665, -0.04188499482637665) P1 Winnings: 91.0
Choosing model 0
[0.27552925894027186, 0.21856042141328788, 0.28576953050850257, 0.18650459970203578, 0.03363618943590187]
Games played: 81
Exploitability: P1=1.900000000 P2=0.041895892 EV: (-0.08740541981340742, 0.08740541981340742) P1 Winnings: 98.0
Choosing model 1
[0.2584213680817701, 0.25116358867856486, 0.2743950877084476, 0.18745590880170118, 0.028564046729516245]
Games played: 82
Exploitability: P1=2.800000000 P2=0.041895892 EV: (0.013613941651115187, -0.013613941651115187) P1 Winnings: 93.0
Choosing model 2
[0.23359069124006832, 0.3008035772579525, 0.32440967603965043, 0.12387347262442147, 0.01732258283790728]
Games played: 83
Exploitability: P1=4.600000000 P2=0.041895892 EV: (0.04188499482637665, -0.04188499482637665) P1 Winnings: 96.0
Choosing model 2
[0.2580500040468925, 0.2616264310654691, 0.26994991799972234, 0.1844710636120082, 0.02590258327590789]
Games played: 84
Exploitability: P1=4.600000000 P2=0.041895892 EV: (0.04188499482637665, -0.04188499482637665) P1 Winnings: 87.0
Choosing model 0
[0.2525153151053955, 0.2731408224723128, 0.2677760468034804, 0.1822877762728227, 0.02428003934598867]
Games played: 85
Exploitability: P1=1.900000000 P2=0.041895892 EV: (-0.08740541981340742, 0.08740541981340742) P1 Winnings: 92.0
Choosing model 1
[0.26655466979065745, 0.24808098569750286, 0.3061324452245162, 0.15617528599241431, 0.023056613294909274]
Games played: 86
Exploitability: P1=2.800000000 P2=0.041895892 EV: (0.013613941651115187, -0.013613941651115187) P1 Winnings: 95.0
Choosing model 2
[0.23742830947813465, 0.30529937011617225, 0.31861191947739625, 0.12379701567569462, 0.014863385252602385]
Games played: 87
Exploitability: P1=4.600000000 P2=0.041895892 EV: (0.04188499482637665, -0.04188499482637665) P1 Winnings: 104.0
Choosing model 1
[0.2374280034698602, 0.3053000067168824, 0.3186116439279618, 0.12379700826762444, 0.014863337617671104]
Games played: 88
Exploitability: P1=2.800000000 P2=0.041895892 EV: (0.013613941651115187, -0.013613941651115187) P1 Winnings: 95.0
Choosing model 2
[0.25945640394792724, 0.25597866866911706, 0.3407435673174032, 0.1262994812403881, 0.017521878825164566]
Games played: 89
Exploitability: P1=4.600000000 P2=0.041895892 EV: (0.04188499482637665, -0.04188499482637665) P1 Winnings: 96.0
Choosing model 1
[0.2557129049035127, 0.26047445576468686, 0.35559061788971513, 0.11255238244059369, 0.01566963900149158]
Games played: 90
Exploitability: P1=2.800000000 P2=0.041895892 EV: (0.013613941651115187, -0.013613941651115187) P1 Winnings: 97.0
Choosing model 1
[0.25571282194373673, 0.2604746218369764, 0.3555905455535987, 0.11255238531913188, 0.015669625346556214]
Games played: 91
Exploitability: P1=2.800000000 P2=0.041895892 EV: (0.013613941651115187, -0.013613941651115187) P1 Winnings: 90.0
Choosing model 2
[0.25431293365033286, 0.2604990302222981, 0.3562896355922515, 0.11397404258199796, 0.014924357953119662]
Games played: 92
Exploitability: P1=4.600000000 P2=0.041895892 EV: (0.04188499482637665, -0.04188499482637665) P1 Winnings: 93.0
Choosing model 1
[0.27444482610733206, 0.21681009430226394, 0.3782647813109027, 0.11318995502721652, 0.017290343252284818]
Games played: 93
Exploitability: P1=2.800000000 P2=0.041895892 EV: (0.013613941651115187, -0.013613941651115187) P1 Winnings: 96.0
Choosing model 0
[0.2901034081041278, 0.18459315315892108, 0.3927817174180769, 0.1130567015156322, 0.0194650198032421]
Games played: 94
Exploitability: P1=1.900000000 P2=0.041895892 EV: (-0.08740541981340742, 0.08740541981340742) P1 Winnings: 97.0
Choosing model 0
[0.30438486325630065, 0.15585902964708767, 0.40911892211686945, 0.10917524987128754, 0.021461935108454615]
Games played: 95
Exploitability: P1=1.900000000 P2=0.041895892 EV: (-0.08740541981340742, 0.08740541981340742) P1 Winnings: 98.0
Choosing model 2
[0.3421356294655177, 0.09126341317703351, 0.4343209913858923, 0.10257983157177263, 0.02970013439978398]
Games played: 96
Exploitability: P1=4.600000000 P2=0.041895892 EV: (0.04188499482637665, -0.04188499482637665) P1 Winnings: 95.0
Choosing model 0
[0.32337322042724975, 0.11922221656190221, 0.42535233346153556, 0.10779200506936684, 0.024260224479945715]
Games played: 97
Exploitability: P1=1.900000000 P2=0.041895892 EV: (-0.08740541981340742, 0.08740541981340742) P1 Winnings: 100.0
Choosing model 1
[0.3189791706823902, 0.1259139701014358, 0.4230990117201413, 0.10894238024733374, 0.023065467248698974]
Games played: 98
Exploitability: P1=2.800000000 P2=0.041895892 EV: (0.013613941651115187, -0.013613941651115187) P1 Winnings: 99.0
Choosing model 2
[0.3189789493339452, 0.12591430756197175, 0.4230988975147796, 0.10894243853996392, 0.023065407049339546]
Games played: 99
Exploitability: P1=4.600000000 P2=0.041895892 EV: (0.04188499482637665, -0.04188499482637665) P1 Winnings: 90.0
Choosing model 2
[0.35603273701367344, 0.08432577504717939, 0.40844355821278605, 0.1186775882380183, 0.032520341488342805]
Games played: 100
Exploitability: P1=4.600000000 P2=0.041895892 EV: (0.04188499482637665, -0.04188499482637665) P1 Winnings: 90.0
Choosing model 4
[0.3516744937848549, 0.08599721590403366, 0.42718634851087256, 0.10599479134664389, 0.02914715045359497]
Games played: 101
Exploitability: P1=2.600000000 P2=0.041895892 EV: (-0.11456918139489712, 0.11456918139489712) P1 Winnings: 91.0
Choosing model 2
[0.35413332262702973, 0.08055857503297001, 0.43018263452995253, 0.10621691843763482, 0.028908549372413033]
Games played: 102
Exploitability: P1=4.600000000 P2=0.041895892 EV: (0.04188499482637665, -0.04188499482637665) P1 Winnings: 88.0
Choosing model 2
[0.36714826435119186, 0.07400097043416977, 0.41030955060180896, 0.11591321667183009, 0.03262799794099937]
Games played: 103
Exploitability: P1=4.600000000 P2=0.041895892 EV: (0.04188499482637665, -0.04188499482637665) P1 Winnings: 97.0
Choosing model 0
[0.34134956246068726, 0.095056432403578, 0.4457341928671526, 0.09590527381885659, 0.021954538449725596]
Games played: 104
Exploitability: P1=1.900000000 P2=0.041895892 EV: (-0.08740541981340742, 0.08740541981340742) P1 Winnings: 106.0
Choosing model 0
[0.35171961147232084, 0.0793557157975938, 0.45136004414024994, 0.09350878805653143, 0.024055840533303986]
Games played: 105
Exploitability: P1=1.900000000 P2=0.041895892 EV: (-0.08740541981340742, 0.08740541981340742) P1 Winnings: 107.0
Choosing model 0
[0.34795047968776477, 0.08405382483642991, 0.4502760787593852, 0.09478187943946842, 0.02293773727695162]
Games played: 106
Exploitability: P1=1.900000000 P2=0.041895892 EV: (-0.08740541981340742, 0.08740541981340742) P1 Winnings: 112.0
Choosing model 2
[0.36304784032233256, 0.08549127377303879, 0.4062091103552922, 0.11916972499407644, 0.026082050555260087]
Games played: 107
Exploitability: P1=4.600000000 P2=0.041895892 EV: (0.04188499482637665, -0.04188499482637665) P1 Winnings: 121.0
Choosing model 2
[0.35897274696537135, 0.09018629619443413, 0.4071476692821887, 0.11898959876287338, 0.024703688795132406]
Games played: 108
Exploitability: P1=4.600000000 P2=0.041895892 EV: (0.04188499482637665, -0.04188499482637665) P1 Winnings: 126.0
Choosing model 3
[0.36967889805184145, 0.07524943740869082, 0.41206429225295577, 0.11595383381586069, 0.027053538470651443]
Games played: 109
Exploitability: P1=1.933333333 P2=0.041895892 EV: (-0.12058107299652047, 0.12058107299652047) P1 Winnings: 125.0
Choosing model 2
[0.3816292798498807, 0.06012607543129929, 0.416284894889374, 0.11178929678700547, 0.03017045304244049]
Games played: 110
Exploitability: P1=4.600000000 P2=0.041895892 EV: (0.04188499482637665, -0.04188499482637665) P1 Winnings: 128.0
Choosing model 0
[0.3673988242432021, 0.06835975115370115, 0.44393447960046595, 0.0967178516073574, 0.0235890933952734]
Games played: 111
Exploitability: P1=1.900000000 P2=0.041895892 EV: (-0.08740541981340742, 0.08740541981340742) P1 Winnings: 133.0
Choosing model 2
[0.3715519185316322, 0.06151193901957603, 0.4470035898710671, 0.09603989200413078, 0.023892660573593946]
Games played: 112
Exploitability: P1=4.600000000 P2=0.041895892 EV: (0.04188499482637665, -0.04188499482637665) P1 Winnings: 128.0
Choosing model 2
[0.38526900286318005, 0.05651385490410161, 0.4264220340342124, 0.10482401711229587, 0.026971091086210153]
Games played: 113
Exploitability: P1=4.600000000 P2=0.041895892 EV: (0.04188499482637665, -0.04188499482637665) P1 Winnings: 119.0
Choosing model 2
[0.40080777721225963, 0.040339412900300346, 0.4289306641794121, 0.09816544487928996, 0.03175670082873788]
Games played: 114
Exploitability: P1=4.600000000 P2=0.041895892 EV: (0.04188499482637665, -0.04188499482637665) P1 Winnings: 119.0
Choosing model 3
[0.4008076257978794, 0.04033953376701271, 0.428930684008364, 0.09816552844091077, 0.03175662798583321]
Games played: 115
Exploitability: P1=1.933333333 P2=0.041895892 EV: (-0.12058107299652047, 0.12058107299652047) P1 Winnings: 110.0
Choosing model 0
[0.41426271762238487, 0.028607066029282105, 0.42864955344598976, 0.09133235414904065, 0.037148308753302654]
Games played: 116
Exploitability: P1=1.900000000 P2=0.041895892 EV: (-0.08740541981340742, 0.08740541981340742) P1 Winnings: 113.0
Choosing model 2
[0.40855747484315974, 0.029128876959704265, 0.44762472063872843, 0.08144545183267457, 0.033243475725732934]
Games played: 117
Exploitability: P1=4.600000000 P2=0.041895892 EV: (0.04188499482637665, -0.04188499482637665) P1 Winnings: 114.0
Choosing model 0
[0.40552548274225186, 0.030846782639380274, 0.45038479996571557, 0.0816351637869443, 0.03160777086570788]
Games played: 118
Exploitability: P1=1.900000000 P2=0.041895892 EV: (-0.08740541981340742, 0.08740541981340742) P1 Winnings: 119.0
Choosing model 2
[0.3988415711806407, 0.031323137264216684, 0.4690297281776461, 0.072597958980322, 0.028207604397174475]
Games played: 119
Exploitability: P1=4.600000000 P2=0.041895892 EV: (0.04188499482637665, -0.04188499482637665) P1 Winnings: 120.0
Choosing model 0
[0.4063502236914207, 0.02461229579222069, 0.4701176685334351, 0.06806750477716295, 0.030852307205760595]
Games played: 120
Exploitability: P1=1.900000000 P2=0.041895892 EV: (-0.08740541981340742, 0.08740541981340742) P1 Winnings: 123.0
Choosing model 2
[0.41822103853732034, 0.041930472754316515, 0.3854821871091192, 0.12073438299359349, 0.0336319186056505]
Games played: 121
Exploitability: P1=4.600000000 P2=0.041895892 EV: (0.04188499482637665, -0.04188499482637665) P1 Winnings: 136.0
Choosing model 0
[0.42630229481501236, 0.03462908980078483, 0.38615881686059034, 0.11645434342674954, 0.03645545509686285]
Games played: 122
Exploitability: P1=1.900000000 P2=0.041895892 EV: (-0.08740541981340742, 0.08740541981340742) P1 Winnings: 135.0
Choosing model 3
[0.4232383368288289, 0.03681008477465113, 0.38660564679087367, 0.11846090681370616, 0.03488502479194013]
Games played: 123
Exploitability: P1=1.933333333 P2=0.041895892 EV: (-0.12058107299652047, 0.12058107299652047) P1 Winnings: 140.0
Choosing model 2
[0.442029139690782, 0.023050439330102132, 0.3845434910685644, 0.10648101970260003, 0.043895910207951506]
Games played: 124
Exploitability: P1=4.600000000 P2=0.041895892 EV: (0.04188499482637665, -0.04188499482637665) P1 Winnings: 141.0
Choosing model 3
[0.4420097635496803, 0.029275345100703315, 0.28064906170699716, 0.19200413528459764, 0.056061694358021524]
Games played: 125
Exploitability: P1=1.933333333 P2=0.041895892 EV: (-0.12058107299652047, 0.12058107299652047) P1 Winnings: 154.0
Choosing model 0
[0.426984062991011, 0.039087383315526456, 0.2809154568467932, 0.2062097753158207, 0.046803321530848756]
Games played: 126
Exploitability: P1=1.900000000 P2=0.041895892 EV: (-0.08740541981340742, 0.08740541981340742) P1 Winnings: 141.0
Choosing model 3
[0.4269840162874949, 0.03908741382798625, 0.2809154575828524, 0.20620981957269086, 0.046803292728975515]
Games played: 127
Exploitability: P1=1.933333333 P2=0.041895892 EV: (-0.12058107299652047, 0.12058107299652047) P1 Winnings: 140.0
Choosing model 2
[0.4296863052963175, 0.040611585330980554, 0.29932976740980743, 0.18763511201442581, 0.042737229948468534]
Games played: 128
Exploitability: P1=4.600000000 P2=0.041895892 EV: (0.04188499482637665, -0.04188499482637665) P1 Winnings: 141.0
Choosing model 3
[0.4385624278689026, 0.033583760320030485, 0.3002477383438345, 0.18122025006523468, 0.046385823401997685]
Games played: 129
Exploitability: P1=1.933333333 P2=0.041895892 EV: (-0.12058107299652047, 0.12058107299652047) P1 Winnings: 142.0
Choosing model 4
[0.4398367579374573, 0.034774631182005966, 0.31884104229073257, 0.16433561651269976, 0.04221195207710433]
Games played: 130
Exploitability: P1=2.600000000 P2=0.041895892 EV: (-0.11456918139489712, 0.11456918139489712) P1 Winnings: 143.0
Choosing model 2
[0.4498015977911649, 0.0275254595382092, 0.3190893698700868, 0.15694925403677262, 0.046634318763766384]
Games played: 131
Exploitability: P1=4.600000000 P2=0.041895892 EV: (0.04188499482637665, -0.04188499482637665) P1 Winnings: 146.0
Choosing model 4
[0.4498014485894246, 0.027525543279224688, 0.31908939932082747, 0.1569493948673358, 0.046634213943187355]
Games played: 132
Exploitability: P1=2.600000000 P2=0.041895892 EV: (-0.11456918139489712, 0.11456918139489712) P1 Winnings: 137.0
Choosing model 2
[0.4467627664821999, 0.029271870431957326, 0.319597531781143, 0.15972312694176394, 0.04464470436293582]
Games played: 133
Exploitability: P1=4.600000000 P2=0.041895892 EV: (0.04188499482637665, -0.04188499482637665) P1 Winnings: 136.0
Choosing model 3
[0.43161839054610107, 0.039071462529108404, 0.3607720130700863, 0.13732273166237813, 0.031215402192326006]
Games played: 134
Exploitability: P1=1.933333333 P2=0.041895892 EV: (-0.12058107299652047, 0.12058107299652047) P1 Winnings: 145.0
Choosing model 2
[0.43566608447704813, 0.035606523036665255, 0.36124520860193354, 0.13508675141958623, 0.032395432464766775]
Games played: 135
Exploitability: P1=4.600000000 P2=0.041895892 EV: (0.04188499482637665, -0.04188499482637665) P1 Winnings: 148.0
Choosing model 0
[0.4437369274232965, 0.029383319330558384, 0.36159618617150674, 0.13019589206057247, 0.03508767501406594]
Games played: 136
Exploitability: P1=1.900000000 P2=0.041895892 EV: (-0.08740541981340742, 0.08740541981340742) P1 Winnings: 149.0
Choosing model 0
[0.44063068149205137, 0.03123981620357592, 0.3620828224308285, 0.13246418763757062, 0.03358249223597349]
Games played: 137
Exploitability: P1=1.900000000 P2=0.041895892 EV: (-0.08740541981340742, 0.08740541981340742) P1 Winnings: 148.0
Choosing model 2
[0.43777540692097827, 0.032044847434365004, 0.3809069744990045, 0.11899808729960226, 0.030274683846050074]
Games played: 138
Exploitability: P1=4.600000000 P2=0.041895892 EV: (0.04188499482637665, -0.04188499482637665) P1 Winnings: 149.0
Choosing model 2
[0.4337619933557715, 0.03278169881461096, 0.39962572486701486, 0.10661172999839093, 0.027218852964211684]
Games played: 139
Exploitability: P1=4.600000000 P2=0.041895892 EV: (0.04188499482637665, -0.04188499482637665) P1 Winnings: 150.0
Choosing model 2
[0.4534315781294117, 0.031563611445824445, 0.33191667405041336, 0.14876753806795426, 0.03432059830639614]
Games played: 140
Exploitability: P1=4.600000000 P2=0.041895892 EV: (0.04188499482637665, -0.04188499482637665) P1 Winnings: 163.0
Choosing model 3
[0.4500835514141984, 0.03354490098081348, 0.3322349837195585, 0.15130093003829315, 0.03283563384713652]
Games played: 141
Exploitability: P1=1.933333333 P2=0.041895892 EV: (-0.12058107299652047, 0.12058107299652047) P1 Winnings: 150.0
Choosing model 0
[0.460233374231886, 0.026549359881049152, 0.3324596716877601, 0.1444856279016417, 0.036271966297663]
Games played: 142
Exploitability: P1=1.900000000 P2=0.041895892 EV: (-0.08740541981340742, 0.08740541981340742) P1 Winnings: 150.0
Choosing model 2
[0.45707362485804853, 0.028230629339966427, 0.3329522412464958, 0.14702281668050088, 0.034720687874988464]
Games played: 143
Exploitability: P1=4.600000000 P2=0.041895892 EV: (0.04188499482637665, -0.04188499482637665) P1 Winnings: 149.0
Choosing model 0
[0.4719795742710928, 0.019601065733866267, 0.3317105620536964, 0.13577970630457, 0.040929091636774516]
Games played: 144
Exploitability: P1=1.900000000 P2=0.041895892 EV: (-0.08740541981340742, 0.08740541981340742) P1 Winnings: 154.0
Choosing model 0
[0.47039950701214217, 0.020169561236355004, 0.35005584250221033, 0.1223611057304878, 0.0370139835188047]
Games played: 145
Exploitability: P1=1.900000000 P2=0.041895892 EV: (-0.08740541981340742, 0.08740541981340742) P1 Winnings: 155.0
Choosing model 3
[0.4675758073275271, 0.021465453986244533, 0.35087903779453655, 0.1246179503371451, 0.03546175055454675]
Games played: 146
Exploitability: P1=1.933333333 P2=0.041895892 EV: (-0.12058107299652047, 0.12058107299652047) P1 Winnings: 154.0
Choosing model 0
[0.48473775869017727, 0.013342628025812946, 0.34643644745871016, 0.11119026039813668, 0.044292905427162875]
Games played: 147
Exploitability: P1=1.900000000 P2=0.041895892 EV: (-0.08740541981340742, 0.08740541981340742) P1 Winnings: 153.0
Choosing model 0
[0.4818148009792271, 0.013692658512164004, 0.3646122365524495, 0.09993207566720556, 0.03994822828895388]
Games played: 148
Exploitability: P1=1.900000000 P2=0.041895892 EV: (-0.08740541981340742, 0.08740541981340742) P1 Winnings: 154.0
Choosing model 0
[0.47939582240627876, 0.01458681040355206, 0.3658307994923123, 0.10187580483451616, 0.03831076286334078]
Games played: 149
Exploitability: P1=1.900000000 P2=0.041895892 EV: (-0.08740541981340742, 0.08740541981340742) P1 Winnings: 153.0
Choosing model 0
[0.4769033730431486, 0.015536561179227951, 0.3669875443333702, 0.10383869818482232, 0.03673382325943089]
Games played: 150
Exploitability: P1=1.900000000 P2=0.041895892 EV: (-0.08740541981340742, 0.08740541981340742) P1 Winnings: 158.0
Choosing model 2
[0.4769033396662531, 0.015536573919441686, 0.3669875597518065, 0.10383872456129793, 0.03673380210120078]
Games played: 151
Exploitability: P1=4.600000000 P2=0.041895892 EV: (0.04188499482637665, -0.04188499482637665) P1 Winnings: 157.0
Choosing model 0
[0.48420385600851795, 0.012165779002961532, 0.3665686679581063, 0.0970225220504419, 0.04003917497997241]
Games played: 152
Exploitability: P1=1.900000000 P2=0.041895892 EV: (-0.08740541981340742, 0.08740541981340742) P1 Winnings: 160.0
Choosing model 0
[0.49097441763260785, 0.009548015518693059, 0.3637429670992295, 0.09187582770580544, 0.04385877204366425]
Games played: 153
Exploitability: P1=1.900000000 P2=0.041895892 EV: (-0.08740541981340742, 0.08740541981340742) P1 Winnings: 160.0
Choosing model 0
[0.5035444322033853, 0.005871355259877747, 0.3552915357304368, 0.08109824986297554, 0.054194426943324686]
Games played: 154
Exploitability: P1=1.900000000 P2=0.041895892 EV: (-0.08740541981340742, 0.08740541981340742) P1 Winnings: 161.0
Choosing model 3
[0.4993940213773388, 0.006011972863654722, 0.3730995956405533, 0.07272469303316256, 0.04876971708529063]
Games played: 155
Exploitability: P1=1.933333333 P2=0.041895892 EV: (-0.12058107299652047, 0.12058107299652047) P1 Winnings: 162.0
Choosing model 0
[0.5287043500492465, 0.004380993010537873, 0.28440559644121743, 0.10442610586045323, 0.07808295463854482]
Games played: 156
Exploitability: P1=1.900000000 P2=0.041895892 EV: (-0.08740541981340742, 0.08740541981340742) P1 Winnings: 169.0
Choosing model 2
[0.5182757597083911, 0.006823540047530074, 0.2939138983659303, 0.11965781990978919, 0.061328981968359474]
Games played: 157
Exploitability: P1=4.600000000 P2=0.041895892 EV: (0.04188499482637665, -0.04188499482637665) P1 Winnings: 164.0
Choosing model 0
[0.5135238583563938, 0.00798456048348982, 0.32259081837847053, 0.10654943651063123, 0.04935132627101473]
Games played: 158
Exploitability: P1=1.900000000 P2=0.041895892 EV: (-0.08740541981340742, 0.08740541981340742) P1 Winnings: 169.0
Choosing model 4
[0.511240957220816, 0.008207088952675693, 0.3400567442105217, 0.09591378839638781, 0.04458142121959867]
Games played: 159
Exploitability: P1=2.600000000 P2=0.041895892 EV: (-0.11456918139489712, 0.11456918139489712) P1 Winnings: 170.0
Choosing model 0
[0.5136539630593688, 0.007444751945006883, 0.33893142737821097, 0.09391664316929217, 0.04605321444812109]
Games played: 160
Exploitability: P1=1.900000000 P2=0.041895892 EV: (-0.08740541981340742, 0.08740541981340742) P1 Winnings: 167.0
Choosing model 4
[0.5115974343712999, 0.007939010920181542, 0.3404116962333397, 0.09584121538937539, 0.04421064308580344]
Games played: 161
Exploitability: P1=2.600000000 P2=0.041895892 EV: (-0.11456918139489712, 0.11456918139489712) P1 Winnings: 166.0
Choosing model 2
[0.49940269504676826, 0.010941604534978592, 0.3588377026512946, 0.09562781969655386, 0.035190178070404636]
Games played: 162
Exploitability: P1=4.600000000 P2=0.041895892 EV: (0.04188499482637665, -0.04188499482637665) P1 Winnings: 169.0
Choosing model 0
[0.5061614837804497, 0.00855275465908865, 0.3578016996147262, 0.08919444377309281, 0.03828961817264249]
Games played: 163
Exploitability: P1=1.900000000 P2=0.041895892 EV: (-0.08740541981340742, 0.08740541981340742) P1 Winnings: 172.0
Choosing model 0
[0.5022106568930512, 0.007301483998615748, 0.3844840174859975, 0.07182751177287687, 0.034176329849458564]
Games played: 164
Exploitability: P1=1.900000000 P2=0.041895892 EV: (-0.08740541981340742, 0.08740541981340742) P1 Winnings: 175.0
Choosing model 0
[0.5117665253450129, 0.005002869462737691, 0.37801110385748793, 0.06546208842273436, 0.03975741291202703]
Games played: 165
Exploitability: P1=1.900000000 P2=0.041895892 EV: (-0.08740541981340742, 0.08740541981340742) P1 Winnings: 175.0
Choosing model 0
[0.505470980997801, 0.005101720192698253, 0.3953331986727803, 0.058462728885130065, 0.035631371251590625]
Games played: 166
Exploitability: P1=1.900000000 P2=0.041895892 EV: (-0.08740541981340742, 0.08740541981340742) P1 Winnings: 176.0
Choosing model 0
[0.5071355464570644, 0.004554300247138457, 0.39491306212172334, 0.05759306397793782, 0.035804027196136234]
Games played: 167
Exploitability: P1=1.900000000 P2=0.041895892 EV: (-0.08740541981340742, 0.08740541981340742) P1 Winnings: 171.0
Choosing model 0
[0.5071355216951562, 0.0045543040781008525, 0.3949130870696528, 0.05759307982603074, 0.03580400733105941]
Games played: 168
Exploitability: P1=1.900000000 P2=0.041895892 EV: (-0.08740541981340742, 0.08740541981340742) P1 Winnings: 170.0
Choosing model 2
[0.5052342263967958, 0.004857907077912946, 0.396739252111226, 0.05878832377499372, 0.03438029063907142]
Games played: 169
Exploitability: P1=4.600000000 P2=0.041895892 EV: (0.04188499482637665, -0.04188499482637665) P1 Winnings: 161.0
Choosing model 0
[0.5188038422701519, 0.004419881011484616, 0.37480006392186194, 0.06354275972972767, 0.03843345306677382]
Games played: 170
Exploitability: P1=1.900000000 P2=0.041895892 EV: (-0.08740541981340742, 0.08740541981340742) P1 Winnings: 152.0
Choosing model 0
[0.546359080245358, 0.002455249776164884, 0.3330675663735549, 0.06336715664851393, 0.054750946956408385]
Games played: 171
Exploitability: P1=1.900000000 P2=0.041895892 EV: (-0.08740541981340742, 0.08740541981340742) P1 Winnings: 157.0
Choosing model 0
[0.5711417056515956, 0.0017666204183931359, 0.2506925013980915, 0.08984337597826723, 0.08655579655365263]
Games played: 172
Exploitability: P1=1.900000000 P2=0.041895892 EV: (-0.08740541981340742, 0.08740541981340742) P1 Winnings: 154.0
Choosing model 2
[0.5734328235939733, 0.0014370814668382519, 0.24736026898182317, 0.08535666563503447, 0.09241316032233084]
Games played: 173
Exploitability: P1=4.600000000 P2=0.041895892 EV: (0.04188499482637665, -0.04188499482637665) P1 Winnings: 155.0
Choosing model 3
[0.5731860227880556, 0.001532553253399103, 0.250638429295912, 0.08615806299633999, 0.08848493166629323]
Games played: 174
Exploitability: P1=1.933333333 P2=0.041895892 EV: (-0.12058107299652047, 0.12058107299652047) P1 Winnings: 160.0
Choosing model 2
[0.5764837191767178, 0.0010575711607928387, 0.24373309418690428, 0.07800333135693728, 0.10072228411864788]
Games played: 175
Exploitability: P1=4.600000000 P2=0.041895892 EV: (0.04188499482637665, -0.04188499482637665) P1 Winnings: 163.0
Choosing model 3
[0.5764837135309668, 0.0010575747186997427, 0.2437331951432464, 0.07800342645958352, 0.10072209014750344]
Games played: 176
Exploitability: P1=1.933333333 P2=0.041895892 EV: (-0.12058107299652047, 0.12058107299652047) P1 Winnings: 154.0
Choosing model 0
[0.5819974420336426, 0.0006866085049756833, 0.1975996541608739, 0.08278972482292382, 0.1369265704775841]
Games played: 177
Exploitability: P1=1.900000000 P2=0.041895892 EV: (-0.08740541981340742, 0.08740541981340742) P1 Winnings: 157.0
Choosing model 2
[0.587260522158735, 0.0007153062532810335, 0.21112044266686045, 0.07553548887555177, 0.12536824004557165]
Games played: 178
Exploitability: P1=4.600000000 P2=0.041895892 EV: (0.04188499482637665, -0.04188499482637665) P1 Winnings: 158.0
Choosing model 0
[0.587487296021145, 0.0005518823208363681, 0.2077801614624046, 0.06953989840146206, 0.1346407617941518]
Games played: 179
Exploitability: P1=1.900000000 P2=0.041895892 EV: (-0.08740541981340742, 0.08740541981340742) P1 Winnings: 161.0
Choosing model 4
[0.5867429986218228, 0.0004401550275917891, 0.20367063693027498, 0.06544950193046943, 0.143696707489841]
Games played: 180
Exploitability: P1=2.600000000 P2=0.041895892 EV: (-0.11456918139489712, 0.11456918139489712) P1 Winnings: 161.0
Choosing model 2
[0.5912236870973412, 0.0004579126996456579, 0.21730349315163486, 0.059631417026715816, 0.13138349002466249]
Games played: 181
Exploitability: P1=4.600000000 P2=0.041895892 EV: (0.04188499482637665, -0.04188499482637665) P1 Winnings: 162.0
Choosing model 2
[0.5927968987473986, 0.00040680636545948755, 0.2004494508425745, 0.06293522688493954, 0.1434116171596278]
Games played: 182
Exploitability: P1=4.600000000 P2=0.041895892 EV: (0.04188499482637665, -0.04188499482637665) P1 Winnings: 153.0
Choosing model 0
[0.595793392602829, 0.000565109015552728, 0.20875019104699113, 0.07032380841804023, 0.12456749891658697]
Games played: 183
Exploitability: P1=1.900000000 P2=0.041895892 EV: (-0.08740541981340742, 0.08740541981340742) P1 Winnings: 158.0
Choosing model 0
[0.5955465464465973, 0.0004576692484741157, 0.20506749955640932, 0.06651737689017655, 0.13241090785834275]
Games played: 184
Exploitability: P1=1.900000000 P2=0.041895892 EV: (-0.08740541981340742, 0.08740541981340742) P1 Winnings: 159.0
Choosing model 0
[0.5994748610364897, 0.00047564190470242334, 0.21856794940006388, 0.060541789520651014, 0.1209397581380931]
Games played: 185
Exploitability: P1=1.900000000 P2=0.041895892 EV: (-0.08740541981340742, 0.08740541981340742) P1 Winnings: 160.0
Choosing model 0
[0.59947487103398, 0.0004756423359569001, 0.21856797752479934, 0.0605418101458911, 0.12093969895937269]
Games played: 186
Exploitability: P1=1.900000000 P2=0.041895892 EV: (-0.08740541981340742, 0.08740541981340742) P1 Winnings: 159.0
Choosing model 4
[0.5994748810314464, 0.0004756427672117487, 0.2185680056495296, 0.06054183077113578, 0.12093963978067637]
Games played: 187
Exploitability: P1=2.600000000 P2=0.041895892 EV: (-0.11456918139489712, 0.11456918139489712) P1 Winnings: 158.0
Choosing model 0
[0.6004832862222751, 0.0007570071857600863, 0.2308078072120087, 0.0708874694468304, 0.09706442993312572]
Games played: 188
Exploitability: P1=1.900000000 P2=0.041895892 EV: (-0.08740541981340742, 0.08740541981340742) P1 Winnings: 158.0
Choosing model 0
[0.6016873838666109, 0.0005871006438913778, 0.22632322355836812, 0.06633420668044421, 0.10506808525068552]
Games played: 189
Exploitability: P1=1.900000000 P2=0.041895892 EV: (-0.08740541981340742, 0.08740541981340742) P1 Winnings: 158.0
Choosing model 3
[0.6033452793096868, 0.0006078279721463239, 0.2403026225786162, 0.06014470894220646, 0.09559956119734409]
Games played: 190
Exploitability: P1=1.933333333 P2=0.041895892 EV: (-0.12058107299652047, 0.12058107299652047) P1 Winnings: 159.0
Choosing model 2
[0.6042291360306797, 0.0004902919169017018, 0.23640237129408515, 0.05691461622612152, 0.10196358453221188]
Games played: 191
Exploitability: P1=4.600000000 P2=0.041895892 EV: (0.04188499482637665, -0.04188499482637665) P1 Winnings: 159.0
Choosing model 0
[0.6084497722559741, 0.00043745033882337293, 0.21900748802812953, 0.06032696218312551, 0.11177832719394756]
Games played: 192
Exploitability: P1=1.900000000 P2=0.041895892 EV: (-0.08740541981340742, 0.08740541981340742) P1 Winnings: 150.0
Choosing model 0
[0.6088671530820912, 0.00046868928259570454, 0.22099970552404008, 0.06185307649624789, 0.10781137561502523]
Games played: 193
Exploitability: P1=1.900000000 P2=0.041895892 EV: (-0.08740541981340742, 0.08740541981340742) P1 Winnings: 149.0
Choosing model 0
[0.610470926189747, 0.0005549693571087783, 0.24545183609390253, 0.05573321394560263, 0.08778905441363907]
Games played: 194
Exploitability: P1=1.900000000 P2=0.041895892 EV: (-0.08740541981340742, 0.08740541981340742) P1 Winnings: 154.0
Choosing model 0
[0.6070701030785912, 0.0008768635858122033, 0.2573203402191656, 0.06478462327436414, 0.06994806984206696]
Games played: 195
Exploitability: P1=1.900000000 P2=0.041895892 EV: (-0.08740541981340742, 0.08740541981340742) P1 Winnings: 149.0
Choosing model 0
[0.6109088405726292, 0.0005933236805897269, 0.24983426165908626, 0.05830725359013864, 0.08035632049755626]
Games played: 196
Exploitability: P1=1.900000000 P2=0.041895892 EV: (-0.08740541981340742, 0.08740541981340742) P1 Winnings: 149.0
Choosing model 3
[0.6109088364546386, 0.0005933242046494142, 0.24983428795650692, 0.058307272088691624, 0.08035627929551334]
Games played: 197
Exploitability: P1=1.933333333 P2=0.041895892 EV: (-0.12058107299652047, 0.12058107299652047) P1 Winnings: 148.0
Choosing model 0
[0.6140718616207947, 0.0003106879026522387, 0.23718151242523478, 0.04899232490144144, 0.09944361314987693]
Games played: 198
Exploitability: P1=1.900000000 P2=0.041895892 EV: (-0.08740541981340742, 0.08740541981340742) P1 Winnings: 148.0
Choosing model 0
[0.6143019657959344, 0.00033277099365358544, 0.2392646016926054, 0.05021607796668181, 0.09588458355112482]
Games played: 199
Exploitability: P1=1.900000000 P2=0.041895892 EV: (-0.08740541981340742, 0.08740541981340742) P1 Winnings: 153.0
Choosing model 0
[0.6144228525161369, 0.00035636034563931617, 0.24132306060506636, 0.051461244141028185, 0.09243648239212923]
Games played: 200
Exploitability: P1=1.900000000 P2=0.041895892 EV: (-0.08740541981340742, 0.08740541981340742) P1 Winnings: 152.0
