Player 1 exploitability: 0.114326904141
Choosing model 3
[0.17814974373436634, 0.2830573087759643, 0.18781019941536492, 0.20824241499106, 0.14274033308324438]
Games played: 1
Exploitability: P1=1.933333333 P2=0.028674890 EV: (-0.05293578311297167, 0.05293578311297167) P1 Winnings: 0.0
Choosing model 2
[0.15829183931358515, 0.3589140937816369, 0.17609020672299647, 0.2013185457540637, 0.10538531442771772]
Games played: 2
Exploitability: P1=4.600000000 P2=0.028674890 EV: (-0.018466786818133588, 0.018466786818133588) P1 Winnings: 7.0
Choosing model 1
[0.15941309216128793, 0.3731892154252611, 0.18777381949829422, 0.18332180268266798, 0.09630207023248866]
Games played: 3
Exploitability: P1=2.800000000 P2=0.028674890 EV: (0.028624398454835574, -0.028624398454835574) P1 Winnings: 8.0
Choosing model 3
[0.15941302947772157, 0.37318942769037133, 0.18777376838354007, 0.18332179476057409, 0.096301979687793]
Games played: 4
Exploitability: P1=1.933333333 P2=0.028674890 EV: (-0.05293578311297167, 0.05293578311297167) P1 Winnings: 1.0
Choosing model 1
[0.15994361443994504, 0.386585477000704, 0.19948598505397594, 0.16631141765706114, 0.08767350584831386]
Games played: 5
Exploitability: P1=2.800000000 P2=0.028674890 EV: (0.028624398454835574, -0.028624398454835574) P1 Winnings: 2.0
Choosing model 1
[0.15529709179361398, 0.40188370739610546, 0.1953186592211855, 0.1654514180284086, 0.08204912356068637]
Games played: 6
Exploitability: P1=2.800000000 P2=0.028674890 EV: (0.028624398454835574, -0.028624398454835574) P1 Winnings: 5.0
Choosing model 0
[0.16941372495569101, 0.3552100067211213, 0.20940104732904832, 0.17079245930598946, 0.09518276168814993]
Games played: 7
Exploitability: P1=1.900000000 P2=0.028674890 EV: (-0.08675335817684794, 0.08675335817684794) P1 Winnings: 4.0
Choosing model 1
[0.16963836164297097, 0.3672263040608964, 0.22201826475219388, 0.15463544349644712, 0.08648162604749156]
Games played: 8
Exploitability: P1=2.800000000 P2=0.028674890 EV: (0.028624398454835574, -0.028624398454835574) P1 Winnings: 5.0
Choosing model 2
[0.14522855131066675, 0.44864675737741383, 0.20056693863443792, 0.14403838701566998, 0.061519365661811536]
Games played: 9
Exploitability: P1=4.600000000 P2=0.028674890 EV: (-0.018466786818133588, 0.018466786818133588) P1 Winnings: 12.0
Choosing model 1
[0.11980551236849084, 0.5411759362489997, 0.21037764743702472, 0.0954566058773434, 0.03318429806814144]
Games played: 10
Exploitability: P1=2.800000000 P2=0.028674890 EV: (0.028624398454835574, -0.028624398454835574) P1 Winnings: 17.0
Choosing model 0
[0.11268831559254464, 0.5631101565953119, 0.20127007098667052, 0.0941201065961554, 0.02881135022931748]
Games played: 11
Exploitability: P1=1.900000000 P2=0.028674890 EV: (-0.08675335817684794, 0.08675335817684794) P1 Winnings: 20.0
Choosing model 0
[0.11268825478283523, 0.5631103538943917, 0.2012699849180949, 0.0941200863013212, 0.02881132010335692]
Games played: 12
Exploitability: P1=1.900000000 P2=0.028674890 EV: (-0.08675335817684794, 0.08675335817684794) P1 Winnings: 19.0
Choosing model 1
[0.10806689761178039, 0.5781839030766004, 0.19463814790768336, 0.09248011991019033, 0.02663093149374563]
Games played: 13
Exploitability: P1=2.800000000 P2=0.028674890 EV: (0.028624398454835574, -0.028624398454835574) P1 Winnings: 18.0
Choosing model 4
[0.10806667110798907, 0.5781846420256559, 0.19463782248089284, 0.09248003973403643, 0.02663082465142573]
Games played: 14
Exploitability: P1=2.600000000 P2=0.028674890 EV: (-0.11657263320328144, 0.11657263320328144) P1 Winnings: 9.0
Choosing model 0
[0.084827358912947, 0.6566322644636702, 0.15898085893551475, 0.08177599227489477, 0.017783525412973355]
Games played: 15
Exploitability: P1=1.900000000 P2=0.028674890 EV: (-0.08675335817684794, 0.08675335817684794) P1 Winnings: 8.0
Choosing model 2
[0.0848273063448899, 0.6566324419479896, 0.15898077821994036, 0.08177596809324776, 0.017783505393932378]
Games played: 16
Exploitability: P1=4.600000000 P2=0.028674890 EV: (-0.018466786818133588, 0.018466786818133588) P1 Winnings: 7.0
Choosing model 1
[0.06713979806960586, 0.7180470706763016, 0.14702643489182998, 0.05759989730531401, 0.01018679905694866]
Games played: 17
Exploitability: P1=2.800000000 P2=0.028674890 EV: (0.028624398454835574, -0.028624398454835574) P1 Winnings: 16.0
Choosing model 1
[0.05196943462999398, 0.7728094477032036, 0.12592827623960184, 0.04302921876275778, 0.006263622664442701]
Games played: 18
Exploitability: P1=2.800000000 P2=0.028674890 EV: (0.028624398454835574, -0.028624398454835574) P1 Winnings: 21.0
Choosing model 0
[0.06119479957819675, 0.7372902156634716, 0.14572686751949143, 0.047944955012041685, 0.007843162226798376]
Games played: 19
Exploitability: P1=1.900000000 P2=0.028674890 EV: (-0.08675335817684794, 0.08675335817684794) P1 Winnings: 20.0
Choosing model 1
[0.05957503081680242, 0.7410735986128012, 0.150218619017341, 0.042204382323383444, 0.006928369229671904]
Games played: 20
Exploitability: P1=2.800000000 P2=0.028674890 EV: (0.028624398454835574, -0.028624398454835574) P1 Winnings: 21.0
Choosing model 0
[0.06606249835109179, 0.7258719374321453, 0.14815412655500737, 0.05132058454896814, 0.008590853112787638]
Games played: 21
Exploitability: P1=1.900000000 P2=0.028674890 EV: (-0.08675335817684794, 0.08675335817684794) P1 Winnings: 14.0
Choosing model 1
[0.06789933388016828, 0.7272578467841568, 0.13165841982266685, 0.06356181899965244, 0.009622580513355516]
Games played: 22
Exploitability: P1=2.800000000 P2=0.028674890 EV: (0.028624398454835574, -0.028624398454835574) P1 Winnings: 23.0
Choosing model 1
[0.05374091076620733, 0.7760849906494801, 0.1078854276036215, 0.05571675136957364, 0.0065719196111174985]
Games played: 23
Exploitability: P1=2.800000000 P2=0.028674890 EV: (0.028624398454835574, -0.028624398454835574) P1 Winnings: 30.0
Choosing model 1
[0.05084811965121622, 0.7862082703620298, 0.10293607167507321, 0.05401416576975316, 0.005993372541927645]
Games played: 24
Exploitability: P1=2.800000000 P2=0.028674890 EV: (0.028624398454835574, -0.028624398454835574) P1 Winnings: 33.0
Choosing model 1
[0.0604094005830169, 0.751646078366096, 0.12140184873025169, 0.05906020705331081, 0.007482465267324648]
Games played: 25
Exploitability: P1=2.800000000 P2=0.028674890 EV: (0.028624398454835574, -0.028624398454835574) P1 Winnings: 34.0
Choosing model 1
[0.034416986401895444, 0.845954386354365, 0.07448951811126395, 0.04199113637392281, 0.0031479727585528475]
Games played: 26
Exploitability: P1=2.800000000 P2=0.028674890 EV: (0.028624398454835574, -0.028624398454835574) P1 Winnings: 41.0
Choosing model 1
[0.03441688551138049, 0.8459547607668884, 0.07448933133509023, 0.041991064887631026, 0.0031479574990100102]
Games played: 27
Exploitability: P1=2.800000000 P2=0.028674890 EV: (0.028624398454835574, -0.028624398454835574) P1 Winnings: 32.0
Choosing model 1
[0.03441678462112255, 0.8459551351786252, 0.07448914455930099, 0.04199099340141368, 0.0031479422395375993]
Games played: 28
Exploitability: P1=2.800000000 P2=0.028674890 EV: (0.028624398454835574, -0.028624398454835574) P1 Winnings: 23.0
Choosing model 1
[0.022932096886396604, 0.8918333985475206, 0.048347509943920335, 0.03506024236229802, 0.0018267522598644024]
Games played: 29
Exploitability: P1=2.800000000 P2=0.028674890 EV: (0.028624398454835574, -0.028624398454835574) P1 Winnings: 36.0
Choosing model 1
[0.0209017736632732, 0.8992405901489323, 0.04482197644788906, 0.03349875158303427, 0.0015369081568710364]
Games played: 30
Exploitability: P1=2.800000000 P2=0.028674890 EV: (0.028624398454835574, -0.028624398454835574) P1 Winnings: 39.0
Choosing model 1
[0.03299735910159111, 0.8511738111404331, 0.06739045166304403, 0.04551514677134554, 0.0029232313235863093]
Games played: 31
Exploitability: P1=2.800000000 P2=0.028674890 EV: (0.028624398454835574, -0.028624398454835574) P1 Winnings: 40.0
Choosing model 1
[0.025317863069314054, 0.8805367296616065, 0.053532912351784014, 0.03867708827379011, 0.0019354066435054399]
Games played: 32
Exploitability: P1=2.800000000 P2=0.028674890 EV: (0.028624398454835574, -0.028624398454835574) P1 Winnings: 47.0
Choosing model 1
[0.027727365950237483, 0.870653061371592, 0.0581591275321584, 0.041281156126434376, 0.002179289019577595]
Games played: 33
Exploitability: P1=2.800000000 P2=0.028674890 EV: (0.028624398454835574, -0.028624398454835574) P1 Winnings: 47.0
Choosing model 1
[0.02608504031417591, 0.8769735354369728, 0.055174156200635455, 0.039791177256778665, 0.0019760907914370624]
Games played: 34
Exploitability: P1=2.800000000 P2=0.028674890 EV: (0.028624398454835574, -0.028624398454835574) P1 Winnings: 40.0
Choosing model 1
[0.032274445595176345, 0.8520301685204631, 0.06689601351841183, 0.0461714482598932, 0.0026279241060553618]
Games played: 35
Exploitability: P1=2.800000000 P2=0.028674890 EV: (0.028624398454835574, -0.028624398454835574) P1 Winnings: 43.0
Choosing model 0
[0.025132245928923862, 0.8790765376161294, 0.06813387736573538, 0.026284400442234106, 0.0013729386469771994]
Games played: 36
Exploitability: P1=1.900000000 P2=0.028674890 EV: (-0.08675335817684794, 0.08675335817684794) P1 Winnings: 46.0
Choosing model 1
[0.0236360856608418, 0.8851754406744979, 0.06461632707943163, 0.025327618883867947, 0.0012445277013605589]
Games played: 37
Exploitability: P1=2.800000000 P2=0.028674890 EV: (0.028624398454835574, -0.028624398454835574) P1 Winnings: 51.0
Choosing model 1
[0.029880332940376248, 0.8585858782559215, 0.07994397041704127, 0.029892566419707733, 0.0016972519669533547]
Games played: 38
Exploitability: P1=2.800000000 P2=0.028674890 EV: (0.028624398454835574, -0.028624398454835574) P1 Winnings: 52.0
Choosing model 1
[0.033114934373086755, 0.8446591495355003, 0.08798481423416846, 0.03232771682180648, 0.0019133850354381588]
Games played: 39
Exploitability: P1=2.800000000 P2=0.028674890 EV: (0.028624398454835574, -0.028624398454835574) P1 Winnings: 55.0
Choosing model 1
[0.02123974712286797, 0.8967661239244683, 0.04495992025359683, 0.03573437904898873, 0.0012998296500782395]
Games played: 40
Exploitability: P1=2.800000000 P2=0.028674890 EV: (0.028624398454835574, -0.028624398454835574) P1 Winnings: 46.0
Choosing model 1
[0.022784049269289425, 0.8860448993530046, 0.03831973246818232, 0.05116944755745139, 0.0016818713520723029]
Games played: 41
Exploitability: P1=2.800000000 P2=0.028674890 EV: (0.028624398454835574, -0.028624398454835574) P1 Winnings: 33.0
Choosing model 1
[0.027694004271568415, 0.8666759248302596, 0.04623867633310084, 0.057243111901858025, 0.002148282663213084]
Games played: 42
Exploitability: P1=2.800000000 P2=0.028674890 EV: (0.028624398454835574, -0.028624398454835574) P1 Winnings: 34.0
Choosing model 1
[0.03329486454358157, 0.8442046759779538, 0.05463195438316626, 0.06512198988998064, 0.0027465152053175236]
Games played: 43
Exploitability: P1=2.800000000 P2=0.028674890 EV: (0.028624398454835574, -0.028624398454835574) P1 Winnings: 33.0
Choosing model 1
[0.03634923311438065, 0.8321121073081869, 0.05916708613656134, 0.06928866204200004, 0.003082911398871306]
Games played: 44
Exploitability: P1=2.800000000 P2=0.028674890 EV: (0.028624398454835574, -0.028624398454835574) P1 Winnings: 33.0
Choosing model 1
[0.045395882693505675, 0.79734736195598, 0.07231609431881882, 0.08078716182576894, 0.004153499205926623]
Games played: 45
Exploitability: P1=2.800000000 P2=0.028674890 EV: (0.028624398454835574, -0.028624398454835574) P1 Winnings: 34.0
Choosing model 3
[0.05408022945803759, 0.7650819024783992, 0.08462810123321494, 0.09094002130184912, 0.005269745528499021]
Games played: 46
Exploitability: P1=1.933333333 P2=0.028674890 EV: (-0.05293578311297167, 0.05293578311297167) P1 Winnings: 35.0
Choosing model 1
[0.05298790358281902, 0.7739613132519509, 0.08779851800210589, 0.08056717532414587, 0.004685089838978272]
Games played: 47
Exploitability: P1=2.800000000 P2=0.028674890 EV: (0.028624398454835574, -0.028624398454835574) P1 Winnings: 36.0
Choosing model 1
[0.052987758469109546, 0.7739618050186442, 0.0877983147820141, 0.08056705369857889, 0.00468506803165325]
Games played: 48
Exploitability: P1=2.800000000 P2=0.028674890 EV: (0.028624398454835574, -0.028624398454835574) P1 Winnings: 27.0
Choosing model 1
[0.057458457136668556, 0.7577292083406966, 0.09444523172402117, 0.0851436779668297, 0.005223424831784075]
Games played: 49
Exploitability: P1=2.800000000 P2=0.028674890 EV: (0.028624398454835574, -0.028624398454835574) P1 Winnings: 27.0
Choosing model 2
[0.07122065569194293, 0.7091456157510935, 0.11446773790689271, 0.09818240361450611, 0.00698358703556463]
Games played: 50
Exploitability: P1=4.600000000 P2=0.028674890 EV: (-0.018466786818133588, 0.018466786818133588) P1 Winnings: 30.0
Choosing model 3
[0.08294898803714186, 0.6691754739411103, 0.13102016777374828, 0.10820603630740327, 0.008649333940596159]
Games played: 51
Exploitability: P1=1.933333333 P2=0.028674890 EV: (-0.05293578311297167, 0.05293578311297167) P1 Winnings: 31.0
Choosing model 1
[0.10689683004400281, 0.591706350946045, 0.16325557165597096, 0.12552591580188274, 0.012615331552098475]
Games played: 52
Exploitability: P1=2.800000000 P2=0.028674890 EV: (0.028624398454835574, -0.028624398454835574) P1 Winnings: 20.0
Choosing model 3
[0.1149927660418323, 0.5650296108367769, 0.17440432363241143, 0.13176875918985148, 0.013804540299127767]
Games played: 53
Exploitability: P1=1.933333333 P2=0.028674890 EV: (-0.05293578311297167, 0.05293578311297167) P1 Winnings: 23.0
Choosing model 1
[0.12223479823541988, 0.5422650756026505, 0.18390647951967928, 0.1365064926284717, 0.015087154013778607]
Games played: 54
Exploitability: P1=2.800000000 P2=0.028674890 EV: (0.028624398454835574, -0.028624398454835574) P1 Winnings: 26.0
Choosing model 1
[0.08622723878075998, 0.633189222320939, 0.10335679116733996, 0.16595436915010536, 0.011272378580855854]
Games played: 55
Exploitability: P1=2.800000000 P2=0.028674890 EV: (0.028624398454835574, -0.028624398454835574) P1 Winnings: 17.0
Choosing model 1
[0.09912940601185949, 0.5897813864553321, 0.11677419683680293, 0.1805342663052514, 0.013780744390754194]
Games played: 56
Exploitability: P1=2.800000000 P2=0.028674890 EV: (0.028624398454835574, -0.028624398454835574) P1 Winnings: 16.0
Choosing model 0
[0.10573029157651363, 0.5679421164072928, 0.12355469676891444, 0.18766059272339447, 0.015112302523884768]
Games played: 57
Exploitability: P1=1.900000000 P2=0.028674890 EV: (-0.08675335817684794, 0.08675335817684794) P1 Winnings: 16.0
Choosing model 1
[0.07718434352031744, 0.6587536454380838, 0.09508740948318048, 0.1601352190511794, 0.008839382507238803]
Games played: 58
Exploitability: P1=2.800000000 P2=0.028674890 EV: (0.028624398454835574, -0.028624398454835574) P1 Winnings: 11.0
Choosing model 3
[0.08955016033046641, 0.6155998304136496, 0.1083721633033839, 0.1755555854039519, 0.010922260548548226]
Games played: 59
Exploitability: P1=1.933333333 P2=0.028674890 EV: (-0.05293578311297167, 0.05293578311297167) P1 Winnings: 12.0
Choosing model 1
[0.06475216265484429, 0.6018563425793051, 0.0489254935509988, 0.2733282399749339, 0.011137761239917995]
Games played: 60
Exploitability: P1=2.800000000 P2=0.028674890 EV: (0.028624398454835574, -0.028624398454835574) P1 Winnings: 25.0
Choosing model 0
[0.0746241492058475, 0.5586711738283172, 0.055388283195753875, 0.29764614335448375, 0.01367025041559758]
Games played: 61
Exploitability: P1=1.900000000 P2=0.028674890 EV: (-0.08675335817684794, 0.08675335817684794) P1 Winnings: 26.0
Choosing model 1
[0.058553527908690936, 0.6251031100919897, 0.04516375755495783, 0.26200978143907594, 0.009169823005285753]
Games played: 62
Exploitability: P1=2.800000000 P2=0.028674890 EV: (0.028624398454835574, -0.028624398454835574) P1 Winnings: 26.0
Choosing model 3
[0.06752893685710222, 0.5841011059088778, 0.05118901342926968, 0.2859349747231541, 0.011245969081596315]
Games played: 63
Exploitability: P1=1.933333333 P2=0.028674890 EV: (-0.05293578311297167, 0.05293578311297167) P1 Winnings: 25.0
Choosing model 1
[0.08570668094553133, 0.5086456831697006, 0.06281695934928587, 0.3266764398866954, 0.016154236648786704]
Games played: 64
Exploitability: P1=2.800000000 P2=0.028674890 EV: (0.028624398454835574, -0.028624398454835574) P1 Winnings: 28.0
Choosing model 1
[0.08497745920335599, 0.5071415335202623, 0.06274845195682988, 0.3297935708910564, 0.015338984428495484]
Games played: 65
Exploitability: P1=2.800000000 P2=0.028674890 EV: (0.028624398454835574, -0.028624398454835574) P1 Winnings: 31.0
Choosing model 3
[0.08497727959207778, 0.5071421727095587, 0.06274834593495973, 0.3297932791454719, 0.015338922617931836]
Games played: 66
Exploitability: P1=1.933333333 P2=0.028674890 EV: (-0.05293578311297167, 0.05293578311297167) P1 Winnings: 22.0
Choosing model 3
[0.09759020508881663, 0.5011196443251819, 0.07804494011543603, 0.3073982556100305, 0.015846954860535025]
Games played: 67
Exploitability: P1=1.933333333 P2=0.028674890 EV: (-0.05293578311297167, 0.05293578311297167) P1 Winnings: 25.0
Choosing model 1
[0.06659336154274108, 0.614048762581531, 0.05681069266224565, 0.2542623910683491, 0.00828479214513316]
Games played: 68
Exploitability: P1=2.800000000 P2=0.028674890 EV: (0.028624398454835574, -0.028624398454835574) P1 Winnings: 22.0
Choosing model 1
[0.053614766040640444, 0.6665576200486989, 0.047354167050124206, 0.22671777171061797, 0.0057556751499185065]
Games played: 69
Exploitability: P1=2.800000000 P2=0.028674890 EV: (0.028624398454835574, -0.028624398454835574) P1 Winnings: 29.0
Choosing model 3
[0.06294818119776414, 0.6297709557986799, 0.05519313385837569, 0.24498641292288498, 0.00710131622229527]
Games played: 70
Exploitability: P1=1.933333333 P2=0.028674890 EV: (-0.05293578311297167, 0.05293578311297167) P1 Winnings: 30.0
Choosing model 1
[0.0629756972785823, 0.6504973596733868, 0.05846678712192478, 0.2216137341352624, 0.006446421790843702]
Games played: 71
Exploitability: P1=2.800000000 P2=0.028674890 EV: (0.028624398454835574, -0.028624398454835574) P1 Winnings: 31.0
Choosing model 3
[0.06297554112486546, 0.650497941493016, 0.05846666693841733, 0.22161345698868765, 0.006446393455013507]
Games played: 72
Exploitability: P1=1.933333333 P2=0.028674890 EV: (-0.05293578311297167, 0.05293578311297167) P1 Winnings: 22.0
Choosing model 1
[0.05754310615293042, 0.5654821263903023, 0.038333753889019405, 0.3304837025775514, 0.008157310990196613]
Games played: 73
Exploitability: P1=2.800000000 P2=0.028674890 EV: (0.028624398454835574, -0.028624398454835574) P1 Winnings: 11.0
Choosing model 1
[0.06864760531747284, 0.5093547489003603, 0.04471615960068668, 0.3667848461520786, 0.010496640029401743]
Games played: 74
Exploitability: P1=2.800000000 P2=0.028674890 EV: (0.028624398454835574, -0.028624398454835574) P1 Winnings: 14.0
Choosing model 1
[0.06569042667698104, 0.5218617890351086, 0.043149534632471814, 0.3596168945341493, 0.009681355121289256]
Games played: 75
Exploitability: P1=2.800000000 P2=0.028674890 EV: (0.028624398454835574, -0.028624398454835574) P1 Winnings: 17.0
Choosing model 3
[0.06770777840371611, 0.475116296865075, 0.03955595433114108, 0.40646194917279915, 0.011158021227268682]
Games played: 76
Exploitability: P1=1.933333333 P2=0.028674890 EV: (-0.05293578311297167, 0.05293578311297167) P1 Winnings: 10.0
Choosing model 3
[0.07820205266804482, 0.4247389499232225, 0.04470952944059017, 0.43842727978146, 0.013922188186682581]
Games played: 77
Exploitability: P1=1.933333333 P2=0.028674890 EV: (-0.05293578311297167, 0.05293578311297167) P1 Winnings: 13.0
Choosing model 3
[0.08274749764848004, 0.39988581954589897, 0.04710285195059002, 0.4555096285556007, 0.014754202299430356]
Games played: 78
Exploitability: P1=1.933333333 P2=0.028674890 EV: (-0.05293578311297167, 0.05293578311297167) P1 Winnings: 13.0
Choosing model 1
[0.06306746536188555, 0.48425675014653263, 0.03784701943963531, 0.40581870374787266, 0.009010061304073873]
Games played: 79
Exploitability: P1=2.800000000 P2=0.028674890 EV: (0.028624398454835574, -0.028624398454835574) P1 Winnings: 8.0
Choosing model 3
[0.08413600553586839, 0.3873454899776916, 0.0480860957605358, 0.4659505774372233, 0.014481831288680896]
Games played: 80
Exploitability: P1=1.933333333 P2=0.028674890 EV: (-0.05293578311297167, 0.05293578311297167) P1 Winnings: 9.0
Choosing model 1
[0.08901873841492776, 0.36379550827518575, 0.05052456742406592, 0.4810749725878547, 0.015586213297965877]
Games played: 81
Exploitability: P1=2.800000000 P2=0.028674890 EV: (0.028624398454835574, -0.028624398454835574) P1 Winnings: 6.0
Choosing model 1
[0.07556287795576962, 0.41635688236404855, 0.0444021806663892, 0.4522616675827918, 0.01141639143100076]
Games played: 82
Exploitability: P1=2.800000000 P2=0.028674890 EV: (0.028624398454835574, -0.028624398454835574) P1 Winnings: 13.0
Choosing model 3
[0.08655357987476145, 0.3659205505776573, 0.049775360331258324, 0.4836434245992142, 0.0141070846171084]
Games played: 83
Exploitability: P1=1.933333333 P2=0.028674890 EV: (-0.05293578311297167, 0.05293578311297167) P1 Winnings: 14.0
Choosing model 1
[0.09775650929112858, 0.31988216307247874, 0.05501532799659705, 0.5101337098412247, 0.017212289798570975]
Games played: 84
Exploitability: P1=2.800000000 P2=0.028674890 EV: (0.028624398454835574, -0.028624398454835574) P1 Winnings: 17.0
Choosing model 3
[0.09237729746906696, 0.3343970121896413, 0.05287870282628128, 0.5053333091951262, 0.01501367831988428]
Games played: 85
Exploitability: P1=1.933333333 P2=0.028674890 EV: (-0.05293578311297167, 0.05293578311297167) P1 Winnings: 20.0
Choosing model 3
[0.09581064783038633, 0.35808326468044643, 0.05807158683604466, 0.473905036306777, 0.014129464346345544]
Games played: 86
Exploitability: P1=1.933333333 P2=0.028674890 EV: (-0.05293578311297167, 0.05293578311297167) P1 Winnings: 21.0
Choosing model 1
[0.10067148334667297, 0.3347756898895497, 0.060752866258568246, 0.48893068163939124, 0.014869278865817856]
Games played: 87
Exploitability: P1=2.800000000 P2=0.028674890 EV: (0.028624398454835574, -0.028624398454835574) P1 Winnings: 16.0
Choosing model 3
[0.09242429936597055, 0.24198246404346618, 0.04201337145191321, 0.6051020039959912, 0.018477861142658904]
Games played: 88
Exploitability: P1=1.933333333 P2=0.028674890 EV: (-0.05293578311297167, 0.05293578311297167) P1 Winnings: 7.0
Choosing model 3
[0.09803119512400167, 0.16505402128427757, 0.03578517364532459, 0.6747384306534541, 0.026391179292942216]
Games played: 89
Exploitability: P1=1.933333333 P2=0.028674890 EV: (-0.05293578311297167, 0.05293578311297167) P1 Winnings: 10.0
Choosing model 3
[0.11100364043685716, 0.12823645841800155, 0.03917889471364301, 0.6877594187127214, 0.03382158771877692]
Games played: 90
Exploitability: P1=1.933333333 P2=0.028674890 EV: (-0.05293578311297167, 0.05293578311297167) P1 Winnings: -1.0
Choosing model 2
[0.1184103404376251, 0.14123327666880964, 0.044252617529745235, 0.6633669471855861, 0.03273681817823395]
Games played: 91
Exploitability: P1=4.600000000 P2=0.028674890 EV: (-0.018466786818133588, 0.018466786818133588) P1 Winnings: 0.0
Choosing model 1
[0.11841019268008086, 0.1412335769548484, 0.04425258107259108, 0.6633669346885996, 0.032736714603879995]
Games played: 92
Exploitability: P1=2.800000000 P2=0.028674890 EV: (0.028624398454835574, -0.028624398454835574) P1 Winnings: -9.0
Choosing model 3
[0.12859950027424166, 0.11581306034584997, 0.046993723367046554, 0.6702445009912353, 0.038349215021626526]
Games played: 93
Exploitability: P1=1.933333333 P2=0.028674890 EV: (-0.05293578311297167, 0.05293578311297167) P1 Winnings: -6.0
Choosing model 3
[0.13242296457060995, 0.10586218328022164, 0.04805597828018231, 0.6734892199621515, 0.0401696539068346]
Games played: 94
Exploitability: P1=1.933333333 P2=0.028674890 EV: (-0.05293578311297167, 0.05293578311297167) P1 Winnings: -9.0
Choosing model 3
[0.14026898053804038, 0.09031866045186666, 0.05000383700112969, 0.6740926985714659, 0.04531582343749732]
Games played: 95
Exploitability: P1=1.933333333 P2=0.028674890 EV: (-0.05293578311297167, 0.05293578311297167) P1 Winnings: -9.0
Choosing model 2
[0.1276365951445238, 0.11086390662298634, 0.047130341765192915, 0.6788232632368189, 0.03554589323047807]
Games played: 96
Exploitability: P1=4.600000000 P2=0.028674890 EV: (-0.018466786818133588, 0.018466786818133588) P1 Winnings: -2.0
Choosing model 3
[0.13606598014238436, 0.12202185816441082, 0.05319971549072755, 0.6543286484627956, 0.034383797739681525]
Games played: 97
Exploitability: P1=1.933333333 P2=0.028674890 EV: (-0.05293578311297167, 0.05293578311297167) P1 Winnings: -1.0
Choosing model 3
[0.12293235612432285, 0.15732476832337747, 0.05071876461102582, 0.6432115817201146, 0.025812529221159192]
Games played: 98
Exploitability: P1=1.933333333 P2=0.028674890 EV: (-0.05293578311297167, 0.05293578311297167) P1 Winnings: 6.0
Choosing model 0
[0.11976669755397695, 0.1641063651557826, 0.04982799965828293, 0.6420602223526115, 0.02423871527934589]
Games played: 99
Exploitability: P1=1.900000000 P2=0.028674890 EV: (-0.08675335817684794, 0.08675335817684794) P1 Winnings: -5.0
Choosing model 3
[0.11662570589246066, 0.17109686402817437, 0.04892902626578331, 0.6405986348073518, 0.02274976900622998]
Games played: 100
Exploitability: P1=1.933333333 P2=0.028674890 EV: (-0.05293578311297167, 0.05293578311297167) P1 Winnings: 0.0
Choosing model 3
[0.12619877970119595, 0.1453798196642576, 0.051882954883945544, 0.6500792580454298, 0.026459187705171132]
Games played: 101
Exploitability: P1=1.933333333 P2=0.028674890 EV: (-0.05293578311297167, 0.05293578311297167) P1 Winnings: -3.0
Choosing model 3
[0.1128495138695633, 0.17536696405700222, 0.04805658746924668, 0.6433308393916953, 0.02039609521249241]
Games played: 102
Exploitability: P1=1.933333333 P2=0.028674890 EV: (-0.05293578311297167, 0.05293578311297167) P1 Winnings: 4.0
Choosing model 3
[0.131790878689098, 0.17621453917850866, 0.06078237303979804, 0.6097842776077774, 0.021427931484817968]
Games played: 103
Exploitability: P1=1.933333333 P2=0.028674890 EV: (-0.05293578311297167, 0.05293578311297167) P1 Winnings: 7.0
Choosing model 3
[0.11613666471734688, 0.21462509781758485, 0.055500115412095166, 0.5974190711185987, 0.01631905093437441]
Games played: 104
Exploitability: P1=1.933333333 P2=0.028674890 EV: (-0.05293578311297167, 0.05293578311297167) P1 Winnings: -6.0
Choosing model 0
[0.11613661671160157, 0.21462521557075176, 0.05550009918633337, 0.5974190332690442, 0.016319035262269032]
Games played: 105
Exploitability: P1=1.900000000 P2=0.028674890 EV: (-0.08675335817684794, 0.08675335817684794) P1 Winnings: -9.0
Choosing model 3
[0.09915275333507187, 0.2651110610502729, 0.04930634357375255, 0.574577091004865, 0.01185275103603765]
Games played: 106
Exploitability: P1=1.933333333 P2=0.028674890 EV: (-0.05293578311297167, 0.05293578311297167) P1 Winnings: -10.0
Choosing model 1
[0.10929121077634268, 0.229461333359658, 0.05325746809203004, 0.593947687129634, 0.014042300642335404]
Games played: 107
Exploitability: P1=2.800000000 P2=0.028674890 EV: (0.028624398454835574, -0.028624398454835574) P1 Winnings: -13.0
Choosing model 3
[0.10648435903344437, 0.19747769243319388, 0.04615092062215015, 0.6345883675969123, 0.015298660314299287]
Games played: 108
Exploitability: P1=1.933333333 P2=0.028674890 EV: (-0.05293578311297167, 0.05293578311297167) P1 Winnings: -20.0
Choosing model 3
[0.10935869747992477, 0.29654779552169586, 0.0602647458797956, 0.5235552971768144, 0.010273463941769354]
Games played: 109
Exploitability: P1=1.933333333 P2=0.028674890 EV: (-0.05293578311297167, 0.05293578311297167) P1 Winnings: -15.0
Choosing model 3
[0.09145860084971308, 0.275628681597731, 0.04248195744116787, 0.5812076505108255, 0.009223109600562522]
Games played: 110
Exploitability: P1=1.933333333 P2=0.028674890 EV: (-0.05293578311297167, 0.05293578311297167) P1 Winnings: -6.0
Choosing model 3
[0.07813082296414638, 0.3254444538323291, 0.03760404794415845, 0.5520113212835105, 0.006809353975855415]
Games played: 111
Exploitability: P1=1.933333333 P2=0.028674890 EV: (-0.05293578311297167, 0.05293578311297167) P1 Winnings: -6.0
Choosing model 3
[0.08144872673480127, 0.35027721446633225, 0.041507910821830765, 0.520325080052885, 0.006441067924150603]
Games played: 112
Exploitability: P1=1.933333333 P2=0.028674890 EV: (-0.05293578311297167, 0.05293578311297167) P1 Winnings: -5.0
Choosing model 3
[0.06288838070133478, 0.429721587502269, 0.03378710330537592, 0.46961813796903534, 0.0039847905219849945]
Games played: 113
Exploitability: P1=1.933333333 P2=0.028674890 EV: (-0.05293578311297167, 0.05293578311297167) P1 Winnings: -10.0
Choosing model 1
[0.07064614538041389, 0.38881547058998167, 0.037284351350431635, 0.49848668302440474, 0.004767349654768155]
Games played: 114
Exploitability: P1=2.800000000 P2=0.028674890 EV: (0.028624398454835574, -0.028624398454835574) P1 Winnings: -10.0
Choosing model 1
[0.0685076220851823, 0.40226764425255196, 0.03665065051006825, 0.4881456521454255, 0.0044284310067719745]
Games played: 115
Exploitability: P1=2.800000000 P2=0.028674890 EV: (0.028624398454835574, -0.028624398454835574) P1 Winnings: -5.0
Choosing model 3
[0.05603831903963037, 0.4629798518034359, 0.031130267328315312, 0.4467475556382528, 0.0031040061903656424]
Games played: 116
Exploitability: P1=1.933333333 P2=0.028674890 EV: (-0.05293578311297167, 0.05293578311297167) P1 Winnings: -5.0
Choosing model 3
[0.04696637508665466, 0.431243456057495, 0.021991495227664297, 0.4970060412710285, 0.0027926323571575993]
Games played: 117
Exploitability: P1=1.933333333 P2=0.028674890 EV: (-0.05293578311297167, 0.05293578311297167) P1 Winnings: 4.0
Choosing model 1
[0.04978563097198576, 0.4067398176437043, 0.02321037299715598, 0.5172993315914982, 0.0029648467956558083]
Games played: 118
Exploitability: P1=2.800000000 P2=0.028674890 EV: (0.028624398454835574, -0.028624398454835574) P1 Winnings: 4.0
Choosing model 3
[0.05580389201247786, 0.36721082094120533, 0.025556428871529407, 0.5478895679027548, 0.0035392902720325446]
Games played: 119
Exploitability: P1=1.933333333 P2=0.028674890 EV: (-0.05293578311297167, 0.05293578311297167) P1 Winnings: 5.0
Choosing model 3
[0.058772198609152566, 0.3441122367902357, 0.026798963870016585, 0.5665832813241456, 0.003733319406449722]
Games played: 120
Exploitability: P1=1.933333333 P2=0.028674890 EV: (-0.05293578311297167, 0.05293578311297167) P1 Winnings: 0.0
Choosing model 1
[0.045242250623293435, 0.42088316198646175, 0.021748246098461276, 0.5098236860710125, 0.002302655220771133]
Games played: 121
Exploitability: P1=2.800000000 P2=0.028674890 EV: (0.028624398454835574, -0.028624398454835574) P1 Winnings: -5.0
Choosing model 1
[0.043402622959677686, 0.4323065193343226, 0.021039282880143586, 0.5011224071900671, 0.002129167635789134]
Games played: 122
Exploitability: P1=2.800000000 P2=0.028674890 EV: (0.028624398454835574, -0.028624398454835574) P1 Winnings: -12.0
Choosing model 1
[0.049567536130341545, 0.39730067196001423, 0.023852855080260586, 0.5267236772882185, 0.0025552595411651577]
Games played: 123
Exploitability: P1=2.800000000 P2=0.028674890 EV: (0.028624398454835574, -0.028624398454835574) P1 Winnings: -11.0
Choosing model 3
[0.05531811199130227, 0.3592434349007122, 0.02616135496297471, 0.5562445750117871, 0.003032523133223553]
Games played: 124
Exploitability: P1=1.933333333 P2=0.028674890 EV: (-0.05293578311297167, 0.05293578311297167) P1 Winnings: -12.0
Choosing model 0
[0.05764513894043212, 0.38650693722065843, 0.028866222254466275, 0.5241142933312744, 0.0028674082531688]
Games played: 125
Exploitability: P1=1.900000000 P2=0.028674890 EV: (-0.08675335817684794, 0.08675335817684794) P1 Winnings: -11.0
Choosing model 3
[0.059812172427201715, 0.4140542927014603, 0.031714014037056516, 0.49171987691670627, 0.002699643917575104]
Games played: 126
Exploitability: P1=1.933333333 P2=0.028674890 EV: (-0.05293578311297167, 0.05293578311297167) P1 Winnings: -10.0
Choosing model 0
[0.06179262443882737, 0.4416492199277856, 0.03469226498117265, 0.4593351734559759, 0.0025307171962385216]
Games played: 127
Exploitability: P1=1.900000000 P2=0.028674890 EV: (-0.08675335817684794, 0.08675335817684794) P1 Winnings: -9.0
Choosing model 1
[0.07667285063671939, 0.36847202363446785, 0.041531530803496836, 0.5097388741880045, 0.0035847207373115196]
Games played: 128
Exploitability: P1=2.800000000 P2=0.028674890 EV: (0.028624398454835574, -0.028624398454835574) P1 Winnings: -9.0
Choosing model 3
[0.06420505268804702, 0.4227548474295485, 0.03603816626148705, 0.47441130720996766, 0.0025906264109496996]
Games played: 129
Exploitability: P1=1.933333333 P2=0.028674890 EV: (-0.05293578311297167, 0.05293578311297167) P1 Winnings: -4.0
Choosing model 3
[0.06618018961648175, 0.4499046775372384, 0.03933289036823076, 0.442159241125664, 0.00242300135238513]
Games played: 130
Exploitability: P1=1.933333333 P2=0.028674890 EV: (-0.05293578311297167, 0.05293578311297167) P1 Winnings: -3.0
Choosing model 1
[0.06792340430369347, 0.47674380431703406, 0.042744641163493344, 0.4103316511334982, 0.0022564990822809988]
Games played: 131
Exploitability: P1=2.800000000 P2=0.028674890 EV: (0.028624398454835574, -0.028624398454835574) P1 Winnings: -2.0
Choosing model 3
[0.05940792403271273, 0.5760977967601322, 0.04368306082058147, 0.31938286355772827, 0.0014283548288453105]
Games played: 132
Exploitability: P1=1.933333333 P2=0.028674890 EV: (-0.05293578311297167, 0.05293578311297167) P1 Winnings: 7.0
Choosing model 3
[0.06406560641186947, 0.5514879942325215, 0.04678182579079452, 0.3360976989011669, 0.0015668746636476577]
Games played: 133
Exploitability: P1=1.933333333 P2=0.028674890 EV: (-0.05293578311297167, 0.05293578311297167) P1 Winnings: 4.0
Choosing model 1
[0.061155800342595996, 0.563647041123376, 0.0450323693056668, 0.32872315150349035, 0.0014416377248708118]
Games played: 134
Exploitability: P1=2.800000000 P2=0.028674890 EV: (0.028624398454835574, -0.028624398454835574) P1 Winnings: -7.0
Choosing model 1
[0.05156056915482973, 0.6565586155097712, 0.044362018591517303, 0.2466391420973245, 0.0008796546465571595]
Games played: 135
Exploitability: P1=2.800000000 P2=0.028674890 EV: (0.028624398454835574, -0.028624398454835574) P1 Winnings: 2.0
Choosing model 1
[0.055464365293048934, 0.6376552457825904, 0.04733943699103548, 0.2585680488463529, 0.0009729030869722413]
Games played: 136
Exploitability: P1=2.800000000 P2=0.028674890 EV: (0.028624398454835574, -0.028624398454835574) P1 Winnings: 2.0
Choosing model 1
[0.05303523488034468, 0.6505153197719217, 0.04588578970450118, 0.249672522728597, 0.0008911329146355435]
Games played: 137
Exploitability: P1=2.800000000 P2=0.028674890 EV: (0.028624398454835574, -0.028624398454835574) P1 Winnings: 7.0
Choosing model 1
[0.0530351967879605, 0.6505154783379273, 0.04588576229936973, 0.24967243078761028, 0.0008911317871319852]
Games played: 138
Exploitability: P1=2.800000000 P2=0.028674890 EV: (0.028624398454835574, -0.028624398454835574) P1 Winnings: 0.0
Choosing model 1
[0.05669755362842983, 0.6161815986147723, 0.04512966945101329, 0.2809540523273128, 0.0010371259784718455]
Games played: 139
Exploitability: P1=2.800000000 P2=0.028674890 EV: (0.028624398454835574, -0.028624398454835574) P1 Winnings: 9.0
Choosing model 1
[0.060250067635576714, 0.5801668325269165, 0.04412039953898881, 0.31426288561472054, 0.001199814683797417]
Games played: 140
Exploitability: P1=2.800000000 P2=0.028674890 EV: (0.028624398454835574, -0.028624398454835574) P1 Winnings: 18.0
Choosing model 3
[0.06906868203521124, 0.5388601286425041, 0.04970646899460478, 0.3409020822032039, 0.001462638124475966]
Games played: 141
Exploitability: P1=1.933333333 P2=0.028674890 EV: (-0.05293578311297167, 0.05293578311297167) P1 Winnings: 17.0
Choosing model 0
[0.0547020591080155, 0.6090337664086166, 0.04154111265421389, 0.29376052033372224, 0.0009625414954315717]
Games played: 142
Exploitability: P1=1.900000000 P2=0.028674890 EV: (-0.08675335817684794, 0.08675335817684794) P1 Winnings: 24.0
Choosing model 3
[0.05898642392416068, 0.5843418123078601, 0.044600210208653734, 0.3110320179471155, 0.0010395356122098942]
Games played: 143
Exploitability: P1=1.933333333 P2=0.028674890 EV: (-0.05293578311297167, 0.05293578311297167) P1 Winnings: 19.0
Choosing model 0
[0.06434394928892175, 0.4387413958827104, 0.035029695819100724, 0.4601700879345077, 0.0017148710747594185]
Games played: 144
Exploitability: P1=1.900000000 P2=0.028674890 EV: (-0.08675335817684794, 0.08675335817684794) P1 Winnings: 26.0
Choosing model 1
[0.06434391437387735, 0.4387415482882925, 0.03502968073422114, 0.46016998732711845, 0.0017148692764905546]
Games played: 145
Exploitability: P1=2.800000000 P2=0.028674890 EV: (0.028624398454835574, -0.028624398454835574) P1 Winnings: 25.0
Choosing model 3
[0.05212730102546565, 0.5001120377968371, 0.029467880316669297, 0.4171023195911983, 0.001190461269829604]
Games played: 146
Exploitability: P1=1.933333333 P2=0.028674890 EV: (-0.05293578311297167, 0.05293578311297167) P1 Winnings: 25.0
Choosing model 1
[0.054125967735075296, 0.48306903982571925, 0.030598414153898672, 0.43098910348925973, 0.0012174747960469812]
Games played: 147
Exploitability: P1=2.800000000 P2=0.028674890 EV: (0.028624398454835574, -0.028624398454835574) P1 Winnings: 22.0
Choosing model 3
[0.05746445743783646, 0.46304044613055634, 0.03222611845237296, 0.44594000958973656, 0.0013289683894976397]
Games played: 148
Exploitability: P1=1.933333333 P2=0.028674890 EV: (-0.05293578311297167, 0.05293578311297167) P1 Winnings: 22.0
Choosing model 2
[0.0613271703047164, 0.4386638308326633, 0.03415428170719788, 0.46441198453026544, 0.0014427326251571096]
Games played: 149
Exploitability: P1=4.600000000 P2=0.028674890 EV: (-0.018466786818133588, 0.018466786818133588) P1 Winnings: 19.0
Choosing model 3
[0.05783295595588007, 0.3256901115309291, 0.02426099914735185, 0.5903743541267378, 0.0018415792391013376]
Games played: 150
Exploitability: P1=1.933333333 P2=0.028674890 EV: (-0.05293578311297167, 0.05293578311297167) P1 Winnings: 19.0
Choosing model 3
[0.06899023372338398, 0.26657496971386524, 0.02798313030777277, 0.6339652866943895, 0.002486379560588535]
Games played: 151
Exploitability: P1=1.933333333 P2=0.028674890 EV: (-0.05293578311297167, 0.05293578311297167) P1 Winnings: 19.0
Choosing model 3
[0.08093172828204327, 0.2145670587389462, 0.03173975861259381, 0.6694603375353311, 0.003301116831085831]
Games played: 152
Exploitability: P1=1.933333333 P2=0.028674890 EV: (-0.05293578311297167, 0.05293578311297167) P1 Winnings: 8.0
Choosing model 1
[0.06562534686642876, 0.20217020053032533, 0.021442101960138134, 0.7078212187712699, 0.002941131871837891]
Games played: 153
Exploitability: P1=2.800000000 P2=0.028674890 EV: (0.028624398454835574, -0.028624398454835574) P1 Winnings: 13.0
Choosing model 3
[0.06360455330225237, 0.20979358063807438, 0.020956505759287137, 0.7028978441229933, 0.002747516177392906]
Games played: 154
Exploitability: P1=1.933333333 P2=0.028674890 EV: (-0.05293578311297167, 0.05293578311297167) P1 Winnings: 6.0
Choosing model 3
[0.06981662048015727, 0.18082730812407652, 0.02254170418562521, 0.7235728411319273, 0.003241526078213785]
Games played: 155
Exploitability: P1=1.933333333 P2=0.028674890 EV: (-0.05293578311297167, 0.05293578311297167) P1 Winnings: 3.0
Choosing model 1
[0.07675182967322536, 0.15252408913999035, 0.02425214908851574, 0.7426276848659685, 0.003844247232300216]
Games played: 156
Exploitability: P1=2.800000000 P2=0.028674890 EV: (0.028624398454835574, -0.028624398454835574) P1 Winnings: 3.0
Choosing model 3
[0.0729459505224547, 0.16036282099028612, 0.023444458096742973, 0.7398742650167071, 0.0033725053738092314]
Games played: 157
Exploitability: P1=1.933333333 P2=0.028674890 EV: (-0.05293578311297167, 0.05293578311297167) P1 Winnings: 6.0
Choosing model 3
[0.07798425634566496, 0.17700378233318387, 0.026538741407687312, 0.7152017083096712, 0.003271511603792728]
Games played: 158
Exploitability: P1=1.933333333 P2=0.028674890 EV: (-0.05293578311297167, 0.05293578311297167) P1 Winnings: 7.0
Choosing model 1
[0.08085440129580317, 0.16568964395566588, 0.027295590716374694, 0.7226729281548775, 0.003487435877278587]
Games played: 159
Exploitability: P1=2.800000000 P2=0.028674890 EV: (0.028624398454835574, -0.028624398454835574) P1 Winnings: 10.0
Choosing model 0
[0.0785308620678185, 0.17230208089339463, 0.02673401060902141, 0.719168280150052, 0.0032647662797135424]
Games played: 160
Exploitability: P1=1.900000000 P2=0.028674890 EV: (-0.08675335817684794, 0.08675335817684794) P1 Winnings: 3.0
Choosing model 1
[0.08988610521003852, 0.13531479695095683, 0.029586371109440054, 0.7409834209591392, 0.004229305770425487]
Games played: 161
Exploitability: P1=2.800000000 P2=0.028674890 EV: (0.028624398454835574, -0.028624398454835574) P1 Winnings: 6.0
Choosing model 1
[0.0874477545459666, 0.14094829872659226, 0.029025701717357178, 0.738612412754684, 0.003965832255399983]
Games played: 162
Exploitability: P1=2.800000000 P2=0.028674890 EV: (0.028624398454835574, -0.028624398454835574) P1 Winnings: 9.0
Choosing model 1
[0.08566428223776362, 0.12233815046972724, 0.026158805680106572, 0.7616093992088872, 0.00422936240351548]
Games played: 163
Exploitability: P1=2.800000000 P2=0.028674890 EV: (0.028624398454835574, -0.028624398454835574) P1 Winnings: 18.0
Choosing model 3
[0.09155355620911781, 0.10593435261563353, 0.027475352688572038, 0.7702300129047316, 0.004806725581945002]
Games played: 164
Exploitability: P1=1.933333333 P2=0.028674890 EV: (-0.05293578311297167, 0.05293578311297167) P1 Winnings: 19.0
Choosing model 3
[0.08124227643267952, 0.12992666888496657, 0.025262851793235345, 0.7598819350235536, 0.0036862678655649635]
Games played: 165
Exploitability: P1=1.933333333 P2=0.028674890 EV: (-0.05293578311297167, 0.05293578311297167) P1 Winnings: 19.0
Choosing model 3
[0.09998776941750949, 0.08330145502389157, 0.029365214135962835, 0.7817600110609785, 0.005585550361657646]
Games played: 166
Exploitability: P1=1.933333333 P2=0.028674890 EV: (-0.05293578311297167, 0.05293578311297167) P1 Winnings: 16.0
Choosing model 3
[0.10287274188560742, 0.07737882132073153, 0.0299710564522004, 0.7838688367665734, 0.005908543574887307]
Games played: 167
Exploitability: P1=1.933333333 P2=0.028674890 EV: (-0.05293578311297167, 0.05293578311297167) P1 Winnings: 19.0
Choosing model 0
[0.10580827887231567, 0.07064813928806818, 0.030612932062995136, 0.7867488154270056, 0.006181834349615413]
Games played: 168
Exploitability: P1=1.900000000 P2=0.028674890 EV: (-0.08675335817684794, 0.08675335817684794) P1 Winnings: 16.0
Choosing model 3
[0.11768412571952112, 0.053913997381768636, 0.032921419253777215, 0.787698651824879, 0.00778180582005402]
Games played: 169
Exploitability: P1=1.933333333 P2=0.028674890 EV: (-0.05293578311297167, 0.05293578311297167) P1 Winnings: 19.0
Choosing model 3
[0.12577586901091703, 0.04459883842959208, 0.03443234764888157, 0.7862083074205771, 0.008984637490032163]
Games played: 170
Exploitability: P1=1.933333333 P2=0.028674890 EV: (-0.05293578311297167, 0.05293578311297167) P1 Winnings: 19.0
Choosing model 3
[0.13858609992357343, 0.03371773360339761, 0.03668302207463206, 0.7798088328908184, 0.011204311507578458]
Games played: 171
Exploitability: P1=1.933333333 P2=0.028674890 EV: (-0.05293578311297167, 0.05293578311297167) P1 Winnings: 8.0
Choosing model 3
[0.12600364375928333, 0.04237175256891561, 0.034558968456028176, 0.7882616500570157, 0.008803985158757166]
Games played: 172
Exploitability: P1=1.933333333 P2=0.028674890 EV: (-0.05293578311297167, 0.05293578311297167) P1 Winnings: 13.0
Choosing model 3
[0.1359146927994618, 0.04718813825318816, 0.03947102923728011, 0.7688092075707289, 0.00861693213934097]
Games played: 173
Exploitability: P1=1.933333333 P2=0.028674890 EV: (-0.05293578311297167, 0.05293578311297167) P1 Winnings: 14.0
Choosing model 3
[0.1496406842280099, 0.03564746091835441, 0.04201823974927091, 0.7619562376661336, 0.01073737743823108]
Games played: 174
Exploitability: P1=1.933333333 P2=0.028674890 EV: (-0.05293578311297167, 0.05293578311297167) P1 Winnings: 3.0
Choosing model 3
[0.16096617093250917, 0.039590103883503314, 0.04785828803775517, 0.7411051492068954, 0.010480287939336974]
Games played: 175
Exploitability: P1=1.933333333 P2=0.028674890 EV: (-0.05293578311297167, 0.05293578311297167) P1 Winnings: 4.0
Choosing model 3
[0.176229069369771, 0.029740074827206305, 0.05066128718491049, 0.7303834783083792, 0.012986090309732912]
Games played: 176
Exploitability: P1=1.933333333 P2=0.028674890 EV: (-0.05293578311297167, 0.05293578311297167) P1 Winnings: -7.0
Choosing model 3
[0.16122295484652233, 0.03760503584255553, 0.04802393928258128, 0.7428807182178558, 0.010267351810485015]
Games played: 177
Exploitability: P1=1.933333333 P2=0.028674890 EV: (-0.05293578311297167, 0.05293578311297167) P1 Winnings: -2.0
Choosing model 3
[0.1764305721800579, 0.028236148283007925, 0.05081370635113666, 0.7318030707498596, 0.012716502435937973]
Games played: 178
Exploitability: P1=1.933333333 P2=0.028674890 EV: (-0.05293578311297167, 0.05293578311297167) P1 Winnings: -13.0
Choosing model 2
[0.18021379519570754, 0.025602296770102312, 0.05154405775683412, 0.7294269105191908, 0.0132129397581651]
Games played: 179
Exploitability: P1=4.600000000 P2=0.028674890 EV: (-0.018466786818133588, 0.018466786818133588) P1 Winnings: -16.0
Choosing model 3
[0.1750279654106396, 0.026608790194432592, 0.05076359118991676, 0.7356200598378915, 0.011979593367119654]
Games played: 180
Exploitability: P1=1.933333333 P2=0.028674890 EV: (-0.05293578311297167, 0.05293578311297167) P1 Winnings: -9.0
Choosing model 3
[0.18774390075653857, 0.02946840525244416, 0.05765607940026892, 0.713471829745753, 0.011659784844995481]
Games played: 181
Exploitability: P1=1.933333333 P2=0.028674890 EV: (-0.05293578311297167, 0.05293578311297167) P1 Winnings: -8.0
Choosing model 3
[0.17744864874244623, 0.03412620194871006, 0.05578939869009147, 0.7226576094447377, 0.009978141174014538]
Games played: 182
Exploitability: P1=1.933333333 P2=0.028674890 EV: (-0.05293578311297167, 0.05293578311297167) P1 Winnings: -17.0
Choosing model 3
[0.18993970555254203, 0.03771413334451067, 0.06323086470134467, 0.6994239799390686, 0.009691316462534063]
Games played: 183
Exploitability: P1=1.933333333 P2=0.028674890 EV: (-0.05293578311297167, 0.05293578311297167) P1 Winnings: -16.0
Choosing model 3
[0.2027010658020836, 0.04155444784535132, 0.07145025274245988, 0.674909690914928, 0.009384542695177191]
Games played: 184
Exploitability: P1=1.933333333 P2=0.028674890 EV: (-0.05293578311297167, 0.05293578311297167) P1 Winnings: -15.0
Choosing model 0
[0.18776997250693464, 0.054932636324855316, 0.06984198687678876, 0.680231977241382, 0.00722342705003928]
Games played: 185
Exploitability: P1=1.900000000 P2=0.028674890 EV: (-0.08675335817684794, 0.08675335817684794) P1 Winnings: -8.0
Choosing model 1
[0.1767942568223385, 0.06337192732183587, 0.0673222015424594, 0.6863536445899612, 0.006157969723405105]
Games played: 186
Exploitability: P1=2.800000000 P2=0.028674890 EV: (0.028624398454835574, -0.028624398454835574) P1 Winnings: -13.0
Choosing model 4
[0.18628142139132361, 0.0537819584266231, 0.06968146515588308, 0.683344926798285, 0.006910228227885109]
Games played: 187
Exploitability: P1=2.600000000 P2=0.028674890 EV: (-0.11657263320328144, 0.11657263320328144) P1 Winnings: -12.0
Choosing model 3
[0.1982260131584905, 0.05908820918064303, 0.0785132135750629, 0.6575002948592935, 0.006672269226510075]
Games played: 188
Exploitability: P1=1.933333333 P2=0.028674890 EV: (-0.05293578311297167, 0.05293578311297167) P1 Winnings: -11.0
Choosing model 3
[0.2168545791506106, 0.04435181005679896, 0.0830474096987861, 0.647484940843955, 0.008261260249849321]
Games played: 189
Exploitability: P1=1.933333333 P2=0.028674890 EV: (-0.05293578311297167, 0.05293578311297167) P1 Winnings: -11.0
Choosing model 3
[0.21824352793733623, 0.0415227000133765, 0.08358117138580227, 0.6484637424156141, 0.008188858247870811]
Games played: 190
Exploitability: P1=1.933333333 P2=0.028674890 EV: (-0.05293578311297167, 0.05293578311297167) P1 Winnings: -14.0
Choosing model 3
[0.19196481496542991, 0.05803032704445524, 0.07750374468459711, 0.6667299266814541, 0.005771186624063719]
Games played: 191
Exploitability: P1=1.933333333 P2=0.028674890 EV: (-0.05293578311297167, 0.05293578311297167) P1 Winnings: -14.0
Choosing model 3
[0.20985452013615208, 0.09276002562496134, 0.10772954681388304, 0.5855305858968931, 0.004125321528110441]
Games played: 192
Exploitability: P1=1.933333333 P2=0.028674890 EV: (-0.05293578311297167, 0.05293578311297167) P1 Winnings: -9.0
Choosing model 1
[0.22023291402578846, 0.10050736078285477, 0.11971073757912797, 0.5556206232035261, 0.0039283644087026144]
Games played: 193
Exploitability: P1=2.800000000 P2=0.028674890 EV: (0.028624398454835574, -0.028624398454835574) P1 Winnings: -8.0
Choosing model 3
[0.22023284718686661, 0.10050742696791774, 0.11971071573290216, 0.5556206490446567, 0.003928361067656899]
Games played: 194
Exploitability: P1=1.933333333 P2=0.028674890 EV: (-0.05293578311297167, 0.05293578311297167) P1 Winnings: -15.0
Choosing model 3
[0.23019679280754973, 0.10846470567434556, 0.1324904512166032, 0.5251222580020138, 0.003725792299487677]
Games played: 195
Exploitability: P1=1.933333333 P2=0.028674890 EV: (-0.05293578311297167, 0.05293578311297167) P1 Winnings: -14.0
Choosing model 0
[0.20842954735609096, 0.13573855778910898, 0.12430163311886822, 0.5286147868116201, 0.0029154749243116]
Games played: 196
Exploitability: P1=1.900000000 P2=0.028674890 EV: (-0.08675335817684794, 0.08675335817684794) P1 Winnings: -27.0
Choosing model 3
[0.2313588821911017, 0.10337908701447333, 0.13340715206681214, 0.5281921817224927, 0.00366269700512009]
Games played: 197
Exploitability: P1=1.933333333 P2=0.028674890 EV: (-0.05293578311297167, 0.05293578311297167) P1 Winnings: -24.0
Choosing model 3
[0.20003284873825425, 0.1420159117242458, 0.12159850277122353, 0.533815402761421, 0.002537334004855548]
Games played: 198
Exploitability: P1=1.933333333 P2=0.028674890 EV: (-0.05293578311297167, 0.05293578311297167) P1 Winnings: -24.0
Choosing model 1
[0.1884385787726667, 0.22302587323496326, 0.1419900069924604, 0.4450060163937429, 0.0015395246061669092]
Games played: 199
Exploitability: P1=2.800000000 P2=0.028674890 EV: (0.028624398454835574, -0.028624398454835574) P1 Winnings: -19.0
Choosing model 1
[0.16671177155344455, 0.2660314949107195, 0.13005554319671442, 0.43602590244899264, 0.001175287890128823]
Games played: 200
Exploitability: P1=2.800000000 P2=0.028674890 EV: (0.028624398454835574, -0.028624398454835574) P1 Winnings: -12.0
