Player 1 exploitability: 0.325948831258
Choosing model 0
[0.1973349639706216, 0.21128199721835308, 0.19899353135783318, 0.2021883263136098, 0.19020118113958234]
Games played: 1
Exploitability: P1=1.900000000 P2=0.240296817 EV: (-0.09245927691477797, 0.09245927691477797) P1 Winnings: -1
Choosing model 3
[0.1794504206181727, 0.27798056193808135, 0.18830108780660285, 0.20712387387356032, 0.14714405576358297]
Games played: 2
Exploitability: P1=1.933333333 P2=0.240296817 EV: (-0.1844059474458499, 0.1844059474458499) P1 Winnings: -2
Choosing model 1
[0.1818814234094155, 0.290891749874403, 0.2020835996610868, 0.18981865777106519, 0.13532456928402956]
Games played: 3
Exploitability: P1=2.800000000 P2=0.240296817 EV: (0.11213261015359974, -0.11213261015359974) P1 Winnings: -1.0
Choosing model 1
[0.18767873128533788, 0.2710030671739726, 0.20685843186067582, 0.19088953722189397, 0.14357023245811973]
Games played: 4
Exploitability: P1=2.800000000 P2=0.240296817 EV: (0.11213261015359974, -0.11213261015359974) P1 Winnings: -1.0
Choosing model 2
[0.20758658840163013, 0.20154894124628261, 0.22074850717291633, 0.18883367313313543, 0.18128229004603555]
Games played: 5
Exploitability: P1=4.600000000 P2=0.240296817 EV: (0.22242366050039472, -0.22242366050039472) P1 Winnings: -6.0
Choosing model 3
[0.21082205836454102, 0.21133449519078554, 0.2373826149767178, 0.17340478322007036, 0.1670560482478853]
Games played: 6
Exploitability: P1=1.933333333 P2=0.240296817 EV: (-0.1844059474458499, 0.1844059474458499) P1 Winnings: -5.0
Choosing model 1
[0.1941181270086632, 0.2689521715532562, 0.22648069300082088, 0.17751290562215224, 0.13293610281510743]
Games played: 7
Exploitability: P1=2.800000000 P2=0.240296817 EV: (0.11213261015359974, -0.11213261015359974) P1 Winnings: 0.0
Choosing model 4
[0.18844306363330082, 0.3083405626383672, 0.24354398027057478, 0.15486537880932105, 0.10480701464843638]
Games played: 8
Exploitability: P1=2.600000000 P2=0.240296817 EV: (-0.13920181326127723, 0.13920181326127723) P1 Winnings: 5.0
Choosing model 1
[0.16849583482063374, 0.37191080387428777, 0.2255641630532159, 0.15324519881056634, 0.08078399944129618]
Games played: 9
Exploitability: P1=2.800000000 P2=0.240296817 EV: (0.11213261015359974, -0.11213261015359974) P1 Winnings: 12.0
Choosing model 0
[0.14742853020946164, 0.43874534403179066, 0.20433233968514428, 0.1485009403217529, 0.06099284575185057]
Games played: 10
Exploitability: P1=1.900000000 P2=0.240296817 EV: (-0.09245927691477797, 0.09245927691477797) P1 Winnings: 19.0
Choosing model 1
[0.14255680295649292, 0.4542316368692653, 0.1992408707213877, 0.14712540001944588, 0.05684528943340822]
Games played: 11
Exploitability: P1=2.800000000 P2=0.240296817 EV: (0.11213261015359974, -0.11213261015359974) P1 Winnings: 10.0
Choosing model 0
[0.15084235745135868, 0.42585690890911937, 0.19395360705733639, 0.1638655258072897, 0.06548160077489577]
Games played: 12
Exploitability: P1=1.900000000 P2=0.240296817 EV: (-0.09245927691477797, 0.09245927691477797) P1 Winnings: 19.0
Choosing model 4
[0.1588902884833618, 0.39913052009917055, 0.2034146795663865, 0.16948252056522692, 0.06908199128585431]
Games played: 13
Exploitability: P1=2.600000000 P2=0.240296817 EV: (-0.13920181326127723, 0.13920181326127723) P1 Winnings: 14.0
Choosing model 1
[0.13586744354982785, 0.47172360595978297, 0.1802322787888967, 0.16112457375046765, 0.05105209795102486]
Games played: 14
Exploitability: P1=2.800000000 P2=0.240296817 EV: (0.11213261015359974, -0.11213261015359974) P1 Winnings: 19.0
Choosing model 1
[0.14380221740403312, 0.44237313308661397, 0.17549583683601916, 0.17950499398783976, 0.058823818685494064]
Games played: 15
Exploitability: P1=2.800000000 P2=0.240296817 EV: (0.11213261015359974, -0.11213261015359974) P1 Winnings: 28.0
Choosing model 1
[0.11182414584536841, 0.5452959033614744, 0.14349808028185979, 0.16215758804162306, 0.037224282469674214]
Games played: 16
Exploitability: P1=2.800000000 P2=0.240296817 EV: (0.11213261015359974, -0.11213261015359974) P1 Winnings: 35.0
Choosing model 1
[0.11889162972646113, 0.51210129349651, 0.13569412690487972, 0.18905853764964353, 0.04425441222250565]
Games played: 17
Exploitability: P1=2.800000000 P2=0.240296817 EV: (0.11213261015359974, -0.11213261015359974) P1 Winnings: 28.0
Choosing model 0
[0.12585784099841943, 0.4803256998081054, 0.13215211372952287, 0.21066377713967624, 0.051000568324275956]
Games played: 18
Exploitability: P1=1.900000000 P2=0.240296817 EV: (-0.09245927691477797, 0.09245927691477797) P1 Winnings: 37.0
Choosing model 1
[0.14321724499813251, 0.4230516907109912, 0.1471627162826951, 0.22387365481928317, 0.06269469318889812]
Games played: 19
Exploitability: P1=2.800000000 P2=0.240296817 EV: (0.11213261015359974, -0.11213261015359974) P1 Winnings: 37.0
Choosing model 2
[0.16119475720117604, 0.36533690099002414, 0.1621014729178986, 0.2352434553964671, 0.07612341349443438]
Games played: 20
Exploitability: P1=4.600000000 P2=0.240296817 EV: (0.22242366050039472, -0.22242366050039472) P1 Winnings: 38.0
Choosing model 1
[0.15418730821367613, 0.4126984104304483, 0.17175794112951256, 0.20222069869295947, 0.05913564153340362]
Games played: 21
Exploitability: P1=2.800000000 P2=0.240296817 EV: (0.11213261015359974, -0.11213261015359974) P1 Winnings: 43.0
Choosing model 1
[0.1625436907143648, 0.38620115601088606, 0.1798133187967882, 0.20802736134560756, 0.06341447313235336]
Games played: 22
Exploitability: P1=2.800000000 P2=0.240296817 EV: (0.11213261015359974, -0.11213261015359974) P1 Winnings: 43.0
Choosing model 4
[0.16885354757878485, 0.3543737867972355, 0.16613502414188516, 0.23697572521545376, 0.07366191626664076]
Games played: 23
Exploitability: P1=2.600000000 P2=0.240296817 EV: (-0.13920181326127723, 0.13920181326127723) P1 Winnings: 36.0
Choosing model 3
[0.16885348451069912, 0.3543739698291183, 0.166134980696342, 0.23697571348347757, 0.07366185148036303]
Games played: 24
Exploitability: P1=1.933333333 P2=0.240296817 EV: (-0.1844059474458499, 0.1844059474458499) P1 Winnings: 35.0
Choosing model 1
[0.136115088433777, 0.4528238702550471, 0.14082003677808816, 0.22191883267574436, 0.048322171857343346]
Games played: 25
Exploitability: P1=2.800000000 P2=0.240296817 EV: (0.11213261015359974, -0.11213261015359974) P1 Winnings: 32.0
Choosing model 0
[0.14318824478908, 0.43007727521563965, 0.1469538584583457, 0.22751590769322053, 0.052264713843714186]
Games played: 26
Exploitability: P1=1.900000000 P2=0.240296817 EV: (-0.09245927691477797, 0.09245927691477797) P1 Winnings: 32.0
Choosing model 1
[0.17903169225669316, 0.32241523898888913, 0.17499065676144165, 0.24483058861772228, 0.07873182337525363]
Games played: 27
Exploitability: P1=2.800000000 P2=0.240296817 EV: (0.11213261015359974, -0.11213261015359974) P1 Winnings: 27.0
Choosing model 1
[0.1464350652272506, 0.4180247395916978, 0.15050022702889912, 0.23263492892771653, 0.05240503922443589]
Games played: 28
Exploitability: P1=2.800000000 P2=0.240296817 EV: (0.11213261015359974, -0.11213261015359974) P1 Winnings: 27.0
Choosing model 1
[0.1279146163455666, 0.5045024703492698, 0.15360971957440078, 0.18084298652634653, 0.033130207204416284]
Games played: 29
Exploitability: P1=2.800000000 P2=0.240296817 EV: (0.11213261015359974, -0.11213261015359974) P1 Winnings: 36.0
Choosing model 1
[0.13630073625729405, 0.4772001918917128, 0.16254748968254046, 0.18804122148413946, 0.035910360684313136]
Games played: 30
Exploitability: P1=2.800000000 P2=0.240296817 EV: (0.11213261015359974, -0.11213261015359974) P1 Winnings: 36.0
Choosing model 2
[0.10394103741030702, 0.5768500576844651, 0.13034019850410672, 0.16658375318981025, 0.022284953211310903]
Games played: 31
Exploitability: P1=4.600000000 P2=0.240296817 EV: (0.22242366050039472, -0.22242366050039472) P1 Winnings: 43.0
Choosing model 1
[0.08424933514165202, 0.6406175847502816, 0.10947500216028554, 0.15006926571763937, 0.015588812230141337]
Games played: 32
Exploitability: P1=2.800000000 P2=0.240296817 EV: (0.11213261015359974, -0.11213261015359974) P1 Winnings: 48.0
Choosing model 1
[0.08424927839815671, 0.6406177695573183, 0.1094749416733254, 0.15006921716750365, 0.01558879320369587]
Games played: 33
Exploitability: P1=2.800000000 P2=0.240296817 EV: (0.11213261015359974, -0.11213261015359974) P1 Winnings: 41.0
Choosing model 0
[0.09689870733103582, 0.5969669638276438, 0.12374178102821516, 0.1633263815436828, 0.019066166269422306]
Games played: 34
Exploitability: P1=1.900000000 P2=0.240296817 EV: (-0.09245927691477797, 0.09245927691477797) P1 Winnings: 40.0
Choosing model 0
[0.09258786132827329, 0.6107237648297869, 0.11923049584554923, 0.15989852077879516, 0.017559357217595575]
Games played: 35
Exploitability: P1=1.900000000 P2=0.240296817 EV: (-0.09245927691477797, 0.09245927691477797) P1 Winnings: 39.0
Choosing model 3
[0.08839240042617222, 0.6242580371231566, 0.1147844710891753, 0.15640742398474552, 0.016157667376750114]
Games played: 36
Exploitability: P1=1.933333333 P2=0.240296817 EV: (-0.1844059474458499, 0.1844059474458499) P1 Winnings: 30.0
Choosing model 1
[0.09549842189383226, 0.5986937063745877, 0.12315383653476016, 0.16489671129913758, 0.017757323897682132]
Games played: 37
Exploitability: P1=2.800000000 P2=0.240296817 EV: (0.11213261015359974, -0.11213261015359974) P1 Winnings: 27.0
Choosing model 0
[0.1028827454563369, 0.5725459225232128, 0.1317582558006392, 0.1733531382131435, 0.01945993800666755]
Games played: 38
Exploitability: P1=1.900000000 P2=0.240296817 EV: (-0.09245927691477797, 0.09245927691477797) P1 Winnings: 30.0
Choosing model 0
[0.09843983582524167, 0.586539289832387, 0.1271279619504341, 0.16994644549650106, 0.01794646689543607]
Games played: 39
Exploitability: P1=1.900000000 P2=0.240296817 EV: (-0.09245927691477797, 0.09245927691477797) P1 Winnings: 21.0
Choosing model 2
[0.09760265423534756, 0.600428043839849, 0.1334646367243632, 0.1523588574524527, 0.01614580774798752]
Games played: 40
Exploitability: P1=4.600000000 P2=0.240296817 EV: (0.22242366050039472, -0.22242366050039472) P1 Winnings: 22.0
Choosing model 1
[0.08836234260267073, 0.641960198580165, 0.1338455547058519, 0.12396059225999805, 0.011871311851314513]
Games played: 41
Exploitability: P1=2.800000000 P2=0.240296817 EV: (0.11213261015359974, -0.11213261015359974) P1 Winnings: 27.0
Choosing model 4
[0.09561156434838311, 0.6166100357875011, 0.1438237791244068, 0.130888113825789, 0.013066506913920015]
Games played: 42
Exploitability: P1=2.600000000 P2=0.240296817 EV: (-0.13920181326127723, 0.13920181326127723) P1 Winnings: 27.0
Choosing model 1
[0.1409857629062022, 0.47365803718646554, 0.20030026908654408, 0.16133462334472118, 0.023721307476066763]
Games played: 43
Exploitability: P1=2.800000000 P2=0.240296817 EV: (0.11213261015359974, -0.11213261015359974) P1 Winnings: 27.0
Choosing model 2
[0.14857020472951313, 0.45064801397969434, 0.2093887961828641, 0.1656916241242212, 0.025701360983707202]
Games played: 44
Exploitability: P1=4.600000000 P2=0.240296817 EV: (0.22242366050039472, -0.22242366050039472) P1 Winnings: 27.0
Choosing model 0
[0.16840974302769174, 0.39396690464141215, 0.2335043901468886, 0.1728428349610057, 0.031276127223001715]
Games played: 45
Exploitability: P1=1.900000000 P2=0.240296817 EV: (-0.09245927691477797, 0.09245927691477797) P1 Winnings: 30.0
Choosing model 1
[0.16304123813287597, 0.40836493601439705, 0.22796082504729617, 0.17144849178702115, 0.02918450901840972]
Games played: 46
Exploitability: P1=2.800000000 P2=0.240296817 EV: (0.11213261015359974, -0.11213261015359974) P1 Winnings: 29.0
Choosing model 1
[0.17987249765753952, 0.36254498671897417, 0.2496638144954965, 0.17408391008742505, 0.033834791040564735]
Games played: 47
Exploitability: P1=2.800000000 P2=0.240296817 EV: (0.11213261015359974, -0.11213261015359974) P1 Winnings: 30.0
Choosing model 3
[0.17153626157745716, 0.3824774865759924, 0.24217220514618967, 0.17403000961147577, 0.029784037088885024]
Games played: 48
Exploitability: P1=1.933333333 P2=0.240296817 EV: (-0.1844059474458499, 0.1844059474458499) P1 Winnings: 33.0
Choosing model 2
[0.13594140921342837, 0.48160487539302227, 0.20232711779134624, 0.16121444800103513, 0.018912149601168028]
Games played: 49
Exploitability: P1=4.600000000 P2=0.240296817 EV: (0.22242366050039472, -0.22242366050039472) P1 Winnings: 28.0
Choosing model 1
[0.151441905385991, 0.4346950506949562, 0.22151250014046972, 0.16994609421089035, 0.022404449567692705]
Games played: 50
Exploitability: P1=2.800000000 P2=0.240296817 EV: (0.11213261015359974, -0.11213261015359974) P1 Winnings: 27.0
Choosing model 1
[0.16715964602499475, 0.38874927888730704, 0.24028876373959757, 0.17750455223838166, 0.026297759109719068]
Games played: 51
Exploitability: P1=2.800000000 P2=0.240296817 EV: (0.11213261015359974, -0.11213261015359974) P1 Winnings: 26.0
Choosing model 2
[0.16183367257163603, 0.4029633069980119, 0.2345880198289455, 0.17607552059516338, 0.024539480006243182]
Games played: 52
Exploitability: P1=4.600000000 P2=0.240296817 EV: (0.22242366050039472, -0.22242366050039472) P1 Winnings: 19.0
Choosing model 1
[0.1775320307434312, 0.35815647044785237, 0.25290859372319824, 0.18277614638431594, 0.0286267587012024]
Games played: 53
Exploitability: P1=2.800000000 P2=0.240296817 EV: (0.11213261015359974, -0.11213261015359974) P1 Winnings: 20.0
Choosing model 1
[0.15445632553073596, 0.4201294634817716, 0.2278070735297663, 0.17611585482888087, 0.021491282628845223]
Games played: 54
Exploitability: P1=2.800000000 P2=0.240296817 EV: (0.11213261015359974, -0.11213261015359974) P1 Winnings: 27.0
Choosing model 3
[0.1672820132559609, 0.3582423861722171, 0.1858453995626318, 0.2571245849162916, 0.03150561609289842]
Games played: 55
Exploitability: P1=1.933333333 P2=0.240296817 EV: (-0.1844059474458499, 0.1844059474458499) P1 Winnings: 18.0
Choosing model 1
[0.20441937925281636, 0.26248003183606744, 0.21628976489727705, 0.2704255661031321, 0.046385257910707085]
Games played: 56
Exploitability: P1=2.800000000 P2=0.240296817 EV: (0.11213261015359974, -0.11213261015359974) P1 Winnings: 17.0
Choosing model 0
[0.22219659908688036, 0.21890522132817206, 0.23008318428835214, 0.27442397648563244, 0.0543910188109631]
Games played: 57
Exploitability: P1=1.900000000 P2=0.240296817 EV: (-0.09245927691477797, 0.09245927691477797) P1 Winnings: 18.0
Choosing model 1
[0.22219653643033518, 0.2189053544257387, 0.2300831451772542, 0.27442398801517065, 0.05439097595150121]
Games played: 58
Exploitability: P1=2.800000000 P2=0.240296817 EV: (0.11213261015359974, -0.11213261015359974) P1 Winnings: 17.0
Choosing model 0
[0.2359364382396015, 0.1872200795440723, 0.23999385026575412, 0.27534072106200075, 0.06150891088857146]
Games played: 59
Exploitability: P1=1.900000000 P2=0.240296817 EV: (-0.09245927691477797, 0.09245927691477797) P1 Winnings: 18.0
Choosing model 4
[0.21921963638748246, 0.25435835516139016, 0.28353064142366713, 0.20552176587035215, 0.03736960115710812]
Games played: 60
Exploitability: P1=2.600000000 P2=0.240296817 EV: (-0.13920181326127723, 0.13920181326127723) P1 Winnings: 23.0
Choosing model 3
[0.21406828045234091, 0.26593612003270756, 0.27919509631836326, 0.20562822504860565, 0.03517227814798272]
Games played: 61
Exploitability: P1=1.933333333 P2=0.240296817 EV: (-0.1844059474458499, 0.1844059474458499) P1 Winnings: 22.0
Choosing model 1
[0.20886177900727967, 0.27780652164368097, 0.2746941152379325, 0.2055613300721354, 0.03307625403897132]
Games played: 62
Exploitability: P1=2.800000000 P2=0.240296817 EV: (0.11213261015359974, -0.11213261015359974) P1 Winnings: 11.0
Choosing model 2
[0.21073358816726181, 0.2703569024240098, 0.2779952975632451, 0.2083828957071939, 0.03253131613828952]
Games played: 63
Exploitability: P1=4.600000000 P2=0.240296817 EV: (0.22242366050039472, -0.22242366050039472) P1 Winnings: 4.0
Choosing model 0
[0.24614600504194947, 0.1893401862109307, 0.3092486417341278, 0.20948473471024226, 0.04578043230274967]
Games played: 64
Exploitability: P1=1.900000000 P2=0.240296817 EV: (-0.09245927691477797, 0.09245927691477797) P1 Winnings: 4.0
Choosing model 1
[0.2834704111806117, 0.11359186480294008, 0.33636340855299723, 0.20166468793564948, 0.06490962752780167]
Games played: 65
Exploitability: P1=2.800000000 P2=0.240296817 EV: (0.11213261015359974, -0.11213261015359974) P1 Winnings: 1.0
Choosing model 1
[0.256694188860127, 0.16305308423004908, 0.3202774146345543, 0.212143092653989, 0.04783221962128054]
Games played: 66
Exploitability: P1=2.800000000 P2=0.240296817 EV: (0.11213261015359974, -0.11213261015359974) P1 Winnings: 8.0
Choosing model 3
[0.2791148041556748, 0.11921144036275817, 0.3359955021064072, 0.20630455361829558, 0.059373699756864386]
Games played: 67
Exploitability: P1=1.933333333 P2=0.240296817 EV: (-0.1844059474458499, 0.1844059474458499) P1 Winnings: 3.0
Choosing model 4
[0.2795677179485976, 0.1232807298271991, 0.3563460833075857, 0.18684343273554246, 0.05396203618107511]
Games played: 68
Exploitability: P1=2.600000000 P2=0.240296817 EV: (-0.13920181326127723, 0.13920181326127723) P1 Winnings: 4.0
Choosing model 1
[0.25763676861288193, 0.1643718767511465, 0.3417167298567876, 0.1939689892290351, 0.04230563555014879]
Games played: 69
Exploitability: P1=2.800000000 P2=0.240296817 EV: (0.11213261015359974, -0.11213261015359974) P1 Winnings: 3.0
Choosing model 2
[0.26972740716477295, 0.13942614399807846, 0.3515874805783296, 0.19215966870002518, 0.047099299558793974]
Games played: 70
Exploitability: P1=4.600000000 P2=0.240296817 EV: (0.22242366050039472, -0.22242366050039472) P1 Winnings: 4.0
Choosing model 1
[0.2501498433306639, 0.17865106056055055, 0.38099126040434167, 0.15859484233596136, 0.03161299336848233]
Games played: 71
Exploitability: P1=2.800000000 P2=0.240296817 EV: (0.11213261015359974, -0.11213261015359974) P1 Winnings: 13.0
Choosing model 0
[0.2379278513319858, 0.20067449906753856, 0.4014137190049816, 0.1355640232654679, 0.02441990733002616]
Games played: 72
Exploitability: P1=1.900000000 P2=0.240296817 EV: (-0.09245927691477797, 0.09245927691477797) P1 Winnings: 18.0
Choosing model 2
[0.253748338255707, 0.16420811660552465, 0.41897074964027653, 0.13497748658749917, 0.028095308910992545]
Games played: 73
Exploitability: P1=4.600000000 P2=0.240296817 EV: (0.22242366050039472, -0.22242366050039472) P1 Winnings: 19.0
Choosing model 3
[0.28155356019807576, 0.10924428958401403, 0.44274416053360066, 0.12889926357965184, 0.03755872610465765]
Games played: 74
Exploitability: P1=1.933333333 P2=0.240296817 EV: (-0.1844059474458499, 0.1844059474458499) P1 Winnings: 20.0
Choosing model 0
[0.2638562085278169, 0.14150104931885335, 0.42992368217161325, 0.13429985608944564, 0.030419203892270784]
Games played: 75
Exploitability: P1=1.900000000 P2=0.240296817 EV: (-0.09245927691477797, 0.09245927691477797) P1 Winnings: 20.0
Choosing model 2
[0.2413796085322119, 0.18728561289432974, 0.40925883124684465, 0.13840202720798198, 0.023673920118631554]
Games played: 76
Exploitability: P1=4.600000000 P2=0.240296817 EV: (0.22242366050039472, -0.22242366050039472) P1 Winnings: 19.0
Choosing model 2
[0.24137938400856407, 0.18728607059164953, 0.40925862409368563, 0.13840206856758283, 0.023673852738518034]
Games played: 77
Exploitability: P1=4.600000000 P2=0.240296817 EV: (0.22242366050039472, -0.22242366050039472) P1 Winnings: 10.0
Choosing model 1
[0.24874825933406122, 0.1881409111017317, 0.36465492339134015, 0.17186864769738266, 0.02658725847548429]
Games played: 78
Exploitability: P1=2.800000000 P2=0.240296817 EV: (0.11213261015359974, -0.11213261015359974) P1 Winnings: 10.0
Choosing model 2
[0.2730082371117492, 0.13884205257174692, 0.3861340467013886, 0.16870402467537624, 0.033311638939739076]
Games played: 79
Exploitability: P1=4.600000000 P2=0.240296817 EV: (0.22242366050039472, -0.22242366050039472) P1 Winnings: 5.0
Choosing model 2
[0.26165885968705865, 0.1571528497085514, 0.40994910308025784, 0.14530999225831495, 0.025929195265817082]
Games played: 80
Exploitability: P1=4.600000000 P2=0.240296817 EV: (0.22242366050039472, -0.22242366050039472) P1 Winnings: 10.0
Choosing model 0
[0.28282432136844, 0.1337377005357669, 0.333773852982196, 0.21172804611639967, 0.0379360789971976]
Games played: 81
Exploitability: P1=1.900000000 P2=0.240296817 EV: (-0.09245927691477797, 0.09245927691477797) P1 Winnings: 10.0
Choosing model 0
[0.28282426315928316, 0.13373779203746824, 0.3337738216696603, 0.21172807113985112, 0.03793605199373703]
Games played: 82
Exploitability: P1=1.900000000 P2=0.240296817 EV: (-0.09245927691477797, 0.09245927691477797) P1 Winnings: 9.0
Choosing model 3
[0.27834474606780457, 0.14092204119199994, 0.3312482133166092, 0.21349948803288238, 0.03598551139070395]
Games played: 83
Exploitability: P1=1.933333333 P2=0.240296817 EV: (-0.1844059474458499, 0.1844059474458499) P1 Winnings: 14.0
Choosing model 2
[0.2647105620287987, 0.1642069862006974, 0.32250874867612994, 0.21758751385932787, 0.030986189235046112]
Games played: 84
Exploitability: P1=4.600000000 P2=0.240296817 EV: (0.22242366050039472, -0.22242366050039472) P1 Winnings: 5.0
Choosing model 3
[0.29480255677066375, 0.10958852749863258, 0.3439782122857086, 0.21136233537246393, 0.040268368072531216]
Games played: 85
Exploitability: P1=1.933333333 P2=0.240296817 EV: (-0.1844059474458499, 0.1844059474458499) P1 Winnings: 8.0
Choosing model 3
[0.29323935580160243, 0.10961774263880306, 0.3447140515005402, 0.21406906704873083, 0.03835978301032353]
Games played: 86
Exploitability: P1=1.933333333 P2=0.240296817 EV: (-0.1844059474458499, 0.1844059474458499) P1 Winnings: 8.0
Choosing model 3
[0.29385553525914737, 0.10708049315066341, 0.2986723175367079, 0.25849951841137536, 0.04189213564210585]
Games played: 87
Exploitability: P1=1.933333333 P2=0.240296817 EV: (-0.1844059474458499, 0.1844059474458499) P1 Winnings: 8.0
Choosing model 4
[0.3067156853369862, 0.08776344840415651, 0.30548813117534324, 0.2530353973197108, 0.046997337763803194]
Games played: 88
Exploitability: P1=2.600000000 P2=0.240296817 EV: (-0.13920181326127723, 0.13920181326127723) P1 Winnings: 5.0
Choosing model 0
[0.33633045654543103, 0.051458285636662146, 0.3161612464060727, 0.23198109757298982, 0.06406891383884433]
Games played: 89
Exploitability: P1=1.900000000 P2=0.240296817 EV: (-0.09245927691477797, 0.09245927691477797) P1 Winnings: 4.0
Choosing model 4
[0.3331048254030814, 0.054566800225732584, 0.3157608439054155, 0.2354069973053057, 0.06116053316046489]
Games played: 90
Exploitability: P1=2.600000000 P2=0.240296817 EV: (-0.13920181326127723, 0.13920181326127723) P1 Winnings: -5.0
Choosing model 3
[0.31715666328871855, 0.07180854948329918, 0.31151820574192574, 0.2491903004840526, 0.05032628100200392]
Games played: 91
Exploitability: P1=1.933333333 P2=0.240296817 EV: (-0.1844059474458499, 0.1844059474458499) P1 Winnings: -10.0
Choosing model 0
[0.3196723843254788, 0.07472751601392476, 0.3324674171955738, 0.2271053097443877, 0.04602737272063496]
Games played: 92
Exploitability: P1=1.900000000 P2=0.240296817 EV: (-0.09245927691477797, 0.09245927691477797) P1 Winnings: -9.0
Choosing model 0
[0.31588258997545454, 0.07906050225805265, 0.3312871401660254, 0.22993225290674976, 0.04383751469371767]
Games played: 93
Exploitability: P1=1.900000000 P2=0.240296817 EV: (-0.09245927691477797, 0.09245927691477797) P1 Winnings: -10.0
Choosing model 3
[0.3120005267561026, 0.08360796505739311, 0.32996595038190013, 0.23269206482085283, 0.041733492983751286]
Games played: 94
Exploitability: P1=1.933333333 P2=0.240296817 EV: (-0.1844059474458499, 0.1844059474458499) P1 Winnings: -19.0
Choosing model 1
[0.31326129886894094, 0.08667067566213191, 0.3507962324813524, 0.21125055794548595, 0.03802123504208869]
Games played: 95
Exploitability: P1=2.800000000 P2=0.240296817 EV: (0.11213261015359974, -0.11213261015359974) P1 Winnings: -18.0
Choosing model 3
[0.31159533630722297, 0.08669242246363353, 0.3515411473159834, 0.21395250502762053, 0.036218588885539645]
Games played: 96
Exploitability: P1=1.933333333 P2=0.240296817 EV: (-0.1844059474458499, 0.1844059474458499) P1 Winnings: -15.0
Choosing model 3
[0.3075860930044345, 0.09162528568300941, 0.34993455480314134, 0.21639397391736911, 0.03446009259204563]
Games played: 97
Exploitability: P1=1.933333333 P2=0.240296817 EV: (-0.1844059474458499, 0.1844059474458499) P1 Winnings: -26.0
Choosing model 0
[0.28822257060412676, 0.1186673528982131, 0.3397663414462768, 0.22543703866220888, 0.027906696389174528]
Games played: 98
Exploitability: P1=1.900000000 P2=0.240296817 EV: (-0.09245927691477797, 0.09245927691477797) P1 Winnings: -26.0
Choosing model 2
[0.2883189436001783, 0.12256022721880845, 0.3598818308208018, 0.2039085028402556, 0.02533049551995575]
Games played: 99
Exploitability: P1=4.600000000 P2=0.240296817 EV: (0.22242366050039472, -0.22242366050039472) P1 Winnings: -25.0
Choosing model 2
[0.3008032324898002, 0.10289755071908216, 0.37273255223558227, 0.19579532597290997, 0.027771338582625565]
Games played: 100
Exploitability: P1=4.600000000 P2=0.240296817 EV: (0.22242366050039472, -0.22242366050039472) P1 Winnings: -24.0
Choosing model 0
[0.27411115173831546, 0.12462106442303453, 0.45953297480244737, 0.1252044719371902, 0.0165303370990123]
Games played: 101
Exploitability: P1=1.900000000 P2=0.240296817 EV: (-0.09245927691477797, 0.09245927691477797) P1 Winnings: -19.0
Choosing model 2
[0.28458688716351577, 0.10411799498720646, 0.4736231724700219, 0.11963704707223348, 0.018034898307022356]
Games played: 102
Exploitability: P1=4.600000000 P2=0.240296817 EV: (0.22242366050039472, -0.22242366050039472) P1 Winnings: -18.0
Choosing model 2
[0.3073405542459096, 0.06738205729694124, 0.4898548209026989, 0.11269491572138743, 0.022727651833062877]
Games played: 103
Exploitability: P1=4.600000000 P2=0.240296817 EV: (0.22242366050039472, -0.22242366050039472) P1 Winnings: -15.0
Choosing model 2
[0.30187243650339346, 0.06833150223035105, 0.5094544417824884, 0.10008587429578805, 0.02025574518797887]
Games played: 104
Exploitability: P1=4.600000000 P2=0.240296817 EV: (0.22242366050039472, -0.22242366050039472) P1 Winnings: -14.0
Choosing model 3
[0.31721085145922034, 0.06999442228625277, 0.46286494912134557, 0.12673353994719683, 0.02319623718598452]
Games played: 105
Exploitability: P1=1.933333333 P2=0.240296817 EV: (-0.1844059474458499, 0.1844059474458499) P1 Winnings: -14.0
Choosing model 0
[0.3124546174579179, 0.07118286384883658, 0.48275589161382754, 0.11287437314493837, 0.02073225393447955]
Games played: 106
Exploitability: P1=1.900000000 P2=0.240296817 EV: (-0.09245927691477797, 0.09245927691477797) P1 Winnings: -13.0
Choosing model 2
[0.30693373231357457, 0.07219485392307359, 0.5021340043511824, 0.10025773733946117, 0.018479672072708227]
Games played: 107
Exploitability: P1=4.600000000 P2=0.240296817 EV: (0.22242366050039472, -0.22242366050039472) P1 Winnings: -12.0
Choosing model 0
[0.26353899397029373, 0.08238510866444311, 0.5833041254185899, 0.06040758555298754, 0.010364186393685549]
Games played: 108
Exploitability: P1=1.900000000 P2=0.240296817 EV: (-0.09245927691477797, 0.09245927691477797) P1 Winnings: -7.0
Choosing model 2
[0.2608296599993688, 0.08443386398700105, 0.5835654361640003, 0.061480326561560376, 0.009690713288069598]
Games played: 109
Exploitability: P1=4.600000000 P2=0.240296817 EV: (0.22242366050039472, -0.22242366050039472) P1 Winnings: -7.0
Choosing model 2
[0.2572709712811562, 0.08885290230677687, 0.5834827819304452, 0.06123721322230901, 0.009156131259312705]
Games played: 110
Exploitability: P1=4.600000000 P2=0.240296817 EV: (0.22242366050039472, -0.22242366050039472) P1 Winnings: -2.0
Choosing model 0
[0.30794251240295223, 0.07320428187306376, 0.5028642045734701, 0.09941500132404578, 0.016573999826468136]
Games played: 111
Exploitability: P1=1.900000000 P2=0.240296817 EV: (-0.09245927691477797, 0.09245927691477797) P1 Winnings: -5.0
Choosing model 2
[0.30974765984654545, 0.06849775387810082, 0.505823140546502, 0.09951156535977661, 0.01641988036907516]
Games played: 112
Exploitability: P1=4.600000000 P2=0.240296817 EV: (0.22242366050039472, -0.22242366050039472) P1 Winnings: -8.0
Choosing model 3
[0.30673326358605096, 0.070240084662899, 0.5063303461609894, 0.10133488895507256, 0.015361416634988122]
Games played: 113
Exploitability: P1=1.933333333 P2=0.240296817 EV: (-0.1844059474458499, 0.1844059474458499) P1 Winnings: -3.0
Choosing model 3
[0.3163490108839802, 0.056884224005311394, 0.5117252205144242, 0.09801307886727562, 0.0170284657290086]
Games played: 114
Exploitability: P1=1.933333333 P2=0.240296817 EV: (-0.1844059474458499, 0.1844059474458499) P1 Winnings: -6.0
Choosing model 2
[0.3303354106162586, 0.040755202727101904, 0.5166552635761935, 0.09212944414491588, 0.020124678935530146]
Games played: 115
Exploitability: P1=4.600000000 P2=0.240296817 EV: (0.22242366050039472, -0.22242366050039472) P1 Winnings: -3.0
Choosing model 2
[0.3435331661969761, 0.028498282117941573, 0.5183877309355917, 0.0856890001835983, 0.02389182056589229]
Games played: 116
Exploitability: P1=4.600000000 P2=0.240296817 EV: (0.22242366050039472, -0.22242366050039472) P1 Winnings: -8.0
Choosing model 2
[0.31745152628789003, 0.03638426895488308, 0.5597188269142941, 0.0704669514677126, 0.015978426375220192]
Games played: 117
Exploitability: P1=4.600000000 P2=0.240296817 EV: (0.22242366050039472, -0.22242366050039472) P1 Winnings: 1.0
Choosing model 2
[0.31427253245066183, 0.03842941752097159, 0.5616989262932947, 0.07044658279675968, 0.015152540938312224]
Games played: 118
Exploitability: P1=4.600000000 P2=0.240296817 EV: (0.22242366050039472, -0.22242366050039472) P1 Winnings: 6.0
Choosing model 2
[0.3062633858974957, 0.03866567250675753, 0.5795976617074532, 0.06207453285517128, 0.013398747033122486]
Games played: 119
Exploitability: P1=4.600000000 P2=0.240296817 EV: (0.22242366050039472, -0.22242366050039472) P1 Winnings: 7.0
Choosing model 2
[0.3182703294822304, 0.02701772175369024, 0.5811229317664282, 0.05769359711000909, 0.015895419887642113]
Games played: 120
Exploitability: P1=4.600000000 P2=0.240296817 EV: (0.22242366050039472, -0.22242366050039472) P1 Winnings: 12.0
Choosing model 2
[0.3095783677214847, 0.02713290467228951, 0.5985174851693086, 0.05074192557333174, 0.014029316863585327]
Games played: 121
Exploitability: P1=4.600000000 P2=0.240296817 EV: (0.22242366050039472, -0.22242366050039472) P1 Winnings: 13.0
Choosing model 2
[0.2982349636875477, 0.036777738707585904, 0.5987144636898807, 0.054691703169752956, 0.011581130745232725]
Games played: 122
Exploitability: P1=4.600000000 P2=0.240296817 EV: (0.22242366050039472, -0.22242366050039472) P1 Winnings: 18.0
Choosing model 0
[0.29823483754262436, 0.03677784724034818, 0.598714464306696, 0.0546917472531214, 0.011581103657210207]
Games played: 123
Exploitability: P1=1.900000000 P2=0.240296817 EV: (-0.09245927691477797, 0.09245927691477797) P1 Winnings: 9.0
Choosing model 0
[0.3205891466097953, 0.038538484840867665, 0.5564607781598315, 0.07084454957985432, 0.013567040809651126]
Games played: 124
Exploitability: P1=1.900000000 P2=0.240296817 EV: (-0.09245927691477797, 0.09245927691477797) P1 Winnings: 18.0
Choosing model 2
[0.3270820499444244, 0.03185678908908325, 0.5579462726718482, 0.06839542355824682, 0.01471946473639742]
Games played: 125
Exploitability: P1=4.600000000 P2=0.240296817 EV: (0.22242366050039472, -0.22242366050039472) P1 Winnings: 19.0
Choosing model 0
[0.33902021343974753, 0.022202044285163505, 0.5579580878921023, 0.06340288336622733, 0.017416771016759362]
Games played: 126
Exploitability: P1=1.900000000 P2=0.240296817 EV: (-0.09245927691477797, 0.09245927691477797) P1 Winnings: 14.0
Choosing model 2
[0.3366005754627958, 0.023601558311968775, 0.5586319320390226, 0.06449860273220395, 0.016667331454008904]
Games played: 127
Exploitability: P1=4.600000000 P2=0.240296817 EV: (0.22242366050039472, -0.22242366050039472) P1 Winnings: 13.0
Choosing model 2
[0.3422532543026004, 0.019443432377914786, 0.5582237828956147, 0.06205774183248424, 0.018021788591385958]
Games played: 128
Exploitability: P1=4.600000000 P2=0.240296817 EV: (0.22242366050039472, -0.22242366050039472) P1 Winnings: 12.0
Choosing model 2
[0.34225313655727074, 0.01944349129126321, 0.5582238275379129, 0.06205779675208439, 0.01802174786146883]
Games played: 129
Exploitability: P1=4.600000000 P2=0.240296817 EV: (0.22242366050039472, -0.22242366050039472) P1 Winnings: 3.0
Choosing model 0
[0.352260056661499, 0.013730703324153305, 0.5555200272812064, 0.05749606007253476, 0.02099315266060644]
Games played: 130
Exploitability: P1=1.900000000 P2=0.240296817 EV: (-0.09245927691477797, 0.09245927691477797) P1 Winnings: 3.0
Choosing model 2
[0.36528712167224153, 0.008537093788212274, 0.5486330960929885, 0.05131452688131846, 0.0262281615652394]
Games played: 131
Exploitability: P1=4.600000000 P2=0.240296817 EV: (0.22242366050039472, -0.22242366050039472) P1 Winnings: 4.0
Choosing model 2
[0.3477199419700159, 0.009597250514304144, 0.5785080282147717, 0.043898118721374446, 0.02027666057953399]
Games played: 132
Exploitability: P1=4.600000000 P2=0.240296817 EV: (0.22242366050039472, -0.22242366050039472) P1 Winnings: 9.0
Choosing model 2
[0.352251627372078, 0.007877160772306224, 0.5759472730041232, 0.04208060962204718, 0.02184332922944514]
Games played: 133
Exploitability: P1=4.600000000 P2=0.240296817 EV: (0.22242366050039472, -0.22242366050039472) P1 Winnings: 10.0
Choosing model 0
[0.3998691337523451, 0.008428618045563798, 0.4873506445882894, 0.07183624893075177, 0.03251535468304993]
Games played: 134
Exploitability: P1=1.900000000 P2=0.240296817 EV: (-0.09245927691477797, 0.09245927691477797) P1 Winnings: 17.0
Choosing model 0
[0.39776767624484577, 0.00897690010536134, 0.48886400391629553, 0.07321621708346653, 0.031175202650030903]
Games played: 135
Exploitability: P1=1.900000000 P2=0.240296817 EV: (-0.09245927691477797, 0.09245927691477797) P1 Winnings: 22.0
Choosing model 3
[0.3902899129189908, 0.009094050115524634, 0.5079024127097072, 0.06495760427796811, 0.027756019977809337]
Games played: 136
Exploitability: P1=1.933333333 P2=0.240296817 EV: (-0.1844059474458499, 0.1844059474458499) P1 Winnings: 23.0
Choosing model 0
[0.3821158560413665, 0.009192596283167898, 0.5265291074182399, 0.05750460248468968, 0.024657837772535968]
Games played: 137
Exploitability: P1=1.900000000 P2=0.240296817 EV: (-0.09245927691477797, 0.09245927691477797) P1 Winnings: 24.0
Choosing model 2
[0.37334527238505855, 0.009273141703577898, 0.5447187923580455, 0.05080226515025735, 0.021860528403060586]
Games played: 138
Exploitability: P1=4.600000000 P2=0.240296817 EV: (0.22242366050039472, -0.22242366050039472) P1 Winnings: 25.0
Choosing model 2
[0.4026463688120011, 0.006000637298696155, 0.5080982936736896, 0.05347366087969798, 0.02978103933591496]
Games played: 139
Exploitability: P1=4.600000000 P2=0.240296817 EV: (0.22242366050039472, -0.22242366050039472) P1 Winnings: 25.0
Choosing model 0
[0.41763214902425616, 0.0055146565175925874, 0.4848439025851029, 0.05838141660243832, 0.033627875270609946]
Games played: 140
Exploitability: P1=1.900000000 P2=0.240296817 EV: (-0.09245927691477797, 0.09245927691477797) P1 Winnings: 34.0
Choosing model 2
[0.4156846762835489, 0.005876882016370981, 0.48663903208013337, 0.05953834439874393, 0.0322610652212028]
Games played: 141
Exploitability: P1=4.600000000 P2=0.240296817 EV: (0.22242366050039472, -0.22242366050039472) P1 Winnings: 39.0
Choosing model 0
[0.4136974666845851, 0.0062621615124365156, 0.4883831790375458, 0.06071103579929355, 0.030946156966139025]
Games played: 142
Exploitability: P1=1.900000000 P2=0.240296817 EV: (-0.09245927691477797, 0.09245927691477797) P1 Winnings: 26.0
Choosing model 2
[0.4116713045556103, 0.006671913564082495, 0.4900758941660468, 0.061899538308702234, 0.02968134940555817]
Games played: 143
Exploitability: P1=4.600000000 P2=0.240296817 EV: (0.22242366050039472, -0.22242366050039472) P1 Winnings: 31.0
Choosing model 2
[0.4447462566044124, 0.006639067488917861, 0.4206689073730653, 0.08926722504024821, 0.03867854349335632]
Games played: 144
Exploitability: P1=4.600000000 P2=0.240296817 EV: (0.22242366050039472, -0.22242366050039472) P1 Winnings: 18.0
Choosing model 0
[0.4504246849059779, 0.005185656588552579, 0.41913739929943095, 0.083198836177381, 0.042053423028657534]
Games played: 145
Exploitability: P1=1.900000000 P2=0.240296817 EV: (-0.09245927691477797, 0.09245927691477797) P1 Winnings: 21.0
Choosing model 4
[0.4446578290875473, 0.005285433643833693, 0.43812148482278124, 0.07426529070084362, 0.037669961744994124]
Games played: 146
Exploitability: P1=2.600000000 P2=0.240296817 EV: (-0.13920181326127723, 0.13920181326127723) P1 Winnings: 22.0
Choosing model 2
[0.4379348878264768, 0.005374490973475689, 0.4568909213606368, 0.06613545726540382, 0.033664242574006874]
Games played: 147
Exploitability: P1=4.600000000 P2=0.240296817 EV: (0.22242366050039472, -0.22242366050039472) P1 Winnings: 23.0
Choosing model 2
[0.4435856312747614, 0.004176858583718194, 0.45291220331119486, 0.06254048567177778, 0.03678482115854784]
Games played: 148
Exploitability: P1=4.600000000 P2=0.240296817 EV: (0.22242366050039472, -0.22242366050039472) P1 Winnings: 24.0
Choosing model 0
[0.43600305081624025, 0.004238722075722419, 0.47136839214278936, 0.05558251347473248, 0.0328073214905155]
Games played: 149
Exploitability: P1=1.900000000 P2=0.240296817 EV: (-0.09245927691477797, 0.09245927691477797) P1 Winnings: 25.0
Choosing model 4
[0.4303927218437052, 0.0051266632973905974, 0.4763603015738762, 0.058797987619323165, 0.029322325665704693]
Games played: 150
Exploitability: P1=2.600000000 P2=0.240296817 EV: (-0.13920181326127723, 0.13920181326127723) P1 Winnings: 20.0
Choosing model 0
[0.4220150659402248, 0.0051900428590074404, 0.49457592862351124, 0.052130317936351575, 0.026088644640904896]
Games played: 151
Exploitability: P1=1.900000000 P2=0.240296817 EV: (-0.09245927691477797, 0.09245927691477797) P1 Winnings: 21.0
Choosing model 2
[0.41298560814941687, 0.00524385915103185, 0.5124769228811692, 0.046127743468424603, 0.023165866349957518]
Games played: 152
Exploitability: P1=4.600000000 P2=0.240296817 EV: (0.22242366050039472, -0.22242366050039472) P1 Winnings: 22.0
Choosing model 0
[0.4106171886312519, 0.00539894719688817, 0.5150613278151336, 0.04716252125994213, 0.0217600150967842]
Games played: 153
Exploitability: P1=1.900000000 P2=0.240296817 EV: (-0.09245927691477797, 0.09245927691477797) P1 Winnings: 27.0
Choosing model 0
[0.40854021604519847, 0.005751289404748255, 0.5167631662684784, 0.04807803835006281, 0.020867289931511976]
Games played: 154
Exploitability: P1=1.900000000 P2=0.240296817 EV: (-0.09245927691477797, 0.09245927691477797) P1 Winnings: 26.0
Choosing model 2
[0.4208870913636918, 0.0035525673664652847, 0.5070300087874756, 0.04262936016337762, 0.025900972318989718]
Games played: 155
Exploitability: P1=4.600000000 P2=0.240296817 EV: (0.22242366050039472, -0.22242366050039472) P1 Winnings: 27.0
Choosing model 0
[0.44664346084186424, 0.0036749851220481957, 0.4652146728626877, 0.05451278762075084, 0.02995409355264905]
Games played: 156
Exploitability: P1=1.900000000 P2=0.240296817 EV: (-0.09245927691477797, 0.09245927691477797) P1 Winnings: 27.0
Choosing model 0
[0.4581357425643317, 0.0022601386869553408, 0.45446236176613064, 0.04812412758908333, 0.03701762939349897]
Games played: 157
Exploitability: P1=1.900000000 P2=0.240296817 EV: (-0.09245927691477797, 0.09245927691477797) P1 Winnings: 28.0
Choosing model 0
[0.4620633637714937, 0.0018468937751283884, 0.4504589365986343, 0.04592857105558065, 0.039702234799162794]
Games played: 158
Exploitability: P1=1.900000000 P2=0.240296817 EV: (-0.09245927691477797, 0.09245927691477797) P1 Winnings: 29.0
Choosing model 2
[0.45367388272310516, 0.0018722216904603593, 0.46830826958522137, 0.040774632070782024, 0.03537099393043115]
Games played: 159
Exploitability: P1=4.600000000 P2=0.240296817 EV: (0.22242366050039472, -0.22242366050039472) P1 Winnings: 30.0
Choosing model 2
[0.44458720308841637, 0.0018942773390761426, 0.4859363451853261, 0.03613001190263692, 0.03145216248454436]
Games played: 160
Exploitability: P1=4.600000000 P2=0.240296817 EV: (0.22242366050039472, -0.22242366050039472) P1 Winnings: 31.0
Choosing model 0
[0.44182586241863653, 0.0020144872822419027, 0.48969749252805994, 0.037283326231563774, 0.02917883153949783]
Games played: 161
Exploitability: P1=1.900000000 P2=0.240296817 EV: (-0.09245927691477797, 0.09245927691477797) P1 Winnings: 38.0
Choosing model 2
[0.42878072709291337, 0.0016821198913171875, 0.5146963226819163, 0.029366687673802305, 0.025474142660050655]
Games played: 162
Exploitability: P1=4.600000000 P2=0.240296817 EV: (0.22242366050039472, -0.22242366050039472) P1 Winnings: 41.0
Choosing model 2
[0.4182525884038348, 0.0016940781434003549, 0.5316047134369388, 0.025901398848467642, 0.022547221167358345]
Games played: 163
Exploitability: P1=4.600000000 P2=0.240296817 EV: (0.22242366050039472, -0.22242366050039472) P1 Winnings: 42.0
Choosing model 2
[0.42896967341769643, 0.0010417605470167274, 0.5192638538052161, 0.022863490333377055, 0.027861221896693603]
Games played: 164
Exploitability: P1=4.600000000 P2=0.240296817 EV: (0.22242366050039472, -0.22242366050039472) P1 Winnings: 37.0
Choosing model 0
[0.4364266950948486, 0.0007126474008887064, 0.5096982283281193, 0.02080368795055791, 0.032358741225585574]
Games played: 165
Exploitability: P1=1.900000000 P2=0.240296817 EV: (-0.09245927691477797, 0.09245927691477797) P1 Winnings: 32.0
Choosing model 0
[0.44077856372783314, 0.000552240650269897, 0.5037973172148023, 0.019615909637115566, 0.035255968769979065]
Games played: 166
Exploitability: P1=1.900000000 P2=0.240296817 EV: (-0.09245927691477797, 0.09245927691477797) P1 Winnings: 33.0
Choosing model 2
[0.4407785437019768, 0.0005522411166751435, 0.5037973507512312, 0.01961591510147484, 0.035255949328642046]
Games played: 167
Exploitability: P1=4.600000000 P2=0.240296817 EV: (0.22242366050039472, -0.22242366050039472) P1 Winnings: 32.0
Choosing model 2
[0.42141596323977604, 0.0007341263660722663, 0.5329743233934386, 0.0180997635196161, 0.02677582348109693]
Games played: 168
Exploitability: P1=4.600000000 P2=0.240296817 EV: (0.22242366050039472, -0.22242366050039472) P1 Winnings: 37.0
Choosing model 0
[0.4009963492283803, 0.0009712964568787749, 0.5611714831598612, 0.01662172631838475, 0.02023914483649503]
Games played: 169
Exploitability: P1=1.900000000 P2=0.240296817 EV: (-0.09245927691477797, 0.09245927691477797) P1 Winnings: 42.0
Choosing model 2
[0.4011733583685121, 0.00090395108584938, 0.5614315896587536, 0.016548210731063953, 0.019942890155820903]
Games played: 170
Exploitability: P1=4.600000000 P2=0.240296817 EV: (0.22242366050039472, -0.22242366050039472) P1 Winnings: 39.0
Choosing model 2
[0.43176239500347113, 0.0009483650705119967, 0.5224370170634128, 0.021461396374247686, 0.0233908264883564]
Games played: 171
Exploitability: P1=4.600000000 P2=0.240296817 EV: (0.22242366050039472, -0.22242366050039472) P1 Winnings: 39.0
Choosing model 0
[0.4289991284193964, 0.0010053291806337386, 0.5261992316898509, 0.021533519281411076, 0.02226279142870768]
Games played: 172
Exploitability: P1=1.900000000 P2=0.240296817 EV: (-0.09245927691477797, 0.09245927691477797) P1 Winnings: 44.0
Choosing model 2
[0.42899910459233276, 0.0010053300195414275, 0.5261992613986209, 0.021533525062290695, 0.022262778927214157]
Games played: 173
Exploitability: P1=4.600000000 P2=0.240296817 EV: (0.22242366050039472, -0.22242366050039472) P1 Winnings: 43.0
Choosing model 2
[0.4328973759111151, 0.0008219335103074269, 0.5218296215099228, 0.020561576130192986, 0.023889492938461515]
Games played: 174
Exploitability: P1=4.600000000 P2=0.240296817 EV: (0.22242366050039472, -0.22242366050039472) P1 Winnings: 44.0
Choosing model 0
[0.43113573076487655, 0.0008764440498644897, 0.5240741071897899, 0.02098154708100225, 0.022932170914466872]
Games played: 175
Exploitability: P1=1.900000000 P2=0.240296817 EV: (-0.09245927691477797, 0.09245927691477797) P1 Winnings: 31.0
Choosing model 2
[0.42935232651800415, 0.0009345066862739125, 0.5262927847467582, 0.02140865307753361, 0.0220117289714302]
Games played: 176
Exploitability: P1=4.600000000 P2=0.240296817 EV: (0.22242366050039472, -0.22242366050039472) P1 Winnings: 36.0
Choosing model 0
[0.4293522361655669, 0.0009345096426591032, 0.5262928971434354, 0.021408674883678782, 0.022011682164659846]
Games played: 177
Exploitability: P1=1.900000000 P2=0.240296817 EV: (-0.09245927691477797, 0.09245927691477797) P1 Winnings: 27.0
Choosing model 0
[0.43986946836342267, 0.0005740373944989908, 0.5135100167897024, 0.018876921028232393, 0.027169556424143475]
Games played: 178
Exploitability: P1=1.900000000 P2=0.240296817 EV: (-0.09245927691477797, 0.09245927691477797) P1 Winnings: 28.0
Choosing model 2
[0.4324249100719414, 0.0007799768113379364, 0.5230799066576005, 0.02063178774441738, 0.023083418714702788]
Games played: 179
Exploitability: P1=4.600000000 P2=0.240296817 EV: (0.22242366050039472, -0.22242366050039472) P1 Winnings: 28.0
Choosing model 2
[0.4498838896361918, 0.0007189892268291115, 0.5006587847406233, 0.02259389852675856, 0.026144437869597324]
Games played: 180
Exploitability: P1=4.600000000 P2=0.240296817 EV: (0.22242366050039472, -0.22242366050039472) P1 Winnings: 37.0
Choosing model 2
[0.5035532516196357, 0.000633603588405275, 0.422112163095338, 0.034090842801797534, 0.0396101388948235]
Games played: 181
Exploitability: P1=4.600000000 P2=0.240296817 EV: (0.22242366050039472, -0.22242366050039472) P1 Winnings: 37.0
Choosing model 0
[0.4866696046074232, 0.0007231826323589265, 0.4519067568604723, 0.02960989713518186, 0.031090558764563694]
Games played: 182
Exploitability: P1=1.900000000 P2=0.240296817 EV: (-0.09245927691477797, 0.09245927691477797) P1 Winnings: 42.0
Choosing model 0
[0.5409081449675563, 0.0005532523785954777, 0.36164456938617967, 0.04463585296328189, 0.052258180304386566]
Games played: 183
Exploitability: P1=1.900000000 P2=0.240296817 EV: (-0.09245927691477797, 0.09245927691477797) P1 Winnings: 49.0
Choosing model 0
[0.5396737510748346, 0.0005910027703391091, 0.3638518943704497, 0.04562928346037062, 0.05025406832400593]
Games played: 184
Exploitability: P1=1.900000000 P2=0.240296817 EV: (-0.09245927691477797, 0.09245927691477797) P1 Winnings: 48.0
Choosing model 2
[0.5452165371065518, 0.00040966589629940056, 0.3554166358903003, 0.04149608675721365, 0.057461074349634926]
Games played: 185
Exploitability: P1=4.600000000 P2=0.240296817 EV: (0.22242366050039472, -0.22242366050039472) P1 Winnings: 51.0
Choosing model 4
[0.547840471522196, 0.0003335142329218145, 0.3509722425312487, 0.03945526273946764, 0.06139850897416591]
Games played: 186
Exploitability: P1=2.600000000 P2=0.240296817 EV: (-0.13920181326127723, 0.13920181326127723) P1 Winnings: 52.0
Choosing model 2
[0.547840459841349, 0.00033351452263901185, 0.35097227435692135, 0.03945527468174819, 0.06139847659734244]
Games played: 187
Exploitability: P1=4.600000000 P2=0.240296817 EV: (0.22242366050039472, -0.22242366050039472) P1 Winnings: 51.0
Choosing model 2
[0.5278155172656035, 0.0004439448527070701, 0.39510025900333534, 0.03382865902097601, 0.042811619857377976]
Games played: 188
Exploitability: P1=4.600000000 P2=0.240296817 EV: (0.22242366050039472, -0.22242366050039472) P1 Winnings: 60.0
Choosing model 2
[0.5353463762441848, 0.0002698331006871492, 0.3837863170332637, 0.0299275489063074, 0.05066992471555687]
Games played: 189
Exploitability: P1=4.600000000 P2=0.240296817 EV: (0.22242366050039472, -0.22242366050039472) P1 Winnings: 63.0
Choosing model 0
[0.5380695442655855, 0.00021973452071701936, 0.37909047893011727, 0.028463455480684206, 0.05415678680289596]
Games played: 190
Exploitability: P1=1.900000000 P2=0.240296817 EV: (-0.09245927691477797, 0.09245927691477797) P1 Winnings: 62.0
Choosing model 0
[0.5405945289429399, 0.00017886731780213997, 0.374305353501158, 0.027060359516810267, 0.05786089072128968]
Games played: 191
Exploitability: P1=1.900000000 P2=0.240296817 EV: (-0.09245927691477797, 0.09245927691477797) P1 Winnings: 63.0
Choosing model 0
[0.5396595982335457, 0.00019117790889673416, 0.3767985445813585, 0.027677946040992957, 0.05567273323520622]
Games played: 192
Exploitability: P1=1.900000000 P2=0.240296817 EV: (-0.09245927691477797, 0.09245927691477797) P1 Winnings: 62.0
Choosing model 2
[0.5702041550494884, 0.00012990093100759647, 0.31971068682204234, 0.030744897925400593, 0.07921035927206108]
Games played: 193
Exploitability: P1=4.600000000 P2=0.240296817 EV: (0.22242366050039472, -0.22242366050039472) P1 Winnings: 65.0
Choosing model 0
[0.5714409854685428, 0.0001054757920637377, 0.3148821255262386, 0.029155936366864588, 0.08441547684629042]
Games played: 194
Exploitability: P1=1.900000000 P2=0.240296817 EV: (-0.09245927691477797, 0.09245927691477797) P1 Winnings: 64.0
Choosing model 4
[0.57239180521672, 8.560011340146405e-05, 0.30997015194866934, 0.027635157550877396, 0.08991728517033185]
Games played: 195
Exploitability: P1=2.600000000 P2=0.240296817 EV: (-0.13920181326127723, 0.13920181326127723) P1 Winnings: 63.0
Choosing model 0
[0.5730626595536736, 6.902737377511618e-05, 0.30484996786784135, 0.02614335309155075, 0.09587499211315921]
Games played: 196
Exploitability: P1=1.900000000 P2=0.240296817 EV: (-0.09245927691477797, 0.09245927691477797) P1 Winnings: 64.0
Choosing model 0
[0.5725417199024064, 3.5926579020453635e-05, 0.28765848094240043, 0.021833776040476444, 0.11793009653569629]
Games played: 197
Exploitability: P1=1.900000000 P2=0.240296817 EV: (-0.09245927691477797, 0.09245927691477797) P1 Winnings: 61.0
Choosing model 4
[0.5725417315529449, 3.592661172623716e-05, 0.28765851901372175, 0.021833783558925533, 0.11793003926268177]
Games played: 198
Exploitability: P1=2.600000000 P2=0.240296817 EV: (-0.13920181326127723, 0.13920181326127723) P1 Winnings: 60.0
Choosing model 2
[0.5746784590801679, 6.475461971536362e-05, 0.30800348963420887, 0.026564570157045816, 0.09068872650886203]
Games played: 199
Exploitability: P1=4.600000000 P2=0.240296817 EV: (0.22242366050039472, -0.22242366050039472) P1 Winnings: 57.0
Choosing model 0
[0.5670438129523809, 7.545777519371531e-05, 0.33665067139359434, 0.02355617830499382, 0.07267387957383732]
Games played: 200
Exploitability: P1=1.900000000 P2=0.240296817 EV: (-0.09245927691477797, 0.09245927691477797) P1 Winnings: 62.0
