Player 1 exploitability: 0.41876916526
Choosing model 1
[0.20396124844724672, 0.2105817708859842, 0.21596433592023306, 0.18442191860964258, 0.18507072613689338]
Games played: 1
Exploitability: P1=2.800000000 P2=0.333117151 EV: (0.3235978146422722, -0.3235978146422722) P1 Winnings: 1.0
Choosing model 4
[0.20172931453131812, 0.22220983023659674, 0.21652500743963063, 0.18419563284526871, 0.1753402149471858]
Games played: 2
Exploitability: P1=2.600000000 P2=0.333117151 EV: (-0.18907025718115533, 0.18907025718115533) P1 Winnings: 6.0
Choosing model 2
[0.21141318983644886, 0.18757054515865737, 0.22290956389369737, 0.1824034445577212, 0.19570325655347517]
Games played: 3
Exploitability: P1=4.600000000 P2=0.333117151 EV: (0.3321060798747876, -0.3321060798747876) P1 Winnings: 7.0
Choosing model 0
[0.20765139035122984, 0.2448553618072062, 0.29621470784476595, 0.12572137293380595, 0.1255571670629921]
Games played: 4
Exploitability: P1=1.900000000 P2=0.333117151 EV: (-0.09609113200743444, 0.09609113200743444) P1 Winnings: 12.0
Choosing model 2
[0.20765134294451562, 0.244855523828506, 0.296214673395195, 0.1257213849654739, 0.12555707486630968]
Games played: 5
Exploitability: P1=4.600000000 P2=0.333117151 EV: (0.3321060798747876, -0.3321060798747876) P1 Winnings: 11.0
Choosing model 2
[0.20765116318370117, 0.24485613800680284, 0.2962145425618773, 0.12572143064246935, 0.12555672560514922]
Games played: 6
Exploitability: P1=4.600000000 P2=0.333117151 EV: (0.3321060798747876, -0.3321060798747876) P1 Winnings: 2.0
Choosing model 2
[0.21492869818071456, 0.2245546172844112, 0.28206583252912576, 0.13697267252663559, 0.1414781794791128]
Games played: 7
Exploitability: P1=4.600000000 P2=0.333117151 EV: (0.3321060798747876, -0.3321060798747876) P1 Winnings: 11.0
Choosing model 3
[0.22526104765816138, 0.1906835392254401, 0.290530692902495, 0.13584340245740498, 0.15768131775649863]
Games played: 8
Exploitability: P1=1.933333333 P2=0.333117151 EV: (-0.08091704939846847, 0.08091704939846847) P1 Winnings: 10.0
Choosing model 2
[0.22624081382985592, 0.19772936462732355, 0.30896639900797235, 0.12336395371500636, 0.14369946881984194]
Games played: 9
Exploitability: P1=4.600000000 P2=0.333117151 EV: (0.3321060798747876, -0.3321060798747876) P1 Winnings: 11.0
Choosing model 2
[0.22624066124625386, 0.19772989841469452, 0.3089663216340404, 0.12336402212959428, 0.1436990965754169]
Games played: 10
Exploitability: P1=4.600000000 P2=0.333117151 EV: (0.3321060798747876, -0.3321060798747876) P1 Winnings: 2.0
Choosing model 2
[0.21060946263246488, 0.2543113752076751, 0.3360661840411251, 0.1021991773016685, 0.09681380081706628]
Games played: 11
Exploitability: P1=4.600000000 P2=0.333117151 EV: (0.3321060798747876, -0.3321060798747876) P1 Winnings: 11.0
Choosing model 1
[0.1787886995422617, 0.35735530360253115, 0.22728949715842586, 0.14951864365431244, 0.08704785604246912]
Games played: 12
Exploitability: P1=2.800000000 P2=0.333117151 EV: (0.3235978146422722, -0.3235978146422722) P1 Winnings: 2.0
Choosing model 1
[0.19312922038597824, 0.3127574203771112, 0.2412888292015133, 0.15283259070850078, 0.09999193932689633]
Games played: 13
Exploitability: P1=2.800000000 P2=0.333117151 EV: (0.3235978146422722, -0.3235978146422722) P1 Winnings: 3.0
Choosing model 1
[0.17312522931843408, 0.38735237333754696, 0.2527295616419453, 0.12192141937203976, 0.06487141633003395]
Games played: 14
Exploitability: P1=2.800000000 P2=0.333117151 EV: (0.3235978146422722, -0.3235978146422722) P1 Winnings: 12.0
Choosing model 0
[0.18865627953479924, 0.3399816145809119, 0.27053566193270473, 0.12553983511208017, 0.07528660883950389]
Games played: 15
Exploitability: P1=1.900000000 P2=0.333117151 EV: (-0.09609113200743444, 0.09609113200743444) P1 Winnings: 13.0
Choosing model 2
[0.2092497312647473, 0.259555915956348, 0.21605357464422933, 0.18885623645553837, 0.1262845416791369]
Games played: 16
Exploitability: P1=4.600000000 P2=0.333117151 EV: (0.3321060798747876, -0.3321060798747876) P1 Winnings: 10.0
Choosing model 4
[0.20367075993488654, 0.2983570114999615, 0.2329471392696856, 0.16519825218646597, 0.09982683710900034]
Games played: 17
Exploitability: P1=2.600000000 P2=0.333117151 EV: (-0.18907025718115533, 0.18907025718115533) P1 Winnings: 15.0
Choosing model 3
[0.2104548030168052, 0.27834440351773904, 0.23878276868729206, 0.1663612283482507, 0.10605679642991296]
Games played: 18
Exploitability: P1=1.933333333 P2=0.333117151 EV: (-0.08091704939846847, 0.08091704939846847) P1 Winnings: 12.0
Choosing model 2
[0.2095555868562708, 0.27017227823966544, 0.20557379425302297, 0.19961203558308768, 0.11508630506795316]
Games played: 19
Exploitability: P1=4.600000000 P2=0.333117151 EV: (0.3321060798747876, -0.3321060798747876) P1 Winnings: 21.0
Choosing model 4
[0.20914181633069034, 0.21229154531020267, 0.1545433939074497, 0.26855296760598923, 0.15547027684566792]
Games played: 20
Exploitability: P1=2.600000000 P2=0.333117151 EV: (-0.18907025718115533, 0.18907025718115533) P1 Winnings: 12.0
Choosing model 3
[0.2055876947290087, 0.22343303899676922, 0.15319394681656429, 0.27048191574495967, 0.14730340371269818]
Games played: 21
Exploitability: P1=1.933333333 P2=0.333117151 EV: (-0.08091704939846847, 0.08091704939846847) P1 Winnings: 11.0
Choosing model 4
[0.21198007776397956, 0.20450531811458858, 0.15686392476258826, 0.27215074529221145, 0.1544999340666321]
Games played: 22
Exploitability: P1=2.600000000 P2=0.333117151 EV: (-0.18907025718115533, 0.18907025718115533) P1 Winnings: 8.0
Choosing model 3
[0.21705316478877806, 0.24372678488271637, 0.18573036929188116, 0.2300604908234595, 0.12342919021316487]
Games played: 23
Exploitability: P1=1.933333333 P2=0.333117151 EV: (-0.08091704939846847, 0.08091704939846847) P1 Winnings: 11.0
Choosing model 1
[0.2513036359517789, 0.14700272874591228, 0.20309609526378178, 0.22265744798728457, 0.1759400920512426]
Games played: 24
Exploitability: P1=2.800000000 P2=0.333117151 EV: (0.3235978146422722, -0.3235978146422722) P1 Winnings: 8.0
Choosing model 1
[0.2513035988386546, 0.14700284845307635, 0.20309608984473324, 0.22265749303494214, 0.17593996982859364]
Games played: 25
Exploitability: P1=2.800000000 P2=0.333117151 EV: (0.3235978146422722, -0.3235978146422722) P1 Winnings: 1.0
Choosing model 2
[0.2596670438179758, 0.12306749035015553, 0.2062384396319601, 0.21770487041114928, 0.1933221557887592]
Games played: 26
Exploitability: P1=4.600000000 P2=0.333117151 EV: (0.3321060798747876, -0.3321060798747876) P1 Winnings: 2.0
Choosing model 0
[0.2646142951191097, 0.16667943756720993, 0.284342144586951, 0.1556818302727661, 0.1286822924539633]
Games played: 27
Exploitability: P1=1.900000000 P2=0.333117151 EV: (-0.09609113200743444, 0.09609113200743444) P1 Winnings: 7.0
Choosing model 3
[0.275349492194103, 0.13850413925946847, 0.29039365185392885, 0.1526622870380024, 0.14309042965449717]
Games played: 28
Exploitability: P1=1.933333333 P2=0.333117151 EV: (-0.08091704939846847, 0.08091704939846847) P1 Winnings: 7.0
Choosing model 1
[0.27412054396719127, 0.1427828057932557, 0.292231377415036, 0.15628657214572197, 0.1345787006787951]
Games played: 29
Exploitability: P1=2.800000000 P2=0.333117151 EV: (0.3235978146422722, -0.3235978146422722) P1 Winnings: 7.0
Choosing model 4
[0.2831822985501324, 0.11950880342094251, 0.2966888936139684, 0.15277732013876966, 0.14784268427618696]
Games played: 30
Exploitability: P1=2.600000000 P2=0.333117151 EV: (-0.18907025718115533, 0.18907025718115533) P1 Winnings: 8.0
Choosing model 0
[0.2755829968317498, 0.12925421001563914, 0.24336469248784093, 0.19735255072677396, 0.15444554993799608]
Games played: 31
Exploitability: P1=1.900000000 P2=0.333117151 EV: (-0.09609113200743444, 0.09609113200743444) P1 Winnings: 17.0
Choosing model 1
[0.2523770297245264, 0.18807508860269692, 0.23495730318905372, 0.21126333913354792, 0.11332723935017519]
Games played: 32
Exploitability: P1=2.800000000 P2=0.333117151 EV: (0.3235978146422722, -0.3235978146422722) P1 Winnings: 12.0
Choosing model 2
[0.25908850537932027, 0.17139134199374056, 0.23953600991831853, 0.2116390603119869, 0.11834508239663392]
Games played: 33
Exploitability: P1=4.600000000 P2=0.333117151 EV: (0.3321060798747876, -0.3321060798747876) P1 Winnings: 15.0
Choosing model 4
[0.2395083887934168, 0.21898592359086327, 0.22944344023069202, 0.21751400673683144, 0.09454824064819646]
Games played: 34
Exploitability: P1=2.600000000 P2=0.333117151 EV: (-0.18907025718115533, 0.18907025718115533) P1 Winnings: 20.0
Choosing model 1
[0.2551180102724952, 0.18054237962507536, 0.23916888525810875, 0.21637431363876838, 0.10879641120555245]
Games played: 35
Exploitability: P1=2.800000000 P2=0.333117151 EV: (0.3235978146422722, -0.3235978146422722) P1 Winnings: 23.0
Choosing model 3
[0.26661304369313893, 0.1528688169889707, 0.2456376192606887, 0.21397285501791952, 0.1209076650392821]
Games played: 36
Exploitability: P1=1.933333333 P2=0.333117151 EV: (-0.08091704939846847, 0.08091704939846847) P1 Winnings: 24.0
Choosing model 4
[0.27895382999413787, 0.12379765366098734, 0.2515095376781351, 0.20907769432214526, 0.13666128434459446]
Games played: 37
Exploitability: P1=2.600000000 P2=0.333117151 EV: (-0.18907025718115533, 0.18907025718115533) P1 Winnings: 27.0
Choosing model 0
[0.2822577275138942, 0.1165272202510075, 0.25449400548634027, 0.21052538209787208, 0.136195664650886]
Games played: 38
Exploitability: P1=1.900000000 P2=0.333117151 EV: (-0.09609113200743444, 0.09609113200743444) P1 Winnings: 24.0
Choosing model 4
[0.2728454753574428, 0.13801387993881511, 0.2518536135708709, 0.2180842338388982, 0.11920279729397282]
Games played: 39
Exploitability: P1=2.600000000 P2=0.333117151 EV: (-0.18907025718115533, 0.18907025718115533) P1 Winnings: 19.0
Choosing model 1
[0.26936378343794537, 0.1458826572210737, 0.2507295678280806, 0.22059656909758685, 0.1134274224153135]
Games played: 40
Exploitability: P1=2.800000000 P2=0.333117151 EV: (0.3235978146422722, -0.3235978146422722) P1 Winnings: 18.0
Choosing model 1
[0.273473032791896, 0.1312290312908562, 0.23418815295419537, 0.23574290573848186, 0.12536687722457052]
Games played: 41
Exploitability: P1=2.800000000 P2=0.333117151 EV: (0.3235978146422722, -0.3235978146422722) P1 Winnings: 27.0
Choosing model 0
[0.2943324588086879, 0.08468374524952722, 0.24004900373985208, 0.21837031933407433, 0.1625644728678584]
Games played: 42
Exploitability: P1=1.900000000 P2=0.333117151 EV: (-0.09609113200743444, 0.09609113200743444) P1 Winnings: 22.0
Choosing model 0
[0.29433243209844195, 0.08468381293327842, 0.24004900884129168, 0.2183703702694031, 0.16256437585758485]
Games played: 43
Exploitability: P1=1.900000000 P2=0.333117151 EV: (-0.09609113200743444, 0.09609113200743444) P1 Winnings: 21.0
Choosing model 1
[0.30006379247488835, 0.08913514821458092, 0.259125270595155, 0.20129549691726467, 0.15038029179811105]
Games played: 44
Exploitability: P1=2.800000000 P2=0.333117151 EV: (0.3235978146422722, -0.3235978146422722) P1 Winnings: 22.0
Choosing model 4
[0.28486412295565156, 0.12242909816083568, 0.2559807815551237, 0.2152741411524156, 0.12145185617597345]
Games played: 45
Exploitability: P1=2.600000000 P2=0.333117151 EV: (-0.18907025718115533, 0.18907025718115533) P1 Winnings: 15.0
Choosing model 0
[0.2815674195088265, 0.12956501455336608, 0.2551449189456039, 0.21801609009626827, 0.11570655689593522]
Games played: 46
Exploitability: P1=1.900000000 P2=0.333117151 EV: (-0.09609113200743444, 0.09609113200743444) P1 Winnings: 14.0
Choosing model 0
[0.285097330474596, 0.13544769233641857, 0.27354705956036157, 0.19960167023550646, 0.10630624739311727]
Games played: 47
Exploitability: P1=1.900000000 P2=0.333117151 EV: (-0.09609113200743444, 0.09609113200743444) P1 Winnings: 15.0
Choosing model 1
[0.28145579827150413, 0.14316836716446316, 0.2723228034159298, 0.2018985748263037, 0.10115445632179927]
Games played: 48
Exploitability: P1=2.800000000 P2=0.333117151 EV: (0.3235978146422722, -0.3235978146422722) P1 Winnings: 20.0
Choosing model 1
[0.26370307600745063, 0.18085621081471095, 0.2641579254803366, 0.20950201753069916, 0.08178077016680271]
Games played: 49
Exploitability: P1=2.800000000 P2=0.333117151 EV: (0.3235978146422722, -0.3235978146422722) P1 Winnings: 27.0
Choosing model 2
[0.2573717355342772, 0.20845898766145393, 0.2855889837203081, 0.183757133485791, 0.06482315959816964]
Games played: 50
Exploitability: P1=4.600000000 P2=0.333117151 EV: (0.3321060798747876, -0.3321060798747876) P1 Winnings: 32.0
Choosing model 2
[0.27098856734320925, 0.17783212197821036, 0.29551633716434134, 0.183082582446132, 0.07258039106810717]
Games played: 51
Exploitability: P1=4.600000000 P2=0.333117151 EV: (0.3321060798747876, -0.3321060798747876) P1 Winnings: 33.0
Choosing model 3
[0.2712864305510827, 0.18380631365415384, 0.3132513665149149, 0.16572537344497318, 0.06593051583487526]
Games played: 52
Exploitability: P1=1.933333333 P2=0.333117151 EV: (-0.08091704939846847, 0.08091704939846847) P1 Winnings: 34.0
Choosing model 2
[0.30079606281932364, 0.12219431007652261, 0.3307869633784852, 0.1581482562467634, 0.08807440747890527]
Games played: 53
Exploitability: P1=4.600000000 P2=0.333117151 EV: (0.3321060798747876, -0.3321060798747876) P1 Winnings: 33.0
Choosing model 2
[0.29765632690847155, 0.1290075410186397, 0.331815010766184, 0.1580348325835298, 0.08348628872317504]
Games played: 54
Exploitability: P1=4.600000000 P2=0.333117151 EV: (0.3321060798747876, -0.3321060798747876) P1 Winnings: 38.0
Choosing model 1
[0.2943565753325902, 0.1361115135826183, 0.33262839861194893, 0.15781812746341434, 0.07908538500942812]
Games played: 55
Exploitability: P1=2.800000000 P2=0.333117151 EV: (0.3235978146422722, -0.3235978146422722) P1 Winnings: 43.0
Choosing model 3
[0.2858883850105199, 0.15612022721393196, 0.35786089609229654, 0.13774948959956865, 0.06238100208368298]
Games played: 56
Exploitability: P1=1.933333333 P2=0.333117151 EV: (-0.08091704939846847, 0.08091704939846847) P1 Winnings: 48.0
Choosing model 0
[0.26482567102209126, 0.19988369361276134, 0.3434867965717315, 0.1418640601655212, 0.04993977862789473]
Games played: 57
Exploitability: P1=1.900000000 P2=0.333117151 EV: (-0.09609113200743444, 0.09609113200743444) P1 Winnings: 48.0
Choosing model 2
[0.2648256082420253, 0.1998838241247663, 0.3434867536147027, 0.14186407249900088, 0.04993974151950484]
Games played: 58
Exploitability: P1=4.600000000 P2=0.333117151 EV: (0.3321060798747876, -0.3321060798747876) P1 Winnings: 47.0
Choosing model 3
[0.2349064331363986, 0.2356431368165935, 0.4122114751434215, 0.08830405971130999, 0.028934895192276433]
Games played: 59
Exploitability: P1=1.933333333 P2=0.333117151 EV: (-0.08091704939846847, 0.08091704939846847) P1 Winnings: 52.0
Choosing model 0
[0.23012712322210732, 0.2383421239663983, 0.4275898151005993, 0.07822011363840946, 0.025720824072485583]
Games played: 60
Exploitability: P1=1.900000000 P2=0.333117151 EV: (-0.09609113200743444, 0.09609113200743444) P1 Winnings: 53.0
Choosing model 0
[0.24447246080382037, 0.20219606035265167, 0.44582497459679477, 0.07830751384807656, 0.02919899039865661]
Games played: 61
Exploitability: P1=1.900000000 P2=0.333117151 EV: (-0.09609113200743444, 0.09609113200743444) P1 Winnings: 53.0
Choosing model 2
[0.29069902688444854, 0.12682253919956402, 0.4473379400069628, 0.08817393767624783, 0.0469665562327768]
Games played: 62
Exploitability: P1=4.600000000 P2=0.333117151 EV: (0.3321060798747876, -0.3321060798747876) P1 Winnings: 58.0
Choosing model 1
[0.30078710171428824, 0.10631916174229539, 0.4548846594325893, 0.08633135778943339, 0.051677719321393485]
Games played: 63
Exploitability: P1=2.800000000 P2=0.333117151 EV: (0.3235978146422722, -0.3235978146422722) P1 Winnings: 59.0
Choosing model 2
[0.3052756940531996, 0.0974228094635596, 0.4579834174274411, 0.08539218022541144, 0.05392589883038832]
Games played: 64
Exploitability: P1=4.600000000 P2=0.333117151 EV: (0.3321060798747876, -0.3321060798747876) P1 Winnings: 59.0
Choosing model 2
[0.3203857162115114, 0.07015265916766684, 0.4647357246165376, 0.0806723651195786, 0.0640535348847054]
Games played: 65
Exploitability: P1=4.600000000 P2=0.333117151 EV: (0.3321060798747876, -0.3321060798747876) P1 Winnings: 59.0
Choosing model 0
[0.2970729662018361, 0.08987116040273568, 0.5035035059293594, 0.0665681422638229, 0.042984225202245895]
Games played: 66
Exploitability: P1=1.900000000 P2=0.333117151 EV: (-0.09609113200743444, 0.09609113200743444) P1 Winnings: 68.0
Choosing model 0
[0.27957444401588843, 0.12236752656751008, 0.493071914999195, 0.07057232370548618, 0.03441379071192036]
Games played: 67
Exploitability: P1=1.900000000 P2=0.333117151 EV: (-0.09609113200743444, 0.09609113200743444) P1 Winnings: 67.0
Choosing model 2
[0.27590917221785727, 0.1292984332524361, 0.49069749821222625, 0.07136004560102979, 0.03273485071645064]
Games played: 68
Exploitability: P1=4.600000000 P2=0.333117151 EV: (0.3321060798747876, -0.3321060798747876) P1 Winnings: 72.0
Choosing model 1
[0.26965153614988396, 0.13046773861337663, 0.5077909784933787, 0.06306040470255443, 0.029029342040806264]
Games played: 69
Exploitability: P1=2.800000000 P2=0.333117151 EV: (0.3235978146422722, -0.3235978146422722) P1 Winnings: 73.0
Choosing model 2
[0.28372586015636375, 0.12163263398970407, 0.4915470218469902, 0.06984210999399322, 0.03325237401294873]
Games played: 70
Exploitability: P1=4.600000000 P2=0.333117151 EV: (0.3321060798747876, -0.3321060798747876) P1 Winnings: 82.0
Choosing model 2
[0.28001741430810956, 0.1285270908500894, 0.4891996079302458, 0.07062452065553905, 0.0316313662560162]
Games played: 71
Exploitability: P1=4.600000000 P2=0.333117151 EV: (0.3321060798747876, -0.3321060798747876) P1 Winnings: 69.0
Choosing model 1
[0.26345586205381455, 0.14281013982363674, 0.5098484178516615, 0.05971572109157814, 0.024169859179309208]
Games played: 72
Exploitability: P1=2.800000000 P2=0.333117151 EV: (0.3235978146422722, -0.3235978146422722) P1 Winnings: 74.0
Choosing model 2
[0.2570473305434925, 0.15414060988849143, 0.5059689040075134, 0.06107567118504279, 0.02176748437546]
Games played: 73
Exploitability: P1=4.600000000 P2=0.333117151 EV: (0.3321060798747876, -0.3321060798747876) P1 Winnings: 77.0
Choosing model 2
[0.2530337142473313, 0.1624578912904998, 0.5022547243615123, 0.061600690868848444, 0.02065297923180809]
Games played: 74
Exploitability: P1=4.600000000 P2=0.333117151 EV: (0.3321060798747876, -0.3321060798747876) P1 Winnings: 64.0
Choosing model 1
[0.22784868946221212, 0.20340447468168057, 0.5004400347419486, 0.05353373168847607, 0.014773069425682578]
Games played: 75
Exploitability: P1=2.800000000 P2=0.333117151 EV: (0.3235978146422722, -0.3235978146422722) P1 Winnings: 69.0
Choosing model 2
[0.24978283085817174, 0.14993348420067024, 0.5293079397226589, 0.05248759208105107, 0.018488153137448175]
Games played: 76
Exploitability: P1=4.600000000 P2=0.333117151 EV: (0.3321060798747876, -0.3321060798747876) P1 Winnings: 64.0
Choosing model 2
[0.25998081395725375, 0.12643778309272244, 0.5414233365003178, 0.05169497089998404, 0.020463095549722005]
Games played: 77
Exploitability: P1=4.600000000 P2=0.333117151 EV: (0.3321060798747876, -0.3321060798747876) P1 Winnings: 63.0
Choosing model 1
[0.23045824593918102, 0.15485101272373206, 0.5607824032272125, 0.04078034623744737, 0.01312799187242701]
Games played: 78
Exploitability: P1=2.800000000 P2=0.333117151 EV: (0.3235978146422722, -0.3235978146422722) P1 Winnings: 72.0
Choosing model 1
[0.21302482862950328, 0.16904158802426755, 0.574201734856518, 0.03387655378437706, 0.009855294705334021]
Games played: 79
Exploitability: P1=2.800000000 P2=0.333117151 EV: (0.3235978146422722, -0.3235978146422722) P1 Winnings: 77.0
Choosing model 0
[0.2118718352529353, 0.16906796284136066, 0.5753664641413757, 0.034306588561948965, 0.009387149202379218]
Games played: 80
Exploitability: P1=1.900000000 P2=0.333117151 EV: (-0.09609113200743444, 0.09609113200743444) P1 Winnings: 80.0
Choosing model 1
[0.21187178837049353, 0.16906807590120507, 0.5753664012669597, 0.03430659208603211, 0.009387142375309509]
Games played: 81
Exploitability: P1=2.800000000 P2=0.333117151 EV: (0.3235978146422722, -0.3235978146422722) P1 Winnings: 79.0
Choosing model 1
[0.1958860696741317, 0.21075281792374412, 0.5507437253104127, 0.035128366836315046, 0.007489020255396493]
Games played: 82
Exploitability: P1=2.800000000 P2=0.333117151 EV: (0.3235978146422722, -0.3235978146422722) P1 Winnings: 86.0
Choosing model 2
[0.20157090499986716, 0.1925116279922925, 0.5628042811640046, 0.03527407357385036, 0.007839112269985122]
Games played: 83
Exploitability: P1=4.600000000 P2=0.333117151 EV: (0.3321060798747876, -0.3321060798747876) P1 Winnings: 89.0
Choosing model 1
[0.19470473192355703, 0.19199005776451455, 0.5756260366263344, 0.030808400495692403, 0.0068707731899014446]
Games played: 84
Exploitability: P1=2.800000000 P2=0.333117151 EV: (0.3235978146422722, -0.3235978146422722) P1 Winnings: 90.0
Choosing model 1
[0.2345034435843109, 0.18205463456608878, 0.5222208533189615, 0.0500199749931503, 0.011201093537488577]
Games played: 85
Exploitability: P1=2.800000000 P2=0.333117151 EV: (0.3235978146422722, -0.3235978146422722) P1 Winnings: 81.0
Choosing model 0
[0.20580878048737472, 0.25327228594011497, 0.4819211766207805, 0.050997891710778356, 0.007999865240951441]
Games played: 86
Exploitability: P1=1.900000000 P2=0.333117151 EV: (-0.09609113200743444, 0.09609113200743444) P1 Winnings: 81.0
Choosing model 3
[0.16663235758908268, 0.2998418564813183, 0.4961201920846158, 0.033170392106098505, 0.004235201738884758]
Games played: 87
Exploitability: P1=1.933333333 P2=0.333117151 EV: (-0.08091704939846847, 0.08091704939846847) P1 Winnings: 86.0
Choosing model 1
[0.21318644988969085, 0.2640453480445312, 0.4570155492441035, 0.057558372473582635, 0.008194280348091913]
Games played: 88
Exploitability: P1=2.800000000 P2=0.333117151 EV: (0.3235978146422722, -0.3235978146422722) P1 Winnings: 93.0
Choosing model 0
[0.2272979263051481, 0.2267528234471884, 0.478657013102873, 0.057987584906341816, 0.009304652238448627]
Games played: 89
Exploitability: P1=1.900000000 P2=0.333117151 EV: (-0.09609113200743444, 0.09609113200743444) P1 Winnings: 94.0
Choosing model 1
[0.2338718374201002, 0.20759283304706128, 0.49036252003927183, 0.058584233431345896, 0.009588576062220919]
Games played: 90
Exploitability: P1=2.800000000 P2=0.333117151 EV: (0.3235978146422722, -0.3235978146422722) P1 Winnings: 89.0
Choosing model 0
[0.2485247144668443, 0.1954586819193769, 0.4793944366855303, 0.0655295193581453, 0.011092647570103377]
Games played: 91
Exploitability: P1=1.900000000 P2=0.333117151 EV: (-0.09609113200743444, 0.09609113200743444) P1 Winnings: 98.0
Choosing model 4
[0.2614360401613626, 0.16561098722105222, 0.49538908903430323, 0.06513636159828191, 0.012427521985000198]
Games played: 92
Exploitability: P1=2.600000000 P2=0.333117151 EV: (-0.18907025718115533, 0.18907025718115533) P1 Winnings: 98.0
Choosing model 2
[0.261435978655888, 0.16561110757743422, 0.4953890324311851, 0.06513636907205828, 0.012427512263434394]
Games played: 93
Exploitability: P1=4.600000000 P2=0.333117151 EV: (0.3321060798747876, -0.3321060798747876) P1 Winnings: 95.0
Choosing model 2
[0.2884238874960994, 0.10948857885334709, 0.5234096411634321, 0.06267914598972392, 0.01599874649739751]
Games played: 94
Exploitability: P1=4.600000000 P2=0.333117151 EV: (0.3321060798747876, -0.3321060798747876) P1 Winnings: 98.0
Choosing model 3
[0.30348887765469756, 0.10207780583093388, 0.5066841712255202, 0.06942233214274333, 0.018326813146105018]
Games played: 95
Exploitability: P1=1.933333333 P2=0.333117151 EV: (-0.08091704939846847, 0.08091704939846847) P1 Winnings: 89.0
Choosing model 2
[0.3080107071316287, 0.09217890796042415, 0.5120009409669595, 0.06918078876866476, 0.018628655172323032]
Games played: 96
Exploitability: P1=4.600000000 P2=0.333117151 EV: (0.3321060798747876, -0.3321060798747876) P1 Winnings: 89.0
Choosing model 2
[0.2902120859786911, 0.10257057288917612, 0.5343829467481391, 0.05857948277660111, 0.014254911607392404]
Games played: 97
Exploitability: P1=4.600000000 P2=0.333117151 EV: (0.3321060798747876, -0.3321060798747876) P1 Winnings: 94.0
Choosing model 4
[0.3335763599253966, 0.062188870997109756, 0.5183105716487364, 0.06376002362482099, 0.02216417380393615]
Games played: 98
Exploitability: P1=2.600000000 P2=0.333117151 EV: (-0.18907025718115533, 0.18907025718115533) P1 Winnings: 89.0
Choosing model 2
[0.33357631894811324, 0.0621889187058869, 0.518310566029174, 0.0637600364506807, 0.022164159866145068]
Games played: 99
Exploitability: P1=4.600000000 P2=0.333117151 EV: (0.3321060798747876, -0.3321060798747876) P1 Winnings: 88.0
Choosing model 4
[0.34827788694007217, 0.04365819507033471, 0.5221088633379498, 0.05953773777505424, 0.026417316876588926]
Games played: 100
Exploitability: P1=2.600000000 P2=0.333117151 EV: (-0.18907025718115533, 0.18907025718115533) P1 Winnings: 93.0
Choosing model 0
[0.3455195469191963, 0.04637361482923014, 0.5223272755320048, 0.06051890843769543, 0.02526065428187333]
Games played: 101
Exploitability: P1=1.900000000 P2=0.333117151 EV: (-0.09609113200743444, 0.09609113200743444) P1 Winnings: 92.0
Choosing model 2
[0.33738621409209935, 0.04675184709488452, 0.5400472923191844, 0.05343313698940833, 0.022381509504423438]
Games played: 102
Exploitability: P1=4.600000000 P2=0.333117151 EV: (0.3321060798747876, -0.3321060798747876) P1 Winnings: 93.0
Choosing model 2
[0.3076260119209247, 0.05889531118015898, 0.5753524529246713, 0.04335688322779531, 0.014769340746449752]
Games played: 103
Exploitability: P1=4.600000000 P2=0.333117151 EV: (0.3321060798747876, -0.3321060798747876) P1 Winnings: 102.0
Choosing model 3
[0.32352899270547275, 0.05488097587080245, 0.5566832896535524, 0.047996854898671754, 0.01690988687150052]
Games played: 104
Exploitability: P1=1.933333333 P2=0.333117151 EV: (-0.08091704939846847, 0.08091704939846847) P1 Winnings: 93.0
Choosing model 2
[0.314601263245412, 0.05509880676075431, 0.5731784030836928, 0.042201210745139175, 0.014920316165001765]
Games played: 105
Exploitability: P1=4.600000000 P2=0.333117151 EV: (0.3321060798747876, -0.3321060798747876) P1 Winnings: 94.0
Choosing model 2
[0.30039183849548184, 0.0740236752288595, 0.5682931767033984, 0.04508365639216759, 0.01220765318009277]
Games played: 106
Exploitability: P1=4.600000000 P2=0.333117151 EV: (0.3321060798747876, -0.3321060798747876) P1 Winnings: 94.0
Choosing model 2
[0.3163518869177157, 0.0690722969166471, 0.5506032970697181, 0.049976519402206515, 0.013995999693712376]
Games played: 107
Exploitability: P1=4.600000000 P2=0.333117151 EV: (0.3321060798747876, -0.3321060798747876) P1 Winnings: 85.0
Choosing model 2
[0.31635172838972586, 0.0690724953546925, 0.5506032546121363, 0.04997655577974588, 0.013995965863699522]
Games played: 108
Exploitability: P1=4.600000000 P2=0.333117151 EV: (0.3321060798747876, -0.3321060798747876) P1 Winnings: 76.0
Choosing model 2
[0.2850697267055925, 0.0859948133540748, 0.5797304548227284, 0.0400773383507407, 0.009127666766863558]
Games played: 109
Exploitability: P1=4.600000000 P2=0.333117151 EV: (0.3321060798747876, -0.3321060798747876) P1 Winnings: 85.0
Choosing model 2
[0.25372613120315685, 0.10574810189223854, 0.6029019206075701, 0.03174421776665496, 0.005879628530379329]
Games played: 110
Exploitability: P1=4.600000000 P2=0.333117151 EV: (0.3321060798747876, -0.3321060798747876) P1 Winnings: 94.0
Choosing model 0
[0.249880162510378, 0.1111118314087736, 0.6018911011829571, 0.031570150640568055, 0.005546754257323213]
Games played: 111
Exploitability: P1=1.900000000 P2=0.333117151 EV: (-0.09609113200743444, 0.09609113200743444) P1 Winnings: 99.0
Choosing model 2
[0.24655468859002624, 0.11738165939159381, 0.5988724391618899, 0.03191612642143559, 0.0052750864350544525]
Games played: 112
Exploitability: P1=4.600000000 P2=0.333117151 EV: (0.3321060798747876, -0.3321060798747876) P1 Winnings: 98.0
Choosing model 3
[0.2667098076063408, 0.07609207911001943, 0.6204253100792072, 0.030114076571273556, 0.0066587266331591425]
Games played: 113
Exploitability: P1=1.933333333 P2=0.333117151 EV: (-0.08091704939846847, 0.08091704939846847) P1 Winnings: 101.0
Choosing model 4
[0.2750052849491989, 0.06160879446930252, 0.6268863590216538, 0.02911997747557647, 0.007379584084268325]
Games played: 114
Exploitability: P1=2.600000000 P2=0.333117151 EV: (-0.18907025718115533, 0.18907025718115533) P1 Winnings: 98.0
Choosing model 2
[0.2831213392818185, 0.04909271411980435, 0.6315809791404228, 0.027997595290126593, 0.00820737216782778]
Games played: 115
Exploitability: P1=4.600000000 P2=0.333117151 EV: (0.3321060798747876, -0.3321060798747876) P1 Winnings: 91.0
Choosing model 2
[0.2949506999961955, 0.0343887153667734, 0.634813544002827, 0.02608618932597899, 0.00976085130822516]
Games played: 116
Exploitability: P1=4.600000000 P2=0.333117151 EV: (0.3321060798747876, -0.3321060798747876) P1 Winnings: 86.0
Choosing model 0
[0.2735760737538639, 0.044350261024858006, 0.6515304771205291, 0.02335141024353333, 0.007191777857215611]
Games played: 117
Exploitability: P1=1.900000000 P2=0.333117151 EV: (-0.09609113200743444, 0.09609113200743444) P1 Winnings: 91.0
Choosing model 2
[0.2638457266338954, 0.04416123845876885, 0.6653360637910274, 0.020363383484729682, 0.006293587631578624]
Games played: 118
Exploitability: P1=4.600000000 P2=0.333117151 EV: (0.3321060798747876, -0.3321060798747876) P1 Winnings: 92.0
Choosing model 1
[0.2707026323337683, 0.03476387397121791, 0.6680624275999334, 0.019505240866837876, 0.0069658252282425]
Games played: 119
Exploitability: P1=2.800000000 P2=0.333117151 EV: (0.3235978146422722, -0.3235978146422722) P1 Winnings: 93.0
Choosing model 2
[0.25004328720462243, 0.044648043651917546, 0.6828096318638278, 0.017387927834373824, 0.005111109445258331]
Games played: 120
Exploitability: P1=4.600000000 P2=0.333117151 EV: (0.3321060798747876, -0.3321060798747876) P1 Winnings: 98.0
Choosing model 2
[0.2500431742518912, 0.04464817412617297, 0.6828096129289192, 0.017387941349537157, 0.005111097343479445]
Games played: 121
Exploitability: P1=4.600000000 P2=0.333117151 EV: (0.3321060798747876, -0.3321060798747876) P1 Winnings: 89.0
Choosing model 2
[0.23175437024877316, 0.048871781855317986, 0.7010430787149685, 0.01448343044378593, 0.003847338737154333]
Games played: 122
Exploitability: P1=4.600000000 P2=0.333117151 EV: (0.3321060798747876, -0.3321060798747876) P1 Winnings: 94.0
Choosing model 2
[0.2141561237776156, 0.05333376955295972, 0.7175950285672433, 0.012027748694539911, 0.002887329407641516]
Games played: 123
Exploitability: P1=4.600000000 P2=0.333117151 EV: (0.3321060798747876, -0.3321060798747876) P1 Winnings: 99.0
Choosing model 2
[0.21203741196486425, 0.05653829709576469, 0.7164672278568774, 0.012201644988698968, 0.002755418093794701]
Games played: 124
Exploitability: P1=4.600000000 P2=0.333117151 EV: (0.3321060798747876, -0.3321060798747876) P1 Winnings: 86.0
Choosing model 0
[0.20337855171202898, 0.055989745203218894, 0.7276513880858386, 0.01058219876615985, 0.0023981162327535313]
Games played: 125
Exploitability: P1=1.900000000 P2=0.333117151 EV: (-0.09609113200743444, 0.09609113200743444) P1 Winnings: 87.0
Choosing model 2
[0.21823863453809167, 0.03212524141845375, 0.7369430548193578, 0.009493874995116617, 0.0031991942289802127]
Games played: 126
Exploitability: P1=4.600000000 P2=0.333117151 EV: (0.3321060798747876, -0.3321060798747876) P1 Winnings: 86.0
Choosing model 2
[0.20993347732832657, 0.04271212710388489, 0.7345413439738714, 0.010153420978923484, 0.0026596306149934096]
Games played: 127
Exploitability: P1=4.600000000 P2=0.333117151 EV: (0.3321060798747876, -0.3321060798747876) P1 Winnings: 91.0
Choosing model 2
[0.20993338014150603, 0.04271225144210975, 0.7345413153714164, 0.010153428757098458, 0.002659624287869357]
Games played: 128
Exploitability: P1=4.600000000 P2=0.333117151 EV: (0.3321060798747876, -0.3321060798747876) P1 Winnings: 82.0
Choosing model 0
[0.20120220094604266, 0.042264604095641194, 0.745421360712693, 0.008798909053874407, 0.0023129251917487935]
Games played: 129
Exploitability: P1=1.900000000 P2=0.333117151 EV: (-0.09609113200743444, 0.09609113200743444) P1 Winnings: 83.0
Choosing model 0
[0.19087572826508395, 0.03449872772258333, 0.7658767333070697, 0.0067749017212164, 0.0019739089840465863]
Games played: 130
Exploitability: P1=1.900000000 P2=0.333117151 EV: (-0.09609113200743444, 0.09609113200743444) P1 Winnings: 86.0
Choosing model 2
[0.183291682766714, 0.0457877973198544, 0.7620494607950733, 0.007232923433870085, 0.001638135684488239]
Games played: 131
Exploitability: P1=4.600000000 P2=0.333117151 EV: (0.3321060798747876, -0.3321060798747876) P1 Winnings: 86.0
Choosing model 2
[0.16013823664452076, 0.055269846682397754, 0.777932467385548, 0.005623643892842953, 0.0010358053946905104]
Games played: 132
Exploitability: P1=4.600000000 P2=0.333117151 EV: (0.3321060798747876, -0.3321060798747876) P1 Winnings: 95.0
Choosing model 2
[0.19780419629834597, 0.08671027669736517, 0.701325327853701, 0.012526094653017107, 0.0016341044975707905]
Games played: 133
Exploitability: P1=4.600000000 P2=0.333117151 EV: (0.3321060798747876, -0.3321060798747876) P1 Winnings: 108.0
Choosing model 2
[0.18152715994924198, 0.09397627484208886, 0.7129478868065752, 0.0103307569457223, 0.001217921456371683]
Games played: 134
Exploitability: P1=4.600000000 P2=0.333117151 EV: (0.3321060798747876, -0.3321060798747876) P1 Winnings: 113.0
Choosing model 2
[0.16615228493403678, 0.10158380413687444, 0.7228607457895584, 0.008497813420434992, 0.0009053517190954171]
Games played: 135
Exploitability: P1=4.600000000 P2=0.333117151 EV: (0.3321060798747876, -0.3321060798747876) P1 Winnings: 118.0
Choosing model 0
[0.1766617329883191, 0.07262442769427564, 0.7415340952906345, 0.008080838793753363, 0.0010989052330172893]
Games played: 136
Exploitability: P1=1.900000000 P2=0.333117151 EV: (-0.09609113200743444, 0.09609113200743444) P1 Winnings: 113.0
Choosing model 2
[0.1746490166996134, 0.07687140672991799, 0.7392472110518248, 0.008185253669758625, 0.0010471118488852313]
Games played: 137
Exploitability: P1=4.600000000 P2=0.333117151 EV: (0.3321060798747876, -0.3321060798747876) P1 Winnings: 104.0
Choosing model 0
[0.22607802810727987, 0.06849185000797396, 0.6890094773855753, 0.014370784966916243, 0.002049859532254677]
Games played: 138
Exploitability: P1=1.900000000 P2=0.333117151 EV: (-0.09609113200743444, 0.09609113200743444) P1 Winnings: 93.0
Choosing model 2
[0.22363788304798835, 0.07254113824262953, 0.687301244291587, 0.01456530366907925, 0.0019544307487157444]
Games played: 139
Exploitability: P1=4.600000000 P2=0.333117151 EV: (0.3321060798747876, -0.3321060798747876) P1 Winnings: 92.0
Choosing model 2
[0.20605606402907395, 0.07893433137531602, 0.701486484307424, 0.012060627753354642, 0.0014624925348314243]
Games played: 140
Exploitability: P1=4.600000000 P2=0.333117151 EV: (0.3321060798747876, -0.3321060798747876) P1 Winnings: 97.0
Choosing model 2
[0.22022916961921146, 0.074749162321017, 0.6897517561370822, 0.013568252899863468, 0.001701659022825914]
Games played: 141
Exploitability: P1=4.600000000 P2=0.333117151 EV: (0.3321060798747876, -0.3321060798747876) P1 Winnings: 88.0
Choosing model 2
[0.2268606927636683, 0.05938510520723695, 0.6990099316870535, 0.012862449337391868, 0.0018818210046494862]
Games played: 142
Exploitability: P1=4.600000000 P2=0.333117151 EV: (0.3321060798747876, -0.3321060798747876) P1 Winnings: 91.0
Choosing model 2
[0.2268145152664476, 0.06795145530991571, 0.689443466778553, 0.014019017499123912, 0.0017715451459596478]
Games played: 143
Exploitability: P1=4.600000000 P2=0.333117151 EV: (0.3321060798747876, -0.3321060798747876) P1 Winnings: 91.0
Choosing model 2
[0.21782441464712854, 0.06737636637922267, 0.7010818895282201, 0.012173575775612629, 0.0015437536698161938]
Games played: 144
Exploitability: P1=4.600000000 P2=0.333117151 EV: (0.3321060798747876, -0.3321060798747876) P1 Winnings: 92.0
Choosing model 0
[0.20053901696701745, 0.07325570515344787, 0.7149788991856695, 0.010072118621501874, 0.0011542600723633183]
Games played: 145
Exploitability: P1=1.900000000 P2=0.333117151 EV: (-0.09609113200743444, 0.09609113200743444) P1 Winnings: 97.0
Choosing model 2
[0.19828006428306164, 0.07754968443733888, 0.7128666596004557, 0.010203590817156466, 0.0011000008619873034]
Games played: 146
Exploitability: P1=4.600000000 P2=0.333117151 EV: (0.3321060798747876, -0.3321060798747876) P1 Winnings: 102.0
Choosing model 2
[0.21211839105817637, 0.07350726469290518, 0.7016033312897647, 0.011489916767093754, 0.0012810961920601536]
Games played: 147
Exploitability: P1=4.600000000 P2=0.333117151 EV: (0.3321060798747876, -0.3321060798747876) P1 Winnings: 93.0
Choosing model 2
[0.20048497150006975, 0.09775400160294011, 0.6885731723129657, 0.012150298147725782, 0.00103755643629877]
Games played: 148
Exploitability: P1=4.600000000 P2=0.333117151 EV: (0.3321060798747876, -0.3321060798747876) P1 Winnings: 93.0
Choosing model 2
[0.22106598154129117, 0.10507333754730813, 0.656469506765769, 0.016144374808432758, 0.0012467993371990307]
Games played: 149
Exploitability: P1=4.600000000 P2=0.333117151 EV: (0.3321060798747876, -0.3321060798747876) P1 Winnings: 93.0
Choosing model 2
[0.19247372566936244, 0.12639453253314714, 0.6678371091942684, 0.012508995269817887, 0.00078563733340397]
Games played: 150
Exploitability: P1=4.600000000 P2=0.333117151 EV: (0.3321060798747876, -0.3321060798747876) P1 Winnings: 102.0
Choosing model 2
[0.1846919656834513, 0.12522122572602026, 0.678549406081705, 0.010853351117087157, 0.0006840513917361393]
Games played: 151
Exploitability: P1=4.600000000 P2=0.333117151 EV: (0.3321060798747876, -0.3321060798747876) P1 Winnings: 103.0
Choosing model 0
[0.1687407014504307, 0.1351111960659706, 0.686729132711877, 0.008911402136988697, 0.000507567634732823]
Games played: 152
Exploitability: P1=1.900000000 P2=0.333117151 EV: (-0.09609113200743444, 0.09609113200743444) P1 Winnings: 108.0
Choosing model 2
[0.1687406677371427, 0.13511128932082148, 0.6867290724216929, 0.008911403243848419, 0.0005075672764944394]
Games played: 153
Exploitability: P1=4.600000000 P2=0.333117151 EV: (0.3321060798747876, -0.3321060798747876) P1 Winnings: 107.0
Choosing model 0
[0.1537595454083691, 0.14539701907587035, 0.6931702367535264, 0.007297578266347404, 0.00037562049588681383]
Games played: 154
Exploitability: P1=1.900000000 P2=0.333117151 EV: (-0.09609113200743444, 0.09609113200743444) P1 Winnings: 112.0
Choosing model 2
[0.15375951323985113, 0.1453971180604845, 0.6931701693684088, 0.0072975791040177556, 0.0003756202272377531]
Games played: 155
Exploitability: P1=4.600000000 P2=0.333117151 EV: (0.3321060798747876, -0.3321060798747876) P1 Winnings: 111.0
Choosing model 2
[0.1471694687132263, 0.1436827517823954, 0.7025058866174217, 0.006315669745921484, 0.0003262231410351733]
Games played: 156
Exploitability: P1=4.600000000 P2=0.333117151 EV: (0.3321060798747876, -0.3321060798747876) P1 Winnings: 112.0
Choosing model 2
[0.1171932164209405, 0.16730100005766269, 0.7112956823342637, 0.004040239470778953, 0.00016986171635419395]
Games played: 157
Exploitability: P1=4.600000000 P2=0.333117151 EV: (0.3321060798747876, -0.3321060798747876) P1 Winnings: 117.0
Choosing model 2
[0.09905076338604483, 0.19536200992053263, 0.7024444399947282, 0.0030388839886176093, 0.00010390271007661291]
Games played: 158
Exploitability: P1=4.600000000 P2=0.333117151 EV: (0.3321060798747876, -0.3321060798747876) P1 Winnings: 126.0
Choosing model 2
[0.10746488660225197, 0.18780183293451191, 0.70114009443272, 0.0034704632816023027, 0.00012272274891386551]
Games played: 159
Exploitability: P1=4.600000000 P2=0.333117151 EV: (0.3321060798747876, -0.3321060798747876) P1 Winnings: 117.0
Choosing model 2
[0.11367010600587497, 0.153202655936396, 0.7296097043874314, 0.003378177528778681, 0.0001393561415188799]
Games played: 160
Exploitability: P1=4.600000000 P2=0.333117151 EV: (0.3321060798747876, -0.3321060798747876) P1 Winnings: 120.0
Choosing model 2
[0.11141253902123097, 0.1602046965917445, 0.7249083148550469, 0.003343610785624162, 0.00013083874635337443]
Games played: 161
Exploitability: P1=4.600000000 P2=0.333117151 EV: (0.3321060798747876, -0.3321060798747876) P1 Winnings: 125.0
Choosing model 2
[0.10635752488922978, 0.1579001367545352, 0.7327428818810034, 0.0028861223773772315, 0.00011333409785426768]
Games played: 162
Exploitability: P1=4.600000000 P2=0.333117151 EV: (0.3321060798747876, -0.3321060798747876) P1 Winnings: 126.0
Choosing model 0
[0.09733319713918939, 0.20331810646565024, 0.6963047085509131, 0.0029551127961804976, 8.887504806676044e-05]
Games played: 163
Exploitability: P1=1.900000000 P2=0.333117151 EV: (-0.09609113200743444, 0.09609113200743444) P1 Winnings: 131.0
Choosing model 2
[0.08757004368552164, 0.21602905961622487, 0.6939466117145796, 0.002389345658713198, 6.493932496061355e-05]
Games played: 164
Exploitability: P1=4.600000000 P2=0.333117151 EV: (0.3321060798747876, -0.3321060798747876) P1 Winnings: 136.0
Choosing model 2
[0.10410323466183098, 0.23654610387853217, 0.6554658716087247, 0.003791670231569644, 9.311961934247699e-05]
Games played: 165
Exploitability: P1=4.600000000 P2=0.333117151 EV: (0.3321060798747876, -0.3321060798747876) P1 Winnings: 123.0
Choosing model 0
[0.09953646031821663, 0.2335107504944851, 0.6635939671400369, 0.00327803360620694, 8.078844105437024e-05]
Games played: 166
Exploitability: P1=1.900000000 P2=0.333117151 EV: (-0.09609113200743444, 0.09609113200743444) P1 Winnings: 124.0
Choosing model 1
[0.08567970067131678, 0.2794822135240727, 0.6320596230498927, 0.0027232213311334883, 5.524142358443698e-05]
Games played: 167
Exploitability: P1=2.800000000 P2=0.333117151 EV: (0.3235978146422722, -0.3235978146422722) P1 Winnings: 129.0
Choosing model 2
[0.09543817761497428, 0.2749832994883701, 0.6261833480130661, 0.003326369311470022, 6.880557211947682e-05]
Games played: 168
Exploitability: P1=4.600000000 P2=0.333117151 EV: (0.3321060798747876, -0.3321060798747876) P1 Winnings: 122.0
Choosing model 2
[0.10387908112776871, 0.2651937193355003, 0.627034651225408, 0.003811018016387093, 8.153029493584043e-05]
Games played: 169
Exploitability: P1=4.600000000 P2=0.333117151 EV: (0.3321060798747876, -0.3321060798747876) P1 Winnings: 131.0
Choosing model 0
[0.09172996451919324, 0.32949372164692425, 0.5749493990517939, 0.0037652228134426283, 6.169196864595601e-05]
Games played: 170
Exploitability: P1=1.900000000 P2=0.333117151 EV: (-0.09609113200743444, 0.09609113200743444) P1 Winnings: 131.0
Choosing model 2
[0.08921323028612291, 0.3431023006692461, 0.5638746565511363, 0.0037519821405892157, 5.783035290542348e-05]
Games played: 171
Exploitability: P1=4.600000000 P2=0.333117151 EV: (0.3321060798747876, -0.3321060798747876) P1 Winnings: 122.0
Choosing model 2
[0.0865555760642014, 0.3551489698911893, 0.5545657380251401, 0.00367597027495658, 5.374574451258053e-05]
Games played: 172
Exploitability: P1=4.600000000 P2=0.333117151 EV: (0.3321060798747876, -0.3321060798747876) P1 Winnings: 127.0
Choosing model 2
[0.07045511256686735, 0.39940568839643187, 0.527444721365781, 0.0026628157281614, 3.1661942758449114e-05]
Games played: 173
Exploitability: P1=4.600000000 P2=0.333117151 EV: (0.3321060798747876, -0.3321060798747876) P1 Winnings: 136.0
Choosing model 2
[0.0682224515492839, 0.4140830948968157, 0.5150230544416861, 0.002641848836161163, 2.955027605308991e-05]
Games played: 174
Exploitability: P1=4.600000000 P2=0.333117151 EV: (0.3321060798747876, -0.3321060798747876) P1 Winnings: 123.0
Choosing model 2
[0.0842974518003296, 0.3067758298188789, 0.6060732437243386, 0.002809483249824019, 4.399140662888243e-05]
Games played: 175
Exploitability: P1=4.600000000 P2=0.333117151 EV: (0.3321060798747876, -0.3321060798747876) P1 Winnings: 118.0
Choosing model 1
[0.06916231155400715, 0.34774621951642715, 0.5810140285777551, 0.0020513188034587265, 2.61215483518483e-05]
Games played: 176
Exploitability: P1=2.800000000 P2=0.333117151 EV: (0.3235978146422722, -0.3235978146422722) P1 Winnings: 127.0
Choosing model 1
[0.07227954808421982, 0.32260242618701673, 0.6029983010331559, 0.002091955555563341, 2.776914004436475e-05]
Games played: 177
Exploitability: P1=2.800000000 P2=0.333117151 EV: (0.3235978146422722, -0.3235978146422722) P1 Winnings: 127.0
Choosing model 1
[0.05884966477681616, 0.4234715656583709, 0.5156840301699394, 0.0019761424321735562, 1.859696269995001e-05]
Games played: 178
Exploitability: P1=2.800000000 P2=0.333117151 EV: (0.3235978146422722, -0.3235978146422722) P1 Winnings: 127.0
Choosing model 2
[0.04865639034026319, 0.4996466315088506, 0.4499065146103082, 0.001777687450069186, 1.2776090508847158e-05]
Games played: 179
Exploitability: P1=4.600000000 P2=0.333117151 EV: (0.3321060798747876, -0.3321060798747876) P1 Winnings: 134.0
Choosing model 1
[0.04680304437045059, 0.5127649402221437, 0.43869347102136447, 0.001726772266849164, 1.1772119192275446e-05]
Games played: 180
Exploitability: P1=2.800000000 P2=0.333117151 EV: (0.3235978146422722, -0.3235978146422722) P1 Winnings: 139.0
Choosing model 1
[0.039189781688745935, 0.5788931677444145, 0.3803072039880101, 0.0016013407904820122, 8.505788347550893e-06]
Games played: 181
Exploitability: P1=2.800000000 P2=0.333117151 EV: (0.3235978146422722, -0.3235978146422722) P1 Winnings: 146.0
Choosing model 2
[0.04166105455605307, 0.5556123954723288, 0.40105820998637315, 0.0016590431952231035, 9.29679002180982e-06]
Games played: 182
Exploitability: P1=4.600000000 P2=0.333117151 EV: (0.3321060798747876, -0.3321060798747876) P1 Winnings: 146.0
Choosing model 2
[0.03643013877201734, 0.5737781873584854, 0.38848130869176295, 0.0013037628522187144, 6.6023255155244775e-06]
Games played: 183
Exploitability: P1=4.600000000 P2=0.333117151 EV: (0.3321060798747876, -0.3321060798747876) P1 Winnings: 151.0
Choosing model 1
[0.03643006218711934, 0.5737789170728709, 0.3884806567272988, 0.0013037617137252662, 6.60229898576739e-06]
Games played: 184
Exploitability: P1=2.800000000 P2=0.333117151 EV: (0.3235978146422722, -0.3235978146422722) P1 Winnings: 142.0
Choosing model 2
[0.04133038651071478, 0.5243151992002858, 0.432948786983526, 0.0013976499638028842, 7.97734167051368e-06]
Games played: 185
Exploitability: P1=4.600000000 P2=0.333117151 EV: (0.3321060798747876, -0.3321060798747876) P1 Winnings: 143.0
Choosing model 1
[0.030398718692982097, 0.5638809303217015, 0.40489069106582337, 0.0008258233771445192, 3.836542348486904e-06]
Games played: 186
Exploitability: P1=2.800000000 P2=0.333117151 EV: (0.3235978146422722, -0.3235978146422722) P1 Winnings: 148.0
Choosing model 2
[0.030980065270630724, 0.5542870007666659, 0.4138835321472939, 0.0008455904764650967, 3.811338944456535e-06]
Games played: 187
Exploitability: P1=4.600000000 P2=0.333117151 EV: (0.3321060798747876, -0.3321060798747876) P1 Winnings: 141.0
Choosing model 1
[0.02882992139583267, 0.5903444236571095, 0.37996448076742617, 0.00085783452909249, 3.3396505391514006e-06]
Games played: 188
Exploitability: P1=2.800000000 P2=0.333117151 EV: (0.3235978146422722, -0.3235978146422722) P1 Winnings: 141.0
Choosing model 1
[0.02364814795169518, 0.6528907276048429, 0.3226794561597018, 0.0007793044557177853, 2.3638280423230046e-06]
Games played: 189
Exploitability: P1=2.800000000 P2=0.333117151 EV: (0.3235978146422722, -0.3235978146422722) P1 Winnings: 148.0
Choosing model 1
[0.02811533178391807, 0.595567633942991, 0.3754490102990533, 0.0008649922209027491, 3.031753134949829e-06]
Games played: 190
Exploitability: P1=2.800000000 P2=0.333117151 EV: (0.3235978146422722, -0.3235978146422722) P1 Winnings: 149.0
Choosing model 1
[0.031165392618197393, 0.584940149468326, 0.382881532116202, 0.001009267216343664, 3.6585809308271193e-06]
Games played: 191
Exploitability: P1=2.800000000 P2=0.333117151 EV: (0.3235978146422722, -0.3235978146422722) P1 Winnings: 158.0
Choosing model 2
[0.029835203983138475, 0.5995512174934517, 0.3696202496871647, 0.000989953024407982, 3.3758118370383846e-06]
Games played: 192
Exploitability: P1=4.600000000 P2=0.333117151 EV: (0.3321060798747876, -0.3321060798747876) P1 Winnings: 161.0
Choosing model 1
[0.028656884437832392, 0.5945650299290791, 0.37591537913208983, 0.0008597643276315676, 2.9421733671564936e-06]
Games played: 193
Exploitability: P1=2.800000000 P2=0.333117151 EV: (0.3235978146422722, -0.3235978146422722) P1 Winnings: 162.0
Choosing model 2
[0.03265229762000806, 0.5456604074689991, 0.4207580574800442, 0.0009256671163508022, 3.5703145979550964e-06]
Games played: 194
Exploitability: P1=4.600000000 P2=0.333117151 EV: (0.3321060798747876, -0.3321060798747876) P1 Winnings: 163.0
Choosing model 1
[0.026680061721296736, 0.6162405365840412, 0.3562359758550465, 0.0008409046226479653, 2.521216967459907e-06]
Games played: 195
Exploitability: P1=2.800000000 P2=0.333117151 EV: (0.3235978146422722, -0.3235978146422722) P1 Winnings: 168.0
Choosing model 2
[0.025492890813913698, 0.6304359601950568, 0.343245578383619, 0.0008232486639362785, 2.321943474042024e-06]
Games played: 196
Exploitability: P1=4.600000000 P2=0.333117151 EV: (0.3321060798747876, -0.3321060798747876) P1 Winnings: 161.0
Choosing model 1
[0.024498623169364093, 0.6255134911390224, 0.3492705111082421, 0.0007153498664989266, 2.0247168724337373e-06]
Games played: 197
Exploitability: P1=2.800000000 P2=0.333117151 EV: (0.3235978146422722, -0.3235978146422722) P1 Winnings: 162.0
Choosing model 1
[0.027574759571346873, 0.6218915918180117, 0.34964815891177337, 0.000882941408516161, 2.5482903519515658e-06]
Games played: 198
Exploitability: P1=2.800000000 P2=0.333117151 EV: (0.3235978146422722, -0.3235978146422722) P1 Winnings: 155.0
Choosing model 1
[0.02943608218012488, 0.5993755799623095, 0.3702669616171822, 0.0009185793321479324, 2.79690823552693e-06]
Games played: 199
Exploitability: P1=2.800000000 P2=0.333117151 EV: (0.3235978146422722, -0.3235978146422722) P1 Winnings: 155.0
Choosing model 1
[0.028163867443374048, 0.6118324011574838, 0.3591136556866359, 0.0008875123327096176, 2.5633797965357736e-06]
Games played: 200
Exploitability: P1=2.800000000 P2=0.333117151 EV: (0.3235978146422722, -0.3235978146422722) P1 Winnings: 160.0
