Player 1 exploitability: 0.258945495378
Choosing model 4
[0.20396124844724672, 0.2105817708859842, 0.21596433592023306, 0.18442191860964258, 0.18507072613689338]
Games played: 1
Exploitability: P1=2.600000000 P2=0.173293481 EV: (-0.1530874309935237, 0.1530874309935237) P1 Winnings: 1.0
Choosing model 0
[0.21310631924985812, 0.17721796568547488, 0.22166048467263477, 0.18207563881817168, 0.20593959157386063]
Games played: 2
Exploitability: P1=1.900000000 P2=0.173293481 EV: (-0.09047892895550468, 0.09047892895550468) P1 Winnings: 2.0
Choosing model 0
[0.19864424026992034, 0.23242785765509547, 0.21454721643204622, 0.1898882293336573, 0.16449245630928083]
Games played: 3
Exploitability: P1=1.900000000 P2=0.173293481 EV: (-0.09047892895550468, 0.09047892895550468) P1 Winnings: 7.0
Choosing model 2
[0.19533252748757934, 0.24470633855823037, 0.21274354350988223, 0.19131484887924433, 0.15590274156506367]
Games played: 4
Exploitability: P1=4.600000000 P2=0.173293481 EV: (0.15914862253399714, -0.15914862253399714) P1 Winnings: -2.0
Choosing model 1
[0.19952742057996167, 0.2214747354685488, 0.19992562988347254, 0.20570330655064276, 0.17336890751737435]
Games played: 5
Exploitability: P1=2.800000000 P2=0.173293481 EV: (0.17329348123800473, -0.17329348123800473) P1 Winnings: -11.0
Choosing model 1
[0.18231363945149168, 0.2887909503700134, 0.1927648086369702, 0.20450273223405543, 0.13162786930746923]
Games played: 6
Exploitability: P1=2.800000000 P2=0.173293481 EV: (0.17329348123800473, -0.17329348123800473) P1 Winnings: -4.0
Choosing model 0
[0.1823135846265994, 0.2887911413428886, 0.192764773993808, 0.20450274231258722, 0.13162775772411664]
Games played: 7
Exploitability: P1=1.900000000 P2=0.173293481 EV: (-0.09047892895550468, 0.09047892895550468) P1 Winnings: -11.0
Choosing model 3
[0.1657334275440263, 0.38386993343002357, 0.22280975872625003, 0.14934585078246224, 0.07824102951723785]
Games played: 8
Exploitability: P1=1.933333333 P2=0.173293481 EV: (-0.07377150630353214, 0.07377150630353214) P1 Winnings: -6.0
Choosing model 1
[0.17389216757517773, 0.3575306591562963, 0.23216014083897843, 0.15291019214820387, 0.08350684028134363]
Games played: 9
Exploitability: P1=2.800000000 P2=0.173293481 EV: (0.17329348123800473, -0.17329348123800473) P1 Winnings: -9.0
Choosing model 0
[0.18794632186022983, 0.3130881050267679, 0.24659904753223025, 0.15638782813675542, 0.09597869744401656]
Games played: 10
Exploitability: P1=1.900000000 P2=0.173293481 EV: (-0.09047892895550468, 0.09047892895550468) P1 Winnings: -8.0
Choosing model 1
[0.17910682577433815, 0.3523598494029035, 0.2603165928595826, 0.13393423363576343, 0.07428249832741221]
Games played: 11
Exploitability: P1=2.800000000 P2=0.173293481 EV: (0.17329348123800473, -0.17329348123800473) P1 Winnings: -3.0
Choosing model 4
[0.1933878621030006, 0.3082499106658056, 0.27622873396095343, 0.1368426187217591, 0.0852908745484813]
Games played: 12
Exploitability: P1=2.600000000 P2=0.173293481 EV: (-0.1530874309935237, 0.1530874309935237) P1 Winnings: -2.0
Choosing model 0
[0.20221615427411865, 0.2811167161877255, 0.28700383887052944, 0.1396361380742345, 0.09002715259339215]
Games played: 13
Exploitability: P1=1.900000000 P2=0.173293481 EV: (-0.09047892895550468, 0.09047892895550468) P1 Winnings: -2.0
Choosing model 4
[0.20946863267667132, 0.25909976574458093, 0.29600649775593924, 0.14202482279690434, 0.09340028102590414]
Games played: 14
Exploitability: P1=2.600000000 P2=0.173293481 EV: (-0.1530874309935237, 0.1530874309935237) P1 Winnings: -7.0
Choosing model 0
[0.22491846015697767, 0.21346055402048136, 0.3110576715555322, 0.14237355298871246, 0.10818976127829637]
Games played: 15
Exploitability: P1=1.900000000 P2=0.173293481 EV: (-0.09047892895550468, 0.09047892895550468) P1 Winnings: -7.0
Choosing model 2
[0.20558310171091748, 0.26967119906903875, 0.29460184465721295, 0.14468065045171524, 0.0854632041111156]
Games played: 16
Exploitability: P1=4.600000000 P2=0.173293481 EV: (0.15914862253399714, -0.15914862253399714) P1 Winnings: -7.0
Choosing model 2
[0.24213657457771434, 0.16753967447187668, 0.29279668008134774, 0.16136398065131846, 0.1361630902177429]
Games played: 17
Exploitability: P1=4.600000000 P2=0.173293481 EV: (0.15914862253399714, -0.15914862253399714) P1 Winnings: -7.0
Choosing model 2
[0.22776156372108966, 0.20944978668461264, 0.3726158646682723, 0.10651234729971874, 0.08366043762630664]
Games played: 18
Exploitability: P1=4.600000000 P2=0.173293481 EV: (0.15914862253399714, -0.15914862253399714) P1 Winnings: -2.0
Choosing model 3
[0.22403448446181673, 0.2198039544886754, 0.37153561473990915, 0.10579857887700816, 0.07882736743259068]
Games played: 19
Exploitability: P1=1.933333333 P2=0.173293481 EV: (-0.07377150630353214, 0.07377150630353214) P1 Winnings: 3.0
Choosing model 4
[0.23583365354311292, 0.18636515525142755, 0.38419254341131664, 0.10523528491799002, 0.08837336287615273]
Games played: 20
Exploitability: P1=2.600000000 P2=0.173293481 EV: (-0.1530874309935237, 0.1530874309935237) P1 Winnings: 3.0
Choosing model 1
[0.201089086059721, 0.26490928388071594, 0.4060623331133138, 0.07940546329240047, 0.04853383365384886]
Games played: 21
Exploitability: P1=2.800000000 P2=0.173293481 EV: (0.17329348123800473, -0.17329348123800473) P1 Winnings: 8.0
Choosing model 2
[0.2135755705129833, 0.22796056361238032, 0.423843675279416, 0.07980427624197046, 0.0548159143532499]
Games played: 22
Exploitability: P1=4.600000000 P2=0.173293481 EV: (0.15914862253399714, -0.15914862253399714) P1 Winnings: 9.0
Choosing model 1
[0.19229093936641148, 0.2887804249875511, 0.3962487539018637, 0.08038961754961957, 0.042290264194554186]
Games played: 23
Exploitability: P1=2.800000000 P2=0.173293481 EV: (0.17329348123800473, -0.17329348123800473) P1 Winnings: 9.0
Choosing model 1
[0.20560629125568264, 0.2727427886403659, 0.3768293810066574, 0.09425857471191355, 0.05056296438538055]
Games played: 24
Exploitability: P1=2.800000000 P2=0.173293481 EV: (0.17329348123800473, -0.17329348123800473) P1 Winnings: 2.0
Choosing model 0
[0.22294447162316441, 0.22329704261425853, 0.3995361880290123, 0.09508465228351531, 0.059137645450049466]
Games played: 25
Exploitability: P1=1.900000000 P2=0.173293481 EV: (-0.09047892895550468, 0.09047892895550468) P1 Winnings: 5.0
Choosing model 1
[0.22294441714297425, 0.2232971867826332, 0.3995361351438314, 0.095084659855481, 0.059137601075080266]
Games played: 26
Exploitability: P1=2.800000000 P2=0.173293481 EV: (0.17329348123800473, -0.17329348123800473) P1 Winnings: 4.0
Choosing model 2
[0.222944358266124, 0.22329734262487677, 0.39953607797525387, 0.09508466802448955, 0.05913755310925572]
Games played: 27
Exploitability: P1=4.600000000 P2=0.173293481 EV: (0.15914862253399714, -0.15914862253399714) P1 Winnings: -3.0
Choosing model 1
[0.20978857690181346, 0.24814780977499, 0.4164601992451831, 0.08040928255229582, 0.045194131525717676]
Games played: 28
Exploitability: P1=2.800000000 P2=0.173293481 EV: (0.17329348123800473, -0.17329348123800473) P1 Winnings: 2.0
Choosing model 2
[0.23870601870133895, 0.16929272170692675, 0.451301063124133, 0.07874427747139787, 0.06195591899620345]
Games played: 29
Exploitability: P1=4.600000000 P2=0.173293481 EV: (0.15914862253399714, -0.15914862253399714) P1 Winnings: 2.0
Choosing model 0
[0.22527118390821071, 0.18867836347557213, 0.4717813610853937, 0.06678387537449597, 0.04748521615632736]
Games played: 30
Exploitability: P1=1.900000000 P2=0.173293481 EV: (-0.09047892895550468, 0.09047892895550468) P1 Winnings: 7.0
Choosing model 2
[0.2088081809268589, 0.28949177513845414, 0.34839748813084725, 0.10668398974082179, 0.04661856606301796]
Games played: 31
Exploitability: P1=4.600000000 P2=0.173293481 EV: (0.15914862253399714, -0.15914862253399714) P1 Winnings: 20.0
Choosing model 0
[0.20406969696448893, 0.3018480550130958, 0.3451522410505931, 0.10528723017278155, 0.043642776799040536]
Games played: 32
Exploitability: P1=1.900000000 P2=0.173293481 EV: (-0.09047892895550468, 0.09047892895550468) P1 Winnings: 25.0
Choosing model 1
[0.20406963179846743, 0.30184822726852456, 0.3451521694894919, 0.10528723066430136, 0.043642740779214734]
Games played: 33
Exploitability: P1=2.800000000 P2=0.173293481 EV: (0.17329348123800473, -0.17329348123800473) P1 Winnings: 24.0
Choosing model 4
[0.1775013372025557, 0.3627422165379477, 0.3507844308397389, 0.08149868692523131, 0.027473328494526262]
Games played: 34
Exploitability: P1=2.600000000 P2=0.173293481 EV: (-0.1530874309935237, 0.1530874309935237) P1 Winnings: 33.0
Choosing model 2
[0.17366914113370208, 0.3664310286496618, 0.36340902913968887, 0.07210020726900157, 0.024390593807945556]
Games played: 35
Exploitability: P1=4.600000000 P2=0.173293481 EV: (0.15914862253399714, -0.15914862253399714) P1 Winnings: 34.0
Choosing model 1
[0.18571873885710605, 0.34719724088967524, 0.35753029605704206, 0.08115852729309571, 0.028395196903081017]
Games played: 36
Exploitability: P1=2.800000000 P2=0.173293481 EV: (0.17329348123800473, -0.17329348123800473) P1 Winnings: 25.0
Choosing model 2
[0.15394779870818395, 0.3825042247453127, 0.40096434730177727, 0.04720904666912955, 0.015374582575596514]
Games played: 37
Exploitability: P1=4.600000000 P2=0.173293481 EV: (0.15914862253399714, -0.15914862253399714) P1 Winnings: 30.0
Choosing model 1
[0.18292750052164627, 0.35784259538425234, 0.3588825460002467, 0.07561924696610238, 0.024728111127752212]
Games played: 38
Exploitability: P1=2.800000000 P2=0.173293481 EV: (0.17329348123800473, -0.17329348123800473) P1 Winnings: 21.0
Choosing model 2
[0.18292724349212242, 0.3578432999490313, 0.35888219390483506, 0.07561923365066917, 0.024728029003342054]
Games played: 39
Exploitability: P1=4.600000000 P2=0.173293481 EV: (0.15914862253399714, -0.15914862253399714) P1 Winnings: 12.0
Choosing model 1
[0.16765150008762914, 0.3873142583881156, 0.36434525260858563, 0.06228330756744834, 0.018405681348221348]
Games played: 40
Exploitability: P1=2.800000000 P2=0.173293481 EV: (0.17329348123800473, -0.17329348123800473) P1 Winnings: 17.0
Choosing model 1
[0.1848390534930266, 0.3353134573384303, 0.39363768291308315, 0.06439874301044174, 0.021811063245018084]
Games played: 41
Exploitability: P1=2.800000000 P2=0.173293481 EV: (0.17329348123800473, -0.17329348123800473) P1 Winnings: 20.0
Choosing model 2
[0.1996793443742415, 0.2917619793233693, 0.4177280577033232, 0.06573663008506211, 0.02509398851400385]
Games played: 42
Exploitability: P1=4.600000000 P2=0.173293481 EV: (0.15914862253399714, -0.15914862253399714) P1 Winnings: 21.0
Choosing model 1
[0.17348973084926797, 0.3524689577097469, 0.4016004108606662, 0.05512160548228892, 0.017319295098030058]
Games played: 43
Exploitability: P1=2.800000000 P2=0.173293481 EV: (0.17329348123800473, -0.17329348123800473) P1 Winnings: 26.0
Choosing model 1
[0.20762115133860487, 0.25290941930885097, 0.45772358607279906, 0.05677419211559993, 0.02497165116414507]
Games played: 44
Exploitability: P1=2.800000000 P2=0.173293481 EV: (0.17329348123800473, -0.17329348123800473) P1 Winnings: 27.0
Choosing model 1
[0.23105630425981905, 0.18924887838569382, 0.4914618758129147, 0.05650804389230196, 0.03172489764927045]
Games played: 45
Exploitability: P1=2.800000000 P2=0.173293481 EV: (0.17329348123800473, -0.17329348123800473) P1 Winnings: 22.0
Choosing model 4
[0.23709668048918334, 0.17238530779862818, 0.5008192647796605, 0.05658369300104571, 0.03311505393148228]
Games played: 46
Exploitability: P1=2.600000000 P2=0.173293481 EV: (-0.1530874309935237, 0.1530874309935237) P1 Winnings: 22.0
Choosing model 2
[0.24977363862607604, 0.1405607752366483, 0.5163103270464291, 0.05566863191868039, 0.03768662717216619]
Games played: 47
Exploitability: P1=4.600000000 P2=0.173293481 EV: (0.15914862253399714, -0.15914862253399714) P1 Winnings: 15.0
Choosing model 0
[0.24977346643714063, 0.14056115259113552, 0.5163101900289209, 0.05566866195888131, 0.0376865289839217]
Games played: 48
Exploitability: P1=1.900000000 P2=0.173293481 EV: (-0.09047892895550468, 0.09047892895550468) P1 Winnings: 6.0
Choosing model 3
[0.23379612395419996, 0.15538098018790683, 0.5353451252846263, 0.04682870315975131, 0.028649067413515677]
Games played: 49
Exploitability: P1=1.933333333 P2=0.173293481 EV: (-0.07377150630353214, 0.07377150630353214) P1 Winnings: 11.0
Choosing model 0
[0.24542001291605037, 0.12624468346126572, 0.5499398159012568, 0.0459074197453116, 0.03248806797611533]
Games played: 50
Exploitability: P1=1.900000000 P2=0.173293481 EV: (-0.09047892895550468, 0.09047892895550468) P1 Winnings: 14.0
Choosing model 2
[0.25607381911556487, 0.10106779946085681, 0.5615700483683982, 0.044719511519761564, 0.036568821535418725]
Games played: 51
Exploitability: P1=4.600000000 P2=0.173293481 EV: (0.15914862253399714, -0.15914862253399714) P1 Winnings: 15.0
Choosing model 1
[0.2653269010236445, 0.08105348339432274, 0.569414734214368, 0.04327243055824248, 0.04093245080942237]
Games played: 52
Exploitability: P1=2.800000000 P2=0.173293481 EV: (0.17329348123800473, -0.17329348123800473) P1 Winnings: 12.0
Choosing model 2
[0.25332388431142877, 0.10433929501879985, 0.5628571601119048, 0.045756848443975234, 0.03372281211389128]
Games played: 53
Exploitability: P1=4.600000000 P2=0.173293481 EV: (0.15914862253399714, -0.15914862253399714) P1 Winnings: 19.0
Choosing model 2
[0.2461835610584485, 0.10468969169965975, 0.5791825685889609, 0.04020720547785743, 0.029736973175073338]
Games played: 54
Exploitability: P1=4.600000000 P2=0.173293481 EV: (0.15914862253399714, -0.15914862253399714) P1 Winnings: 20.0
Choosing model 2
[0.26443238786684053, 0.0674226512964283, 0.5924918781840407, 0.03716984666002246, 0.03848323599266802]
Games played: 55
Exploitability: P1=4.600000000 P2=0.173293481 EV: (0.15914862253399714, -0.15914862253399714) P1 Winnings: 21.0
Choosing model 0
[0.269411309716694, 0.05527810696196781, 0.5992549896856768, 0.034853757816612055, 0.041201835819049425]
Games played: 56
Exploitability: P1=1.900000000 P2=0.173293481 EV: (-0.09047892895550468, 0.09047892895550468) P1 Winnings: 22.0
Choosing model 2
[0.2615884113116766, 0.055415205865209136, 0.6160964588412391, 0.030599699423247438, 0.03630022455862777]
Games played: 57
Exploitability: P1=4.600000000 P2=0.173293481 EV: (0.15914862253399714, -0.15914862253399714) P1 Winnings: 23.0
Choosing model 0
[0.27558256465597175, 0.051726505816546996, 0.59712604663074, 0.03393243085777381, 0.04163245203896752]
Games played: 58
Exploitability: P1=1.900000000 P2=0.173293481 EV: (-0.09047892895550468, 0.09047892895550468) P1 Winnings: 32.0
Choosing model 0
[0.27339428598298804, 0.054942605490450915, 0.5973634145119027, 0.03449091389087503, 0.0398087801237833]
Games played: 59
Exploitability: P1=1.900000000 P2=0.173293481 EV: (-0.09047892895550468, 0.09047892895550468) P1 Winnings: 37.0
Choosing model 0
[0.26665398714070887, 0.06565871248042993, 0.596481506086529, 0.03605057867542586, 0.035155215616906384]
Games played: 60
Exploitability: P1=1.900000000 P2=0.173293481 EV: (-0.09047892895550468, 0.09047892895550468) P1 Winnings: 32.0
Choosing model 2
[0.2642049004295648, 0.06965360549504639, 0.5959703970021264, 0.03659797562495989, 0.03357312144830261]
Games played: 61
Exploitability: P1=4.600000000 P2=0.173293481 EV: (0.15914862253399714, -0.15914862253399714) P1 Winnings: 31.0
Choosing model 2
[0.2760490979132223, 0.0489340484756858, 0.6007730830631903, 0.034199173506936194, 0.040044597040965316]
Games played: 62
Exploitability: P1=4.600000000 P2=0.173293481 EV: (0.15914862253399714, -0.15914862253399714) P1 Winnings: 26.0
Choosing model 2
[0.26573388163186673, 0.0651068199624288, 0.5992434790386175, 0.03660117519732998, 0.03331464416975686]
Games played: 63
Exploitability: P1=4.600000000 P2=0.173293481 EV: (0.15914862253399714, -0.15914862253399714) P1 Winnings: 31.0
Choosing model 1
[0.26327647831073026, 0.06906373450389772, 0.5986918647318481, 0.0371545666946314, 0.031813355758892534]
Games played: 64
Exploitability: P1=2.800000000 P2=0.173293481 EV: (0.17329348123800473, -0.17329348123800473) P1 Winnings: 18.0
Choosing model 2
[0.2665418291331522, 0.06206727168874433, 0.6019219929606582, 0.036706153665942425, 0.03276275255150275]
Games played: 65
Exploitability: P1=4.600000000 P2=0.173293481 EV: (0.15914862253399714, -0.15914862253399714) P1 Winnings: 18.0
Choosing model 2
[0.2585558527105119, 0.06216196959400512, 0.6182492350348076, 0.032195320431381506, 0.028837622229293952]
Games played: 66
Exploitability: P1=4.600000000 P2=0.173293481 EV: (0.15914862253399714, -0.15914862253399714) P1 Winnings: 19.0
Choosing model 0
[0.2316084979849763, 0.0769327236890451, 0.6470981504012998, 0.02566519271394946, 0.01869543521072943]
Games played: 67
Exploitability: P1=1.900000000 P2=0.173293481 EV: (-0.09047892895550468, 0.09047892895550468) P1 Winnings: 28.0
Choosing model 2
[0.23793758712502763, 0.06365873118762033, 0.65303475503968, 0.024914015642277108, 0.02045491100539503]
Games played: 68
Exploitability: P1=4.600000000 P2=0.173293481 EV: (0.15914862253399714, -0.15914862253399714) P1 Winnings: 28.0
Choosing model 2
[0.19236647413079186, 0.06840164142379802, 0.7142952780424772, 0.014134595348268844, 0.010802011054664076]
Games played: 69
Exploitability: P1=4.600000000 P2=0.173293481 EV: (0.15914862253399714, -0.15914862253399714) P1 Winnings: 33.0
Choosing model 2
[0.20196192192504167, 0.04828683230287114, 0.7235327666538325, 0.013272006115557195, 0.012946473002697407]
Games played: 70
Exploitability: P1=4.600000000 P2=0.173293481 EV: (0.15914862253399714, -0.15914862253399714) P1 Winnings: 38.0
Choosing model 0
[0.15993228837196796, 0.05082034229784945, 0.7751754539896536, 0.007375246580193113, 0.006696668760335871]
Games played: 71
Exploitability: P1=1.900000000 P2=0.173293481 EV: (-0.09047892895550468, 0.09047892895550468) P1 Winnings: 43.0
Choosing model 2
[0.15834153407828894, 0.05387096257036054, 0.7739156475089788, 0.007481475848673627, 0.006390379993698214]
Games played: 72
Exploitability: P1=4.600000000 P2=0.173293481 EV: (0.15914862253399714, -0.15914862253399714) P1 Winnings: 42.0
Choosing model 4
[0.15138033002715953, 0.05317438149263247, 0.7834343395518731, 0.006467355766950572, 0.005543593161384308]
Games played: 73
Exploitability: P1=2.600000000 P2=0.173293481 EV: (-0.1530874309935237, 0.1530874309935237) P1 Winnings: 43.0
Choosing model 2
[0.15389152330047556, 0.0435004607383169, 0.7906348172452522, 0.006051035015879829, 0.00592216370007557]
Games played: 74
Exploitability: P1=4.600000000 P2=0.173293481 EV: (0.15914862253399714, -0.15914862253399714) P1 Winnings: 44.0
Choosing model 2
[0.14725114706693077, 0.05752976252356569, 0.7838846762562728, 0.006437132882863962, 0.0048972812703668035]
Games played: 75
Exploitability: P1=4.600000000 P2=0.173293481 EV: (0.15914862253399714, -0.15914862253399714) P1 Winnings: 49.0
Choosing model 2
[0.15094377137093296, 0.047780265652578986, 0.7896935872280908, 0.0062439826700582185, 0.005338393078339018]
Games played: 76
Exploitability: P1=4.600000000 P2=0.173293481 EV: (0.15914862253399714, -0.15914862253399714) P1 Winnings: 50.0
Choosing model 2
[0.15740797912270627, 0.03418713260228939, 0.7962428478523377, 0.005861368212608338, 0.006300672210058293]
Games played: 77
Exploitability: P1=4.600000000 P2=0.173293481 EV: (0.15914862253399714, -0.15914862253399714) P1 Winnings: 50.0
Choosing model 2
[0.14438644148551985, 0.03703427845518781, 0.8090537298982866, 0.00483180074999908, 0.004693749411006651]
Games played: 78
Exploitability: P1=4.600000000 P2=0.173293481 EV: (0.15914862253399714, -0.15914862253399714) P1 Winnings: 55.0
Choosing model 2
[0.1321630966324942, 0.04003402184736051, 0.8203389027626025, 0.003974688992622462, 0.003489289764920396]
Games played: 79
Exploitability: P1=4.600000000 P2=0.173293481 EV: (0.15914862253399714, -0.15914862253399714) P1 Winnings: 60.0
Choosing model 2
[0.13082424239944296, 0.041035818346249454, 0.8208310037837899, 0.0040458872076708655, 0.0032630482628468543]
Games played: 80
Exploitability: P1=4.600000000 P2=0.173293481 EV: (0.15914862253399714, -0.15914862253399714) P1 Winnings: 65.0
Choosing model 2
[0.12471947646451138, 0.04039078197639247, 0.8285794906001575, 0.0034875841571993618, 0.0028226668017393387]
Games played: 81
Exploitability: P1=4.600000000 P2=0.173293481 EV: (0.15914862253399714, -0.15914862253399714) P1 Winnings: 66.0
Choosing model 0
[0.13417367511271122, 0.03850048956047997, 0.8200706734768174, 0.003949319846850509, 0.0033058420031408615]
Games played: 82
Exploitability: P1=1.900000000 P2=0.173293481 EV: (-0.09047892895550468, 0.09047892895550468) P1 Winnings: 75.0
Choosing model 2
[0.13417365824434135, 0.038500518985683234, 0.8200706622252831, 0.003949320629922444, 0.0033058399147698116]
Games played: 83
Exploitability: P1=4.600000000 P2=0.173293481 EV: (0.15914862253399714, -0.15914862253399714) P1 Winnings: 74.0
Choosing model 0
[0.13289898871340602, 0.04083000615316487, 0.8191069334809465, 0.004008010506029362, 0.0031560611464531967]
Games played: 84
Exploitability: P1=1.900000000 P2=0.173293481 EV: (-0.09047892895550468, 0.09047892895550468) P1 Winnings: 61.0
Choosing model 2
[0.13161512545092852, 0.043293432900506294, 0.8180119466191313, 0.0040669142325152, 0.0030125807969185797]
Games played: 85
Exploitability: P1=4.600000000 P2=0.173293481 EV: (0.15914862253399714, -0.15914862253399714) P1 Winnings: 60.0
Choosing model 2
[0.13462287141367854, 0.03587852165929224, 0.8222854775003056, 0.003936323341522499, 0.003276806085201152]
Games played: 86
Exploitability: P1=4.600000000 P2=0.173293481 EV: (0.15914862253399714, -0.15914862253399714) P1 Winnings: 61.0
Choosing model 0
[0.13282221049285148, 0.03776656943695173, 0.8223925116167846, 0.003921823655920951, 0.0030968847974913822]
Games played: 87
Exploitability: P1=1.900000000 P2=0.173293481 EV: (-0.09047892895550468, 0.09047892895550468) P1 Winnings: 66.0
Choosing model 2
[0.13156370139653284, 0.04005265678691055, 0.8214467885787171, 0.003980205307729082, 0.002956647930110598]
Games played: 88
Exploitability: P1=4.600000000 P2=0.173293481 EV: (0.15914862253399714, -0.15914862253399714) P1 Winnings: 71.0
Choosing model 2
[0.13029644915876254, 0.042470392296259464, 0.8203720293456713, 0.004038815495194377, 0.002822313704112231]
Games played: 89
Exploitability: P1=4.600000000 P2=0.173293481 EV: (0.15914862253399714, -0.15914862253399714) P1 Winnings: 58.0
Choosing model 1
[0.1332597708499924, 0.0351926748878162, 0.8245693217608673, 0.003908709778148889, 0.003069522723175327]
Games played: 90
Exploitability: P1=2.800000000 P2=0.173293481 EV: (0.17329348123800473, -0.17329348123800473) P1 Winnings: 57.0
Choosing model 2
[0.1314781414464495, 0.037044856305528485, 0.8246816662810436, 0.0038943354818972336, 0.00290100048508118]
Games played: 91
Exploitability: P1=4.600000000 P2=0.173293481 EV: (0.15914862253399714, -0.15914862253399714) P1 Winnings: 62.0
Choosing model 2
[0.13433530120684775, 0.03066648360705066, 0.8280810823538098, 0.0037651532971684377, 0.0031519795351233515]
Games played: 92
Exploitability: P1=4.600000000 P2=0.173293481 EV: (0.15914862253399714, -0.15914862253399714) P1 Winnings: 63.0
Choosing model 2
[0.13257324603772735, 0.03228872228266432, 0.8284060703390038, 0.0037522679325104683, 0.002979693408094059]
Games played: 93
Exploitability: P1=4.600000000 P2=0.173293481 EV: (0.15914862253399714, -0.15914862253399714) P1 Winnings: 68.0
Choosing model 0
[0.1424748685932376, 0.030745686093170754, 0.8190486774578493, 0.004244639312043007, 0.003486128543699183]
Games played: 94
Exploitability: P1=1.900000000 P2=0.173293481 EV: (-0.09047892895550468, 0.09047892895550468) P1 Winnings: 59.0
Choosing model 2
[0.14558747019154142, 0.025088787431941414, 0.821429609865529, 0.004087421116613767, 0.0038067113943741843]
Games played: 95
Exploitability: P1=4.600000000 P2=0.173293481 EV: (0.15914862253399714, -0.15914862253399714) P1 Winnings: 59.0
Choosing model 2
[0.14904635205064332, 0.019880156162261752, 0.8229555218987749, 0.0039079128362494, 0.0042100570520707216]
Games played: 96
Exploitability: P1=4.600000000 P2=0.173293481 EV: (0.15914862253399714, -0.15914862253399714) P1 Winnings: 56.0
Choosing model 2
[0.15984034443211897, 0.018890167175864378, 0.8119428935566775, 0.004411380298867001, 0.0049152145364719626]
Games played: 97
Exploitability: P1=4.600000000 P2=0.173293481 EV: (0.15914862253399714, -0.15914862253399714) P1 Winnings: 47.0
Choosing model 2
[0.16555765221922308, 0.013155905221226036, 0.8113881337064963, 0.0040864899475243415, 0.005811818905530185]
Games played: 98
Exploitability: P1=4.600000000 P2=0.173293481 EV: (0.15914862253399714, -0.15914862253399714) P1 Winnings: 52.0
Choosing model 2
[0.17719713501772236, 0.012476108039711083, 0.798951018065552, 0.004603863585722939, 0.006771875291291541]
Games played: 99
Exploitability: P1=4.600000000 P2=0.173293481 EV: (0.15914862253399714, -0.15914862253399714) P1 Winnings: 43.0
Choosing model 0
[0.1786752306839791, 0.010123552551768687, 0.7997530245104292, 0.004272556020764493, 0.007175636233058538]
Games played: 100
Exploitability: P1=1.900000000 P2=0.173293481 EV: (-0.09047892895550468, 0.09047892895550468) P1 Winnings: 44.0
Choosing model 1
[0.17309852281177307, 0.013437498599954068, 0.8028641215367014, 0.004600409119808083, 0.005999447931763345]
Games played: 101
Exploitability: P1=2.800000000 P2=0.173293481 EV: (0.17329348123800473, -0.17329348123800473) P1 Winnings: 43.0
Choosing model 2
[0.17309850404753455, 0.013437510070198843, 0.8028641316512992, 0.004600410231260294, 0.0059994439997070395]
Games played: 102
Exploitability: P1=4.600000000 P2=0.173293481 EV: (0.15914862253399714, -0.15914862253399714) P1 Winnings: 36.0
Choosing model 2
[0.17463896014500999, 0.015515874806220718, 0.7990861474652624, 0.005059722435505718, 0.005699295148001153]
Games played: 103
Exploitability: P1=4.600000000 P2=0.173293481 EV: (0.15914862253399714, -0.15914862253399714) P1 Winnings: 36.0
Choosing model 0
[0.2085330264619175, 0.01706494695530669, 0.7581282470730102, 0.008064980499734776, 0.008208799010030837]
Games played: 104
Exploitability: P1=1.900000000 P2=0.173293481 EV: (-0.09047892895550468, 0.09047892895550468) P1 Winnings: 23.0
Choosing model 2
[0.20853300590937004, 0.0170649604612558, 0.7581282572641174, 0.008064982317927094, 0.008208794047329722]
Games played: 105
Exploitability: P1=4.600000000 P2=0.173293481 EV: (0.15914862253399714, -0.15914862253399714) P1 Winnings: 22.0
Choosing model 2
[0.21776084072984292, 0.01068455836841657, 0.7539785432260978, 0.007248358806158866, 0.01032769886948387]
Games played: 106
Exploitability: P1=4.600000000 P2=0.173293481 EV: (0.15914862253399714, -0.15914862253399714) P1 Winnings: 23.0
Choosing model 0
[0.1623813612899485, 0.013677725020053436, 0.8156619280094509, 0.003928141505625295, 0.0043508441749219124]
Games played: 107
Exploitability: P1=1.900000000 P2=0.173293481 EV: (-0.09047892895550468, 0.09047892895550468) P1 Winnings: 28.0
Choosing model 2
[0.1549934036750755, 0.01347919691580472, 0.8243689123579141, 0.0033902290122449336, 0.0037682580389606208]
Games played: 108
Exploitability: P1=4.600000000 P2=0.173293481 EV: (0.15914862253399714, -0.15914862253399714) P1 Winnings: 29.0
Choosing model 0
[0.19465780919409012, 0.013328243405536903, 0.7798683290870123, 0.0057397007808712465, 0.006405917532489332]
Games played: 109
Exploitability: P1=1.900000000 P2=0.173293481 EV: (-0.09047892895550468, 0.09047892895550468) P1 Winnings: 20.0
Choosing model 0
[0.19322672606389862, 0.014165330990405704, 0.7806413644657392, 0.00583763125581656, 0.006128947224139972]
Games played: 110
Exploitability: P1=1.900000000 P2=0.173293481 EV: (-0.09047892895550468, 0.09047892895550468) P1 Winnings: 11.0
Choosing model 2
[0.18394819714581614, 0.02142615480068127, 0.7834546669919341, 0.006496044457907024, 0.004674936603661488]
Games played: 111
Exploitability: P1=4.600000000 P2=0.173293481 EV: (0.15914862253399714, -0.15914862253399714) P1 Winnings: 6.0
Choosing model 0
[0.16926615790137584, 0.02328414957365631, 0.7985840337603196, 0.005371974366242166, 0.0034936843984062]
Games played: 112
Exploitability: P1=1.900000000 P2=0.173293481 EV: (-0.09047892895550468, 0.09047892895550468) P1 Winnings: 11.0
Choosing model 2
[0.17264335801283073, 0.01896486988056928, 0.7994204745475558, 0.005163409003419082, 0.0038078885556249694]
Games played: 113
Exploitability: P1=4.600000000 P2=0.173293481 EV: (0.15914862253399714, -0.15914862253399714) P1 Winnings: 11.0
Choosing model 2
[0.17057897502422759, 0.0199915577550732, 0.8006737043361163, 0.0051517834026977025, 0.003603979481885229]
Games played: 114
Exploitability: P1=4.600000000 P2=0.173293481 EV: (0.15914862253399714, -0.15914862253399714) P1 Winnings: 16.0
Choosing model 2
[0.16920186180617489, 0.021231697563711283, 0.8008849158839844, 0.005235875060410575, 0.0034456496857187833]
Games played: 115
Exploitability: P1=4.600000000 P2=0.173293481 EV: (0.15914862253399714, -0.15914862253399714) P1 Winnings: 3.0
Choosing model 0
[0.1548460979920369, 0.0270166436300655, 0.8110079531034892, 0.0046244298278060375, 0.0025048754466022605]
Games played: 116
Exploitability: P1=1.900000000 P2=0.173293481 EV: (-0.09047892895550468, 0.09047892895550468) P1 Winnings: 8.0
Choosing model 2
[0.15350309887175514, 0.02867521533865048, 0.8107312319803488, 0.004697070818593016, 0.0023933829906526813]
Games played: 117
Exploitability: P1=4.600000000 P2=0.173293481 EV: (0.15914862253399714, -0.15914862253399714) P1 Winnings: 13.0
Choosing model 2
[0.1535030310710989, 0.028675299423769805, 0.8107312176406759, 0.0046970745166736655, 0.002393377347781742]
Games played: 118
Exploitability: P1=4.600000000 P2=0.173293481 EV: (0.15914862253399714, -0.15914862253399714) P1 Winnings: 4.0
Choosing model 2
[0.19276138320122918, 0.028350539108017957, 0.7668687434362053, 0.007951189964044161, 0.00406814429050338]
Games played: 119
Exploitability: P1=4.600000000 P2=0.173293481 EV: (0.15914862253399714, -0.15914862253399714) P1 Winnings: -5.0
Choosing model 2
[0.16938741100887408, 0.034419823771120225, 0.7873876281248374, 0.006217916507492593, 0.002587220587675538]
Games played: 120
Exploitability: P1=4.600000000 P2=0.173293481 EV: (0.15914862253399714, -0.15914862253399714) P1 Winnings: 4.0
Choosing model 0
[0.17158626458073922, 0.028057966415917273, 0.7918046671383421, 0.005797008525714926, 0.002754093339286636]
Games played: 121
Exploitability: P1=1.900000000 P2=0.173293481 EV: (-0.09047892895550468, 0.09047892895550468) P1 Winnings: 5.0
Choosing model 0
[0.17823083604822115, 0.019596503883750078, 0.7935214967911388, 0.005385392323112289, 0.0032657709537778088]
Games played: 122
Exploitability: P1=1.900000000 P2=0.173293481 EV: (-0.09047892895550468, 0.09047892895550468) P1 Winnings: 5.0
Choosing model 2
[0.18140127858514982, 0.016159786575743396, 0.7937176583186352, 0.005186659958357248, 0.003534616562114304]
Games played: 123
Exploitability: P1=4.600000000 P2=0.173293481 EV: (0.15914862253399714, -0.15914862253399714) P1 Winnings: 4.0
Choosing model 0
[0.18288397887906602, 0.018645781065767003, 0.7894144727182166, 0.005700400959841998, 0.0033553663771085495]
Games played: 124
Exploitability: P1=1.900000000 P2=0.173293481 EV: (-0.09047892895550468, 0.09047892895550468) P1 Winnings: 4.0
Choosing model 2
[0.18684675116791846, 0.014744601613626732, 0.7892664041134346, 0.00543892886244221, 0.0037033142425779756]
Games played: 125
Exploitability: P1=4.600000000 P2=0.173293481 EV: (0.15914862253399714, -0.15914862253399714) P1 Winnings: 4.0
Choosing model 2
[0.1719798104356678, 0.01602752633858467, 0.8047253498955599, 0.0044989963004038154, 0.002768317029783916]
Games played: 126
Exploitability: P1=4.600000000 P2=0.173293481 EV: (0.15914862253399714, -0.15914862253399714) P1 Winnings: 9.0
Choosing model 2
[0.15080600311237521, 0.019417525656146083, 0.8245088088645297, 0.0035108191656739625, 0.0017568432012750454]
Games played: 127
Exploitability: P1=4.600000000 P2=0.173293481 EV: (0.15914862253399714, -0.15914862253399714) P1 Winnings: 18.0
Choosing model 2
[0.15080594036848127, 0.01941758309240329, 0.8245088154151228, 0.0035108220197892976, 0.0017568391042034114]
Games played: 128
Exploitability: P1=4.600000000 P2=0.173293481 EV: (0.15914862253399714, -0.15914862253399714) P1 Winnings: 9.0
Choosing model 0
[0.14380912947366717, 0.019117728623311774, 0.8325257751752849, 0.0030272040521914134, 0.0015201626755447387]
Games played: 129
Exploitability: P1=1.900000000 P2=0.173293481 EV: (-0.09047892895550468, 0.09047892895550468) P1 Winnings: 10.0
Choosing model 2
[0.1438091135871462, 0.01911774352619709, 0.8325257764496535, 0.003027204698593719, 0.0015201617384093605]
Games played: 130
Exploitability: P1=4.600000000 P2=0.173293481 EV: (0.15914862253399714, -0.15914862253399714) P1 Winnings: 9.0
Choosing model 1
[0.14525517767421656, 0.015539176605912966, 0.8347779758399563, 0.002814133295799156, 0.0016135365841151727]
Games played: 131
Exploitability: P1=2.800000000 P2=0.173293481 EV: (0.17329348123800473, -0.17329348123800473) P1 Winnings: 10.0
Choosing model 2
[0.14844484180624654, 0.01218445196212241, 0.8349068806957012, 0.0026849556551470045, 0.001778869880782851]
Games played: 132
Exploitability: P1=4.600000000 P2=0.173293481 EV: (0.15914862253399714, -0.15914862253399714) P1 Winnings: 11.0
Choosing model 2
[0.1592565908487242, 0.011582151934047494, 0.8240516046248884, 0.003032033503487445, 0.002077619088852527]
Games played: 133
Exploitability: P1=4.600000000 P2=0.173293481 EV: (0.15914862253399714, -0.15914862253399714) P1 Winnings: 2.0
Choosing model 2
[0.16186084622073066, 0.009078632513804237, 0.8239577064956918, 0.002835918347801731, 0.002266896421971479]
Games played: 134
Exploitability: P1=4.600000000 P2=0.173293481 EV: (0.15914862253399714, -0.15914862253399714) P1 Winnings: 5.0
Choosing model 2
[0.16038384301367567, 0.009315262553921698, 0.8252891790198924, 0.0028896492315742175, 0.002122066180936038]
Games played: 135
Exploitability: P1=4.600000000 P2=0.173293481 EV: (0.15914862253399714, -0.15914862253399714) P1 Winnings: 10.0
Choosing model 2
[0.16038378193317285, 0.009315290436153768, 0.8252892146413221, 0.0028896516824767145, 0.002122061306874594]
Games played: 136
Exploitability: P1=4.600000000 P2=0.173293481 EV: (0.15914862253399714, -0.15914862253399714) P1 Winnings: 1.0
Choosing model 2
[0.1675895327332813, 0.005836186321302009, 0.8213039868688544, 0.0025987423204787566, 0.0026715517560834726]
Games played: 137
Exploitability: P1=4.600000000 P2=0.173293481 EV: (0.15914862253399714, -0.15914862253399714) P1 Winnings: 2.0
Choosing model 2
[0.17289974415896991, 0.0040485423937079235, 0.8175074257999425, 0.0023978596675867285, 0.003146427979792949]
Games played: 138
Exploitability: P1=4.600000000 P2=0.173293481 EV: (0.15914862253399714, -0.15914862253399714) P1 Winnings: -3.0
Choosing model 2
[0.18501121182270194, 0.0038384275043586895, 0.8047842512205602, 0.0027007975757606015, 0.003665311876618556]
Games played: 139
Exploitability: P1=4.600000000 P2=0.173293481 EV: (0.15914862253399714, -0.15914862253399714) P1 Winnings: -12.0
Choosing model 2
[0.1877354823147372, 0.0031557393563198858, 0.8025603695488998, 0.002593301758219656, 0.003955107021823446]
Games played: 140
Exploitability: P1=4.600000000 P2=0.173293481 EV: (0.15914862253399714, -0.15914862253399714) P1 Winnings: -11.0
Choosing model 2
[0.1793562737600849, 0.0031127514771973398, 0.8118621544320479, 0.0022402069412608195, 0.0034286133894090294]
Games played: 141
Exploitability: P1=4.600000000 P2=0.173293481 EV: (0.15914862253399714, -0.15914862253399714) P1 Winnings: -10.0
Choosing model 2
[0.15027960836421456, 0.002063618012479959, 0.8441401794442952, 0.0011849595536385495, 0.0023316346253718207]
Games played: 142
Exploitability: P1=4.600000000 P2=0.173293481 EV: (0.15914862253399714, -0.15914862253399714) P1 Winnings: -9.0
Choosing model 2
[0.18962507777552992, 0.0020501012436895064, 0.8023268975146302, 0.0020155837340114853, 0.003982339732139032]
Games played: 143
Exploitability: P1=4.600000000 P2=0.173293481 EV: (0.15914862253399714, -0.15914862253399714) P1 Winnings: -18.0
Choosing model 2
[0.18116097795912045, 0.0020221683353018644, 0.8116234996374405, 0.0017411436514027105, 0.003452210416734474]
Games played: 144
Exploitability: P1=4.600000000 P2=0.173293481 EV: (0.15914862253399714, -0.15914862253399714) P1 Winnings: -17.0
Choosing model 2
[0.1667420807424413, 0.00258791145097594, 0.8265993202630548, 0.0015466389901590703, 0.0025240485533688734]
Games played: 145
Exploitability: P1=4.600000000 P2=0.173293481 EV: (0.15914862253399714, -0.15914862253399714) P1 Winnings: -12.0
Choosing model 2
[0.1667420213362316, 0.0025879192606219075, 0.8265993762451752, 0.0015466403399566593, 0.002524042818014632]
Games played: 146
Exploitability: P1=4.600000000 P2=0.173293481 EV: (0.15914862253399714, -0.15914862253399714) P1 Winnings: -21.0
Choosing model 2
[0.20065213728222803, 0.002868431066225161, 0.7903312749516965, 0.0024844541170041742, 0.003663702582846075]
Games played: 147
Exploitability: P1=4.600000000 P2=0.173293481 EV: (0.15914862253399714, -0.15914862253399714) P1 Winnings: -8.0
Choosing model 2
[0.21416697563434603, 0.002712714478558577, 0.7760718800748596, 0.0027912855639529994, 0.00425714424828284]
Games played: 148
Exploitability: P1=4.600000000 P2=0.173293481 EV: (0.15914862253399714, -0.15914862253399714) P1 Winnings: -17.0
Choosing model 2
[0.2642710190255862, 0.0026354294981915842, 0.7213400496567712, 0.004643045138737692, 0.007110456680713275]
Games played: 149
Exploitability: P1=4.600000000 P2=0.173293481 EV: (0.15914862253399714, -0.15914862253399714) P1 Winnings: -26.0
Choosing model 2
[0.21114679658453292, 0.0027985210232725536, 0.7797406127411397, 0.0026032218370884196, 0.003710847813966355]
Games played: 150
Exploitability: P1=4.600000000 P2=0.173293481 EV: (0.15914862253399714, -0.15914862253399714) P1 Winnings: -21.0
Choosing model 2
[0.21114672560899295, 0.002798529524826274, 0.7797406812481954, 0.0026032241614076888, 0.0037108394565777106]
Games played: 151
Exploitability: P1=4.600000000 P2=0.173293481 EV: (0.15914862253399714, -0.15914862253399714) P1 Winnings: -30.0
Choosing model 0
[0.21397285135587932, 0.002187212623066899, 0.7773751167616982, 0.0024277346910780385, 0.0040370845682774]
Games played: 152
Exploitability: P1=1.900000000 P2=0.173293481 EV: (-0.09047892895550468, 0.09047892895550468) P1 Winnings: -27.0
Choosing model 2
[0.20471699861493162, 0.002160525254950032, 0.7875175543213182, 0.002100203268690538, 0.0035047185401095317]
Games played: 153
Exploitability: P1=4.600000000 P2=0.173293481 EV: (0.15914862253399714, -0.15914862253399714) P1 Winnings: -26.0
Choosing model 2
[0.2075970132061646, 0.0017751130261939212, 0.7848331973855129, 0.002015307075351691, 0.003779369306776741]
Games played: 154
Exploitability: P1=4.600000000 P2=0.173293481 EV: (0.15914862253399714, -0.15914862253399714) P1 Winnings: -25.0
Choosing model 2
[0.20977151200967065, 0.002052868167985662, 0.7823597449106798, 0.00221997941626274, 0.003595895495401248]
Games played: 155
Exploitability: P1=4.600000000 P2=0.173293481 EV: (0.15914862253399714, -0.15914862253399714) P1 Winnings: -25.0
Choosing model 2
[0.1731250511376694, 0.0024773285915330656, 0.8209852517927537, 0.0014718559133359368, 0.0019405125647077733]
Games played: 156
Exploitability: P1=4.600000000 P2=0.173293481 EV: (0.15914862253399714, -0.15914862253399714) P1 Winnings: -20.0
Choosing model 2
[0.1711843613068752, 0.0026134183126239278, 0.8228945772700513, 0.0014696533578802174, 0.001837989752569349]
Games played: 157
Exploitability: P1=4.600000000 P2=0.173293481 EV: (0.15914862253399714, -0.15914862253399714) P1 Winnings: -15.0
Choosing model 2
[0.16331253002591428, 0.0025741714069110323, 0.8312544765519536, 0.0012677546307950142, 0.0015910673844261578]
Games played: 158
Exploitability: P1=4.600000000 P2=0.173293481 EV: (0.15914862253399714, -0.15914862253399714) P1 Winnings: -14.0
Choosing model 2
[0.1498849601926944, 0.0027900857654283746, 0.8450933755893109, 0.0010456445976802248, 0.001185933854886239]
Games played: 159
Exploitability: P1=4.600000000 P2=0.173293481 EV: (0.15914862253399714, -0.15914862253399714) P1 Winnings: -9.0
Choosing model 2
[0.1428000544513533, 0.0027444857583103907, 0.8525294497175842, 0.0009007811477795167, 0.0010252289249724797]
Games played: 160
Exploitability: P1=4.600000000 P2=0.173293481 EV: (0.15914862253399714, -0.15914862253399714) P1 Winnings: -8.0
Choosing model 2
[0.14113195452203672, 0.002893870597943003, 0.8541045706925185, 0.0008990041851647294, 0.0009706000023370057]
Games played: 161
Exploitability: P1=4.600000000 P2=0.173293481 EV: (0.15914862253399714, -0.15914862253399714) P1 Winnings: -3.0
Choosing model 2
[0.10841408570624068, 0.0029544842316013282, 0.8876598028248314, 0.0004846133617874553, 0.00048701387553915215]
Games played: 162
Exploitability: P1=4.600000000 P2=0.173293481 EV: (0.15914862253399714, -0.15914862253399714) P1 Winnings: 2.0
Choosing model 2
[0.09891636396759501, 0.0031835058346868675, 0.8971418912657063, 0.00039736367091032737, 0.0003608752611016154]
Games played: 163
Exploitability: P1=4.600000000 P2=0.173293481 EV: (0.15914862253399714, -0.15914862253399714) P1 Winnings: 7.0
Choosing model 2
[0.10660106558693812, 0.003039834967069464, 0.8894849492763527, 0.0004507607950865228, 0.0004233893745532997]
Games played: 164
Exploitability: P1=4.600000000 P2=0.173293481 EV: (0.15914862253399714, -0.15914862253399714) P1 Winnings: -2.0
Choosing model 2
[0.10578791780134927, 0.0032298546291316546, 0.8901189327155633, 0.0004583241077076551, 0.00040497074624812996]
Games played: 165
Exploitability: P1=4.600000000 P2=0.173293481 EV: (0.15914862253399714, -0.15914862253399714) P1 Winnings: -15.0
Choosing model 2
[0.10750287236624305, 0.002659294550439516, 0.8889594767860768, 0.0004407267442230962, 0.0004376295530174985]
Games played: 166
Exploitability: P1=4.600000000 P2=0.173293481 EV: (0.15914862253399714, -0.15914862253399714) P1 Winnings: -14.0
Choosing model 2
[0.10750283091355142, 0.0026593024975301778, 0.8889595109272145, 0.00044072711593620033, 0.0004376285457677138]
Games played: 167
Exploitability: P1=4.600000000 P2=0.173293481 EV: (0.15914862253399714, -0.15914862253399714) P1 Winnings: -23.0
Choosing model 0
[0.09343345055874865, 0.0031932759715739547, 0.9027571182529478, 0.00034088188220933663, 0.0002752733345202017]
Games played: 168
Exploitability: P1=1.900000000 P2=0.173293481 EV: (-0.09047892895550468, 0.09047892895550468) P1 Winnings: -14.0
Choosing model 2
[0.09270923878461088, 0.003392466229605532, 0.9032884709698427, 0.00034655852217314745, 0.0002632654937678044]
Games played: 169
Exploitability: P1=4.600000000 P2=0.173293481 EV: (0.15914862253399714, -0.15914862253399714) P1 Winnings: -15.0
Choosing model 0
[0.0844472116389975, 0.0036493824028440195, 0.9114249571298739, 0.0002836933948810343, 0.00019475543340356866]
Games played: 170
Exploitability: P1=1.900000000 P2=0.173293481 EV: (-0.09047892895550468, 0.09047892895550468) P1 Winnings: -10.0
Choosing model 0
[0.08378379160219039, 0.0038766136667441903, 0.9118649673387254, 0.00028838718448539606, 0.00018624020785457684]
Games played: 171
Exploitability: P1=1.900000000 P2=0.173293481 EV: (-0.09047892895550468, 0.09047892895550468) P1 Winnings: -11.0
Choosing model 0
[0.08552528753015658, 0.003036208301238801, 0.9109585829910021, 0.0002748333635571694, 0.00020508781404524333]
Games played: 172
Exploitability: P1=1.900000000 P2=0.173293481 EV: (-0.09047892895550468, 0.09047892895550468) P1 Winnings: -10.0
Choosing model 2
[0.08236867300197678, 0.004230683968675519, 0.9129344347198328, 0.0002981745843182361, 0.00016803372519658594]
Games played: 173
Exploitability: P1=4.600000000 P2=0.173293481 EV: (0.15914862253399714, -0.15914862253399714) P1 Winnings: -11.0
Choosing model 2
[0.0840918878413591, 0.00334306935124269, 0.9120954303944233, 0.0002842894794256017, 0.00018532293354938588]
Games played: 174
Exploitability: P1=4.600000000 P2=0.173293481 EV: (0.15914862253399714, -0.15914862253399714) P1 Winnings: -14.0
Choosing model 2
[0.0813049710712473, 0.004467485533878951, 0.9137670967860592, 0.00030559247035257805, 0.0001548541384619571]
Games played: 175
Exploitability: P1=4.600000000 P2=0.173293481 EV: (0.15914862253399714, -0.15914862253399714) P1 Winnings: -23.0
Choosing model 2
[0.06504207548538701, 0.005225761617038743, 0.9294547692420267, 0.00019639158895821943, 8.100206658952038e-05]
Games played: 176
Exploitability: P1=4.600000000 P2=0.173293481 EV: (0.15914862253399714, -0.15914862253399714) P1 Winnings: -18.0
Choosing model 2
[0.05614298200603272, 0.006232135745587545, 0.9374234190754803, 0.00015086053019170266, 5.060264270781484e-05]
Games played: 177
Exploitability: P1=4.600000000 P2=0.173293481 EV: (0.15914862253399714, -0.15914862253399714) P1 Winnings: -9.0
Choosing model 2
[0.0607410270985448, 0.005974127865023226, 0.9330534431560557, 0.0001718014638365825, 5.960041653970788e-05]
Games played: 178
Exploitability: P1=4.600000000 P2=0.173293481 EV: (0.15914862253399714, -0.15914862253399714) P1 Winnings: -18.0
Choosing model 2
[0.05514060426929791, 0.00640479811315062, 0.938270495597957, 0.00014016080789148858, 4.394121170298921e-05]
Games played: 179
Exploitability: P1=4.600000000 P2=0.173293481 EV: (0.15914862253399714, -0.15914862253399714) P1 Winnings: -13.0
Choosing model 2
[0.05224579673462482, 0.006265538343516102, 0.9413308064914867, 0.00012008017210169215, 3.777825827065235e-05]
Games played: 180
Exploitability: P1=4.600000000 P2=0.173293481 EV: (0.15914862253399714, -0.15914862253399714) P1 Winnings: -12.0
Choosing model 2
[0.04737961009867215, 0.00790041790497695, 0.9445876616315252, 0.0001050957655836679, 2.7214599241983963e-05]
Games played: 181
Exploitability: P1=4.600000000 P2=0.173293481 EV: (0.15914862253399714, -0.15914862253399714) P1 Winnings: -7.0
Choosing model 2
[0.04737958985620419, 0.007900441185743063, 0.9445876585727354, 0.00010509584984582339, 2.7214535471441548e-05]
Games played: 182
Exploitability: P1=4.600000000 P2=0.173293481 EV: (0.15914862253399714, -0.15914862253399714) P1 Winnings: -16.0
Choosing model 2
[0.06544781226537731, 0.010019883613233915, 0.9242399234092297, 0.0002385704819971378, 5.381023016213236e-05]
Games played: 183
Exploitability: P1=4.600000000 P2=0.173293481 EV: (0.15914862253399714, -0.15914862253399714) P1 Winnings: -5.0
Choosing model 2
[0.06309555291470124, 0.01335122347303825, 0.9232526854949212, 0.00025570498123020146, 4.4833136109069805e-05]
Games played: 184
Exploitability: P1=4.600000000 P2=0.173293481 EV: (0.15914862253399714, -0.15914862253399714) P1 Winnings: -14.0
Choosing model 2
[0.08200023455354045, 0.013661163563749008, 0.9038117560158931, 0.0004479784608452343, 7.886740597207463e-05]
Games played: 185
Exploitability: P1=4.600000000 P2=0.173293481 EV: (0.15914862253399714, -0.15914862253399714) P1 Winnings: -23.0
Choosing model 2
[0.07782992084614032, 0.013387278467420917, 0.9083304152616717, 0.00038446207150843824, 6.792335325870309e-05]
Games played: 186
Exploitability: P1=4.600000000 P2=0.173293481 EV: (0.15914862253399714, -0.15914862253399714) P1 Winnings: -22.0
Choosing model 2
[0.10493693780965274, 0.012423842921465275, 0.8817976640155506, 0.0007030584554882031, 0.0001384967978431265]
Games played: 187
Exploitability: P1=4.600000000 P2=0.173293481 EV: (0.15914862253399714, -0.15914862253399714) P1 Winnings: -33.0
Choosing model 2
[0.10493689411382857, 0.012423879666420022, 0.8817976707181424, 0.0007030590267968483, 0.00013849647481204954]
Games played: 188
Exploitability: P1=4.600000000 P2=0.173293481 EV: (0.15914862253399714, -0.15914862253399714) P1 Winnings: -42.0
Choosing model 2
[0.10100175962797413, 0.0168251425960293, 0.8813017613564545, 0.0007571101632999485, 0.00011422625624213385]
Games played: 189
Exploitability: P1=4.600000000 P2=0.173293481 EV: (0.15914862253399714, -0.15914862253399714) P1 Winnings: -42.0
Choosing model 2
[0.10289663961477417, 0.013887704721563702, 0.8823620404380779, 0.0007298675114336028, 0.00012374771415066637]
Games played: 190
Exploitability: P1=4.600000000 P2=0.173293481 EV: (0.15914862253399714, -0.15914862253399714) P1 Winnings: -41.0
Choosing model 2
[0.09778295515961558, 0.013625911137106424, 0.8878572784097384, 0.000627149200428207, 0.00010670609311132839]
Games played: 191
Exploitability: P1=4.600000000 P2=0.173293481 EV: (0.15914862253399714, -0.15914862253399714) P1 Winnings: -40.0
Choosing model 2
[0.09652171477715686, 0.014349889795739274, 0.8884023582295825, 0.0006251412915675181, 0.00010089590595393275]
Games played: 192
Exploitability: P1=4.600000000 P2=0.173293481 EV: (0.15914862253399714, -0.15914862253399714) P1 Winnings: -35.0
Choosing model 2
[0.09570887909664602, 0.015234710757104638, 0.8883248582467109, 0.0006351223984352842, 9.642950110330141e-05]
Games played: 193
Exploitability: P1=4.600000000 P2=0.173293481 EV: (0.15914862253399714, -0.15914862253399714) P1 Winnings: -48.0
Choosing model 2
[0.11206121871398515, 0.009409086160215714, 0.8776727865251808, 0.0007041800328255573, 0.00015272856779281055]
Games played: 194
Exploitability: P1=4.600000000 P2=0.173293481 EV: (0.15914862253399714, -0.15914862253399714) P1 Winnings: -53.0
Choosing model 2
[0.11206117339036431, 0.0094091141010858, 0.8776728036816996, 0.0007041806134582255, 0.00015272821339203148]
Games played: 195
Exploitability: P1=4.600000000 P2=0.173293481 EV: (0.15914862253399714, -0.15914862253399714) P1 Winnings: -62.0
Choosing model 0
[0.1367938583415602, 0.01057925621225045, 0.8512545407676071, 0.0011474622775451036, 0.00022488240103716447]
Games played: 196
Exploitability: P1=1.900000000 P2=0.173293481 EV: (-0.09047892895550468, 0.09047892895550468) P1 Winnings: -49.0
Choosing model 2
[0.13746501086444077, 0.009459276163756804, 0.8517171668079788, 0.0011322107255490577, 0.0002263354382746603]
Games played: 197
Exploitability: P1=4.600000000 P2=0.173293481 EV: (0.15914862253399714, -0.15914862253399714) P1 Winnings: -54.0
Choosing model 2
[0.1257332966934102, 0.010217804251019407, 0.8629500994593968, 0.0009306700523888377, 0.00016812954378455912]
Games played: 198
Exploitability: P1=4.600000000 P2=0.173293481 EV: (0.15914862253399714, -0.15914862253399714) P1 Winnings: -49.0
Choosing model 2
[0.12473641425817476, 0.010853229267844424, 0.8633035906267095, 0.0009459991234324719, 0.00016076672383893387]
Games played: 199
Exploitability: P1=4.600000000 P2=0.173293481 EV: (0.15914862253399714, -0.15914862253399714) P1 Winnings: -62.0
Choosing model 2
[0.12912876530646508, 0.007554588316819685, 0.8622507978275118, 0.0008758577160196666, 0.0001899908331837124]
Games played: 200
Exploitability: P1=4.600000000 P2=0.173293481 EV: (0.15914862253399714, -0.15914862253399714) P1 Winnings: -67.0
