Player 1 exploitability: 0.0767998750925
Choosing model 1
[0.2041817148133955, 0.18434566710349, 0.2025500203494287, 0.1989909655290799, 0.20993163220460587]
Games played: 1
Exploitability: P1=2.800000000 P2=-0.008852139 EV: (-0.029199723023026564, 0.029199723023026564) P1 Winnings: -3
Choosing model 1
[0.21177580542657995, 0.15491443881098368, 0.20646275241687229, 0.19530149101789634, 0.23154551232766757]
Games played: 2
Exploitability: P1=2.800000000 P2=-0.008852139 EV: (-0.029199723023026564, 0.029199723023026564) P1 Winnings: -2.0
Choosing model 3
[0.2117757193168072, 0.15491489850540718, 0.20646275600801964, 0.19530165163333316, 0.23154497453643277]
Games played: 3
Exploitability: P1=1.933333333 P2=-0.008852139 EV: (-0.11590886085344705, 0.11590886085344705) P1 Winnings: -11.0
Choosing model 3
[0.21675595425088182, 0.16370470800887205, 0.22375408235230426, 0.18074473735875768, 0.21504051802918406]
Games played: 4
Exploitability: P1=1.933333333 P2=-0.008852139 EV: (-0.11590886085344705, 0.11590886085344705) P1 Winnings: -10.0
Choosing model 1
[0.22089782620262519, 0.1722481980439609, 0.24144918849864375, 0.16655241758818076, 0.19885236966658942]
Games played: 5
Exploitability: P1=2.800000000 P2=-0.008852139 EV: (-0.029199723023026564, 0.029199723023026564) P1 Winnings: -9.0
Choosing model 4
[0.22848181653870633, 0.14434919180894468, 0.24543465097078115, 0.16301360292770928, 0.2187207377538587]
Games played: 6
Exploitability: P1=2.600000000 P2=-0.008852139 EV: (-0.10393918110773738, 0.10393918110773738) P1 Winnings: -8.0
Choosing model 0
[0.22848179232506324, 0.1443493153755392, 0.2454346546581863, 0.163013642707005, 0.2187205949342063]
Games played: 7
Exploitability: P1=1.900000000 P2=-0.008852139 EV: (-0.08647224178836996, 0.08647224178836996) P1 Winnings: -11.0
Choosing model 4
[0.228481769910186, 0.14434942968549544, 0.24543465806890716, 0.16301367953130821, 0.21872046280410323]
Games played: 8
Exploitability: P1=2.600000000 P2=-0.008852139 EV: (-0.10393918110773738, 0.10393918110773738) P1 Winnings: -12.0
Choosing model 4
[0.2361389350659488, 0.1144657680178048, 0.24824785482873746, 0.15728925656961923, 0.24385818551788982]
Games played: 9
Exploitability: P1=2.600000000 P2=-0.008852139 EV: (-0.10393918110773738, 0.10393918110773738) P1 Winnings: -12.0
Choosing model 0
[0.24079323251575785, 0.12051064616248967, 0.2680381165246097, 0.14502424411430506, 0.22563376068283772]
Games played: 10
Exploitability: P1=1.900000000 P2=-0.008852139 EV: (-0.08647224178836996, 0.08647224178836996) P1 Winnings: -11.0
Choosing model 0
[0.23931423639990165, 0.12823545757505803, 0.2686307557040974, 0.14767837502868025, 0.21614117529226273]
Games played: 11
Exploitability: P1=1.900000000 P2=-0.008852139 EV: (-0.08647224178836996, 0.08647224178836996) P1 Winnings: -12.0
Choosing model 1
[0.24499767011057025, 0.10636556921488452, 0.2702707207347287, 0.14306165809847024, 0.2353043818413463]
Games played: 12
Exploitability: P1=2.800000000 P2=-0.008852139 EV: (-0.029199723023026564, 0.029199723023026564) P1 Winnings: -13.0
Choosing model 3
[0.2495019948968906, 0.08724718902737981, 0.27037631314029914, 0.13766576815698828, 0.2552087347784422]
Games played: 13
Exploitability: P1=1.933333333 P2=-0.008852139 EV: (-0.11590886085344705, 0.11590886085344705) P1 Winnings: -12.0
Choosing model 0
[0.2512480548893145, 0.0793224677509963, 0.27009265363451657, 0.13510491875239655, 0.2642319049727761]
Games played: 14
Exploitability: P1=1.900000000 P2=-0.008852139 EV: (-0.08647224178836996, 0.08647224178836996) P1 Winnings: -9.0
Choosing model 4
[0.25083491786403606, 0.08478908613157361, 0.2719148805166088, 0.13820013966550887, 0.25426097582227264]
Games played: 15
Exploitability: P1=2.600000000 P2=-0.008852139 EV: (-0.10393918110773738, 0.10393918110773738) P1 Winnings: -10.0
Choosing model 3
[0.25689032481087193, 0.10107116861616838, 0.32201900201828826, 0.11685025794102466, 0.20316924661364685]
Games played: 16
Exploitability: P1=1.933333333 P2=-0.008852139 EV: (-0.11590886085344705, 0.11590886085344705) P1 Winnings: -7.0
Choosing model 1
[0.25890455683905084, 0.105170114209424, 0.34364325399251083, 0.10648452453219892, 0.18579755042681545]
Games played: 17
Exploitability: P1=2.800000000 P2=-0.008852139 EV: (-0.029199723023026564, 0.029199723023026564) P1 Winnings: -6.0
Choosing model 2
[0.2634911474761434, 0.09483521523550656, 0.3217497535962813, 0.11407156652833336, 0.2058523171637354]
Games played: 18
Exploitability: P1=4.600000000 P2=-0.008852139 EV: (-0.009008344265211798, 0.009008344265211798) P1 Winnings: 3.0
Choosing model 2
[0.2679446576032611, 0.0781354703851492, 0.3215489849654033, 0.10976639699294916, 0.22260449005323732]
Games played: 19
Exploitability: P1=4.600000000 P2=-0.008852139 EV: (-0.009008344265211798, 0.009008344265211798) P1 Winnings: 2.0
Choosing model 2
[0.26906343157600743, 0.09266150440405295, 0.3576752322035723, 0.09905794769489937, 0.18154188412146802]
Games played: 20
Exploitability: P1=4.600000000 P2=-0.008852139 EV: (-0.009008344265211798, 0.009008344265211798) P1 Winnings: 7.0
Choosing model 2
[0.2738732871428905, 0.07641767374878801, 0.3577946082901866, 0.09541068809263281, 0.1965037427255019]
Games played: 21
Exploitability: P1=4.600000000 P2=-0.008852139 EV: (-0.009008344265211798, 0.009008344265211798) P1 Winnings: 8.0
Choosing model 2
[0.2655358213043731, 0.10719604491586458, 0.3609779416891063, 0.10420873374770866, 0.1620814583429475]
Games played: 22
Exploitability: P1=4.600000000 P2=-0.008852139 EV: (-0.009008344265211798, 0.009008344265211798) P1 Winnings: -1.0
Choosing model 4
[0.26560800304737514, 0.11070568258771843, 0.38232533782122147, 0.09425123141436352, 0.14710974512932146]
Games played: 23
Exploitability: P1=2.600000000 P2=-0.008852139 EV: (-0.10393918110773738, 0.10393918110773738) P1 Winnings: 0.0
Choosing model 0
[0.25177526139105383, 0.1518285023022698, 0.37711899666161836, 0.10064508592861832, 0.11863215371643974]
Games played: 24
Exploitability: P1=1.900000000 P2=-0.008852139 EV: (-0.08647224178836996, 0.08647224178836996) P1 Winnings: -1.0
Choosing model 4
[0.26042142497638965, 0.12723788221528415, 0.38334693170765916, 0.09850741777033672, 0.13048634333033038]
Games played: 25
Exploitability: P1=2.600000000 P2=-0.008852139 EV: (-0.10393918110773738, 0.10393918110773738) P1 Winnings: 0.0
Choosing model 3
[0.26930610580558156, 0.10184236926236694, 0.38794496910110426, 0.09513416459053772, 0.1457723912404095]
Games played: 26
Exploitability: P1=1.933333333 P2=-0.008852139 EV: (-0.11590886085344705, 0.11590886085344705) P1 Winnings: 3.0
Choosing model 3
[0.269306079286108, 0.10184245720614865, 0.3879449778402903, 0.09513418851937602, 0.14577229714807693]
Games played: 27
Exploitability: P1=1.933333333 P2=-0.008852139 EV: (-0.11590886085344705, 0.11590886085344705) P1 Winnings: 0.0
Choosing model 3
[0.26836109159441196, 0.10477927127902661, 0.4093340789650926, 0.08571856358238741, 0.13180699457908132]
Games played: 28
Exploitability: P1=1.933333333 P2=-0.008852139 EV: (-0.11590886085344705, 0.11590886085344705) P1 Winnings: 1.0
Choosing model 0
[0.24461293552047725, 0.1396511099174525, 0.4744093347648497, 0.06276791428926559, 0.07855870550795498]
Games played: 29
Exploitability: P1=1.900000000 P2=-0.008852139 EV: (-0.08647224178836996, 0.08647224178836996) P1 Winnings: 6.0
Choosing model 0
[0.24157840946554868, 0.1476663508390974, 0.4724619546463491, 0.06351384902436917, 0.07477943602463569]
Games played: 30
Exploitability: P1=1.900000000 P2=-0.008852139 EV: (-0.08647224178836996, 0.08647224178836996) P1 Winnings: 5.0
Choosing model 4
[0.22326587920866958, 0.19745006310110735, 0.4543646248146199, 0.06612509584851581, 0.05879433702708742]
Games played: 31
Exploitability: P1=2.600000000 P2=-0.008852139 EV: (-0.10393918110773738, 0.10393918110773738) P1 Winnings: 4.0
Choosing model 4
[0.19607433338507135, 0.2748697348300746, 0.4195754099396083, 0.06746193322442412, 0.04201858862082167]
Games played: 32
Exploitability: P1=2.600000000 P2=-0.008852139 EV: (-0.10393918110773738, 0.10393918110773738) P1 Winnings: 1.0
Choosing model 0
[0.21176482900791163, 0.22777419288639417, 0.44348269778232763, 0.06802222451660334, 0.04895605580676313]
Games played: 33
Exploitability: P1=1.900000000 P2=-0.008852139 EV: (-0.08647224178836996, 0.08647224178836996) P1 Winnings: 1.0
Choosing model 0
[0.2076677588353225, 0.23915431068711726, 0.43855780368946984, 0.0683467882593381, 0.046273338528752254]
Games played: 34
Exploitability: P1=1.900000000 P2=-0.008852139 EV: (-0.08647224178836996, 0.08647224178836996) P1 Winnings: 0.0
Choosing model 1
[0.2223209954487081, 0.1964418990245697, 0.4594855033348737, 0.06831065927325179, 0.05344094291859666]
Games played: 35
Exploitability: P1=2.800000000 P2=-0.008852139 EV: (-0.029199723023026564, 0.029199723023026564) P1 Winnings: 1.0
Choosing model 2
[0.2367202023677077, 0.1847553044154446, 0.43513691491204914, 0.07976027625840988, 0.06362730204638847]
Games played: 36
Exploitability: P1=4.600000000 P2=-0.008852139 EV: (-0.009008344265211798, 0.009008344265211798) P1 Winnings: -6.0
Choosing model 0
[0.2481431391656145, 0.1715990261424643, 0.41964006209834237, 0.08800719379781477, 0.07261057879576388]
Games played: 37
Exploitability: P1=1.900000000 P2=-0.008852139 EV: (-0.08647224178836996, 0.08647224178836996) P1 Winnings: 3.0
Choosing model 4
[0.24814309164705978, 0.171599146005256, 0.41964002873849177, 0.0880072054591239, 0.07261052815006848]
Games played: 38
Exploitability: P1=2.600000000 P2=-0.008852139 EV: (-0.10393918110773738, 0.10393918110773738) P1 Winnings: 2.0
Choosing model 1
[0.2532632531020538, 0.15812524146443993, 0.4248761415686633, 0.08753963577380613, 0.0761957280910368]
Games played: 39
Exploitability: P1=2.800000000 P2=-0.008852139 EV: (-0.029199723023026564, 0.029199723023026564) P1 Winnings: -1.0
Choosing model 2
[0.2630500988205046, 0.13306597279850724, 0.43368907221144365, 0.08603674141678966, 0.08415811475275489]
Games played: 40
Exploitability: P1=4.600000000 P2=-0.008852139 EV: (-0.009008344265211798, 0.009008344265211798) P1 Winnings: -2.0
Choosing model 0
[0.27866365664684806, 0.0947831107528414, 0.4432621577957707, 0.08151525643408233, 0.10177581837045749]
Games played: 41
Exploitability: P1=1.900000000 P2=-0.008852139 EV: (-0.08647224178836996, 0.08647224178836996) P1 Winnings: -7.0
Choosing model 2
[0.2786636262962188, 0.09478318478667673, 0.4432621591633659, 0.08151527396684852, 0.10177575578688994]
Games played: 42
Exploitability: P1=4.600000000 P2=-0.008852139 EV: (-0.009008344265211798, 0.009008344265211798) P1 Winnings: -8.0
Choosing model 2
[0.27614505840161674, 0.10749739267866733, 0.4333326104047044, 0.08805992159349071, 0.09496501692152093]
Games played: 43
Exploitability: P1=4.600000000 P2=-0.008852139 EV: (-0.009008344265211798, 0.009008344265211798) P1 Winnings: -8.0
Choosing model 0
[0.27341359491310163, 0.11355386027610116, 0.4349194949360387, 0.08804537869440324, 0.09006767118035527]
Games played: 44
Exploitability: P1=1.900000000 P2=-0.008852139 EV: (-0.08647224178836996, 0.08647224178836996) P1 Winnings: -3.0
Choosing model 2
[0.274889501313468, 0.09823092754961982, 0.47357196635010657, 0.07184570402794821, 0.08146190075885751]
Games played: 45
Exploitability: P1=4.600000000 P2=-0.008852139 EV: (-0.009008344265211798, 0.009008344265211798) P1 Winnings: 0.0
Choosing model 2
[0.285772659619489, 0.09048190223898424, 0.4529315514557106, 0.07861907020615809, 0.09219481647965824]
Games played: 46
Exploitability: P1=4.600000000 P2=-0.008852139 EV: (-0.009008344265211798, 0.009008344265211798) P1 Winnings: -9.0
Choosing model 2
[0.2926071427177222, 0.07506291701840458, 0.4557710626070426, 0.07617366546773373, 0.10038521218909684]
Games played: 47
Exploitability: P1=4.600000000 P2=-0.008852139 EV: (-0.009008344265211798, 0.009008344265211798) P1 Winnings: -8.0
Choosing model 2
[0.29046341841614687, 0.07977933367230775, 0.45623456001464896, 0.07747532689501935, 0.09604736100187715]
Games played: 48
Exploitability: P1=4.600000000 P2=-0.008852139 EV: (-0.009008344265211798, 0.009008344265211798) P1 Winnings: -21.0
Choosing model 2
[0.2867015679564151, 0.08130217060428079, 0.4768273751336463, 0.06914597669436773, 0.08602290961128992]
Games played: 49
Exploitability: P1=4.600000000 P2=-0.008852139 EV: (-0.009008344265211798, 0.009008344265211798) P1 Winnings: -20.0
Choosing model 2
[0.2745216493228472, 0.10759780414988461, 0.4730858552733026, 0.0736092287124938, 0.07118546254147173]
Games played: 50
Exploitability: P1=4.600000000 P2=-0.008852139 EV: (-0.009008344265211798, 0.009008344265211798) P1 Winnings: -15.0
Choosing model 3
[0.2838643826118263, 0.08580735200366799, 0.48126068652510673, 0.07004576873982177, 0.07902181011957733]
Games played: 51
Exploitability: P1=1.933333333 P2=-0.008852139 EV: (-0.11590886085344705, 0.11590886085344705) P1 Winnings: -12.0
Choosing model 2
[0.2920334661923523, 0.06832643989952879, 0.4845189300773691, 0.0672979306856668, 0.0878232331450831]
Games played: 52
Exploitability: P1=4.600000000 P2=-0.008852139 EV: (-0.009008344265211798, 0.009008344265211798) P1 Winnings: -9.0
Choosing model 2
[0.3026963485370689, 0.06275008316145893, 0.46202914733991657, 0.07342447408328422, 0.09909994687827152]
Games played: 53
Exploitability: P1=4.600000000 P2=-0.008852139 EV: (-0.009008344265211798, 0.009008344265211798) P1 Winnings: -18.0
Choosing model 2
[0.3077506710171043, 0.051339577603121474, 0.4663256256720112, 0.06870531486566658, 0.10587881084209645]
Games played: 54
Exploitability: P1=4.600000000 P2=-0.008852139 EV: (-0.009008344265211798, 0.009008344265211798) P1 Winnings: -17.0
Choosing model 0
[0.30590431975351845, 0.05444525488489574, 0.46987307085299634, 0.06896398959571515, 0.10081336491287438]
Games played: 55
Exploitability: P1=1.900000000 P2=-0.008852139 EV: (-0.08647224178836996, 0.08647224178836996) P1 Winnings: -12.0
Choosing model 1
[0.30763996187500836, 0.050935272648078594, 0.47254947049902923, 0.06901806302806962, 0.09985723194981416]
Games played: 56
Exploitability: P1=2.800000000 P2=-0.008852139 EV: (-0.029199723023026564, 0.029199723023026564) P1 Winnings: -15.0
Choosing model 2
[0.3119458699237645, 0.04156246389592512, 0.47567667164048955, 0.06441053719406335, 0.10640445734575754]
Games played: 57
Exploitability: P1=4.600000000 P2=-0.008852139 EV: (-0.009008344265211798, 0.009008344265211798) P1 Winnings: -14.0
Choosing model 0
[0.3122013648680523, 0.04760652531526301, 0.46964654765439956, 0.0702740185374679, 0.1002715436248173]
Games played: 58
Exploitability: P1=1.900000000 P2=-0.008852139 EV: (-0.08647224178836996, 0.08647224178836996) P1 Winnings: -14.0
Choosing model 0
[0.3138216351876607, 0.044515989266830265, 0.47209435125865645, 0.07029527310755278, 0.09927275117929975]
Games played: 59
Exploitability: P1=1.900000000 P2=-0.008852139 EV: (-0.08647224178836996, 0.08647224178836996) P1 Winnings: -17.0
Choosing model 0
[0.3121813606617736, 0.047413123844728504, 0.4735739560678197, 0.07164769898395354, 0.09518386044172458]
Games played: 60
Exploitability: P1=1.900000000 P2=-0.008852139 EV: (-0.08647224178836996, 0.08647224178836996) P1 Winnings: -18.0
Choosing model 1
[0.3072327636977286, 0.05602646019329465, 0.4761154416691491, 0.07507521827357293, 0.08555011616625466]
Games played: 61
Exploitability: P1=2.800000000 P2=-0.008852139 EV: (-0.029199723023026564, 0.029199723023026564) P1 Winnings: -18.0
Choosing model 2
[0.312828341581039, 0.04594836431815002, 0.4762208497510272, 0.07223136272831711, 0.09277108162146672]
Games played: 62
Exploitability: P1=4.600000000 P2=-0.008852139 EV: (-0.009008344265211798, 0.009008344265211798) P1 Winnings: -17.0
Choosing model 3
[0.31710049677606905, 0.03748064404384455, 0.4792115939058141, 0.06738671749273001, 0.0988205477815423]
Games played: 63
Exploitability: P1=1.933333333 P2=-0.008852139 EV: (-0.11590886085344705, 0.11590886085344705) P1 Winnings: -16.0
Choosing model 2
[0.32784803430580933, 0.020187019097758198, 0.46793871727771563, 0.058238810865433394, 0.12578741845328334]
Games played: 64
Exploitability: P1=4.600000000 P2=-0.008852139 EV: (-0.009008344265211798, 0.009008344265211798) P1 Winnings: -19.0
Choosing model 0
[0.3278480024768674, 0.020187085249272985, 0.4679388702550926, 0.058238876787195845, 0.12578716523157113]
Games played: 65
Exploitability: P1=1.900000000 P2=-0.008852139 EV: (-0.08647224178836996, 0.08647224178836996) P1 Winnings: -28.0
Choosing model 0
[0.32711370323335653, 0.02156543712612914, 0.4708149409197222, 0.059537586122394216, 0.120968332598398]
Games played: 66
Exploitability: P1=1.900000000 P2=-0.008852139 EV: (-0.08647224178836996, 0.08647224178836996) P1 Winnings: -29.0
Choosing model 2
[0.3327131429050847, 0.011728457764915174, 0.4519657635668155, 0.05062948979469976, 0.15296314596848495]
Games played: 67
Exploitability: P1=4.600000000 P2=-0.008852139 EV: (-0.009008344265211798, 0.009008344265211798) P1 Winnings: -30.0
Choosing model 4
[0.33237085708357333, 0.012500144438737171, 0.45768132411108625, 0.05107424709536476, 0.14637342727123845]
Games played: 68
Exploitability: P1=2.600000000 P2=-0.008852139 EV: (-0.10393918110773738, 0.10393918110773738) P1 Winnings: -25.0
Choosing model 0
[0.3321400651269005, 0.013374323186786722, 0.4612075828940239, 0.05229405740158567, 0.14098397139070312]
Games played: 69
Exploitability: P1=1.900000000 P2=-0.008852139 EV: (-0.08647224178836996, 0.08647224178836996) P1 Winnings: -26.0
Choosing model 0
[0.3276523314379758, 0.02096297811421091, 0.479647744982682, 0.060301529113474125, 0.11143541635165716]
Games played: 70
Exploitability: P1=1.900000000 P2=-0.008852139 EV: (-0.08647224178836996, 0.08647224178836996) P1 Winnings: -31.0
Choosing model 0
[0.33461731107925574, 0.011152638123575333, 0.46264039625985004, 0.051478514115612925, 0.14011114042170594]
Games played: 71
Exploitability: P1=1.900000000 P2=-0.008852139 EV: (-0.08647224178836996, 0.08647224178836996) P1 Winnings: -34.0
Choosing model 0
[0.33432389697878545, 0.011930402033660463, 0.46611972882341, 0.05269835452570856, 0.13492761763843553]
Games played: 72
Exploitability: P1=1.900000000 P2=-0.008852139 EV: (-0.08647224178836996, 0.08647224178836996) P1 Winnings: -35.0
Choosing model 0
[0.3298508779595353, 0.010127764560270602, 0.4980658573622549, 0.04219912730018019, 0.11975637281775893]
Games played: 73
Exploitability: P1=1.900000000 P2=-0.008852139 EV: (-0.08647224178836996, 0.08647224178836996) P1 Winnings: -32.0
Choosing model 2
[0.3326280372810025, 0.006867155598875584, 0.4845831348577549, 0.03805903406673501, 0.137862638195632]
Games played: 74
Exploitability: P1=4.600000000 P2=-0.008852139 EV: (-0.009008344265211798, 0.009008344265211798) P1 Winnings: -32.0
Choosing model 2
[0.3336150855061479, 0.005580372421678951, 0.47764479421451506, 0.036120794424791304, 0.14703895343286677]
Games played: 75
Exploitability: P1=4.600000000 P2=-0.008852139 EV: (-0.009008344265211798, 0.009008344265211798) P1 Winnings: -31.0
Choosing model 3
[0.33361509083883156, 0.005580391339156208, 0.4776450043718102, 0.0361208393948416, 0.1470386740553605]
Games played: 76
Exploitability: P1=1.933333333 P2=-0.008852139 EV: (-0.11590886085344705, 0.11590886085344705) P1 Winnings: -40.0
Choosing model 2
[0.3490414096175229, 0.005691330572769788, 0.4320767249030557, 0.045538980491994584, 0.16765155441465707]
Games played: 77
Exploitability: P1=4.600000000 P2=-0.008852139 EV: (-0.009008344265211798, 0.009008344265211798) P1 Winnings: -31.0
Choosing model 2
[0.3490414315547855, 0.005691350133123358, 0.4320769352605077, 0.0455390393218074, 0.16765124372977602]
Games played: 78
Exploitability: P1=4.600000000 P2=-0.008852139 EV: (-0.009008344265211798, 0.009008344265211798) P1 Winnings: -40.0
Choosing model 0
[0.3484817438321595, 0.0034051154410707643, 0.4131365258852177, 0.039657064897260653, 0.19531954994429124]
Games played: 79
Exploitability: P1=1.900000000 P2=-0.008852139 EV: (-0.08647224178836996, 0.08647224178836996) P1 Winnings: -37.0
Choosing model 4
[0.34931050764830085, 0.003654449050649727, 0.4175996539608055, 0.040729044632487416, 0.18870634470775655]
Games played: 80
Exploitability: P1=2.600000000 P2=-0.008852139 EV: (-0.10393918110773738, 0.10393918110773738) P1 Winnings: -38.0
Choosing model 0
[0.35002876673982136, 0.003920779801846945, 0.42197540285127033, 0.04181656428077919, 0.18225848632628222]
Games played: 81
Exploitability: P1=1.900000000 P2=-0.008852139 EV: (-0.08647224178836996, 0.08647224178836996) P1 Winnings: -39.0
Choosing model 4
[0.3482001176256924, 0.002622525442520842, 0.4049977652007029, 0.03720374050701117, 0.2069758512240726]
Games played: 82
Exploitability: P1=2.600000000 P2=-0.008852139 EV: (-0.10393918110773738, 0.10393918110773738) P1 Winnings: -39.0
Choosing model 0
[0.3511107491042765, 0.003655018196959307, 0.42315557912548757, 0.04170812200860914, 0.1803705315646675]
Games played: 83
Exploitability: P1=1.900000000 P2=-0.008852139 EV: (-0.08647224178836996, 0.08647224178836996) P1 Winnings: -34.0
Choosing model 4
[0.3477721666715375, 0.0018859480537186763, 0.395855577796084, 0.03453296483465606, 0.21995334264400374]
Games played: 84
Exploitability: P1=2.600000000 P2=-0.008852139 EV: (-0.10393918110773738, 0.10393918110773738) P1 Winnings: -37.0
Choosing model 0
[0.35162684820038553, 0.0026355517891134012, 0.41472117290609894, 0.038818601934113205, 0.1921978251702888]
Games played: 85
Exploitability: P1=1.900000000 P2=-0.008852139 EV: (-0.08647224178836996, 0.08647224178836996) P1 Winnings: -32.0
Choosing model 2
[0.35244501813506535, 0.0028283904074949194, 0.41917992415893557, 0.03986587262585939, 0.18568079467264478]
Games played: 86
Exploitability: P1=4.600000000 P2=-0.008852139 EV: (-0.009008344265211798, 0.009008344265211798) P1 Winnings: -33.0
Choosing model 4
[0.3540415159180161, 0.003926963888451126, 0.43631037630831815, 0.044522845284019674, 0.161198298601195]
Games played: 87
Exploitability: P1=2.600000000 P2=-0.008852139 EV: (-0.10393918110773738, 0.10393918110773738) P1 Winnings: -28.0
Choosing model 0
[0.3541997612939432, 0.0031643847806099076, 0.42879250726255835, 0.04208890462676886, 0.17175444203611967]
Games played: 88
Exploitability: P1=1.900000000 P2=-0.008852139 EV: (-0.08647224178836996, 0.08647224178836996) P1 Winnings: -28.0
Choosing model 4
[0.3515742962784046, 0.001636242339534916, 0.4019777747175527, 0.03492199217338308, 0.20988969449112466]
Games played: 89
Exploitability: P1=2.600000000 P2=-0.008852139 EV: (-0.10393918110773738, 0.10393918110773738) P1 Winnings: -31.0
Choosing model 2
[0.3509946123351335, 0.0014748472672095165, 0.398107922241311, 0.0339780817671198, 0.2154445363892262]
Games played: 90
Exploitability: P1=4.600000000 P2=-0.008852139 EV: (-0.009008344265211798, 0.009008344265211798) P1 Winnings: -34.0
Choosing model 2
[0.34935490728907037, 0.001189358865564002, 0.389419006284251, 0.032002061784574314, 0.2280346657765403]
Games played: 91
Exploitability: P1=4.600000000 P2=-0.008852139 EV: (-0.009008344265211798, 0.009008344265211798) P1 Winnings: -33.0
Choosing model 0
[0.3507929695602807, 0.0012786609239502703, 0.39430845398077896, 0.0329241092654623, 0.2206958062695278]
Games played: 92
Exploitability: P1=1.900000000 P2=-0.008852139 EV: (-0.08647224178836996, 0.08647224178836996) P1 Winnings: -46.0
Choosing model 2
[0.35211836780751166, 0.0013742053827696268, 0.3991248847026118, 0.03386131891476763, 0.21352122319233924]
Games played: 93
Exploitability: P1=4.600000000 P2=-0.008852139 EV: (-0.009008344265211798, 0.009008344265211798) P1 Winnings: -47.0
Choosing model 2
[0.3484465779155887, 0.0007173139714204724, 0.33328367064572034, 0.03173032787633053, 0.28582210959094]
Games played: 94
Exploitability: P1=4.600000000 P2=-0.008852139 EV: (-0.009008344265211798, 0.009008344265211798) P1 Winnings: -52.0
Choosing model 0
[0.35587542107399533, 0.0008651922520670147, 0.3770578409518456, 0.029123709640716, 0.23707783608137614]
Games played: 95
Exploitability: P1=1.900000000 P2=-0.008852139 EV: (-0.08647224178836996, 0.08647224178836996) P1 Winnings: -47.0
Choosing model 2
[0.35677802345060566, 0.0008955417444777904, 0.40026024251959474, 0.026400470569271344, 0.2156657217160505]
Games played: 96
Exploitability: P1=4.600000000 P2=-0.008852139 EV: (-0.009008344265211798, 0.009008344265211798) P1 Winnings: -46.0
Choosing model 4
[0.3541052806716422, 0.0006117894724500012, 0.286035575493811, 0.03553874703832091, 0.3237086073237759]
Games played: 97
Exploitability: P1=2.600000000 P2=-0.008852139 EV: (-0.10393918110773738, 0.10393918110773738) P1 Winnings: -57.0
Choosing model 4
[0.36005807896387304, 0.0006422664968996921, 0.3079601942685348, 0.03267436401669683, 0.29866509625399573]
Games played: 98
Exploitability: P1=2.600000000 P2=-0.008852139 EV: (-0.10393918110773738, 0.10393918110773738) P1 Winnings: -56.0
Choosing model 4
[0.35577120116555216, 0.0005111540486995897, 0.2989168443532819, 0.03050675492762015, 0.31429404550484613]
Games played: 99
Exploitability: P1=2.600000000 P2=-0.008852139 EV: (-0.10393918110773738, 0.10393918110773738) P1 Winnings: -56.0
Choosing model 0
[0.35577124215581335, 0.0005111545625203977, 0.2989169122718134, 0.030506768326672703, 0.3142939226831802]
Games played: 100
Exploitability: P1=1.900000000 P2=-0.008852139 EV: (-0.08647224178836996, 0.08647224178836996) P1 Winnings: -57.0
Choosing model 0
[0.35180304946123275, 0.00040674962399463334, 0.2934319015342955, 0.027764037785166135, 0.326594261595311]
Games played: 101
Exploitability: P1=1.900000000 P2=-0.008852139 EV: (-0.08647224178836996, 0.08647224178836996) P1 Winnings: -56.0
Choosing model 4
[0.35180309274533217, 0.00040675003604702853, 0.29343197050114234, 0.02776405019668296, 0.32659413652079544]
Games played: 102
Exploitability: P1=2.600000000 P2=-0.008852139 EV: (-0.10393918110773738, 0.10393918110773738) P1 Winnings: -57.0
Choosing model 2
[0.3518031360294105, 0.0004067504480998105, 0.2934320394679833, 0.02776406260820324, 0.3265940114463032]
Games played: 103
Exploitability: P1=4.600000000 P2=-0.008852139 EV: (-0.009008344265211798, 0.009008344265211798) P1 Winnings: -58.0
Choosing model 4
[0.3551526760615761, 0.00043809123858915645, 0.3002808177045301, 0.028303741041029732, 0.3158246739542749]
Games played: 104
Exploitability: P1=2.600000000 P2=-0.008852139 EV: (-0.10393918110773738, 0.10393918110773738) P1 Winnings: -53.0
Choosing model 2
[0.3665844406532329, 0.000654236845535271, 0.3225224543864225, 0.03291064709115738, 0.2773282210236519]
Games played: 105
Exploitability: P1=4.600000000 P2=-0.008852139 EV: (-0.009008344265211798, 0.009008344265211798) P1 Winnings: -54.0
Choosing model 4
[0.37624069747947625, 0.000927711556914301, 0.3867747845092479, 0.030059366608962943, 0.20599743984539873]
Games played: 106
Exploitability: P1=2.600000000 P2=-0.008852139 EV: (-0.10393918110773738, 0.10393918110773738) P1 Winnings: -45.0
Choosing model 2
[0.3775209826098222, 0.0009966593457518215, 0.391352754676629, 0.030903465631839013, 0.19922613773595807]
Games played: 107
Exploitability: P1=4.600000000 P2=-0.008852139 EV: (-0.009008344265211798, 0.009008344265211798) P1 Winnings: -46.0
Choosing model 0
[0.37684923893860867, 0.0011749376827423453, 0.4327400523052628, 0.027723245819842684, 0.16151252525354337]
Games played: 108
Exploitability: P1=1.900000000 P2=-0.008852139 EV: (-0.08647224178836996, 0.08647224178836996) P1 Winnings: -41.0
Choosing model 2
[0.3773914712050128, 0.0012597887455869947, 0.4370050445598981, 0.02844595711768592, 0.15589773837181614]
Games played: 109
Exploitability: P1=4.600000000 P2=-0.008852139 EV: (-0.009008344265211798, 0.009008344265211798) P1 Winnings: -42.0
Choosing model 2
[0.37783512456162305, 0.0013504124026130606, 0.44119604350143715, 0.029179835593375558, 0.15043858394095122]
Games played: 110
Exploitability: P1=4.600000000 P2=-0.008852139 EV: (-0.009008344265211798, 0.009008344265211798) P1 Winnings: -55.0
Choosing model 2
[0.3720422943894292, 0.0018488767018606583, 0.48070812766571025, 0.027729792291285756, 0.11767090895171416]
Games played: 111
Exploitability: P1=4.600000000 P2=-0.008852139 EV: (-0.009008344265211798, 0.009008344265211798) P1 Winnings: -50.0
Choosing model 2
[0.3979074927656862, 0.0013610803269937578, 0.37018181722642907, 0.040224815527015, 0.19032479415387588]
Games played: 112
Exploitability: P1=4.600000000 P2=-0.008852139 EV: (-0.009008344265211798, 0.009008344265211798) P1 Winnings: -53.0
Choosing model 0
[0.39194846084456764, 0.0008038535079005476, 0.34727478474338463, 0.03410139852097081, 0.22587150238317644]
Games played: 113
Exploitability: P1=1.900000000 P2=-0.008852139 EV: (-0.08647224178836996, 0.08647224178836996) P1 Winnings: -53.0
Choosing model 4
[0.3816641673095229, 0.00040777333507527303, 0.3193829127014938, 0.027757934721382417, 0.27078721193252553]
Games played: 114
Exploitability: P1=2.600000000 P2=-0.008852139 EV: (-0.10393918110773738, 0.10393918110773738) P1 Winnings: -56.0
Choosing model 0
[0.39095685197348995, 0.0006043350170529784, 0.34043370258174394, 0.03203083307876086, 0.23597427734895235]
Games played: 115
Exploitability: P1=1.900000000 P2=-0.008852139 EV: (-0.08647224178836996, 0.08647224178836996) P1 Winnings: -57.0
Choosing model 0
[0.3878872394642038, 0.00047881105776190273, 0.33150044646870097, 0.029947995251396922, 0.2501855077579364]
Games played: 116
Exploitability: P1=1.900000000 P2=-0.008852139 EV: (-0.08647224178836996, 0.08647224178836996) P1 Winnings: -57.0
Choosing model 0
[0.387887270237894, 0.0004788115218919251, 0.33150050989697766, 0.029948007330542637, 0.2501854010126937]
Games played: 117
Exploitability: P1=1.900000000 P2=-0.008852139 EV: (-0.08647224178836996, 0.08647224178836996) P1 Winnings: -58.0
Choosing model 2
[0.3957602347598135, 0.0007068100491198738, 0.3519526654140848, 0.03442137396866878, 0.2171589158083131]
Games played: 118
Exploitability: P1=4.600000000 P2=-0.008852139 EV: (-0.009008344265211798, 0.009008344265211798) P1 Winnings: -59.0
Choosing model 0
[0.39824508087184846, 0.0008399675761266041, 0.392314783629705, 0.031128400769569457, 0.17747176715275056]
Games played: 119
Exploitability: P1=1.900000000 P2=-0.008852139 EV: (-0.08647224178836996, 0.08647224178836996) P1 Winnings: -54.0
Choosing model 2
[0.3954665190765203, 0.0005723139134027856, 0.3766778659529678, 0.027825583846407622, 0.19945771721070163]
Games played: 120
Exploitability: P1=4.600000000 P2=-0.008852139 EV: (-0.009008344265211798, 0.009008344265211798) P1 Winnings: -61.0
Choosing model 0
[0.3953110891730932, 0.0006756240824991635, 0.41709168080626596, 0.02499677056848516, 0.16192483536965646]
Games played: 121
Exploitability: P1=1.900000000 P2=-0.008852139 EV: (-0.08647224178836996, 0.08647224178836996) P1 Winnings: -56.0
Choosing model 2
[0.39681251112201366, 0.000981212283524305, 0.43566364072303493, 0.02826597088827069, 0.13827666498315644]
Games played: 122
Exploitability: P1=4.600000000 P2=-0.008852139 EV: (-0.009008344265211798, 0.009008344265211798) P1 Winnings: -65.0
Choosing model 0
[0.3962500911202565, 0.000788484488121754, 0.431880321439602, 0.0259779926213378, 0.14510311033068174]
Games played: 123
Exploitability: P1=1.900000000 P2=-0.008852139 EV: (-0.08647224178836996, 0.08647224178836996) P1 Winnings: -64.0
Choosing model 2
[0.39625009743370515, 0.0007884852024372945, 0.43188037669144136, 0.02597800145213166, 0.14510303922028459]
Games played: 124
Exploitability: P1=4.600000000 P2=-0.008852139 EV: (-0.009008344265211798, 0.009008344265211798) P1 Winnings: -65.0
Choosing model 0
[0.415524948774053, 0.0006509858544484564, 0.3411396946202788, 0.03672273850551414, 0.2059616322457056]
Games played: 125
Exploitability: P1=1.900000000 P2=-0.008852139 EV: (-0.08647224178836996, 0.08647224178836996) P1 Winnings: -65.0
Choosing model 2
[0.4170384790155094, 0.0006995343133686902, 0.3452599406985268, 0.03776296840839223, 0.1992390775642031]
Games played: 126
Exploitability: P1=4.600000000 P2=-0.008852139 EV: (-0.009008344265211798, 0.009008344265211798) P1 Winnings: -74.0
Choosing model 0
[0.4093331935740941, 0.0004116767798817734, 0.32274412376410777, 0.03190056088453093, 0.2356104449973853]
Games played: 127
Exploitability: P1=1.900000000 P2=-0.008852139 EV: (-0.08647224178836996, 0.08647224178836996) P1 Winnings: -79.0
Choosing model 4
[0.405978634086101, 0.00032605610384683486, 0.3141662034786491, 0.029815863469514373, 0.24971324286188862]
Games played: 128
Exploitability: P1=2.600000000 P2=-0.008852139 EV: (-0.10393918110773738, 0.10393918110773738) P1 Winnings: -79.0
Choosing model 0
[0.4014485611731799, 0.0002495523336944236, 0.3040148761792985, 0.027534183579199366, 0.2667528267346278]
Games played: 129
Exploitability: P1=1.900000000 P2=-0.008852139 EV: (-0.08647224178836996, 0.08647224178836996) P1 Winnings: -76.0
Choosing model 2
[0.40144859801984756, 0.00024955257870145183, 0.30401493813282354, 0.02753419502749896, 0.26675271624112845]
Games played: 130
Exploitability: P1=4.600000000 P2=-0.008852139 EV: (-0.009008344265211798, 0.009008344265211798) P1 Winnings: -77.0
Choosing model 2
[0.40114985024561567, 0.00022094781186465248, 0.2794831814144698, 0.028961006308809597, 0.2901850142192403]
Games played: 131
Exploitability: P1=4.600000000 P2=-0.008852139 EV: (-0.009008344265211798, 0.009008344265211798) P1 Winnings: -68.0
Choosing model 3
[0.3865284309214242, 0.00012773851544479377, 0.23291246685482112, 0.027235300265848177, 0.35319606344246185]
Games played: 132
Exploitability: P1=1.933333333 P2=-0.008852139 EV: (-0.11590886085344705, 0.11590886085344705) P1 Winnings: -68.0
Choosing model 2
[0.41309501706158314, 0.00019961791976824274, 0.31650217638084366, 0.023383182729103134, 0.24682000590870196]
Games played: 133
Exploitability: P1=4.600000000 P2=-0.008852139 EV: (-0.009008344265211798, 0.009008344265211798) P1 Winnings: -63.0
Choosing model 4
[0.40023064446426926, 0.00011595946839161577, 0.2920440780022597, 0.019498234451814506, 0.28811108361326476]
Games played: 134
Exploitability: P1=2.600000000 P2=-0.008852139 EV: (-0.10393918110773738, 0.10393918110773738) P1 Winnings: -63.0
Choosing model 2
[0.3953000987881125, 9.224888110784539e-05, 0.2833495731046273, 0.01819711387818343, 0.30306096534796884]
Games played: 135
Exploitability: P1=4.600000000 P2=-0.008852139 EV: (-0.009008344265211798, 0.009008344265211798) P1 Winnings: -62.0
Choosing model 0
[0.3932771894585106, 8.131747711093681e-05, 0.25934534848355684, 0.01905631498548188, 0.32823982959533965]
Games played: 136
Exploitability: P1=1.900000000 P2=-0.008852139 EV: (-0.08647224178836996, 0.08647224178836996) P1 Winnings: -71.0
Choosing model 0
[0.39327724089772675, 8.131756011967552e-05, 0.25934541145172024, 0.019056323652237448, 0.32823970643819583]
Games played: 137
Exploitability: P1=1.900000000 P2=-0.008852139 EV: (-0.08647224178836996, 0.08647224178836996) P1 Winnings: -72.0
Choosing model 0
[0.4126337520949176, 0.0001247554199239317, 0.3459871394328136, 0.01606230980085706, 0.22519204325148776]
Games played: 138
Exploitability: P1=1.900000000 P2=-0.008852139 EV: (-0.08647224178836996, 0.08647224178836996) P1 Winnings: -67.0
Choosing model 2
[0.41463603262355697, 0.00013422089370104597, 0.35058808870487784, 0.01653721309063057, 0.2181044446872335]
Games played: 139
Exploitability: P1=4.600000000 P2=-0.008852139 EV: (-0.009008344265211798, 0.009008344265211798) P1 Winnings: -62.0
Choosing model 4
[0.4163892473121971, 0.0001438049166081462, 0.3568899308311468, 0.016770276774908194, 0.20980674016513978]
Games played: 140
Exploitability: P1=2.600000000 P2=-0.008852139 EV: (-0.10393918110773738, 0.10393918110773738) P1 Winnings: -57.0
Choosing model 4
[0.41812968043280135, 0.00015461217086032235, 0.3613938053834394, 0.017254554767664975, 0.20306734724523404]
Games played: 141
Exploitability: P1=2.600000000 P2=-0.008852139 EV: (-0.10393918110773738, 0.10393918110773738) P1 Winnings: -58.0
Choosing model 0
[0.4177903162025928, 0.000159501276407669, 0.38235119651976274, 0.015588919143623323, 0.18411006685761355]
Games played: 142
Exploitability: P1=1.900000000 P2=-0.008852139 EV: (-0.08647224178836996, 0.08647224178836996) P1 Winnings: -57.0
Choosing model 2
[0.4154899734159425, 0.00012277470929011725, 0.37211165745239727, 0.014478256548367966, 0.19779733787400205]
Games played: 143
Exploitability: P1=4.600000000 P2=-0.008852139 EV: (-0.009008344265211798, 0.009008344265211798) P1 Winnings: -57.0
Choosing model 4
[0.41281248150776434, 0.00016853395440006433, 0.4319883167682568, 0.012801480542664334, 0.14222918722691447]
Games played: 144
Exploitability: P1=2.600000000 P2=-0.008852139 EV: (-0.10393918110773738, 0.10393918110773738) P1 Winnings: -48.0
Choosing model 2
[0.41330188336190216, 0.00018065934373225463, 0.43613554617010364, 0.013131876854931392, 0.13725003426933055]
Games played: 145
Exploitability: P1=4.600000000 P2=-0.008852139 EV: (-0.009008344265211798, 0.009008344265211798) P1 Winnings: -49.0
Choosing model 0
[0.3996467825894717, 0.0002413546049952239, 0.49276162025749576, 0.011300233010961213, 0.09605000953707615]
Games played: 146
Exploitability: P1=1.900000000 P2=-0.008852139 EV: (-0.08647224178836996, 0.08647224178836996) P1 Winnings: -40.0
Choosing model 2
[0.386528643870898, 0.0002756782434865771, 0.5279276236590658, 0.00982207177034427, 0.07544598245620537]
Games played: 147
Exploitability: P1=4.600000000 P2=-0.008852139 EV: (-0.009008344265211798, 0.009008344265211798) P1 Winnings: -35.0
Choosing model 2
[0.3884300152451325, 0.00022445697987347288, 0.5213811579206745, 0.00934000549766951, 0.0806243643566498]
Games played: 148
Exploitability: P1=4.600000000 P2=-0.008852139 EV: (-0.009008344265211798, 0.009008344265211798) P1 Winnings: -36.0
Choosing model 4
[0.38842998462676526, 0.00022445771950227846, 0.5213813378889552, 0.009340016240357117, 0.08062420352441997]
Games played: 149
Exploitability: P1=2.600000000 P2=-0.008852139 EV: (-0.10393918110773738, 0.10393918110773738) P1 Winnings: -45.0
Choosing model 0
[0.3907510858207116, 0.0001704870430627861, 0.5128542803089562, 0.008741064465012561, 0.08748308236225694]
Games played: 150
Exploitability: P1=1.900000000 P2=-0.008852139 EV: (-0.08647224178836996, 0.08647224178836996) P1 Winnings: -45.0
Choosing model 2
[0.3907510795073031, 0.0001704871920419809, 0.5128543294625075, 0.008741067155892786, 0.08748303668225459]
Games played: 151
Exploitability: P1=4.600000000 P2=-0.008852139 EV: (-0.009008344265211798, 0.009008344265211798) P1 Winnings: -46.0
Choosing model 0
[0.3826215116288902, 0.0001723590399991499, 0.5317378795849338, 0.007739243796245759, 0.077729005949931]
Games played: 152
Exploitability: P1=1.900000000 P2=-0.008852139 EV: (-0.08647224178836996, 0.08647224178836996) P1 Winnings: -45.0
Choosing model 2
[0.38484435270588874, 0.00013301306763173132, 0.5234158897277815, 0.007267302297879427, 0.08433944220081865]
Games played: 153
Exploitability: P1=4.600000000 P2=-0.008852139 EV: (-0.009008344265211798, 0.009008344265211798) P1 Winnings: -44.0
Choosing model 2
[0.3843742120061538, 0.00013756859078147313, 0.5284433648446798, 0.007464056998196055, 0.07958079756018889]
Games played: 154
Exploitability: P1=4.600000000 P2=-0.008852139 EV: (-0.009008344265211798, 0.009008344265211798) P1 Winnings: -39.0
Choosing model 2
[0.38610734815122444, 0.00011196249844229924, 0.521677612673958, 0.007094821537240119, 0.08500825513913517]
Games played: 155
Exploitability: P1=4.600000000 P2=-0.008852139 EV: (-0.009008344265211798, 0.009008344265211798) P1 Winnings: -38.0
Choosing model 2
[0.37142484677828896, 0.0001271970410499143, 0.5559007193496786, 0.006133589461946779, 0.0664136473690358]
Games played: 156
Exploitability: P1=4.600000000 P2=-0.008852139 EV: (-0.009008344265211798, 0.009008344265211798) P1 Winnings: -33.0
Choosing model 2
[0.38620915520144206, 0.00011718703725737248, 0.5317811189644608, 0.006713220173991122, 0.0751793186228485]
Games played: 157
Exploitability: P1=4.600000000 P2=-0.008852139 EV: (-0.009008344265211798, 0.009008344265211798) P1 Winnings: -24.0
Choosing model 2
[0.3880645717230987, 9.540266989497632e-05, 0.5251268095173539, 0.006383005988512489, 0.08033021010113986]
Games played: 158
Exploitability: P1=4.600000000 P2=-0.008852139 EV: (-0.009008344265211798, 0.009008344265211798) P1 Winnings: -25.0
Choosing model 0
[0.3728344031144043, 0.00010824654771617223, 0.5588668190294853, 0.005511217850968052, 0.06267931345742622]
Games played: 159
Exploitability: P1=1.900000000 P2=-0.008852139 EV: (-0.08647224178836996, 0.08647224178836996) P1 Winnings: -20.0
Choosing model 2
[0.37187701241654125, 0.00011559947470918189, 0.5621168415022566, 0.005632263548389787, 0.06025828305810324]
Games played: 160
Exploitability: P1=4.600000000 P2=-0.008852139 EV: (-0.009008344265211798, 0.009008344265211798) P1 Winnings: -21.0
Choosing model 2
[0.37187696399985987, 0.00011559984969332381, 0.5621170066558696, 0.0056322697371800476, 0.060258159757397116]
Games played: 161
Exploitability: P1=4.600000000 P2=-0.008852139 EV: (-0.009008344265211798, 0.009008344265211798) P1 Winnings: -30.0
Choosing model 0
[0.3699453920171574, 0.00012269214457289658, 0.5668520781627288, 0.00565805589132563, 0.05742178178421511]
Games played: 162
Exploitability: P1=1.900000000 P2=-0.008852139 EV: (-0.08647224178836996, 0.08647224178836996) P1 Winnings: -25.0
Choosing model 2
[0.3905348838487329, 0.00022545965091874258, 0.5478225509767932, 0.00856849128865014, 0.052848614234904945]
Games played: 163
Exploitability: P1=4.600000000 P2=-0.008852139 EV: (-0.009008344265211798, 0.009008344265211798) P1 Winnings: -12.0
Choosing model 0
[0.40626546315360346, 0.00020781163350624556, 0.5242929807137059, 0.009382509361709061, 0.0598512351374753]
Games played: 164
Exploitability: P1=1.900000000 P2=-0.008852139 EV: (-0.08647224178836996, 0.08647224178836996) P1 Winnings: -21.0
Choosing model 0
[0.4052570292128787, 0.00022194683747551197, 0.5273872351404285, 0.00958940575196965, 0.05754438305724761]
Games played: 165
Exploitability: P1=1.900000000 P2=-0.008852139 EV: (-0.08647224178836996, 0.08647224178836996) P1 Winnings: -22.0
Choosing model 2
[0.4082814210136192, 0.00017156256494210698, 0.5199867095963555, 0.009019443027832447, 0.06254086379725055]
Games played: 166
Exploitability: P1=4.600000000 P2=-0.008852139 EV: (-0.009008344265211798, 0.009008344265211798) P1 Winnings: -21.0
Choosing model 2
[0.4105449423390313, 0.0001397729359497364, 0.5138581613202994, 0.008582098852987967, 0.06687502455173165]
Games played: 167
Exploitability: P1=4.600000000 P2=-0.008852139 EV: (-0.009008344265211798, 0.009008344265211798) P1 Winnings: -20.0
Choosing model 2
[0.3552505107976753, 0.00016074567846302397, 0.6015786508891775, 0.005211237096108699, 0.03779885553857561]
Games played: 168
Exploitability: P1=4.600000000 P2=-0.008852139 EV: (-0.009008344265211798, 0.009008344265211798) P1 Winnings: -15.0
Choosing model 2
[0.3444325950006112, 0.00016090959829660964, 0.6175844104558899, 0.0045685169401431065, 0.033253568005059214]
Games played: 169
Exploitability: P1=4.600000000 P2=-0.008852139 EV: (-0.009008344265211798, 0.009008344265211798) P1 Winnings: -14.0
Choosing model 2
[0.3474944684325829, 0.00013153007603657367, 0.6123361552764955, 0.00436145700925619, 0.03567638920562881]
Games played: 170
Exploitability: P1=4.600000000 P2=-0.008852139 EV: (-0.009008344265211798, 0.009008344265211798) P1 Winnings: -13.0
Choosing model 0
[0.4026529638150498, 0.00011999367580623088, 0.5344584769590297, 0.0068126519395125314, 0.05595591361060168]
Games played: 171
Exploitability: P1=1.900000000 P2=-0.008852139 EV: (-0.08647224178836996, 0.08647224178836996) P1 Winnings: -13.0
Choosing model 2
[0.40159066806002475, 0.0001281355144262431, 0.5375286214598092, 0.006961790583584257, 0.05379078438215535]
Games played: 172
Exploitability: P1=4.600000000 P2=-0.008852139 EV: (-0.009008344265211798, 0.009008344265211798) P1 Winnings: -22.0
Choosing model 2
[0.39952480858228434, 0.00013600372373556385, 0.5420837720573658, 0.006994014640435192, 0.051261400996179145]
Games played: 173
Exploitability: P1=4.600000000 P2=-0.008852139 EV: (-0.009008344265211798, 0.009008344265211798) P1 Winnings: -17.0
Choosing model 0
[0.40435102448660765, 9.444265008344012e-05, 0.5304648217689398, 0.0063718728652119114, 0.058717838229157146]
Games played: 174
Exploitability: P1=1.900000000 P2=-0.008852139 EV: (-0.08647224178836996, 0.08647224178836996) P1 Winnings: -17.0
Choosing model 0
[0.4033430056968841, 0.00010086548007905273, 0.5335897524179313, 0.006512310776700645, 0.056454065628405]
Games played: 175
Exploitability: P1=1.900000000 P2=-0.008852139 EV: (-0.08647224178836996, 0.08647224178836996) P1 Winnings: -12.0
Choosing model 0
[0.4059459503776921, 8.106735278516739e-05, 0.5270794319849058, 0.006176631022167247, 0.06071691926244953]
Games played: 176
Exploitability: P1=1.900000000 P2=-0.008852139 EV: (-0.08647224178836996, 0.08647224178836996) P1 Winnings: -12.0
Choosing model 0
[0.40497696169493635, 8.658976257906013e-05, 0.5302407390905475, 0.00631343624714831, 0.058382273204788906]
Games played: 177
Exploitability: P1=1.900000000 P2=-0.008852139 EV: (-0.08647224178836996, 0.08647224178836996) P1 Winnings: -13.0
Choosing model 4
[0.3905421995324967, 7.184763761126755e-05, 0.5537959875211037, 0.004941509563962775, 0.050648455744825474]
Games played: 178
Exploitability: P1=2.600000000 P2=-0.008852139 EV: (-0.10393918110773738, 0.10393918110773738) P1 Winnings: -10.0
Choosing model 0
[0.393207732442118, 5.826461506564006e-05, 0.5477236081277673, 0.0047011527456357035, 0.054309242069413365]
Games played: 179
Exploitability: P1=1.900000000 P2=-0.008852139 EV: (-0.08647224178836996, 0.08647224178836996) P1 Winnings: -9.0
Choosing model 2
[0.3881665757659545, 7.949788776149859e-05, 0.5602602100451086, 0.005159638393839204, 0.04633407790733617]
Games played: 180
Exploitability: P1=4.600000000 P2=-0.008852139 EV: (-0.009008344265211798, 0.009008344265211798) P1 Winnings: -9.0
Choosing model 0
[0.3822359039911523, 0.00011014624979439331, 0.5728726366574638, 0.005684590190075084, 0.03909672291151444]
Games played: 181
Exploitability: P1=1.900000000 P2=-0.008852139 EV: (-0.08647224178836996, 0.08647224178836996) P1 Winnings: -9.0
Choosing model 0
[0.37549475289126966, 0.00015562966679712165, 0.5853446035144899, 0.006281782904035097, 0.032723231023408246]
Games played: 182
Exploitability: P1=1.900000000 P2=-0.008852139 EV: (-0.08647224178836996, 0.08647224178836996) P1 Winnings: -10.0
Choosing model 2
[0.3716961789305327, 0.00018497399113700724, 0.5919155383537571, 0.006620654810034589, 0.02958265391453867]
Games played: 183
Exploitability: P1=4.600000000 P2=-0.008852139 EV: (-0.009008344265211798, 0.009008344265211798) P1 Winnings: -10.0
Choosing model 0
[0.32761244769275866, 0.00012899840645281665, 0.6474121300353191, 0.0036838772378471143, 0.02116254662762252]
Games played: 184
Exploitability: P1=1.900000000 P2=-0.008852139 EV: (-0.08647224178836996, 0.08647224178836996) P1 Winnings: -9.0
Choosing model 0
[0.3260551846988566, 0.0001374591057207718, 0.6497502668037353, 0.003756538997706592, 0.020300550393980866]
Games played: 185
Exploitability: P1=1.900000000 P2=-0.008852139 EV: (-0.08647224178836996, 0.08647224178836996) P1 Winnings: -10.0
Choosing model 0
[0.3188702370604101, 0.00018914600444784997, 0.6598182102813367, 0.0041103360428770205, 0.017012070610928312]
Games played: 186
Exploitability: P1=1.900000000 P2=-0.008852139 EV: (-0.08647224178836996, 0.08647224178836996) P1 Winnings: -5.0
Choosing model 0
[0.32825275129725295, 0.00011674493410681988, 0.646889381987202, 0.0036416905982996897, 0.021099431183138524]
Games played: 187
Exploitability: P1=1.900000000 P2=-0.008852139 EV: (-0.08647224178836996, 0.08647224178836996) P1 Winnings: -6.0
Choosing model 2
[0.3206811990594771, 0.000165011671436549, 0.6576102541110974, 0.0040077609732505305, 0.01753577418473836]
Games played: 188
Exploitability: P1=4.600000000 P2=-0.008852139 EV: (-0.009008344265211798, 0.009008344265211798) P1 Winnings: -7.0
Choosing model 0
[0.3190846919141896, 0.00017579462018557854, 0.6598359271738268, 0.004085886747307764, 0.016817699544490416]
Games played: 189
Exploitability: P1=1.900000000 P2=-0.008852139 EV: (-0.08647224178836996, 0.08647224178836996) P1 Winnings: -20.0
Choosing model 2
[0.3032256681804107, 0.0001437387509195811, 0.6791020062890359, 0.0031513925777953877, 0.01437719420183835]
Games played: 190
Exploitability: P1=4.600000000 P2=-0.008852139 EV: (-0.009008344265211798, 0.009008344265211798) P1 Winnings: -17.0
Choosing model 2
[0.301634351043528, 0.00015309011522344224, 0.6812158779224944, 0.003211954518939182, 0.013784726399815015]
Games played: 191
Exploitability: P1=4.600000000 P2=-0.008852139 EV: (-0.009008344265211798, 0.009008344265211798) P1 Winnings: -30.0
Choosing model 2
[0.30003904799283393, 0.00016304315709564403, 0.6833082330455527, 0.0032735457076834965, 0.01321613009683423]
Games played: 192
Exploitability: P1=4.600000000 P2=-0.008852139 EV: (-0.009008344265211798, 0.009008344265211798) P1 Winnings: -43.0
Choosing model 2
[0.30003896728979945, 0.00016304366335150055, 0.6833083389766449, 0.003273548850387632, 0.013216101219816407]
Games played: 193
Exploitability: P1=4.600000000 P2=-0.008852139 EV: (-0.009008344265211798, 0.009008344265211798) P1 Winnings: -52.0
Choosing model 2
[0.2801942442179607, 0.0001798154540091016, 0.7068551375080738, 0.0027473292902212825, 0.010023473529734839]
Games played: 194
Exploitability: P1=4.600000000 P2=-0.008852139 EV: (-0.009008344265211798, 0.009008344265211798) P1 Winnings: -47.0
Choosing model 2
[0.2835194927598487, 0.00014741789173413117, 0.7029170192691024, 0.0026305534719504773, 0.010785516607364308]
Games played: 195
Exploitability: P1=4.600000000 P2=-0.008852139 EV: (-0.009008344265211798, 0.009008344265211798) P1 Winnings: -46.0
Choosing model 0
[0.2917853138745065, 9.091680964735721e-05, 0.6928098026518805, 0.0023613550586866062, 0.012952611605278956]
Games played: 196
Exploitability: P1=1.900000000 P2=-0.008852139 EV: (-0.08647224178836996, 0.08647224178836996) P1 Winnings: -43.0
Choosing model 2
[0.29510918367688, 7.450115511115981e-05, 0.6886256034622601, 0.0022599223584368767, 0.013930789347311857]
Games played: 197
Exploitability: P1=4.600000000 P2=-0.008852139 EV: (-0.009008344265211798, 0.009008344265211798) P1 Winnings: -44.0
Choosing model 0
[0.2754554150314114, 8.212457543503057e-05, 0.7120064138849057, 0.0018957124000500483, 0.010560334108197813]
Games played: 198
Exploitability: P1=1.900000000 P2=-0.008852139 EV: (-0.08647224178836996, 0.08647224178836996) P1 Winnings: -39.0
Choosing model 2
[0.2754553943478397, 8.212464235942263e-05, 0.7120064401661881, 0.001895712871915602, 0.01056032797169725]
Games played: 199
Exploitability: P1=4.600000000 P2=-0.008852139 EV: (-0.009008344265211798, 0.009008344265211798) P1 Winnings: -40.0
Choosing model 2
[0.2767870768602959, 6.640704841491264e-05, 0.7102422937713895, 0.0017531729030908817, 0.011151049416808844]
Games played: 200
Exploitability: P1=4.600000000 P2=-0.008852139 EV: (-0.009008344265211798, 0.009008344265211798) P1 Winnings: -39.0
