Player 1 exploitability: 0.303030581835
Choosing model 4
[0.19999996719993904, 0.2000001452002699, 0.19999998959998067, 0.20000003200005947, 0.1999998659997509]
Games played: 1
Exploitability: P1=2.600000000 P2=0.217378568 EV: (-0.16488627699776942, 0.16488627699776942) P1 Winnings: -1
Choosing model 1
[0.20418168520680488, 0.1843458044411016, 0.20255001366508057, 0.19899100114834795, 0.209931495538665]
Games played: 2
Exploitability: P1=2.800000000 P2=0.217378568 EV: (0.2173785676946559, -0.2173785676946559) P1 Winnings: -4
Choosing model 2
[0.2135571795986682, 0.14793643838755682, 0.20733052048119907, 0.1943076024244761, 0.23686825910809997]
Games played: 3
Exploitability: P1=4.600000000 P2=0.217378568 EV: (0.16255237852414012, -0.16255237852414012) P1 Winnings: -3.0
Choosing model 4
[0.2135571001527682, 0.14793688249340792, 0.20733053126022055, 0.19430776894478816, 0.23686771714881527]
Games played: 4
Exploitability: P1=2.600000000 P2=0.217378568 EV: (-0.16488627699776942, 0.16488627699776942) P1 Winnings: -12.0
Choosing model 1
[0.21851310119715223, 0.13201917222348022, 0.21079433953089774, 0.19401863679744705, 0.24465475025102273]
Games played: 5
Exploitability: P1=2.800000000 P2=0.217378568 EV: (0.2173785676946559, -0.2173785676946559) P1 Winnings: -12.0
Choosing model 2
[0.22223824460756436, 0.11918939244157613, 0.21290399130962537, 0.19255647635996997, 0.2531118952812642]
Games played: 6
Exploitability: P1=4.600000000 P2=0.217378568 EV: (0.16255237852414012, -0.16255237852414012) P1 Winnings: -9.0
Choosing model 0
[0.2035488870356366, 0.20640017288398813, 0.21320829451824017, 0.2090115187993443, 0.16783112676279077]
Games played: 7
Exploitability: P1=1.900000000 P2=0.217378568 EV: (-0.09079072511379416, 0.09079072511379416) P1 Winnings: 0.0
Choosing model 3
[0.18722904286557512, 0.2624032218749187, 0.20320800576992698, 0.213743798461134, 0.13341593102844504]
Games played: 8
Exploitability: P1=1.933333333 P2=0.217378568 EV: (-0.03774603369589698, 0.03774603369589698) P1 Winnings: 0.0
Choosing model 4
[0.18614486651662246, 0.1795696819974299, 0.14546632771269263, 0.2882232500540312, 0.2005958737192236]
Games played: 9
Exploitability: P1=2.600000000 P2=0.217378568 EV: (-0.16488627699776942, 0.16488627699776942) P1 Winnings: 7.0
Choosing model 1
[0.16504525942582604, 0.25669243064267805, 0.13547323217069926, 0.2964955836506454, 0.1462934941101512]
Games played: 10
Exploitability: P1=2.800000000 P2=0.217378568 EV: (0.2173785676946559, -0.2173785676946559) P1 Winnings: -4.0
Choosing model 0
[0.1754226989836141, 0.21975264103624526, 0.14144701937771526, 0.29777731037275956, 0.16560033022966583]
Games played: 11
Exploitability: P1=1.900000000 P2=0.217378568 EV: (-0.09079072511379416, 0.09079072511379416) P1 Winnings: -3.0
Choosing model 3
[0.1723112024691831, 0.23111082112587883, 0.1401059061225219, 0.2996893873973609, 0.15678268288505515]
Games played: 12
Exploitability: P1=1.933333333 P2=0.217378568 EV: (-0.03774603369589698, 0.03774603369589698) P1 Winnings: -4.0
Choosing model 3
[0.15575329273402755, 0.29811705330628774, 0.13363581687602313, 0.29473815248560764, 0.11775568459805406]
Games played: 13
Exploitability: P1=1.933333333 P2=0.217378568 EV: (-0.03774603369589698, 0.03774603369589698) P1 Winnings: 3.0
Choosing model 4
[0.12903561659630927, 0.3914988049832625, 0.1164132363809194, 0.2836630701279478, 0.07938927191156117]
Games played: 14
Exploitability: P1=2.600000000 P2=0.217378568 EV: (-0.16488627699776942, 0.16488627699776942) P1 Winnings: 0.0
Choosing model 1
[0.14159340861626027, 0.34602078176678824, 0.12548544997033775, 0.29412156926218636, 0.09277879038442743]
Games played: 15
Exploitability: P1=2.800000000 P2=0.217378568 EV: (0.2173785676946559, -0.2173785676946559) P1 Winnings: 1.0
Choosing model 1
[0.12928850004594927, 0.4365211269627751, 0.13388030287519814, 0.2389986210839652, 0.06131144903211233]
Games played: 16
Exploitability: P1=2.800000000 P2=0.217378568 EV: (0.2173785676946559, -0.2173785676946559) P1 Winnings: 10.0
Choosing model 3
[0.1058391255380825, 0.5170149620200073, 0.11404505592934533, 0.22040192593113064, 0.042698930581434175]
Games played: 17
Exploitability: P1=1.933333333 P2=0.217378568 EV: (-0.03774603369589698, 0.03774603369589698) P1 Winnings: 3.0
Choosing model 1
[0.07921536401138315, 0.613391208126857, 0.08975254403214689, 0.19163403400385257, 0.026006849825760424]
Games played: 18
Exploitability: P1=2.800000000 P2=0.217378568 EV: (0.2173785676946559, -0.2173785676946559) P1 Winnings: 0.0
Choosing model 1
[0.09378484370242228, 0.5571925381719977, 0.10399287206840949, 0.21181408788508213, 0.03321565817208848]
Games played: 19
Exploitability: P1=2.800000000 P2=0.217378568 EV: (0.2173785676946559, -0.2173785676946559) P1 Winnings: 1.0
Choosing model 0
[0.09378464480861891, 0.5571932364820156, 0.10399269561906868, 0.2118138990015134, 0.033215524088783456]
Games played: 20
Exploitability: P1=1.900000000 P2=0.217378568 EV: (-0.09079072511379416, 0.09079072511379416) P1 Winnings: -8.0
Choosing model 1
[0.08337177135791718, 0.5947400468730923, 0.09443957516319491, 0.2004820725872251, 0.026966534018570465]
Games played: 21
Exploitability: P1=2.800000000 P2=0.217378568 EV: (0.2173785676946559, -0.2173785676946559) P1 Winnings: -8.0
Choosing model 2
[0.08896503858217697, 0.5729854748428621, 0.09997002750273123, 0.20849344164666062, 0.029586017425569114]
Games played: 22
Exploitability: P1=4.600000000 P2=0.217378568 EV: (0.16255237852414012, -0.16255237852414012) P1 Winnings: -8.0
Choosing model 3
[0.08178538629465622, 0.6220732006935882, 0.10180246636781325, 0.1722499397622425, 0.022089006881699878]
Games played: 23
Exploitability: P1=1.933333333 P2=0.217378568 EV: (-0.03774603369589698, 0.03774603369589698) P1 Winnings: -3.0
Choosing model 1
[0.0811655961978457, 0.6373982661656079, 0.10697663926656387, 0.15456822749298404, 0.019891270876998497]
Games played: 24
Exploitability: P1=2.800000000 P2=0.217378568 EV: (0.2173785676946559, -0.2173785676946559) P1 Winnings: -2.0
Choosing model 1
[0.05436341472339357, 0.7353224619435293, 0.0760957818891257, 0.12382876626798843, 0.010389575175962996]
Games played: 25
Exploitability: P1=2.800000000 P2=0.217378568 EV: (0.2173785676946559, -0.2173785676946559) P1 Winnings: -9.0
Choosing model 0
[0.06708441744193114, 0.6851128977241281, 0.09181773280473794, 0.14215617075202375, 0.013828781277179092]
Games played: 26
Exploitability: P1=1.900000000 P2=0.217378568 EV: (-0.09079072511379416, 0.09079072511379416) P1 Winnings: -6.0
Choosing model 2
[0.06375696214106277, 0.6971504612251523, 0.08799691303332796, 0.13842792614231994, 0.012667737458136962]
Games played: 27
Exploitability: P1=4.600000000 P2=0.217378568 EV: (0.16255237852414012, -0.16255237852414012) P1 Winnings: -1.0
Choosing model 1
[0.042618409549535975, 0.8000129937186637, 0.08533591927448904, 0.06724877576816225, 0.0047839016891489195]
Games played: 28
Exploitability: P1=2.800000000 P2=0.217378568 EV: (0.2173785676946559, -0.2173785676946559) P1 Winnings: 4.0
Choosing model 3
[0.028747510197126236, 0.8554040362772993, 0.06052600301536529, 0.052696462027584864, 0.002625988482624431]
Games played: 29
Exploitability: P1=1.933333333 P2=0.217378568 EV: (-0.03774603369589698, 0.03774603369589698) P1 Winnings: 4.0
Choosing model 1
[0.028747485841355665, 0.8554041344524075, 0.06052595905953692, 0.05269643582531055, 0.002625984821389476]
Games played: 30
Exploitability: P1=2.800000000 P2=0.217378568 EV: (0.2173785676946559, -0.2173785676946559) P1 Winnings: 1.0
Choosing model 0
[0.04035091259702904, 0.8073222464708645, 0.08196632940273446, 0.06615273713225518, 0.004207774397116787]
Games played: 31
Exploitability: P1=1.900000000 P2=0.217378568 EV: (-0.09079072511379416, 0.09079072511379416) P1 Winnings: -4.0
Choosing model 1
[0.03939356805812674, 0.8137518505649556, 0.08473090028528991, 0.05839620839182077, 0.0037274726998069905]
Games played: 32
Exploitability: P1=2.800000000 P2=0.217378568 EV: (0.2173785676946559, -0.2173785676946559) P1 Winnings: -3.0
Choosing model 1
[0.04803012519438528, 0.779079174422318, 0.1012342524733722, 0.06677170718190424, 0.004884740728020308]
Games played: 33
Exploitability: P1=2.800000000 P2=0.217378568 EV: (0.2173785676946559, -0.2173785676946559) P1 Winnings: -3.0
Choosing model 3
[0.05911612841017471, 0.7357298366964901, 0.1219420000636581, 0.076726203381125, 0.006485831448552189]
Games played: 34
Exploitability: P1=1.933333333 P2=0.217378568 EV: (-0.03774603369589698, 0.03774603369589698) P1 Winnings: -2.0
Choosing model 3
[0.06947453602852707, 0.6964281976408656, 0.14077662821671824, 0.08520283000359873, 0.008117808110290333]
Games played: 35
Exploitability: P1=1.933333333 P2=0.217378568 EV: (-0.03774603369589698, 0.03774603369589698) P1 Winnings: -2.0
Choosing model 1
[0.06798057346072636, 0.703572129651261, 0.1458559345851844, 0.07538380643796422, 0.007207555864864041]
Games played: 36
Exploitability: P1=2.800000000 P2=0.217378568 EV: (0.2173785676946559, -0.2173785676946559) P1 Winnings: -1.0
Choosing model 1
[0.07447866940871181, 0.6829779255284305, 0.14701283597283107, 0.08693401214881884, 0.008596556941207778]
Games played: 37
Exploitability: P1=2.800000000 P2=0.217378568 EV: (0.2173785676946559, -0.2173785676946559) P1 Winnings: 8.0
Choosing model 3
[0.08092683297999426, 0.6587590371543206, 0.15863515325288904, 0.09217724485352209, 0.009501731759274075]
Games played: 38
Exploitability: P1=1.933333333 P2=0.217378568 EV: (-0.03774603369589698, 0.03774603369589698) P1 Winnings: 11.0
Choosing model 2
[0.07708668645140816, 0.6718493101456676, 0.15237761885671772, 0.08996272382980043, 0.00872366071640611]
Games played: 39
Exploitability: P1=4.600000000 P2=0.217378568 EV: (0.16255237852414012, -0.16255237852414012) P1 Winnings: 0.0
Choosing model 1
[0.05226686120322853, 0.7540344319075549, 0.08231151447569035, 0.10512243250451414, 0.006264759909012085]
Games played: 40
Exploitability: P1=2.800000000 P2=0.217378568 EV: (0.2173785676946559, -0.2173785676946559) P1 Winnings: -9.0
Choosing model 3
[0.07064455124820394, 0.6852759821877792, 0.10733791568453938, 0.12707518064817697, 0.009666370231300531]
Games played: 41
Exploitability: P1=1.933333333 P2=0.217378568 EV: (-0.03774603369589698, 0.03774603369589698) P1 Winnings: -14.0
Choosing model 1
[0.07099070104892166, 0.6712838427520484, 0.09326105371109361, 0.15387842516197398, 0.010585977325962314]
Games played: 42
Exploitability: P1=2.800000000 P2=0.217378568 EV: (0.2173785676946559, -0.2173785676946559) P1 Winnings: -5.0
Choosing model 3
[0.0828828867693933, 0.6306897271652392, 0.10809156455001433, 0.16534794442106862, 0.012987877094284558]
Games played: 43
Exploitability: P1=1.933333333 P2=0.217378568 EV: (-0.03774603369589698, 0.03774603369589698) P1 Winnings: -4.0
Choosing model 0
[0.07174465446639737, 0.6689057045400314, 0.09578912279332982, 0.1533812842109282, 0.01017923398931327]
Games played: 44
Exploitability: P1=1.900000000 P2=0.217378568 EV: (-0.09079072511379416, 0.09079072511379416) P1 Winnings: -13.0
Choosing model 1
[0.06823170019043956, 0.6811142983495824, 0.09186450925573421, 0.14945864857814561, 0.009330843626098045]
Games played: 45
Exploitability: P1=2.800000000 P2=0.217378568 EV: (0.2173785676946559, -0.2173785676946559) P1 Winnings: -14.0
Choosing model 1
[0.07981278646359927, 0.6411393559083339, 0.10667486959121814, 0.16090331604285502, 0.011469671993993851]
Games played: 46
Exploitability: P1=2.800000000 P2=0.217378568 EV: (0.2173785676946559, -0.2173785676946559) P1 Winnings: -13.0
Choosing model 1
[0.08601640857173982, 0.6122266395448573, 0.10576817688576483, 0.1825317434041151, 0.013457031593522857]
Games played: 47
Exploitability: P1=2.800000000 P2=0.217378568 EV: (0.2173785676946559, -0.2173785676946559) P1 Winnings: -4.0
Choosing model 2
[0.08654864543232219, 0.5673958552169317, 0.08455695885923277, 0.24516602773352592, 0.016332512757987454]
Games played: 48
Exploitability: P1=4.600000000 P2=0.217378568 EV: (0.16255237852414012, -0.16255237852414012) P1 Winnings: -17.0
Choosing model 1
[0.10121864930320958, 0.513604936913009, 0.0967739072072687, 0.2677680067472481, 0.020634499829264533]
Games played: 49
Exploitability: P1=2.800000000 P2=0.217378568 EV: (0.2173785676946559, -0.2173785676946559) P1 Winnings: -20.0
Choosing model 1
[0.08598821183054137, 0.6028285248343861, 0.09606011662219159, 0.20243645635115093, 0.012686690361730056]
Games played: 50
Exploitability: P1=2.800000000 P2=0.217378568 EV: (0.2173785676946559, -0.2173785676946559) P1 Winnings: -11.0
Choosing model 1
[0.0914692318592058, 0.5664190557156523, 0.09088212916796214, 0.236139243923117, 0.015090339334062699]
Games played: 51
Exploitability: P1=2.800000000 P2=0.217378568 EV: (0.2173785676946559, -0.2173785676946559) P1 Winnings: -18.0
Choosing model 1
[0.07500621610323167, 0.6458202032414809, 0.08246327685883366, 0.18688058448612127, 0.009829719310332509]
Games played: 52
Exploitability: P1=2.800000000 P2=0.217378568 EV: (0.2173785676946559, -0.2173785676946559) P1 Winnings: -13.0
Choosing model 1
[0.05828763359733834, 0.7061412422941317, 0.06654182567858134, 0.16248373895481089, 0.006545559475137671]
Games played: 53
Exploitability: P1=2.800000000 P2=0.217378568 EV: (0.2173785676946559, -0.2173785676946559) P1 Winnings: -13.0
Choosing model 1
[0.03644647778188218, 0.7928799629935316, 0.0443848215178455, 0.12315301968239988, 0.003135718024340969]
Games played: 54
Exploitability: P1=2.800000000 P2=0.217378568 EV: (0.2173785676946559, -0.2173785676946559) P1 Winnings: -6.0
Choosing model 3
[0.045185877614083096, 0.7542218478772562, 0.053853657486858365, 0.14254473667415404, 0.0041938803476482475]
Games played: 55
Exploitability: P1=1.933333333 P2=0.217378568 EV: (-0.03774603369589698, 0.03774603369589698) P1 Winnings: -5.0
Choosing model 2
[0.048966479386646326, 0.7379235225231096, 0.05789310014987743, 0.15054414058664736, 0.004672757353719257]
Games played: 56
Exploitability: P1=4.600000000 P2=0.217378568 EV: (0.16255237852414012, -0.16255237852414012) P1 Winnings: -2.0
Choosing model 2
[0.05981794156998492, 0.6952335567827567, 0.0695769696173654, 0.1692434132857657, 0.00612811874412732]
Games played: 57
Exploitability: P1=4.600000000 P2=0.217378568 EV: (0.16255237852414012, -0.16255237852414012) P1 Winnings: 1.0
Choosing model 3
[0.06970575063241909, 0.6563982180389237, 0.07968058243641161, 0.18662157461709206, 0.00759387427515355]
Games played: 58
Exploitability: P1=1.933333333 P2=0.217378568 EV: (-0.03774603369589698, 0.03774603369589698) P1 Winnings: 0.0
Choosing model 2
[0.06919274521022133, 0.6727170864315396, 0.08374884567142786, 0.1675014908683463, 0.006839831818464828]
Games played: 59
Exploitability: P1=4.600000000 P2=0.217378568 EV: (0.16255237852414012, -0.16255237852414012) P1 Winnings: 1.0
Choosing model 3
[0.06605484516837494, 0.6851690211208871, 0.08104526002226355, 0.16147609431847404, 0.006254779370000411]
Games played: 60
Exploitability: P1=1.933333333 P2=0.217378568 EV: (-0.03774603369589698, 0.03774603369589698) P1 Winnings: 6.0
Choosing model 1
[0.06533864893235994, 0.6997393572027066, 0.0848843187619046, 0.14442373811901574, 0.005613936984013122]
Games played: 61
Exploitability: P1=2.800000000 P2=0.217378568 EV: (0.2173785676946559, -0.2173785676946559) P1 Winnings: 7.0
Choosing model 1
[0.07783423207393003, 0.6545427290539659, 0.0990889489940113, 0.161346112952599, 0.007187976925493714]
Games played: 62
Exploitability: P1=2.800000000 P2=0.217378568 EV: (0.2173785676946559, -0.2173785676946559) P1 Winnings: 7.0
Choosing model 1
[0.07407124413524165, 0.6669226171153282, 0.09509094083127967, 0.15732201955236647, 0.006593178365783951]
Games played: 63
Exploitability: P1=2.800000000 P2=0.217378568 EV: (0.2173785676946559, -0.2173785676946559) P1 Winnings: 10.0
Choosing model 3
[0.05861573089798863, 0.7338233683477023, 0.08326520589152121, 0.12015112698892941, 0.004144567873858288]
Games played: 64
Exploitability: P1=1.933333333 P2=0.217378568 EV: (-0.03774603369589698, 0.03774603369589698) P1 Winnings: 15.0
Choosing model 1
[0.05764580627238935, 0.7451062095367896, 0.08670646291421617, 0.1068430448341164, 0.0036984764424883576]
Games played: 65
Exploitability: P1=2.800000000 P2=0.217378568 EV: (0.2173785676946559, -0.2173785676946559) P1 Winnings: 16.0
Choosing model 1
[0.05480036905673479, 0.7557098639929025, 0.08355489700948629, 0.10256695529376776, 0.0033679146471086037]
Games played: 66
Exploitability: P1=2.800000000 P2=0.217378568 EV: (0.2173785676946559, -0.2173785676946559) P1 Winnings: 21.0
Choosing model 1
[0.0548002208326249, 0.7557103697196983, 0.08355470643744124, 0.1025668039256018, 0.0033678990846337767]
Games played: 67
Exploitability: P1=2.800000000 P2=0.217378568 EV: (0.2173785676946559, -0.2173785676946559) P1 Winnings: 12.0
Choosing model 1
[0.04829303615999763, 0.7865007200130605, 0.08156526838663539, 0.08123054493279527, 0.002410430507511102]
Games played: 68
Exploitability: P1=2.800000000 P2=0.217378568 EV: (0.2173785676946559, -0.2173785676946559) P1 Winnings: 17.0
Choosing model 1
[0.037576001207225714, 0.8250999018828814, 0.06570614092663367, 0.06999957097567361, 0.0016183850075857527]
Games played: 69
Exploitability: P1=2.800000000 P2=0.217378568 EV: (0.2173785676946559, -0.2173785676946559) P1 Winnings: 24.0
Choosing model 2
[0.04480715764337498, 0.797155217174694, 0.07700033973473985, 0.07898509450157222, 0.002052190945619175]
Games played: 70
Exploitability: P1=4.600000000 P2=0.217378568 EV: (0.16255237852414012, -0.16255237852414012) P1 Winnings: 23.0
Choosing model 1
[0.034048835557941845, 0.8372448755131174, 0.06062891012863453, 0.06672964758301954, 0.001347731217286746]
Games played: 71
Exploitability: P1=2.800000000 P2=0.217378568 EV: (0.2173785676946559, -0.2173785676946559) P1 Winnings: 28.0
Choosing model 1
[0.02528487420135529, 0.8718147465055616, 0.04671529944384714, 0.0553245014228606, 0.0008605784263753612]
Games played: 72
Exploitability: P1=2.800000000 P2=0.217378568 EV: (0.2173785676946559, -0.2173785676946559) P1 Winnings: 28.0
Choosing model 1
[0.03190543988343914, 0.8440587148965462, 0.05768948272744106, 0.06517490571356249, 0.0011714567790111958]
Games played: 73
Exploitability: P1=2.800000000 P2=0.217378568 EV: (0.2173785676946559, -0.2173785676946559) P1 Winnings: 29.0
Choosing model 1
[0.0353894931336341, 0.8269708689494728, 0.05691221911253061, 0.0792744696154642, 0.0014529491888981374]
Games played: 74
Exploitability: P1=2.800000000 P2=0.217378568 EV: (0.2173785676946559, -0.2173785676946559) P1 Winnings: 22.0
Choosing model 1
[0.026890878100621764, 0.8681746033966862, 0.050529222419908766, 0.053606277127205136, 0.0007990189555780225]
Games played: 75
Exploitability: P1=2.800000000 P2=0.217378568 EV: (0.2173785676946559, -0.2173785676946559) P1 Winnings: 31.0
Choosing model 1
[0.033228906628255554, 0.8424019255081499, 0.061185842133619404, 0.062122102383553625, 0.0010612233464216783]
Games played: 76
Exploitability: P1=2.800000000 P2=0.217378568 EV: (0.2173785676946559, -0.2173785676946559) P1 Winnings: 31.0
Choosing model 3
[0.03130248391461138, 0.8496509727988425, 0.058123078773290406, 0.05995990462819416, 0.000963559885061604]
Games played: 77
Exploitability: P1=1.933333333 P2=0.217378568 EV: (-0.03774603369589698, 0.03774603369589698) P1 Winnings: 24.0
Choosing model 1
[0.035780967303772906, 0.8356455965562348, 0.0719549953486652, 0.055627609885355034, 0.0009908309059720683]
Games played: 78
Exploitability: P1=2.800000000 P2=0.217378568 EV: (0.2173785676946559, -0.2173785676946559) P1 Winnings: 27.0
Choosing model 1
[0.04470588796665582, 0.8010862648013745, 0.08798470175282279, 0.06488764493666414, 0.0013355005424828435]
Games played: 79
Exploitability: P1=2.800000000 P2=0.217378568 EV: (0.2173785676946559, -0.2173785676946559) P1 Winnings: 28.0
Choosing model 1
[0.035067975295710076, 0.835155730824616, 0.09337449902828177, 0.03571751976743843, 0.0006842750839536282]
Games played: 80
Exploitability: P1=2.800000000 P2=0.217378568 EV: (0.2173785676946559, -0.2173785676946559) P1 Winnings: 33.0
Choosing model 1
[0.026021449381009136, 0.8719448958688797, 0.07194556581268312, 0.029653000033911907, 0.00043508890351607763]
Games played: 81
Exploitability: P1=2.800000000 P2=0.217378568 EV: (0.2173785676946559, -0.2173785676946559) P1 Winnings: 33.0
Choosing model 2
[0.02238468308270381, 0.8858293150648405, 0.06855760697422038, 0.02292442481182335, 0.00030397006641185375]
Games played: 82
Exploitability: P1=4.600000000 P2=0.217378568 EV: (0.16255237852414012, -0.16255237852414012) P1 Winnings: 38.0
Choosing model 1
[0.031751180688106714, 0.8448528240820109, 0.09382204480906584, 0.029081744889023365, 0.000492205531793182]
Games played: 83
Exploitability: P1=2.800000000 P2=0.217378568 EV: (0.2173785676946559, -0.2173785676946559) P1 Winnings: 33.0
Choosing model 1
[0.02905653686053982, 0.8552987331189925, 0.0873305880691447, 0.02789836601370637, 0.00041577593761658063]
Games played: 84
Exploitability: P1=2.800000000 P2=0.217378568 EV: (0.2173785676946559, -0.2173785676946559) P1 Winnings: 36.0
Choosing model 1
[0.03574612922812497, 0.8262361733545022, 0.10528071215471431, 0.03218721256633781, 0.000549772696320735]
Games played: 85
Exploitability: P1=2.800000000 P2=0.217378568 EV: (0.2173785676946559, -0.2173785676946559) P1 Winnings: 39.0
Choosing model 1
[0.023926482766737846, 0.8766481108204728, 0.07409787953416255, 0.025028065665044823, 0.0002994612135819189]
Games played: 86
Exploitability: P1=2.800000000 P2=0.217378568 EV: (0.2173785676946559, -0.2173785676946559) P1 Winnings: 39.0
Choosing model 1
[0.03018152520761349, 0.8484614815123844, 0.09147484239962396, 0.029474644157794612, 0.000407506722583547]
Games played: 87
Exploitability: P1=2.800000000 P2=0.217378568 EV: (0.2173785676946559, -0.2173785676946559) P1 Winnings: 40.0
Choosing model 1
[0.028434356397697706, 0.8558404505789906, 0.08690380838149238, 0.02845134677969652, 0.00037003786212292295]
Games played: 88
Exploitability: P1=2.800000000 P2=0.217378568 EV: (0.2173785676946559, -0.2173785676946559) P1 Winnings: 33.0
Choosing model 1
[0.035672243070261546, 0.8238048290848867, 0.10669876519156775, 0.03332336180591394, 0.0005008008473698312]
Games played: 89
Exploitability: P1=2.800000000 P2=0.217378568 EV: (0.2173785676946559, -0.2173785676946559) P1 Winnings: 34.0
Choosing model 1
[0.02663771943422365, 0.8625894348782344, 0.08266979439333628, 0.02778149256018425, 0.00032155873402146465]
Games played: 90
Exploitability: P1=2.800000000 P2=0.217378568 EV: (0.2173785676946559, -0.2173785676946559) P1 Winnings: 34.0
Choosing model 1
[0.029117275299682926, 0.8512829090739354, 0.08964291988091808, 0.029595506655024386, 0.0003613890904391198]
Games played: 91
Exploitability: P1=2.800000000 P2=0.217378568 EV: (0.2173785676946559, -0.2173785676946559) P1 Winnings: 34.0
Choosing model 1
[0.019315294085645963, 0.8951544849952886, 0.06252818926374282, 0.022806944469357788, 0.00019508718596489017]
Games played: 92
Exploitability: P1=2.800000000 P2=0.217378568 EV: (0.2173785676946559, -0.2173785676946559) P1 Winnings: 41.0
Choosing model 1
[0.018205625731256107, 0.9001676891577871, 0.0597426950923123, 0.02170785103575382, 0.00017613898289053288]
Games played: 93
Exploitability: P1=2.800000000 P2=0.217378568 EV: (0.2173785676946559, -0.2173785676946559) P1 Winnings: 46.0
Choosing model 1
[0.02263979580043234, 0.8790053562170125, 0.07280294790932082, 0.025316470494700323, 0.0002354295785340192]
Games played: 94
Exploitability: P1=2.800000000 P2=0.217378568 EV: (0.2173785676946559, -0.2173785676946559) P1 Winnings: 46.0
Choosing model 2
[0.016834433845804034, 0.903033280012442, 0.06325304372696178, 0.016752546372361298, 0.0001266960424309971]
Games played: 95
Exploitability: P1=4.600000000 P2=0.217378568 EV: (0.16255237852414012, -0.16255237852414012) P1 Winnings: 55.0
Choosing model 1
[0.021090256660178167, 0.8907121722802478, 0.0596905857112338, 0.028292138744911738, 0.00021484660342842434]
Games played: 96
Exploitability: P1=2.800000000 P2=0.217378568 EV: (0.2173785676946559, -0.2173785676946559) P1 Winnings: 46.0
Choosing model 1
[0.02363822252777306, 0.8818166328056809, 0.05950289025075734, 0.03477299184056075, 0.00026926257522804807]
Games played: 97
Exploitability: P1=2.800000000 P2=0.217378568 EV: (0.2173785676946559, -0.2173785676946559) P1 Winnings: 39.0
Choosing model 1
[0.022223273320461, 0.8876258582486258, 0.05641131195145971, 0.03349556292027963, 0.00024399355917378423]
Games played: 98
Exploitability: P1=2.800000000 P2=0.217378568 EV: (0.2173785676946559, -0.2173785676946559) P1 Winnings: 42.0
Choosing model 1
[0.027468601687003248, 0.8637911528482122, 0.05252133863870474, 0.055810691806489114, 0.00040821501959053944]
Games played: 99
Exploitability: P1=2.800000000 P2=0.217378568 EV: (0.2173785676946559, -0.2173785676946559) P1 Winnings: 33.0
Choosing model 1
[0.03458782270843309, 0.8345261158160824, 0.06472261076805531, 0.0656089430754103, 0.0005545076320190371]
Games played: 100
Exploitability: P1=2.800000000 P2=0.217378568 EV: (0.2173785676946559, -0.2173785676946559) P1 Winnings: 34.0
Choosing model 1
[0.023025326454937208, 0.8806305762920393, 0.045304957291937974, 0.050738741521232304, 0.00030039843985324807]
Games played: 101
Exploitability: P1=2.800000000 P2=0.217378568 EV: (0.2173785676946559, -0.2173785676946559) P1 Winnings: 34.0
Choosing model 1
[0.013964432967046997, 0.9199060591685069, 0.029180996810731493, 0.036806436698022964, 0.0001420743556916825]
Games played: 102
Exploitability: P1=2.800000000 P2=0.217378568 EV: (0.2173785676946559, -0.2173785676946559) P1 Winnings: 27.0
Choosing model 1
[0.016968904266559472, 0.9056772149005465, 0.034848215470614695, 0.04232207698649708, 0.00018358837578230357]
Games played: 103
Exploitability: P1=2.800000000 P2=0.217378568 EV: (0.2173785676946559, -0.2173785676946559) P1 Winnings: 28.0
Choosing model 1
[0.018917004549071775, 0.8962543858951901, 0.03858003821164667, 0.04604038063981462, 0.00020819070427678736]
Games played: 104
Exploitability: P1=2.800000000 P2=0.217378568 EV: (0.2173785676946559, -0.2173785676946559) P1 Winnings: 31.0
Choosing model 1
[0.01343714646718769, 0.9210802589891045, 0.028516141862910488, 0.03684064559895325, 0.0001258070818441153]
Games played: 105
Exploitability: P1=2.800000000 P2=0.217378568 EV: (0.2173785676946559, -0.2173785676946559) P1 Winnings: 24.0
Choosing model 1
[0.012214245125923529, 0.9262108236366187, 0.026365005486865864, 0.03510436716584917, 0.00010555858474281979]
Games played: 106
Exploitability: P1=2.800000000 P2=0.217378568 EV: (0.2173785676946559, -0.2173785676946559) P1 Winnings: 27.0
Choosing model 1
[0.015628200479314777, 0.9092780392847589, 0.03301442796275995, 0.041933629513722794, 0.00014570275944329964]
Games played: 107
Exploitability: P1=2.800000000 P2=0.217378568 EV: (0.2173785676946559, -0.2173785676946559) P1 Winnings: 28.0
Choosing model 1
[0.008226018114690528, 0.9454578237932706, 0.01871481623060056, 0.027544709151845603, 5.663270959264921e-05]
Games played: 108
Exploitability: P1=2.800000000 P2=0.217378568 EV: (0.2173785676946559, -0.2173785676946559) P1 Winnings: 35.0
Choosing model 1
[0.009066465743688914, 0.9408201512169088, 0.020462060980795022, 0.02958714545344889, 6.417660515849012e-05]
Games played: 109
Exploitability: P1=2.800000000 P2=0.217378568 EV: (0.2173785676946559, -0.2173785676946559) P1 Winnings: 35.0
Choosing model 3
[0.011063322806765126, 0.9301513889852303, 0.02453843496741815, 0.034163576582227115, 8.327665835931022e-05]
Games played: 110
Exploitability: P1=1.933333333 P2=0.217378568 EV: (-0.03774603369589698, 0.03774603369589698) P1 Winnings: 36.0
Choosing model 1
[0.01571861569302021, 0.9067444798419803, 0.0337093950325367, 0.043693598266225916, 0.00013391116623716635]
Games played: 111
Exploitability: P1=2.800000000 P2=0.217378568 EV: (0.2173785676946559, -0.2173785676946559) P1 Winnings: 39.0
Choosing model 1
[0.01915506491533385, 0.8900052314073481, 0.040353189281452206, 0.050312718476098646, 0.0001737959197670514]
Games played: 112
Exploitability: P1=2.800000000 P2=0.217378568 EV: (0.2173785676946559, -0.2173785676946559) P1 Winnings: 40.0
Choosing model 1
[0.02428765343968034, 0.8658426941783149, 0.05007412419843842, 0.05955780399085139, 0.00023772419271500073]
Games played: 113
Exploitability: P1=2.800000000 P2=0.217378568 EV: (0.2173785676946559, -0.2173785676946559) P1 Winnings: 41.0
Choosing model 1
[0.026573602481585256, 0.8553029322810776, 0.05434926599286859, 0.06350677591381104, 0.0002674233306576616]
Games played: 114
Exploitability: P1=2.800000000 P2=0.217378568 EV: (0.2173785676946559, -0.2173785676946559) P1 Winnings: 41.0
Choosing model 1
[0.020966501925611475, 0.8571115723363227, 0.031297265552971354, 0.0903551742920467, 0.00026948589304773084]
Games played: 115
Exploitability: P1=2.800000000 P2=0.217378568 EV: (0.2173785676946559, -0.2173785676946559) P1 Winnings: 54.0
Choosing model 1
[0.01972290207333901, 0.8632580905957198, 0.029688356345505276, 0.0870863135328588, 0.0002443374525771185]
Games played: 116
Exploitability: P1=2.800000000 P2=0.217378568 EV: (0.2173785676946559, -0.2173785676946559) P1 Winnings: 47.0
Choosing model 1
[0.011552069528071054, 0.9079592519837817, 0.01854965151967797, 0.06182938164675504, 0.00010964532171428494]
Games played: 117
Exploitability: P1=2.800000000 P2=0.217378568 EV: (0.2173785676946559, -0.2173785676946559) P1 Winnings: 54.0
Choosing model 1
[0.014584199950047328, 0.9069650551783048, 0.029060786538541068, 0.04927760876190271, 0.00011234957120400196]
Games played: 118
Exploitability: P1=2.800000000 P2=0.217378568 EV: (0.2173785676946559, -0.2173785676946559) P1 Winnings: 55.0
Choosing model 3
[0.02566255203652584, 0.8533343164363231, 0.0482623739431577, 0.07249498550350283, 0.00024577208049057547]
Games played: 119
Exploitability: P1=1.933333333 P2=0.217378568 EV: (-0.03774603369589698, 0.03774603369589698) P1 Winnings: 55.0
Choosing model 1
[0.014713250852996362, 0.9046817592102712, 0.029615800956706687, 0.05088269139318121, 0.00010649758684456222]
Games played: 120
Exploitability: P1=2.800000000 P2=0.217378568 EV: (0.2173785676946559, -0.2173785676946559) P1 Winnings: 55.0
Choosing model 1
[0.010942508774213646, 0.929587601067242, 0.025735831251490492, 0.03367673654930989, 5.732235774406041e-05]
Games played: 121
Exploitability: P1=2.800000000 P2=0.217378568 EV: (0.2173785676946559, -0.2173785676946559) P1 Winnings: 64.0
Choosing model 1
[0.008411374478084925, 0.9467593302651094, 0.02587489651912088, 0.018924836322540762, 2.9562415143978844e-05]
Games played: 122
Exploitability: P1=2.800000000 P2=0.217378568 EV: (0.2173785676946559, -0.2173785676946559) P1 Winnings: 67.0
Choosing model 1
[0.004781681648851999, 0.9664736310087948, 0.0156910836331403, 0.013040728191801083, 1.2875517411849718e-05]
Games played: 123
Exploitability: P1=2.800000000 P2=0.217378568 EV: (0.2173785676946559, -0.2173785676946559) P1 Winnings: 74.0
Choosing model 1
[0.0034902218296767626, 0.974649817453805, 0.013382330851234905, 0.008470828234135423, 6.80163114797797e-06]
Games played: 124
Exploitability: P1=2.800000000 P2=0.217378568 EV: (0.2173785676946559, -0.2173785676946559) P1 Winnings: 83.0
Choosing model 1
[0.00451916366737597, 0.9682737397236076, 0.016957833656425905, 0.010239762375376356, 9.500577214239382e-06]
Games played: 125
Exploitability: P1=2.800000000 P2=0.217378568 EV: (0.2173785676946559, -0.2173785676946559) P1 Winnings: 84.0
Choosing model 1
[0.003295696255044703, 0.9756038074026572, 0.014449936309017548, 0.006645545677852594, 5.014355427808513e-06]
Games played: 126
Exploitability: P1=2.800000000 P2=0.217378568 EV: (0.2173785676946559, -0.2173785676946559) P1 Winnings: 93.0
Choosing model 3
[0.00407453354543538, 0.9706225228162731, 0.01773473620838364, 0.007561692801625871, 6.514628281988564e-06]
Games played: 127
Exploitability: P1=1.933333333 P2=0.217378568 EV: (-0.03774603369589698, 0.03774603369589698) P1 Winnings: 94.0
Choosing model 1
[0.003340891784979687, 0.9751228621958942, 0.014887060651354466, 0.006644348921146685, 4.836446625244703e-06]
Games played: 128
Exploitability: P1=2.800000000 P2=0.217378568 EV: (0.2173785676946559, -0.2173785676946559) P1 Winnings: 85.0
Choosing model 1
[0.0041026690875538814, 0.970203613586784, 0.017966478607097446, 0.0077209229025467846, 6.315816017952138e-06]
Games played: 129
Exploitability: P1=2.800000000 P2=0.217378568 EV: (0.2173785676946559, -0.2173785676946559) P1 Winnings: 86.0
Choosing model 1
[0.004531303104628896, 0.9674657514197595, 0.019684982516914192, 0.008310790845582748, 7.172113114592855e-06]
Games played: 130
Exploitability: P1=2.800000000 P2=0.217378568 EV: (0.2173785676946559, -0.2173785676946559) P1 Winnings: 86.0
Choosing model 1
[0.005555772820961239, 0.9610731261873663, 0.02371954341941331, 0.009642206369233245, 9.351203025791328e-06]
Games played: 131
Exploitability: P1=2.800000000 P2=0.217378568 EV: (0.2173785676946559, -0.2173785676946559) P1 Winnings: 87.0
Choosing model 1
[0.0068029180650191895, 0.9534691890157097, 0.02854348604290772, 0.011172230523136626, 1.21763532268819e-05]
Games played: 132
Exploitability: P1=2.800000000 P2=0.217378568 EV: (0.2173785676946559, -0.2173785676946559) P1 Winnings: 88.0
Choosing model 1
[0.011056309735025525, 0.9291116983921457, 0.044180771025807454, 0.01562737836739608, 2.3842479625311103e-05]
Games played: 133
Exploitability: P1=2.800000000 P2=0.217378568 EV: (0.2173785676946559, -0.2173785676946559) P1 Winnings: 89.0
Choosing model 1
[0.012448021451862233, 0.9239873102844469, 0.04424077144310342, 0.019293880593476864, 3.0016227110606846e-05]
Games played: 134
Exploitability: P1=2.800000000 P2=0.217378568 EV: (0.2173785676946559, -0.2173785676946559) P1 Winnings: 82.0
Choosing model 1
[0.013688284438786549, 0.9173409637440569, 0.0482599456688431, 0.02067686974353564, 3.393640477767638e-05]
Games played: 135
Exploitability: P1=2.800000000 P2=0.217378568 EV: (0.2173785676946559, -0.2173785676946559) P1 Winnings: 82.0
Choosing model 1
[0.017713093384358943, 0.8962838371642265, 0.061063722568825245, 0.024891979169702528, 4.7367712886839433e-05]
Games played: 136
Exploitability: P1=2.800000000 P2=0.217378568 EV: (0.2173785676946559, -0.2173785676946559) P1 Winnings: 85.0
Choosing model 1
[0.01760874175126664, 0.8959921992097878, 0.06115813438797992, 0.025195828712544024, 4.5095938421507034e-05]
Games played: 137
Exploitability: P1=2.800000000 P2=0.217378568 EV: (0.2173785676946559, -0.2173785676946559) P1 Winnings: 88.0
Choosing model 1
[0.019601513786971836, 0.885369995698126, 0.06760815096121214, 0.027369275380669557, 5.1064173020475345e-05]
Games played: 138
Exploitability: P1=2.800000000 P2=0.217378568 EV: (0.2173785676946559, -0.2173785676946559) P1 Winnings: 91.0
Choosing model 1
[0.02363518513996715, 0.8649554103642046, 0.08011582350015957, 0.031228104596796303, 6.547639887219503e-05]
Games played: 139
Exploitability: P1=2.800000000 P2=0.217378568 EV: (0.2173785676946559, -0.2173785676946559) P1 Winnings: 90.0
Choosing model 3
[0.02621631205019588, 0.8516587094290388, 0.08824994260391472, 0.033801157945603566, 7.387797124704129e-05]
Games played: 140
Exploitability: P1=1.933333333 P2=0.217378568 EV: (-0.03774603369589698, 0.03774603369589698) P1 Winnings: 93.0
Choosing model 1
[0.017380820875547952, 0.8950257583949949, 0.0615205548027048, 0.026033007402093487, 3.985852465872828e-05]
Games played: 141
Exploitability: P1=2.800000000 P2=0.217378568 EV: (0.2173785676946559, -0.2173785676946559) P1 Winnings: 90.0
Choosing model 3
[0.019431867279952685, 0.8866061514446425, 0.06327739048096746, 0.030636078154018517, 4.851264041879595e-05]
Games played: 142
Exploitability: P1=1.933333333 P2=0.217378568 EV: (-0.03774603369589698, 0.03774603369589698) P1 Winnings: 99.0
Choosing model 1
[0.01610007680481785, 0.9028969159835942, 0.039969514023876065, 0.04098486399946122, 4.862918825057072e-05]
Games played: 143
Exploitability: P1=2.800000000 P2=0.217378568 EV: (0.2173785676946559, -0.2173785676946559) P1 Winnings: 108.0
Choosing model 1
[0.01383705085944081, 0.9164215652151417, 0.03805192285228726, 0.031655518406911914, 3.394266621832709e-05]
Games played: 144
Exploitability: P1=2.800000000 P2=0.217378568 EV: (0.2173785676946559, -0.2173785676946559) P1 Winnings: 113.0
Choosing model 2
[0.013837038443958224, 0.9164216245418688, 0.03805189331396779, 0.03165550108300897, 3.39426171961509e-05]
Games played: 145
Exploitability: P1=4.600000000 P2=0.217378568 EV: (0.16255237852414012, -0.16255237852414012) P1 Winnings: 106.0
Choosing model 1
[0.011859600833048451, 0.9276065238122585, 0.036127286661246774, 0.024382961855938398, 2.3626837507844428e-05]
Games played: 146
Exploitability: P1=2.800000000 P2=0.217378568 EV: (0.2173785676946559, -0.2173785676946559) P1 Winnings: 111.0
Choosing model 1
[0.013323745210963363, 0.9205088932207846, 0.03609864175582357, 0.030039038958418446, 2.9680854009890536e-05]
Games played: 147
Exploitability: P1=2.800000000 P2=0.217378568 EV: (0.2173785676946559, -0.2173785676946559) P1 Winnings: 104.0
Choosing model 1
[0.010054904949572663, 0.9366147632515458, 0.028204418630414153, 0.0251065850658188, 1.932810264848373e-05]
Games played: 148
Exploitability: P1=2.800000000 P2=0.217378568 EV: (0.2173785676946559, -0.2173785676946559) P1 Winnings: 111.0
Choosing model 1
[0.012323684143540313, 0.9246170449331732, 0.03395762556940862, 0.029076416050190623, 2.5229303687211797e-05]
Games played: 149
Exploitability: P1=2.800000000 P2=0.217378568 EV: (0.2173785676946559, -0.2173785676946559) P1 Winnings: 112.0
Choosing model 1
[0.015067192544399916, 0.9105252241608928, 0.04078370422713501, 0.03359102792375413, 3.285114381819552e-05]
Games played: 150
Exploitability: P1=2.800000000 P2=0.217378568 EV: (0.2173785676946559, -0.2173785676946559) P1 Winnings: 113.0
Choosing model 1
[0.014140682226354334, 0.9149312566345642, 0.03859753879564722, 0.03230080584145766, 2.9716501976530148e-05]
Games played: 151
Exploitability: P1=2.800000000 P2=0.217378568 EV: (0.2173785676946559, -0.2173785676946559) P1 Winnings: 106.0
Choosing model 1
[0.010684406107116321, 0.932072830433966, 0.03019355686257354, 0.027029831722190877, 1.9374874153109664e-05]
Games played: 152
Exploitability: P1=2.800000000 P2=0.217378568 EV: (0.2173785676946559, -0.2173785676946559) P1 Winnings: 113.0
Choosing model 1
[0.007868935557829273, 0.9484221211503775, 0.025982822846532465, 0.01771579329475993, 1.0327150500717147e-05]
Games played: 153
Exploitability: P1=2.800000000 P2=0.217378568 EV: (0.2173785676946559, -0.2173785676946559) P1 Winnings: 122.0
Choosing model 1
[0.00739580576890929, 0.9510258597047204, 0.024754862215139523, 0.016814174676743385, 9.297634487273982e-06]
Games played: 154
Exploitability: P1=2.800000000 P2=0.217378568 EV: (0.2173785676946559, -0.2173785676946559) P1 Winnings: 127.0
Choosing model 1
[0.009312105969181564, 0.9402772852097105, 0.03054359730561806, 0.019854428824612313, 1.258269087741211e-05]
Games played: 155
Exploitability: P1=2.800000000 P2=0.217378568 EV: (0.2173785676946559, -0.2173785676946559) P1 Winnings: 130.0
Choosing model 1
[0.011356840774610856, 0.9291056379678285, 0.036608308207814806, 0.022912894474390773, 1.6318575355007387e-05]
Games played: 156
Exploitability: P1=2.800000000 P2=0.217378568 EV: (0.2173785676946559, -0.2173785676946559) P1 Winnings: 129.0
Choosing model 1
[0.013819349929654336, 0.9159982440440481, 0.043778377580905206, 0.02638291246213584, 2.1115983256588603e-05]
Games played: 157
Exploitability: P1=2.800000000 P2=0.217378568 EV: (0.2173785676946559, -0.2173785676946559) P1 Winnings: 130.0
Choosing model 1
[0.012966710443321604, 0.9202276924518458, 0.04142254521631745, 0.025363954997327586, 1.9096891187506534e-05]
Games played: 158
Exploitability: P1=2.800000000 P2=0.217378568 EV: (0.2173785676946559, -0.2173785676946559) P1 Winnings: 123.0
Choosing model 1
[0.014475880162179742, 0.9119473129373142, 0.04592355377034591, 0.02763156633258239, 2.1686797577740105e-05]
Games played: 159
Exploitability: P1=2.800000000 P2=0.217378568 EV: (0.2173785676946559, -0.2173785676946559) P1 Winnings: 126.0
Choosing model 1
[0.017648176506224012, 0.8954944827059099, 0.054998129804686, 0.031831052857887406, 2.8158125292585132e-05]
Games played: 160
Exploitability: P1=2.800000000 P2=0.217378568 EV: (0.2173785676946559, -0.2173785676946559) P1 Winnings: 127.0
Choosing model 1
[0.012548743050743374, 0.9212442711670693, 0.04069319036704448, 0.02549676233472775, 1.7033080415061397e-05]
Games played: 161
Exploitability: P1=2.800000000 P2=0.217378568 EV: (0.2173785676946559, -0.2173785676946559) P1 Winnings: 120.0
Choosing model 1
[0.015328601511210115, 0.9063906453397785, 0.048829426267616084, 0.029429167942697846, 2.2158938697484418e-05]
Games played: 162
Exploitability: P1=2.800000000 P2=0.217378568 EV: (0.2173785676946559, -0.2173785676946559) P1 Winnings: 121.0
Choosing model 1
[0.009968824674416092, 0.9343946082362761, 0.03339122185624985, 0.02223361805568807, 1.1727177370094184e-05]
Games played: 163
Exploitability: P1=2.800000000 P2=0.217378568 EV: (0.2173785676946559, -0.2173785676946559) P1 Winnings: 128.0
Choosing model 1
[0.016048638839939972, 0.9019263670714925, 0.05119621724414655, 0.030806030745635985, 2.2746098785086467e-05]
Games played: 164
Exploitability: P1=2.800000000 P2=0.217378568 EV: (0.2173785676946559, -0.2173785676946559) P1 Winnings: 123.0
Choosing model 1
[0.015070099212156884, 0.9067914979018327, 0.04847867137792396, 0.02963914446445924, 2.0587043627241676e-05]
Games played: 165
Exploitability: P1=2.800000000 P2=0.217378568 EV: (0.2173785676946559, -0.2173785676946559) P1 Winnings: 126.0
Choosing model 1
[0.02158752476401748, 0.8734061772639152, 0.06700045636963678, 0.037972175916710794, 3.3665685719826865e-05]
Games played: 166
Exploitability: P1=2.800000000 P2=0.217378568 EV: (0.2173785676946559, -0.2173785676946559) P1 Winnings: 121.0
Choosing model 1
[0.01667992621238575, 0.894142508085348, 0.0677110258662571, 0.021449087862600927, 1.7451973408195594e-05]
Games played: 167
Exploitability: P1=2.800000000 P2=0.217378568 EV: (0.2173785676946559, -0.2173785676946559) P1 Winnings: 124.0
Choosing model 1
[0.012353165508522362, 0.9149073185075294, 0.05859357308020417, 0.014136588745948983, 9.354157794999236e-06]
Games played: 168
Exploitability: P1=2.800000000 P2=0.217378568 EV: (0.2173785676946559, -0.2173785676946559) P1 Winnings: 133.0
Choosing model 1
[0.008742792970231299, 0.9368294474863752, 0.04315144535769585, 0.01127068214612523, 5.632039572412654e-06]
Games played: 169
Exploitability: P1=2.800000000 P2=0.217378568 EV: (0.2173785676946559, -0.2173785676946559) P1 Winnings: 126.0
Choosing model 1
[0.006381714086225171, 0.9508220148406332, 0.03485317654502836, 0.007939828854837733, 3.2656732756968304e-06]
Games played: 170
Exploitability: P1=2.800000000 P2=0.217378568 EV: (0.2173785676946559, -0.2173785676946559) P1 Winnings: 131.0
Choosing model 1
[0.007203234400653228, 0.9479760822886267, 0.03498902492467424, 0.009827536675515973, 4.1217105296874835e-06]
Games played: 171
Exploitability: P1=2.800000000 P2=0.217378568 EV: (0.2173785676946559, -0.2173785676946559) P1 Winnings: 124.0
Choosing model 1
[0.0116675054680096, 0.9206491450092533, 0.05397512129668306, 0.013700184686920566, 8.043539133476257e-06]
Games played: 172
Exploitability: P1=2.800000000 P2=0.217378568 EV: (0.2173785676946559, -0.2173785676946559) P1 Winnings: 125.0
Choosing model 2
[0.014250657993654126, 0.9048929767496383, 0.0654453225243874, 0.015400718734832113, 1.0323997488098656e-05]
Games played: 173
Exploitability: P1=4.600000000 P2=0.217378568 EV: (0.16255237852414012, -0.16255237852414012) P1 Winnings: 126.0
Choosing model 1
[0.012187830779665574, 0.9139664569142466, 0.062001509193165605, 0.01183703222834101, 7.170884581173177e-06]
Games played: 174
Exploitability: P1=2.800000000 P2=0.217378568 EV: (0.2173785676946559, -0.2173785676946559) P1 Winnings: 131.0
Choosing model 1
[0.011439586515231671, 0.9184861609950667, 0.05868418807551663, 0.011383577087027422, 6.487327157558665e-06]
Games played: 175
Exploitability: P1=2.800000000 P2=0.217378568 EV: (0.2173785676946559, -0.2173785676946559) P1 Winnings: 134.0
Choosing model 1
[0.01073445362728806, 0.9227853273630557, 0.05552973856195933, 0.01094461306262453, 5.8673850724697695e-06]
Games played: 176
Exploitability: P1=2.800000000 P2=0.217378568 EV: (0.2173785676946559, -0.2173785676946559) P1 Winnings: 121.0
Choosing model 1
[0.007784092345587715, 0.941519889807501, 0.041812739316745756, 0.008879632677480017, 3.6458526855932914e-06]
Games played: 177
Exploitability: P1=2.800000000 P2=0.217378568 EV: (0.2173785676946559, -0.2173785676946559) P1 Winnings: 121.0
Choosing model 1
[0.008709474120727395, 0.9351316063076406, 0.04645966946199303, 0.009695100562944273, 4.149546694799077e-06]
Games played: 178
Exploitability: P1=2.800000000 P2=0.217378568 EV: (0.2173785676946559, -0.2173785676946559) P1 Winnings: 121.0
Choosing model 1
[0.011155609771239989, 0.9190065887644316, 0.058238618601419975, 0.011593449176811585, 5.733686096978482e-06]
Games played: 179
Exploitability: P1=2.800000000 P2=0.217378568 EV: (0.2173785676946559, -0.2173785676946559) P1 Winnings: 122.0
Choosing model 1
[0.008123972513501368, 0.9384409182219352, 0.04400550799587727, 0.009426010911324901, 3.5903573612155146e-06]
Games played: 180
Exploitability: P1=2.800000000 P2=0.217378568 EV: (0.2173785676946559, -0.2173785676946559) P1 Winnings: 122.0
Choosing model 1
[0.009954272190097995, 0.9261606163014854, 0.052967037032480624, 0.010913389232121741, 4.685243813965384e-06]
Games played: 181
Exploitability: P1=2.800000000 P2=0.217378568 EV: (0.2173785676946559, -0.2173785676946559) P1 Winnings: 123.0
Choosing model 1
[0.007540015094363068, 0.9323763010853311, 0.054280461900226576, 0.005800903801805041, 2.3181182742515653e-06]
Games played: 182
Exploitability: P1=2.800000000 P2=0.217378568 EV: (0.2173785676946559, -0.2173785676946559) P1 Winnings: 128.0
Choosing model 1
[0.004316581079048534, 0.9585077976900805, 0.033149108894920926, 0.004025495585568734, 1.0167503810771364e-06]
Games played: 183
Exploitability: P1=2.800000000 P2=0.217378568 EV: (0.2173785676946559, -0.2173785676946559) P1 Winnings: 135.0
Choosing model 1
[0.005281509770506116, 0.9501962315037267, 0.039860245526747225, 0.0046606902853039735, 1.3229137158695237e-06]
Games played: 184
Exploitability: P1=2.800000000 P2=0.217378568 EV: (0.2173785676946559, -0.2173785676946559) P1 Winnings: 136.0
Choosing model 1
[0.00494705631240803, 0.952928944611539, 0.037649885854898396, 0.004472918877127911, 1.1943440267705198e-06]
Games played: 185
Exploitability: P1=2.800000000 P2=0.217378568 EV: (0.2173785676946559, -0.2173785676946559) P1 Winnings: 139.0
Choosing model 1
[0.006079738400284958, 0.9432718289275013, 0.045452657097987806, 0.005194212351239844, 1.5632229860987641e-06]
Games played: 186
Exploitability: P1=2.800000000 P2=0.217378568 EV: (0.2173785676946559, -0.2173785676946559) P1 Winnings: 140.0
Choosing model 0
[0.007636077878088794, 0.9303010832297348, 0.0559425156618904, 0.006118212926226171, 2.110304059929512e-06]
Games played: 187
Exploitability: P1=1.900000000 P2=0.217378568 EV: (-0.09079072511379416, 0.09079072511379416) P1 Winnings: 143.0
Choosing model 1
[0.011025068893703529, 0.9031431077228116, 0.07792795324536497, 0.007900391872532067, 3.4782655878090884e-06]
Games played: 188
Exploitability: P1=2.800000000 P2=0.217378568 EV: (0.2173785676946559, -0.2173785676946559) P1 Winnings: 143.0
Choosing model 1
[0.013334168960762905, 0.8849948372067952, 0.09262490128675745, 0.00904161905570853, 4.473489976071896e-06]
Games played: 189
Exploitability: P1=2.800000000 P2=0.217378568 EV: (0.2173785676946559, -0.2173785676946559) P1 Winnings: 142.0
Choosing model 1
[0.010159579629161853, 0.9091423356206177, 0.07306547014852578, 0.00762967344993937, 2.941151755483543e-06]
Games played: 190
Exploitability: P1=2.800000000 P2=0.217378568 EV: (0.2173785676946559, -0.2173785676946559) P1 Winnings: 149.0
Choosing model 1
[0.012839590760794144, 0.9046021312066883, 0.06955505339986853, 0.012998193393397887, 5.031239251212258e-06]
Games played: 191
Exploitability: P1=2.800000000 P2=0.217378568 EV: (0.2173785676946559, -0.2173785676946559) P1 Winnings: 140.0
Choosing model 1
[0.0077331073874513006, 0.9384101052857688, 0.044490617801603814, 0.009363806445622146, 2.363079553991507e-06]
Games played: 192
Exploitability: P1=2.800000000 P2=0.217378568 EV: (0.2173785676946559, -0.2173785676946559) P1 Winnings: 133.0
Choosing model 1
[0.009423348629475305, 0.9264956017267192, 0.05328065809924299, 0.010797329379827626, 3.062164735157003e-06]
Games played: 193
Exploitability: P1=2.800000000 P2=0.217378568 EV: (0.2173785676946559, -0.2173785676946559) P1 Winnings: 134.0
Choosing model 1
[0.008866430483888632, 0.9300537741595455, 0.05081802796070451, 0.010259007488150574, 2.759907710931011e-06]
Games played: 194
Exploitability: P1=2.800000000 P2=0.217378568 EV: (0.2173785676946559, -0.2173785676946559) P1 Winnings: 139.0
Choosing model 1
[0.010844531122933366, 0.9162380691039173, 0.061057265167446376, 0.011856539513959572, 3.595091743503346e-06]
Games played: 195
Exploitability: P1=2.800000000 P2=0.217378568 EV: (0.2173785676946559, -0.2173785676946559) P1 Winnings: 140.0
Choosing model 1
[0.010177292095712144, 0.920636604742833, 0.05778215288347701, 0.01140069835229546, 3.25192568241388e-06]
Games played: 196
Exploitability: P1=2.800000000 P2=0.217378568 EV: (0.2173785676946559, -0.2173785676946559) P1 Winnings: 127.0
Choosing model 1
[0.006593509514901311, 0.9454615958143777, 0.03936273284921505, 0.00858044734087721, 1.7144806286341781e-06]
Games played: 197
Exploitability: P1=2.800000000 P2=0.217378568 EV: (0.2173785676946559, -0.2173785676946559) P1 Winnings: 127.0
Choosing model 1
[0.0049515629303808805, 0.9573063030197391, 0.030604518328289098, 0.007136504707854671, 1.1110137362964294e-06]
Games played: 198
Exploitability: P1=2.800000000 P2=0.217378568 EV: (0.2173785676946559, -0.2173785676946559) P1 Winnings: 134.0
Choosing model 1
[0.0035964827530832045, 0.9668033439536402, 0.024596940937347034, 0.005002591330891059, 6.410250386143315e-07]
Games played: 199
Exploitability: P1=2.800000000 P2=0.217378568 EV: (0.2173785676946559, -0.2173785676946559) P1 Winnings: 139.0
Choosing model 1
[0.0026062944073067217, 0.9741709629580966, 0.01972361238167517, 0.0034987612410231263, 3.6901189829339786e-07]
Games played: 200
Exploitability: P1=2.800000000 P2=0.217378568 EV: (0.2173785676946559, -0.2173785676946559) P1 Winnings: 144.0
