Player 1 exploitability: 0.180489364262
Choosing model 2
[0.18677549858670964, 0.2518264042410965, 0.19337242550456207, 0.20685682998660582, 0.16116884168102596]
Games played: 1
Exploitability: P1=4.600000000 P2=0.094837350 EV: (0.026756349289105467, -0.026756349289105467) P1 Winnings: -3
Choosing model 2
[0.20487396968792204, 0.18573349233068548, 0.20464528238125604, 0.20293166862061524, 0.20181558697952126]
Games played: 2
Exploitability: P1=4.600000000 P2=0.094837350 EV: (0.026756349289105467, -0.026756349289105467) P1 Winnings: -8
Choosing model 4
[0.19081756097885005, 0.23909831700614237, 0.19749929358715096, 0.21013587591440006, 0.16244895251345653]
Games played: 3
Exploitability: P1=2.600000000 P2=0.094837350 EV: (-0.13286419280087053, 0.13286419280087053) P1 Winnings: -3.0
Choosing model 0
[0.2161721900274318, 0.1448336330099528, 0.21116946095105488, 0.19903194893625537, 0.2287927670753053]
Games played: 4
Exploitability: P1=1.900000000 P2=0.094837350 EV: (-0.08765359493375353, 0.08765359493375353) P1 Winnings: -4.0
Choosing model 2
[0.21617216813560516, 0.14483374724478568, 0.2111694632168813, 0.1990319932667018, 0.22879262813602622]
Games played: 5
Exploitability: P1=4.600000000 P2=0.094837350 EV: (0.026756349289105467, -0.026756349289105467) P1 Winnings: -5.0
Choosing model 4
[0.21674619756110186, 0.128668556939207, 0.19479010448568415, 0.2100579759268807, 0.2497371650871263]
Games played: 6
Exploitability: P1=2.600000000 P2=0.094837350 EV: (-0.13286419280087053, 0.13286419280087053) P1 Winnings: -14.0
Choosing model 3
[0.2167461792974205, 0.12866866987659326, 0.194790111641734, 0.21005803174719456, 0.24973700743705765]
Games played: 7
Exploitability: P1=1.933333333 P2=0.094837350 EV: (-0.03470727028783455, 0.03470727028783455) P1 Winnings: -17.0
Choosing model 0
[0.19559423577644422, 0.07992146136248279, 0.12656549513234816, 0.25709967898076264, 0.3408191287479623]
Games played: 8
Exploitability: P1=1.900000000 P2=0.094837350 EV: (-0.08765359493375353, 0.08765359493375353) P1 Winnings: -10.0
Choosing model 2
[0.19129132898110543, 0.11308738038978403, 0.12880359507500883, 0.2832529293571444, 0.28356476619695736]
Games played: 9
Exploitability: P1=4.600000000 P2=0.094837350 EV: (0.026756349289105467, -0.026756349289105467) P1 Winnings: -11.0
Choosing model 3
[0.18812231838951915, 0.09853945047779175, 0.11653518998440712, 0.29321354116905585, 0.3035894999792261]
Games played: 10
Exploitability: P1=1.933333333 P2=0.094837350 EV: (-0.03470727028783455, 0.03470727028783455) P1 Winnings: -20.0
Choosing model 1
[0.18300592876683017, 0.12931059022184357, 0.11742636420337493, 0.3156693271713068, 0.2545877896366446]
Games played: 11
Exploitability: P1=2.800000000 P2=0.094837350 EV: (0.09216337126960374, -0.09216337126960374) P1 Winnings: -13.0
Choosing model 2
[0.18142994420121963, 0.13725758320721454, 0.11739357627096976, 0.3206477775785496, 0.2432711187420465]
Games played: 12
Exploitability: P1=4.600000000 P2=0.094837350 EV: (0.026756349289105467, -0.026756349289105467) P1 Winnings: -26.0
Choosing model 1
[0.18912694870331698, 0.16897495443092733, 0.13555668268720425, 0.3003883085735705, 0.2059531056049809]
Games played: 13
Exploitability: P1=2.800000000 P2=0.094837350 EV: (0.09216337126960374, -0.09216337126960374) P1 Winnings: -21.0
Choosing model 3
[0.19668532410553916, 0.14153999788693147, 0.13848318584893804, 0.29518358669676853, 0.2281079054618228]
Games played: 14
Exploitability: P1=1.933333333 P2=0.094837350 EV: (-0.03470727028783455, 0.03470727028783455) P1 Winnings: -20.0
Choosing model 3
[0.19470301264358753, 0.15001626784481775, 0.1382396669459494, 0.29939528809044313, 0.2176457644752022]
Games played: 15
Exploitability: P1=1.933333333 P2=0.094837350 EV: (-0.03470727028783455, 0.03470727028783455) P1 Winnings: -31.0
Choosing model 1
[0.16914886746413996, 0.24099198898034235, 0.12853905641248203, 0.318415862619261, 0.14290422452377474]
Games played: 16
Exploitability: P1=2.800000000 P2=0.094837350 EV: (0.09216337126960374, -0.09216337126960374) P1 Winnings: -31.0
Choosing model 2
[0.19171764260909566, 0.1637728475762633, 0.13875205210627944, 0.310612524740949, 0.19514493296741256]
Games played: 17
Exploitability: P1=4.600000000 P2=0.094837350 EV: (0.026756349289105467, -0.026756349289105467) P1 Winnings: -30.0
Choosing model 3
[0.20737399047300434, 0.10621366952534719, 0.1429364333712054, 0.2891628197742395, 0.2543130868562036]
Games played: 18
Exploitability: P1=1.933333333 P2=0.094837350 EV: (-0.03470727028783455, 0.03470727028783455) P1 Winnings: -30.0
Choosing model 3
[0.21454455336840253, 0.07539563304227909, 0.1429820555965512, 0.269296946502054, 0.2977808114907131]
Games played: 19
Exploitability: P1=1.933333333 P2=0.094837350 EV: (-0.03470727028783455, 0.03470727028783455) P1 Winnings: -30.0
Choosing model 0
[0.21804174049627498, 0.05257398639483357, 0.14050088812448952, 0.24636519014116623, 0.34251819484323576]
Games played: 20
Exploitability: P1=1.900000000 P2=0.094837350 EV: (-0.08765359493375353, 0.08765359493375353) P1 Winnings: -30.0
Choosing model 3
[0.2283996699966472, 0.05685908314052883, 0.15583653317500243, 0.23334583360539785, 0.3255588800824238]
Games played: 21
Exploitability: P1=1.933333333 P2=0.094837350 EV: (-0.03470727028783455, 0.03470727028783455) P1 Winnings: -29.0
Choosing model 4
[0.22839967521673035, 0.05685913913859125, 0.15583655559290896, 0.23334592060972528, 0.32555870944204424]
Games played: 22
Exploitability: P1=2.600000000 P2=0.094837350 EV: (-0.13286419280087053, 0.13286419280087053) P1 Winnings: -32.0
Choosing model 4
[0.22839968002919, 0.056859190941370125, 0.15583657633016865, 0.23334600113063683, 0.3255585515686344]
Games played: 23
Exploitability: P1=2.600000000 P2=0.094837350 EV: (-0.13286419280087053, 0.13286419280087053) P1 Winnings: -33.0
Choosing model 0
[0.2298723778405784, 0.04390727465206552, 0.15349501086310752, 0.21925556400844753, 0.35346977263580104]
Games played: 24
Exploitability: P1=1.900000000 P2=0.094837350 EV: (-0.08765359493375353, 0.08765359493375353) P1 Winnings: -33.0
Choosing model 3
[0.22987238969006124, 0.04390731599295732, 0.15349503596695957, 0.21925564634960393, 0.35346961200041793]
Games played: 25
Exploitability: P1=1.933333333 P2=0.094837350 EV: (-0.03470727028783455, 0.03470727028783455) P1 Winnings: -34.0
Choosing model 4
[0.1911554496844148, 0.02513175208819323, 0.09190476374749702, 0.24729099439687596, 0.4445170400830189]
Games played: 26
Exploitability: P1=2.600000000 P2=0.094837350 EV: (-0.13286419280087053, 0.13286419280087053) P1 Winnings: -27.0
Choosing model 4
[0.1925880898486076, 0.02710965318049539, 0.09337178969362477, 0.2552719402063062, 0.431658527070966]
Games played: 27
Exploitability: P1=2.600000000 P2=0.094837350 EV: (-0.13286419280087053, 0.13286419280087053) P1 Winnings: -28.0
Choosing model 4
[0.19578594032073582, 0.038091737908127865, 0.09835580591005204, 0.2885187252267071, 0.37924779063437725]
Games played: 28
Exploitability: P1=2.600000000 P2=0.094837350 EV: (-0.13286419280087053, 0.13286419280087053) P1 Winnings: -33.0
Choosing model 3
[0.19578595079566136, 0.038091773847826464, 0.09835582218815053, 0.28851883414327656, 0.37924761902508514]
Games played: 29
Exploitability: P1=1.933333333 P2=0.094837350 EV: (-0.03470727028783455, 0.03470727028783455) P1 Winnings: -34.0
Choosing model 3
[0.19512548847636157, 0.060177609557096494, 0.1030717566178366, 0.3340417304509839, 0.30758341489772156]
Games played: 30
Exploitability: P1=1.933333333 P2=0.094837350 EV: (-0.03470727028783455, 0.03470727028783455) P1 Winnings: -37.0
Choosing model 1
[0.19718709623952071, 0.05657191516754779, 0.10416306539712884, 0.33592974730553943, 0.30614817589026316]
Games played: 31
Exploitability: P1=2.800000000 P2=0.094837350 EV: (0.09216337126960374, -0.09216337126960374) P1 Winnings: -40.0
Choosing model 4
[0.19678007780357534, 0.060445221892950124, 0.10482172628890002, 0.3434813318772406, 0.2944716421373339]
Games played: 32
Exploitability: P1=2.600000000 P2=0.094837350 EV: (-0.13286419280087053, 0.13286419280087053) P1 Winnings: -47.0
Choosing model 2
[0.19819706053477806, 0.054966001432145244, 0.1047328286453109, 0.3371597567479207, 0.30494435263984504]
Games played: 33
Exploitability: P1=4.600000000 P2=0.094837350 EV: (0.026756349289105467, -0.026756349289105467) P1 Winnings: -50.0
Choosing model 0
[0.19410533839337157, 0.07440278413778398, 0.10628092912807921, 0.367108860048502, 0.2581020882922632]
Games played: 34
Exploitability: P1=1.900000000 P2=0.094837350 EV: (-0.08765359493375353, 0.08765359493375353) P1 Winnings: -59.0
Choosing model 3
[0.18306861219420284, 0.11149483978925062, 0.10567341043468283, 0.4047205581742445, 0.19504257940761918]
Games played: 35
Exploitability: P1=1.933333333 P2=0.094837350 EV: (-0.03470727028783455, 0.03470727028783455) P1 Winnings: -64.0
Choosing model 1
[0.173343868453496, 0.1506579933237902, 0.10558519462358205, 0.41695686606067056, 0.15345607753846108]
Games played: 36
Exploitability: P1=2.800000000 P2=0.094837350 EV: (0.09216337126960374, -0.09216337126960374) P1 Winnings: -57.0
Choosing model 3
[0.1835473734818076, 0.12837428196288214, 0.1109866634826812, 0.4063389770813549, 0.1707527039912742]
Games played: 37
Exploitability: P1=1.933333333 P2=0.094837350 EV: (-0.03470727028783455, 0.03470727028783455) P1 Winnings: -56.0
Choosing model 4
[0.18354733938922482, 0.12837438161457493, 0.11098665629712905, 0.4063390438257476, 0.17075257887332362]
Games played: 38
Exploitability: P1=2.600000000 P2=0.094837350 EV: (-0.13286419280087053, 0.13286419280087053) P1 Winnings: -59.0
Choosing model 3
[0.19200380507504267, 0.13864787524459515, 0.12293254880976193, 0.38433963243150276, 0.1620761384390974]
Games played: 39
Exploitability: P1=1.933333333 P2=0.094837350 EV: (-0.03470727028783455, 0.03470727028783455) P1 Winnings: -58.0
Choosing model 1
[0.20002388431774085, 0.14912771093138985, 0.13560424464852183, 0.3620362567379885, 0.15320790336435888]
Games played: 40
Exploitability: P1=2.800000000 P2=0.094837350 EV: (0.09216337126960374, -0.09216337126960374) P1 Winnings: -57.0
Choosing model 3
[0.19705909524080711, 0.15730097904469972, 0.13471713032477078, 0.36544223288737676, 0.1454805625023456]
Games played: 41
Exploitability: P1=1.933333333 P2=0.094837350 EV: (-0.03470727028783455, 0.03470727028783455) P1 Winnings: -70.0
Choosing model 1
[0.2043014179550549, 0.16837570766158763, 0.14788771410788581, 0.3425772402408794, 0.1368579200345922]
Games played: 42
Exploitability: P1=2.800000000 P2=0.094837350 EV: (0.09216337126960374, -0.09216337126960374) P1 Winnings: -69.0
Choosing model 3
[0.2137569723132282, 0.14273412305824573, 0.15206558291251726, 0.33917209922621927, 0.15227122248978953]
Games played: 43
Exploitability: P1=1.933333333 P2=0.094837350 EV: (-0.03470727028783455, 0.03470727028783455) P1 Winnings: -68.0
Choosing model 1
[0.23399205952769583, 0.1344364190047339, 0.1802813594137396, 0.3013402475848279, 0.14994991446900272]
Games played: 44
Exploitability: P1=2.800000000 P2=0.094837350 EV: (0.09216337126960374, -0.09216337126960374) P1 Winnings: -65.0
Choosing model 0
[0.19821344218284406, 0.2249645856864507, 0.1644691161077426, 0.318554301002885, 0.09379855502007754]
Games played: 45
Exploitability: P1=1.900000000 P2=0.094837350 EV: (-0.08765359493375353, 0.08765359493375353) P1 Winnings: -58.0
Choosing model 1
[0.22020292299514369, 0.1680452396685997, 0.17628471143010688, 0.3165093415446967, 0.11895778436145316]
Games played: 46
Exploitability: P1=2.800000000 P2=0.094837350 EV: (0.09216337126960374, -0.09216337126960374) P1 Winnings: -58.0
Choosing model 1
[0.23290012591011947, 0.13636953712760289, 0.18247142400550032, 0.3125303077124498, 0.13572860524432784]
Games played: 47
Exploitability: P1=2.800000000 P2=0.094837350 EV: (0.09216337126960374, -0.09216337126960374) P1 Winnings: -57.0
Choosing model 1
[0.2156035022597751, 0.1776250599763766, 0.17540255125464674, 0.32370155140861345, 0.10766733510058815]
Games played: 48
Exploitability: P1=2.800000000 P2=0.094837350 EV: (0.09216337126960374, -0.09216337126960374) P1 Winnings: -57.0
Choosing model 2
[0.21603089386835633, 0.21018698975567898, 0.19468303482235766, 0.29148430470823145, 0.08761477684537554]
Games played: 49
Exploitability: P1=4.600000000 P2=0.094837350 EV: (0.026756349289105467, -0.026756349289105467) P1 Winnings: -52.0
Choosing model 1
[0.2196395467952376, 0.18934396217326427, 0.18209870179119383, 0.3119424121576968, 0.09697537708260742]
Games played: 50
Exploitability: P1=2.800000000 P2=0.094837350 EV: (0.09216337126960374, -0.09216337126960374) P1 Winnings: -43.0
Choosing model 2
[0.2197812711745316, 0.1673553305686347, 0.16206389068469843, 0.34229290386425154, 0.10850660370788365]
Games played: 51
Exploitability: P1=4.600000000 P2=0.094837350 EV: (0.026756349289105467, -0.026756349289105467) P1 Winnings: -50.0
Choosing model 1
[0.18351677074490425, 0.264208718310658, 0.1479591056058963, 0.33872334571083923, 0.06559205962770208]
Games played: 52
Exploitability: P1=2.800000000 P2=0.094837350 EV: (0.09216337126960374, -0.09216337126960374) P1 Winnings: -41.0
Choosing model 0
[0.18351670564293232, 0.2642088787526752, 0.14795907102096867, 0.33872334410319965, 0.06559200048022418]
Games played: 53
Exploitability: P1=1.900000000 P2=0.094837350 EV: (-0.08765359493375353, 0.08765359493375353) P1 Winnings: -48.0
Choosing model 1
[0.15194446886634377, 0.34757287011628624, 0.12914715949961914, 0.32782223654570863, 0.04351326497204214]
Games played: 54
Exploitability: P1=2.800000000 P2=0.094837350 EV: (0.09216337126960374, -0.09216337126960374) P1 Winnings: -53.0
Choosing model 0
[0.15473571353527504, 0.3126507564772275, 0.11697412206892814, 0.3660896098406382, 0.04954979807793117]
Games played: 55
Exploitability: P1=1.900000000 P2=0.094837350 EV: (-0.08765359493375353, 0.08765359493375353) P1 Winnings: -60.0
Choosing model 3
[0.1307598695010427, 0.382256514457368, 0.10286014703676481, 0.34850174958491814, 0.03562171941990634]
Games played: 56
Exploitability: P1=1.933333333 P2=0.094837350 EV: (-0.03470727028783455, 0.03470727028783455) P1 Winnings: -61.0
Choosing model 2
[0.1346499099007924, 0.36617437163429006, 0.10592252271278386, 0.3571246283735664, 0.03612856737856727]
Games played: 57
Exploitability: P1=4.600000000 P2=0.094837350 EV: (0.026756349289105467, -0.026756349289105467) P1 Winnings: -64.0
Choosing model 1
[0.12509495002961254, 0.3133405650594596, 0.07818751192466883, 0.44289056791278475, 0.04048640507347416]
Games played: 58
Exploitability: P1=2.800000000 P2=0.094837350 EV: (0.09216337126960374, -0.09216337126960374) P1 Winnings: -77.0
Choosing model 3
[0.12480185385786775, 0.27612506302279827, 0.06937738417626442, 0.4845303857944987, 0.04516531314857084]
Games played: 59
Exploitability: P1=1.933333333 P2=0.094837350 EV: (-0.03470727028783455, 0.03470727028783455) P1 Winnings: -84.0
Choosing model 1
[0.12978908141213452, 0.25926210184296866, 0.07157320868585036, 0.491082719439173, 0.04829288861987353]
Games played: 60
Exploitability: P1=2.800000000 P2=0.094837350 EV: (0.09216337126960374, -0.09216337126960374) P1 Winnings: -81.0
Choosing model 4
[0.1401252935021892, 0.2267863635933748, 0.07594141945210066, 0.5017021457686757, 0.05544477768365962]
Games played: 61
Exploitability: P1=2.600000000 P2=0.094837350 EV: (-0.13286419280087053, 0.13286419280087053) P1 Winnings: -82.0
Choosing model 1
[0.15059097242461403, 0.19630784101574408, 0.08017125585967422, 0.5094704519407893, 0.06345947875917819]
Games played: 62
Exploitability: P1=2.800000000 P2=0.094837350 EV: (0.09216337126960374, -0.09216337126960374) P1 Winnings: -82.0
Choosing model 2
[0.16387730876764967, 0.2839224577877059, 0.1180357936072217, 0.3890560757148623, 0.045108364122560446]
Games played: 63
Exploitability: P1=4.600000000 P2=0.094837350 EV: (0.026756349289105467, -0.026756349289105467) P1 Winnings: -77.0
Choosing model 3
[0.16676849145635073, 0.2560034847487765, 0.11050780866308313, 0.4167464931874178, 0.04997372194437203]
Games played: 64
Exploitability: P1=1.933333333 P2=0.094837350 EV: (-0.03470727028783455, 0.03470727028783455) P1 Winnings: -86.0
Choosing model 0
[0.14607954888061161, 0.30993888575668876, 0.10029992873724015, 0.40585064129621046, 0.03783099532924907]
Games played: 65
Exploitability: P1=1.900000000 P2=0.094837350 EV: (-0.08765359493375353, 0.08765359493375353) P1 Winnings: -99.0
Choosing model 1
[0.14163742612497876, 0.3217533869655565, 0.09806728452154007, 0.40318733368769377, 0.035354568700230855]
Games played: 66
Exploitability: P1=2.800000000 P2=0.094837350 EV: (0.09216337126960374, -0.09216337126960374) P1 Winnings: -100.0
Choosing model 3
[0.15466706517538967, 0.2829966228835521, 0.1051965610135799, 0.41602299763979567, 0.04111675328768275]
Games played: 67
Exploitability: P1=1.933333333 P2=0.094837350 EV: (-0.03470727028783455, 0.03470727028783455) P1 Winnings: -99.0
Choosing model 3
[0.14487179967316074, 0.2583956228244425, 0.08519457071153241, 0.4695669828448322, 0.0419710239460322]
Games played: 68
Exploitability: P1=1.933333333 P2=0.094837350 EV: (-0.03470727028783455, 0.03470727028783455) P1 Winnings: -90.0
Choosing model 1
[0.15094561695355022, 0.23899074741499046, 0.08815198818177587, 0.47742765051067604, 0.044483996939007384]
Games played: 69
Exploitability: P1=2.800000000 P2=0.094837350 EV: (0.09216337126960374, -0.09216337126960374) P1 Winnings: -93.0
Choosing model 3
[0.16225657613365865, 0.20814328829047987, 0.09312445817786737, 0.48562641127870776, 0.05084926611928639]
Games played: 70
Exploitability: P1=1.933333333 P2=0.094837350 EV: (-0.03470727028783455, 0.03470727028783455) P1 Winnings: -94.0
Choosing model 3
[0.15036590219462376, 0.2363382043239565, 0.08835080881428657, 0.482278881768803, 0.04266620289833003]
Games played: 71
Exploitability: P1=1.933333333 P2=0.094837350 EV: (-0.03470727028783455, 0.03470727028783455) P1 Winnings: -103.0
Choosing model 2
[0.18504246417987286, 0.15151145106941247, 0.10268773397289964, 0.49611552710500234, 0.0646428236728127]
Games played: 72
Exploitability: P1=4.600000000 P2=0.094837350 EV: (0.026756349289105467, -0.026756349289105467) P1 Winnings: -103.0
Choosing model 3
[0.19921139242028124, 0.1257983696991655, 0.10875956375433957, 0.4915196921420463, 0.07471098198416717]
Games played: 73
Exploitability: P1=1.933333333 P2=0.094837350 EV: (-0.03470727028783455, 0.03470727028783455) P1 Winnings: -100.0
Choosing model 3
[0.20827618449908356, 0.1357918067533347, 0.12040021862399569, 0.4646556669794373, 0.07087612314414884]
Games played: 74
Exploitability: P1=1.933333333 P2=0.094837350 EV: (-0.03470727028783455, 0.03470727028783455) P1 Winnings: -99.0
Choosing model 3
[0.1809690155642517, 0.18746808752384592, 0.11028738979053525, 0.47193244824400105, 0.04934305887736609]
Games played: 75
Exploitability: P1=1.933333333 P2=0.094837350 EV: (-0.03470727028783455, 0.03470727028783455) P1 Winnings: -99.0
Choosing model 1
[0.15578209582533944, 0.1793490790414745, 0.08002195223675165, 0.5392506748339126, 0.04559619806252169]
Games played: 76
Exploitability: P1=2.800000000 P2=0.094837350 EV: (0.09216337126960374, -0.09216337126960374) P1 Winnings: -90.0
Choosing model 1
[0.16626499079614812, 0.15417740373277522, 0.08389768674086534, 0.543831810920691, 0.051828107809520456]
Games played: 77
Exploitability: P1=2.800000000 P2=0.094837350 EV: (0.09216337126960374, -0.09216337126960374) P1 Winnings: -89.0
Choosing model 0
[0.13500644674428824, 0.2248076880397513, 0.07267153224680929, 0.5352717286404607, 0.032242604328690506]
Games played: 78
Exploitability: P1=1.900000000 P2=0.094837350 EV: (-0.08765359493375353, 0.08765359493375353) P1 Winnings: -82.0
Choosing model 3
[0.13661456237962538, 0.26865516151491114, 0.08145897773536977, 0.48677373461254514, 0.026497563757548765]
Games played: 79
Exploitability: P1=1.933333333 P2=0.094837350 EV: (-0.03470727028783455, 0.03470727028783455) P1 Winnings: -77.0
Choosing model 3
[0.13896936472221502, 0.15675965540315157, 0.061025171377637306, 0.6028325071397547, 0.04041330135724147]
Games played: 80
Exploitability: P1=1.933333333 P2=0.094837350 EV: (-0.03470727028783455, 0.03470727028783455) P1 Winnings: -77.0
Choosing model 3
[0.16650303175606843, 0.10042660867593661, 0.06900747932747944, 0.6038663725430645, 0.06019650769745106]
Games played: 81
Exploitability: P1=1.933333333 P2=0.094837350 EV: (-0.03470727028783455, 0.03470727028783455) P1 Winnings: -78.0
Choosing model 3
[0.15131755727481508, 0.05235196745165441, 0.04618610252383495, 0.6681215371579059, 0.08202283559178959]
Games played: 82
Exploitability: P1=1.933333333 P2=0.094837350 EV: (-0.03470727028783455, 0.03470727028783455) P1 Winnings: -71.0
Choosing model 4
[0.15887630280531703, 0.04316224412711223, 0.047520212897038144, 0.6578770026733967, 0.0925642374971359]
Games played: 83
Exploitability: P1=2.600000000 P2=0.094837350 EV: (-0.13286419280087053, 0.13286419280087053) P1 Winnings: -74.0
Choosing model 3
[0.09803303527270679, 0.02038929173623164, 0.016953589521927805, 0.7620767771141775, 0.10254730635495626]
Games played: 84
Exploitability: P1=1.933333333 P2=0.094837350 EV: (-0.03470727028783455, 0.03470727028783455) P1 Winnings: -63.0
Choosing model 4
[0.08743020842446206, 0.028892184234518618, 0.015939867245389712, 0.7944595346107838, 0.07327820548484568]
Games played: 85
Exploitability: P1=2.600000000 P2=0.094837350 EV: (-0.13286419280087053, 0.13286419280087053) P1 Winnings: -68.0
Choosing model 3
[0.09271819544187478, 0.023134132498711216, 0.016528719642446565, 0.783798601374209, 0.08382035104275842]
Games played: 86
Exploitability: P1=1.933333333 P2=0.094837350 EV: (-0.03470727028783455, 0.03470727028783455) P1 Winnings: -68.0
Choosing model 3
[0.10090424938411989, 0.025993862434338356, 0.01904662694204104, 0.7712831508436604, 0.0827721103958402]
Games played: 87
Exploitability: P1=1.933333333 P2=0.094837350 EV: (-0.03470727028783455, 0.03470727028783455) P1 Winnings: -67.0
Choosing model 4
[0.12057470252171124, 0.04541786421516031, 0.02893878355449049, 0.7403950904529901, 0.06467355925564797]
Games played: 88
Exploitability: P1=2.600000000 P2=0.094837350 EV: (-0.13286419280087053, 0.13286419280087053) P1 Winnings: -62.0
Choosing model 1
[0.12057467227835941, 0.04541789324511919, 0.02893877953702111, 0.7403951446305851, 0.0646735103089151]
Games played: 89
Exploitability: P1=2.800000000 P2=0.094837350 EV: (0.09216337126960374, -0.09216337126960374) P1 Winnings: -63.0
Choosing model 3
[0.09632477794156956, 0.03341980241755845, 0.018368661220469533, 0.7895659433336734, 0.06232081508672926]
Games played: 90
Exploitability: P1=1.933333333 P2=0.094837350 EV: (-0.03470727028783455, 0.03470727028783455) P1 Winnings: -76.0
Choosing model 3
[0.10461511328690154, 0.03747428911676587, 0.02112361746869379, 0.775371251970266, 0.06141572815737287]
Games played: 91
Exploitability: P1=1.933333333 P2=0.094837350 EV: (-0.03470727028783455, 0.03470727028783455) P1 Winnings: -75.0
Choosing model 3
[0.11073261368277858, 0.03070132347588309, 0.021880541166743737, 0.7664589520937027, 0.07022656958089193]
Games played: 92
Exploitability: P1=1.933333333 P2=0.094837350 EV: (-0.03470727028783455, 0.03470727028783455) P1 Winnings: -75.0
Choosing model 3
[0.10349636059160788, 0.040949578940621956, 0.02157994295739716, 0.7794346305740931, 0.054539486936279837]
Games played: 93
Exploitability: P1=1.933333333 P2=0.094837350 EV: (-0.03470727028783455, 0.03470727028783455) P1 Winnings: -68.0
Choosing model 3
[0.1101655648281935, 0.032910889025352594, 0.022460640467254378, 0.7718443525412121, 0.06261855313798736]
Games played: 94
Exploitability: P1=1.933333333 P2=0.094837350 EV: (-0.03470727028783455, 0.03470727028783455) P1 Winnings: -65.0
Choosing model 3
[0.1194014620929175, 0.03682786185674418, 0.02577628304633036, 0.7564119554246044, 0.06158243757940348]
Games played: 95
Exploitability: P1=1.933333333 P2=0.094837350 EV: (-0.03470727028783455, 0.03470727028783455) P1 Winnings: -64.0
Choosing model 3
[0.10942246405195379, 0.046647473054796364, 0.02447650337348116, 0.7706800087738583, 0.04877355074591019]
Games played: 96
Exploitability: P1=1.933333333 P2=0.094837350 EV: (-0.03470727028783455, 0.03470727028783455) P1 Winnings: -77.0
Choosing model 2
[0.11834487023354079, 0.05208877954774033, 0.02803023250904356, 0.7536711920791018, 0.04786492563057349]
Games played: 97
Exploitability: P1=4.600000000 P2=0.094837350 EV: (0.026756349289105467, -0.026756349289105467) P1 Winnings: -76.0
Choosing model 2
[0.12710766697545564, 0.043147265693534886, 0.029617959072658347, 0.7449370240942358, 0.055190084164115395]
Games played: 98
Exploitability: P1=4.600000000 P2=0.094837350 EV: (0.026756349289105467, -0.026756349289105467) P1 Winnings: -73.0
Choosing model 3
[0.13716641437715718, 0.04807313331836757, 0.03384274205771935, 0.7268762392042971, 0.054041471042458836]
Games played: 99
Exploitability: P1=1.933333333 P2=0.094837350 EV: (-0.03470727028783455, 0.03470727028783455) P1 Winnings: -72.0
Choosing model 0
[0.14766341128310498, 0.053431904303771434, 0.038576696262420315, 0.7075391211706146, 0.052788866980088715]
Games played: 100
Exploitability: P1=1.900000000 P2=0.094837350 EV: (-0.08765359493375353, 0.08765359493375353) P1 Winnings: -71.0
Choosing model 3
[0.15488461146485294, 0.045141328178419135, 0.039748246909328266, 0.7012558082666438, 0.05897000518075588]
Games played: 101
Exploitability: P1=1.933333333 P2=0.094837350 EV: (-0.03470727028783455, 0.03470727028783455) P1 Winnings: -71.0
Choosing model 3
[0.13640554238857855, 0.06316656352375383, 0.03690419164622049, 0.7219119107283503, 0.041611791713096875]
Games played: 102
Exploitability: P1=1.933333333 P2=0.094837350 EV: (-0.03470727028783455, 0.03470727028783455) P1 Winnings: -76.0
Choosing model 3
[0.14562792058502094, 0.050917757490284245, 0.03852471059526731, 0.7170114394767003, 0.047918171852727294]
Games played: 103
Exploitability: P1=1.933333333 P2=0.094837350 EV: (-0.03470727028783455, 0.03470727028783455) P1 Winnings: -73.0
Choosing model 3
[0.16405409872017604, 0.03439206032424966, 0.04133264448014264, 0.6951840018750655, 0.06503719460036608]
Games played: 104
Exploitability: P1=1.933333333 P2=0.094837350 EV: (-0.03470727028783455, 0.03470727028783455) P1 Winnings: -72.0
Choosing model 0
[0.16679944680034114, 0.03111307334548111, 0.041841871455661615, 0.6940177307503841, 0.06622787764813212]
Games played: 105
Exploitability: P1=1.900000000 P2=0.094837350 EV: (-0.08765359493375353, 0.08765359493375353) P1 Winnings: -72.0
Choosing model 3
[0.17919007480408525, 0.03450923798610431, 0.04759538260703419, 0.6741472774877385, 0.06455802711503757]
Games played: 106
Exploitability: P1=1.933333333 P2=0.094837350 EV: (-0.03470727028783455, 0.03470727028783455) P1 Winnings: -71.0
Choosing model 3
[0.17919003187092497, 0.034509262915785155, 0.04759537696243895, 0.6741473519169325, 0.06455797633391833]
Games played: 107
Exploitability: P1=1.933333333 P2=0.094837350 EV: (-0.03470727028783455, 0.03470727028783455) P1 Winnings: -74.0
Choosing model 3
[0.16004368731327054, 0.04885754508536778, 0.044698875596298794, 0.6994772796446426, 0.0469226123604203]
Games played: 108
Exploitability: P1=1.933333333 P2=0.094837350 EV: (-0.03470727028783455, 0.03470727028783455) P1 Winnings: -77.0
Choosing model 3
[0.14654610862579498, 0.06183324015984419, 0.04240963874999918, 0.7120789886070279, 0.03713202385733377]
Games played: 109
Exploitability: P1=1.933333333 P2=0.094837350 EV: (-0.03470727028783455, 0.03470727028783455) P1 Winnings: -77.0
Choosing model 3
[0.15709551681585496, 0.06843599996226311, 0.04813804519718273, 0.690212064187234, 0.03611837383746514]
Games played: 110
Exploitability: P1=1.933333333 P2=0.094837350 EV: (-0.03470727028783455, 0.03470727028783455) P1 Winnings: -76.0
Choosing model 3
[0.14279565590225424, 0.08597861462536302, 0.04533899479345055, 0.6975134190688788, 0.02837331561005353]
Games played: 111
Exploitability: P1=1.933333333 P2=0.094837350 EV: (-0.03470727028783455, 0.03470727028783455) P1 Winnings: -71.0
Choosing model 3
[0.13030854424426566, 0.11196728723381931, 0.04365886996330976, 0.6925509573246874, 0.021514341233917926]
Games played: 112
Exploitability: P1=1.933333333 P2=0.094837350 EV: (-0.03470727028783455, 0.03470727028783455) P1 Winnings: -64.0
Choosing model 3
[0.11723120862358215, 0.1358815919268335, 0.04068427005458968, 0.6895179994201425, 0.016684929974852217]
Games played: 113
Exploitability: P1=1.933333333 P2=0.094837350 EV: (-0.03470727028783455, 0.03470727028783455) P1 Winnings: -57.0
Choosing model 3
[0.12627562311904608, 0.1149312447108564, 0.04294375986036418, 0.6965323886722081, 0.019316983637525095]
Games played: 114
Exploitability: P1=1.933333333 P2=0.094837350 EV: (-0.03470727028783455, 0.03470727028783455) P1 Winnings: -60.0
Choosing model 3
[0.13014205633096895, 0.10514667355598274, 0.04395231465972785, 0.7005075559000501, 0.020251399553270193]
Games played: 115
Exploitability: P1=1.933333333 P2=0.094837350 EV: (-0.03470727028783455, 0.03470727028783455) P1 Winnings: -63.0
Choosing model 3
[0.1339871325697063, 0.09609488015625532, 0.04493768761848292, 0.7037714039455638, 0.021208895709991703]
Games played: 116
Exploitability: P1=1.933333333 P2=0.094837350 EV: (-0.03470727028783455, 0.03470727028783455) P1 Winnings: -66.0
Choosing model 2
[0.14872679469203864, 0.0731878274851099, 0.048229523636904324, 0.7032114231220585, 0.026644431063888512]
Games played: 117
Exploitability: P1=4.600000000 P2=0.094837350 EV: (0.026756349289105467, -0.026756349289105467) P1 Winnings: -77.0
Choosing model 3
[0.18090629587872004, 0.11831655949092915, 0.07936930685620062, 0.6002382887813682, 0.02116954899278211]
Games played: 118
Exploitability: P1=1.933333333 P2=0.094837350 EV: (-0.03470727028783455, 0.03470727028783455) P1 Winnings: -72.0
Choosing model 3
[0.1906186309835053, 0.1287153402567829, 0.08855205188791339, 0.5718738450003418, 0.020240131871456745]
Games played: 119
Exploitability: P1=1.933333333 P2=0.094837350 EV: (-0.03470727028783455, 0.03470727028783455) P1 Winnings: -71.0
Choosing model 0
[0.17117832374102204, 0.1597601109798965, 0.08239754733683419, 0.5709557805216812, 0.015708237420566123]
Games played: 120
Exploitability: P1=1.900000000 P2=0.094837350 EV: (-0.08765359493375353, 0.08765359493375353) P1 Winnings: -66.0
Choosing model 0
[0.1794542403397601, 0.17292047547076342, 0.09146472158032544, 0.5412180896147603, 0.014942472994390691]
Games played: 121
Exploitability: P1=1.900000000 P2=0.094837350 EV: (-0.08765359493375353, 0.08765359493375353) P1 Winnings: -65.0
Choosing model 3
[0.1749474124286196, 0.18049228043650825, 0.08991710683441784, 0.5406026069470565, 0.014040593353397824]
Games played: 122
Exploitability: P1=1.933333333 P2=0.094837350 EV: (-0.03470727028783455, 0.03470727028783455) P1 Winnings: -60.0
Choosing model 3
[0.18960859973302327, 0.15140900756338976, 0.0953677366859004, 0.5471756067522852, 0.016439049265401302]
Games played: 123
Exploitability: P1=1.933333333 P2=0.094837350 EV: (-0.03470727028783455, 0.03470727028783455) P1 Winnings: -57.0
Choosing model 1
[0.1602110830014273, 0.20327099325444328, 0.08495128899582223, 0.5404372097754435, 0.011129424972863698]
Games played: 124
Exploitability: P1=2.800000000 P2=0.094837350 EV: (0.09216337126960374, -0.09216337126960374) P1 Winnings: -62.0
Choosing model 3
[0.15564830887159667, 0.27284341963915026, 0.09643357712008593, 0.4672494016802414, 0.007825292688925635]
Games played: 125
Exploitability: P1=1.933333333 P2=0.094837350 EV: (-0.03470727028783455, 0.03470727028783455) P1 Winnings: -53.0
Choosing model 3
[0.17179420671294374, 0.2330881340303756, 0.10416001373113037, 0.48162713458629164, 0.009330510939258607]
Games played: 126
Exploitability: P1=1.933333333 P2=0.094837350 EV: (-0.03470727028783455, 0.03470727028783455) P1 Winnings: -53.0
Choosing model 1
[0.17771347081482944, 0.2489459765681578, 0.11408991054884861, 0.4504925939235427, 0.008758048144621385]
Games played: 127
Exploitability: P1=2.800000000 P2=0.094837350 EV: (0.09216337126960374, -0.09216337126960374) P1 Winnings: -52.0
Choosing model 3
[0.1305737765827514, 0.3613316173788481, 0.09027851500360222, 0.4130642611249272, 0.0047518299098711185]
Games played: 128
Exploitability: P1=1.933333333 P2=0.094837350 EV: (-0.03470727028783455, 0.03470727028783455) P1 Winnings: -45.0
Choosing model 3
[0.13364353484719085, 0.3818308952324545, 0.09783872220334058, 0.38227375610727177, 0.004413091609742287]
Games played: 129
Exploitability: P1=1.933333333 P2=0.094837350 EV: (-0.03470727028783455, 0.03470727028783455) P1 Winnings: -44.0
Choosing model 1
[0.13621505026077285, 0.40181053431320035, 0.10558987835080903, 0.3523031277626367, 0.004081409312580974]
Games played: 130
Exploitability: P1=2.800000000 P2=0.094837350 EV: (0.09216337126960374, -0.09216337126960374) P1 Winnings: -43.0
Choosing model 1
[0.1300214686346881, 0.4529526785184355, 0.11164631982808848, 0.3022155549301004, 0.0031639780886875846]
Games played: 131
Exploitability: P1=2.800000000 P2=0.094837350 EV: (0.09216337126960374, -0.09216337126960374) P1 Winnings: -38.0
Choosing model 3
[0.14510147013202618, 0.40955204691565006, 0.12244780488491094, 0.3191438565395786, 0.003754821527834268]
Games played: 132
Exploitability: P1=1.933333333 P2=0.094837350 EV: (-0.03470727028783455, 0.03470727028783455) P1 Winnings: -39.0
Choosing model 2
[0.12000532618066571, 0.4833710383150052, 0.10686178369172138, 0.28718150504120227, 0.0025803467714052837]
Games played: 133
Exploitability: P1=4.600000000 P2=0.094837350 EV: (0.026756349289105467, -0.026756349289105467) P1 Winnings: -32.0
Choosing model 1
[0.138737178401882, 0.4309826121670666, 0.12154045944553325, 0.30553723058971677, 0.0032025193958012234]
Games played: 134
Exploitability: P1=2.800000000 P2=0.094837350 EV: (0.09216337126960374, -0.09216337126960374) P1 Winnings: -29.0
Choosing model 1
[0.09220423052613008, 0.5658260996583331, 0.08699222010950684, 0.253405756771033, 0.0015716929349968275]
Games played: 135
Exploitability: P1=2.800000000 P2=0.094837350 EV: (0.09216337126960374, -0.09216337126960374) P1 Winnings: -22.0
Choosing model 2
[0.10506436063036541, 0.5223806404337199, 0.09741701882731665, 0.27323352227432784, 0.0019044578342702068]
Games played: 136
Exploitability: P1=4.600000000 P2=0.094837350 EV: (0.026756349289105467, -0.026756349289105467) P1 Winnings: -23.0
Choosing model 1
[0.10113219785176814, 0.536466046226261, 0.09505468599630741, 0.265591056468709, 0.001756013456954395]
Games played: 137
Exploitability: P1=2.800000000 P2=0.094837350 EV: (0.09216337126960374, -0.09216337126960374) P1 Winnings: -18.0
Choosing model 0
[0.10113197805173092, 0.5364666903167604, 0.09505451970838519, 0.26559080564720583, 0.0017560062759175775]
Games played: 138
Exploitability: P1=1.900000000 P2=0.094837350 EV: (-0.08765359493375353, 0.08765359493375353) P1 Winnings: -27.0
Choosing model 1
[0.09676004092551546, 0.5495519022378205, 0.09170968942252485, 0.26035900972213216, 0.0016193576920070217]
Games played: 139
Exploitability: P1=2.800000000 P2=0.094837350 EV: (0.09216337126960374, -0.09216337126960374) P1 Winnings: -22.0
Choosing model 1
[0.10992534439431621, 0.5058362807484206, 0.10239221562498386, 0.27988982267428203, 0.00195633655799751]
Games played: 140
Exploitability: P1=2.800000000 P2=0.094837350 EV: (0.09216337126960374, -0.09216337126960374) P1 Winnings: -21.0
Choosing model 3
[0.1275743563328663, 0.4504224563548958, 0.11629634343830521, 0.30325754942987165, 0.0024492944440610846]
Games played: 141
Exploitability: P1=1.933333333 P2=0.094837350 EV: (-0.03470727028783455, 0.03470727028783455) P1 Winnings: -20.0
Choosing model 0
[0.16517704220169344, 0.3496655306138498, 0.14340481375692476, 0.337931882811908, 0.003820730615623936]
Games played: 142
Exploitability: P1=1.900000000 P2=0.094837350 EV: (-0.08765359493375353, 0.08765359493375353) P1 Winnings: -19.0
Choosing model 0
[0.15973151634579827, 0.3620363725147462, 0.13984262825791222, 0.33482828163508005, 0.003561201246463192]
Games played: 143
Exploitability: P1=1.900000000 P2=0.094837350 EV: (-0.08765359493375353, 0.08765359493375353) P1 Winnings: -20.0
Choosing model 0
[0.1320900929231144, 0.4331549995671773, 0.1203351873232627, 0.311914388559556, 0.0025053316268894847]
Games played: 144
Exploitability: P1=1.900000000 P2=0.094837350 EV: (-0.08765359493375353, 0.08765359493375353) P1 Winnings: -29.0
Choosing model 3
[0.1005413623121839, 0.5238500896331911, 0.09656086110642888, 0.277519764735645, 0.001527922212551134]
Games played: 145
Exploitability: P1=1.933333333 P2=0.094837350 EV: (-0.03470727028783455, 0.03470727028783455) P1 Winnings: -34.0
Choosing model 1
[0.08270533462667853, 0.5812927425505208, 0.08227607703174943, 0.2526423780418576, 0.0010834677491937505]
Games played: 146
Exploitability: P1=2.800000000 P2=0.094837350 EV: (0.09216337126960374, -0.09216337126960374) P1 Winnings: -27.0
Choosing model 1
[0.09772978872410827, 0.5270269766219747, 0.09514820099567833, 0.27871388221653265, 0.0013811514417060259]
Games played: 147
Exploitability: P1=2.800000000 P2=0.094837350 EV: (0.09216337126960374, -0.09216337126960374) P1 Winnings: -26.0
Choosing model 1
[0.11062308643817947, 0.4833382059563599, 0.10584474943065293, 0.2985314679397007, 0.0016624902351069862]
Games played: 148
Exploitability: P1=2.800000000 P2=0.094837350 EV: (0.09216337126960374, -0.09216337126960374) P1 Winnings: -25.0
Choosing model 1
[0.07122267329468437, 0.6147363043241912, 0.07339109526475994, 0.23985952236105132, 0.0007904047553132878]
Games played: 149
Exploitability: P1=2.800000000 P2=0.094837350 EV: (0.09216337126960374, -0.09216337126960374) P1 Winnings: -18.0
Choosing model 3
[0.0642852940348776, 0.5315560896527775, 0.04734752844349501, 0.3558114897004288, 0.0009995981684211262]
Games played: 150
Exploitability: P1=1.933333333 P2=0.094837350 EV: (-0.03470727028783455, 0.03470727028783455) P1 Winnings: -23.0
Choosing model 3
[0.07664520561899854, 0.363529359486379, 0.041573697123423466, 0.5164648588847749, 0.0017868788864240485]
Games played: 151
Exploitability: P1=1.933333333 P2=0.094837350 EV: (-0.03470727028783455, 0.03470727028783455) P1 Winnings: -23.0
Choosing model 1
[0.08620409118889823, 0.3210580631498234, 0.045820391033264254, 0.5447573407499398, 0.0021601138780742942]
Games played: 152
Exploitability: P1=2.800000000 P2=0.094837350 EV: (0.09216337126960374, -0.09216337126960374) P1 Winnings: -26.0
Choosing model 1
[0.06275811766294108, 0.41972258428682646, 0.03558454752759383, 0.48072990944085586, 0.0012048410817828675]
Games played: 153
Exploitability: P1=2.800000000 P2=0.094837350 EV: (0.09216337126960374, -0.09216337126960374) P1 Winnings: -19.0
Choosing model 2
[0.08219776839179842, 0.3296089303383517, 0.04438772453198334, 0.5419043274405144, 0.00190124929735215]
Games played: 154
Exploitability: P1=4.600000000 P2=0.094837350 EV: (0.026756349289105467, -0.026756349289105467) P1 Winnings: -24.0
Choosing model 2
[0.09055797162192328, 0.2942152316060292, 0.04805951547523397, 0.5649398474610831, 0.002227433835730402]
Games played: 155
Exploitability: P1=4.600000000 P2=0.094837350 EV: (0.026756349289105467, -0.026756349289105467) P1 Winnings: -25.0
Choosing model 3
[0.08683867981869017, 0.30191067468708493, 0.046732631362582926, 0.5625240628237406, 0.0019939513079014915]
Games played: 156
Exploitability: P1=1.933333333 P2=0.094837350 EV: (-0.03470727028783455, 0.03470727028783455) P1 Winnings: -18.0
Choosing model 3
[0.08683863710394565, 0.301910816619896, 0.04673261403010479, 0.562523983009642, 0.001993949236411603]
Games played: 157
Exploitability: P1=1.933333333 P2=0.094837350 EV: (-0.03470727028783455, 0.03470727028783455) P1 Winnings: -21.0
Choosing model 3
[0.09060073237238565, 0.3252149444792546, 0.05162655673861295, 0.5306701103160945, 0.0018876560936523007]
Games played: 158
Exploitability: P1=1.933333333 P2=0.094837350 EV: (-0.03470727028783455, 0.03470727028783455) P1 Winnings: -20.0
Choosing model 1
[0.10268037839220237, 0.2782887389703232, 0.05721105666974167, 0.5595122828767201, 0.0023075430910127364]
Games played: 159
Exploitability: P1=2.800000000 P2=0.094837350 EV: (0.09216337126960374, -0.09216337126960374) P1 Winnings: -17.0
Choosing model 1
[0.09745602892852966, 0.36492457257774547, 0.06344650058404129, 0.4725878328799943, 0.0015850650296892017]
Games played: 160
Exploitability: P1=2.800000000 P2=0.094837350 EV: (0.09216337126960374, -0.09216337126960374) P1 Winnings: -8.0
Choosing model 3
[0.09510664299061877, 0.4205782318789392, 0.06858702494691539, 0.4144718313955169, 0.0012562687880096803]
Games played: 161
Exploitability: P1=1.933333333 P2=0.094837350 EV: (-0.03470727028783455, 0.03470727028783455) P1 Winnings: -3.0
Choosing model 3
[0.07864191416811671, 0.4806673638110151, 0.05876482146173443, 0.3810281483364443, 0.0008977522226895201]
Games played: 162
Exploitability: P1=1.933333333 P2=0.094837350 EV: (-0.03470727028783455, 0.03470727028783455) P1 Winnings: -3.0
Choosing model 1
[0.08004467529701087, 0.5051218078590068, 0.06333301583492626, 0.35067136662087633, 0.0008291343881797197]
Games played: 163
Exploitability: P1=2.800000000 P2=0.094837350 EV: (0.09216337126960374, -0.09216337126960374) P1 Winnings: -2.0
Choosing model 3
[0.08004450235829966, 0.505122420815934, 0.06333290585548149, 0.35067103996209764, 0.0008291310081872688]
Games played: 164
Exploitability: P1=1.933333333 P2=0.094837350 EV: (-0.03470727028783455, 0.03470727028783455) P1 Winnings: -11.0
Choosing model 2
[0.06583513448710841, 0.5604307865755198, 0.05395594725921376, 0.31919026971342535, 0.000587861964732668]
Games played: 165
Exploitability: P1=4.600000000 P2=0.094837350 EV: (0.026756349289105467, -0.026756349289105467) P1 Winnings: -4.0
Choosing model 1
[0.08431067701927386, 0.4825795528782658, 0.06666601347874462, 0.3655843336594583, 0.0008594229642573824]
Games played: 166
Exploitability: P1=2.800000000 P2=0.094837350 EV: (0.09216337126960374, -0.09216337126960374) P1 Winnings: -9.0
Choosing model 2
[0.07300212658216863, 0.5773086650041275, 0.06744719209619209, 0.2817034540746342, 0.0005385622428775715]
Games played: 167
Exploitability: P1=4.600000000 P2=0.094837350 EV: (0.026756349289105467, -0.026756349289105467) P1 Winnings: 0.0
Choosing model 1
[0.057438342474009224, 0.639109460876396, 0.05510426553737377, 0.24798482899614024, 0.00036310211608077685]
Games played: 168
Exploitability: P1=2.800000000 P2=0.094837350 EV: (0.09216337126960374, -0.09216337126960374) P1 Winnings: 5.0
Choosing model 3
[0.07532526590848133, 0.5635547356636604, 0.0697211123864424, 0.29085529248859643, 0.000543593552819524]
Games played: 169
Exploitability: P1=1.933333333 P2=0.094837350 EV: (-0.03470727028783455, 0.03470727028783455) P1 Winnings: 0.0
Choosing model 3
[0.07532521679047542, 0.5635549103219474, 0.06972107535905102, 0.29085520462751857, 0.0005435929010076864]
Games played: 170
Exploitability: P1=1.933333333 P2=0.094837350 EV: (-0.03470727028783455, 0.03470727028783455) P1 Winnings: -3.0
Choosing model 3
[0.09512542454810333, 0.4883204778200572, 0.08513270265339078, 0.33064444642289115, 0.0007769485555574437]
Games played: 171
Exploitability: P1=1.933333333 P2=0.094837350 EV: (-0.03470727028783455, 0.03470727028783455) P1 Winnings: -14.0
Choosing model 1
[0.0775556420621235, 0.5502706481115472, 0.07191929855680136, 0.29970696720802065, 0.0005474440615071749]
Games played: 172
Exploitability: P1=2.800000000 P2=0.094837350 EV: (0.09216337126960374, -0.09216337126960374) P1 Winnings: -9.0
Choosing model 1
[0.07201962722107216, 0.6034695492629389, 0.07398012568375893, 0.25011783045874164, 0.0004128673734882867]
Games played: 173
Exploitability: P1=2.800000000 P2=0.094837350 EV: (0.09216337126960374, -0.09216337126960374) P1 Winnings: -4.0
Choosing model 3
[0.07201945624039073, 0.6034701526875468, 0.07397998141633703, 0.25011754405347464, 0.00041286560225082375]
Games played: 174
Exploitability: P1=1.933333333 P2=0.094837350 EV: (-0.03470727028783455, 0.03470727028783455) P1 Winnings: -13.0
Choosing model 3
[0.057104222706965635, 0.6613461089011282, 0.06078057954301718, 0.22048617267019896, 0.0002829161786900605]
Games played: 175
Exploitability: P1=1.933333333 P2=0.094837350 EV: (-0.03470727028783455, 0.03470727028783455) P1 Winnings: -8.0
Choosing model 1
[0.03899493431538474, 0.6106258861621577, 0.025913994841262306, 0.3241927294107815, 0.0002724552704138866]
Games played: 176
Exploitability: P1=2.800000000 P2=0.094837350 EV: (0.09216337126960374, -0.09216337126960374) P1 Winnings: 5.0
Choosing model 3
[0.02965716809428579, 0.6719054976824116, 0.020508282156570155, 0.27775277095911066, 0.00017628110762170143]
Games played: 177
Exploitability: P1=1.933333333 P2=0.094837350 EV: (-0.03470727028783455, 0.03470727028783455) P1 Winnings: -2.0
Choosing model 1
[0.03575884683400528, 0.6270534968336301, 0.024198684310890662, 0.31275935698484586, 0.0002296150366280788]
Games played: 178
Exploitability: P1=2.800000000 P2=0.094837350 EV: (0.09216337126960374, -0.09216337126960374) P1 Winnings: 1.0
Choosing model 1
[0.031728590731579284, 0.7371758144307449, 0.028083380750330685, 0.20287552513838647, 0.00013668894895877592]
Games played: 179
Exploitability: P1=2.800000000 P2=0.094837350 EV: (0.09216337126960374, -0.09216337126960374) P1 Winnings: 4.0
Choosing model 1
[0.03147599537934537, 0.7354015150949788, 0.02806823597013729, 0.20492439122413295, 0.00012986233140554958]
Games played: 180
Exploitability: P1=2.800000000 P2=0.094837350 EV: (0.09216337126960374, -0.09216337126960374) P1 Winnings: 7.0
Choosing model 1
[0.024534260028700208, 0.7970206207487458, 0.024208533439318537, 0.15415617828082143, 8.04075024139237e-05]
Games played: 181
Exploitability: P1=2.800000000 P2=0.094837350 EV: (0.09216337126960374, -0.09216337126960374) P1 Winnings: 12.0
Choosing model 1
[0.01875178117409975, 0.8470141520363526, 0.02047377440226816, 0.11371147370857641, 4.8818678703275885e-05]
Games played: 182
Exploitability: P1=2.800000000 P2=0.094837350 EV: (0.09216337126960374, -0.09216337126960374) P1 Winnings: 17.0
Choosing model 1
[0.011033974892056103, 0.894987291150363, 0.012851328199467707, 0.08110539745535998, 2.20083027531645e-05]
Games played: 183
Exploitability: P1=2.800000000 P2=0.094837350 EV: (0.09216337126960374, -0.09216337126960374) P1 Winnings: 24.0
Choosing model 1
[0.014037322461272228, 0.873602084613478, 0.01600051157810119, 0.09632987691240018, 3.0204434748442305e-05]
Games played: 184
Exploitability: P1=2.800000000 P2=0.094837350 EV: (0.09216337126960374, -0.09216337126960374) P1 Winnings: 25.0
Choosing model 1
[0.013247724862016882, 0.8796133818569148, 0.015307193227778976, 0.09180439454970638, 2.7305503582918363e-05]
Games played: 185
Exploitability: P1=2.800000000 P2=0.094837350 EV: (0.09216337126960374, -0.09216337126960374) P1 Winnings: 30.0
Choosing model 1
[0.016002256659948567, 0.8608574223509959, 0.018171275915271734, 0.10493397076565336, 3.507430813045929e-05]
Games played: 186
Exploitability: P1=2.800000000 P2=0.094837350 EV: (0.09216337126960374, -0.09216337126960374) P1 Winnings: 31.0
Choosing model 1
[0.01219924200948924, 0.8848388924119966, 0.014342064730940263, 0.08859672796220538, 2.307288536847773e-05]
Games played: 187
Exploitability: P1=2.800000000 P2=0.094837350 EV: (0.09216337126960374, -0.09216337126960374) P1 Winnings: 38.0
Choosing model 1
[0.015483663325108267, 0.8616870858403111, 0.017815012003042308, 0.10498264701077419, 3.159182076420451e-05]
Games played: 188
Exploitability: P1=2.800000000 P2=0.094837350 EV: (0.09216337126960374, -0.09216337126960374) P1 Winnings: 39.0
Choosing model 1
[0.010172483657257102, 0.8973799272525983, 0.01230689985251895, 0.0801237991830788, 1.6890054546720482e-05]
Games played: 189
Exploitability: P1=2.800000000 P2=0.094837350 EV: (0.09216337126960374, -0.09216337126960374) P1 Winnings: 46.0
Choosing model 1
[0.010172474575226475, 0.8973799893489189, 0.012306890354010103, 0.08012375569161594, 1.6890030228349347e-05]
Games played: 190
Exploitability: P1=2.800000000 P2=0.094837350 EV: (0.09216337126960374, -0.09216337126960374) P1 Winnings: 39.0
Choosing model 1
[0.005364791087621074, 0.9349057253807176, 0.006989982420359141, 0.05273292340360149, 6.577707700772501e-06]
Games played: 191
Exploitability: P1=2.800000000 P2=0.094837350 EV: (0.09216337126960374, -0.09216337126960374) P1 Winnings: 46.0
Choosing model 1
[0.008681385245487184, 0.9070902862869265, 0.010772676860566724, 0.07344282741638579, 1.282419063393931e-05]
Games played: 192
Exploitability: P1=2.800000000 P2=0.094837350 EV: (0.09216337126960374, -0.09216337126960374) P1 Winnings: 41.0
Choosing model 1
[0.008681357852818998, 0.9070904846436388, 0.010772647436797829, 0.0734426859411463, 1.2824125598159443e-05]
Games played: 193
Exploitability: P1=2.800000000 P2=0.094837350 EV: (0.09216337126960374, -0.09216337126960374) P1 Winnings: 32.0
Choosing model 1
[0.008143811394343774, 0.9110644613450346, 0.010190544895194205, 0.07058958719901856, 1.159516640886807e-05]
Games played: 194
Exploitability: P1=2.800000000 P2=0.094837350 EV: (0.09216337126960374, -0.09216337126960374) P1 Winnings: 19.0
Choosing model 1
[0.008953027633917855, 0.9042893401051034, 0.011113607858880721, 0.07563091809803779, 1.3106304060260725e-05]
Games played: 195
Exploitability: P1=2.800000000 P2=0.094837350 EV: (0.09216337126960374, -0.09216337126960374) P1 Winnings: 19.0
Choosing model 1
[0.00676480468642806, 0.921242803911055, 0.008693908122027794, 0.06328993799145852, 8.545289030463055e-06]
Games played: 196
Exploitability: P1=2.800000000 P2=0.094837350 EV: (0.09216337126960374, -0.09216337126960374) P1 Winnings: 26.0
Choosing model 1
[0.00676479853427595, 0.9212428523368387, 0.00869390126744486, 0.06328990258485587, 8.545276584798174e-06]
Games played: 197
Exploitability: P1=2.800000000 P2=0.094837350 EV: (0.09216337126960374, -0.09216337126960374) P1 Winnings: 19.0
Choosing model 1
[0.008659434396653669, 0.9048014724746589, 0.010891380516947997, 0.07563591232232134, 1.1800289418031501e-05]
Games played: 198
Exploitability: P1=2.800000000 P2=0.094837350 EV: (0.09216337126960374, -0.09216337126960374) P1 Winnings: 20.0
Choosing model 1
[0.010565285346951125, 0.8891669467656408, 0.013053657389449764, 0.08719877712090048, 1.5333377057823234e-05]
Games played: 199
Exploitability: P1=2.800000000 P2=0.094837350 EV: (0.09216337126960374, -0.09216337126960374) P1 Winnings: 21.0
Choosing model 1
[0.00961437833190019, 0.8951093302682039, 0.012082302528042488, 0.08318110914413708, 1.2879727716305118e-05]
Games played: 200
Exploitability: P1=2.800000000 P2=0.094837350 EV: (0.09216337126960374, -0.09216337126960374) P1 Winnings: 24.0
