Player 1 exploitability: 0.113406873333
Choosing model 1
[0.20396124844724672, 0.2105817708859842, 0.21596433592023306, 0.18442191860964258, 0.18507072613689338]
Games played: 1
Exploitability: P1=2.800000000 P2=0.027754859 EV: (-0.3717703423090597, 0.3717703423090597) P1 Winnings: 1.0
Choosing model 3
[0.21928215795230932, 0.1522293842553522, 0.2240154581003922, 0.177329607975441, 0.22714339171650538]
Games played: 2
Exploitability: P1=1.933333333 P2=0.027754859 EV: (-0.0021927081061989913, 0.0021927081061989913) P1 Winnings: -4.0
Choosing model 0
[0.22353413338216915, 0.13775213110160603, 0.2267786059721355, 0.17639861468998388, 0.23553651485410548]
Games played: 3
Exploitability: P1=1.900000000 P2=0.027754859 EV: (-0.08890370547036504, 0.08890370547036504) P1 Winnings: -7.0
Choosing model 1
[0.22353411416484098, 0.13775224185862864, 0.22677861187513162, 0.17639865667817892, 0.2355363754232199]
Games played: 4
Exploitability: P1=2.800000000 P2=0.027754859 EV: (-0.3717703423090597, 0.3717703423090597) P1 Winnings: -8.0
Choosing model 2
[0.22187766719793361, 0.14639522237157956, 0.22699003940746412, 0.1793977800401547, 0.22533929098286795]
Games played: 5
Exploitability: P1=4.600000000 P2=0.027754859 EV: (-0.4790038850917372, 0.4790038850917372) P1 Winnings: -5.0
Choosing model 0
[0.22308928416693127, 0.13041963388367622, 0.20996938918216812, 0.18986580657555344, 0.24665588619167086]
Games played: 6
Exploitability: P1=1.900000000 P2=0.027754859 EV: (-0.08890370547036504, 0.08890370547036504) P1 Winnings: -14.0
Choosing model 4
[0.2286790628488662, 0.13802691536792885, 0.22789670981831484, 0.1759783845273956, 0.22941892743749445]
Games played: 7
Exploitability: P1=2.600000000 P2=0.027754859 EV: (-0.0030188992384139433, 0.0030188992384139433) P1 Winnings: -13.0
Choosing model 4
[0.2333971776359572, 0.14544744300223178, 0.24628707907681271, 0.16240275676369556, 0.21246554352130276]
Games played: 8
Exploitability: P1=2.600000000 P2=0.027754859 EV: (-0.0030188992384139433, 0.0030188992384139433) P1 Winnings: -12.0
Choosing model 3
[0.23339715188204893, 0.14544756687372035, 0.24628708170137473, 0.16240279568464153, 0.2124654038582145]
Games played: 9
Exploitability: P1=1.933333333 P2=0.027754859 EV: (-0.0021927081061989913, 0.0021927081061989913) P1 Winnings: -15.0
Choosing model 2
[0.24070952946202573, 0.11778918002475071, 0.24890672119689047, 0.1570763002487443, 0.23551826906758885]
Games played: 10
Exploitability: P1=4.600000000 P2=0.027754859 EV: (-0.4790038850917372, 0.4790038850917372) P1 Winnings: -18.0
Choosing model 4
[0.24566001672714646, 0.09739711995695811, 0.24964775422571464, 0.15169273663955482, 0.25560237245062584]
Games played: 11
Exploitability: P1=2.600000000 P2=0.027754859 EV: (-0.0030188992384139433, 0.0030188992384139433) P1 Winnings: -19.0
Choosing model 0
[0.23742551201723847, 0.13619166086954998, 0.2510695242661707, 0.16515485140796846, 0.2101584514390724]
Games played: 12
Exploitability: P1=1.900000000 P2=0.027754859 EV: (-0.08890370547036504, 0.08890370547036504) P1 Winnings: -20.0
Choosing model 0
[0.2021968123079508, 0.08879371693404196, 0.12362630317275236, 0.2640456120805311, 0.32133755550472387]
Games played: 13
Exploitability: P1=1.900000000 P2=0.027754859 EV: (-0.08890370547036504, 0.08890370547036504) P1 Winnings: -27.0
Choosing model 3
[0.1762178888035119, 0.044388958955620075, 0.07934773734914143, 0.28015739711421145, 0.41988801777751517]
Games played: 14
Exploitability: P1=1.933333333 P2=0.027754859 EV: (-0.0021927081061989913, 0.0021927081061989913) P1 Winnings: -27.0
Choosing model 3
[0.1743336296429546, 0.03013066439187842, 0.07589988399201895, 0.24949338852009054, 0.4701424334530574]
Games played: 15
Exploitability: P1=1.933333333 P2=0.027754859 EV: (-0.0021927081061989913, 0.0021927081061989913) P1 Winnings: -24.0
Choosing model 3
[0.15739020644771293, 0.030231780412165305, 0.05775739676012396, 0.2989875567570292, 0.4556330596229687]
Games played: 16
Exploitability: P1=1.933333333 P2=0.027754859 EV: (-0.0021927081061989913, 0.0021927081061989913) P1 Winnings: -15.0
Choosing model 4
[0.16859545831089812, 0.03343528293249663, 0.06551038523500739, 0.2895917295572211, 0.4428671439643769]
Games played: 17
Exploitability: P1=2.600000000 P2=0.027754859 EV: (-0.0030188992384139433, 0.0030188992384139433) P1 Winnings: -14.0
Choosing model 4
[0.18008865177428315, 0.03687385894592236, 0.07409433514540345, 0.27969938047144066, 0.42924377366295036]
Games played: 18
Exploitability: P1=2.600000000 P2=0.027754859 EV: (-0.0030188992384139433, 0.0030188992384139433) P1 Winnings: -13.0
Choosing model 3
[0.1810681348492008, 0.03969471828823104, 0.0751234639508352, 0.2881371274497987, 0.41597655546193435]
Games played: 19
Exploitability: P1=1.933333333 P2=0.027754859 EV: (-0.0021927081061989913, 0.0021927081061989913) P1 Winnings: -14.0
Choosing model 0
[0.18188923943707397, 0.04269294947087842, 0.0760983957031154, 0.29656250481536345, 0.40275691057356866]
Games played: 20
Exploitability: P1=1.900000000 P2=0.027754859 EV: (-0.08890370547036504, 0.08890370547036504) P1 Winnings: -25.0
Choosing model 0
[0.18254807287189767, 0.0458759275021148, 0.0770159479127679, 0.30495694145489044, 0.3896031102583293]
Games played: 21
Exploitability: P1=1.900000000 P2=0.027754859 EV: (-0.08890370547036504, 0.08890370547036504) P1 Winnings: -26.0
Choosing model 4
[0.1830672710403091, 0.0563693174267631, 0.07907038145258523, 0.327733524438443, 0.35375950564189956]
Games played: 22
Exploitability: P1=2.600000000 P2=0.027754859 EV: (-0.0030188992384139433, 0.0030188992384139433) P1 Winnings: -31.0
Choosing model 0
[0.18424776650616595, 0.03892573935008723, 0.07694506038356591, 0.2969191180695542, 0.40296231569062674]
Games played: 23
Exploitability: P1=1.900000000 P2=0.027754859 EV: (-0.08890370547036504, 0.08890370547036504) P1 Winnings: -31.0
Choosing model 4
[0.1849629970129728, 0.041838673289777355, 0.07789297223552831, 0.30540266102884184, 0.3899026964328796]
Games played: 24
Exploitability: P1=2.600000000 P2=0.027754859 EV: (-0.0030188992384139433, 0.0030188992384139433) P1 Winnings: -26.0
Choosing model 4
[0.1811732786861065, 0.021912837497390713, 0.07200980729191718, 0.2501054848050469, 0.4747985917195386]
Games played: 25
Exploitability: P1=2.600000000 P2=0.027754859 EV: (-0.0030188992384139433, 0.0030188992384139433) P1 Winnings: -27.0
Choosing model 0
[0.1862295971828872, 0.03631459759690639, 0.07774728555607607, 0.2982737284145473, 0.4014347912495831]
Games played: 26
Exploitability: P1=1.900000000 P2=0.027754859 EV: (-0.08890370547036504, 0.08890370547036504) P1 Winnings: -38.0
Choosing model 0
[0.18696927607423117, 0.03903562984329634, 0.07871213402224927, 0.30682347094197604, 0.3884594891182472]
Games played: 27
Exploitability: P1=1.900000000 P2=0.027754859 EV: (-0.08890370547036504, 0.08890370547036504) P1 Winnings: -33.0
Choosing model 3
[0.1467432320503042, 0.021087780941821798, 0.04448082276413126, 0.3266123074475753, 0.46107585679616747]
Games played: 28
Exploitability: P1=1.933333333 P2=0.027754859 EV: (-0.0021927081061989913, 0.0021927081061989913) P1 Winnings: -36.0
Choosing model 3
[0.14955267405248474, 0.038592570784033484, 0.04835813459273177, 0.4034824683963617, 0.3600141521743882]
Games played: 29
Exploitability: P1=1.933333333 P2=0.027754859 EV: (-0.0021927081061989913, 0.0021927081061989913) P1 Winnings: -39.0
Choosing model 1
[0.15004694858299777, 0.042834084730438836, 0.04934919170981059, 0.42435760512620746, 0.3334121698505452]
Games played: 30
Exploitability: P1=2.800000000 P2=0.027754859 EV: (-0.3717703423090597, 0.3717703423090597) P1 Winnings: -39.0
Choosing model 4
[0.15004694135602822, 0.04283422719031508, 0.04934921025707666, 0.4243581062251854, 0.33341151497139454]
Games played: 31
Exploitability: P1=2.600000000 P2=0.027754859 EV: (-0.0030188992384139433, 0.0030188992384139433) P1 Winnings: -48.0
Choosing model 0
[0.14637940260269078, 0.060458205764970595, 0.05009639335456818, 0.46635750387442165, 0.2767084944033489]
Games played: 32
Exploitability: P1=1.900000000 P2=0.027754859 EV: (-0.08890370547036504, 0.08890370547036504) P1 Winnings: -49.0
Choosing model 4
[0.1494201224499001, 0.049707586718468665, 0.05023346683293852, 0.44981996433165045, 0.30081885966704236]
Games played: 33
Exploitability: P1=2.600000000 P2=0.027754859 EV: (-0.0030188992384139433, 0.0030188992384139433) P1 Winnings: -49.0
Choosing model 0
[0.15263891736492852, 0.07169204333273355, 0.055414116178821846, 0.46968245078248905, 0.2505724723410271]
Games played: 34
Exploitability: P1=1.900000000 P2=0.027754859 EV: (-0.08890370547036504, 0.08890370547036504) P1 Winnings: -46.0
Choosing model 3
[0.1587016917613139, 0.051143424900662364, 0.05570729577151523, 0.43958856036496025, 0.29485902720154833]
Games played: 35
Exploitability: P1=1.933333333 P2=0.027754859 EV: (-0.0021927081061989913, 0.0021927081061989913) P1 Winnings: -43.0
Choosing model 3
[0.16163281182106493, 0.04031627072382182, 0.05552245902263741, 0.4181118137948929, 0.32441664463758285]
Games played: 36
Exploitability: P1=1.933333333 P2=0.027754859 EV: (-0.0021927081061989913, 0.0021927081061989913) P1 Winnings: -40.0
Choosing model 4
[0.1600844318492346, 0.04892427367274527, 0.05629735316769185, 0.4437730248335984, 0.29092091647672985]
Games played: 37
Exploitability: P1=2.600000000 P2=0.027754859 EV: (-0.0030188992384139433, 0.0030188992384139433) P1 Winnings: -49.0
Choosing model 3
[0.16388348669563416, 0.034364739251730544, 0.05572492076324165, 0.4089524035875541, 0.33707444970183953]
Games played: 38
Exploitability: P1=1.933333333 P2=0.027754859 EV: (-0.0021927081061989913, 0.0021927081061989913) P1 Winnings: -49.0
Choosing model 4
[0.16525908987812757, 0.030761145063008432, 0.055803721472781884, 0.4024169734318115, 0.3457590701542706]
Games played: 39
Exploitability: P1=2.600000000 P2=0.027754859 EV: (-0.0030188992384139433, 0.0030188992384139433) P1 Winnings: -52.0
Choosing model 0
[0.16525909168665306, 0.030761172777120163, 0.0558037283335037, 0.402417108219057, 0.3457588989836661]
Games played: 40
Exploitability: P1=1.900000000 P2=0.027754859 EV: (-0.08890370547036504, 0.08890370547036504) P1 Winnings: -53.0
Choosing model 0
[0.16529747729603, 0.01844803277751858, 0.053158828503998584, 0.3464244872852023, 0.41667117413725047]
Games played: 41
Exploitability: P1=1.900000000 P2=0.027754859 EV: (-0.08890370547036504, 0.08890370547036504) P1 Winnings: -52.0
Choosing model 3
[0.16465127632028134, 0.014674343677738901, 0.05196957716848769, 0.32518485939675773, 0.4435199434367344]
Games played: 42
Exploitability: P1=1.933333333 P2=0.027754859 EV: (-0.0021927081061989913, 0.0021927081061989913) P1 Winnings: -52.0
Choosing model 4
[0.16702564502714043, 0.015414611956459464, 0.053290483572694745, 0.339219624581657, 0.4250496348620484]
Games played: 43
Exploitability: P1=2.600000000 P2=0.027754859 EV: (-0.0030188992384139433, 0.0030188992384139433) P1 Winnings: -52.0
Choosing model 4
[0.12695365342658702, 0.019692798960567633, 0.03149308980585057, 0.4706135266380198, 0.35124693116897504]
Games played: 44
Exploitability: P1=2.600000000 P2=0.027754859 EV: (-0.0030188992384139433, 0.0030188992384139433) P1 Winnings: -41.0
Choosing model 4
[0.14493282476344288, 0.01934359962897397, 0.0389382014477671, 0.43605588288414165, 0.3607294912756744]
Games played: 45
Exploitability: P1=2.600000000 P2=0.027754859 EV: (-0.0030188992384139433, 0.0030188992384139433) P1 Winnings: -38.0
Choosing model 4
[0.14567089712114187, 0.015048246821969207, 0.03829927645525162, 0.40930426780054335, 0.3916773118010939]
Games played: 46
Exploitability: P1=2.600000000 P2=0.027754859 EV: (-0.0030188992384139433, 0.0030188992384139433) P1 Winnings: -35.0
Choosing model 1
[0.1457714880723584, 0.01212897232649584, 0.03764852236351781, 0.38702293800792253, 0.4174280792297053]
Games played: 47
Exploitability: P1=2.800000000 P2=0.027754859 EV: (-0.3717703423090597, 0.3717703423090597) P1 Winnings: -35.0
Choosing model 3
[0.14537605016382557, 0.00980040010381047, 0.03689929425917794, 0.36523291800557317, 0.44269133746761286]
Games played: 48
Exploitability: P1=1.933333333 P2=0.027754859 EV: (-0.0021927081061989913, 0.0021927081061989913) P1 Winnings: -36.0
Choosing model 4
[0.14671571045197687, 0.009200872723085934, 0.03724014831975157, 0.36680641227561434, 0.44003685622957134]
Games played: 49
Exploitability: P1=2.600000000 P2=0.027754859 EV: (-0.0030188992384139433, 0.0030188992384139433) P1 Winnings: -39.0
Choosing model 3
[0.14671572386969958, 0.00920088175333559, 0.037240155896413496, 0.3668065646670171, 0.4400366738135343]
Games played: 50
Exploitability: P1=1.933333333 P2=0.027754859 EV: (-0.0021927081061989913, 0.0021927081061989913) P1 Winnings: -40.0
Choosing model 3
[0.14777043292385744, 0.008245510186147567, 0.03734502573653397, 0.3627532069609183, 0.44388582419254274]
Games played: 51
Exploitability: P1=1.933333333 P2=0.027754859 EV: (-0.0021927081061989913, 0.0021927081061989913) P1 Winnings: -45.0
Choosing model 0
[0.14680025912788586, 0.00659773876695754, 0.036444300037433354, 0.34051886500173645, 0.4696388370659868]
Games played: 52
Exploitability: P1=1.900000000 P2=0.027754859 EV: (-0.08890370547036504, 0.08890370547036504) P1 Winnings: -45.0
Choosing model 4
[0.14816240997771146, 0.006194521835588451, 0.03678327643083907, 0.3420075067879008, 0.4668522849679603]
Games played: 53
Exploitability: P1=2.600000000 P2=0.027754859 EV: (-0.0030188992384139433, 0.0030188992384139433) P1 Winnings: -48.0
Choosing model 4
[0.14816242713258054, 0.006194528065952555, 0.036783284809497815, 0.3420076571976425, 0.4668521027943266]
Games played: 54
Exploitability: P1=2.600000000 P2=0.027754859 EV: (-0.0030188992384139433, 0.0030188992384139433) P1 Winnings: -49.0
Choosing model 3
[0.14630598365471922, 0.004734507432659258, 0.03554537972635499, 0.31539726215636804, 0.49801686702989856]
Games played: 55
Exploitability: P1=1.933333333 P2=0.027754859 EV: (-0.0021927081061989913, 0.0021927081061989913) P1 Winnings: -46.0
Choosing model 4
[0.13813822038487159, 0.002328713486447129, 0.03169720205817812, 0.2489271247955611, 0.5789087392749421]
Games played: 56
Exploitability: P1=2.600000000 P2=0.027754859 EV: (-0.0030188992384139433, 0.0030188992384139433) P1 Winnings: -49.0
Choosing model 2
[0.13691531728558257, 0.001857378430145395, 0.031187975885459882, 0.22707434314008357, 0.6029649852587287]
Games played: 57
Exploitability: P1=4.600000000 P2=0.027754859 EV: (-0.4790038850917372, 0.4790038850917372) P1 Winnings: -48.0
Choosing model 3
[0.14812919770564686, 0.002074732657934669, 0.035728122912872154, 0.22213734366423205, 0.5919306030593142]
Games played: 58
Exploitability: P1=1.933333333 P2=0.027754859 EV: (-0.0021927081061989913, 0.0021927081061989913) P1 Winnings: -47.0
Choosing model 4
[0.08976610923041355, 0.00096253974848362, 0.012518488440421553, 0.252716735747694, 0.6440361268329873]
Games played: 59
Exploitability: P1=2.600000000 P2=0.027754859 EV: (-0.0030188992384139433, 0.0030188992384139433) P1 Winnings: -36.0
Choosing model 4
[0.08677086137921443, 0.0007201499718448391, 0.011841918234268592, 0.2281359056378915, 0.6725311647767805]
Games played: 60
Exploitability: P1=2.600000000 P2=0.027754859 EV: (-0.0030188992384139433, 0.0030188992384139433) P1 Winnings: -43.0
Choosing model 3
[0.08841098228001615, 0.000785622128939421, 0.012167161802961015, 0.23816502593973768, 0.6604712078483457]
Games played: 61
Exploitability: P1=1.933333333 P2=0.027754859 EV: (-0.0021927081061989913, 0.0021927081061989913) P1 Winnings: -44.0
Choosing model 0
[0.08871530493025295, 0.0007014282288211459, 0.012156036769416073, 0.23465704449443953, 0.6637701855770703]
Games played: 62
Exploitability: P1=1.900000000 P2=0.027754859 EV: (-0.08890370547036504, 0.08890370547036504) P1 Winnings: -49.0
Choosing model 0
[0.08871532780582012, 0.000701429033959538, 0.012156041265374019, 0.234657181030676, 0.6637700208641704]
Games played: 63
Exploitability: P1=1.900000000 P2=0.027754859 EV: (-0.08890370547036504, 0.08890370547036504) P1 Winnings: -50.0
Choosing model 0
[0.09676828871684506, 0.0007899348053588416, 0.014039800658176234, 0.2314371766545869, 0.656964799165033]
Games played: 64
Exploitability: P1=1.900000000 P2=0.027754859 EV: (-0.08890370547036504, 0.08890370547036504) P1 Winnings: -49.0
Choosing model 4
[0.09853038210977805, 0.0008611658573423342, 0.014415607848722848, 0.2414472539965477, 0.644745590187609]
Games played: 65
Exploitability: P1=2.600000000 P2=0.027754859 EV: (-0.0030188992384139433, 0.0030188992384139433) P1 Winnings: -58.0
Choosing model 4
[0.1050851281600587, 0.0012389592283239916, 0.015925304287703848, 0.2849816429910446, 0.5927689653328688]
Games played: 66
Exploitability: P1=2.600000000 P2=0.027754859 EV: (-0.0030188992384139433, 0.0030188992384139433) P1 Winnings: -51.0
Choosing model 3
[0.11033415526166371, 0.0017979618866774986, 0.01732561652988221, 0.33266296337043555, 0.537879302951341]
Games played: 67
Exploitability: P1=1.933333333 P2=0.027754859 EV: (-0.0021927081061989913, 0.0021927081061989913) P1 Winnings: -56.0
Choosing model 4
[0.10331613593350089, 0.0008770576667106863, 0.015322614678193886, 0.26039051947703346, 0.6200936722445609]
Games played: 68
Exploitability: P1=2.600000000 P2=0.027754859 EV: (-0.0030188992384139433, 0.0030188992384139433) P1 Winnings: -59.0
Choosing model 3
[0.10331615937641425, 0.0008770586463022432, 0.015322619871103362, 0.2603906629275755, 0.6200934991786047]
Games played: 69
Exploitability: P1=1.933333333 P2=0.027754859 EV: (-0.0021927081061989913, 0.0021927081061989913) P1 Winnings: -60.0
Choosing model 4
[0.06024199947132028, 0.00039151153072064174, 0.005165758674669361, 0.2850343689069653, 0.6491663614163243]
Games played: 70
Exploitability: P1=2.600000000 P2=0.027754859 EV: (-0.0030188992384139433, 0.0030188992384139433) P1 Winnings: -49.0
Choosing model 3
[0.06599071278134824, 0.0004427933711467824, 0.005991725815769412, 0.282322535134983, 0.6452522328967526]
Games played: 71
Exploitability: P1=1.933333333 P2=0.027754859 EV: (-0.0021927081061989913, 0.0021927081061989913) P1 Winnings: -48.0
Choosing model 0
[0.06599072947631508, 0.0004427939091370807, 0.005991728056614363, 0.28232270537276116, 0.6452520431851723]
Games played: 72
Exploitability: P1=1.900000000 P2=0.027754859 EV: (-0.08890370547036504, 0.08890370547036504) P1 Winnings: -51.0
Choosing model 4
[0.0678625911443557, 0.00047152530128762265, 0.006228479287849657, 0.2985560747804065, 0.6268813294861004]
Games played: 73
Exploitability: P1=2.600000000 P2=0.027754859 EV: (-0.0030188992384139433, 0.0030188992384139433) P1 Winnings: -51.0
Choosing model 4
[0.06891237675795815, 0.0005126609581922378, 0.006377988529194215, 0.310630960573061, 0.6135660131815943]
Games played: 74
Exploitability: P1=2.600000000 P2=0.027754859 EV: (-0.0030188992384139433, 0.0030188992384139433) P1 Winnings: -52.0
Choosing model 4
[0.07827937294728482, 0.0005010587471476347, 0.007846444473450375, 0.2863855094937627, 0.6269876143383545]
Games played: 75
Exploitability: P1=2.600000000 P2=0.027754859 EV: (-0.0030188992384139433, 0.0030188992384139433) P1 Winnings: -49.0
Choosing model 4
[0.07591619059846177, 0.00037611295326283966, 0.007446781631156962, 0.25937982573414076, 0.6568810890829777]
Games played: 76
Exploitability: P1=2.600000000 P2=0.027754859 EV: (-0.0030188992384139433, 0.0030188992384139433) P1 Winnings: -46.0
Choosing model 4
[0.07503021645879929, 0.000335610986989392, 0.007301058948732493, 0.24983570108317818, 0.6674974125223007]
Games played: 77
Exploitability: P1=2.600000000 P2=0.027754859 EV: (-0.0030188992384139433, 0.0030188992384139433) P1 Winnings: -49.0
Choosing model 4
[0.07639779603497628, 0.0003658804911904517, 0.007496618390096276, 0.2606460606885234, 0.6550936443952136]
Games played: 78
Exploitability: P1=2.600000000 P2=0.027754859 EV: (-0.0030188992384139433, 0.0030188992384139433) P1 Winnings: -50.0
Choosing model 4
[0.07773346765292606, 0.0003985886410807818, 0.007691792045296092, 0.2717255108321507, 0.6424506408285463]
Games played: 79
Exploitability: P1=2.600000000 P2=0.027754859 EV: (-0.0030188992384139433, 0.0030188992384139433) P1 Winnings: -51.0
Choosing model 4
[0.07773348598444182, 0.0003985890898227463, 0.007691794720697659, 0.27172566295115613, 0.6424504672538816]
Games played: 80
Exploitability: P1=2.600000000 P2=0.027754859 EV: (-0.0030188992384139433, 0.0030188992384139433) P1 Winnings: -52.0
Choosing model 4
[0.07903352432422787, 0.00043389741661139657, 0.007886164068752198, 0.28306482036531044, 0.6295815938250982]
Games played: 81
Exploitability: P1=2.600000000 P2=0.027754859 EV: (-0.0030188992384139433, 0.0030188992384139433) P1 Winnings: -53.0
Choosing model 0
[0.07903354360345342, 0.00043389793986539713, 0.007886166946709761, 0.2830649884882825, 0.629581403021689]
Games played: 82
Exploitability: P1=1.900000000 P2=0.027754859 EV: (-0.08890370547036504, 0.08890370547036504) P1 Winnings: -56.0
Choosing model 4
[0.07903356143233185, 0.00043389842391682845, 0.007886169608973044, 0.28306514405710603, 0.6295812264776722]
Games played: 83
Exploitability: P1=2.600000000 P2=0.027754859 EV: (-0.0030188992384139433, 0.0030188992384139433) P1 Winnings: -57.0
Choosing model 4
[0.07903357926120322, 0.0004338989079687389, 0.007886172271236117, 0.2830652996259753, 0.6295810499336165]
Games played: 84
Exploitability: P1=2.600000000 P2=0.027754859 EV: (-0.0030188992384139433, 0.0030188992384139433) P1 Winnings: -58.0
Choosing model 4
[0.08029427495185945, 0.0004719760269499828, 0.008079306954509419, 0.29465349723659295, 0.6165009448300882]
Games played: 85
Exploitability: P1=2.600000000 P2=0.027754859 EV: (-0.0030188992384139433, 0.0030188992384139433) P1 Winnings: -59.0
Choosing model 4
[0.08151196312705784, 0.0005129974010201088, 0.00827076723863808, 0.30647877886113745, 0.6032254933721465]
Games played: 86
Exploitability: P1=2.600000000 P2=0.027754859 EV: (-0.0030188992384139433, 0.0030188992384139433) P1 Winnings: -60.0
Choosing model 4
[0.08268304481985302, 0.0005571456270331134, 0.00846010641161103, 0.3185279551325085, 0.5897717480089943]
Games played: 87
Exploitability: P1=2.600000000 P2=0.027754859 EV: (-0.0030188992384139433, 0.0030188992384139433) P1 Winnings: -61.0
Choosing model 4
[0.09032670411710272, 0.0006284077618455865, 0.009786105756967462, 0.31463869369582065, 0.5846200886682636]
Games played: 88
Exploitability: P1=2.600000000 P2=0.027754859 EV: (-0.0030188992384139433, 0.0030188992384139433) P1 Winnings: -60.0
Choosing model 4
[0.08823815107134758, 0.0004635015199041453, 0.009347623180874523, 0.2859444106545508, 0.6160063135733229]
Games played: 89
Exploitability: P1=2.600000000 P2=0.027754859 EV: (-0.0030188992384139433, 0.0030188992384139433) P1 Winnings: -60.0
Choosing model 4
[0.08823817027146127, 0.00046350203327668465, 0.009347626261799656, 0.28594456552060504, 0.6160061359128574]
Games played: 90
Exploitability: P1=2.600000000 P2=0.027754859 EV: (-0.0030188992384139433, 0.0030188992384139433) P1 Winnings: -61.0
Choosing model 4
[0.08959326934811018, 0.0005038821656851675, 0.009570952244520786, 0.2974765762388417, 0.6028553200028421]
Games played: 91
Exploitability: P1=2.600000000 P2=0.027754859 EV: (-0.0030188992384139433, 0.0030188992384139433) P1 Winnings: -62.0
Choosing model 4
[0.09000289321311665, 0.00045038847745917444, 0.00957296834127262, 0.29342501543569394, 0.6065487345324575]
Games played: 92
Exploitability: P1=2.600000000 P2=0.027754859 EV: (-0.0030188992384139433, 0.0030188992384139433) P1 Winnings: -62.0
Choosing model 3
[0.0982252664422973, 0.0005074895784989526, 0.0110623589019082, 0.28955345772073177, 0.6006514273565638]
Games played: 93
Exploitability: P1=1.933333333 P2=0.027754859 EV: (-0.0021927081061989913, 0.0021927081061989913) P1 Winnings: -61.0
Choosing model 4
[0.09791054144349746, 0.000449047877795617, 0.01095059008843466, 0.2816490923554809, 0.6090407282347914]
Games played: 94
Exploitability: P1=2.600000000 P2=0.027754859 EV: (-0.0030188992384139433, 0.0030188992384139433) P1 Winnings: -64.0
Choosing model 3
[0.1034370463653491, 0.0006399387777437646, 0.011983063741003818, 0.3292899975601627, 0.5546499535557406]
Games played: 95
Exploitability: P1=1.933333333 P2=0.027754859 EV: (-0.0021927081061989913, 0.0021927081061989913) P1 Winnings: -57.0
Choosing model 4
[0.10646458704022271, 0.0008070342266493051, 0.012626897244713484, 0.3632089084994923, 0.5168925729889222]
Games played: 96
Exploitability: P1=2.600000000 P2=0.027754859 EV: (-0.0030188992384139433, 0.0030188992384139433) P1 Winnings: -66.0
Choosing model 0
[0.06196637976791504, 0.0006497778681017084, 0.004408501905137543, 0.4922268999529654, 0.4407484405058802]
Games played: 97
Exploitability: P1=1.900000000 P2=0.027754859 EV: (-0.08890370547036504, 0.08890370547036504) P1 Winnings: -53.0
Choosing model 3
[0.06792293219766594, 0.00073535716510783, 0.0051166500065662444, 0.48785472971762794, 0.43837033091303196]
Games played: 98
Exploitability: P1=1.933333333 P2=0.027754859 EV: (-0.0021927081061989913, 0.0021927081061989913) P1 Winnings: -52.0
Choosing model 4
[0.06822029279954539, 0.000655623881865883, 0.005103479862650592, 0.47814656133617217, 0.44787404211976595]
Games played: 99
Exploitability: P1=2.600000000 P2=0.027754859 EV: (-0.0030188992384139433, 0.0030188992384139433) P1 Winnings: -55.0
Choosing model 3
[0.06804627026404224, 0.0005267248625466896, 0.005000514903771277, 0.4506531630172988, 0.47577332695234087]
Games played: 100
Exploitability: P1=1.933333333 P2=0.027754859 EV: (-0.0021927081061989913, 0.0021927081061989913) P1 Winnings: -54.0
Choosing model 4
[0.06804627716446607, 0.0005267254226710664, 0.0050005160159260955, 0.45065336644597714, 0.4757731149509596]
Games played: 101
Exploitability: P1=2.600000000 P2=0.027754859 EV: (-0.0030188992384139433, 0.0030188992384139433) P1 Winnings: -57.0
Choosing model 4
[0.06804628406487781, 0.0005267259827959399, 0.005000517128080222, 0.4506535698746627, 0.47577290294958335]
Games played: 102
Exploitability: P1=2.600000000 P2=0.027754859 EV: (-0.0030188992384139433, 0.0030188992384139433) P1 Winnings: -60.0
Choosing model 3
[0.0692837498350119, 0.0008521202467769959, 0.005367547076286589, 0.5363567820135545, 0.38813980082836985]
Games played: 103
Exploitability: P1=1.933333333 P2=0.027754859 EV: (-0.0021927081061989913, 0.0021927081061989913) P1 Winnings: -60.0
Choosing model 3
[0.06708928891685352, 0.0016300012041808166, 0.005597565918103816, 0.6481416481222112, 0.2775414958386507]
Games played: 104
Exploitability: P1=1.933333333 P2=0.027754859 EV: (-0.0021927081061989913, 0.0021927081061989913) P1 Winnings: -53.0
Choosing model 3
[0.0635567192394276, 0.0024534961385045367, 0.005590381817480303, 0.7177318206707228, 0.2106675821338647]
Games played: 105
Exploitability: P1=1.933333333 P2=0.027754859 EV: (-0.0021927081061989913, 0.0021927081061989913) P1 Winnings: -58.0
Choosing model 3
[0.0753248628223095, 0.0025019034793188066, 0.007175586625661517, 0.6903912369606741, 0.2246064101120361]
Games played: 106
Exploitability: P1=1.933333333 P2=0.027754859 EV: (-0.0021927081061989913, 0.0021927081061989913) P1 Winnings: -55.0
Choosing model 3
[0.07756543520592854, 0.001976719030701047, 0.007231374681223983, 0.6637187976730509, 0.24950767340909547]
Games played: 107
Exploitability: P1=1.933333333 P2=0.027754859 EV: (-0.0021927081061989913, 0.0021927081061989913) P1 Winnings: -55.0
Choosing model 3
[0.07448671916935705, 0.0026236758454092944, 0.007195545258259812, 0.7086202304594675, 0.20707382926750634]
Games played: 108
Exploitability: P1=1.933333333 P2=0.027754859 EV: (-0.0021927081061989913, 0.0021927081061989913) P1 Winnings: -50.0
Choosing model 3
[0.08154487259085301, 0.0029655216682062846, 0.008340957309784654, 0.7014492153897711, 0.2056994330413848]
Games played: 109
Exploitability: P1=1.933333333 P2=0.027754859 EV: (-0.0021927081061989913, 0.0021927081061989913) P1 Winnings: -49.0
Choosing model 3
[0.08918467029337311, 0.003348634645442459, 0.00965925936450377, 0.6936727922305052, 0.2041346434661755]
Games played: 110
Exploitability: P1=1.933333333 P2=0.027754859 EV: (-0.0021927081061989913, 0.0021927081061989913) P1 Winnings: -48.0
Choosing model 3
[0.09743580271598437, 0.003777193506681915, 0.011173945801876079, 0.6852481805773353, 0.20236487739812245]
Games played: 111
Exploitability: P1=1.933333333 P2=0.027754859 EV: (-0.0021927081061989913, 0.0021927081061989913) P1 Winnings: -47.0
Choosing model 3
[0.09648077560195911, 0.00400451485818208, 0.011157417808756174, 0.6952198277996142, 0.1931374639314883]
Games played: 112
Exploitability: P1=1.933333333 P2=0.027754859 EV: (-0.0021927081061989913, 0.0021927081061989913) P1 Winnings: -58.0
Choosing model 3
[0.07762183926673556, 0.001848034552447499, 0.006610812119527799, 0.6809461091120804, 0.23297320494920867]
Games played: 113
Exploitability: P1=1.933333333 P2=0.027754859 EV: (-0.0021927081061989913, 0.0021927081061989913) P1 Winnings: -58.0
Choosing model 4
[0.07696672858917979, 0.001961948673263829, 0.006610112181949997, 0.6918052939351171, 0.22265591662048928]
Games played: 114
Exploitability: P1=2.600000000 P2=0.027754859 EV: (-0.0030188992384139433, 0.0030188992384139433) P1 Winnings: -69.0
Choosing model 4
[0.0729248282405813, 0.0026894998552606853, 0.006517103923231225, 0.7383969823038972, 0.1794715856770296]
Games played: 115
Exploitability: P1=2.600000000 P2=0.027754859 EV: (-0.0030188992384139433, 0.0030188992384139433) P1 Winnings: -80.0
Choosing model 3
[0.07292481718868839, 0.0026895018413213467, 0.006517103665469047, 0.7383971096395354, 0.17947146766498573]
Games played: 116
Exploitability: P1=1.933333333 P2=0.027754859 EV: (-0.0021927081061989913, 0.0021927081061989913) P1 Winnings: -81.0
Choosing model 4
[0.08650101728172971, 0.002744896704232964, 0.008372199291198805, 0.7108730414594671, 0.19150884526337142]
Games played: 117
Exploitability: P1=2.600000000 P2=0.027754859 EV: (-0.0030188992384139433, 0.0030188992384139433) P1 Winnings: -78.0
Choosing model 4
[0.09081198265723835, 0.002318964537652839, 0.008725485101046888, 0.6868654169440482, 0.21127815076001366]
Games played: 118
Exploitability: P1=2.600000000 P2=0.027754859 EV: (-0.0030188992384139433, 0.0030188992384139433) P1 Winnings: -77.0
Choosing model 3
[0.09922427741286917, 0.002616025702502558, 0.01009482385345637, 0.6785960262706794, 0.20946884676049252]
Games played: 119
Exploitability: P1=1.933333333 P2=0.027754859 EV: (-0.0021927081061989913, 0.0021927081061989913) P1 Winnings: -76.0
Choosing model 3
[0.10200761631140626, 0.0021118247095871286, 0.010169758946123417, 0.6542525091866512, 0.2314582908462319]
Games played: 120
Exploitability: P1=1.933333333 P2=0.027754859 EV: (-0.0021927081061989913, 0.0021927081061989913) P1 Winnings: -79.0
Choosing model 3
[0.10307974106052495, 0.0019267025590425468, 0.01019452095553661, 0.6443215084516998, 0.2404775269731962]
Games played: 121
Exploitability: P1=1.933333333 P2=0.027754859 EV: (-0.0021927081061989913, 0.0021927081061989913) P1 Winnings: -76.0
Choosing model 4
[0.07135966749502828, 0.0016394116039878536, 0.005380383020936052, 0.7202097184023998, 0.201410819477648]
Games played: 122
Exploitability: P1=2.600000000 P2=0.027754859 EV: (-0.0030188992384139433, 0.0030188992384139433) P1 Winnings: -85.0
Choosing model 4
[0.07135965720995334, 0.0016394129448161316, 0.005380382896488474, 0.7202098666723582, 0.20141068027638376]
Games played: 123
Exploitability: P1=2.600000000 P2=0.027754859 EV: (-0.0030188992384139433, 0.0030188992384139433) P1 Winnings: -88.0
Choosing model 3
[0.07818351364675553, 0.001854487459695104, 0.006241802015092924, 0.7134875019039217, 0.2002326949745346]
Games played: 124
Exploitability: P1=1.933333333 P2=0.027754859 EV: (-0.0021927081061989913, 0.0021927081061989913) P1 Winnings: -87.0
Choosing model 3
[0.07929752454826, 0.0016696584129129292, 0.006286920610921019, 0.706161733625754, 0.20658416280215203]
Games played: 125
Exploitability: P1=1.933333333 P2=0.027754859 EV: (-0.0021927081061989913, 0.0021927081061989913) P1 Winnings: -90.0
Choosing model 3
[0.08679287180011101, 0.0018867969716386676, 0.007286127745914854, 0.6988653080728082, 0.20516889540952732]
Games played: 126
Exploitability: P1=1.933333333 P2=0.027754859 EV: (-0.0021927081061989913, 0.0021927081061989913) P1 Winnings: -89.0
Choosing model 3
[0.08799139156472255, 0.0016980113205057221, 0.007335613653313565, 0.6913898090716174, 0.21158517438984079]
Games played: 127
Exploitability: P1=1.933333333 P2=0.027754859 EV: (-0.0021927081061989913, 0.0021927081061989913) P1 Winnings: -92.0
Choosing model 3
[0.09620166796836183, 0.0019167086784371962, 0.008492063691141007, 0.6834870084923089, 0.20990255116975107]
Games played: 128
Exploitability: P1=1.933333333 P2=0.027754859 EV: (-0.0021927081061989913, 0.0021927081061989913) P1 Winnings: -91.0
Choosing model 3
[0.09906906581603048, 0.001527756528282139, 0.008558099908793606, 0.6573305466927607, 0.23351453105413314]
Games played: 129
Exploitability: P1=1.933333333 P2=0.027754859 EV: (-0.0021927081061989913, 0.0021927081061989913) P1 Winnings: -88.0
Choosing model 3
[0.10163348136411894, 0.0012130973409586103, 0.008591811595583615, 0.6297681342648396, 0.25879347543449926]
Games played: 130
Exploitability: P1=1.933333333 P2=0.027754859 EV: (-0.0021927081061989913, 0.0021927081061989913) P1 Winnings: -95.0
Choosing model 4
[0.10126138832557545, 0.0012515799007449745, 0.008653150197286647, 0.6452386198977258, 0.24359526167866719]
Games played: 131
Exploitability: P1=2.600000000 P2=0.027754859 EV: (-0.0030188992384139433, 0.0030188992384139433) P1 Winnings: -95.0
Choosing model 3
[0.10370497721752152, 0.0009921037046102714, 0.008672386476357492, 0.6171265192130992, 0.26950401338841146]
Games played: 132
Exploitability: P1=1.933333333 P2=0.027754859 EV: (-0.0021927081061989913, 0.0021927081061989913) P1 Winnings: -102.0
Choosing model 3
[0.10577457094812442, 0.0007832159288624201, 0.008656233321233409, 0.5878330690680089, 0.2969529107337708]
Games played: 133
Exploitability: P1=1.933333333 P2=0.027754859 EV: (-0.0021927081061989913, 0.0021927081061989913) P1 Winnings: -109.0
Choosing model 3
[0.0605085425530674, 0.00034300601035346546, 0.002863085619399318, 0.631291776345592, 0.30499358947158783]
Games played: 134
Exploitability: P1=1.933333333 P2=0.027754859 EV: (-0.0021927081061989913, 0.0021927081061989913) P1 Winnings: -98.0
Choosing model 3
[0.06097747746542101, 0.00032155550787535316, 0.0028853379224506783, 0.6330910063585835, 0.3027246227456695]
Games played: 135
Exploitability: P1=1.933333333 P2=0.027754859 EV: (-0.0021927081061989913, 0.0021927081061989913) P1 Winnings: -101.0
Choosing model 3
[0.07433494462131, 0.0006534754294992122, 0.004359947949163627, 0.6829611402592245, 0.23769049174080265]
Games played: 136
Exploitability: P1=1.933333333 P2=0.027754859 EV: (-0.0021927081061989913, 0.0021927081061989913) P1 Winnings: -96.0
Choosing model 4
[0.08143295168018262, 0.0007391107678868155, 0.005057347964435401, 0.6765003448902651, 0.23627024469723004]
Games played: 137
Exploitability: P1=2.600000000 P2=0.027754859 EV: (-0.0030188992384139433, 0.0030188992384139433) P1 Winnings: -95.0
Choosing model 4
[0.07800040386935732, 0.0009785002801101746, 0.005019399381567396, 0.7204163268950602, 0.1955853695739049]
Games played: 138
Exploitability: P1=2.600000000 P2=0.027754859 EV: (-0.0030188992384139433, 0.0030188992384139433) P1 Winnings: -100.0
Choosing model 3
[0.0801304530824492, 0.0008144439932205617, 0.0050676002196659645, 0.7003211195383706, 0.2136663831662936]
Games played: 139
Exploitability: P1=1.933333333 P2=0.027754859 EV: (-0.0021927081061989913, 0.0021927081061989913) P1 Winnings: -101.0
Choosing model 4
[0.0763316170824792, 0.0010723161844250154, 0.005001974225555332, 0.7416909022616411, 0.17590319024589937]
Games played: 140
Exploitability: P1=2.600000000 P2=0.027754859 EV: (-0.0030188992384139433, 0.0030188992384139433) P1 Winnings: -114.0
Choosing model 0
[0.07542647200904153, 0.0011344899296278806, 0.004984202738749167, 0.7509211212818678, 0.16753371404071346]
Games played: 141
Exploitability: P1=1.900000000 P2=0.027754859 EV: (-0.08890370547036504, 0.08890370547036504) P1 Winnings: -115.0
Choosing model 3
[0.0796816468398458, 0.0008223328376126916, 0.0050910379278478, 0.7140966604834491, 0.20030832191124465]
Games played: 142
Exploitability: P1=1.933333333 P2=0.027754859 EV: (-0.0021927081061989913, 0.0021927081061989913) P1 Winnings: -122.0
Choosing model 3
[0.08226621433089933, 0.0006571332122095166, 0.005143730279380686, 0.6885227557989283, 0.22341016637858221]
Games played: 143
Exploitability: P1=1.933333333 P2=0.027754859 EV: (-0.0021927081061989913, 0.0021927081061989913) P1 Winnings: -119.0
Choosing model 4
[0.08320790362837976, 0.0006000847256534908, 0.005161033753831812, 0.678700045602645, 0.23233093228949]
Games played: 144
Exploitability: P1=2.600000000 P2=0.027754859 EV: (-0.0030188992384139433, 0.0030188992384139433) P1 Winnings: -116.0
Choosing model 4
[0.06593496348799986, 0.0002727600720838441, 0.0030118675142696196, 0.6547515237382233, 0.2760288851874233]
Games played: 145
Exploitability: P1=2.600000000 P2=0.027754859 EV: (-0.0030188992384139433, 0.0030188992384139433) P1 Winnings: -109.0
Choosing model 4
[0.06593495829217849, 0.00027276031298542586, 0.0030118676413644096, 0.6547517013058037, 0.27602871244766797]
Games played: 146
Exploitability: P1=2.600000000 P2=0.027754859 EV: (-0.0030188992384139433, 0.0030188992384139433) P1 Winnings: -112.0
Choosing model 3
[0.04799560179824602, 0.00013666230530917238, 0.001578573759434421, 0.6464254921473581, 0.30386366998965225]
Games played: 147
Exploitability: P1=1.933333333 P2=0.027754859 EV: (-0.0021927081061989913, 0.0021927081061989913) P1 Winnings: -115.0
Choosing model 4
[0.04850083955472459, 0.00012259022455767405, 0.0015841497583837481, 0.6374405006186163, 0.3123519198437177]
Games played: 148
Exploitability: P1=2.600000000 P2=0.027754859 EV: (-0.0030188992384139433, 0.0030188992384139433) P1 Winnings: -118.0
Choosing model 3
[0.04886407734176204, 0.00011150962990508814, 0.0015832595857302658, 0.6258879816547404, 0.3235531717878622]
Games played: 149
Exploitability: P1=1.933333333 P2=0.027754859 EV: (-0.0021927081061989913, 0.0021927081061989913) P1 Winnings: -121.0
Choosing model 0
[0.04933665810674082, 9.994283935633776e-05, 0.0015875071617305946, 0.6166659968258464, 0.3323098950663258]
Games played: 150
Exploitability: P1=1.900000000 P2=0.027754859 EV: (-0.08890370547036504, 0.08890370547036504) P1 Winnings: -124.0
Choosing model 4
[0.05007921803339231, 7.783662597225234e-05, 0.0015770195311250173, 0.5843819262836625, 0.3638839995258479]
Games played: 151
Exploitability: P1=2.600000000 P2=0.027754859 EV: (-0.0030188992384139433, 0.0030188992384139433) P1 Winnings: -123.0
Choosing model 4
[0.050594840984961205, 6.033609607874068e-05, 0.0015592628681906579, 0.5511939415264466, 0.3965916185243228]
Games played: 152
Exploitability: P1=2.600000000 P2=0.027754859 EV: (-0.0030188992384139433, 0.0030188992384139433) P1 Winnings: -123.0
Choosing model 4
[0.050869859913082946, 4.654532008033849e-05, 0.0015342891422759973, 0.5173896122726656, 0.430159693351895]
Games played: 153
Exploitability: P1=2.600000000 P2=0.027754859 EV: (-0.0030188992384139433, 0.0030188992384139433) P1 Winnings: -123.0
Choosing model 3
[0.05089910170783835, 3.751145450269872e-05, 0.00150804521031981, 0.4891678674159513, 0.45838747421138776]
Games played: 154
Exploitability: P1=1.933333333 P2=0.027754859 EV: (-0.0021927081061989913, 0.0021927081061989913) P1 Winnings: -123.0
Choosing model 4
[0.05089910574468566, 3.75114935638538e-05, 0.0015080455123978778, 0.489168077421329, 0.45838725982802353]
Games played: 155
Exploitability: P1=2.600000000 P2=0.027754859 EV: (-0.0030188992384139433, 0.0030188992384139433) P1 Winnings: -126.0
Choosing model 3
[0.050899109473114566, 3.751152969692111e-05, 0.0015080457917657196, 0.48916827174434707, 0.4583870614610757]
Games played: 156
Exploitability: P1=1.933333333 P2=0.027754859 EV: (-0.0021927081061989913, 0.0021927081061989913) P1 Winnings: -127.0
Choosing model 3
[0.051100568873793946, 3.343024881486653e-05, 0.0015035352735499126, 0.47923352863029767, 0.4681289369735437]
Games played: 157
Exploitability: P1=1.933333333 P2=0.027754859 EV: (-0.0021927081061989913, 0.0021927081061989913) P1 Winnings: -130.0
Choosing model 4
[0.04963734713674605, 1.6916554955766442e-05, 0.001379375318625143, 0.3891280682815543, 0.5598382927081187]
Games played: 158
Exploitability: P1=2.600000000 P2=0.027754859 EV: (-0.0030188992384139433, 0.0030188992384139433) P1 Winnings: -130.0
Choosing model 4
[0.04963735493137208, 1.6916572667964815e-05, 0.0013793756897208613, 0.3891282554646792, 0.55983809734156]
Games played: 159
Exploitability: P1=2.600000000 P2=0.027754859 EV: (-0.0030188992384139433, 0.0030188992384139433) P1 Winnings: -131.0
Choosing model 4
[0.049637363362460725, 1.691659181508477e-05, 0.0013793760909177359, 0.38912845775472776, 0.5598378862000787]
Games played: 160
Exploitability: P1=2.600000000 P2=0.027754859 EV: (-0.0030188992384139433, 0.0030188992384139433) P1 Winnings: -134.0
Choosing model 3
[0.049348168062942385, 1.518417806832343e-05, 0.0013603807215738235, 0.37702646462270833, 0.5722498024147071]
Games played: 161
Exploitability: P1=1.933333333 P2=0.027754859 EV: (-0.0021927081061989913, 0.0021927081061989913) P1 Winnings: -137.0
Choosing model 4
[0.04372905346797661, 1.311620570623801e-05, 0.0010422787336407334, 0.4025919442585309, 0.5526236073341455]
Games played: 162
Exploitability: P1=2.600000000 P2=0.027754859 EV: (-0.0030188992384139433, 0.0030188992384139433) P1 Winnings: -137.0
Choosing model 4
[0.044173725631951884, 1.4186021851735376e-05, 0.0010617267206355196, 0.4166880728126983, 0.5380622888128626]
Games played: 163
Exploitability: P1=2.600000000 P2=0.027754859 EV: (-0.0030188992384139433, 0.0030188992384139433) P1 Winnings: -138.0
Choosing model 3
[0.045846879570682675, 2.3393518589877276e-05, 0.0011616959411522027, 0.5055228745066095, 0.44744515646296573]
Games played: 164
Exploitability: P1=1.933333333 P2=0.027754859 EV: (-0.0021927081061989913, 0.0021927081061989913) P1 Winnings: -138.0
Choosing model 3
[0.047317384331188095, 3.4454766511911844e-05, 0.00126516195885146, 0.5676661896287953, 0.3837168093146532]
Games played: 165
Exploitability: P1=1.933333333 P2=0.027754859 EV: (-0.0021927081061989913, 0.0021927081061989913) P1 Winnings: -131.0
Choosing model 3
[0.04765689754607837, 3.0804462252558075e-05, 0.0012654200273358718, 0.5579193569410053, 0.39312752102332793]
Games played: 166
Exploitability: P1=1.933333333 P2=0.027754859 EV: (-0.0021927081061989913, 0.0021927081061989913) P1 Winnings: -134.0
Choosing model 3
[0.048114170823518286, 2.7671842003490826e-05, 0.0012720152868985373, 0.5530723470459951, 0.39751379500158457]
Games played: 167
Exploitability: P1=1.933333333 P2=0.027754859 EV: (-0.0021927081061989913, 0.0021927081061989913) P1 Winnings: -139.0
Choosing model 4
[0.0482529081820296, 1.904149476592876e-05, 0.0012334426012838475, 0.49929889796259613, 0.45119570975932444]
Games played: 168
Exploitability: P1=2.600000000 P2=0.027754859 EV: (-0.0030188992384139433, 0.0030188992384139433) P1 Winnings: -150.0
Choosing model 3
[0.04868770644268161, 2.591767153724103e-05, 0.0012891351671723088, 0.5575450379702349, 0.39245220274837406]
Games played: 169
Exploitability: P1=1.933333333 P2=0.027754859 EV: (-0.0021927081061989913, 0.0021927081061989913) P1 Winnings: -143.0
Choosing model 3
[0.04911143336706088, 2.4319841245390567e-05, 0.0013003831556703137, 0.5596628738907516, 0.3899009897452718]
Games played: 170
Exploitability: P1=1.933333333 P2=0.027754859 EV: (-0.0021927081061989913, 0.0021927081061989913) P1 Winnings: -146.0
Choosing model 3
[0.05394785173980906, 2.758197707902686e-05, 0.001512506527307519, 0.5558823926244069, 0.38862966713139757]
Games played: 171
Exploitability: P1=1.933333333 P2=0.027754859 EV: (-0.0021927081061989913, 0.0021927081061989913) P1 Winnings: -145.0
Choosing model 3
[0.0542506636335603, 2.1468359849617262e-05, 0.0014884587419578615, 0.5220497630110326, 0.4221896462535996]
Games played: 172
Exploitability: P1=1.933333333 P2=0.027754859 EV: (-0.0021927081061989913, 0.0021927081061989913) P1 Winnings: -142.0
Choosing model 3
[0.03869871379315559, 1.054076663747123e-05, 0.0007644895755348684, 0.5050792328301691, 0.45544702303450313]
Games played: 173
Exploitability: P1=1.933333333 P2=0.027754859 EV: (-0.0021927081061989913, 0.0021927081061989913) P1 Winnings: -145.0
Choosing model 3
[0.03904701193929468, 1.4347049396588989e-05, 0.0007989995424920668, 0.5639937753003328, 0.39614586616848374]
Games played: 174
Exploitability: P1=1.933333333 P2=0.027754859 EV: (-0.0021927081061989913, 0.0021927081061989913) P1 Winnings: -138.0
Choosing model 4
[0.03920878932930546, 9.884638496799287e-06, 0.0007757424268766803, 0.5097951592188176, 0.4502104243865035]
Games played: 175
Exploitability: P1=2.600000000 P2=0.027754859 EV: (-0.0030188992384139433, 0.0030188992384139433) P1 Winnings: -135.0
Choosing model 3
[0.039208791781317004, 9.884647912304429e-06, 0.0007757425622728448, 0.5097953562740029, 0.45021022473449485]
Games played: 176
Exploitability: P1=1.933333333 P2=0.027754859 EV: (-0.0021927081061989913, 0.0021927081061989913) P1 Winnings: -136.0
Choosing model 3
[0.039036545940959566, 1.8197718990293584e-05, 0.0008266307364155904, 0.6213511544463841, 0.3387674711572505]
Games played: 177
Exploitability: P1=1.933333333 P2=0.027754859 EV: (-0.0021927081061989913, 0.0021927081061989913) P1 Winnings: -136.0
Choosing model 3
[0.04293749240800346, 2.0665949355787162e-05, 0.0009627448864739187, 0.6179698376981552, 0.3381092590580116]
Games played: 178
Exploitability: P1=1.933333333 P2=0.027754859 EV: (-0.0021927081061989913, 0.0021927081061989913) P1 Winnings: -135.0
Choosing model 3
[0.04065802321232369, 3.618534928311075e-05, 0.0009757235972057797, 0.7163580920930667, 0.24197197574812085]
Games played: 179
Exploitability: P1=1.933333333 P2=0.027754859 EV: (-0.0021927081061989913, 0.0021927081061989913) P1 Winnings: -135.0
Choosing model 3
[0.041127227038460785, 3.3046998872757086e-05, 0.0009790963276446194, 0.7062034788766937, 0.25165715075832806]
Games played: 180
Exploitability: P1=1.933333333 P2=0.027754859 EV: (-0.0021927081061989913, 0.0021927081061989913) P1 Winnings: -132.0
Choosing model 3
[0.042247033512015045, 2.6274919212846962e-05, 0.0009842396485164214, 0.6774772690204818, 0.2792651828997739]
Games played: 181
Exploitability: P1=1.933333333 P2=0.027754859 EV: (-0.0021927081061989913, 0.0021927081061989913) P1 Winnings: -132.0
Choosing model 4
[0.0427417651623762, 2.3597006235650235e-05, 0.0009888732565478862, 0.6688432163650445, 0.28740254820979577]
Games played: 182
Exploitability: P1=2.600000000 P2=0.027754859 EV: (-0.0030188992384139433, 0.0030188992384139433) P1 Winnings: -135.0
Choosing model 3
[0.04126496843322763, 3.148767484444711e-05, 0.0009892405899710431, 0.7179136435062302, 0.23980065979572676]
Games played: 183
Exploitability: P1=1.933333333 P2=0.027754859 EV: (-0.0021927081061989913, 0.0021927081061989913) P1 Winnings: -130.0
Choosing model 3
[0.04156034443757759, 2.9501199459875548e-05, 0.00099634359873235, 0.7195369118898396, 0.23787689887439048]
Games played: 184
Exploitability: P1=1.933333333 P2=0.027754859 EV: (-0.0021927081061989913, 0.0021927081061989913) P1 Winnings: -133.0
Choosing model 4
[0.030161023751421195, 1.4736300566469397e-05, 0.0005206182240803995, 0.7082329887789538, 0.261070632944978]
Games played: 185
Exploitability: P1=2.600000000 P2=0.027754859 EV: (-0.0030188992384139433, 0.0030188992384139433) P1 Winnings: -136.0
Choosing model 3
[0.03117310969302813, 2.1503770224504975e-05, 0.0005810646905970706, 0.7482032988441185, 0.22002102300203183]
Games played: 186
Exploitability: P1=1.933333333 P2=0.027754859 EV: (-0.0021927081061989913, 0.0021927081061989913) P1 Winnings: -133.0
Choosing model 3
[0.033135686027105454, 1.370493348363843e-05, 0.0005882360806663063, 0.6844894878313004, 0.28177288512744425]
Games played: 187
Exploitability: P1=1.933333333 P2=0.027754859 EV: (-0.0021927081061989913, 0.0021927081061989913) P1 Winnings: -134.0
Choosing model 3
[0.043143698387485385, 2.6092006923361302e-05, 0.0009738420360723129, 0.7159639093024918, 0.23989245826702724]
Games played: 188
Exploitability: P1=1.933333333 P2=0.027754859 EV: (-0.0021927081061989913, 0.0021927081061989913) P1 Winnings: -129.0
Choosing model 3
[0.04744971428191802, 2.9627624209161084e-05, 0.0011340680730540465, 0.7119872809521461, 0.23939930906867246]
Games played: 189
Exploitability: P1=1.933333333 P2=0.027754859 EV: (-0.0021927081061989913, 0.0021927081061989913) P1 Winnings: -128.0
Choosing model 4
[0.04531381683732294, 3.910647241416143e-05, 0.0011221951978982534, 0.7559414204060384, 0.19758346108632618]
Games played: 190
Exploitability: P1=2.600000000 P2=0.027754859 EV: (-0.0030188992384139433, 0.0030188992384139433) P1 Winnings: -141.0
Choosing model 3
[0.0498310578491978, 4.440084304381958e-05, 0.001306689028067455, 0.75166179798898, 0.19715605429071092]
Games played: 191
Exploitability: P1=1.933333333 P2=0.027754859 EV: (-0.0021927081061989913, 0.0021927081061989913) P1 Winnings: -140.0
Choosing model 3
[0.05403821289567714, 2.5083121085814085e-05, 0.0013383173786202193, 0.6813745137366477, 0.2632238728679691]
Games played: 192
Exploitability: P1=1.933333333 P2=0.027754859 EV: (-0.0021927081061989913, 0.0021927081061989913) P1 Winnings: -143.0
Choosing model 4
[0.05935492410417876, 2.8445296344064765e-05, 0.0015565005200348892, 0.6767161409327309, 0.2623439891467114]
Games played: 193
Exploitability: P1=2.600000000 P2=0.027754859 EV: (-0.0030188992384139433, 0.0030188992384139433) P1 Winnings: -142.0
Choosing model 3
[0.06515603899892691, 3.2238995017985444e-05, 0.0018091791218806492, 0.6716906920777445, 0.2613118508064298]
Games played: 194
Exploitability: P1=1.933333333 P2=0.027754859 EV: (-0.0021927081061989913, 0.0021927081061989913) P1 Winnings: -141.0
Choosing model 4
[0.06672180500478439, 2.5552722604158708e-05, 0.0018130230394588056, 0.6423630139441406, 0.28907660528901197]
Games played: 195
Exploitability: P1=2.600000000 P2=0.027754859 EV: (-0.0030188992384139433, 0.0030188992384139433) P1 Winnings: -138.0
Choosing model 3
[0.048473670086454465, 1.2777953406620374e-05, 0.000948386261094317, 0.6329600277139849, 0.31760513798505985]
Games played: 196
Exploitability: P1=1.933333333 P2=0.027754859 EV: (-0.0021927081061989913, 0.0021927081061989913) P1 Winnings: -131.0
Choosing model 4
[0.049280096524398895, 1.005470933702281e-05, 0.0009435383238952313, 0.6009523207322333, 0.3488139897101355]
Games played: 197
Exploitability: P1=2.600000000 P2=0.027754859 EV: (-0.0030188992384139433, 0.0030188992384139433) P1 Winnings: -131.0
Choosing model 4
[0.04980044338992982, 8.184072858574937e-06, 0.0009366531072310849, 0.5738419800748127, 0.3754127393551679]
Games played: 198
Exploitability: P1=2.600000000 P2=0.027754859 EV: (-0.0030188992384139433, 0.0030188992384139433) P1 Winnings: -130.0
Choosing model 3
[0.05017344049130518, 4.2953607795018794e-06, 0.0008912621288424679, 0.48327633014768984, 0.4656546718713829]
Games played: 199
Exploitability: P1=1.933333333 P2=0.027754859 EV: (-0.0021927081061989913, 0.0021927081061989913) P1 Winnings: -130.0
Choosing model 4
[0.05064794108259856, 4.033564638970841e-06, 0.0008997108379677116, 0.48547479580071407, 0.46297351871408066]
Games played: 200
Exploitability: P1=2.600000000 P2=0.027754859 EV: (-0.0030188992384139433, 0.0030188992384139433) P1 Winnings: -133.0
