Player 1 exploitability: 0.385048501708
Choosing model 3
[0.22062963757047982, 0.1149352748849045, 0.2083770346426555, 0.1844278005559698, 0.2716302523459903]
Games played: 1
Exploitability: P1=1.933333333 P2=0.299396488 EV: (-0.005261578405137496, 0.005261578405137496) P1 Winnings: -3
Choosing model 4
[0.20410382623853737, 0.19093140084500362, 0.2056353494465917, 0.20680912752297526, 0.19252029594689193]
Games played: 2
Exploitability: P1=2.600000000 P2=0.299396488 EV: (-0.18706362757074463, 0.18706362757074463) P1 Winnings: -6
Choosing model 1
[0.17527101841430928, 0.294423891179532, 0.18837243975645135, 0.21527058300018898, 0.12666206764951846]
Games played: 3
Exploitability: P1=2.800000000 P2=0.299396488 EV: (0.29939648756752324, -0.29939648756752324) P1 Winnings: -9
Choosing model 0
[0.18106773727288034, 0.27461237226353247, 0.1930473174977695, 0.2167365538080447, 0.13453601915777297]
Games played: 4
Exploitability: P1=1.900000000 P2=0.299396488 EV: (-0.09228244182868292, 0.09228244182868292) P1 Winnings: -9.0
Choosing model 3
[0.15912893129081424, 0.34917220623558504, 0.17654087401025015, 0.21457241005737587, 0.10058557840597451]
Games played: 5
Exploitability: P1=1.933333333 P2=0.299396488 EV: (-0.005261578405137496, 0.005261578405137496) P1 Winnings: -18.0
Choosing model 1
[0.12922143289864263, 0.45052017555350427, 0.15113486089379416, 0.2036776030001027, 0.06544592765395624]
Games played: 6
Exploitability: P1=2.800000000 P2=0.299396488 EV: (0.29939648756752324, -0.29939648756752324) P1 Winnings: -18.0
Choosing model 4
[0.1547865274921614, 0.36285652059787893, 0.17466406769766202, 0.21820010911878307, 0.08949277509351478]
Games played: 7
Exploitability: P1=2.600000000 P2=0.299396488 EV: (-0.18706362757074463, 0.18706362757074463) P1 Winnings: -23.0
Choosing model 4
[0.11675393940555732, 0.4914847455259655, 0.14054085172836417, 0.19950297205795137, 0.051717491282161666]
Games played: 8
Exploitability: P1=2.600000000 P2=0.299396488 EV: (-0.18706362757074463, 0.18706362757074463) P1 Winnings: -26.0
Choosing model 0
[0.11671635124496077, 0.5072748301609789, 0.1487637498721712, 0.18033266604068945, 0.04691240268119969]
Games played: 9
Exploitability: P1=1.900000000 P2=0.299396488 EV: (-0.09228244182868292, 0.09228244182868292) P1 Winnings: -25.0
Choosing model 1
[0.11224428548811585, 0.5223171722054992, 0.14426619345497257, 0.17768835929902477, 0.04348398955238756]
Games played: 10
Exploitability: P1=2.800000000 P2=0.299396488 EV: (0.29939648756752324, -0.29939648756752324) P1 Winnings: -26.0
Choosing model 3
[0.12682773018035437, 0.4749309186220442, 0.1618238890310933, 0.1847849602526149, 0.051632501913893146]
Games played: 11
Exploitability: P1=1.933333333 P2=0.299396488 EV: (-0.005261578405137496, 0.005261578405137496) P1 Winnings: -25.0
Choosing model 1
[0.10560237727260742, 0.5465686151767184, 0.13961572880460846, 0.17105861821774407, 0.03715466052832179]
Games played: 12
Exploitability: P1=2.800000000 P2=0.299396488 EV: (0.29939648756752324, -0.29939648756752324) P1 Winnings: -38.0
Choosing model 1
[0.09941832230362581, 0.49295161898558937, 0.0939480268833568, 0.2646715947080221, 0.04901043711940576]
Games played: 13
Exploitability: P1=2.800000000 P2=0.299396488 EV: (0.29939648756752324, -0.29939648756752324) P1 Winnings: -43.0
Choosing model 1
[0.09556075936160587, 0.5073128999119707, 0.09106169646782723, 0.2606588881031115, 0.0454057561554847]
Games played: 14
Exploitability: P1=2.800000000 P2=0.299396488 EV: (0.29939648756752324, -0.29939648756752324) P1 Winnings: -56.0
Choosing model 1
[0.10903646728235594, 0.45453705295640584, 0.10181814402586543, 0.278922885121865, 0.055685450613507964]
Games played: 15
Exploitability: P1=2.800000000 P2=0.299396488 EV: (0.29939648756752324, -0.29939648756752324) P1 Winnings: -53.0
Choosing model 1
[0.0615084458941655, 0.6442362128257748, 0.06314904705737831, 0.20957247803669696, 0.021533816185984565]
Games played: 16
Exploitability: P1=2.800000000 P2=0.299396488 EV: (0.29939648756752324, -0.29939648756752324) P1 Winnings: -44.0
Choosing model 1
[0.05855497530858691, 0.6566480025308273, 0.06062206988329395, 0.20441621329260518, 0.01975873898468656]
Games played: 17
Exploitability: P1=2.800000000 P2=0.299396488 EV: (0.29939648756752324, -0.29939648756752324) P1 Winnings: -57.0
Choosing model 0
[0.06840091564132397, 0.6172724580493651, 0.07030026385955278, 0.21977136997727967, 0.02425499247247839]
Games played: 18
Exploitability: P1=1.900000000 P2=0.299396488 EV: (-0.09228244182868292, 0.09228244182868292) P1 Winnings: -56.0
Choosing model 1
[0.07922681612020172, 0.5709484999305773, 0.07991754768499963, 0.23988564557549868, 0.030021490688722657]
Games played: 19
Exploitability: P1=2.800000000 P2=0.299396488 EV: (0.29939648756752324, -0.29939648756752324) P1 Winnings: -56.0
Choosing model 1
[0.08394288845881433, 0.5359935903202153, 0.07790008299443071, 0.26753496050312225, 0.03462847772341751]
Games played: 20
Exploitability: P1=2.800000000 P2=0.299396488 EV: (0.29939648756752324, -0.29939648756752324) P1 Winnings: -47.0
Choosing model 1
[0.09591058895972959, 0.49282009028048124, 0.08835856420360975, 0.2813331145242401, 0.04157764203193942]
Games played: 21
Exploitability: P1=2.800000000 P2=0.299396488 EV: (0.29939648756752324, -0.29939648756752324) P1 Winnings: -46.0
Choosing model 2
[0.09171575781031618, 0.4340709994774186, 0.06713382897705332, 0.3591213079562111, 0.0479581057790007]
Games played: 22
Exploitability: P1=4.600000000 P2=0.299396488 EV: (0.20929023510091707, -0.20929023510091707) P1 Winnings: -59.0
Choosing model 1
[0.09366441828040939, 0.4576827715501283, 0.07259496093290754, 0.33161695696715904, 0.04444089226939562]
Games played: 23
Exploitability: P1=2.800000000 P2=0.299396488 EV: (0.29939648756752324, -0.29939648756752324) P1 Winnings: -58.0
Choosing model 1
[0.09598318928775076, 0.4142791227934498, 0.06616468987392757, 0.3726495435440262, 0.050923454500845684]
Games played: 24
Exploitability: P1=2.800000000 P2=0.299396488 EV: (0.29939648756752324, -0.29939648756752324) P1 Winnings: -65.0
Choosing model 1
[0.09731171896886069, 0.3709974828097261, 0.05966168547503633, 0.41429900391185354, 0.05773010883452325]
Games played: 25
Exploitability: P1=2.800000000 P2=0.299396488 EV: (0.29939648756752324, -0.29939648756752324) P1 Winnings: -72.0
Choosing model 3
[0.08927090420396801, 0.4702209525585722, 0.06395091480210484, 0.3382286087226235, 0.03832861971273149]
Games played: 26
Exploitability: P1=1.933333333 P2=0.299396488 EV: (-0.005261578405137496, 0.005261578405137496) P1 Winnings: -63.0
Choosing model 1
[0.09504695070446083, 0.4444158248268911, 0.067617414006567, 0.3514082537107044, 0.04151155675137658]
Games played: 27
Exploitability: P1=2.800000000 P2=0.299396488 EV: (0.29939648756752324, -0.29939648756752324) P1 Winnings: -66.0
Choosing model 3
[0.0950467719705913, 0.4444164885761103, 0.06761731552325327, 0.3514080247766485, 0.04151139915339647]
Games played: 28
Exploitability: P1=1.933333333 P2=0.299396488 EV: (-0.005261578405137496, 0.005261578405137496) P1 Winnings: -75.0
Choosing model 3
[0.10822662674987893, 0.39167827861741356, 0.07534654093815991, 0.37368572724676313, 0.051062826447784315]
Games played: 29
Exploitability: P1=1.933333333 P2=0.299396488 EV: (-0.005261578405137496, 0.005261578405137496) P1 Winnings: -72.0
Choosing model 1
[0.09232775662718457, 0.4507406938910231, 0.06658021120772106, 0.3527996906046212, 0.037551647669450024]
Games played: 30
Exploitability: P1=2.800000000 P2=0.299396488 EV: (0.29939648756752324, -0.29939648756752324) P1 Winnings: -65.0
Choosing model 1
[0.07009201602497064, 0.5424210345710733, 0.05314846215635725, 0.31113953452275406, 0.023198952724844884]
Games played: 31
Exploitability: P1=2.800000000 P2=0.299396488 EV: (0.29939648756752324, -0.29939648756752324) P1 Winnings: -58.0
Choosing model 3
[0.06952764974806347, 0.5410660348053402, 0.05311494560928607, 0.31425305014977817, 0.022038319687532268]
Games played: 32
Exploitability: P1=1.933333333 P2=0.299396488 EV: (-0.005261578405137496, 0.005261578405137496) P1 Winnings: -55.0
Choosing model 0
[0.08143228986129433, 0.4862211861345209, 0.06088206965983782, 0.3436193113428908, 0.02784514300145619]
Games played: 33
Exploitability: P1=1.900000000 P2=0.299396488 EV: (-0.09228244182868292, 0.09228244182868292) P1 Winnings: -55.0
Choosing model 3
[0.07737353589315078, 0.4503473012634535, 0.05001607073859243, 0.39343008163424636, 0.028833010470556836]
Games played: 34
Exploitability: P1=1.933333333 P2=0.299396488 EV: (-0.005261578405137496, 0.005261578405137496) P1 Winnings: -46.0
Choosing model 3
[0.087927188745113, 0.40186438097645355, 0.05569774002486412, 0.4192931208378369, 0.03521756941573243]
Games played: 35
Exploitability: P1=1.933333333 P2=0.299396488 EV: (-0.005261578405137496, 0.005261578405137496) P1 Winnings: -49.0
Choosing model 0
[0.0903770893858616, 0.4264693155691576, 0.06061876904429275, 0.38968866559824317, 0.032846160402444785]
Games played: 36
Exploitability: P1=1.900000000 P2=0.299396488 EV: (-0.09228244182868292, 0.09228244182868292) P1 Winnings: -48.0
Choosing model 1
[0.09250124643314711, 0.45066116519583427, 0.06569475901109668, 0.3606383293595296, 0.030504500000392388]
Games played: 37
Exploitability: P1=2.800000000 P2=0.299396488 EV: (0.29939648756752324, -0.29939648756752324) P1 Winnings: -47.0
Choosing model 1
[0.09452594852390299, 0.40678182607451646, 0.05970812759446149, 0.40412774673304175, 0.03485635107407735]
Games played: 38
Exploitability: P1=2.800000000 P2=0.299396488 EV: (0.29939648756752324, -0.29939648756752324) P1 Winnings: -54.0
Choosing model 1
[0.09712776153350278, 0.3703435894762403, 0.056442969446619536, 0.43709474015345356, 0.03899093939018383]
Games played: 39
Exploitability: P1=2.800000000 P2=0.299396488 EV: (0.29939648756752324, -0.29939648756752324) P1 Winnings: -45.0
Choosing model 3
[0.07570181503244748, 0.4575528127502115, 0.04625748665295768, 0.3957575661844336, 0.024730319379949777]
Games played: 40
Exploitability: P1=1.933333333 P2=0.299396488 EV: (-0.005261578405137496, 0.005261578405137496) P1 Winnings: -38.0
Choosing model 1
[0.06218286088393751, 0.5194697439533186, 0.03937120177178668, 0.36142022348609865, 0.017555969904858595]
Games played: 41
Exploitability: P1=2.800000000 P2=0.299396488 EV: (0.29939648756752324, -0.29939648756752324) P1 Winnings: -38.0
Choosing model 1
[0.08455533375098855, 0.3725981442489546, 0.04517588681271408, 0.4653780819081081, 0.032292553279234686]
Games played: 42
Exploitability: P1=2.800000000 P2=0.299396488 EV: (0.29939648756752324, -0.29939648756752324) P1 Winnings: -43.0
Choosing model 3
[0.08453101882704946, 0.32902108484640424, 0.0401680779464038, 0.5101810793947974, 0.036098738985345116]
Games played: 43
Exploitability: P1=1.933333333 P2=0.299396488 EV: (-0.005261578405137496, 0.005261578405137496) P1 Winnings: -50.0
Choosing model 3
[0.09455836867593975, 0.2848723943692386, 0.0439717324990225, 0.5329743992457591, 0.04362310521004021]
Games played: 44
Exploitability: P1=1.933333333 P2=0.299396488 EV: (-0.005261578405137496, 0.005261578405137496) P1 Winnings: -57.0
Choosing model 1
[0.06597217030299561, 0.34597206068313147, 0.028085510994596847, 0.5334356848482812, 0.026534573170995]
Games played: 45
Exploitability: P1=2.800000000 P2=0.299396488 EV: (0.29939648756752324, -0.29939648756752324) P1 Winnings: -44.0
Choosing model 0
[0.07403439335949834, 0.3124351863083114, 0.03128838606052241, 0.5509503698926638, 0.03129166437900418]
Games played: 46
Exploitability: P1=1.900000000 P2=0.299396488 EV: (-0.09228244182868292, 0.09228244182868292) P1 Winnings: -43.0
Choosing model 3
[0.06285472854825276, 0.36662239688244924, 0.027524524637518415, 0.5200387776923018, 0.022959572239477803]
Games played: 47
Exploitability: P1=1.933333333 P2=0.299396488 EV: (-0.005261578405137496, 0.005261578405137496) P1 Winnings: -43.0
Choosing model 3
[0.06975867886786362, 0.3277310513902183, 0.030008044350176115, 0.5453642442649914, 0.027137981126750588]
Games played: 48
Exploitability: P1=1.933333333 P2=0.299396488 EV: (-0.005261578405137496, 0.005261578405137496) P1 Winnings: -43.0
Choosing model 1
[0.07284397986702452, 0.3533345628439858, 0.03317932054689924, 0.5149285285552739, 0.025713608186816436]
Games played: 49
Exploitability: P1=2.800000000 P2=0.299396488 EV: (0.29939648756752324, -0.29939648756752324) P1 Winnings: -42.0
Choosing model 3
[0.07024584302401841, 0.36481402934735446, 0.03226482863662511, 0.508775229720818, 0.02390006927118406]
Games played: 50
Exploitability: P1=1.933333333 P2=0.299396488 EV: (-0.005261578405137496, 0.005261578405137496) P1 Winnings: -55.0
Choosing model 3
[0.06560236565911036, 0.23450732175327524, 0.021695619189309696, 0.6444399750302773, 0.033754718368027486]
Games played: 51
Exploitability: P1=1.933333333 P2=0.299396488 EV: (-0.005261578405137496, 0.005261578405137496) P1 Winnings: -48.0
Choosing model 3
[0.07235708460357791, 0.20019837102247462, 0.0234175929376622, 0.663807441335584, 0.04021951010070138]
Games played: 52
Exploitability: P1=1.933333333 P2=0.299396488 EV: (-0.005261578405137496, 0.005261578405137496) P1 Winnings: -48.0
Choosing model 1
[0.07491377348623764, 0.18442438804513556, 0.02413977699125335, 0.674816986405078, 0.04170507507229547]
Games played: 53
Exploitability: P1=2.800000000 P2=0.299396488 EV: (0.29939648756752324, -0.29939648756752324) P1 Winnings: -53.0
Choosing model 1
[0.08777580555713213, 0.28719291055213086, 0.038266747971259056, 0.5548460156798686, 0.0319185202396092]
Games played: 54
Exploitability: P1=2.800000000 P2=0.299396488 EV: (0.29939648756752324, -0.29939648756752324) P1 Winnings: -48.0
Choosing model 0
[0.07440327683592979, 0.3425245759742538, 0.033681680502959284, 0.5262065675994991, 0.023183899087357983]
Games played: 55
Exploitability: P1=1.900000000 P2=0.299396488 EV: (-0.09228244182868292, 0.09228244182868292) P1 Winnings: -48.0
Choosing model 1
[0.06264034548904926, 0.3985735181722714, 0.029382454066013985, 0.4925350739213682, 0.01686860835129717]
Games played: 56
Exploitability: P1=2.800000000 P2=0.299396488 EV: (0.29939648756752324, -0.29939648756752324) P1 Winnings: -48.0
Choosing model 1
[0.07210681617159616, 0.3464176427344528, 0.033072063868872105, 0.5274588505387411, 0.0209446266863379]
Games played: 57
Exploitability: P1=2.800000000 P2=0.299396488 EV: (0.29939648756752324, -0.29939648756752324) P1 Winnings: -45.0
Choosing model 1
[0.0866052196143635, 0.27976271358385946, 0.038323870146275946, 0.5665906646386253, 0.02871753201687586]
Games played: 58
Exploitability: P1=2.800000000 P2=0.299396488 EV: (0.29939648756752324, -0.29939648756752324) P1 Winnings: -50.0
Choosing model 2
[0.0955837078712651, 0.242454832242434, 0.04144827165221282, 0.5864468412148947, 0.03406634701919352]
Games played: 59
Exploitability: P1=4.600000000 P2=0.299396488 EV: (0.20929023510091707, -0.20929023510091707) P1 Winnings: -47.0
Choosing model 3
[0.10545087549151608, 0.2052303891236726, 0.044751367433878135, 0.6040236326284117, 0.04054373532252144]
Games played: 60
Exploitability: P1=1.933333333 P2=0.299396488 EV: (-0.005261578405137496, 0.005261578405137496) P1 Winnings: -46.0
Choosing model 3
[0.10545083414654749, 0.20523050608929364, 0.044751355302774985, 0.6040236072126247, 0.04054369724875924]
Games played: 61
Exploitability: P1=1.933333333 P2=0.299396488 EV: (-0.005261578405137496, 0.005261578405137496) P1 Winnings: -49.0
Choosing model 3
[0.11455798595144276, 0.17507271728891072, 0.04764077328353335, 0.6153875323238075, 0.047340991152305736]
Games played: 62
Exploitability: P1=1.933333333 P2=0.299396488 EV: (-0.005261578405137496, 0.005261578405137496) P1 Winnings: -52.0
Choosing model 1
[0.09544754294228326, 0.2317645599890437, 0.0418458272036088, 0.599338347819568, 0.031603722045496184]
Games played: 63
Exploitability: P1=2.800000000 P2=0.299396488 EV: (0.29939648756752324, -0.29939648756752324) P1 Winnings: -52.0
Choosing model 3
[0.10338683183206951, 0.2022021681174159, 0.04452564355046179, 0.6134274136956513, 0.03645794280440147]
Games played: 64
Exploitability: P1=1.933333333 P2=0.299396488 EV: (-0.005261578405137496, 0.005261578405137496) P1 Winnings: -51.0
Choosing model 3
[0.08042671336357268, 0.2824604378044304, 0.0369492753265253, 0.5784346434172587, 0.02172893008821287]
Games played: 65
Exploitability: P1=1.933333333 P2=0.299396488 EV: (-0.005261578405137496, 0.005261578405137496) P1 Winnings: -54.0
Choosing model 3
[0.08431207015643906, 0.30571740963145916, 0.041013773908053955, 0.548287823597097, 0.020668922706950678]
Games played: 66
Exploitability: P1=1.933333333 P2=0.299396488 EV: (-0.005261578405137496, 0.005261578405137496) P1 Winnings: -53.0
Choosing model 1
[0.06634774472894339, 0.3822484689180771, 0.03402515537163231, 0.5043464903683029, 0.013032140613044259]
Games played: 67
Exploitability: P1=2.800000000 P2=0.299396488 EV: (0.29939648756752324, -0.29939648756752324) P1 Winnings: -53.0
Choosing model 2
[0.053765069726927586, 0.4481581518744814, 0.028691126195770765, 0.46040146325179876, 0.008984188951021476]
Games played: 68
Exploitability: P1=4.600000000 P2=0.299396488 EV: (0.20929023510091707, -0.20929023510091707) P1 Winnings: -60.0
Choosing model 3
[0.05190346780127385, 0.5109389412271005, 0.03068145192932022, 0.3994323168762961, 0.007043822166009346]
Games played: 69
Exploitability: P1=1.933333333 P2=0.299396488 EV: (-0.005261578405137496, 0.005261578405137496) P1 Winnings: -55.0
Choosing model 3
[0.05563858094728863, 0.4861921659506858, 0.03266172506841262, 0.41782674250258434, 0.007680785531028601]
Games played: 70
Exploitability: P1=1.933333333 P2=0.299396488 EV: (-0.005261578405137496, 0.005261578405137496) P1 Winnings: -58.0
Choosing model 1
[0.06477072715039875, 0.43426536436383173, 0.0372113490497163, 0.4541067152508223, 0.009645844185230928]
Games played: 71
Exploitability: P1=2.800000000 P2=0.299396488 EV: (0.29939648756752324, -0.29939648756752324) P1 Winnings: -58.0
Choosing model 1
[0.04491365847238132, 0.5407438361706406, 0.027525530634210066, 0.38169248070387546, 0.005124494018892527]
Games played: 72
Exploitability: P1=2.800000000 P2=0.299396488 EV: (0.29939648756752324, -0.29939648756752324) P1 Winnings: -51.0
Choosing model 3
[0.04232362364274317, 0.601779696155932, 0.028732423686718477, 0.3232424266795634, 0.003921829835043027]
Games played: 73
Exploitability: P1=1.933333333 P2=0.299396488 EV: (-0.005261578405137496, 0.005261578405137496) P1 Winnings: -46.0
Choosing model 1
[0.04893677128610713, 0.5604389441363476, 0.03263490135623051, 0.3531599666681355, 0.004829416553179229]
Games played: 74
Exploitability: P1=2.800000000 P2=0.299396488 EV: (0.29939648756752324, -0.29939648756752324) P1 Winnings: -46.0
Choosing model 3
[0.046677770908752275, 0.572349833008677, 0.031390050859613126, 0.3451423896149235, 0.004439955608034029]
Games played: 75
Exploitability: P1=1.933333333 P2=0.299396488 EV: (-0.005261578405137496, 0.005261578405137496) P1 Winnings: -53.0
Choosing model 1
[0.05942769848628378, 0.4999802443015828, 0.038640874678607745, 0.3955535439773333, 0.0063976385561924955]
Games played: 76
Exploitability: P1=2.800000000 P2=0.299396488 EV: (0.29939648756752324, -0.29939648756752324) P1 Winnings: -64.0
Choosing model 3
[0.048825244626889475, 0.5538468895359744, 0.032868289650598154, 0.3599239589480887, 0.004535617238449233]
Games played: 77
Exploitability: P1=1.933333333 P2=0.299396488 EV: (-0.005261578405137496, 0.005261578405137496) P1 Winnings: -57.0
Choosing model 3
[0.030523805129900862, 0.4681557967965414, 0.012829239488096125, 0.4844923731398795, 0.0039987854455821]
Games played: 78
Exploitability: P1=1.933333333 P2=0.299396488 EV: (-0.005261578405137496, 0.005261578405137496) P1 Winnings: -44.0
Choosing model 3
[0.04382829457698979, 0.35018359123701687, 0.017398139705440442, 0.5815209694953072, 0.0070690049852456215]
Games played: 79
Exploitability: P1=1.933333333 P2=0.299396488 EV: (-0.005261578405137496, 0.005261578405137496) P1 Winnings: -47.0
Choosing model 3
[0.04965739283986273, 0.30709157549373456, 0.01929038140250896, 0.6153084152424492, 0.008652235021444543]
Games played: 80
Exploitability: P1=1.933333333 P2=0.299396488 EV: (-0.005261578405137496, 0.005261578405137496) P1 Winnings: -54.0
Choosing model 3
[0.052196441006129135, 0.33327135881541764, 0.021470006147611173, 0.5848098874740548, 0.008252306556787237]
Games played: 81
Exploitability: P1=1.933333333 P2=0.299396488 EV: (-0.005261578405137496, 0.005261578405137496) P1 Winnings: -53.0
Choosing model 3
[0.061824212611796985, 0.339644032311381, 0.027541585222829273, 0.5621970981979979, 0.008793071655994952]
Games played: 82
Exploitability: P1=1.933333333 P2=0.299396488 EV: (-0.005261578405137496, 0.005261578405137496) P1 Winnings: -50.0
Choosing model 3
[0.06929371816743798, 0.2989237802834233, 0.030249727334400657, 0.5909398825770639, 0.01059289163767399]
Games played: 83
Exploitability: P1=1.933333333 P2=0.299396488 EV: (-0.005261578405137496, 0.005261578405137496) P1 Winnings: -53.0
Choosing model 2
[0.07264326329784593, 0.32354527202624045, 0.03357819300127408, 0.5601568559494994, 0.010076415725140198]
Games played: 84
Exploitability: P1=4.600000000 P2=0.299396488 EV: (0.20929023510091707, -0.20929023510091707) P1 Winnings: -52.0
Choosing model 2
[0.08905532741116924, 0.20922315076008793, 0.03473598242168542, 0.6502754842187988, 0.0167100551882587]
Games played: 85
Exploitability: P1=4.600000000 P2=0.299396488 EV: (0.20929023510091707, -0.20929023510091707) P1 Winnings: -52.0
Choosing model 3
[0.09156525127349997, 0.2540516771439187, 0.03956239033465457, 0.6008672179294624, 0.013953463318464225]
Games played: 86
Exploitability: P1=1.933333333 P2=0.299396488 EV: (-0.005261578405137496, 0.005261578405137496) P1 Winnings: -47.0
Choosing model 1
[0.09536849450067415, 0.23889793128361123, 0.04087635884621752, 0.6099149210722051, 0.014942294297291906]
Games played: 87
Exploitability: P1=2.800000000 P2=0.299396488 EV: (0.29939648756752324, -0.29939648756752324) P1 Winnings: -44.0
Choosing model 3
[0.08253822666360425, 0.2950566530228261, 0.0373306125272025, 0.5743289847631468, 0.010745523023220358]
Games played: 88
Exploitability: P1=1.933333333 P2=0.299396488 EV: (-0.005261578405137496, 0.005261578405137496) P1 Winnings: -37.0
Choosing model 3
[0.08625318642830479, 0.27434852155757455, 0.03884145748042542, 0.5893102904271925, 0.011246544106502769]
Games played: 89
Exploitability: P1=1.933333333 P2=0.299396488 EV: (-0.005261578405137496, 0.005261578405137496) P1 Winnings: -42.0
Choosing model 1
[0.09536016676992844, 0.23817473142011142, 0.04208086235832112, 0.6110198356114458, 0.013364403840193205]
Games played: 90
Exploitability: P1=2.800000000 P2=0.299396488 EV: (0.29939648756752324, -0.29939648756752324) P1 Winnings: -45.0
Choosing model 2
[0.09509239822522465, 0.21043861596754407, 0.03860535011138682, 0.6413552921568022, 0.014508343539042155]
Games played: 91
Exploitability: P1=4.600000000 P2=0.299396488 EV: (0.20929023510091707, -0.20929023510091707) P1 Winnings: -36.0
Choosing model 3
[0.09434218578858558, 0.1849850045726596, 0.0352364132567837, 0.6697664537761816, 0.01566994260578955]
Games played: 92
Exploitability: P1=1.933333333 P2=0.299396488 EV: (-0.005261578405137496, 0.005261578405137496) P1 Winnings: -27.0
Choosing model 3
[0.09752628715901733, 0.17014903081660354, 0.036267518337780406, 0.6798332853787917, 0.01622387830780703]
Games played: 93
Exploitability: P1=1.933333333 P2=0.299396488 EV: (-0.005261578405137496, 0.005261578405137496) P1 Winnings: -32.0
Choosing model 1
[0.10111742129322653, 0.1566004687719886, 0.03734269653839196, 0.6878283673166378, 0.017111046079755034]
Games played: 94
Exploitability: P1=2.800000000 P2=0.299396488 EV: (0.29939648756752324, -0.29939648756752324) P1 Winnings: -35.0
Choosing model 0
[0.11060476729420914, 0.12933328388449472, 0.039939681072075704, 0.6999341599618508, 0.02018810778736971]
Games played: 95
Exploitability: P1=1.900000000 P2=0.299396488 EV: (-0.09228244182868292, 0.09228244182868292) P1 Winnings: -32.0
Choosing model 3
[0.11796261116543541, 0.14241441417715045, 0.04510342273622044, 0.6749826267491386, 0.019536925172055186]
Games played: 96
Exploitability: P1=1.933333333 P2=0.299396488 EV: (-0.005261578405137496, 0.005261578405137496) P1 Winnings: -31.0
Choosing model 3
[0.12785748603505034, 0.11843504777586736, 0.0478437103298816, 0.6830198757291741, 0.022843880130026417]
Games played: 97
Exploitability: P1=1.933333333 P2=0.299396488 EV: (-0.005261578405137496, 0.005261578405137496) P1 Winnings: -31.0
Choosing model 3
[0.13614730088224966, 0.1302075677418382, 0.05394387046305512, 0.6576292036172987, 0.022072057295558462]
Games played: 98
Exploitability: P1=1.933333333 P2=0.299396488 EV: (-0.005261578405137496, 0.005261578405137496) P1 Winnings: -30.0
Choosing model 3
[0.14612562437160237, 0.10973742786057594, 0.05673573783779375, 0.661938841104746, 0.02546236882528199]
Games played: 99
Exploitability: P1=1.933333333 P2=0.299396488 EV: (-0.005261578405137496, 0.005261578405137496) P1 Winnings: -33.0
Choosing model 0
[0.15526623677540588, 0.12038670714737064, 0.06383248192750882, 0.6359652511980196, 0.02454932295169509]
Games played: 100
Exploitability: P1=1.900000000 P2=0.299396488 EV: (-0.09228244182868292, 0.09228244182868292) P1 Winnings: -32.0
Choosing model 3
[0.1552661889650935, 0.12038677722168074, 0.06383246942115997, 0.6359652614216929, 0.024549302970372992]
Games played: 101
Exploitability: P1=1.933333333 P2=0.299396488 EV: (-0.005261578405137496, 0.005261578405137496) P1 Winnings: -33.0
Choosing model 3
[0.14485506709814408, 0.13761318608549908, 0.060967467853757916, 0.6358271698878329, 0.02073710907476589]
Games played: 102
Exploitability: P1=1.933333333 P2=0.299396488 EV: (-0.005261578405137496, 0.005261578405137496) P1 Winnings: -42.0
Choosing model 1
[0.1532497148420218, 0.15031390080605364, 0.0682965110250252, 0.6082329445425536, 0.01990692878434591]
Games played: 103
Exploitability: P1=2.800000000 P2=0.299396488 EV: (0.29939648756752324, -0.29939648756752324) P1 Winnings: -41.0
Choosing model 1
[0.16322706333501413, 0.12971528695088705, 0.07148926904657986, 0.6130210132730728, 0.02254736739444624]
Games played: 104
Exploitability: P1=2.800000000 P2=0.299396488 EV: (0.29939648756752324, -0.29939648756752324) P1 Winnings: -42.0
Choosing model 3
[0.16137654469469453, 0.1289627120873538, 0.07120756623554772, 0.6171047840441392, 0.021348392938264793]
Games played: 105
Exploitability: P1=1.933333333 P2=0.299396488 EV: (-0.005261578405137496, 0.005261578405137496) P1 Winnings: -39.0
Choosing model 3
[0.13678287926860436, 0.17367793949210586, 0.0636284645760843, 0.6114123853246405, 0.014498331338565044]
Games played: 106
Exploitability: P1=1.933333333 P2=0.299396488 EV: (-0.005261578405137496, 0.005261578405137496) P1 Winnings: -44.0
Choosing model 0
[0.14406289338995068, 0.18885920691466204, 0.07095879169476596, 0.582263407741391, 0.01385570025923037]
Games played: 107
Exploitability: P1=1.900000000 P2=0.299396488 EV: (-0.09228244182868292, 0.09228244182868292) P1 Winnings: -43.0
Choosing model 0
[0.1459223114587132, 0.27971572191029526, 0.09138843326648868, 0.4737966747988491, 0.009176858565653735]
Games played: 108
Exploitability: P1=1.900000000 P2=0.299396488 EV: (-0.09228244182868292, 0.09228244182868292) P1 Winnings: -38.0
Choosing model 1
[0.12290717178600515, 0.3408661671532422, 0.08009772604224358, 0.4495532858196141, 0.006575649198894831]
Games played: 109
Exploitability: P1=2.800000000 P2=0.299396488 EV: (0.29939648756752324, -0.29939648756752324) P1 Winnings: -39.0
Choosing model 2
[0.13815617815069872, 0.29398250821558064, 0.08811439033199708, 0.4717731552658663, 0.00797376803585738]
Games played: 110
Exploitability: P1=4.600000000 P2=0.299396488 EV: (0.20929023510091707, -0.20929023510091707) P1 Winnings: -38.0
Choosing model 1
[0.1347640942705468, 0.30594722600150054, 0.0871275294482038, 0.4647105727539304, 0.007450577525818477]
Games played: 111
Exploitability: P1=2.800000000 P2=0.299396488 EV: (0.29939648756752324, -0.29939648756752324) P1 Winnings: -33.0
Choosing model 1
[0.13039385569868955, 0.3169479148349065, 0.08501063458777873, 0.46069923946354063, 0.006948355415084677]
Games played: 112
Exploitability: P1=2.800000000 P2=0.299396488 EV: (0.29939648756752324, -0.29939648756752324) P1 Winnings: -30.0
Choosing model 1
[0.14668880913284074, 0.26921368996552364, 0.0935113162294394, 0.48215491318913695, 0.008431271483059177]
Games played: 113
Exploitability: P1=2.800000000 P2=0.299396488 EV: (0.29939648756752324, -0.29939648756752324) P1 Winnings: -27.0
Choosing model 3
[0.16226707705167492, 0.22849414668294254, 0.10123511226567755, 0.49794226481801257, 0.010061399181692486]
Games played: 114
Exploitability: P1=1.933333333 P2=0.299396488 EV: (-0.005261578405137496, 0.005261578405137496) P1 Winnings: -26.0
Choosing model 1
[0.15728242851111637, 0.3238426320686288, 0.12476604682647947, 0.3877320725072402, 0.006376820086535143]
Games played: 115
Exploitability: P1=2.800000000 P2=0.299396488 EV: (0.29939648756752324, -0.29939648756752324) P1 Winnings: -21.0
Choosing model 3
[0.11678416075720746, 0.43179189278267877, 0.0988236244620872, 0.3489727253594948, 0.003627596638531803]
Games played: 116
Exploitability: P1=1.933333333 P2=0.299396488 EV: (-0.005261578405137496, 0.005261578405137496) P1 Winnings: -14.0
Choosing model 1
[0.13044726521046313, 0.38847567084461493, 0.10843497569354593, 0.36832666420659743, 0.004315424044778436]
Games played: 117
Exploitability: P1=2.800000000 P2=0.299396488 EV: (0.29939648756752324, -0.29939648756752324) P1 Winnings: -14.0
Choosing model 1
[0.1487250611613918, 0.33441241272979266, 0.12088422219710854, 0.39067136794036583, 0.005306935971341133]
Games played: 118
Exploitability: P1=2.800000000 P2=0.299396488 EV: (0.29939648756752324, -0.29939648756752324) P1 Winnings: -11.0
Choosing model 1
[0.1447249812330924, 0.34718653841419495, 0.11924320460368136, 0.3838984609876215, 0.004946814761409912]
Games played: 119
Exploitability: P1=2.800000000 P2=0.299396488 EV: (0.29939648756752324, -0.29939648756752324) P1 Winnings: -6.0
Choosing model 3
[0.15912228909507373, 0.30746005503697726, 0.1287889874389278, 0.3988361607836832, 0.005792507645337903]
Games played: 120
Exploitability: P1=1.933333333 P2=0.299396488 EV: (-0.005261578405137496, 0.005261578405137496) P1 Winnings: -5.0
Choosing model 1
[0.16256632366804766, 0.3243107759114776, 0.1393197453749898, 0.36843337805337656, 0.005369776992108383]
Games played: 121
Exploitability: P1=2.800000000 P2=0.299396488 EV: (0.29939648756752324, -0.29939648756752324) P1 Winnings: -4.0
Choosing model 1
[0.12948110701445031, 0.4094592474914777, 0.1166803591504193, 0.3408988380749943, 0.0034804482686584697]
Games played: 122
Exploitability: P1=2.800000000 P2=0.299396488 EV: (0.29939648756752324, -0.29939648756752324) P1 Winnings: 3.0
Choosing model 1
[0.1435199640264484, 0.3677190422199098, 0.12710233139734975, 0.35755624177192635, 0.004102420584365634]
Games played: 123
Exploitability: P1=2.800000000 P2=0.299396488 EV: (0.29939648756752324, -0.29939648756752324) P1 Winnings: 2.0
Choosing model 3
[0.15119331518358098, 0.34387109893333284, 0.13297112130440017, 0.3675682585087693, 0.004396206069916657]
Games played: 124
Exploitability: P1=1.933333333 P2=0.299396488 EV: (-0.005261578405137496, 0.005261578405137496) P1 Winnings: 5.0
Choosing model 3
[0.15887508900045785, 0.320758502224775, 0.138759935527552, 0.37690732826424655, 0.004699144982968708]
Games played: 125
Exploitability: P1=1.933333333 P2=0.299396488 EV: (-0.005261578405137496, 0.005261578405137496) P1 Winnings: 2.0
Choosing model 1
[0.16579188196482, 0.3022050510533423, 0.14364383394153288, 0.38331741306470196, 0.0050418199756029234]
Games played: 126
Exploitability: P1=2.800000000 P2=0.299396488 EV: (0.29939648756752324, -0.29939648756752324) P1 Winnings: 5.0
Choosing model 3
[0.18022972593593958, 0.26617321377051445, 0.1534617249436526, 0.394306933517667, 0.005828401832226207]
Games played: 127
Exploitability: P1=1.933333333 P2=0.299396488 EV: (-0.005261578405137496, 0.005261578405137496) P1 Winnings: 6.0
Choosing model 0
[0.21652806652405093, 0.19173376765207345, 0.17558976034929982, 0.407712019478021, 0.008436385996554874]
Games played: 128
Exploitability: P1=1.900000000 P2=0.299396488 EV: (-0.09228244182868292, 0.09228244182868292) P1 Winnings: 5.0
Choosing model 1
[0.1912754854234267, 0.23831122801741417, 0.16106428823499644, 0.40296301108025046, 0.006385987243912101]
Games played: 129
Exploitability: P1=2.800000000 P2=0.299396488 EV: (0.29939648756752324, -0.29939648756752324) P1 Winnings: 10.0
Choosing model 3
[0.18608797306637803, 0.248234394500595, 0.15801312772266982, 0.40167630597620857, 0.005988198734148546]
Games played: 130
Exploitability: P1=1.933333333 P2=0.299396488 EV: (-0.005261578405137496, 0.005261578405137496) P1 Winnings: 3.0
Choosing model 3
[0.19355534383888542, 0.22919656248241774, 0.16321631624012636, 0.40769598922252853, 0.006335788216041808]
Games played: 131
Exploitability: P1=1.933333333 P2=0.299396488 EV: (-0.005261578405137496, 0.005261578405137496) P1 Winnings: 0.0
Choosing model 1
[0.19598700701639174, 0.22159176203666048, 0.16515561838652945, 0.4108850841319188, 0.0063805284284994485]
Games played: 132
Exploitability: P1=2.800000000 P2=0.299396488 EV: (0.29939648756752324, -0.29939648756752324) P1 Winnings: -1.0
Choosing model 3
[0.1967118654787349, 0.1964557905775501, 0.14743340571124525, 0.45223792501423143, 0.007161013218238133]
Games played: 133
Exploitability: P1=1.933333333 P2=0.299396488 EV: (-0.005261578405137496, 0.005261578405137496) P1 Winnings: -8.0
Choosing model 3
[0.19671179442706238, 0.1964559086091419, 0.14743337029825818, 0.4522379199509136, 0.007161006714623897]
Games played: 134
Exploitability: P1=1.933333333 P2=0.299396488 EV: (-0.005261578405137496, 0.005261578405137496) P1 Winnings: -11.0
Choosing model 0
[0.17693521898130832, 0.2945769254647804, 0.1643768804863427, 0.3599624046766104, 0.004148570390958221]
Games played: 135
Exploitability: P1=1.900000000 P2=0.299396488 EV: (-0.09228244182868292, 0.09228244182868292) P1 Winnings: -6.0
Choosing model 0
[0.19186606068584475, 0.2588106356116331, 0.17517593801694195, 0.3693634730867253, 0.0047838925988547935]
Games played: 136
Exploitability: P1=1.900000000 P2=0.299396488 EV: (-0.09228244182868292, 0.09228244182868292) P1 Winnings: -7.0
Choosing model 1
[0.1918659902297696, 0.25881077091436, 0.17517589330946595, 0.36936345712492, 0.004783888421484517]
Games played: 137
Exploitability: P1=2.800000000 P2=0.299396488 EV: (0.29939648756752324, -0.29939648756752324) P1 Winnings: -8.0
Choosing model 1
[0.20668135483802016, 0.22588384412305784, 0.18545027756697346, 0.3765044872562952, 0.005480036215653252]
Games played: 138
Exploitability: P1=2.800000000 P2=0.299396488 EV: (0.29939648756752324, -0.29939648756752324) P1 Winnings: -9.0
Choosing model 3
[0.2433318497803454, 0.1594516935230065, 0.20793924705804231, 0.3815040012250906, 0.007773208413515206]
Games played: 139
Exploitability: P1=1.933333333 P2=0.299396488 EV: (-0.005261578405137496, 0.005261578405137496) P1 Winnings: -8.0
Choosing model 0
[0.26060135531278766, 0.13102415177181337, 0.2179454204840317, 0.38144837840157814, 0.008980694029789115]
Games played: 140
Exploitability: P1=1.900000000 P2=0.299396488 EV: (-0.09228244182868292, 0.09228244182868292) P1 Winnings: -8.0
Choosing model 3
[0.23704536501999174, 0.16472547786237154, 0.20541624137840359, 0.38575306703368856, 0.0070598487055445365]
Games played: 141
Exploitability: P1=1.933333333 P2=0.299396488 EV: (-0.005261578405137496, 0.005261578405137496) P1 Winnings: -8.0
Choosing model 3
[0.2023011651684304, 0.22665001401481158, 0.18413685488986242, 0.38195617088335054, 0.004955795043545059]
Games played: 142
Exploitability: P1=1.933333333 P2=0.299396488 EV: (-0.005261578405137496, 0.005261578405137496) P1 Winnings: 3.0
Choosing model 3
[0.20618921002003768, 0.23850440951282845, 0.19872048945750803, 0.3520026683660575, 0.004583222643568424]
Games played: 143
Exploitability: P1=1.933333333 P2=0.299396488 EV: (-0.005261578405137496, 0.005261578405137496) P1 Winnings: 4.0
Choosing model 3
[0.198322375691878, 0.22362486090900047, 0.16526192061816852, 0.40798663838179383, 0.004804204399159136]
Games played: 144
Exploitability: P1=1.933333333 P2=0.299396488 EV: (-0.005261578405137496, 0.005261578405137496) P1 Winnings: 13.0
Choosing model 3
[0.19309816385020478, 0.2331229164869184, 0.16226099721952142, 0.40700937055726794, 0.004508551886087399]
Games played: 145
Exploitability: P1=1.933333333 P2=0.299396488 EV: (-0.005261578405137496, 0.005261578405137496) P1 Winnings: 2.0
Choosing model 0
[0.1878958138108971, 0.24287475990685162, 0.15921647996830754, 0.405784457365289, 0.004228488948654772]
Games played: 146
Exploitability: P1=1.900000000 P2=0.299396488 EV: (-0.09228244182868292, 0.09228244182868292) P1 Winnings: -9.0
Choosing model 2
[0.18789574554347507, 0.24287488782304772, 0.1592164399531066, 0.40578444140765446, 0.004228485272716117]
Games played: 147
Exploitability: P1=4.600000000 P2=0.299396488 EV: (0.20929023510091707, -0.20929023510091707) P1 Winnings: -10.0
Choosing model 2
[0.17319491056243122, 0.20620337000086844, 0.11660614961544195, 0.49929416372558233, 0.004701406095676276]
Games played: 148
Exploitability: P1=4.600000000 P2=0.299396488 EV: (0.20929023510091707, -0.20929023510091707) P1 Winnings: -23.0
Choosing model 1
[0.17426633940356256, 0.18383368617742668, 0.10794037026210997, 0.52880974216994, 0.005149861986960674]
Games played: 149
Exploitability: P1=2.800000000 P2=0.299396488 EV: (0.29939648756752324, -0.29939648756752324) P1 Winnings: -32.0
Choosing model 1
[0.13228099161079235, 0.27566002987060517, 0.08824069887898107, 0.5009316012575321, 0.002886678382089379]
Games played: 150
Exploitability: P1=2.800000000 P2=0.299396488 EV: (0.29939648756752324, -0.29939648756752324) P1 Winnings: -25.0
Choosing model 3
[0.1281245925321395, 0.2858691647477612, 0.08618643436193643, 0.49712490856504027, 0.0026948997931225843]
Games played: 151
Exploitability: P1=1.933333333 P2=0.299396488 EV: (-0.005261578405137496, 0.005261578405137496) P1 Winnings: -32.0
Choosing model 3
[0.1336054586002119, 0.2691380521982216, 0.08915507360484655, 0.5052120974754278, 0.0028893181212920342]
Games played: 152
Exploitability: P1=1.933333333 P2=0.299396488 EV: (-0.005261578405137496, 0.005261578405137496) P1 Winnings: -29.0
Choosing model 3
[0.13840587640179122, 0.28785815967331535, 0.09779367505507078, 0.4732263764799653, 0.002715912389857418]
Games played: 153
Exploitability: P1=1.933333333 P2=0.299396488 EV: (-0.005261578405137496, 0.005261578405137496) P1 Winnings: -28.0
Choosing model 2
[0.11035290338334716, 0.3646674079084746, 0.0822004080062944, 0.44104425267550956, 0.0017350280263743276]
Games played: 154
Exploitability: P1=4.600000000 P2=0.299396488 EV: (0.20929023510091707, -0.20929023510091707) P1 Winnings: -33.0
Choosing model 3
[0.11326819043626221, 0.3864508442193781, 0.08933724349731718, 0.4093277984834811, 0.0016159233635614746]
Games played: 155
Exploitability: P1=1.933333333 P2=0.299396488 EV: (-0.005261578405137496, 0.005261578405137496) P1 Winnings: -32.0
Choosing model 3
[0.11576422766915631, 0.4077873869132472, 0.09667926524712994, 0.3782705494468848, 0.0014985707235818113]
Games played: 156
Exploitability: P1=1.933333333 P2=0.299396488 EV: (-0.005261578405137496, 0.005261578405137496) P1 Winnings: -31.0
Choosing model 3
[0.12185233655291086, 0.38753359642494606, 0.10095045205229078, 0.3880418132299566, 0.0016218017398955545]
Games played: 157
Exploitability: P1=1.933333333 P2=0.299396488 EV: (-0.005261578405137496, 0.005261578405137496) P1 Winnings: -28.0
Choosing model 3
[0.1377270756757932, 0.3390294279937013, 0.11166122208938085, 0.4096020063074696, 0.001980267933655004]
Games played: 158
Exploitability: P1=1.933333333 P2=0.299396488 EV: (-0.005261578405137496, 0.005261578405137496) P1 Winnings: -28.0
Choosing model 3
[0.1363602030443957, 0.23104241401550416, 0.07960026332453299, 0.550032092118003, 0.0029650274975639907]
Games played: 159
Exploitability: P1=1.933333333 P2=0.299396488 EV: (-0.005261578405137496, 0.005261578405137496) P1 Winnings: -21.0
Choosing model 3
[0.15667564776191314, 0.18214533557380275, 0.08843099066018686, 0.5688923116308177, 0.003855714373279529]
Games played: 160
Exploitability: P1=1.933333333 P2=0.299396488 EV: (-0.005261578405137496, 0.005261578405137496) P1 Winnings: -32.0
Choosing model 1
[0.12169098578365233, 0.2616030426713183, 0.07351355183374983, 0.5409290255594302, 0.0022633941518494455]
Games played: 161
Exploitability: P1=2.800000000 P2=0.299396488 EV: (0.29939648756752324, -0.29939648756752324) P1 Winnings: -32.0
Choosing model 1
[0.12002799375036685, 0.22791603228357077, 0.0644897678106477, 0.5850698940755819, 0.0024963120798326926]
Games played: 162
Exploitability: P1=2.800000000 P2=0.299396488 EV: (0.29939648756752324, -0.29939648756752324) P1 Winnings: -39.0
Choosing model 3
[0.13138413742333693, 0.1959009170857892, 0.06917488723447614, 0.6006030990703671, 0.0029369591860308017]
Games played: 163
Exploitability: P1=1.933333333 P2=0.299396488 EV: (-0.005261578405137496, 0.005261578405137496) P1 Winnings: -39.0
Choosing model 3
[0.13138408415599948, 0.19590102611825627, 0.06917486755893505, 0.6006030657780347, 0.0029369563887744906]
Games played: 164
Exploitability: P1=1.933333333 P2=0.299396488 EV: (-0.005261578405137496, 0.005261578405137496) P1 Winnings: -42.0
Choosing model 3
[0.12766985170122613, 0.20381716804928388, 0.06778425844654072, 0.5979779645859287, 0.0027507572170207433]
Games played: 165
Exploitability: P1=1.933333333 P2=0.299396488 EV: (-0.005261578405137496, 0.005261578405137496) P1 Winnings: -53.0
Choosing model 3
[0.15337554346262602, 0.14680978824586044, 0.07755467470771377, 0.6182785630421985, 0.003981430541601243]
Games played: 166
Exploitability: P1=1.933333333 P2=0.299396488 EV: (-0.005261578405137496, 0.005261578405137496) P1 Winnings: -52.0
Choosing model 0
[0.15842976071554793, 0.13461546237198593, 0.07955585977228416, 0.6232154401827626, 0.004183476957419218]
Games played: 167
Exploitability: P1=1.900000000 P2=0.299396488 EV: (-0.09228244182868292, 0.09228244182868292) P1 Winnings: -55.0
Choosing model 3
[0.15842970866764247, 0.13461553795560252, 0.07955584254658306, 0.6232154373639662, 0.004183473466205641]
Games played: 168
Exploitability: P1=1.933333333 P2=0.299396488 EV: (-0.005261578405137496, 0.005261578405137496) P1 Winnings: -56.0
Choosing model 3
[0.1333554011397444, 0.18003558277107087, 0.07059599081351921, 0.6131915742957942, 0.002821450979871346]
Games played: 169
Exploitability: P1=1.933333333 P2=0.299396488 EV: (-0.005261578405137496, 0.005261578405137496) P1 Winnings: -61.0
Choosing model 3
[0.11993724799079337, 0.1578409577605702, 0.054896906651856536, 0.664559470020082, 0.0027654175766979637]
Games played: 170
Exploitability: P1=1.933333333 P2=0.299396488 EV: (-0.005261578405137496, 0.005261578405137496) P1 Winnings: -52.0
Choosing model 0
[0.130445190339158, 0.1328729162699362, 0.05842927843628882, 0.6750034228612175, 0.0032491920933995734]
Games played: 171
Exploitability: P1=1.900000000 P2=0.299396488 EV: (-0.09228244182868292, 0.09228244182868292) P1 Winnings: -59.0
Choosing model 3
[0.10917852431179893, 0.1766992830295974, 0.05155533866892004, 0.6603879101302013, 0.0021789438594823607]
Games played: 172
Exploitability: P1=1.933333333 P2=0.299396488 EV: (-0.005261578405137496, 0.005261578405137496) P1 Winnings: -64.0
Choosing model 3
[0.0772552372008521, 0.21764834035746566, 0.033397372983842204, 0.6703548259678491, 0.0013442234899909756]
Games played: 173
Exploitability: P1=1.933333333 P2=0.299396488 EV: (-0.005261578405137496, 0.005261578405137496) P1 Winnings: -51.0
Choosing model 3
[0.0817787244465944, 0.23787065794061976, 0.03743338366162014, 0.6416260921265865, 0.0012911418245791636]
Games played: 174
Exploitability: P1=1.933333333 P2=0.299396488 EV: (-0.005261578405137496, 0.005261578405137496) P1 Winnings: -50.0
Choosing model 3
[0.07297754812701845, 0.20692249136892352, 0.02888234073141254, 0.6899619725928284, 0.0012556471798169887]
Games played: 175
Exploitability: P1=1.933333333 P2=0.299396488 EV: (-0.005261578405137496, 0.005261578405137496) P1 Winnings: -41.0
Choosing model 1
[0.08000403175550773, 0.17812772055972353, 0.03102789064218578, 0.7093608096635948, 0.0014795473789879117]
Games played: 176
Exploitability: P1=2.800000000 P2=0.299396488 EV: (0.29939648756752324, -0.29939648756752324) P1 Winnings: -44.0
Choosing model 3
[0.08641473412195791, 0.15496932516187142, 0.032921965120123325, 0.7239919807007701, 0.0017019948952773875]
Games played: 177
Exploitability: P1=1.933333333 P2=0.299396488 EV: (-0.005261578405137496, 0.005261578405137496) P1 Winnings: -43.0
Choosing model 2
[0.10338588976350738, 0.11116439175531836, 0.037512029146601254, 0.7454843879419836, 0.0024533013925894125]
Games played: 178
Exploitability: P1=4.600000000 P2=0.299396488 EV: (0.20929023510091707, -0.20929023510091707) P1 Winnings: -44.0
Choosing model 3
[0.10903683153679557, 0.13845836239782305, 0.04382426698764183, 0.706579199682892, 0.002101339394847523]
Games played: 179
Exploitability: P1=1.933333333 P2=0.299396488 EV: (-0.005261578405137496, 0.005261578405137496) P1 Winnings: -39.0
Choosing model 3
[0.11609679290016256, 0.1522086389356054, 0.04940785925148254, 0.6802565348749102, 0.0020301740378391828]
Games played: 180
Exploitability: P1=1.933333333 P2=0.299396488 EV: (-0.005261578405137496, 0.005261578405137496) P1 Winnings: -38.0
Choosing model 3
[0.14276723241490663, 0.09750729477564671, 0.05738393909171588, 0.6992678733800038, 0.0030736603377269326]
Games played: 181
Exploitability: P1=1.933333333 P2=0.299396488 EV: (-0.005261578405137496, 0.005261578405137496) P1 Winnings: -38.0
Choosing model 0
[0.1462263283191156, 0.08886102947849223, 0.05851911897938445, 0.7032405199244589, 0.003153003298548783]
Games played: 182
Exploitability: P1=1.900000000 P2=0.299396488 EV: (-0.09228244182868292, 0.09228244182868292) P1 Winnings: -43.0
Choosing model 1
[0.15544312861296747, 0.07543398351642766, 0.06105463489252535, 0.7044865365451436, 0.003581716432935871]
Games played: 183
Exploitability: P1=2.800000000 P2=0.299396488 EV: (0.29939648756752324, -0.29939648756752324) P1 Winnings: -43.0
Choosing model 3
[0.16414220410271346, 0.06453796143144158, 0.06336031051409084, 0.7039375530695738, 0.004021970882180283]
Games played: 184
Exploitability: P1=1.933333333 P2=0.299396488 EV: (-0.005261578405137496, 0.005261578405137496) P1 Winnings: -42.0
Choosing model 3
[0.1749889936593791, 0.07103605386149384, 0.07152241105526597, 0.6785619156258639, 0.0038906257979973275]
Games played: 185
Exploitability: P1=1.933333333 P2=0.299396488 EV: (-0.005261578405137496, 0.005261578405137496) P1 Winnings: -41.0
Choosing model 3
[0.15851058108632848, 0.0881622839307708, 0.0671346640426884, 0.6831509637267572, 0.00304150721345506]
Games played: 186
Exploitability: P1=1.933333333 P2=0.299396488 EV: (-0.005261578405137496, 0.005261578405137496) P1 Winnings: -42.0
Choosing model 3
[0.16990716541113937, 0.07250714036203662, 0.0704261301357929, 0.6836425495564278, 0.003517014534603308]
Games played: 187
Exploitability: P1=1.933333333 P2=0.299396488 EV: (-0.005261578405137496, 0.005261578405137496) P1 Winnings: -42.0
Choosing model 0
[0.1742436465933678, 0.06713393774568864, 0.07164642518805014, 0.6832676427038621, 0.0037083477690312457]
Games played: 188
Exploitability: P1=1.900000000 P2=0.299396488 EV: (-0.09228244182868292, 0.09228244182868292) P1 Winnings: -39.0
Choosing model 0
[0.1704898703083471, 0.0703302568110329, 0.07069213096820892, 0.6849904550754968, 0.0034972868369141613]
Games played: 189
Exploitability: P1=1.900000000 P2=0.299396488 EV: (-0.09228244182868292, 0.09228244182868292) P1 Winnings: -40.0
Choosing model 2
[0.16677324866810356, 0.07365944874918347, 0.0697322695225181, 0.686537658898807, 0.0032973741613878563]
Games played: 190
Exploitability: P1=4.600000000 P2=0.299396488 EV: (0.20929023510091707, -0.20929023510091707) P1 Winnings: -41.0
Choosing model 3
[0.1506581319855348, 0.09197068594480352, 0.06527279779696993, 0.6895240492037608, 0.0025743350689311586]
Games played: 191
Exploitability: P1=1.933333333 P2=0.299396488 EV: (-0.005261578405137496, 0.005261578405137496) P1 Winnings: -50.0
Choosing model 3
[0.13657137886699308, 0.118975998203812, 0.06243700322365311, 0.6800765552074043, 0.0019390644981374318]
Games played: 192
Exploitability: P1=1.933333333 P2=0.299396488 EV: (-0.005261578405137496, 0.005261578405137496) P1 Winnings: -43.0
Choosing model 3
[0.14494854472474905, 0.13037269236377702, 0.07016662571258137, 0.6526447409263593, 0.0018673962725332045]
Games played: 193
Exploitability: P1=1.933333333 P2=0.299396488 EV: (-0.005261578405137496, 0.005261578405137496) P1 Winnings: -42.0
Choosing model 3
[0.15583331835649422, 0.11006121424591161, 0.07392210251120586, 0.6580255131932423, 0.0021578516931461482]
Games played: 194
Exploitability: P1=1.933333333 P2=0.299396488 EV: (-0.005261578405137496, 0.005261578405137496) P1 Winnings: -45.0
Choosing model 3
[0.13938643465771974, 0.1360658885891963, 0.06851201490192921, 0.6543675989003301, 0.0016680629508245843]
Games played: 195
Exploitability: P1=1.933333333 P2=0.299396488 EV: (-0.005261578405137496, 0.005261578405137496) P1 Winnings: -58.0
Choosing model 3
[0.13938638346078408, 0.13606596950749636, 0.06851199802728601, 0.6543675875787238, 0.0016680614257097107]
Games played: 196
Exploitability: P1=1.933333333 P2=0.299396488 EV: (-0.005261578405137496, 0.005261578405137496) P1 Winnings: -61.0
Choosing model 3
[0.14740426444162544, 0.1485635711618101, 0.07671684034323108, 0.6257146909125479, 0.0016006331407854442]
Games played: 197
Exploitability: P1=1.933333333 P2=0.299396488 EV: (-0.005261578405137496, 0.005261578405137496) P1 Winnings: -60.0
Choosing model 1
[0.14360223466616734, 0.1549608311039768, 0.07536622717269839, 0.6245677307915338, 0.0015029762656236848]
Games played: 198
Exploitability: P1=2.800000000 P2=0.299396488 EV: (0.29939648756752324, -0.29939648756752324) P1 Winnings: -71.0
Choosing model 3
[0.13984158896854085, 0.1615680700341434, 0.07400939513783972, 0.6231702401290393, 0.0014107057304368232]
Games played: 199
Exploitability: P1=1.933333333 P2=0.299396488 EV: (-0.005261578405137496, 0.005261578405137496) P1 Winnings: -68.0
Choosing model 2
[0.14723731804535373, 0.17563464904868434, 0.08250927660538629, 0.5932710103182028, 0.0013477459823729395]
Games played: 200
Exploitability: P1=4.600000000 P2=0.299396488 EV: (0.20929023510091707, -0.20929023510091707) P1 Winnings: -67.0
