Player 1 exploitability: 0.0148373248042
Choosing model 1
[0.18537969425108267, 0.25622228385521717, 0.19208542496597822, 0.20610141898553688, 0.16021117794218512]
Games played: 1
Exploitability: P1=2.800000000 P2=-0.070814689 EV: (-0.11537266309557519, 0.11537266309557519) P1 Winnings: 5.0
Choosing model 3
[0.19599913474228076, 0.21819620735231307, 0.19950049573987633, 0.2059034457674958, 0.1804007163980341]
Games played: 2
Exploitability: P1=1.933333333 P2=-0.070814689 EV: (-0.11638704671126131, 0.11638704671126131) P1 Winnings: 6.0
Choosing model 3
[0.1814192743438958, 0.27244295961387294, 0.1912744399457787, 0.21091934314812344, 0.14394398294832905]
Games played: 3
Exploitability: P1=1.933333333 P2=-0.070814689 EV: (-0.11638704671126131, 0.11638704671126131) P1 Winnings: 13.0
Choosing model 1
[0.2115609657294676, 0.16550731455803272, 0.21066629442894433, 0.20560376393499027, 0.20666166134856512]
Games played: 4
Exploitability: P1=2.800000000 P2=-0.070814689 EV: (-0.11537266309557519, 0.11537266309557519) P1 Winnings: 10.0
Choosing model 4
[0.2161999149770417, 0.15014001447596298, 0.21379550769904576, 0.20503330052407845, 0.21483126232387112]
Games played: 5
Exploitability: P1=2.600000000 P2=-0.070814689 EV: (-0.08259138143179236, 0.08259138143179236) P1 Winnings: 10.0
Choosing model 0
[0.2041815914618863, 0.19598023290799915, 0.20921454959069657, 0.21528031408373371, 0.17534331195568423]
Games played: 6
Exploitability: P1=1.900000000 P2=-0.070814689 EV: (-0.0852283025335334, 0.0852283025335334) P1 Winnings: 5.0
Choosing model 2
[0.21351880620001604, 0.16365963043822837, 0.21472684236381212, 0.212151801644501, 0.19594291935344235]
Games played: 7
Exploitability: P1=4.600000000 P2=-0.070814689 EV: (-0.09978467610595422, 0.09978467610595422) P1 Winnings: 5.0
Choosing model 3
[0.22321111691995466, 0.13194958894128408, 0.22083715546140312, 0.20409940889131448, 0.21990272978604358]
Games played: 8
Exploitability: P1=1.933333333 P2=-0.070814689 EV: (-0.11638704671126131, 0.11638704671126131) P1 Winnings: 8.0
Choosing model 2
[0.21468370032504672, 0.07279613598474041, 0.1564239942394771, 0.23898599336564738, 0.3171101760850884]
Games played: 9
Exploitability: P1=4.600000000 P2=-0.070814689 EV: (-0.09978467610595422, 0.09978467610595422) P1 Winnings: 8.0
Choosing model 0
[0.22379119078544735, 0.07834753813186718, 0.17265599506532228, 0.2252585257316192, 0.2999467502857441]
Games played: 10
Exploitability: P1=1.900000000 P2=-0.070814689 EV: (-0.0852283025335334, 0.0852283025335334) P1 Winnings: 9.0
Choosing model 3
[0.2234146525497111, 0.08374376209325438, 0.17381419453859692, 0.23041032935682002, 0.28861706146161753]
Games played: 11
Exploitability: P1=1.933333333 P2=-0.070814689 EV: (-0.11638704671126131, 0.11638704671126131) P1 Winnings: 0.0
Choosing model 4
[0.21799519927026653, 0.11293863011749539, 0.17573277042755234, 0.249951694522079, 0.24338170566260672]
Games played: 12
Exploitability: P1=2.600000000 P2=-0.070814689 EV: (-0.08259138143179236, 0.08259138143179236) P1 Winnings: -13.0
Choosing model 0
[0.22807799290667824, 0.06318156689197808, 0.1735294904004734, 0.21864202818438422, 0.31656892161648603]
Games played: 13
Exploitability: P1=1.900000000 P2=-0.070814689 EV: (-0.0852283025335334, 0.0852283025335334) P1 Winnings: -14.0
Choosing model 0
[0.2370879860597061, 0.06780936370016209, 0.19100020486163605, 0.20550608538841283, 0.298596359990083]
Games played: 14
Exploitability: P1=1.900000000 P2=-0.070814689 EV: (-0.0852283025335334, 0.0852283025335334) P1 Winnings: -13.0
Choosing model 4
[0.23906532586896256, 0.055398274165148476, 0.18927389630270905, 0.1960851294694466, 0.32017737419373327]
Games played: 15
Exploitability: P1=2.600000000 P2=-0.070814689 EV: (-0.08259138143179236, 0.08259138143179236) P1 Winnings: -14.0
Choosing model 2
[0.23936352335748076, 0.05938763990835294, 0.19110278634629807, 0.20115835445254035, 0.30898769593532777]
Games played: 16
Exploitability: P1=4.600000000 P2=-0.070814689 EV: (-0.09978467610595422, 0.09978467610595422) P1 Winnings: -15.0
Choosing model 0
[0.25266777344364394, 0.08661122386739786, 0.23570313410548968, 0.18896510766671593, 0.23605276091675254]
Games played: 17
Exploitability: P1=1.900000000 P2=-0.070814689 EV: (-0.0852283025335334, 0.0852283025335334) P1 Winnings: -6.0
Choosing model 0
[0.25266776200668073, 0.08661129703109743, 0.23570314983523116, 0.18896516033805885, 0.23605263078893177]
Games played: 18
Exploitability: P1=1.900000000 P2=-0.070814689 EV: (-0.0852283025335334, 0.0852283025335334) P1 Winnings: -7.0
Choosing model 4
[0.2526677505696802, 0.08661137019484585, 0.23570316556493842, 0.1889652130093882, 0.2360525006611474]
Games played: 19
Exploitability: P1=2.600000000 P2=-0.070814689 EV: (-0.08259138143179236, 0.08259138143179236) P1 Winnings: -8.0
Choosing model 2
[0.2516068404580241, 0.09234342793080413, 0.2366862145658784, 0.19279977736769321, 0.22656373967760007]
Games played: 20
Exploitability: P1=4.600000000 P2=-0.070814689 EV: (-0.09978467610595422, 0.09978467610595422) P1 Winnings: -9.0
Choosing model 3
[0.25671139265119847, 0.11126798729075656, 0.2675024800389213, 0.17678262124589963, 0.18773551877322406]
Games played: 21
Exploitability: P1=1.933333333 P2=-0.070814689 EV: (-0.11638704671126131, 0.11638704671126131) P1 Winnings: -4.0
Choosing model 3
[0.24539618852520567, 0.15178739870588168, 0.2698318363289741, 0.1838668808696964, 0.14911769557024224]
Games played: 22
Exploitability: P1=1.933333333 P2=-0.070814689 EV: (-0.11638704671126131, 0.11638704671126131) P1 Winnings: 3.0
Choosing model 1
[0.2506065971872381, 0.13760039736022428, 0.2736537581596125, 0.1832321000550379, 0.15490714723788732]
Games played: 23
Exploitability: P1=2.800000000 P2=-0.070814689 EV: (-0.11537266309557519, 0.11537266309557519) P1 Winnings: 0.0
Choosing model 1
[0.2585852146285124, 0.11503510704408756, 0.27749965843421326, 0.17890631833834916, 0.16997370155483774]
Games played: 24
Exploitability: P1=2.800000000 P2=-0.070814689 EV: (-0.11537266309557519, 0.11537266309557519) P1 Winnings: -1.0
Choosing model 2
[0.23332494430360648, 0.18639085820006515, 0.2671041033733901, 0.19567672945147035, 0.11750336467146784]
Games played: 25
Exploitability: P1=4.600000000 P2=-0.070814689 EV: (-0.09978467610595422, 0.09978467610595422) P1 Winnings: 6.0
Choosing model 0
[0.2135592601030109, 0.2400394527190591, 0.25385911011838047, 0.20038396743608877, 0.09215820962346073]
Games played: 26
Exploitability: P1=1.900000000 P2=-0.070814689 EV: (-0.0852283025335334, 0.0852283025335334) P1 Winnings: 11.0
Choosing model 0
[0.23204497782685185, 0.14960752147953682, 0.2031395538748903, 0.2650722024664891, 0.15013574435223187]
Games played: 27
Exploitability: P1=1.900000000 P2=-0.070814689 EV: (-0.0852283025335334, 0.0852283025335334) P1 Winnings: 11.0
Choosing model 4
[0.23204493934977108, 0.1496076298229571, 0.2031395429425023, 0.2650722443964749, 0.1501356434882945]
Games played: 28
Exploitability: P1=2.600000000 P2=-0.070814689 EV: (-0.08259138143179236, 0.08259138143179236) P1 Winnings: 10.0
Choosing model 2
[0.23645925040366106, 0.13764297067081532, 0.20534972346894242, 0.26324793603140484, 0.1573001194251764]
Games played: 29
Exploitability: P1=4.600000000 P2=-0.070814689 EV: (-0.09978467610595422, 0.09978467610595422) P1 Winnings: 7.0
Choosing model 1
[0.2447397280071816, 0.11542547495696157, 0.20887776567545815, 0.257825485232186, 0.1731315461282127]
Games played: 30
Exploitability: P1=2.800000000 P2=-0.070814689 EV: (-0.11537266309557519, 0.11537266309557519) P1 Winnings: 8.0
Choosing model 0
[0.24231757243061328, 0.12236030904912656, 0.2085487393911884, 0.2615521648186083, 0.16522121431046335]
Games played: 31
Exploitability: P1=1.900000000 P2=-0.070814689 EV: (-0.0852283025335334, 0.0852283025335334) P1 Winnings: 1.0
Choosing model 3
[0.25170091759770835, 0.09751803973477378, 0.21200252170526893, 0.25363966538626126, 0.1851388555759875]
Games played: 32
Exploitability: P1=1.933333333 P2=-0.070814689 EV: (-0.11638704671126131, 0.11638704671126131) P1 Winnings: 2.0
Choosing model 4
[0.2583678381595796, 0.10335029656649965, 0.2304247133563459, 0.2354158493531798, 0.17244130256439505]
Games played: 33
Exploitability: P1=2.600000000 P2=-0.070814689 EV: (-0.08259138143179236, 0.08259138143179236) P1 Winnings: 3.0
Choosing model 1
[0.26407413143900854, 0.1090616961917247, 0.24937381033929584, 0.2175644740771318, 0.15992588795283902]
Games played: 34
Exploitability: P1=2.800000000 P2=-0.070814689 EV: (-0.11537266309557519, 0.11537266309557519) P1 Winnings: 4.0
Choosing model 2
[0.26849878444058967, 0.09843464853423951, 0.25179717097383314, 0.2158628014288278, 0.1654065946225097]
Games played: 35
Exploitability: P1=4.600000000 P2=-0.070814689 EV: (-0.09978467610595422, 0.09978467610595422) P1 Winnings: 7.0
Choosing model 3
[0.2622806176291428, 0.1336975396315858, 0.27216645131532774, 0.2035051823852167, 0.12835020903872704]
Games played: 36
Exploitability: P1=1.933333333 P2=-0.070814689 EV: (-0.11638704671126131, 0.11638704671126131) P1 Winnings: 12.0
Choosing model 0
[0.25703959128908155, 0.09018685517288029, 0.19204907944720329, 0.27049979416300296, 0.19022467992783193]
Games played: 37
Exploitability: P1=1.900000000 P2=-0.070814689 EV: (-0.0852283025335334, 0.0852283025335334) P1 Winnings: 19.0
Choosing model 4
[0.25505922267995984, 0.09581703018226702, 0.1921711362482866, 0.2750172818004924, 0.18193532908899424]
Games played: 38
Exploitability: P1=2.600000000 P2=-0.070814689 EV: (-0.08259138143179236, 0.08259138143179236) P1 Winnings: 18.0
Choosing model 3
[0.24102155826735486, 0.1309993253830615, 0.18896285677347627, 0.29275780782598365, 0.14625845175012364]
Games played: 39
Exploitability: P1=1.933333333 P2=-0.070814689 EV: (-0.11638704671126131, 0.11638704671126131) P1 Winnings: 17.0
Choosing model 4
[0.23376739852309195, 0.07288097053453291, 0.13497473239453192, 0.34568775018552, 0.2126891483623233]
Games played: 40
Exploitability: P1=2.600000000 P2=-0.070814689 EV: (-0.08259138143179236, 0.08259138143179236) P1 Winnings: 17.0
Choosing model 2
[0.24414517159460586, 0.0785871348147494, 0.149262615576434, 0.32644728444456605, 0.20155779356964476]
Games played: 41
Exploitability: P1=4.600000000 P2=-0.070814689 EV: (-0.09978467610595422, 0.09978467610595422) P1 Winnings: 18.0
Choosing model 3
[0.21915778220647703, 0.06497633015249245, 0.10645723241929213, 0.39116927622671654, 0.2182393789950218]
Games played: 42
Exploitability: P1=1.933333333 P2=-0.070814689 EV: (-0.11638704671126131, 0.11638704671126131) P1 Winnings: 31.0
Choosing model 3
[0.22235312621817166, 0.058656847750932016, 0.10754046308614901, 0.38968559805340225, 0.22176396489134503]
Games played: 43
Exploitability: P1=1.933333333 P2=-0.070814689 EV: (-0.11638704671126131, 0.11638704671126131) P1 Winnings: 26.0
Choosing model 3
[0.2277068131920661, 0.04649369674976615, 0.10777383361487405, 0.3726878425455381, 0.24533781389775564]
Games played: 44
Exploitability: P1=1.933333333 P2=-0.070814689 EV: (-0.11638704671126131, 0.11638704671126131) P1 Winnings: 29.0
Choosing model 0
[0.2103184295541031, 0.0418613541327184, 0.08606746316653074, 0.4148018969171203, 0.24695085622952737]
Games played: 45
Exploitability: P1=1.900000000 P2=-0.070814689 EV: (-0.0852283025335334, 0.0852283025335334) P1 Winnings: 29.0
Choosing model 3
[0.20663304578806663, 0.0503918361260796, 0.08656875329818761, 0.4367290398945283, 0.2196773248931378]
Games played: 46
Exploitability: P1=1.933333333 P2=-0.070814689 EV: (-0.11638704671126131, 0.11638704671126131) P1 Winnings: 24.0
Choosing model 3
[0.21181665620820608, 0.03998186853194531, 0.08684206410777132, 0.4180906799929725, 0.24326873115910477]
Games played: 47
Exploitability: P1=1.933333333 P2=-0.070814689 EV: (-0.11638704671126131, 0.11638704671126131) P1 Winnings: 27.0
Choosing model 3
[0.22442375786683463, 0.043736590151766674, 0.09742563302709625, 0.40053833016692936, 0.23387568878737308]
Games played: 48
Exploitability: P1=1.933333333 P2=-0.070814689 EV: (-0.11638704671126131, 0.11638704671126131) P1 Winnings: 28.0
Choosing model 3
[0.22832626770783615, 0.03584018769319362, 0.09736836055942155, 0.38505411633690817, 0.25341106770264044]
Games played: 49
Exploitability: P1=1.933333333 P2=-0.070814689 EV: (-0.11638704671126131, 0.11638704671126131) P1 Winnings: 28.0
Choosing model 0
[0.22338672064082382, 0.04730105976231734, 0.09867406528575724, 0.41691427914563556, 0.213723875165466]
Games played: 50
Exploitability: P1=1.900000000 P2=-0.070814689 EV: (-0.0852283025335334, 0.0852283025335334) P1 Winnings: 35.0
Choosing model 3
[0.21515476291368665, 0.06241959738964462, 0.09848130211959082, 0.44629298594010364, 0.17765135163697438]
Games played: 51
Exploitability: P1=1.933333333 P2=-0.070814689 EV: (-0.11638704671126131, 0.11638704671126131) P1 Winnings: 34.0
Choosing model 3
[0.22177217906807994, 0.05052173638554099, 0.09947344086380673, 0.4314153475702724, 0.19681729611229978]
Games played: 52
Exploitability: P1=1.933333333 P2=-0.070814689 EV: (-0.11638704671126131, 0.11638704671126131) P1 Winnings: 31.0
Choosing model 3
[0.18313951479972684, 0.02871701319348489, 0.05914607791766564, 0.48320144897853107, 0.24579594511059147]
Games played: 53
Exploitability: P1=1.933333333 P2=-0.070814689 EV: (-0.11638704671126131, 0.11638704671126131) P1 Winnings: 38.0
Choosing model 4
[0.1828167624888377, 0.029684454765145283, 0.05968185694167264, 0.496014964253851, 0.23180196155049335]
Games played: 54
Exploitability: P1=2.600000000 P2=-0.070814689 EV: (-0.08259138143179236, 0.08259138143179236) P1 Winnings: 38.0
Choosing model 3
[0.10421698955897085, 0.02340850064103459, 0.02040836784707141, 0.6583778184922447, 0.19358832346067834]
Games played: 55
Exploitability: P1=1.933333333 P2=-0.070814689 EV: (-0.11638704671126131, 0.11638704671126131) P1 Winnings: 51.0
Choosing model 3
[0.11316138101064205, 0.026242573617328048, 0.023464017030381517, 0.6463976663007648, 0.19073436204088356]
Games played: 56
Exploitability: P1=1.933333333 P2=-0.070814689 EV: (-0.11638704671126131, 0.11638704671126131) P1 Winnings: 52.0
Choosing model 3
[0.13198657616050366, 0.02633578343685788, 0.029639641876908304, 0.6119099213807693, 0.20012807714496095]
Games played: 57
Exploitability: P1=1.933333333 P2=-0.070814689 EV: (-0.11638704671126131, 0.11638704671126131) P1 Winnings: 55.0
Choosing model 0
[0.14261986519330164, 0.02938120563606069, 0.03391232667468486, 0.5978643085619493, 0.1962222939340035]
Games played: 58
Exploitability: P1=1.900000000 P2=-0.070814689 EV: (-0.0852283025335334, 0.0852283025335334) P1 Winnings: 56.0
Choosing model 0
[0.1464037182855472, 0.024436621752514383, 0.03421208943948043, 0.5807475913239902, 0.21419997919846767]
Games played: 59
Exploitability: P1=1.900000000 P2=-0.070814689 EV: (-0.0852283025335334, 0.0852283025335334) P1 Winnings: 57.0
Choosing model 3
[0.15787616958951697, 0.027206880720395753, 0.03906415634346347, 0.5662611486016729, 0.20959164474495087]
Games played: 60
Exploitability: P1=1.933333333 P2=-0.070814689 EV: (-0.11638704671126131, 0.11638704671126131) P1 Winnings: 58.0
Choosing model 4
[0.16984649770199742, 0.030219820444017144, 0.04449926534039295, 0.5508351614592033, 0.20459925505438906]
Games played: 61
Exploitability: P1=2.600000000 P2=-0.070814689 EV: (-0.08259138143179236, 0.08259138143179236) P1 Winnings: 59.0
Choosing model 0
[0.17182822773935486, 0.027602338769022062, 0.04465871268130012, 0.5430953469405896, 0.2128153738697333]
Games played: 62
Exploitability: P1=1.900000000 P2=-0.070814689 EV: (-0.0852283025335334, 0.0852283025335334) P1 Winnings: 56.0
Choosing model 2
[0.1704662081747783, 0.029318930547677126, 0.04467709314776317, 0.5520417304755731, 0.2034960376542082]
Games played: 63
Exploitability: P1=4.600000000 P2=-0.070814689 EV: (-0.09978467610595422, 0.09978467610595422) P1 Winnings: 55.0
Choosing model 3
[0.16232884875185946, 0.03928315094055633, 0.044177107100848226, 0.5881605204973124, 0.16605037270942363]
Games played: 64
Exploitability: P1=1.933333333 P2=-0.070814689 EV: (-0.11638704671126131, 0.11638704671126131) P1 Winnings: 60.0
Choosing model 3
[0.12781625232083668, 0.021290141271321072, 0.025045570862434256, 0.6281196414404592, 0.19772839410494888]
Games played: 65
Exploitability: P1=1.933333333 P2=-0.070814689 EV: (-0.11638704671126131, 0.11638704671126131) P1 Winnings: 57.0
Choosing model 3
[0.11186391338933231, 0.018163534422501428, 0.018952182504425482, 0.6624307832081648, 0.18858958647557594]
Games played: 66
Exploitability: P1=1.933333333 P2=-0.070814689 EV: (-0.11638704671126131, 0.11638704671126131) P1 Winnings: 66.0
Choosing model 4
[0.11548548250850917, 0.014724445614096852, 0.0191731678417932, 0.641353281578056, 0.20926362245754482]
Games played: 67
Exploitability: P1=2.600000000 P2=-0.070814689 EV: (-0.08259138143179236, 0.08259138143179236) P1 Winnings: 63.0
Choosing model 3
[0.13625672851072557, 0.020220742299103565, 0.026158522376124045, 0.6247256305288396, 0.19263837628520722]
Games played: 68
Exploitability: P1=1.933333333 P2=-0.070814689 EV: (-0.11638704671126131, 0.11638704671126131) P1 Winnings: 66.0
Choosing model 0
[0.13196723861308363, 0.027947829296492793, 0.02673400875828084, 0.6583226010700037, 0.15502832226213892]
Games played: 69
Exploitability: P1=1.900000000 P2=-0.070814689 EV: (-0.0852283025335334, 0.0852283025335334) P1 Winnings: 73.0
Choosing model 4
[0.13030111326526417, 0.029545308682469244, 0.02661834204093285, 0.6659978064196055, 0.14753742959172822]
Games played: 70
Exploitability: P1=2.600000000 P2=-0.070814689 EV: (-0.08259138143179236, 0.08259138143179236) P1 Winnings: 72.0
Choosing model 0
[0.1408571155981491, 0.03297556977442469, 0.030468147023364093, 0.6509810366844672, 0.14471813091959512]
Games played: 71
Exploitability: P1=1.900000000 P2=-0.070814689 EV: (-0.0852283025335334, 0.0852283025335334) P1 Winnings: 73.0
Choosing model 3
[0.1358507683518532, 0.03818648395584797, 0.03001879457285754, 0.668475421362552, 0.1274685317568893]
Games played: 72
Exploitability: P1=1.933333333 P2=-0.070814689 EV: (-0.11638704671126131, 0.11638704671126131) P1 Winnings: 73.0
Choosing model 3
[0.12998220516212605, 0.04476678819564625, 0.029404565344607045, 0.6854189939951602, 0.11042744730246058]
Games played: 73
Exploitability: P1=1.933333333 P2=-0.070814689 EV: (-0.11638704671126131, 0.11638704671126131) P1 Winnings: 64.0
Choosing model 3
[0.13248608210281504, 0.04119631602767812, 0.02973148250673239, 0.6808618559626881, 0.11572426340008632]
Games played: 74
Exploitability: P1=1.933333333 P2=-0.070814689 EV: (-0.11638704671126131, 0.11638704671126131) P1 Winnings: 67.0
Choosing model 1
[0.1229896033585796, 0.05285805105401746, 0.0285987427529727, 0.7027097264542744, 0.09284387638015588]
Games played: 75
Exploitability: P1=2.800000000 P2=-0.070814689 EV: (-0.11537266309557519, 0.11537266309557519) P1 Winnings: 72.0
Choosing model 3
[0.11499572752846823, 0.04365483966289107, 0.023782610030826653, 0.7204976966153179, 0.09706912616249613]
Games played: 76
Exploitability: P1=1.933333333 P2=-0.070814689 EV: (-0.11638704671126131, 0.11638704671126131) P1 Winnings: 65.0
Choosing model 1
[0.10599649269927805, 0.055615623301056905, 0.02271441400911277, 0.7383481713582773, 0.07732529863227502]
Games played: 77
Exploitability: P1=2.800000000 P2=-0.070814689 EV: (-0.11537266309557519, 0.11537266309557519) P1 Winnings: 70.0
Choosing model 4
[0.11107466799907248, 0.047219334370585585, 0.023392407043589285, 0.7321459460948022, 0.08616764449195054]
Games played: 78
Exploitability: P1=2.600000000 P2=-0.070814689 EV: (-0.08259138143179236, 0.08259138143179236) P1 Winnings: 69.0
Choosing model 3
[0.11107464153441754, 0.04721936514538764, 0.02339240409006769, 0.7321460088693891, 0.08616758036073811]
Games played: 79
Exploitability: P1=1.933333333 P2=-0.070814689 EV: (-0.11638704671126131, 0.11638704671126131) P1 Winnings: 68.0
Choosing model 4
[0.09780965854124563, 0.06606571468496825, 0.02171579092981241, 0.7536132253119441, 0.0607956105320298]
Games played: 80
Exploitability: P1=2.600000000 P2=-0.070814689 EV: (-0.08259138143179236, 0.08259138143179236) P1 Winnings: 68.0
Choosing model 3
[0.09780963167887524, 0.06606575533931938, 0.021715787397976905, 0.7536132625112917, 0.06079556307253676]
Games played: 81
Exploitability: P1=1.933333333 P2=-0.070814689 EV: (-0.11638704671126131, 0.11638704671126131) P1 Winnings: 67.0
Choosing model 3
[0.10567204352860766, 0.07369329906269895, 0.02484210770408327, 0.73619334904618, 0.05959920065843023]
Games played: 82
Exploitability: P1=1.933333333 P2=-0.070814689 EV: (-0.11638704671126131, 0.11638704671126131) P1 Winnings: 68.0
Choosing model 3
[0.12474377341038306, 0.07485056176036618, 0.031760422706009234, 0.7053535417562815, 0.06329170036696004]
Games played: 83
Exploitability: P1=1.933333333 P2=-0.070814689 EV: (-0.11638704671126131, 0.11638704671126131) P1 Winnings: 71.0
Choosing model 3
[0.14624735561086233, 0.0755044421335185, 0.040326866875772804, 0.6711694608842942, 0.06675187449555224]
Games played: 84
Exploitability: P1=1.933333333 P2=-0.070814689 EV: (-0.11638704671126131, 0.11638704671126131) P1 Winnings: 74.0
Choosing model 3
[0.15507656334057043, 0.06196881939574255, 0.04184670536488051, 0.6646429740553911, 0.07646493784341539]
Games played: 85
Exploitability: P1=1.933333333 P2=-0.070814689 EV: (-0.11638704671126131, 0.11638704671126131) P1 Winnings: 74.0
Choosing model 0
[0.15841888469234713, 0.057154455682865916, 0.042406994984177666, 0.661706977175806, 0.08031268746480341]
Games played: 86
Exploitability: P1=1.900000000 P2=-0.070814689 EV: (-0.0852283025335334, 0.0852283025335334) P1 Winnings: 77.0
Choosing model 3
[0.16707678993062774, 0.04624915180603706, 0.043770372076336814, 0.6515291457630715, 0.09137454042392687]
Games played: 87
Exploitability: P1=1.933333333 P2=-0.070814689 EV: (-0.11638704671126131, 0.11638704671126131) P1 Winnings: 78.0
Choosing model 3
[0.16707675186358217, 0.04624918576031632, 0.04377036739984841, 0.6515292253532035, 0.09137446962304958]
Games played: 88
Exploitability: P1=1.933333333 P2=-0.070814689 EV: (-0.11638704671126131, 0.11638704671126131) P1 Winnings: 75.0
Choosing model 3
[0.15547690030092903, 0.05805679563696734, 0.0421904085165952, 0.6709764473071774, 0.07329944823833114]
Games played: 89
Exploitability: P1=1.933333333 P2=-0.070814689 EV: (-0.11638704671126131, 0.11638704671126131) P1 Winnings: 82.0
Choosing model 3
[0.17734502682190148, 0.03449814075759101, 0.04545198692412889, 0.6397686455095545, 0.10293619998682418]
Games played: 90
Exploitability: P1=1.933333333 P2=-0.070814689 EV: (-0.11638704671126131, 0.11638704671126131) P1 Winnings: 82.0
Choosing model 3
[0.18588640125460434, 0.027301950912471926, 0.04658354496035725, 0.6238508958324602, 0.11637720704010632]
Games played: 91
Exploitability: P1=1.933333333 P2=-0.070814689 EV: (-0.11638704671126131, 0.11638704671126131) P1 Winnings: 85.0
Choosing model 2
[0.16412197240323084, 0.027377798065522672, 0.03566553226350805, 0.6641556649829871, 0.10867903228475125]
Games played: 92
Exploitability: P1=4.600000000 P2=-0.070814689 EV: (-0.09978467610595422, 0.09978467610595422) P1 Winnings: 90.0
Choosing model 3
[0.15802267405337883, 0.023356198040402436, 0.031592606226471885, 0.6731116937776347, 0.1139168279021121]
Games played: 93
Exploitability: P1=1.933333333 P2=-0.070814689 EV: (-0.11638704671126131, 0.11638704671126131) P1 Winnings: 99.0
Choosing model 0
[0.17035960471550357, 0.025996954738220814, 0.03606343148839518, 0.6561440981106272, 0.11143591094725311]
Games played: 94
Exploitability: P1=1.900000000 P2=-0.070814689 EV: (-0.0852283025335334, 0.0852283025335334) P1 Winnings: 100.0
Choosing model 3
[0.17630965675156438, 0.02179874157429953, 0.03667975707239373, 0.6425714231219585, 0.1226404214797839]
Games played: 95
Exploitability: P1=1.933333333 P2=-0.070814689 EV: (-0.11638704671126131, 0.11638704671126131) P1 Winnings: 101.0
Choosing model 0
[0.18343882343753415, 0.01740167635946345, 0.03734867295756024, 0.624159416566031, 0.13765141067941122]
Games played: 96
Exploitability: P1=1.900000000 P2=-0.070814689 EV: (-0.0852283025335334, 0.0852283025335334) P1 Winnings: 101.0
Choosing model 3
[0.199608257394386, 0.009864335199350222, 0.03838384035194611, 0.5677345304336885, 0.18440903662062924]
Games played: 97
Exploitability: P1=1.933333333 P2=-0.070814689 EV: (-0.11638704671126131, 0.11638704671126131) P1 Winnings: 98.0
Choosing model 0
[0.20172740585790253, 0.00900057612565325, 0.03848134729623786, 0.559175612703781, 0.1916150580164253]
Games played: 98
Exploitability: P1=1.900000000 P2=-0.070814689 EV: (-0.0852283025335334, 0.0852283025335334) P1 Winnings: 101.0
Choosing model 4
[0.19683045130922813, 0.010760244933545696, 0.03843946790489598, 0.5846884259215838, 0.16928140993074642]
Games played: 99
Exploitability: P1=2.600000000 P2=-0.070814689 EV: (-0.08259138143179236, 0.08259138143179236) P1 Winnings: 96.0
Choosing model 3
[0.21143643958295186, 0.011933911638701358, 0.04372192679074847, 0.5679066052113749, 0.1650011167762235]
Games played: 100
Exploitability: P1=1.933333333 P2=-0.070814689 EV: (-0.11638704671126131, 0.11638704671126131) P1 Winnings: 97.0
Choosing model 0
[0.20551617002060082, 0.014212597006226247, 0.04350760403347945, 0.5915506975640387, 0.14521293137565466]
Games played: 101
Exploitability: P1=1.900000000 P2=-0.070814689 EV: (-0.0852283025335334, 0.0852283025335334) P1 Winnings: 88.0
Choosing model 4
[0.22029763607891983, 0.015729336119350398, 0.04938139825631101, 0.5733511449650083, 0.14124048458041036]
Games played: 102
Exploitability: P1=2.600000000 P2=-0.070814689 EV: (-0.08259138143179236, 0.08259138143179236) P1 Winnings: 89.0
Choosing model 0
[0.2262564178006922, 0.013011871622545537, 0.04982095255494994, 0.556419567261948, 0.1544911907598644]
Games played: 103
Exploitability: P1=1.900000000 P2=-0.070814689 EV: (-0.0852283025335334, 0.0852283025335334) P1 Winnings: 90.0
Choosing model 3
[0.22625639081551083, 0.013011881651231643, 0.04982095219285507, 0.5564196811791059, 0.1544910941612966]
Games played: 104
Exploitability: P1=1.933333333 P2=-0.070814689 EV: (-0.11638704671126131, 0.11638704671126131) P1 Winnings: 89.0
Choosing model 3
[0.24179380541224904, 0.014356796076751003, 0.056375540085532354, 0.5376648837571827, 0.1498089746682849]
Games played: 105
Exploitability: P1=1.933333333 P2=-0.070814689 EV: (-0.11638704671126131, 0.11638704671126131) P1 Winnings: 90.0
Choosing model 2
[0.2797387943990093, 0.024287018775298878, 0.08293038794097651, 0.49971472196381844, 0.11332907692089689]
Games played: 106
Exploitability: P1=4.600000000 P2=-0.070814689 EV: (-0.09978467610595422, 0.09978467610595422) P1 Winnings: 95.0
Choosing model 0
[0.2971474820719407, 0.03046737974674762, 0.09758098619899788, 0.4770367553190667, 0.09776739666324712]
Games played: 107
Exploitability: P1=1.900000000 P2=-0.070814689 EV: (-0.0852283025335334, 0.0852283025335334) P1 Winnings: 100.0
Choosing model 3
[0.3121373160267566, 0.033043181414261553, 0.10853585123625316, 0.453096131006715, 0.09318752031601368]
Games played: 108
Exploitability: P1=1.933333333 P2=-0.070814689 EV: (-0.11638704671126131, 0.11638704671126131) P1 Winnings: 101.0
Choosing model 4
[0.32670072918852544, 0.03570749456956565, 0.12028514760276351, 0.42880480190009823, 0.08850182673904712]
Games played: 109
Exploitability: P1=2.600000000 P2=-0.070814689 EV: (-0.08259138143179236, 0.08259138143179236) P1 Winnings: 102.0
Choosing model 2
[0.3267006836455615, 0.0357075213715745, 0.12028514430665099, 0.4288048810565683, 0.08850176961964479]
Games played: 110
Exploitability: P1=4.600000000 P2=-0.070814689 EV: (-0.09978467610595422, 0.09978467610595422) P1 Winnings: 101.0
Choosing model 3
[0.32670051084953133, 0.03570762296318291, 0.12028513168746893, 0.42880518125988537, 0.0885015532399314]
Games played: 111
Exploitability: P1=1.933333333 P2=-0.070814689 EV: (-0.11638704671126131, 0.11638704671126131) P1 Winnings: 92.0
Choosing model 3
[0.2951982741988369, 0.057937755458243895, 0.11594087508199406, 0.46965618455769403, 0.06126691070323102]
Games played: 112
Exploitability: P1=1.933333333 P2=-0.070814689 EV: (-0.11638704671126131, 0.11638704671126131) P1 Winnings: 89.0
Choosing model 0
[0.3082426644192463, 0.046417859582630075, 0.1184811001802846, 0.45784444027815613, 0.0690139355396829]
Games played: 113
Exploitability: P1=1.900000000 P2=-0.070814689 EV: (-0.0852283025335334, 0.0852283025335334) P1 Winnings: 89.0
Choosing model 3
[0.33283589792793733, 0.030051685117616782, 0.12184222204937246, 0.4254873359801002, 0.08978285892497322]
Games played: 114
Exploitability: P1=1.933333333 P2=-0.070814689 EV: (-0.11638704671126131, 0.11638704671126131) P1 Winnings: 90.0
Choosing model 2
[0.30874082985600143, 0.02717381567290697, 0.097720590576779, 0.4756031777742264, 0.09076158612008613]
Games played: 115
Exploitability: P1=4.600000000 P2=-0.070814689 EV: (-0.09978467610595422, 0.09978467610595422) P1 Winnings: 99.0
Choosing model 0
[0.30874066198199884, 0.027173892582375923, 0.0977205788761238, 0.4756035036897594, 0.09076136286974208]
Games played: 116
Exploitability: P1=1.900000000 P2=-0.070814689 EV: (-0.0852283025335334, 0.0852283025335334) P1 Winnings: 90.0
Choosing model 0
[0.3248990203624684, 0.0192277518035602, 0.09921581780289004, 0.4476233153107853, 0.10903409472029586]
Games played: 117
Exploitability: P1=1.900000000 P2=-0.070814689 EV: (-0.0852283025335334, 0.0852283025335334) P1 Winnings: 90.0
Choosing model 0
[0.32658376562557, 0.0179794399190301, 0.09973249711095113, 0.44775674832812756, 0.1079475490163213]
Games played: 118
Exploitability: P1=1.900000000 P2=-0.070814689 EV: (-0.0852283025335334, 0.0852283025335334) P1 Winnings: 87.0
Choosing model 0
[0.34069436318348256, 0.012611553804647012, 0.10038003981836355, 0.4177587732863478, 0.1285552699071591]
Games played: 119
Exploitability: P1=1.900000000 P2=-0.070814689 EV: (-0.0852283025335334, 0.0852283025335334) P1 Winnings: 87.0
Choosing model 0
[0.3265336076590208, 0.017488116209674113, 0.1001114454464848, 0.45104737602528366, 0.10481945465953649]
Games played: 120
Exploitability: P1=1.900000000 P2=-0.070814689 EV: (-0.0852283025335334, 0.0852283025335334) P1 Winnings: 86.0
Choosing model 3
[0.32349872392807844, 0.01855009630515082, 0.10001458462935633, 0.4578454287966357, 0.10009116634077876]
Games played: 121
Exploitability: P1=1.933333333 P2=-0.070814689 EV: (-0.11638704671126131, 0.11638704671126131) P1 Winnings: 85.0
Choosing model 0
[0.3330098970405451, 0.014779961774509314, 0.100752666364681, 0.4401508414548631, 0.11130663336540149]
Games played: 122
Exploitability: P1=1.900000000 P2=-0.070814689 EV: (-0.0852283025335334, 0.0852283025335334) P1 Winnings: 85.0
Choosing model 0
[0.3363278012389918, 0.013281775533046141, 0.10131472342686439, 0.4364861216940071, 0.11258957810709073]
Games played: 123
Exploitability: P1=1.900000000 P2=-0.070814689 EV: (-0.0852283025335334, 0.0852283025335334) P1 Winnings: 80.0
Choosing model 0
[0.3524892197691244, 0.014371838210347244, 0.11243201941264183, 0.4136360528749428, 0.1070708697329437]
Games played: 124
Exploitability: P1=1.900000000 P2=-0.070814689 EV: (-0.0852283025335334, 0.0852283025335334) P1 Winnings: 81.0
Choosing model 0
[0.3681194278641067, 0.015496311236265851, 0.1243275245769671, 0.39059453122049864, 0.10146220510216178]
Games played: 125
Exploitability: P1=1.900000000 P2=-0.070814689 EV: (-0.0852283025335334, 0.0852283025335334) P1 Winnings: 82.0
Choosing model 3
[0.37725014129168083, 0.012184662698076523, 0.12469284326687491, 0.3737023203561949, 0.11217003238717277]
Games played: 126
Exploitability: P1=1.933333333 P2=-0.070814689 EV: (-0.11638704671126131, 0.11638704671126131) P1 Winnings: 83.0
Choosing model 3
[0.3929339986241108, 0.007609396083401837, 0.12369241236335789, 0.3350019357090746, 0.14076225722005473]
Games played: 127
Exploitability: P1=1.933333333 P2=-0.070814689 EV: (-0.11638704671126131, 0.11638704671126131) P1 Winnings: 82.0
Choosing model 2
[0.38322168543409324, 0.01016803750609251, 0.1250059478872316, 0.3631260997320528, 0.11847822944052992]
Games played: 128
Exploitability: P1=4.600000000 P2=-0.070814689 EV: (-0.09978467610595422, 0.09978467610595422) P1 Winnings: 81.0
Choosing model 4
[0.39094257331465526, 0.014422866268423762, 0.14110858563853432, 0.35751489983516344, 0.09601107494322322]
Games played: 129
Exploitability: P1=2.600000000 P2=-0.070814689 EV: (-0.08259138143179236, 0.08259138143179236) P1 Winnings: 86.0
Choosing model 0
[0.390942535825639, 0.014422877721734277, 0.1411085879112708, 0.3575149813867086, 0.09601101715464724]
Games played: 130
Exploitability: P1=1.900000000 P2=-0.070814689 EV: (-0.0852283025335334, 0.0852283025335334) P1 Winnings: 85.0
Choosing model 2
[0.40485733882156305, 0.015421056343444125, 0.15473085057119446, 0.33477129319801646, 0.090219461065782]
Games played: 131
Exploitability: P1=4.600000000 P2=-0.070814689 EV: (-0.09978467610595422, 0.09978467610595422) P1 Winnings: 86.0
Choosing model 4
[0.4048571946066405, 0.015421102881187266, 0.154730861060425, 0.33477158538436574, 0.09021925606738149]
Games played: 132
Exploitability: P1=2.600000000 P2=-0.070814689 EV: (-0.08259138143179236, 0.08259138143179236) P1 Winnings: 77.0
Choosing model 0
[0.41773183687593946, 0.016427983605964737, 0.16904683079485056, 0.31232674673445254, 0.08446660198879277]
Games played: 133
Exploitability: P1=1.900000000 P2=-0.070814689 EV: (-0.0852283025335334, 0.0852283025335334) P1 Winnings: 78.0
Choosing model 3
[0.4188951830806931, 0.015729519208890243, 0.16940354338743016, 0.3117301370921754, 0.08424161723081097]
Games played: 134
Exploitability: P1=1.933333333 P2=-0.070814689 EV: (-0.11638704671126131, 0.11638704671126131) P1 Winnings: 77.0
Choosing model 0
[0.43976302436017445, 0.008829583459307132, 0.1678494479594764, 0.27361080505282975, 0.10994713916821226]
Games played: 135
Exploitability: P1=1.900000000 P2=-0.070814689 EV: (-0.0852283025335334, 0.0852283025335334) P1 Winnings: 76.0
Choosing model 0
[0.4527542713500895, 0.010735582232063307, 0.19142379108154384, 0.2531555376780079, 0.09193081765829542]
Games played: 136
Exploitability: P1=1.900000000 P2=-0.070814689 EV: (-0.0852283025335334, 0.0852283025335334) P1 Winnings: 81.0
Choosing model 0
[0.4000077754622191, 0.011658038821172213, 0.12893436477059733, 0.3611355367115954, 0.09826428423441608]
Games played: 137
Exploitability: P1=1.900000000 P2=-0.070814689 EV: (-0.0852283025335334, 0.0852283025335334) P1 Winnings: 76.0
Choosing model 0
[0.400007738620436, 0.011658048123110325, 0.12893436733607516, 0.361135620458189, 0.09826422546218956]
Games played: 138
Exploitability: P1=1.900000000 P2=-0.070814689 EV: (-0.0852283025335334, 0.0852283025335334) P1 Winnings: 75.0
Choosing model 0
[0.4059026726521947, 0.016448674546893593, 0.1447711691494739, 0.3536695217002493, 0.07920796195118851]
Games played: 139
Exploitability: P1=1.900000000 P2=-0.070814689 EV: (-0.0852283025335334, 0.0852283025335334) P1 Winnings: 80.0
Choosing model 0
[0.39699393952313833, 0.01931643288715565, 0.14464650540283877, 0.3682929444413482, 0.07075017774551909]
Games played: 140
Exploitability: P1=1.900000000 P2=-0.070814689 EV: (-0.0852283025335334, 0.0852283025335334) P1 Winnings: 80.0
Choosing model 2
[0.3778987292612875, 0.026602961088144986, 0.14327582909782322, 0.39492860995064977, 0.05729387060209441]
Games played: 141
Exploitability: P1=4.600000000 P2=-0.070814689 EV: (-0.09978467610595422, 0.09978467610595422) P1 Winnings: 79.0
Choosing model 2
[0.359316503698887, 0.03496121236661575, 0.14115845702821694, 0.4174833829603256, 0.04708044394595476]
Games played: 142
Exploitability: P1=4.600000000 P2=-0.070814689 EV: (-0.09978467610595422, 0.09978467610595422) P1 Winnings: 70.0
Choosing model 0
[0.355457473222893, 0.030644174225739687, 0.1284699196422464, 0.434724636836395, 0.05070379607272575]
Games played: 143
Exploitability: P1=1.900000000 P2=-0.070814689 EV: (-0.0852283025335334, 0.0852283025335334) P1 Winnings: 79.0
Choosing model 3
[0.35545741746693565, 0.03064419669235547, 0.12846991387951093, 0.4347247094978813, 0.05070376246331679]
Games played: 144
Exploitability: P1=1.933333333 P2=-0.070814689 EV: (-0.11638704671126131, 0.11638704671126131) P1 Winnings: 78.0
Choosing model 3
[0.36941665544507235, 0.03288139573375819, 0.14137242264661976, 0.4085150782806637, 0.047814447893885954]
Games played: 145
Exploitability: P1=1.933333333 P2=-0.070814689 EV: (-0.11638704671126131, 0.11638704671126131) P1 Winnings: 79.0
Choosing model 0
[0.381519215888988, 0.026665602135455335, 0.14307439053968243, 0.395664846352814, 0.053075945083060225]
Games played: 146
Exploitability: P1=1.900000000 P2=-0.070814689 EV: (-0.0852283025335334, 0.0852283025335334) P1 Winnings: 76.0
Choosing model 0
[0.381519162058166, 0.026665622105477023, 0.1430743863768251, 0.3956649187217521, 0.05307591073777977]
Games played: 147
Exploitability: P1=1.900000000 P2=-0.070814689 EV: (-0.0852283025335334, 0.0852283025335334) P1 Winnings: 75.0
Choosing model 0
[0.37740558099519317, 0.028242434847208148, 0.14272129343664108, 0.40102508978521506, 0.05060560093574252]
Games played: 148
Exploitability: P1=1.900000000 P2=-0.070814689 EV: (-0.0852283025335334, 0.0852283025335334) P1 Winnings: 74.0
Choosing model 3
[0.3875438114723818, 0.023497090639936893, 0.1440294118968948, 0.38966978975802435, 0.05525989623276238]
Games played: 149
Exploitability: P1=1.933333333 P2=-0.070814689 EV: (-0.11638704671126131, 0.11638704671126131) P1 Winnings: 75.0
Choosing model 3
[0.3915321314603823, 0.021122138832159725, 0.14487991333942224, 0.3865508349342805, 0.05591498143375522]
Games played: 150
Exploitability: P1=1.933333333 P2=-0.070814689 EV: (-0.11638704671126131, 0.11638704671126131) P1 Winnings: 75.0
Choosing model 0
[0.40129533279665375, 0.01743704546285513, 0.14586881386536885, 0.3743638938909571, 0.06103491398416524]
Games played: 151
Exploitability: P1=1.900000000 P2=-0.070814689 EV: (-0.0852283025335334, 0.0852283025335334) P1 Winnings: 75.0
Choosing model 0
[0.42863016772249, 0.00970244104560376, 0.14715230819856986, 0.33425284826280277, 0.0802622347705336]
Games played: 152
Exploitability: P1=1.900000000 P2=-0.070814689 EV: (-0.0852283025335334, 0.0852283025335334) P1 Winnings: 72.0
Choosing model 0
[0.4421055806753176, 0.010332309036682582, 0.1607106724153095, 0.3117333407448957, 0.0751180971277946]
Games played: 153
Exploitability: P1=1.900000000 P2=-0.070814689 EV: (-0.0852283025335334, 0.0852283025335334) P1 Winnings: 73.0
Choosing model 3
[0.45438671470305647, 0.01096402778107687, 0.17489553521534212, 0.28969950691061425, 0.07005421538991019]
Games played: 154
Exploitability: P1=1.933333333 P2=-0.070814689 EV: (-0.11638704671126131, 0.11638704671126131) P1 Winnings: 74.0
Choosing model 3
[0.4653660110457528, 0.011593438825057227, 0.1896627900125778, 0.26827590321596706, 0.06510185690064516]
Games played: 155
Exploitability: P1=1.933333333 P2=-0.070814689 EV: (-0.11638704671126131, 0.11638704671126131) P1 Winnings: 75.0
Choosing model 4
[0.4340193636692272, 0.007442395131337178, 0.12736215389191533, 0.3393546093473474, 0.09182147796017291]
Games played: 156
Exploitability: P1=2.600000000 P2=-0.070814689 EV: (-0.08259138143179236, 0.08259138143179236) P1 Winnings: 82.0
Choosing model 3
[0.41413971835745356, 0.011060112693746849, 0.12785978666800618, 0.3761855092445623, 0.07075487303623115]
Games played: 157
Exploitability: P1=1.933333333 P2=-0.070814689 EV: (-0.11638704671126131, 0.11638704671126131) P1 Winnings: 77.0
Choosing model 0
[0.4290304794495908, 0.011829705334175523, 0.1402521782457591, 0.35237752389188776, 0.06651011307858679]
Games played: 158
Exploitability: P1=1.900000000 P2=-0.070814689 EV: (-0.0852283025335334, 0.0852283025335334) P1 Winnings: 78.0
Choosing model 0
[0.42903043364926285, 0.011829714599775887, 0.14025217898168021, 0.3523776004450359, 0.06651007232424522]
Games played: 159
Exploitability: P1=1.900000000 P2=-0.070814689 EV: (-0.0852283025335334, 0.0852283025335334) P1 Winnings: 77.0
Choosing model 3
[0.4255084711811101, 0.012561827639874032, 0.14026995120524677, 0.3580803098548817, 0.06357944011888726]
Games played: 160
Exploitability: P1=1.933333333 P2=-0.070814689 EV: (-0.11638704671126131, 0.11638704671126131) P1 Winnings: 76.0
Choosing model 3
[0.43936145513203867, 0.013391822531877208, 0.1533602351655149, 0.33431745969938315, 0.05956902747118613]
Games played: 161
Exploitability: P1=1.933333333 P2=-0.070814689 EV: (-0.11638704671126131, 0.11638704671126131) P1 Winnings: 77.0
Choosing model 3
[0.40585411928973136, 0.022874705750946342, 0.15162359025636873, 0.37805968969105175, 0.041587895011901826]
Games played: 162
Exploitability: P1=1.933333333 P2=-0.070814689 EV: (-0.11638704671126131, 0.11638704671126131) P1 Winnings: 77.0
Choosing model 0
[0.3668151161624647, 0.014230319102095374, 0.09867050092456686, 0.46344027484231465, 0.05684378896855858]
Games played: 163
Exploitability: P1=1.900000000 P2=-0.070814689 EV: (-0.0852283025335334, 0.0852283025335334) P1 Winnings: 74.0
Choosing model 2
[0.3561156181255904, 0.016587941352746757, 0.09785770530842253, 0.4790395465110525, 0.050399188702187805]
Games played: 164
Exploitability: P1=4.600000000 P2=-0.070814689 EV: (-0.09978467610595422, 0.09978467610595422) P1 Winnings: 74.0
Choosing model 0
[0.3371802996417418, 0.021518903735014836, 0.09601152064724891, 0.5041064086295547, 0.04118286734643976]
Games played: 165
Exploitability: P1=1.900000000 P2=-0.070814689 EV: (-0.0852283025335334, 0.0852283025335334) P1 Winnings: 79.0
Choosing model 0
[0.3079707360721073, 0.031228891784114372, 0.09244950257809258, 0.5382121121012736, 0.030138757464411976]
Games played: 166
Exploitability: P1=1.900000000 P2=-0.070814689 EV: (-0.0852283025335334, 0.0852283025335334) P1 Winnings: 74.0
Choosing model 3
[0.30797067531596967, 0.031228913417076416, 0.09244949469411673, 0.5382121803044061, 0.030138736268431002]
Games played: 167
Exploitability: P1=1.933333333 P2=-0.070814689 EV: (-0.11638704671126131, 0.11638704671126131) P1 Winnings: 73.0
Choosing model 3
[0.28746099771389616, 0.040288496282269, 0.08941416753939693, 0.5585240803802266, 0.0243122580842112]
Games played: 168
Exploitability: P1=1.933333333 P2=-0.070814689 EV: (-0.11638704671126131, 0.11638704671126131) P1 Winnings: 78.0
Choosing model 3
[0.3084869822879381, 0.029664807991712474, 0.09277685311392224, 0.5395424067866533, 0.029528949819773838]
Games played: 169
Exploitability: P1=1.933333333 P2=-0.070814689 EV: (-0.11638704671126131, 0.11638704671126131) P1 Winnings: 78.0
Choosing model 0
[0.31366500195524516, 0.0272324585157624, 0.09358027207907776, 0.5346521516265097, 0.030870115823405]
Games played: 170
Exploitability: P1=1.900000000 P2=-0.070814689 EV: (-0.0852283025335334, 0.0852283025335334) P1 Winnings: 81.0
Choosing model 3
[0.29210914041478864, 0.03568344014854945, 0.0904936995266166, 0.5570792153942339, 0.024634504515811655]
Games played: 171
Exploitability: P1=1.933333333 P2=-0.070814689 EV: (-0.11638704671126131, 0.11638704671126131) P1 Winnings: 86.0
Choosing model 0
[0.29210907417020693, 0.03568346638377883, 0.09049368995418937, 0.5570792840377278, 0.024634485454096966]
Games played: 172
Exploitability: P1=1.900000000 P2=-0.070814689 EV: (-0.0852283025335334, 0.0852283025335334) P1 Winnings: 83.0
Choosing model 3
[0.2874825772115514, 0.03760035716982017, 0.08980896615268956, 0.561740228512041, 0.02336787095389801]
Games played: 173
Exploitability: P1=1.933333333 P2=-0.070814689 EV: (-0.11638704671126131, 0.11638704671126131) P1 Winnings: 82.0
Choosing model 0
[0.2927581984305956, 0.033989814158655075, 0.0908240313366496, 0.5582213296431895, 0.024206626430910195]
Games played: 174
Exploitability: P1=1.900000000 P2=-0.070814689 EV: (-0.0852283025335334, 0.0852283025335334) P1 Winnings: 79.0
Choosing model 0
[0.29275813723278393, 0.03398983730445584, 0.09082402252321639, 0.558221393817332, 0.024206609122211755]
Games played: 175
Exploitability: P1=1.900000000 P2=-0.070814689 EV: (-0.0852283025335334, 0.0852283025335334) P1 Winnings: 78.0
Choosing model 3
[0.26960517401055517, 0.04528765450104735, 0.08703489493154921, 0.5791077380955857, 0.01896453846126251]
Games played: 176
Exploitability: P1=1.933333333 P2=-0.070814689 EV: (-0.11638704671126131, 0.11638704671126131) P1 Winnings: 69.0
Choosing model 3
[0.24903196107543932, 0.05781776719433062, 0.08330143981511812, 0.5947097395135241, 0.015139092401587968]
Games played: 177
Exploitability: P1=1.933333333 P2=-0.070814689 EV: (-0.11638704671126131, 0.11638704671126131) P1 Winnings: 74.0
Choosing model 0
[0.26212092432623385, 0.04778692929538005, 0.08592041570246059, 0.5870445812105315, 0.01712714946539407]
Games played: 178
Exploitability: P1=1.900000000 P2=-0.070814689 EV: (-0.0852283025335334, 0.0852283025335334) P1 Winnings: 71.0
Choosing model 3
[0.2575067880335111, 0.05026370847882346, 0.08511738446047001, 0.5908947177839147, 0.016217401243280714]
Games played: 179
Exploitability: P1=1.933333333 P2=-0.070814689 EV: (-0.11638704671126131, 0.11638704671126131) P1 Winnings: 76.0
Choosing model 0
[0.26282588407713753, 0.04554002485760426, 0.08627426406086519, 0.5885223002020148, 0.016837526802378364]
Games played: 180
Exploitability: P1=1.900000000 P2=-0.070814689 EV: (-0.0852283025335334, 0.0852283025335334) P1 Winnings: 73.0
Choosing model 0
[0.28498097089477914, 0.03320191041795319, 0.09025459168339837, 0.570720844750657, 0.0208416822532125]
Games played: 181
Exploitability: P1=1.900000000 P2=-0.070814689 EV: (-0.0852283025335334, 0.0852283025335334) P1 Winnings: 73.0
Choosing model 3
[0.30565448900457765, 0.024433211823132857, 0.09359650005633299, 0.5510162676618338, 0.025299531454122757]
Games played: 182
Exploitability: P1=1.933333333 P2=-0.070814689 EV: (-0.11638704671126131, 0.11638704671126131) P1 Winnings: 76.0
Choosing model 3
[0.278535987470622, 0.012771683011347448, 0.06281424161581095, 0.6113112764103362, 0.034566811491883405]
Games played: 183
Exploitability: P1=1.933333333 P2=-0.070814689 EV: (-0.11638704671126131, 0.11638704671126131) P1 Winnings: 76.0
Choosing model 0
[0.2635423521011642, 0.01724487494729589, 0.06271478378771331, 0.6293218041709056, 0.02717618499292101]
Games played: 184
Exploitability: P1=1.900000000 P2=-0.070814689 EV: (-0.0852283025335334, 0.0852283025335334) P1 Winnings: 83.0
Choosing model 0
[0.2593304711243304, 0.018168607110575285, 0.06223117185258398, 0.6344946243046271, 0.02577512560788313]
Games played: 185
Exploitability: P1=1.900000000 P2=-0.070814689 EV: (-0.0852283025335334, 0.0852283025335334) P1 Winnings: 82.0
Choosing model 3
[0.2593304151933903, 0.018168619362161655, 0.06223116540081805, 0.6344946930370184, 0.025775107006611613]
Games played: 186
Exploitability: P1=1.933333333 P2=-0.070814689 EV: (-0.11638704671126131, 0.11638704671126131) P1 Winnings: 81.0
Choosing model 3
[0.24731374311597412, 0.02122956936932802, 0.06075785639609055, 0.6484428102339855, 0.022256020884621686]
Games played: 187
Exploitability: P1=1.933333333 P2=-0.070814689 EV: (-0.11638704671126131, 0.11638704671126131) P1 Winnings: 72.0
Choosing model 3
[0.26307647976073717, 0.02331567903074317, 0.06843378972361083, 0.6236922173579155, 0.021481834126993487]
Games played: 188
Exploitability: P1=1.933333333 P2=-0.070814689 EV: (-0.11638704671126131, 0.11638704671126131) P1 Winnings: 73.0
Choosing model 0
[0.2736695990614258, 0.019535786889087293, 0.06993147666855318, 0.6130635545531635, 0.02379958282777028]
Games played: 189
Exploitability: P1=1.900000000 P2=-0.070814689 EV: (-0.0852283025335334, 0.0852283025335334) P1 Winnings: 73.0
Choosing model 2
[0.28996127828937035, 0.021370637158051285, 0.078454981658716, 0.587332215612833, 0.02288088728102947]
Games played: 190
Exploitability: P1=4.600000000 P2=-0.070814689 EV: (-0.09978467610595422, 0.09978467610595422) P1 Winnings: 74.0
Choosing model 2
[0.2609185524170793, 0.01874564182344759, 0.06103934237018019, 0.6368585453891585, 0.022437918000134463]
Games played: 191
Exploitability: P1=4.600000000 P2=-0.070814689 EV: (-0.09978467610595422, 0.09978467610595422) P1 Winnings: 74.0
Choosing model 2
[0.2759301627017543, 0.015289078789050167, 0.06350533061740313, 0.6198013700013155, 0.02547405789047693]
Games played: 192
Exploitability: P1=4.600000000 P2=-0.070814689 EV: (-0.09978467610595422, 0.09978467610595422) P1 Winnings: 77.0
Choosing model 3
[0.2929098050386615, 0.019167152262465917, 0.07467531519990743, 0.591286014687621, 0.021961712811344184]
Games played: 193
Exploitability: P1=1.933333333 P2=-0.070814689 EV: (-0.11638704671126131, 0.11638704671126131) P1 Winnings: 82.0
Choosing model 2
[0.2738974772155927, 0.02417746904177836, 0.07232940212388962, 0.6118926741459076, 0.017702977472831692]
Games played: 194
Exploitability: P1=4.600000000 P2=-0.070814689 EV: (-0.09978467610595422, 0.09978467610595422) P1 Winnings: 89.0
Choosing model 3
[0.2717578989864334, 0.02559329030043853, 0.07274676614618703, 0.6130767407404701, 0.01682530382647089]
Games played: 195
Exploitability: P1=1.933333333 P2=-0.070814689 EV: (-0.11638704671126131, 0.11638704671126131) P1 Winnings: 94.0
Choosing model 3
[0.2756761352450076, 0.023100443425414268, 0.07347525048332591, 0.6106538666401404, 0.017094304206111875]
Games played: 196
Exploitability: P1=1.933333333 P2=-0.070814689 EV: (-0.11638704671126131, 0.11638704671126131) P1 Winnings: 89.0
Choosing model 0
[0.2806061623630399, 0.020872652000731316, 0.07427157766157341, 0.6065498614539492, 0.017699746520706175]
Games played: 197
Exploitability: P1=1.900000000 P2=-0.070814689 EV: (-0.0852283025335334, 0.0852283025335334) P1 Winnings: 86.0
Choosing model 3
[0.28060610218380794, 0.020872666101043928, 0.07427157005160763, 0.6065499278948373, 0.017699733768703197]
Games played: 198
Exploitability: P1=1.933333333 P2=-0.070814689 EV: (-0.11638704671126131, 0.11638704671126131) P1 Winnings: 85.0
Choosing model 4
[0.29382247493382535, 0.016916417706728266, 0.0761060443449334, 0.5931336205518135, 0.020021442462699435]
Games played: 199
Exploitability: P1=2.600000000 P2=-0.070814689 EV: (-0.08259138143179236, 0.08259138143179236) P1 Winnings: 85.0
Choosing model 3
[0.310479108161742, 0.018455630303818096, 0.08515318490072331, 0.5667151015858813, 0.01919697504783525]
Games played: 200
Exploitability: P1=1.933333333 P2=-0.070814689 EV: (-0.11638704671126131, 0.11638704671126131) P1 Winnings: 86.0
