Player 1 exploitability: 0.101703781462
Choosing model 2
[0.20396124844724672, 0.2105817708859842, 0.21596433592023306, 0.18442191860964258, 0.18507072613689338]
Games played: 1
Exploitability: P1=4.600000000 P2=0.016051767 EV: (-0.24656857888909683, 0.24656857888909683) P1 Winnings: 1.0
Choosing model 0
[0.20712266597835047, 0.22078717942522863, 0.2322182675405776, 0.1693391501631542, 0.170532736892689]
Games played: 2
Exploitability: P1=1.900000000 P2=0.016051767 EV: (-0.08563005609093907, 0.08563005609093907) P1 Winnings: 2.0
Choosing model 1
[0.20390460451828937, 0.25669345668897264, 0.2532374528167167, 0.1498190793159733, 0.13634540666004807]
Games played: 3
Exploitability: P1=2.800000000 P2=0.016051767 EV: (-0.12527070416111086, 0.12527070416111086) P1 Winnings: 7.0
Choosing model 0
[0.21792891736383266, 0.21049759335303048, 0.26488010099250614, 0.14949061051974838, 0.15720277777088223]
Games played: 4
Exploitability: P1=1.900000000 P2=0.016051767 EV: (-0.08563005609093907, 0.08563005609093907) P1 Winnings: 8.0
Choosing model 2
[0.22992762937779168, 0.17039935374320286, 0.27350117852893285, 0.14724792354087674, 0.17892391480919578]
Games played: 5
Exploitability: P1=4.600000000 P2=0.016051767 EV: (-0.24656857888909683, 0.24656857888909683) P1 Winnings: 9.0
Choosing model 1
[0.22618094610291414, 0.1543930563467339, 0.21376639024824926, 0.19335568827588748, 0.2123039190262153]
Games played: 6
Exploitability: P1=2.800000000 P2=0.016051767 EV: (-0.12527070416111086, 0.12527070416111086) P1 Winnings: 22.0
Choosing model 0
[0.21279682366486136, 0.20368078902536293, 0.208674504406558, 0.20309826905608286, 0.17174961384713486]
Games played: 7
Exploitability: P1=1.900000000 P2=0.016051767 EV: (-0.08563005609093907, 0.08563005609093907) P1 Winnings: 22.0
Choosing model 1
[0.21279678460678772, 0.20368093291673955, 0.20867448947670833, 0.20309829758210343, 0.171749495417661]
Games played: 8
Exploitability: P1=2.800000000 P2=0.016051767 EV: (-0.12527070416111086, 0.12527070416111086) P1 Winnings: 21.0
Choosing model 1
[0.20851637208225499, 0.2652575095587974, 0.276642952145457, 0.13965442373848927, 0.10992874247500144]
Games played: 9
Exploitability: P1=2.800000000 P2=0.016051767 EV: (-0.12527070416111086, 0.12527070416111086) P1 Winnings: 26.0
Choosing model 1
[0.2082154543784321, 0.26635769046765356, 0.2783104106150422, 0.1419916495203873, 0.10512479501848479]
Games played: 10
Exploitability: P1=2.800000000 P2=0.016051767 EV: (-0.12527070416111086, 0.12527070416111086) P1 Winnings: 29.0
Choosing model 0
[0.2082152482893836, 0.2663583255249137, 0.2783102531509447, 0.14199168348725652, 0.10512448954750156]
Games played: 11
Exploitability: P1=1.900000000 P2=0.016051767 EV: (-0.08563005609093907, 0.08563005609093907) P1 Winnings: 20.0
Choosing model 2
[0.2039613400846547, 0.2793573155697623, 0.2749156375835938, 0.14251161957172875, 0.09925408719026042]
Games played: 12
Exploitability: P1=4.600000000 P2=0.016051767 EV: (-0.24656857888909683, 0.24656857888909683) P1 Winnings: 11.0
Choosing model 1
[0.22717835355181706, 0.20921904823563905, 0.295432894471755, 0.14196538022302208, 0.1262043235177667]
Games played: 13
Exploitability: P1=2.800000000 P2=0.016051767 EV: (-0.12527070416111086, 0.12527070416111086) P1 Winnings: 16.0
Choosing model 2
[0.233434552174322, 0.19083529338789687, 0.3014675574853012, 0.14234886389300033, 0.13191373305947984]
Games played: 14
Exploitability: P1=4.600000000 P2=0.016051767 EV: (-0.24656857888909683, 0.24656857888909683) P1 Winnings: 19.0
Choosing model 2
[0.20799632120384134, 0.2690370788140097, 0.2616608497386259, 0.15893875645893363, 0.10236699378458938]
Games played: 15
Exploitability: P1=4.600000000 P2=0.016051767 EV: (-0.24656857888909683, 0.24656857888909683) P1 Winnings: 32.0
Choosing model 1
[0.22995333660707837, 0.20407921285712907, 0.2797036899440471, 0.1581756550768593, 0.12808810551488614]
Games played: 16
Exploitability: P1=2.800000000 P2=0.016051767 EV: (-0.12527070416111086, 0.12527070416111086) P1 Winnings: 32.0
Choosing model 3
[0.24197760745539218, 0.16863023275843722, 0.28842368282917347, 0.15609699226645374, 0.14487148469054337]
Games played: 17
Exploitability: P1=1.933333333 P2=0.016051767 EV: (0.009733006226194767, -0.009733006226194767) P1 Winnings: 32.0
Choosing model 4
[0.25129688768032943, 0.14105408819697868, 0.2942391270001406, 0.15317825107574648, 0.16023164604680498]
Games played: 18
Exploitability: P1=2.600000000 P2=0.016051767 EV: (-0.073098359595115, 0.073098359595115) P1 Winnings: 32.0
Choosing model 2
[0.22990532518402537, 0.2050391392503328, 0.283789495572284, 0.16381098327379157, 0.11745505671956635]
Games played: 19
Exploitability: P1=4.600000000 P2=0.016051767 EV: (-0.24656857888909683, 0.24656857888909683) P1 Winnings: 32.0
Choosing model 3
[0.20957558810848578, 0.26298393300225364, 0.2686228395471067, 0.16707106204838676, 0.09174657729376699]
Games played: 20
Exploitability: P1=1.933333333 P2=0.016051767 EV: (0.009733006226194767, -0.009733006226194767) P1 Winnings: 32.0
Choosing model 3
[0.2096086826495656, 0.27156319087841935, 0.28447616667516523, 0.15108963866272976, 0.08326232113411997]
Games played: 21
Exploitability: P1=1.933333333 P2=0.016051767 EV: (0.009733006226194767, -0.009733006226194767) P1 Winnings: 33.0
Choosing model 3
[0.1831888426915442, 0.34703222263980094, 0.31611935752390813, 0.1060785015295338, 0.047581075615212916]
Games played: 22
Exploitability: P1=1.933333333 P2=0.016051767 EV: (0.009733006226194767, -0.009733006226194767) P1 Winnings: 38.0
Choosing model 3
[0.190345231526424, 0.32555837471536575, 0.3258438416343215, 0.10742042618888953, 0.050832125934999375]
Games played: 23
Exploitability: P1=1.933333333 P2=0.016051767 EV: (0.009733006226194767, -0.009733006226194767) P1 Winnings: 41.0
Choosing model 0
[0.18757944480541583, 0.3312418703936385, 0.34000643654453067, 0.09571830291162543, 0.04545394534478959]
Games played: 24
Exploitability: P1=1.900000000 P2=0.016051767 EV: (-0.08563005609093907, 0.08563005609093907) P1 Winnings: 42.0
Choosing model 2
[0.17432022420107532, 0.3696083838095855, 0.3227851648007925, 0.094709014495114, 0.038577212693432575]
Games played: 25
Exploitability: P1=4.600000000 P2=0.016051767 EV: (-0.24656857888909683, 0.24656857888909683) P1 Winnings: 42.0
Choosing model 1
[0.15050044970526952, 0.44104872609541607, 0.2887592062921911, 0.0909075931623457, 0.02878402474477766]
Games played: 26
Exploitability: P1=2.800000000 P2=0.016051767 EV: (-0.12527070416111086, 0.12527070416111086) P1 Winnings: 47.0
Choosing model 1
[0.12552278100314151, 0.508226786987098, 0.281401914675694, 0.06747401841204555, 0.017374498922020816]
Games played: 27
Exploitability: P1=2.800000000 P2=0.016051767 EV: (-0.12527070416111086, 0.12527070416111086) P1 Winnings: 56.0
Choosing model 3
[0.1248431518612073, 0.5083051096423846, 0.28197217921604845, 0.06833041426377492, 0.01654914501658464]
Games played: 28
Exploitability: P1=1.933333333 P2=0.016051767 EV: (0.009733006226194767, -0.009733006226194767) P1 Winnings: 59.0
Choosing model 1
[0.12214024300868087, 0.5149610536301927, 0.2788577620718151, 0.06874493494946135, 0.015296006339849845]
Games played: 29
Exploitability: P1=2.800000000 P2=0.016051767 EV: (-0.12527070416111086, 0.12527070416111086) P1 Winnings: 59.0
Choosing model 2
[0.11504939220375467, 0.5366025480680923, 0.26716884048688094, 0.06787980560833187, 0.013299413632940139]
Games played: 30
Exploitability: P1=4.600000000 P2=0.016051767 EV: (-0.24656857888909683, 0.24656857888909683) P1 Winnings: 62.0
Choosing model 2
[0.09317058403266305, 0.6114317729604, 0.2246649128291738, 0.061503755119030765, 0.009228975058732538]
Games played: 31
Exploitability: P1=4.600000000 P2=0.016051767 EV: (-0.24656857888909683, 0.24656857888909683) P1 Winnings: 62.0
Choosing model 2
[0.10932165238107384, 0.5533018980165022, 0.2593395421790747, 0.06641166012860204, 0.011625247294747145]
Games played: 32
Exploitability: P1=4.600000000 P2=0.016051767 EV: (-0.24656857888909683, 0.24656857888909683) P1 Winnings: 65.0
Choosing model 1
[0.12315300306199613, 0.5050106098621644, 0.2871160069388403, 0.07079394035119342, 0.013926439785805711]
Games played: 33
Exploitability: P1=2.800000000 P2=0.016051767 EV: (-0.12527070416111086, 0.12527070416111086) P1 Winnings: 64.0
Choosing model 1
[0.0933580155544786, 0.6068458184381478, 0.22886065485633234, 0.06234430216741205, 0.008591208983629512]
Games played: 34
Exploitability: P1=2.800000000 P2=0.016051767 EV: (-0.12527070416111086, 0.12527070416111086) P1 Winnings: 64.0
Choosing model 2
[0.09335780972787851, 0.606846528028211, 0.22886024732396446, 0.062344241338163076, 0.008591173581782978]
Games played: 35
Exploitability: P1=4.600000000 P2=0.016051767 EV: (-0.24656857888909683, 0.24656857888909683) P1 Winnings: 55.0
Choosing model 1
[0.10632050254323881, 0.559944143451064, 0.2561454559652037, 0.06718547862081874, 0.010404419419674826]
Games played: 36
Exploitability: P1=2.800000000 P2=0.016051767 EV: (-0.12527070416111086, 0.12527070416111086) P1 Winnings: 56.0
Choosing model 2
[0.13258267566268764, 0.46950102807960287, 0.3081745206388804, 0.07493043559155042, 0.014811340027278635]
Games played: 37
Exploitability: P1=4.600000000 P2=0.016051767 EV: (-0.24656857888909683, 0.24656857888909683) P1 Winnings: 51.0
Choosing model 1
[0.1500588793615544, 0.4112957626811031, 0.34133459491352147, 0.07920111752637383, 0.01810964551744707]
Games played: 38
Exploitability: P1=2.800000000 P2=0.016051767 EV: (-0.12527070416111086, 0.12527070416111086) P1 Winnings: 48.0
Choosing model 2
[0.14523262228041747, 0.42620168432803807, 0.3331330328415972, 0.07853908400239838, 0.01689357654754905]
Games played: 39
Exploitability: P1=4.600000000 P2=0.016051767 EV: (-0.24656857888909683, 0.24656857888909683) P1 Winnings: 35.0
Choosing model 2
[0.16280163657868807, 0.36846525067736824, 0.36738244898488204, 0.08102065575320425, 0.020330008005857374]
Games played: 40
Exploitability: P1=4.600000000 P2=0.016051767 EV: (-0.24656857888909683, 0.24656857888909683) P1 Winnings: 38.0
Choosing model 2
[0.17993279159322031, 0.31407608993596603, 0.3994625547561176, 0.08240672221530365, 0.024121841499392224]
Games played: 41
Exploitability: P1=4.600000000 P2=0.016051767 EV: (-0.24656857888909683, 0.24656857888909683) P1 Winnings: 41.0
Choosing model 2
[0.16553261821341056, 0.3412319463878845, 0.40708161788047587, 0.06813123304629363, 0.018022584471935568]
Games played: 42
Exploitability: P1=4.600000000 P2=0.016051767 EV: (-0.24656857888909683, 0.24656857888909683) P1 Winnings: 46.0
Choosing model 0
[0.13953591755279693, 0.3974095837518346, 0.40095014399384366, 0.051109347653932775, 0.010995007047591937]
Games played: 43
Exploitability: P1=1.900000000 P2=0.016051767 EV: (-0.08563005609093907, 0.08563005609093907) P1 Winnings: 55.0
Choosing model 1
[0.15565807116882863, 0.34014843442715426, 0.43773328794202293, 0.0532285864584943, 0.013231620003499938]
Games played: 44
Exploitability: P1=2.800000000 P2=0.016051767 EV: (-0.12527070416111086, 0.12527070416111086) P1 Winnings: 56.0
Choosing model 2
[0.17124038737319563, 0.28710948595447494, 0.47127857847762605, 0.05466866309902441, 0.015702885095678687]
Games played: 45
Exploitability: P1=4.600000000 P2=0.016051767 EV: (-0.24656857888909683, 0.24656857888909683) P1 Winnings: 57.0
Choosing model 0
[0.14798296061112162, 0.3449884840103627, 0.45065384461538105, 0.04559505607718451, 0.010779654685950171]
Games played: 46
Exploitability: P1=1.900000000 P2=0.016051767 EV: (-0.08563005609093907, 0.08563005609093907) P1 Winnings: 62.0
Choosing model 2
[0.18389509572155463, 0.2233328052028287, 0.5289169900449302, 0.04736294787416649, 0.016492161156520004]
Games played: 47
Exploitability: P1=4.600000000 P2=0.016051767 EV: (-0.24656857888909683, 0.24656857888909683) P1 Winnings: 59.0
Choosing model 1
[0.20593792708892855, 0.2303635046939591, 0.47061858564813075, 0.0708023762925235, 0.022277606276458004]
Games played: 48
Exploitability: P1=2.800000000 P2=0.016051767 EV: (-0.12527070416111086, 0.12527070416111086) P1 Winnings: 46.0
Choosing model 0
[0.19050153372073625, 0.25166183453694624, 0.4822401483078638, 0.0588600078748103, 0.01673647555964338]
Games played: 49
Exploitability: P1=1.900000000 P2=0.016051767 EV: (-0.08563005609093907, 0.08563005609093907) P1 Winnings: 51.0
Choosing model 2
[0.19050147874343842, 0.2516619858886706, 0.4822400631480047, 0.058860009958934055, 0.016736462260952146]
Games played: 50
Exploitability: P1=4.600000000 P2=0.016051767 EV: (-0.24656857888909683, 0.24656857888909683) P1 Winnings: 50.0
Choosing model 1
[0.16335752279996513, 0.29815674032352396, 0.4831817573401588, 0.04491721074168989, 0.010386768794662306]
Games played: 51
Exploitability: P1=2.800000000 P2=0.016051767 EV: (-0.12527070416111086, 0.12527070416111086) P1 Winnings: 59.0
Choosing model 2
[0.1375812017037786, 0.34693715733583086, 0.4754851327099025, 0.03366544812416573, 0.006331060126322345]
Games played: 52
Exploitability: P1=4.600000000 P2=0.016051767 EV: (-0.24656857888909683, 0.24656857888909683) P1 Winnings: 68.0
Choosing model 2
[0.14880823358366801, 0.30403119552685826, 0.5054226860817947, 0.034456008600571256, 0.007281876207107508]
Games played: 53
Exploitability: P1=4.600000000 P2=0.016051767 EV: (-0.24656857888909683, 0.24656857888909683) P1 Winnings: 69.0
Choosing model 0
[0.19123291008961998, 0.2060933319774208, 0.548085244344626, 0.04192989798449954, 0.012658615603833702]
Games played: 54
Exploitability: P1=1.900000000 P2=0.016051767 EV: (-0.08563005609093907, 0.08563005609093907) P1 Winnings: 64.0
Choosing model 1
[0.2012999646909902, 0.1757699093266881, 0.566994728657933, 0.04176551109136404, 0.014169886233024896]
Games played: 55
Exploitability: P1=2.800000000 P2=0.016051767 EV: (-0.12527070416111086, 0.12527070416111086) P1 Winnings: 63.0
Choosing model 2
[0.21204250086362875, 0.14538679200912957, 0.5852689707486285, 0.04125878644103303, 0.01604294993758001]
Games played: 56
Exploitability: P1=4.600000000 P2=0.016051767 EV: (-0.24656857888909683, 0.24656857888909683) P1 Winnings: 66.0
Choosing model 2
[0.21976042643116384, 0.12125444949849476, 0.6021575723105417, 0.0393550695696805, 0.0174724821901194]
Games played: 57
Exploitability: P1=4.600000000 P2=0.016051767 EV: (-0.24656857888909683, 0.24656857888909683) P1 Winnings: 67.0
Choosing model 2
[0.2275888641996922, 0.10174163835243032, 0.6128603401443414, 0.03856693568158369, 0.019242221621952358]
Games played: 58
Exploitability: P1=4.600000000 P2=0.016051767 EV: (-0.24656857888909683, 0.24656857888909683) P1 Winnings: 66.0
Choosing model 1
[0.2413184525855666, 0.09558488111928527, 0.5978401895918618, 0.043044655073857685, 0.02221182162942854]
Games played: 59
Exploitability: P1=2.800000000 P2=0.016051767 EV: (-0.12527070416111086, 0.12527070416111086) P1 Winnings: 57.0
Choosing model 1
[0.19749347787865498, 0.10396655269666359, 0.661945882466489, 0.02472035899616693, 0.01187372796202549]
Games played: 60
Exploitability: P1=2.800000000 P2=0.016051767 EV: (-0.12527070416111086, 0.12527070416111086) P1 Winnings: 62.0
Choosing model 2
[0.23870403672007273, 0.09893522170123924, 0.6026574822149866, 0.04027758100631346, 0.019425678357387944]
Games played: 61
Exploitability: P1=4.600000000 P2=0.016051767 EV: (-0.24656857888909683, 0.24656857888909683) P1 Winnings: 53.0
Choosing model 2
[0.24611090719214834, 0.08264593507112755, 0.6106488971643494, 0.03929589476126771, 0.021298365811106963]
Games played: 62
Exploitability: P1=4.600000000 P2=0.016051767 EV: (-0.24656857888909683, 0.24656857888909683) P1 Winnings: 54.0
Choosing model 0
[0.2564469312451324, 0.1425477619400772, 0.5069330308709521, 0.0705666646312058, 0.023505611312632544]
Games played: 63
Exploitability: P1=1.900000000 P2=0.016051767 EV: (-0.08563005609093907, 0.08563005609093907) P1 Winnings: 45.0
Choosing model 1
[0.2660099424994025, 0.1189890302012991, 0.5220102537380957, 0.06736861467265153, 0.025622158888551134]
Games played: 64
Exploitability: P1=2.800000000 P2=0.016051767 EV: (-0.12527070416111086, 0.12527070416111086) P1 Winnings: 46.0
Choosing model 2
[0.2624594342336311, 0.12569838631947433, 0.5193716885291021, 0.0681042123590458, 0.02436627855874677]
Games played: 65
Exploitability: P1=4.600000000 P2=0.016051767 EV: (-0.24656857888909683, 0.24656857888909683) P1 Winnings: 39.0
Choosing model 2
[0.2991225787082885, 0.11278906384710485, 0.44586803912574535, 0.10463153175758691, 0.03758878656127438]
Games played: 66
Exploitability: P1=4.600000000 P2=0.016051767 EV: (-0.24656857888909683, 0.24656857888909683) P1 Winnings: 30.0
Choosing model 0
[0.27286196545933894, 0.1421500521878892, 0.47523301370023585, 0.08493917740977987, 0.024815791242756197]
Games played: 67
Exploitability: P1=1.900000000 P2=0.016051767 EV: (-0.08563005609093907, 0.08563005609093907) P1 Winnings: 39.0
Choosing model 1
[0.2859931191578592, 0.11531934790306343, 0.48744747801230015, 0.08314166491023524, 0.028098390016541974]
Games played: 68
Exploitability: P1=2.800000000 P2=0.016051767 EV: (-0.12527070416111086, 0.12527070416111086) P1 Winnings: 39.0
Choosing model 1
[0.29574471086845355, 0.09661912569035064, 0.49538069288352266, 0.08135664838329876, 0.030898822174374528]
Games played: 69
Exploitability: P1=2.800000000 P2=0.016051767 EV: (-0.12527070416111086, 0.12527070416111086) P1 Winnings: 38.0
Choosing model 0
[0.30739633093409197, 0.07582530792982074, 0.5034679460339855, 0.07866906487382345, 0.034641350228278425]
Games played: 70
Exploitability: P1=1.900000000 P2=0.016051767 EV: (-0.08563005609093907, 0.08563005609093907) P1 Winnings: 41.0
Choosing model 2
[0.3170098605367682, 0.06052444942208811, 0.5081062781999901, 0.07576631484689507, 0.03859309699425858]
Games played: 71
Exploitability: P1=4.600000000 P2=0.016051767 EV: (-0.24656857888909683, 0.24656857888909683) P1 Winnings: 41.0
Choosing model 0
[0.31383267893300665, 0.06392597833070912, 0.5098995478564357, 0.07574378429620733, 0.03659801058364128]
Games played: 72
Exploitability: P1=1.900000000 P2=0.016051767 EV: (-0.08563005609093907, 0.08563005609093907) P1 Winnings: 46.0
Choosing model 0
[0.326802719265657, 0.04567383205862758, 0.5133901251281586, 0.07100031347000058, 0.04313301007755597]
Games played: 73
Exploitability: P1=1.900000000 P2=0.016051767 EV: (-0.08563005609093907, 0.08563005609093907) P1 Winnings: 49.0
Choosing model 0
[0.3201127435483095, 0.04619105319227267, 0.5324749599146451, 0.0628843306194274, 0.038336912725345215]
Games played: 74
Exploitability: P1=1.900000000 P2=0.016051767 EV: (-0.08563005609093907, 0.08563005609093907) P1 Winnings: 50.0
Choosing model 3
[0.3253023889180424, 0.03777359439504925, 0.5371697643552579, 0.058814498022404696, 0.040939754309245825]
Games played: 75
Exploitability: P1=1.933333333 P2=0.016051767 EV: (0.009733006226194767, -0.009733006226194767) P1 Winnings: 51.0
Choosing model 0
[0.33176664615496454, 0.03025066935312252, 0.5368516458257344, 0.05625346714174076, 0.044877571524437804]
Games played: 76
Exploitability: P1=1.900000000 P2=0.016051767 EV: (-0.08563005609093907, 0.08563005609093907) P1 Winnings: 48.0
Choosing model 2
[0.3167200075013816, 0.045884598560475116, 0.540295110401869, 0.06277345915281271, 0.034326824383461615]
Games played: 77
Exploitability: P1=4.600000000 P2=0.016051767 EV: (-0.24656857888909683, 0.24656857888909683) P1 Winnings: 43.0
Choosing model 2
[0.30057902702799644, 0.05142705479341303, 0.5679974197517871, 0.053538916636840704, 0.02645758178996292]
Games played: 78
Exploitability: P1=4.600000000 P2=0.016051767 EV: (-0.24656857888909683, 0.24656857888909683) P1 Winnings: 48.0
Choosing model 2
[0.30580652935052155, 0.04210424573752189, 0.5736705076719318, 0.05013203357213952, 0.028286683667885396]
Games played: 79
Exploitability: P1=4.600000000 P2=0.016051767 EV: (-0.24656857888909683, 0.24656857888909683) P1 Winnings: 49.0
Choosing model 0
[0.3116588893828024, 0.03476627649695177, 0.5745728950475915, 0.04834605217764496, 0.030655886895009234]
Games played: 80
Exploitability: P1=1.900000000 P2=0.016051767 EV: (-0.08563005609093907, 0.08563005609093907) P1 Winnings: 48.0
Choosing model 0
[0.3055973098476614, 0.040931931978265654, 0.5755446760138614, 0.05047366285505461, 0.02745241930515671]
Games played: 81
Exploitability: P1=1.900000000 P2=0.016051767 EV: (-0.08563005609093907, 0.08563005609093907) P1 Winnings: 48.0
Choosing model 2
[0.3031781763575471, 0.04347795416441682, 0.575787672172331, 0.05130565939539059, 0.026250537910314564]
Games played: 82
Exploitability: P1=4.600000000 P2=0.016051767 EV: (-0.24656857888909683, 0.24656857888909683) P1 Winnings: 39.0
Choosing model 2
[0.3191022111287825, 0.07574836056279508, 0.4828215069110773, 0.0930642570012837, 0.02926366439606138]
Games played: 83
Exploitability: P1=4.600000000 P2=0.016051767 EV: (-0.24656857888909683, 0.24656857888909683) P1 Winnings: 30.0
Choosing model 0
[0.3275673766035405, 0.06300043314500613, 0.48708792403125833, 0.09039958731310013, 0.03194467890709503]
Games played: 84
Exploitability: P1=1.900000000 P2=0.016051767 EV: (-0.08563005609093907, 0.08563005609093907) P1 Winnings: 31.0
Choosing model 2
[0.32143088980771206, 0.06382687993923096, 0.5060911083759523, 0.08020811132265088, 0.02844301055445375]
Games played: 85
Exploitability: P1=4.600000000 P2=0.016051767 EV: (-0.24656857888909683, 0.24656857888909683) P1 Winnings: 32.0
Choosing model 2
[0.2593061545166638, 0.08839541284710616, 0.5923095468961233, 0.047025622321462804, 0.012963263418643895]
Games played: 86
Exploitability: P1=4.600000000 P2=0.016051767 EV: (-0.24656857888909683, 0.24656857888909683) P1 Winnings: 37.0
Choosing model 0
[0.2557417789901298, 0.09301215968665394, 0.5921643563033172, 0.04683481951036587, 0.01224688550953326]
Games played: 87
Exploitability: P1=1.900000000 P2=0.016051767 EV: (-0.08563005609093907, 0.08563005609093907) P1 Winnings: 42.0
Choosing model 0
[0.25574173856219257, 0.09301222776416757, 0.5921643290158664, 0.04683482728117673, 0.012246877376596719]
Games played: 88
Exploitability: P1=1.900000000 P2=0.016051767 EV: (-0.08563005609093907, 0.08563005609093907) P1 Winnings: 41.0
Choosing model 0
[0.2557416981342454, 0.09301229584172507, 0.5921643017283789, 0.04683483505198588, 0.012246869243664794]
Games played: 89
Exploitability: P1=1.900000000 P2=0.016051767 EV: (-0.08563005609093907, 0.08563005609093907) P1 Winnings: 40.0
Choosing model 3
[0.24775244863604043, 0.09303147081125647, 0.6074254864605534, 0.041025159682978624, 0.010765434409171047]
Games played: 90
Exploitability: P1=1.933333333 P2=0.016051767 EV: (0.009733006226194767, -0.009733006226194767) P1 Winnings: 41.0
Choosing model 2
[0.27392644942454347, 0.12642697060719466, 0.5120069954909234, 0.07323912422891263, 0.014400460248425727]
Games played: 91
Exploitability: P1=4.600000000 P2=0.016051767 EV: (-0.24656857888909683, 0.24656857888909683) P1 Winnings: 36.0
Choosing model 0
[0.27392625601101867, 0.12642730790643225, 0.5120068510657378, 0.07323916252761956, 0.01440042248919153]
Games played: 92
Exploitability: P1=1.900000000 P2=0.016051767 EV: (-0.08563005609093907, 0.08563005609093907) P1 Winnings: 27.0
Choosing model 2
[0.2739262049762868, 0.1264273968724876, 0.5120068130194905, 0.07323917261208879, 0.014400412519646303]
Games played: 93
Exploitability: P1=4.600000000 P2=0.016051767 EV: (-0.24656857888909683, 0.24656857888909683) P1 Winnings: 26.0
Choosing model 2
[0.284108900406283, 0.10624094450792264, 0.5218875359208575, 0.07187988809728829, 0.015882731067648596]
Games played: 94
Exploitability: P1=4.600000000 P2=0.016051767 EV: (-0.24656857888909683, 0.24656857888909683) P1 Winnings: 27.0
Choosing model 1
[0.28410871924446895, 0.10624123522210473, 0.5218874244209165, 0.07187993060389677, 0.015882690508613007]
Games played: 95
Exploitability: P1=2.800000000 P2=0.016051767 EV: (-0.12527070416111086, 0.12527070416111086) P1 Winnings: 18.0
Choosing model 2
[0.23830607314334437, 0.11843658404854635, 0.5922465398733252, 0.04230887840114273, 0.0087019245336414]
Games played: 96
Exploitability: P1=4.600000000 P2=0.016051767 EV: (-0.24656857888909683, 0.24656857888909683) P1 Winnings: 23.0
Choosing model 2
[0.23499859803372222, 0.1250473464530692, 0.5889353249821466, 0.04274779476313955, 0.008270935767922483]
Games played: 97
Exploitability: P1=4.600000000 P2=0.016051767 EV: (-0.24656857888909683, 0.24656857888909683) P1 Winnings: 10.0
Choosing model 0
[0.27781255437401997, 0.11638884498529406, 0.5244393411334708, 0.0681242780305574, 0.013234981476657822]
Games played: 98
Exploitability: P1=1.900000000 P2=0.016051767 EV: (-0.08563005609093907, 0.08563005609093907) P1 Winnings: 1.0
Choosing model 2
[0.2572516220023894, 0.1559297948537316, 0.5053298432095087, 0.07106271726580808, 0.010426022668562575]
Games played: 99
Exploitability: P1=4.600000000 P2=0.016051767 EV: (-0.24656857888909683, 0.24656857888909683) P1 Winnings: 0.0
Choosing model 0
[0.23723043947254394, 0.19874498136085997, 0.4828580513470621, 0.07285728195912947, 0.008309245860404438]
Games played: 100
Exploitability: P1=1.900000000 P2=0.016051767 EV: (-0.08563005609093907, 0.08563005609093907) P1 Winnings: -9.0
Choosing model 2
[0.22501384393472915, 0.22634403411416734, 0.4678667701291419, 0.0735775950758739, 0.007197756746087818]
Games played: 101
Exploitability: P1=4.600000000 P2=0.016051767 EV: (-0.24656857888909683, 0.24656857888909683) P1 Winnings: -9.0
Choosing model 4
[0.21906286383962867, 0.22751062636311337, 0.4822987092113596, 0.06476941655485678, 0.006358384031041583]
Games played: 102
Exploitability: P1=2.600000000 P2=0.016051767 EV: (-0.073098359595115, 0.073098359595115) P1 Winnings: -8.0
Choosing model 1
[0.2190628037571823, 0.22751076644850782, 0.482298630948678, 0.06476941977585447, 0.0063583790697774815]
Games played: 103
Exploitability: P1=2.800000000 P2=0.016051767 EV: (-0.12527070416111086, 0.12527070416111086) P1 Winnings: -9.0
Choosing model 2
[0.19872071937409394, 0.2782645116310828, 0.4529655551597217, 0.06507204807367327, 0.004977165761428245]
Games played: 104
Exploitability: P1=4.600000000 P2=0.016051767 EV: (-0.24656857888909683, 0.24656857888909683) P1 Winnings: -2.0
Choosing model 0
[0.19366396080308593, 0.2145679547184561, 0.5477969763609118, 0.040034281745615484, 0.00393682637193064]
Games played: 105
Exploitability: P1=1.900000000 P2=0.016051767 EV: (-0.08563005609093907, 0.08563005609093907) P1 Winnings: -1.0
Choosing model 2
[0.18711444909568464, 0.2140407622575202, 0.5604185768242297, 0.034974815403887055, 0.003451396418678501]
Games played: 106
Exploitability: P1=4.600000000 P2=0.016051767 EV: (-0.24656857888909683, 0.24656857888909683) P1 Winnings: 0.0
Choosing model 2
[0.19736585950378355, 0.1829197997079947, 0.5809343737242265, 0.03490865094691196, 0.0038713161170831696]
Games played: 107
Exploitability: P1=4.600000000 P2=0.016051767 EV: (-0.24656857888909683, 0.24656857888909683) P1 Winnings: -1.0
Choosing model 2
[0.19042989910792527, 0.18222037505314956, 0.5935052404749688, 0.030455171328908806, 0.00338931403504756]
Games played: 108
Exploitability: P1=4.600000000 P2=0.016051767 EV: (-0.24656857888909683, 0.24656857888909683) P1 Winnings: 0.0
Choosing model 2
[0.2011895697782067, 0.14847524420487593, 0.6168804421607517, 0.029610565821345254, 0.003844178034820512]
Games played: 109
Exploitability: P1=4.600000000 P2=0.016051767 EV: (-0.24656857888909683, 0.24656857888909683) P1 Winnings: 3.0
Choosing model 2
[0.21164056420948246, 0.11983729712235376, 0.6350793894005684, 0.02908031579099407, 0.0043624334766012235]
Games played: 110
Exploitability: P1=4.600000000 P2=0.016051767 EV: (-0.24656857888909683, 0.24656857888909683) P1 Winnings: 4.0
Choosing model 0
[0.19669560052333374, 0.15670704597002758, 0.6128846026907092, 0.03023858100117985, 0.0034741698147496614]
Games played: 111
Exploitability: P1=1.900000000 P2=0.016051767 EV: (-0.08563005609093907, 0.08563005609093907) P1 Winnings: 9.0
Choosing model 2
[0.20732785016171856, 0.12673484276306815, 0.6322302587820102, 0.02975660423084596, 0.00395044406235694]
Games played: 112
Exploitability: P1=4.600000000 P2=0.016051767 EV: (-0.24656857888909683, 0.24656857888909683) P1 Winnings: 10.0
Choosing model 2
[0.2151367287837529, 0.1065497585702783, 0.6447361778992637, 0.029218183682388786, 0.004359151064316219]
Games played: 113
Exploitability: P1=4.600000000 P2=0.016051767 EV: (-0.24656857888909683, 0.24656857888909683) P1 Winnings: 9.0
Choosing model 2
[0.19829025646698784, 0.11597939131144763, 0.6582653639741353, 0.024201950655047808, 0.003263037592381552]
Games played: 114
Exploitability: P1=4.600000000 P2=0.016051767 EV: (-0.24656857888909683, 0.24656857888909683) P1 Winnings: 14.0
Choosing model 1
[0.190685210520225, 0.1151514930042235, 0.6702719067691247, 0.021044125420649994, 0.0028472642857767664]
Games played: 115
Exploitability: P1=2.800000000 P2=0.016051767 EV: (-0.12527070416111086, 0.12527070416111086) P1 Winnings: 15.0
Choosing model 0
[0.15412263775225493, 0.12331565165217746, 0.7085831100343299, 0.012434615817760735, 0.0015439847434769948]
Games played: 116
Exploitability: P1=1.900000000 P2=0.016051767 EV: (-0.08563005609093907, 0.08563005609093907) P1 Winnings: 18.0
Choosing model 2
[0.16508982353624946, 0.08881660222121038, 0.7322931655964638, 0.01191240157113235, 0.0018880070749439223]
Games played: 117
Exploitability: P1=4.600000000 P2=0.016051767 EV: (-0.24656857888909683, 0.24656857888909683) P1 Winnings: 18.0
Choosing model 2
[0.14365966997588817, 0.14612725714216826, 0.6967386471940501, 0.012285024962734276, 0.0011894007251592477]
Games played: 118
Exploitability: P1=4.600000000 P2=0.016051767 EV: (-0.24656857888909683, 0.24656857888909683) P1 Winnings: 27.0
Choosing model 2
[0.1436595548652122, 0.14612763308988824, 0.6967383843342472, 0.012285030217428283, 0.0011893974932242458]
Games played: 119
Exploitability: P1=4.600000000 P2=0.016051767 EV: (-0.24656857888909683, 0.24656857888909683) P1 Winnings: 18.0
Choosing model 0
[0.1588068489239058, 0.15746533124849205, 0.6659303603084659, 0.016364590571095357, 0.0014328689480409443]
Games played: 120
Exploitability: P1=1.900000000 P2=0.016051767 EV: (-0.08563005609093907, 0.08563005609093907) P1 Winnings: 18.0
Choosing model 0
[0.167487754814284, 0.12742166970552962, 0.6873472762329769, 0.016113056865767673, 0.0016302423814419545]
Games played: 121
Exploitability: P1=1.900000000 P2=0.016051767 EV: (-0.08563005609093907, 0.08563005609093907) P1 Winnings: 19.0
Choosing model 2
[0.16499303167006538, 0.13439536348269665, 0.6828002573417215, 0.01626344397835938, 0.0015479035271572417]
Games played: 122
Exploitability: P1=4.600000000 P2=0.016051767 EV: (-0.24656857888909683, 0.24656857888909683) P1 Winnings: 18.0
Choosing model 0
[0.15240208183149087, 0.17466680107574994, 0.6548984006865538, 0.01680754831733148, 0.0012251680888739993]
Games played: 123
Exploitability: P1=1.900000000 P2=0.016051767 EV: (-0.08563005609093907, 0.08563005609093907) P1 Winnings: 18.0
Choosing model 0
[0.1613820062137993, 0.14191198838666796, 0.6786904041151449, 0.016616040507174582, 0.0013995607772132096]
Games played: 124
Exploitability: P1=1.900000000 P2=0.016051767 EV: (-0.08563005609093907, 0.08563005609093907) P1 Winnings: 19.0
Choosing model 2
[0.16448894212542026, 0.12869980262164113, 0.6887533020885319, 0.016629240554553046, 0.00142871260985362]
Games played: 125
Exploitability: P1=4.600000000 P2=0.016051767 EV: (-0.24656857888909683, 0.24656857888909683) P1 Winnings: 14.0
Choosing model 2
[0.19256624406874195, 0.1387766180140379, 0.6406524819952416, 0.02598715800705659, 0.002017497914921943]
Games played: 126
Exploitability: P1=4.600000000 P2=0.016051767 EV: (-0.24656857888909683, 0.24656857888909683) P1 Winnings: 27.0
Choosing model 2
[0.18911983096187476, 0.1454100265172437, 0.6377993863849375, 0.025772772514811103, 0.0018979836211327904]
Games played: 127
Exploitability: P1=4.600000000 P2=0.016051767 EV: (-0.24656857888909683, 0.24656857888909683) P1 Winnings: 32.0
Choosing model 0
[0.1856607779001578, 0.15229953986292052, 0.6347049196952713, 0.025549927805434282, 0.001784834736216131]
Games played: 128
Exploitability: P1=1.900000000 P2=0.016051767 EV: (-0.08563005609093907, 0.08563005609093907) P1 Winnings: 37.0
Choosing model 3
[0.1856607381670843, 0.15229964281628716, 0.6347048549497991, 0.025549930615711907, 0.0017848334511174613]
Games played: 129
Exploitability: P1=1.933333333 P2=0.016051767 EV: (0.009733006226194767, -0.009733006226194767) P1 Winnings: 36.0
Choosing model 0
[0.20907464143765875, 0.08934487794737735, 0.6750549247934887, 0.02405102270575969, 0.0024745331157154395]
Games played: 130
Exploitability: P1=1.900000000 P2=0.016051767 EV: (-0.08563005609093907, 0.08563005609093907) P1 Winnings: 36.0
Choosing model 2
[0.20101519280189883, 0.08868910943428719, 0.6872282577841791, 0.020908647683057703, 0.002158792296577205]
Games played: 131
Exploitability: P1=4.600000000 P2=0.016051767 EV: (-0.24656857888909683, 0.24656857888909683) P1 Winnings: 37.0
Choosing model 2
[0.21118195247576385, 0.09983148690501074, 0.6611724545971539, 0.025522210435672855, 0.0022918955863985933]
Games played: 132
Exploitability: P1=4.600000000 P2=0.016051767 EV: (-0.24656857888909683, 0.24656857888909683) P1 Winnings: 37.0
Choosing model 0
[0.2253161755064938, 0.09437436965500208, 0.6489845946455122, 0.028662787932623068, 0.0026620722603688473]
Games played: 133
Exploitability: P1=1.900000000 P2=0.016051767 EV: (-0.08563005609093907, 0.08563005609093907) P1 Winnings: 46.0
Choosing model 2
[0.20793529748091535, 0.1028564314021815, 0.6634411194935945, 0.023771939702298635, 0.001995211921009941]
Games played: 134
Exploitability: P1=4.600000000 P2=0.016051767 EV: (-0.24656857888909683, 0.24656857888909683) P1 Winnings: 51.0
Choosing model 2
[0.2525321225445181, 0.09834904455458449, 0.60692057193639, 0.03891836902646924, 0.003279891938038213]
Games played: 135
Exploitability: P1=4.600000000 P2=0.016051767 EV: (-0.24656857888909683, 0.24656857888909683) P1 Winnings: 51.0
Choosing model 2
[0.24402128616032828, 0.09811927711608762, 0.6209795779270881, 0.034004045512559256, 0.0028758132839367553]
Games played: 136
Exploitability: P1=4.600000000 P2=0.016051767 EV: (-0.24656857888909683, 0.24656857888909683) P1 Winnings: 52.0
Choosing model 2
[0.31258774799037303, 0.06634503000083991, 0.5600050152880119, 0.05502383653821242, 0.00603837018256274]
Games played: 137
Exploitability: P1=4.600000000 P2=0.016051767 EV: (-0.24656857888909683, 0.24656857888909683) P1 Winnings: 55.0
Choosing model 2
[0.31052545196435244, 0.07542985755272069, 0.548808578449337, 0.05958794792064757, 0.005648164112942501]
Games played: 138
Exploitability: P1=4.600000000 P2=0.016051767 EV: (-0.24656857888909683, 0.24656857888909683) P1 Winnings: 55.0
Choosing model 0
[0.30744976845125477, 0.07733500349062404, 0.5492629191848372, 0.06066916165197127, 0.005283147221312634]
Games played: 139
Exploitability: P1=1.900000000 P2=0.016051767 EV: (-0.08563005609093907, 0.08563005609093907) P1 Winnings: 60.0
Choosing model 2
[0.3180504851278105, 0.061382208449224755, 0.5560780354943268, 0.05859342018147245, 0.005895850747165689]
Games played: 140
Exploitability: P1=4.600000000 P2=0.016051767 EV: (-0.24656857888909683, 0.24656857888909683) P1 Winnings: 61.0
Choosing model 2
[0.2989283521433433, 0.06813262110570752, 0.5789471725340187, 0.04949145676107274, 0.0045003974558574305]
Games played: 141
Exploitability: P1=4.600000000 P2=0.016051767 EV: (-0.24656857888909683, 0.24656857888909683) P1 Winnings: 66.0
Choosing model 0
[0.27967589267072346, 0.07528085850381272, 0.6000107237824869, 0.041612949996300524, 0.003419575046676575]
Games played: 142
Exploitability: P1=1.900000000 P2=0.016051767 EV: (-0.08563005609093907, 0.08563005609093907) P1 Winnings: 71.0
Choosing model 2
[0.276560867810456, 0.07970374111347032, 0.5983146277053614, 0.04216151835765839, 0.003259245013053816]
Games played: 143
Exploitability: P1=4.600000000 P2=0.016051767 EV: (-0.24656857888909683, 0.24656857888909683) P1 Winnings: 62.0
Choosing model 1
[0.284380564187116, 0.06640295588488286, 0.6046285486534313, 0.041024033171687756, 0.0035638981028820052]
Games played: 144
Exploitability: P1=2.800000000 P2=0.016051767 EV: (-0.12527070416111086, 0.12527070416111086) P1 Winnings: 61.0
Choosing model 0
[0.2582781103122361, 0.10829585296459113, 0.5857832691905399, 0.04516292527697738, 0.002479842255655466]
Games played: 145
Exploitability: P1=1.900000000 P2=0.016051767 EV: (-0.08563005609093907, 0.08563005609093907) P1 Winnings: 68.0
Choosing model 0
[0.31512776192942793, 0.09094791509853103, 0.5146113011031732, 0.07473727559954324, 0.004575746269324611]
Games played: 146
Exploitability: P1=1.900000000 P2=0.016051767 EV: (-0.08563005609093907, 0.08563005609093907) P1 Winnings: 65.0
Choosing model 0
[0.3248256475574672, 0.07595492142712379, 0.521306108164125, 0.07289770235229806, 0.005015620498985799]
Games played: 147
Exploitability: P1=1.900000000 P2=0.016051767 EV: (-0.08563005609093907, 0.08563005609093907) P1 Winnings: 64.0
Choosing model 0
[0.3061654276192283, 0.10209006409007113, 0.5106191969272288, 0.07708382318436427, 0.004041488179107334]
Games played: 148
Exploitability: P1=1.900000000 P2=0.016051767 EV: (-0.08563005609093907, 0.08563005609093907) P1 Winnings: 64.0
Choosing model 0
[0.2783259417288202, 0.14745862724820427, 0.4893602044763033, 0.081911480402529, 0.002943746144143291]
Games played: 149
Exploitability: P1=1.900000000 P2=0.016051767 EV: (-0.08563005609093907, 0.08563005609093907) P1 Winnings: 59.0
Choosing model 2
[0.2783258829751358, 0.1474587273585925, 0.4893601559824271, 0.08191148965065452, 0.0029437440331899823]
Games played: 150
Exploitability: P1=4.600000000 P2=0.016051767 EV: (-0.24656857888909683, 0.24656857888909683) P1 Winnings: 58.0
Choosing model 0
[0.2783256603013638, 0.1474591069126979, 0.48935997196086073, 0.08191152478725436, 0.0029437360378231467]
Games played: 151
Exploitability: P1=1.900000000 P2=0.016051767 EV: (-0.08563005609093907, 0.08563005609093907) P1 Winnings: 49.0
Choosing model 0
[0.27382316378407673, 0.15532699762102825, 0.485489998889839, 0.08256842100377153, 0.0027914187012844094]
Games played: 152
Exploitability: P1=1.900000000 P2=0.016051767 EV: (-0.08563005609093907, 0.08563005609093907) P1 Winnings: 54.0
Choosing model 2
[0.2602447586218335, 0.1808769467127522, 0.47238033420340664, 0.08409587176749674, 0.0024020886945108227]
Games played: 153
Exploitability: P1=4.600000000 P2=0.016051767 EV: (-0.24656857888909683, 0.24656857888909683) P1 Winnings: 49.0
Choosing model 1
[0.2602445219751878, 0.18087739251864207, 0.4723801049469564, 0.08409589865139588, 0.0024020819078177575]
Games played: 154
Exploitability: P1=2.800000000 P2=0.016051767 EV: (-0.12527070416111086, 0.12527070416111086) P1 Winnings: 40.0
Choosing model 2
[0.2836989840393167, 0.1816165573612973, 0.4091505592041833, 0.12237534208987073, 0.003158557305331783]
Games played: 155
Exploitability: P1=4.600000000 P2=0.016051767 EV: (-0.24656857888909683, 0.24656857888909683) P1 Winnings: 27.0
Choosing model 0
[0.3010711008216346, 0.14864609909559245, 0.4271698161523894, 0.11951448474384586, 0.003598499186537668]
Games played: 156
Exploitability: P1=1.900000000 P2=0.016051767 EV: (-0.08563005609093907, 0.08563005609093907) P1 Winnings: 30.0
Choosing model 2
[0.31509290021106146, 0.12423180986327942, 0.4387781682405778, 0.11787262312117291, 0.0040244985639084924]
Games played: 157
Exploitability: P1=4.600000000 P2=0.016051767 EV: (-0.24656857888909683, 0.24656857888909683) P1 Winnings: 30.0
Choosing model 2
[0.3380910603304889, 0.08962929171652631, 0.4542347914339354, 0.11311523485829611, 0.00492962166075324]
Games played: 158
Exploitability: P1=4.600000000 P2=0.016051767 EV: (-0.24656857888909683, 0.24656857888909683) P1 Winnings: 25.0
Choosing model 2
[0.32245102640633566, 0.1414986514604479, 0.34514599574608634, 0.18592463660310862, 0.004979689784021275]
Games played: 159
Exploitability: P1=4.600000000 P2=0.016051767 EV: (-0.24656857888909683, 0.24656857888909683) P1 Winnings: 16.0
Choosing model 2
[0.2973269760837012, 0.18141550313716537, 0.3521545143225593, 0.1654555280882953, 0.0036474783682787625]
Games played: 160
Exploitability: P1=4.600000000 P2=0.016051767 EV: (-0.24656857888909683, 0.24656857888909683) P1 Winnings: 21.0
Choosing model 0
[0.2942594398343582, 0.18537177116061246, 0.36903174480321327, 0.14806153455962262, 0.0032755096421935017]
Games played: 161
Exploitability: P1=1.900000000 P2=0.016051767 EV: (-0.08563005609093907, 0.08563005609093907) P1 Winnings: 22.0
Choosing model 0
[0.31908198473706256, 0.1582580324837625, 0.30142319553905306, 0.2164291370934616, 0.004807650146660329]
Games played: 162
Exploitability: P1=1.900000000 P2=0.016051767 EV: (-0.08563005609093907, 0.08563005609093907) P1 Winnings: 31.0
Choosing model 1
[0.3131731103110734, 0.1663054016119746, 0.29832782358092197, 0.2176456250741443, 0.004548039421885828]
Games played: 163
Exploitability: P1=2.800000000 P2=0.016051767 EV: (-0.12527070416111086, 0.12527070416111086) P1 Winnings: 36.0
Choosing model 0
[0.28840503675408224, 0.20291957169858593, 0.35933745814721313, 0.14652791996067904, 0.002810013439439652]
Games played: 164
Exploitability: P1=1.900000000 P2=0.016051767 EV: (-0.08563005609093907, 0.08563005609093907) P1 Winnings: 39.0
Choosing model 0
[0.24732886671424287, 0.28805018863647397, 0.2455086656690037, 0.2165599362752445, 0.0025523427050348877]
Games played: 165
Exploitability: P1=1.900000000 P2=0.016051767 EV: (-0.08563005609093907, 0.08563005609093907) P1 Winnings: 52.0
Choosing model 3
[0.2674268913229341, 0.25063665821123143, 0.2635270347854032, 0.2155093150866657, 0.0029001005937656053]
Games played: 166
Exploitability: P1=1.933333333 P2=0.016051767 EV: (0.009733006226194767, -0.009733006226194767) P1 Winnings: 53.0
Choosing model 1
[0.26677259860601704, 0.24372418335008417, 0.22729280311080433, 0.2590576329088475, 0.0031527820242471236]
Games played: 167
Exploitability: P1=2.800000000 P2=0.016051767 EV: (-0.12527070416111086, 0.12527070416111086) P1 Winnings: 62.0
Choosing model 3
[0.26016608072492187, 0.2544875410984512, 0.22352703192927614, 0.25885579408673054, 0.0029635521606202106]
Games played: 168
Exploitability: P1=1.933333333 P2=0.016051767 EV: (0.009733006226194767, -0.009733006226194767) P1 Winnings: 49.0
Choosing model 0
[0.2611211422231282, 0.2637126723389564, 0.23755041326189635, 0.2349168273583716, 0.0026989448176475573]
Games played: 169
Exploitability: P1=1.900000000 P2=0.016051767 EV: (-0.08563005609093907, 0.08563005609093907) P1 Winnings: 50.0
Choosing model 0
[0.26112105447131134, 0.2637128184209097, 0.2375503600368998, 0.23491682452590162, 0.002698942544977508]
Games played: 170
Exploitability: P1=1.900000000 P2=0.016051767 EV: (-0.08563005609093907, 0.08563005609093907) P1 Winnings: 49.0
Choosing model 3
[0.2810402148729409, 0.22665618096145332, 0.2509326521669085, 0.23826681387128848, 0.0031041381274088497]
Games played: 171
Exploitability: P1=1.933333333 P2=0.016051767 EV: (0.009733006226194767, -0.009733006226194767) P1 Winnings: 49.0
Choosing model 1
[0.30164087925132327, 0.1910251292563897, 0.26392234747006504, 0.23983066799827693, 0.003580976023945041]
Games played: 172
Exploitability: P1=2.800000000 P2=0.016051767 EV: (-0.12527070416111086, 0.12527070416111086) P1 Winnings: 46.0
Choosing model 0
[0.3186782948359342, 0.16351300958909798, 0.27402380881242855, 0.23976176861778628, 0.004023118144753044]
Games played: 173
Exploitability: P1=1.900000000 P2=0.016051767 EV: (-0.08563005609093907, 0.08563005609093907) P1 Winnings: 45.0
Choosing model 0
[0.3478250618311341, 0.12245405732435702, 0.2891830347592167, 0.23556810867599437, 0.004969737409297677]
Games played: 174
Exploitability: P1=1.900000000 P2=0.016051767 EV: (-0.08563005609093907, 0.08563005609093907) P1 Winnings: 38.0
Choosing model 2
[0.3196268756997241, 0.15832750984071248, 0.27593715762211835, 0.24219516397822619, 0.003913292859218921]
Games played: 175
Exploitability: P1=4.600000000 P2=0.016051767 EV: (-0.24656857888909683, 0.24656857888909683) P1 Winnings: 43.0
Choosing model 3
[0.31561117973351843, 0.1439993184895613, 0.2164884057060279, 0.31924012718437283, 0.004660968886519563]
Games played: 176
Exploitability: P1=1.933333333 P2=0.016051767 EV: (0.009733006226194767, -0.009733006226194767) P1 Winnings: 30.0
Choosing model 3
[0.2262743512888234, 0.1428122288901185, 0.09310243252678768, 0.5329154687995639, 0.00489551849470647]
Games played: 177
Exploitability: P1=1.933333333 P2=0.016051767 EV: (0.009733006226194767, -0.009733006226194767) P1 Winnings: 43.0
Choosing model 3
[0.2017048424900103, 0.08762588098646243, 0.05975659449236514, 0.6443131042862182, 0.006599577744943963]
Games played: 178
Exploitability: P1=1.933333333 P2=0.016051767 EV: (0.009733006226194767, -0.009733006226194767) P1 Winnings: 50.0
Choosing model 3
[0.20702874424071085, 0.079837329878534, 0.060909313351922255, 0.645334155028671, 0.006890457500161906]
Games played: 179
Exploitability: P1=1.933333333 P2=0.016051767 EV: (0.009733006226194767, -0.009733006226194767) P1 Winnings: 47.0
Choosing model 1
[0.21141361038399414, 0.07254132718547936, 0.0619293306896683, 0.6470684461614483, 0.007047285579409927]
Games played: 180
Exploitability: P1=2.800000000 P2=0.016051767 EV: (-0.12527070416111086, 0.12527070416111086) P1 Winnings: 42.0
Choosing model 3
[0.17662162371083034, 0.04771409697297205, 0.038971612771834085, 0.7287234634593157, 0.007969203085047978]
Games played: 181
Exploitability: P1=1.933333333 P2=0.016051767 EV: (0.009733006226194767, -0.009733006226194767) P1 Winnings: 33.0
Choosing model 3
[0.18924562771111134, 0.05278393972516591, 0.04421450189220882, 0.7060079782847882, 0.007747952386725708]
Games played: 182
Exploitability: P1=1.933333333 P2=0.016051767 EV: (0.009733006226194767, -0.009733006226194767) P1 Winnings: 34.0
Choosing model 3
[0.16848431587920568, 0.026955814621793847, 0.028989874569157525, 0.7652277010511307, 0.010342293878712229]
Games played: 183
Exploitability: P1=1.933333333 P2=0.016051767 EV: (0.009733006226194767, -0.009733006226194767) P1 Winnings: 41.0
Choosing model 1
[0.18149478379472506, 0.029979904283397987, 0.033066283268029004, 0.7453499491873022, 0.010109079466545648]
Games played: 184
Exploitability: P1=2.800000000 P2=0.016051767 EV: (-0.12527070416111086, 0.12527070416111086) P1 Winnings: 42.0
Choosing model 3
[0.11688934495308621, 0.03196047896935992, 0.01696635409384671, 0.8272880798806851, 0.006895742103022005]
Games played: 185
Exploitability: P1=1.933333333 P2=0.016051767 EV: (0.009733006226194767, -0.009733006226194767) P1 Winnings: 33.0
Choosing model 3
[0.12675827996712366, 0.03578391089110303, 0.01948158626228077, 0.8111908691855004, 0.006785353693992127]
Games played: 186
Exploitability: P1=1.933333333 P2=0.016051767 EV: (0.009733006226194767, -0.009733006226194767) P1 Winnings: 34.0
Choosing model 3
[0.12675823978638204, 0.03578393397224281, 0.019481582444144573, 0.8111908959657023, 0.006785347831528282]
Games played: 187
Exploitability: P1=1.933333333 P2=0.016051767 EV: (0.009733006226194767, -0.009733006226194767) P1 Winnings: 31.0
Choosing model 3
[0.11536169150606478, 0.04393115484631119, 0.018365101574961826, 0.8170187205063034, 0.005323331566358814]
Games played: 188
Exploitability: P1=1.933333333 P2=0.016051767 EV: (0.009733006226194767, -0.009733006226194767) P1 Winnings: 38.0
Choosing model 3
[0.10575895355914926, 0.0574739393529191, 0.017766078237892915, 0.8149459517761164, 0.00405507707392235]
Games played: 189
Exploitability: P1=1.933333333 P2=0.016051767 EV: (0.009733006226194767, -0.009733006226194767) P1 Winnings: 45.0
Choosing model 3
[0.09196126932917272, 0.028666575269687713, 0.011376989509283609, 0.8627084833557916, 0.005286682536064331]
Games played: 190
Exploitability: P1=1.933333333 P2=0.016051767 EV: (0.009733006226194767, -0.009733006226194767) P1 Winnings: 45.0
Choosing model 3
[0.07912866004136149, 0.03919167612036461, 0.010320249190824606, 0.8677146155896552, 0.003644799057794123]
Games played: 191
Exploitability: P1=1.933333333 P2=0.016051767 EV: (0.009733006226194767, -0.009733006226194767) P1 Winnings: 40.0
Choosing model 3
[0.07684182805020559, 0.02447494918602408, 0.008048065926766972, 0.8858690207944808, 0.004766136042522625]
Games played: 192
Exploitability: P1=1.933333333 P2=0.016051767 EV: (0.009733006226194767, -0.009733006226194767) P1 Winnings: 43.0
Choosing model 3
[0.08212384908094697, 0.020069562953444732, 0.008417763150524662, 0.8838937967044496, 0.005495028110634064]
Games played: 193
Exploitability: P1=1.933333333 P2=0.016051767 EV: (0.009733006226194767, -0.009733006226194767) P1 Winnings: 43.0
Choosing model 3
[0.0742510439264245, 0.025079900214981826, 0.007886098589733805, 0.8884892356666003, 0.004293721602259515]
Games played: 194
Exploitability: P1=1.933333333 P2=0.016051767 EV: (0.009733006226194767, -0.009733006226194767) P1 Winnings: 48.0
Choosing model 3
[0.056734385115656316, 0.01319032803792473, 0.004338601932681327, 0.9207751719791104, 0.004961512934627156]
Games played: 195
Exploitability: P1=1.933333333 P2=0.016051767 EV: (0.009733006226194767, -0.009733006226194767) P1 Winnings: 55.0
Choosing model 0
[0.049082118919858114, 0.01808855203575097, 0.003946697877076262, 0.9253896306375692, 0.0034930005297453795]
Games played: 196
Exploitability: P1=1.900000000 P2=0.016051767 EV: (-0.08563005609093907, 0.08563005609093907) P1 Winnings: 52.0
Choosing model 3
[0.052497880145427354, 0.014974931360224252, 0.00413105511722896, 0.9243600712453709, 0.004036062131748627]
Games played: 197
Exploitability: P1=1.933333333 P2=0.016051767 EV: (0.009733006226194767, -0.009733006226194767) P1 Winnings: 52.0
Choosing model 3
[0.051140566129990093, 0.015105825341661494, 0.0040678710319702015, 0.925971325735563, 0.003714411760815321]
Games played: 198
Exploitability: P1=1.933333333 P2=0.016051767 EV: (0.009733006226194767, -0.009733006226194767) P1 Winnings: 52.0
Choosing model 3
[0.05662302835544814, 0.011475578558821696, 0.0043548191460528445, 0.9228919735855639, 0.00465460035411339]
Games played: 199
Exploitability: P1=1.933333333 P2=0.016051767 EV: (0.009733006226194767, -0.009733006226194767) P1 Winnings: 52.0
Choosing model 3
[0.05215840629617483, 0.015085115030148826, 0.00423295888021439, 0.9249608654798723, 0.003562654313589672]
Games played: 200
Exploitability: P1=1.933333333 P2=0.016051767 EV: (0.009733006226194767, -0.009733006226194767) P1 Winnings: 59.0
