Player 1 exploitability: 0.125714510394
Choosing model 1
[0.16950816825624432, 0.3134429147579456, 0.18142479315093327, 0.20751234673141616, 0.12811177710346058]
Games played: 1
Exploitability: P1=2.800000000 P2=0.040062496 EV: (0.040062496253803315, -0.040062496253803315) P1 Winnings: -5
Choosing model 1
[0.18141666337165666, 0.27179688187398754, 0.19082404925333765, 0.21015667590267018, 0.14580572959834784]
Games played: 2
Exploitability: P1=2.800000000 P2=0.040062496 EV: (0.040062496253803315, -0.040062496253803315) P1 Winnings: -4.0
Choosing model 0
[0.19236614723813752, 0.23350458382701966, 0.19885407970988192, 0.2108663917708113, 0.16440879745414963]
Games played: 3
Exploitability: P1=1.900000000 P2=0.040062496 EV: (-0.08713902985978822, 0.08713902985978822) P1 Winnings: -3.0
Choosing model 1
[0.19552307475675898, 0.24504051339705094, 0.2140120629563486, 0.19379457357682064, 0.15162977531302088]
Games played: 4
Exploitability: P1=2.800000000 P2=0.040062496 EV: (0.040062496253803315, -0.040062496253803315) P1 Winnings: -2.0
Choosing model 1
[0.1955230265580781, 0.24504068872112894, 0.21401203609542227, 0.19379459363244864, 0.1516296549929221]
Games played: 5
Exploitability: P1=2.800000000 P2=0.040062496 EV: (0.040062496253803315, -0.040062496253803315) P1 Winnings: -9.0
Choosing model 4
[0.15469994350848137, 0.3829968643861816, 0.18236082371693804, 0.1913502131872999, 0.08859215520109927]
Games played: 6
Exploitability: P1=2.600000000 P2=0.040062496 EV: (-0.11978309566570809, 0.11978309566570809) P1 Winnings: -2.0
Choosing model 0
[0.17112699675218523, 0.32791868602076873, 0.19740973359780095, 0.1976766665518043, 0.10586791707744084]
Games played: 7
Exploitability: P1=1.900000000 P2=0.040062496 EV: (-0.08713902985978822, 0.08713902985978822) P1 Winnings: 1.0
Choosing model 0
[0.15938369984891515, 0.3667124007534854, 0.1878269195566795, 0.19602640812965363, 0.09005057171126624]
Games played: 8
Exploitability: P1=1.900000000 P2=0.040062496 EV: (-0.08713902985978822, 0.08713902985978822) P1 Winnings: 1.0
Choosing model 2
[0.15488242583107156, 0.38154190764694407, 0.18405642539956757, 0.1951752989802932, 0.08434394214212373]
Games played: 9
Exploitability: P1=4.600000000 P2=0.040062496 EV: (0.011506591247554973, -0.011506591247554973) P1 Winnings: 6.0
Choosing model 1
[0.16141391312673825, 0.352315722881012, 0.1764712138645558, 0.21410571139207923, 0.09569343873561476]
Games played: 10
Exploitability: P1=2.800000000 P2=0.040062496 EV: (0.040062496253803315, -0.040062496253803315) P1 Winnings: -3.0
Choosing model 1
[0.17456638128459817, 0.30871031192408943, 0.18756138992776714, 0.21910919331580694, 0.11005272354773818]
Games played: 11
Exploitability: P1=2.800000000 P2=0.040062496 EV: (0.040062496253803315, -0.040062496253803315) P1 Winnings: -2.0
Choosing model 3
[0.1642313566274236, 0.3848095257500264, 0.23079652740889522, 0.15069822563298024, 0.06946436458067454]
Games played: 12
Exploitability: P1=1.933333333 P2=0.040062496 EV: (-0.06867601327305382, 0.06867601327305382) P1 Winnings: 1.0
Choosing model 0
[0.18172967939138845, 0.3295779646872732, 0.2499238450435526, 0.15573133400592978, 0.08303717687185595]
Games played: 13
Exploitability: P1=1.900000000 P2=0.040062496 EV: (-0.08713902985978822, 0.08713902985978822) P1 Winnings: 4.0
Choosing model 1
[0.2056523004303535, 0.25589891755293215, 0.27345809991871217, 0.15863882499809345, 0.10635185709990874]
Games played: 14
Exploitability: P1=2.800000000 P2=0.040062496 EV: (0.040062496253803315, -0.040062496253803315) P1 Winnings: 7.0
Choosing model 2
[0.1977958556761188, 0.2906655797077326, 0.2913443216580795, 0.13712083297204178, 0.0830734099860272]
Games played: 15
Exploitability: P1=4.600000000 P2=0.040062496 EV: (0.011506591247554973, -0.011506591247554973) P1 Winnings: 12.0
Choosing model 0
[0.17443937163451384, 0.36067971281847616, 0.2668018524181745, 0.13529985214250823, 0.06277921098632745]
Games played: 16
Exploitability: P1=1.900000000 P2=0.040062496 EV: (-0.08713902985978822, 0.08713902985978822) P1 Winnings: 12.0
Choosing model 0
[0.1888567169796629, 0.31638006136996, 0.2838747005864239, 0.13861108038770434, 0.07227744067624901]
Games played: 17
Exploitability: P1=1.900000000 P2=0.040062496 EV: (-0.08713902985978822, 0.08713902985978822) P1 Winnings: 13.0
Choosing model 1
[0.20259303331106954, 0.27497974213999316, 0.29927373707676613, 0.14070286787738723, 0.08245061959478395]
Games played: 18
Exploitability: P1=2.800000000 P2=0.040062496 EV: (0.040062496253803315, -0.040062496253803315) P1 Winnings: 12.0
Choosing model 1
[0.16215897446797958, 0.3952336452733088, 0.2555322472368105, 0.1365134531548468, 0.05056167986705429]
Games played: 19
Exploitability: P1=2.800000000 P2=0.040062496 EV: (0.040062496253803315, -0.040062496253803315) P1 Winnings: 19.0
Choosing model 4
[0.157566047767541, 0.40972899964037013, 0.2516935230070495, 0.13394994732920937, 0.04706148225582998]
Games played: 20
Exploitability: P1=2.600000000 P2=0.040062496 EV: (-0.11978309566570809, 0.11978309566570809) P1 Winnings: 24.0
Choosing model 2
[0.173171727348322, 0.362374149919587, 0.274608811119338, 0.13549228210073513, 0.05435302951201782]
Games played: 21
Exploitability: P1=4.600000000 P2=0.040062496 EV: (0.011506591247554973, -0.011506591247554973) P1 Winnings: 25.0
Choosing model 2
[0.19117101800749325, 0.3085240764006099, 0.29823983512108376, 0.13764960079076877, 0.06441546968004444]
Games played: 22
Exploitability: P1=4.600000000 P2=0.040062496 EV: (0.011506591247554973, -0.011506591247554973) P1 Winnings: 28.0
Choosing model 4
[0.18957607673976082, 0.31588110700841016, 0.3131565542063771, 0.12342448078290028, 0.05796178126255162]
Games played: 23
Exploitability: P1=2.600000000 P2=0.040062496 EV: (-0.11978309566570809, 0.11978309566570809) P1 Winnings: 29.0
Choosing model 2
[0.18957600976943242, 0.31588129929722164, 0.3131564814715651, 0.12342448038015867, 0.05796172908162212]
Games played: 24
Exploitability: P1=4.600000000 P2=0.040062496 EV: (0.011506591247554973, -0.011506591247554973) P1 Winnings: 26.0
Choosing model 2
[0.19341433455999138, 0.3141572487368922, 0.2762428530779591, 0.15174024832758456, 0.06444531529757266]
Games played: 25
Exploitability: P1=4.600000000 P2=0.040062496 EV: (0.011506591247554973, -0.011506591247554973) P1 Winnings: 26.0
Choosing model 2
[0.16992116822650033, 0.38147022778825507, 0.2514676535422191, 0.148210317664984, 0.048930632778041494]
Games played: 26
Exploitability: P1=4.600000000 P2=0.040062496 EV: (0.011506591247554973, -0.011506591247554973) P1 Winnings: 31.0
Choosing model 1
[0.17913959702667098, 0.35633272622026513, 0.24389915900451212, 0.16447016229137418, 0.05615835545717761]
Games played: 27
Exploitability: P1=2.800000000 P2=0.040062496 EV: (0.040062496253803315, -0.040062496253803315) P1 Winnings: 22.0
Choosing model 2
[0.18752526271477357, 0.3311182998468687, 0.2535490769040832, 0.16800750194572542, 0.0597998585885491]
Games played: 28
Exploitability: P1=4.600000000 P2=0.040062496 EV: (0.011506591247554973, -0.011506591247554973) P1 Winnings: 25.0
Choosing model 2
[0.17708032668299153, 0.3692625435342575, 0.2652190505510214, 0.14257702510654402, 0.04586105412518551]
Games played: 29
Exploitability: P1=4.600000000 P2=0.040062496 EV: (0.011506591247554973, -0.011506591247554973) P1 Winnings: 30.0
Choosing model 1
[0.19235431733174754, 0.32498726968564073, 0.28313024596288056, 0.14655271790445268, 0.05297544911527857]
Games played: 30
Exploitability: P1=2.800000000 P2=0.040062496 EV: (0.040062496253803315, -0.040062496253803315) P1 Winnings: 31.0
Choosing model 4
[0.1872903487623051, 0.3387959854768047, 0.2779934976088342, 0.14620404195290349, 0.049716126199152576]
Games played: 31
Exploitability: P1=2.600000000 P2=0.040062496 EV: (-0.11978309566570809, 0.11978309566570809) P1 Winnings: 18.0
Choosing model 3
[0.1856664652313103, 0.3467603546149277, 0.2918012078306395, 0.13105159903811814, 0.04472037328500424]
Games played: 32
Exploitability: P1=1.933333333 P2=0.040062496 EV: (-0.06867601327305382, 0.06867601327305382) P1 Winnings: 19.0
Choosing model 1
[0.18882323501152784, 0.33672456432767867, 0.2965628291065102, 0.13265575978132182, 0.04523361177296143]
Games played: 33
Exploitability: P1=2.800000000 P2=0.040062496 EV: (0.040062496253803315, -0.040062496253803315) P1 Winnings: 18.0
Choosing model 0
[0.1836947348513364, 0.35073129647301, 0.2909329442986669, 0.1322267818487015, 0.042414242528285226]
Games played: 34
Exploitability: P1=1.900000000 P2=0.040062496 EV: (-0.08713902985978822, 0.08713902985978822) P1 Winnings: 5.0
Choosing model 2
[0.21049742311069272, 0.275757393628046, 0.3223430892482289, 0.1363940020056488, 0.0550080920073836]
Games played: 35
Exploitability: P1=4.600000000 P2=0.040062496 EV: (0.011506591247554973, -0.011506591247554973) P1 Winnings: 8.0
Choosing model 0
[0.1857964831267209, 0.342466940861112, 0.29543641589982716, 0.13469532773617393, 0.04160483237616607]
Games played: 36
Exploitability: P1=1.900000000 P2=0.040062496 EV: (-0.08713902985978822, 0.08713902985978822) P1 Winnings: 13.0
Choosing model 1
[0.18064865739997418, 0.35651216722738277, 0.2896651137603171, 0.13418433459844994, 0.038989727013875944]
Games played: 37
Exploitability: P1=2.800000000 P2=0.040062496 EV: (0.040062496253803315, -0.040062496253803315) P1 Winnings: 12.0
Choosing model 2
[0.18803131257464495, 0.3350316862437613, 0.29909357046635815, 0.13611743880780783, 0.0417259919074277]
Games played: 38
Exploitability: P1=4.600000000 P2=0.040062496 EV: (0.011506591247554973, -0.011506591247554973) P1 Winnings: 12.0
Choosing model 2
[0.18588028567339168, 0.34194963829783087, 0.3130722737319494, 0.12166952051986715, 0.037428281776960996]
Games played: 39
Exploitability: P1=4.600000000 P2=0.040062496 EV: (0.011506591247554973, -0.011506591247554973) P1 Winnings: 13.0
Choosing model 2
[0.18324134396077268, 0.3480369850006096, 0.32679027297215213, 0.10845181084353005, 0.03347958722293552]
Games played: 40
Exploitability: P1=4.600000000 P2=0.040062496 EV: (0.011506591247554973, -0.011506591247554973) P1 Winnings: 14.0
Choosing model 1
[0.1943456438483366, 0.3270601970979431, 0.3188632945990762, 0.12107451144405978, 0.038656353010584225]
Games played: 41
Exploitability: P1=2.800000000 P2=0.040062496 EV: (0.040062496253803315, -0.040062496253803315) P1 Winnings: 5.0
Choosing model 1
[0.21307884296527785, 0.27512985646124455, 0.34213981544108873, 0.12393021635290853, 0.04572126877948043]
Games played: 42
Exploitability: P1=2.800000000 P2=0.040062496 EV: (0.040062496253803315, -0.040062496253803315) P1 Winnings: 6.0
Choosing model 2
[0.22385914406471227, 0.2561080236517669, 0.3306908599610979, 0.13704913286793088, 0.052292839454492125]
Games played: 43
Exploitability: P1=4.600000000 P2=0.040062496 EV: (0.011506591247554973, -0.011506591247554973) P1 Winnings: 15.0
Choosing model 3
[0.2406608264463253, 0.2131064123652254, 0.3479055964020917, 0.13759574044479822, 0.060731424341559447]
Games played: 44
Exploitability: P1=1.933333333 P2=0.040062496 EV: (-0.06867601327305382, 0.06867601327305382) P1 Winnings: 12.0
Choosing model 0
[0.2626415509686278, 0.16008128144855482, 0.2733778100770289, 0.20366699779837572, 0.10023235970741283]
Games played: 45
Exploitability: P1=1.900000000 P2=0.040062496 EV: (-0.08713902985978822, 0.08713902985978822) P1 Winnings: 19.0
Choosing model 2
[0.2734942276817961, 0.13505937976934485, 0.27976792185509625, 0.20068647108224277, 0.11099199961151994]
Games played: 46
Exploitability: P1=4.600000000 P2=0.040062496 EV: (0.011506591247554973, -0.011506591247554973) P1 Winnings: 20.0
Choosing model 2
[0.28317906430745293, 0.1133019154635863, 0.28468248040131716, 0.19662738518722261, 0.12220915464042083]
Games played: 47
Exploitability: P1=4.600000000 P2=0.040062496 EV: (0.011506591247554973, -0.011506591247554973) P1 Winnings: 19.0
Choosing model 0
[0.27003054255595, 0.15797855859060833, 0.3451659451639192, 0.15062556664173743, 0.07619938704778499]
Games played: 48
Exploitability: P1=1.900000000 P2=0.040062496 EV: (-0.08713902985978822, 0.08713902985978822) P1 Winnings: 24.0
Choosing model 2
[0.2700304913836381, 0.15797866925395476, 0.34516591841168115, 0.15062558690011546, 0.07619933405061052]
Games played: 49
Exploitability: P1=4.600000000 P2=0.040062496 EV: (0.011506591247554973, -0.011506591247554973) P1 Winnings: 23.0
Choosing model 0
[0.2689670917489677, 0.162464284980867, 0.36403959626225335, 0.13565942336752118, 0.06886960364039078]
Games played: 50
Exploitability: P1=1.900000000 P2=0.040062496 EV: (-0.08713902985978822, 0.08713902985978822) P1 Winnings: 24.0
Choosing model 4
[0.26701187852539676, 0.16651848483480675, 0.3826612058495373, 0.12177167391116683, 0.062036756879092304]
Games played: 51
Exploitability: P1=2.600000000 P2=0.040062496 EV: (-0.11978309566570809, 0.11978309566570809) P1 Winnings: 25.0
Choosing model 2
[0.27866949074865033, 0.1399779404296778, 0.39231133048781514, 0.1200869343026808, 0.06895430403117588]
Games played: 52
Exploitability: P1=4.600000000 P2=0.040062496 EV: (0.011506591247554973, -0.011506591247554973) P1 Winnings: 26.0
Choosing model 0
[0.2727424297258454, 0.1567951129156629, 0.378789434073523, 0.12812720408346934, 0.06354581920149928]
Games played: 53
Exploitability: P1=1.900000000 P2=0.040062496 EV: (-0.08713902985978822, 0.08713902985978822) P1 Winnings: 26.0
Choosing model 0
[0.2526994488423316, 0.20078845277210391, 0.3636483978186213, 0.13198110367579524, 0.05088259689114788]
Games played: 54
Exploitability: P1=1.900000000 P2=0.040062496 EV: (-0.08713902985978822, 0.08713902985978822) P1 Winnings: 26.0
Choosing model 3
[0.2201273358610916, 0.2557511317742841, 0.4027789952697282, 0.09236009730274887, 0.028982439792147166]
Games played: 55
Exploitability: P1=1.933333333 P2=0.040062496 EV: (-0.06867601327305382, 0.06867601327305382) P1 Winnings: 31.0
Choosing model 2
[0.22769726759196351, 0.23483384507981173, 0.4137463705462738, 0.09322697384583448, 0.03049554293611673]
Games played: 56
Exploitability: P1=4.600000000 P2=0.040062496 EV: (0.011506591247554973, -0.011506591247554973) P1 Winnings: 28.0
Choosing model 2
[0.24025244675981805, 0.2195440358541456, 0.4016319585310468, 0.10354190776037683, 0.03502965109461285]
Games played: 57
Exploitability: P1=4.600000000 P2=0.040062496 EV: (0.011506591247554973, -0.011506591247554973) P1 Winnings: 37.0
Choosing model 3
[0.2534124496146965, 0.1876209107762929, 0.4163305854340009, 0.10334488700850394, 0.03929116716650565]
Games played: 58
Exploitability: P1=1.933333333 P2=0.040062496 EV: (-0.06867601327305382, 0.06867601327305382) P1 Winnings: 38.0
Choosing model 0
[0.2681570440744826, 0.15366857913633045, 0.43112997959694643, 0.1021288266541302, 0.04491557053811016]
Games played: 59
Exploitability: P1=1.900000000 P2=0.040062496 EV: (-0.08713902985978822, 0.08713902985978822) P1 Winnings: 38.0
Choosing model 2
[0.2681569916727317, 0.1536686858725609, 0.43112994363458124, 0.10212883978648597, 0.044915539033640164]
Games played: 60
Exploitability: P1=4.600000000 P2=0.040062496 EV: (0.011506591247554973, -0.011506591247554973) P1 Winnings: 37.0
Choosing model 2
[0.2716349030308718, 0.17679401208168874, 0.37870557812131916, 0.12474260707245191, 0.04812289969366839]
Games played: 61
Exploitability: P1=4.600000000 P2=0.040062496 EV: (0.011506591247554973, -0.011506591247554973) P1 Winnings: 42.0
Choosing model 2
[0.2685152540182316, 0.18043635830029886, 0.3963870598550962, 0.11149697385327909, 0.04316435397309432]
Games played: 62
Exploitability: P1=4.600000000 P2=0.040062496 EV: (0.011506591247554973, -0.011506591247554973) P1 Winnings: 43.0
Choosing model 1
[0.28045882037775144, 0.166984110694604, 0.3808935993447094, 0.12258230856014496, 0.04908116102279022]
Games played: 63
Exploitability: P1=2.800000000 P2=0.040062496 EV: (0.040062496253803315, -0.040062496253803315) P1 Winnings: 34.0
Choosing model 4
[0.26015100018121107, 0.20883962506295295, 0.36579242855371114, 0.12593143537534643, 0.03928551082677843]
Games played: 64
Exploitability: P1=2.600000000 P2=0.040062496 EV: (-0.11978309566570809, 0.11978309566570809) P1 Winnings: 41.0
Choosing model 0
[0.2569131207757105, 0.21293487715045556, 0.38249862049407785, 0.11245009130952466, 0.035203290270231384]
Games played: 65
Exploitability: P1=1.900000000 P2=0.040062496 EV: (-0.08713902985978822, 0.08713902985978822) P1 Winnings: 42.0
Choosing model 2
[0.2892957531549173, 0.14376363912729115, 0.41020125227704807, 0.10898002706931456, 0.04775932837142889]
Games played: 66
Exploitability: P1=4.600000000 P2=0.040062496 EV: (0.011506591247554973, -0.011506591247554973) P1 Winnings: 41.0
Choosing model 2
[0.3042920709703179, 0.13928123269741596, 0.34281587617818277, 0.15301655081877746, 0.060594269335305824]
Games played: 67
Exploitability: P1=4.600000000 P2=0.040062496 EV: (0.011506591247554973, -0.011506591247554973) P1 Winnings: 28.0
Choosing model 0
[0.32554355665664814, 0.10019202450667263, 0.353850414781336, 0.1464097366715196, 0.07400426738382368]
Games played: 68
Exploitability: P1=1.900000000 P2=0.040062496 EV: (-0.08713902985978822, 0.08713902985978822) P1 Winnings: 23.0
Choosing model 0
[0.3372671175720749, 0.07964207329991939, 0.3587716967126595, 0.14160996644420745, 0.08270914597113889]
Games played: 69
Exploitability: P1=1.900000000 P2=0.040062496 EV: (-0.08713902985978822, 0.08713902985978822) P1 Winnings: 24.0
Choosing model 2
[0.35204131111712145, 0.05589645539618965, 0.3613084494258147, 0.13219850139047168, 0.09855528267040256]
Games played: 70
Exploitability: P1=4.600000000 P2=0.040062496 EV: (0.011506591247554973, -0.011506591247554973) P1 Winnings: 24.0
Choosing model 2
[0.3633185351039485, 0.03878825798950259, 0.3597595714788363, 0.12202070783478, 0.11611292759293268]
Games played: 71
Exploitability: P1=4.600000000 P2=0.040062496 EV: (0.011506591247554973, -0.011506591247554973) P1 Winnings: 29.0
Choosing model 3
[0.36779498078614975, 0.036167083246816965, 0.28936497852248727, 0.16489014610835728, 0.14178281133618872]
Games played: 72
Exploitability: P1=1.933333333 P2=0.040062496 EV: (-0.06867601327305382, 0.06867601327305382) P1 Winnings: 16.0
Choosing model 3
[0.3717823313205717, 0.03774587922019698, 0.30971575107220545, 0.15071015803025878, 0.13004588035676695]
Games played: 73
Exploitability: P1=1.933333333 P2=0.040062496 EV: (-0.06867601327305382, 0.06867601327305382) P1 Winnings: 17.0
Choosing model 0
[0.37469968572808465, 0.03376940523317008, 0.30998552626373527, 0.1482212500145713, 0.1333241327604386]
Games played: 74
Exploitability: P1=1.900000000 P2=0.040062496 EV: (-0.08713902985978822, 0.08713902985978822) P1 Winnings: 14.0
Choosing model 0
[0.36585494491723897, 0.046392715676512326, 0.3142837841401626, 0.16192079424695865, 0.11154776101912738]
Games played: 75
Exploitability: P1=1.900000000 P2=0.040062496 EV: (-0.08713902985978822, 0.08713902985978822) P1 Winnings: 19.0
Choosing model 4
[0.37411665970702074, 0.04081842169966101, 0.3480640385760798, 0.13438689973912848, 0.10261398027810978]
Games played: 76
Exploitability: P1=2.600000000 P2=0.040062496 EV: (-0.11978309566570809, 0.11978309566570809) P1 Winnings: 22.0
Choosing model 0
[0.3587355927704975, 0.060958276384010204, 0.3511416760264665, 0.14970451109789462, 0.07945994372113122]
Games played: 77
Exploitability: P1=1.900000000 P2=0.040062496 EV: (-0.08713902985978822, 0.08713902985978822) P1 Winnings: 17.0
Choosing model 2
[0.366291055153882, 0.050429428552064504, 0.3523579455722898, 0.14464374645562164, 0.08627782426614197]
Games played: 78
Exploitability: P1=4.600000000 P2=0.040062496 EV: (0.011506591247554973, -0.011506591247554973) P1 Winnings: 16.0
Choosing model 2
[0.3660986779547332, 0.05203900763529717, 0.3728982051815965, 0.13071829769507434, 0.0782458115332989]
Games played: 79
Exploitability: P1=4.600000000 P2=0.040062496 EV: (0.011506591247554973, -0.011506591247554973) P1 Winnings: 17.0
Choosing model 3
[0.3637069490568036, 0.055157374719992304, 0.3755332571678171, 0.13114002555020118, 0.07446239350518591]
Games played: 80
Exploitability: P1=1.933333333 P2=0.040062496 EV: (-0.06867601327305382, 0.06867601327305382) P1 Winnings: 22.0
Choosing model 2
[0.37062178789539246, 0.05478993994199182, 0.33086598245143556, 0.1610307496991806, 0.08269154001199965]
Games played: 81
Exploitability: P1=4.600000000 P2=0.040062496 EV: (0.011506591247554973, -0.011506591247554973) P1 Winnings: 31.0
Choosing model 0
[0.3799891866625959, 0.04332393575377213, 0.3337325202487531, 0.15193731270045507, 0.09101704463442373]
Games played: 82
Exploitability: P1=1.900000000 P2=0.040062496 EV: (-0.08713902985978822, 0.08713902985978822) P1 Winnings: 34.0
Choosing model 0
[0.3799891566018172, 0.043323970884812255, 0.333732531225434, 0.15193734990854557, 0.09101699137939095]
Games played: 83
Exploitability: P1=1.900000000 P2=0.040062496 EV: (-0.08713902985978822, 0.08713902985978822) P1 Winnings: 33.0
Choosing model 1
[0.36947874820311155, 0.05857308000984477, 0.3590679752801912, 0.14257933917209784, 0.07030085733475477]
Games played: 84
Exploitability: P1=2.800000000 P2=0.040062496 EV: (0.040062496253803315, -0.040062496253803315) P1 Winnings: 38.0
Choosing model 2
[0.36947860395643833, 0.05857325476912232, 0.3590679873434338, 0.1425794587390902, 0.07030069519191529]
Games played: 85
Exploitability: P1=4.600000000 P2=0.040062496 EV: (0.011506591247554973, -0.011506591247554973) P1 Winnings: 29.0
Choosing model 0
[0.36842408572677937, 0.06030192687905246, 0.37911396682967885, 0.12855250871826995, 0.06360751184621934]
Games played: 86
Exploitability: P1=1.900000000 P2=0.040062496 EV: (-0.08713902985978822, 0.08713902985978822) P1 Winnings: 30.0
Choosing model 0
[0.3765336600494514, 0.049594457053578095, 0.3846393010467574, 0.12091885079309282, 0.06831373105712019]
Games played: 87
Exploitability: P1=1.900000000 P2=0.040062496 EV: (-0.08713902985978822, 0.08713902985978822) P1 Winnings: 31.0
Choosing model 0
[0.3738262707552267, 0.05271783972172233, 0.3850832138040224, 0.12300196797530179, 0.0653707077437268]
Games played: 88
Exploitability: P1=1.900000000 P2=0.040062496 EV: (-0.08713902985978822, 0.08713902985978822) P1 Winnings: 30.0
Choosing model 2
[0.3589314666334138, 0.0712196940817176, 0.3839293022758668, 0.13213574833562766, 0.05378378867337417]
Games played: 89
Exploitability: P1=4.600000000 P2=0.040062496 EV: (0.011506591247554973, -0.011506591247554973) P1 Winnings: 35.0
Choosing model 4
[0.3408550248631262, 0.09403939307068923, 0.4034310284733125, 0.12110227069505564, 0.040572282897816475]
Games played: 90
Exploitability: P1=2.600000000 P2=0.040062496 EV: (-0.11978309566570809, 0.11978309566570809) P1 Winnings: 40.0
Choosing model 2
[0.3533419699559285, 0.07479625455669081, 0.40928741518306755, 0.11720247285197907, 0.045371887452334295]
Games played: 91
Exploitability: P1=4.600000000 P2=0.040062496 EV: (0.011506591247554973, -0.011506591247554973) P1 Winnings: 40.0
Choosing model 0
[0.3505704615587327, 0.07684503267301747, 0.41047896566911296, 0.11957749902329701, 0.04252804107583986]
Games played: 92
Exploitability: P1=1.900000000 P2=0.040062496 EV: (-0.08713902985978822, 0.08713902985978822) P1 Winnings: 45.0
Choosing model 1
[0.3767140670566183, 0.043017166867308686, 0.41659439875764953, 0.10741094031094241, 0.056263427007481125]
Games played: 93
Exploitability: P1=2.800000000 P2=0.040062496 EV: (0.040062496253803315, -0.040062496253803315) P1 Winnings: 42.0
Choosing model 2
[0.38552179933137015, 0.03323902629555115, 0.41687090533801224, 0.10226213769870879, 0.06210613133635764]
Games played: 94
Exploitability: P1=4.600000000 P2=0.040062496 EV: (0.011506591247554973, -0.011506591247554973) P1 Winnings: 45.0
Choosing model 2
[0.3914125766254296, 0.027342208919209524, 0.4159463787095717, 0.09824566738889733, 0.06705316835689176]
Games played: 95
Exploitability: P1=4.600000000 P2=0.040062496 EV: (0.011506591247554973, -0.011506591247554973) P1 Winnings: 46.0
Choosing model 2
[0.38763557305942664, 0.027957321351614363, 0.43617480272956527, 0.08797659119912088, 0.06025571166027281]
Games played: 96
Exploitability: P1=4.600000000 P2=0.040062496 EV: (0.011506591247554973, -0.011506591247554973) P1 Winnings: 47.0
Choosing model 0
[0.3664520955937111, 0.036515341568656386, 0.48179313937775226, 0.07401374433188976, 0.0412256791279906]
Games played: 97
Exploitability: P1=1.900000000 P2=0.040062496 EV: (-0.08713902985978822, 0.08713902985978822) P1 Winnings: 56.0
Choosing model 0
[0.3726366683744176, 0.030084532658752435, 0.481480648329379, 0.07121864131722144, 0.04457950932022944]
Games played: 98
Exploitability: P1=1.900000000 P2=0.040062496 EV: (-0.08713902985978822, 0.08713902985978822) P1 Winnings: 55.0
Choosing model 2
[0.3828274117540363, 0.021206704713649934, 0.47826918677510355, 0.06586266479453369, 0.051834031962676615]
Games played: 99
Exploitability: P1=4.600000000 P2=0.040062496 EV: (0.011506591247554973, -0.011506591247554973) P1 Winnings: 48.0
Choosing model 3
[0.38768118695521947, 0.017399804033745313, 0.4759858335977367, 0.06311370882775823, 0.05581946658554015]
Games played: 100
Exploitability: P1=1.933333333 P2=0.040062496 EV: (-0.06867601327305382, 0.06867601327305382) P1 Winnings: 49.0
Choosing model 0
[0.3899478880041285, 0.015535866704206728, 0.4754549953830598, 0.061948231383065704, 0.057113018525539204]
Games played: 101
Exploitability: P1=1.900000000 P2=0.040062496 EV: (-0.08713902985978822, 0.08713902985978822) P1 Winnings: 46.0
Choosing model 2
[0.3823382118566887, 0.013106445094941226, 0.5048816767337312, 0.049297652011136193, 0.05037601430350281]
Games played: 102
Exploitability: P1=4.600000000 P2=0.040062496 EV: (0.011506591247554973, -0.011506591247554973) P1 Winnings: 49.0
Choosing model 2
[0.37985056549444585, 0.013934031090544282, 0.5086382348410556, 0.050856173239644815, 0.046720995334309415]
Games played: 103
Exploitability: P1=4.600000000 P2=0.040062496 EV: (0.011506591247554973, -0.011506591247554973) P1 Winnings: 56.0
Choosing model 2
[0.3707491247950169, 0.019135724761616065, 0.5155031428188105, 0.0555363826191917, 0.039075625005364864]
Games played: 104
Exploitability: P1=4.600000000 P2=0.040062496 EV: (0.011506591247554973, -0.011506591247554973) P1 Winnings: 56.0
Choosing model 1
[0.37564100421923674, 0.015708591375987256, 0.5133033541422929, 0.05324552962166541, 0.04210152064081777]
Games played: 105
Exploitability: P1=2.800000000 P2=0.040062496 EV: (0.040062496253803315, -0.040062496253803315) P1 Winnings: 57.0
Choosing model 2
[0.35952167092682297, 0.017755416517085263, 0.5441997439105684, 0.04579790103363888, 0.032725267611884434]
Games played: 106
Exploitability: P1=4.600000000 P2=0.040062496 EV: (0.011506591247554973, -0.011506591247554973) P1 Winnings: 62.0
Choosing model 2
[0.34205948344972975, 0.019950278750850106, 0.5735444022186676, 0.03915907988900546, 0.02528675569174696]
Games played: 107
Exploitability: P1=4.600000000 P2=0.040062496 EV: (0.011506591247554973, -0.011506591247554973) P1 Winnings: 67.0
Choosing model 0
[0.3805257854405083, 0.02044214149945609, 0.5069496969042838, 0.05815108914937229, 0.03393128700637947]
Games played: 108
Exploitability: P1=1.900000000 P2=0.040062496 EV: (-0.08713902985978822, 0.08713902985978822) P1 Winnings: 80.0
Choosing model 2
[0.3782904003071763, 0.021758355711555672, 0.5082074364052234, 0.05923128019268435, 0.03251252738336045]
Games played: 109
Exploitability: P1=4.600000000 P2=0.040062496 EV: (0.011506591247554973, -0.011506591247554973) P1 Winnings: 79.0
Choosing model 2
[0.3836653359553181, 0.017879393514406244, 0.5065451763175227, 0.056844842273658845, 0.035065251939094]
Games played: 110
Exploitability: P1=4.600000000 P2=0.040062496 EV: (0.011506591247554973, -0.011506591247554973) P1 Winnings: 80.0
Choosing model 0
[0.3875099689094693, 0.014532129484566053, 0.5078980926620937, 0.05284197556721614, 0.03721783337665467]
Games played: 111
Exploitability: P1=1.900000000 P2=0.040062496 EV: (-0.08713902985978822, 0.08713902985978822) P1 Winnings: 81.0
Choosing model 0
[0.3961256784065124, 0.010192528753978754, 0.501998113369198, 0.048624475711281895, 0.04305920375902901]
Games played: 112
Exploitability: P1=1.900000000 P2=0.040062496 EV: (-0.08713902985978822, 0.08713902985978822) P1 Winnings: 84.0
Choosing model 2
[0.39432013918735676, 0.010863164613195989, 0.5039099871151222, 0.04959329119228606, 0.04131341789203893]
Games played: 113
Exploitability: P1=4.600000000 P2=0.040062496 EV: (0.011506591247554973, -0.011506591247554973) P1 Winnings: 83.0
Choosing model 0
[0.40264806244179924, 0.007458561895238676, 0.4964436221199011, 0.04529107918618012, 0.04815867435688111]
Games played: 114
Exploitability: P1=1.900000000 P2=0.040062496 EV: (-0.08713902985978822, 0.08713902985978822) P1 Winnings: 88.0
Choosing model 2
[0.40264804128428233, 0.007458568141454772, 0.4964436516356045, 0.04529109148065681, 0.04815864745800153]
Games played: 115
Exploitability: P1=4.600000000 P2=0.040062496 EV: (0.011506591247554973, -0.011506591247554973) P1 Winnings: 87.0
Choosing model 0
[0.3855635605707711, 0.009930643688727097, 0.5260175370180504, 0.041855927391025186, 0.03663233133142605]
Games played: 116
Exploitability: P1=1.900000000 P2=0.040062496 EV: (-0.08713902985978822, 0.08713902985978822) P1 Winnings: 92.0
Choosing model 0
[0.36688334468701855, 0.013138959095956491, 0.5538499341766167, 0.03843817625585332, 0.027689585784555014]
Games played: 117
Exploitability: P1=1.900000000 P2=0.040062496 EV: (-0.08713902985978822, 0.08713902985978822) P1 Winnings: 97.0
Choosing model 0
[0.36688331820976455, 0.013138969841439897, 0.5538499562376629, 0.038438185935838656, 0.02768956977529398]
Games played: 118
Exploitability: P1=1.900000000 P2=0.040062496 EV: (-0.08713902985978822, 0.08713902985978822) P1 Winnings: 96.0
Choosing model 0
[0.3648663324830583, 0.013990253845845999, 0.5554345234325208, 0.039167039482261495, 0.026541850756313677]
Games played: 119
Exploitability: P1=1.900000000 P2=0.040062496 EV: (-0.08713902985978822, 0.08713902985978822) P1 Winnings: 95.0
Choosing model 2
[0.36486630551210936, 0.013990265263035491, 0.5554345445835436, 0.039167049277176284, 0.026541835364135256]
Games played: 120
Exploitability: P1=4.600000000 P2=0.040062496 EV: (0.011506591247554973, -0.011506591247554973) P1 Winnings: 94.0
Choosing model 0
[0.4038966558330932, 0.014264528256070235, 0.4885227032556262, 0.05787623502865266, 0.03543987762655768]
Games played: 121
Exploitability: P1=1.900000000 P2=0.040062496 EV: (-0.08713902985978822, 0.08713902985978822) P1 Winnings: 81.0
Choosing model 1
[0.3982938244913638, 0.01688981080830198, 0.4921324078609054, 0.060766942447226545, 0.03191701439220227]
Games played: 122
Exploitability: P1=2.800000000 P2=0.040062496 EV: (0.040062496253803315, -0.040062496253803315) P1 Winnings: 81.0
Choosing model 0
[0.4050940014536858, 0.012970192169120296, 0.48942399884275245, 0.057497487876506714, 0.03501431965793462]
Games played: 123
Exploitability: P1=1.900000000 P2=0.040062496 EV: (-0.08713902985978822, 0.08713902985978822) P1 Winnings: 84.0
Choosing model 0
[0.40872870233217884, 0.010531055312995953, 0.4902218518930119, 0.05339318864781863, 0.03712520181399461]
Games played: 124
Exploitability: P1=1.900000000 P2=0.040062496 EV: (-0.08713902985978822, 0.08713902985978822) P1 Winnings: 85.0
Choosing model 2
[0.41325905276095715, 0.008626976238922059, 0.4871131256073861, 0.051084106498058245, 0.03991673889467647]
Games played: 125
Exploitability: P1=4.600000000 P2=0.040062496 EV: (0.011506591247554973, -0.011506591247554973) P1 Winnings: 86.0
Choosing model 2
[0.3968447877590381, 0.009783594584064387, 0.518155708443057, 0.04408536579982606, 0.03113054341401461]
Games played: 126
Exploitability: P1=4.600000000 P2=0.040062496 EV: (0.011506591247554973, -0.011506591247554973) P1 Winnings: 91.0
Choosing model 2
[0.40516163511361136, 0.00685344059114483, 0.511497255976012, 0.04051612034804865, 0.035971547971183064]
Games played: 127
Exploitability: P1=4.600000000 P2=0.040062496 EV: (0.011506591247554973, -0.011506591247554973) P1 Winnings: 91.0
Choosing model 0
[0.38753665847997454, 0.007741670250429771, 0.5419508897349348, 0.034827529601040706, 0.027943251933620208]
Games played: 128
Exploitability: P1=1.900000000 P2=0.040062496 EV: (-0.08713902985978822, 0.08713902985978822) P1 Winnings: 96.0
Choosing model 2
[0.3746936768836433, 0.0118928903345973, 0.5524048455838676, 0.039361372515620864, 0.02164721468227104]
Games played: 129
Exploitability: P1=4.600000000 P2=0.040062496 EV: (0.011506591247554973, -0.011506591247554973) P1 Winnings: 91.0
Choosing model 2
[0.3648005545962603, 0.011954726693865684, 0.569470172540053, 0.03465087721232142, 0.019123668957499517]
Games played: 130
Exploitability: P1=4.600000000 P2=0.040062496 EV: (0.011506591247554973, -0.011506591247554973) P1 Winnings: 92.0
Choosing model 2
[0.41561238191371724, 0.012837913051570664, 0.48361294165199625, 0.05936684529233949, 0.028569918090376314]
Games played: 131
Exploitability: P1=4.600000000 P2=0.040062496 EV: (0.011506591247554973, -0.011506591247554973) P1 Winnings: 99.0
Choosing model 2
[0.39635700052326955, 0.017023310948105587, 0.5103355711784852, 0.05464064503858673, 0.021643472311553072]
Games played: 132
Exploitability: P1=4.600000000 P2=0.040062496 EV: (0.011506591247554973, -0.011506591247554973) P1 Winnings: 104.0
Choosing model 2
[0.39330872416941753, 0.018022383278657777, 0.5133429001013101, 0.05475304873216581, 0.020572943718448714]
Games played: 133
Exploitability: P1=4.600000000 P2=0.040062496 EV: (0.011506591247554973, -0.011506591247554973) P1 Winnings: 109.0
Choosing model 3
[0.42952449211338223, 0.018128486235268294, 0.4454277600928072, 0.07981887063219362, 0.02710039092634864]
Games played: 134
Exploitability: P1=1.933333333 P2=0.040062496 EV: (-0.06867601327305382, 0.06867601327305382) P1 Winnings: 96.0
Choosing model 2
[0.43640490993635456, 0.014463201688722001, 0.4434822419293872, 0.07605481323832014, 0.029594833207216134]
Games played: 135
Exploitability: P1=4.600000000 P2=0.040062496 EV: (0.011506591247554973, -0.011506591247554973) P1 Winnings: 93.0
Choosing model 2
[0.4501367990080549, 0.01321813815479254, 0.42083823472153514, 0.08257454122800403, 0.03323228688761326]
Games played: 136
Exploitability: P1=4.600000000 P2=0.040062496 EV: (0.011506591247554973, -0.011506591247554973) P1 Winnings: 102.0
Choosing model 0
[0.4631523033503798, 0.00815010271814786, 0.41469037872543074, 0.07410698296749763, 0.03990023223854394]
Games played: 137
Exploitability: P1=1.900000000 P2=0.040062496 EV: (-0.08713902985978822, 0.08713902985978822) P1 Winnings: 105.0
Choosing model 0
[0.457700352917379, 0.009670625317989475, 0.4186443905992452, 0.07797409621988885, 0.03601053494549748]
Games played: 138
Exploitability: P1=1.900000000 P2=0.040062496 EV: (-0.08713902985978822, 0.08713902985978822) P1 Winnings: 105.0
Choosing model 2
[0.4513160480217433, 0.009845260195165819, 0.4370983653752349, 0.06952079873208566, 0.03221952767577042]
Games played: 139
Exploitability: P1=4.600000000 P2=0.040062496 EV: (0.011506591247554973, -0.011506591247554973) P1 Winnings: 106.0
Choosing model 2
[0.45135534228252466, 0.011268721633545276, 0.43124166764220756, 0.07579400814366989, 0.030340260298052507]
Games played: 140
Exploitability: P1=4.600000000 P2=0.040062496 EV: (0.011506591247554973, -0.011506591247554973) P1 Winnings: 106.0
Choosing model 0
[0.46488836734003336, 0.01028384913813209, 0.4086343535078622, 0.08217307541728912, 0.034020354596683164]
Games played: 141
Exploitability: P1=1.900000000 P2=0.040062496 EV: (-0.08713902985978822, 0.08713902985978822) P1 Winnings: 97.0
Choosing model 0
[0.46246387890304863, 0.010593529723502302, 0.4109097390013708, 0.08406036588659552, 0.03197248648548278]
Games played: 142
Exploitability: P1=1.900000000 P2=0.040062496 EV: (-0.08713902985978822, 0.08713902985978822) P1 Winnings: 97.0
Choosing model 0
[0.4969097617080237, 0.007319888828210337, 0.3545549969311459, 0.09495540975652597, 0.046259942776094104]
Games played: 143
Exploitability: P1=1.900000000 P2=0.040062496 EV: (-0.08713902985978822, 0.08713902985978822) P1 Winnings: 100.0
Choosing model 4
[0.48585001668419514, 0.01035477518397324, 0.36072956117693084, 0.10458708280774538, 0.038478564147155246]
Games played: 144
Exploitability: P1=2.600000000 P2=0.040062496 EV: (-0.11978309566570809, 0.11978309566570809) P1 Winnings: 91.0
Choosing model 2
[0.49985379389038515, 0.006387453526951141, 0.3534547527623217, 0.09260834077648912, 0.04769565904385281]
Games played: 145
Exploitability: P1=4.600000000 P2=0.040062496 EV: (0.011506591247554973, -0.011506591247554973) P1 Winnings: 91.0
Choosing model 0
[0.49878602422066665, 0.010550457612731812, 0.2809942784711392, 0.1592601609207953, 0.05040907877466703]
Games played: 146
Exploitability: P1=1.900000000 P2=0.040062496 EV: (-0.08713902985978822, 0.08713902985978822) P1 Winnings: 82.0
Choosing model 0
[0.48037205864116606, 0.016144475129370308, 0.2852954930147599, 0.17928939508773434, 0.03889857812696945]
Games played: 147
Exploitability: P1=1.900000000 P2=0.040062496 EV: (-0.08713902985978822, 0.08713902985978822) P1 Winnings: 77.0
Choosing model 2
[0.47724978214113856, 0.01717316502521695, 0.28582342611503686, 0.1825049447136563, 0.037248682004951315]
Games played: 148
Exploitability: P1=4.600000000 P2=0.040062496 EV: (0.011506591247554973, -0.011506591247554973) P1 Winnings: 82.0
Choosing model 0
[0.47895276501527484, 0.017793869503339617, 0.30372402271883503, 0.16560996132597308, 0.033919381436577335]
Games played: 149
Exploitability: P1=1.900000000 P2=0.040062496 EV: (-0.08713902985978822, 0.08713902985978822) P1 Winnings: 83.0
Choosing model 0
[0.4757853384693462, 0.018925493988557193, 0.30425129250218863, 0.16856090813826438, 0.03247696690164352]
Games played: 150
Exploitability: P1=1.900000000 P2=0.040062496 EV: (-0.08713902985978822, 0.08713902985978822) P1 Winnings: 82.0
Choosing model 0
[0.4788544669250579, 0.01694793971366691, 0.30488447318082657, 0.16657607571189667, 0.03273704446855204]
Games played: 151
Exploitability: P1=1.900000000 P2=0.040062496 EV: (-0.08713902985978822, 0.08713902985978822) P1 Winnings: 77.0
Choosing model 0
[0.4365278262933564, 0.020889677736022644, 0.17352947782480613, 0.32696627501902176, 0.042086743126792975]
Games played: 152
Exploitability: P1=1.900000000 P2=0.040062496 EV: (-0.08713902985978822, 0.08713902985978822) P1 Winnings: 90.0
Choosing model 2
[0.4323941862900072, 0.021426710783326117, 0.17374951256605461, 0.33304542278433663, 0.03938416757627535]
Games played: 153
Exploitability: P1=4.600000000 P2=0.040062496 EV: (0.011506591247554973, -0.011506591247554973) P1 Winnings: 90.0
Choosing model 0
[0.4303853841676727, 0.018896620010536252, 0.1591055498898779, 0.34893594732992467, 0.042676498601988515]
Games played: 154
Exploitability: P1=1.900000000 P2=0.040062496 EV: (-0.08713902985978822, 0.08713902985978822) P1 Winnings: 81.0
Choosing model 2
[0.4409394286947013, 0.015460206817394575, 0.1599858803691034, 0.336891451654357, 0.04672303246444363]
Games played: 155
Exploitability: P1=4.600000000 P2=0.040062496 EV: (0.011506591247554973, -0.011506591247554973) P1 Winnings: 81.0
Choosing model 2
[0.448631166785401, 0.021732617177809777, 0.19019478957271344, 0.3050367449308745, 0.034404681533201156]
Games played: 156
Exploitability: P1=4.600000000 P2=0.040062496 EV: (0.011506591247554973, -0.011506591247554973) P1 Winnings: 90.0
Choosing model 3
[0.4580254593756878, 0.02290790216887752, 0.20560476225212249, 0.2815899884423978, 0.03187188776091431]
Games played: 157
Exploitability: P1=1.933333333 P2=0.040062496 EV: (-0.06867601327305382, 0.06867601327305382) P1 Winnings: 91.0
Choosing model 3
[0.4702067462535654, 0.018043844045760475, 0.20656939377184946, 0.26988292611168135, 0.03529708981714334]
Games played: 158
Exploitability: P1=1.933333333 P2=0.040062496 EV: (-0.06867601327305382, 0.06867601327305382) P1 Winnings: 91.0
Choosing model 3
[0.47465516000007435, 0.016168796637343733, 0.2070803388322908, 0.2658508937651792, 0.03624481076511206]
Games played: 159
Exploitability: P1=1.933333333 P2=0.040062496 EV: (-0.06867601327305382, 0.06867601327305382) P1 Winnings: 88.0
Choosing model 2
[0.4634486610871381, 0.01934307818556539, 0.20699602517279925, 0.278170095824179, 0.03204213973031816]
Games played: 160
Exploitability: P1=4.600000000 P2=0.040062496 EV: (0.011506591247554973, -0.011506591247554973) P1 Winnings: 79.0
Choosing model 0
[0.47137080679774424, 0.020312330273169078, 0.22292431092011325, 0.2558211015056187, 0.029571450503354885]
Games played: 161
Exploitability: P1=1.900000000 P2=0.040062496 EV: (-0.08713902985978822, 0.08713902985978822) P1 Winnings: 80.0
Choosing model 0
[0.46738308010088203, 0.02156395945063117, 0.22289619535295918, 0.2598954673468159, 0.02826129774871175]
Games played: 162
Exploitability: P1=1.900000000 P2=0.040062496 EV: (-0.08713902985978822, 0.08713902985978822) P1 Winnings: 79.0
Choosing model 3
[0.4633207681970583, 0.02288735997909668, 0.2228159860128822, 0.2639730071290938, 0.02700287868186912]
Games played: 163
Exploitability: P1=1.933333333 P2=0.040062496 EV: (-0.06867601327305382, 0.06867601327305382) P1 Winnings: 84.0
Choosing model 0
[0.444369717889054, 0.030339820690003037, 0.2214324507932714, 0.281475775737526, 0.022382234890145642]
Games played: 164
Exploitability: P1=1.900000000 P2=0.040062496 EV: (-0.08713902985978822, 0.08713902985978822) P1 Winnings: 89.0
Choosing model 2
[0.4399181580786776, 0.03215873000354331, 0.22105666374526858, 0.2855094576112566, 0.021356990561253814]
Games played: 165
Exploitability: P1=4.600000000 P2=0.040062496 EV: (0.011506591247554973, -0.011506591247554973) P1 Winnings: 80.0
Choosing model 0
[0.4192490447723365, 0.04235979204657206, 0.2182911133649313, 0.3025098448016151, 0.017590205014545057]
Games played: 166
Exploitability: P1=1.900000000 P2=0.040062496 EV: (-0.08713902985978822, 0.08713902985978822) P1 Winnings: 85.0
Choosing model 0
[0.4144281044881947, 0.04483213175214718, 0.21759458930647826, 0.3063858237998879, 0.01675935065329208]
Games played: 167
Exploitability: P1=1.900000000 P2=0.040062496 EV: (-0.08713902985978822, 0.08713902985978822) P1 Winnings: 84.0
Choosing model 2
[0.40954348335237, 0.04743496917664113, 0.21683721549372353, 0.31022123355758263, 0.015963098419682707]
Games played: 168
Exploitability: P1=4.600000000 P2=0.040062496 EV: (0.011506591247554973, -0.011506591247554973) P1 Winnings: 89.0
Choosing model 2
[0.40608492977547217, 0.05018068880738356, 0.2179492341490882, 0.31062314704854854, 0.01516200021950757]
Games played: 169
Exploitability: P1=4.600000000 P2=0.040062496 EV: (0.011506591247554973, -0.011506591247554973) P1 Winnings: 94.0
Choosing model 3
[0.401083434599557, 0.05306558023379882, 0.21707415110615266, 0.31434293959246523, 0.014433894468026422]
Games played: 170
Exploitability: P1=1.933333333 P2=0.040062496 EV: (-0.06867601327305382, 0.06867601327305382) P1 Winnings: 81.0
Choosing model 1
[0.37915429097030384, 0.06766954992915371, 0.21255584396421348, 0.3288580554896371, 0.011762259646691907]
Games played: 171
Exploitability: P1=2.800000000 P2=0.040062496 EV: (0.040062496253803315, -0.040062496253803315) P1 Winnings: 88.0
Choosing model 0
[0.3514896891364102, 0.09076144465135558, 0.2050421251714598, 0.343430405531095, 0.009276335509679549]
Games played: 172
Exploitability: P1=1.900000000 P2=0.040062496 EV: (-0.08713902985978822, 0.08713902985978822) P1 Winnings: 81.0
Choosing model 3
[0.3684744595651796, 0.07656712846733649, 0.21338602649257674, 0.3313532288449391, 0.010219156629968185]
Games played: 173
Exploitability: P1=1.933333333 P2=0.040062496 EV: (-0.06867601327305382, 0.06867601327305382) P1 Winnings: 82.0
Choosing model 2
[0.33984795110910093, 0.07848345419226262, 0.16588732631556433, 0.4056635738026785, 0.010117694580393629]
Games played: 174
Exploitability: P1=4.600000000 P2=0.040062496 EV: (0.011506591247554973, -0.011506591247554973) P1 Winnings: 91.0
Choosing model 0
[0.3567169789372169, 0.06376171684285817, 0.17039662605208486, 0.397652090941659, 0.011472587226181183]
Games played: 175
Exploitability: P1=1.900000000 P2=0.040062496 EV: (-0.08713902985978822, 0.08713902985978822) P1 Winnings: 88.0
Choosing model 0
[0.35671690799803085, 0.06376176091079717, 0.1703966112502996, 0.39765214070134824, 0.011472579139524042]
Games played: 176
Exploitability: P1=1.900000000 P2=0.040062496 EV: (-0.08713902985978822, 0.08713902985978822) P1 Winnings: 87.0
Choosing model 0
[0.3731259498824447, 0.051172492359825, 0.1744320485123822, 0.38832383432606105, 0.012945674919287038]
Games played: 177
Exploitability: P1=1.900000000 P2=0.040062496 EV: (-0.08713902985978822, 0.08713902985978822) P1 Winnings: 88.0
Choosing model 2
[0.348124744134929, 0.06717641023223392, 0.16898987204141702, 0.40535920532170494, 0.01034976826971518]
Games played: 178
Exploitability: P1=4.600000000 P2=0.040062496 EV: (0.011506591247554973, -0.011506591247554973) P1 Winnings: 93.0
Choosing model 2
[0.3427221985466878, 0.07080804120309142, 0.16776560616761624, 0.4088833478495108, 0.009820806233093645]
Games played: 179
Exploitability: P1=4.600000000 P2=0.040062496 EV: (0.011506591247554973, -0.011506591247554973) P1 Winnings: 80.0
Choosing model 3
[0.35256181300353123, 0.07520534849268597, 0.18273862073820363, 0.3803271541455983, 0.009167063619980821]
Games played: 180
Exploitability: P1=1.933333333 P2=0.040062496 EV: (-0.06867601327305382, 0.06867601327305382) P1 Winnings: 81.0
Choosing model 2
[0.32822746909881867, 0.09991511600901548, 0.17951994303440355, 0.3852461048124597, 0.007091367045302415]
Games played: 181
Exploitability: P1=4.600000000 P2=0.040062496 EV: (0.011506591247554973, -0.011506591247554973) P1 Winnings: 88.0
Choosing model 2
[0.3291952535942519, 0.1183453992754695, 0.19944515600596877, 0.34723799475057193, 0.005776196373737876]
Games played: 182
Exploitability: P1=4.600000000 P2=0.040062496 EV: (0.011506591247554973, -0.011506591247554973) P1 Winnings: 93.0
Choosing model 3
[0.30847892767734264, 0.10214527533294883, 0.14849464670689333, 0.43435227080330346, 0.006528879479511646]
Games played: 183
Exploitability: P1=1.933333333 P2=0.040062496 EV: (-0.06867601327305382, 0.06867601327305382) P1 Winnings: 106.0
Choosing model 0
[0.2933982392681797, 0.1619571128586275, 0.1750668232016311, 0.3655782745181827, 0.0039995501533790275]
Games played: 184
Exploitability: P1=1.900000000 P2=0.040062496 EV: (-0.08713902985978822, 0.08713902985978822) P1 Winnings: 111.0
Choosing model 2
[0.2646695282857001, 0.2019301126923531, 0.16363738237119935, 0.366644889259432, 0.0031180873913154925]
Games played: 185
Exploitability: P1=4.600000000 P2=0.040062496 EV: (0.011506591247554973, -0.011506591247554973) P1 Winnings: 111.0
Choosing model 0
[0.2817575091960609, 0.1741695028631119, 0.17120009687360457, 0.3693430201046129, 0.003529870962609663]
Games played: 186
Exploitability: P1=1.900000000 P2=0.040062496 EV: (-0.08713902985978822, 0.08713902985978822) P1 Winnings: 112.0
Choosing model 3
[0.2755022667420543, 0.18233926578343365, 0.16880627729196188, 0.37002545914624346, 0.003326731036306676]
Games played: 187
Exploitability: P1=1.933333333 P2=0.040062496 EV: (-0.06867601327305382, 0.06867601327305382) P1 Winnings: 117.0
Choosing model 1
[0.22324522097600316, 0.2653224025905875, 0.14591710748095058, 0.3634499564553208, 0.0020653124971379885]
Games played: 188
Exploitability: P1=2.800000000 P2=0.040062496 EV: (0.040062496253803315, -0.040062496253803315) P1 Winnings: 114.0
Choosing model 0
[0.2130048121649616, 0.2800489590003346, 0.1416090389492492, 0.3635182350867902, 0.00181895479866434]
Games played: 189
Exploitability: P1=1.900000000 P2=0.040062496 EV: (-0.08713902985978822, 0.08713902985978822) P1 Winnings: 117.0
Choosing model 1
[0.21681407437271544, 0.2943100756331578, 0.15262420252363526, 0.3345716445760384, 0.0016800028944530627]
Games played: 190
Exploitability: P1=2.800000000 P2=0.040062496 EV: (0.040062496253803315, -0.040062496253803315) P1 Winnings: 118.0
Choosing model 3
[0.2065080088095877, 0.3101039910421654, 0.14785988194269856, 0.3340510914991425, 0.0014770267064058969]
Games played: 191
Exploitability: P1=1.933333333 P2=0.040062496 EV: (-0.06867601327305382, 0.06867601327305382) P1 Winnings: 121.0
Choosing model 1
[0.20206305559653645, 0.31420509766366, 0.14624559501803372, 0.3361208928925801, 0.0013653588291898337]
Games played: 192
Exploitability: P1=2.800000000 P2=0.040062496 EV: (0.040062496253803315, -0.040062496253803315) P1 Winnings: 121.0
Choosing model 3
[0.2218329618377337, 0.27758663191375754, 0.1593859504255347, 0.3396192773368981, 0.0015751784860759768]
Games played: 193
Exploitability: P1=1.933333333 P2=0.040062496 EV: (-0.06867601327305382, 0.06867601327305382) P1 Winnings: 122.0
Choosing model 3
[0.19296644673185226, 0.33374048354972097, 0.1436607042595405, 0.3284481896371936, 0.0011841758216927277]
Games played: 194
Exploitability: P1=1.933333333 P2=0.040062496 EV: (-0.06867601327305382, 0.06867601327305382) P1 Winnings: 127.0
Choosing model 1
[0.21443446355993118, 0.2870544275842354, 0.15622819700208357, 0.3408613370957001, 0.0014215747580497522]
Games played: 195
Exploitability: P1=2.800000000 P2=0.040062496 EV: (0.040062496253803315, -0.040062496253803315) P1 Winnings: 130.0
Choosing model 3
[0.22042048469347944, 0.2614403229779292, 0.14774093858348453, 0.3688074503387648, 0.0015908034063422097]
Games played: 196
Exploitability: P1=1.933333333 P2=0.040062496 EV: (-0.06867601327305382, 0.06867601327305382) P1 Winnings: 139.0
Choosing model 2
[0.2245289144038289, 0.27495777629887347, 0.1593512790864071, 0.3396916592971653, 0.0014703709137252076]
Games played: 197
Exploitability: P1=4.600000000 P2=0.040062496 EV: (0.011506591247554973, -0.011506591247554973) P1 Winnings: 140.0
Choosing model 3
[0.21705157410523715, 0.2844352779962802, 0.1562070167873965, 0.34097922322120955, 0.0013269078898765377]
Games played: 198
Exploitability: P1=1.933333333 P2=0.040062496 EV: (-0.06867601327305382, 0.06867601327305382) P1 Winnings: 147.0
Choosing model 3
[0.23729862416501413, 0.24418385554630703, 0.16735168067857892, 0.3496066041507109, 0.0015592354593890645]
Games played: 199
Exploitability: P1=1.933333333 P2=0.040062496 EV: (-0.06867601327305382, 0.06867601327305382) P1 Winnings: 144.0
Choosing model 3
[0.24112324859976478, 0.2561733364417469, 0.180056299693126, 0.3212094902006564, 0.0014376250647058853]
Games played: 200
Exploitability: P1=1.933333333 P2=0.040062496 EV: (-0.06867601327305382, 0.06867601327305382) P1 Winnings: 145.0
