Player 1 exploitability: 0.0273091399916
Choosing model 0
[0.2101590553241933, 0.16124736106144488, 0.2056750805487912, 0.19620364484632571, 0.2267148582192449]
Games played: 1
Exploitability: P1=1.900000000 P2=-0.058342874 EV: (-0.0853932144218123, 0.0853932144218123) P1 Winnings: 0.0
Choosing model 3
[0.2081288026576777, 0.17097599553061116, 0.20540010729319322, 0.1990871322553756, 0.21640796226314238]
Games played: 2
Exploitability: P1=1.933333333 P2=-0.058342874 EV: (-0.06350481240779081, 0.06350481240779081) P1 Winnings: -9.0
Choosing model 4
[0.19490482337406634, 0.17794427737997232, 0.16212912276837155, 0.24747488551532293, 0.2175468909622669]
Games played: 3
Exploitability: P1=2.600000000 P2=-0.058342874 EV: (-0.08635587924106494, 0.08635587924106494) P1 Winnings: 0.0
Choosing model 2
[0.20238804014040812, 0.14882798118869703, 0.16537919159888984, 0.24281976254931287, 0.24058502452269218]
Games played: 4
Exploitability: P1=4.600000000 P2=-0.058342874 EV: (-0.12864533495959102, 0.12864533495959102) P1 Winnings: 1.0
Choosing model 3
[0.18447294809503909, 0.1068028190468404, 0.11354545904744076, 0.2983551057894093, 0.2968236680212704]
Games played: 5
Exploitability: P1=1.933333333 P2=-0.058342874 EV: (-0.06350481240779081, 0.06350481240779081) P1 Winnings: -8.0
Choosing model 3
[0.19335257611008758, 0.11557744839060044, 0.12601476138313614, 0.2827584699482233, 0.2822967441679525]
Games played: 6
Exploitability: P1=1.933333333 P2=-0.058342874 EV: (-0.06350481240779081, 0.06350481240779081) P1 Winnings: -7.0
Choosing model 4
[0.2011063184497492, 0.06427769266488707, 0.12370329195642084, 0.24588525431977787, 0.365027442609165]
Games played: 7
Exploitability: P1=2.600000000 P2=-0.058342874 EV: (-0.08635587924106494, 0.08635587924106494) P1 Winnings: -8.0
Choosing model 3
[0.1710487955081821, 0.031359679665420345, 0.07748605257714185, 0.25460928621834233, 0.4654961860309133]
Games played: 8
Exploitability: P1=1.933333333 P2=-0.058342874 EV: (-0.06350481240779081, 0.06350481240779081) P1 Winnings: -1.0
Choosing model 0
[0.17237324684180735, 0.028118921402082324, 0.07774702262790517, 0.2519343336277426, 0.46982647550046264]
Games played: 9
Exploitability: P1=1.900000000 P2=-0.058342874 EV: (-0.0853932144218123, 0.0853932144218123) P1 Winnings: -1.0
Choosing model 0
[0.18379842560157164, 0.030955918498715734, 0.08777888659323772, 0.24289812157347718, 0.4545686477329976]
Games played: 10
Exploitability: P1=1.900000000 P2=-0.058342874 EV: (-0.0853932144218123, 0.0853932144218123) P1 Winnings: 0.0
Choosing model 4
[0.18169669678463105, 0.023685988428598488, 0.08491882114178978, 0.2242474360662681, 0.4854510575787126]
Games played: 11
Exploitability: P1=2.600000000 P2=-0.058342874 EV: (-0.08635587924106494, 0.08635587924106494) P1 Winnings: 0.0
Choosing model 3
[0.18732938673571933, 0.035331484658270296, 0.09110375255102214, 0.2604473894166994, 0.42578798663828876]
Games played: 12
Exploitability: P1=1.933333333 P2=-0.058342874 EV: (-0.06350481240779081, 0.06350481240779081) P1 Winnings: -1.0
Choosing model 4
[0.1901609370214979, 0.05698577458431182, 0.09749573890587196, 0.3090433448986525, 0.3463142045896658]
Games played: 13
Exploitability: P1=2.600000000 P2=-0.058342874 EV: (-0.08635587924106494, 0.08635587924106494) P1 Winnings: -1.0
Choosing model 4
[0.19016093958260616, 0.05698582606924511, 0.0974957511385002, 0.30904344919112964, 0.3463140340185189]
Games played: 14
Exploitability: P1=2.600000000 P2=-0.058342874 EV: (-0.08635587924106494, 0.08635587924106494) P1 Winnings: -2.0
Choosing model 4
[0.19100505436115026, 0.05167809318654005, 0.0971459453647646, 0.3025238367836037, 0.35764707030394144]
Games played: 15
Exploitability: P1=2.600000000 P2=-0.058342874 EV: (-0.08635587924106494, 0.08635587924106494) P1 Winnings: -5.0
Choosing model 3
[0.19200077248620057, 0.04184108173460477, 0.09592689098998922, 0.28734811743074135, 0.3828831373584642]
Games played: 16
Exploitability: P1=1.933333333 P2=-0.058342874 EV: (-0.06350481240779081, 0.06350481240779081) P1 Winnings: -5.0
Choosing model 3
[0.20338768418915604, 0.04576123022218092, 0.10759607304553052, 0.2752294522147911, 0.3680255603283414]
Games played: 17
Exploitability: P1=1.933333333 P2=-0.058342874 EV: (-0.06350481240779081, 0.06350481240779081) P1 Winnings: -4.0
Choosing model 4
[0.2059647529702552, 0.06613155899325812, 0.11497604908929293, 0.30325252736476055, 0.30967511158243305]
Games played: 18
Exploitability: P1=2.600000000 P2=-0.058342874 EV: (-0.08635587924106494, 0.08635587924106494) P1 Winnings: 3.0
Choosing model 0
[0.21653603650404155, 0.07178259439186246, 0.1279908830408472, 0.28827473467595566, 0.2954157513872932]
Games played: 19
Exploitability: P1=1.900000000 P2=-0.058342874 EV: (-0.0853932144218123, 0.0853932144218123) P1 Winnings: 4.0
Choosing model 0
[0.2165360317094625, 0.07178265668907646, 0.1279908945418581, 0.28827482169412666, 0.29541559536547635]
Games played: 20
Exploitability: P1=1.900000000 P2=-0.058342874 EV: (-0.0853932144218123, 0.0853932144218123) P1 Winnings: 3.0
Choosing model 4
[0.22984921452672813, 0.08998578703880367, 0.15049569438746074, 0.27499823411491325, 0.25467106993209426]
Games played: 21
Exploitability: P1=2.600000000 P2=-0.058342874 EV: (-0.08635587924106494, 0.08635587924106494) P1 Winnings: 8.0
Choosing model 3
[0.229849201384215, 0.089985861981028, 0.15049570263784132, 0.27499830749043425, 0.2546709265064814]
Games played: 22
Exploitability: P1=1.933333333 P2=-0.058342874 EV: (-0.06350481240779081, 0.06350481240779081) P1 Winnings: 7.0
Choosing model 0
[0.2389667937162302, 0.09659217615511417, 0.1656734945817767, 0.2585172054439285, 0.24025033010295047]
Games played: 23
Exploitability: P1=1.900000000 P2=-0.058342874 EV: (-0.0853932144218123, 0.0853932144218123) P1 Winnings: 8.0
Choosing model 1
[0.24741146327276506, 0.10325172683666614, 0.1816225090008729, 0.24201182578574518, 0.22570247510395058]
Games played: 24
Exploitability: P1=2.800000000 P2=-0.058342874 EV: (-0.08875755814092257, 0.08875755814092257) P1 Winnings: 9.0
Choosing model 4
[0.22863519686696931, 0.08788516255265064, 0.13335469419101, 0.2985401710117754, 0.2515847753775948]
Games played: 25
Exploitability: P1=2.600000000 P2=-0.058342874 EV: (-0.08635587924106494, 0.08635587924106494) P1 Winnings: -4.0
Choosing model 0
[0.22863518255926166, 0.08788523527085394, 0.1333547007815933, 0.298540249056706, 0.251584632331585]
Games played: 26
Exploitability: P1=1.900000000 P2=-0.058342874 EV: (-0.0853932144218123, 0.0853932144218123) P1 Winnings: -5.0
Choosing model 1
[0.22736652249604947, 0.09357456807483924, 0.1337293415704859, 0.3041854144352618, 0.24114415342336365]
Games played: 27
Exploitability: P1=2.800000000 P2=-0.058342874 EV: (-0.08875755814092257, 0.08875755814092257) P1 Winnings: -6.0
Choosing model 2
[0.23394695552817343, 0.07269726897183754, 0.13454533403557958, 0.29117796756496483, 0.26763247389944456]
Games played: 28
Exploitability: P1=4.600000000 P2=-0.058342874 EV: (-0.12864533495959102, 0.12864533495959102) P1 Winnings: -3.0
Choosing model 3
[0.22607370827220657, 0.10163943986011731, 0.13529281458594855, 0.3169748603682516, 0.220019176913476]
Games played: 29
Exploitability: P1=1.933333333 P2=-0.058342874 EV: (-0.06350481240779081, 0.06350481240779081) P1 Winnings: -12.0
Choosing model 4
[0.23286222362290346, 0.08103148880163073, 0.1363742445049168, 0.3049101533200463, 0.24482188975050284]
Games played: 30
Exploitability: P1=2.600000000 P2=-0.058342874 EV: (-0.08635587924106494, 0.08635587924106494) P1 Winnings: -9.0
Choosing model 3
[0.23286220796182652, 0.081031561304322, 0.1363742518344228, 0.30491023953215834, 0.24482173936727042]
Games played: 31
Exploitability: P1=1.933333333 P2=-0.058342874 EV: (-0.06350481240779081, 0.06350481240779081) P1 Winnings: -12.0
Choosing model 2
[0.2428757943591737, 0.0872594641743537, 0.15060936608953449, 0.28755578317649355, 0.23169959220044453]
Games played: 32
Exploitability: P1=4.600000000 P2=-0.058342874 EV: (-0.12864533495959102, 0.12864533495959102) P1 Winnings: -11.0
Choosing model 3
[0.24264039110370114, 0.0930063386440882, 0.15252306243413138, 0.290099120241186, 0.22173108757689336]
Games played: 33
Exploitability: P1=1.933333333 P2=-0.058342874 EV: (-0.06350481240779081, 0.06350481240779081) P1 Winnings: -6.0
Choosing model 3
[0.24929572884051154, 0.07331769394222915, 0.15336308131388487, 0.27826405885553823, 0.24575943704783618]
Games played: 34
Exploitability: P1=1.933333333 P2=-0.058342874 EV: (-0.06350481240779081, 0.06350481240779081) P1 Winnings: -6.0
Choosing model 3
[0.2542415984176233, 0.05737003004097335, 0.15306861990429396, 0.26494019485487846, 0.27037955678223086]
Games played: 35
Exploitability: P1=1.933333333 P2=-0.058342874 EV: (-0.06350481240779081, 0.06350481240779081) P1 Winnings: -6.0
Choosing model 3
[0.257582222780744, 0.031078909879227366, 0.14636577126928838, 0.2244182837500057, 0.34055481232073437]
Games played: 36
Exploitability: P1=1.933333333 P2=-0.058342874 EV: (-0.06350481240779081, 0.06350481240779081) P1 Winnings: -7.0
Choosing model 2
[0.26927361301264635, 0.03354415066630825, 0.1620137271679415, 0.21212947736708151, 0.3230390317860223]
Games played: 37
Exploitability: P1=4.600000000 P2=-0.058342874 EV: (-0.12864533495959102, 0.12864533495959102) P1 Winnings: -6.0
Choosing model 4
[0.26929373836142817, 0.027179954558762993, 0.1592334105860415, 0.2007456688755264, 0.3435472276182411]
Games played: 38
Exploitability: P1=2.600000000 P2=-0.058342874 EV: (-0.08635587924106494, 0.08635587924106494) P1 Winnings: -5.0
Choosing model 2
[0.26929375634193903, 0.027179980563755243, 0.15923343905209839, 0.20074574732087436, 0.343547076721333]
Games played: 39
Exploitability: P1=4.600000000 P2=-0.058342874 EV: (-0.12864533495959102, 0.12864533495959102) P1 Winnings: -6.0
Choosing model 4
[0.24410031838234017, 0.022692699903662687, 0.11468106127427306, 0.24290213632866522, 0.37562378411105884]
Games played: 40
Exploitability: P1=2.600000000 P2=-0.058342874 EV: (-0.08635587924106494, 0.08635587924106494) P1 Winnings: -19.0
Choosing model 3
[0.2466877583965185, 0.023061639266486373, 0.11676373990356922, 0.24994582892667613, 0.36354103350674966]
Games played: 41
Exploitability: P1=1.933333333 P2=-0.058342874 EV: (-0.06350481240779081, 0.06350481240779081) P1 Winnings: -16.0
Choosing model 2
[0.24651275699310377, 0.02080645359569857, 0.1157484652616813, 0.243418849966427, 0.3735134741830892]
Games played: 42
Exploitability: P1=4.600000000 P2=-0.058342874 EV: (-0.12864533495959102, 0.12864533495959102) P1 Winnings: -13.0
Choosing model 3
[0.207452520450403, 0.02898342059518586, 0.0776045037000056, 0.3530362380382872, 0.33292331721611845]
Games played: 43
Exploitability: P1=1.933333333 P2=-0.058342874 EV: (-0.06350481240779081, 0.06350481240779081) P1 Winnings: -22.0
Choosing model 4
[0.20808394802098118, 0.019947201906756914, 0.07526324091396647, 0.3187625742441963, 0.3779430349140991]
Games played: 44
Exploitability: P1=2.600000000 P2=-0.058342874 EV: (-0.08635587924106494, 0.08635587924106494) P1 Winnings: -33.0
Choosing model 4
[0.207710328385284, 0.01603761574268802, 0.07380061866980246, 0.3006612637874809, 0.4017901734147446]
Games played: 45
Exploitability: P1=2.600000000 P2=-0.058342874 EV: (-0.08635587924106494, 0.08635587924106494) P1 Winnings: -32.0
Choosing model 4
[0.20883313443409998, 0.017263926212391773, 0.0748231926967625, 0.30972112621486153, 0.38935862044188424]
Games played: 46
Exploitability: P1=2.600000000 P2=-0.058342874 EV: (-0.08635587924106494, 0.08635587924106494) P1 Winnings: -33.0
Choosing model 3
[0.21136322331081225, 0.023570495270234783, 0.07844223159791365, 0.3469160320930198, 0.33970801772801945]
Games played: 47
Exploitability: P1=1.933333333 P2=-0.058342874 EV: (-0.06350481240779081, 0.06350481240779081) P1 Winnings: -26.0
Choosing model 0
[0.2120916837019707, 0.0181471083715116, 0.0770331620798722, 0.3249956515935657, 0.3677323942530798]
Games played: 48
Exploitability: P1=1.900000000 P2=-0.058342874 EV: (-0.0853932144218123, 0.0853932144218123) P1 Winnings: -26.0
Choosing model 4
[0.21186262271756162, 0.014687154401741667, 0.07562376167162697, 0.30719998097839396, 0.3906264802306758]
Games played: 49
Exploitability: P1=2.600000000 P2=-0.058342874 EV: (-0.08635587924106494, 0.08635587924106494) P1 Winnings: -27.0
Choosing model 3
[0.21186263894262355, 0.01468716859812195, 0.07562377593299585, 0.3072001040376736, 0.390626312488585]
Games played: 50
Exploitability: P1=1.933333333 P2=-0.058342874 EV: (-0.06350481240779081, 0.06350481240779081) P1 Winnings: -28.0
Choosing model 4
[0.21247233731718937, 0.013075110910567367, 0.07531646313216075, 0.30063721541155697, 0.39849887322852545]
Games played: 51
Exploitability: P1=2.600000000 P2=-0.058342874 EV: (-0.08635587924106494, 0.08635587924106494) P1 Winnings: -31.0
Choosing model 4
[0.23405573265959828, 0.012392832009146912, 0.08985574869406786, 0.2687916778696635, 0.39490400876752346]
Games played: 52
Exploitability: P1=2.600000000 P2=-0.058342874 EV: (-0.08635587924106494, 0.08635587924106494) P1 Winnings: -28.0
Choosing model 0
[0.26524663435503487, 0.016346649092930623, 0.11775117144371072, 0.2514825504792704, 0.3491729946290534]
Games played: 53
Exploitability: P1=1.900000000 P2=-0.058342874 EV: (-0.0853932144218123, 0.0853932144218123) P1 Winnings: -25.0
Choosing model 4
[0.25765286943012733, 0.008490343573877707, 0.10795292662850405, 0.2042368326934935, 0.4216670276739974]
Games played: 54
Exploitability: P1=2.600000000 P2=-0.058342874 EV: (-0.08635587924106494, 0.08635587924106494) P1 Winnings: -26.0
Choosing model 0
[0.271783193458975, 0.009246683459029844, 0.12057476137118078, 0.1947989245330932, 0.40359643717772126]
Games played: 55
Exploitability: P1=1.900000000 P2=-0.058342874 EV: (-0.0853932144218123, 0.0853932144218123) P1 Winnings: -25.0
Choosing model 3
[0.27712246750989844, 0.011552064203013173, 0.1258650825197292, 0.2128553571293472, 0.3726050286380119]
Games played: 56
Exploitability: P1=1.933333333 P2=-0.058342874 EV: (-0.06350481240779081, 0.06350481240779081) P1 Winnings: -30.0
Choosing model 0
[0.27854244000904155, 0.010331334676976112, 0.12596076538936682, 0.2100716754894334, 0.3750937844351821]
Games played: 57
Exploitability: P1=1.900000000 P2=-0.058342874 EV: (-0.0853932144218123, 0.0853932144218123) P1 Winnings: -35.0
Choosing model 3
[0.28039427413217405, 0.011135062227013163, 0.12786390813234408, 0.216669260429047, 0.3639374950794217]
Games played: 58
Exploitability: P1=1.933333333 P2=-0.058342874 EV: (-0.06350481240779081, 0.06350481240779081) P1 Winnings: -36.0
Choosing model 2
[0.2694473182772103, 0.005721485435129914, 0.11596763007395065, 0.1740776979370431, 0.43478586827666615]
Games played: 59
Exploitability: P1=4.600000000 P2=-0.058342874 EV: (-0.12864533495959102, 0.12864533495959102) P1 Winnings: -37.0
Choosing model 0
[0.2750013570440158, 0.006248799041927377, 0.12001957227091374, 0.18448305276522142, 0.41424721887792176]
Games played: 60
Exploitability: P1=1.900000000 P2=-0.058342874 EV: (-0.0853932144218123, 0.0853932144218123) P1 Winnings: -30.0
Choosing model 4
[0.26167689101439096, 0.0035651138300419527, 0.10876619371211614, 0.15108393714984555, 0.47490786429360543]
Games played: 61
Exploitability: P1=2.600000000 P2=-0.058342874 EV: (-0.08635587924106494, 0.08635587924106494) P1 Winnings: -29.0
Choosing model 0
[0.2566862971729888, 0.002833415321719173, 0.10485305555326241, 0.1402389131592144, 0.49538831879281525]
Games played: 62
Exploitability: P1=1.900000000 P2=-0.058342874 EV: (-0.0853932144218123, 0.0853932144218123) P1 Winnings: -30.0
Choosing model 4
[0.27106756817349986, 0.0030892867695312834, 0.1172439231143749, 0.13390854342191322, 0.47469067852068075]
Games played: 63
Exploitability: P1=2.600000000 P2=-0.058342874 EV: (-0.08635587924106494, 0.08635587924106494) P1 Winnings: -29.0
Choosing model 4
[0.21562842685620173, 0.0016915026521950726, 0.06715256588571239, 0.1444755586042122, 0.5710519460016785]
Games played: 64
Exploitability: P1=2.600000000 P2=-0.058342874 EV: (-0.08635587924106494, 0.08635587924106494) P1 Winnings: -22.0
Choosing model 0
[0.2086257310918889, 0.0012556802063811254, 0.06358549217245772, 0.13050140962712548, 0.5960316869021467]
Games played: 65
Exploitability: P1=1.900000000 P2=-0.058342874 EV: (-0.0853932144218123, 0.0853932144218123) P1 Winnings: -22.0
Choosing model 4
[0.20469325026551302, 0.0009914272643569452, 0.061932950259949146, 0.11784428250724818, 0.6145380897029327]
Games played: 66
Exploitability: P1=2.600000000 P2=-0.058342874 EV: (-0.08635587924106494, 0.08635587924106494) P1 Winnings: -21.0
Choosing model 4
[0.20469330450031434, 0.000991428409414299, 0.061932973605991405, 0.11784435191248835, 0.6145379415717916]
Games played: 67
Exploitability: P1=2.600000000 P2=-0.058342874 EV: (-0.08635587924106494, 0.08635587924106494) P1 Winnings: -22.0
Choosing model 2
[0.227007852902853, 0.0017469793625590339, 0.07240909977469405, 0.1527671603170051, 0.5460689076428888]
Games played: 68
Exploitability: P1=4.600000000 P2=-0.058342874 EV: (-0.12864533495959102, 0.12864533495959102) P1 Winnings: -22.0
Choosing model 0
[0.2161044736758804, 0.001473538899765735, 0.06341618181838278, 0.15307964891430378, 0.5659261566916673]
Games played: 69
Exploitability: P1=1.900000000 P2=-0.058342874 EV: (-0.0853932144218123, 0.0853932144218123) P1 Winnings: -31.0
Choosing model 2
[0.2161045230227494, 0.0014735405476969095, 0.06341620340192383, 0.1530797334675433, 0.5659259995600866]
Games played: 70
Exploitability: P1=4.600000000 P2=-0.058342874 EV: (-0.12864533495959102, 0.12864533495959102) P1 Winnings: -32.0
Choosing model 0
[0.21020756776555402, 0.00110543540186698, 0.06068632623681175, 0.1370305883971071, 0.5909700821986602]
Games played: 71
Exploitability: P1=1.900000000 P2=-0.058342874 EV: (-0.0853932144218123, 0.0853932144218123) P1 Winnings: -29.0
Choosing model 4
[0.20431273181225965, 0.0008705224499251698, 0.05796792801708476, 0.1260310445850327, 0.6108177731356977]
Games played: 72
Exploitability: P1=2.600000000 P2=-0.058342874 EV: (-0.08635587924106494, 0.08635587924106494) P1 Winnings: -30.0
Choosing model 4
[0.20431278513239848, 0.0008705234518749125, 0.05796794963758076, 0.1260311183099041, 0.6108176234682418]
Games played: 73
Exploitability: P1=2.600000000 P2=-0.058342874 EV: (-0.08635587924106494, 0.08635587924106494) P1 Winnings: -31.0
Choosing model 4
[0.20814961245581426, 0.0009495525205446023, 0.059552900763035994, 0.13155576641411285, 0.5997921678464924]
Games played: 74
Exploitability: P1=2.600000000 P2=-0.058342874 EV: (-0.08635587924106494, 0.08635587924106494) P1 Winnings: -32.0
Choosing model 0
[0.20053475489748127, 0.0007080693636747878, 0.056146879429505546, 0.1183646631960854, 0.624245633113253]
Games played: 75
Exploitability: P1=1.900000000 P2=-0.058342874 EV: (-0.0853932144218123, 0.0853932144218123) P1 Winnings: -39.0
Choosing model 0
[0.21088165263482847, 0.0009123246560182401, 0.06044696253159444, 0.13338902607340464, 0.5943700341041541]
Games played: 76
Exploitability: P1=1.900000000 P2=-0.058342874 EV: (-0.0853932144218123, 0.0853932144218123) P1 Winnings: -44.0
Choosing model 0
[0.19172736240554283, 0.0004973260716792636, 0.0523396844575141, 0.1043750654610068, 0.6510605616042571]
Games played: 77
Exploitability: P1=1.900000000 P2=-0.058342874 EV: (-0.0853932144218123, 0.0853932144218123) P1 Winnings: -49.0
Choosing model 3
[0.1871751066134742, 0.00039070716676583607, 0.05072513044159275, 0.09378176792973059, 0.6679272878484367]
Games played: 78
Exploitability: P1=1.933333333 P2=-0.058342874 EV: (-0.06350481240779081, 0.06350481240779081) P1 Winnings: -48.0
Choosing model 4
[0.208138668348783, 0.0007004612551747212, 0.05924707050933572, 0.12099302226446497, 0.6109207776222415]
Games played: 79
Exploitability: P1=2.600000000 P2=-0.058342874 EV: (-0.08635587924106494, 0.08635587924106494) P1 Winnings: -37.0
Choosing model 4
[0.22890986545891617, 0.0012211446543676488, 0.0685150131701013, 0.15458456952020763, 0.5467694071964073]
Games played: 80
Exploitability: P1=2.600000000 P2=-0.058342874 EV: (-0.08635587924106494, 0.08635587924106494) P1 Winnings: -40.0
Choosing model 0
[0.22646373721491733, 0.001090730255101147, 0.06724118363639124, 0.14904479469034332, 0.5561595542032469]
Games played: 81
Exploitability: P1=1.900000000 P2=-0.058342874 EV: (-0.0853932144218123, 0.0853932144218123) P1 Winnings: -43.0
Choosing model 4
[0.22646378808432602, 0.0010907314708584995, 0.06724120627146915, 0.14904487646014689, 0.5561593977131996]
Games played: 82
Exploitability: P1=2.600000000 P2=-0.058342874 EV: (-0.08635587924106494, 0.08635587924106494) P1 Winnings: -44.0
Choosing model 3
[0.21920439431365007, 0.0008171671612157559, 0.06369342868642526, 0.13473040797630495, 0.5815546018624039]
Games played: 83
Exploitability: P1=1.933333333 P2=-0.058342874 EV: (-0.06350481240779081, 0.06350481240779081) P1 Winnings: -41.0
Choosing model 0
[0.2405924723072433, 0.0014250590346416227, 0.07369896329872473, 0.17285517791338365, 0.5114283274460066]
Games played: 84
Exploitability: P1=1.900000000 P2=-0.058342874 EV: (-0.0853932144218123, 0.0853932144218123) P1 Winnings: -46.0
Choosing model 4
[0.23409907248645792, 0.0010732306995133191, 0.07017584981530889, 0.15707176954808172, 0.5375800774506382]
Games played: 85
Exploitability: P1=2.600000000 P2=-0.058342874 EV: (-0.08635587924106494, 0.08635587924106494) P1 Winnings: -46.0
Choosing model 0
[0.23409912218800155, 0.001073231882548247, 0.07017587257404719, 0.1570718537873358, 0.5375799195680673]
Games played: 86
Exploitability: P1=1.900000000 P2=-0.058342874 EV: (-0.0853932144218123, 0.0853932144218123) P1 Winnings: -47.0
Choosing model 4
[0.23764117781888094, 0.0011664708471404675, 0.07183641350460489, 0.16337000164804988, 0.5259859361813239]
Games played: 87
Exploitability: P1=2.600000000 P2=-0.058342874 EV: (-0.08635587924106494, 0.08635587924106494) P1 Winnings: -42.0
Choosing model 4
[0.23213997121232927, 0.0009177838815351182, 0.06893351838525684, 0.15079647289303555, 0.5472122536278432]
Games played: 88
Exploitability: P1=2.600000000 P2=-0.058342874 EV: (-0.08635587924106494, 0.08635587924106494) P1 Winnings: -41.0
Choosing model 3
[0.24607209554955176, 0.0013123569885454538, 0.0756879208811352, 0.17689972155183345, 0.5000279050289341]
Games played: 89
Exploitability: P1=1.933333333 P2=-0.058342874 EV: (-0.06350481240779081, 0.06350481240779081) P1 Winnings: -34.0
Choosing model 4
[0.26143443152537327, 0.0014395459006039777, 0.08514543507692615, 0.16993875820866264, 0.48204182928843403]
Games played: 90
Exploitability: P1=2.600000000 P2=-0.058342874 EV: (-0.08635587924106494, 0.08635587924106494) P1 Winnings: -33.0
Choosing model 2
[0.3148930314025455, 0.0028905169763058835, 0.1271225766605781, 0.18113358686416592, 0.37396028809640464]
Games played: 91
Exploitability: P1=4.600000000 P2=-0.058342874 EV: (-0.12864533495959102, 0.12864533495959102) P1 Winnings: -28.0
Choosing model 4
[0.34019815865844505, 0.003687958069386866, 0.1521331109587842, 0.1758645230353675, 0.3281162492780165]
Games played: 92
Exploitability: P1=2.600000000 P2=-0.058342874 EV: (-0.08635587924106494, 0.08635587924106494) P1 Winnings: -23.0
Choosing model 4
[0.3464258191377246, 0.005190615866302299, 0.16052189301692826, 0.19910187470514712, 0.2887597972738978]
Games played: 93
Exploitability: P1=2.600000000 P2=-0.058342874 EV: (-0.08635587924106494, 0.08635587924106494) P1 Winnings: -18.0
Choosing model 0
[0.3459819108946829, 0.004680347700720757, 0.15903505279316069, 0.19379162396633706, 0.2965110646450985]
Games played: 94
Exploitability: P1=1.900000000 P2=-0.058342874 EV: (-0.0853932144218123, 0.0853932144218123) P1 Winnings: -21.0
Choosing model 3
[0.34996986533895447, 0.0066612565219016685, 0.16704176550924174, 0.21932029072326495, 0.2570068219066372]
Games played: 95
Exploitability: P1=1.933333333 P2=-0.058342874 EV: (-0.06350481240779081, 0.06350481240779081) P1 Winnings: -16.0
Choosing model 2
[0.35094494274448373, 0.005929577910976002, 0.1663477575979322, 0.21461521849641338, 0.26216250325019474]
Games played: 96
Exploitability: P1=4.600000000 P2=-0.058342874 EV: (-0.12864533495959102, 0.12864533495959102) P1 Winnings: -19.0
Choosing model 2
[0.2920335916974293, 0.006266996537392923, 0.10102943858465295, 0.3220414361201552, 0.2786285370603696]
Games played: 97
Exploitability: P1=4.600000000 P2=-0.058342874 EV: (-0.12864533495959102, 0.12864533495959102) P1 Winnings: -6.0
Choosing model 3
[0.29203361333188105, 0.006267018146625968, 0.10102948890581209, 0.3220418557685565, 0.27862802384712454]
Games played: 98
Exploitability: P1=1.933333333 P2=-0.058342874 EV: (-0.06350481240779081, 0.06350481240779081) P1 Winnings: -15.0
Choosing model 4
[0.2918782903276219, 0.007674575574486472, 0.10337530917054914, 0.3449293598233066, 0.2521424651040358]
Games played: 99
Exploitability: P1=2.600000000 P2=-0.058342874 EV: (-0.08635587924106494, 0.08635587924106494) P1 Winnings: -24.0
Choosing model 3
[0.2918782895741564, 0.007674582385061098, 0.1033753204817503, 0.34492947069023144, 0.2521423368688008]
Games played: 100
Exploitability: P1=1.933333333 P2=-0.058342874 EV: (-0.06350481240779081, 0.06350481240779081) P1 Winnings: -25.0
Choosing model 0
[0.2928270583641466, 0.0069515276109102095, 0.10288255128296889, 0.33725331443364687, 0.26008554830832753]
Games played: 101
Exploitability: P1=1.900000000 P2=-0.058342874 EV: (-0.0853932144218123, 0.0853932144218123) P1 Winnings: -22.0
Choosing model 3
[0.2942169035610929, 0.005658953644249136, 0.10158932331195444, 0.3206456456884412, 0.2778891737942624]
Games played: 102
Exploitability: P1=1.933333333 P2=-0.058342874 EV: (-0.06350481240779081, 0.06350481240779081) P1 Winnings: -21.0
Choosing model 4
[0.29492408489637967, 0.004454305116725424, 0.09979021238260485, 0.30143064103596684, 0.29940075656832327]
Games played: 103
Exploitability: P1=2.600000000 P2=-0.058342874 EV: (-0.08635587924106494, 0.08635587924106494) P1 Winnings: -24.0
Choosing model 4
[0.31063918311661404, 0.0048439435065995035, 0.11129312021700927, 0.28707691218611203, 0.28614684097366516]
Games played: 104
Exploitability: P1=2.600000000 P2=-0.058342874 EV: (-0.08635587924106494, 0.08635587924106494) P1 Winnings: -23.0
Choosing model 3
[0.31167527884516466, 0.004314241717173108, 0.11089142924693421, 0.2810721083631734, 0.2920469418275545]
Games played: 105
Exploitability: P1=1.933333333 P2=-0.058342874 EV: (-0.06350481240779081, 0.06350481240779081) P1 Winnings: -23.0
Choosing model 0
[0.31137252235423557, 0.003306944530517161, 0.10842001862799656, 0.26215288580256585, 0.3147476286846848]
Games played: 106
Exploitability: P1=1.900000000 P2=-0.058342874 EV: (-0.0853932144218123, 0.0853932144218123) P1 Winnings: -23.0
Choosing model 3
[0.3269955718703221, 0.0035855980991858424, 0.1205606111656005, 0.248932215173091, 0.2999260036918007]
Games played: 107
Exploitability: P1=1.933333333 P2=-0.058342874 EV: (-0.06350481240779081, 0.06350481240779081) P1 Winnings: -22.0
Choosing model 4
[0.3293548262097566, 0.004991585802837695, 0.12582294318935014, 0.2787546545165579, 0.2610759902814977]
Games played: 108
Exploitability: P1=2.600000000 P2=-0.058342874 EV: (-0.08635587924106494, 0.08635587924106494) P1 Winnings: -35.0
Choosing model 4
[0.3442678847209016, 0.00538696473001298, 0.1392600977647475, 0.2634629081477577, 0.24762214463658028]
Games played: 109
Exploitability: P1=2.600000000 P2=-0.058342874 EV: (-0.08635587924106494, 0.08635587924106494) P1 Winnings: -34.0
Choosing model 4
[0.34197603512641317, 0.002861242829512891, 0.1305599394949959, 0.2188062646155336, 0.30579651793354445]
Games played: 110
Exploitability: P1=2.600000000 P2=-0.058342874 EV: (-0.08635587924106494, 0.08635587924106494) P1 Winnings: -35.0
Choosing model 2
[0.3402874909491468, 0.0022932074079880346, 0.1276197312795874, 0.20573145804306933, 0.32406811232020855]
Games played: 111
Exploitability: P1=4.600000000 P2=-0.058342874 EV: (-0.12864533495959102, 0.12864533495959102) P1 Winnings: -34.0
Choosing model 4
[0.34214213787569264, 0.0024686661521667176, 0.12939375534005174, 0.21194019339459086, 0.3140552472374979]
Games played: 112
Exploitability: P1=2.600000000 P2=-0.058342874 EV: (-0.08635587924106494, 0.08635587924106494) P1 Winnings: -47.0
Choosing model 3
[0.3438195345192917, 0.0026561023040721, 0.13112098983078044, 0.2182173844835176, 0.3041859888623382]
Games played: 113
Exploitability: P1=1.933333333 P2=-0.058342874 EV: (-0.06350481240779081, 0.06350481240779081) P1 Winnings: -48.0
Choosing model 4
[0.3586218475649611, 0.0028603824591981095, 0.1448147474763399, 0.20580712976800528, 0.28789589273149563]
Games played: 114
Exploitability: P1=2.600000000 P2=-0.058342874 EV: (-0.08635587924106494, 0.08635587924106494) P1 Winnings: -47.0
Choosing model 3
[0.362684509646998, 0.004585509798662354, 0.15399697164260567, 0.24179468869754261, 0.23693832021419137]
Games played: 115
Exploitability: P1=1.933333333 P2=-0.058342874 EV: (-0.06350481240779081, 0.06350481240779081) P1 Winnings: -50.0
Choosing model 0
[0.3761885505484514, 0.004910631033626354, 0.16913096369380246, 0.22677135622533867, 0.2229984984987812]
Games played: 116
Exploitability: P1=1.900000000 P2=-0.058342874 EV: (-0.0853932144218123, 0.0853932144218123) P1 Winnings: -49.0
Choosing model 0
[0.3770341442541585, 0.0037762168044514024, 0.16589442831022652, 0.21218870827976305, 0.24110650235140052]
Games played: 117
Exploitability: P1=1.900000000 P2=-0.058342874 EV: (-0.0853932144218123, 0.0853932144218123) P1 Winnings: -48.0
Choosing model 0
[0.37333983630868245, 0.001947915255181434, 0.15514631078508592, 0.17563394461850787, 0.2939319930325423]
Games played: 118
Exploitability: P1=1.900000000 P2=-0.058342874 EV: (-0.0853932144218123, 0.0853932144218123) P1 Winnings: -51.0
Choosing model 3
[0.3193356879875763, 0.0011468303732881729, 0.09554949404667443, 0.2037554437984725, 0.3802125437939886]
Games played: 119
Exploitability: P1=1.933333333 P2=-0.058342874 EV: (-0.06350481240779081, 0.06350481240779081) P1 Winnings: -44.0
Choosing model 0
[0.3190694676198922, 0.0010171763660217841, 0.094809034530442, 0.19866454898197997, 0.38643977250166406]
Games played: 120
Exploitability: P1=1.900000000 P2=-0.058342874 EV: (-0.0853932144218123, 0.0853932144218123) P1 Winnings: -47.0
Choosing model 4
[0.33558379785709386, 0.001104549312828081, 0.10558441977919052, 0.18893002710700024, 0.3687972059438873]
Games played: 121
Exploitability: P1=2.600000000 P2=-0.058342874 EV: (-0.08635587924106494, 0.08635587924106494) P1 Winnings: -46.0
Choosing model 4
[0.3271118064634361, 0.0007387252002347989, 0.09951085527307985, 0.16577612764585464, 0.4068624854173947]
Games played: 122
Exploitability: P1=2.600000000 P2=-0.058342874 EV: (-0.08635587924106494, 0.08635587924106494) P1 Winnings: -46.0
Choosing model 3
[0.34349079258039317, 0.0008008937546180596, 0.11064294226464455, 0.15740036881766456, 0.38766500258267966]
Games played: 123
Exploitability: P1=1.933333333 P2=-0.058342874 EV: (-0.06350481240779081, 0.06350481240779081) P1 Winnings: -45.0
Choosing model 4
[0.35946782502597596, 0.0008653522811159704, 0.12260354188379465, 0.1489414384022703, 0.3681218424068431]
Games played: 124
Exploitability: P1=2.600000000 P2=-0.058342874 EV: (-0.08635587924106494, 0.08635587924106494) P1 Winnings: -44.0
Choosing model 4
[0.3537052169008632, 0.0006533093781660541, 0.118064145048782, 0.1368220044286008, 0.39075532424358783]
Games played: 125
Exploitability: P1=2.600000000 P2=-0.058342874 EV: (-0.08635587924106494, 0.08635587924106494) P1 Winnings: -44.0
Choosing model 0
[0.3571778762758957, 0.0007063507824623668, 0.12022534451468334, 0.14156342789240248, 0.3803270005345561]
Games played: 126
Exploitability: P1=1.900000000 P2=-0.058342874 EV: (-0.0853932144218123, 0.0853932144218123) P1 Winnings: -45.0
Choosing model 4
[0.3461738707340552, 0.00046971316642068113, 0.11266295817286354, 0.12350557813444668, 0.4171878797922139]
Games played: 127
Exploitability: P1=2.600000000 P2=-0.058342874 EV: (-0.08635587924106494, 0.08635587924106494) P1 Winnings: -42.0
Choosing model 4
[0.34617392989208084, 0.0004697136985554948, 0.11266299105820389, 0.12350564246749021, 0.4171877228836696]
Games played: 128
Exploitability: P1=2.600000000 P2=-0.058342874 EV: (-0.08635587924106494, 0.08635587924106494) P1 Winnings: -45.0
Choosing model 2
[0.3500468207121251, 0.0005085380553461833, 0.1148809384409872, 0.1279589344361039, 0.40660476835543763]
Games played: 129
Exploitability: P1=4.600000000 P2=-0.058342874 EV: (-0.12864533495959102, 0.12864533495959102) P1 Winnings: -46.0
Choosing model 4
[0.3442534185402803, 0.0004052052889081455, 0.11103245568502595, 0.11907913432307055, 0.4252297861627152]
Games played: 130
Exploitability: P1=2.600000000 P2=-0.058342874 EV: (-0.08635587924106494, 0.08635587924106494) P1 Winnings: -47.0
Choosing model 0
[0.34425347492510794, 0.0004052057159096979, 0.11103248630655226, 0.11907919240861373, 0.4252296406438163]
Games played: 131
Exploitability: P1=1.900000000 P2=-0.058342874 EV: (-0.0853932144218123, 0.0853932144218123) P1 Winnings: -48.0
Choosing model 2
[0.34425353130991176, 0.0004052061429116613, 0.11103251692807634, 0.1190792504941738, 0.42522949512492636]
Games played: 132
Exploitability: P1=4.600000000 P2=-0.058342874 EV: (-0.12864533495959102, 0.12864533495959102) P1 Winnings: -49.0
Choosing model 4
[0.3326017957831274, 0.0003468751279245227, 0.09869165598953705, 0.1211007557502059, 0.4472589173492051]
Games played: 133
Exploitability: P1=2.600000000 P2=-0.058342874 EV: (-0.08635587924106494, 0.08635587924106494) P1 Winnings: -58.0
Choosing model 4
[0.27184383548938246, 0.00016262417049759705, 0.05940504247998857, 0.12050059811209714, 0.5480878997480343]
Games played: 134
Exploitability: P1=2.600000000 P2=-0.058342874 EV: (-0.08635587924106494, 0.08635587924106494) P1 Winnings: -51.0
Choosing model 4
[0.2763593487780882, 0.00017701016980712004, 0.0608993841335721, 0.1255150809791377, 0.5370491759393949]
Games played: 135
Exploitability: P1=2.600000000 P2=-0.058342874 EV: (-0.08635587924106494, 0.08635587924106494) P1 Winnings: -52.0
Choosing model 0
[0.3052878248756727, 0.00035113188510038575, 0.07176436560584103, 0.16806886040306454, 0.4545278172303214]
Games played: 136
Exploitability: P1=1.900000000 P2=-0.058342874 EV: (-0.0853932144218123, 0.0853932144218123) P1 Winnings: -55.0
Choosing model 0
[0.32270201737941606, 0.0003832088901297182, 0.08032216805824816, 0.16063653414445897, 0.4359560715277472]
Games played: 137
Exploitability: P1=1.900000000 P2=-0.058342874 EV: (-0.0853932144218123, 0.0853932144218123) P1 Winnings: -54.0
Choosing model 4
[0.3361691289806955, 0.0005616845880563922, 0.08688534454433573, 0.187226374326578, 0.3891574675603343]
Games played: 138
Exploitability: P1=2.600000000 P2=-0.058342874 EV: (-0.08635587924106494, 0.08635587924106494) P1 Winnings: -49.0
Choosing model 3
[0.33434681465573196, 0.000504368501028556, 0.08572378394018558, 0.181477547136058, 0.3979474857669959]
Games played: 139
Exploitability: P1=1.933333333 P2=-0.058342874 EV: (-0.06350481240779081, 0.06350481240779081) P1 Winnings: -52.0
Choosing model 0
[0.3516410055826825, 0.0005476755982613703, 0.09546364947083867, 0.17257985438650808, 0.37976781496170936]
Games played: 140
Exploitability: P1=1.900000000 P2=-0.058342874 EV: (-0.0853932144218123, 0.0853932144218123) P1 Winnings: -51.0
Choosing model 0
[0.35470682857636565, 0.0005914960926992184, 0.09710531184971212, 0.17836604012119384, 0.36923032336002914]
Games played: 141
Exploitability: P1=1.900000000 P2=-0.058342874 EV: (-0.0853932144218123, 0.0853932144218123) P1 Winnings: -52.0
Choosing model 0
[0.3357178370291072, 0.0005457259887499008, 0.07946432897325614, 0.20342823954520822, 0.38084386846367857]
Games played: 142
Exploitability: P1=1.900000000 P2=-0.058342874 EV: (-0.0853932144218123, 0.0853932144218123) P1 Winnings: -43.0
Choosing model 4
[0.3318210927854335, 0.0004370224350494374, 0.07718832908442062, 0.19026273853083034, 0.40029081716426607]
Games played: 143
Exploitability: P1=2.600000000 P2=-0.058342874 EV: (-0.08635587924106494, 0.08635587924106494) P1 Winnings: -44.0
Choosing model 0
[0.34955931551775354, 0.0004753283695109822, 0.08609995161040276, 0.18123226102551326, 0.3826331434768194]
Games played: 144
Exploitability: P1=1.900000000 P2=-0.058342874 EV: (-0.0853932144218123, 0.0853932144218123) P1 Winnings: -43.0
Choosing model 0
[0.3525979532308019, 0.0005133470788158331, 0.0875783447079526, 0.18730374113450227, 0.37200661384792744]
Games played: 145
Exploitability: P1=1.900000000 P2=-0.058342874 EV: (-0.0853932144218123, 0.0853932144218123) P1 Winnings: -44.0
Choosing model 4
[0.3484458987903236, 0.0004110230603695567, 0.08505545050426987, 0.17515193999831905, 0.3909356876467178]
Games played: 146
Exploitability: P1=2.600000000 P2=-0.058342874 EV: (-0.08635587924106494, 0.08635587924106494) P1 Winnings: -45.0
Choosing model 3
[0.3313963070588376, 0.0002343822959719239, 0.07704168593217119, 0.14337008477987925, 0.4479575399331399]
Games played: 147
Exploitability: P1=1.933333333 P2=-0.058342874 EV: (-0.06350481240779081, 0.06350481240779081) P1 Winnings: -45.0
Choosing model 4
[0.332148099816361, 0.00020901916581631872, 0.07688122125832952, 0.141093148799511, 0.44966851095998217]
Games played: 148
Exploitability: P1=2.600000000 P2=-0.058342874 EV: (-0.08635587924106494, 0.08635587924106494) P1 Winnings: -50.0
Choosing model 3
[0.3737802337065045, 0.0002737778112054113, 0.10004458853757428, 0.13108467553240635, 0.39481672441230947]
Games played: 149
Exploitability: P1=1.933333333 P2=-0.058342874 EV: (-0.06350481240779081, 0.06350481240779081) P1 Winnings: -47.0
Choosing model 0
[0.39598127992643206, 0.00024955418932141757, 0.11478654625455882, 0.11271103506808881, 0.37627158456159887]
Games played: 150
Exploitability: P1=1.900000000 P2=-0.058342874 EV: (-0.0853932144218123, 0.0853932144218123) P1 Winnings: -44.0
Choosing model 0
[0.3883501660929971, 0.00018778383891474143, 0.1101725489713441, 0.10319870358693117, 0.3980907975098129]
Games played: 151
Exploitability: P1=1.900000000 P2=-0.058342874 EV: (-0.0853932144218123, 0.0853932144218123) P1 Winnings: -43.0
Choosing model 0
[0.37994820941839713, 0.00014096251132137558, 0.10548916940923894, 0.09426144907251698, 0.42016020958852573]
Games played: 152
Exploitability: P1=1.900000000 P2=-0.058342874 EV: (-0.0853932144218123, 0.0853932144218123) P1 Winnings: -42.0
Choosing model 4
[0.3159829834480268, 6.724499348155667e-05, 0.06460931567660379, 0.09543789563129938, 0.5239025602505885]
Games played: 153
Exploitability: P1=2.600000000 P2=-0.058342874 EV: (-0.08635587924106494, 0.08635587924106494) P1 Winnings: -42.0
Choosing model 4
[0.3159830551373728, 6.724506858609379e-05, 0.06460933757124639, 0.09543794820593313, 0.5239024140168616]
Games played: 154
Exploitability: P1=2.600000000 P2=-0.058342874 EV: (-0.08635587924106494, 0.08635587924106494) P1 Winnings: -43.0
Choosing model 4
[0.3058616793693048, 4.91463310982282e-05, 0.06115157114966349, 0.08594321873613732, 0.5469943844137962]
Games played: 155
Exploitability: P1=2.600000000 P2=-0.058342874 EV: (-0.08635587924106494, 0.08635587924106494) P1 Winnings: -43.0
Choosing model 0
[0.3058617534004901, 4.9146386734008126e-05, 0.06115159279986611, 0.08594326738361917, 0.5469942400292905]
Games played: 156
Exploitability: P1=1.900000000 P2=-0.058342874 EV: (-0.0853932144218123, 0.0853932144218123) P1 Winnings: -44.0
Choosing model 0
[0.2972413658274001, 3.8696812345939726e-05, 0.0584038792393467, 0.07903307228844231, 0.565282985832465]
Games played: 157
Exploitability: P1=1.900000000 P2=-0.058342874 EV: (-0.0853932144218123, 0.0853932144218123) P1 Winnings: -45.0
Choosing model 4
[0.3026891478784079, 4.2191138703365847e-05, 0.05997416570191163, 0.08246098228177819, 0.5548335129991989]
Games played: 158
Exploitability: P1=2.600000000 P2=-0.058342874 EV: (-0.08635587924106494, 0.08635587924106494) P1 Winnings: -46.0
Choosing model 3
[0.2987914634434643, 3.7601802920372104e-05, 0.05872878202761487, 0.07932979844595955, 0.5631123542800409]
Games played: 159
Exploitability: P1=1.933333333 P2=-0.058342874 EV: (-0.06350481240779081, 0.06350481240779081) P1 Winnings: -49.0
Choosing model 4
[0.3279776410551697, 6.542684488051727e-05, 0.06778508927438427, 0.10115945497723176, 0.5030123878483337]
Games played: 160
Exploitability: P1=2.600000000 P2=-0.058342874 EV: (-0.08635587924106494, 0.08635587924106494) P1 Winnings: -52.0
Choosing model 0
[0.3198915686153441, 5.170279918848373e-05, 0.064974444388158, 0.09336368102898615, 0.5217186031683233]
Games played: 161
Exploitability: P1=1.900000000 P2=-0.058342874 EV: (-0.0853932144218123, 0.0853932144218123) P1 Winnings: -53.0
Choosing model 2
[0.3095220769974318, 3.838375000639278e-05, 0.06152689240631923, 0.08433847948934169, 0.5445741673569009]
Games played: 162
Exploitability: P1=4.600000000 P2=-0.058342874 EV: (-0.12864533495959102, 0.12864533495959102) P1 Winnings: -52.0
Choosing model 0
[0.3275001806285493, 4.1931502736905236e-05, 0.06893174453436664, 0.0806882978736382, 0.522837845460709]
Games played: 163
Exploitability: P1=1.900000000 P2=-0.058342874 EV: (-0.0853932144218123, 0.0853932144218123) P1 Winnings: -51.0
Choosing model 0
[0.3275002561683611, 4.193154972777052e-05, 0.06893176815424519, 0.08068834262792844, 0.5228377014997375]
Games played: 164
Exploitability: P1=1.900000000 P2=-0.058342874 EV: (-0.0853932144218123, 0.0853932144218123) P1 Winnings: -52.0
Choosing model 0
[0.3166244238763104, 3.110413944799939e-05, 0.06522074504357939, 0.07282869480501011, 0.5452950321356522]
Games played: 165
Exploitability: P1=1.900000000 P2=-0.058342874 EV: (-0.0853932144218123, 0.0853932144218123) P1 Winnings: -51.0
Choosing model 4
[0.30540917033276427, 2.3019737086112643e-05, 0.06156827484161587, 0.0655841887435972, 0.5674153463449365]
Games played: 166
Exploitability: P1=2.600000000 P2=-0.058342874 EV: (-0.08635587924106494, 0.08635587924106494) P1 Winnings: -50.0
Choosing model 4
[0.2864504432638649, 1.4813932262275498e-05, 0.05583413556384856, 0.0553722722358339, 0.6023283350041905]
Games played: 167
Exploitability: P1=2.600000000 P2=-0.058342874 EV: (-0.08635587924106494, 0.08635587924106494) P1 Winnings: -50.0
Choosing model 4
[0.29227918239111306, 1.61836766435043e-05, 0.057449082915493714, 0.05788856275379634, 0.5923669882629533]
Games played: 168
Exploitability: P1=2.600000000 P2=-0.058342874 EV: (-0.08635587924106494, 0.08635587924106494) P1 Winnings: -51.0
Choosing model 4
[0.282585884772597, 1.2602830071015975e-05, 0.054562373636367296, 0.05288542372935924, 0.6099537150316053]
Games played: 169
Exploitability: P1=2.600000000 P2=-0.058342874 EV: (-0.08635587924106494, 0.08635587924106494) P1 Winnings: -50.0
Choosing model 0
[0.2825859654170017, 1.2602844884158279e-05, 0.054562395318386116, 0.05288545595672671, 0.6099535804630013]
Games played: 170
Exploitability: P1=1.900000000 P2=-0.058342874 EV: (-0.0853932144218123, 0.0853932144218123) P1 Winnings: -51.0
Choosing model 4
[0.300095896834698, 1.3818190367026037e-05, 0.06135320760153867, 0.05078209291517512, 0.5877549844582212]
Games played: 171
Exploitability: P1=2.600000000 P2=-0.058342874 EV: (-0.08635587924106494, 0.08635587924106494) P1 Winnings: -50.0
Choosing model 0
[0.28037091018704835, 8.85781560983345e-06, 0.05542242873288007, 0.042708002457322154, 0.6214898008071397]
Games played: 172
Exploitability: P1=1.900000000 P2=-0.058342874 EV: (-0.0853932144218123, 0.0853932144218123) P1 Winnings: -50.0
Choosing model 4
[0.2977571804128622, 9.712455437555266e-06, 0.062323125060161626, 0.041011289518366426, 0.5988986925531722]
Games played: 173
Exploitability: P1=2.600000000 P2=-0.058342874 EV: (-0.08635587924106494, 0.08635587924106494) P1 Winnings: -49.0
Choosing model 0
[0.34186913892298404, 1.297938969434669e-05, 0.08274383520218578, 0.038874294323950044, 0.5364997521611857]
Games played: 174
Exploitability: P1=1.900000000 P2=-0.058342874 EV: (-0.0853932144218123, 0.0853932144218123) P1 Winnings: -46.0
Choosing model 0
[0.3480442592273993, 1.4147747538401728e-05, 0.08494643196012927, 0.04054983875760063, 0.5264453223073324]
Games played: 175
Exploitability: P1=1.900000000 P2=-0.058342874 EV: (-0.0853932144218123, 0.0853932144218123) P1 Winnings: -47.0
Choosing model 4
[0.3731392148026579, 2.134147849615898e-05, 0.09456632610277578, 0.04863983618278305, 0.48363328143328715]
Games played: 176
Exploitability: P1=2.600000000 P2=-0.058342874 EV: (-0.08635587924106494, 0.08635587924106494) P1 Winnings: -42.0
Choosing model 0
[0.39026685354211726, 2.3045619592795056e-05, 0.10472772448832664, 0.04599893232865089, 0.45898344402131236]
Games played: 177
Exploitability: P1=1.900000000 P2=-0.058342874 EV: (-0.0853932144218123, 0.0853932144218123) P1 Winnings: -41.0
Choosing model 0
[0.37082860114098815, 1.502492890331625e-05, 0.09621645448459248, 0.03934481273692282, 0.49359510670859325]
Games played: 178
Exploitability: P1=1.900000000 P2=-0.058342874 EV: (-0.0853932144218123, 0.0853932144218123) P1 Winnings: -48.0
Choosing model 2
[0.37082868503068656, 1.5024945674506999e-05, 0.09621648702716709, 0.03934483438534478, 0.49359496861112695]
Games played: 179
Exploitability: P1=4.600000000 P2=-0.058342874 EV: (-0.12864533495959102, 0.12864533495959102) P1 Winnings: -49.0
Choosing model 0
[0.3585604893941752, 1.114670556061148e-05, 0.09104837007186463, 0.03551696078224843, 0.514863033046151]
Games played: 180
Exploitability: P1=1.900000000 P2=-0.058342874 EV: (-0.0853932144218123, 0.0853932144218123) P1 Winnings: -48.0
Choosing model 3
[0.36475143383103464, 1.2140582309016822e-05, 0.09339887833614874, 0.037018805799069424, 0.504818741451438]
Games played: 181
Exploitability: P1=1.933333333 P2=-0.058342874 EV: (-0.06350481240779081, 0.06350481240779081) P1 Winnings: -43.0
Choosing model 4
[0.38108839566006336, 1.554149158310004e-05, 0.09990105880262787, 0.04144765949024267, 0.47754734455548303]
Games played: 182
Exploitability: P1=2.600000000 P2=-0.058342874 EV: (-0.08635587924106494, 0.08635587924106494) P1 Winnings: -52.0
Choosing model 0
[0.3767204874698791, 1.3870825235307336e-05, 0.09796682884417109, 0.03993098641298257, 0.48536782644773196]
Games played: 183
Exploitability: P1=1.900000000 P2=-0.058342874 EV: (-0.0853932144218123, 0.0853932144218123) P1 Winnings: -55.0
Choosing model 2
[0.37672057097914763, 1.387084065517565e-05, 0.09796686153321348, 0.039931008202326604, 0.4853676884446571]
Games played: 184
Exploitability: P1=4.600000000 P2=-0.058342874 EV: (-0.12864533495959102, 0.12864533495959102) P1 Winnings: -56.0
Choosing model 0
[0.36817666298321317, 1.539662139292177e-05, 0.08302582189588452, 0.04705623405918691, 0.5017258844403223]
Games played: 185
Exploitability: P1=1.900000000 P2=-0.058342874 EV: (-0.0853932144218123, 0.0853932144218123) P1 Winnings: -51.0
Choosing model 4
[0.37427033534356063, 1.6757646796715425e-05, 0.08510934556297757, 0.04901154048648978, 0.4915920209601753]
Games played: 186
Exploitability: P1=2.600000000 P2=-0.058342874 EV: (-0.08635587924106494, 0.08635587924106494) P1 Winnings: -52.0
Choosing model 4
[0.3641644159224619, 1.3132984746372865e-05, 0.08134800850432251, 0.04506102782626255, 0.5094134147622067]
Games played: 187
Exploitability: P1=2.600000000 P2=-0.058342874 EV: (-0.08635587924106494, 0.08635587924106494) P1 Winnings: -52.0
Choosing model 4
[0.29034544057743955, 7.207206197488632e-06, 0.04669907130241492, 0.04872773658407559, 0.6142205443298724]
Games played: 188
Exploitability: P1=2.600000000 P2=-0.058342874 EV: (-0.08635587924106494, 0.08635587924106494) P1 Winnings: -45.0
Choosing model 4
[0.30848681260160765, 7.906088146298292e-06, 0.05253687218844093, 0.04681259385094347, 0.5921558152708617]
Games played: 189
Exploitability: P1=2.600000000 P2=-0.058342874 EV: (-0.08635587924106494, 0.08635587924106494) P1 Winnings: -44.0
Choosing model 4
[0.29805864117237796, 6.152690552113525e-06, 0.04986397556354483, 0.0427384197155182, 0.6093328108580068]
Games played: 190
Exploitability: P1=2.600000000 P2=-0.058342874 EV: (-0.08635587924106494, 0.08635587924106494) P1 Winnings: -43.0
Choosing model 4
[0.31627444395165577, 6.740631235280054e-06, 0.056025231703042085, 0.04100584045767571, 0.5866877432563912]
Games played: 191
Exploitability: P1=2.600000000 P2=-0.058342874 EV: (-0.08635587924106494, 0.08635587924106494) P1 Winnings: -42.0
Choosing model 0
[0.26939313456917013, 4.4551190089023826e-06, 0.03752353686393591, 0.043253458392508916, 0.6498254150553762]
Games played: 192
Exploitability: P1=1.900000000 P2=-0.058342874 EV: (-0.0853932144218123, 0.0853932144218123) P1 Winnings: -35.0
Choosing model 0
[0.28723652755671103, 4.904396410823386e-06, 0.04236344676569602, 0.041700268974682285, 0.6286948523064998]
Games played: 193
Exploitability: P1=1.900000000 P2=-0.058342874 EV: (-0.0853932144218123, 0.0853932144218123) P1 Winnings: -34.0
Choosing model 4
[0.28723661368755204, 4.904402246380275e-06, 0.042363464213530364, 0.04170029498985739, 0.6286947227068138]
Games played: 194
Exploitability: P1=2.600000000 P2=-0.058342874 EV: (-0.08635587924106494, 0.08635587924106494) P1 Winnings: -35.0
Choosing model 4
[0.28723669981839706, 4.904408081943735e-06, 0.04236348166136867, 0.04170032100504555, 0.6286945931071067]
Games played: 195
Exploitability: P1=2.600000000 P2=-0.058342874 EV: (-0.08635587924106494, 0.08635587924106494) P1 Winnings: -36.0
Choosing model 4
[0.3054832680633934, 5.3852666373775225e-06, 0.04770605691146316, 0.04010068322756794, 0.606704606530938]
Games played: 196
Exploitability: P1=2.600000000 P2=-0.058342874 EV: (-0.08635587924106494, 0.08635587924106494) P1 Winnings: -35.0
Choosing model 4
[0.3054833562419652, 5.385272984747694e-06, 0.04770607602503628, 0.040100707795390045, 0.6067044746646236]
Games played: 197
Exploitability: P1=2.600000000 P2=-0.058342874 EV: (-0.08635587924106494, 0.08635587924106494) P1 Winnings: -36.0
Choosing model 0
[0.3333351323480777, 8.501836625708765e-06, 0.054167733081529154, 0.04929231540588326, 0.5631963173278841]
Games played: 198
Exploitability: P1=1.900000000 P2=-0.058342874 EV: (-0.0853932144218123, 0.0853932144218123) P1 Winnings: -47.0
Choosing model 4
[0.3396844117273028, 9.276106592408727e-06, 0.055663447508979925, 0.05146663672770131, 0.5531762279294237]
Games played: 199
Exploitability: P1=2.600000000 P2=-0.058342874 EV: (-0.08635587924106494, 0.08635587924106494) P1 Winnings: -56.0
Choosing model 3
[0.33968449902280146, 9.276117232029096e-06, 0.05566346804824991, 0.05146666662934086, 0.5531760901823758]
Games played: 200
Exploitability: P1=1.933333333 P2=-0.058342874 EV: (-0.06350481240779081, 0.06350481240779081) P1 Winnings: -57.0
