Player 1 exploitability: 0.292031857579
Choosing model 2
[0.20978447504398384, 0.16237385962711298, 0.2052967159080326, 0.19591671032008315, 0.22662823910078753]
Games played: 1
Exploitability: P1=4.600000000 P2=0.206379843 EV: (0.16805501082242463, -0.16805501082242463) P1 Winnings: -7
Choosing model 0
[0.21210057585705666, 0.19387694049970836, 0.22992312559501948, 0.17801242830407, 0.1860869297441456]
Games played: 2
Exploitability: P1=1.900000000 P2=0.206379843 EV: (-0.09086229099543507, 0.09086229099543507) P1 Winnings: -2.0
Choosing model 0
[0.2152135013142812, 0.20310795574739585, 0.24702715504773173, 0.16332131356195578, 0.1713300743286354]
Games played: 3
Exploitability: P1=1.900000000 P2=0.206379843 EV: (-0.09086229099543507, 0.09086229099543507) P1 Winnings: -1.0
Choosing model 0
[0.21301762179554942, 0.19597056419025452, 0.21140491563791078, 0.19479736854639806, 0.1848095298298872]
Games played: 4
Exploitability: P1=1.900000000 P2=0.206379843 EV: (-0.09086229099543507, 0.09086229099543507) P1 Winnings: 8.0
Choosing model 4
[0.1721653938113433, 0.2621763009319594, 0.13612496393015378, 0.27133085161939013, 0.15820248970715342]
Games played: 5
Exploitability: P1=2.600000000 P2=0.206379843 EV: (-0.1617367867539948, 0.1617367867539948) P1 Winnings: 21.0
Choosing model 1
[0.17216534966054503, 0.2621764670357158, 0.13612494426773375, 0.2713308699495472, 0.15820236908645824]
Games played: 6
Exploitability: P1=2.800000000 P2=0.206379843 EV: (0.20637984343950067, -0.20637984343950067) P1 Winnings: 20.0
Choosing model 1
[0.1827802585434969, 0.224189646453483, 0.14196419598792923, 0.27219076470576314, 0.17887513430932786]
Games played: 7
Exploitability: P1=2.800000000 P2=0.206379843 EV: (0.20637984343950067, -0.20637984343950067) P1 Winnings: 21.0
Choosing model 3
[0.1641253428083919, 0.29125501274819393, 0.1326473616802529, 0.27532990729518675, 0.13664237546797442]
Games played: 8
Exploitability: P1=1.933333333 P2=0.206379843 EV: (-0.05181821659674144, 0.05181821659674144) P1 Winnings: 14.0
Choosing model 3
[0.17803611264350952, 0.2424099118891045, 0.14082009783123806, 0.2788334091790229, 0.15990046845712505]
Games played: 9
Exploitability: P1=1.933333333 P2=0.206379843 EV: (-0.05181821659674144, 0.05181821659674144) P1 Winnings: 14.0
Choosing model 4
[0.16056498881409756, 0.3119865989351168, 0.1340139777549677, 0.2736080232262707, 0.11982641126954732]
Games played: 10
Exploitability: P1=2.600000000 P2=0.206379843 EV: (-0.1617367867539948, 0.1617367867539948) P1 Winnings: 21.0
Choosing model 3
[0.14104590427494104, 0.37879146710662853, 0.12198093463518518, 0.26721280834392674, 0.09096888563931849]
Games played: 11
Exploitability: P1=1.933333333 P2=0.206379843 EV: (-0.05181821659674144, 0.05181821659674144) P1 Winnings: 26.0
Choosing model 0
[0.15695116729579997, 0.3234065160903566, 0.13284022289073844, 0.2776005391350642, 0.10920155458804091]
Games played: 12
Exploitability: P1=1.900000000 P2=0.206379843 EV: (-0.09086229099543507, 0.09086229099543507) P1 Winnings: 26.0
Choosing model 2
[0.1598920066841798, 0.34016065641667875, 0.14329339594445514, 0.2557098058432597, 0.10094413511142661]
Games played: 13
Exploitability: P1=4.600000000 P2=0.206379843 EV: (0.16805501082242463, -0.16805501082242463) P1 Winnings: 27.0
Choosing model 2
[0.17273810798887101, 0.29774536501003035, 0.1521379034388831, 0.2614097114101434, 0.11596891215207217]
Games played: 14
Exploitability: P1=4.600000000 P2=0.206379843 EV: (0.16805501082242463, -0.16805501082242463) P1 Winnings: 26.0
Choosing model 4
[0.16901873209005128, 0.3440592450331054, 0.16489833041147572, 0.22986811852344702, 0.09215557394192063]
Games played: 15
Exploitability: P1=2.600000000 P2=0.206379843 EV: (-0.1617367867539948, 0.1617367867539948) P1 Winnings: 31.0
Choosing model 2
[0.17067154389438696, 0.35870102825381966, 0.17630998671495982, 0.20987943818819035, 0.08443800294864313]
Games played: 16
Exploitability: P1=4.600000000 P2=0.206379843 EV: (0.16805501082242463, -0.16805501082242463) P1 Winnings: 32.0
Choosing model 3
[0.17836393299191144, 0.2580266407813689, 0.13266814308569336, 0.29749074370719136, 0.1334505394338349]
Games played: 17
Exploitability: P1=1.933333333 P2=0.206379843 EV: (-0.05181821659674144, 0.05181821659674144) P1 Winnings: 29.0
Choosing model 2
[0.1239650652893508, 0.24247293065862002, 0.05756897357438114, 0.44519233051081275, 0.1308006999668352]
Games played: 18
Exploitability: P1=4.600000000 P2=0.206379843 EV: (0.16805501082242463, -0.16805501082242463) P1 Winnings: 42.0
Choosing model 3
[0.1218826955911929, 0.3293762064589627, 0.0661359623066499, 0.3895310412305848, 0.09307409441260951]
Games played: 19
Exploitability: P1=1.933333333 P2=0.206379843 EV: (-0.05181821659674144, 0.05181821659674144) P1 Winnings: 51.0
Choosing model 1
[0.09790984166023449, 0.42040288932351105, 0.05600875855430201, 0.36577191750896243, 0.05990659295298997]
Games played: 20
Exploitability: P1=2.800000000 P2=0.206379843 EV: (0.20637984343950067, -0.20637984343950067) P1 Winnings: 51.0
Choosing model 1
[0.09452841697987746, 0.537775404313612, 0.07072652815808396, 0.25816565384212964, 0.03880399670629688]
Games played: 21
Exploitability: P1=2.800000000 P2=0.206379843 EV: (0.20637984343950067, -0.20637984343950067) P1 Winnings: 54.0
Choosing model 4
[0.06394269620367114, 0.6532301485549088, 0.05103540022663152, 0.21168156808293992, 0.020110186931848573]
Games played: 22
Exploitability: P1=2.600000000 P2=0.206379843 EV: (-0.1617367867539948, 0.1617367867539948) P1 Winnings: 61.0
Choosing model 1
[0.05027460734529468, 0.6312738433811825, 0.03059117364789559, 0.26873091826396495, 0.019129457361662446]
Games played: 23
Exploitability: P1=2.800000000 P2=0.206379843 EV: (0.20637984343950067, -0.20637984343950067) P1 Winnings: 52.0
Choosing model 3
[0.04784451790560088, 0.643220291715505, 0.02935719423278575, 0.262031301406105, 0.017546694740003522]
Games played: 24
Exploitability: P1=1.933333333 P2=0.206379843 EV: (-0.05181821659674144, 0.05181821659674144) P1 Winnings: 39.0
Choosing model 3
[0.05017252383862484, 0.6274728839419905, 0.03078632838449896, 0.2734451274268399, 0.01812313640804577]
Games played: 25
Exploitability: P1=1.933333333 P2=0.206379843 EV: (-0.05181821659674144, 0.05181821659674144) P1 Winnings: 36.0
Choosing model 1
[0.044072414235558355, 0.626010449096888, 0.02345070252651374, 0.28962833830778156, 0.016838095833258414]
Games played: 26
Exploitability: P1=2.800000000 P2=0.206379843 EV: (0.20637984343950067, -0.20637984343950067) P1 Winnings: 41.0
Choosing model 1
[0.05107274551173897, 0.5843085654536575, 0.026695360805002063, 0.3171422157908114, 0.020781112438790154]
Games played: 27
Exploitability: P1=2.800000000 P2=0.206379843 EV: (0.20637984343950067, -0.20637984343950067) P1 Winnings: 42.0
Choosing model 1
[0.047454358716042616, 0.6005953338201148, 0.025229010531144676, 0.3088981418574039, 0.01782315507529401]
Games played: 28
Exploitability: P1=2.800000000 P2=0.206379843 EV: (0.20637984343950067, -0.20637984343950067) P1 Winnings: 45.0
Choosing model 3
[0.06600821960199213, 0.5008990087189702, 0.033422078100129225, 0.3698013470353934, 0.02986934654351498]
Games played: 29
Exploitability: P1=1.933333333 P2=0.206379843 EV: (-0.05181821659674144, 0.05181821659674144) P1 Winnings: 46.0
Choosing model 3
[0.06735307245065342, 0.5276946327813966, 0.03610997760905084, 0.341187220438212, 0.02765509672068704]
Games played: 30
Exploitability: P1=1.933333333 P2=0.206379843 EV: (-0.05181821659674144, 0.05181821659674144) P1 Winnings: 47.0
Choosing model 0
[0.07868918494764823, 0.4730257907203327, 0.041287484418017044, 0.37214257156178726, 0.034854968352214785]
Games played: 31
Exploitability: P1=1.900000000 P2=0.206379843 EV: (-0.09086229099543507, 0.09086229099543507) P1 Winnings: 47.0
Choosing model 1
[0.07554125760390218, 0.4861971362432708, 0.0399689275834036, 0.3660416893872415, 0.03225098918218193]
Games played: 32
Exploitability: P1=2.800000000 P2=0.206379843 EV: (0.20637984343950067, -0.20637984343950067) P1 Winnings: 52.0
Choosing model 1
[0.07200203863702015, 0.5472862288484586, 0.042200269887987404, 0.3135461524690947, 0.024965310157439125]
Games played: 33
Exploitability: P1=2.800000000 P2=0.206379843 EV: (0.20637984343950067, -0.20637984343950067) P1 Winnings: 57.0
Choosing model 1
[0.06747213066171918, 0.6056694848541753, 0.04380533545244888, 0.264053209130534, 0.0189998399011228]
Games played: 34
Exploitability: P1=2.800000000 P2=0.206379843 EV: (0.20637984343950067, -0.20637984343950067) P1 Winnings: 62.0
Choosing model 0
[0.07289428591853392, 0.5808500591176866, 0.04699802554204263, 0.2783773364180842, 0.020880293003652687]
Games played: 35
Exploitability: P1=1.900000000 P2=0.206379843 EV: (-0.09086229099543507, 0.09086229099543507) P1 Winnings: 65.0
Choosing model 1
[0.05822445860161682, 0.6412548049143325, 0.03889769069078424, 0.24720922037455578, 0.014413825418710573]
Games played: 36
Exploitability: P1=2.800000000 P2=0.206379843 EV: (0.20637984343950067, -0.20637984343950067) P1 Winnings: 65.0
Choosing model 1
[0.05066849891449467, 0.7393710095652428, 0.044273795457914475, 0.15727124036026918, 0.008415455702078892]
Games played: 37
Exploitability: P1=2.800000000 P2=0.206379843 EV: (0.20637984343950067, -0.20637984343950067) P1 Winnings: 68.0
Choosing model 2
[0.06096021213106177, 0.6985090794311376, 0.05219782957543247, 0.17745047809977665, 0.010882400762591353]
Games played: 38
Exploitability: P1=4.600000000 P2=0.206379843 EV: (0.16805501082242463, -0.16805501082242463) P1 Winnings: 71.0
Choosing model 1
[0.07380061695396388, 0.6521873424657388, 0.062168743043769466, 0.1976997095497243, 0.014143587986803296]
Games played: 39
Exploitability: P1=2.800000000 P2=0.206379843 EV: (0.20637984343950067, -0.20637984343950067) P1 Winnings: 74.0
Choosing model 1
[0.09643766237562083, 0.5730349758095448, 0.07837888545955483, 0.231049906339895, 0.021098570015384576]
Games played: 40
Exploitability: P1=2.800000000 P2=0.206379843 EV: (0.20637984343950067, -0.20637984343950067) P1 Winnings: 69.0
Choosing model 1
[0.11180230468925309, 0.5216586559594824, 0.08904313139309111, 0.25120559543416815, 0.02629031252400548]
Games played: 41
Exploitability: P1=2.800000000 P2=0.206379843 EV: (0.20637984343950067, -0.20637984343950067) P1 Winnings: 72.0
Choosing model 3
[0.08841273080796673, 0.5968455558666059, 0.07327197595751796, 0.2237829534864257, 0.01768678388148359]
Games played: 42
Exploitability: P1=1.933333333 P2=0.206379843 EV: (-0.05181821659674144, 0.05181821659674144) P1 Winnings: 65.0
Choosing model 3
[0.10399367721663594, 0.5433712648970491, 0.08434098669726385, 0.2458200012823106, 0.022474069906740404]
Games played: 43
Exploitability: P1=1.933333333 P2=0.206379843 EV: (-0.05181821659674144, 0.05181821659674144) P1 Winnings: 68.0
Choosing model 1
[0.0841968359302223, 0.6080511656818075, 0.07075542536232476, 0.22127118902188309, 0.015725384003762412]
Games played: 44
Exploitability: P1=2.800000000 P2=0.206379843 EV: (0.20637984343950067, -0.20637984343950067) P1 Winnings: 73.0
Choosing model 1
[0.0841967801623967, 0.6080513478847221, 0.07075538705884267, 0.2212711199077889, 0.015725364986249504]
Games played: 45
Exploitability: P1=2.800000000 P2=0.206379843 EV: (0.20637984343950067, -0.20637984343950067) P1 Winnings: 66.0
Choosing model 2
[0.09091151939952302, 0.5828046006025508, 0.07586937124490745, 0.23314254361529027, 0.017271965137728468]
Games played: 46
Exploitability: P1=4.600000000 P2=0.206379843 EV: (0.16805501082242463, -0.16805501082242463) P1 Winnings: 66.0
Choosing model 1
[0.10712861176087522, 0.526931353195378, 0.08749568071714936, 0.2564880020843248, 0.021956352242272596]
Games played: 47
Exploitability: P1=2.800000000 P2=0.206379843 EV: (0.20637984343950067, -0.20637984343950067) P1 Winnings: 67.0
Choosing model 1
[0.12129093264290797, 0.4805241352368337, 0.09731214521815684, 0.27439775454303006, 0.026475032359071327]
Games played: 48
Exploitability: P1=2.800000000 P2=0.206379843 EV: (0.20637984343950067, -0.20637984343950067) P1 Winnings: 68.0
Choosing model 3
[0.1360680626751613, 0.4341915614274478, 0.10723893351612279, 0.2908700858578786, 0.03163135652338943]
Games played: 49
Exploitability: P1=1.933333333 P2=0.206379843 EV: (-0.05181821659674144, 0.05181821659674144) P1 Winnings: 69.0
Choosing model 2
[0.1374966588577032, 0.4529918976976302, 0.11474210330397046, 0.26576627966415667, 0.029003060476539475]
Games played: 50
Exploitability: P1=4.600000000 P2=0.206379843 EV: (0.16805501082242463, -0.16805501082242463) P1 Winnings: 70.0
Choosing model 1
[0.11429192027435842, 0.5204374678862346, 0.09882764404399699, 0.2456077586287815, 0.020835209166628624]
Games played: 51
Exploitability: P1=2.800000000 P2=0.206379843 EV: (0.20637984343950067, -0.20637984343950067) P1 Winnings: 75.0
Choosing model 0
[0.11973760284403745, 0.48160560430859645, 0.09208581607396335, 0.2821632436765792, 0.024407733096823658]
Games played: 52
Exploitability: P1=1.900000000 P2=0.206379843 EV: (-0.09086229099543507, 0.09086229099543507) P1 Winnings: 68.0
Choosing model 1
[0.11503611140923983, 0.4953972806445581, 0.08921364692393845, 0.27775130568691664, 0.022601655335346752]
Games played: 53
Exploitability: P1=2.800000000 P2=0.206379843 EV: (0.20637984343950067, -0.20637984343950067) P1 Winnings: 67.0
Choosing model 1
[0.09153593217157842, 0.5703251611413159, 0.07386898630103424, 0.24897008580312346, 0.015299834582948086]
Games played: 54
Exploitability: P1=2.800000000 P2=0.206379843 EV: (0.20637984343950067, -0.20637984343950067) P1 Winnings: 60.0
Choosing model 1
[0.085332021914434, 0.5881603670809328, 0.07004224954790751, 0.24329990101168966, 0.013165460445035866]
Games played: 55
Exploitability: P1=2.800000000 P2=0.206379843 EV: (0.20637984343950067, -0.20637984343950067) P1 Winnings: 63.0
Choosing model 0
[0.09854390673063662, 0.5465874488475225, 0.08029821780519283, 0.2585933396611048, 0.015977086955543174]
Games played: 56
Exploitability: P1=1.900000000 P2=0.206379843 EV: (-0.09086229099543507, 0.09086229099543507) P1 Winnings: 64.0
Choosing model 1
[0.11210462553573095, 0.5008315948395066, 0.08973404327904168, 0.2779724351694552, 0.01935730117626579]
Games played: 57
Exploitability: P1=2.800000000 P2=0.206379843 EV: (0.20637984343950067, -0.20637984343950067) P1 Winnings: 64.0
Choosing model 3
[0.14742553529465005, 0.39490006736567823, 0.11238742980600623, 0.31461700722945296, 0.030669960304212537]
Games played: 58
Exploitability: P1=1.933333333 P2=0.206379843 EV: (-0.05181821659674144, 0.05181821659674144) P1 Winnings: 65.0
Choosing model 3
[0.155546182341405, 0.3698563966557137, 0.11775732289611675, 0.3239233106753649, 0.03291678743139964]
Games played: 59
Exploitability: P1=1.933333333 P2=0.206379843 EV: (-0.05181821659674144, 0.05181821659674144) P1 Winnings: 62.0
Choosing model 0
[0.15554610994727916, 0.3698565803199556, 0.11775728233829497, 0.3239232732886715, 0.032916754105798605]
Games played: 60
Exploitability: P1=1.900000000 P2=0.206379843 EV: (-0.09086229099543507, 0.09086229099543507) P1 Winnings: 59.0
Choosing model 1
[0.12896636009803653, 0.44367211429250947, 0.10159644051315414, 0.30254716220582906, 0.023217922890470775]
Games played: 61
Exploitability: P1=2.800000000 P2=0.206379843 EV: (0.20637984343950067, -0.20637984343950067) P1 Winnings: 58.0
Choosing model 0
[0.16531929665098283, 0.3410009178285337, 0.12403290637167935, 0.33378857913802135, 0.035858300010782836]
Games played: 62
Exploitability: P1=1.900000000 P2=0.206379843 EV: (-0.09086229099543507, 0.09086229099543507) P1 Winnings: 59.0
Choosing model 0
[0.16531922930215628, 0.3410010824007181, 0.12403286973407303, 0.33378855130478136, 0.03585826725827139]
Games played: 63
Exploitability: P1=1.900000000 P2=0.206379843 EV: (-0.09086229099543507, 0.09086229099543507) P1 Winnings: 58.0
Choosing model 3
[0.1839639537151143, 0.2911451960076058, 0.13507647644755963, 0.3467685981280937, 0.0430457757016266]
Games played: 64
Exploitability: P1=1.933333333 P2=0.206379843 EV: (-0.05181821659674144, 0.05181821659674144) P1 Winnings: 59.0
Choosing model 1
[0.15012846331273816, 0.37662677300646585, 0.11590899852901189, 0.3287487760898832, 0.028586989061900988]
Games played: 65
Exploitability: P1=2.800000000 P2=0.206379843 EV: (0.20637984343950067, -0.20637984343950067) P1 Winnings: 56.0
Choosing model 1
[0.1286785861646199, 0.4352470040106295, 0.1028572798910754, 0.31207382676927775, 0.021143303164397543]
Games played: 66
Exploitability: P1=2.800000000 P2=0.206379843 EV: (0.20637984343950067, -0.20637984343950067) P1 Winnings: 63.0
Choosing model 1
[0.09342534026216241, 0.5442850527385353, 0.07931043488782058, 0.27100813553188036, 0.011971036579601243]
Games played: 67
Exploitability: P1=2.800000000 P2=0.206379843 EV: (0.20637984343950067, -0.20637984343950067) P1 Winnings: 56.0
Choosing model 3
[0.1257458566048975, 0.43923982682133944, 0.10166480882305502, 0.31393707434086726, 0.01941243340984067]
Games played: 68
Exploitability: P1=1.933333333 P2=0.206379843 EV: (-0.05181821659674144, 0.05181821659674144) P1 Winnings: 57.0
Choosing model 3
[0.12722578756457514, 0.4588347351203551, 0.10891469738830864, 0.2872029821862175, 0.017821797740543637]
Games played: 69
Exploitability: P1=1.933333333 P2=0.206379843 EV: (-0.05181821659674144, 0.05181821659674144) P1 Winnings: 58.0
Choosing model 2
[0.14516529543593176, 0.4052159348166625, 0.12161377993230894, 0.3060375273547347, 0.021967462460362287]
Games played: 70
Exploitability: P1=4.600000000 P2=0.206379843 EV: (0.16805501082242463, -0.16805501082242463) P1 Winnings: 61.0
Choosing model 2
[0.14516504099028454, 0.40521659175788394, 0.12161361833214318, 0.306037367053648, 0.021967381866040473]
Games played: 71
Exploitability: P1=4.600000000 P2=0.206379843 EV: (0.16805501082242463, -0.16805501082242463) P1 Winnings: 52.0
Choosing model 1
[0.14678593464232165, 0.4230412656526528, 0.1302083957447536, 0.27980903427301207, 0.020155369687259787]
Games played: 72
Exploitability: P1=2.800000000 P2=0.206379843 EV: (0.20637984343950067, -0.20637984343950067) P1 Winnings: 53.0
Choosing model 3
[0.14145068120148582, 0.37548993483316306, 0.0996953622478623, 0.3599359721809633, 0.023428049536525573]
Games played: 73
Exploitability: P1=1.933333333 P2=0.206379843 EV: (-0.05181821659674144, 0.05181821659674144) P1 Winnings: 40.0
Choosing model 1
[0.16027208294318301, 0.32123327420076014, 0.11045333925752088, 0.3794087445640669, 0.028632559034469023]
Games played: 74
Exploitability: P1=2.800000000 P2=0.206379843 EV: (0.20637984343950067, -0.20637984343950067) P1 Winnings: 43.0
Choosing model 1
[0.15531317642771483, 0.3332954642528537, 0.10793547077073683, 0.37671229573187126, 0.026743592816823328]
Games played: 75
Exploitability: P1=2.800000000 P2=0.206379843 EV: (0.20637984343950067, -0.20637984343950067) P1 Winnings: 36.0
Choosing model 0
[0.15038626241410288, 0.34553155603070285, 0.10538989746789179, 0.3737331926826732, 0.024959091404629402]
Games played: 76
Exploitability: P1=1.900000000 P2=0.206379843 EV: (-0.09086229099543507, 0.09086229099543507) P1 Winnings: 39.0
Choosing model 2
[0.10183050224619439, 0.38728412560099124, 0.05685400582473807, 0.43613119801325784, 0.017900168314818412]
Games played: 77
Exploitability: P1=4.600000000 P2=0.206379843 EV: (0.16805501082242463, -0.16805501082242463) P1 Winnings: 52.0
Choosing model 1
[0.08511572286436946, 0.44742097363380345, 0.04924081437462994, 0.4052918594891771, 0.012930629638020039]
Games played: 78
Exploitability: P1=2.800000000 P2=0.206379843 EV: (0.20637984343950067, -0.20637984343950067) P1 Winnings: 57.0
Choosing model 3
[0.07977470876738717, 0.4639002120622016, 0.046941631679608097, 0.39819669581017575, 0.01118675168062733]
Games played: 79
Exploitability: P1=1.933333333 P2=0.206379843 EV: (-0.05181821659674144, 0.05181821659674144) P1 Winnings: 60.0
Choosing model 3
[0.06528376755115366, 0.5247099805790076, 0.039804337733974036, 0.36229012629041774, 0.00791178784544705]
Games played: 80
Exploitability: P1=1.933333333 P2=0.206379843 EV: (-0.05181821659674144, 0.05181821659674144) P1 Winnings: 47.0
Choosing model 1
[0.07003409577066774, 0.4996695961270027, 0.04240511641114819, 0.37925750001801095, 0.008633691673170516]
Games played: 81
Exploitability: P1=2.800000000 P2=0.206379843 EV: (0.20637984343950067, -0.20637984343950067) P1 Winnings: 44.0
Choosing model 3
[0.08159631189734502, 0.446671698563103, 0.04835182066292027, 0.41252867787782116, 0.010851490998810652]
Games played: 82
Exploitability: P1=1.933333333 P2=0.206379843 EV: (-0.05181821659674144, 0.05181821659674144) P1 Winnings: 45.0
Choosing model 1
[0.08440898024512268, 0.4298411813802716, 0.05001963775348809, 0.42467384975930367, 0.01105635086181397]
Games played: 83
Exploitability: P1=2.800000000 P2=0.206379843 EV: (0.20637984343950067, -0.20637984343950067) P1 Winnings: 42.0
Choosing model 1
[0.08698992661881083, 0.3924996612819836, 0.04742473566261752, 0.4606811107084934, 0.012404565728094669]
Games played: 84
Exploitability: P1=2.800000000 P2=0.206379843 EV: (0.20637984343950067, -0.20637984343950067) P1 Winnings: 51.0
Choosing model 1
[0.08698976248463476, 0.3925002450049249, 0.0474246662889095, 0.4606808076658023, 0.01240451855572863]
Games played: 85
Exploitability: P1=2.800000000 P2=0.206379843 EV: (0.20637984343950067, -0.20637984343950067) P1 Winnings: 42.0
Choosing model 1
[0.11167917475410723, 0.30212766692963566, 0.05798553266177022, 0.5090207992824552, 0.019186826372031757]
Games played: 86
Exploitability: P1=2.800000000 P2=0.206379843 EV: (0.20637984343950067, -0.20637984343950067) P1 Winnings: 37.0
Choosing model 1
[0.08873900782242268, 0.38054334007925633, 0.048447252108338425, 0.4698637911273808, 0.012406608862601887]
Games played: 87
Exploitability: P1=2.800000000 P2=0.206379843 EV: (0.20637984343950067, -0.20637984343950067) P1 Winnings: 37.0
Choosing model 1
[0.08545658540165803, 0.39236796230894017, 0.04704733499017175, 0.4636123406735562, 0.01151577662567384]
Games played: 88
Exploitability: P1=2.800000000 P2=0.206379843 EV: (0.20637984343950067, -0.20637984343950067) P1 Winnings: 24.0
Choosing model 0
[0.09515881359520216, 0.35191301515878637, 0.05146311674011667, 0.4878082162155551, 0.013656838290339696]
Games played: 89
Exploitability: P1=1.900000000 P2=0.206379843 EV: (-0.09086229099543507, 0.09086229099543507) P1 Winnings: 25.0
Choosing model 2
[0.0984617047506867, 0.37594712940736086, 0.05638307963897202, 0.45638600371921134, 0.012822082483769063]
Games played: 90
Exploitability: P1=4.600000000 P2=0.206379843 EV: (0.16805501082242463, -0.16805501082242463) P1 Winnings: 26.0
Choosing model 1
[0.0895772072118762, 0.47254499202902883, 0.059935676869457014, 0.36949974677682557, 0.008442377112812349]
Games played: 91
Exploitability: P1=2.800000000 P2=0.206379843 EV: (0.20637984343950067, -0.20637984343950067) P1 Winnings: 35.0
Choosing model 3
[0.06150485698499836, 0.5826285808762304, 0.04389933429622189, 0.30752615668860345, 0.004441071153945947]
Games played: 92
Exploitability: P1=1.933333333 P2=0.206379843 EV: (-0.05181821659674144, 0.05181821659674144) P1 Winnings: 42.0
Choosing model 3
[0.058634672136870784, 0.5946964274433942, 0.04220247678994159, 0.30038565485846075, 0.004080768771332685]
Games played: 93
Exploitability: P1=1.933333333 P2=0.206379843 EV: (-0.05181821659674144, 0.05181821659674144) P1 Winnings: 31.0
Choosing model 1
[0.05863463225895408, 0.5946965950842142, 0.042202453194200275, 0.30038555569884584, 0.004080763763785583]
Games played: 94
Exploitability: P1=2.800000000 P2=0.206379843 EV: (0.20637984343950067, -0.20637984343950067) P1 Winnings: 28.0
Choosing model 1
[0.06971461385788999, 0.5425122894529619, 0.049106715327864404, 0.3334322700971739, 0.005234111264109702]
Games played: 95
Exploitability: P1=2.800000000 P2=0.206379843 EV: (0.20637984343950067, -0.20637984343950067) P1 Winnings: 29.0
Choosing model 3
[0.0652325223877236, 0.5995031479062942, 0.05089948426703042, 0.2803872863494685, 0.003977559089483167]
Games played: 96
Exploitability: P1=1.933333333 P2=0.206379843 EV: (-0.05181821659674144, 0.05181821659674144) P1 Winnings: 34.0
Choosing model 1
[0.05668170068892166, 0.5789334614995563, 0.037278810643489764, 0.3233959359729195, 0.003710091195112781]
Games played: 97
Exploitability: P1=2.800000000 P2=0.206379843 EV: (0.20637984343950067, -0.20637984343950067) P1 Winnings: 43.0
Choosing model 3
[0.054383561504658055, 0.5926176306578916, 0.03625696888748659, 0.3133320161339965, 0.0034098228159672316]
Games played: 98
Exploitability: P1=1.933333333 P2=0.206379843 EV: (-0.05181821659674144, 0.05181821659674144) P1 Winnings: 48.0
Choosing model 1
[0.058750191745456204, 0.5682971707795909, 0.03889705115570694, 0.3303085229208091, 0.0037470633984368193]
Games played: 99
Exploitability: P1=2.800000000 P2=0.206379843 EV: (0.20637984343950067, -0.20637984343950067) P1 Winnings: 45.0
Choosing model 1
[0.07017441421890479, 0.5125242136664503, 0.04542942523335864, 0.3670443417285658, 0.004827605152720511]
Games played: 100
Exploitability: P1=2.800000000 P2=0.206379843 EV: (0.20637984343950067, -0.20637984343950067) P1 Winnings: 48.0
Choosing model 3
[0.0885589660315451, 0.43490080505908973, 0.05531352018723719, 0.4142717873251204, 0.006954921397007485]
Games played: 101
Exploitability: P1=1.933333333 P2=0.206379843 EV: (-0.05181821659674144, 0.05181821659674144) P1 Winnings: 43.0
Choosing model 1
[0.09063998060276703, 0.45956885637205547, 0.05994499679853908, 0.3833871026401124, 0.006459063586525994]
Games played: 102
Exploitability: P1=2.800000000 P2=0.206379843 EV: (0.20637984343950067, -0.20637984343950067) P1 Winnings: 44.0
Choosing model 2
[0.0965474182116222, 0.4345409748136646, 0.06340994017929666, 0.39850311780943876, 0.0069985489859778725]
Games played: 103
Exploitability: P1=4.600000000 P2=0.206379843 EV: (0.16805501082242463, -0.16805501082242463) P1 Winnings: 44.0
Choosing model 1
[0.09861717028284195, 0.4582639753791996, 0.06858096505109613, 0.3680513964010268, 0.006486492885835622]
Games played: 104
Exploitability: P1=2.800000000 P2=0.206379843 EV: (0.20637984343950067, -0.20637984343950067) P1 Winnings: 45.0
Choosing model 3
[0.07265449726474334, 0.5341812141302518, 0.04921768790055043, 0.33978462696474376, 0.004161973739710619]
Games played: 105
Exploitability: P1=1.933333333 P2=0.206379843 EV: (-0.05181821659674144, 0.05181821659674144) P1 Winnings: 58.0
Choosing model 1
[0.07265445102113527, 0.5341813880141133, 0.0492176625295033, 0.33978452962118005, 0.004161968814068052]
Games played: 106
Exploitability: P1=2.800000000 P2=0.206379843 EV: (0.20637984343950067, -0.20637984343950067) P1 Winnings: 55.0
Choosing model 3
[0.0694344732850364, 0.546588034882424, 0.04743171544214575, 0.33271205191298747, 0.003833724477406372]
Games played: 107
Exploitability: P1=1.933333333 P2=0.206379843 EV: (-0.05181821659674144, 0.05181821659674144) P1 Winnings: 58.0
Choosing model 0
[0.06631285242066771, 0.5589090485248636, 0.04568002289379952, 0.3255690682718354, 0.0035290078888336263]
Games played: 108
Exploitability: P1=1.900000000 P2=0.206379843 EV: (-0.09086229099543507, 0.09086229099543507) P1 Winnings: 47.0
Choosing model 0
[0.06328978033311668, 0.5711306567724823, 0.043963991000892, 0.3183692044299264, 0.003246367463582653]
Games played: 109
Exploitability: P1=1.900000000 P2=0.206379843 EV: (-0.09086229099543507, 0.09086229099543507) P1 Winnings: 46.0
Choosing model 1
[0.06328974142635221, 0.5711308139825784, 0.0439639688984387, 0.3183691118673845, 0.0032463638252462172]
Games played: 110
Exploitability: P1=2.800000000 P2=0.206379843 EV: (0.20637984343950067, -0.20637984343950067) P1 Winnings: 45.0
Choosing model 3
[0.051277763295416494, 0.623896722218586, 0.036877993562400235, 0.285677895840579, 0.0022696250830180923]
Games played: 111
Exploitability: P1=1.933333333 P2=0.206379843 EV: (-0.05181821659674144, 0.05181821659674144) P1 Winnings: 52.0
Choosing model 1
[0.06528059866699523, 0.51077760098916, 0.03770160198980052, 0.38234940517798943, 0.0038907931760548413]
Games played: 112
Exploitability: P1=2.800000000 P2=0.206379843 EV: (0.20637984343950067, -0.20637984343950067) P1 Winnings: 55.0
Choosing model 1
[0.06287402708124136, 0.5248559634957374, 0.036808797210738785, 0.37187159822127835, 0.0035896139910040602]
Games played: 113
Exploitability: P1=2.800000000 P2=0.206379843 EV: (0.20637984343950067, -0.20637984343950067) P1 Winnings: 60.0
Choosing model 3
[0.07144775310277006, 0.4832333536360722, 0.04110729035130133, 0.39987385771261724, 0.004337745197239219]
Games played: 114
Exploitability: P1=1.933333333 P2=0.206379843 EV: (-0.05181821659674144, 0.05181821659674144) P1 Winnings: 61.0
Choosing model 1
[0.05807518861643611, 0.5428923568344908, 0.03462207896499399, 0.3613632051637053, 0.0030471704203739627]
Games played: 115
Exploitability: P1=2.800000000 P2=0.206379843 EV: (0.20637984343950067, -0.20637984343950067) P1 Winnings: 48.0
Choosing model 3
[0.07629525830862219, 0.564315561249307, 0.056442839608352675, 0.29969724770356676, 0.0032490931301513565]
Games played: 116
Exploitability: P1=1.933333333 P2=0.206379843 EV: (-0.05181821659674144, 0.05181821659674144) P1 Winnings: 49.0
Choosing model 1
[0.07282778468161012, 0.5767399486005788, 0.05433045268812466, 0.2931125045509327, 0.002989309478753618]
Games played: 117
Exploitability: P1=2.800000000 P2=0.206379843 EV: (0.20637984343950067, -0.20637984343950067) P1 Winnings: 38.0
Choosing model 3
[0.06947096373161879, 0.5890399043784825, 0.052261812443525436, 0.2864788793918263, 0.0027484400545471107]
Games played: 118
Exploitability: P1=1.933333333 P2=0.206379843 EV: (-0.05181821659674144, 0.05181821659674144) P1 Winnings: 31.0
Choosing model 3
[0.069855402335726, 0.6115254045485522, 0.05564363822419592, 0.26046786972419816, 0.0025076851673277232]
Games played: 119
Exploitability: P1=1.933333333 P2=0.206379843 EV: (-0.05181821659674144, 0.05181821659674144) P1 Winnings: 32.0
Choosing model 1
[0.05524433822130819, 0.6684314910243768, 0.04559692212789835, 0.22901332492655735, 0.0017139236998594378]
Games played: 120
Exploitability: P1=2.800000000 P2=0.206379843 EV: (0.20637984343950067, -0.20637984343950067) P1 Winnings: 32.0
Choosing model 3
[0.05245397250446725, 0.6795258294733711, 0.04365772049142107, 0.22279395320377843, 0.0015685243269621342]
Games played: 121
Exploitability: P1=1.933333333 P2=0.206379843 EV: (-0.05181821659674144, 0.05181821659674144) P1 Winnings: 25.0
Choosing model 1
[0.04079006394832568, 0.730359348654874, 0.03517784982354572, 0.1926185983904217, 0.0010541391828330722]
Games played: 122
Exploitability: P1=2.800000000 P2=0.206379843 EV: (0.20637984343950067, -0.20637984343950067) P1 Winnings: 30.0
Choosing model 1
[0.03860449068174315, 0.7400796794495893, 0.03357280615335991, 0.1867814323122668, 0.0009615914030408983]
Games played: 123
Exploitability: P1=2.800000000 P2=0.206379843 EV: (0.20637984343950067, -0.20637984343950067) P1 Winnings: 17.0
Choosing model 1
[0.03046314508583187, 0.8068663730553554, 0.030955014255936723, 0.13116630178432234, 0.0005491658185538273]
Games played: 124
Exploitability: P1=2.800000000 P2=0.206379843 EV: (0.20637984343950067, -0.20637984343950067) P1 Winnings: 26.0
Choosing model 1
[0.03318254415714723, 0.7935104412843808, 0.03344886569429537, 0.13924311436773043, 0.0006150344964462888]
Games played: 125
Exploitability: P1=2.800000000 P2=0.206379843 EV: (0.20637984343950067, -0.20637984343950067) P1 Winnings: 26.0
Choosing model 1
[0.0411995890060311, 0.7559278684805539, 0.040644161264022524, 0.16140459497061993, 0.0008237862787725338]
Games played: 126
Exploitability: P1=2.800000000 P2=0.206379843 EV: (0.20637984343950067, -0.20637984343950067) P1 Winnings: 27.0
Choosing model 1
[0.04885070814970276, 0.7219325834590508, 0.047340595838214955, 0.18083584276498418, 0.001040269788047536]
Games played: 127
Exploitability: P1=2.800000000 P2=0.206379843 EV: (0.20637984343950067, -0.20637984343950067) P1 Winnings: 28.0
Choosing model 0
[0.057551546011864435, 0.6850481240103128, 0.05478698792516348, 0.20130811649746072, 0.0013052255551987183]
Games played: 128
Exploitability: P1=1.900000000 P2=0.206379843 EV: (-0.09086229099543507, 0.09086229099543507) P1 Winnings: 29.0
Choosing model 1
[0.06771877364736366, 0.6486633048085302, 0.06399670227311219, 0.21800730127159146, 0.0016139179994023843]
Games played: 129
Exploitability: P1=2.800000000 P2=0.206379843 EV: (0.20637984343950067, -0.20637984343950067) P1 Winnings: 30.0
Choosing model 1
[0.06439062498438666, 0.6603760810368422, 0.0613629287029957, 0.21239124266109133, 0.0014791226146840402]
Games played: 130
Exploitability: P1=2.800000000 P2=0.206379843 EV: (0.20637984343950067, -0.20637984343950067) P1 Winnings: 33.0
Choosing model 1
[0.09644624860619846, 0.5217520390584152, 0.07755797918720658, 0.3012468202239512, 0.002996912924228686]
Games played: 131
Exploitability: P1=2.800000000 P2=0.206379843 EV: (0.20637984343950067, -0.20637984343950067) P1 Winnings: 28.0
Choosing model 1
[0.10046645744730232, 0.48007362983236423, 0.0718557460600583, 0.3441133710215767, 0.0034907956386985334]
Games played: 132
Exploitability: P1=2.800000000 P2=0.206379843 EV: (0.20637984343950067, -0.20637984343950067) P1 Winnings: 21.0
Choosing model 1
[0.10487648285264763, 0.4440335962957536, 0.06900850106261813, 0.3781143403985909, 0.003967079390389735]
Games played: 133
Exploitability: P1=2.800000000 P2=0.206379843 EV: (0.20637984343950067, -0.20637984343950067) P1 Winnings: 30.0
Choosing model 1
[0.10140880137404946, 0.45807280446921156, 0.06764018738554331, 0.3692037691299564, 0.003674437641239241]
Games played: 134
Exploitability: P1=2.800000000 P2=0.206379843 EV: (0.20637984343950067, -0.20637984343950067) P1 Winnings: 35.0
Choosing model 3
[0.11512739171736297, 0.4184886499475017, 0.07623175165727142, 0.3857685381824303, 0.0043836684954336605]
Games played: 135
Exploitability: P1=1.933333333 P2=0.206379843 EV: (-0.05181821659674144, 0.05181821659674144) P1 Winnings: 36.0
Choosing model 3
[0.1173921311934802, 0.44057222781574135, 0.08230582969785556, 0.35567390331419607, 0.0040559079787268245]
Games played: 136
Exploitability: P1=1.933333333 P2=0.206379843 EV: (-0.05181821659674144, 0.05181821659674144) P1 Winnings: 37.0
Choosing model 3
[0.10182545547726601, 0.4247104775652852, 0.060175254710612004, 0.40951226683197955, 0.0037765454148572073]
Games played: 137
Exploitability: P1=1.933333333 P2=0.206379843 EV: (-0.05181821659674144, 0.05181821659674144) P1 Winnings: 46.0
Choosing model 1
[0.07730832620103156, 0.5111332582081299, 0.04803911212367242, 0.36118599480475416, 0.0023333086624119505]
Games played: 138
Exploitability: P1=2.800000000 P2=0.206379843 EV: (0.20637984343950067, -0.20637984343950067) P1 Winnings: 43.0
Choosing model 1
[0.06345957054282891, 0.5657002342237744, 0.0408263421162709, 0.3283611142826392, 0.0016527388344867308]
Games played: 139
Exploitability: P1=2.800000000 P2=0.206379843 EV: (0.20637984343950067, -0.20637984343950067) P1 Winnings: 50.0
Choosing model 1
[0.03879103314270857, 0.683101668967403, 0.02687669053751993, 0.2504845755763479, 0.0007460317760206467]
Games played: 140
Exploitability: P1=2.800000000 P2=0.206379843 EV: (0.20637984343950067, -0.20637984343950067) P1 Winnings: 57.0
Choosing model 3
[0.03336465052933038, 0.7784662462790608, 0.030235794225581085, 0.1575028038061696, 0.0004305051598582012]
Games played: 141
Exploitability: P1=1.933333333 P2=0.206379843 EV: (-0.05181821659674144, 0.05181821659674144) P1 Winnings: 60.0
Choosing model 3
[0.03297164048055959, 0.7942676492518002, 0.03163805181879314, 0.1407366272515303, 0.0003860311973168688]
Games played: 142
Exploitability: P1=1.933333333 P2=0.206379843 EV: (-0.05181821659674144, 0.05181821659674144) P1 Winnings: 61.0
Choosing model 1
[0.035877038290217426, 0.7802952978365827, 0.03415082547701959, 0.14924496200096904, 0.00043187639521128355]
Games played: 143
Exploitability: P1=2.800000000 P2=0.206379843 EV: (0.20637984343950067, -0.20637984343950067) P1 Winnings: 64.0
Choosing model 1
[0.03587693676544931, 0.7802957224815448, 0.034150743317063054, 0.14924472309033085, 0.0004318743456119552]
Games played: 144
Exploitability: P1=2.800000000 P2=0.206379843 EV: (0.20637984343950067, -0.20637984343950067) P1 Winnings: 55.0
Choosing model 1
[0.03387521846767225, 0.7888318220694641, 0.03251635242131447, 0.14438357013701758, 0.00039303690453175026]
Games played: 145
Exploitability: P1=2.800000000 P2=0.206379843 EV: (0.20637984343950067, -0.20637984343950067) P1 Winnings: 42.0
Choosing model 1
[0.042556033211990904, 0.7482260817963093, 0.03994219364128031, 0.16874311293835803, 0.0005325784120614478]
Games played: 146
Exploitability: P1=2.800000000 P2=0.206379843 EV: (0.20637984343950067, -0.20637984343950067) P1 Winnings: 45.0
Choosing model 1
[0.032979143690032395, 0.8062368144561507, 0.03425074474044287, 0.12620544221236546, 0.0003278549010087558]
Games played: 147
Exploitability: P1=2.800000000 P2=0.206379843 EV: (0.20637984343950067, -0.20637984343950067) P1 Winnings: 50.0
Choosing model 1
[0.03606830983660303, 0.7788556755968544, 0.03331621876337713, 0.15135885279160674, 0.00040094301155868826]
Games played: 148
Exploitability: P1=2.800000000 P2=0.206379843 EV: (0.20637984343950067, -0.20637984343950067) P1 Winnings: 43.0
Choosing model 1
[0.04276021298860462, 0.748118725946897, 0.03881679728313643, 0.16979879340692886, 0.0005054703744331372]
Games played: 149
Exploitability: P1=2.800000000 P2=0.206379843 EV: (0.20637984343950067, -0.20637984343950067) P1 Winnings: 44.0
Choosing model 1
[0.039290489740678725, 0.7604504214580734, 0.03627812233081197, 0.16355224801566448, 0.00042871845477129297]
Games played: 150
Exploitability: P1=2.800000000 P2=0.206379843 EV: (0.20637984343950067, -0.20637984343950067) P1 Winnings: 47.0
Choosing model 3
[0.03713452486092655, 0.7695197890799432, 0.03457563377232498, 0.15837950666475237, 0.00039054562205286355]
Games played: 151
Exploitability: P1=1.933333333 P2=0.206379843 EV: (-0.05181821659674144, 0.05181821659674144) P1 Winnings: 40.0
Choosing model 1
[0.036701289918536786, 0.7852290561241879, 0.036183284175188485, 0.14153613014187566, 0.0003502396402111448]
Games played: 152
Exploitability: P1=2.800000000 P2=0.206379843 EV: (0.20637984343950067, -0.20637984343950067) P1 Winnings: 41.0
Choosing model 0
[0.027520048564694644, 0.8256146840565431, 0.028151185786733562, 0.11848826190609026, 0.00022581968593832417]
Games played: 153
Exploitability: P1=1.900000000 P2=0.206379843 EV: (-0.09086229099543507, 0.09086229099543507) P1 Winnings: 41.0
Choosing model 3
[0.027057795751012595, 0.838095943569423, 0.029307197278022862, 0.10533760049998259, 0.0002014629015588741]
Games played: 154
Exploitability: P1=1.933333333 P2=0.206379843 EV: (-0.05181821659674144, 0.05181821659674144) P1 Winnings: 42.0
Choosing model 1
[0.02029713180733919, 0.8689419578588868, 0.022779741119597456, 0.0878505617506432, 0.00013060746353335792]
Games played: 155
Exploitability: P1=2.800000000 P2=0.206379843 EV: (0.20637984343950067, -0.20637984343950067) P1 Winnings: 29.0
Choosing model 1
[0.019080528033144067, 0.8745908544134716, 0.021594314037589272, 0.08461596315555885, 0.00011834036023609008]
Games played: 156
Exploitability: P1=2.800000000 P2=0.206379843 EV: (0.20637984343950067, -0.20637984343950067) P1 Winnings: 16.0
Choosing model 1
[0.01895554148737121, 0.8737264625836598, 0.021613358617748452, 0.08559204731771465, 0.00011258999350590212]
Games played: 157
Exploitability: P1=2.800000000 P2=0.206379843 EV: (0.20637984343950067, -0.20637984343950067) P1 Winnings: 19.0
Choosing model 1
[0.024316455285842416, 0.846270002717668, 0.027110491248803898, 0.10214726236865253, 0.00015578837903330184]
Games played: 158
Exploitability: P1=2.800000000 P2=0.206379843 EV: (0.20637984343950067, -0.20637984343950067) P1 Winnings: 22.0
Choosing model 3
[0.016070747233652014, 0.8865806257936191, 0.018840067623073057, 0.07842477286360812, 8.378648604775069e-05]
Games played: 159
Exploitability: P1=1.933333333 P2=0.206379843 EV: (-0.05181821659674144, 0.05181821659674144) P1 Winnings: 29.0
Choosing model 0
[0.011919782480605165, 0.9088770091704487, 0.014479279435479744, 0.06467022116671134, 5.370774675495381e-05]
Games played: 160
Exploitability: P1=1.900000000 P2=0.206379843 EV: (-0.09086229099543507, 0.09086229099543507) P1 Winnings: 29.0
Choosing model 1
[0.011919772569911754, 0.9088770623869035, 0.01447926901837591, 0.06467018834988537, 5.3707674923539385e-05]
Games played: 161
Exploitability: P1=2.800000000 P2=0.206379843 EV: (0.20637984343950067, -0.20637984343950067) P1 Winnings: 28.0
Choosing model 1
[0.008424724792445503, 0.9294036945092895, 0.01064897533764848, 0.05149031200485973, 3.2293355756850666e-05]
Games played: 162
Exploitability: P1=2.800000000 P2=0.206379843 EV: (0.20637984343950067, -0.20637984343950067) P1 Winnings: 21.0
Choosing model 1
[0.008372653162664346, 0.9288306210737074, 0.010662332952048312, 0.05210365721435859, 3.073559722119519e-05]
Games played: 163
Exploitability: P1=2.800000000 P2=0.206379843 EV: (0.20637984343950067, -0.20637984343950067) P1 Winnings: 24.0
Choosing model 1
[0.010201359155202767, 0.9169190266638566, 0.012767240033108467, 0.0600725509913999, 3.982315643229923e-05]
Games played: 164
Exploitability: P1=2.800000000 P2=0.206379843 EV: (0.20637984343950067, -0.20637984343950067) P1 Winnings: 23.0
Choosing model 1
[0.007691868571678398, 0.9321507681210217, 0.009966564481867028, 0.050164888630693065, 2.5910194739884386e-05]
Games played: 165
Exploitability: P1=2.800000000 P2=0.206379843 EV: (0.20637984343950067, -0.20637984343950067) P1 Winnings: 30.0
Choosing model 1
[0.008594616317905162, 0.9200019493067445, 0.009904655820264632, 0.06146640578470114, 3.237277038446167e-05]
Games played: 166
Exploitability: P1=2.800000000 P2=0.206379843 EV: (0.20637984343950067, -0.20637984343950067) P1 Winnings: 23.0
Choosing model 1
[0.01099630186356686, 0.9031365434661992, 0.012402039689599412, 0.0734204330528416, 4.4681927793065026e-05]
Games played: 167
Exploitability: P1=2.800000000 P2=0.206379843 EV: (0.20637984343950067, -0.20637984343950067) P1 Winnings: 24.0
Choosing model 1
[0.0057872035678931955, 0.9389452976736906, 0.007029368730563713, 0.04822076510394819, 1.7364923904282254e-05]
Games played: 168
Exploitability: P1=2.800000000 P2=0.206379843 EV: (0.20637984343950067, -0.20637984343950067) P1 Winnings: 31.0
Choosing model 1
[0.005420728715402338, 0.9416459737915855, 0.006639573259099785, 0.04627804694525642, 1.5677288655755236e-05]
Games played: 169
Exploitability: P1=2.800000000 P2=0.206379843 EV: (0.20637984343950067, -0.20637984343950067) P1 Winnings: 34.0
Choosing model 1
[0.003999464571090379, 0.9598824672524294, 0.005723883707246303, 0.030385813203086684, 8.371266147378084e-06]
Games played: 170
Exploitability: P1=2.800000000 P2=0.206379843 EV: (0.20637984343950067, -0.20637984343950067) P1 Winnings: 43.0
Choosing model 1
[0.002553300110883382, 0.9695740795598932, 0.0035595775769655864, 0.02430838827852131, 4.654473736475119e-06]
Games played: 171
Exploitability: P1=2.800000000 P2=0.206379843 EV: (0.20637984343950067, -0.20637984343950067) P1 Winnings: 56.0
Choosing model 1
[0.0028672755200388456, 0.9647160712732196, 0.0036774780635439284, 0.028733484942449976, 5.690200747789721e-06]
Games played: 172
Exploitability: P1=2.800000000 P2=0.206379843 EV: (0.20637984343950067, -0.20637984343950067) P1 Winnings: 65.0
Choosing model 1
[0.002867266081482271, 0.9647161505597208, 0.003677467517198954, 0.028733425670483738, 5.6901711142339355e-06]
Games played: 173
Exploitability: P1=2.800000000 P2=0.206379843 EV: (0.20637984343950067, -0.20637984343950067) P1 Winnings: 56.0
Choosing model 1
[0.0032224209442490615, 0.9576829833822584, 0.0036758890021456637, 0.035411555879239213, 7.150792107582603e-06]
Games played: 174
Exploitability: P1=2.800000000 P2=0.206379843 EV: (0.20637984343950067, -0.20637984343950067) P1 Winnings: 49.0
Choosing model 1
[0.004722287854061542, 0.943656722426515, 0.005197241391146615, 0.04641178557681872, 1.196275145815942e-05]
Games played: 175
Exploitability: P1=2.800000000 P2=0.206379843 EV: (0.20637984343950067, -0.20637984343950067) P1 Winnings: 44.0
Choosing model 1
[0.005288967110318075, 0.9381920123996355, 0.005780625569605973, 0.05072476582366027, 1.3629096780410205e-05]
Games played: 176
Exploitability: P1=2.800000000 P2=0.206379843 EV: (0.20637984343950067, -0.20637984343950067) P1 Winnings: 47.0
Choosing model 3
[0.005910952174566997, 0.9261605056360291, 0.0057459347235742815, 0.06216557536553797, 1.7032100291665356e-05]
Games played: 177
Exploitability: P1=1.933333333 P2=0.206379843 EV: (-0.05181821659674144, 0.05181821659674144) P1 Winnings: 40.0
Choosing model 1
[0.004872177289454892, 0.9353547545014057, 0.004848708095305757, 0.05491164892731794, 1.2711186515648304e-05]
Games played: 178
Exploitability: P1=2.800000000 P2=0.206379843 EV: (0.20637984343950067, -0.20637984343950067) P1 Winnings: 31.0
Choosing model 1
[0.005978745358534247, 0.9244887671576557, 0.00584481254144277, 0.06367106276663398, 1.6612175733267727e-05]
Games played: 179
Exploitability: P1=2.800000000 P2=0.206379843 EV: (0.20637984343950067, -0.20637984343950067) P1 Winnings: 32.0
Choosing model 1
[0.010697726161596068, 0.872555739567598, 0.008824898373671645, 0.10788142764591725, 4.020825121705663e-05]
Games played: 180
Exploitability: P1=2.800000000 P2=0.206379843 EV: (0.20637984343950067, -0.20637984343950067) P1 Winnings: 37.0
Choosing model 1
[0.007996232844014517, 0.906856731976744, 0.007299002940330161, 0.07782415802801682, 2.3874210894432538e-05]
Games played: 181
Exploitability: P1=2.800000000 P2=0.206379843 EV: (0.20637984343950067, -0.20637984343950067) P1 Winnings: 42.0
Choosing model 3
[0.008922217398001375, 0.8982254037357347, 0.008087875344061086, 0.08473740572545532, 2.709779674774591e-05]
Games played: 182
Exploitability: P1=1.933333333 P2=0.206379843 EV: (-0.05181821659674144, 0.05181821659674144) P1 Winnings: 45.0
Choosing model 1
[0.009799032623837831, 0.890659744213285, 0.008811712029492587, 0.09069891226123782, 3.059887214671517e-05]
Games played: 183
Exploitability: P1=2.800000000 P2=0.206379843 EV: (0.20637984343950067, -0.20637984343950067) P1 Winnings: 48.0
Choosing model 1
[0.010915546030049003, 0.8807108947038045, 0.009747788528529002, 0.09859109822884268, 3.4672508774745325e-05]
Games played: 184
Exploitability: P1=2.800000000 P2=0.206379843 EV: (0.20637984343950067, -0.20637984343950067) P1 Winnings: 51.0
Choosing model 1
[0.01404513960170213, 0.8556247724596433, 0.012264158376184596, 0.11801780829531577, 4.812126715397749e-05]
Games played: 185
Exploitability: P1=2.800000000 P2=0.206379843 EV: (0.20637984343950067, -0.20637984343950067) P1 Winnings: 54.0
Choosing model 3
[0.012275025818123635, 0.8831231012213414, 0.011873158203435923, 0.09269455877692322, 3.415598017564988e-05]
Games played: 186
Exploitability: P1=1.933333333 P2=0.206379843 EV: (-0.05181821659674144, 0.05181821659674144) P1 Winnings: 59.0
Choosing model 1
[0.008010556787842148, 0.9135509864355292, 0.008147299275353341, 0.07027301844806798, 1.8139053207434596e-05]
Games played: 187
Exploitability: P1=2.800000000 P2=0.206379843 EV: (0.20637984343950067, -0.20637984343950067) P1 Winnings: 56.0
Choosing model 1
[0.008010549543026886, 0.9135510390492643, 0.008147292892691206, 0.07027297948813734, 1.8139026880250125e-05]
Games played: 188
Exploitability: P1=2.800000000 P2=0.206379843 EV: (0.20637984343950067, -0.20637984343950067) P1 Winnings: 49.0
Choosing model 1
[0.008907769934311733, 0.8973201990684058, 0.008057851872974496, 0.08569162451978478, 2.255460452307905e-05]
Games played: 189
Exploitability: P1=2.800000000 P2=0.206379843 EV: (0.20637984343950067, -0.20637984343950067) P1 Winnings: 42.0
Choosing model 1
[0.006738015012127577, 0.9151489514680843, 0.006310400194239472, 0.07178791157755471, 1.4721747993924737e-05]
Games played: 190
Exploitability: P1=2.800000000 P2=0.206379843 EV: (0.20637984343950067, -0.20637984343950067) P1 Winnings: 49.0
Choosing model 1
[0.007410770860811598, 0.9087392467538806, 0.006884997033893612, 0.07694833774400243, 1.664760741180412e-05]
Games played: 191
Exploitability: P1=2.800000000 P2=0.206379843 EV: (0.20637984343950067, -0.20637984343950067) P1 Winnings: 49.0
Choosing model 1
[0.008228499581504622, 0.8912601691724782, 0.006799238773516672, 0.09369142327367289, 2.0669198827678065e-05]
Games played: 192
Exploitability: P1=2.800000000 P2=0.206379843 EV: (0.20637984343950067, -0.20637984343950067) P1 Winnings: 42.0
Choosing model 1
[0.005988047126051599, 0.9125776738827479, 0.005137830917074763, 0.07628355920865086, 1.2888865474880538e-05]
Games played: 193
Exploitability: P1=2.800000000 P2=0.206379843 EV: (0.20637984343950067, -0.20637984343950067) P1 Winnings: 42.0
Choosing model 1
[0.0038717445616172153, 0.9353298884561079, 0.0034930963194741258, 0.05729848895158579, 6.781711215058506e-06]
Games played: 194
Exploitability: P1=2.800000000 P2=0.206379843 EV: (0.20637984343950067, -0.20637984343950067) P1 Winnings: 49.0
Choosing model 1
[0.004751695597521711, 0.9245811468945084, 0.004211240547144245, 0.066447052860595, 8.864100230525982e-06]
Games played: 195
Exploitability: P1=2.800000000 P2=0.206379843 EV: (0.20637984343950067, -0.20637984343950067) P1 Winnings: 50.0
Choosing model 1
[0.002715136412898664, 0.9486910712111036, 0.002566928242736944, 0.046022983623618174, 3.88050964255875e-06]
Games played: 196
Exploitability: P1=2.800000000 P2=0.206379843 EV: (0.20637984343950067, -0.20637984343950067) P1 Winnings: 57.0
Choosing model 1
[0.0029947066228639815, 0.94472091337618, 0.0028086123520234168, 0.049471367043492226, 4.400605440482382e-06]
Games played: 197
Exploitability: P1=2.800000000 P2=0.206379843 EV: (0.20637984343950067, -0.20637984343950067) P1 Winnings: 57.0
Choosing model 1
[0.0029947038483435218, 0.9447209469384342, 0.0028086100897570477, 0.04947133852450885, 4.400598956298595e-06]
Games played: 198
Exploitability: P1=2.800000000 P2=0.206379843 EV: (0.20637984343950067, -0.20637984343950067) P1 Winnings: 50.0
Choosing model 1
[0.002096423204428137, 0.9568417572625767, 0.002045926178788052, 0.039013272602119155, 2.6207520880043514e-06]
Games played: 199
Exploitability: P1=2.800000000 P2=0.206379843 EV: (0.20637984343950067, -0.20637984343950067) P1 Winnings: 43.0
Choosing model 1
[0.003429296188937804, 0.9384532469394065, 0.0031873322219411336, 0.054924959639797606, 5.165009916981757e-06]
Games played: 200
Exploitability: P1=2.800000000 P2=0.206379843 EV: (0.20637984343950067, -0.20637984343950067) P1 Winnings: 38.0
