Player 1 exploitability: 0.114326904141
Choosing model 3
[0.20396124844724672, 0.2105817708859842, 0.21596433592023306, 0.18442191860964258, 0.18507072613689338]
Games played: 1
Exploitability: P1=1.933333333 P2=0.028674890 EV: (-0.05293578311297167, 0.05293578311297167) P1 Winnings: 1.0
Choosing model 0
[0.20712266597835047, 0.22078717942522863, 0.2322182675405776, 0.1693391501631542, 0.170532736892689]
Games played: 2
Exploitability: P1=1.900000000 P2=0.028674890 EV: (-0.08675335817684794, 0.08675335817684794) P1 Winnings: 2.0
Choosing model 0
[0.20428991525558302, 0.14989224211765584, 0.1649147482973612, 0.22653448224847064, 0.2543686120809293]
Games played: 3
Exploitability: P1=1.900000000 P2=0.028674890 EV: (-0.08675335817684794, 0.08675335817684794) P1 Winnings: 9.0
Choosing model 3
[0.20259702800402835, 0.1591562693473736, 0.1649227457289806, 0.23018260278977004, 0.2431413541298474]
Games played: 4
Exploitability: P1=1.933333333 P2=0.028674890 EV: (-0.05293578311297167, 0.05293578311297167) P1 Winnings: 8.0
Choosing model 2
[0.1912183570012106, 0.2076227237397702, 0.16129069052693565, 0.24153931231994177, 0.19832891641214181]
Games played: 5
Exploitability: P1=4.600000000 P2=0.028674890 EV: (-0.018466786818133588, 0.018466786818133588) P1 Winnings: 13.0
Choosing model 3
[0.17619756147008162, 0.264423428435836, 0.15399685933170823, 0.247444016848415, 0.15793813391395917]
Games played: 6
Exploitability: P1=1.933333333 P2=0.028674890 EV: (-0.05293578311297167, 0.05293578311297167) P1 Winnings: 18.0
Choosing model 4
[0.1881339327820934, 0.22170137088634076, 0.1611299839114369, 0.24777850492732573, 0.18125620749280316]
Games played: 7
Exploitability: P1=2.600000000 P2=0.028674890 EV: (-0.11657263320328144, 0.11657263320328144) P1 Winnings: 15.0
Choosing model 3
[0.18275956543940794, 0.16711586439619963, 0.12307987011317745, 0.2980775775788805, 0.22896712247233447]
Games played: 8
Exploitability: P1=1.933333333 P2=0.028674890 EV: (-0.05293578311297167, 0.05293578311297167) P1 Winnings: 22.0
Choosing model 4
[0.16074450627423054, 0.10117088722902999, 0.07794465562946297, 0.35558338831861985, 0.3045565625486566]
Games played: 9
Exploitability: P1=2.600000000 P2=0.028674890 EV: (-0.11657263320328144, 0.11657263320328144) P1 Winnings: 19.0
Choosing model 0
[0.1615953606101636, 0.10227584103235444, 0.07894345550225715, 0.3639732942550388, 0.2932120486001859]
Games played: 10
Exploitability: P1=1.900000000 P2=0.028674890 EV: (-0.08675335817684794, 0.08675335817684794) P1 Winnings: 22.0
Choosing model 1
[0.16159534939070247, 0.10227592495708542, 0.07894345886294848, 0.3639733869121866, 0.293211879877077]
Games played: 11
Exploitability: P1=2.800000000 P2=0.028674890 EV: (0.028624398454835574, -0.028624398454835574) P1 Winnings: 21.0
Choosing model 3
[0.16059260557879382, 0.10882497119760794, 0.07911298237147144, 0.370611042588725, 0.2808583982634019]
Games played: 12
Exploitability: P1=1.933333333 P2=0.028674890 EV: (-0.05293578311297167, 0.05293578311297167) P1 Winnings: 14.0
Choosing model 2
[0.1696392344414903, 0.11868680315485397, 0.08848769709780865, 0.35398429049848756, 0.26920197480735963]
Games played: 13
Exploitability: P1=4.600000000 P2=0.028674890 EV: (-0.018466786818133588, 0.018466786818133588) P1 Winnings: 15.0
Choosing model 3
[0.16435689615320007, 0.131605397510099, 0.08457621466740005, 0.37387629163230324, 0.24558520003699777]
Games played: 14
Exploitability: P1=1.933333333 P2=0.028674890 EV: (-0.05293578311297167, 0.05293578311297167) P1 Winnings: 15.0
Choosing model 4
[0.17028840064129191, 0.10707104538543702, 0.08587023247188472, 0.3632825123343717, 0.2734878091670146]
Games played: 15
Exploitability: P1=2.600000000 P2=0.028674890 EV: (-0.11657263320328144, 0.11657263320328144) P1 Winnings: 12.0
Choosing model 3
[0.17955395685897954, 0.11656148412183655, 0.09587092747567584, 0.34635326033673286, 0.26166037120677516]
Games played: 16
Exploitability: P1=1.933333333 P2=0.028674890 EV: (-0.05293578311297167, 0.05293578311297167) P1 Winnings: 13.0
Choosing model 0
[0.17182852571429513, 0.15047157707489897, 0.09503222574880608, 0.36681162265244943, 0.21585604880955037]
Games played: 17
Exploitability: P1=1.900000000 P2=0.028674890 EV: (-0.08675335817684794, 0.08675335817684794) P1 Winnings: 20.0
Choosing model 0
[0.17182849922050045, 0.15047168779403067, 0.09503222173966287, 0.3668116849419046, 0.21585590630390128]
Games played: 18
Exploitability: P1=1.900000000 P2=0.028674890 EV: (-0.08675335817684794, 0.08675335817684794) P1 Winnings: 19.0
Choosing model 3
[0.182514185215786, 0.10966266336337813, 0.0975995232571894, 0.35072793490545656, 0.25949569325818994]
Games played: 19
Exploitability: P1=1.933333333 P2=0.028674890 EV: (-0.05293578311297167, 0.05293578311297167) P1 Winnings: 22.0
Choosing model 3
[0.1880079604569706, 0.08743416596635611, 0.09838660367578035, 0.3374023514592575, 0.2887689184416354]
Games played: 20
Exploitability: P1=1.933333333 P2=0.028674890 EV: (-0.05293578311297167, 0.05293578311297167) P1 Winnings: 15.0
Choosing model 4
[0.19203748613168012, 0.0691247412881311, 0.0983454759900544, 0.3218518160669496, 0.31864048052318483]
Games played: 21
Exploitability: P1=2.600000000 P2=0.028674890 EV: (-0.11657263320328144, 0.11657263320328144) P1 Winnings: 18.0
Choosing model 4
[0.19412140516311452, 0.06202691998461854, 0.09872459074756694, 0.31748027075714735, 0.32764681334755263]
Games played: 22
Exploitability: P1=2.600000000 P2=0.028674890 EV: (-0.11657263320328144, 0.11657263320328144) P1 Winnings: 18.0
Choosing model 0
[0.19522620110277025, 0.05631978404527719, 0.09849302213977172, 0.31117015163781425, 0.33879084107436663]
Games played: 23
Exploitability: P1=1.900000000 P2=0.028674890 EV: (-0.08675335817684794, 0.08675335817684794) P1 Winnings: 15.0
Choosing model 4
[0.1942013136356616, 0.06864351337539017, 0.10030422739354704, 0.33171176977906286, 0.30513917581633837]
Games played: 24
Exploitability: P1=2.600000000 P2=0.028674890 EV: (-0.11657263320328144, 0.11657263320328144) P1 Winnings: 10.0
Choosing model 4
[0.19717607423985203, 0.05394414628115466, 0.09966208021722495, 0.3145292696169744, 0.3346884296447939]
Games played: 25
Exploitability: P1=2.600000000 P2=0.028674890 EV: (-0.11657263320328144, 0.11657263320328144) P1 Winnings: 3.0
Choosing model 3
[0.19717607602152518, 0.05394419866296167, 0.09966209317690117, 0.3145293825445007, 0.33468824959411125]
Games played: 26
Exploitability: P1=1.933333333 P2=0.028674890 EV: (-0.05293578311297167, 0.05293578311297167) P1 Winnings: 0.0
Choosing model 3
[0.20832429683290912, 0.05884418647785643, 0.11149363785122353, 0.3004773923753953, 0.3208604864626156]
Games played: 27
Exploitability: P1=1.933333333 P2=0.028674890 EV: (-0.05293578311297167, 0.05293578311297167) P1 Winnings: 1.0
Choosing model 0
[0.20832429688389617, 0.05884424310047627, 0.11149365136926714, 0.3004774976162248, 0.3208603110301357]
Games played: 28
Exploitability: P1=1.900000000 P2=0.028674890 EV: (-0.08675335817684794, 0.08675335817684794) P1 Winnings: -2.0
Choosing model 3
[0.20832429691346638, 0.058844295480311115, 0.1114936638724071, 0.30047759501378163, 0.3208601487200337]
Games played: 29
Exploitability: P1=1.933333333 P2=0.028674890 EV: (-0.05293578311297167, 0.05293578311297167) P1 Winnings: -3.0
Choosing model 2
[0.20760027280573143, 0.08368260254739618, 0.11724137100643832, 0.3257927075939989, 0.2656830460464351]
Games played: 30
Exploitability: P1=4.600000000 P2=0.028674890 EV: (-0.018466786818133588, 0.018466786818133588) P1 Winnings: 4.0
Choosing model 3
[0.21201903754860407, 0.11883207035287813, 0.13249140262057435, 0.3211161057391974, 0.21554138373874612]
Games played: 31
Exploitability: P1=1.933333333 P2=0.028674890 EV: (-0.05293578311297167, 0.05293578311297167) P1 Winnings: 9.0
Choosing model 1
[0.2206397355224145, 0.12767787478074158, 0.1459926339100721, 0.30215920705498583, 0.20353054873178603]
Games played: 32
Exploitability: P1=2.800000000 P2=0.028674890 EV: (0.028624398454835574, -0.028624398454835574) P1 Winnings: 10.0
Choosing model 2
[0.21838499481336468, 0.13530478644730343, 0.14571522740099857, 0.3064269157779846, 0.1941680755603488]
Games played: 33
Exploitability: P1=4.600000000 P2=0.028674890 EV: (-0.018466786818133588, 0.018466786818133588) P1 Winnings: 13.0
Choosing model 2
[0.21702767064449885, 0.11913967984272253, 0.13322364705919718, 0.3205411564961249, 0.21006784595745648]
Games played: 34
Exploitability: P1=4.600000000 P2=0.028674890 EV: (-0.018466786818133588, 0.018466786818133588) P1 Winnings: 4.0
Choosing model 3
[0.22346617066929256, 0.09939226212293141, 0.1348118047382819, 0.3123152434208477, 0.2300145190486464]
Games played: 35
Exploitability: P1=1.933333333 P2=0.028674890 EV: (-0.05293578311297167, 0.05293578311297167) P1 Winnings: 5.0
Choosing model 3
[0.20828679958157895, 0.1471945418878494, 0.13246826691684893, 0.3402727189539019, 0.1717776726598209]
Games played: 36
Exploitability: P1=1.933333333 P2=0.028674890 EV: (-0.05293578311297167, 0.05293578311297167) P1 Winnings: 5.0
Choosing model 0
[0.22887076992590727, 0.0864831925776091, 0.13738031913584217, 0.31260565068846075, 0.23466006767218062]
Games played: 37
Exploitability: P1=1.900000000 P2=0.028674890 EV: (-0.08675335817684794, 0.08675335817684794) P1 Winnings: 4.0
Choosing model 4
[0.22739897259436834, 0.09200010610795817, 0.1376440999760471, 0.3182343339784261, 0.22472248734320022]
Games played: 38
Exploitability: P1=2.600000000 P2=0.028674890 EV: (-0.11657263320328144, 0.11657263320328144) P1 Winnings: -5.0
Choosing model 3
[0.236926587602227, 0.09896616500490121, 0.15185086782250556, 0.29980385224864525, 0.21245252732172085]
Games played: 39
Exploitability: P1=1.933333333 P2=0.028674890 EV: (-0.05293578311297167, 0.05293578311297167) P1 Winnings: -4.0
Choosing model 0
[0.2196681809856297, 0.14793405224413292, 0.14788007390652277, 0.3224985677109153, 0.16201912515279931]
Games played: 40
Exploitability: P1=1.900000000 P2=0.028674890 EV: (-0.08675335817684794, 0.08675335817684794) P1 Winnings: 7.0
Choosing model 0
[0.21668378543071437, 0.15623771071721332, 0.14709700748714463, 0.3259410700422715, 0.15404042632265613]
Games played: 41
Exploitability: P1=1.900000000 P2=0.028674890 EV: (-0.08675335817684794, 0.08675335817684794) P1 Winnings: 6.0
Choosing model 1
[0.21353911393493663, 0.16485242570149022, 0.14618061284891976, 0.3291108087741267, 0.1463170387405267]
Games played: 42
Exploitability: P1=2.800000000 P2=0.028674890 EV: (0.028624398454835574, -0.028624398454835574) P1 Winnings: 5.0
Choosing model 4
[0.21024152418343345, 0.17377802632389136, 0.14513286134853715, 0.331997829592113, 0.13884975855202514]
Games played: 43
Exploitability: P1=2.600000000 P2=0.028674890 EV: (-0.11657263320328144, 0.11657263320328144) P1 Winnings: -2.0
Choosing model 2
[0.21024148040546722, 0.17377814480133474, 0.14513284738286378, 0.331997868028686, 0.13884965938164825]
Games played: 44
Exploitability: P1=4.600000000 P2=0.028674890 EV: (-0.018466786818133588, 0.018466786818133588) P1 Winnings: -3.0
Choosing model 2
[0.22379161885841242, 0.11098848383687221, 0.13361443369187284, 0.34490891258932777, 0.18669655102351487]
Games played: 45
Exploitability: P1=4.600000000 P2=0.028674890 EV: (-0.018466786818133588, 0.018466786818133588) P1 Winnings: -3.0
Choosing model 0
[0.23326681230310445, 0.09309647011467201, 0.1382581027570142, 0.3308805331202842, 0.20449808170492498]
Games played: 46
Exploitability: P1=1.900000000 P2=0.028674890 EV: (-0.08675335817684794, 0.08675335817684794) P1 Winnings: -2.0
Choosing model 3
[0.2214725885849925, 0.12436581631082792, 0.13630524787846182, 0.3514833826572137, 0.1663729645685041]
Games played: 47
Exploitability: P1=1.933333333 P2=0.028674890 EV: (-0.05293578311297167, 0.05293578311297167) P1 Winnings: 3.0
Choosing model 4
[0.2253994000792461, 0.11427464644569034, 0.13761342222774606, 0.348621433072354, 0.17409109817496357]
Games played: 48
Exploitability: P1=2.600000000 P2=0.028674890 EV: (-0.11657263320328144, 0.11657263320328144) P1 Winnings: 6.0
Choosing model 0
[0.23279149272393118, 0.09562330696031465, 0.1396770297118221, 0.3407072404377024, 0.19120093016622972]
Games played: 49
Exploitability: P1=1.900000000 P2=0.028674890 EV: (-0.08675335817684794, 0.08675335817684794) P1 Winnings: 5.0
Choosing model 1
[0.23062366958648475, 0.10142826222436395, 0.1395393457619091, 0.34583597855495896, 0.18257274387228326]
Games played: 50
Exploitability: P1=2.800000000 P2=0.028674890 EV: (0.028624398454835574, -0.028624398454835574) P1 Winnings: 4.0
Choosing model 2
[0.23760486565236977, 0.08416833639745203, 0.14122308941922962, 0.3366760818066391, 0.20032762672430957]
Games played: 51
Exploitability: P1=4.600000000 P2=0.028674890 EV: (-0.018466786818133588, 0.018466786818133588) P1 Winnings: 5.0
Choosing model 0
[0.2376047768328727, 0.08416858891971661, 0.14122309650722903, 0.33667636972994547, 0.2003271680102361]
Games played: 52
Exploitability: P1=1.900000000 P2=0.028674890 EV: (-0.08675335817684794, 0.08675335817684794) P1 Winnings: -4.0
Choosing model 3
[0.22607081574577895, 0.11267826819302774, 0.13952435399701546, 0.3584004307572693, 0.1633261313069086]
Games played: 53
Exploitability: P1=1.933333333 P2=0.028674890 EV: (-0.05293578311297167, 0.05293578311297167) P1 Winnings: 1.0
Choosing model 3
[0.18125929458772277, 0.11104264022137007, 0.08528500440716609, 0.46398202564279717, 0.15843103514094384]
Games played: 54
Exploitability: P1=1.933333333 P2=0.028674890 EV: (-0.05293578311297167, 0.05293578311297167) P1 Winnings: -8.0
Choosing model 3
[0.19089958919077737, 0.12074456731012402, 0.0951068419727101, 0.4418458081299365, 0.15140319339645197]
Games played: 55
Exploitability: P1=1.933333333 P2=0.028674890 EV: (-0.05293578311297167, 0.05293578311297167) P1 Winnings: -7.0
Choosing model 3
[0.2002796507465675, 0.13078939868306855, 0.10565206000110366, 0.4191480450639003, 0.14413084550535993]
Games played: 56
Exploitability: P1=1.933333333 P2=0.028674890 EV: (-0.05293578311297167, 0.05293578311297167) P1 Winnings: -6.0
Choosing model 4
[0.20928742422931684, 0.14110810599216925, 0.11690111502306332, 0.39603961235824625, 0.1366637423972043]
Games played: 57
Exploitability: P1=2.600000000 P2=0.028674890 EV: (-0.11657263320328144, 0.11657263320328144) P1 Winnings: -5.0
Choosing model 3
[0.2092873794940875, 0.1411082115765167, 0.11690110418048497, 0.39603966631879817, 0.1366636384301126]
Games played: 58
Exploitability: P1=1.933333333 P2=0.028674890 EV: (-0.05293578311297167, 0.05293578311297167) P1 Winnings: -8.0
Choosing model 3
[0.16393442687628482, 0.1358543132035367, 0.06980919573313674, 0.5008904249096051, 0.12951163927743667]
Games played: 59
Exploitability: P1=1.933333333 P2=0.028674890 EV: (-0.05293578311297167, 0.05293578311297167) P1 Winnings: 1.0
Choosing model 3
[0.12147028660660732, 0.12372776059103219, 0.0394347775923361, 0.5992657661641505, 0.11610140904587381]
Games played: 60
Exploitability: P1=1.933333333 P2=0.028674890 EV: (-0.05293578311297167, 0.05293578311297167) P1 Winnings: -4.0
Choosing model 3
[0.14009684363620753, 0.07433869525362995, 0.04295598600727388, 0.577750458473837, 0.16485801662905164]
Games played: 61
Exploitability: P1=1.933333333 P2=0.028674890 EV: (-0.05293578311297167, 0.05293578311297167) P1 Winnings: -7.0
Choosing model 1
[0.1261076866411923, 0.10632057428077256, 0.04076344427219254, 0.6079074931741364, 0.11890080163170623]
Games played: 62
Exploitability: P1=2.800000000 P2=0.028674890 EV: (0.028624398454835574, -0.028624398454835574) P1 Winnings: -7.0
Choosing model 4
[0.13310281333807394, 0.08811791164880692, 0.04216128197604985, 0.6017313008462936, 0.1348866921907756]
Games played: 63
Exploitability: P1=2.600000000 P2=0.028674890 EV: (-0.11657263320328144, 0.11657263320328144) P1 Winnings: -4.0
Choosing model 1
[0.11385618117031521, 0.1353537521744314, 0.0384719155889392, 0.6239186993268452, 0.0883994517394689]
Games played: 64
Exploitability: P1=2.800000000 P2=0.028674890 EV: (0.028624398454835574, -0.028624398454835574) P1 Winnings: -7.0
Choosing model 3
[0.12200481470108829, 0.11128462436114976, 0.04034574471039505, 0.6241763680965223, 0.10218844813084443]
Games played: 65
Exploitability: P1=1.933333333 P2=0.028674890 EV: (-0.05293578311297167, 0.05293578311297167) P1 Winnings: -6.0
Choosing model 3
[0.12495209480464499, 0.10140956835223629, 0.04114098597103319, 0.6276783795877382, 0.1048189712843474]
Games played: 66
Exploitability: P1=1.933333333 P2=0.028674890 EV: (-0.05293578311297167, 0.05293578311297167) P1 Winnings: -11.0
Choosing model 0
[0.13310530883115804, 0.08156430811061337, 0.04285264056208866, 0.6220399123722096, 0.12043783012393036]
Games played: 67
Exploitability: P1=1.900000000 P2=0.028674890 EV: (-0.08675335817684794, 0.08675335817684794) P1 Winnings: -8.0
Choosing model 3
[0.14244641053467058, 0.0901217053368301, 0.048558816949952996, 0.6019206715094471, 0.11695239566909932]
Games played: 68
Exploitability: P1=1.933333333 P2=0.028674890 EV: (-0.05293578311297167, 0.05293578311297167) P1 Winnings: -7.0
Choosing model 3
[0.15197727820484075, 0.09927266147551969, 0.05485669342886921, 0.5806725348738876, 0.11322083201688278]
Games played: 69
Exploitability: P1=1.933333333 P2=0.028674890 EV: (-0.05293578311297167, 0.05293578311297167) P1 Winnings: -6.0
Choosing model 3
[0.1604665278841257, 0.0811293565960804, 0.05668185610577849, 0.5725786669403691, 0.12914359247364637]
Games played: 70
Exploitability: P1=1.933333333 P2=0.028674890 EV: (-0.05293578311297167, 0.05293578311297167) P1 Winnings: -6.0
Choosing model 3
[0.160466493437369, 0.08112941722691767, 0.056681850796609964, 0.5725787444298952, 0.12914349410920822]
Games played: 71
Exploitability: P1=1.933333333 P2=0.028674890 EV: (-0.05293578311297167, 0.05293578311297167) P1 Winnings: -9.0
Choosing model 3
[0.17086253606462967, 0.08918954617197966, 0.06390588962191986, 0.5512677443614779, 0.12477428377999301]
Games played: 72
Exploitability: P1=1.933333333 P2=0.028674890 EV: (-0.05293578311297167, 0.05293578311297167) P1 Winnings: -8.0
Choosing model 3
[0.17946745179347046, 0.07250957765427257, 0.06568835359442245, 0.5407537191760122, 0.14158089778182217]
Games played: 73
Exploitability: P1=1.933333333 P2=0.028674890 EV: (-0.05293578311297167, 0.05293578311297167) P1 Winnings: -5.0
Choosing model 2
[0.18753756976856545, 0.058135641772888096, 0.06717760752789122, 0.5275468884455251, 0.1596022924851302]
Games played: 74
Exploitability: P1=4.600000000 P2=0.028674890 EV: (-0.018466786818133588, 0.018466786818133588) P1 Winnings: -5.0
Choosing model 0
[0.19939779068274294, 0.06381865414717888, 0.07562945443633164, 0.5071751872957475, 0.15397891343799908]
Games played: 75
Exploitability: P1=1.900000000 P2=0.028674890 EV: (-0.08675335817684794, 0.08675335817684794) P1 Winnings: -4.0
Choosing model 3
[0.19702298089595283, 0.06751536774744868, 0.07535679677702935, 0.5134599548299664, 0.1466448997496027]
Games played: 76
Exploitability: P1=1.933333333 P2=0.028674890 EV: (-0.05293578311297167, 0.05293578311297167) P1 Winnings: -5.0
Choosing model 0
[0.20039783875630104, 0.061102078482954375, 0.07631483421228172, 0.5127976216042439, 0.14938762694421895]
Games played: 77
Exploitability: P1=1.900000000 P2=0.028674890 EV: (-0.08675335817684794, 0.08675335817684794) P1 Winnings: -10.0
Choosing model 4
[0.20697425849315354, 0.0508297053888939, 0.07742653798344817, 0.5004491364884196, 0.16432036164608477]
Games played: 78
Exploitability: P1=2.600000000 P2=0.028674890 EV: (-0.11657263320328144, 0.11657263320328144) P1 Winnings: -10.0
Choosing model 3
[0.19440886691424633, 0.06907626091885914, 0.0756768426621871, 0.5295333546110992, 0.1313046748936084]
Games played: 79
Exploitability: P1=1.933333333 P2=0.028674890 EV: (-0.05293578311297167, 0.05293578311297167) P1 Winnings: -11.0
Choosing model 3
[0.2059839980240077, 0.07556476698110923, 0.08490138896957629, 0.5073125538320485, 0.12623729219325827]
Games played: 80
Exploitability: P1=1.933333333 P2=0.028674890 EV: (-0.05293578311297167, 0.05293578311297167) P1 Winnings: -10.0
Choosing model 3
[0.21000832500340819, 0.06838827644239838, 0.08596098125568168, 0.5047217277506169, 0.13092068954789496]
Games played: 81
Exploitability: P1=1.933333333 P2=0.028674890 EV: (-0.05293578311297167, 0.05293578311297167) P1 Winnings: -13.0
Choosing model 0
[0.190592063278456, 0.060501737680939284, 0.06745187568143159, 0.5519687677168665, 0.12948555564230654]
Games played: 82
Exploitability: P1=1.900000000 P2=0.028674890 EV: (-0.08675335817684794, 0.08675335817684794) P1 Winnings: -4.0
Choosing model 3
[0.19731959975097235, 0.05074961896009378, 0.06862925613375803, 0.5407454185972814, 0.1425561065578944]
Games played: 83
Exploitability: P1=1.933333333 P2=0.028674890 EV: (-0.05293578311297167, 0.05293578311297167) P1 Winnings: -5.0
Choosing model 3
[0.18810937143100845, 0.06904238860189386, 0.06903863624217632, 0.5608856440788271, 0.11292395964609417]
Games played: 84
Exploitability: P1=1.933333333 P2=0.028674890 EV: (-0.05293578311297167, 0.05293578311297167) P1 Winnings: 2.0
Choosing model 4
[0.19699189529068992, 0.05596239692286772, 0.0707520086559072, 0.5485425684582353, 0.1277511306723]
Games played: 85
Exploitability: P1=2.600000000 P2=0.028674890 EV: (-0.11657263320328144, 0.11657263320328144) P1 Winnings: 5.0
Choosing model 3
[0.20026618453271394, 0.05136551655999465, 0.07135320468938193, 0.5434831866436041, 0.13353190757430541]
Games played: 86
Exploitability: P1=1.933333333 P2=0.028674890 EV: (-0.05293578311297167, 0.05293578311297167) P1 Winnings: 2.0
Choosing model 2
[0.207802152677438, 0.041851910182185245, 0.07255263020528646, 0.5288688183027108, 0.14892448863237948]
Games played: 87
Exploitability: P1=4.600000000 P2=0.028674890 EV: (-0.018466786818133588, 0.018466786818133588) P1 Winnings: -1.0
Choosing model 4
[0.2078122536138173, 0.025112719441635945, 0.06275329273609671, 0.5161937977840665, 0.18812793642438352]
Games played: 88
Exploitability: P1=2.600000000 P2=0.028674890 EV: (-0.11657263320328144, 0.11657263320328144) P1 Winnings: -1.0
Choosing model 3
[0.21577492012428354, 0.020983103179119656, 0.06468363415352073, 0.4932876672894829, 0.20527067525359322]
Games played: 89
Exploitability: P1=1.933333333 P2=0.028674890 EV: (-0.05293578311297167, 0.05293578311297167) P1 Winnings: 0.0
Choosing model 4
[0.2299834467008301, 0.023090771409554612, 0.07300025926384279, 0.4754017168839267, 0.1985238057418458]
Games played: 90
Exploitability: P1=2.600000000 P2=0.028674890 EV: (-0.11657263320328144, 0.11657263320328144) P1 Winnings: 1.0
Choosing model 4
[0.2373312670050281, 0.0163493085946635, 0.07283802618674437, 0.44161609625439924, 0.2318653019591648]
Games played: 91
Exploitability: P1=2.600000000 P2=0.028674890 EV: (-0.11657263320328144, 0.11657263320328144) P1 Winnings: 1.0
Choosing model 3
[0.20535906617158575, 0.010977277240261417, 0.04955811447120299, 0.47321283430822436, 0.2608927078087255]
Games played: 92
Exploitability: P1=1.933333333 P2=0.028674890 EV: (-0.05293578311297167, 0.05293578311297167) P1 Winnings: 8.0
Choosing model 3
[0.21992327108676538, 0.012137382830494769, 0.05619613624679937, 0.4582249102045955, 0.253518299631345]
Games played: 93
Exploitability: P1=1.933333333 P2=0.028674890 EV: (-0.05293578311297167, 0.05293578311297167) P1 Winnings: 9.0
Choosing model 3
[0.22301897085729075, 0.009526606886462233, 0.055768083678453116, 0.4339577019017412, 0.2777286366760527]
Games played: 94
Exploitability: P1=1.933333333 P2=0.028674890 EV: (-0.05293578311297167, 0.05293578311297167) P1 Winnings: 9.0
Choosing model 3
[0.22118457722676324, 0.011576459092998275, 0.05662372928089729, 0.46122126702113925, 0.2493939673782018]
Games played: 95
Exploitability: P1=1.933333333 P2=0.028674890 EV: (-0.05293578311297167, 0.05293578311297167) P1 Winnings: 0.0
Choosing model 3
[0.18356205130585065, 0.005510878510575012, 0.034607840872628276, 0.465998839746435, 0.3103203895645111]
Games played: 96
Exploitability: P1=1.933333333 P2=0.028674890 EV: (-0.05293578311297167, 0.05293578311297167) P1 Winnings: 0.0
Choosing model 4
[0.18513550584586183, 0.0038135568207247525, 0.033748673426605195, 0.4230750547435027, 0.3542272091633055]
Games played: 97
Exploitability: P1=2.600000000 P2=0.028674890 EV: (-0.11657263320328144, 0.11657263320328144) P1 Winnings: 0.0
Choosing model 3
[0.19933369748156704, 0.004239301835603082, 0.03847530654803405, 0.4118824611347072, 0.3460692330000886]
Games played: 98
Exploitability: P1=1.933333333 P2=0.028674890 EV: (-0.05293578311297167, 0.05293578311297167) P1 Winnings: 1.0
Choosing model 2
[0.19770340210844267, 0.002190368809557578, 0.036041388233789655, 0.34148313095235266, 0.4225817098958574]
Games played: 99
Exploitability: P1=4.600000000 P2=0.028674890 EV: (-0.018466786818133588, 0.018466786818133588) P1 Winnings: 1.0
Choosing model 3
[0.18787868233369218, 0.0018442999886780908, 0.031510038896399695, 0.3415837426556759, 0.4371832361255541]
Games played: 100
Exploitability: P1=1.933333333 P2=0.028674890 EV: (-0.05293578311297167, 0.05293578311297167) P1 Winnings: 10.0
Choosing model 0
[0.18589773379620647, 0.0014001438644694122, 0.030512591697152817, 0.3155387827847172, 0.46665074785745403]
Games played: 101
Exploitability: P1=1.900000000 P2=0.028674890 EV: (-0.08675335817684794, 0.08675335817684794) P1 Winnings: 10.0
Choosing model 4
[0.19114801368564488, 0.002053005334140899, 0.032604179894431054, 0.36399214432427635, 0.41020265676150697]
Games played: 102
Exploitability: P1=2.600000000 P2=0.028674890 EV: (-0.11657263320328144, 0.11657263320328144) P1 Winnings: 10.0
Choosing model 3
[0.19219697324998894, 0.0022101679925964892, 0.03305863776058677, 0.37499096325044645, 0.3975432577463814]
Games played: 103
Exploitability: P1=1.933333333 P2=0.028674890 EV: (-0.05293578311297167, 0.05293578311297167) P1 Winnings: 9.0
Choosing model 3
[0.1934666370662425, 0.0019795296995026735, 0.03313255137133263, 0.3706326002867191, 0.40078868157620295]
Games played: 104
Exploitability: P1=1.933333333 P2=0.028674890 EV: (-0.05293578311297167, 0.05293578311297167) P1 Winnings: 4.0
Choosing model 4
[0.17663994941896335, 0.002052724176833739, 0.026232204898860783, 0.4080340780838004, 0.38704104342154183]
Games played: 105
Exploitability: P1=2.600000000 P2=0.028674890 EV: (-0.11657263320328144, 0.11657263320328144) P1 Winnings: 9.0
Choosing model 3
[0.12930796447989937, 0.0025256882636790798, 0.014930512113607458, 0.5451978949057867, 0.30803794023702746]
Games played: 106
Exploitability: P1=1.933333333 P2=0.028674890 EV: (-0.05293578311297167, 0.05293578311297167) P1 Winnings: 20.0
Choosing model 3
[0.1405214058206903, 0.002833805695486725, 0.01718012389791403, 0.5357180202296323, 0.3037466443562766]
Games played: 107
Exploitability: P1=1.933333333 P2=0.028674890 EV: (-0.05293578311297167, 0.05293578311297167) P1 Winnings: 21.0
Choosing model 0
[0.1524673450816822, 0.0031745160911030726, 0.019737630757547957, 0.5255759469287314, 0.29904456114093536]
Games played: 108
Exploitability: P1=1.900000000 P2=0.028674890 EV: (-0.08675335817684794, 0.08675335817684794) P1 Winnings: 22.0
Choosing model 3
[0.15404213231304495, 0.002598601828733865, 0.01959781033417308, 0.5024711079753426, 0.32129034754870567]
Games played: 109
Exploitability: P1=1.933333333 P2=0.028674890 EV: (-0.05293578311297167, 0.05293578311297167) P1 Winnings: 21.0
Choosing model 3
[0.15513404191272298, 0.0023230930699623766, 0.019600117631767094, 0.4938010908946824, 0.32914165649086524]
Games played: 110
Exploitability: P1=1.933333333 P2=0.028674890 EV: (-0.05293578311297167, 0.05293578311297167) P1 Winnings: 18.0
Choosing model 3
[0.15432596152361552, 0.0028315416622719577, 0.019961366805105404, 0.5264205307635813, 0.29646059924542584]
Games played: 111
Exploitability: P1=1.933333333 P2=0.028674890 EV: (-0.05293578311297167, 0.05293578311297167) P1 Winnings: 9.0
Choosing model 4
[0.15580187120848463, 0.002543512241137378, 0.020064777156764666, 0.5218308765307831, 0.2997589628628304]
Games played: 112
Exploitability: P1=2.600000000 P2=0.028674890 EV: (-0.11657263320328144, 0.11657263320328144) P1 Winnings: 4.0
Choosing model 0
[0.1580223065729012, 0.001770036122261683, 0.019676844550068254, 0.47643237904463603, 0.3440984337101328]
Games played: 113
Exploitability: P1=1.900000000 P2=0.028674890 EV: (-0.08675335817684794, 0.08675335817684794) P1 Winnings: 4.0
Choosing model 3
[0.17107465145994336, 0.0019784382894146935, 0.022555740965343102, 0.4663730116742269, 0.3380181576110719]
Games played: 114
Exploitability: P1=1.933333333 P2=0.028674890 EV: (-0.05293578311297167, 0.05293578311297167) P1 Winnings: 5.0
Choosing model 4
[0.18486426553319457, 0.002207307943720433, 0.025808263301655924, 0.4556858998175803, 0.33143426340384885]
Games played: 115
Exploitability: P1=2.600000000 P2=0.028674890 EV: (-0.11657263320328144, 0.11657263320328144) P1 Winnings: 6.0
Choosing model 0
[0.19937061901793326, 0.0024577869039709823, 0.029471439232750515, 0.44436377989702575, 0.3243363749483196]
Games played: 116
Exploitability: P1=1.900000000 P2=0.028674890 EV: (-0.08675335817684794, 0.08675335817684794) P1 Winnings: 7.0
Choosing model 3
[0.20004349652785874, 0.0016920378561740286, 0.028591702165500447, 0.40135409751774276, 0.36831866593272417]
Games played: 117
Exploitability: P1=1.933333333 P2=0.028674890 EV: (-0.05293578311297167, 0.05293578311297167) P1 Winnings: 10.0
Choosing model 4
[0.20061828426298917, 0.002696157891267324, 0.03022874089487746, 0.4704979828509186, 0.2959588340999475]
Games played: 118
Exploitability: P1=2.600000000 P2=0.028674890 EV: (-0.11657263320328144, 0.11657263320328144) P1 Winnings: 5.0
Choosing model 3
[0.20235763117355857, 0.0021049266647959106, 0.02983855425144875, 0.44320528015095334, 0.3224936077592436]
Games played: 119
Exploitability: P1=1.933333333 P2=0.028674890 EV: (-0.05293578311297167, 0.05293578311297167) P1 Winnings: 8.0
Choosing model 3
[0.19948893794291261, 0.003289330085073989, 0.030930300101460622, 0.5075726756324129, 0.25871875623813995]
Games played: 120
Exploitability: P1=1.933333333 P2=0.028674890 EV: (-0.05293578311297167, 0.05293578311297167) P1 Winnings: 5.0
Choosing model 2
[0.21465659886217756, 0.0036543151200053043, 0.03524065209714238, 0.49384258173497464, 0.2526058521857001]
Games played: 121
Exploitability: P1=4.600000000 P2=0.028674890 EV: (-0.018466786818133588, 0.018466786818133588) P1 Winnings: 6.0
Choosing model 4
[0.21769191862800186, 0.002868446975523367, 0.03497443099949968, 0.46771869608515243, 0.2767465073118225]
Games played: 122
Exploitability: P1=2.600000000 P2=0.028674890 EV: (-0.11657263320328144, 0.11657263320328144) P1 Winnings: 3.0
Choosing model 4
[0.2133066065385413, 0.004066495744431739, 0.03566038981737201, 0.5162741432424115, 0.2306923646572434]
Games played: 123
Exploitability: P1=2.600000000 P2=0.028674890 EV: (-0.11657263320328144, 0.11657263320328144) P1 Winnings: -8.0
Choosing model 3
[0.20724821569375212, 0.005460864958856985, 0.03590085671260079, 0.5576807901216178, 0.1937092725131723]
Games played: 124
Exploitability: P1=1.933333333 P2=0.028674890 EV: (-0.05293578311297167, 0.05293578311297167) P1 Winnings: -3.0
Choosing model 3
[0.16113388319485816, 0.002922398032694956, 0.020097598997169785, 0.588082006752074, 0.2277641130232031]
Games played: 125
Exploitability: P1=1.933333333 P2=0.028674890 EV: (-0.05293578311297167, 0.05293578311297167) P1 Winnings: -6.0
Choosing model 3
[0.1559779594090854, 0.0038160569594842793, 0.020151353706958412, 0.6299959781838248, 0.19005865174064715]
Games played: 126
Exploitability: P1=1.933333333 P2=0.028674890 EV: (-0.05293578311297167, 0.05293578311297167) P1 Winnings: 1.0
Choosing model 3
[0.1689254615962199, 0.004266972465414925, 0.023108432253615047, 0.6169280703288079, 0.1867710633559422]
Games played: 127
Exploitability: P1=1.933333333 P2=0.028674890 EV: (-0.05293578311297167, 0.05293578311297167) P1 Winnings: 2.0
Choosing model 3
[0.16892544121329814, 0.004266976055387564, 0.023108432261425498, 0.6169282118141062, 0.1867709386557826]
Games played: 128
Exploitability: P1=1.933333333 P2=0.028674890 EV: (-0.05293578311297167, 0.05293578311297167) P1 Winnings: -1.0
Choosing model 3
[0.18260259467162923, 0.004762173347687498, 0.026449455856884845, 0.6029917737395669, 0.1831940023842314]
Games played: 129
Exploitability: P1=1.933333333 P2=0.028674890 EV: (-0.05293578311297167, 0.05293578311297167) P1 Winnings: 0.0
Choosing model 0
[0.1665539836215405, 0.008031952043937172, 0.02582086742185639, 0.6733064558280016, 0.12628674108466428]
Games played: 130
Exploitability: P1=1.900000000 P2=0.028674890 EV: (-0.08675335817684794, 0.08675335817684794) P1 Winnings: 0.0
Choosing model 0
[0.1823387394572542, 0.00458072813843851, 0.026698124452535037, 0.6161681384899595, 0.17021426946181276]
Games played: 131
Exploitability: P1=1.900000000 P2=0.028674890 EV: (-0.08675335817684794, 0.08675335817684794) P1 Winnings: -3.0
Choosing model 3
[0.18061402660678938, 0.004858089340062319, 0.02666786195486012, 0.6253509311963814, 0.16250909090190677]
Games played: 132
Exploitability: P1=1.933333333 P2=0.028674890 EV: (-0.05293578311297167, 0.05293578311297167) P1 Winnings: -4.0
Choosing model 3
[0.18881195291694153, 0.0034845449922470493, 0.026955140151361075, 0.5884744062980517, 0.19227395564139863]
Games played: 133
Exploitability: P1=1.933333333 P2=0.028674890 EV: (-0.05293578311297167, 0.05293578311297167) P1 Winnings: -1.0
Choosing model 3
[0.20356733719663941, 0.0038788036888931167, 0.03077191912910676, 0.5736817908027634, 0.18810014918259746]
Games played: 134
Exploitability: P1=1.933333333 P2=0.028674890 EV: (-0.05293578311297167, 0.05293578311297167) P1 Winnings: 0.0
Choosing model 3
[0.20477434020995258, 0.003629666309304001, 0.030955057001230735, 0.57427743870607, 0.1863634977734427]
Games played: 135
Exploitability: P1=1.933333333 P2=0.028674890 EV: (-0.05293578311297167, 0.05293578311297167) P1 Winnings: -3.0
Choosing model 0
[0.20711324631998893, 0.0032588046268304874, 0.031091916306180654, 0.5667968908128184, 0.1917391419341816]
Games played: 136
Exploitability: P1=1.900000000 P2=0.028674890 EV: (-0.08675335817684794, 0.08675335817684794) P1 Winnings: -6.0
Choosing model 3
[0.22273156266573108, 0.0036183062664860576, 0.03540427901900325, 0.5511454438669219, 0.18710040818185775]
Games played: 137
Exploitability: P1=1.933333333 P2=0.028674890 EV: (-0.05293578311297167, 0.05293578311297167) P1 Winnings: -5.0
Choosing model 0
[0.23896370357483512, 0.0040080083051252545, 0.040219837153748744, 0.5346644052234142, 0.1821440457428767]
Games played: 138
Exploitability: P1=1.900000000 P2=0.028674890 EV: (-0.08675335817684794, 0.08675335817684794) P1 Winnings: -4.0
Choosing model 4
[0.23031197198326345, 0.005292607236104949, 0.04016816851327007, 0.5727241882166039, 0.15150306405075759]
Games played: 139
Exploitability: P1=2.600000000 P2=0.028674890 EV: (-0.11657263320328144, 0.11657263320328144) P1 Winnings: -5.0
Choosing model 0
[0.19646799116934985, 0.003503331834401477, 0.02694356163604982, 0.6050252691334809, 0.16805984622671802]
Games played: 140
Exploitability: P1=1.900000000 P2=0.028674890 EV: (-0.08675335817684794, 0.08675335817684794) P1 Winnings: 2.0
Choosing model 0
[0.20736935168737464, 0.0022170748178414533, 0.027084392002776896, 0.5496137151144825, 0.2137154663775245]
Games played: 141
Exploitability: P1=1.900000000 P2=0.028674890 EV: (-0.08675335817684794, 0.08675335817684794) P1 Winnings: 3.0
Choosing model 3
[0.1646186563304398, 0.0013856869072852056, 0.016195510266355278, 0.5881575076373928, 0.22964263885852676]
Games played: 142
Exploitability: P1=1.933333333 P2=0.028674890 EV: (-0.05293578311297167, 0.05293578311297167) P1 Winnings: 12.0
Choosing model 3
[0.16636863036842298, 0.0012460477936736601, 0.01629661524603892, 0.5836457263445939, 0.23244298024727061]
Games played: 143
Exploitability: P1=1.933333333 P2=0.028674890 EV: (-0.05293578311297167, 0.05293578311297167) P1 Winnings: 12.0
Choosing model 0
[0.16078188207381588, 0.0016643895819185507, 0.01631906647812042, 0.6270956576208532, 0.19413900424529207]
Games played: 144
Exploitability: P1=1.900000000 P2=0.028674890 EV: (-0.08675335817684794, 0.08675335817684794) P1 Winnings: 12.0
Choosing model 3
[0.16078186466854907, 0.001664390883051441, 0.01631906653925667, 0.6270957929146805, 0.19413888499446222]
Games played: 145
Exploitability: P1=1.933333333 P2=0.028674890 EV: (-0.05293578311297167, 0.05293578311297167) P1 Winnings: 11.0
Choosing model 3
[0.15386334647107464, 0.002201446129086674, 0.016181756385566164, 0.6671919794940665, 0.16056147152020603]
Games played: 146
Exploitability: P1=1.933333333 P2=0.028674890 EV: (-0.05293578311297167, 0.05293578311297167) P1 Winnings: 16.0
Choosing model 3
[0.15585567081138696, 0.0020133143296780036, 0.016260299387787655, 0.6586501029130333, 0.16722061255811407]
Games played: 147
Exploitability: P1=1.933333333 P2=0.028674890 EV: (-0.05293578311297167, 0.05293578311297167) P1 Winnings: 19.0
Choosing model 3
[0.1689608805255891, 0.0022534516899584875, 0.018664934477290573, 0.6456292439870841, 0.16449148932007776]
Games played: 148
Exploitability: P1=1.933333333 P2=0.028674890 EV: (-0.05293578311297167, 0.05293578311297167) P1 Winnings: 20.0
Choosing model 3
[0.1828411002650755, 0.002517729252506101, 0.02138693296463955, 0.6317361506145804, 0.1615180869031985]
Games played: 149
Exploitability: P1=1.933333333 P2=0.028674890 EV: (-0.05293578311297167, 0.05293578311297167) P1 Winnings: 21.0
Choosing model 4
[0.1405322171793509, 0.0013319654341029474, 0.011835697895847312, 0.6585578568380367, 0.18774226265266206]
Games played: 150
Exploitability: P1=2.600000000 P2=0.028674890 EV: (-0.11657263320328144, 0.11657263320328144) P1 Winnings: 18.0
Choosing model 0
[0.13098148304275303, 0.0019678782060559698, 0.01159938603563196, 0.7130533393115882, 0.14239791340397087]
Games played: 151
Exploitability: P1=1.900000000 P2=0.028674890 EV: (-0.08675335817684794, 0.08675335817684794) P1 Winnings: 15.0
Choosing model 3
[0.12934832868065738, 0.002080690991801999, 0.0115510333778457, 0.7214811231765231, 0.1355388237731719]
Games played: 152
Exploitability: P1=1.933333333 P2=0.028674890 EV: (-0.05293578311297167, 0.05293578311297167) P1 Winnings: 14.0
Choosing model 3
[0.15196853881091343, 0.0021033364451398025, 0.014697814692791182, 0.6879771747087067, 0.14325313534244893]
Games played: 153
Exploitability: P1=1.933333333 P2=0.028674890 EV: (-0.05293578311297167, 0.05293578311297167) P1 Winnings: 17.0
Choosing model 3
[0.15420448703534323, 0.001894573042917477, 0.014810838016218112, 0.681225218472718, 0.14786488343280318]
Games played: 154
Exploitability: P1=1.933333333 P2=0.028674890 EV: (-0.05293578311297167, 0.05293578311297167) P1 Winnings: 14.0
Choosing model 3
[0.14890391717836587, 0.002241531924545616, 0.014641597293384512, 0.7049344236447818, 0.12927852995892233]
Games played: 155
Exploitability: P1=1.933333333 P2=0.028674890 EV: (-0.05293578311297167, 0.05293578311297167) P1 Winnings: 5.0
Choosing model 3
[0.15368744157220454, 0.001863440343367769, 0.014844934638784862, 0.687498281654807, 0.14210590179083588]
Games played: 156
Exploitability: P1=1.933333333 P2=0.028674890 EV: (-0.05293578311297167, 0.05293578311297167) P1 Winnings: 5.0
Choosing model 3
[0.15594587345863853, 0.0016784572458592819, 0.014958820034213949, 0.6807387724046134, 0.14667807685667475]
Games played: 157
Exploitability: P1=1.933333333 P2=0.028674890 EV: (-0.05293578311297167, 0.05293578311297167) P1 Winnings: 2.0
Choosing model 3
[0.1640927990992421, 0.001211793138941954, 0.015219078597961311, 0.6447953433683076, 0.17468098579554703]
Games played: 158
Exploitability: P1=1.933333333 P2=0.028674890 EV: (-0.05293578311297167, 0.05293578311297167) P1 Winnings: 5.0
Choosing model 3
[0.19034225297875101, 0.0012094348129978781, 0.01911934917569154, 0.6070490243593825, 0.1822799386731771]
Games played: 159
Exploitability: P1=1.933333333 P2=0.028674890 EV: (-0.05293578311297167, 0.05293578311297167) P1 Winnings: 8.0
Choosing model 3
[0.1785728313979708, 0.0017985971495047437, 0.01886081302215012, 0.6616038473790982, 0.13916391105127612]
Games played: 160
Exploitability: P1=1.933333333 P2=0.028674890 EV: (-0.05293578311297167, 0.05293578311297167) P1 Winnings: 5.0
Choosing model 3
[0.17251928529703295, 0.002129024354823571, 0.018654447424095236, 0.6849662570735131, 0.12173098585053523]
Games played: 161
Exploitability: P1=1.933333333 P2=0.028674890 EV: (-0.05293578311297167, 0.05293578311297167) P1 Winnings: -4.0
Choosing model 3
[0.1625199589512263, 0.0027720707131689555, 0.0182088985074702, 0.7173928571517565, 0.09910621467637802]
Games played: 162
Exploitability: P1=1.933333333 P2=0.028674890 EV: (-0.05293578311297167, 0.05293578311297167) P1 Winnings: 1.0
Choosing model 3
[0.15210776743150956, 0.0035859449153942953, 0.017658775928687195, 0.7464840851699207, 0.08016342655448823]
Games played: 163
Exploitability: P1=1.933333333 P2=0.028674890 EV: (-0.05293578311297167, 0.05293578311297167) P1 Winnings: 6.0
Choosing model 0
[0.15918611092863688, 0.0028793993534040954, 0.018086225649599774, 0.7293454821170645, 0.09050278195129476]
Games played: 164
Exploitability: P1=1.900000000 P2=0.028674890 EV: (-0.08675335817684794, 0.08675335817684794) P1 Winnings: 6.0
Choosing model 3
[0.14728852627756397, 0.003854580695201154, 0.017413461858061953, 0.7602049344721206, 0.07123849669705241]
Games played: 165
Exploitability: P1=1.933333333 P2=0.028674890 EV: (-0.05293578311297167, 0.05293578311297167) P1 Winnings: 5.0
Choosing model 3
[0.13235711118413238, 0.005490687934640366, 0.016453966457382306, 0.7936026779072304, 0.05209555651661455]
Games played: 166
Exploitability: P1=1.933333333 P2=0.028674890 EV: (-0.05293578311297167, 0.05293578311297167) P1 Winnings: 2.0
Choosing model 3
[0.12999620222574632, 0.005773891286074702, 0.01629629620158216, 0.7986169981691525, 0.04931661211744424]
Games played: 167
Exploitability: P1=1.933333333 P2=0.028674890 EV: (-0.05293578311297167, 0.05293578311297167) P1 Winnings: -9.0
Choosing model 3
[0.1369588983999344, 0.004667375047557186, 0.016802815845276108, 0.7855197384836285, 0.0560511722236039]
Games played: 168
Exploitability: P1=1.933333333 P2=0.028674890 EV: (-0.05293578311297167, 0.05293578311297167) P1 Winnings: -9.0
Choosing model 0
[0.15547675568883537, 0.002760179988297323, 0.018015374102472365, 0.7454093797852359, 0.07833831043515896]
Games played: 169
Exploitability: P1=1.900000000 P2=0.028674890 EV: (-0.08675335817684794, 0.08675335817684794) P1 Winnings: -9.0
Choosing model 3
[0.15305127291704784, 0.0029091581538216904, 0.017883383078838324, 0.7518277753256078, 0.07432841052468434]
Games played: 170
Exploitability: P1=1.933333333 P2=0.028674890 EV: (-0.05293578311297167, 0.05293578311297167) P1 Winnings: -10.0
Choosing model 3
[0.16595633954069092, 0.003256846912073149, 0.020532458676195475, 0.7371233039829475, 0.07313105088809302]
Games played: 171
Exploitability: P1=1.933333333 P2=0.028674890 EV: (-0.05293578311297167, 0.05293578311297167) P1 Winnings: -9.0
Choosing model 3
[0.1741174290319257, 0.00257997281678706, 0.0210639789773672, 0.7194784430425942, 0.08276017613132575]
Games played: 172
Exploitability: P1=1.933333333 P2=0.028674890 EV: (-0.05293578311297167, 0.05293578311297167) P1 Winnings: -6.0
Choosing model 3
[0.1655724978864558, 0.0035010950445016286, 0.021136305302880257, 0.7443976791111552, 0.0653924226550071]
Games played: 173
Exploitability: P1=1.933333333 P2=0.028674890 EV: (-0.05293578311297167, 0.05293578311297167) P1 Winnings: 1.0
Choosing model 3
[0.16557245968963086, 0.0035010976048740925, 0.021136302984327598, 0.7443977679216089, 0.06539237179955856]
Games played: 174
Exploitability: P1=1.933333333 P2=0.028674890 EV: (-0.05293578311297167, 0.05293578311297167) P1 Winnings: -2.0
Choosing model 3
[0.16789900416065684, 0.0031589404302794786, 0.021340246579552056, 0.7411879634311394, 0.06641384539837232]
Games played: 175
Exploitability: P1=1.933333333 P2=0.028674890 EV: (-0.05293578311297167, 0.05293578311297167) P1 Winnings: -2.0
Choosing model 0
[0.18166915466279027, 0.003528967211952491, 0.024449325639855368, 0.7251474218601383, 0.06520513062526352]
Games played: 176
Exploitability: P1=1.900000000 P2=0.028674890 EV: (-0.08675335817684794, 0.08675335817684794) P1 Winnings: -1.0
Choosing model 3
[0.1578186806868788, 0.0029884275100152545, 0.01836404989623593, 0.7590977835831558, 0.06173105832371423]
Games played: 177
Exploitability: P1=1.933333333 P2=0.028674890 EV: (-0.05293578311297167, 0.05293578311297167) P1 Winnings: 8.0
Choosing model 3
[0.16553796007833305, 0.002405062819211085, 0.01885129645343462, 0.7433543330611289, 0.06985134758789253]
Games played: 178
Exploitability: P1=1.933333333 P2=0.028674890 EV: (-0.05293578311297167, 0.05293578311297167) P1 Winnings: 8.0
Choosing model 3
[0.17924962661283664, 0.002688810509645355, 0.021614055402331352, 0.727815687292648, 0.06863182018253869]
Games played: 179
Exploitability: P1=1.933333333 P2=0.028674890 EV: (-0.05293578311297167, 0.05293578311297167) P1 Winnings: 9.0
Choosing model 3
[0.19372504758062173, 0.0030002733574875495, 0.024734216250720947, 0.7112361180063145, 0.06730434480485536]
Games played: 180
Exploitability: P1=1.933333333 P2=0.028674890 EV: (-0.05293578311297167, 0.05293578311297167) P1 Winnings: 10.0
Choosing model 3
[0.1944733692728013, 0.0028757993706539026, 0.024813051786977645, 0.7106405536275499, 0.06719722594201731]
Games played: 181
Exploitability: P1=1.933333333 P2=0.028674890 EV: (-0.05293578311297167, 0.05293578311297167) P1 Winnings: 9.0
Choosing model 3
[0.20973107629912788, 0.0032020959653035292, 0.02833460780213027, 0.6929749068459109, 0.06575731308752748]
Games played: 182
Exploitability: P1=1.933333333 P2=0.028674890 EV: (-0.05293578311297167, 0.05293578311297167) P1 Winnings: 10.0
Choosing model 3
[0.22568845945571425, 0.003557574649919616, 0.03228480359876305, 0.6742624114794181, 0.0642067508161849]
Games played: 183
Exploitability: P1=1.933333333 P2=0.028674890 EV: (-0.05293578311297167, 0.05293578311297167) P1 Winnings: 11.0
Choosing model 3
[0.2285784197095622, 0.0032059525765156735, 0.03255625266187382, 0.6705298240301601, 0.06512955102188811]
Games played: 184
Exploitability: P1=1.933333333 P2=0.028674890 EV: (-0.05293578311297167, 0.05293578311297167) P1 Winnings: 11.0
Choosing model 4
[0.25324526302368516, 0.0018992171446261996, 0.03404274704291446, 0.6211054114354376, 0.08970736135333654]
Games played: 185
Exploitability: P1=2.600000000 P2=0.028674890 EV: (-0.11657263320328144, 0.11657263320328144) P1 Winnings: 10.0
Choosing model 3
[0.2501303453311488, 0.002008436600191056, 0.03390662540282809, 0.6285537209912825, 0.08540087167454948]
Games played: 186
Exploitability: P1=1.933333333 P2=0.028674890 EV: (-0.05293578311297167, 0.05293578311297167) P1 Winnings: 9.0
Choosing model 3
[0.2678238728821194, 0.0022203126953611345, 0.03844163475636448, 0.6085414698469989, 0.08297270981915615]
Games played: 187
Exploitability: P1=1.933333333 P2=0.028674890 EV: (-0.05293578311297167, 0.05293578311297167) P1 Winnings: 10.0
Choosing model 0
[0.2715703706148504, 0.001998510915068835, 0.03870958260368737, 0.6021388407186061, 0.0855826951477872]
Games played: 188
Exploitability: P1=1.900000000 P2=0.028674890 EV: (-0.08675335817684794, 0.08675335817684794) P1 Winnings: 7.0
Choosing model 3
[0.27157032773318746, 0.001998512378176831, 0.03870958082682563, 0.6021389407326762, 0.08558263832913407]
Games played: 189
Exploitability: P1=1.933333333 P2=0.028674890 EV: (-0.05293578311297167, 0.05293578311297167) P1 Winnings: 6.0
Choosing model 0
[0.24961026761417232, 0.00291861051806933, 0.037508748150498664, 0.6469352767273155, 0.06302709698994427]
Games played: 190
Exploitability: P1=1.900000000 P2=0.028674890 EV: (-0.08675335817684794, 0.08675335817684794) P1 Winnings: 1.0
Choosing model 3
[0.25986818960826674, 0.0023313706589114963, 0.03821701944616225, 0.6287970155527876, 0.07078640473387189]
Games played: 191
Exploitability: P1=1.933333333 P2=0.028674890 EV: (-0.05293578311297167, 0.05293578311297167) P1 Winnings: 2.0
Choosing model 3
[0.2636933613969025, 0.00209998738186235, 0.03851114491104469, 0.6226298118658123, 0.07306569444437826]
Games played: 192
Exploitability: P1=1.933333333 P2=0.028674890 EV: (-0.05293578311297167, 0.05293578311297167) P1 Winnings: -1.0
Choosing model 0
[0.2483284996724122, 0.0027333715818930538, 0.037579070251168245, 0.6518926677070478, 0.0594663907874788]
Games played: 193
Exploitability: P1=1.900000000 P2=0.028674890 EV: (-0.08675335817684794, 0.08675335817684794) P1 Winnings: 4.0
Choosing model 0
[0.23818510285239353, 0.0032122635421973234, 0.036900629531780964, 0.6700589569623395, 0.05164304711128853]
Games played: 194
Exploitability: P1=1.900000000 P2=0.028674890 EV: (-0.08675335817684794, 0.08675335817684794) P1 Winnings: -1.0
Choosing model 3
[0.2381850557013024, 0.0032122657652178324, 0.03690062635981532, 0.6700590414170562, 0.0516430107566083]
Games played: 195
Exploitability: P1=1.933333333 P2=0.028674890 EV: (-0.05293578311297167, 0.05293578311297167) P1 Winnings: -2.0
Choosing model 0
[0.24791067614283518, 0.002625387395651779, 0.037636715653290846, 0.65405342265167, 0.05777379815655207]
Games played: 196
Exploitability: P1=1.900000000 P2=0.028674890 EV: (-0.08675335817684794, 0.08675335817684794) P1 Winnings: -5.0
Choosing model 0
[0.17297545359957664, 0.001754888452079869, 0.01876988219083575, 0.7500187323239195, 0.05648104343358828]
Games played: 197
Exploitability: P1=1.900000000 P2=0.028674890 EV: (-0.08675335817684794, 0.08675335817684794) P1 Winnings: -10.0
Choosing model 3
[0.18718683108862305, 0.0019607103531830276, 0.021507341814323372, 0.7338846407525962, 0.0554604759912744]
Games played: 198
Exploitability: P1=1.933333333 P2=0.028674890 EV: (-0.05293578311297167, 0.05293578311297167) P1 Winnings: -9.0
Choosing model 3
[0.1740171646291424, 0.0024973920116876294, 0.020718613199551386, 0.7582706988888364, 0.044496131270782176]
Games played: 199
Exploitability: P1=1.933333333 P2=0.028674890 EV: (-0.05293578311297167, 0.05293578311297167) P1 Winnings: -10.0
Choosing model 3
[0.18822078420893013, 0.0027889152725088717, 0.023728514448144215, 0.741591321653163, 0.043670464417253724]
Games played: 200
Exploitability: P1=1.933333333 P2=0.028674890 EV: (-0.05293578311297167, 0.05293578311297167) P1 Winnings: -9.0
