Player 1 exploitability: 0.0788690072128
Choosing model 3
[0.1973349639706216, 0.21128199721835308, 0.19899353135783318, 0.2021883263136098, 0.19020118113958234]
Games played: 1
Exploitability: P1=1.933333333 P2=-0.006783007 EV: (-0.13829649004440261, 0.13829649004440261) P1 Winnings: -1
Choosing model 0
[0.20291949185784877, 0.19331226844921176, 0.20373660841289554, 0.2041451556751157, 0.19588647560492814]
Games played: 2
Exploitability: P1=1.900000000 P2=-0.006783007 EV: (-0.08612442540963713, 0.08612442540963713) P1 Winnings: -6
Choosing model 0
[0.21109930918958755, 0.1629378518811601, 0.20829649621732582, 0.20096251373578164, 0.21670382897614496]
Games played: 3
Exploitability: P1=1.900000000 P2=-0.006783007 EV: (-0.08612442540963713, 0.08612442540963713) P1 Winnings: -7
Choosing model 2
[0.2089315920386729, 0.17266238703858175, 0.2078902801691457, 0.20379071471855983, 0.20672502603503984]
Games played: 4
Exploitability: P1=4.600000000 P2=-0.006783007 EV: (-0.025680052444768238, 0.025680052444768238) P1 Winnings: -8
Choosing model 1
[0.21785182019258562, 0.14487751194341997, 0.21518864201217602, 0.19556860370304305, 0.22651342214877537]
Games played: 5
Exploitability: P1=2.800000000 P2=-0.006783007 EV: (-0.06747261110735338, 0.06747261110735338) P1 Winnings: -7.0
Choosing model 3
[0.21863986096134067, 0.1462156571517282, 0.21758278696719024, 0.19984928145065872, 0.21771241346908224]
Games played: 6
Exploitability: P1=1.933333333 P2=-0.006783007 EV: (-0.13829649004440261, 0.13829649004440261) P1 Winnings: -4.0
Choosing model 3
[0.2287882922819803, 0.10497863090823727, 0.22014274421919897, 0.18824905920663135, 0.25784127338395224]
Games played: 7
Exploitability: P1=1.933333333 P2=-0.006783007 EV: (-0.13829649004440261, 0.13829649004440261) P1 Winnings: -1.0
Choosing model 0
[0.2163118876632024, 0.11030773794726556, 0.17543689494320663, 0.23625278952141948, 0.26169068992490596]
Games played: 8
Exploitability: P1=1.900000000 P2=-0.006783007 EV: (-0.08612442540963713, 0.08612442540963713) P1 Winnings: 8.0
Choosing model 2
[0.203613774950269, 0.16497643644003382, 0.17409314563227885, 0.25994873193987306, 0.1973679110375453]
Games played: 9
Exploitability: P1=4.600000000 P2=-0.006783007 EV: (-0.025680052444768238, 0.025680052444768238) P1 Winnings: 3.0
Choosing model 0
[0.1970343002967921, 0.18271165040891793, 0.1661958123390614, 0.27422351531451883, 0.17983472164070985]
Games played: 10
Exploitability: P1=1.900000000 P2=-0.006783007 EV: (-0.08612442540963713, 0.08612442540963713) P1 Winnings: 3.0
Choosing model 2
[0.20254660690409015, 0.19391994920177058, 0.1808995928672823, 0.25488994540434634, 0.16774390562251057]
Games played: 11
Exploitability: P1=4.600000000 P2=-0.006783007 EV: (-0.025680052444768238, 0.025680052444768238) P1 Winnings: 4.0
Choosing model 0
[0.2003644285840592, 0.20466297440863948, 0.18140026292317168, 0.25462075195397516, 0.15895158213015442]
Games played: 12
Exploitability: P1=1.900000000 P2=-0.006783007 EV: (-0.08612442540963713, 0.08612442540963713) P1 Winnings: 9.0
Choosing model 0
[0.19326006801592308, 0.1924326127872512, 0.15128079010973805, 0.29594397666422256, 0.16708255242286502]
Games played: 13
Exploitability: P1=1.900000000 P2=-0.006783007 EV: (-0.08612442540963713, 0.08612442540963713) P1 Winnings: 18.0
Choosing model 3
[0.19896579645338566, 0.2045446313886856, 0.16491283487866007, 0.2754930683534148, 0.15608366892585385]
Games played: 14
Exploitability: P1=1.933333333 P2=-0.006783007 EV: (-0.13829649004440261, 0.13829649004440261) P1 Winnings: 19.0
Choosing model 4
[0.19075980222448827, 0.19116765517061277, 0.13670590117742745, 0.31828290836963596, 0.1630837330578355]
Games played: 15
Exploitability: P1=2.600000000 P2=-0.006783007 EV: (-0.09582166977330016, 0.09582166977330016) P1 Winnings: 19.0
Choosing model 2
[0.1951123478383857, 0.12574084929526963, 0.11228522626447027, 0.342247224231329, 0.2246143523705455]
Games played: 16
Exploitability: P1=4.600000000 P2=-0.006783007 EV: (-0.025680052444768238, 0.025680052444768238) P1 Winnings: 22.0
Choosing model 1
[0.1943630333325605, 0.13363691627498106, 0.11338515669841301, 0.3442819784204374, 0.21433291527360804]
Games played: 17
Exploitability: P1=2.800000000 P2=-0.006783007 EV: (-0.06747261110735338, 0.06747261110735338) P1 Winnings: 27.0
Choosing model 3
[0.19278869953376088, 0.18430872616687174, 0.12444687075994207, 0.3295763092578513, 0.16887939428157397]
Games played: 18
Exploitability: P1=1.933333333 P2=-0.006783007 EV: (-0.13829649004440261, 0.13829649004440261) P1 Winnings: 32.0
Choosing model 3
[0.19278865801900413, 0.18430886378347877, 0.1244468590198831, 0.329576353639411, 0.16887926553822288]
Games played: 19
Exploitability: P1=1.933333333 P2=-0.006783007 EV: (-0.13829649004440261, 0.13829649004440261) P1 Winnings: 29.0
Choosing model 1
[0.1936191524667179, 0.27065883279537034, 0.15891548846154624, 0.265904582698307, 0.11090194357805855]
Games played: 20
Exploitability: P1=2.800000000 P2=-0.006783007 EV: (-0.06747261110735338, 0.06747261110735338) P1 Winnings: 34.0
Choosing model 3
[0.1881846178926766, 0.348543684520093, 0.202019080667616, 0.1889355563112333, 0.07231706060838124]
Games played: 21
Exploitability: P1=1.933333333 P2=-0.006783007 EV: (-0.13829649004440261, 0.13829649004440261) P1 Winnings: 37.0
Choosing model 3
[0.18848531576138872, 0.3604323220608004, 0.21424967260891511, 0.17110865236763848, 0.06572403720125732]
Games played: 22
Exploitability: P1=1.933333333 P2=-0.006783007 EV: (-0.13829649004440261, 0.13829649004440261) P1 Winnings: 38.0
Choosing model 0
[0.19618088502973413, 0.3387029546006957, 0.22121510552886456, 0.17356719749405952, 0.070333857346646]
Games played: 23
Exploitability: P1=1.900000000 P2=-0.006783007 EV: (-0.08612442540963713, 0.08612442540963713) P1 Winnings: 41.0
Choosing model 1
[0.1961808169806387, 0.338703138561227, 0.22121505357230387, 0.17356719352482072, 0.07033379736100973]
Games played: 24
Exploitability: P1=2.800000000 P2=-0.006783007 EV: (-0.06747261110735338, 0.06747261110735338) P1 Winnings: 40.0
Choosing model 1
[0.169868431833431, 0.4112335503249991, 0.19874291631449828, 0.16778916945543546, 0.052365932071636166]
Games played: 25
Exploitability: P1=2.800000000 P2=-0.006783007 EV: (-0.06747261110735338, 0.06747261110735338) P1 Winnings: 40.0
Choosing model 0
[0.11760990062836564, 0.5624513733547556, 0.1481918823002953, 0.14497378529967928, 0.026773058416904298]
Games played: 26
Exploitability: P1=1.900000000 P2=-0.006783007 EV: (-0.08612442540963713, 0.08612442540963713) P1 Winnings: 47.0
Choosing model 1
[0.10334178924377249, 0.6055381898709613, 0.13330800272850116, 0.13651188457167765, 0.021300133585087488]
Games played: 27
Exploitability: P1=2.800000000 P2=-0.006783007 EV: (-0.06747261110735338, 0.06747261110735338) P1 Winnings: 42.0
Choosing model 3
[0.10334155914528123, 0.6055388846855524, 0.13330776243065368, 0.13651174839096225, 0.02130004534755029]
Games played: 28
Exploitability: P1=1.933333333 P2=-0.006783007 EV: (-0.13829649004440261, 0.13829649004440261) P1 Winnings: 33.0
Choosing model 1
[0.11499126702390357, 0.5797492295965117, 0.16065133953649596, 0.12328665498634087, 0.02132150885674802]
Games played: 29
Exploitability: P1=2.800000000 P2=-0.006783007 EV: (-0.06747261110735338, 0.06747261110735338) P1 Winnings: 36.0
Choosing model 0
[0.1447504994792773, 0.4907016002554417, 0.19511015660670672, 0.13879836954522193, 0.030639374113352307]
Games played: 30
Exploitability: P1=1.900000000 P2=-0.006783007 EV: (-0.08612442540963713, 0.08612442540963713) P1 Winnings: 31.0
Choosing model 4
[0.1447504288345691, 0.49070179749624093, 0.1951100832366079, 0.1387983467761597, 0.030639343656422305]
Games played: 31
Exploitability: P1=2.600000000 P2=-0.006783007 EV: (-0.09582166977330016, 0.09582166977330016) P1 Winnings: 30.0
Choosing model 2
[0.11671988574359393, 0.5724718550850042, 0.16371110427942795, 0.1260790514537994, 0.02101810343817449]
Games played: 32
Exploitability: P1=4.600000000 P2=-0.006783007 EV: (-0.025680052444768238, 0.025680052444768238) P1 Winnings: 19.0
Choosing model 1
[0.13605623539641398, 0.514653017817651, 0.18774044938110337, 0.13524831519999472, 0.026301982204836993]
Games played: 33
Exploitability: P1=2.800000000 P2=-0.006783007 EV: (-0.06747261110735338, 0.06747261110735338) P1 Winnings: 22.0
Choosing model 2
[0.17634745913946342, 0.39995542195669875, 0.2317501005090007, 0.1508738257846732, 0.04107319261016387]
Games played: 34
Exploitability: P1=4.600000000 P2=-0.006783007 EV: (-0.025680052444768238, 0.025680052444768238) P1 Winnings: 23.0
Choosing model 1
[0.14648065635535013, 0.48577124976428043, 0.2447633873056284, 0.1006764554994744, 0.022308251075266843]
Games played: 35
Exploitability: P1=2.800000000 P2=-0.006783007 EV: (-0.06747261110735338, 0.06747261110735338) P1 Winnings: 28.0
Choosing model 0
[0.15436555388904372, 0.46218730594137697, 0.25587745195981454, 0.10339857360513074, 0.024171114604633913]
Games played: 36
Exploitability: P1=1.900000000 P2=-0.006783007 EV: (-0.08612442540963713, 0.08612442540963713) P1 Winnings: 28.0
Choosing model 1
[0.15164852425884254, 0.4687906251488686, 0.26616698598385197, 0.09184747355849211, 0.021546391049944748]
Games played: 37
Exploitability: P1=2.800000000 P2=-0.006783007 EV: (-0.06747261110735338, 0.06747261110735338) P1 Winnings: 29.0
Choosing model 1
[0.1378421411931303, 0.5032274023277388, 0.26799713999107927, 0.07502765615312491, 0.01590566033492686]
Games played: 38
Exploitability: P1=2.800000000 P2=-0.006783007 EV: (-0.06747261110735338, 0.06747261110735338) P1 Winnings: 34.0
Choosing model 1
[0.10462875381962879, 0.6054897690028314, 0.2138988586962266, 0.06615781527837664, 0.009824803202936582]
Games played: 39
Exploitability: P1=2.800000000 P2=-0.006783007 EV: (-0.06747261110735338, 0.06747261110735338) P1 Winnings: 41.0
Choosing model 1
[0.1195188633611165, 0.5570966126061829, 0.24002221695039672, 0.07140969807138096, 0.011952609010922927]
Games played: 40
Exploitability: P1=2.800000000 P2=-0.006783007 EV: (-0.06747261110735338, 0.06747261110735338) P1 Winnings: 42.0
Choosing model 0
[0.15767760034233314, 0.44066684252280874, 0.3015756773482719, 0.0810815471862022, 0.01899833260038408]
Games played: 41
Exploitability: P1=1.900000000 P2=-0.006783007 EV: (-0.08612442540963713, 0.08612442540963713) P1 Winnings: 42.0
Choosing model 0
[0.1542042336639513, 0.44494853499507997, 0.3122892135877701, 0.07169901625137368, 0.01685900150182494]
Games played: 42
Exploitability: P1=1.900000000 P2=-0.006783007 EV: (-0.08612442540963713, 0.08612442540963713) P1 Winnings: 43.0
Choosing model 2
[0.13877426348781682, 0.49062184131277814, 0.287719522917564, 0.06914721941669694, 0.013737152865144035]
Games played: 43
Exploitability: P1=4.600000000 P2=-0.006783007 EV: (-0.025680052444768238, 0.025680052444768238) P1 Winnings: 38.0
Choosing model 1
[0.13539465981412913, 0.4942112125008208, 0.29723251238944426, 0.06100033207688148, 0.012161283218724306]
Games played: 44
Exploitability: P1=2.800000000 P2=-0.006783007 EV: (-0.06747261110735338, 0.06747261110735338) P1 Winnings: 39.0
Choosing model 1
[0.15110520689799908, 0.44425139034391065, 0.32586054588293933, 0.06432810141520322, 0.01445475545994782]
Games played: 45
Exploitability: P1=2.800000000 P2=-0.006783007 EV: (-0.06747261110735338, 0.06747261110735338) P1 Winnings: 40.0
Choosing model 1
[0.17044742132963625, 0.3844893451364581, 0.35972974891072884, 0.06774397912678266, 0.017589505496394178]
Games played: 46
Exploitability: P1=2.800000000 P2=-0.006783007 EV: (-0.06747261110735338, 0.06747261110735338) P1 Winnings: 41.0
Choosing model 0
[0.18447340969057885, 0.3675662234636485, 0.3462732663048653, 0.08040024460385554, 0.021286855937051694]
Games played: 47
Exploitability: P1=1.900000000 P2=-0.006783007 EV: (-0.08612442540963713, 0.08612442540963713) P1 Winnings: 34.0
Choosing model 2
[0.22239464133870038, 0.2656883110731418, 0.3975766121404748, 0.08342173083565978, 0.030918704612023326]
Games played: 48
Exploitability: P1=4.600000000 P2=-0.006783007 EV: (-0.025680052444768238, 0.025680052444768238) P1 Winnings: 35.0
Choosing model 3
[0.2174512770591852, 0.2771604353889302, 0.3940607189830513, 0.0823687134180935, 0.02895885515073975]
Games played: 49
Exploitability: P1=1.933333333 P2=-0.006783007 EV: (-0.13829649004440261, 0.13829649004440261) P1 Winnings: 40.0
Choosing model 0
[0.23536270697387843, 0.23017143794658212, 0.4174191810219143, 0.08323326548010745, 0.03381340857751775]
Games played: 50
Exploitability: P1=1.900000000 P2=-0.006783007 EV: (-0.08612442540963713, 0.08612442540963713) P1 Winnings: 40.0
Choosing model 1
[0.2647577895506528, 0.20385098244158573, 0.3536914488509477, 0.12621461025646552, 0.05148516890034826]
Games played: 51
Exploitability: P1=2.800000000 P2=-0.006783007 EV: (-0.06747261110735338, 0.06747261110735338) P1 Winnings: 49.0
Choosing model 3
[0.2801289879780538, 0.16936486518437185, 0.36671706932878223, 0.12523864689950867, 0.058550430609283374]
Games played: 52
Exploitability: P1=1.933333333 P2=-0.006783007 EV: (-0.13829649004440261, 0.13829649004440261) P1 Winnings: 52.0
Choosing model 4
[0.2866250032466726, 0.14910343031128562, 0.4063742754793837, 0.10400412820654716, 0.053893162756110835]
Games played: 53
Exploitability: P1=2.600000000 P2=-0.006783007 EV: (-0.09582166977330016, 0.09582166977330016) P1 Winnings: 55.0
Choosing model 0
[0.2866249460560933, 0.14910354399827716, 0.40637424356648055, 0.10400414385600446, 0.053893122523144536]
Games played: 54
Exploitability: P1=1.900000000 P2=-0.006783007 EV: (-0.08612442540963713, 0.08612442540963713) P1 Winnings: 52.0
Choosing model 0
[0.2827233865841088, 0.15184791270275497, 0.424432174955483, 0.09276053950885382, 0.048235986248799385]
Games played: 55
Exploitability: P1=1.900000000 P2=-0.006783007 EV: (-0.08612442540963713, 0.08612442540963713) P1 Winnings: 53.0
Choosing model 0
[0.3234598409969719, 0.09163841771050792, 0.4097553564410911, 0.10049514157583096, 0.0746512432755981]
Games played: 56
Exploitability: P1=1.900000000 P2=-0.006783007 EV: (-0.08612442540963713, 0.08612442540963713) P1 Winnings: 58.0
Choosing model 2
[0.3138808051245342, 0.1089548166368104, 0.40706966752866014, 0.10450530705645575, 0.06558940365353955]
Games played: 57
Exploitability: P1=4.600000000 P2=-0.006783007 EV: (-0.025680052444768238, 0.025680052444768238) P1 Winnings: 53.0
Choosing model 1
[0.3233053635837163, 0.09092724954120246, 0.41206603658920143, 0.101858951559789, 0.07184239872609081]
Games played: 58
Exploitability: P1=2.800000000 P2=-0.006783007 EV: (-0.06747261110735338, 0.06747261110735338) P1 Winnings: 54.0
Choosing model 2
[0.2951475304271959, 0.14297249898409595, 0.39951211459355634, 0.1112223379642698, 0.05114551803088197]
Games played: 59
Exploitability: P1=4.600000000 P2=-0.006783007 EV: (-0.025680052444768238, 0.025680052444768238) P1 Winnings: 47.0
Choosing model 1
[0.29108042754554925, 0.1504345188896213, 0.3994003824286558, 0.11076723440376898, 0.048317436732404614]
Games played: 60
Exploitability: P1=2.800000000 P2=-0.006783007 EV: (-0.06747261110735338, 0.06747261110735338) P1 Winnings: 52.0
Choosing model 2
[0.28689614860096174, 0.15819048525646923, 0.3990477470095179, 0.11024742856339816, 0.04561819056965292]
Games played: 61
Exploitability: P1=4.600000000 P2=-0.006783007 EV: (-0.025680052444768238, 0.025680052444768238) P1 Winnings: 57.0
Choosing model 4
[0.2829819364008057, 0.16109700489684944, 0.4167669154240348, 0.09832576608256169, 0.04082837719574847]
Games played: 62
Exploitability: P1=2.600000000 P2=-0.006783007 EV: (-0.09582166977330016, 0.09582166977330016) P1 Winnings: 58.0
Choosing model 0
[0.28298187944984626, 0.16109711585219186, 0.41676687822642855, 0.098325778151814, 0.04082834831971919]
Games played: 63
Exploitability: P1=1.900000000 P2=-0.006783007 EV: (-0.08612442540963713, 0.08612442540963713) P1 Winnings: 57.0
Choosing model 0
[0.2710192257950034, 0.18525216606423078, 0.4077543178414669, 0.10026345446184359, 0.03571083583745536]
Games played: 64
Exploitability: P1=1.900000000 P2=-0.006783007 EV: (-0.08612442540963713, 0.08612442540963713) P1 Winnings: 57.0
Choosing model 1
[0.2468626328747849, 0.23742111169918237, 0.3856637160904991, 0.10217966471689646, 0.02787287461863721]
Games played: 65
Exploitability: P1=2.800000000 P2=-0.006783007 EV: (-0.06747261110735338, 0.06747261110735338) P1 Winnings: 62.0
Choosing model 1
[0.2618388701842401, 0.22243649496864137, 0.36382020359656825, 0.11884654552341543, 0.03305788572713489]
Games played: 66
Exploitability: P1=2.800000000 P2=-0.006783007 EV: (-0.06747261110735338, 0.06747261110735338) P1 Winnings: 55.0
Choosing model 2
[0.28886208165209765, 0.16500022775996093, 0.387242972799329, 0.11726166712621466, 0.041633050662397926]
Games played: 67
Exploitability: P1=4.600000000 P2=-0.006783007 EV: (-0.025680052444768238, 0.025680052444768238) P1 Winnings: 50.0
Choosing model 2
[0.30087529499343313, 0.15227601056260148, 0.3710766298682625, 0.12856318763938426, 0.047208876936318714]
Games played: 68
Exploitability: P1=4.600000000 P2=-0.006783007 EV: (-0.025680052444768238, 0.025680052444768238) P1 Winnings: 41.0
Choosing model 0
[0.32093767169364407, 0.12788392014481068, 0.2981527603193967, 0.1848640235793817, 0.06816162426276685]
Games played: 69
Exploitability: P1=1.900000000 P2=-0.006783007 EV: (-0.08612442540963713, 0.08612442540963713) P1 Winnings: 32.0
Choosing model 0
[0.32093761629457734, 0.12788401188686374, 0.29815274224654753, 0.18486405156489624, 0.0681615780071152]
Games played: 70
Exploitability: P1=1.900000000 P2=-0.006783007 EV: (-0.08612442540963713, 0.08612442540963713) P1 Winnings: 31.0
Choosing model 0
[0.2974934478815184, 0.1690420523418532, 0.28720637779591, 0.19224401162283486, 0.05401411035788351]
Games played: 71
Exploitability: P1=1.900000000 P2=-0.006783007 EV: (-0.08612442540963713, 0.08612442540963713) P1 Winnings: 31.0
Choosing model 0
[0.26960540498747854, 0.22164474622469776, 0.27084367573476475, 0.19626264750108963, 0.041643525551969304]
Games played: 72
Exploitability: P1=1.900000000 P2=-0.006783007 EV: (-0.08612442540963713, 0.08612442540963713) P1 Winnings: 30.0
Choosing model 2
[0.26960533216267407, 0.22164488361901713, 0.27084363291002805, 0.19626265807656595, 0.04164349323171494]
Games played: 73
Exploitability: P1=4.600000000 P2=-0.006783007 EV: (-0.025680052444768238, 0.025680052444768238) P1 Winnings: 29.0
Choosing model 0
[0.3065321753605245, 0.15109559889726132, 0.2932766837598485, 0.1920510227648023, 0.05704451921756333]
Games played: 74
Exploitability: P1=1.900000000 P2=-0.006783007 EV: (-0.08612442540963713, 0.08612442540963713) P1 Winnings: 24.0
Choosing model 3
[0.2798892154924812, 0.19960591514063816, 0.27865129409300915, 0.19754241778980458, 0.04431115748406699]
Games played: 75
Exploitability: P1=1.933333333 P2=-0.006783007 EV: (-0.13829649004440261, 0.13829649004440261) P1 Winnings: 23.0
Choosing model 3
[0.24186471956039304, 0.2740620718539311, 0.25385247056440285, 0.19954034230495163, 0.03068039571632144]
Games played: 76
Exploitability: P1=1.933333333 P2=-0.006783007 EV: (-0.13829649004440261, 0.13829649004440261) P1 Winnings: 18.0
Choosing model 3
[0.24141140218938498, 0.28242770955634855, 0.26828786319459763, 0.18008636937185327, 0.027786655687815576]
Games played: 77
Exploitability: P1=1.933333333 P2=-0.006783007 EV: (-0.13829649004440261, 0.13829649004440261) P1 Winnings: 19.0
Choosing model 3
[0.20021526086714256, 0.37216529667771275, 0.23457104203571372, 0.1745839161335768, 0.01846448428585418]
Games played: 78
Exploitability: P1=1.933333333 P2=-0.006783007 EV: (-0.13829649004440261, 0.13829649004440261) P1 Winnings: 14.0
Choosing model 0
[0.1591917951539474, 0.470163107432801, 0.1966218924602487, 0.16226009411978262, 0.011763110833220371]
Games played: 79
Exploitability: P1=1.900000000 P2=-0.006783007 EV: (-0.08612442540963713, 0.08612442540963713) P1 Winnings: 9.0
Choosing model 1
[0.17699629672802294, 0.42353715617355225, 0.21484502315841733, 0.17071352403105952, 0.013907999908947874]
Games played: 80
Exploitability: P1=2.800000000 P2=-0.006783007 EV: (-0.06747261110735338, 0.06747261110735338) P1 Winnings: 10.0
Choosing model 0
[0.19501054276044794, 0.3780810851542646, 0.23263178632398, 0.17798146148537664, 0.01629512427593085]
Games played: 81
Exploitability: P1=1.900000000 P2=-0.006783007 EV: (-0.08612442540963713, 0.08612442540963713) P1 Winnings: 9.0
Choosing model 1
[0.2134556682806274, 0.33332881514126367, 0.2501360170609344, 0.18408356212373614, 0.01899593739343837]
Games played: 82
Exploitability: P1=2.800000000 P2=-0.006783007 EV: (-0.06747261110735338, 0.06747261110735338) P1 Winnings: 9.0
Choosing model 2
[0.16213382828629888, 0.454648255843939, 0.20267622239048375, 0.16948722759373938, 0.011054465885538885]
Games played: 83
Exploitability: P1=4.600000000 P2=-0.006783007 EV: (-0.025680052444768238, 0.025680052444768238) P1 Winnings: 16.0
Choosing model 1
[0.1621335353033914, 0.45464896826333695, 0.20267594208067305, 0.16948712962337198, 0.011054424729226464]
Games played: 84
Exploitability: P1=2.800000000 P2=-0.006783007 EV: (-0.06747261110735338, 0.06747261110735338) P1 Winnings: 7.0
Choosing model 1
[0.1706284044029826, 0.4319870962418265, 0.21159047897224167, 0.17383279539601604, 0.011961224986933059]
Games played: 85
Exploitability: P1=2.800000000 P2=-0.006783007 EV: (-0.06747261110735338, 0.06747261110735338) P1 Winnings: 7.0
Choosing model 0
[0.14483943195033128, 0.5066318423382516, 0.20986405430906185, 0.13131636669186916, 0.007348304710486014]
Games played: 86
Exploitability: P1=1.900000000 P2=-0.006783007 EV: (-0.08612442540963713, 0.08612442540963713) P1 Winnings: 16.0
Choosing model 2
[0.13919707447212978, 0.5213077596761956, 0.20338375568667044, 0.12930466275426145, 0.006806747410742686]
Games played: 87
Exploitability: P1=4.600000000 P2=-0.006783007 EV: (-0.025680052444768238, 0.025680052444768238) P1 Winnings: 21.0
Choosing model 1
[0.1263273436922582, 0.5587312823476748, 0.20446344295164795, 0.10546097566597411, 0.0050169553424449405]
Games played: 88
Exploitability: P1=2.800000000 P2=-0.006783007 EV: (-0.06747261110735338, 0.06747261110735338) P1 Winnings: 26.0
Choosing model 1
[0.14525043813403435, 0.5044571481653191, 0.23037376275722568, 0.11371854703543997, 0.006200103907980938]
Games played: 89
Exploitability: P1=2.800000000 P2=-0.006783007 EV: (-0.06747261110735338, 0.06747261110735338) P1 Winnings: 29.0
Choosing model 2
[0.1546688787744914, 0.4768360150154698, 0.24361388815551113, 0.11816535177801618, 0.006715866276511495]
Games played: 90
Exploitability: P1=4.600000000 P2=-0.006783007 EV: (-0.025680052444768238, 0.025680052444768238) P1 Winnings: 29.0
Choosing model 1
[0.15195310661542102, 0.48366961827135135, 0.2534212718161224, 0.10496914810646471, 0.005986855190640522]
Games played: 91
Exploitability: P1=2.800000000 P2=-0.006783007 EV: (-0.06747261110735338, 0.06747261110735338) P1 Winnings: 30.0
Choosing model 1
[0.1632753748864697, 0.46048010183512966, 0.25051759742684965, 0.11872368115133553, 0.007003244700215628]
Games played: 92
Exploitability: P1=2.800000000 P2=-0.006783007 EV: (-0.06747261110735338, 0.06747261110735338) P1 Winnings: 39.0
Choosing model 2
[0.1846909986863151, 0.4100966202882456, 0.2134540209709757, 0.1810356037782001, 0.01072275627626334]
Games played: 93
Exploitability: P1=4.600000000 P2=-0.006783007 EV: (-0.025680052444768238, 0.025680052444768238) P1 Winnings: 30.0
Choosing model 1
[0.18469068912120903, 0.4100973165863362, 0.2134537537002488, 0.18103552283347246, 0.0107227177587336]
Games played: 94
Exploitability: P1=2.800000000 P2=-0.006783007 EV: (-0.06747261110735338, 0.06747261110735338) P1 Winnings: 21.0
Choosing model 3
[0.20779212123967036, 0.35400998412476203, 0.2350289929933489, 0.19015460129139772, 0.013014300350821134]
Games played: 95
Exploitability: P1=1.933333333 P2=-0.006783007 EV: (-0.13829649004440261, 0.13829649004440261) P1 Winnings: 22.0
Choosing model 3
[0.240546211481952, 0.28118200618486455, 0.263066938767819, 0.1981536391438052, 0.0170512044215594]
Games played: 96
Exploitability: P1=1.933333333 P2=-0.006783007 EV: (-0.13829649004440261, 0.13829649004440261) P1 Winnings: 25.0
Choosing model 3
[0.24054612431870298, 0.2811821747945303, 0.26306687527520833, 0.19815363669562, 0.017051188915938598]
Games played: 97
Exploitability: P1=1.933333333 P2=-0.006783007 EV: (-0.13829649004440261, 0.13829649004440261) P1 Winnings: 22.0
Choosing model 2
[0.23957672024006094, 0.2891393157043349, 0.27742576618347276, 0.17844861138345222, 0.015409586488679213]
Games played: 98
Exploitability: P1=4.600000000 P2=-0.006783007 EV: (-0.025680052444768238, 0.025680052444768238) P1 Winnings: 23.0
Choosing model 2
[0.2333693316285356, 0.30155376999042854, 0.27250901424610496, 0.17810018974284636, 0.014467694392084514]
Games played: 99
Exploitability: P1=4.600000000 P2=-0.006783007 EV: (-0.025680052444768238, 0.025680052444768238) P1 Winnings: 10.0
Choosing model 3
[0.2554772694570673, 0.254600957824554, 0.2934914642041867, 0.17942716705503828, 0.017003141459153905]
Games played: 100
Exploitability: P1=1.933333333 P2=-0.006783007 EV: (-0.13829649004440261, 0.13829649004440261) P1 Winnings: 13.0
Choosing model 1
[0.28554604026821684, 0.19524794850865268, 0.3171719247928989, 0.18052520451673276, 0.021508881913498794]
Games played: 101
Exploitability: P1=2.800000000 P2=-0.006783007 EV: (-0.06747261110735338, 0.06747261110735338) P1 Winnings: 16.0
Choosing model 3
[0.2855459609934251, 0.19524808213173217, 0.31717187511582784, 0.18052521758230178, 0.02150886417671315]
Games played: 102
Exploitability: P1=1.933333333 P2=-0.006783007 EV: (-0.13829649004440261, 0.13829649004440261) P1 Winnings: 9.0
Choosing model 0
[0.32936226041947214, 0.12041927640160148, 0.34528408853840087, 0.17409119213575053, 0.030843182504774812]
Games played: 103
Exploitability: P1=1.900000000 P2=-0.006783007 EV: (-0.08612442540963713, 0.08612442540963713) P1 Winnings: 8.0
Choosing model 1
[0.3034942361773091, 0.16054031904017022, 0.3310751679382072, 0.1807120265201006, 0.02417825032421291]
Games played: 104
Exploitability: P1=2.800000000 P2=-0.006783007 EV: (-0.06747261110735338, 0.06747261110735338) P1 Winnings: -1.0
Choosing model 0
[0.3034939758362543, 0.16054072299219727, 0.331075024314314, 0.18071209359910728, 0.024178183258127102]
Games played: 105
Exploitability: P1=1.900000000 P2=-0.006783007 EV: (-0.08612442540963713, 0.08612442540963713) P1 Winnings: -10.0
Choosing model 3
[0.29821567496488705, 0.16889781033049717, 0.3280512683318377, 0.18193641913968772, 0.022898827233090363]
Games played: 106
Exploitability: P1=1.933333333 P2=-0.006783007 EV: (-0.13829649004440261, 0.13829649004440261) P1 Winnings: -5.0
Choosing model 2
[0.2899477328182609, 0.1825037332452845, 0.2688443641898142, 0.23480450908799674, 0.023899660658643573]
Games played: 107
Exploitability: P1=4.600000000 P2=-0.006783007 EV: (-0.025680052444768238, 0.025680052444768238) P1 Winnings: 4.0
Choosing model 0
[0.3094655107782534, 0.15022806653758275, 0.2822926646763229, 0.2306292066316341, 0.027384551376206916]
Games played: 108
Exploitability: P1=1.900000000 P2=-0.006783007 EV: (-0.08612442540963713, 0.08612442540963713) P1 Winnings: 7.0
Choosing model 2
[0.31044065739926713, 0.15559317008402018, 0.2998474151606132, 0.2091922151637004, 0.02492654219239898]
Games played: 109
Exploitability: P1=4.600000000 P2=-0.006783007 EV: (-0.025680052444768238, 0.025680052444768238) P1 Winnings: 8.0
Choosing model 3
[0.31033285446656095, 0.16058789408632582, 0.3173831364532998, 0.1890860783400734, 0.022610036653740173]
Games played: 110
Exploitability: P1=1.933333333 P2=-0.006783007 EV: (-0.13829649004440261, 0.13829649004440261) P1 Winnings: 9.0
Choosing model 2
[0.3091943442938053, 0.1651922619884245, 0.33482818557289057, 0.17034453852094675, 0.02044066962393276]
Games played: 111
Exploitability: P1=4.600000000 P2=-0.006783007 EV: (-0.025680052444768238, 0.025680052444768238) P1 Winnings: 10.0
Choosing model 2
[0.30419141403948996, 0.17339088100068878, 0.33391973925574026, 0.1692345638840056, 0.01926340182007543]
Games played: 112
Exploitability: P1=4.600000000 P2=-0.006783007 EV: (-0.025680052444768238, 0.025680052444768238) P1 Winnings: 15.0
Choosing model 2
[0.29065065649440647, 0.19565554077979877, 0.3534260846018272, 0.14531945670709262, 0.014948261416875218]
Games played: 113
Exploitability: P1=4.600000000 P2=-0.006783007 EV: (-0.025680052444768238, 0.025680052444768238) P1 Winnings: 20.0
Choosing model 3
[0.32744248952967697, 0.13216071828708575, 0.37920463856132774, 0.14090254868285504, 0.020289604939054594]
Games played: 114
Exploitability: P1=1.933333333 P2=-0.006783007 EV: (-0.13829649004440261, 0.13829649004440261) P1 Winnings: 15.0
Choosing model 2
[0.3238066300213847, 0.1349354946749652, 0.39706236129514333, 0.12598952142501568, 0.018205992583491135]
Games played: 115
Exploitability: P1=4.600000000 P2=-0.006783007 EV: (-0.025680052444768238, 0.025680052444768238) P1 Winnings: 16.0
Choosing model 2
[0.3080909076960711, 0.15162153597250244, 0.4184889702879662, 0.1077303110046781, 0.014068275038782241]
Games played: 116
Exploitability: P1=4.600000000 P2=-0.006783007 EV: (-0.025680052444768238, 0.025680052444768238) P1 Winnings: 21.0
Choosing model 2
[0.302665286710756, 0.15378633101397862, 0.43531348900587463, 0.09569439912782306, 0.012540494141567746]
Games played: 117
Exploitability: P1=4.600000000 P2=-0.006783007 EV: (-0.025680052444768238, 0.025680052444768238) P1 Winnings: 22.0
Choosing model 0
[0.3476089044139615, 0.12157040726076644, 0.3599761213571381, 0.14906336987206498, 0.02178119709606901]
Games played: 118
Exploitability: P1=1.900000000 P2=-0.006783007 EV: (-0.08612442540963713, 0.08612442540963713) P1 Winnings: 11.0
Choosing model 2
[0.34760883983150315, 0.12157049287199176, 0.359976094794367, 0.14906339047411626, 0.02178118202802189]
Games played: 119
Exploitability: P1=4.600000000 P2=-0.006783007 EV: (-0.025680052444768238, 0.025680052444768238) P1 Winnings: 10.0
Choosing model 3
[0.3230174836723534, 0.1570778474945419, 0.37014232550140097, 0.13368417586314763, 0.016078167468556073]
Games played: 120
Exploitability: P1=1.933333333 P2=-0.006783007 EV: (-0.13829649004440261, 0.13829649004440261) P1 Winnings: 15.0
Choosing model 2
[0.36458941460798294, 0.09235968738566047, 0.39457791781537704, 0.12613062976746292, 0.022342350423516625]
Games played: 121
Exploitability: P1=4.600000000 P2=-0.006783007 EV: (-0.025680052444768238, 0.025680052444768238) P1 Winnings: 12.0
Choosing model 3
[0.36024262190942674, 0.09422076059259885, 0.4128175887708562, 0.11268769041031623, 0.020031338316801893]
Games played: 122
Exploitability: P1=1.933333333 P2=-0.006783007 EV: (-0.13829649004440261, 0.13829649004440261) P1 Winnings: 13.0
Choosing model 2
[0.3654273017256337, 0.08504126275099114, 0.4169408782471203, 0.11223948110425401, 0.02035107617200095]
Games played: 123
Exploitability: P1=4.600000000 P2=-0.006783007 EV: (-0.025680052444768238, 0.025680052444768238) P1 Winnings: 13.0
Choosing model 2
[0.3654270961127048, 0.08504150183189507, 0.4169408204330132, 0.11223955589402015, 0.020351025728366695]
Games played: 124
Exploitability: P1=4.600000000 P2=-0.006783007 EV: (-0.025680052444768238, 0.025680052444768238) P1 Winnings: 4.0
Choosing model 2
[0.3852722208841396, 0.06028648362450629, 0.4241130939039838, 0.10583418567811746, 0.02449401590925282]
Games played: 125
Exploitability: P1=4.600000000 P2=-0.006783007 EV: (-0.025680052444768238, 0.025680052444768238) P1 Winnings: 9.0
Choosing model 2
[0.39926177603648, 0.06090148470023704, 0.3800109271274957, 0.1321630989616878, 0.027662713174099535]
Games played: 126
Exploitability: P1=4.600000000 P2=-0.006783007 EV: (-0.025680052444768238, 0.025680052444768238) P1 Winnings: 9.0
Choosing model 3
[0.39553987492306214, 0.06436971120887817, 0.3816219050317231, 0.132217272267276, 0.026251236569060515]
Games played: 127
Exploitability: P1=1.933333333 P2=-0.006783007 EV: (-0.13829649004440261, 0.13829649004440261) P1 Winnings: 14.0
Choosing model 2
[0.4131311549422915, 0.04612982487315151, 0.3853952493762658, 0.12431159465007385, 0.031032176158217212]
Games played: 128
Exploitability: P1=4.600000000 P2=-0.006783007 EV: (-0.025680052444768238, 0.025680052444768238) P1 Winnings: 17.0
Choosing model 1
[0.4131309845782179, 0.04612996149326148, 0.3853952538580252, 0.1243116961669871, 0.031032103903508305]
Games played: 129
Exploitability: P1=2.800000000 P2=-0.006783007 EV: (-0.06747261110735338, 0.06747261110735338) P1 Winnings: 8.0
Choosing model 0
[0.42182707470871145, 0.03793744529624608, 0.3865543982340275, 0.1199359323300469, 0.033745149430968215]
Games played: 130
Exploitability: P1=1.900000000 P2=-0.006783007 EV: (-0.08612442540963713, 0.08612442540963713) P1 Winnings: 9.0
Choosing model 0
[0.43148494449790076, 0.02977445261184452, 0.38696829421384743, 0.11453533077622483, 0.03723697790018255]
Games played: 131
Exploitability: P1=1.900000000 P2=-0.006783007 EV: (-0.08612442540963713, 0.08612442540963713) P1 Winnings: 10.0
Choosing model 2
[0.4385515502318779, 0.024518749293733225, 0.3865273535875479, 0.11015580991239575, 0.04024653697444527]
Games played: 132
Exploitability: P1=4.600000000 P2=-0.006783007 EV: (-0.025680052444768238, 0.025680052444768238) P1 Winnings: 9.0
Choosing model 2
[0.43452672789295177, 0.025082294895198167, 0.40551829719337046, 0.09868885876713056, 0.036183821251349134]
Games played: 133
Exploitability: P1=4.600000000 P2=-0.006783007 EV: (-0.025680052444768238, 0.025680052444768238) P1 Winnings: 10.0
Choosing model 0
[0.4217179697978481, 0.033645548905261655, 0.4078010293828746, 0.10648601112900645, 0.030349440785009164]
Games played: 134
Exploitability: P1=1.900000000 P2=-0.006783007 EV: (-0.08612442540963713, 0.08612442540963713) P1 Winnings: 15.0
Choosing model 0
[0.4287820929223083, 0.02752886522414373, 0.4116147521629925, 0.09964712086176646, 0.03242716882878895]
Games played: 135
Exploitability: P1=1.900000000 P2=-0.006783007 EV: (-0.08612442540963713, 0.08612442540963713) P1 Winnings: 16.0
Choosing model 0
[0.4259352601264636, 0.02927882988203391, 0.41231848330527143, 0.10142003251398483, 0.03104739417224619]
Games played: 136
Exploitability: P1=1.900000000 P2=-0.006783007 EV: (-0.08612442540963713, 0.08612442540963713) P1 Winnings: 15.0
Choosing model 0
[0.4259352220529154, 0.0292788533230636, 0.41231849262866066, 0.1014200563083938, 0.03104737568696645]
Games played: 137
Exploitability: P1=1.900000000 P2=-0.006783007 EV: (-0.08612442540963713, 0.08612442540963713) P1 Winnings: 14.0
Choosing model 1
[0.4103392035881712, 0.04080985159145724, 0.4133383483451472, 0.11006695368681649, 0.025445642788408007]
Games played: 138
Exploitability: P1=2.800000000 P2=-0.006783007 EV: (-0.06747261110735338, 0.06747261110735338) P1 Winnings: 13.0
Choosing model 0
[0.42603319546294116, 0.037425998075087945, 0.3816852676378168, 0.12531432027240172, 0.02954121855175241]
Games played: 139
Exploitability: P1=1.900000000 P2=-0.006783007 EV: (-0.08612442540963713, 0.08612442540963713) P1 Winnings: 6.0
Choosing model 0
[0.4526229216759869, 0.027368594735869927, 0.29197274716842814, 0.1805724323937296, 0.04746330402598548]
Games played: 140
Exploitability: P1=1.900000000 P2=-0.006783007 EV: (-0.08612442540963713, 0.08612442540963713) P1 Winnings: 13.0
Choosing model 3
[0.44307447474904815, 0.032825938354516575, 0.2926053197213389, 0.1894264088365939, 0.04206785833850255]
Games played: 141
Exploitability: P1=1.933333333 P2=-0.006783007 EV: (-0.13829649004440261, 0.13829649004440261) P1 Winnings: 8.0
Choosing model 1
[0.4447457648283351, 0.03401929829645502, 0.3109937663501208, 0.1719255767728277, 0.03831559375226147]
Games played: 142
Exploitability: P1=2.800000000 P2=-0.006783007 EV: (-0.06747261110735338, 0.06747261110735338) P1 Winnings: 9.0
Choosing model 3
[0.45340306434696404, 0.02793420320902419, 0.3114453762726103, 0.16561656008406025, 0.04160079608734122]
Games played: 143
Exploitability: P1=1.933333333 P2=-0.006783007 EV: (-0.13829649004440261, 0.13829649004440261) P1 Winnings: 10.0
Choosing model 0
[0.4629318101044972, 0.022075545009309226, 0.31118818851515406, 0.1579190119224674, 0.04588544444857212]
Games played: 144
Exploitability: P1=1.900000000 P2=-0.006783007 EV: (-0.08612442540963713, 0.08612442540963713) P1 Winnings: 13.0
Choosing model 2
[0.4643211739569773, 0.020597492811188917, 0.3121290247156087, 0.1576228343885484, 0.045329474127676656]
Games played: 145
Exploitability: P1=4.600000000 P2=-0.006783007 EV: (-0.025680052444768238, 0.025680052444768238) P1 Winnings: 10.0
Choosing model 0
[0.47133666053143064, 0.016940513096867584, 0.3113843729574635, 0.15140651696502752, 0.04893193644921067]
Games played: 146
Exploitability: P1=1.900000000 P2=-0.006783007 EV: (-0.08612442540963713, 0.08612442540963713) P1 Winnings: 11.0
Choosing model 0
[0.46325997044889833, 0.02040067691600004, 0.31332141690385296, 0.1594729446750333, 0.04354499105621539]
Games played: 147
Exploitability: P1=1.900000000 P2=-0.006783007 EV: (-0.08612442540963713, 0.08612442540963713) P1 Winnings: 6.0
Choosing model 0
[0.4603033241583666, 0.02170312975655493, 0.31393832467534316, 0.16235227781792735, 0.04170294359180804]
Games played: 148
Exploitability: P1=1.900000000 P2=-0.006783007 EV: (-0.08612442540963713, 0.08612442540963713) P1 Winnings: 5.0
Choosing model 3
[0.44398739521442504, 0.03028728832341929, 0.31509701953911584, 0.17640811507806284, 0.03422018184497696]
Games played: 149
Exploitability: P1=1.933333333 P2=-0.006783007 EV: (-0.13829649004440261, 0.13829649004440261) P1 Winnings: -4.0
Choosing model 3
[0.4277149343202476, 0.04032726667532838, 0.3145287157702554, 0.18893879894763962, 0.02849028428652891]
Games played: 150
Exploitability: P1=1.933333333 P2=-0.006783007 EV: (-0.13829649004440261, 0.13829649004440261) P1 Winnings: -4.0
Choosing model 0
[0.428108765527998, 0.041674615787967724, 0.3333453365896265, 0.1709959128661731, 0.025875369228234607]
Games played: 151
Exploitability: P1=1.900000000 P2=-0.006783007 EV: (-0.08612442540963713, 0.08612442540963713) P1 Winnings: -3.0
Choosing model 1
[0.42717229260062, 0.04293324077482252, 0.3521905639033669, 0.15427642257723084, 0.02342748014395976]
Games played: 152
Exploitability: P1=2.800000000 P2=-0.006783007 EV: (-0.06747261110735338, 0.06747261110735338) P1 Winnings: -2.0
Choosing model 2
[0.410439633339421, 0.0556187529774209, 0.3503471360005537, 0.16417073240520427, 0.01942374527740008]
Games played: 153
Exploitability: P1=4.600000000 P2=-0.006783007 EV: (-0.025680052444768238, 0.025680052444768238) P1 Winnings: 5.0
Choosing model 0
[0.42984443450575155, 0.03916565073750155, 0.35399807735344035, 0.1537697244169834, 0.023222112986323207]
Games played: 154
Exploitability: P1=1.900000000 P2=-0.006783007 EV: (-0.08612442540963713, 0.08612442540963713) P1 Winnings: 0.0
Choosing model 0
[0.4391946437008112, 0.0322030667817979, 0.359066353474452, 0.1446019755228482, 0.024933960520090687]
Games played: 155
Exploitability: P1=1.900000000 P2=-0.006783007 EV: (-0.08612442540963713, 0.08612442540963713) P1 Winnings: 1.0
Choosing model 0
[0.4357310404444703, 0.03420717029272103, 0.35922875556261524, 0.14698997870344435, 0.02384305499674915]
Games played: 156
Exploitability: P1=1.900000000 P2=-0.006783007 EV: (-0.08612442540963713, 0.08612442540963713) P1 Winnings: 0.0
Choosing model 2
[0.4170090698028478, 0.04736479330655323, 0.35774331366289397, 0.15847047938510758, 0.0194123438425976]
Games played: 157
Exploitability: P1=4.600000000 P2=-0.006783007 EV: (-0.025680052444768238, 0.025680052444768238) P1 Winnings: -1.0
Choosing model 2
[0.43533649752214887, 0.03324737078400166, 0.36032252985883173, 0.1479588792650288, 0.02313472256998895]
Games played: 158
Exploitability: P1=4.600000000 P2=-0.006783007 EV: (-0.025680052444768238, 0.025680052444768238) P1 Winnings: -6.0
Choosing model 0
[0.4458308476279992, 0.026259661891849157, 0.36303004759472457, 0.13944450450609105, 0.025434938379336067]
Games played: 159
Exploitability: P1=1.900000000 P2=-0.006783007 EV: (-0.08612442540963713, 0.08612442540963713) P1 Winnings: -3.0
Choosing model 2
[0.442548363193132, 0.02790860741885296, 0.3633859285831925, 0.14182214862300327, 0.024334952181819136]
Games played: 160
Exploitability: P1=4.600000000 P2=-0.006783007 EV: (-0.025680052444768238, 0.025680052444768238) P1 Winnings: 2.0
Choosing model 0
[0.43971187044122373, 0.02862982739600392, 0.3823049611337708, 0.1274137758673447, 0.021939565161656745]
Games played: 161
Exploitability: P1=1.900000000 P2=-0.006783007 EV: (-0.08612442540963713, 0.08612442540963713) P1 Winnings: 3.0
Choosing model 2
[0.44939753334504623, 0.022450485245744244, 0.38238953359479194, 0.12157319877132093, 0.024189249043096613]
Games played: 162
Exploitability: P1=4.600000000 P2=-0.006783007 EV: (-0.025680052444768238, 0.025680052444768238) P1 Winnings: 4.0
Choosing model 0
[0.4459932733745255, 0.025499578303664328, 0.3743754353540005, 0.13152786735506647, 0.022603845612743187]
Games played: 163
Exploitability: P1=1.900000000 P2=-0.006783007 EV: (-0.08612442540963713, 0.08612442540963713) P1 Winnings: 4.0
Choosing model 2
[0.4538689806580271, 0.020901309632490598, 0.3742545700528476, 0.12647672519594677, 0.024498414460687887]
Games played: 164
Exploitability: P1=4.600000000 P2=-0.006783007 EV: (-0.025680052444768238, 0.025680052444768238) P1 Winnings: 4.0
Choosing model 0
[0.4502923982180933, 0.023732705708066563, 0.3662983388843799, 0.1367908459973219, 0.022885711192138464]
Games played: 165
Exploitability: P1=1.900000000 P2=-0.006783007 EV: (-0.08612442540963713, 0.08612442540963713) P1 Winnings: 4.0
Choosing model 2
[0.4416674723341877, 0.027950019172381445, 0.3670283807488943, 0.14285374620711036, 0.02050038153742619]
Games played: 166
Exploitability: P1=4.600000000 P2=-0.006783007 EV: (-0.025680052444768238, 0.025680052444768238) P1 Winnings: 4.0
Choosing model 0
[0.4649482961360055, 0.020252246813793173, 0.27819683303819376, 0.20396564104978987, 0.03263698296221766]
Games played: 167
Exploitability: P1=1.900000000 P2=-0.006783007 EV: (-0.08612442540963713, 0.08612442540963713) P1 Winnings: -7.0
Choosing model 3
[0.47324372212811694, 0.016701402237426347, 0.2782801502411992, 0.19644914611434827, 0.03532557927890933]
Games played: 168
Exploitability: P1=1.933333333 P2=-0.006783007 EV: (-0.13829649004440261, 0.13829649004440261) P1 Winnings: -8.0
Choosing model 0
[0.47570435129153216, 0.017333182517012168, 0.2961889609653206, 0.1785530537090138, 0.03222045151712142]
Games played: 169
Exploitability: P1=1.900000000 P2=-0.006783007 EV: (-0.08612442540963713, 0.08612442540963713) P1 Winnings: -7.0
Choosing model 0
[0.47670358900045917, 0.01793340348294928, 0.3142784065535322, 0.16178693742929162, 0.029297663533767625]
Games played: 170
Exploitability: P1=1.900000000 P2=-0.006783007 EV: (-0.08612442540963713, 0.08612442540963713) P1 Winnings: -6.0
Choosing model 0
[0.47347031741721796, 0.019070650315947606, 0.3147703307230124, 0.1646416962107127, 0.02804700533310935]
Games played: 171
Exploitability: P1=1.900000000 P2=-0.006783007 EV: (-0.08612442540963713, 0.08612442540963713) P1 Winnings: -15.0
Choosing model 2
[0.45728529230910525, 0.02591556979397015, 0.3156772051250453, 0.17791020532018129, 0.023211727451697996]
Games played: 172
Exploitability: P1=4.600000000 P2=-0.006783007 EV: (-0.025680052444768238, 0.025680052444768238) P1 Winnings: -10.0
Choosing model 0
[0.4428208016394011, 0.02404187939978285, 0.21849654992272804, 0.28314655416993545, 0.03149421486815257]
Games played: 173
Exploitability: P1=1.900000000 P2=-0.006783007 EV: (-0.08612442540963713, 0.08612442540963713) P1 Winnings: -15.0
Choosing model 2
[0.43871401865292103, 0.025502359604537186, 0.21828957759180287, 0.2874198878006936, 0.030074156350045286]
Games played: 174
Exploitability: P1=4.600000000 P2=-0.006783007 EV: (-0.025680052444768238, 0.025680052444768238) P1 Winnings: -16.0
Choosing model 0
[0.4169798018401545, 0.0350691612296637, 0.21589368409561824, 0.3077400150959447, 0.024317337738618904]
Games played: 175
Exploitability: P1=1.900000000 P2=-0.006783007 EV: (-0.08612442540963713, 0.08612442540963713) P1 Winnings: -25.0
Choosing model 0
[0.40842332204112686, 0.04776089318843347, 0.23398893610414262, 0.29090640014058605, 0.01892044852571109]
Games played: 176
Exploitability: P1=1.900000000 P2=-0.006783007 EV: (-0.08612442540963713, 0.08612442540963713) P1 Winnings: -20.0
Choosing model 2
[0.4084232593913707, 0.04776092836946534, 0.23398892641841396, 0.2909064497710903, 0.01892043604965975]
Games played: 177
Exploitability: P1=4.600000000 P2=-0.006783007 EV: (-0.025680052444768238, 0.025680052444768238) P1 Winnings: -21.0
Choosing model 3
[0.4199851048206081, 0.03979199417586139, 0.23646592780037132, 0.2830672991492258, 0.02068967405393339]
Games played: 178
Exploitability: P1=1.933333333 P2=-0.006783007 EV: (-0.13829649004440261, 0.13829649004440261) P1 Winnings: -22.0
Choosing model 0
[0.4334669319486219, 0.03178780618732614, 0.23883573917114, 0.27284117915539735, 0.023068343537514534]
Games played: 179
Exploitability: P1=1.900000000 P2=-0.006783007 EV: (-0.08612442540963713, 0.08612442540963713) P1 Winnings: -29.0
Choosing model 2
[0.45986037588458933, 0.020219810836852335, 0.24131296131426577, 0.2491215479646327, 0.029485303999660005]
Games played: 180
Exploitability: P1=4.600000000 P2=-0.006783007 EV: (-0.025680052444768238, 0.025680052444768238) P1 Winnings: -34.0
Choosing model 0
[0.477657441584964, 0.014121789345233388, 0.24183074959098633, 0.2314274847617408, 0.034962534717075486]
Games played: 181
Exploitability: P1=1.900000000 P2=-0.006783007 EV: (-0.08612442540963713, 0.08612442540963713) P1 Winnings: -39.0
Choosing model 3
[0.4776573952784224, 0.014121800544612035, 0.24183075323177972, 0.23142753730863294, 0.03496251363655293]
Games played: 182
Exploitability: P1=1.933333333 P2=-0.006783007 EV: (-0.13829649004440261, 0.13829649004440261) P1 Winnings: -40.0
Choosing model 0
[0.4828327113296449, 0.014738163308863433, 0.25883683723427875, 0.2115242127765662, 0.03206807535064669]
Games played: 183
Exploitability: P1=1.900000000 P2=-0.006783007 EV: (-0.08612442540963713, 0.08612442540963713) P1 Winnings: -39.0
Choosing model 0
[0.4864926144535294, 0.015331902282492241, 0.2761468078237121, 0.19271012265864032, 0.029318552781626036]
Games played: 184
Exploitability: P1=1.900000000 P2=-0.006783007 EV: (-0.08612442540963713, 0.08612442540963713) P1 Winnings: -38.0
Choosing model 0
[0.48649256961014564, 0.01533191451466431, 0.27614681329785606, 0.19271016733341784, 0.029318535243916213]
Games played: 185
Exploitability: P1=1.900000000 P2=-0.006783007 EV: (-0.08612442540963713, 0.08612442540963713) P1 Winnings: -39.0
Choosing model 0
[0.4886563637533688, 0.015899989901720264, 0.2936985212730398, 0.17502369580065305, 0.026721429271218133]
Games played: 186
Exploitability: P1=1.900000000 P2=-0.006783007 EV: (-0.08612442540963713, 0.08612442540963713) P1 Winnings: -38.0
Choosing model 0
[0.4893619278635442, 0.01643980189740173, 0.3114316566614725, 0.15848506556544853, 0.0242815480121332]
Games played: 187
Exploitability: P1=1.900000000 P2=-0.006783007 EV: (-0.08612442540963713, 0.08612442540963713) P1 Winnings: -37.0
Choosing model 2
[0.5089688141660311, 0.010251888701734688, 0.308485724897201, 0.1418667504517215, 0.03042682178331182]
Games played: 188
Exploitability: P1=4.600000000 P2=-0.006783007 EV: (-0.025680052444768238, 0.025680052444768238) P1 Winnings: -36.0
Choosing model 0
[0.5079132142708076, 0.010562709449584198, 0.3259626108384941, 0.12800998137447503, 0.02755148406663904]
Games played: 189
Exploitability: P1=1.900000000 P2=-0.006783007 EV: (-0.08612442540963713, 0.08612442540963713) P1 Winnings: -35.0
Choosing model 0
[0.5055318130945617, 0.010854440058335486, 0.34352721083690807, 0.11520403424743714, 0.02488250176275762]
Games played: 190
Exploitability: P1=1.900000000 P2=-0.006783007 EV: (-0.08612442540963713, 0.08612442540963713) P1 Winnings: -34.0
Choosing model 0
[0.5135147013298283, 0.008459726514137832, 0.3415066007452593, 0.10925241392995882, 0.027266557480815773]
Games played: 191
Exploitability: P1=1.900000000 P2=-0.006783007 EV: (-0.08612442540963713, 0.08612442540963713) P1 Winnings: -33.0
Choosing model 0
[0.5097524559521958, 0.008670335057740132, 0.35895493151427915, 0.09806236455763113, 0.024559912918153754]
Games played: 192
Exploitability: P1=1.900000000 P2=-0.006783007 EV: (-0.08612442540963713, 0.08612442540963713) P1 Winnings: -32.0
Choosing model 0
[0.504836917192335, 0.008865449736260541, 0.3764142706381275, 0.08781304045059055, 0.022070321982686367]
Games played: 193
Exploitability: P1=1.900000000 P2=-0.006783007 EV: (-0.08612442540963713, 0.08612442540963713) P1 Winnings: -31.0
Choosing model 2
[0.5048368832003416, 0.00886545702959226, 0.37641428745164834, 0.087813062989389, 0.02207030932902895]
Games played: 194
Exploitability: P1=4.600000000 P2=-0.006783007 EV: (-0.025680052444768238, 0.025680052444768238) P1 Winnings: -32.0
Choosing model 3
[0.4930898821523879, 0.011968257241480222, 0.3809547144765747, 0.09535709325784461, 0.018630052871712557]
Games played: 195
Exploitability: P1=1.933333333 P2=-0.006783007 EV: (-0.13829649004440261, 0.13829649004440261) P1 Winnings: -41.0
Choosing model 2
[0.5009355475591735, 0.009410858608198744, 0.378737018798866, 0.09047047056088345, 0.020446104472878396]
Games played: 196
Exploitability: P1=4.600000000 P2=-0.006783007 EV: (-0.025680052444768238, 0.025680052444768238) P1 Winnings: -41.0
Choosing model 4
[0.5335803275267429, 0.005287584579285949, 0.3404187089893319, 0.09125317275447824, 0.029460206150161077]
Games played: 197
Exploitability: P1=2.600000000 P2=-0.006783007 EV: (-0.09582166977330016, 0.09582166977330016) P1 Winnings: -46.0
Choosing model 2
[0.5289600274440619, 0.005411946371758054, 0.3573311212380137, 0.08179672066588975, 0.026500184280276572]
Games played: 198
Exploitability: P1=4.600000000 P2=-0.006783007 EV: (-0.025680052444768238, 0.025680052444768238) P1 Winnings: -45.0
Choosing model 2
[0.5342494250989129, 0.004428678583917724, 0.354684310269581, 0.07817534491828963, 0.028462241129298703]
Games played: 199
Exploitability: P1=4.600000000 P2=-0.006783007 EV: (-0.025680052444768238, 0.025680052444768238) P1 Winnings: -44.0
Choosing model 3
[0.5284932820114906, 0.004523167613971761, 0.37151107231295505, 0.06992461565128931, 0.02554786241029341]
Games played: 200
Exploitability: P1=1.933333333 P2=-0.006783007 EV: (-0.13829649004440261, 0.13829649004440261) P1 Winnings: -43.0
