Player 1 exploitability: 0.113406873333
Choosing model 3
[0.2084332201972016, 0.16788242938108128, 0.20475028364790934, 0.19695072249788456, 0.22198334427592314]
Games played: 1
Exploitability: P1=1.933333333 P2=0.027754859 EV: (-0.0021927081061989913, 0.0021927081061989913) P1 Winnings: 1.0
Choosing model 3
[0.21325663420394583, 0.15283332290701718, 0.2085789669184738, 0.19785929925928664, 0.2274717767112767]
Games played: 2
Exploitability: P1=1.933333333 P2=0.027754859 EV: (-0.0021927081061989913, 0.0021927081061989913) P1 Winnings: -4.0
Choosing model 1
[0.20726612772129466, 0.14479772153013012, 0.1752752766605675, 0.2317269005566873, 0.2409339735313204]
Games played: 3
Exploitability: P1=2.800000000 P2=0.027754859 EV: (-0.3717703423090597, 0.3717703423090597) P1 Winnings: 5.0
Choosing model 3
[0.21452719593271122, 0.11499004891308695, 0.17754492066625768, 0.2239182228241551, 0.26901961166378896]
Games played: 4
Exploitability: P1=1.933333333 P2=0.027754859 EV: (-0.0021927081061989913, 0.0021927081061989913) P1 Winnings: 6.0
Choosing model 2
[0.19732149106689717, 0.06066934768654411, 0.1202674934570929, 0.2507430595238832, 0.37099860826558256]
Games played: 5
Exploitability: P1=4.600000000 P2=0.027754859 EV: (-0.4790038850917372, 0.4790038850917372) P1 Winnings: 6.0
Choosing model 4
[0.19165922605706331, 0.0522126361974878, 0.10747010346878082, 0.25635915853936764, 0.3922988757373004]
Games played: 6
Exploitability: P1=2.600000000 P2=0.027754859 EV: (-0.0030188992384139433, 0.0030188992384139433) P1 Winnings: -3.0
Choosing model 3
[0.1922905770501543, 0.05608701751916508, 0.10873036803135944, 0.2635294445049301, 0.37936259289439106]
Games played: 7
Exploitability: P1=1.933333333 P2=0.027754859 EV: (-0.0021927081061989913, 0.0021927081061989913) P1 Winnings: -4.0
Choosing model 0
[0.19271970685695766, 0.04413993369188619, 0.10678647262386842, 0.24769469243943135, 0.40865919438785625]
Games played: 8
Exploitability: P1=1.900000000 P2=0.027754859 EV: (-0.08890370547036504, 0.08890370547036504) P1 Winnings: -7.0
Choosing model 4
[0.19419606489150995, 0.07067000899196066, 0.11343955439340435, 0.29175277081622986, 0.3299416009068952]
Games played: 9
Exploitability: P1=2.600000000 P2=0.027754859 EV: (-0.0030188992384139433, 0.0030188992384139433) P1 Winnings: -12.0
Choosing model 4
[0.19617566138814196, 0.0633722504731642, 0.1138027491110667, 0.28760276256476536, 0.3390465764628618]
Games played: 10
Exploitability: P1=2.600000000 P2=0.027754859 EV: (-0.0030188992384139433, 0.0030188992384139433) P1 Winnings: -12.0
Choosing model 3
[0.19612620600571146, 0.0678341026922584, 0.11473031168356203, 0.2946019326225598, 0.32670744699590837]
Games played: 11
Exploitability: P1=1.933333333 P2=0.027754859 EV: (-0.0021927081061989913, 0.0021927081061989913) P1 Winnings: -13.0
Choosing model 2
[0.19831313029833714, 0.05308926287152481, 0.11352791829936626, 0.27819515805486333, 0.3568745304759084]
Games played: 12
Exploitability: P1=4.600000000 P2=0.027754859 EV: (-0.4790038850917372, 0.4790038850917372) P1 Winnings: -20.0
Choosing model 0
[0.19232445410481827, 0.04561846714043894, 0.10129074813915522, 0.28398616350184847, 0.3767801671137391]
Games played: 13
Exploitability: P1=1.900000000 P2=0.027754859 EV: (-0.08890370547036504, 0.08890370547036504) P1 Winnings: -29.0
Choosing model 0
[0.19289585627372577, 0.05493677155955849, 0.10378200742724158, 0.30326295925542174, 0.3451224054840525]
Games played: 14
Exploitability: P1=1.900000000 P2=0.027754859 EV: (-0.08890370547036504, 0.08890370547036504) P1 Winnings: -29.0
Choosing model 4
[0.19260914084554379, 0.032889967013441615, 0.098693234875323, 0.26061814362581653, 0.4151895136398751]
Games played: 15
Exploitability: P1=2.600000000 P2=0.027754859 EV: (-0.0030188992384139433, 0.0030188992384139433) P1 Winnings: -28.0
Choosing model 3
[0.18684467629212662, 0.01912993878946052, 0.09118061975875397, 0.21759041671980325, 0.4852543484398556]
Games played: 16
Exploitability: P1=1.933333333 P2=0.027754859 EV: (-0.0021927081061989913, 0.0021927081061989913) P1 Winnings: -28.0
Choosing model 4
[0.18385143858557593, 0.014212460513095314, 0.08772833775704868, 0.1991843965100603, 0.5150233666342198]
Games played: 17
Exploitability: P1=2.600000000 P2=0.027754859 EV: (-0.0030188992384139433, 0.0030188992384139433) P1 Winnings: -25.0
Choosing model 2
[0.19467431097915097, 0.023911127550091515, 0.0979299395095553, 0.24653632485851099, 0.4369482971026913]
Games played: 18
Exploitability: P1=4.600000000 P2=0.027754859 EV: (-0.4790038850917372, 0.4790038850917372) P1 Winnings: -25.0
Choosing model 0
[0.193084918233051, 0.019214948774636777, 0.09545641481446464, 0.23138400201187143, 0.4608597161659763]
Games played: 19
Exploitability: P1=1.900000000 P2=0.027754859 EV: (-0.08890370547036504, 0.08890370547036504) P1 Winnings: -24.0
Choosing model 4
[0.2136499545179371, 0.02510933578768011, 0.1170015786120335, 0.23009020069233418, 0.4141489303900151]
Games played: 20
Exploitability: P1=2.600000000 P2=0.027754859 EV: (-0.0030188992384139433, 0.0030188992384139433) P1 Winnings: -19.0
Choosing model 3
[0.21505961688489217, 0.027061367582966886, 0.11876342205342341, 0.2373046359025296, 0.40181095757618784]
Games played: 21
Exploitability: P1=1.933333333 P2=0.027754859 EV: (-0.0021927081061989913, 0.0021927081061989913) P1 Winnings: -20.0
Choosing model 3
[0.21661364696677135, 0.024252353241694804, 0.11910226951392207, 0.23469100519263278, 0.40534072508497887]
Games played: 22
Exploitability: P1=1.933333333 P2=0.027754859 EV: (-0.0021927081061989913, 0.0021927081061989913) P1 Winnings: -25.0
Choosing model 4
[0.22855056124758016, 0.026419431915853653, 0.13306103324900076, 0.2239019093465501, 0.3880670642410152]
Games played: 23
Exploitability: P1=2.600000000 P2=0.027754859 EV: (-0.0030188992384139433, 0.0030188992384139433) P1 Winnings: -24.0
Choosing model 0
[0.23150215370601088, 0.03698714755790001, 0.1396548001468698, 0.2521444176320774, 0.33971148095714193]
Games played: 24
Exploitability: P1=1.900000000 P2=0.027754859 EV: (-0.08890370547036504, 0.08890370547036504) P1 Winnings: -19.0
Choosing model 0
[0.2307258386348747, 0.025293243110616585, 0.13457772777380062, 0.22621360992542755, 0.3831895805552807]
Games played: 25
Exploitability: P1=1.900000000 P2=0.027754859 EV: (-0.08890370547036504, 0.08890370547036504) P1 Winnings: -26.0
Choosing model 4
[0.22391332969211786, 0.01471752274993489, 0.1243850661076614, 0.1889442894606937, 0.4480397919895922]
Games played: 26
Exploitability: P1=2.600000000 P2=0.027754859 EV: (-0.0030188992384139433, 0.0030188992384139433) P1 Winnings: -27.0
Choosing model 3
[0.236145572259647, 0.0160253560176548, 0.13890007387306072, 0.18017664822589757, 0.4287523496237399]
Games played: 27
Exploitability: P1=1.933333333 P2=0.027754859 EV: (-0.0021927081061989913, 0.0021927081061989913) P1 Winnings: -26.0
Choosing model 2
[0.23815873886852706, 0.015034737931163755, 0.14008730417090132, 0.18082916155755924, 0.4258900574718486]
Games played: 28
Exploitability: P1=4.600000000 P2=0.027754859 EV: (-0.4790038850917372, 0.4790038850917372) P1 Winnings: -29.0
Choosing model 4
[0.24025102696051143, 0.01623876659160908, 0.1425057604911467, 0.18690427787383482, 0.41410016808289807]
Games played: 29
Exploitability: P1=2.600000000 P2=0.027754859 EV: (-0.0030188992384139433, 0.0030188992384139433) P1 Winnings: -42.0
Choosing model 0
[0.23924774892942582, 0.014599962301319875, 0.14077659993901692, 0.18139209697743555, 0.4239835918528019]
Games played: 30
Exploitability: P1=1.900000000 P2=0.027754859 EV: (-0.08890370547036504, 0.08890370547036504) P1 Winnings: -45.0
Choosing model 0
[0.23924777931484345, 0.014599977149567659, 0.14077663358521927, 0.18139217878612057, 0.4239834311642491]
Games played: 31
Exploitability: P1=1.900000000 P2=0.027754859 EV: (-0.08890370547036504, 0.08890370547036504) P1 Winnings: -46.0
Choosing model 2
[0.23642515848051893, 0.011689539910670975, 0.13671818222566487, 0.16961999075455492, 0.44554712862859036]
Games played: 32
Exploitability: P1=4.600000000 P2=0.027754859 EV: (-0.4790038850917372, 0.4790038850917372) P1 Winnings: -45.0
Choosing model 4
[0.21689593223462572, 0.006434465648466544, 0.10847914194419157, 0.15187226276675778, 0.5163181974059584]
Games played: 33
Exploitability: P1=2.600000000 P2=0.027754859 EV: (-0.0030188992384139433, 0.0030188992384139433) P1 Winnings: -45.0
Choosing model 0
[0.22753070710710058, 0.009329445808448727, 0.11791446727373354, 0.17712747138651935, 0.4680979084241979]
Games played: 34
Exploitability: P1=1.900000000 P2=0.027754859 EV: (-0.08890370547036504, 0.08890370547036504) P1 Winnings: -50.0
Choosing model 0
[0.22753074304761403, 0.009329455585343146, 0.11791449910582909, 0.1771275567548161, 0.46809774550639766]
Games played: 35
Exploitability: P1=1.900000000 P2=0.027754859 EV: (-0.08890370547036504, 0.08890370547036504) P1 Winnings: -51.0
Choosing model 4
[0.23004170060353693, 0.010099066657648465, 0.12021775493684257, 0.18348672665772736, 0.4561547511442446]
Games played: 36
Exploitability: P1=2.600000000 P2=0.027754859 EV: (-0.0030188992384139433, 0.0030188992384139433) P1 Winnings: -52.0
Choosing model 0
[0.25899881697126526, 0.01323427112149639, 0.1565123434103261, 0.17055219084328027, 0.40070237765363187]
Games played: 37
Exploitability: P1=1.900000000 P2=0.027754859 EV: (-0.08890370547036504, 0.08890370547036504) P1 Winnings: -49.0
Choosing model 0
[0.2589988475820409, 0.013234284464166359, 0.15651237943776194, 0.17055226625967787, 0.4007022222563529]
Games played: 38
Exploitability: P1=1.900000000 P2=0.027754859 EV: (-0.08890370547036504, 0.08890370547036504) P1 Winnings: -50.0
Choosing model 1
[0.27948423374788817, 0.01686558806257356, 0.18708558494946592, 0.1653968822692171, 0.3511677109708552]
Games played: 39
Exploitability: P1=2.800000000 P2=0.027754859 EV: (-0.3717703423090597, 0.3717703423090597) P1 Winnings: -45.0
Choosing model 0
[0.2787731232370916, 0.015188369821515578, 0.18511830181443842, 0.1607819969626179, 0.3601382081643364]
Games played: 40
Exploitability: P1=1.900000000 P2=0.027754859 EV: (-0.08890370547036504, 0.08890370547036504) P1 Winnings: -45.0
Choosing model 4
[0.2895955847831028, 0.016290158528935738, 0.20362203325490852, 0.1510230817564476, 0.3394691416766052]
Games played: 41
Exploitability: P1=2.600000000 P2=0.027754859 EV: (-0.0030188992384139433, 0.0030188992384139433) P1 Winnings: -44.0
Choosing model 0
[0.28758772973747965, 0.01302992853599227, 0.19863728005011944, 0.14171387857975945, 0.3590311830966492]
Games played: 42
Exploitability: P1=1.900000000 P2=0.027754859 EV: (-0.08890370547036504, 0.08890370547036504) P1 Winnings: -43.0
Choosing model 4
[0.2781115944580842, 0.012283119174478252, 0.1660863222324115, 0.16514115964192316, 0.3783778044931029]
Games played: 43
Exploitability: P1=2.600000000 P2=0.027754859 EV: (-0.0030188992384139433, 0.0030188992384139433) P1 Winnings: -34.0
Choosing model 4
[0.2899086148048033, 0.013219767080544372, 0.18332017823593483, 0.1556546968841613, 0.35789674299455626]
Games played: 44
Exploitability: P1=2.600000000 P2=0.027754859 EV: (-0.0030188992384139433, 0.0030188992384139433) P1 Winnings: -33.0
Choosing model 4
[0.2956768190447567, 0.018635227979328543, 0.19373079909651614, 0.17649696281480784, 0.3154601910645908]
Games played: 45
Exploitability: P1=2.600000000 P2=0.027754859 EV: (-0.0030188992384139433, 0.0030188992384139433) P1 Winnings: -38.0
Choosing model 2
[0.31683181413262557, 0.023242015946701562, 0.24004847233825935, 0.15613856431258635, 0.26373913326982706]
Games played: 46
Exploitability: P1=4.600000000 P2=0.027754859 EV: (-0.4790038850917372, 0.4790038850917372) P1 Winnings: -35.0
Choosing model 0
[0.3168318563444826, 0.02324209746225309, 0.2400486061012376, 0.15613877701036952, 0.2637386630816573]
Games played: 47
Exploitability: P1=1.900000000 P2=0.027754859 EV: (-0.08890370547036504, 0.08890370547036504) P1 Winnings: -44.0
Choosing model 3
[0.31747757657326464, 0.0249354945120795, 0.2425595182907293, 0.16030498376462327, 0.2547224268593032]
Games played: 48
Exploitability: P1=1.933333333 P2=0.027754859 EV: (-0.0021927081061989913, 0.0021927081061989913) P1 Winnings: -45.0
Choosing model 0
[0.3141976023404432, 0.013195298496510433, 0.2265646837838674, 0.13264104770104646, 0.3134013676781325]
Games played: 49
Exploitability: P1=1.900000000 P2=0.027754859 EV: (-0.08890370547036504, 0.08890370547036504) P1 Winnings: -46.0
Choosing model 4
[0.31152897418148, 0.010126453449656717, 0.2198347968518723, 0.12282071095836494, 0.33568906455862607]
Games played: 50
Exploitability: P1=2.600000000 P2=0.027754859 EV: (-0.0030188992384139433, 0.0030188992384139433) P1 Winnings: -46.0
Choosing model 3
[0.3082996073484143, 0.00756660884227236, 0.21272670808000263, 0.11307728682438543, 0.35832978890492523]
Games played: 51
Exploitability: P1=1.933333333 P2=0.027754859 EV: (-0.0021927081061989913, 0.0021927081061989913) P1 Winnings: -46.0
Choosing model 4
[0.306832608406389, 0.006799013624383865, 0.21002258723635975, 0.10967822978684628, 0.36666756094602115]
Games played: 52
Exploitability: P1=2.600000000 P2=0.027754859 EV: (-0.0030188992384139433, 0.0030188992384139433) P1 Winnings: -43.0
Choosing model 2
[0.3094043896995962, 0.007340562203621642, 0.21356293538227852, 0.11331761563592498, 0.3563744970785786]
Games played: 53
Exploitability: P1=4.600000000 P2=0.027754859 EV: (-0.4790038850917372, 0.4790038850917372) P1 Winnings: -44.0
Choosing model 4
[0.31932125756086005, 0.007821747555317388, 0.23337891588704962, 0.10574593022160424, 0.33373214877516877]
Games played: 54
Exploitability: P1=2.600000000 P2=0.027754859 EV: (-0.0030188992384139433, 0.0030188992384139433) P1 Winnings: -43.0
Choosing model 4
[0.31520930801855057, 0.005976096076036957, 0.22544544465663946, 0.09748391212197523, 0.35588523912679776]
Games played: 55
Exploitability: P1=2.600000000 P2=0.027754859 EV: (-0.0030188992384139433, 0.0030188992384139433) P1 Winnings: -40.0
Choosing model 4
[0.3102585681894854, 0.004552866273594714, 0.21715751260150057, 0.0896098571157204, 0.3784211958196989]
Games played: 56
Exploitability: P1=2.600000000 P2=0.027754859 EV: (-0.0030188992384139433, 0.0030188992384139433) P1 Winnings: -37.0
Choosing model 0
[0.32043744110769334, 0.0064991863085973175, 0.23239488340261313, 0.10289495290131337, 0.3377735362797829]
Games played: 57
Exploitability: P1=1.900000000 P2=0.027754859 EV: (-0.08890370547036504, 0.08890370547036504) P1 Winnings: -32.0
Choosing model 2
[0.3223844942566056, 0.0060826291384599275, 0.2338121301619711, 0.10301683744380401, 0.3347039089991594]
Games played: 58
Exploitability: P1=4.600000000 P2=0.027754859 EV: (-0.4790038850917372, 0.4790038850917372) P1 Winnings: -35.0
Choosing model 3
[0.33130023313981166, 0.006453748634486986, 0.2544186895495779, 0.09572396593074774, 0.3121033627453756]
Games played: 59
Exploitability: P1=1.933333333 P2=0.027754859 EV: (-0.0021927081061989913, 0.0021927081061989913) P1 Winnings: -34.0
Choosing model 2
[0.3244466627637319, 0.004336567362914057, 0.2409054956276187, 0.08438600532192074, 0.3459252689238146]
Games played: 60
Exploitability: P1=4.600000000 P2=0.027754859 EV: (-0.4790038850917372, 0.4790038850917372) P1 Winnings: -45.0
Choosing model 2
[0.31949503571573484, 0.0032765093249289418, 0.2321673150863722, 0.07758007500315892, 0.36748106486980503]
Games played: 61
Exploitability: P1=4.600000000 P2=0.027754859 EV: (-0.4790038850917372, 0.4790038850917372) P1 Winnings: -44.0
Choosing model 4
[0.31949519522561726, 0.0032765220157537065, 0.232167529436808, 0.07758020908192362, 0.3674805442398974]
Games played: 62
Exploitability: P1=2.600000000 P2=0.027754859 EV: (-0.0030188992384139433, 0.0030188992384139433) P1 Winnings: -53.0
Choosing model 4
[0.31949523736402513, 0.003276525364006986, 0.23216758606033833, 0.0775802444500646, 0.3674804067615649]
Games played: 63
Exploitability: P1=2.600000000 P2=0.027754859 EV: (-0.0030188992384139433, 0.0030188992384139433) P1 Winnings: -54.0
Choosing model 0
[0.3139905801706201, 0.0024312809725327844, 0.22310272406484963, 0.07093043450544473, 0.3895449802865527]
Games played: 64
Exploitability: P1=1.900000000 P2=0.027754859 EV: (-0.08890370547036504, 0.08890370547036504) P1 Winnings: -54.0
Choosing model 2
[0.32359005853213685, 0.0025869427307514707, 0.24345449690412024, 0.06609613212232725, 0.3642723697106641]
Games played: 65
Exploitability: P1=4.600000000 P2=0.027754859 EV: (-0.4790038850917372, 0.4790038850917372) P1 Winnings: -53.0
Choosing model 0
[0.323590221868423, 0.0025869527649402947, 0.24345472301619214, 0.06609624671779671, 0.3642718556326478]
Games played: 66
Exploitability: P1=1.900000000 P2=0.027754859 EV: (-0.08890370547036504, 0.08890370547036504) P1 Winnings: -62.0
Choosing model 3
[0.33937577011921266, 0.004310852000045031, 0.2691767955966392, 0.08103007317059426, 0.30610650911350884]
Games played: 67
Exploitability: P1=1.933333333 P2=0.027754859 EV: (-0.0021927081061989913, 0.0021927081061989913) P1 Winnings: -67.0
Choosing model 4
[0.33606853144779975, 0.0034383369595059328, 0.26184374776359504, 0.07582001865291839, 0.322829365176181]
Games played: 68
Exploitability: P1=2.600000000 P2=0.027754859 EV: (-0.0030188992384139433, 0.0030188992384139433) P1 Winnings: -67.0
Choosing model 2
[0.33142526996876326, 0.0026016610453253046, 0.25271647042989764, 0.06980726464573386, 0.3434493339102799]
Games played: 69
Exploitability: P1=4.600000000 P2=0.027754859 EV: (-0.4790038850917372, 0.4790038850917372) P1 Winnings: -67.0
Choosing model 4
[0.29349064423539517, 0.0015857888536316637, 0.16113356100243112, 0.08384301844322756, 0.4599469874653144]
Games played: 70
Exploitability: P1=2.600000000 P2=0.027754859 EV: (-0.0030188992384139433, 0.0030188992384139433) P1 Winnings: -70.0
Choosing model 2
[0.30606929533824645, 0.001707434195423461, 0.1779286500178218, 0.07906008580051722, 0.435234534647991]
Games played: 71
Exploitability: P1=4.600000000 P2=0.027754859 EV: (-0.4790038850917372, 0.4790038850917372) P1 Winnings: -69.0
Choosing model 4
[0.3107285728526424, 0.001849381651491589, 0.18310996649868255, 0.0810520773411156, 0.4232600016560679]
Games played: 72
Exploitability: P1=2.600000000 P2=0.027754859 EV: (-0.0030188992384139433, 0.0030188992384139433) P1 Winnings: -64.0
Choosing model 2
[0.3033597030388116, 0.0013974813244746027, 0.17494331100130497, 0.07389907171836511, 0.4464004329170436]
Games played: 73
Exploitability: P1=4.600000000 P2=0.027754859 EV: (-0.4790038850917372, 0.4790038850917372) P1 Winnings: -71.0
Choosing model 0
[0.29472259601490164, 0.0012029636664860298, 0.15636406451717066, 0.075571684294743, 0.4721386915066986]
Games played: 74
Exploitability: P1=1.900000000 P2=0.027754859 EV: (-0.08890370547036504, 0.08890370547036504) P1 Winnings: -80.0
Choosing model 4
[0.28653919065043104, 0.0008973618754096046, 0.14877882185237265, 0.0685943998762483, 0.4951902257455384]
Games played: 75
Exploitability: P1=2.600000000 P2=0.027754859 EV: (-0.0030188992384139433, 0.0030188992384139433) P1 Winnings: -79.0
Choosing model 2
[0.31065869634126597, 0.0013735965482679685, 0.17418536822391176, 0.07601469619373286, 0.4377676426928214]
Games played: 76
Exploitability: P1=4.600000000 P2=0.027754859 EV: (-0.4790038850917372, 0.4790038850917372) P1 Winnings: -76.0
Choosing model 3
[0.31703239691456386, 0.0014515606072971195, 0.17968599194709892, 0.07977196487403983, 0.42205808565700026]
Games played: 77
Exploitability: P1=1.933333333 P2=0.027754859 EV: (-0.0021927081061989913, 0.0021927081061989913) P1 Winnings: -71.0
Choosing model 4
[0.328909564747936, 0.0015548236735261254, 0.19738832282226226, 0.07483211541914683, 0.3973151733371288]
Games played: 78
Exploitability: P1=2.600000000 P2=0.027754859 EV: (-0.0030188992384139433, 0.0030188992384139433) P1 Winnings: -70.0
Choosing model 0
[0.3533836952228442, 0.0019443691738129034, 0.2452337456572926, 0.06637728210015921, 0.33306090784589104]
Games played: 79
Exploitability: P1=1.900000000 P2=0.027754859 EV: (-0.08890370547036504, 0.08890370547036504) P1 Winnings: -67.0
Choosing model 0
[0.3475899355155122, 0.0014802735718796628, 0.23605301966933892, 0.0609730943660201, 0.3539036768772491]
Games played: 80
Exploitability: P1=1.900000000 P2=0.027754859 EV: (-0.08890370547036504, 0.08890370547036504) P1 Winnings: -67.0
Choosing model 0
[0.3481973762690661, 0.0013194030543131046, 0.23543891599654296, 0.059973557815695966, 0.35507074686438184]
Games played: 81
Exploitability: P1=1.900000000 P2=0.027754859 EV: (-0.08890370547036504, 0.08890370547036504) P1 Winnings: -72.0
Choosing model 4
[0.3598873970889605, 0.00188483462151937, 0.2521457347551092, 0.06891595427380458, 0.31716607926060636]
Games played: 82
Exploitability: P1=2.600000000 P2=0.027754859 EV: (-0.0030188992384139433, 0.0030188992384139433) P1 Winnings: -72.0
Choosing model 4
[0.34518419085620017, 0.0010839364424505857, 0.23032824927154819, 0.05688991905259457, 0.36651370437720643]
Games played: 83
Exploitability: P1=2.600000000 P2=0.027754859 EV: (-0.0030188992384139433, 0.0030188992384139433) P1 Winnings: -72.0
Choosing model 2
[0.3396104664244013, 0.0008589587215536618, 0.22260501769717833, 0.05288787588805096, 0.3840376812688156]
Games played: 84
Exploitability: P1=4.600000000 P2=0.027754859 EV: (-0.4790038850917372, 0.4790038850917372) P1 Winnings: -72.0
Choosing model 3
[0.35875579240846367, 0.0010715974974715035, 0.26048634100863477, 0.05020931807796376, 0.3294769510074663]
Games played: 85
Exploitability: P1=1.933333333 P2=0.027754859 EV: (-0.0021927081061989913, 0.0021927081061989913) P1 Winnings: -67.0
Choosing model 2
[0.35784732932599383, 0.0009488331129024212, 0.2580283083730641, 0.04887159863088708, 0.3343039305571525]
Games played: 86
Exploitability: P1=4.600000000 P2=0.027754859 EV: (-0.4790038850917372, 0.4790038850917372) P1 Winnings: -70.0
Choosing model 3
[0.36900168456373744, 0.0013523065059626246, 0.2756958157565737, 0.05602810503840289, 0.29792208813532334]
Games played: 87
Exploitability: P1=1.933333333 P2=0.027754859 EV: (-0.0021927081061989913, 0.0021927081061989913) P1 Winnings: -65.0
Choosing model 0
[0.3752655814964466, 0.0014199028611795207, 0.29687589510132883, 0.05152063336186153, 0.27491798717918353]
Games played: 88
Exploitability: P1=1.900000000 P2=0.027754859 EV: (-0.08890370547036504, 0.08890370547036504) P1 Winnings: -64.0
Choosing model 4
[0.36277789037323177, 0.0008230139453545786, 0.2733306591349893, 0.042866161507133016, 0.32020227503929133]
Games played: 89
Exploitability: P1=2.600000000 P2=0.027754859 EV: (-0.0030188992384139433, 0.0030188992384139433) P1 Winnings: -65.0
Choosing model 2
[0.3734125854440148, 0.0011708734430059856, 0.29152024582298025, 0.04905480493186533, 0.2848414903581337]
Games played: 90
Exploitability: P1=4.600000000 P2=0.027754859 EV: (-0.4790038850917372, 0.4790038850917372) P1 Winnings: -60.0
Choosing model 3
[0.357125926401492, 0.0008816428021428869, 0.2100110819964862, 0.06324345428499764, 0.36873789451488137]
Games played: 91
Exploitability: P1=1.933333333 P2=0.027754859 EV: (-0.0021927081061989913, 0.0021927081061989913) P1 Winnings: -60.0
Choosing model 0
[0.37915295284980394, 0.001680824826822367, 0.2378460265347237, 0.08138880387376865, 0.2999313919148813]
Games played: 92
Exploitability: P1=1.900000000 P2=0.027754859 EV: (-0.08890370547036504, 0.08890370547036504) P1 Winnings: -63.0
Choosing model 4
[0.37062895061739753, 0.0011273270332991141, 0.22479993657453629, 0.07161686936119217, 0.3318269164135748]
Games played: 93
Exploitability: P1=2.600000000 P2=0.027754859 EV: (-0.0030188992384139433, 0.0030188992384139433) P1 Winnings: -60.0
Choosing model 0
[0.3824262549876464, 0.001682944439478498, 0.24136704527001057, 0.0832448428594988, 0.2912789124433658]
Games played: 94
Exploitability: P1=1.900000000 P2=0.027754859 EV: (-0.08890370547036504, 0.08890370547036504) P1 Winnings: -71.0
Choosing model 4
[0.3848643519123852, 0.00181337745275588, 0.2449474212732757, 0.08583597911183817, 0.28253887024974494]
Games played: 95
Exploitability: P1=2.600000000 P2=0.027754859 EV: (-0.0030188992384139433, 0.0030188992384139433) P1 Winnings: -80.0
Choosing model 4
[0.34792162713336566, 0.0011283607077810713, 0.15943748159575813, 0.10524482398793703, 0.3862677065751581]
Games played: 96
Exploitability: P1=2.600000000 P2=0.027754859 EV: (-0.0030188992384139433, 0.0030188992384139433) P1 Winnings: -73.0
Choosing model 2
[0.36034627624751253, 0.0016152553519571055, 0.1711044368164168, 0.12118759747643616, 0.3457464341076776]
Games played: 97
Exploitability: P1=4.600000000 P2=0.027754859 EV: (-0.4790038850917372, 0.4790038850917372) P1 Winnings: -68.0
Choosing model 2
[0.34838326943557796, 0.000935819146228278, 0.15842655639878933, 0.10219486658256924, 0.39005948843683513]
Games played: 98
Exploitability: P1=4.600000000 P2=0.027754859 EV: (-0.4790038850917372, 0.4790038850917372) P1 Winnings: -65.0
Choosing model 0
[0.36160463406959253, 0.0010028632923537407, 0.174116150118163, 0.09591149315475853, 0.3673648593651322]
Games played: 99
Exploitability: P1=1.900000000 P2=0.027754859 EV: (-0.08890370547036504, 0.08890370547036504) P1 Winnings: -64.0
Choosing model 0
[0.36160468267577434, 0.0010028643197069025, 0.17411619302356343, 0.09591153712238311, 0.3673647228585722]
Games played: 100
Exploitability: P1=1.900000000 P2=0.027754859 EV: (-0.08890370547036504, 0.08890370547036504) P1 Winnings: -65.0
Choosing model 0
[0.36160473128193044, 0.0010028653470610274, 0.1741162359289589, 0.09591158109001931, 0.36736458635203023]
Games played: 101
Exploitability: P1=1.900000000 P2=0.027754859 EV: (-0.08890370547036504, 0.08890370547036504) P1 Winnings: -66.0
Choosing model 2
[0.3793526194707481, 0.001671632396683523, 0.19256715974403082, 0.11761535481966906, 0.30879323356886834]
Games played: 102
Exploitability: P1=4.600000000 P2=0.027754859 EV: (-0.4790038850917372, 0.4790038850917372) P1 Winnings: -71.0
Choosing model 3
[0.3726578511657094, 0.0014549863586905893, 0.17403375017674083, 0.12161742009383852, 0.3302359922050208]
Games played: 103
Exploitability: P1=1.933333333 P2=0.027754859 EV: (-0.0021927081061989913, 0.0021927081061989913) P1 Winnings: -80.0
Choosing model 3
[0.40964763357211403, 0.0023386662319516, 0.2432479039541648, 0.10739867034307478, 0.23736712589869471]
Games played: 104
Exploitability: P1=1.933333333 P2=0.027754859 EV: (-0.0021927081061989913, 0.0021927081061989913) P1 Winnings: -75.0
Choosing model 4
[0.41710641832893264, 0.002458542833849126, 0.26225266224021143, 0.09887812015132326, 0.21930425644568352]
Games played: 105
Exploitability: P1=2.600000000 P2=0.027754859 EV: (-0.0030188992384139433, 0.0030188992384139433) P1 Winnings: -74.0
Choosing model 2
[0.41556985974644206, 0.0019729371705804227, 0.25666972686972456, 0.09308678053578778, 0.23270069567746518]
Games played: 106
Exploitability: P1=4.600000000 P2=0.027754859 EV: (-0.4790038850917372, 0.4790038850917372) P1 Winnings: -73.0
Choosing model 3
[0.41006148347928756, 0.0013090018918729953, 0.24435425161769406, 0.08214970918068006, 0.2621255538304653]
Games played: 107
Exploitability: P1=1.933333333 P2=0.027754859 EV: (-0.0021927081061989913, 0.0021927081061989913) P1 Winnings: -68.0
Choosing model 2
[0.4068301436884663, 0.0010460265954623513, 0.23814508315278332, 0.07701242803673448, 0.2769663185265536]
Games played: 108
Exploitability: P1=4.600000000 P2=0.027754859 EV: (-0.4790038850917372, 0.4790038850917372) P1 Winnings: -68.0
Choosing model 3
[0.40344429771913426, 0.0010111860588019911, 0.20419092793774407, 0.09202916389977453, 0.2993244243845452]
Games played: 109
Exploitability: P1=1.933333333 P2=0.027754859 EV: (-0.0021927081061989913, 0.0021927081061989913) P1 Winnings: -68.0
Choosing model 0
[0.40344434041991784, 0.0010111871385895118, 0.20419097425658458, 0.09202920585046805, 0.2993242923344401]
Games played: 110
Exploitability: P1=1.900000000 P2=0.027754859 EV: (-0.08890370547036504, 0.08890370547036504) P1 Winnings: -71.0
Choosing model 0
[0.403444379905617, 0.0010111881375143668, 0.2041910171104973, 0.09202924467502958, 0.2993241701713417]
Games played: 111
Exploitability: P1=1.900000000 P2=0.027754859 EV: (-0.08890370547036504, 0.08890370547036504) P1 Winnings: -72.0
Choosing model 3
[0.36175977122043024, 0.0005200984995483362, 0.13484076505732312, 0.10046387091576216, 0.402415494306936]
Games played: 112
Exploitability: P1=1.933333333 P2=0.027754859 EV: (-0.0021927081061989913, 0.0021927081061989913) P1 Winnings: -72.0
Choosing model 4
[0.3764186882381801, 0.0005587398146198616, 0.14856157367216596, 0.09452042995338925, 0.3799405683216449]
Games played: 113
Exploitability: P1=2.600000000 P2=0.027754859 EV: (-0.0030188992384139433, 0.0030188992384139433) P1 Winnings: -71.0
Choosing model 4
[0.3407169082917469, 0.00039243564468216427, 0.10573692673465383, 0.1059499839446515, 0.44720374538426566]
Games played: 114
Exploitability: P1=2.600000000 P2=0.027754859 EV: (-0.0030188992384139433, 0.0030188992384139433) P1 Winnings: -64.0
Choosing model 4
[0.35822985993018164, 0.0005969638591722311, 0.11568264511080104, 0.12548812644767454, 0.4000024046521705]
Games played: 115
Exploitability: P1=2.600000000 P2=0.027754859 EV: (-0.0030188992384139433, 0.0030188992384139433) P1 Winnings: -65.0
Choosing model 4
[0.3740295732711781, 0.0006435248317743111, 0.12789299135938778, 0.11847089462684594, 0.378963015910814]
Games played: 116
Exploitability: P1=2.600000000 P2=0.027754859 EV: (-0.0030188992384139433, 0.0030188992384139433) P1 Winnings: -64.0
Choosing model 0
[0.37409438843306964, 0.0005613550562918848, 0.127102535955065, 0.11563165400620844, 0.382610066549365]
Games played: 117
Exploitability: P1=1.900000000 P2=0.027754859 EV: (-0.08890370547036504, 0.08890370547036504) P1 Winnings: -64.0
Choosing model 0
[0.3740944413304852, 0.000561355635275275, 0.12710256816303778, 0.11563170782140629, 0.3826099270497955]
Games played: 118
Exploitability: P1=1.900000000 P2=0.027754859 EV: (-0.08890370547036504, 0.08890370547036504) P1 Winnings: -65.0
Choosing model 2
[0.36779775818480254, 0.00044073308975631914, 0.1226470352099366, 0.10713407408008992, 0.4019803994354145]
Games played: 119
Exploitability: P1=4.600000000 P2=0.027754859 EV: (-0.4790038850917372, 0.4790038850917372) P1 Winnings: -65.0
Choosing model 4
[0.39679381699102334, 0.0005615300702139993, 0.14656997812041736, 0.10387087290590259, 0.3522038019124427]
Games played: 120
Exploitability: P1=2.600000000 P2=0.027754859 EV: (-0.0030188992384139433, 0.0030188992384139433) P1 Winnings: -60.0
Choosing model 4
[0.3897203932560206, 0.0004268782446044665, 0.14087759126181165, 0.09527526162330825, 0.37369987561425494]
Games played: 121
Exploitability: P1=2.600000000 P2=0.027754859 EV: (-0.0030188992384139433, 0.0030188992384139433) P1 Winnings: -67.0
Choosing model 0
[0.40403713526914503, 0.00045692538350893474, 0.15464804888037836, 0.08931269108117389, 0.35154519938579387]
Games played: 122
Exploitability: P1=1.900000000 P2=0.027754859 EV: (-0.08890370547036504, 0.08890370547036504) P1 Winnings: -66.0
Choosing model 0
[0.40778051267405285, 0.0004937520159331031, 0.1573926830252159, 0.09235712233603721, 0.3419759299487609]
Games played: 123
Exploitability: P1=1.900000000 P2=0.027754859 EV: (-0.08890370547036504, 0.08890370547036504) P1 Winnings: -61.0
Choosing model 4
[0.4138056452416419, 0.0005188414681371652, 0.16144957423995976, 0.09637689552480151, 0.32784904352545974]
Games played: 124
Exploitability: P1=2.600000000 P2=0.027754859 EV: (-0.0030188992384139433, 0.0030188992384139433) P1 Winnings: -61.0
Choosing model 2
[0.4171797856147004, 0.0005600412004493342, 0.16413404323718567, 0.09955241841726015, 0.3185737115304045]
Games played: 125
Exploitability: P1=4.600000000 P2=0.027754859 EV: (-0.4790038850917372, 0.4790038850917372) P1 Winnings: -62.0
Choosing model 0
[0.41226766501917217, 0.0004484101797720998, 0.15940598060910208, 0.09309375240680705, 0.3347841917851467]
Games played: 126
Exploitability: P1=1.900000000 P2=0.027754859 EV: (-0.08890370547036504, 0.08890370547036504) P1 Winnings: -61.0
Choosing model 4
[0.3907627372821404, 0.0007035283342945529, 0.12037348898855531, 0.15206881764962527, 0.33609142774538436]
Games played: 127
Exploitability: P1=2.600000000 P2=0.027754859 EV: (-0.0030188992384139433, 0.0030188992384139433) P1 Winnings: -48.0
Choosing model 3
[0.4060890247186287, 0.0013128842169303013, 0.13344416326358569, 0.1915597664533989, 0.2675941613474564]
Games played: 128
Exploitability: P1=1.933333333 P2=0.027754859 EV: (-0.0021927081061989913, 0.0021927081061989913) P1 Winnings: -51.0
Choosing model 4
[0.4039853439231285, 0.001002109763088188, 0.12992044786000606, 0.17791297419614088, 0.2871791242576362]
Games played: 129
Exploitability: P1=2.600000000 P2=0.027754859 EV: (-0.0030188992384139433, 0.0030188992384139433) P1 Winnings: -51.0
Choosing model 0
[0.4097297072980825, 0.0014047587902130463, 0.13653424252659782, 0.20061263414391411, 0.25171865724119263]
Games played: 130
Exploitability: P1=1.900000000 P2=0.027754859 EV: (-0.08890370547036504, 0.08890370547036504) P1 Winnings: -46.0
Choosing model 3
[0.4086831702306869, 0.0011352474291262814, 0.13383842332662785, 0.18934780939023116, 0.26699534962332777]
Games played: 131
Exploitability: P1=1.933333333 P2=0.027754859 EV: (-0.0021927081061989913, 0.0021927081061989913) P1 Winnings: -45.0
Choosing model 0
[0.3503735937768366, 0.0006699108284497072, 0.08261686610750162, 0.22017146522592848, 0.34616816406128353]
Games played: 132
Exploitability: P1=1.900000000 P2=0.027754859 EV: (-0.08890370547036504, 0.08890370547036504) P1 Winnings: -48.0
Choosing model 0
[0.35747860512125834, 0.0009746695693024043, 0.08759632637597237, 0.2520132009441047, 0.30193719798936225]
Games played: 133
Exploitability: P1=1.900000000 P2=0.027754859 EV: (-0.08890370547036504, 0.08890370547036504) P1 Winnings: -48.0
Choosing model 3
[0.35888253440021944, 0.0010476545962344627, 0.08867946686341621, 0.2592254283934812, 0.29216491574664855]
Games played: 134
Exploitability: P1=1.933333333 P2=0.027754859 EV: (-0.0021927081061989913, 0.0021927081061989913) P1 Winnings: -57.0
Choosing model 3
[0.3585859618160959, 0.0009450943575997454, 0.0878980980833001, 0.25242657431336474, 0.3001442714296395]
Games played: 135
Exploitability: P1=1.933333333 P2=0.027754859 EV: (-0.0021927081061989913, 0.0021927081061989913) P1 Winnings: -54.0
Choosing model 3
[0.35996698328949883, 0.0010157878447523926, 0.08897823364538375, 0.2596309715447017, 0.29040802367566343]
Games played: 136
Exploitability: P1=1.933333333 P2=0.027754859 EV: (-0.0021927081061989913, 0.0021927081061989913) P1 Winnings: -65.0
Choosing model 4
[0.2878154887432068, 0.0007726913800805203, 0.051048959431465625, 0.33879775012633295, 0.32156511031891405]
Games played: 137
Exploitability: P1=2.600000000 P2=0.027754859 EV: (-0.0030188992384139433, 0.0030188992384139433) P1 Winnings: -76.0
Choosing model 4
[0.2358271294582166, 0.00036316392795166625, 0.030804521855594916, 0.33796176563511393, 0.39504341912312296]
Games played: 138
Exploitability: P1=2.600000000 P2=0.027754859 EV: (-0.0030188992384139433, 0.0030188992384139433) P1 Winnings: -69.0
Choosing model 4
[0.23184181973803322, 0.0002449645764206329, 0.029281132572268442, 0.2990827407350753, 0.4395493423782024]
Games played: 139
Exploitability: P1=2.600000000 P2=0.027754859 EV: (-0.0030188992384139433, 0.0030188992384139433) P1 Winnings: -69.0
Choosing model 4
[0.18159602265252156, 0.00011006136041689205, 0.016890807072225643, 0.2852025189129006, 0.5162005900019353]
Games played: 140
Exploitability: P1=2.600000000 P2=0.027754859 EV: (-0.0030188992384139433, 0.0030188992384139433) P1 Winnings: -62.0
Choosing model 4
[0.13339869978768643, 5.5650125066597274e-05, 0.008933866953589603, 0.284155628312346, 0.5734561548213114]
Games played: 141
Exploitability: P1=2.600000000 P2=0.027754859 EV: (-0.0030188992384139433, 0.0030188992384139433) P1 Winnings: -55.0
Choosing model 0
[0.13339872607426126, 5.56501855613263e-05, 0.008933869714627587, 0.2841557763726095, 0.5734559776529403]
Games played: 142
Exploitability: P1=1.900000000 P2=0.027754859 EV: (-0.08890370547036504, 0.08890370547036504) P1 Winnings: -56.0
Choosing model 4
[0.13339875236082288, 5.5650246056113416e-05, 0.00893387247566519, 0.2841559244329111, 0.5734558004845448]
Games played: 143
Exploitability: P1=2.600000000 P2=0.027754859 EV: (-0.0030188992384139433, 0.0030188992384139433) P1 Winnings: -57.0
Choosing model 4
[0.13339877864737126, 5.5650306550958606e-05, 0.008933875236702414, 0.28415607249325053, 0.5734556233161249]
Games played: 144
Exploitability: P1=2.600000000 P2=0.027754859 EV: (-0.0030188992384139433, 0.0030188992384139433) P1 Winnings: -58.0
Choosing model 4
[0.12988469221528048, 4.193884302993005e-05, 0.008512451643503591, 0.2583813662954358, 0.6031795510027502]
Games played: 145
Exploitability: P1=2.600000000 P2=0.027754859 EV: (-0.0030188992384139433, 0.0030188992384139433) P1 Winnings: -65.0
Choosing model 4
[0.12673907084860847, 3.296152538244339e-05, 0.008159523189298704, 0.23823434950426461, 0.6268340949324458]
Games played: 146
Exploitability: P1=2.600000000 P2=0.027754859 EV: (-0.0030188992384139433, 0.0030188992384139433) P1 Winnings: -64.0
Choosing model 4
[0.12889552824382863, 3.589162208263529e-05, 0.008368103271291807, 0.24824685097933724, 0.6144536258834598]
Games played: 147
Exploitability: P1=2.600000000 P2=0.027754859 EV: (-0.0030188992384139433, 0.0030188992384139433) P1 Winnings: -65.0
Choosing model 3
[0.1309959831254022, 3.905455259868301e-05, 0.00857594678553496, 0.258497241282051, 0.6018917742544132]
Games played: 148
Exploitability: P1=1.933333333 P2=0.027754859 EV: (-0.0021927081061989913, 0.0021927081061989913) P1 Winnings: -66.0
Choosing model 3
[0.12437693584441738, 2.5442865529152484e-05, 0.007872996862953839, 0.22093573323685262, 0.6467888911902471]
Games played: 149
Exploitability: P1=1.933333333 P2=0.027754859 EV: (-0.0021927081061989913, 0.0021927081061989913) P1 Winnings: -77.0
Choosing model 4
[0.13528139265124225, 2.857178323919343e-05, 0.009067188973032398, 0.2172846510448225, 0.6383381955476636]
Games played: 150
Exploitability: P1=2.600000000 P2=0.027754859 EV: (-0.0030188992384139433, 0.0030188992384139433) P1 Winnings: -76.0
Choosing model 0
[0.14694961879160234, 3.204356717782205e-05, 0.010428874520307878, 0.21341469565076854, 0.6291747674701434]
Games played: 151
Exploitability: P1=1.900000000 P2=0.027754859 EV: (-0.08890370547036504, 0.08890370547036504) P1 Winnings: -75.0
Choosing model 4
[0.14694965523805878, 3.204360364410974e-05, 0.010428878274914784, 0.21341481772841717, 0.6291746051549651]
Games played: 152
Exploitability: P1=2.600000000 P2=0.027754859 EV: (-0.0030188992384139433, 0.0030188992384139433) P1 Winnings: -76.0
Choosing model 4
[0.15939924847221246, 3.588658736864183e-05, 0.011978147949272613, 0.20931827260547273, 0.6192684443856735]
Games played: 153
Exploitability: P1=2.600000000 P2=0.027754859 EV: (-0.0030188992384139433, 0.0030188992384139433) P1 Winnings: -75.0
Choosing model 4
[0.14529380367734787, 1.96127861693273e-05, 0.010398287440951682, 0.16420986680181024, 0.6800784292937209]
Games played: 154
Exploitability: P1=2.600000000 P2=0.027754859 EV: (-0.0030188992384139433, 0.0030188992384139433) P1 Winnings: -75.0
Choosing model 4
[0.17642971285400844, 2.771989017058819e-05, 0.014600751931593383, 0.16462103252900748, 0.6443207827952201]
Games played: 155
Exploitability: P1=2.600000000 P2=0.027754859 EV: (-0.0030188992384139433, 0.0030188992384139433) P1 Winnings: -72.0
Choosing model 4
[0.17086719308220255, 2.1623040908977604e-05, 0.01389055997625797, 0.15064784351873253, 0.664572780381898]
Games played: 156
Exploitability: P1=2.600000000 P2=0.027754859 EV: (-0.0030188992384139433, 0.0030188992384139433) P1 Winnings: -71.0
Choosing model 4
[0.17086724589617017, 2.162306839393501e-05, 0.013890565950503577, 0.15064794280988938, 0.6645726222750429]
Games played: 157
Exploitability: P1=2.600000000 P2=0.027754859 EV: (-0.0030188992384139433, 0.0030188992384139433) P1 Winnings: -74.0
Choosing model 4
[0.16956025327007884, 1.9047669307253615e-05, 0.013688905308830048, 0.14588203287588225, 0.6708497608759015]
Games played: 158
Exploitability: P1=2.600000000 P2=0.027754859 EV: (-0.0030188992384139433, 0.0030188992384139433) P1 Winnings: -74.0
Choosing model 4
[0.16956030255018287, 1.9047691795633375e-05, 0.01368891082046274, 0.1458821225401603, 0.6708496163973984]
Games played: 159
Exploitability: P1=2.600000000 P2=0.027754859 EV: (-0.0030188992384139433, 0.0030188992384139433) P1 Winnings: -75.0
Choosing model 4
[0.1833683154173225, 2.1267457793515774e-05, 0.015674849625210978, 0.14264845101826396, 0.658287116481409]
Games played: 160
Exploitability: P1=2.600000000 P2=0.027754859 EV: (-0.0030188992384139433, 0.0030188992384139433) P1 Winnings: -74.0
Choosing model 4
[0.17579429053538492, 1.5781149115348606e-05, 0.014705930107316056, 0.12771609045773552, 0.6817679077504482]
Games played: 161
Exploitability: P1=2.600000000 P2=0.027754859 EV: (-0.0030188992384139433, 0.0030188992384139433) P1 Winnings: -71.0
Choosing model 4
[0.19212709693431604, 2.4953643974336933e-05, 0.016724370546979197, 0.15724002899123074, 0.6338835498834998]
Games played: 162
Exploitability: P1=2.600000000 P2=0.027754859 EV: (-0.0030188992384139433, 0.0030188992384139433) P1 Winnings: -82.0
Choosing model 4
[0.15692770719157337, 1.5815440839188443e-05, 0.010741340233547784, 0.15904749069007432, 0.6732676464439654]
Games played: 163
Exploitability: P1=2.600000000 P2=0.027754859 EV: (-0.0030188992384139433, 0.0030188992384139433) P1 Winnings: -75.0
Choosing model 3
[0.16103667609367694, 1.6320415911098293e-05, 0.011105054192778973, 0.16618326848187542, 0.6616586808157574]
Games played: 164
Exploitability: P1=1.933333333 P2=0.027754859 EV: (-0.0021927081061989913, 0.0021927081061989913) P1 Winnings: -72.0
Choosing model 4
[0.15456082413612185, 1.2124069640326606e-05, 0.010430471791303773, 0.14895668832033868, 0.6860398916825953]
Games played: 165
Exploitability: P1=2.600000000 P2=0.027754859 EV: (-0.0030188992384139433, 0.0030188992384139433) P1 Winnings: -72.0
Choosing model 3
[0.152209479488396, 1.0779702758754664e-05, 0.010189706457744767, 0.14296140137537924, 0.6946286329757212]
Games played: 166
Exploitability: P1=1.933333333 P2=0.027754859 EV: (-0.0021927081061989913, 0.0021927081061989913) P1 Winnings: -75.0
Choosing model 4
[0.1455016349907198, 7.975823441588696e-06, 0.009532273387909318, 0.12762714502102607, 0.7173309707769032]
Games played: 167
Exploitability: P1=2.600000000 P2=0.027754859 EV: (-0.0030188992384139433, 0.0030188992384139433) P1 Winnings: -72.0
Choosing model 0
[0.14308646579330586, 7.08145178137224e-06, 0.009299136381008663, 0.12231796581907611, 0.725289350554828]
Games played: 168
Exploitability: P1=1.900000000 P2=0.027754859 EV: (-0.08890370547036504, 0.08890370547036504) P1 Winnings: -75.0
Choosing model 4
[0.13755053676422585, 5.4830769630708e-06, 0.008781403306783264, 0.11110781902994708, 0.7425547578220807]
Games played: 169
Exploitability: P1=2.600000000 P2=0.027754859 EV: (-0.0030188992384139433, 0.0030188992384139433) P1 Winnings: -75.0
Choosing model 4
[0.13511633345650229, 4.862795335606096e-06, 0.00855706695217852, 0.10636694778843382, 0.7499547890075497]
Games played: 170
Exploitability: P1=2.600000000 P2=0.027754859 EV: (-0.0030188992384139433, 0.0030188992384139433) P1 Winnings: -78.0
Choosing model 4
[0.14982033164555777, 7.801181645774194e-06, 0.009873275635402726, 0.13286275223150243, 0.7074358393058913]
Games played: 171
Exploitability: P1=2.600000000 P2=0.027754859 EV: (-0.0030188992384139433, 0.0030188992384139433) P1 Winnings: -89.0
Choosing model 4
[0.13695713482190972, 7.925611527575765e-06, 0.00760755559758473, 0.16121843179992973, 0.6942089521690482]
Games played: 172
Exploitability: P1=2.600000000 P2=0.027754859 EV: (-0.0030188992384139433, 0.0030188992384139433) P1 Winnings: -80.0
Choosing model 4
[0.13695717897393203, 7.925621707077365e-06, 0.007607558970612616, 0.16121854019984722, 0.6942087962339011]
Games played: 173
Exploitability: P1=2.600000000 P2=0.027754859 EV: (-0.0030188992384139433, 0.0030188992384139433) P1 Winnings: -83.0
Choosing model 4
[0.1669191170089298, 1.1242999572250514e-05, 0.010721495661852945, 0.162217498413127, 0.660130645916518]
Games played: 174
Exploitability: P1=2.600000000 P2=0.027754859 EV: (-0.0030188992384139433, 0.0030188992384139433) P1 Winnings: -80.0
Choosing model 0
[0.16691916378925908, 1.1243012729477783e-05, 0.010721499867442462, 0.16221759643438308, 0.660130496896186]
Games played: 175
Exploitability: P1=1.900000000 P2=0.027754859 EV: (-0.08890370547036504, 0.08890370547036504) P1 Winnings: -81.0
Choosing model 4
[0.17506402479002198, 1.4158181212669589e-05, 0.011487093368382967, 0.18114338061381166, 0.6322913430465708]
Games played: 176
Exploitability: P1=2.600000000 P2=0.027754859 EV: (-0.0030188992384139433, 0.0030188992384139433) P1 Winnings: -81.0
Choosing model 3
[0.16981338500957766, 1.1061672183585904e-05, 0.01094567969678054, 0.16603059297310455, 0.6531992806483536]
Games played: 177
Exploitability: P1=1.933333333 P2=0.027754859 EV: (-0.0021927081061989913, 0.0021927081061989913) P1 Winnings: -81.0
Choosing model 4
[0.18893043279659613, 1.9554195612757186e-05, 0.0128382759814046, 0.2159245926432201, 0.5822871443831664]
Games played: 178
Exploitability: P1=2.600000000 P2=0.027754859 EV: (-0.0030188992384139433, 0.0030188992384139433) P1 Winnings: -86.0
Choosing model 0
[0.20399762097719942, 2.17989838983924e-05, 0.014677911582432455, 0.21080949428726586, 0.5704931741692039]
Games played: 179
Exploitability: P1=1.900000000 P2=0.027754859 EV: (-0.08890370547036504, 0.08890370547036504) P1 Winnings: -85.0
Choosing model 4
[0.23263449019128773, 3.4565018817151266e-05, 0.018521371309154985, 0.23201334076006688, 0.5167962327206733]
Games played: 180
Exploitability: P1=2.600000000 P2=0.027754859 EV: (-0.0030188992384139433, 0.0030188992384139433) P1 Winnings: -80.0
Choosing model 0
[0.23263453304763723, 3.456505594771663e-05, 0.018521376795593906, 0.2320134586744754, 0.5167960664263457]
Games played: 181
Exploitability: P1=1.900000000 P2=0.027754859 EV: (-0.08890370547036504, 0.08890370547036504) P1 Winnings: -81.0
Choosing model 4
[0.2269822112833141, 2.5876135205239322e-05, 0.017685790444090438, 0.21134393093824402, 0.5439621911991461]
Games played: 182
Exploitability: P1=2.600000000 P2=0.027754859 EV: (-0.0030188992384139433, 0.0030188992384139433) P1 Winnings: -80.0
Choosing model 4
[0.2269995997351348, 2.2569906382471868e-05, 0.017574782619469147, 0.20625898092056555, 0.5491440668184479]
Games played: 183
Exploitability: P1=2.600000000 P2=0.027754859 EV: (-0.0030188992384139433, 0.0030188992384139433) P1 Winnings: -80.0
Choosing model 3
[0.2269777613580583, 1.968271716307043e-05, 0.01746145372219355, 0.2012615914808781, 0.5542795107217071]
Games played: 184
Exploitability: P1=1.933333333 P2=0.027754859 EV: (-0.0021927081061989913, 0.0021927081061989913) P1 Winnings: -80.0
Choosing model 4
[0.24002715629824725, 2.8077681544968854e-05, 0.019126748940119235, 0.235538279493631, 0.5052797375864575]
Games played: 185
Exploitability: P1=2.600000000 P2=0.027754859 EV: (-0.0030188992384139433, 0.0030188992384139433) P1 Winnings: -73.0
Choosing model 4
[0.24002720228952815, 2.807771393568319e-05, 0.01912675491931135, 0.23553840706337523, 0.5052795580138495]
Games played: 186
Exploitability: P1=2.600000000 P2=0.027754859 EV: (-0.0030188992384139433, 0.0030188992384139433) P1 Winnings: -76.0
Choosing model 0
[0.25129528497106873, 4.25301698378512e-05, 0.02083716352181078, 0.2777916923623229, 0.4500333289749598]
Games played: 187
Exploitability: P1=1.900000000 P2=0.027754859 EV: (-0.08890370547036504, 0.08890370547036504) P1 Winnings: -77.0
Choosing model 3
[0.2512953189816325, 4.253021344586121e-05, 0.02083716867570139, 0.27779181996364033, 0.4500331621655799]
Games played: 188
Exploitability: P1=1.933333333 P2=0.027754859 EV: (-0.0021927081061989913, 0.0021927081061989913) P1 Winnings: -78.0
Choosing model 0
[0.25887471808743107, 6.055603395234695e-05, 0.022242120026331722, 0.31815848506712907, 0.40066412078515584]
Games played: 189
Exploitability: P1=1.900000000 P2=0.027754859 EV: (-0.08890370547036504, 0.08890370547036504) P1 Winnings: -73.0
Choosing model 0
[0.26056003839506303, 6.525804237322307e-05, 0.02257507815413682, 0.3281056600970627, 0.3886939653113642]
Games played: 190
Exploitability: P1=1.900000000 P2=0.027754859 EV: (-0.08890370547036504, 0.08890370547036504) P1 Winnings: -82.0
Choosing model 4
[0.2620768243770616, 7.027700779874347e-05, 0.022897337202984393, 0.3381322260211111, 0.3768233353910441]
Games played: 191
Exploitability: P1=2.600000000 P2=0.027754859 EV: (-0.0030188992384139433, 0.0030188992384139433) P1 Winnings: -77.0
Choosing model 3
[0.262076844947703, 7.027707586151625e-05, 0.02289734156472377, 0.3381323621164796, 0.37682317429523216]
Games played: 192
Exploitability: P1=1.933333333 P2=0.027754859 EV: (-0.0021927081061989913, 0.0021927081061989913) P1 Winnings: -78.0
Choosing model 0
[0.26256215779337044, 6.249948620731657e-05, 0.022780963332534335, 0.3305701107892187, 0.38402426859866906]
Games played: 193
Exploitability: P1=1.900000000 P2=0.027754859 EV: (-0.08890370547036504, 0.08890370547036504) P1 Winnings: -81.0
Choosing model 3
[0.2529750653435863, 3.219833796478556e-05, 0.02071580201283958, 0.2662871909356714, 0.45998974336993803]
Games played: 194
Exploitability: P1=1.933333333 P2=0.027754859 EV: (-0.0021927081061989913, 0.0021927081061989913) P1 Winnings: -82.0
Choosing model 0
[0.31207541089219076, 6.621631846020541e-05, 0.03167704334080245, 0.2906955557628054, 0.3654857736857413]
Games played: 195
Exploitability: P1=1.900000000 P2=0.027754859 EV: (-0.08890370547036504, 0.08890370547036504) P1 Winnings: -77.0
Choosing model 4
[0.2500891725852717, 6.522204124750036e-05, 0.019352936528484622, 0.3761409769288813, 0.3543516919161149]
Games played: 196
Exploitability: P1=2.600000000 P2=0.027754859 EV: (-0.0030188992384139433, 0.0030188992384139433) P1 Winnings: -82.0
Choosing model 0
[0.24959993045244663, 5.2430290494713155e-05, 0.018973786805189657, 0.35472423320991814, 0.37664961924195084]
Games played: 197
Exploitability: P1=1.900000000 P2=0.027754859 EV: (-0.08890370547036504, 0.08890370547036504) P1 Winnings: -82.0
Choosing model 4
[0.24587033107950096, 3.472689967173227e-05, 0.01803250233495021, 0.31251121541285903, 0.423551224273018]
Games played: 198
Exploitability: P1=2.600000000 P2=0.027754859 EV: (-0.0030188992384139433, 0.0030188992384139433) P1 Winnings: -82.0
Choosing model 0
[0.2351449852127381, 1.7301553293997664e-05, 0.01628814377447705, 0.24983756506698324, 0.4987120043925076]
Games played: 199
Exploitability: P1=1.900000000 P2=0.027754859 EV: (-0.08890370547036504, 0.08890370547036504) P1 Winnings: -82.0
Choosing model 2
[0.2526172399243232, 1.9190463812809185e-05, 0.01852820022485308, 0.24268887993096008, 0.48614648945605077]
Games played: 200
Exploitability: P1=4.600000000 P2=0.027754859 EV: (-0.4790038850917372, 0.4790038850917372) P1 Winnings: -81.0
