Player 1 exploitability: 0.113406873333
Choosing model 1
[0.19733496775332754, 0.21128198161918157, 0.1989935309934677, 0.20218832857184263, 0.19020119106218064]
Games played: 1
Exploitability: P1=2.800000000 P2=0.027754859 EV: (-0.3717703423090597, 0.3717703423090597) P1 Winnings: 5.0
Choosing model 2
[0.2088881467951499, 0.16886575876030185, 0.20596800512803148, 0.19911091856516708, 0.2171671707513497]
Games played: 2
Exploitability: P1=4.600000000 P2=0.027754859 EV: (-0.4790038850917372, 0.4790038850917372) P1 Winnings: 8.0
Choosing model 3
[0.21743036961409354, 0.14144713715520316, 0.21283068895053614, 0.19074762811570858, 0.23754417616445853]
Games played: 3
Exploitability: P1=1.933333333 P2=0.027754859 EV: (-0.0021927081061989913, 0.0021927081061989913) P1 Winnings: 9.0
Choosing model 3
[0.21749398875070577, 0.09098824757758162, 0.17096167720117184, 0.2005926083212374, 0.3199634781493034]
Games played: 4
Exploitability: P1=1.933333333 P2=0.027754859 EV: (-0.0021927081061989913, 0.0021927081061989913) P1 Winnings: 12.0
Choosing model 2
[0.2200889109035387, 0.07126540819488157, 0.16930052961056385, 0.18956751355695642, 0.34977763773405945]
Games played: 5
Exploitability: P1=4.600000000 P2=0.027754859 EV: (-0.4790038850917372, 0.4790038850917372) P1 Winnings: 12.0
Choosing model 4
[0.22199964165686928, 0.0769236138785012, 0.17316764472941698, 0.19855023079529197, 0.32935886893992056]
Games played: 6
Exploitability: P1=2.600000000 P2=0.027754859 EV: (-0.0030188992384139433, 0.0030188992384139433) P1 Winnings: 19.0
Choosing model 4
[0.238026225951903, 0.09599747154090577, 0.2146980288853359, 0.1757536576857147, 0.2755246159361407]
Games played: 7
Exploitability: P1=2.600000000 P2=0.027754859 EV: (-0.0030188992384139433, 0.0030188992384139433) P1 Winnings: 22.0
Choosing model 4
[0.22074654561926144, 0.051067657179346665, 0.1466375304360518, 0.19843621166731365, 0.3831120550980264]
Games played: 8
Exploitability: P1=2.600000000 P2=0.027754859 EV: (-0.0030188992384139433, 0.0030188992384139433) P1 Winnings: 29.0
Choosing model 3
[0.18406165888473505, 0.07156952833860426, 0.095064445270252, 0.3020033315104621, 0.3473010359959466]
Games played: 9
Exploitability: P1=1.933333333 P2=0.027754859 EV: (-0.0021927081061989913, 0.0021927081061989913) P1 Winnings: 40.0
Choosing model 2
[0.1859234061852737, 0.06417386166698841, 0.09536135095957501, 0.2976842333193622, 0.3568571478688007]
Games played: 10
Exploitability: P1=4.600000000 P2=0.027754859 EV: (-0.4790038850917372, 0.4790038850917372) P1 Winnings: 37.0
Choosing model 1
[0.18727024257136576, 0.05237118525235752, 0.09439672937112102, 0.28372883099186796, 0.38223301181328767]
Games played: 11
Exploitability: P1=2.800000000 P2=0.027754859 EV: (-0.3717703423090597, 0.3717703423090597) P1 Winnings: 36.0
Choosing model 4
[0.2082971410676176, 0.08048096285965531, 0.12268117788532086, 0.28084692004249423, 0.3076937981449121]
Games played: 12
Exploitability: P1=2.600000000 P2=0.027754859 EV: (-0.0030188992384139433, 0.0030188992384139433) P1 Winnings: 45.0
Choosing model 3
[0.2116321301397066, 0.06273876505626631, 0.12198594631384614, 0.266395523620566, 0.33724763486961495]
Games played: 13
Exploitability: P1=1.933333333 P2=0.027754859 EV: (-0.0021927081061989913, 0.0021927081061989913) P1 Winnings: 45.0
Choosing model 4
[0.23070500778765238, 0.05884637000454416, 0.14402048880132431, 0.235699429902256, 0.3307287035042231]
Games played: 14
Exploitability: P1=2.600000000 P2=0.027754859 EV: (-0.0030188992384139433, 0.0030188992384139433) P1 Winnings: 48.0
Choosing model 0
[0.24102713938341283, 0.0634748546187557, 0.15931900372382068, 0.22265493789453436, 0.31352406437947633]
Games played: 15
Exploitability: P1=1.900000000 P2=0.027754859 EV: (-0.08890370547036504, 0.08890370547036504) P1 Winnings: 49.0
Choosing model 4
[0.2427403714988179, 0.051049034115601646, 0.15747751524544173, 0.21131545183207176, 0.3374176273080669]
Games played: 16
Exploitability: P1=2.600000000 P2=0.027754859 EV: (-0.0030188992384139433, 0.0030188992384139433) P1 Winnings: 49.0
Choosing model 4
[0.2065940294343725, 0.05340151921555175, 0.1021788279234204, 0.2903909037608968, 0.3474347196657586]
Games played: 17
Exploitability: P1=2.600000000 P2=0.027754859 EV: (-0.0030188992384139433, 0.0030188992384139433) P1 Winnings: 54.0
Choosing model 3
[0.20659403413314317, 0.05340156795756421, 0.10217884169142584, 0.2903910044523873, 0.3474345517654795]
Games played: 18
Exploitability: P1=1.933333333 P2=0.027754859 EV: (-0.0021927081061989913, 0.0021927081061989913) P1 Winnings: 53.0
Choosing model 2
[0.20774804790498472, 0.041563848915652, 0.10055155573029721, 0.27270959562728886, 0.3774269518217771]
Games played: 19
Exploitability: P1=4.600000000 P2=0.027754859 EV: (-0.4790038850917372, 0.4790038850917372) P1 Winnings: 56.0
Choosing model 0
[0.2078195950262454, 0.03368718864620237, 0.09885263795968051, 0.25814437511201377, 0.401496203255858]
Games played: 20
Exploitability: P1=1.900000000 P2=0.027754859 EV: (-0.08890370547036504, 0.08890370547036504) P1 Winnings: 57.0
Choosing model 4
[0.2101308461726234, 0.054119933591764105, 0.10537207937192401, 0.30510545410685463, 0.32527168675683393]
Games played: 21
Exploitability: P1=2.600000000 P2=0.027754859 EV: (-0.0030188992384139433, 0.0030188992384139433) P1 Winnings: 52.0
Choosing model 0
[0.2101308473840076, 0.054119982070598954, 0.10537209178108078, 0.305105554720126, 0.3252715240441867]
Games played: 22
Exploitability: P1=1.900000000 P2=0.027754859 EV: (-0.08890370547036504, 0.08890370547036504) P1 Winnings: 51.0
Choosing model 3
[0.2117951534762343, 0.0441960359952147, 0.10437626064195447, 0.29099734383188214, 0.3486352060547143]
Games played: 23
Exploitability: P1=1.933333333 P2=0.027754859 EV: (-0.0021927081061989913, 0.0021927081061989913) P1 Winnings: 52.0
Choosing model 2
[0.2093778832341905, 0.06942042638884292, 0.10878036023918776, 0.33626975038845586, 0.27615157974932303]
Games played: 24
Exploitability: P1=4.600000000 P2=0.027754859 EV: (-0.4790038850917372, 0.4790038850917372) P1 Winnings: 47.0
Choosing model 4
[0.2420089891722897, 0.10664246700474794, 0.1701086263363705, 0.2727481475603632, 0.20849176992622867]
Games played: 25
Exploitability: P1=2.600000000 P2=0.027754859 EV: (-0.0030188992384139433, 0.0030188992384139433) P1 Winnings: 52.0
Choosing model 4
[0.2360926673814173, 0.14688358882334543, 0.17920429278191852, 0.27197076853739116, 0.16584868247592757]
Games played: 26
Exploitability: P1=2.600000000 P2=0.027754859 EV: (-0.0030188992384139433, 0.0030188992384139433) P1 Winnings: 55.0
Choosing model 3
[0.24242013638896306, 0.1557157634764231, 0.1948358981235195, 0.2525069261261452, 0.15452127588494896]
Games played: 27
Exploitability: P1=1.933333333 P2=0.027754859 EV: (-0.0021927081061989913, 0.0021927081061989913) P1 Winnings: 56.0
Choosing model 3
[0.25348331203371727, 0.12602474704700298, 0.19936930883500906, 0.2465767146512574, 0.17454591743301331]
Games played: 28
Exploitability: P1=1.933333333 P2=0.027754859 EV: (-0.0021927081061989913, 0.0021927081061989913) P1 Winnings: 56.0
Choosing model 4
[0.25825791690809224, 0.11397756864185428, 0.20171867893571582, 0.2451487574764334, 0.18089707803790428]
Games played: 29
Exploitability: P1=2.600000000 P2=0.027754859 EV: (-0.0030188992384139433, 0.0030188992384139433) P1 Winnings: 53.0
Choosing model 2
[0.26354449179750283, 0.10144175767251076, 0.2045401799257946, 0.2441292485550531, 0.18634432204913864]
Games played: 30
Exploitability: P1=4.600000000 P2=0.027754859 EV: (-0.4790038850917372, 0.4790038850917372) P1 Winnings: 53.0
Choosing model 3
[0.272335305289172, 0.08084507268845635, 0.2079384274412435, 0.23215880082068563, 0.20672239376044252]
Games played: 31
Exploitability: P1=1.933333333 P2=0.027754859 EV: (-0.0021927081061989913, 0.0021927081061989913) P1 Winnings: 56.0
Choosing model 4
[0.26864309339597847, 0.051284883555069216, 0.16471909719461678, 0.2407607071285827, 0.27459221872575285]
Games played: 32
Exploitability: P1=2.600000000 P2=0.027754859 EV: (-0.0030188992384139433, 0.0030188992384139433) P1 Winnings: 59.0
Choosing model 4
[0.2711918466253713, 0.03552163049730335, 0.16077565534560703, 0.21878237274625342, 0.3137284947854649]
Games played: 33
Exploitability: P1=2.600000000 P2=0.027754859 EV: (-0.0030188992384139433, 0.0030188992384139433) P1 Winnings: 59.0
Choosing model 4
[0.2823155021812188, 0.03817896072478335, 0.17722001257926484, 0.20593743547462504, 0.29634808904010784]
Games played: 34
Exploitability: P1=2.600000000 P2=0.027754859 EV: (-0.0030188992384139433, 0.0030188992384139433) P1 Winnings: 60.0
Choosing model 0
[0.28272838634650715, 0.040937115970094654, 0.17897087840264816, 0.21131096091498344, 0.2860526583657666]
Games played: 35
Exploitability: P1=1.900000000 P2=0.027754859 EV: (-0.08890370547036504, 0.08890370547036504) P1 Winnings: 59.0
Choosing model 0
[0.29712587494613807, 0.05080773607947471, 0.20834619772579357, 0.19957375398496813, 0.24414643726362548]
Games played: 36
Exploitability: P1=1.900000000 P2=0.027754859 EV: (-0.08890370547036504, 0.08890370547036504) P1 Winnings: 64.0
Choosing model 4
[0.30562879437371904, 0.053958112637753144, 0.2269205096738689, 0.18561885755486, 0.22787372575979895]
Games played: 37
Exploitability: P1=2.600000000 P2=0.027754859 EV: (-0.0030188992384139433, 0.0030188992384139433) P1 Winnings: 65.0
Choosing model 2
[0.30727490372041766, 0.04897852034374887, 0.2263195222099627, 0.1818743401689096, 0.23555271355696122]
Games played: 38
Exploitability: P1=4.600000000 P2=0.027754859 EV: (-0.4790038850917372, 0.4790038850917372) P1 Winnings: 62.0
Choosing model 4
[0.30840779981839167, 0.05090492205571864, 0.2296162929522224, 0.18771643123395415, 0.22335455393971318]
Games played: 39
Exploitability: P1=2.600000000 P2=0.027754859 EV: (-0.0030188992384139433, 0.0030188992384139433) P1 Winnings: 67.0
Choosing model 1
[0.3096562577788619, 0.05139714985777432, 0.23227060430639865, 0.19190756873064468, 0.21476841932632035]
Games played: 40
Exploitability: P1=2.800000000 P2=0.027754859 EV: (-0.3717703423090597, 0.3717703423090597) P1 Winnings: 70.0
Choosing model 3
[0.30376235844487215, 0.06907956781174411, 0.2361051684378971, 0.20923092649753897, 0.18182197880794748]
Games played: 41
Exploitability: P1=1.933333333 P2=0.027754859 EV: (-0.0021927081061989913, 0.0021927081061989913) P1 Winnings: 75.0
Choosing model 0
[0.3063883028714565, 0.06481705543110747, 0.23815149118406068, 0.21001356790328835, 0.18062958261008694]
Games played: 42
Exploitability: P1=1.900000000 P2=0.027754859 EV: (-0.08890370547036504, 0.08890370547036504) P1 Winnings: 72.0
Choosing model 4
[0.31287405768567456, 0.0683376095572288, 0.25750463783431754, 0.1939141946972581, 0.16736950022552108]
Games played: 43
Exploitability: P1=2.600000000 P2=0.027754859 EV: (-0.0030188992384139433, 0.0030188992384139433) P1 Winnings: 73.0
Choosing model 2
[0.3024743273890077, 0.09131315942165448, 0.25795042811382674, 0.2084238351161307, 0.13983824995938032]
Games played: 44
Exploitability: P1=4.600000000 P2=0.027754859 EV: (-0.4790038850917372, 0.4790038850917372) P1 Winnings: 78.0
Choosing model 3
[0.31493883129536726, 0.05704642218737516, 0.2322930372292224, 0.21180137972098026, 0.1839203295670549]
Games played: 45
Exploitability: P1=1.933333333 P2=0.027754859 EV: (-0.0021927081061989913, 0.0021927081061989913) P1 Winnings: 78.0
Choosing model 0
[0.31970708163705996, 0.04664367528132603, 0.23164333606635795, 0.2031633987540621, 0.19884250826119404]
Games played: 46
Exploitability: P1=1.900000000 P2=0.027754859 EV: (-0.08890370547036504, 0.08890370547036504) P1 Winnings: 78.0
Choosing model 2
[0.3250334998077599, 0.032536527551911096, 0.22770421267930713, 0.18592898855707765, 0.2287967714039443]
Games played: 47
Exploitability: P1=4.600000000 P2=0.027754859 EV: (-0.4790038850917372, 0.4790038850917372) P1 Winnings: 81.0
Choosing model 4
[0.31648303249371584, 0.030882425151209765, 0.19169806916547408, 0.21815421920629496, 0.24278225398330533]
Games played: 48
Exploitability: P1=2.600000000 P2=0.027754859 EV: (-0.0030188992384139433, 0.0030188992384139433) P1 Winnings: 81.0
Choosing model 3
[0.2683025980519711, 0.04400465794371444, 0.1263559653503433, 0.33756658834837083, 0.22377019030560028]
Games played: 49
Exploitability: P1=1.933333333 P2=0.027754859 EV: (-0.0021927081061989913, 0.0021927081061989913) P1 Winnings: 92.0
Choosing model 0
[0.2729415300617665, 0.03464862194190654, 0.1257908748234636, 0.32070245401318503, 0.24591651915967835]
Games played: 50
Exploitability: P1=1.900000000 P2=0.027754859 EV: (-0.08890370547036504, 0.08890370547036504) P1 Winnings: 95.0
Choosing model 4
[0.2857942500204016, 0.037457858380659986, 0.13946568977501123, 0.30363443452843075, 0.2336477672954964]
Games played: 51
Exploitability: P1=2.600000000 P2=0.027754859 EV: (-0.0030188992384139433, 0.0030188992384139433) P1 Winnings: 96.0
Choosing model 4
[0.2797576852869012, 0.05067877444034003, 0.1414582075724002, 0.3304443863481494, 0.19766094635220918]
Games played: 52
Exploitability: P1=2.600000000 P2=0.027754859 EV: (-0.0030188992384139433, 0.0030188992384139433) P1 Winnings: 101.0
Choosing model 2
[0.2649187191083626, 0.07737217089160263, 0.1407011988156057, 0.3630498201281506, 0.15395809105627853]
Games played: 53
Exploitability: P1=4.600000000 P2=0.027754859 EV: (-0.4790038850917372, 0.4790038850917372) P1 Winnings: 90.0
Choosing model 4
[0.27496666218623683, 0.09484047469759269, 0.16176976080378308, 0.3386444509414668, 0.12977865137092062]
Games played: 54
Exploitability: P1=2.600000000 P2=0.027754859 EV: (-0.0030188992384139433, 0.0030188992384139433) P1 Winnings: 95.0
Choosing model 3
[0.25055407341189945, 0.13932953988452165, 0.15483095610679715, 0.3580161487656687, 0.09726928183111315]
Games played: 55
Exploitability: P1=1.933333333 P2=0.027754859 EV: (-0.0021927081061989913, 0.0021927081061989913) P1 Winnings: 84.0
Choosing model 3
[0.2499633684800151, 0.2032484545670049, 0.19640301455699155, 0.28693297452059763, 0.06345218787539089]
Games played: 56
Exploitability: P1=1.933333333 P2=0.027754859 EV: (-0.0021927081061989913, 0.0021927081061989913) P1 Winnings: 89.0
Choosing model 2
[0.25770209629445, 0.18600649882888573, 0.20108203583427983, 0.28866584905613774, 0.06654351998624666]
Games played: 57
Exploitability: P1=4.600000000 P2=0.027754859 EV: (-0.4790038850917372, 0.4790038850917372) P1 Winnings: 86.0
Choosing model 2
[0.283496768750359, 0.12277660787447149, 0.19132233957190728, 0.30993404131918884, 0.09247024248407347]
Games played: 58
Exploitability: P1=4.600000000 P2=0.027754859 EV: (-0.4790038850917372, 0.4790038850917372) P1 Winnings: 86.0
Choosing model 0
[0.2780973715066943, 0.16639896693337958, 0.21929105021548204, 0.2705638129462518, 0.06564879839819245]
Games played: 59
Exploitability: P1=1.900000000 P2=0.027754859 EV: (-0.08890370547036504, 0.08890370547036504) P1 Winnings: 95.0
Choosing model 2
[0.27321104046678324, 0.17502917255410919, 0.21724870033322932, 0.2723473214468057, 0.062163765199072414]
Games played: 60
Exploitability: P1=4.600000000 P2=0.027754859 EV: (-0.4790038850917372, 0.4790038850917372) P1 Winnings: 94.0
Choosing model 2
[0.269570423361004, 0.11886950081424828, 0.1543387566531574, 0.3644640905795795, 0.09275722859201084]
Games played: 61
Exploitability: P1=4.600000000 P2=0.027754859 EV: (-0.4790038850917372, 0.4790038850917372) P1 Winnings: 91.0
Choosing model 4
[0.2614501049630101, 0.16030186134774999, 0.16563474660734812, 0.3411497956913218, 0.07146349139057001]
Games played: 62
Exploitability: P1=2.600000000 P2=0.027754859 EV: (-0.0030188992384139433, 0.0030188992384139433) P1 Winnings: 96.0
Choosing model 1
[0.2769726019881753, 0.13665726183209245, 0.17419172465539054, 0.3326218458064812, 0.07955656571786036]
Games played: 63
Exploitability: P1=2.800000000 P2=0.027754859 EV: (-0.3717703423090597, 0.3717703423090597) P1 Winnings: 97.0
Choosing model 4
[0.2769725395468968, 0.13665736248830826, 0.17419170646248028, 0.33262188723736363, 0.07955650426495105]
Games played: 64
Exploitability: P1=2.600000000 P2=0.027754859 EV: (-0.0030188992384139433, 0.0030188992384139433) P1 Winnings: 90.0
Choosing model 3
[0.289045028224918, 0.11554771147940018, 0.17865127118410076, 0.32846760486187343, 0.0882883842497075]
Games played: 65
Exploitability: P1=1.933333333 P2=0.027754859 EV: (-0.0021927081061989913, 0.0021927081061989913) P1 Winnings: 89.0
Choosing model 3
[0.28361210104004947, 0.06503357615981421, 0.12909616453255188, 0.39237311925658847, 0.12988503901099596]
Games played: 66
Exploitability: P1=1.933333333 P2=0.027754859 EV: (-0.0021927081061989913, 0.0021927081061989913) P1 Winnings: 96.0
Choosing model 3
[0.2707560087548688, 0.0886000155820757, 0.13004971108445168, 0.40756216696394004, 0.10303209761466373]
Games played: 67
Exploitability: P1=1.933333333 P2=0.027754859 EV: (-0.0021927081061989913, 0.0021927081061989913) P1 Winnings: 103.0
Choosing model 3
[0.2824714355761962, 0.07154393201666273, 0.13277443714192216, 0.39708947972549, 0.11612071553972897]
Games played: 68
Exploitability: P1=1.933333333 P2=0.027754859 EV: (-0.0021927081061989913, 0.0021927081061989913) P1 Winnings: 106.0
Choosing model 3
[0.25835991858076135, 0.10397108550034719, 0.12802625529595554, 0.42454425941858487, 0.0850984812043509]
Games played: 69
Exploitability: P1=1.933333333 P2=0.027754859 EV: (-0.0021927081061989913, 0.0021927081061989913) P1 Winnings: 101.0
Choosing model 0
[0.26846591057273445, 0.1115448948859526, 0.1408631603435366, 0.3988888120415946, 0.08023722215618172]
Games played: 70
Exploitability: P1=1.900000000 P2=0.027754859 EV: (-0.08890370547036504, 0.08890370547036504) P1 Winnings: 102.0
Choosing model 0
[0.2515835557639877, 0.1018968342084378, 0.1141339630211753, 0.4504422944057789, 0.08194335260062022]
Games played: 71
Exploitability: P1=1.900000000 P2=0.027754859 EV: (-0.08890370547036504, 0.08890370547036504) P1 Winnings: 111.0
Choosing model 3
[0.2594423927372802, 0.12409689715418039, 0.13037842720765477, 0.41745358445106523, 0.06862869844981954]
Games played: 72
Exploitability: P1=1.933333333 P2=0.027754859 EV: (-0.0021927081061989913, 0.0021927081061989913) P1 Winnings: 116.0
Choosing model 1
[0.20453688839613265, 0.12025015468716388, 0.0783616074571375, 0.5313929832671834, 0.06545836619238246]
Games played: 73
Exploitability: P1=2.800000000 P2=0.027754859 EV: (-0.3717703423090597, 0.3717703423090597) P1 Winnings: 125.0
Choosing model 3
[0.22092126468203718, 0.06851121043360345, 0.07142116306920705, 0.5435066441691611, 0.09563971764599125]
Games played: 74
Exploitability: P1=1.933333333 P2=0.027754859 EV: (-0.0021927081061989913, 0.0021927081061989913) P1 Winnings: 130.0
Choosing model 3
[0.23365512205996736, 0.07481221919051476, 0.07998325606088495, 0.5197655808143427, 0.09178382187429034]
Games played: 75
Exploitability: P1=1.933333333 P2=0.027754859 EV: (-0.0021927081061989913, 0.0021927081061989913) P1 Winnings: 131.0
Choosing model 2
[0.2462530870973453, 0.08140517745786725, 0.08925649619069428, 0.4953119077042504, 0.08777333154984268]
Games played: 76
Exploitability: P1=4.600000000 P2=0.027754859 EV: (-0.4790038850917372, 0.4790038850917372) P1 Winnings: 132.0
Choosing model 3
[0.21027807028265208, 0.04784606029084222, 0.05487763955837258, 0.5736502724866959, 0.1133479573814372]
Games played: 77
Exploitability: P1=1.933333333 P2=0.027754859 EV: (-0.0021927081061989913, 0.0021927081061989913) P1 Winnings: 121.0
Choosing model 4
[0.2393776244068522, 0.046864506378860145, 0.0676587633091894, 0.5300208630066985, 0.11607824289839974]
Games played: 78
Exploitability: P1=2.600000000 P2=0.027754859 EV: (-0.0030188992384139433, 0.0030188992384139433) P1 Winnings: 124.0
Choosing model 3
[0.257968541865972, 0.030281245331229997, 0.06944142464595332, 0.4915949452966074, 0.15071384286023723]
Games played: 79
Exploitability: P1=1.933333333 P2=0.027754859 EV: (-0.0021927081061989913, 0.0021927081061989913) P1 Winnings: 125.0
Choosing model 3
[0.26900207326169034, 0.021665323592715797, 0.07001367706078997, 0.4614472437165284, 0.17787168236827558]
Games played: 80
Exploitability: P1=1.933333333 P2=0.027754859 EV: (-0.0021927081061989913, 0.0021927081061989913) P1 Winnings: 125.0
Choosing model 3
[0.2690020481033796, 0.021665342408555114, 0.07001367898445914, 0.46144736206668896, 0.17787156843691726]
Games played: 81
Exploitability: P1=1.933333333 P2=0.027754859 EV: (-0.0021927081061989913, 0.0021927081061989913) P1 Winnings: 122.0
Choosing model 2
[0.2759087526822846, 0.016778179441490345, 0.0702172548569929, 0.44031279401114687, 0.19678301900808529]
Games played: 82
Exploitability: P1=4.600000000 P2=0.027754859 EV: (-0.4790038850917372, 0.4790038850917372) P1 Winnings: 125.0
Choosing model 0
[0.3014092641944602, 0.025323409520354483, 0.08962752818537129, 0.42805944523710737, 0.1555803528627066]
Games played: 83
Exploitability: P1=1.900000000 P2=0.027754859 EV: (-0.08890370547036504, 0.08890370547036504) P1 Winnings: 134.0
Choosing model 2
[0.29918135555556846, 0.026912779917739143, 0.08971277004140771, 0.4353454899380779, 0.14884760454720689]
Games played: 84
Exploitability: P1=4.600000000 P2=0.027754859 EV: (-0.4790038850917372, 0.4790038850917372) P1 Winnings: 133.0
Choosing model 3
[0.3054770550281972, 0.02226394384789452, 0.09002191813503589, 0.4206208760384309, 0.16161620695044152]
Games played: 85
Exploitability: P1=1.933333333 P2=0.027754859 EV: (-0.0021927081061989913, 0.0021927081061989913) P1 Winnings: 134.0
Choosing model 1
[0.3119177568991772, 0.01785109281526694, 0.09007557139135798, 0.40278358027007155, 0.1773719986241264]
Games played: 86
Exploitability: P1=2.800000000 P2=0.027754859 EV: (-0.3717703423090597, 0.3717703423090597) P1 Winnings: 131.0
Choosing model 0
[0.3219741005446202, 0.011048210903313468, 0.08855216566201268, 0.35783587628543057, 0.22058964660462296]
Games played: 87
Exploitability: P1=1.900000000 P2=0.027754859 EV: (-0.08890370547036504, 0.08890370547036504) P1 Winnings: 132.0
Choosing model 3
[0.3269198812467969, 0.005998239099305583, 0.08486012428722296, 0.30377035119580253, 0.27845140417087205]
Games played: 88
Exploitability: P1=1.933333333 P2=0.027754859 EV: (-0.0021927081061989913, 0.0021927081061989913) P1 Winnings: 131.0
Choosing model 0
[0.32739213448522786, 0.004608877769724906, 0.0831695096255116, 0.28400844599209296, 0.3008210321274426]
Games played: 89
Exploitability: P1=1.900000000 P2=0.027754859 EV: (-0.08890370547036504, 0.08890370547036504) P1 Winnings: 131.0
Choosing model 3
[0.30430454322310707, 0.0022596725316568244, 0.06523220244239919, 0.24997387158322387, 0.37822971021961305]
Games played: 90
Exploitability: P1=1.933333333 P2=0.027754859 EV: (-0.0021927081061989913, 0.0021927081061989913) P1 Winnings: 136.0
Choosing model 4
[0.24983329906823337, 0.0022802434908101316, 0.04082919338801366, 0.33137012581366654, 0.37568713823927635]
Games played: 91
Exploitability: P1=2.600000000 P2=0.027754859 EV: (-0.0030188992384139433, 0.0030188992384139433) P1 Winnings: 127.0
Choosing model 0
[0.26693407218308796, 0.0025154056121723177, 0.046191159670246715, 0.3201340845914562, 0.36422527794303694]
Games played: 92
Exploitability: P1=1.900000000 P2=0.027754859 EV: (-0.08890370547036504, 0.08890370547036504) P1 Winnings: 128.0
Choosing model 4
[0.24444006883203218, 0.002245403008793735, 0.036572244728245634, 0.35326003229019165, 0.3634822511407367]
Games played: 93
Exploitability: P1=2.600000000 P2=0.027754859 EV: (-0.0030188992384139433, 0.0030188992384139433) P1 Winnings: 137.0
Choosing model 4
[0.24444008432254175, 0.0022454051495009162, 0.03657225114197997, 0.353260169133264, 0.36348209025271333]
Games played: 94
Exploitability: P1=2.600000000 P2=0.027754859 EV: (-0.0030188992384139433, 0.0030188992384139433) P1 Winnings: 136.0
Choosing model 3
[0.2436881245109362, 0.001802996824676578, 0.03581551562260775, 0.33277236503397095, 0.38592099800780855]
Games played: 95
Exploitability: P1=1.933333333 P2=0.027754859 EV: (-0.0021927081061989913, 0.0021927081061989913) P1 Winnings: 137.0
Choosing model 3
[0.27037750013790124, 0.001721232107049862, 0.04303744228645194, 0.2996674877086653, 0.38519633775993173]
Games played: 96
Exploitability: P1=1.933333333 P2=0.027754859 EV: (-0.0021927081061989913, 0.0021927081061989913) P1 Winnings: 140.0
Choosing model 2
[0.27662815408270147, 0.0027980433600666814, 0.04642011965666951, 0.3583846887328558, 0.31576899416770654]
Games played: 97
Exploitability: P1=4.600000000 P2=0.027754859 EV: (-0.4790038850917372, 0.4790038850917372) P1 Winnings: 140.0
Choosing model 0
[0.27664544519914436, 0.003867553430364283, 0.04810227892744343, 0.39846980090944234, 0.2729149215336055]
Games played: 98
Exploitability: P1=1.900000000 P2=0.027754859 EV: (-0.08890370547036504, 0.08890370547036504) P1 Winnings: 145.0
Choosing model 4
[0.27843133404329706, 0.002617296886664239, 0.04670899800524055, 0.3586766296056357, 0.3135657414591625]
Games played: 99
Exploitability: P1=2.600000000 P2=0.027754859 EV: (-0.0030188992384139433, 0.0030188992384139433) P1 Winnings: 145.0
Choosing model 4
[0.2963829727559136, 0.002876479226916359, 0.05264656849170511, 0.3452256817148005, 0.3028682978106645]
Games played: 100
Exploitability: P1=2.600000000 P2=0.027754859 EV: (-0.0030188992384139433, 0.0030188992384139433) P1 Winnings: 146.0
Choosing model 3
[0.298304943126569, 0.0026932080452536852, 0.05298913809860064, 0.34577496513138073, 0.300237745598196]
Games played: 101
Exploitability: P1=1.933333333 P2=0.027754859 EV: (-0.0021927081061989913, 0.0021927081061989913) P1 Winnings: 143.0
Choosing model 3
[0.31658004158281056, 0.002950978850121682, 0.059544864856217045, 0.33180391210239085, 0.28912020260846]
Games played: 102
Exploitability: P1=1.933333333 P2=0.027754859 EV: (-0.0021927081061989913, 0.0021927081061989913) P1 Winnings: 144.0
Choosing model 0
[0.31691466082930764, 0.002667110340122967, 0.059131453843333244, 0.32371051999488726, 0.29757625499234885]
Games played: 103
Exploitability: P1=1.900000000 P2=0.027754859 EV: (-0.08890370547036504, 0.08890370547036504) P1 Winnings: 147.0
Choosing model 3
[0.3170019689855988, 0.0038043663747766225, 0.061466243957291576, 0.3632620366947911, 0.254465383987542]
Games played: 104
Exploitability: P1=1.933333333 P2=0.027754859 EV: (-0.0021927081061989913, 0.0021927081061989913) P1 Winnings: 147.0
Choosing model 4
[0.29111905615118233, 0.003405719676404597, 0.04880560673276238, 0.40199707336378565, 0.2546725440758651]
Games played: 105
Exploitability: P1=2.600000000 P2=0.027754859 EV: (-0.0030188992384139433, 0.0030188992384139433) P1 Winnings: 147.0
Choosing model 3
[0.30941000449961403, 0.003737194732050742, 0.054924714776755416, 0.3863238167742289, 0.24560426921735093]
Games played: 106
Exploitability: P1=1.933333333 P2=0.027754859 EV: (-0.0021927081061989913, 0.0021927081061989913) P1 Winnings: 148.0
Choosing model 3
[0.32790493383336083, 0.004089144325538042, 0.061633351740572204, 0.37019449525980064, 0.23617807484072825]
Games played: 107
Exploitability: P1=1.933333333 P2=0.027754859 EV: (-0.0021927081061989913, 0.0021927081061989913) P1 Winnings: 149.0
Choosing model 0
[0.32745507424831244, 0.004372146128385271, 0.06206610281935738, 0.3787788924826845, 0.2273277843212604]
Games played: 108
Exploitability: P1=1.900000000 P2=0.027754859 EV: (-0.08890370547036504, 0.08890370547036504) P1 Winnings: 138.0
Choosing model 0
[0.32682478772352574, 0.0046721457752378626, 0.06246728893167113, 0.387347778463501, 0.21868799910606446]
Games played: 109
Exploitability: P1=1.900000000 P2=0.027754859 EV: (-0.08890370547036504, 0.08890370547036504) P1 Winnings: 137.0
Choosing model 3
[0.3268247792263588, 0.004672149811984084, 0.062467294303924996, 0.38734789389371854, 0.21868788276401366]
Games played: 110
Exploitability: P1=1.933333333 P2=0.027754859 EV: (-0.0021927081061989913, 0.0021927081061989913) P1 Winnings: 136.0
Choosing model 4
[0.3268247700743819, 0.004672154175768024, 0.06246730011322867, 0.38734801861894874, 0.21868775701767273]
Games played: 111
Exploitability: P1=2.600000000 P2=0.027754859 EV: (-0.0030188992384139433, 0.0030188992384139433) P1 Winnings: 133.0
Choosing model 4
[0.329552261360247, 0.004108881103751533, 0.06258846290345028, 0.38115400588920034, 0.22259638874335086]
Games played: 112
Exploitability: P1=2.600000000 P2=0.027754859 EV: (-0.0030188992384139433, 0.0030188992384139433) P1 Winnings: 133.0
Choosing model 2
[0.33098231282858287, 0.0037258052664458684, 0.06235771898046297, 0.37307615415217704, 0.2298580087723312]
Games played: 113
Exploitability: P1=4.600000000 P2=0.027754859 EV: (-0.4790038850917372, 0.4790038850917372) P1 Winnings: 130.0
Choosing model 2
[0.325978469335821, 0.005163034954185407, 0.06377189274301426, 0.411100660312438, 0.19398594265454122]
Games played: 114
Exploitability: P1=4.600000000 P2=0.027754859 EV: (-0.4790038850917372, 0.4790038850917372) P1 Winnings: 130.0
Choosing model 0
[0.31552455523520656, 0.004427925104988639, 0.05678813679141969, 0.4188485309595072, 0.20441085190887776]
Games played: 115
Exploitability: P1=1.900000000 P2=0.027754859 EV: (-0.08890370547036504, 0.08890370547036504) P1 Winnings: 121.0
Choosing model 3
[0.31194047091960764, 0.005256212110142989, 0.05735352009671683, 0.44088909256704983, 0.1845607043064829]
Games played: 116
Exploitability: P1=1.933333333 P2=0.027754859 EV: (-0.0021927081061989913, 0.0021927081061989913) P1 Winnings: 121.0
Choosing model 0
[0.34566120322928984, 0.005011411789788509, 0.0688300451750919, 0.39651941742461405, 0.1839779223812158]
Games played: 117
Exploitability: P1=1.900000000 P2=0.027754859 EV: (-0.08890370547036504, 0.08890370547036504) P1 Winnings: 124.0
Choosing model 3
[0.3526809943497598, 0.003438061110858653, 0.06775631656840082, 0.36183365732988426, 0.21429097064109648]
Games played: 118
Exploitability: P1=1.933333333 P2=0.027754859 EV: (-0.0021927081061989913, 0.0021927081061989913) P1 Winnings: 124.0
Choosing model 3
[0.32708394462930457, 0.0020504767383516314, 0.05046199584106844, 0.3527888553853352, 0.26761472740594006]
Games played: 119
Exploitability: P1=1.933333333 P2=0.027754859 EV: (-0.0021927081061989913, 0.0021927081061989913) P1 Winnings: 127.0
Choosing model 0
[0.32522679664620424, 0.0028179712826518818, 0.051990470877765003, 0.389996553418153, 0.2299682077752259]
Games played: 120
Exploitability: P1=1.900000000 P2=0.027754859 EV: (-0.08890370547036504, 0.08890370547036504) P1 Winnings: 127.0
Choosing model 0
[0.32522679068611937, 0.0028179737390093946, 0.051990475747935465, 0.3899966726302384, 0.22996808719669723]
Games played: 121
Exploitability: P1=1.900000000 P2=0.027754859 EV: (-0.08890370547036504, 0.08890370547036504) P1 Winnings: 126.0
Choosing model 0
[0.32297269976725096, 0.003360086808362669, 0.0527432867578292, 0.4123577866718159, 0.2085661399947412]
Games played: 122
Exploitability: P1=1.900000000 P2=0.027754859 EV: (-0.08890370547036504, 0.08890370547036504) P1 Winnings: 126.0
Choosing model 4
[0.3254933278153527, 0.003013033584396045, 0.05292414544152146, 0.40805034802184265, 0.21051914513688716]
Games played: 123
Exploitability: P1=2.600000000 P2=0.027754859 EV: (-0.0030188992384139433, 0.0030188992384139433) P1 Winnings: 121.0
Choosing model 3
[0.33215934118891216, 0.0016440679985038839, 0.05097324909585522, 0.3481442619296855, 0.26707907978704326]
Games played: 124
Exploitability: P1=1.933333333 P2=0.027754859 EV: (-0.0021927081061989913, 0.0021927081061989913) P1 Winnings: 120.0
Choosing model 3
[0.3515044590907557, 0.0017962933254942691, 0.05711643095987519, 0.33312596473074785, 0.2564568518931268]
Games played: 125
Exploitability: P1=1.933333333 P2=0.027754859 EV: (-0.0021927081061989913, 0.0021927081061989913) P1 Winnings: 121.0
Choosing model 0
[0.3708816061882601, 0.0019568377797495773, 0.06381163829152195, 0.3178175055333093, 0.24553241220715907]
Games played: 126
Exploitability: P1=1.900000000 P2=0.027754859 EV: (-0.08890370547036504, 0.08890370547036504) P1 Winnings: 122.0
Choosing model 0
[0.3901423964619254, 0.00212527820571502, 0.07107586005742698, 0.3022947056684164, 0.23436175960651628]
Games played: 127
Exploitability: P1=1.900000000 P2=0.027754859 EV: (-0.08890370547036504, 0.08890370547036504) P1 Winnings: 123.0
Choosing model 3
[0.3902555447496427, 0.0022761461059075663, 0.07169402579961946, 0.3098193290350072, 0.2259549543098231]
Games played: 128
Exploitability: P1=1.933333333 P2=0.027754859 EV: (-0.0021927081061989913, 0.0021927081061989913) P1 Winnings: 128.0
Choosing model 0
[0.39224392937592806, 0.00212818190136659, 0.07206090343451871, 0.30988382487027855, 0.2236831604179081]
Games played: 129
Exploitability: P1=1.900000000 P2=0.027754859 EV: (-0.08890370547036504, 0.08890370547036504) P1 Winnings: 125.0
Choosing model 3
[0.39212972589232725, 0.002277931671219665, 0.0726454045791089, 0.3174128289445322, 0.21553410891281202]
Games played: 130
Exploitability: P1=1.933333333 P2=0.027754859 EV: (-0.0021927081061989913, 0.0021927081061989913) P1 Winnings: 130.0
Choosing model 3
[0.3943959146013595, 0.0017733150823303035, 0.0715022045752931, 0.2981434018520638, 0.23418516388895327]
Games played: 131
Exploitability: P1=1.933333333 P2=0.027754859 EV: (-0.0021927081061989913, 0.0021927081061989913) P1 Winnings: 130.0
Choosing model 4
[0.4134069539503665, 0.0019191299797010578, 0.07935954678743752, 0.2825761129483024, 0.22273825633419256]
Games played: 132
Exploitability: P1=2.600000000 P2=0.027754859 EV: (-0.0030188992384139433, 0.0030188992384139433) P1 Winnings: 131.0
Choosing model 0
[0.4134916439054108, 0.0009999604813475938, 0.0749676920034259, 0.2362582278448725, 0.27428247576494313]
Games played: 133
Exploitability: P1=1.900000000 P2=0.027754859 EV: (-0.08890370547036504, 0.08890370547036504) P1 Winnings: 131.0
Choosing model 0
[0.41160859864410604, 0.0007704476083629792, 0.07302986293998254, 0.2196355966714889, 0.2949554941360595]
Games played: 134
Exploitability: P1=1.900000000 P2=0.027754859 EV: (-0.08890370547036504, 0.08890370547036504) P1 Winnings: 131.0
Choosing model 3
[0.35016758795594916, 0.0003759686661525827, 0.04575514822945414, 0.22747919562515176, 0.37622209952329244]
Games played: 135
Exploitability: P1=1.933333333 P2=0.027754859 EV: (-0.0021927081061989913, 0.0021927081061989913) P1 Winnings: 131.0
Choosing model 4
[0.24001100878512976, 0.0003564748377417638, 0.018812158118925823, 0.36304027131548655, 0.3777800869427161]
Games played: 136
Exploitability: P1=2.600000000 P2=0.027754859 EV: (-0.0030188992384139433, 0.0030188992384139433) P1 Winnings: 144.0
Choosing model 0
[0.2424091285470193, 0.0004976239902473533, 0.019687413406654405, 0.40765373703375396, 0.32975209702232494]
Games played: 137
Exploitability: P1=1.900000000 P2=0.027754859 EV: (-0.08890370547036504, 0.08890370547036504) P1 Winnings: 149.0
Choosing model 4
[0.2428204785492634, 0.0005336986479165652, 0.01988657166987013, 0.4183885636060832, 0.3183706875268667]
Games played: 138
Exploitability: P1=2.600000000 P2=0.027754859 EV: (-0.0030188992384139433, 0.0030188992384139433) P1 Winnings: 148.0
Choosing model 4
[0.20388047014773159, 0.0003477144481568325, 0.01312949186349346, 0.4350336168640611, 0.3476087066765571]
Games played: 139
Exploitability: P1=2.600000000 P2=0.027754859 EV: (-0.0030188992384139433, 0.0030188992384139433) P1 Winnings: 155.0
Choosing model 3
[0.2041682007897627, 0.0003143773866347179, 0.013042950253486276, 0.4245724457993072, 0.35790202577080915]
Games played: 140
Exploitability: P1=1.933333333 P2=0.027754859 EV: (-0.0021927081061989913, 0.0021927081061989913) P1 Winnings: 152.0
Choosing model 4
[0.15316022586738134, 0.00028986996166782263, 0.0074593438850725155, 0.5142645872217682, 0.32482597306411015]
Games played: 141
Exploitability: P1=2.600000000 P2=0.027754859 EV: (-0.0030188992384139433, 0.0030188992384139433) P1 Winnings: 161.0
Choosing model 4
[0.15158104173511966, 0.0003869913189783216, 0.007646861192688392, 0.5632601583607841, 0.2771249473924295]
Games played: 142
Exploitability: P1=2.600000000 P2=0.027754859 EV: (-0.0030188992384139433, 0.0030188992384139433) P1 Winnings: 168.0
Choosing model 3
[0.1535620633771181, 0.000317643372108034, 0.007613285301375156, 0.539959285909754, 0.29854772203964475]
Games played: 143
Exploitability: P1=1.933333333 P2=0.027754859 EV: (-0.0021927081061989913, 0.0021927081061989913) P1 Winnings: 167.0
Choosing model 4
[0.15356205924522556, 0.00031764366913471947, 0.007613286017733824, 0.5399594603671819, 0.298547550700724]
Games played: 144
Exploitability: P1=2.600000000 P2=0.027754859 EV: (-0.0030188992384139433, 0.0030188992384139433) P1 Winnings: 164.0
Choosing model 4
[0.15356205540352585, 0.00031764394389158023, 0.007613286679960118, 0.5399596218060982, 0.29854739216652415]
Games played: 145
Exploitability: P1=2.600000000 P2=0.027754859 EV: (-0.0030188992384139433, 0.0030188992384139433) P1 Winnings: 163.0
Choosing model 3
[0.16671961453000508, 0.0003560544947758735, 0.008752040953800461, 0.53006476917905, 0.2941075208423686]
Games played: 146
Exploitability: P1=1.933333333 P2=0.027754859 EV: (-0.0021927081061989913, 0.0021927081061989913) P1 Winnings: 164.0
Choosing model 4
[0.13965356852727623, 0.00033146699894030866, 0.006179376358095797, 0.589375149024248, 0.26446043909143974]
Games played: 147
Exploitability: P1=2.600000000 P2=0.027754859 EV: (-0.0030188992384139433, 0.0030188992384139433) P1 Winnings: 173.0
Choosing model 4
[0.15189330029686035, 0.00037222024364967784, 0.007116486083498099, 0.579619883118914, 0.26099811025707786]
Games played: 148
Exploitability: P1=2.600000000 P2=0.027754859 EV: (-0.0030188992384139433, 0.0030188992384139433) P1 Winnings: 174.0
Choosing model 3
[0.15734147038763477, 0.0005443731115693684, 0.007960516749709946, 0.6137016326132696, 0.22045200713781626]
Games played: 149
Exploitability: P1=1.933333333 P2=0.027754859 EV: (-0.0021927081061989913, 0.0021927081061989913) P1 Winnings: 177.0
Choosing model 3
[0.1583460895962245, 0.0005096385425284091, 0.008011521177574435, 0.614617139575816, 0.21851561110785675]
Games played: 150
Exploitability: P1=1.933333333 P2=0.027754859 EV: (-0.0021927081061989913, 0.0021927081061989913) P1 Winnings: 174.0
Choosing model 0
[0.17185945866694324, 0.0005710859473553005, 0.009206943082096014, 0.6031643129376582, 0.21519819936594725]
Games played: 151
Exploitability: P1=1.900000000 P2=0.027754859 EV: (-0.08890370547036504, 0.08890370547036504) P1 Winnings: 175.0
Choosing model 4
[0.13388672025737267, 0.0003502803854946404, 0.0054028210606190084, 0.6334339002498491, 0.22692627804666451]
Games played: 152
Exploitability: P1=2.600000000 P2=0.027754859 EV: (-0.0030188992384139433, 0.0030188992384139433) P1 Winnings: 184.0
Choosing model 3
[0.09325209875578996, 0.0002998660230991424, 0.0028688530622626328, 0.712358176992144, 0.19122100516670423]
Games played: 153
Exploitability: P1=1.933333333 P2=0.027754859 EV: (-0.0021927081061989913, 0.0021927081061989913) P1 Winnings: 189.0
Choosing model 3
[0.09637170386379562, 0.00023777308393895959, 0.0029015682871309074, 0.6873030951233867, 0.21318585964174788]
Games played: 154
Exploitability: P1=1.933333333 P2=0.027754859 EV: (-0.0021927081061989913, 0.0021927081061989913) P1 Winnings: 189.0
Choosing model 3
[0.10537142675324888, 0.0002684164484533296, 0.003359235843687546, 0.6794953623940423, 0.211505558560568]
Games played: 155
Exploitability: P1=1.933333333 P2=0.027754859 EV: (-0.0021927081061989913, 0.0021927081061989913) P1 Winnings: 190.0
Choosing model 3
[0.11509436753568786, 0.0003027007157349847, 0.0038851347161862875, 0.6710928030985265, 0.20962499393386447]
Games played: 156
Exploitability: P1=1.933333333 P2=0.027754859 EV: (-0.0021927081061989913, 0.0021927081061989913) P1 Winnings: 191.0
Choosing model 3
[0.10994764373696209, 0.00039966850409573135, 0.0038456536755920078, 0.7127434814133674, 0.17306355266998275]
Games played: 157
Exploitability: P1=1.933333333 P2=0.027754859 EV: (-0.0021927081061989913, 0.0021927081061989913) P1 Winnings: 196.0
Choosing model 3
[0.1135273446661554, 0.0003240527301310675, 0.00389118593784515, 0.6901877360777326, 0.19206968058813562]
Games played: 158
Exploitability: P1=1.933333333 P2=0.027754859 EV: (-0.0021927081061989913, 0.0021927081061989913) P1 Winnings: 193.0
Choosing model 3
[0.10839114572458057, 0.00041735741342766264, 0.003848212084490292, 0.7292628479793629, 0.15808043679813857]
Games played: 159
Exploitability: P1=1.933333333 P2=0.027754859 EV: (-0.0021927081061989913, 0.0021927081061989913) P1 Winnings: 200.0
Choosing model 3
[0.11836504965268797, 0.00047055557353096843, 0.004449621329785776, 0.720076505468608, 0.1566382679753873]
Games played: 160
Exploitability: P1=1.933333333 P2=0.027754859 EV: (-0.0021927081061989913, 0.0021927081061989913) P1 Winnings: 201.0
Choosing model 3
[0.13942797512709498, 0.0004769201275342191, 0.0056766033823149615, 0.6884323461533434, 0.16598615520971238]
Games played: 161
Exploitability: P1=1.933333333 P2=0.027754859 EV: (-0.0021927081061989913, 0.0021927081061989913) P1 Winnings: 204.0
Choosing model 4
[0.14138963991542472, 0.00042931157984411265, 0.005716625748602279, 0.6812433871617286, 0.17122103559440027]
Games played: 162
Exploitability: P1=2.600000000 P2=0.027754859 EV: (-0.0030188992384139433, 0.0030188992384139433) P1 Winnings: 201.0
Choosing model 4
[0.10641102626052647, 0.0002223963472437095, 0.003097794605340298, 0.6953908697378951, 0.19487791304899454]
Games played: 163
Exploitability: P1=2.600000000 P2=0.027754859 EV: (-0.0030188992384139433, 0.0030188992384139433) P1 Winnings: 208.0
Choosing model 3
[0.10641101164203351, 0.00022239653063710379, 0.00309779455460647, 0.6953910175939918, 0.19487777967873118]
Games played: 164
Exploitability: P1=1.933333333 P2=0.027754859 EV: (-0.0021927081061989913, 0.0021927081061989913) P1 Winnings: 205.0
Choosing model 3
[0.10120216155443827, 0.00029233838671762917, 0.0030527276559147334, 0.7352772181852057, 0.16017555421772356]
Games played: 165
Exploitability: P1=1.933333333 P2=0.027754859 EV: (-0.0021927081061989913, 0.0021927081061989913) P1 Winnings: 210.0
Choosing model 3
[0.09890238223823448, 0.000316049863270247, 0.0030344678744230655, 0.7532556701529409, 0.14449142987113128]
Games played: 166
Exploitability: P1=1.933333333 P2=0.027754859 EV: (-0.0021927081061989913, 0.0021927081061989913) P1 Winnings: 210.0
Choosing model 4
[0.09489933754612333, 0.000432767711417938, 0.0030724277450350657, 0.786393847775918, 0.11520161922150551]
Games played: 167
Exploitability: P1=2.600000000 P2=0.027754859 EV: (-0.0030188992384139433, 0.0030188992384139433) P1 Winnings: 217.0
Choosing model 3
[0.09919556794401328, 0.00034707908712916296, 0.0031429996615366324, 0.7674112438730777, 0.12990310943424335]
Games played: 168
Exploitability: P1=1.933333333 P2=0.027754859 EV: (-0.0021927081061989913, 0.0021927081061989913) P1 Winnings: 217.0
Choosing model 3
[0.10975784524025252, 0.0002000604484051043, 0.0032845330797931635, 0.7097967354208605, 0.17696082581068873]
Games played: 169
Exploitability: P1=1.933333333 P2=0.027754859 EV: (-0.0021927081061989913, 0.0021927081061989913) P1 Winnings: 214.0
Choosing model 3
[0.11984757033657897, 0.00022554230339867103, 0.0037975340659008442, 0.7007974830989654, 0.17533187019515603]
Games played: 170
Exploitability: P1=1.933333333 P2=0.027754859 EV: (-0.0021927081061989913, 0.0021927081061989913) P1 Winnings: 215.0
Choosing model 3
[0.12321369355338324, 0.00018676524455750763, 0.0038352086371714815, 0.6807896051996921, 0.19197472736519583]
Games played: 171
Exploitability: P1=1.933333333 P2=0.027754859 EV: (-0.0021927081061989913, 0.0021927081061989913) P1 Winnings: 215.0
Choosing model 3
[0.13433204912922989, 0.00021022765012303782, 0.004427351818342074, 0.6711173295721705, 0.18991304183013447]
Games played: 172
Exploitability: P1=1.933333333 P2=0.027754859 EV: (-0.0021927081061989913, 0.0021927081061989913) P1 Winnings: 216.0
Choosing model 3
[0.1462697925708286, 0.0002363403931937289, 0.005104502453997678, 0.6607517673000326, 0.1876375972819473]
Games played: 173
Exploitability: P1=1.933333333 P2=0.027754859 EV: (-0.0021927081061989913, 0.0021927081061989913) P1 Winnings: 217.0
Choosing model 4
[0.1590528879241386, 0.0002653371005769207, 0.0058772573400944, 0.6496659736351725, 0.1851385440000176]
Games played: 174
Exploitability: P1=2.600000000 P2=0.027754859 EV: (-0.0030188992384139433, 0.0030188992384139433) P1 Winnings: 218.0
Choosing model 3
[0.1636795976526829, 0.00021134576129465385, 0.005918836461982032, 0.6243688040885991, 0.2058214160354415]
Games played: 175
Exploitability: P1=1.933333333 P2=0.027754859 EV: (-0.0021927081061989913, 0.0021927081061989913) P1 Winnings: 221.0
Choosing model 3
[0.1679492005044314, 0.00016638778575613842, 0.005943651005855169, 0.5981134259431322, 0.227827334760825]
Games played: 176
Exploitability: P1=1.933333333 P2=0.027754859 EV: (-0.0021927081061989913, 0.0021927081061989913) P1 Winnings: 221.0
Choosing model 2
[0.17602640436146938, 9.084704524213444e-05, 0.005883546360176135, 0.5240177085382405, 0.2939814936948719]
Games played: 177
Exploitability: P1=4.600000000 P2=0.027754859 EV: (-0.4790038850917372, 0.4790038850917372) P1 Winnings: 221.0
Choosing model 4
[0.1780170770527478, 7.111110428007666e-05, 0.00582279749303298, 0.4949119547092095, 0.32117705964072957]
Games played: 178
Exploitability: P1=2.600000000 P2=0.027754859 EV: (-0.0030188992384139433, 0.0030188992384139433) P1 Winnings: 218.0
Choosing model 3
[0.17790760262716734, 7.609019852501186e-05, 0.005868126214770418, 0.5067722463658716, 0.30937593459366575]
Games played: 179
Exploitability: P1=1.933333333 P2=0.027754859 EV: (-0.0021927081061989913, 0.0021927081061989913) P1 Winnings: 217.0
Choosing model 0
[0.14978836137696855, 7.119848673202057e-05, 0.004164405144653634, 0.5663617629360191, 0.2796142720556267]
Games played: 180
Exploitability: P1=1.900000000 P2=0.027754859 EV: (-0.08890370547036504, 0.08890370547036504) P1 Winnings: 226.0
Choosing model 3
[0.18888689233867925, 0.00013128154015951913, 0.00667716608659339, 0.5737472537427628, 0.23055740629180496]
Games played: 181
Exploitability: P1=1.933333333 P2=0.027754859 EV: (-0.0021927081061989913, 0.0021927081061989913) P1 Winnings: 231.0
Choosing model 4
[0.20440559882767903, 0.0001466789326025431, 0.007650988010223011, 0.561405237357318, 0.22639149687217744]
Games played: 182
Exploitability: P1=2.600000000 P2=0.027754859 EV: (-0.0030188992384139433, 0.0030188992384139433) P1 Winnings: 232.0
Choosing model 3
[0.20677893284509175, 0.00012941312381605958, 0.00769065345320967, 0.5542169196728499, 0.23118408090503267]
Games played: 183
Exploitability: P1=1.933333333 P2=0.027754859 EV: (-0.0021927081061989913, 0.0021927081061989913) P1 Winnings: 232.0
Choosing model 0
[0.2233151059485013, 0.000144298974366468, 0.008794465116666672, 0.5411983530260384, 0.22654777693442718]
Games played: 184
Exploitability: P1=1.900000000 P2=0.027754859 EV: (-0.08890370547036504, 0.08890370547036504) P1 Winnings: 233.0
Choosing model 3
[0.23870671185713727, 0.00021446741622841892, 0.01040197558622547, 0.5583117729313054, 0.19236507220910357]
Games played: 185
Exploitability: P1=1.933333333 P2=0.027754859 EV: (-0.0021927081061989913, 0.0021927081061989913) P1 Winnings: 238.0
Choosing model 0
[0.22588453392007557, 0.00032245740653119516, 0.010376996440072022, 0.6175649523292506, 0.14585105990407055]
Games played: 186
Exploitability: P1=1.900000000 P2=0.027754859 EV: (-0.08890370547036504, 0.08890370547036504) P1 Winnings: 233.0
Choosing model 0
[0.2316255561843363, 0.0002663242069937991, 0.010452717678180385, 0.5983747516284404, 0.15928065030204902]
Games played: 187
Exploitability: P1=1.900000000 P2=0.027754859 EV: (-0.08890370547036504, 0.08890370547036504) P1 Winnings: 233.0
Choosing model 3
[0.2295446577614522, 0.0002825854323268805, 0.010445875477425613, 0.6075835511899245, 0.15214333013887082]
Games played: 188
Exploitability: P1=1.933333333 P2=0.027754859 EV: (-0.0021927081061989913, 0.0021927081061989913) P1 Winnings: 238.0
Choosing model 0
[0.2455655985091163, 0.00015748514445170276, 0.010554342478404886, 0.5433364984240973, 0.20038607544392975]
Games played: 189
Exploitability: P1=1.900000000 P2=0.027754859 EV: (-0.08890370547036504, 0.08890370547036504) P1 Winnings: 235.0
Choosing model 0
[0.2530168004500089, 0.00010910471242643586, 0.010491880383858647, 0.5006840958969132, 0.23569811855679274]
Games played: 190
Exploitability: P1=1.900000000 P2=0.027754859 EV: (-0.08890370547036504, 0.08890370547036504) P1 Winnings: 235.0
Choosing model 3
[0.25203654059259045, 0.00011636331143781123, 0.010539072456780074, 0.511010683479719, 0.22629734015947253]
Games played: 191
Exploitability: P1=1.933333333 P2=0.027754859 EV: (-0.0021927081061989913, 0.0021927081061989913) P1 Winnings: 240.0
Choosing model 3
[0.2604164958968163, 6.263405653431942e-05, 0.010284741324670848, 0.4413645988531339, 0.2878715298688447]
Games played: 192
Exploitability: P1=1.933333333 P2=0.027754859 EV: (-0.0021927081061989913, 0.0021927081061989913) P1 Winnings: 237.0
Choosing model 3
[0.2592105826387491, 7.638696245465942e-05, 0.010480387108347939, 0.47079367940860356, 0.2594389638818447]
Games played: 193
Exploitability: P1=1.933333333 P2=0.027754859 EV: (-0.0021927081061989913, 0.0021927081061989913) P1 Winnings: 228.0
Choosing model 3
[0.3028000311448846, 0.0001487552046872001, 0.01517544951911644, 0.48667618222906295, 0.19519958190224881]
Games played: 194
Exploitability: P1=1.933333333 P2=0.027754859 EV: (-0.0021927081061989913, 0.0021927081061989913) P1 Winnings: 233.0
Choosing model 0
[0.25851515877709663, 0.000141143457621479, 0.010920477510578633, 0.551528210499871, 0.17889500975483225]
Games played: 195
Exploitability: P1=1.900000000 P2=0.027754859 EV: (-0.08890370547036504, 0.08890370547036504) P1 Winnings: 242.0
Choosing model 3
[0.25273173015781186, 0.00016906704873877323, 0.010929872574847605, 0.5778170832074085, 0.15835224701119316]
Games played: 196
Exploitability: P1=1.933333333 P2=0.027754859 EV: (-0.0021927081061989913, 0.0021927081061989913) P1 Winnings: 237.0
Choosing model 3
[0.25941273126442543, 0.0001343176424850483, 0.010978809722701708, 0.5538854774775657, 0.17558866389282218]
Games played: 197
Exploitability: P1=1.933333333 P2=0.027754859 EV: (-0.0021927081061989913, 0.0021927081061989913) P1 Winnings: 240.0
Choosing model 3
[0.2594127055123282, 0.000134317758365046, 0.010978809961265356, 0.553885616353205, 0.17558855041483634]
Games played: 198
Exploitability: P1=1.933333333 P2=0.027754859 EV: (-0.0021927081061989913, 0.0021927081061989913) P1 Winnings: 237.0
Choosing model 3
[0.24488253579509942, 0.0002014601612088401, 0.010925864500112572, 0.6111821299186694, 0.13280800962490988]
Games played: 199
Exploitability: P1=1.933333333 P2=0.027754859 EV: (-0.0021927081061989913, 0.0021927081061989913) P1 Winnings: 232.0
Choosing model 3
[0.24783286301251387, 0.00018407988939896696, 0.010969133816024818, 0.6028208154857675, 0.13819310779629493]
Games played: 200
Exploitability: P1=1.933333333 P2=0.027754859 EV: (-0.0021927081061989913, 0.0021927081061989913) P1 Winnings: 235.0
