Player 1 exploitability: 0.0969963052998
Choosing model 1
[0.21483824977268404, 0.18485018926784205, 0.23267550664425513, 0.17436840561423916, 0.1932676487009795]
Games played: 1
Exploitability: P1=2.800000000 P2=0.011344291 EV: (-0.4658433905546437, 0.4658433905546437) P1 Winnings: 3.0
Choosing model 2
[0.21648819485715387, 0.1645320315760759, 0.20853192435008952, 0.19267871340181492, 0.2177691358148658]
Games played: 2
Exploitability: P1=4.600000000 P2=0.011344291 EV: (-0.4774236403802184, 0.4774236403802184) P1 Winnings: -4.0
Choosing model 3
[0.21827553525269616, 0.1959128147589107, 0.23290324737671086, 0.17458821421951964, 0.17832018839216265]
Games played: 3
Exploitability: P1=1.933333333 P2=0.011344291 EV: (-0.10232688276825011, 0.10232688276825011) P1 Winnings: 1.0
Choosing model 0
[0.23298376850980476, 0.14348150687905084, 0.24036557806694994, 0.16775045309801537, 0.2154186934461791]
Games played: 4
Exploitability: P1=1.900000000 P2=0.011344291 EV: (-0.08758299626371578, 0.08758299626371578) P1 Winnings: -10.0
Choosing model 1
[0.23706585514216105, 0.15073440185393727, 0.25897031880871735, 0.1543376619861614, 0.198891762209023]
Games played: 5
Exploitability: P1=2.800000000 P2=0.011344291 EV: (-0.4658433905546437, 0.4658433905546437) P1 Winnings: -9.0
Choosing model 3
[0.23069981845999035, 0.13510940909633753, 0.20023666550427105, 0.20049016915051263, 0.23346393778888844]
Games played: 6
Exploitability: P1=1.933333333 P2=0.011344291 EV: (-0.10232688276825011, 0.10232688276825011) P1 Winnings: -22.0
Choosing model 2
[0.23478152900646027, 0.12205667971438473, 0.20236892263832035, 0.19910543720739304, 0.24168743143344168]
Games played: 7
Exploitability: P1=4.600000000 P2=0.011344291 EV: (-0.4774236403802184, 0.4774236403802184) P1 Winnings: -25.0
Choosing model 0
[0.22434506025428935, 0.16410239515393218, 0.200794291198836, 0.21286401927816156, 0.19789423411478096]
Games played: 8
Exploitability: P1=1.900000000 P2=0.011344291 EV: (-0.08758299626371578, 0.08758299626371578) P1 Winnings: -25.0
Choosing model 4
[0.22929259521221212, 0.17316557134738347, 0.21729976475399954, 0.19671643749199977, 0.18352563119440518]
Games played: 9
Exploitability: P1=2.600000000 P2=0.011344291 EV: (0.0111814870099931, -0.0111814870099931) P1 Winnings: -24.0
Choosing model 1
[0.22651355349678318, 0.1831572720013775, 0.21647030944730508, 0.19911173227068837, 0.17474713278384582]
Games played: 10
Exploitability: P1=2.800000000 P2=0.011344291 EV: (-0.4658433905546437, 0.4658433905546437) P1 Winnings: -25.0
Choosing model 3
[0.21807058822561123, 0.13882809041765173, 0.15697926886499025, 0.2584052621328247, 0.2277167903589221]
Games played: 11
Exploitability: P1=1.933333333 P2=0.011344291 EV: (-0.10232688276825011, 0.10232688276825011) P1 Winnings: -34.0
Choosing model 3
[0.22259182906712416, 0.12608594311778235, 0.1595382459342094, 0.25898627693112325, 0.2327977049497608]
Games played: 12
Exploitability: P1=1.933333333 P2=0.011344291 EV: (-0.10232688276825011, 0.10232688276825011) P1 Winnings: -39.0
Choosing model 0
[0.22259180593897443, 0.1260860513118677, 0.15953824866173252, 0.25898634066681053, 0.23279755342061478]
Games played: 13
Exploitability: P1=1.900000000 P2=0.011344291 EV: (-0.08758299626371578, 0.08758299626371578) P1 Winnings: -42.0
Choosing model 2
[0.22884069426752185, 0.10351442551912407, 0.1609769926701083, 0.25091336846322254, 0.2557545190800233]
Games played: 14
Exploitability: P1=4.600000000 P2=0.011344291 EV: (-0.4774236403802184, 0.4774236403802184) P1 Winnings: -42.0
Choosing model 4
[0.22630702509172274, 0.09070194693672302, 0.14645785001995895, 0.26118796093969615, 0.2753452170118992]
Games played: 15
Exploitability: P1=2.600000000 P2=0.011344291 EV: (0.0111814870099931, -0.0111814870099931) P1 Winnings: -51.0
Choosing model 3
[0.23548147789348256, 0.09744250464521095, 0.1613636645927349, 0.2457405049183694, 0.2599718479502021]
Games played: 16
Exploitability: P1=1.933333333 P2=0.011344291 EV: (-0.10232688276825011, 0.10232688276825011) P1 Winnings: -50.0
Choosing model 3
[0.24181681247911677, 0.06865635578716929, 0.16021784062986386, 0.2271602065214267, 0.30214878458242334]
Games played: 17
Exploitability: P1=1.933333333 P2=0.011344291 EV: (-0.10232688276825011, 0.10232688276825011) P1 Winnings: -50.0
Choosing model 3
[0.2513920559850601, 0.07369175801742449, 0.1763641495014385, 0.21353161594426584, 0.28502042055181115]
Games played: 18
Exploitability: P1=1.933333333 P2=0.011344291 EV: (-0.10232688276825011, 0.10232688276825011) P1 Winnings: -49.0
Choosing model 4
[0.24088041062650487, 0.06883142164534486, 0.14611157001480454, 0.24655074699346047, 0.29762585071988523]
Games played: 19
Exploitability: P1=2.600000000 P2=0.011344291 EV: (0.0111814870099931, -0.0111814870099931) P1 Winnings: -40.0
Choosing model 3
[0.24357998932089267, 0.05387278619593451, 0.1445883745177199, 0.23283299888107797, 0.3251258510843749]
Games played: 20
Exploitability: P1=1.933333333 P2=0.011344291 EV: (-0.10232688276825011, 0.10232688276825011) P1 Winnings: -37.0
Choosing model 0
[0.25430135798167613, 0.058069705186837496, 0.15983608158709195, 0.21979432673106522, 0.3079985285133292]
Games played: 21
Exploitability: P1=1.900000000 P2=0.011344291 EV: (-0.08758299626371578, 0.08758299626371578) P1 Winnings: -36.0
Choosing model 2
[0.2513325287787076, 0.08075146796080801, 0.1640324616739984, 0.24304296420624835, 0.2608405773802377]
Games played: 22
Exploitability: P1=4.600000000 P2=0.011344291 EV: (-0.4774236403802184, 0.4774236403802184) P1 Winnings: -31.0
Choosing model 4
[0.26190595720779036, 0.11626080519978191, 0.19972523097896383, 0.225388311392075, 0.19671969522138885]
Games played: 23
Exploitability: P1=2.600000000 P2=0.011344291 EV: (0.0111814870099931, -0.0111814870099931) P1 Winnings: -22.0
Choosing model 3
[0.259742974287872, 0.12344974914004805, 0.19974056910257654, 0.22902445525444562, 0.18804225221505785]
Games played: 24
Exploitability: P1=1.933333333 P2=0.011344291 EV: (-0.10232688276825011, 0.10232688276825011) P1 Winnings: -23.0
Choosing model 3
[0.2660196154488604, 0.13053686420183225, 0.2166060145326841, 0.2120882384966285, 0.17474926731999477]
Games played: 25
Exploitability: P1=1.933333333 P2=0.011344291 EV: (-0.10232688276825011, 0.10232688276825011) P1 Winnings: -22.0
Choosing model 0
[0.28572591951118315, 0.07303964281320992, 0.21973158635348305, 0.19042111253496968, 0.23108173878715427]
Games played: 26
Exploitability: P1=1.900000000 P2=0.011344291 EV: (-0.08758299626371578, 0.08758299626371578) P1 Winnings: -25.0
Choosing model 4
[0.28955654893259763, 0.05997107891106361, 0.21883973003099386, 0.18260453347174582, 0.24902810865359923]
Games played: 27
Exploitability: P1=2.600000000 P2=0.011344291 EV: (0.0111814870099931, -0.0111814870099931) P1 Winnings: -24.0
Choosing model 4
[0.2891036865109592, 0.0641092288121612, 0.22033390242608608, 0.18680299274430684, 0.23965018950648678]
Games played: 28
Exploitability: P1=2.600000000 P2=0.011344291 EV: (0.0111814870099931, -0.0111814870099931) P1 Winnings: -25.0
Choosing model 4
[0.29226215814020046, 0.05250963908133765, 0.21890220198355148, 0.17869636439539746, 0.25762963639951286]
Games played: 29
Exploitability: P1=2.600000000 P2=0.011344291 EV: (0.0111814870099931, -0.0111814870099931) P1 Winnings: -26.0
Choosing model 4
[0.2932502840243957, 0.028171911230718067, 0.20730036535094573, 0.14990726489202774, 0.32137017450191274]
Games played: 30
Exploitability: P1=2.600000000 P2=0.011344291 EV: (0.0111814870099931, -0.0111814870099931) P1 Winnings: -27.0
Choosing model 2
[0.2932503033064376, 0.028171938156154885, 0.20730040219922494, 0.1499073233189129, 0.32137003301926964]
Games played: 31
Exploitability: P1=4.600000000 P2=0.011344291 EV: (-0.4774236403802184, 0.4774236403802184) P1 Winnings: -28.0
Choosing model 0
[0.30263553620307226, 0.03001727686112713, 0.22652491386103832, 0.13988436524827216, 0.30093790782649016]
Games played: 32
Exploitability: P1=1.900000000 P2=0.011344291 EV: (-0.08758299626371578, 0.08758299626371578) P1 Winnings: -27.0
Choosing model 2
[0.29546227105654405, 0.02856743771766041, 0.19121521627443774, 0.1645680368997492, 0.3201870380516087]
Games played: 33
Exploitability: P1=4.600000000 P2=0.011344291 EV: (-0.4774236403802184, 0.4774236403802184) P1 Winnings: -18.0
Choosing model 0
[0.3113578044146258, 0.03555253356056078, 0.22320931967126, 0.15585242187675863, 0.27402792047679486]
Games played: 34
Exploitability: P1=1.900000000 P2=0.011344291 EV: (-0.08758299626371578, 0.08758299626371578) P1 Winnings: -13.0
Choosing model 0
[0.3118831345501084, 0.03812950279666712, 0.22546512594659432, 0.15995496540727022, 0.2645672712993599]
Games played: 35
Exploitability: P1=1.900000000 P2=0.011344291 EV: (-0.08758299626371578, 0.08758299626371578) P1 Winnings: -14.0
Choosing model 0
[0.31188314167923464, 0.03812953760357062, 0.22546515635249534, 0.1599550208890877, 0.26456714347561155]
Games played: 36
Exploitability: P1=1.900000000 P2=0.011344291 EV: (-0.08758299626371578, 0.08758299626371578) P1 Winnings: -15.0
Choosing model 4
[0.31005559921708525, 0.02272770193974022, 0.21347077895712943, 0.13686009525210474, 0.3168858246339403]
Games played: 37
Exploitability: P1=2.600000000 P2=0.011344291 EV: (0.0111814870099931, -0.0111814870099931) P1 Winnings: -14.0
Choosing model 4
[0.3085537549783418, 0.01821734527209221, 0.20868309352294326, 0.12869412914543826, 0.33585167708118446]
Games played: 38
Exploitability: P1=2.600000000 P2=0.011344291 EV: (0.0111814870099931, -0.0111814870099931) P1 Winnings: -14.0
Choosing model 0
[0.3137947095861894, 0.02560675181736767, 0.21990458273815916, 0.14550983010172472, 0.29518412575655906]
Games played: 39
Exploitability: P1=1.900000000 P2=0.011344291 EV: (-0.08758299626371578, 0.08758299626371578) P1 Winnings: -9.0
Choosing model 0
[0.3148760806404066, 0.027511036834320216, 0.22251702399600476, 0.14960235162582775, 0.28549350690344066]
Games played: 40
Exploitability: P1=1.900000000 P2=0.011344291 EV: (-0.08758299626371578, 0.08758299626371578) P1 Winnings: -4.0
Choosing model 3
[0.31443405185730144, 0.0210785808389023, 0.21746366973220146, 0.1394720822723394, 0.3075516152992555]
Games played: 41
Exploitability: P1=1.933333333 P2=0.011344291 EV: (-0.10232688276825011, 0.10232688276825011) P1 Winnings: -3.0
Choosing model 4
[0.32361310626768475, 0.02239809125071482, 0.23698323255310264, 0.12979222844424582, 0.2872133414842519]
Games played: 42
Exploitability: P1=2.600000000 P2=0.011344291 EV: (0.0111814870099931, -0.0111814870099931) P1 Winnings: -2.0
Choosing model 2
[0.32361312464922104, 0.022398112457290658, 0.23698327255615587, 0.12979227786933895, 0.2872132124679935]
Games played: 43
Exploitability: P1=4.600000000 P2=0.011344291 EV: (-0.4774236403802184, 0.4774236403802184) P1 Winnings: -3.0
Choosing model 0
[0.3196638496199006, 0.013258436253286513, 0.22418912920404377, 0.11182783219544808, 0.331060752727321]
Games played: 44
Exploitability: P1=1.900000000 P2=0.011344291 EV: (-0.08758299626371578, 0.08758299626371578) P1 Winnings: 0.0
Choosing model 0
[0.30848477169712485, 0.007671474009731459, 0.20604689599003906, 0.09287982612052247, 0.3849170321825821]
Games played: 45
Exploitability: P1=1.900000000 P2=0.011344291 EV: (-0.08758299626371578, 0.08758299626371578) P1 Winnings: 1.0
Choosing model 4
[0.3113984239295074, 0.00829124886750575, 0.20974116453196157, 0.09606299226748759, 0.3745061704035377]
Games played: 46
Exploitability: P1=2.600000000 P2=0.011344291 EV: (0.0111814870099931, -0.0111814870099931) P1 Winnings: 0.0
Choosing model 4
[0.2951117102758795, 0.004093355567744971, 0.18773260636239344, 0.07610070473945414, 0.43696162305452796]
Games played: 47
Exploitability: P1=2.600000000 P2=0.011344291 EV: (0.0111814870099931, -0.0111814870099931) P1 Winnings: 0.0
Choosing model 0
[0.3063168038048298, 0.004386690173996855, 0.20632814092529203, 0.0714229742816013, 0.4115453908142801]
Games played: 48
Exploitability: P1=1.900000000 P2=0.011344291 EV: (-0.08758299626371578, 0.08758299626371578) P1 Winnings: 1.0
Choosing model 2
[0.30080589098841254, 0.00346969087701987, 0.19903596297351056, 0.0662741379095522, 0.43041431725150475]
Games played: 49
Exploitability: P1=4.600000000 P2=0.011344291 EV: (-0.4774236403802184, 0.4774236403802184) P1 Winnings: 1.0
Choosing model 4
[0.31151817461369313, 0.003709889278171921, 0.21825438756934123, 0.062059177234392734, 0.404458371304401]
Games played: 50
Exploitability: P1=2.600000000 P2=0.011344291 EV: (0.0111814870099931, -0.0111814870099931) P1 Winnings: 2.0
Choosing model 0
[0.28610817511454856, 0.002643894641840527, 0.15761862840783225, 0.07058388991440315, 0.48304541192137546]
Games played: 51
Exploitability: P1=1.900000000 P2=0.011344291 EV: (-0.08758299626371578, 0.08758299626371578) P1 Winnings: 9.0
Choosing model 0
[0.3008745945264727, 0.002392256202906257, 0.17951546041649485, 0.06024444813604886, 0.45697324071807743]
Games played: 52
Exploitability: P1=1.900000000 P2=0.011344291 EV: (-0.08758299626371578, 0.08758299626371578) P1 Winnings: 12.0
Choosing model 0
[0.29258636475612493, 0.0018006065580759892, 0.1708358709184546, 0.05471213728077516, 0.48006502048656946]
Games played: 53
Exploitability: P1=1.900000000 P2=0.011344291 EV: (-0.08758299626371578, 0.08758299626371578) P1 Winnings: 12.0
Choosing model 4
[0.28403101760010857, 0.001341142800137799, 0.16230216803519829, 0.049585458168239394, 0.502740213396316]
Games played: 54
Exploitability: P1=2.600000000 P2=0.011344291 EV: (0.0111814870099931, -0.0111814870099931) P1 Winnings: 13.0
Choosing model 4
[0.2766116102163977, 0.001052005388675724, 0.15526963427662152, 0.045629909308043, 0.5214368408102622]
Games played: 55
Exploitability: P1=2.600000000 P2=0.011344291 EV: (0.0111814870099931, -0.0111814870099931) P1 Winnings: 14.0
Choosing model 4
[0.22508503029486468, 0.000491033595145435, 0.09304878632563807, 0.045203624946629314, 0.6361715248377225]
Games played: 56
Exploitability: P1=2.600000000 P2=0.011344291 EV: (0.0111814870099931, -0.0111814870099931) P1 Winnings: 21.0
Choosing model 4
[0.24406470751324452, 0.0007359091435650972, 0.10454453052050416, 0.0544942213000587, 0.5961606315226275]
Games played: 57
Exploitability: P1=2.600000000 P2=0.011344291 EV: (0.0111814870099931, -0.0111814870099931) P1 Winnings: 26.0
Choosing model 3
[0.23425838688688813, 0.0005467101436882096, 0.09819743410485764, 0.04884709587127044, 0.6181503729932956]
Games played: 58
Exploitability: P1=1.933333333 P2=0.011344291 EV: (-0.10232688276825011, 0.10232688276825011) P1 Winnings: 19.0
Choosing model 4
[0.25317115069619567, 0.0008166403234755569, 0.10996423051089675, 0.05869169236566985, 0.5773562861037622]
Games played: 59
Exploitability: P1=2.600000000 P2=0.011344291 EV: (0.0111814870099931, -0.0111814870099931) P1 Winnings: 24.0
Choosing model 4
[0.24374677145886622, 0.0005936423330306635, 0.1035206886687978, 0.05256909915594918, 0.5995697983833562]
Games played: 60
Exploitability: P1=2.600000000 P2=0.011344291 EV: (0.0111814870099931, -0.0111814870099931) P1 Winnings: 24.0
Choosing model 0
[0.24374684372223776, 0.0005936430801124442, 0.10352073188550784, 0.052569133140284864, 0.5995696481718571]
Games played: 61
Exploitability: P1=1.900000000 P2=0.011344291 EV: (-0.08758299626371578, 0.08758299626371578) P1 Winnings: 21.0
Choosing model 4
[0.21953106996870603, 0.00032057430655664954, 0.08879645925926319, 0.04074920045313009, 0.6506026960123441]
Games played: 62
Exploitability: P1=2.600000000 P2=0.011344291 EV: (0.0111814870099931, -0.0111814870099931) P1 Winnings: 22.0
Choosing model 4
[0.21140893244058137, 0.00024865337450123915, 0.08400024671373442, 0.03707977335655149, 0.6672623941146315]
Games played: 63
Exploitability: P1=2.600000000 P2=0.011344291 EV: (0.0111814870099931, -0.0111814870099931) P1 Winnings: 23.0
Choosing model 4
[0.2078438801713893, 0.0002207111904600362, 0.08192376709454585, 0.0355277326173302, 0.6744839089262746]
Games played: 64
Exploitability: P1=2.600000000 P2=0.011344291 EV: (0.0111814870099931, -0.0111814870099931) P1 Winnings: 20.0
Choosing model 0
[0.18018388387378756, 0.00010230915063463495, 0.06703053711189455, 0.025750597059641764, 0.7269326728040415]
Games played: 65
Exploitability: P1=1.900000000 P2=0.011344291 EV: (-0.08758299626371578, 0.08758299626371578) P1 Winnings: 20.0
Choosing model 4
[0.1928845648838464, 0.00011307565780504657, 0.0759781312943657, 0.024924916330589793, 0.706099311833393]
Games played: 66
Exploitability: P1=2.600000000 P2=0.011344291 EV: (0.0111814870099931, -0.0111814870099931) P1 Winnings: 21.0
Choosing model 4
[0.16050004408689278, 7.301013000052805e-05, 0.04971231308169181, 0.025684084313350817, 0.7640305483880641]
Games played: 67
Exploitability: P1=2.600000000 P2=0.011344291 EV: (0.0111814870099931, -0.0111814870099931) P1 Winnings: 28.0
Choosing model 4
[0.16050010874445747, 7.301022964862474e-05, 0.0497123391235386, 0.025684103649653987, 0.7640304382527013]
Games played: 68
Exploitability: P1=2.600000000 P2=0.011344291 EV: (0.0111814870099931, -0.0111814870099931) P1 Winnings: 25.0
Choosing model 4
[0.16050016855416235, 7.301032183484634e-05, 0.049712363216432465, 0.025684121542399005, 0.7640303363651714]
Games played: 69
Exploitability: P1=2.600000000 P2=0.011344291 EV: (0.0111814870099931, -0.0111814870099931) P1 Winnings: 24.0
Choosing model 4
[0.1395038489171361, 3.804884189338046e-05, 0.041151573061133886, 0.019213511247497678, 0.800093017932339]
Games played: 70
Exploitability: P1=2.600000000 P2=0.011344291 EV: (0.0111814870099931, -0.0111814870099931) P1 Winnings: 23.0
Choosing model 4
[0.13134951635929318, 2.77284953454616e-05, 0.03791729722759667, 0.016894568806774313, 0.8138108891109904]
Games played: 71
Exploitability: P1=2.600000000 P2=0.011344291 EV: (0.0111814870099931, -0.0111814870099931) P1 Winnings: 26.0
Choosing model 4
[0.13595117142123395, 2.8860611694128958e-05, 0.03953929211395957, 0.01780479158597297, 0.8066758842671394]
Games played: 72
Exploitability: P1=2.600000000 P2=0.011344291 EV: (0.0111814870099931, -0.0111814870099931) P1 Winnings: 29.0
Choosing model 3
[0.14682990640197668, 3.2181791106409936e-05, 0.045216280490332834, 0.01738734760427811, 0.7905342837123059]
Games played: 73
Exploitability: P1=1.933333333 P2=0.011344291 EV: (-0.10232688276825011, 0.10232688276825011) P1 Winnings: 30.0
Choosing model 4
[0.1058931463073304, 1.33131423650307e-05, 0.024015749212561853, 0.015266311393919506, 0.8548114799438231]
Games played: 74
Exploitability: P1=2.600000000 P2=0.011344291 EV: (0.0111814870099931, -0.0111814870099931) P1 Winnings: 37.0
Choosing model 4
[0.10589319130003125, 1.3313159870347532e-05, 0.024015762106330035, 0.015266322826685226, 0.8548114106070832]
Games played: 75
Exploitability: P1=2.600000000 P2=0.011344291 EV: (0.0111814870099931, -0.0111814870099931) P1 Winnings: 36.0
Choosing model 4
[0.09923384048381623, 9.656405240199008e-06, 0.022024029456849357, 0.013360548548297213, 0.865371925105797]
Games played: 76
Exploitability: P1=2.600000000 P2=0.011344291 EV: (0.0111814870099931, -0.0111814870099931) P1 Winnings: 39.0
Choosing model 4
[0.09692196496015909, 8.515182910847429e-06, 0.02133902805094198, 0.01271754293959317, 0.8690129488663949]
Games played: 77
Exploitability: P1=2.600000000 P2=0.011344291 EV: (0.0111814870099931, -0.0111814870099931) P1 Winnings: 36.0
Choosing model 4
[0.09465244326022307, 7.507920880078481e-06, 0.020672818759667182, 0.012104011945552516, 0.8725632181136772]
Games played: 78
Exploitability: P1=2.600000000 P2=0.011344291 EV: (0.0111814870099931, -0.0111814870099931) P1 Winnings: 33.0
Choosing model 4
[0.10735792153598127, 1.1487382282468551e-05, 0.024287658714831836, 0.015193405673320053, 0.8531495266935845]
Games played: 79
Exploitability: P1=2.600000000 P2=0.011344291 EV: (0.0111814870099931, -0.0111814870099931) P1 Winnings: 40.0
Choosing model 4
[0.10489868693461651, 1.013381842458723e-05, 0.023541658364355178, 0.0144679701263512, 0.8570815507562526]
Games played: 80
Exploitability: P1=2.600000000 P2=0.011344291 EV: (0.0111814870099931, -0.0111814870099931) P1 Winnings: 37.0
Choosing model 4
[0.10819089510008432, 1.1190570643241857e-05, 0.02448457856647758, 0.015289042989136456, 0.8520242927736584]
Games played: 81
Exploitability: P1=2.600000000 P2=0.011344291 EV: (0.0111814870099931, -0.0111814870099931) P1 Winnings: 36.0
Choosing model 4
[0.10819094091021317, 1.1190585341179313e-05, 0.02448459167600377, 0.01528905441647661, 0.8520242224119653]
Games played: 82
Exploitability: P1=2.600000000 P2=0.011344291 EV: (0.0111814870099931, -0.0111814870099931) P1 Winnings: 35.0
Choosing model 4
[0.11746304442634958, 1.2544006504156282e-05, 0.028147355442918465, 0.015009141625857744, 0.8393679144983701]
Games played: 83
Exploitability: P1=2.600000000 P2=0.011344291 EV: (0.0111814870099931, -0.0111814870099931) P1 Winnings: 36.0
Choosing model 4
[0.11034334368759581, 9.041191457336994e-06, 0.025877126754542644, 0.013163146239851016, 0.8506073421265532]
Games played: 84
Exploitability: P1=2.600000000 P2=0.011344291 EV: (0.0111814870099931, -0.0111814870099931) P1 Winnings: 36.0
Choosing model 4
[0.10781913999184649, 7.97611628084364e-06, 0.025083100644120112, 0.012535046286429662, 0.8545547369613229]
Games played: 85
Exploitability: P1=2.600000000 P2=0.011344291 EV: (0.0111814870099931, -0.0111814870099931) P1 Winnings: 33.0
Choosing model 4
[0.12192022484258974, 1.2166635267097551e-05, 0.02937952707935849, 0.01568661933577478, 0.8330014621070099]
Games played: 86
Exploitability: P1=2.600000000 P2=0.011344291 EV: (0.0111814870099931, -0.0111814870099931) P1 Winnings: 40.0
Choosing model 4
[0.11483271289825009, 1.2735583354041241e-05, 0.02332408613040232, 0.01961176894294435, 0.8422186964450492]
Games played: 87
Exploitability: P1=2.600000000 P2=0.011344291 EV: (0.0111814870099931, -0.0111814870099931) P1 Winnings: 49.0
Choosing model 4
[0.1292149938604867, 1.980709931592317e-05, 0.02719469330228607, 0.024534821576041643, 0.8190356841618696]
Games played: 88
Exploitability: P1=2.600000000 P2=0.011344291 EV: (0.0111814870099931, -0.0111814870099931) P1 Winnings: 44.0
Choosing model 4
[0.1292150502133052, 1.980712700860525e-05, 0.0271947084529119, 0.02453484086329509, 0.8190355933434792]
Games played: 89
Exploitability: P1=2.600000000 P2=0.011344291 EV: (0.0111814870099931, -0.0111814870099931) P1 Winnings: 41.0
Choosing model 4
[0.14115707709796269, 1.8617413153242038e-05, 0.032174590347997245, 0.021753492506607658, 0.8048962226342791]
Games played: 90
Exploitability: P1=2.600000000 P2=0.011344291 EV: (0.0111814870099931, -0.0111814870099931) P1 Winnings: 44.0
Choosing model 4
[0.12799506473475042, 1.158277110152447e-05, 0.028208434207353472, 0.01775600788007054, 0.8260289104067241]
Games played: 91
Exploitability: P1=2.600000000 P2=0.011344291 EV: (0.0111814870099931, -0.0111814870099931) P1 Winnings: 44.0
Choosing model 4
[0.12516830429431464, 1.0226563178073358e-05, 0.027365007319600742, 0.016922440112706466, 0.8305340217102001]
Games played: 92
Exploitability: P1=2.600000000 P2=0.011344291 EV: (0.0111814870099931, -0.0111814870099931) P1 Winnings: 41.0
Choosing model 4
[0.12895671810466008, 1.128074447113461e-05, 0.02843021148561077, 0.01786342066945836, 0.8247383689957997]
Games played: 93
Exploitability: P1=2.600000000 P2=0.011344291 EV: (0.0111814870099931, -0.0111814870099931) P1 Winnings: 40.0
Choosing model 0
[0.1464908832598731, 1.8540262657725023e-05, 0.03360625711776528, 0.02285940353479775, 0.7970249158249061]
Games played: 94
Exploitability: P1=1.900000000 P2=0.011344291 EV: (-0.08758299626371578, 0.08758299626371578) P1 Winnings: 39.0
Choosing model 4
[0.15699754397838075, 2.385789918895168e-05, 0.03679309355723639, 0.02608440610505212, 0.7801010984601418]
Games played: 95
Exploitability: P1=2.600000000 P2=0.011344291 EV: (0.0111814870099931, -0.0111814870099931) P1 Winnings: 39.0
Choosing model 4
[0.153767083492803, 2.1096907817190263e-05, 0.035748042673325285, 0.024898201887762882, 0.7855655750382916]
Games played: 96
Exploitability: P1=2.600000000 P2=0.011344291 EV: (0.0111814870099931, -0.0111814870099931) P1 Winnings: 36.0
Choosing model 4
[0.1537671427557956, 2.1096934724390675e-05, 0.03574806045468071, 0.02489821955075433, 0.785565480304045]
Games played: 97
Exploitability: P1=2.600000000 P2=0.011344291 EV: (0.0111814870099931, -0.0111814870099931) P1 Winnings: 35.0
Choosing model 4
[0.15376720201880242, 2.1096961631624224e-05, 0.03574807823604298, 0.024898237213756922, 0.7855653855697661]
Games played: 98
Exploitability: P1=2.600000000 P2=0.011344291 EV: (0.0111814870099931, -0.0111814870099931) P1 Winnings: 34.0
Choosing model 4
[0.15376726128182355, 2.1096988538890918e-05, 0.035748096017412107, 0.024898254876770658, 0.7855652908354548]
Games played: 99
Exploitability: P1=2.600000000 P2=0.011344291 EV: (0.0111814870099931, -0.0111814870099931) P1 Winnings: 33.0
Choosing model 0
[0.17748105297001118, 3.925876579377489e-05, 0.04333911708235437, 0.03334220003371374, 0.745798371148127]
Games played: 100
Exploitability: P1=1.900000000 P2=0.011344291 EV: (-0.08758299626371578, 0.08758299626371578) P1 Winnings: 22.0
Choosing model 0
[0.16928115200514643, 2.9902190232562514e-05, 0.040570613451335176, 0.029969101298589245, 0.7601492310546966]
Games played: 101
Exploitability: P1=1.900000000 P2=0.011344291 EV: (-0.08758299626371578, 0.08758299626371578) P1 Winnings: 22.0
Choosing model 4
[0.1738712968664541, 3.288370171264163e-05, 0.04202094078702954, 0.031538790937967146, 0.7525360877068366]
Games played: 102
Exploitability: P1=2.600000000 P2=0.011344291 EV: (0.0111814870099931, -0.0111814870099931) P1 Winnings: 27.0
Choosing model 4
[0.14198541268805837, 2.08368878010412e-05, 0.026982320027413964, 0.03189433653507178, 0.7991170938616547]
Games played: 103
Exploitability: P1=2.600000000 P2=0.011344291 EV: (0.0111814870099931, -0.0111814870099931) P1 Winnings: 34.0
Choosing model 4
[0.1011887319776948, 2.0542026708254173e-05, 0.01153482873576042, 0.05292488213941512, 0.8343310151204214]
Games played: 104
Exploitability: P1=2.600000000 P2=0.011344291 EV: (0.0111814870099931, -0.0111814870099931) P1 Winnings: 47.0
Choosing model 3
[0.10118877614059357, 2.0542055435111153e-05, 0.0115348351657487, 0.05292492376174921, 0.8343309228764734]
Games played: 105
Exploitability: P1=1.933333333 P2=0.011344291 EV: (-0.10232688276825011, 0.10232688276825011) P1 Winnings: 44.0
Choosing model 4
[0.11330490134041038, 3.179178201558894e-05, 0.013383200336569251, 0.0658863443405614, 0.8073937622004433]
Games played: 106
Exploitability: P1=2.600000000 P2=0.011344291 EV: (0.0111814870099931, -0.0111814870099931) P1 Winnings: 49.0
Choosing model 4
[0.11330494503846059, 3.17918225714092e-05, 0.013383206996960516, 0.0658863910980288, 0.8073936650439787]
Games played: 107
Exploitability: P1=2.600000000 P2=0.011344291 EV: (0.0111814870099931, -0.0111814870099931) P1 Winnings: 48.0
Choosing model 4
[0.1069988218908728, 2.3035098074191657e-05, 0.012368695420020587, 0.05808778478291063, 0.8225216628081218]
Games played: 108
Exploitability: P1=2.600000000 P2=0.011344291 EV: (0.0111814870099931, -0.0111814870099931) P1 Winnings: 48.0
Choosing model 4
[0.11010379825730637, 2.537884326687578e-05, 0.01283459351636382, 0.06124352174541196, 0.815792707637651]
Games played: 109
Exploitability: P1=2.600000000 P2=0.011344291 EV: (0.0111814870099931, -0.0111814870099931) P1 Winnings: 47.0
Choosing model 4
[0.10387939303454709, 1.837144995725135e-05, 0.011850666855002275, 0.053944381991991, 0.8303071866685023]
Games played: 110
Exploitability: P1=2.600000000 P2=0.011344291 EV: (0.0111814870099931, -0.0111814870099931) P1 Winnings: 47.0
Choosing model 4
[0.10387943810229776, 1.837147560102461e-05, 0.011850673430311156, 0.05394442427617081, 0.8303070927156193]
Games played: 111
Exploitability: P1=2.600000000 P2=0.011344291 EV: (0.0111814870099931, -0.0111814870099931) P1 Winnings: 44.0
Choosing model 4
[0.10693659308348111, 2.024879786605197e-05, 0.01230197105076912, 0.05689778381839023, 0.8238434032494935]
Games played: 112
Exploitability: P1=2.600000000 P2=0.011344291 EV: (0.0111814870099931, -0.0111814870099931) P1 Winnings: 43.0
Choosing model 4
[0.12632177405284728, 3.8004960793055105e-05, 0.015320062783523592, 0.07856537957852198, 0.7797547786243141]
Games played: 113
Exploitability: P1=2.600000000 P2=0.011344291 EV: (0.0111814870099931, -0.0111814870099931) P1 Winnings: 43.0
Choosing model 4
[0.12632182045739626, 3.80050085787472e-05, 0.015320070127229534, 0.07856543389491055, 0.779754670511885]
Games played: 114
Exploitability: P1=2.600000000 P2=0.011344291 EV: (0.0111814870099931, -0.0111814870099931) P1 Winnings: 42.0
Choosing model 4
[0.12971049302317775, 4.178265394791104e-05, 0.015863258668536065, 0.08265712284520003, 0.7717273428091382]
Games played: 115
Exploitability: P1=2.600000000 P2=0.011344291 EV: (0.0111814870099931, -0.0111814870099931) P1 Winnings: 41.0
Choosing model 4
[0.1407539912151046, 4.6811735493910685e-05, 0.01822688237966345, 0.08110185110114318, 0.7598704635685949]
Games played: 116
Exploitability: P1=2.600000000 P2=0.011344291 EV: (0.0111814870099931, -0.0111814870099931) P1 Winnings: 42.0
Choosing model 4
[0.14075404540734304, 4.68117985500727e-05, 0.01822689160272371, 0.0811019107121935, 0.7598703404791898]
Games played: 117
Exploitability: P1=2.600000000 P2=0.011344291 EV: (0.0111814870099931, -0.0111814870099931) P1 Winnings: 39.0
Choosing model 4
[0.14075409553480556, 4.681185688399924e-05, 0.018226900135377127, 0.08110196587251589, 0.7598702266004174]
Games played: 118
Exploitability: P1=2.600000000 P2=0.011344291 EV: (0.0111814870099931, -0.0111814870099931) P1 Winnings: 38.0
Choosing model 4
[0.1289633930098491, 2.942821016560695e-05, 0.01614706565202545, 0.06689021025031526, 0.7879699028776446]
Games played: 119
Exploitability: P1=2.600000000 P2=0.011344291 EV: (0.0111814870099931, -0.0111814870099931) P1 Winnings: 38.0
Choosing model 4
[0.12197644253364116, 2.1355899539904246e-05, 0.014946403125347911, 0.05906511263117949, 0.8039906858102915]
Games played: 120
Exploitability: P1=2.600000000 P2=0.011344291 EV: (0.0111814870099931, -0.0111814870099931) P1 Winnings: 38.0
Choosing model 4
[0.12542370780654163, 2.3511481436362038e-05, 0.01549798664897717, 0.062228129296283845, 0.796826664766761]
Games played: 121
Exploitability: P1=2.600000000 P2=0.011344291 EV: (0.0111814870099931, -0.0111814870099931) P1 Winnings: 37.0
Choosing model 2
[0.12542375562766594, 2.351151132600842e-05, 0.015497994293775434, 0.06222817318437549, 0.7968265653828572]
Games played: 122
Exploitability: P1=4.600000000 P2=0.011344291 EV: (-0.4774236403802184, 0.4774236403802184) P1 Winnings: 36.0
Choosing model 4
[0.11980399498157382, 1.8195815076796134e-05, 0.014548456584417129, 0.05624594986828851, 0.8093834027506437]
Games played: 123
Exploitability: P1=2.600000000 P2=0.011344291 EV: (0.0111814870099931, -0.0111814870099931) P1 Winnings: 37.0
Choosing model 4
[0.11557685071522023, 1.4125935849078639e-05, 0.013932997511733328, 0.04993999274244744, 0.82053603309475]
Games played: 124
Exploitability: P1=2.600000000 P2=0.011344291 EV: (0.0111814870099931, -0.0111814870099931) P1 Winnings: 38.0
Choosing model 3
[0.11138337886255749, 1.095501358398796e-05, 0.013329755158572314, 0.044295098316951206, 0.830980812648335]
Games played: 125
Exploitability: P1=1.933333333 P2=0.011344291 EV: (-0.10232688276825011, 0.10232688276825011) P1 Winnings: 39.0
Choosing model 4
[0.1321204732249624, 2.0646755932304995e-05, 0.016668859136311897, 0.06141711215440465, 0.7897729087283888]
Games played: 126
Exploitability: P1=2.600000000 P2=0.011344291 EV: (0.0111814870099931, -0.0111814870099931) P1 Winnings: 39.0
Choosing model 4
[0.12476078776629967, 1.5090456747256319e-05, 0.015403609774930575, 0.054162096257854474, 0.8056584157441681]
Games played: 127
Exploitability: P1=2.600000000 P2=0.011344291 EV: (0.0111814870099931, -0.0111814870099931) P1 Winnings: 42.0
Choosing model 4
[0.1354476513223784, 1.691487790189687e-05, 0.017707214774031376, 0.053168414450131395, 0.7936598045755568]
Games played: 128
Exploitability: P1=2.600000000 P2=0.011344291 EV: (0.0111814870099931, -0.0111814870099931) P1 Winnings: 43.0
Choosing model 4
[0.15236326237877626, 2.7528918288625737e-05, 0.020726810142073136, 0.06737459021553384, 0.7595078083453282]
Games played: 129
Exploitability: P1=2.600000000 P2=0.011344291 EV: (0.0111814870099931, -0.0111814870099931) P1 Winnings: 42.0
Choosing model 4
[0.12289743913451355, 1.7230109421440038e-05, 0.013145972592346325, 0.06729943286869122, 0.7966399252950275]
Games played: 130
Exploitability: P1=2.600000000 P2=0.011344291 EV: (0.0111814870099931, -0.0111814870099931) P1 Winnings: 49.0
Choosing model 4
[0.11728578680065932, 1.3244296496211113e-05, 0.012324032886632657, 0.06068824753405694, 0.8096886884821548]
Games played: 131
Exploitability: P1=2.600000000 P2=0.011344291 EV: (0.0111814870099931, -0.0111814870099931) P1 Winnings: 49.0
Choosing model 0
[0.11728583238358595, 1.32443134310373e-05, 0.012324039056642621, 0.06068829078348336, 0.809688593462857]
Games played: 132
Exploitability: P1=1.900000000 P2=0.011344291 EV: (-0.08758299626371578, 0.08758299626371578) P1 Winnings: 48.0
Choosing model 0
[0.11057063247915128, 9.664207865067296e-06, 0.01136988178064135, 0.053431483289872204, 0.8246183382424701]
Games played: 133
Exploitability: P1=1.900000000 P2=0.011344291 EV: (-0.08758299626371578, 0.08758299626371578) P1 Winnings: 48.0
Choosing model 4
[0.10419705900925984, 6.987574285389622e-06, 0.010485887277802539, 0.04700800942585701, 0.8383020567127952]
Games played: 134
Exploitability: P1=2.600000000 P2=0.011344291 EV: (0.0111814870099931, -0.0111814870099931) P1 Winnings: 49.0
Choosing model 4
[0.0980500599436609, 5.045025301022435e-06, 0.009656753722953592, 0.04129744913969264, 0.8509906921683918]
Games played: 135
Exploitability: P1=2.600000000 P2=0.011344291 EV: (0.0111814870099931, -0.0111814870099931) P1 Winnings: 49.0
Choosing model 4
[0.09203215590972452, 3.66519979837164e-06, 0.008870161591556767, 0.03620037289722761, 0.8628936444016927]
Games played: 136
Exploitability: P1=2.600000000 P2=0.011344291 EV: (0.0111814870099931, -0.0111814870099931) P1 Winnings: 52.0
Choosing model 2
[0.09490091610348539, 4.046568680507036e-06, 0.009223532005007579, 0.03824686912579427, 0.8576246361970322]
Games played: 137
Exploitability: P1=4.600000000 P2=0.011344291 EV: (-0.4774236403802184, 0.4774236403802184) P1 Winnings: 51.0
Choosing model 4
[0.11351646545510408, 5.7163250010176905e-06, 0.012221312935927549, 0.04111446917407325, 0.833142036109894]
Games played: 138
Exploitability: P1=2.600000000 P2=0.011344291 EV: (0.0111814870099931, -0.0111814870099931) P1 Winnings: 56.0
Choosing model 3
[0.11690727854963609, 6.303156004190498e-06, 0.012692158115632944, 0.043383982348858846, 0.8270102778298679]
Games played: 139
Exploitability: P1=1.933333333 P2=0.011344291 EV: (-0.10232688276825011, 0.10232688276825011) P1 Winnings: 55.0
Choosing model 0
[0.11121866974146132, 4.829837381617926e-06, 0.011861215409006306, 0.038999245075815314, 0.8379160399363355]
Games played: 140
Exploitability: P1=1.900000000 P2=0.011344291 EV: (-0.08758299626371578, 0.08758299626371578) P1 Winnings: 55.0
Choosing model 4
[0.10054672510148181, 2.99588619620459e-06, 0.010367995813452833, 0.031737462664531625, 0.8573448205343375]
Games played: 141
Exploitability: P1=2.600000000 P2=0.011344291 EV: (0.0111814870099931, -0.0111814870099931) P1 Winnings: 58.0
Choosing model 4
[0.0954131801733125, 2.289834320682422e-06, 0.009664799048757673, 0.028457928550061656, 0.8664618023935474]
Games played: 142
Exploitability: P1=2.600000000 P2=0.011344291 EV: (0.0111814870099931, -0.0111814870099931) P1 Winnings: 59.0
Choosing model 4
[0.09321340680728189, 2.019715309854889e-06, 0.00936652038244294, 0.027095040637966954, 0.8703230124569984]
Games played: 143
Exploitability: P1=2.600000000 P2=0.011344291 EV: (0.0111814870099931, -0.0111814870099931) P1 Winnings: 56.0
Choosing model 4
[0.09321344694076718, 2.0197179770041668e-06, 0.009366525464296664, 0.02709506108268308, 0.870322946794276]
Games played: 144
Exploitability: P1=2.600000000 P2=0.011344291 EV: (0.0111814870099931, -0.0111814870099931) P1 Winnings: 55.0
Choosing model 4
[0.10161188690345753, 2.2731588787468525e-06, 0.010811323007691517, 0.026706744816399126, 0.8608677721135731]
Games played: 145
Exploitability: P1=2.600000000 P2=0.011344291 EV: (0.0111814870099931, -0.0111814870099931) P1 Winnings: 56.0
Choosing model 4
[0.12578323309297623, 3.2751832658692656e-06, 0.015475541353937212, 0.027293588073453907, 0.8314443622963668]
Games played: 146
Exploitability: P1=2.600000000 P2=0.011344291 EV: (0.0111814870099931, -0.0111814870099931) P1 Winnings: 59.0
Choosing model 4
[0.1365295770973654, 3.670394198618889e-06, 0.017786242867350466, 0.02678733434876344, 0.8188931752923221]
Games played: 147
Exploitability: P1=2.600000000 P2=0.011344291 EV: (0.0111814870099931, -0.0111814870099931) P1 Winnings: 60.0
Choosing model 4
[0.1298494608837644, 2.8116704885669647e-06, 0.01661709864167665, 0.02407318450057054, 0.8294574443034998]
Games played: 148
Exploitability: P1=2.600000000 P2=0.011344291 EV: (0.0111814870099931, -0.0111814870099931) P1 Winnings: 61.0
Choosing model 0
[0.13376247830776752, 3.101108998271251e-06, 0.017261728124371278, 0.025408541515124967, 0.823564150943738]
Games played: 149
Exploitability: P1=1.900000000 P2=0.011344291 EV: (-0.08758299626371578, 0.08758299626371578) P1 Winnings: 60.0
Choosing model 4
[0.13376253268970661, 3.1011130190394566e-06, 0.017261737075548785, 0.0254085600775076, 0.823564069044218]
Games played: 150
Exploitability: P1=2.600000000 P2=0.011344291 EV: (0.0111814870099931, -0.0111814870099931) P1 Winnings: 59.0
Choosing model 4
[0.16367056069638358, 4.416530756263689e-06, 0.02442358175557214, 0.025667145917432622, 0.7862342950998553]
Games played: 151
Exploitability: P1=2.600000000 P2=0.011344291 EV: (0.0111814870099931, -0.0111814870099931) P1 Winnings: 62.0
Choosing model 4
[0.18903732221119227, 8.22406063415371e-06, 0.029629571248622963, 0.0343947211660113, 0.7469301613135393]
Games played: 152
Exploitability: P1=2.600000000 P2=0.011344291 EV: (0.0111814870099931, -0.0111814870099931) P1 Winnings: 51.0
Choosing model 4
[0.20342569201381272, 9.137295303995211e-06, 0.03376120889117794, 0.03346685580991714, 0.7293371059897882]
Games played: 153
Exploitability: P1=2.600000000 P2=0.011344291 EV: (0.0111814870099931, -0.0111814870099931) P1 Winnings: 52.0
Choosing model 4
[0.21844811679356843, 1.013055586624097e-05, 0.03838794542330542, 0.03249543012129346, 0.7106583771059665]
Games played: 154
Exploitability: P1=2.600000000 P2=0.011344291 EV: (0.0111814870099931, -0.0111814870099931) P1 Winnings: 53.0
Choosing model 4
[0.21844819820980865, 1.0130569387545606e-05, 0.0383879643755548, 0.03249545360586004, 0.710658253239389]
Games played: 155
Exploitability: P1=2.600000000 P2=0.011344291 EV: (0.0111814870099931, -0.0111814870099931) P1 Winnings: 50.0
Choosing model 0
[0.2114138270585063, 7.88978076484357e-06, 0.03688145832787448, 0.028944442431872178, 0.7227523824009822]
Games played: 156
Exploitability: P1=1.900000000 P2=0.011344291 EV: (-0.08758299626371578, 0.08758299626371578) P1 Winnings: 51.0
Choosing model 4
[0.22672748934235112, 8.735923824290179e-06, 0.04188063449666546, 0.028067313990478907, 0.7033158262466802]
Games played: 157
Exploitability: P1=2.600000000 P2=0.011344291 EV: (0.0111814870099931, -0.0111814870099931) P1 Winnings: 52.0
Choosing model 4
[0.23239380547531507, 9.587108886570973e-06, 0.043288101554128974, 0.029476319710587083, 0.6948321861510823]
Games played: 158
Exploitability: P1=2.600000000 P2=0.011344291 EV: (0.0111814870099931, -0.0111814870099931) P1 Winnings: 51.0
Choosing model 4
[0.2209373303501374, 6.993212457011942e-06, 0.0402760306432716, 0.02616235149035566, 0.7126172943037784]
Games played: 159
Exploitability: P1=2.600000000 P2=0.011344291 EV: (0.0111814870099931, -0.0111814870099931) P1 Winnings: 51.0
Choosing model 4
[0.22655106270234227, 7.67771836146334e-06, 0.041646507080288914, 0.02748690328402424, 0.7043078492149831]
Games played: 160
Exploitability: P1=2.600000000 P2=0.011344291 EV: (0.0111814870099931, -0.0111814870099931) P1 Winnings: 50.0
Choosing model 4
[0.23222538993155412, 8.426247803284157e-06, 0.04304840829821202, 0.02886831582594074, 0.6958494596964898]
Games played: 161
Exploitability: P1=2.600000000 P2=0.011344291 EV: (0.0111814870099931, -0.0111814870099931) P1 Winnings: 49.0
Choosing model 0
[0.22800346439398922, 7.469337089521461e-06, 0.04192801360144467, 0.02762292762054275, 0.7024381250469338]
Games played: 162
Exploitability: P1=1.900000000 P2=0.011344291 EV: (-0.08758299626371578, 0.08758299626371578) P1 Winnings: 46.0
Choosing model 2
[0.20948035018567357, 4.708542282478373e-06, 0.03724616127560857, 0.022845323905066155, 0.7304234560913692]
Games played: 163
Exploitability: P1=4.600000000 P2=0.011344291 EV: (-0.4774236403802184, 0.4774236403802184) P1 Winnings: 49.0
Choosing model 2
[0.19706980501626464, 3.924770120204245e-06, 0.032236091573419355, 0.022622400708582104, 0.7480677779316137]
Games played: 164
Exploitability: P1=4.600000000 P2=0.011344291 EV: (-0.4774236403802184, 0.4774236403802184) P1 Winnings: 58.0
Choosing model 0
[0.18628800981641463, 2.871585877582283e-06, 0.02982056415889484, 0.0199710840561825, 0.7639174703826305]
Games played: 165
Exploitability: P1=1.900000000 P2=0.011344291 EV: (-0.08758299626371578, 0.08758299626371578) P1 Winnings: 55.0
Choosing model 3
[0.20832999425967172, 4.518450105154357e-06, 0.0346288214406765, 0.024988206821955235, 0.7320484590275913]
Games played: 166
Exploitability: P1=1.933333333 P2=0.011344291 EV: (-0.10232688276825011, 0.10232688276825011) P1 Winnings: 60.0
Choosing model 4
[0.2235676520420529, 5.006333381950318e-06, 0.039348596961440795, 0.024246950728966, 0.7128317939341583]
Games played: 167
Exploitability: P1=2.600000000 P2=0.011344291 EV: (0.0111814870099931, -0.0111814870099931) P1 Winnings: 61.0
Choosing model 4
[0.22926298055596103, 5.496714598494721e-06, 0.04069013570866131, 0.02547616980471211, 0.704565217216067]
Games played: 168
Exploitability: P1=2.600000000 P2=0.011344291 EV: (0.0111814870099931, -0.0111814870099931) P1 Winnings: 60.0
Choosing model 4
[0.2196679166148021, 4.242034456737676e-06, 0.03829829226467482, 0.023065213124860977, 0.7189643359612053]
Games played: 169
Exploitability: P1=2.600000000 P2=0.011344291 EV: (0.0111814870099931, -0.0111814870099931) P1 Winnings: 61.0
Choosing model 4
[0.23532776033787228, 4.691954957316308e-06, 0.043443050801859784, 0.022342351321108796, 0.6988821455842018]
Games played: 170
Exploitability: P1=2.600000000 P2=0.011344291 EV: (0.0111814870099931, -0.0111814870099931) P1 Winnings: 62.0
Choosing model 4
[0.22771150221864186, 3.6535226156978144e-06, 0.04173113568547606, 0.01989749236103681, 0.7106562162122295]
Games played: 171
Exploitability: P1=2.600000000 P2=0.011344291 EV: (0.0111814870099931, -0.0111814870099931) P1 Winnings: 63.0
Choosing model 0
[0.22342773249125186, 3.236532683995443e-06, 0.04061886256076965, 0.019026853253752963, 0.7169233151615415]
Games played: 172
Exploitability: P1=1.900000000 P2=0.011344291 EV: (-0.08758299626371578, 0.08758299626371578) P1 Winnings: 60.0
Choosing model 4
[0.23917306486512893, 3.5770770903158215e-06, 0.04604021310898455, 0.01841649729947395, 0.6963666476493222]
Games played: 173
Exploitability: P1=2.600000000 P2=0.011344291 EV: (0.0111814870099931, -0.0111814870099931) P1 Winnings: 61.0
Choosing model 4
[0.2451382424617913, 3.925414766942011e-06, 0.04758510619601929, 0.019340062332219653, 0.6879326635952028]
Games played: 174
Exploitability: P1=2.600000000 P2=0.011344291 EV: (0.0111814870099931, -0.0111814870099931) P1 Winnings: 60.0
Choosing model 4
[0.2615553777583772, 4.3242545358020015e-06, 0.05375984467355859, 0.01865843996334618, 0.6660220133501822]
Games played: 175
Exploitability: P1=2.600000000 P2=0.011344291 EV: (0.0111814870099931, -0.0111814870099931) P1 Winnings: 61.0
Choosing model 4
[0.26775828494349074, 4.739679399454208e-06, 0.05549734250597541, 0.019570712169968682, 0.6571689207011657]
Games played: 176
Exploitability: P1=2.600000000 P2=0.011344291 EV: (0.0111814870099931, -0.0111814870099931) P1 Winnings: 60.0
Choosing model 4
[0.274008124062274, 5.193115009521075e-06, 0.05727005861381901, 0.020520086542941907, 0.6481965376659555]
Games played: 177
Exploitability: P1=2.600000000 P2=0.011344291 EV: (0.0111814870099931, -0.0111814870099931) P1 Winnings: 59.0
Choosing model 4
[0.29280400552391894, 4.774740891160497e-06, 0.06627965884171279, 0.017797088211300903, 0.6231144726821762]
Games played: 178
Exploitability: P1=2.600000000 P2=0.011344291 EV: (0.0111814870099931, -0.0111814870099931) P1 Winnings: 62.0
Choosing model 0
[0.2928041011510462, 4.774747043858677e-06, 0.06627968850790356, 0.017797100252662974, 0.6231143353413434]
Games played: 179
Exploitability: P1=1.900000000 P2=0.011344291 EV: (-0.08758299626371578, 0.08758299626371578) P1 Winnings: 59.0
Choosing model 0
[0.3100148771721102, 5.219499503403504e-06, 0.07430537246320865, 0.017038034810953284, 0.5986364960542244]
Games played: 180
Exploitability: P1=1.900000000 P2=0.011344291 EV: (-0.08758299626371578, 0.08758299626371578) P1 Winnings: 60.0
Choosing model 4
[0.3165345854197611, 5.705923456306811e-06, 0.07650569433174832, 0.017824205334642525, 0.5891298089903918]
Games played: 181
Exploitability: P1=2.600000000 P2=0.011344291 EV: (0.0111814870099931, -0.0111814870099931) P1 Winnings: 51.0
Choosing model 4
[0.3030531100115112, 4.228304795103293e-06, 0.07168032991059355, 0.015936974780943556, 0.6093253569921566]
Games played: 182
Exploitability: P1=2.600000000 P2=0.011344291 EV: (0.0111814870099931, -0.0111814870099931) P1 Winnings: 44.0
Choosing model 4
[0.2896328491222772, 3.127792472034414e-06, 0.0670405718966265, 0.014224370035303385, 0.6290990811533209]
Games played: 183
Exploitability: P1=2.600000000 P2=0.011344291 EV: (0.0111814870099931, -0.0111814870099931) P1 Winnings: 47.0
Choosing model 4
[0.289632937809253, 3.127796213521343e-06, 0.0670405999333346, 0.014224378999580742, 0.6290989554616182]
Games played: 184
Exploitability: P1=2.600000000 P2=0.011344291 EV: (0.0111814870099931, -0.0111814870099931) P1 Winnings: 46.0
Choosing model 4
[0.3067116428128827, 3.419746188988162e-06, 0.07517173626577253, 0.013620106461079404, 0.6044930947140764]
Games played: 185
Exploitability: P1=2.600000000 P2=0.011344291 EV: (0.0111814870099931, -0.0111814870099931) P1 Winnings: 47.0
Choosing model 2
[0.3067117326913534, 3.4197502346882955e-06, 0.07517176671327631, 0.013620114865226386, 0.6044929659799093]
Games played: 186
Exploitability: P1=4.600000000 P2=0.011344291 EV: (-0.4774236403802184, 0.4774236403802184) P1 Winnings: 46.0
Choosing model 4
[0.2925824035019408, 2.890434657629498e-06, 0.06597154223521351, 0.01367612807180116, 0.6277670357563868]
Games played: 187
Exploitability: P1=2.600000000 P2=0.011344291 EV: (0.0111814870099931, -0.0111814870099931) P1 Winnings: 55.0
Choosing model 4
[0.22522847318902164, 1.2763073783132174e-06, 0.03740069749494242, 0.012816979758869727, 0.724552573249788]
Games played: 188
Exploitability: P1=2.600000000 P2=0.011344291 EV: (0.0111814870099931, -0.0111814870099931) P1 Winnings: 62.0
Choosing model 4
[0.22522855388427085, 1.2763089715071167e-06, 0.037400715083817475, 0.012816988503670863, 0.7245524662192693]
Games played: 189
Exploitability: P1=2.600000000 P2=0.011344291 EV: (0.0111814870099931, -0.0111814870099931) P1 Winnings: 61.0
Choosing model 4
[0.2516571345407712, 2.0632560025971007e-06, 0.04348496588508567, 0.016132639843787953, 0.6887231964743525]
Games played: 190
Exploitability: P1=2.600000000 P2=0.011344291 EV: (0.0111814870099931, -0.0111814870099931) P1 Winnings: 50.0
Choosing model 0
[0.26851293812704463, 2.272909787038051e-06, 0.049128044729620055, 0.015564181338178933, 0.6667925628953694]
Games played: 191
Exploitability: P1=1.900000000 P2=0.011344291 EV: (-0.08758299626371578, 0.08758299626371578) P1 Winnings: 51.0
Choosing model 4
[0.255618033353967, 1.6601715964804848e-06, 0.04577088614985515, 0.013832845232757327, 0.6847765750918241]
Games played: 192
Exploitability: P1=2.600000000 P2=0.011344291 EV: (0.0111814870099931, -0.0111814870099931) P1 Winnings: 52.0
Choosing model 4
[0.25561811946863633, 1.6601736333287197e-06, 0.04577090669587261, 0.013832854374730476, 0.6847764592871273]
Games played: 193
Exploitability: P1=2.600000000 P2=0.011344291 EV: (0.0111814870099931, -0.0111814870099931) P1 Winnings: 51.0
Choosing model 4
[0.2725297546003817, 1.8274643509443246e-06, 0.05167091853379048, 0.013335182658156117, 0.6624623167433207]
Games played: 194
Exploitability: P1=2.600000000 P2=0.011344291 EV: (0.0111814870099931, -0.0111814870099931) P1 Winnings: 52.0
Choosing model 0
[0.26773637667101474, 1.620908343349693e-06, 0.05035644731190331, 0.012767590287812894, 0.6691379648209257]
Games played: 195
Exploitability: P1=1.900000000 P2=0.011344291 EV: (-0.08758299626371578, 0.08758299626371578) P1 Winnings: 49.0
Choosing model 4
[0.2741662307042867, 1.7771475622194462e-06, 0.051999190250110655, 0.013395766039066555, 0.6604370358589738]
Games played: 196
Exploitability: P1=2.600000000 P2=0.011344291 EV: (0.0111814870099931, -0.0111814870099931) P1 Winnings: 48.0
Choosing model 2
[0.26085512919187864, 1.3087348812977923e-06, 0.0484161953356093, 0.01190285398213521, 0.6788245127554956]
Games played: 197
Exploitability: P1=4.600000000 P2=0.011344291 EV: (-0.4774236403802184, 0.4774236403802184) P1 Winnings: 41.0
Choosing model 0
[0.23862769476734644, 8.049987855487741e-07, 0.04273192311350347, 0.009738356170941691, 0.7089012209494229]
Games played: 198
Exploitability: P1=1.900000000 P2=0.011344291 EV: (-0.08758299626371578, 0.08758299626371578) P1 Winnings: 46.0
Choosing model 0
[0.256440883295142, 7.44337565050866e-07, 0.049734518671379284, 0.00849392190228419, 0.6853299317936294]
Games played: 199
Exploitability: P1=1.900000000 P2=0.011344291 EV: (-0.08758299626371578, 0.08758299626371578) P1 Winnings: 49.0
Choosing model 2
[0.262786693221748, 8.166660394810436e-07, 0.05139358857294946, 0.008918183537348079, 0.676900718001915]
Games played: 200
Exploitability: P1=4.600000000 P2=0.011344291 EV: (-0.4774236403802184, 0.4774236403802184) P1 Winnings: 48.0
