Player 1 exploitability: 0.163563306651
Choosing model 2
[0.20396124844724672, 0.2105817708859842, 0.21596433592023306, 0.18442191860964258, 0.18507072613689338]
Games played: 1
Exploitability: P1=4.600000000 P2=0.077911293 EV: (0.06906157376064778, -0.06906157376064778) P1 Winnings: 1.0
Choosing model 0
[0.20710291532601832, 0.18945683526868676, 0.2017458708297651, 0.19711317878266682, 0.204581199792863]
Games played: 2
Exploitability: P1=1.900000000 P2=0.077911293 EV: (-0.08817927777736954, 0.08817927777736954) P1 Winnings: -8.0
Choosing model 1
[0.21507211587850197, 0.15940709316448154, 0.205898165138506, 0.19369850174467368, 0.22592412407383675]
Games played: 3
Exploitability: P1=2.800000000 P2=0.077911293 EV: (0.07791129251111148, -0.07791129251111148) P1 Winnings: -7.0
Choosing model 4
[0.21302841180601445, 0.1690516923178523, 0.20565573150528613, 0.1965765560122501, 0.21568760835859702]
Games played: 4
Exploitability: P1=2.600000000 P2=0.077911293 EV: (-0.12950370734208824, 0.12950370734208824) P1 Winnings: -14.0
Choosing model 1
[0.19450442193964926, 0.24039228337907673, 0.19755524735919544, 0.20851351224029196, 0.15903453508178672]
Games played: 5
Exploitability: P1=2.800000000 P2=0.077911293 EV: (0.07791129251111148, -0.07791129251111148) P1 Winnings: -19.0
Choosing model 2
[0.206239176553768, 0.20512017031792665, 0.20794971883064028, 0.2034855403561843, 0.17720539394148077]
Games played: 6
Exploitability: P1=4.600000000 P2=0.077911293 EV: (0.06906157376064778, -0.06906157376064778) P1 Winnings: -18.0
Choosing model 4
[0.19721247029808564, 0.18066188697772034, 0.1579926601426927, 0.25974050463821063, 0.20439247794329057]
Games played: 7
Exploitability: P1=2.600000000 P2=0.077911293 EV: (-0.12950370734208824, 0.12950370734208824) P1 Winnings: -5.0
Choosing model 4
[0.18327637122412668, 0.23205631780592434, 0.15213924555746786, 0.2683679409995603, 0.16416012441292083]
Games played: 8
Exploitability: P1=2.600000000 P2=0.077911293 EV: (-0.12950370734208824, 0.12950370734208824) P1 Winnings: -10.0
Choosing model 3
[0.18786551323105227, 0.24558797293539697, 0.16512628897546355, 0.24873453848245827, 0.152685686375629]
Games played: 9
Exploitability: P1=1.933333333 P2=0.077911293 EV: (-0.0839240667982154, 0.0839240667982154) P1 Winnings: -9.0
Choosing model 4
[0.20054344992317827, 0.20291356736901503, 0.1724988813041788, 0.24796797626445685, 0.1760761251391711]
Games played: 10
Exploitability: P1=2.600000000 P2=0.077911293 EV: (-0.12950370734208824, 0.12950370734208824) P1 Winnings: -6.0
Choosing model 2
[0.19747770110682475, 0.2139336594247112, 0.17128951605864978, 0.2501826654686018, 0.16711645794121238]
Games played: 11
Exploitability: P1=4.600000000 P2=0.077911293 EV: (0.06906157376064778, -0.06906157376064778) P1 Winnings: -7.0
Choosing model 3
[0.19747754673415846, 0.21393421400352394, 0.17128945478490903, 0.2501827773710767, 0.16711600710633198]
Games played: 12
Exploitability: P1=1.933333333 P2=0.077911293 EV: (-0.0839240667982154, 0.0839240667982154) P1 Winnings: -16.0
Choosing model 2
[0.20200667778660056, 0.22594428493883362, 0.18552951383471852, 0.23140369352818888, 0.15511582991165845]
Games played: 13
Exploitability: P1=4.600000000 P2=0.077911293 EV: (0.06906157376064778, -0.06906157376064778) P1 Winnings: -15.0
Choosing model 4
[0.2003449392002801, 0.2646400392648568, 0.2038251670950841, 0.206249678014262, 0.12494017642551693]
Games played: 14
Exploitability: P1=2.600000000 P2=0.077911293 EV: (-0.12950370734208824, 0.12950370734208824) P1 Winnings: -10.0
Choosing model 1
[0.19622941633338872, 0.2775234851611239, 0.20131607804570895, 0.20698127191797341, 0.11794974854180501]
Games played: 15
Exploitability: P1=2.800000000 P2=0.077911293 EV: (0.07791129251111148, -0.07791129251111148) P1 Winnings: -11.0
Choosing model 3
[0.1569090422461748, 0.3984926592914088, 0.17172081692346092, 0.2006184781194808, 0.07225900341947468]
Games played: 16
Exploitability: P1=1.933333333 P2=0.077911293 EV: (-0.0839240667982154, 0.0839240667982154) P1 Winnings: -4.0
Choosing model 2
[0.16398512170994367, 0.37600436615867106, 0.17803068591831692, 0.2043355442501412, 0.0776442819629272]
Games played: 17
Exploitability: P1=4.600000000 P2=0.077911293 EV: (0.06906157376064778, -0.06906157376064778) P1 Winnings: -1.0
Choosing model 4
[0.18937671424949976, 0.2979322994439793, 0.19878901521377396, 0.21241824613621887, 0.10148372495652823]
Games played: 18
Exploitability: P1=2.600000000 P2=0.077911293 EV: (-0.12950370734208824, 0.12950370734208824) P1 Winnings: -1.0
Choosing model 1
[0.19097695701976783, 0.3102023563366126, 0.2122663493836649, 0.19369173300568232, 0.09286260425427242]
Games played: 19
Exploitability: P1=2.800000000 P2=0.077911293 EV: (0.07791129251111148, -0.07791129251111148) P1 Winnings: 0.0
Choosing model 1
[0.20470236350167842, 0.2693930882523883, 0.22360060031063878, 0.196456171914012, 0.10584777602128245]
Games played: 20
Exploitability: P1=2.800000000 P2=0.077911293 EV: (0.07791129251111148, -0.07791129251111148) P1 Winnings: 1.0
Choosing model 2
[0.22161661439199679, 0.22020911634306709, 0.23670284645081108, 0.19786746145725115, 0.12360396135687393]
Games played: 21
Exploitability: P1=4.600000000 P2=0.077911293 EV: (0.06906157376064778, -0.06906157376064778) P1 Winnings: 4.0
Choosing model 0
[0.20437679815331714, 0.2969434278387865, 0.27755445887662905, 0.14659076131776977, 0.07453455381349765]
Games played: 22
Exploitability: P1=1.900000000 P2=0.077911293 EV: (-0.08817927777736954, 0.08817927777736954) P1 Winnings: 9.0
Choosing model 1
[0.19954175854657683, 0.3104090500206203, 0.2732658310669357, 0.14664283264525602, 0.07014052772061119]
Games played: 23
Exploitability: P1=2.800000000 P2=0.077911293 EV: (0.07791129251111148, -0.07791129251111148) P1 Winnings: 8.0
Choosing model 0
[0.20300757479479925, 0.2908759326845464, 0.22089157192567457, 0.19915086996194784, 0.08607405063303199]
Games played: 24
Exploitability: P1=1.900000000 P2=0.077911293 EV: (-0.08817927777736954, 0.08817927777736954) P1 Winnings: -5.0
Choosing model 4
[0.21694753458445512, 0.25185454247988354, 0.231991177046363, 0.20138986641691997, 0.09781687947237827]
Games played: 25
Exploitability: P1=2.600000000 P2=0.077911293 EV: (-0.12950370734208824, 0.12950370734208824) P1 Winnings: -6.0
Choosing model 2
[0.19151109828260995, 0.32166255782725195, 0.21310033185850163, 0.2002675037857979, 0.07345850824583855]
Games played: 26
Exploitability: P1=4.600000000 P2=0.077911293 EV: (0.06906157376064778, -0.06906157376064778) P1 Winnings: -7.0
Choosing model 0
[0.21852886880307823, 0.24679562932818777, 0.234606106175731, 0.2043800206644949, 0.09568937502850815]
Games played: 27
Exploitability: P1=1.900000000 P2=0.077911293 EV: (-0.08817927777736954, 0.08817927777736954) P1 Winnings: -12.0
Choosing model 2
[0.21852881117160458, 0.24679578389056597, 0.23460607058022187, 0.204380032983666, 0.09568930137394166]
Games played: 28
Exploitability: P1=4.600000000 P2=0.077911293 EV: (0.06906157376064778, -0.06906157376064778) P1 Winnings: -13.0
Choosing model 2
[0.24204375466719072, 0.18379978399630448, 0.2507060060799774, 0.20245883166923595, 0.12099162358729149]
Games played: 29
Exploitability: P1=4.600000000 P2=0.077911293 EV: (0.06906157376064778, -0.06906157376064778) P1 Winnings: -18.0
Choosing model 1
[0.2269466611733011, 0.2396218736607866, 0.2601084885382921, 0.18320631246274477, 0.09011666416487538]
Games played: 30
Exploitability: P1=2.800000000 P2=0.077911293 EV: (0.07791129251111148, -0.07791129251111148) P1 Winnings: -13.0
Choosing model 1
[0.2399242943004287, 0.20524678191810894, 0.2702432655078625, 0.18327514259457506, 0.10131051567902487]
Games played: 31
Exploitability: P1=2.800000000 P2=0.077911293 EV: (0.07791129251111148, -0.07791129251111148) P1 Winnings: -12.0
Choosing model 0
[0.24580025006945336, 0.18984560095039368, 0.2746492507936667, 0.18299034366305086, 0.10671455452343549]
Games played: 32
Exploitability: P1=1.900000000 P2=0.077911293 EV: (-0.08817927777736954, 0.08817927777736954) P1 Winnings: -12.0
Choosing model 2
[0.24705743757331008, 0.19701044977004453, 0.29229972554471223, 0.166306283861696, 0.09732610325023724]
Games played: 33
Exploitability: P1=4.600000000 P2=0.077911293 EV: (0.06906157376064778, -0.06906157376064778) P1 Winnings: -11.0
Choosing model 2
[0.23897313864885725, 0.21809718454716387, 0.278922331192881, 0.17536467895947824, 0.08864266665161967]
Games played: 34
Exploitability: P1=4.600000000 P2=0.077911293 EV: (0.06906157376064778, -0.06906157376064778) P1 Winnings: -11.0
Choosing model 0
[0.23933592835803633, 0.22551840018626587, 0.29578522319189265, 0.1588055987451035, 0.0805548495187016]
Games played: 35
Exploitability: P1=1.900000000 P2=0.077911293 EV: (-0.08817927777736954, 0.08817927777736954) P1 Winnings: -10.0
Choosing model 1
[0.23933586983273925, 0.2255185457515299, 0.2957851839909396, 0.15880561136515575, 0.08055478905963548]
Games played: 36
Exploitability: P1=2.800000000 P2=0.077911293 EV: (0.07791129251111148, -0.07791129251111148) P1 Winnings: -11.0
Choosing model 0
[0.21856721488158573, 0.2776776008231034, 0.2796586665299009, 0.1606175624301278, 0.06347895533528211]
Games played: 37
Exploitability: P1=1.900000000 P2=0.077911293 EV: (-0.08817927777736954, 0.08817927777736954) P1 Winnings: -4.0
Choosing model 4
[0.22327804894035896, 0.2638780824218721, 0.2856925259940699, 0.16328161639603292, 0.06386972624766614]
Games played: 38
Exploitability: P1=2.600000000 P2=0.077911293 EV: (-0.12950370734208824, 0.12950370734208824) P1 Winnings: -7.0
Choosing model 1
[0.2224282364010689, 0.2714065479724001, 0.3013541283838793, 0.14707743765629375, 0.057733649586358016]
Games played: 39
Exploitability: P1=2.800000000 P2=0.077911293 EV: (0.07791129251111148, -0.07791129251111148) P1 Winnings: -6.0
Choosing model 0
[0.2561640007044025, 0.18741095887954273, 0.3305343958170432, 0.14578255565356846, 0.08010808894544305]
Games played: 40
Exploitability: P1=1.900000000 P2=0.077911293 EV: (-0.08817927777736954, 0.08817927777736954) P1 Winnings: -11.0
Choosing model 0
[0.2551053442164723, 0.19269460433629812, 0.3485398945244953, 0.13127193683933794, 0.0723882200833963]
Games played: 41
Exploitability: P1=1.900000000 P2=0.077911293 EV: (-0.08817927777736954, 0.08817927777736954) P1 Winnings: -10.0
Choosing model 2
[0.25080155095727485, 0.20283300629263598, 0.34553979064789336, 0.13223139729822697, 0.06859425480396901]
Games played: 42
Exploitability: P1=4.600000000 P2=0.077911293 EV: (0.06906157376064778, -0.06906157376064778) P1 Winnings: -5.0
Choosing model 2
[0.2606339480172507, 0.1867627871893965, 0.33035653046052155, 0.1446438347434212, 0.07760289958941019]
Games played: 43
Exploitability: P1=4.600000000 P2=0.077911293 EV: (0.06906157376064778, -0.06906157376064778) P1 Winnings: -14.0
Choosing model 0
[0.26959170766605217, 0.17116574226096323, 0.3143710235298051, 0.15748530986455012, 0.08738621667862938]
Games played: 44
Exploitability: P1=1.900000000 P2=0.077911293 EV: (-0.08817927777736954, 0.08817927777736954) P1 Winnings: -23.0
Choosing model 3
[0.26548886972985003, 0.18047416830426002, 0.31218872011277815, 0.15890291757571223, 0.08294532427739965]
Games played: 45
Exploitability: P1=1.933333333 P2=0.077911293 EV: (-0.0839240667982154, 0.0839240667982154) P1 Winnings: -18.0
Choosing model 0
[0.2974308646898583, 0.10811007975387552, 0.33009656502476714, 0.1488376126814663, 0.1155248778500328]
Games played: 46
Exploitability: P1=1.900000000 P2=0.077911293 EV: (-0.08817927777736954, 0.08817927777736954) P1 Winnings: -19.0
Choosing model 0
[0.28920962863162375, 0.12621964594532348, 0.327892601351778, 0.15408955729512389, 0.10258856677615094]
Games played: 47
Exploitability: P1=1.900000000 P2=0.077911293 EV: (-0.08817927777736954, 0.08817927777736954) P1 Winnings: -19.0
Choosing model 2
[0.2994162040579941, 0.10515639012539083, 0.3369940636735327, 0.14682277328749183, 0.11161056885559063]
Games played: 48
Exploitability: P1=4.600000000 P2=0.077911293 EV: (0.06906157376064778, -0.06906157376064778) P1 Winnings: -18.0
Choosing model 2
[0.2795571332768887, 0.1304887769922561, 0.42568924787899726, 0.09619710814040357, 0.06806773371145419]
Games played: 49
Exploitability: P1=4.600000000 P2=0.077911293 EV: (0.06906157376064778, -0.06906157376064778) P1 Winnings: -13.0
Choosing model 2
[0.2910508375749109, 0.10515119290111082, 0.4337101783917461, 0.09353161306801774, 0.07655617806421462]
Games played: 50
Exploitability: P1=4.600000000 P2=0.077911293 EV: (0.06906157376064778, -0.06906157376064778) P1 Winnings: -16.0
Choosing model 3
[0.28797893221746357, 0.11100108156254242, 0.43500690511125034, 0.09345353421848561, 0.07255954689025798]
Games played: 51
Exploitability: P1=1.933333333 P2=0.077911293 EV: (-0.0839240667982154, 0.0839240667982154) P1 Winnings: -11.0
Choosing model 4
[0.30744709052134495, 0.0710531554365017, 0.44230025718696286, 0.08586904803240998, 0.09333044882278049]
Games played: 52
Exploitability: P1=2.600000000 P2=0.077911293 EV: (-0.12950370734208824, 0.12950370734208824) P1 Winnings: -10.0
Choosing model 0
[0.3074470618145545, 0.07105321203959365, 0.44230026542645684, 0.08586906783631497, 0.09333039288307995]
Games played: 53
Exploitability: P1=1.900000000 P2=0.077911293 EV: (-0.08817927777736954, 0.08817927777736954) P1 Winnings: -11.0
Choosing model 2
[0.3010472837754384, 0.0835376275776221, 0.44243091332029594, 0.08952305875165414, 0.08346111657498949]
Games played: 54
Exploitability: P1=4.600000000 P2=0.077911293 EV: (0.06906157376064778, -0.06906157376064778) P1 Winnings: -11.0
Choosing model 2
[0.29835887831387686, 0.08832985812034604, 0.4444822163312837, 0.08959517192331273, 0.07923387531118052]
Games played: 55
Exploitability: P1=4.600000000 P2=0.077911293 EV: (0.06906157376064778, -0.06906157376064778) P1 Winnings: -6.0
Choosing model 2
[0.2810617346956785, 0.07488914963175536, 0.5325623755009508, 0.05491611605320128, 0.056570624118413924]
Games played: 56
Exploitability: P1=4.600000000 P2=0.077911293 EV: (0.06906157376064778, -0.06906157376064778) P1 Winnings: -3.0
Choosing model 0
[0.27466970329549134, 0.07556158289684213, 0.5510790407025065, 0.04852591401725256, 0.050163759087907545]
Games played: 57
Exploitability: P1=1.900000000 P2=0.077911293 EV: (-0.08817927777736954, 0.08817927777736954) P1 Winnings: -2.0
Choosing model 4
[0.27212473549793936, 0.08015244255027029, 0.5505617981187255, 0.04925870866110636, 0.04790231517195845]
Games played: 58
Exploitability: P1=2.600000000 P2=0.077911293 EV: (-0.12950370734208824, 0.12950370734208824) P1 Winnings: -3.0
Choosing model 0
[0.28033926701969597, 0.06391094633624256, 0.5550481135314049, 0.04739112528165245, 0.05331054783100402]
Games played: 59
Exploitability: P1=1.900000000 P2=0.077911293 EV: (-0.08817927777736954, 0.08817927777736954) P1 Winnings: 0.0
Choosing model 3
[0.27847829361049764, 0.06574133485568874, 0.5573403273360505, 0.048410217411584404, 0.050029826786178594]
Games played: 60
Exploitability: P1=1.933333333 P2=0.077911293 EV: (-0.0839240667982154, 0.0839240667982154) P1 Winnings: 0.0
Choosing model 3
[0.2760729348092313, 0.06977975772989849, 0.5571701846582546, 0.049172417008945604, 0.047804705793670146]
Games played: 61
Exploitability: P1=1.933333333 P2=0.077911293 EV: (-0.0839240667982154, 0.0839240667982154) P1 Winnings: -11.0
Choosing model 0
[0.2528220395311277, 0.11475121195209455, 0.5443015764327511, 0.05458441688106761, 0.03354075520295918]
Games played: 62
Exploitability: P1=1.900000000 P2=0.077911293 EV: (-0.08817927777736954, 0.08817927777736954) P1 Winnings: -14.0
Choosing model 2
[0.24418074806265672, 0.13307234995089792, 0.5370317711363144, 0.056130506667178254, 0.029584624182952764]
Games played: 63
Exploitability: P1=4.600000000 P2=0.077911293 EV: (0.06906157376064778, -0.06906157376064778) P1 Winnings: -14.0
Choosing model 0
[0.23757465422665272, 0.13367482497745173, 0.5532520631726093, 0.04938016339175638, 0.02611829423152985]
Games played: 64
Exploitability: P1=1.900000000 P2=0.077911293 EV: (-0.08817927777736954, 0.08817927777736954) P1 Winnings: -13.0
Choosing model 2
[0.2307113980005476, 0.13402681002043387, 0.5688874639524913, 0.043359707295932165, 0.02301462073059496]
Games played: 65
Exploitability: P1=4.600000000 P2=0.077911293 EV: (0.06906157376064778, -0.06906157376064778) P1 Winnings: -12.0
Choosing model 2
[0.2236563789404208, 0.13414578506371863, 0.5839463911391769, 0.03800698806303867, 0.020244456793644998]
Games played: 66
Exploitability: P1=4.600000000 P2=0.077911293 EV: (0.06906157376064778, -0.06906157376064778) P1 Winnings: -11.0
Choosing model 2
[0.2200284977026514, 0.14079778366761067, 0.582338221577991, 0.03775778775245564, 0.019077709299291472]
Games played: 67
Exploitability: P1=4.600000000 P2=0.077911293 EV: (0.06906157376064778, -0.06906157376064778) P1 Winnings: -6.0
Choosing model 2
[0.21290539472293715, 0.1406619594509786, 0.5966469225192523, 0.03303536788576207, 0.016750355421069882]
Games played: 68
Exploitability: P1=4.600000000 P2=0.077911293 EV: (0.06906157376064778, -0.06906157376064778) P1 Winnings: -5.0
Choosing model 0
[0.22124447828727645, 0.1184300482146675, 0.6093307646450065, 0.03248460771109032, 0.018510101141959258]
Games played: 69
Exploitability: P1=1.900000000 P2=0.077911293 EV: (-0.08817927777736954, 0.08817927777736954) P1 Winnings: -4.0
Choosing model 2
[0.22124443961219, 0.1184301329152022, 0.6093307263748872, 0.03248461255758541, 0.01851008854013527]
Games played: 70
Exploitability: P1=4.600000000 P2=0.077911293 EV: (0.06906157376064778, -0.06906157376064778) P1 Winnings: -5.0
Choosing model 2
[0.2070768117616841, 0.15320611272674572, 0.5909414076568057, 0.033803032283553386, 0.01497263557121122]
Games played: 71
Exploitability: P1=4.600000000 P2=0.077911293 EV: (0.06906157376064778, -0.06906157376064778) P1 Winnings: -14.0
Choosing model 2
[0.1800439209747371, 0.18403876513693054, 0.600340812424091, 0.026154975250125948, 0.009421526214115431]
Games played: 72
Exploitability: P1=4.600000000 P2=0.077911293 EV: (0.06906157376064778, -0.06906157376064778) P1 Winnings: -5.0
Choosing model 2
[0.16464030235848406, 0.19875064402722886, 0.6081177941896753, 0.021494252602521274, 0.006997006822090581]
Games played: 73
Exploitability: P1=4.600000000 P2=0.077911293 EV: (0.06906157376064778, -0.06906157376064778) P1 Winnings: 0.0
Choosing model 0
[0.14888979051047346, 0.25289374731224684, 0.571046444888209, 0.021747916941351735, 0.0054221003477190185]
Games played: 74
Exploitability: P1=1.900000000 P2=0.077911293 EV: (-0.08817927777736954, 0.08817927777736954) P1 Winnings: 5.0
Choosing model 2
[0.1399334355311458, 0.28538341157075714, 0.5482667492660424, 0.021762462783349146, 0.004653940848705666]
Games played: 75
Exploitability: P1=4.600000000 P2=0.077911293 EV: (0.06906157376064778, -0.06906157376064778) P1 Winnings: 5.0
Choosing model 3
[0.1580150050169894, 0.21668439724238756, 0.5973227491407911, 0.021978495352556523, 0.005999353247275395]
Games played: 76
Exploitability: P1=1.933333333 P2=0.077911293 EV: (-0.0839240667982154, 0.0839240667982154) P1 Winnings: 0.0
Choosing model 2
[0.1580149599609479, 0.21668454390822542, 0.5973226510977009, 0.021978496778143883, 0.005999348254982019]
Games played: 77
Exploitability: P1=4.600000000 P2=0.077911293 EV: (0.06906157376064778, -0.06906157376064778) P1 Winnings: -3.0
Choosing model 2
[0.12408148285184947, 0.22614079640133167, 0.6345895344194007, 0.012111001844577694, 0.003077184482840361]
Games played: 78
Exploitability: P1=4.600000000 P2=0.077911293 EV: (0.06906157376064778, -0.06906157376064778) P1 Winnings: 2.0
Choosing model 2
[0.15617803600331145, 0.1501419390503332, 0.6740057378810742, 0.014434981065798255, 0.005239305999482824]
Games played: 79
Exploitability: P1=4.600000000 P2=0.077911293 EV: (0.06906157376064778, -0.06906157376064778) P1 Winnings: -3.0
Choosing model 2
[0.15365168210118998, 0.15815314354574864, 0.6686762021210991, 0.014550758162161476, 0.004968214069800765]
Games played: 80
Exploitability: P1=4.600000000 P2=0.077911293 EV: (0.06906157376064778, -0.06906157376064778) P1 Winnings: -16.0
Choosing model 1
[0.14178393307534448, 0.19995119738324033, 0.6393854022521167, 0.014922960958691976, 0.003956506330606654]
Games played: 81
Exploitability: P1=2.800000000 P2=0.077911293 EV: (0.07791129251111148, -0.07791129251111148) P1 Winnings: -11.0
Choosing model 2
[0.1493662410980539, 0.16966323692770133, 0.6616765187694467, 0.014854945925084628, 0.004439057279713556]
Games played: 82
Exploitability: P1=4.600000000 P2=0.077911293 EV: (0.06906157376064778, -0.06906157376064778) P1 Winnings: -10.0
Choosing model 2
[0.15626048380086413, 0.1438082925140623, 0.6802872979447272, 0.014705523598048765, 0.004938402142297505]
Games played: 83
Exploitability: P1=4.600000000 P2=0.077911293 EV: (0.06906157376064778, -0.06906157376064778) P1 Winnings: -9.0
Choosing model 2
[0.15336663954706523, 0.15058676713430022, 0.6768287091965919, 0.014574970072733777, 0.004642914049308817]
Games played: 84
Exploitability: P1=4.600000000 P2=0.077911293 EV: (0.06906157376064778, -0.06906157376064778) P1 Winnings: -4.0
Choosing model 2
[0.11958725978644609, 0.15605692177239375, 0.7140159887093108, 0.007975079110860053, 0.002364750620989222]
Games played: 85
Exploitability: P1=4.600000000 P2=0.077911293 EV: (0.06906157376064778, -0.06906157376064778) P1 Winnings: 1.0
Choosing model 2
[0.11431698765972494, 0.15402173294648963, 0.7227168341902338, 0.006893277013094164, 0.0020511681904573824]
Games played: 86
Exploitability: P1=4.600000000 P2=0.077911293 EV: (0.06906157376064778, -0.06906157376064778) P1 Winnings: 2.0
Choosing model 1
[0.12356345338508894, 0.14750686239335523, 0.7186732865120783, 0.007842771684165967, 0.0024136260253115917]
Games played: 87
Exploitability: P1=2.800000000 P2=0.077911293 EV: (0.07791129251111148, -0.07791129251111148) P1 Winnings: -7.0
Choosing model 2
[0.10508761031858334, 0.17332448903827477, 0.7141664343657047, 0.005935847182288508, 0.0014856190951486599]
Games played: 88
Exploitability: P1=4.600000000 P2=0.077911293 EV: (0.06906157376064778, -0.06906157376064778) P1 Winnings: 2.0
Choosing model 2
[0.10037515729486468, 0.1709258558021635, 0.7222848968168746, 0.0051265158952961895, 0.0012875741908011339]
Games played: 89
Exploitability: P1=4.600000000 P2=0.077911293 EV: (0.06906157376064778, -0.06906157376064778) P1 Winnings: 3.0
Choosing model 1
[0.10037506828318787, 0.17092628093325013, 0.7222845625519021, 0.00512651764966714, 0.0012875705819927134]
Games played: 90
Exploitability: P1=2.800000000 P2=0.077911293 EV: (0.07791129251111148, -0.07791129251111148) P1 Winnings: -6.0
Choosing model 2
[0.1093143320359161, 0.12516479062337174, 0.7589268169356345, 0.004993290024749828, 0.001600770380327946]
Games played: 91
Exploitability: P1=4.600000000 P2=0.077911293 EV: (0.06906157376064778, -0.06906157376064778) P1 Winnings: -11.0
Choosing model 2
[0.0968062241393677, 0.15412031905191229, 0.7436797316365346, 0.004267629987180428, 0.0011260951850049683]
Games played: 92
Exploitability: P1=4.600000000 P2=0.077911293 EV: (0.06906157376064778, -0.06906157376064778) P1 Winnings: -6.0
Choosing model 2
[0.10485264564837792, 0.14790639964487998, 0.7410476306304571, 0.004865499645384079, 0.001327824430900896]
Games played: 93
Exploitability: P1=4.600000000 P2=0.077911293 EV: (0.06906157376064778, -0.06906157376064778) P1 Winnings: 3.0
Choosing model 2
[0.10347129147313272, 0.1511413497727783, 0.7392120222566824, 0.004937425076023761, 0.0012379114213826757]
Games played: 94
Exploitability: P1=4.600000000 P2=0.077911293 EV: (0.06906157376064778, -0.06906157376064778) P1 Winnings: 8.0
Choosing model 2
[0.1119816972187848, 0.14493104588027225, 0.736004149611143, 0.005624608116889547, 0.0014584991729104644]
Games played: 95
Exploitability: P1=4.600000000 P2=0.077911293 EV: (0.06906157376064778, -0.06906157376064778) P1 Winnings: 17.0
Choosing model 1
[0.10137100879433368, 0.15494219017549768, 0.7380387016087249, 0.004575824240086596, 0.0010722751813572397]
Games played: 96
Exploitability: P1=2.800000000 P2=0.077911293 EV: (0.07791129251111148, -0.07791129251111148) P1 Winnings: 22.0
Choosing model 2
[0.10137092371606138, 0.1549425829135167, 0.7380383951200687, 0.004575826023417348, 0.001072272226935831]
Games played: 97
Exploitability: P1=4.600000000 P2=0.077911293 EV: (0.06906157376064778, -0.06906157376064778) P1 Winnings: 13.0
Choosing model 2
[0.10939947370518718, 0.11472952358072257, 0.770116043840534, 0.004445259326969807, 0.0013096995465864542]
Games played: 98
Exploitability: P1=4.600000000 P2=0.077911293 EV: (0.06906157376064778, -0.06906157376064778) P1 Winnings: 13.0
Choosing model 2
[0.11339112044865904, 0.09634706129981636, 0.7844583886347521, 0.004359870806274373, 0.0014435588104982915]
Games played: 99
Exploitability: P1=4.600000000 P2=0.077911293 EV: (0.06906157376064778, -0.06906157376064778) P1 Winnings: 14.0
Choosing model 3
[0.09707954846579023, 0.11396549947675086, 0.784738691781703, 0.0033218038326699372, 0.0008944564430860207]
Games played: 100
Exploitability: P1=1.933333333 P2=0.077911293 EV: (-0.0839240667982154, 0.0839240667982154) P1 Winnings: 23.0
Choosing model 1
[0.09888886510014151, 0.10305102754385577, 0.7938313617807382, 0.0033019233753266938, 0.0009268221999379305]
Games played: 101
Exploitability: P1=2.800000000 P2=0.077911293 EV: (0.07791129251111148, -0.07791129251111148) P1 Winnings: 20.0
Choosing model 2
[0.08709091895831142, 0.16297257680020585, 0.7457862263425309, 0.0035249137259520127, 0.0006253641729998143]
Games played: 102
Exploitability: P1=4.600000000 P2=0.077911293 EV: (0.06906157376064778, -0.06906157376064778) P1 Winnings: 27.0
Choosing model 1
[0.0762069419326091, 0.1982840313683945, 0.722097580969646, 0.0029767608391267275, 0.00043468489022358]
Games played: 103
Exploitability: P1=2.800000000 P2=0.077911293 EV: (0.07791129251111148, -0.07791129251111148) P1 Winnings: 32.0
Choosing model 1
[0.06411925173768213, 0.2873517596313575, 0.6452480337164191, 0.002995742143232698, 0.000285212771308553]
Games played: 104
Exploitability: P1=2.800000000 P2=0.077911293 EV: (0.07791129251111148, -0.07791129251111148) P1 Winnings: 25.0
Choosing model 1
[0.06930493396376644, 0.24388819277930587, 0.6834388422759384, 0.0030366837673490767, 0.00033134721364032777]
Games played: 105
Exploitability: P1=2.800000000 P2=0.077911293 EV: (0.07791129251111148, -0.07791129251111148) P1 Winnings: 25.0
Choosing model 2
[0.07422256520796934, 0.20509911557131116, 0.7172469711800591, 0.0030499365483582794, 0.0003814114923020702]
Games played: 106
Exploitability: P1=4.600000000 P2=0.077911293 EV: (0.06906157376064778, -0.06906157376064778) P1 Winnings: 28.0
Choosing model 2
[0.08861904070856577, 0.22555363922838348, 0.6804170291330507, 0.004860990898739824, 0.0005493000312601733]
Games played: 107
Exploitability: P1=4.600000000 P2=0.077911293 EV: (0.06906157376064778, -0.06906157376064778) P1 Winnings: 41.0
Choosing model 2
[0.08861894726502834, 0.2255541624166576, 0.6804166001714272, 0.0048609917472933846, 0.0005492983995934799]
Games played: 108
Exploitability: P1=4.600000000 P2=0.077911293 EV: (0.06906157376064778, -0.06906157376064778) P1 Winnings: 32.0
Choosing model 2
[0.08465317637713943, 0.2224542102907855, 0.688217876171279, 0.004198618643055382, 0.00047611851774057777]
Games played: 109
Exploitability: P1=4.600000000 P2=0.077911293 EV: (0.06906157376064778, -0.06906157376064778) P1 Winnings: 33.0
Choosing model 2
[0.08083177415330961, 0.21930705071320145, 0.6958236381880449, 0.0036250179107121133, 0.00041251903473173845]
Games played: 110
Exploitability: P1=4.600000000 P2=0.077911293 EV: (0.06906157376064778, -0.06906157376064778) P1 Winnings: 34.0
Choosing model 2
[0.06268827748720979, 0.24869437838667027, 0.6861496669432724, 0.0022584855982062425, 0.00020919158464125293]
Games played: 111
Exploitability: P1=4.600000000 P2=0.077911293 EV: (0.06906157376064778, -0.06906157376064778) P1 Winnings: 39.0
Choosing model 2
[0.05596756282250436, 0.30688153904806503, 0.634747745206828, 0.0022417449730507515, 0.00016140794955196868]
Games played: 112
Exploitability: P1=4.600000000 P2=0.077911293 EV: (0.06906157376064778, -0.06906157376064778) P1 Winnings: 44.0
Choosing model 2
[0.06382360297570014, 0.23530858260204365, 0.6983713320996378, 0.002286357874847368, 0.00021012444777098084]
Games played: 113
Exploitability: P1=4.600000000 P2=0.077911293 EV: (0.06906157376064778, -0.06906157376064778) P1 Winnings: 39.0
Choosing model 1
[0.06792252914518954, 0.2844173106848956, 0.6444897306984936, 0.0029339094874706474, 0.00023651998395073044]
Games played: 114
Exploitability: P1=2.800000000 P2=0.077911293 EV: (0.07791129251111148, -0.07791129251111148) P1 Winnings: 44.0
Choosing model 2
[0.062042462284416726, 0.20555714745153092, 0.7305332233862505, 0.001691818596001248, 0.00017534828180063264]
Games played: 115
Exploitability: P1=4.600000000 P2=0.077911293 EV: (0.06906157376064778, -0.06906157376064778) P1 Winnings: 45.0
Choosing model 2
[0.05911701116602542, 0.20222234292531882, 0.7370514277906254, 0.001457612594125614, 0.00015160552390473716]
Games played: 116
Exploitability: P1=4.600000000 P2=0.077911293 EV: (0.06906157376064778, -0.06906157376064778) P1 Winnings: 46.0
Choosing model 2
[0.06439243270358799, 0.19516523361560467, 0.7385913573002932, 0.0016712024014965603, 0.0001797739790176985]
Games played: 117
Exploitability: P1=4.600000000 P2=0.077911293 EV: (0.06906157376064778, -0.06906157376064778) P1 Winnings: 37.0
Choosing model 2
[0.08117373014894409, 0.3326515614317294, 0.5813189152782564, 0.004536194471521482, 0.000319598669548788]
Games played: 118
Exploitability: P1=4.600000000 P2=0.077911293 EV: (0.06906157376064778, -0.06906157376064778) P1 Winnings: 28.0
Choosing model 2
[0.08760148730447918, 0.2908606773565122, 0.6165387210432309, 0.004632339123639712, 0.0003667751721380308]
Games played: 119
Exploitability: P1=4.600000000 P2=0.077911293 EV: (0.06906157376064778, -0.06906157376064778) P1 Winnings: 29.0
Choosing model 2
[0.08760137799782135, 0.29086129579673725, 0.6165382131569946, 0.00463233903670375, 0.00036677401174295746]
Games played: 120
Exploitability: P1=4.600000000 P2=0.077911293 EV: (0.06906157376064778, -0.06906157376064778) P1 Winnings: 20.0
Choosing model 2
[0.07667210760400428, 0.3581897728452973, 0.5603268321853531, 0.004536212120013749, 0.0002750752453317017]
Games played: 121
Exploitability: P1=4.600000000 P2=0.077911293 EV: (0.06906157376064778, -0.06906157376064778) P1 Winnings: 25.0
Choosing model 2
[0.08314609743978857, 0.31471476496646245, 0.597167019837515, 0.004654901841401051, 0.0003172159148330932]
Games played: 122
Exploitability: P1=4.600000000 P2=0.077911293 EV: (0.06906157376064778, -0.06906157376064778) P1 Winnings: 26.0
Choosing model 1
[0.08903647237119718, 0.2711997922173274, 0.6348190789279614, 0.0045876921299427996, 0.00035696435357119953]
Games played: 123
Exploitability: P1=2.800000000 P2=0.077911293 EV: (0.07791129251111148, -0.07791129251111148) P1 Winnings: 27.0
Choosing model 2
[0.09908046433111224, 0.26657375396081595, 0.6283032816909881, 0.005598319516634166, 0.00044418050044945013]
Games played: 124
Exploitability: P1=4.600000000 P2=0.077911293 EV: (0.06906157376064778, -0.06906157376064778) P1 Winnings: 20.0
Choosing model 1
[0.10671897199444046, 0.22144086805359123, 0.6657773968586811, 0.005549151938629696, 0.0005136111546576355]
Games played: 125
Exploitability: P1=2.800000000 P2=0.077911293 EV: (0.07791129251111148, -0.07791129251111148) P1 Winnings: 23.0
Choosing model 1
[0.11294420616270683, 0.18876366734218258, 0.6921639000086468, 0.005549317590782911, 0.0005789088956808959]
Games played: 126
Exploitability: P1=2.800000000 P2=0.077911293 EV: (0.07791129251111148, -0.07791129251111148) P1 Winnings: 24.0
Choosing model 2
[0.12678946619476103, 0.12705276034282767, 0.7400132501010228, 0.0053615470557042706, 0.0007829763056841809]
Games played: 127
Exploitability: P1=4.600000000 P2=0.077911293 EV: (0.06906157376064778, -0.06906157376064778) P1 Winnings: 19.0
Choosing model 2
[0.11505169711791954, 0.13615559810591038, 0.7438433798111923, 0.004372303698671315, 0.0005770212663064131]
Games played: 128
Exploitability: P1=4.600000000 P2=0.077911293 EV: (0.06906157376064778, -0.06906157376064778) P1 Winnings: 24.0
Choosing model 2
[0.1054084865350429, 0.18048019748574218, 0.7091489773340233, 0.004512596657641582, 0.0004497419875501212]
Games played: 129
Exploitability: P1=4.600000000 P2=0.077911293 EV: (0.06906157376064778, -0.06906157376064778) P1 Winnings: 15.0
Choosing model 0
[0.09508985094341832, 0.19227804060598333, 0.708644172601159, 0.003658435888346332, 0.00032949996109320136]
Games played: 130
Exploitability: P1=1.900000000 P2=0.077911293 EV: (-0.08817927777736954, 0.08817927777736954) P1 Winnings: 20.0
Choosing model 2
[0.09325975024557609, 0.20190551497297882, 0.7008469873706462, 0.0036762713796511756, 0.0003114760311477582]
Games played: 131
Exploitability: P1=4.600000000 P2=0.077911293 EV: (0.06906157376064778, -0.06906157376064778) P1 Winnings: 25.0
Choosing model 2
[0.10261352435623373, 0.1493759292855211, 0.7440016206161039, 0.0036176871108187106, 0.0003912386313226033]
Games played: 132
Exploitability: P1=4.600000000 P2=0.077911293 EV: (0.06906157376064778, -0.06906157376064778) P1 Winnings: 30.0
Choosing model 1
[0.10141151038419798, 0.16895572365951492, 0.7253711061705765, 0.0038975882715280726, 0.0003640715141825446]
Games played: 133
Exploitability: P1=2.800000000 P2=0.077911293 EV: (0.07791129251111148, -0.07791129251111148) P1 Winnings: 30.0
Choosing model 2
[0.10616263207741215, 0.1433035020413758, 0.7462676315974702, 0.0038609403373530476, 0.00040529394638890256]
Games played: 134
Exploitability: P1=4.600000000 P2=0.077911293 EV: (0.06906157376064778, -0.06906157376064778) P1 Winnings: 31.0
Choosing model 1
[0.1145922154651809, 0.10400694132302278, 0.7771741703423073, 0.0037272593461627652, 0.0004994135233262442]
Games played: 135
Exploitability: P1=2.800000000 P2=0.077911293 EV: (0.07791129251111148, -0.07791129251111148) P1 Winnings: 26.0
Choosing model 0
[0.11659084187444728, 0.09393575499256758, 0.7852559248207264, 0.0037006013133329967, 0.0005168769989258375]
Games played: 136
Exploitability: P1=1.900000000 P2=0.077911293 EV: (-0.08817927777736954, 0.08817927777736954) P1 Winnings: 29.0
Choosing model 2
[0.10951138531038092, 0.12194960169694061, 0.7642550004709486, 0.003864434494298021, 0.0004195780274317869]
Games played: 137
Exploitability: P1=4.600000000 P2=0.077911293 EV: (0.06906157376064778, -0.06906157376064778) P1 Winnings: 29.0
Choosing model 2
[0.11365962951925283, 0.10254792398155528, 0.7795340658902518, 0.003795297663746221, 0.0004630829451937702]
Games played: 138
Exploitability: P1=4.600000000 P2=0.077911293 EV: (0.06906157376064778, -0.06906157376064778) P1 Winnings: 28.0
Choosing model 2
[0.10837136105721878, 0.10095045399738055, 0.7870054992767253, 0.0032720430500800582, 0.00040064261859533814]
Games played: 139
Exploitability: P1=4.600000000 P2=0.077911293 EV: (0.06906157376064778, -0.06906157376064778) P1 Winnings: 29.0
Choosing model 0
[0.09828322289728121, 0.10812215159742021, 0.7906327117926267, 0.0026668231290914433, 0.0002950905835804619]
Games played: 140
Exploitability: P1=1.900000000 P2=0.077911293 EV: (-0.08817927777736954, 0.08817927777736954) P1 Winnings: 34.0
Choosing model 2
[0.13170102469229802, 0.08310774113682225, 0.7802477387534287, 0.004350622758952713, 0.0005928726584984252]
Games played: 141
Exploitability: P1=4.600000000 P2=0.077911293 EV: (0.06906157376064778, -0.06906157376064778) P1 Winnings: 34.0
Choosing model 2
[0.12565172196211438, 0.081864173393808, 0.7882177053394114, 0.0037531471509363703, 0.0005132521537298825]
Games played: 142
Exploitability: P1=4.600000000 P2=0.077911293 EV: (0.06906157376064778, -0.06906157376064778) P1 Winnings: 35.0
Choosing model 0
[0.13460886008837064, 0.05255482187438543, 0.8086877175859774, 0.003506989353091065, 0.0006416110981754805]
Games played: 143
Exploitability: P1=1.900000000 P2=0.077911293 EV: (-0.08817927777736954, 0.08817927777736954) P1 Winnings: 38.0
Choosing model 2
[0.12739300384413008, 0.07196080203807936, 0.7963907526802827, 0.003738867046891342, 0.0005165743906166969]
Games played: 144
Exploitability: P1=4.600000000 P2=0.077911293 EV: (0.06906157376064778, -0.06906157376064778) P1 Winnings: 37.0
Choosing model 2
[0.1343700941431241, 0.05103582279258397, 0.8104450359988452, 0.003527038080680714, 0.0006220089847659605]
Games played: 145
Exploitability: P1=4.600000000 P2=0.077911293 EV: (0.06906157376064778, -0.06906157376064778) P1 Winnings: 32.0
Choosing model 0
[0.12259287316180029, 0.05498943587107313, 0.8190649071205606, 0.0028918988144454134, 0.00046088503212071463]
Games played: 146
Exploitability: P1=1.900000000 P2=0.077911293 EV: (-0.08817927777736954, 0.08817927777736954) P1 Winnings: 37.0
Choosing model 2
[0.12470099470886596, 0.04501218731748071, 0.827086808478977, 0.0027073565250168535, 0.000492652969659611]
Games played: 147
Exploitability: P1=4.600000000 P2=0.077911293 EV: (0.06906157376064778, -0.06906157376064778) P1 Winnings: 38.0
Choosing model 2
[0.12293821296463525, 0.047344358730135046, 0.8265568798512464, 0.002695304714655773, 0.0004652437393275743]
Games played: 148
Exploitability: P1=4.600000000 P2=0.077911293 EV: (0.06906157376064778, -0.06906157376064778) P1 Winnings: 43.0
Choosing model 2
[0.1170975924790796, 0.04655886885606611, 0.8336201272874852, 0.002321313597546562, 0.0004020977798223764]
Games played: 149
Exploitability: P1=4.600000000 P2=0.077911293 EV: (0.06906157376064778, -0.06906157376064778) P1 Winnings: 44.0
Choosing model 2
[0.1066542698720441, 0.05008114423831403, 0.8410670575132949, 0.001900091165485552, 0.0002974372108614884]
Games played: 150
Exploitability: P1=4.600000000 P2=0.077911293 EV: (0.06906157376064778, -0.06906157376064778) P1 Winnings: 49.0
Choosing model 2
[0.10509160975507251, 0.05264840070926325, 0.8400886037898021, 0.001890643640868557, 0.0002807421049936097]
Games played: 151
Exploitability: P1=4.600000000 P2=0.077911293 EV: (0.06906157376064778, -0.06906157376064778) P1 Winnings: 54.0
Choosing model 2
[0.0904940029466251, 0.06263587701691559, 0.8452463458917127, 0.0014488155342415776, 0.00017495861050508514]
Games played: 152
Exploitability: P1=4.600000000 P2=0.077911293 EV: (0.06906157376064778, -0.06906157376064778) P1 Winnings: 63.0
Choosing model 2
[0.09069605948215027, 0.07184580639281377, 0.8357100883986971, 0.0015829384313573846, 0.00016510729498137107]
Games played: 153
Exploitability: P1=4.600000000 P2=0.077911293 EV: (0.06906157376064778, -0.06906157376064778) P1 Winnings: 63.0
Choosing model 2
[0.09069600521139211, 0.0718460058105829, 0.8357099426685899, 0.0015829394295975752, 0.00016510687983762226]
Games played: 154
Exploitability: P1=4.600000000 P2=0.077911293 EV: (0.06906157376064778, -0.06906157376064778) P1 Winnings: 54.0
Choosing model 2
[0.10566231607656423, 0.05022176213798056, 0.8420730807063901, 0.0017998651776121447, 0.00024297590145308867]
Games played: 155
Exploitability: P1=4.600000000 P2=0.077911293 EV: (0.06906157376064778, -0.06906157376064778) P1 Winnings: 54.0
Choosing model 2
[0.10827447962971842, 0.04169628807156222, 0.8480192086018322, 0.001745254064912217, 0.0002647696319747962]
Games played: 156
Exploitability: P1=4.600000000 P2=0.077911293 EV: (0.06906157376064778, -0.06906157376064778) P1 Winnings: 55.0
Choosing model 2
[0.10827442528856912, 0.041696407828850965, 0.8480191425568641, 0.0017452553339251582, 0.00026476899179079735]
Games played: 157
Exploitability: P1=4.600000000 P2=0.077911293 EV: (0.06906157376064778, -0.06906157376064778) P1 Winnings: 46.0
Choosing model 2
[0.08250115650263377, 0.042225519826378004, 0.8742083637754864, 0.0009331821836347215, 0.00013177771186702732]
Games played: 158
Exploitability: P1=4.600000000 P2=0.077911293 EV: (0.06906157376064778, -0.06906157376064778) P1 Winnings: 51.0
Choosing model 2
[0.0748855172478248, 0.045264147311950415, 0.8789919643925826, 0.0007612276914823752, 9.714335615973895e-05]
Games played: 159
Exploitability: P1=4.600000000 P2=0.077911293 EV: (0.06906157376064778, -0.06906157376064778) P1 Winnings: 56.0
Choosing model 2
[0.08675902754825839, 0.031465057913386656, 0.8807730022196417, 0.0008607462318371258, 0.00014216608687620192]
Games played: 160
Exploitability: P1=4.600000000 P2=0.077911293 EV: (0.06906157376064778, -0.06906157376064778) P1 Winnings: 56.0
Choosing model 2
[0.09369193948383434, 0.03010696954804994, 0.875055529448534, 0.0009784243647629762, 0.0001671371548186468]
Games played: 161
Exploitability: P1=4.600000000 P2=0.077911293 EV: (0.06906157376064778, -0.06906157376064778) P1 Winnings: 47.0
Choosing model 0
[0.10111109402865555, 0.028788204411546246, 0.8687928927246324, 0.0011114461208398825, 0.00019636271432582606]
Games played: 162
Exploitability: P1=1.900000000 P2=0.077911293 EV: (-0.08817927777736954, 0.08817927777736954) P1 Winnings: 38.0
Choosing model 2
[0.08096047316310569, 0.03370528115886897, 0.884516503726686, 0.0007149333984409244, 0.00010280855289822415]
Games played: 163
Exploitability: P1=4.600000000 P2=0.077911293 EV: (0.06906157376064778, -0.06906157376064778) P1 Winnings: 43.0
Choosing model 2
[0.08453037334990607, 0.023662454182884013, 0.891017029856709, 0.0006676032136678897, 0.00012253939683297527]
Games played: 164
Exploitability: P1=4.600000000 P2=0.077911293 EV: (0.06906157376064778, -0.06906157376064778) P1 Winnings: 38.0
Choosing model 2
[0.08026592627630658, 0.02319804212376511, 0.8958572568508847, 0.0005731941211759861, 0.00010558062786765556]
Games played: 165
Exploitability: P1=4.600000000 P2=0.077911293 EV: (0.06906157376064778, -0.06906157376064778) P1 Winnings: 39.0
Choosing model 2
[0.06921512984158096, 0.027638048418456223, 0.9026410612910216, 0.0004398688463372843, 6.589160260375793e-05]
Games played: 166
Exploitability: P1=4.600000000 P2=0.077911293 EV: (0.06906157376064778, -0.06906157376064778) P1 Winnings: 48.0
Choosing model 2
[0.06567092480249631, 0.02707400966179994, 0.9068209744756431, 0.0003773637445413436, 5.672731551928155e-05]
Games played: 167
Exploitability: P1=4.600000000 P2=0.077911293 EV: (0.06906157376064778, -0.06906157376064778) P1 Winnings: 49.0
Choosing model 0
[0.062294342130069874, 0.026515581937775545, 0.9108175806253244, 0.00032366856209289924, 4.882674473737838e-05]
Games played: 168
Exploitability: P1=1.900000000 P2=0.077911293 EV: (-0.08817927777736954, 0.08817927777736954) P1 Winnings: 50.0
Choosing model 2
[0.06585189359443208, 0.01680610743221, 0.916985335337353, 0.00029447705778702513, 6.218657821770954e-05]
Games played: 169
Exploitability: P1=4.600000000 P2=0.077911293 EV: (0.06906157376064778, -0.06906157376064778) P1 Winnings: 51.0
Choosing model 1
[0.06934862733391788, 0.01061165312399023, 0.9196939156802277, 0.00026690232043081194, 7.890154143344018e-05]
Games played: 170
Exploitability: P1=2.800000000 P2=0.077911293 EV: (0.07791129251111148, -0.07791129251111148) P1 Winnings: 51.0
Choosing model 2
[0.06292494338873002, 0.013388118755796995, 0.9233963387298991, 0.0002337281945531921, 5.6870931020591265e-05]
Games played: 171
Exploitability: P1=4.600000000 P2=0.077911293 EV: (0.06906157376064778, -0.06906157376064778) P1 Winnings: 56.0
Choosing model 2
[0.06292491589859872, 0.013388158078640466, 0.9233963268458535, 0.00023372837969718488, 5.6870797210160126e-05]
Games played: 172
Exploitability: P1=4.600000000 P2=0.077911293 EV: (0.06906157376064778, -0.06906157376064778) P1 Winnings: 47.0
Choosing model 2
[0.06058998303841067, 0.017817788125618756, 0.9212946908047737, 0.0002502122102547598, 4.7325820942167265e-05]
Games played: 173
Exploitability: P1=4.600000000 P2=0.077911293 EV: (0.06906157376064778, -0.06906157376064778) P1 Winnings: 38.0
Choosing model 2
[0.06058995571444989, 0.01781784020793182, 0.921294665963765, 0.00025021240492999864, 4.732570892325541e-05]
Games played: 174
Exploitability: P1=4.600000000 P2=0.077911293 EV: (0.06906157376064778, -0.06906157376064778) P1 Winnings: 29.0
Choosing model 2
[0.057960440994306237, 0.024660257816074324, 0.9170711540093647, 0.0002696333030630483, 3.8513877191841796e-05]
Games played: 175
Exploitability: P1=4.600000000 P2=0.077911293 EV: (0.06906157376064778, -0.06906157376064778) P1 Winnings: 20.0
Choosing model 0
[0.06273900801774555, 0.02365127367164998, 0.9132571171061293, 0.000307216172127349, 4.538503234793484e-05]
Games played: 176
Exploitability: P1=1.900000000 P2=0.077911293 EV: (-0.08817927777736954, 0.08817927777736954) P1 Winnings: 29.0
Choosing model 2
[0.06108676436005277, 0.028215546793339465, 0.9103371233969937, 0.0003205549134046848, 4.00105362093905e-05]
Games played: 177
Exploitability: P1=4.600000000 P2=0.077911293 EV: (0.06906157376064778, -0.06906157376064778) P1 Winnings: 24.0
Choosing model 2
[0.06371897059900951, 0.019789379738011564, 0.9161449608468479, 0.0002990454165034688, 4.764339962767847e-05]
Games played: 178
Exploitability: P1=4.600000000 P2=0.077911293 EV: (0.06906157376064778, -0.06906157376064778) P1 Winnings: 19.0
Choosing model 2
[0.05780891392630383, 0.02120312056770234, 0.920709038686132, 0.00024382237201830856, 3.510444784374232e-05]
Games played: 179
Exploitability: P1=4.600000000 P2=0.077911293 EV: (0.06906157376064778, -0.06906157376064778) P1 Winnings: 24.0
Choosing model 2
[0.05550916933731196, 0.02814002231713595, 0.9160613839732302, 0.00026029288108763495, 2.913149123419114e-05]
Games played: 180
Exploitability: P1=4.600000000 P2=0.077911293 EV: (0.06906157376064778, -0.06906157376064778) P1 Winnings: 29.0
Choosing model 0
[0.05262550971357048, 0.027544134877993, 0.9195821648138724, 0.00022313040390264257, 2.506019066135498e-05]
Games played: 181
Exploitability: P1=1.900000000 P2=0.077911293 EV: (-0.08817927777736954, 0.08817927777736954) P1 Winnings: 30.0
Choosing model 2
[0.05326937938707056, 0.022436577873559006, 0.9240595130143326, 0.00020787283383836563, 2.6656891199473993e-05]
Games played: 182
Exploitability: P1=4.600000000 P2=0.077911293 EV: (0.06906157376064778, -0.06906157376064778) P1 Winnings: 31.0
Choosing model 2
[0.0546268507046145, 0.01780852342567911, 0.9273360163157157, 0.00019907851658732415, 2.9531037403312427e-05]
Games played: 183
Exploitability: P1=4.600000000 P2=0.077911293 EV: (0.06906157376064778, -0.06906157376064778) P1 Winnings: 28.0
Choosing model 2
[0.051772634092343124, 0.01742589615949011, 0.9306054721860492, 0.00017060170535451513, 2.539585676303016e-05]
Games played: 184
Exploitability: P1=4.600000000 P2=0.077911293 EV: (0.06906157376064778, -0.06906157376064778) P1 Winnings: 29.0
Choosing model 2
[0.04976522321104721, 0.023151310950263362, 0.926880051591586, 0.00018231731930647583, 2.1096927796838793e-05]
Games played: 185
Exploitability: P1=4.600000000 P2=0.077911293 EV: (0.06906157376064778, -0.06906157376064778) P1 Winnings: 20.0
Choosing model 2
[0.05080035819335129, 0.019147667389271907, 0.9298529642172559, 0.000176108958688313, 2.2901241432578736e-05]
Games played: 186
Exploitability: P1=4.600000000 P2=0.077911293 EV: (0.06906157376064778, -0.06906157376064778) P1 Winnings: 21.0
Choosing model 2
[0.05206174903837097, 0.015188350922290676, 0.9325559946473813, 0.0001685510885706725, 2.5354303386457373e-05]
Games played: 187
Exploitability: P1=4.600000000 P2=0.077911293 EV: (0.06906157376064778, -0.06906157376064778) P1 Winnings: 18.0
Choosing model 2
[0.05636412009891406, 0.014569530409826347, 0.9288443873279867, 0.00019207910088128705, 2.9883062391765912e-05]
Games played: 188
Exploitability: P1=4.600000000 P2=0.077911293 EV: (0.06906157376064778, -0.06906157376064778) P1 Winnings: 9.0
Choosing model 2
[0.05411329409485324, 0.019681018877279098, 0.9259747798863757, 0.00020632312539511073, 2.458401609690634e-05]
Games played: 189
Exploitability: P1=4.600000000 P2=0.077911293 EV: (0.06906157376064778, -0.06906157376064778) P1 Winnings: 9.0
Choosing model 2
[0.05520093926437199, 0.016266328622013982, 0.9283069034218259, 0.00019916045407510226, 2.6668237713159418e-05]
Games played: 190
Exploitability: P1=4.600000000 P2=0.077911293 EV: (0.06906157376064778, -0.06906157376064778) P1 Winnings: 10.0
Choosing model 2
[0.04141383227619861, 0.01621924777220013, 0.9422489995284835, 0.00010485167577612663, 1.306874734158894e-05]
Games played: 191
Exploitability: P1=4.600000000 P2=0.077911293 EV: (0.06906157376064778, -0.06906157376064778) P1 Winnings: 15.0
Choosing model 2
[0.03980981381555883, 0.021549151325961205, 0.9385181208887102, 0.00011205698221511209, 1.0856987554695942e-05]
Games played: 192
Exploitability: P1=4.600000000 P2=0.077911293 EV: (0.06906157376064778, -0.06906157376064778) P1 Winnings: 20.0
Choosing model 0
[0.04063345021075591, 0.017820635738536324, 0.9414259004199652, 0.00010822938245698939, 1.1784248285521169e-05]
Games played: 193
Exploitability: P1=1.900000000 P2=0.077911293 EV: (-0.08817927777736954, 0.08817927777736954) P1 Winnings: 21.0
Choosing model 1
[0.03847974797337901, 0.017423878094252224, 0.9439935737310715, 9.267414190416119e-05, 1.0126059393006298e-05]
Games played: 194
Exploitability: P1=2.800000000 P2=0.077911293 EV: (0.07791129251111148, -0.07791129251111148) P1 Winnings: 22.0
Choosing model 2
[0.040038811704437724, 0.012190341358525756, 0.9476725765036819, 8.624235707027315e-05, 1.2028076284371968e-05]
Games played: 195
Exploitability: P1=4.600000000 P2=0.077911293 EV: (0.06906157376064778, -0.06906157376064778) P1 Winnings: 17.0
Choosing model 2
[0.04041397363220033, 0.009901760100907377, 0.949591390305498, 8.01177335253178e-05, 1.2758227868953448e-05]
Games played: 196
Exploitability: P1=4.600000000 P2=0.077911293 EV: (0.06906157376064778, -0.06906157376064778) P1 Winnings: 18.0
Choosing model 2
[0.04077481054127953, 0.008039313358773975, 0.9510979538073769, 7.439550843631301e-05, 1.352678413327615e-05]
Games played: 197
Exploitability: P1=4.600000000 P2=0.077911293 EV: (0.06906157376064778, -0.06906157376064778) P1 Winnings: 19.0
Choosing model 2
[0.03046786737803059, 0.007983829897462484, 0.9615026910972301, 3.9009477759392444e-05, 6.6021495174399885e-06]
Games played: 198
Exploitability: P1=4.600000000 P2=0.077911293 EV: (0.06906157376064778, -0.06906157376064778) P1 Winnings: 24.0
Choosing model 2
[0.028829239720547434, 0.007799657282670337, 0.9633320591434285, 3.3375374175636125e-05, 5.668479178249556e-06]
Games played: 199
Exploitability: P1=4.600000000 P2=0.077911293 EV: (0.06906157376064778, -0.06906157376064778) P1 Winnings: 25.0
Choosing model 2
[0.02147360883663328, 0.007721284984318878, 0.9707849032619776, 1.7445013383569795e-05, 2.757903686621006e-06]
Games played: 200
Exploitability: P1=4.600000000 P2=0.077911293 EV: (0.06906157376064778, -0.06906157376064778) P1 Winnings: 30.0
