Player 1 exploitability: 0.0651437567257
Choosing model 1
[0.18584626746964525, 0.25463044164249016, 0.19257991572541844, 0.20655395870714735, 0.16038941645529878]
Games played: 1
Exploitability: P1=2.800000000 P2=-0.020508257 EV: (-0.3746864376814498, 0.3746864376814498) P1 Winnings: -1
Choosing model 3
[0.1672439271748029, 0.32130687372535205, 0.17981600659478864, 0.2075248845822239, 0.12410830792283249]
Games played: 2
Exploitability: P1=1.933333333 P2=-0.020508257 EV: (-0.155958518497992, 0.155958518497992) P1 Winnings: -1.0
Choosing model 3
[0.16376362856670104, 0.3066938033764689, 0.152236857331769, 0.24486768734701442, 0.13243802337804678]
Games played: 3
Exploitability: P1=1.933333333 P2=-0.020508257 EV: (-0.155958518497992, 0.155958518497992) P1 Winnings: 8.0
Choosing model 2
[0.15195417748125098, 0.3486780881399256, 0.14461545735015746, 0.24348687798085425, 0.11126539904781162]
Games played: 4
Exploitability: P1=4.600000000 P2=-0.020508257 EV: (-0.33395941133794543, 0.33395941133794543) P1 Winnings: -1.0
Choosing model 3
[0.16422076387526266, 0.30530895897308397, 0.15359605652051234, 0.2490024896349406, 0.1278717309962005]
Games played: 5
Exploitability: P1=1.933333333 P2=-0.020508257 EV: (-0.155958518497992, 0.155958518497992) P1 Winnings: 0.0
Choosing model 3
[0.1761111879432019, 0.2637161543337702, 0.16180670650023116, 0.25232089016247516, 0.14604506106032167]
Games played: 6
Exploitability: P1=1.933333333 P2=-0.020508257 EV: (-0.155958518497992, 0.155958518497992) P1 Winnings: 0.0
Choosing model 4
[0.14585235500659857, 0.16720452709632508, 0.07748060069299804, 0.3923018944008141, 0.21716062280326417]
Games played: 7
Exploitability: P1=2.600000000 P2=-0.020508257 EV: (-0.021551545893324378, 0.021551545893324378) P1 Winnings: 11.0
Choosing model 3
[0.1540057345799655, 0.1333032890181188, 0.07999585458821196, 0.3853657362790362, 0.24732938553466755]
Games played: 8
Exploitability: P1=1.933333333 P2=-0.020508257 EV: (-0.155958518497992, 0.155958518497992) P1 Winnings: 11.0
Choosing model 4
[0.15724176348582503, 0.12081786627747441, 0.08111142603021669, 0.3839524782175227, 0.2568764659889612]
Games played: 9
Exploitability: P1=2.600000000 P2=-0.020508257 EV: (-0.021551545893324378, 0.021551545893324378) P1 Winnings: 8.0
Choosing model 3
[0.16835385400933076, 0.06738695086761017, 0.08202064792621418, 0.34363324044015725, 0.33860530675668765]
Games played: 10
Exploitability: P1=1.933333333 P2=-0.020508257 EV: (-0.155958518497992, 0.155958518497992) P1 Winnings: 8.0
Choosing model 3
[0.14106542161849175, 0.032388463713579035, 0.05061376906955604, 0.35054205283753975, 0.4253902927608333]
Games played: 11
Exploitability: P1=1.933333333 P2=-0.020508257 EV: (-0.155958518497992, 0.155958518497992) P1 Winnings: 8.0
Choosing model 3
[0.14168351522088432, 0.044961803371021944, 0.05267440806800517, 0.39143323276891134, 0.36924704057117724]
Games played: 12
Exploitability: P1=1.933333333 P2=-0.020508257 EV: (-0.155958518497992, 0.155958518497992) P1 Winnings: 13.0
Choosing model 3
[0.13842281994160022, 0.06963111463224991, 0.054112195964695735, 0.44426299603565095, 0.29357087342580324]
Games played: 13
Exploitability: P1=1.933333333 P2=-0.020508257 EV: (-0.155958518497992, 0.155958518497992) P1 Winnings: 10.0
Choosing model 0
[0.14260201101747122, 0.049219113348050965, 0.05390005924670106, 0.41198961983884896, 0.34228919654892787]
Games played: 14
Exploitability: P1=1.900000000 P2=-0.020508257 EV: (-0.08474312912873558, 0.08474312912873558) P1 Winnings: -1.0
Choosing model 1
[0.1527443661174361, 0.054431016925261755, 0.061131234984550135, 0.399016356486519, 0.3326770254862331]
Games played: 15
Exploitability: P1=2.800000000 P2=-0.020508257 EV: (-0.3746864376814498, 0.3746864376814498) P1 Winnings: 0.0
Choosing model 3
[0.15375172755926497, 0.04946720122310099, 0.06104265540542072, 0.3914371265695962, 0.34430128924261716]
Games played: 16
Exploitability: P1=1.933333333 P2=-0.020508257 EV: (-0.155958518497992, 0.155958518497992) P1 Winnings: 0.0
Choosing model 4
[0.15537147805379187, 0.039252727423183115, 0.06044800468764435, 0.3709648305899831, 0.37396295924539763]
Games played: 17
Exploitability: P1=2.600000000 P2=-0.020508257 EV: (-0.021551545893324378, 0.021551545893324378) P1 Winnings: -3.0
Choosing model 3
[0.15230387785372015, 0.06203511053665114, 0.06223872112911537, 0.42190010074164075, 0.3015221897388725]
Games played: 18
Exploitability: P1=1.933333333 P2=-0.020508257 EV: (-0.155958518497992, 0.155958518497992) P1 Winnings: -14.0
Choosing model 3
[0.15513404416918217, 0.049617504709649006, 0.062123236378652996, 0.4030187137011578, 0.33010650104135797]
Games played: 19
Exploitability: P1=1.933333333 P2=-0.020508257 EV: (-0.155958518497992, 0.155958518497992) P1 Winnings: -17.0
Choosing model 4
[0.15782358419978273, 0.026295969945927974, 0.05969045128986694, 0.3427303274059549, 0.41345966715846744]
Games played: 20
Exploitability: P1=2.600000000 P2=-0.020508257 EV: (-0.021551545893324378, 0.021551545893324378) P1 Winnings: -17.0
Choosing model 4
[0.15782359582943753, 0.026295997180391457, 0.05969046291087702, 0.3427304726168123, 0.41345947146248174]
Games played: 21
Exploitability: P1=2.600000000 P2=-0.020508257 EV: (-0.021551545893324378, 0.021551545893324378) P1 Winnings: -20.0
Choosing model 4
[0.15848245692445267, 0.028272053802370516, 0.06044343351434935, 0.35262574578739553, 0.4001763099714319]
Games played: 22
Exploitability: P1=2.600000000 P2=-0.020508257 EV: (-0.021551545893324378, 0.021551545893324378) P1 Winnings: -21.0
Choosing model 4
[0.12693734663786704, 0.012989206275074796, 0.03565375882927869, 0.34385052209969885, 0.4805691661580807]
Games played: 23
Exploitability: P1=2.600000000 P2=-0.020508257 EV: (-0.021551545893324378, 0.021551545893324378) P1 Winnings: -14.0
Choosing model 0
[0.125412717764231, 0.009932929434017327, 0.03447197209210943, 0.3172633724358393, 0.512919008273803]
Games played: 24
Exploitability: P1=1.900000000 P2=-0.020508257 EV: (-0.08474312912873558, 0.08474312912873558) P1 Winnings: -11.0
Choosing model 3
[0.09560501163155671, 0.004343436371981584, 0.019353217790595446, 0.2944465468355771, 0.5862517873702892]
Games played: 25
Exploitability: P1=1.933333333 P2=-0.020508257 EV: (-0.155958518497992, 0.155958518497992) P1 Winnings: -11.0
Choosing model 4
[0.09334259954161582, 0.0033299207897875744, 0.01851610676477839, 0.26960325347659453, 0.6152081194272236]
Games played: 26
Exploitability: P1=2.600000000 P2=-0.020508257 EV: (-0.021551545893324378, 0.021551545893324378) P1 Winnings: -14.0
Choosing model 0
[0.0933426216371492, 0.003329924781418437, 0.018516113388260376, 0.2696034116568964, 0.6152079285362756]
Games played: 27
Exploitability: P1=1.900000000 P2=-0.020508257 EV: (-0.08474312912873558, 0.08474312912873558) P1 Winnings: -17.0
Choosing model 4
[0.09478509992390585, 0.003620369972404198, 0.018960283549896272, 0.28050299197941414, 0.6021312545743794]
Games played: 28
Exploitability: P1=2.600000000 P2=-0.020508257 EV: (-0.021551545893324378, 0.021551545893324378) P1 Winnings: -18.0
Choosing model 4
[0.09449647131187712, 0.003203964951152699, 0.018771712250264964, 0.2728892206477552, 0.6106386308389501]
Games played: 29
Exploitability: P1=2.600000000 P2=-0.020508257 EV: (-0.021551545893324378, 0.021551545893324378) P1 Winnings: -18.0
Choosing model 4
[0.08985925792688491, 0.0020904393069685057, 0.017259432481046028, 0.2335927645862139, 0.6571981056988867]
Games played: 30
Exploitability: P1=2.600000000 P2=-0.020508257 EV: (-0.021551545893324378, 0.021551545893324378) P1 Winnings: -18.0
Choosing model 4
[0.081660979855941, 0.0011390312261053608, 0.014937901514551143, 0.1827016326836382, 0.7195604547197644]
Games played: 31
Exploitability: P1=2.600000000 P2=-0.020508257 EV: (-0.021551545893324378, 0.021551545893324378) P1 Winnings: -18.0
Choosing model 4
[0.08166100453521047, 0.0011390325840791762, 0.01493790770207555, 0.18270174709449452, 0.7195603080841403]
Games played: 32
Exploitability: P1=2.600000000 P2=-0.020508257 EV: (-0.021551545893324378, 0.021551545893324378) P1 Winnings: -19.0
Choosing model 0
[0.08185627218608137, 0.0010158991356649274, 0.014908618581103145, 0.17982216450490404, 0.7223970455922465]
Games played: 33
Exploitability: P1=1.900000000 P2=-0.020508257 EV: (-0.08474312912873558, 0.08474312912873558) P1 Winnings: -19.0
Choosing model 4
[0.07880472378441053, 0.000781017253514823, 0.014086808100693517, 0.16314221982016655, 0.7431852310412146]
Games played: 34
Exploitability: P1=2.600000000 P2=-0.020508257 EV: (-0.021551545893324378, 0.021551545893324378) P1 Winnings: -19.0
Choosing model 4
[0.07880474907454636, 0.0007810181992670927, 0.014086814199180323, 0.1631423250342273, 0.743185093492779]
Games played: 35
Exploitability: P1=2.600000000 P2=-0.020508257 EV: (-0.021551545893324378, 0.021551545893324378) P1 Winnings: -20.0
Choosing model 4
[0.08063356676615757, 0.0008556242546068552, 0.01453487111888538, 0.1710338864075141, 0.7329420514528361]
Games played: 36
Exploitability: P1=2.600000000 P2=-0.020508257 EV: (-0.021551545893324378, 0.021551545893324378) P1 Winnings: -21.0
Choosing model 4
[0.0770969196981314, 0.0006276951184261405, 0.01360084557135544, 0.15267301546837472, 0.7560015241437122]
Games played: 37
Exploitability: P1=2.600000000 P2=-0.020508257 EV: (-0.021551545893324378, 0.021551545893324378) P1 Winnings: -21.0
Choosing model 4
[0.06806680214350491, 0.00033227172048213606, 0.01143603699897405, 0.11600905443959318, 0.8041558346974458]
Games played: 38
Exploitability: P1=2.600000000 P2=-0.020508257 EV: (-0.021551545893324378, 0.021551545893324378) P1 Winnings: -21.0
Choosing model 3
[0.0659875202275231, 0.0002592185040032331, 0.011006014824868932, 0.10350849903142983, 0.8192387474121748]
Games played: 39
Exploitability: P1=1.933333333 P2=-0.020508257 EV: (-0.155958518497992, 0.155958518497992) P1 Winnings: -20.0
Choosing model 4
[0.060142487927672385, 0.00016210191721350003, 0.00969895761759517, 0.08492222448116621, 0.8450742280563527]
Games played: 40
Exploitability: P1=2.600000000 P2=-0.020508257 EV: (-0.021551545893324378, 0.021551545893324378) P1 Winnings: -20.0
Choosing model 4
[0.06014251386137108, 0.0001621021430549576, 0.009698962973403887, 0.08492229082284168, 0.8450741301993284]
Games played: 41
Exploitability: P1=2.600000000 P2=-0.020508257 EV: (-0.021551545893324378, 0.021551545893324378) P1 Winnings: -23.0
Choosing model 3
[0.03451367834841857, 7.121692625527577e-05, 0.0032181400000218545, 0.0914896717205552, 0.8707072930047491]
Games played: 42
Exploitability: P1=1.933333333 P2=-0.020508257 EV: (-0.155958518497992, 0.155958518497992) P1 Winnings: -12.0
Choosing model 2
[0.031220515044545687, 4.420226484084767e-05, 0.0028146854985158965, 0.07449876280323935, 0.8914218343888582]
Games played: 43
Exploitability: P1=4.600000000 P2=-0.020508257 EV: (-0.33395941133794543, 0.33395941133794543) P1 Winnings: -23.0
Choosing model 4
[0.032411678389353445, 4.895838945510638e-05, 0.002962074694713356, 0.07810088591254664, 0.8864764026139315]
Games played: 44
Exploitability: P1=2.600000000 P2=-0.020508257 EV: (-0.021551545893324378, 0.021551545893324378) P1 Winnings: -18.0
Choosing model 4
[0.03559414914132008, 5.55107799771779e-05, 0.003444351596638595, 0.07755287981190817, 0.883353108670156]
Games played: 45
Exploitability: P1=2.600000000 P2=-0.020508257 EV: (-0.021551545893324378, 0.021551545893324378) P1 Winnings: -17.0
Choosing model 4
[0.03339939526797108, 4.031622780217296e-05, 0.0031628318887635546, 0.06796041183185113, 0.895437044783612]
Games played: 46
Exploitability: P1=2.600000000 P2=-0.020508257 EV: (-0.021551545893324378, 0.021551545893324378) P1 Winnings: -14.0
Choosing model 4
[0.03167608303378238, 3.079718817219598e-05, 0.002946636416959276, 0.060903115744298644, 0.9044433676167876]
Games played: 47
Exploitability: P1=2.600000000 P2=-0.020508257 EV: (-0.021551545893324378, 0.021551545893324378) P1 Winnings: -13.0
Choosing model 4
[0.034787015304984396, 3.491964935329696e-05, 0.003426467556515519, 0.06047697792329537, 0.9012746195658514]
Games played: 48
Exploitability: P1=2.600000000 P2=-0.020508257 EV: (-0.021551545893324378, 0.021551545893324378) P1 Winnings: -12.0
Choosing model 4
[0.03527668563891694, 3.2941391583131936e-05, 0.0034747760297579224, 0.06103007979935203, 0.90018551714039]
Games played: 49
Exploitability: P1=2.600000000 P2=-0.020508257 EV: (-0.021551545893324378, 0.021551545893324378) P1 Winnings: -15.0
Choosing model 4
[0.03445771388009477, 2.9050707563791444e-05, 0.0033669831790166284, 0.058097726226995765, 0.9040485260063291]
Games played: 50
Exploitability: P1=2.600000000 P2=-0.020508257 EV: (-0.021551545893324378, 0.021551545893324378) P1 Winnings: -18.0
Choosing model 4
[0.028474031597838005, 1.2836027541515964e-05, 0.002625956524432526, 0.04013864864452381, 0.9287485272056641]
Games played: 51
Exploitability: P1=2.600000000 P2=-0.020508257 EV: (-0.021551545893324378, 0.021551545893324378) P1 Winnings: -19.0
Choosing model 4
[0.027776517611598765, 1.1305130022888058e-05, 0.002541158825285832, 0.03815997603095717, 0.9315110424021353]
Games played: 52
Exploitability: P1=2.600000000 P2=-0.020508257 EV: (-0.021551545893324378, 0.021551545893324378) P1 Winnings: -22.0
Choosing model 4
[0.03520389290907623, 1.6676927246635272e-05, 0.0037242041035914527, 0.03992844770213415, 0.9211267783579515]
Games played: 53
Exploitability: P1=2.600000000 P2=-0.020508257 EV: (-0.021551545893324378, 0.021551545893324378) P1 Winnings: -19.0
Choosing model 4
[0.052664020527902825, 4.159001685807884e-05, 0.006905861233322412, 0.05285815842763042, 0.8875303697942863]
Games played: 54
Exploitability: P1=2.600000000 P2=-0.020508257 EV: (-0.021551545893324378, 0.021551545893324378) P1 Winnings: -14.0
Choosing model 4
[0.061860839027329556, 7.876240142542307e-05, 0.0085203741969231, 0.07203624226354273, 0.8575037821107792]
Games played: 55
Exploitability: P1=2.600000000 P2=-0.020508257 EV: (-0.021551545893324378, 0.021551545893324378) P1 Winnings: -25.0
Choosing model 4
[0.067667930868982, 8.8952703486357e-05, 0.009868704293448435, 0.07124969589302005, 0.8511247162410632]
Games played: 56
Exploitability: P1=2.600000000 P2=-0.020508257 EV: (-0.021551545893324378, 0.021551545893324378) P1 Winnings: -24.0
Choosing model 4
[0.06766795836927847, 8.8952818804899e-05, 0.009868709409394624, 0.07124974793390597, 0.8511246314686159]
Games played: 57
Exploitability: P1=2.600000000 P2=-0.020508257 EV: (-0.021551545893324378, 0.021551545893324378) P1 Winnings: -25.0
Choosing model 3
[0.06363380378165788, 6.474512878501513e-05, 0.009081839359068516, 0.06257289207092484, 0.8646467196595637]
Games played: 58
Exploitability: P1=1.933333333 P2=-0.020508257 EV: (-0.155958518497992, 0.155958518497992) P1 Winnings: -22.0
Choosing model 4
[0.054485080433346635, 3.323864365247455e-05, 0.007405849168188059, 0.046111289294851976, 0.8919645424599608]
Games played: 59
Exploitability: P1=2.600000000 P2=-0.020508257 EV: (-0.021551545893324378, 0.021551545893324378) P1 Winnings: -23.0
Choosing model 0
[0.04896695951510767, 2.04961082180356e-05, 0.006435403632064523, 0.03730427265490353, 0.9072728680897063]
Games played: 60
Exploitability: P1=1.900000000 P2=-0.020508257 EV: (-0.08474312912873558, 0.08474312912873558) P1 Winnings: -23.0
Choosing model 4
[0.050576582795472065, 2.2666068805928714e-05, 0.006702812242278501, 0.0394781649897428, 0.9032197739037007]
Games played: 61
Exploitability: P1=2.600000000 P2=-0.020508257 EV: (-0.021551545893324378, 0.021551545893324378) P1 Winnings: -24.0
Choosing model 4
[0.03469353942048476, 8.91851121717496e-06, 0.003386134113678989, 0.03296882985447271, 0.9289425781001465]
Games played: 62
Exploitability: P1=2.600000000 P2=-0.020508257 EV: (-0.021551545893324378, 0.021551545893324378) P1 Winnings: -17.0
Choosing model 4
[0.035867923900082144, 9.872075013554804e-06, 0.0035301788160965416, 0.034923133230054776, 0.9256688919787529]
Games played: 63
Exploitability: P1=2.600000000 P2=-0.020508257 EV: (-0.021551545893324378, 0.021551545893324378) P1 Winnings: -18.0
Choosing model 4
[0.03707563393955701, 1.0925699347056482e-05, 0.0036797131839099184, 0.03698687019970609, 0.9222468569774799]
Games played: 64
Exploitability: P1=2.600000000 P2=-0.020508257 EV: (-0.021551545893324378, 0.021551545893324378) P1 Winnings: -19.0
Choosing model 4
[0.03460091256266932, 7.892067408779991e-06, 0.003360636809274722, 0.03223625893858401, 0.9297942996220632]
Games played: 65
Exploitability: P1=2.600000000 P2=-0.020508257 EV: (-0.021551545893324378, 0.021551545893324378) P1 Winnings: -16.0
Choosing model 4
[0.029179927724197387, 3.990559157011558e-06, 0.0026991657865715383, 0.023397668160404346, 0.9447192477696698]
Games played: 66
Exploitability: P1=2.600000000 P2=-0.020508257 EV: (-0.021551545893324378, 0.021551545893324378) P1 Winnings: -16.0
Choosing model 4
[0.03336936833724054, 6.307427649476183e-06, 0.0031983469758814814, 0.0297478238415475, 0.933678153417681]
Games played: 67
Exploitability: P1=2.600000000 P2=-0.020508257 EV: (-0.021551545893324378, 0.021551545893324378) P1 Winnings: -21.0
Choosing model 4
[0.022671975346655975, 2.4581630529219486e-06, 0.0016003498256297506, 0.024606170312613435, 0.9511190463520479]
Games played: 68
Exploitability: P1=2.600000000 P2=-0.020508257 EV: (-0.021551545893324378, 0.021551545893324378) P1 Winnings: -14.0
Choosing model 4
[0.022671986073075676, 2.458166403682879e-06, 0.0016003507620166331, 0.024606189926546142, 0.9511190150719578]
Games played: 69
Exploitability: P1=2.600000000 P2=-0.020508257 EV: (-0.021551545893324378, 0.021551545893324378) P1 Winnings: -15.0
Choosing model 4
[0.026015970202677693, 3.805054309067952e-06, 0.0019021700081776128, 0.031247721589439312, 0.9408303331453963]
Games played: 70
Exploitability: P1=2.600000000 P2=-0.020508257 EV: (-0.021551545893324378, 0.021551545893324378) P1 Winnings: -8.0
Choosing model 4
[0.02858958921954014, 4.317196940432095e-06, 0.0022133576465068762, 0.03104925038661626, 0.9381434855503963]
Games played: 71
Exploitability: P1=2.600000000 P2=-0.020508257 EV: (-0.021551545893324378, 0.021551545893324378) P1 Winnings: -7.0
Choosing model 4
[0.026638987308863514, 3.1135384214708693e-06, 0.002018227105217075, 0.027018360999305276, 0.9443213110481926]
Games played: 72
Exploitability: P1=2.600000000 P2=-0.020508257 EV: (-0.021551545893324378, 0.021551545893324378) P1 Winnings: -4.0
Choosing model 4
[0.025169387205776203, 2.383464477251429e-06, 0.0018740225484362425, 0.024156102344204233, 0.948798104437106]
Games played: 73
Exploitability: P1=2.600000000 P2=-0.020508257 EV: (-0.021551545893324378, 0.021551545893324378) P1 Winnings: -5.0
Choosing model 4
[0.02766109106213606, 2.7044469075957177e-06, 0.002180749858980203, 0.024004264279459092, 0.9461511903525172]
Games played: 74
Exploitability: P1=2.600000000 P2=-0.020508257 EV: (-0.021551545893324378, 0.021551545893324378) P1 Winnings: -4.0
Choosing model 4
[0.026128308895722836, 2.069759948007921e-06, 0.002024406368669519, 0.02145573145148503, 0.9503894835241746]
Games played: 75
Exploitability: P1=2.600000000 P2=-0.020508257 EV: (-0.021551545893324378, 0.021551545893324378) P1 Winnings: -5.0
Choosing model 4
[0.024636190550084494, 1.571884162708156e-06, 0.0018750701557432828, 0.019115964598862334, 0.9543712028111472]
Games played: 76
Exploitability: P1=2.600000000 P2=-0.020508257 EV: (-0.021551545893324378, 0.021551545893324378) P1 Winnings: -4.0
Choosing model 4
[0.03154451685376474, 3.6141617821365922e-06, 0.002561111418074155, 0.029668976444654948, 0.9362217811217239]
Games played: 77
Exploitability: P1=2.600000000 P2=-0.020508257 EV: (-0.021551545893324378, 0.021551545893324378) P1 Winnings: -7.0
Choosing model 4
[0.029781937436195144, 2.748368504630044e-06, 0.0023752816471997945, 0.026468069773182168, 0.9413719627749183]
Games played: 78
Exploitability: P1=2.600000000 P2=-0.020508257 EV: (-0.021551545893324378, 0.021551545893324378) P1 Winnings: -6.0
Choosing model 4
[0.02978195135899016, 2.7483722355223195e-06, 0.0023752830236553764, 0.026468090722449027, 0.94137192652267]
Games played: 79
Exploitability: P1=2.600000000 P2=-0.020508257 EV: (-0.021551545893324378, 0.021551545893324378) P1 Winnings: -7.0
Choosing model 4
[0.027735552452874648, 1.9810790102128093e-06, 0.0021647496562603153, 0.02301994970170097, 0.9470777671101539]
Games played: 80
Exploitability: P1=2.600000000 P2=-0.020508257 EV: (-0.021551545893324378, 0.021551545893324378) P1 Winnings: -4.0
Choosing model 4
[0.031731498800577324, 3.1326377932549307e-06, 0.0025662187692088194, 0.029280396429071587, 0.936418753363349]
Games played: 81
Exploitability: P1=2.600000000 P2=-0.020508257 EV: (-0.021551545893324378, 0.021551545893324378) P1 Winnings: 1.0
Choosing model 4
[0.03281811301807037, 3.4688990085573635e-06, 0.0026764036640541736, 0.031027873288223852, 0.9334741411306431]
Games played: 82
Exploitability: P1=2.600000000 P2=-0.020508257 EV: (-0.021551545893324378, 0.021551545893324378) P1 Winnings: 0.0
Choosing model 4
[0.03099184596930239, 2.6385407251461293e-06, 0.002482807383503129, 0.02768703743615176, 0.9388356706703176]
Games played: 83
Exploitability: P1=2.600000000 P2=-0.020508257 EV: (-0.021551545893324378, 0.021551545893324378) P1 Winnings: 1.0
Choosing model 4
[0.03403675582743977, 2.9918349273933126e-06, 0.0028872083100678213, 0.027494262600817145, 0.9355787814267478]
Games played: 84
Exploitability: P1=2.600000000 P2=-0.020508257 EV: (-0.021551545893324378, 0.021551545893324378) P1 Winnings: 2.0
Choosing model 4
[0.03520270728767999, 3.313019454231317e-06, 0.003011209298208417, 0.029135469322108833, 0.9326473010725486]
Games played: 85
Exploitability: P1=2.600000000 P2=-0.020508257 EV: (-0.021551545893324378, 0.021551545893324378) P1 Winnings: 1.0
Choosing model 4
[0.03324234145948824, 2.5198682511674782e-06, 0.0027932773407135397, 0.025997297258629645, 0.9379645640729173]
Games played: 86
Exploitability: P1=2.600000000 P2=-0.020508257 EV: (-0.021551545893324378, 0.021551545893324378) P1 Winnings: 1.0
Choosing model 4
[0.03324235694619808, 2.519871667794423e-06, 0.002793278954873917, 0.025997317793214174, 0.937964526434046]
Games played: 87
Exploitability: P1=2.600000000 P2=-0.020508257 EV: (-0.021551545893324378, 0.021551545893324378) P1 Winnings: 0.0
Choosing model 4
[0.031375676504227706, 1.9156581894500028e-06, 0.002589841425273127, 0.023185713935025394, 0.9428468524772844]
Games played: 88
Exploitability: P1=2.600000000 P2=-0.020508257 EV: (-0.021551545893324378, 0.021551545893324378) P1 Winnings: 0.0
Choosing model 4
[0.03137569122813422, 1.9156607933657832e-06, 0.002589842930691016, 0.023185732327754827, 0.9428468178526266]
Games played: 89
Exploitability: P1=2.600000000 P2=-0.020508257 EV: (-0.021551545893324378, 0.021551545893324378) P1 Winnings: -1.0
Choosing model 4
[0.031375705952046896, 1.9156633972850577e-06, 0.0025898444361097195, 0.023185750720498305, 0.9428467832279478]
Games played: 90
Exploitability: P1=2.600000000 P2=-0.020508257 EV: (-0.021551545893324378, 0.021551545893324378) P1 Winnings: -2.0
Choosing model 4
[0.03998922616872576, 4.384352061896305e-06, 0.0035211440910480536, 0.035820090351525315, 0.920665155036639]
Games played: 91
Exploitability: P1=2.600000000 P2=-0.020508257 EV: (-0.021551545893324378, 0.021551545893324378) P1 Winnings: -5.0
Choosing model 4
[0.031136343743972856, 2.6489048108922603e-06, 0.002155788215054641, 0.034538540964868816, 0.9321666781712927]
Games played: 92
Exploitability: P1=2.600000000 P2=-0.020508257 EV: (-0.021551545893324378, 0.021551545893324378) P1 Winnings: 2.0
Choosing model 4
[0.03113635923568788, 2.6489086770928134e-06, 0.0021557895485061003, 0.034538570237846615, 0.9321666320692823]
Games played: 93
Exploitability: P1=2.600000000 P2=-0.020508257 EV: (-0.021551545893324378, 0.021551545893324378) P1 Winnings: -1.0
Choosing model 4
[0.0354878065819962, 4.172852795227357e-06, 0.002545950366532083, 0.043765765951540865, 0.9181963042471356]
Games played: 94
Exploitability: P1=2.600000000 P2=-0.020508257 EV: (-0.021551545893324378, 0.021551545893324378) P1 Winnings: -6.0
Choosing model 4
[0.03548782385122949, 4.1728588401336e-06, 0.0025459519135144306, 0.043765802567086114, 0.9181962488093298]
Games played: 95
Exploitability: P1=2.600000000 P2=-0.020508257 EV: (-0.021551545893324378, 0.021551545893324378) P1 Winnings: -9.0
Choosing model 4
[0.034018488412100846, 3.21895937670839e-06, 0.002422779671471705, 0.03861252508731517, 0.9249429878697356]
Games played: 96
Exploitability: P1=2.600000000 P2=-0.020508257 EV: (-0.021551545893324378, 0.021551545893324378) P1 Winnings: -8.0
Choosing model 4
[0.03779583302472586, 3.077178570997804e-06, 0.002915290874468445, 0.03481876026738972, 0.924467038654845]
Games played: 97
Exploitability: P1=2.600000000 P2=-0.020508257 EV: (-0.021551545893324378, 0.021551545893324378) P1 Winnings: -5.0
Choosing model 4
[0.037795850266085895, 3.07718271341291e-06, 0.0029152925308527614, 0.034818787432002014, 0.9244669925883459]
Games played: 98
Exploitability: P1=2.600000000 P2=-0.020508257 EV: (-0.021551545893324378, 0.021551545893324378) P1 Winnings: -6.0
Choosing model 4
[0.03526187689076047, 2.2220670643780298e-06, 0.0026616570012837244, 0.03033702802102202, 0.9317372160198694]
Games played: 99
Exploitability: P1=2.600000000 P2=-0.020508257 EV: (-0.021551545893324378, 0.021551545893324378) P1 Winnings: -3.0
Choosing model 4
[0.03526189315815377, 2.2220700671308224e-06, 0.0026616585272946614, 0.030337051845651872, 0.9317371743988326]
Games played: 100
Exploitability: P1=2.600000000 P2=-0.020508257 EV: (-0.021551545893324378, 0.021551545893324378) P1 Winnings: -4.0
Choosing model 4
[0.03526190942555355, 2.2220730698876083e-06, 0.002661660053306396, 0.03033707567029955, 0.9317371327777706]
Games played: 101
Exploitability: P1=2.600000000 P2=-0.020508257 EV: (-0.021551545893324378, 0.021551545893324378) P1 Winnings: -5.0
Choosing model 4
[0.03870874374718618, 2.5184579234050377e-06, 0.003093785606945244, 0.03011215522186119, 0.9280827969660841]
Games played: 102
Exploitability: P1=2.600000000 P2=-0.020508257 EV: (-0.021551545893324378, 0.021551545893324378) P1 Winnings: -4.0
Choosing model 4
[0.03870876153408433, 2.5184613220845595e-06, 0.0030937873750629934, 0.03011217881493826, 0.9280827538145924]
Games played: 103
Exploitability: P1=2.600000000 P2=-0.020508257 EV: (-0.021551545893324378, 0.021551545893324378) P1 Winnings: -5.0
Choosing model 4
[0.03609345478886287, 1.817594650790582e-06, 0.002823048138909093, 0.02622161538609671, 0.9348600640914805]
Games played: 104
Exploitability: P1=2.600000000 P2=-0.020508257 EV: (-0.021551545893324378, 0.021551545893324378) P1 Winnings: -2.0
Choosing model 4
[0.04566438764867311, 2.6765403702375498e-06, 0.004130058832201691, 0.02738861467040176, 0.9228142623083532]
Games played: 105
Exploitability: P1=2.600000000 P2=-0.020508257 EV: (-0.021551545893324378, 0.021551545893324378) P1 Winnings: 1.0
Choosing model 4
[0.04566440854498422, 2.6765439771661026e-06, 0.0041300611847103355, 0.027388636077537328, 0.9228142176487909]
Games played: 106
Exploitability: P1=2.600000000 P2=-0.020508257 EV: (-0.021551545893324378, 0.021551545893324378) P1 Winnings: 0.0
Choosing model 4
[0.0500623924940331, 3.0295718675153377e-06, 0.004794293594931447, 0.027149950586810065, 0.917990333752358]
Games played: 107
Exploitability: P1=2.600000000 P2=-0.020508257 EV: (-0.021551545893324378, 0.021551545893324378) P1 Winnings: 1.0
Choosing model 4
[0.047930035998433, 2.334122110745058e-06, 0.004556683470138417, 0.023923397763171383, 0.9235875486461465]
Games played: 108
Exploitability: P1=2.600000000 P2=-0.020508257 EV: (-0.021551545893324378, 0.021551545893324378) P1 Winnings: 2.0
Choosing model 4
[0.04955347839796789, 2.583737659753111e-06, 0.004750618653815021, 0.02534202340124708, 0.9203512958093103]
Games played: 109
Exploitability: P1=2.600000000 P2=-0.020508257 EV: (-0.021551545893324378, 0.021551545893324378) P1 Winnings: 1.0
Choosing model 4
[0.05122377775928686, 2.8595936741957292e-06, 0.004952021796447585, 0.026840511232558175, 0.9169808296180332]
Games played: 110
Exploitability: P1=2.600000000 P2=-0.020508257 EV: (-0.021551545893324378, 0.021551545893324378) P1 Winnings: 0.0
Choosing model 4
[0.05611774387300386, 3.2344916744578304e-06, 0.005744411224942495, 0.026587913415593894, 0.9115466969947853]
Games played: 111
Exploitability: P1=2.600000000 P2=-0.020508257 EV: (-0.021551545893324378, 0.021551545893324378) P1 Winnings: 1.0
Choosing model 4
[0.04652213632983896, 3.295788366150329e-06, 0.0036305451407445816, 0.03558939066534374, 0.9142546320757065]
Games played: 112
Exploitability: P1=2.600000000 P2=-0.020508257 EV: (-0.021551545893324378, 0.021551545893324378) P1 Winnings: -8.0
Choosing model 4
[0.0439963177096231, 2.510465764438868e-06, 0.0033727650954955336, 0.031802984123098836, 0.9208254226060181]
Games played: 113
Exploitability: P1=2.600000000 P2=-0.020508257 EV: (-0.021551545893324378, 0.021551545893324378) P1 Winnings: -7.0
Choosing model 4
[0.04213104962640345, 1.934578743795358e-06, 0.0032062702487210323, 0.02802925051483974, 0.926631495031292]
Games played: 114
Exploitability: P1=2.600000000 P2=-0.020508257 EV: (-0.021551545893324378, 0.021551545893324378) P1 Winnings: -6.0
Choosing model 4
[0.050629625640450045, 3.6851918753393893e-06, 0.004051442579402354, 0.03912983348125502, 0.9061854131070172]
Games played: 115
Exploitability: P1=2.600000000 P2=-0.020508257 EV: (-0.021551545893324378, 0.021551545893324378) P1 Winnings: -9.0
Choosing model 4
[0.050629648190673227, 3.685196796537279e-06, 0.004051444837660597, 0.03912986358761628, 0.9061853581872534]
Games played: 116
Exploitability: P1=2.600000000 P2=-0.020508257 EV: (-0.021551545893324378, 0.021551545893324378) P1 Winnings: -10.0
Choosing model 4
[0.04791376933586861, 2.8090173396233943e-06, 0.0037663695684969473, 0.03499084271833569, 0.9133262093599592]
Games played: 117
Exploitability: P1=2.600000000 P2=-0.020508257 EV: (-0.021551545893324378, 0.021551545893324378) P1 Winnings: -9.0
Choosing model 4
[0.04791379091540666, 2.8090211047881307e-06, 0.0037663716866394893, 0.03499086981467082, 0.9133261585621782]
Games played: 118
Exploitability: P1=2.600000000 P2=-0.020508257 EV: (-0.021551545893324378, 0.021551545893324378) P1 Winnings: -10.0
Choosing model 4
[0.04791381249495276, 2.809024869957817e-06, 0.0037663738047830925, 0.034990896911025714, 0.9133261077643685]
Games played: 119
Exploitability: P1=2.600000000 P2=-0.020508257 EV: (-0.021551545893324378, 0.021551545893324378) P1 Winnings: -11.0
Choosing model 4
[0.0472121891251991, 2.4570176530467616e-06, 0.0036855335682275093, 0.03364510188943319, 0.9154547183994871]
Games played: 120
Exploitability: P1=2.600000000 P2=-0.020508257 EV: (-0.021551545893324378, 0.021551545893324378) P1 Winnings: -11.0
Choosing model 4
[0.04464112412853411, 1.8712317070526144e-06, 0.003423252461106163, 0.03006031117751145, 0.9218734410011411]
Games played: 121
Exploitability: P1=2.600000000 P2=-0.020508257 EV: (-0.021551545893324378, 0.021551545893324378) P1 Winnings: -10.0
Choosing model 4
[0.04464114450026479, 1.8712342263792273e-06, 0.0034232544066937613, 0.030060334634933555, 0.9218733952238815]
Games played: 122
Exploitability: P1=2.600000000 P2=-0.020508257 EV: (-0.021551545893324378, 0.021551545893324378) P1 Winnings: -11.0
Choosing model 4
[0.046143487764201796, 2.070912275931413e-06, 0.0035682000216376505, 0.03183617949697426, 0.9184500618049104]
Games played: 123
Exploitability: P1=2.600000000 P2=-0.020508257 EV: (-0.021551545893324378, 0.021551545893324378) P1 Winnings: -12.0
Choosing model 4
[0.046143510412206455, 2.0709152845926765e-06, 0.0035682022047238363, 0.03183620626539947, 0.9184500102023857]
Games played: 124
Exploitability: P1=2.600000000 P2=-0.020508257 EV: (-0.021551545893324378, 0.021551545893324378) P1 Winnings: -15.0
Choosing model 4
[0.043618413683623944, 1.5767392425482776e-06, 0.0033133420128893722, 0.028436175518024954, 0.9246304920462192]
Games played: 125
Exploitability: P1=2.600000000 P2=-0.020508257 EV: (-0.021551545893324378, 0.021551545893324378) P1 Winnings: -14.0
Choosing model 4
[0.043618433672998495, 1.5767413684351399e-06, 0.0033133439024175012, 0.028436197763052208, 0.9246304479201634]
Games played: 126
Exploitability: P1=2.600000000 P2=-0.020508257 EV: (-0.021551545893324378, 0.021551545893324378) P1 Winnings: -15.0
Choosing model 4
[0.047835974984265464, 1.7853285010644207e-06, 0.0038475604831044626, 0.028198172574807834, 0.9201165066293211]
Games played: 127
Exploitability: P1=2.600000000 P2=-0.020508257 EV: (-0.021551545893324378, 0.021551545893324378) P1 Winnings: -14.0
Choosing model 3
[0.05521402992146472, 2.981428857184575e-06, 0.004621188679747001, 0.036664808841014425, 0.9034969911289166]
Games played: 128
Exploitability: P1=1.933333333 P2=-0.020508257 EV: (-0.155958518497992, 0.155958518497992) P1 Winnings: -25.0
Choosing model 4
[0.06019265571134567, 3.9823825152342296e-06, 0.005157597814943405, 0.0428343690142506, 0.8918113950769451]
Games played: 129
Exploitability: P1=2.600000000 P2=-0.020508257 EV: (-0.021551545893324378, 0.021551545893324378) P1 Winnings: -34.0
Choosing model 4
[0.06212745501218915, 4.400899833672155e-06, 0.005368122900748321, 0.045298567565442246, 0.8872014536217866]
Games played: 130
Exploitability: P1=2.600000000 P2=-0.020508257 EV: (-0.021551545893324378, 0.021551545893324378) P1 Winnings: -35.0
Choosing model 4
[0.06212748413704328, 4.400906130454689e-06, 0.005368126066825818, 0.045298604655584856, 0.8872013842344156]
Games played: 131
Exploitability: P1=2.600000000 P2=-0.020508257 EV: (-0.021551545893324378, 0.021551545893324378) P1 Winnings: -38.0
Choosing model 4
[0.06798764553981934, 4.97234726290796e-06, 0.0062201852255826294, 0.044822485264850574, 0.8809647116224845]
Games played: 132
Exploitability: P1=2.600000000 P2=-0.020508257 EV: (-0.021551545893324378, 0.021551545893324378) P1 Winnings: -37.0
Choosing model 0
[0.06798767481160298, 4.972353829130264e-06, 0.006220188600318645, 0.04482251908549655, 0.8809646451487527]
Games played: 133
Exploitability: P1=1.900000000 P2=-0.020508257 EV: (-0.08474312912873558, 0.08474312912873558) P1 Winnings: -38.0
Choosing model 4
[0.0701404532441193, 5.4923581812817655e-06, 0.006471081123727734, 0.04737908639318834, 0.8760038868807832]
Games played: 134
Exploitability: P1=2.600000000 P2=-0.020508257 EV: (-0.021551545893324378, 0.021551545893324378) P1 Winnings: -47.0
Choosing model 4
[0.08011537110618673, 9.076483635034077e-06, 0.0076912610874566465, 0.060963179257930745, 0.8512211120647908]
Games played: 135
Exploitability: P1=2.600000000 P2=-0.020508257 EV: (-0.021551545893324378, 0.021551545893324378) P1 Winnings: -58.0
Choosing model 4
[0.07907665521263565, 7.95260395323982e-06, 0.007538996435125959, 0.058718291949085226, 0.8546581037991999]
Games played: 136
Exploitability: P1=2.600000000 P2=-0.020508257 EV: (-0.021551545893324378, 0.021551545893324378) P1 Winnings: -58.0
Choosing model 0
[0.0751542562153453, 6.08769592205895e-06, 0.007038439819290356, 0.05273140509989794, 0.8650698111695444]
Games played: 137
Exploitability: P1=1.900000000 P2=-0.020508257 EV: (-0.08474312912873558, 0.08474312912873558) P1 Winnings: -57.0
Choosing model 4
[0.07512777471466117, 5.414733591047079e-06, 0.007005412831646774, 0.05175824762762819, 0.8661031500924729]
Games played: 138
Exploitability: P1=2.600000000 P2=-0.020508257 EV: (-0.021551545893324378, 0.021551545893324378) P1 Winnings: -62.0
Choosing model 4
[0.07047847445774745, 3.931657127526479e-06, 0.0064312937571501805, 0.04534543983594682, 0.877740860292028]
Games played: 139
Exploitability: P1=2.600000000 P2=-0.020508257 EV: (-0.021551545893324378, 0.021551545893324378) P1 Winnings: -59.0
Choosing model 4
[0.07047850467343406, 3.931662312298594e-06, 0.006431297234695254, 0.04534547396850206, 0.8777407924610563]
Games played: 140
Exploitability: P1=2.600000000 P2=-0.020508257 EV: (-0.021551545893324378, 0.021551545893324378) P1 Winnings: -60.0
Choosing model 4
[0.07047853488913039, 3.9316674970773664e-06, 0.006431300712241915, 0.04534550810108092, 0.8777407246300497]
Games played: 141
Exploitability: P1=2.600000000 P2=-0.020508257 EV: (-0.021551545893324378, 0.021551545893324378) P1 Winnings: -61.0
Choosing model 4
[0.06683920991541326, 3.0032364712643126e-06, 0.005991434704951277, 0.040634914744315825, 0.8865314373988484]
Games played: 142
Exploitability: P1=2.600000000 P2=-0.020508257 EV: (-0.021551545893324378, 0.021551545893324378) P1 Winnings: -60.0
Choosing model 4
[0.0633374177732601, 2.2922230859274977e-06, 0.005577215818082999, 0.0363847201457669, 0.8946983540398041]
Games played: 143
Exploitability: P1=2.600000000 P2=-0.020508257 EV: (-0.021551545893324378, 0.021551545893324378) P1 Winnings: -60.0
Choosing model 4
[0.071746143036358, 3.5888037420297902e-06, 0.006546179180449225, 0.04582221315845619, 0.8758818758209945]
Games played: 144
Exploitability: P1=2.600000000 P2=-0.020508257 EV: (-0.021551545893324378, 0.021551545893324378) P1 Winnings: -55.0
Choosing model 4
[0.07010238525633565, 3.1659207018055093e-06, 0.0063450868208689715, 0.043634179094906834, 0.8799151829071867]
Games played: 145
Exploitability: P1=2.600000000 P2=-0.020508257 EV: (-0.021551545893324378, 0.021551545893324378) P1 Winnings: -58.0
Choosing model 0
[0.07663998814483894, 3.573516389687531e-06, 0.007345047002243654, 0.04313346206085799, 0.8728779292756698]
Games played: 146
Exploitability: P1=1.900000000 P2=-0.020508257 EV: (-0.08474312912873558, 0.08474312912873558) P1 Winnings: -57.0
Choosing model 0
[0.07664002086062666, 3.573521095574044e-06, 0.007345050960316764, 0.04313349444878277, 0.8728778602091781]
Games played: 147
Exploitability: P1=1.900000000 P2=-0.020508257 EV: (-0.08474312912873558, 0.08474312912873558) P1 Winnings: -58.0
Choosing model 4
[0.06901497651225635, 2.2079368629551755e-06, 0.006395255944680653, 0.0349645661080032, 0.8896229934981968]
Games played: 148
Exploitability: P1=2.600000000 P2=-0.020508257 EV: (-0.021551545893324378, 0.021551545893324378) P1 Winnings: -55.0
Choosing model 3
[0.06464355232251703, 1.586766518250609e-06, 0.005862371927301523, 0.030575176731452172, 0.898917312252211]
Games played: 149
Exploitability: P1=1.933333333 P2=-0.020508257 EV: (-0.155958518497992, 0.155958518497992) P1 Winnings: -55.0
Choosing model 4
[0.059513876343873034, 1.4240457484614538e-06, 0.004666494500076542, 0.033920028096418024, 0.901898177013884]
Games played: 150
Exploitability: P1=2.600000000 P2=-0.020508257 EV: (-0.021551545893324378, 0.021551545893324378) P1 Winnings: -55.0
Choosing model 4
[0.06514979081958215, 1.6095031864677074e-06, 0.005409036627116111, 0.03357498790450669, 0.8958645751456086]
Games played: 151
Exploitability: P1=2.600000000 P2=-0.020508257 EV: (-0.021551545893324378, 0.021551545893324378) P1 Winnings: -54.0
Choosing model 4
[0.06514981960425971, 1.609505330044638e-06, 0.005409039622766622, 0.03357501361703225, 0.8958645176506114]
Games played: 152
Exploitability: P1=2.600000000 P2=-0.020508257 EV: (-0.021551545893324378, 0.021551545893324378) P1 Winnings: -55.0
Choosing model 4
[0.06726980927430369, 1.779335530036844e-06, 0.005631992399207258, 0.03552018449254247, 0.8915762344984166]
Games played: 153
Exploitability: P1=2.600000000 P2=-0.020508257 EV: (-0.021551545893324378, 0.021551545893324378) P1 Winnings: -56.0
Choosing model 4
[0.06370825011659476, 1.3572868387367995e-06, 0.005239563570538932, 0.031786399176588265, 0.8992644298494393]
Games played: 154
Exploitability: P1=2.600000000 P2=-0.020508257 EV: (-0.021551545893324378, 0.021551545893324378) P1 Winnings: -55.0
Choosing model 4
[0.05961736933181132, 9.745256582836822e-07, 0.0047985034840167745, 0.027770099026311435, 0.9078130536322022]
Games played: 155
Exploitability: P1=2.600000000 P2=-0.020508257 EV: (-0.021551545893324378, 0.021551545893324378) P1 Winnings: -55.0
Choosing model 2
[0.061594212135935154, 1.0780001639681357e-06, 0.004999284229002064, 0.02939656330735047, 0.9040088623275483]
Games played: 156
Exploitability: P1=4.600000000 P2=-0.020508257 EV: (-0.33395941133794543, 0.33395941133794543) P1 Winnings: -56.0
Choosing model 4
[0.05834700656906042, 8.27364668421916e-07, 0.004654107717866448, 0.026350444205841893, 0.9106476141425628]
Games played: 157
Exploitability: P1=2.600000000 P2=-0.020508257 EV: (-0.021551545893324378, 0.021551545893324378) P1 Winnings: -55.0
Choosing model 4
[0.05516578095671357, 6.300666151382743e-07, 0.00432260145440305, 0.02354126367031207, 0.9169697238519562]
Games played: 158
Exploitability: P1=2.600000000 P2=-0.020508257 EV: (-0.021551545893324378, 0.021551545893324378) P1 Winnings: -54.0
Choosing model 4
[0.05516580814354174, 6.300675317735882e-07, 0.004322604107705717, 0.023541283511391654, 0.9169696741698291]
Games played: 159
Exploitability: P1=2.600000000 P2=-0.020508257 EV: (-0.021551545893324378, 0.021551545893324378) P1 Winnings: -57.0
Choosing model 4
[0.05516583329229408, 6.300683797675694e-07, 0.004322606562408823, 0.023541301870685916, 0.9169696282062315]
Games played: 160
Exploitability: P1=2.600000000 P2=-0.020508257 EV: (-0.021551545893324378, 0.021551545893324378) P1 Winnings: -58.0
Choosing model 4
[0.05516585844105626, 6.300692277626731e-07, 0.004322609017113196, 0.023541320229993803, 0.916969582242609]
Games played: 161
Exploitability: P1=2.600000000 P2=-0.020508257 EV: (-0.021551545893324378, 0.021551545893324378) P1 Winnings: -59.0
Choosing model 4
[0.06041792199238765, 7.124539273367607e-07, 0.005012746415870086, 0.023312620431516527, 0.9112559987062984]
Games played: 162
Exploitability: P1=2.600000000 P2=-0.020508257 EV: (-0.021551545893324378, 0.021551545893324378) P1 Winnings: -58.0
Choosing model 4
[0.0563854008784478, 5.146360989031775e-07, 0.004578099919574503, 0.020318426205678645, 0.9187175583602002]
Games played: 163
Exploitability: P1=2.600000000 P2=-0.020508257 EV: (-0.021551545893324378, 0.021551545893324378) P1 Winnings: -55.0
Choosing model 4
[0.04622317302260082, 2.2558216063339034e-07, 0.0035421131647804384, 0.013925931584119146, 0.936308556646339]
Games played: 164
Exploitability: P1=2.600000000 P2=-0.020508257 EV: (-0.021551545893324378, 0.021551545893324378) P1 Winnings: -55.0
Choosing model 4
[0.05833714728985324, 3.313734912937816e-07, 0.005169358304195463, 0.014510124184508366, 0.9219830388479517]
Games played: 165
Exploitability: P1=2.600000000 P2=-0.020508257 EV: (-0.021551545893324378, 0.021551545893324378) P1 Winnings: -52.0
Choosing model 4
[0.06385961400960433, 3.7451737991495283e-07, 0.005991728320316608, 0.014362072165822262, 0.9157862109868768]
Games played: 166
Exploitability: P1=2.600000000 P2=-0.020508257 EV: (-0.021551545893324378, 0.021551545893324378) P1 Winnings: -51.0
Choosing model 4
[0.06289189956336069, 3.274158373730947e-07, 0.0058600871861892835, 0.013802536094227508, 0.9174451497403852]
Games played: 167
Exploitability: P1=2.600000000 P2=-0.020508257 EV: (-0.021551545893324378, 0.021551545893324378) P1 Winnings: -51.0
Choosing model 4
[0.058633656269383966, 2.3626245665613442e-07, 0.005346443731357684, 0.012017366014785718, 0.924002297722016]
Games played: 168
Exploitability: P1=2.600000000 P2=-0.020508257 EV: (-0.021551545893324378, 0.021551545893324378) P1 Winnings: -58.0
Choosing model 4
[0.058633685620055796, 2.3626280220877522e-07, 0.005346447054586789, 0.01201737623649346, 0.9240022548260618]
Games played: 169
Exploitability: P1=2.600000000 P2=-0.020508257 EV: (-0.021551545893324378, 0.021551545893324378) P1 Winnings: -61.0
Choosing model 4
[0.05716609631440497, 2.0797100026733104e-07, 0.005170970465028201, 0.011418722350713091, 0.9262440028988534]
Games played: 170
Exploitability: P1=2.600000000 P2=-0.020508257 EV: (-0.021551545893324378, 0.021551545893324378) P1 Winnings: -64.0
Choosing model 4
[0.04466681455280469, 1.2609142242530425e-07, 0.0031769924667835823, 0.011048839258641125, 0.941107227630348]
Games played: 171
Exploitability: P1=2.600000000 P2=-0.020508257 EV: (-0.021551545893324378, 0.021551545893324378) P1 Winnings: -57.0
Choosing model 4
[0.04942705521017485, 1.2005315919942855e-07, 0.0038074569600841162, 0.009923219575841942, 0.9368421482007399]
Games played: 172
Exploitability: P1=2.600000000 P2=-0.020508257 EV: (-0.021551545893324378, 0.021551545893324378) P1 Winnings: -54.0
Choosing model 4
[0.046000801770494495, 8.648022897524742e-08, 0.0034677222982490447, 0.00862484603182327, 0.9419065434192041]
Games played: 173
Exploitability: P1=2.600000000 P2=-0.020508257 EV: (-0.021551545893324378, 0.021551545893324378) P1 Winnings: -51.0
Choosing model 4
[0.058079761656745194, 1.2708779157056956e-07, 0.005062820211291373, 0.008990259212058309, 0.9278670318321135]
Games played: 174
Exploitability: P1=2.600000000 P2=-0.020508257 EV: (-0.021551545893324378, 0.021551545893324378) P1 Winnings: -48.0
Choosing model 4
[0.06357942499931482, 1.4363779028010904e-07, 0.005868385728245836, 0.008898746976576012, 0.9216532986580731]
Games played: 175
Exploitability: P1=2.600000000 P2=-0.020508257 EV: (-0.021551545893324378, 0.021551545893324378) P1 Winnings: -47.0
Choosing model 4
[0.06955176541106467, 1.622308297287008e-07, 0.0067974276058547995, 0.00880207966105162, 0.9148485650911992]
Games played: 176
Exploitability: P1=2.600000000 P2=-0.020508257 EV: (-0.021551545893324378, 0.021551545893324378) P1 Winnings: -46.0
Choosing model 4
[0.06483643125968562, 1.1705422713586902e-07, 0.006201035158132379, 0.007662921413784868, 0.92129949511417]
Games played: 177
Exploitability: P1=2.600000000 P2=-0.020508257 EV: (-0.021551545893324378, 0.021551545893324378) P1 Winnings: -53.0
Choosing model 4
[0.04401745056987986, 5.4698937251962975e-08, 0.00303119441001319, 0.007055987390517543, 0.9458953129306522]
Games played: 178
Exploitability: P1=2.600000000 P2=-0.020508257 EV: (-0.021551545893324378, 0.021551545893324378) P1 Winnings: -46.0
Choosing model 4
[0.04288387757122853, 4.811318841957228e-08, 0.002929533022666738, 0.006699516647960657, 0.9474870246449557]
Games played: 179
Exploitability: P1=2.600000000 P2=-0.020508257 EV: (-0.021551545893324378, 0.021551545893324378) P1 Winnings: -49.0
Choosing model 4
[0.03987087320638959, 3.462329619486145e-08, 0.00266543895931046, 0.005817056142095509, 0.9516465970689082]
Games played: 180
Exploitability: P1=2.600000000 P2=-0.020508257 EV: (-0.021551545893324378, 0.021551545893324378) P1 Winnings: -46.0
Choosing model 4
[0.03923393765372704, 3.024362502203083e-08, 0.002604704336131574, 0.0055857664042260925, 0.9525755613622903]
Games played: 181
Exploitability: P1=2.600000000 P2=-0.020508257 EV: (-0.021551545893324378, 0.021551545893324378) P1 Winnings: -46.0
Choosing model 4
[0.03860634080974015, 2.6417387748203418e-08, 0.0025452984729368356, 0.0053635567007702615, 0.953484777599165]
Games played: 182
Exploitability: P1=2.600000000 P2=-0.020508257 EV: (-0.021551545893324378, 0.021551545893324378) P1 Winnings: -46.0
Choosing model 4
[0.03798798154648298, 2.3074735533772977e-08, 0.0024871950023958858, 0.005150078136136315, 0.9543747222402493]
Games played: 183
Exploitability: P1=2.600000000 P2=-0.020508257 EV: (-0.021551545893324378, 0.021551545893324378) P1 Winnings: -46.0
Choosing model 0
[0.035297140329045976, 1.6594822385176914e-08, 0.002261579106379851, 0.004468947022090858, 0.9579723169476609]
Games played: 184
Exploitability: P1=1.900000000 P2=-0.020508257 EV: (-0.08474312912873558, 0.08474312912873558) P1 Winnings: -43.0
Choosing model 4
[0.03529715737876318, 1.6594845170468495e-08, 0.0022615804520968404, 0.004468950628686464, 0.9579722949456083]
Games played: 185
Exploitability: P1=2.600000000 P2=-0.020508257 EV: (-0.021551545893324378, 0.021551545893324378) P1 Winnings: -44.0
Choosing model 4
[0.045423240868670806, 3.8348494241086394e-08, 0.003104638600631869, 0.006971078339744, 0.944501003842459]
Games played: 186
Exploitability: P1=2.600000000 P2=-0.020508257 EV: (-0.021551545893324378, 0.021551545893324378) P1 Winnings: -47.0
Choosing model 4
[0.04980416960181876, 4.3411922015210045e-08, 0.003604400287932287, 0.006911183493687861, 0.9396802032046391]
Games played: 187
Exploitability: P1=2.600000000 P2=-0.020508257 EV: (-0.021551545893324378, 0.021551545893324378) P1 Winnings: -46.0
Choosing model 4
[0.05967984207567115, 8.386853057112002e-08, 0.004536636722707631, 0.009608411902725553, 0.9261750254303651]
Games played: 188
Exploitability: P1=2.600000000 P2=-0.020508257 EV: (-0.021551545893324378, 0.021551545893324378) P1 Winnings: -57.0
Choosing model 0
[0.05875787700942725, 7.329878028062715e-08, 0.004435636778915682, 0.009231311522214031, 0.9275751013906628]
Games played: 189
Exploitability: P1=1.900000000 P2=-0.020508257 EV: (-0.08474312912873558, 0.08474312912873558) P1 Winnings: -57.0
Choosing model 4
[0.058757904382745495, 7.329887966413987e-08, 0.004435639342122194, 0.009231318813723898, 0.9275750641625287]
Games played: 190
Exploitability: P1=2.600000000 P2=-0.020508257 EV: (-0.021551545893324378, 0.021551545893324378) P1 Winnings: -58.0
Choosing model 4
[0.05544693590280274, 5.571176233262725e-08, 0.004111734403641468, 0.00823124717497305, 0.9322100268068203]
Games played: 191
Exploitability: P1=2.600000000 P2=-0.020508257 EV: (-0.021551545893324378, 0.021551545893324378) P1 Winnings: -57.0
Choosing model 4
[0.05169242380435752, 3.921621077499534e-08, 0.003748223293307717, 0.007139112638492816, 0.9374202010476311]
Games played: 192
Exploitability: P1=2.600000000 P2=-0.020508257 EV: (-0.021551545893324378, 0.021551545893324378) P1 Winnings: -57.0
Choosing model 4
[0.05088088483234392, 3.426515260542319e-08, 0.0036638421576074263, 0.006857176955831662, 0.9385980617890644]
Games played: 193
Exploitability: P1=2.600000000 P2=-0.020508257 EV: (-0.021551545893324378, 0.021551545893324378) P1 Winnings: -57.0
Choosing model 4
[0.05575208689990777, 3.876432763299097e-08, 0.004250867863899724, 0.006793861740272235, 0.9332031447315926]
Games played: 194
Exploitability: P1=2.600000000 P2=-0.020508257 EV: (-0.021551545893324378, 0.021551545893324378) P1 Winnings: -56.0
Choosing model 4
[0.057686491304654954, 4.294411966794769e-08, 0.004435325728506042, 0.007202474626161223, 0.9306756653965581]
Games played: 195
Exploitability: P1=2.600000000 P2=-0.020508257 EV: (-0.021551545893324378, 0.021551545893324378) P1 Winnings: -57.0
Choosing model 4
[0.05377473544947527, 3.071513090727283e-08, 0.004046348143390758, 0.00626822905781597, 0.935910656634187]
Games played: 196
Exploitability: P1=2.600000000 P2=-0.020508257 EV: (-0.021551545893324378, 0.021551545893324378) P1 Winnings: -57.0
Choosing model 4
[0.05003957144376337, 2.2122298236456212e-08, 0.0036847428859035536, 0.005447261725587865, 0.940828401822447]
Games played: 197
Exploitability: P1=2.600000000 P2=-0.020508257 EV: (-0.021551545893324378, 0.021551545893324378) P1 Winnings: -54.0
Choosing model 4
[0.04654406795119813, 1.5926625472341065e-08, 0.0033540273821739902, 0.0047318081884956485, 0.9453700805515068]
Games played: 198
Exploitability: P1=2.600000000 P2=-0.020508257 EV: (-0.021551545893324378, 0.021551545893324378) P1 Winnings: -61.0
Choosing model 4
[0.045804434067751504, 1.3913174572523242e-08, 0.0032778821013979102, 0.004544056043477586, 0.9463736138741985]
Games played: 199
Exploitability: P1=2.600000000 P2=-0.020508257 EV: (-0.021551545893324378, 0.021551545893324378) P1 Winnings: -61.0
Choosing model 4
[0.04742016672066552, 1.542198378337263e-08, 0.0034220299180242235, 0.004820046971713782, 0.9443377409676127]
Games played: 200
Exploitability: P1=2.600000000 P2=-0.020508257 EV: (-0.021551545893324378, 0.021551545893324378) P1 Winnings: -62.0
