Player 1 exploitability: 0.325948831258
Choosing model 0
[0.20396124844724672, 0.2105817708859842, 0.21596433592023306, 0.18442191860964258, 0.18507072613689338]
Games played: 1
Exploitability: P1=1.900000000 P2=0.240296817 EV: (-0.09245927691477797, 0.09245927691477797) P1 Winnings: 1.0
Choosing model 2
[0.20396121220067653, 0.21058192088098285, 0.21596432172860813, 0.18442194558827762, 0.1850705996014548]
Games played: 2
Exploitability: P1=4.600000000 P2=0.240296817 EV: (0.22242366050039472, -0.22242366050039472) P1 Winnings: 0.0
Choosing model 2
[0.18819536974767953, 0.2685574497662782, 0.2064788620120558, 0.18918766312503324, 0.14758065534895318]
Games played: 3
Exploitability: P1=4.600000000 P2=0.240296817 EV: (0.22242366050039472, -0.22242366050039472) P1 Winnings: -9.0
Choosing model 3
[0.18819519220204567, 0.26855810252297974, 0.20647875476494204, 0.18918771715582408, 0.14758023335420847]
Games played: 4
Exploitability: P1=1.933333333 P2=0.240296817 EV: (-0.1844059474458499, 0.1844059474458499) P1 Winnings: -18.0
Choosing model 2
[0.17094131437468996, 0.3290606073761535, 0.19426634775109977, 0.19017567904990507, 0.11555605144815162]
Games played: 5
Exploitability: P1=4.600000000 P2=0.240296817 EV: (0.22242366050039472, -0.22242366050039472) P1 Winnings: -11.0
Choosing model 0
[0.14714518275051225, 0.4098136422951839, 0.17400832058965254, 0.18441134445449534, 0.08462150991015606]
Games played: 6
Exploitability: P1=1.900000000 P2=0.240296817 EV: (-0.09245927691477797, 0.09245927691477797) P1 Winnings: -20.0
Choosing model 3
[0.163810491698071, 0.35312189783918774, 0.18957205782415068, 0.19172616449665925, 0.1017693881419315]
Games played: 7
Exploitability: P1=1.933333333 P2=0.240296817 EV: (-0.1844059474458499, 0.1844059474458499) P1 Winnings: -20.0
Choosing model 0
[0.15941272612981067, 0.3679293058141813, 0.18603322562424535, 0.19116778100893989, 0.09545696142282288]
Games played: 8
Exploitability: P1=1.900000000 P2=0.240296817 EV: (-0.09245927691477797, 0.09245927691477797) P1 Winnings: -31.0
Choosing model 1
[0.17312297950601696, 0.32183584821743605, 0.1984631221771791, 0.1961720218990093, 0.11040602820035841]
Games played: 9
Exploitability: P1=2.800000000 P2=0.240296817 EV: (0.11213261015359974, -0.11213261015359974) P1 Winnings: -31.0
Choosing model 0
[0.16662299495676283, 0.3658105084313972, 0.21158856256054973, 0.1696788176442292, 0.08629911640706096]
Games played: 10
Exploitability: P1=1.900000000 P2=0.240296817 EV: (-0.09245927691477797, 0.09245927691477797) P1 Winnings: -26.0
Choosing model 1
[0.19218238931510825, 0.28369841632023746, 0.2354567552584641, 0.17503276952612185, 0.1136296695800682]
Games played: 11
Exploitability: P1=2.800000000 P2=0.240296817 EV: (0.11213261015359974, -0.11213261015359974) P1 Winnings: -26.0
Choosing model 3
[0.19218218667077985, 0.2836990743805412, 0.23545660681805472, 0.17503280008110453, 0.1136293320495196]
Games played: 12
Exploitability: P1=1.933333333 P2=0.240296817 EV: (-0.1844059474458499, 0.1844059474458499) P1 Winnings: -35.0
Choosing model 4
[0.19889937691115306, 0.20209902330571267, 0.1754587325911716, 0.24569559710372138, 0.17784727008824136]
Games played: 13
Exploitability: P1=2.600000000 P2=0.240296817 EV: (-0.13920181326127723, 0.13920181326127723) P1 Winnings: -28.0
Choosing model 4
[0.20360750459975366, 0.2135982475637326, 0.1901821370495552, 0.22741683275184482, 0.1651952780351136]
Games played: 14
Exploitability: P1=2.600000000 P2=0.240296817 EV: (-0.13920181326127723, 0.13920181326127723) P1 Winnings: -27.0
Choosing model 1
[0.20754270508340292, 0.2247938828468405, 0.20526636496077214, 0.2096047753115593, 0.15279227179742516]
Games played: 15
Exploitability: P1=2.800000000 P2=0.240296817 EV: (0.11213261015359974, -0.11213261015359974) P1 Winnings: -26.0
Choosing model 0
[0.22945637806537608, 0.13109534502059306, 0.19149972676399157, 0.21944060900401388, 0.2285079411460254]
Games played: 16
Exploitability: P1=1.900000000 P2=0.240296817 EV: (-0.09245927691477797, 0.09245927691477797) P1 Winnings: -21.0
Choosing model 3
[0.22763274901273647, 0.13924523192474478, 0.19157449358487452, 0.2230507282676504, 0.2184967972099937]
Games played: 17
Exploitability: P1=1.933333333 P2=0.240296817 EV: (-0.1844059474458499, 0.1844059474458499) P1 Winnings: -22.0
Choosing model 0
[0.2441063905398447, 0.12847926182620326, 0.22249546053871636, 0.19413517981177958, 0.2107837072834561]
Games played: 18
Exploitability: P1=1.900000000 P2=0.240296817 EV: (-0.09245927691477797, 0.09245927691477797) P1 Winnings: -19.0
Choosing model 2
[0.2441063672253749, 0.12847936390198164, 0.22249546420783445, 0.19413522416995269, 0.21078358049485638]
Games played: 19
Exploitability: P1=4.600000000 P2=0.240296817 EV: (0.22242366050039472, -0.22242366050039472) P1 Winnings: -20.0
Choosing model 4
[0.25242948908328755, 0.10246632158830897, 0.22635404576838916, 0.18474838764307575, 0.2340017559169386]
Games played: 20
Exploitability: P1=2.600000000 P2=0.240296817 EV: (-0.13920181326127723, 0.13920181326127723) P1 Winnings: -17.0
Choosing model 3
[0.24202208273504305, 0.07623113219948242, 0.1706478613952514, 0.21935536455398796, 0.29174355911623523]
Games played: 21
Exploitability: P1=1.933333333 P2=0.240296817 EV: (-0.1844059474458499, 0.1844059474458499) P1 Winnings: -10.0
Choosing model 3
[0.24351489219998967, 0.06924987426801743, 0.17032830552850783, 0.2150974709450424, 0.30180945705844264]
Games played: 22
Exploitability: P1=1.933333333 P2=0.240296817 EV: (-0.1844059474458499, 0.1844059474458499) P1 Winnings: -7.0
Choosing model 3
[0.21683233214007652, 0.03536995756233613, 0.11169489296502977, 0.23317461535484552, 0.402928201977712]
Games played: 23
Exploitability: P1=1.933333333 P2=0.240296817 EV: (-0.1844059474458499, 0.1844059474458499) P1 Winnings: -7.0
Choosing model 4
[0.21919551795391887, 0.04380933194438298, 0.11559542837825301, 0.25260258337242336, 0.3687971383510219]
Games played: 24
Exploitability: P1=2.600000000 P2=0.240296817 EV: (-0.13920181326127723, 0.13920181326127723) P1 Winnings: -16.0
Choosing model 0
[0.21907740075451096, 0.03389027663034546, 0.11306162221582997, 0.23577718744733295, 0.3981935129519807]
Games played: 25
Exploitability: P1=1.900000000 P2=0.240296817 EV: (-0.09245927691477797, 0.09245927691477797) P1 Winnings: -13.0
Choosing model 0
[0.22023375769765755, 0.03647706406513607, 0.11461367555490537, 0.2428511299997352, 0.3858243726825658]
Games played: 26
Exploitability: P1=1.900000000 P2=0.240296817 EV: (-0.09245927691477797, 0.09245927691477797) P1 Winnings: -14.0
Choosing model 3
[0.2202337733875943, 0.03647709912849725, 0.11461369655699397, 0.24285122598491413, 0.38582420494200037]
Games played: 27
Exploitability: P1=1.933333333 P2=0.240296817 EV: (-0.1844059474458499, 0.1844059474458499) P1 Winnings: -15.0
Choosing model 2
[0.22023379036515664, 0.036477137031514395, 0.11461371926071352, 0.24285132970412718, 0.3858240236384883]
Games played: 28
Exploitability: P1=4.600000000 P2=0.240296817 EV: (0.22242366050039472, -0.22242366050039472) P1 Winnings: -18.0
Choosing model 2
[0.2218199844454828, 0.05077994174151256, 0.11961498060229823, 0.2719418346786321, 0.33584325853207436]
Games played: 29
Exploitability: P1=4.600000000 P2=0.240296817 EV: (0.22242366050039472, -0.22242366050039472) P1 Winnings: -13.0
Choosing model 3
[0.19599899388407607, 0.041327614354942914, 0.08397579277647567, 0.3207540242340913, 0.3579435747504142]
Games played: 30
Exploitability: P1=1.933333333 P2=0.240296817 EV: (-0.1844059474458499, 0.1844059474458499) P1 Winnings: -26.0
Choosing model 4
[0.19395772027341973, 0.02186779473534624, 0.07843166310973881, 0.2653789379878546, 0.44036388389364056]
Games played: 31
Exploitability: P1=2.600000000 P2=0.240296817 EV: (-0.13920181326127723, 0.13920181326127723) P1 Winnings: -27.0
Choosing model 3
[0.19395774133623844, 0.021867816572455963, 0.0784316804113822, 0.26537905278961227, 0.44036370889031107]
Games played: 32
Exploitability: P1=1.933333333 P2=0.240296817 EV: (-0.1844059474458499, 0.1844059474458499) P1 Winnings: -28.0
Choosing model 4
[0.15019453312219633, 0.011655701944880328, 0.0437302884376051, 0.2787220247304591, 0.5156974517648591]
Games played: 33
Exploitability: P1=2.600000000 P2=0.240296817 EV: (-0.13920181326127723, 0.13920181326127723) P1 Winnings: -21.0
Choosing model 4
[0.15170245532177498, 0.0109516203195657, 0.044170306491538205, 0.28015154571183787, 0.5130240721552833]
Games played: 34
Exploitability: P1=2.600000000 P2=0.240296817 EV: (-0.13920181326127723, 0.13920181326127723) P1 Winnings: -24.0
Choosing model 3
[0.14245399301396905, 0.0053573483125077094, 0.039174046254113026, 0.21990625144829903, 0.5931083609711113]
Games played: 35
Exploitability: P1=1.933333333 P2=0.240296817 EV: (-0.1844059474458499, 0.1844059474458499) P1 Winnings: -24.0
Choosing model 4
[0.1430009885612359, 0.004785105244426989, 0.03915373815660701, 0.2167530734272139, 0.5963070946105162]
Games played: 36
Exploitability: P1=2.600000000 P2=0.240296817 EV: (-0.13920181326127723, 0.13920181326127723) P1 Winnings: -29.0
Choosing model 0
[0.14526105546600798, 0.0052042733886991455, 0.040106827138972324, 0.22559395411082117, 0.5838338898954994]
Games played: 37
Exploitability: P1=1.900000000 P2=0.240296817 EV: (-0.09245927691477797, 0.09245927691477797) P1 Winnings: -30.0
Choosing model 0
[0.16644419244274813, 0.007042406587026175, 0.05090610951583078, 0.23230430057711404, 0.5433029908772808]
Games played: 38
Exploitability: P1=1.900000000 P2=0.240296817 EV: (-0.09245927691477797, 0.09245927691477797) P1 Winnings: -25.0
Choosing model 4
[0.18392968683530425, 0.006695955735221924, 0.060924525452123075, 0.208351497232106, 0.5400983347452448]
Games played: 39
Exploitability: P1=2.600000000 P2=0.240296817 EV: (-0.13920181326127723, 0.13920181326127723) P1 Winnings: -22.0
Choosing model 4
[0.19563462427302197, 0.011289578283611794, 0.06813859432782919, 0.2574450775034377, 0.46749212561209935]
Games played: 40
Exploitability: P1=2.600000000 P2=0.240296817 EV: (-0.13920181326127723, 0.13920181326127723) P1 Winnings: -25.0
Choosing model 3
[0.16897436038967234, 0.006270712573192088, 0.04726130675319296, 0.2337698015233011, 0.5437238187606415]
Games played: 41
Exploitability: P1=1.933333333 P2=0.240296817 EV: (-0.1844059474458499, 0.1844059474458499) P1 Winnings: -22.0
Choosing model 4
[0.16852199568319357, 0.005551520659734621, 0.04680853502278986, 0.2275084618788415, 0.5516094867554405]
Games played: 42
Exploitability: P1=2.600000000 P2=0.240296817 EV: (-0.13920181326127723, 0.13920181326127723) P1 Winnings: -25.0
Choosing model 2
[0.16873897211145245, 0.0048480584061466716, 0.046571054664529286, 0.22230343735224237, 0.5575384774656292]
Games played: 43
Exploitability: P1=4.600000000 P2=0.240296817 EV: (0.22242366050039472, -0.22242366050039472) P1 Winnings: -25.0
Choosing model 0
[0.19204644178987182, 0.006516287699104473, 0.058713651313097706, 0.22737744716682956, 0.5153461720310965]
Games played: 44
Exploitability: P1=1.900000000 P2=0.240296817 EV: (-0.09245927691477797, 0.09245927691477797) P1 Winnings: -20.0
Choosing model 4
[0.1877783161580431, 0.0048885935902716, 0.05618389362018558, 0.20756089030622937, 0.5435883063252703]
Games played: 45
Exploitability: P1=2.600000000 P2=0.240296817 EV: (-0.13920181326127723, 0.13920181326127723) P1 Winnings: -19.0
Choosing model 3
[0.18374329576436393, 0.003852905014745695, 0.05400518629730075, 0.19191204204534024, 0.5664865708782494]
Games played: 46
Exploitability: P1=1.933333333 P2=0.240296817 EV: (-0.1844059474458499, 0.1844059474458499) P1 Winnings: -18.0
Choosing model 4
[0.19382869918912962, 0.005617585011457585, 0.059030204315901225, 0.22507521285918317, 0.5164482986243284]
Games played: 47
Exploitability: P1=2.600000000 P2=0.240296817 EV: (-0.13920181326127723, 0.13920181326127723) P1 Winnings: -31.0
Choosing model 4
[0.20268912267354453, 0.008499111174186844, 0.06423327684781815, 0.26513903683087986, 0.4594394524735707]
Games played: 48
Exploitability: P1=2.600000000 P2=0.240296817 EV: (-0.13920181326127723, 0.13920181326127723) P1 Winnings: -32.0
Choosing model 4
[0.1998630980896477, 0.006327688168751279, 0.0619317435527265, 0.24322325288842403, 0.4886542173004505]
Games played: 49
Exploitability: P1=2.600000000 P2=0.240296817 EV: (-0.13920181326127723, 0.13920181326127723) P1 Winnings: -32.0
Choosing model 0
[0.20078969531226804, 0.005656282247772031, 0.061948743216356586, 0.23992592290528666, 0.4916793563183168]
Games played: 50
Exploitability: P1=1.900000000 P2=0.240296817 EV: (-0.09245927691477797, 0.09245927691477797) P1 Winnings: -32.0
Choosing model 3
[0.20301334360027265, 0.006123118843249302, 0.06316123042534676, 0.24854920244723275, 0.4791531046838986]
Games played: 51
Exploitability: P1=1.933333333 P2=0.240296817 EV: (-0.1844059474458499, 0.1844059474458499) P1 Winnings: -33.0
Choosing model 4
[0.21695795445576962, 0.006756111279157739, 0.07147200276115508, 0.24017524458034878, 0.46463868692356886]
Games played: 52
Exploitability: P1=2.600000000 P2=0.240296817 EV: (-0.13920181326127723, 0.13920181326127723) P1 Winnings: -32.0
Choosing model 4
[0.21304356340182745, 0.005134904871920038, 0.06868113291918237, 0.22025167221364075, 0.49288872659342936]
Games played: 53
Exploitability: P1=2.600000000 P2=0.240296817 EV: (-0.13920181326127723, 0.13920181326127723) P1 Winnings: -39.0
Choosing model 2
[0.21151365502589273, 0.004602761611391696, 0.06764300414284181, 0.2131109275127391, 0.5031296517071348]
Games played: 54
Exploitability: P1=4.600000000 P2=0.240296817 EV: (0.22242366050039472, -0.22242366050039472) P1 Winnings: -42.0
Choosing model 4
[0.26864513209404833, 0.007769646524054815, 0.11623545087507717, 0.18994138479201306, 0.4174083857148066]
Games played: 55
Exploitability: P1=2.600000000 P2=0.240296817 EV: (-0.13920181326127723, 0.13920181326127723) P1 Winnings: -37.0
Choosing model 0
[0.271055350869131, 0.008393415521123375, 0.1182639914645962, 0.19635892511492978, 0.4059283170302196]
Games played: 56
Exploitability: P1=1.900000000 P2=0.240296817 EV: (-0.09245927691477797, 0.09245927691477797) P1 Winnings: -38.0
Choosing model 0
[0.27105538368417315, 0.008393424007419574, 0.11826401902770224, 0.19635901250735277, 0.40592816077335225]
Games played: 57
Exploitability: P1=1.900000000 P2=0.240296817 EV: (-0.09245927691477797, 0.09245927691477797) P1 Winnings: -39.0
Choosing model 0
[0.2952318286214338, 0.010796570948954674, 0.1426888122699756, 0.19220572558357155, 0.3590770625760645]
Games played: 58
Exploitability: P1=1.900000000 P2=0.240296817 EV: (-0.09245927691477797, 0.09245927691477797) P1 Winnings: -34.0
Choosing model 2
[0.29231835781518856, 0.008202066101142028, 0.1382663203263091, 0.17767167543337323, 0.38354158032398716]
Games played: 59
Exploitability: P1=4.600000000 P2=0.240296817 EV: (0.22242366050039472, -0.22242366050039472) P1 Winnings: -33.0
Choosing model 4
[0.2946026207898136, 0.008850386298940435, 0.1405179587593771, 0.18346395676024008, 0.37256507739162875]
Games played: 60
Exploitability: P1=2.600000000 P2=0.240296817 EV: (-0.13920181326127723, 0.13920181326127723) P1 Winnings: -46.0
Choosing model 3
[0.2908852400038893, 0.006763789360029354, 0.135776800259661, 0.16917413609251405, 0.3974000342839063]
Games played: 61
Exploitability: P1=1.933333333 P2=0.240296817 EV: (-0.1844059474458499, 0.1844059474458499) P1 Winnings: -53.0
Choosing model 4
[0.2934044918761591, 0.007304552316163266, 0.13810377828155243, 0.17483608812334392, 0.3863510894027813]
Games played: 62
Exploitability: P1=2.600000000 P2=0.240296817 EV: (-0.13920181326127723, 0.13920181326127723) P1 Winnings: -64.0
Choosing model 0
[0.29340452616878726, 0.007304559670972643, 0.1381038098905482, 0.17483616520490838, 0.38635093906478335]
Games played: 63
Exploitability: P1=1.900000000 P2=0.240296817 EV: (-0.09245927691477797, 0.09245927691477797) P1 Winnings: -65.0
Choosing model 4
[0.2957676537591605, 0.007883813845551, 0.14038620857188788, 0.18057897179509574, 0.3753833520283049]
Games played: 64
Exploitability: P1=2.600000000 P2=0.240296817 EV: (-0.13920181326127723, 0.13920181326127723) P1 Winnings: -66.0
Choosing model 0
[0.30923452057278833, 0.008510337157675432, 0.155416138718481, 0.1707140804632109, 0.3561249230878443]
Games played: 65
Exploitability: P1=1.900000000 P2=0.240296817 EV: (-0.09245927691477797, 0.09245927691477797) P1 Winnings: -65.0
Choosing model 0
[0.3220909299257142, 0.009151881833620328, 0.1714040255421923, 0.16077730452984643, 0.3365758581686268]
Games played: 66
Exploitability: P1=1.900000000 P2=0.240296817 EV: (-0.09245927691477797, 0.09245927691477797) P1 Winnings: -64.0
Choosing model 3
[0.34242951090918955, 0.011490651038874884, 0.2018579498158745, 0.15361293109963672, 0.29060895713642426]
Games played: 67
Exploitability: P1=1.933333333 P2=0.240296817 EV: (-0.1844059474458499, 0.1844059474458499) P1 Winnings: -59.0
Choosing model 0
[0.346644437867953, 0.01843864243074939, 0.21486517637326813, 0.18064872635548818, 0.23940301697254124]
Games played: 68
Exploitability: P1=1.900000000 P2=0.240296817 EV: (-0.09245927691477797, 0.09245927691477797) P1 Winnings: -62.0
Choosing model 0
[0.347027036802958, 0.019763617071854988, 0.21691022225236872, 0.18529598660040741, 0.23100313727241087]
Games played: 69
Exploitability: P1=1.900000000 P2=0.240296817 EV: (-0.09245927691477797, 0.09245927691477797) P1 Winnings: -57.0
Choosing model 2
[0.34858329149767303, 0.02055727470422527, 0.22024481630150722, 0.19139996933495057, 0.21921464816164382]
Games played: 70
Exploitability: P1=4.600000000 P2=0.240296817 EV: (0.22242366050039472, -0.22242366050039472) P1 Winnings: -57.0
Choosing model 2
[0.3501269830639782, 0.015981860027862588, 0.21648777119890483, 0.17953908676449765, 0.2378642989447567]
Games played: 71
Exploitability: P1=4.600000000 P2=0.240296817 EV: (0.22242366050039472, -0.22242366050039472) P1 Winnings: -60.0
Choosing model 2
[0.3691276486318887, 0.024636979697964252, 0.29020160954816204, 0.15205928694502835, 0.1639744751769568]
Games played: 72
Exploitability: P1=4.600000000 P2=0.240296817 EV: (0.22242366050039472, -0.22242366050039472) P1 Winnings: -55.0
Choosing model 3
[0.3718987558631659, 0.020111065638307092, 0.2873411942792584, 0.1449685527503119, 0.1756804314689568]
Games played: 73
Exploitability: P1=1.933333333 P2=0.240296817 EV: (-0.1844059474458499, 0.1844059474458499) P1 Winnings: -54.0
Choosing model 0
[0.3766430633189449, 0.021028749291206145, 0.30813250669921183, 0.13275287198026356, 0.16144280871037342]
Games played: 74
Exploitability: P1=1.900000000 P2=0.240296817 EV: (-0.09245927691477797, 0.09245927691477797) P1 Winnings: -53.0
Choosing model 4
[0.37664305783941887, 0.0210287677008975, 0.3081325367273097, 0.13275291306094839, 0.16144272467142554]
Games played: 75
Exploitability: P1=2.600000000 P2=0.240296817 EV: (-0.13920181326127723, 0.13920181326127723) P1 Winnings: -54.0
Choosing model 0
[0.38000765349132637, 0.02190530537523539, 0.329180660574427, 0.12110757566260916, 0.147798804896402]
Games played: 76
Exploitability: P1=1.900000000 P2=0.240296817 EV: (-0.09245927691477797, 0.09245927691477797) P1 Winnings: -53.0
Choosing model 0
[0.3848557378846275, 0.01186223047502417, 0.31464730588249235, 0.10254583881615363, 0.18608888694170225]
Games played: 77
Exploitability: P1=1.900000000 P2=0.240296817 EV: (-0.09245927691477797, 0.09245927691477797) P1 Winnings: -54.0
Choosing model 0
[0.3848557437106786, 0.01186224121200449, 0.31464734588627913, 0.10254587359343999, 0.18608879559759783]
Games played: 78
Exploitability: P1=1.900000000 P2=0.240296817 EV: (-0.09245927691477797, 0.09245927691477797) P1 Winnings: -55.0
Choosing model 4
[0.38464257519927125, 0.007971649851354993, 0.30340572306202857, 0.09166227957884406, 0.21231777230850116]
Games played: 79
Exploitability: P1=2.600000000 P2=0.240296817 EV: (-0.13920181326127723, 0.13920181326127723) P1 Winnings: -55.0
Choosing model 2
[0.3886580060027074, 0.00831632763888315, 0.3246148696561331, 0.08374633160794792, 0.19466446509432841]
Games played: 80
Exploitability: P1=4.600000000 P2=0.240296817 EV: (0.22242366050039472, -0.22242366050039472) P1 Winnings: -54.0
Choosing model 4
[0.39202102896208957, 0.00990637761134295, 0.36269561590855715, 0.07591330175563482, 0.15946367576237544]
Games played: 81
Exploitability: P1=2.600000000 P2=0.240296817 EV: (-0.13920181326127723, 0.13920181326127723) P1 Winnings: -49.0
Choosing model 0
[0.3921683018473067, 0.010231778119475054, 0.3841844706818087, 0.068666652891078, 0.14474879646033156]
Games played: 82
Exploitability: P1=1.900000000 P2=0.240296817 EV: (-0.09245927691477797, 0.09245927691477797) P1 Winnings: -48.0
Choosing model 3
[0.3933779279596085, 0.008315494546508194, 0.37872784198372667, 0.06517725769123117, 0.15440147781892546]
Games played: 83
Exploitability: P1=1.933333333 P2=0.240296817 EV: (-0.1844059474458499, 0.1844059474458499) P1 Winnings: -47.0
Choosing model 0
[0.3946470053393014, 0.007760476124775941, 0.3799580433949694, 0.06506960299401894, 0.15256487214693437]
Games played: 84
Exploitability: P1=1.900000000 P2=0.240296817 EV: (-0.09245927691477797, 0.09245927691477797) P1 Winnings: -50.0
Choosing model 0
[0.39079368445377055, 0.010685101168763686, 0.41632667504261167, 0.06218572076965522, 0.12000881856519886]
Games played: 85
Exploitability: P1=1.900000000 P2=0.240296817 EV: (-0.09245927691477797, 0.09245927691477797) P1 Winnings: -45.0
Choosing model 2
[0.3950211575846567, 0.00562653398709704, 0.39745966365720237, 0.052544350564744484, 0.14934829420629933]
Games played: 86
Exploitability: P1=4.600000000 P2=0.240296817 EV: (0.22242366050039472, -0.22242366050039472) P1 Winnings: -48.0
Choosing model 2
[0.39034100641494335, 0.007730655374009422, 0.43458702052251774, 0.05010991191660908, 0.11723140577192029]
Games played: 87
Exploitability: P1=4.600000000 P2=0.240296817 EV: (0.22242366050039472, -0.22242366050039472) P1 Winnings: -43.0
Choosing model 0
[0.3903409879447148, 0.007730681091578356, 0.4345871842244157, 0.05010997113088151, 0.11723117560840964]
Games played: 88
Exploitability: P1=1.900000000 P2=0.240296817 EV: (-0.09245927691477797, 0.09245927691477797) P1 Winnings: -52.0
Choosing model 0
[0.400044267487647, 0.013791500347052954, 0.40774511054298607, 0.07367208533902794, 0.1047470362832861]
Games played: 89
Exploitability: P1=1.900000000 P2=0.240296817 EV: (-0.09245927691477797, 0.09245927691477797) P1 Winnings: -39.0
Choosing model 2
[0.3990756986035807, 0.014730490169519746, 0.41017662886148115, 0.07530125782078605, 0.10071592454463231]
Games played: 90
Exploitability: P1=4.600000000 P2=0.240296817 EV: (0.22242366050039472, -0.22242366050039472) P1 Winnings: -40.0
Choosing model 0
[0.39587895684709146, 0.015086810841305113, 0.4308364340415847, 0.06754205023891045, 0.09065574803110811]
Games played: 91
Exploitability: P1=1.900000000 P2=0.240296817 EV: (-0.09245927691477797, 0.09245927691477797) P1 Winnings: -39.0
Choosing model 0
[0.39587894192529216, 0.01508682369992878, 0.43083646605591547, 0.06754206957672697, 0.0906556987421366]
Games played: 92
Exploitability: P1=1.900000000 P2=0.240296817 EV: (-0.09245927691477797, 0.09245927691477797) P1 Winnings: -40.0
Choosing model 2
[0.39466680316977604, 0.01610365377689698, 0.4331273030615791, 0.06899134217983227, 0.08711089781191564]
Games played: 93
Exploitability: P1=4.600000000 P2=0.240296817 EV: (0.22242366050039472, -0.22242366050039472) P1 Winnings: -35.0
Choosing model 4
[0.39371909688255885, 0.016635511594291285, 0.43677107067904736, 0.070775520636121, 0.08209880020798141]
Games played: 94
Exploitability: P1=2.600000000 P2=0.240296817 EV: (-0.13920181326127723, 0.13920181326127723) P1 Winnings: -30.0
Choosing model 0
[0.39371907912057924, 0.01663552564944256, 0.43677109989330654, 0.07077554037451561, 0.08209875496215606]
Games played: 95
Exploitability: P1=1.900000000 P2=0.240296817 EV: (-0.09245927691477797, 0.09245927691477797) P1 Winnings: -31.0
Choosing model 0
[0.3982684740558914, 0.0129113158642779, 0.43239128530044485, 0.0668392590245964, 0.08958966575478935]
Games played: 96
Exploitability: P1=1.900000000 P2=0.240296817 EV: (-0.09245927691477797, 0.09245927691477797) P1 Winnings: -30.0
Choosing model 2
[0.39826845962163987, 0.012911326887433277, 0.43239131805741693, 0.06683927825813644, 0.08958961717537353]
Games played: 97
Exploitability: P1=4.600000000 P2=0.240296817 EV: (0.22242366050039472, -0.22242366050039472) P1 Winnings: -31.0
Choosing model 3
[0.41878932529015367, 0.012505052864209712, 0.36125346460836677, 0.09381976906389022, 0.11363238817337958]
Games played: 98
Exploitability: P1=1.933333333 P2=0.240296817 EV: (-0.1844059474458499, 0.1844059474458499) P1 Winnings: -44.0
Choosing model 3
[0.4134533077994916, 0.017063614106200633, 0.369551629035158, 0.10297790306219838, 0.09695354599695147]
Games played: 99
Exploitability: P1=1.933333333 P2=0.240296817 EV: (-0.1844059474458499, 0.1844059474458499) P1 Winnings: -39.0
Choosing model 0
[0.4137976218707404, 0.014694027033688956, 0.40056749381910006, 0.08364919280448897, 0.0872916644719816]
Games played: 100
Exploitability: P1=1.900000000 P2=0.240296817 EV: (-0.09245927691477797, 0.09245927691477797) P1 Winnings: -36.0
Choosing model 2
[0.4110497870635717, 0.012559014608546398, 0.43094436175776335, 0.06744105919284124, 0.07800577737727728]
Games played: 101
Exploitability: P1=4.600000000 P2=0.240296817 EV: (0.22242366050039472, -0.22242366050039472) P1 Winnings: -33.0
Choosing model 2
[0.40614232285019064, 0.012811869263554673, 0.4508576057402082, 0.06025222337041035, 0.06993597877563627]
Games played: 102
Exploitability: P1=4.600000000 P2=0.240296817 EV: (0.22242366050039472, -0.22242366050039472) P1 Winnings: -32.0
Choosing model 0
[0.41020158827952447, 0.009979720425740026, 0.4479861715934523, 0.056002511174103514, 0.07583000852717967]
Games played: 103
Exploitability: P1=1.900000000 P2=0.240296817 EV: (-0.09245927691477797, 0.09245927691477797) P1 Winnings: -29.0
Choosing model 0
[0.4141159813868475, 0.007798042566970475, 0.4425862378216156, 0.052799552250896845, 0.08270018597366952]
Games played: 104
Exploitability: P1=1.900000000 P2=0.240296817 EV: (-0.09245927691477797, 0.09245927691477797) P1 Winnings: -29.0
Choosing model 3
[0.4170950189879267, 0.006272033404081498, 0.4375078238688289, 0.05011481251976328, 0.08901031121939956]
Games played: 105
Exploitability: P1=1.933333333 P2=0.240296817 EV: (-0.1844059474458499, 0.1844059474458499) P1 Winnings: -29.0
Choosing model 0
[0.4117806110794671, 0.006393112766640526, 0.4573525351199569, 0.044736486694830026, 0.07973725433910533]
Games played: 106
Exploitability: P1=1.900000000 P2=0.240296817 EV: (-0.09245927691477797, 0.09245927691477797) P1 Winnings: -28.0
Choosing model 2
[0.41074818295209503, 0.006827795962974066, 0.46004017199481695, 0.04572183633188318, 0.07666201275823066]
Games played: 107
Exploitability: P1=4.600000000 P2=0.240296817 EV: (0.22242366050039472, -0.22242366050039472) P1 Winnings: -23.0
Choosing model 2
[0.4388048295651384, 0.006718483407210233, 0.3904872624475472, 0.0652022123310943, 0.09878721224900977]
Games played: 108
Exploitability: P1=4.600000000 P2=0.240296817 EV: (0.22242366050039472, -0.22242366050039472) P1 Winnings: -10.0
Choosing model 2
[0.4388047948589826, 0.006718505544111301, 0.39048739713032354, 0.06520228730799844, 0.09878701515858428]
Games played: 109
Exploitability: P1=4.600000000 P2=0.240296817 EV: (0.22242366050039472, -0.22242366050039472) P1 Winnings: -19.0
Choosing model 0
[0.4571640716042303, 0.005510914702997976, 0.30644236925827584, 0.09157251865628017, 0.13931012577821575]
Games played: 110
Exploitability: P1=1.900000000 P2=0.240296817 EV: (-0.09245927691477797, 0.09245927691477797) P1 Winnings: -28.0
Choosing model 0
[0.45708128344563237, 0.005899340284315618, 0.30896199938351393, 0.0938077109490833, 0.13424966593745488]
Games played: 111
Exploitability: P1=1.900000000 P2=0.240296817 EV: (-0.09245927691477797, 0.09245927691477797) P1 Winnings: -23.0
Choosing model 3
[0.45847818007904073, 0.006109445472883891, 0.32814415800042745, 0.08508022822579521, 0.12218798822185278]
Games played: 112
Exploitability: P1=1.933333333 P2=0.240296817 EV: (-0.1844059474458499, 0.1844059474458499) P1 Winnings: -22.0
Choosing model 4
[0.4598158531948668, 0.005439091255140507, 0.32682365841724614, 0.0832659188766236, 0.124655478256123]
Games played: 113
Exploitability: P1=2.600000000 P2=0.240296817 EV: (-0.13920181326127723, 0.13920181326127723) P1 Winnings: -25.0
Choosing model 0
[0.45986740591924696, 0.005616272169129215, 0.34609597799628866, 0.07529754936960315, 0.11312279454573211]
Games played: 114
Exploitability: P1=1.900000000 P2=0.240296817 EV: (-0.09245927691477797, 0.09245927691477797) P1 Winnings: -24.0
Choosing model 0
[0.4593766684070446, 0.006006796282810865, 0.3486324238893656, 0.07706712946873301, 0.10891698195204594]
Games played: 115
Exploitability: P1=1.900000000 P2=0.240296817 EV: (-0.09245927691477797, 0.09245927691477797) P1 Winnings: -25.0
Choosing model 3
[0.4696954161653745, 0.004835490932405415, 0.26850737927138685, 0.10622290440393142, 0.1507388092269017]
Games played: 116
Exploitability: P1=1.933333333 P2=0.240296817 EV: (-0.1844059474458499, 0.1844059474458499) P1 Winnings: -16.0
Choosing model 4
[0.4735685689089653, 0.0050336177633752135, 0.2866534352419828, 0.0968388435719672, 0.13790553451370946]
Games played: 117
Exploitability: P1=2.600000000 P2=0.240296817 EV: (-0.13920181326127723, 0.13920181326127723) P1 Winnings: -15.0
Choosing model 4
[0.47394052072840553, 0.002693597052999436, 0.27075856556094974, 0.08102735732023701, 0.17157995933740824]
Games played: 118
Exploitability: P1=2.600000000 P2=0.240296817 EV: (-0.13920181326127723, 0.13920181326127723) P1 Winnings: -16.0
Choosing model 0
[0.4789148040359051, 0.002341937726751864, 0.2963163993983118, 0.06645417736152859, 0.1559726814775027]
Games played: 119
Exploitability: P1=1.900000000 P2=0.240296817 EV: (-0.09245927691477797, 0.09245927691477797) P1 Winnings: -13.0
Choosing model 2
[0.48005207047431, 0.0028186391751456865, 0.30342381955799824, 0.07092284837930497, 0.14278262241324108]
Games played: 120
Exploitability: P1=4.600000000 P2=0.240296817 EV: (0.22242366050039472, -0.22242366050039472) P1 Winnings: -13.0
Choosing model 0
[0.4800520936347221, 0.0028186488212726037, 0.30342396284918993, 0.0709229389656369, 0.1427823557291784]
Games played: 121
Exploitability: P1=1.900000000 P2=0.240296817 EV: (-0.09245927691477797, 0.09245927691477797) P1 Winnings: -22.0
Choosing model 0
[0.4812517933190956, 0.0029260437603008545, 0.3074795881215559, 0.0731144661324566, 0.1352281086665909]
Games played: 122
Exploitability: P1=1.900000000 P2=0.240296817 EV: (-0.09245927691477797, 0.09245927691477797) P1 Winnings: -22.0
Choosing model 2
[0.4808744097976461, 0.0015231041786023974, 0.2901760722518841, 0.061069611057175816, 0.16635680271469164]
Games played: 123
Exploitability: P1=4.600000000 P2=0.240296817 EV: (0.22242366050039472, -0.22242366050039472) P1 Winnings: -25.0
Choosing model 4
[0.48242951316235777, 0.002111144869883075, 0.34014982642836195, 0.05452290872042505, 0.12078660681897217]
Games played: 124
Exploitability: P1=2.600000000 P2=0.240296817 EV: (-0.13920181326127723, 0.13920181326127723) P1 Winnings: -16.0
Choosing model 0
[0.4824379240721551, 0.0022603935569692527, 0.3430147090430363, 0.05586484844880324, 0.11642212487903601]
Games played: 125
Exploitability: P1=1.900000000 P2=0.240296817 EV: (-0.09245927691477797, 0.09245927691477797) P1 Winnings: -17.0
Choosing model 0
[0.4834261328682411, 0.001808766446087115, 0.33734659670422723, 0.0527533648762874, 0.1246651391051571]
Games played: 126
Exploitability: P1=1.900000000 P2=0.240296817 EV: (-0.09245927691477797, 0.09245927691477797) P1 Winnings: -17.0
Choosing model 0
[0.4834261360568535, 0.0018087680678228943, 0.3373466367122146, 0.05275338231636626, 0.12466507684674283]
Games played: 127
Exploitability: P1=1.900000000 P2=0.240296817 EV: (-0.09245927691477797, 0.09245927691477797) P1 Winnings: -18.0
Choosing model 0
[0.48354513576047764, 0.0019370829648051916, 0.3402657125639171, 0.05406413314930157, 0.12018793556149861]
Games played: 128
Exploitability: P1=1.900000000 P2=0.240296817 EV: (-0.09245927691477797, 0.09245927691477797) P1 Winnings: -27.0
Choosing model 0
[0.4817258646119143, 0.001992435539941267, 0.3589347543644678, 0.04870090865184089, 0.10864603683183575]
Games played: 129
Exploitability: P1=1.900000000 P2=0.240296817 EV: (-0.09245927691477797, 0.09245927691477797) P1 Winnings: -26.0
Choosing model 0
[0.47863397583188144, 0.0020439061510296487, 0.37761866020803336, 0.04375276434116082, 0.09795069346789467]
Games played: 130
Exploitability: P1=1.900000000 P2=0.240296817 EV: (-0.09245927691477797, 0.09245927691477797) P1 Winnings: -25.0
Choosing model 2
[0.48034773990557234, 0.0015876535970772703, 0.3708636929632631, 0.04100679340087108, 0.10619412013321615]
Games played: 131
Exploitability: P1=4.600000000 P2=0.240296817 EV: (0.22242366050039472, -0.22242366050039472) P1 Winnings: -25.0
Choosing model 2
[0.47648209862857455, 0.001625996853652618, 0.38952876365894595, 0.036779982787613894, 0.09558315807121301]
Games played: 132
Exploitability: P1=4.600000000 P2=0.240296817 EV: (0.22242366050039472, -0.22242366050039472) P1 Winnings: -24.0
Choosing model 2
[0.47788601494760546, 0.0013212862085084881, 0.3839433865778921, 0.03490615063335371, 0.10194316163264013]
Games played: 133
Exploitability: P1=4.600000000 P2=0.240296817 EV: (0.22242366050039472, -0.22242366050039472) P1 Winnings: -23.0
Choosing model 2
[0.5010747023529065, 0.0012760568528887347, 0.31986057521918665, 0.048856576700727114, 0.12893208887429097]
Games played: 134
Exploitability: P1=4.600000000 P2=0.240296817 EV: (0.22242366050039472, -0.22242366050039472) P1 Winnings: -10.0
Choosing model 2
[0.5011774850044435, 0.001034090546754029, 0.3144124361024727, 0.04624074399266402, 0.13713524435366578]
Games played: 135
Exploitability: P1=4.600000000 P2=0.240296817 EV: (0.22242366050039472, -0.22242366050039472) P1 Winnings: -9.0
Choosing model 0
[0.4991400288189403, 0.0014319932201591714, 0.3464897833336176, 0.04444566933662777, 0.1084925252906551]
Games played: 136
Exploitability: P1=1.900000000 P2=0.240296817 EV: (-0.09245927691477797, 0.09245927691477797) P1 Winnings: -4.0
Choosing model 2
[0.4970889907322928, 0.002063308664010782, 0.35906709517925944, 0.049862590655235926, 0.09191801476920099]
Games played: 137
Exploitability: P1=4.600000000 P2=0.240296817 EV: (0.22242366050039472, -0.22242366050039472) P1 Winnings: -5.0
Choosing model 2
[0.482430062385052, 0.002766627213320656, 0.40717610165138496, 0.043065224706434334, 0.06456198404380811]
Games played: 138
Exploitability: P1=4.600000000 P2=0.240296817 EV: (0.22242366050039472, -0.22242366050039472) P1 Winnings: 4.0
Choosing model 0
[0.48522644204323306, 0.002254551756333288, 0.4024781453103543, 0.040987319637620714, 0.06905354125245876]
Games played: 139
Exploitability: P1=1.900000000 P2=0.240296817 EV: (-0.09245927691477797, 0.09245927691477797) P1 Winnings: 5.0
Choosing model 0
[0.489646008379472, 0.0015610271249536809, 0.3926957384052682, 0.03723192172690086, 0.07886530436340523]
Games played: 140
Exploitability: P1=1.900000000 P2=0.240296817 EV: (-0.09245927691477797, 0.09245927691477797) P1 Winnings: -2.0
Choosing model 0
[0.49444967624641795, 0.0008428722418026371, 0.3742658050311755, 0.031433767775564954, 0.0990078787050389]
Games played: 141
Exploitability: P1=1.900000000 P2=0.240296817 EV: (-0.09245927691477797, 0.09245927691477797) P1 Winnings: -3.0
Choosing model 0
[0.4944496748844632, 0.0008428729896387679, 0.37426584591812034, 0.03143377787354241, 0.09900782833423523]
Games played: 142
Exploitability: P1=1.900000000 P2=0.240296817 EV: (-0.09245927691477797, 0.09245927691477797) P1 Winnings: -4.0
Choosing model 0
[0.49425241254107855, 0.000902084564008264, 0.3772609103021182, 0.03219402783117505, 0.09539056476161993]
Games played: 143
Exploitability: P1=1.900000000 P2=0.240296817 EV: (-0.09245927691477797, 0.09245927691477797) P1 Winnings: 1.0
Choosing model 0
[0.4954833377766324, 0.0007221663641688293, 0.37119060100558454, 0.03041434231282929, 0.10218955254078481]
Games played: 144
Exploitability: P1=1.900000000 P2=0.240296817 EV: (-0.09245927691477797, 0.09245927691477797) P1 Winnings: 1.0
Choosing model 0
[0.49388870432044774, 0.0009949286045172296, 0.3833798140790992, 0.03370522925957714, 0.08803132373635873]
Games played: 145
Exploitability: P1=1.900000000 P2=0.240296817 EV: (-0.09245927691477797, 0.09245927691477797) P1 Winnings: 1.0
Choosing model 0
[0.49342530951189645, 0.0010642476469142792, 0.38623932503229785, 0.0345017918455701, 0.08476932596332147]
Games played: 146
Exploitability: P1=1.900000000 P2=0.240296817 EV: (-0.09245927691477797, 0.09245927691477797) P1 Winnings: 0.0
Choosing model 4
[0.4877632357973903, 0.0010861841258323604, 0.40427650913423135, 0.0308385653422185, 0.07603550560032746]
Games played: 147
Exploitability: P1=2.600000000 P2=0.240296817 EV: (-0.13920181326127723, 0.13920181326127723) P1 Winnings: 1.0
Choosing model 0
[0.4901293241247384, 0.00084478820847221, 0.3975472825573493, 0.028939693171133846, 0.08253891193830609]
Games played: 148
Exploitability: P1=1.900000000 P2=0.240296817 EV: (-0.09245927691477797, 0.09245927691477797) P1 Winnings: -6.0
Choosing model 0
[0.4901293178074841, 0.0008447889494467905, 0.39754732195876574, 0.028939702174610903, 0.08253886910969245]
Games played: 149
Exploitability: P1=1.900000000 P2=0.240296817 EV: (-0.09245927691477797, 0.09245927691477797) P1 Winnings: -7.0
Choosing model 0
[0.4918099983414321, 0.0006827680709377596, 0.39186193472351377, 0.027439195234587637, 0.08820610362952892]
Games played: 150
Exploitability: P1=1.900000000 P2=0.240296817 EV: (-0.09245927691477797, 0.09245927691477797) P1 Winnings: -7.0
Choosing model 0
[0.4914031468334751, 0.0007304192931446583, 0.39482857506743263, 0.02809079213067132, 0.0849470666752764]
Games played: 151
Exploitability: P1=1.900000000 P2=0.240296817 EV: (-0.09245927691477797, 0.09245927691477797) P1 Winnings: -8.0
Choosing model 0
[0.4929147419870118, 0.0005936160478495042, 0.3892174444541449, 0.026663109097062456, 0.09061108841393138]
Games played: 152
Exploitability: P1=1.900000000 P2=0.240296817 EV: (-0.09245927691477797, 0.09245927691477797) P1 Winnings: -9.0
Choosing model 2
[0.4925732029867173, 0.0006351306258579231, 0.3922167919701979, 0.027299947125275923, 0.08727492729195092]
Games played: 153
Exploitability: P1=4.600000000 P2=0.240296817 EV: (0.22242366050039472, -0.22242366050039472) P1 Winnings: -18.0
Choosing model 4
[0.4964625237223399, 0.0007326362204009587, 0.3899829283611429, 0.029995755521063944, 0.08282615617505228]
Games played: 154
Exploitability: P1=2.600000000 P2=0.240296817 EV: (-0.13920181326127723, 0.13920181326127723) P1 Winnings: -18.0
Choosing model 0
[0.4932589886421225, 0.0010060777502867697, 0.4014822654568167, 0.03313348819956813, 0.07111917995120591]
Games played: 155
Exploitability: P1=1.900000000 P2=0.240296817 EV: (-0.09245927691477797, 0.09245927691477797) P1 Winnings: -13.0
Choosing model 0
[0.49548453979484214, 0.0008140010243799258, 0.3961676779014995, 0.031449438767992034, 0.07608434251128647]
Games played: 156
Exploitability: P1=1.900000000 P2=0.240296817 EV: (-0.09245927691477797, 0.09245927691477797) P1 Winnings: -13.0
Choosing model 4
[0.49744688560938544, 0.0006582333257558714, 0.3907088259414654, 0.02983459507533608, 0.08135146004805731]
Games played: 157
Exploitability: P1=2.600000000 P2=0.240296817 EV: (-0.13920181326127723, 0.13920181326127723) P1 Winnings: -13.0
Choosing model 0
[0.49814853431312306, 0.0006131877469462173, 0.3912685569987682, 0.029731412232780762, 0.08023830870838192]
Games played: 158
Exploitability: P1=1.900000000 P2=0.240296817 EV: (-0.09245927691477797, 0.09245927691477797) P1 Winnings: -16.0
Choosing model 2
[0.500221537347949, 0.0004724343923425443, 0.38451390258951523, 0.027872635258607434, 0.08691949041158568]
Games played: 159
Exploitability: P1=4.600000000 P2=0.240296817 EV: (0.22242366050039472, -0.22242366050039472) P1 Winnings: -15.0
Choosing model 4
[0.49432746588898907, 0.00048202212469715725, 0.40234515720156505, 0.02490549975407421, 0.07793985503067449]
Games played: 160
Exploitability: P1=2.600000000 P2=0.240296817 EV: (-0.13920181326127723, 0.13920181326127723) P1 Winnings: -14.0
Choosing model 0
[0.4960678073306951, 0.0003896113340165916, 0.3966273468409524, 0.02361631883635537, 0.0832989156579805]
Games played: 161
Exploitability: P1=1.900000000 P2=0.240296817 EV: (-0.09245927691477797, 0.09245927691477797) P1 Winnings: -13.0
Choosing model 0
[0.4895196577202914, 0.00039694815401678017, 0.4144251695809139, 0.021072020013058385, 0.07458620453171971]
Games played: 162
Exploitability: P1=1.900000000 P2=0.240296817 EV: (-0.09245927691477797, 0.09245927691477797) P1 Winnings: -12.0
Choosing model 0
[0.4925347161384182, 0.0002740393811027705, 0.40317069796905675, 0.01908539074104401, 0.08493515577037825]
Games played: 163
Exploitability: P1=1.900000000 P2=0.240296817 EV: (-0.09245927691477797, 0.09245927691477797) P1 Winnings: -19.0
Choosing model 0
[0.49391768039197614, 0.00021945245932101414, 0.39680907135191024, 0.018036058661470507, 0.09101773713532216]
Games played: 164
Exploitability: P1=1.900000000 P2=0.240296817 EV: (-0.09245927691477797, 0.09245927691477797) P1 Winnings: -19.0
Choosing model 4
[0.49366894054876154, 0.00023484435802396524, 0.39994266430939085, 0.01847034096108857, 0.08768320982273502]
Games played: 165
Exploitability: P1=2.600000000 P2=0.240296817 EV: (-0.13920181326127723, 0.13920181326127723) P1 Winnings: -28.0
Choosing model 2
[0.49366893728102396, 0.00023484456548136256, 0.39994270645572333, 0.018470346823230576, 0.08768316487454085]
Games played: 166
Exploitability: P1=4.600000000 P2=0.240296817 EV: (0.22242366050039472, -0.22242366050039472) P1 Winnings: -29.0
Choosing model 2
[0.49366892490603465, 0.00023484535196420617, 0.3999428660067184, 0.018470369060394922, 0.0876829946748878]
Games played: 167
Exploitability: P1=4.600000000 P2=0.240296817 EV: (0.22242366050039472, -0.22242366050039472) P1 Winnings: -38.0
Choosing model 2
[0.47413522601712105, 0.0003116266749206506, 0.448818593300619, 0.015786783968773123, 0.06094777003856604]
Games played: 168
Exploitability: P1=4.600000000 P2=0.240296817 EV: (0.22242366050039472, -0.22242366050039472) P1 Winnings: -29.0
Choosing model 0
[0.4723619106560265, 0.00033122904819805085, 0.45326080009588804, 0.01588224006290024, 0.05816382013698717]
Games played: 169
Exploitability: P1=1.900000000 P2=0.240296817 EV: (-0.09245927691477797, 0.09245927691477797) P1 Winnings: -24.0
Choosing model 0
[0.47666782355255705, 0.00022933585177710975, 0.4422466112589148, 0.014427081711280848, 0.06642914762547016]
Games played: 170
Exploitability: P1=1.900000000 P2=0.240296817 EV: (-0.09245927691477797, 0.09245927691477797) P1 Winnings: -21.0
Choosing model 0
[0.480222492640605, 0.0001585262489707425, 0.4307909401616195, 0.013083710365988363, 0.07574433058281639]
Games played: 171
Exploitability: P1=1.900000000 P2=0.240296817 EV: (-0.09245927691477797, 0.09245927691477797) P1 Winnings: -18.0
Choosing model 2
[0.47828703678864576, 0.0001934513475095416, 0.43925062435269, 0.013964517163823742, 0.06830437034733107]
Games played: 172
Exploitability: P1=4.600000000 P2=0.240296817 EV: (0.22242366050039472, -0.22242366050039472) P1 Winnings: -23.0
Choosing model 2
[0.48063212761790475, 0.00015046611746162133, 0.4319616917619837, 0.013105338544190244, 0.0741503759584599]
Games played: 173
Exploitability: P1=4.600000000 P2=0.240296817 EV: (0.22242366050039472, -0.22242366050039472) P1 Winnings: -26.0
Choosing model 2
[0.48063209988826167, 0.0001504666164559793, 0.4319618499929592, 0.013105353894628979, 0.07415022960769406]
Games played: 174
Exploitability: P1=4.600000000 P2=0.240296817 EV: (0.22242366050039472, -0.22242366050039472) P1 Winnings: -35.0
Choosing model 2
[0.4806320721584435, 0.00015046711545193677, 0.43196200822383396, 0.013105369245080876, 0.07415008325718982]
Games played: 175
Exploitability: P1=4.600000000 P2=0.240296817 EV: (0.22242366050039472, -0.22242366050039472) P1 Winnings: -44.0
Choosing model 2
[0.4941289822148899, 0.00013706296719333852, 0.4085612721646607, 0.014182128521679162, 0.08299055413157684]
Games played: 176
Exploitability: P1=4.600000000 P2=0.240296817 EV: (0.22242366050039472, -0.22242366050039472) P1 Winnings: -53.0
Choosing model 2
[0.4853972717260458, 0.00025456556102730507, 0.4388181272545705, 0.016510513373582177, 0.0590195220847742]
Games played: 177
Exploitability: P1=4.600000000 P2=0.240296817 EV: (0.22242366050039472, -0.22242366050039472) P1 Winnings: -44.0
Choosing model 2
[0.4691831620214372, 0.00029059375571262926, 0.4698527756986461, 0.014342207668887828, 0.04633126085531651]
Games played: 178
Exploitability: P1=4.600000000 P2=0.240296817 EV: (0.22242366050039472, -0.22242366050039472) P1 Winnings: -39.0
Choosing model 0
[0.45908552779126444, 0.0002935692574441503, 0.48679640007032954, 0.012689136385085184, 0.04113536649587666]
Games played: 179
Exploitability: P1=1.900000000 P2=0.240296817 EV: (-0.09245927691477797, 0.09245927691477797) P1 Winnings: -38.0
Choosing model 0
[0.45908551030959344, 0.0002935695075423863, 0.48679643605475204, 0.012689140013179676, 0.04113534411493255]
Games played: 180
Exploitability: P1=1.900000000 P2=0.240296817 EV: (-0.09245927691477797, 0.09245927691477797) P1 Winnings: -39.0
Choosing model 2
[0.45774103047099196, 0.0003133975913691634, 0.489450262336512, 0.01296314811379632, 0.03953216148733043]
Games played: 181
Exploitability: P1=4.600000000 P2=0.240296817 EV: (0.22242366050039472, -0.22242366050039472) P1 Winnings: -40.0
Choosing model 0
[0.4470515858080945, 0.00031601417464813616, 0.5061517456704949, 0.01144756595067548, 0.035033088396086896]
Games played: 182
Exploitability: P1=1.900000000 P2=0.240296817 EV: (-0.09245927691477797, 0.09245927691477797) P1 Winnings: -39.0
Choosing model 2
[0.45347550076074156, 0.00021553848937573203, 0.49535578922353757, 0.010385380833830823, 0.04056779069251434]
Games played: 183
Exploitability: P1=4.600000000 P2=0.240296817 EV: (0.22242366050039472, -0.22242366050039472) P1 Winnings: -39.0
Choosing model 0
[0.4426714921641003, 0.00021723293610758387, 0.5120110631987095, 0.009166742386149397, 0.03593346931493337]
Games played: 184
Exploitability: P1=1.900000000 P2=0.240296817 EV: (-0.09245927691477797, 0.09245927691477797) P1 Winnings: -38.0
Choosing model 0
[0.4525072861825861, 0.00011568024011640918, 0.4943213506777084, 0.007832881997203929, 0.04522280090238521]
Games played: 185
Exploitability: P1=1.900000000 P2=0.240296817 EV: (-0.09245927691477797, 0.09245927691477797) P1 Winnings: -41.0
Choosing model 0
[0.4512795041962958, 0.00012352009781172748, 0.49712352017327405, 0.008003752491569751, 0.04346970304104875]
Games played: 186
Exploitability: P1=1.900000000 P2=0.240296817 EV: (-0.09245927691477797, 0.09245927691477797) P1 Winnings: -36.0
Choosing model 4
[0.4585863767110634, 7.525917871127252e-05, 0.48111752001528146, 0.007000039202408869, 0.05322080489253508]
Games played: 187
Exploitability: P1=2.600000000 P2=0.240296817 EV: (-0.13920181326127723, 0.13920181326127723) P1 Winnings: -35.0
Choosing model 2
[0.45977763987426956, 6.698004818554267e-05, 0.4790285644395005, 0.00684858000861675, 0.054278235629427775]
Games played: 188
Exploitability: P1=4.600000000 P2=0.240296817 EV: (0.22242366050039472, -0.22242366050039472) P1 Winnings: -35.0
Choosing model 0
[0.4755475362379588, 6.138220695692487e-05, 0.455818099688101, 0.007456090972907165, 0.061116890894076056]
Games played: 189
Exploitability: P1=1.900000000 P2=0.240296817 EV: (-0.09245927691477797, 0.09245927691477797) P1 Winnings: -44.0
Choosing model 0
[0.47468864775301467, 6.560181512646863e-05, 0.45881899335821785, 0.0076256724995967815, 0.05880108457404421]
Games played: 190
Exploitability: P1=1.900000000 P2=0.240296817 EV: (-0.09245927691477797, 0.09245927691477797) P1 Winnings: -53.0
Choosing model 0
[0.4746886362828612, 6.560187192702934e-05, 0.4588190336593612, 0.007625674786056441, 0.05880105339979416]
Games played: 191
Exploitability: P1=1.900000000 P2=0.240296817 EV: (-0.09245927691477797, 0.09245927691477797) P1 Winnings: -54.0
Choosing model 0
[0.4746886248126979, 6.560192872763786e-05, 0.45881907396049837, 0.0076256770725166255, 0.0588010222255594]
Games played: 192
Exploitability: P1=1.900000000 P2=0.240296817 EV: (-0.09245927691477797, 0.09245927691477797) P1 Winnings: -55.0
Choosing model 0
[0.4770366999261673, 5.264647816528024e-05, 0.45254246403132553, 0.00722177968420405, 0.06314640988013781]
Games played: 193
Exploitability: P1=1.900000000 P2=0.240296817 EV: (-0.09245927691477797, 0.09245927691477797) P1 Winnings: -55.0
Choosing model 0
[0.4726832671993378, 7.339872974521795e-05, 0.46562118383785367, 0.008006251442966099, 0.05361589879009715]
Games played: 194
Exploitability: P1=1.900000000 P2=0.240296817 EV: (-0.09245927691477797, 0.09245927691477797) P1 Winnings: -50.0
Choosing model 2
[0.4695913748799259, 8.934348521598363e-05, 0.4735679768177464, 0.008523696905311262, 0.048227607911800585]
Games played: 195
Exploitability: P1=4.600000000 P2=0.240296817 EV: (0.22242366050039472, -0.22242366050039472) P1 Winnings: -55.0
Choosing model 0
[0.47285009010760276, 6.902569096945316e-05, 0.46668007643838794, 0.008012911131989636, 0.05238789663105001]
Games played: 196
Exploitability: P1=1.900000000 P2=0.240296817 EV: (-0.09245927691477797, 0.09245927691477797) P1 Winnings: -54.0
Choosing model 4
[0.47996693411073793, 3.7463644970865476e-05, 0.4470861186907058, 0.006800162298947281, 0.06610932125463823]
Games played: 197
Exploitability: P1=2.600000000 P2=0.240296817 EV: (-0.13920181326127723, 0.13920181326127723) P1 Winnings: -55.0
Choosing model 0
[0.47996692434256677, 3.7463680248510445e-05, 0.44708616368923876, 0.006800164540613321, 0.06610928374733256]
Games played: 198
Exploitability: P1=1.900000000 P2=0.240296817 EV: (-0.09245927691477797, 0.09245927691477797) P1 Winnings: -58.0
Choosing model 0
[0.47076913410295557, 3.7938505648229534e-05, 0.4643252238320707, 0.0060308838723895555, 0.058836819686935944]
Games played: 199
Exploitability: P1=1.900000000 P2=0.240296817 EV: (-0.09245927691477797, 0.09245927691477797) P1 Winnings: -57.0
Choosing model 2
[0.4707691227005438, 3.793853849466555e-05, 0.46432526459026463, 0.006030885680326917, 0.05883678849036999]
Games played: 200
Exploitability: P1=4.600000000 P2=0.240296817 EV: (0.22242366050039472, -0.22242366050039472) P1 Winnings: -58.0
