Player 1 exploitability: 0.116896493562
Choosing model 3
[0.20001847236185666, 0.23621727079829083, 0.2215655607573742, 0.17975478024596686, 0.16244391583651152]
Games played: 1
Exploitability: P1=1.933333333 P2=0.031244479 EV: (0.004235456010338804, -0.004235456010338804) P1 Winnings: 5.0
Choosing model 1
[0.20235752069949894, 0.24673684271197846, 0.23734816404400613, 0.16443511500921137, 0.14912235753530517]
Games played: 2
Exploitability: P1=2.800000000 P2=0.031244479 EV: (-0.048955909578207266, 0.048955909578207266) P1 Winnings: 6.0
Choosing model 1
[0.20235734879637576, 0.24673746560238485, 0.23734806305227715, 0.16443517741283, 0.14912194513613222]
Games played: 3
Exploitability: P1=2.800000000 P2=0.031244479 EV: (-0.048955909578207266, 0.048955909578207266) P1 Winnings: -3.0
Choosing model 4
[0.20759694304756943, 0.22427869834257386, 0.2240122307463099, 0.17756660023838414, 0.1665455276251627]
Games played: 4
Exploitability: P1=2.600000000 P2=0.031244479 EV: (-0.09453880086953355, 0.09453880086953355) P1 Winnings: 6.0
Choosing model 1
[0.22065794658598809, 0.17999317242841723, 0.23282060081997577, 0.17558570019849865, 0.19094257996712027]
Games played: 5
Exploitability: P1=2.800000000 P2=0.031244479 EV: (-0.048955909578207266, 0.048955909578207266) P1 Winnings: 6.0
Choosing model 3
[0.19409421595023907, 0.2726975665108034, 0.21749602058792883, 0.18473481036926945, 0.1309773865817593]
Games played: 6
Exploitability: P1=1.933333333 P2=0.031244479 EV: (0.004235456010338804, -0.004235456010338804) P1 Winnings: -1.0
Choosing model 3
[0.214226304947943, 0.20651140233203025, 0.2321062875841389, 0.18354168388419478, 0.16361432125169298]
Games played: 7
Exploitability: P1=1.933333333 P2=0.031244479 EV: (0.004235456010338804, -0.004235456010338804) P1 Winnings: 2.0
Choosing model 0
[0.22003947592010709, 0.1882916772476164, 0.2367545049820521, 0.18396528625410707, 0.1709490555961173]
Games played: 8
Exploitability: P1=1.900000000 P2=0.031244479 EV: (-0.08565487317898637, 0.08565487317898637) P1 Winnings: -1.0
Choosing model 4
[0.22916884679868152, 0.15795173778666066, 0.2422204478797228, 0.18104290018048724, 0.1896160673544478]
Games played: 9
Exploitability: P1=2.600000000 P2=0.031244479 EV: (-0.09453880086953355, 0.09453880086953355) P1 Winnings: -1.0
Choosing model 1
[0.22916881691090377, 0.1579518577641994, 0.2422204434185208, 0.18104293522721723, 0.18961594667915882]
Games played: 10
Exploitability: P1=2.800000000 P2=0.031244479 EV: (-0.048955909578207266, 0.048955909578207266) P1 Winnings: -2.0
Choosing model 4
[0.23806828142872932, 0.13204346473306783, 0.24979566081189158, 0.17309529355478084, 0.2069972994715303]
Games played: 11
Exploitability: P1=2.600000000 P2=0.031244479 EV: (-0.09453880086953355, 0.09453880086953355) P1 Winnings: -1.0
Choosing model 2
[0.24543313727663343, 0.10536373237381341, 0.2520143064316428, 0.16665371778205834, 0.23053510613585199]
Games played: 12
Exploitability: P1=4.600000000 P2=0.031244479 EV: (-0.16345630604993344, 0.16345630604993344) P1 Winnings: 2.0
Choosing model 3
[0.2454330819400713, 0.10536406411704272, 0.25201435646580983, 0.16665388502587475, 0.23053461245120138]
Games played: 13
Exploitability: P1=1.933333333 P2=0.031244479 EV: (0.004235456010338804, -0.004235456010338804) P1 Winnings: -7.0
Choosing model 3
[0.2508796556407698, 0.08336190412591066, 0.25209619127395494, 0.15909111259432926, 0.25457113636503526]
Games played: 14
Exploitability: P1=1.933333333 P2=0.031244479 EV: (0.004235456010338804, -0.004235456010338804) P1 Winnings: -14.0
Choosing model 2
[0.2545217120675347, 0.06545903373950608, 0.250284709900872, 0.1507312827298033, 0.279003261562284]
Games played: 15
Exploitability: P1=4.600000000 P2=0.031244479 EV: (-0.16345630604993344, 0.16345630604993344) P1 Winnings: -11.0
Choosing model 0
[0.2606273565066536, 0.06920506253033648, 0.271371264797132, 0.13956079426363915, 0.2592355219022388]
Games played: 16
Exploitability: P1=1.900000000 P2=0.031244479 EV: (-0.08565487317898637, 0.08565487317898637) P1 Winnings: -10.0
Choosing model 1
[0.25600173137030324, 0.09564484156052713, 0.2767844701008463, 0.1533744043982942, 0.2181945525700291]
Games played: 17
Exploitability: P1=2.800000000 P2=0.031244479 EV: (-0.048955909578207266, 0.048955909578207266) P1 Winnings: -5.0
Choosing model 2
[0.25927027591742735, 0.08598657740957409, 0.2783781136387733, 0.15157796789429698, 0.22478706513992813]
Games played: 18
Exploitability: P1=4.600000000 P2=0.031244479 EV: (-0.16345630604993344, 0.16345630604993344) P1 Winnings: -2.0
Choosing model 0
[0.2598049711687349, 0.08922390848462208, 0.28197605890111077, 0.15619366078837982, 0.2128014006571525]
Games played: 19
Exploitability: P1=1.900000000 P2=0.031244479 EV: (-0.08565487317898637, 0.08565487317898637) P1 Winnings: 3.0
Choosing model 4
[0.26223754671887706, 0.10635800972708144, 0.31527664704432434, 0.14168411535092798, 0.1744436811587892]
Games played: 20
Exploitability: P1=2.600000000 P2=0.031244479 EV: (-0.09453880086953355, 0.09453880086953355) P1 Winnings: 8.0
Choosing model 0
[0.24436475511298258, 0.12181596923835557, 0.223976320807161, 0.2131772505734909, 0.19666570426801]
Games played: 21
Exploitability: P1=1.900000000 P2=0.031244479 EV: (-0.08565487317898637, 0.08565487317898637) P1 Winnings: 13.0
Choosing model 0
[0.2508786682318893, 0.10132787067913633, 0.22598370306085958, 0.20709945429370236, 0.21471030373441252]
Games played: 22
Exploitability: P1=1.900000000 P2=0.031244479 EV: (-0.08565487317898637, 0.08565487317898637) P1 Winnings: 12.0
Choosing model 2
[0.25086645887497294, 0.10492129312838411, 0.22842225079102188, 0.21295626194711365, 0.2028337352585074]
Games played: 23
Exploitability: P1=4.600000000 P2=0.031244479 EV: (-0.16345630604993344, 0.16345630604993344) P1 Winnings: 12.0
Choosing model 1
[0.2549669800213428, 0.12593502025553743, 0.2571650214744394, 0.19451007343006416, 0.16742290481861627]
Games played: 24
Exploitability: P1=2.800000000 P2=0.031244479 EV: (-0.048955909578207266, 0.048955909578207266) P1 Winnings: 17.0
Choosing model 4
[0.2524941600502999, 0.13352800502180961, 0.25681134570145203, 0.19736109124429022, 0.15980539798214824]
Games played: 25
Exploitability: P1=2.600000000 P2=0.031244479 EV: (-0.09453880086953355, 0.09453880086953355) P1 Winnings: 4.0
Choosing model 4
[0.26551975515244736, 0.09634305900289193, 0.26111696803289114, 0.18682406100307275, 0.1901961568086968]
Games played: 26
Exploitability: P1=2.600000000 P2=0.031244479 EV: (-0.09453880086953355, 0.09453880086953355) P1 Winnings: 4.0
Choosing model 4
[0.24854141845589517, 0.14539531850062543, 0.256729665125816, 0.20289529152767893, 0.14643830638998434]
Games played: 27
Exploitability: P1=2.600000000 P2=0.031244479 EV: (-0.09453880086953355, 0.09453880086953355) P1 Winnings: -7.0
Choosing model 0
[0.2485413812253531, 0.14539542612304557, 0.2567296554224827, 0.2028953268729475, 0.14643821035617127]
Games played: 28
Exploitability: P1=1.900000000 P2=0.031244479 EV: (-0.08565487317898637, 0.08565487317898637) P1 Winnings: -8.0
Choosing model 1
[0.22038809865116443, 0.1584653055590068, 0.17355309514556977, 0.29049481978683206, 0.1570986808574269]
Games played: 29
Exploitability: P1=2.800000000 P2=0.031244479 EV: (-0.048955909578207266, 0.048955909578207266) P1 Winnings: -13.0
Choosing model 0
[0.22296713683368377, 0.1893339313424497, 0.1944989371666236, 0.26412010035027944, 0.1290798943069636]
Games played: 30
Exploitability: P1=1.900000000 P2=0.031244479 EV: (-0.08565487317898637, 0.08565487317898637) P1 Winnings: -8.0
Choosing model 0
[0.24649249917732638, 0.12549823333264762, 0.20478182315314314, 0.2513017931756949, 0.1719256511611881]
Games played: 31
Exploitability: P1=1.900000000 P2=0.031244479 EV: (-0.08565487317898637, 0.08565487317898637) P1 Winnings: -7.0
Choosing model 0
[0.2560341733376102, 0.10490060629071439, 0.2111610015708341, 0.24024119414821296, 0.18766302465262832]
Games played: 32
Exploitability: P1=1.900000000 P2=0.031244479 EV: (-0.08565487317898637, 0.08565487317898637) P1 Winnings: -6.0
Choosing model 2
[0.2643916265529004, 0.08717137947130679, 0.21646692889463662, 0.22832575510740316, 0.20364430997375302]
Games played: 33
Exploitability: P1=4.600000000 P2=0.031244479 EV: (-0.16345630604993344, 0.16345630604993344) P1 Winnings: -5.0
Choosing model 0
[0.2643915534936413, 0.08717164950099197, 0.21646696086078557, 0.2283259726278751, 0.20364386351670616]
Games played: 34
Exploitability: P1=1.900000000 P2=0.031244479 EV: (-0.08565487317898637, 0.08565487317898637) P1 Winnings: -14.0
Choosing model 3
[0.25378862982736594, 0.11773365632471164, 0.21576011302106557, 0.24521467326145163, 0.16750292756540516]
Games played: 35
Exploitability: P1=1.933333333 P2=0.031244479 EV: (0.004235456010338804, -0.004235456010338804) P1 Winnings: -9.0
Choosing model 2
[0.2718287478724119, 0.067427223806061, 0.21811145117197456, 0.21958910407134052, 0.223043473078212]
Games played: 36
Exploitability: P1=4.600000000 P2=0.031244479 EV: (-0.16345630604993344, 0.16345630604993344) P1 Winnings: -10.0
Choosing model 3
[0.2729119005141548, 0.09412693438027181, 0.24230670226339515, 0.21277062361224905, 0.17788383922992906]
Games played: 37
Exploitability: P1=1.933333333 P2=0.031244479 EV: (0.004235456010338804, -0.004235456010338804) P1 Winnings: -5.0
Choosing model 2
[0.2875666946997494, 0.08533718645490004, 0.27651621366690954, 0.18196336903531246, 0.16861653614312852]
Games played: 38
Exploitability: P1=4.600000000 P2=0.031244479 EV: (-0.16345630604993344, 0.16345630604993344) P1 Winnings: -2.0
Choosing model 2
[0.29481707932013124, 0.0704041943180922, 0.2814250398343461, 0.1716942243894876, 0.181659462137943]
Games played: 39
Exploitability: P1=4.600000000 P2=0.031244479 EV: (-0.16345630604993344, 0.16345630604993344) P1 Winnings: -1.0
Choosing model 0
[0.29958641684424786, 0.057965218963282425, 0.2810490631009436, 0.16509650130379575, 0.19630279978773035]
Games played: 40
Exploitability: P1=1.900000000 P2=0.031244479 EV: (-0.08565487317898637, 0.08565487317898637) P1 Winnings: 0.0
Choosing model 0
[0.29253039743502346, 0.07822957747896035, 0.2843565634169652, 0.17922788060026143, 0.16565558106878958]
Games played: 41
Exploitability: P1=1.900000000 P2=0.031244479 EV: (-0.08565487317898637, 0.08565487317898637) P1 Winnings: 0.0
Choosing model 3
[0.28189594035043003, 0.10419417164382544, 0.2839313254616534, 0.19201811694799525, 0.1379604455960958]
Games played: 42
Exploitability: P1=1.933333333 P2=0.031244479 EV: (0.004235456010338804, -0.004235456010338804) P1 Winnings: 0.0
Choosing model 2
[0.27891396427550236, 0.10049460614276565, 0.24289530080609034, 0.22893797986006925, 0.14875814891557246]
Games played: 43
Exploitability: P1=4.600000000 P2=0.031244479 EV: (-0.16345630604993344, 0.16345630604993344) P1 Winnings: 9.0
Choosing model 2
[0.2805004068759674, 0.08954821714343204, 0.224732775567475, 0.24235147012604621, 0.16286713028707933]
Games played: 44
Exploitability: P1=4.600000000 P2=0.031244479 EV: (-0.16345630604993344, 0.16345630604993344) P1 Winnings: 18.0
Choosing model 3
[0.2888477955617929, 0.07075172188786429, 0.22648296706553683, 0.23299155706701635, 0.18092595841778975]
Games played: 45
Exploitability: P1=1.933333333 P2=0.031244479 EV: (0.004235456010338804, -0.004235456010338804) P1 Winnings: 19.0
Choosing model 0
[0.2732593753755538, 0.10609973123934544, 0.22529351219698157, 0.25605913556234605, 0.1392882456257733]
Games played: 46
Exploitability: P1=1.900000000 P2=0.031244479 EV: (-0.08565487317898637, 0.08565487317898637) P1 Winnings: 16.0
Choosing model 4
[0.2677402727218606, 0.05963070559881925, 0.16256808532788258, 0.30544031217050976, 0.20462062418092794]
Games played: 47
Exploitability: P1=2.600000000 P2=0.031244479 EV: (-0.09453880086953355, 0.09453880086953355) P1 Winnings: 16.0
Choosing model 0
[0.24649854147300276, 0.04259973713661631, 0.1176883912366969, 0.3482408424894231, 0.2449724876642608]
Games played: 48
Exploitability: P1=1.900000000 P2=0.031244479 EV: (-0.08565487317898637, 0.08565487317898637) P1 Winnings: 23.0
Choosing model 0
[0.24558768401202818, 0.04544201661058587, 0.11823900536605754, 0.355487206940261, 0.23524408707106725]
Games played: 49
Exploitability: P1=1.900000000 P2=0.031244479 EV: (-0.08565487317898637, 0.08565487317898637) P1 Winnings: 14.0
Choosing model 4
[0.24938344034364784, 0.03716695068030103, 0.1179449552510732, 0.3410952288545142, 0.2544094248704637]
Games played: 50
Exploitability: P1=2.600000000 P2=0.031244479 EV: (-0.09453880086953355, 0.09453880086953355) P1 Winnings: 14.0
Choosing model 4
[0.24938343334291546, 0.03716698271559645, 0.11794496514996461, 0.3410953297943082, 0.2544092889972152]
Games played: 51
Exploitability: P1=2.600000000 P2=0.031244479 EV: (-0.09453880086953355, 0.09453880086953355) P1 Winnings: 13.0
Choosing model 2
[0.26198274012176315, 0.040312107001496886, 0.13119547718001603, 0.3240005354002463, 0.2425091402964776]
Games played: 52
Exploitability: P1=4.600000000 P2=0.031244479 EV: (-0.16345630604993344, 0.16345630604993344) P1 Winnings: 14.0
Choosing model 4
[0.26674867284512876, 0.02460998753069414, 0.1272212833460539, 0.2839269373573543, 0.29749311892076896]
Games played: 53
Exploitability: P1=2.600000000 P2=0.031244479 EV: (-0.09453880086953355, 0.09453880086953355) P1 Winnings: 14.0
Choosing model 2
[0.26844820107780953, 0.024905449029690607, 0.1289897032504208, 0.2909377896053043, 0.2867188570367746]
Games played: 54
Exploitability: P1=4.600000000 P2=0.031244479 EV: (-0.16345630604993344, 0.16345630604993344) P1 Winnings: 17.0
Choosing model 3
[0.2697303426402577, 0.014996059946941727, 0.12412344160856081, 0.254978225447351, 0.33617193035688864]
Games played: 55
Exploitability: P1=1.933333333 P2=0.031244479 EV: (0.004235456010338804, -0.004235456010338804) P1 Winnings: 20.0
Choosing model 3
[0.2245498635229187, 0.015344550696426068, 0.07877777220582362, 0.3427385877769616, 0.33858922579787015]
Games played: 56
Exploitability: P1=1.933333333 P2=0.031244479 EV: (0.004235456010338804, -0.004235456010338804) P1 Winnings: 29.0
Choosing model 2
[0.23864405613399198, 0.016837015620885364, 0.08864941991990714, 0.3293560941040324, 0.3265134142211832]
Games played: 57
Exploitability: P1=4.600000000 P2=0.031244479 EV: (-0.16345630604993344, 0.16345630604993344) P1 Winnings: 30.0
Choosing model 4
[0.19034492925313606, 0.01650629864713043, 0.0539055476185223, 0.424163477368177, 0.3150797471130344]
Games played: 58
Exploitability: P1=2.600000000 P2=0.031244479 EV: (-0.09453880086953355, 0.09453880086953355) P1 Winnings: 17.0
Choosing model 2
[0.1873126795978567, 0.023501038814273553, 0.05519919653126462, 0.4702109954713628, 0.26377608958524235]
Games played: 59
Exploitability: P1=4.600000000 P2=0.031244479 EV: (-0.16345630604993344, 0.16345630604993344) P1 Winnings: 6.0
Choosing model 0
[0.20043410072407733, 0.02596358189863181, 0.0625419716080662, 0.45494834542493057, 0.2561120003442941]
Games played: 60
Exploitability: P1=1.900000000 P2=0.031244479 EV: (-0.08565487317898637, 0.08565487317898637) P1 Winnings: 7.0
Choosing model 0
[0.2138604694744754, 0.028602014522999108, 0.07065857077871829, 0.4389205028767218, 0.2479584423470854]
Games played: 61
Exploitability: P1=1.900000000 P2=0.031244479 EV: (-0.08565487317898637, 0.08565487317898637) P1 Winnings: 8.0
Choosing model 3
[0.21757701434880553, 0.02252276435740592, 0.0703486859187955, 0.4170291857937926, 0.27252234958120053]
Games played: 62
Exploitability: P1=1.933333333 P2=0.031244479 EV: (0.004235456010338804, -0.004235456010338804) P1 Winnings: 8.0
Choosing model 4
[0.21315038267679848, 0.030496469737160754, 0.07141037797471468, 0.4542118052655358, 0.23073096434579024]
Games played: 63
Exploitability: P1=2.600000000 P2=0.031244479 EV: (-0.09453880086953355, 0.09453880086953355) P1 Winnings: -5.0
Choosing model 4
[0.22123593343067646, 0.016925072680613315, 0.06995438854867216, 0.3941568486784942, 0.2977277566615439]
Games played: 64
Exploitability: P1=2.600000000 P2=0.031244479 EV: (-0.09453880086953355, 0.09453880086953355) P1 Winnings: -6.0
Choosing model 3
[0.2212359334406807, 0.016925087744723823, 0.06995439638674283, 0.3941569764033952, 0.2977276060244574]
Games played: 65
Exploitability: P1=1.933333333 P2=0.031244479 EV: (0.004235456010338804, -0.004235456010338804) P1 Winnings: -7.0
Choosing model 3
[0.21847538772271752, 0.023101086267837634, 0.07158039618557287, 0.4327478175722546, 0.25409531225161736]
Games played: 66
Exploitability: P1=1.933333333 P2=0.031244479 EV: (0.004235456010338804, -0.004235456010338804) P1 Winnings: -2.0
Choosing model 2
[0.210056433426753, 0.03529027492529561, 0.07255402965521177, 0.48635383478783295, 0.19574542720490665]
Games played: 67
Exploitability: P1=4.600000000 P2=0.031244479 EV: (-0.16345630604993344, 0.16345630604993344) P1 Winnings: -7.0
Choosing model 0
[0.20839152091479587, 0.037485002576979155, 0.07258393461774108, 0.4943658283635419, 0.18717371352694195]
Games played: 68
Exploitability: P1=1.900000000 P2=0.031244479 EV: (-0.08565487317898637, 0.08565487317898637) P1 Winnings: -20.0
Choosing model 2
[0.19433814048341042, 0.055542409346415564, 0.07135961152200322, 0.5389027899822108, 0.13985704866596008]
Games played: 69
Exploitability: P1=4.600000000 P2=0.031244479 EV: (-0.16345630604993344, 0.16345630604993344) P1 Winnings: -25.0
Choosing model 3
[0.19433802154752208, 0.055542562755167495, 0.07135959810617469, 0.5389031224854693, 0.13985669510566645]
Games played: 70
Exploitability: P1=1.933333333 P2=0.031244479 EV: (0.004235456010338804, -0.004235456010338804) P1 Winnings: -34.0
Choosing model 3
[0.17189225966099914, 0.08821880760911258, 0.06733045735122863, 0.5777836716177897, 0.09477480376087004]
Games played: 71
Exploitability: P1=1.933333333 P2=0.031244479 EV: (0.004235456010338804, -0.004235456010338804) P1 Winnings: -37.0
Choosing model 3
[0.18234097294806947, 0.09661893418296101, 0.07562648022607571, 0.5541892351993575, 0.09122437744353623]
Games played: 72
Exploitability: P1=1.933333333 P2=0.031244479 EV: (0.004235456010338804, -0.004235456010338804) P1 Winnings: -36.0
Choosing model 4
[0.1728948618531597, 0.11224952831793532, 0.07341273787030184, 0.5631249825071956, 0.07831788945140747]
Games played: 73
Exploitability: P1=2.600000000 P2=0.031244479 EV: (-0.09453880086953355, 0.09453880086953355) P1 Winnings: -45.0
Choosing model 3
[0.1446371509706946, 0.1686238581102879, 0.0655133515906924, 0.5710295555144804, 0.05019608381384469]
Games played: 74
Exploitability: P1=1.933333333 P2=0.031244479 EV: (0.004235456010338804, -0.004235456010338804) P1 Winnings: -48.0
Choosing model 3
[0.15225353169559377, 0.18326505032799892, 0.07302166166375014, 0.5435143040181901, 0.04794545229446707]
Games played: 75
Exploitability: P1=1.933333333 P2=0.031244479 EV: (0.004235456010338804, -0.004235456010338804) P1 Winnings: -47.0
Choosing model 1
[0.14131327646209188, 0.20841055217369722, 0.06938522737272793, 0.5405992749001969, 0.040291669091285946]
Games played: 76
Exploitability: P1=2.800000000 P2=0.031244479 EV: (-0.048955909578207266, 0.048955909578207266) P1 Winnings: -56.0
Choosing model 2
[0.1515007162984517, 0.18103016519745438, 0.07310525267020539, 0.5484286178514651, 0.045935247982423405]
Games played: 77
Exploitability: P1=4.600000000 P2=0.031244479 EV: (-0.16345630604993344, 0.16345630604993344) P1 Winnings: -57.0
Choosing model 1
[0.15515498099561037, 0.2189492820308378, 0.08293383895240626, 0.5047559970702776, 0.03820590095086787]
Games played: 78
Exploitability: P1=2.800000000 P2=0.031244479 EV: (-0.048955909578207266, 0.048955909578207266) P1 Winnings: -52.0
Choosing model 4
[0.16056432237961818, 0.20457046916610755, 0.08513939145153451, 0.5090744823035293, 0.04065133469921044]
Games played: 79
Exploitability: P1=2.600000000 P2=0.031244479 EV: (-0.09453880086953355, 0.09453880086953355) P1 Winnings: -52.0
Choosing model 1
[0.15908013512890407, 0.20381427268846752, 0.08498347446649868, 0.5135509478796466, 0.038571169836483]
Games played: 80
Exploitability: P1=2.800000000 P2=0.031244479 EV: (-0.048955909578207266, 0.048955909578207266) P1 Winnings: -49.0
Choosing model 1
[0.1590800770650834, 0.20381439436644838, 0.08498345373077563, 0.5135509401780438, 0.038571134659648815]
Games played: 81
Exploitability: P1=2.800000000 P2=0.031244479 EV: (-0.048955909578207266, 0.048955909578207266) P1 Winnings: -56.0
Choosing model 1
[0.12547933309484643, 0.2886875050759496, 0.07150746979441203, 0.49101635546906247, 0.02330933656572954]
Games played: 82
Exploitability: P1=2.800000000 P2=0.031244479 EV: (-0.048955909578207266, 0.048955909578207266) P1 Winnings: -49.0
Choosing model 2
[0.10885997968488831, 0.33768004287662706, 0.06422765985755222, 0.4717826507190348, 0.017449666861897653]
Games played: 83
Exploitability: P1=4.600000000 P2=0.031244479 EV: (-0.16345630604993344, 0.16345630604993344) P1 Winnings: -42.0
Choosing model 3
[0.10619555565600174, 0.34111384062712813, 0.06333483058950193, 0.47327400962922755, 0.016081763498140726]
Games played: 84
Exploitability: P1=1.933333333 P2=0.031244479 EV: (0.004235456010338804, -0.004235456010338804) P1 Winnings: -37.0
Choosing model 3
[0.11911208793743126, 0.2961361393005348, 0.0695185576286587, 0.4957471614398238, 0.01948605369355153]
Games played: 85
Exploitability: P1=1.933333333 P2=0.031244479 EV: (0.004235456010338804, -0.004235456010338804) P1 Winnings: -37.0
Choosing model 3
[0.10194011396641248, 0.35029610539100414, 0.061648464308758734, 0.47170266541197337, 0.014412650921851252]
Games played: 86
Exploitability: P1=1.933333333 P2=0.031244479 EV: (0.004235456010338804, -0.004235456010338804) P1 Winnings: -37.0
Choosing model 1
[0.11569845377861486, 0.30018372010075395, 0.06841569754925904, 0.4980581101915579, 0.017644018379814233]
Games played: 87
Exploitability: P1=2.800000000 P2=0.031244479 EV: (-0.048955909578207266, 0.048955909578207266) P1 Winnings: -34.0
Choosing model 1
[0.09208542988804219, 0.37872501001460807, 0.057256973744066235, 0.46050475084656844, 0.011427835506715089]
Games played: 88
Exploitability: P1=2.800000000 P2=0.031244479 EV: (-0.048955909578207266, 0.048955909578207266) P1 Winnings: -27.0
Choosing model 3
[0.08870051693329635, 0.390586890766465, 0.055615844034567326, 0.45448691922797074, 0.01060982903770059]
Games played: 89
Exploitability: P1=1.933333333 P2=0.031244479 EV: (0.004235456010338804, -0.004235456010338804) P1 Winnings: -40.0
Choosing model 1
[0.10064201561462079, 0.3430152363850276, 0.061753325716032634, 0.48158466386064014, 0.013004758423678892]
Games played: 90
Exploitability: P1=2.800000000 P2=0.031244479 EV: (-0.048955909578207266, 0.048955909578207266) P1 Winnings: -37.0
Choosing model 1
[0.12655105379425738, 0.25861050336678487, 0.07395339444913979, 0.5211831554559233, 0.01970189293389465]
Games played: 91
Exploitability: P1=2.800000000 P2=0.031244479 EV: (-0.048955909578207266, 0.048955909578207266) P1 Winnings: -36.0
Choosing model 3
[0.12677067325693406, 0.30594314862898403, 0.08206222613194905, 0.4691953985434293, 0.016028553438703533]
Games played: 92
Exploitability: P1=1.933333333 P2=0.031244479 EV: (0.004235456010338804, -0.004235456010338804) P1 Winnings: -31.0
Choosing model 0
[0.12377999199083618, 0.3093344146002998, 0.08099484325433652, 0.47110530443898185, 0.014785445715545693]
Games played: 93
Exploitability: P1=1.900000000 P2=0.031244479 EV: (-0.08565487317898637, 0.08565487317898637) P1 Winnings: -31.0
Choosing model 0
[0.14173527606261052, 0.304764261167925, 0.10044398524278111, 0.4378261416079441, 0.015230335918739298]
Games played: 94
Exploitability: P1=1.900000000 P2=0.031244479 EV: (-0.08565487317898637, 0.08565487317898637) P1 Winnings: -28.0
Choosing model 1
[0.12185629309034078, 0.35899675749550614, 0.08948517533802525, 0.4183611779208189, 0.011300596155309062]
Games played: 95
Exploitability: P1=2.800000000 P2=0.031244479 EV: (-0.048955909578207266, 0.048955909578207266) P1 Winnings: -29.0
Choosing model 3
[0.12498897698124577, 0.3262610510852742, 0.08444207757266262, 0.45168919633869736, 0.012618698022119988]
Games played: 96
Exploitability: P1=1.933333333 P2=0.031244479 EV: (0.004235456010338804, -0.004235456010338804) P1 Winnings: -20.0
Choosing model 2
[0.10577714038668459, 0.39402897164733025, 0.07540874697511793, 0.41591164572048717, 0.008873495270380002]
Games played: 97
Exploitability: P1=4.600000000 P2=0.031244479 EV: (-0.16345630604993344, 0.16345630604993344) P1 Winnings: -13.0
Choosing model 1
[0.10258644979951316, 0.40770635089401414, 0.0741352191485562, 0.4073284096824842, 0.00824357047543245]
Games played: 98
Exploitability: P1=2.800000000 P2=0.031244479 EV: (-0.048955909578207266, 0.048955909578207266) P1 Winnings: -8.0
Choosing model 1
[0.0987398263310191, 0.46343771749921264, 0.079042211827224, 0.35233631072915633, 0.006443933613387968]
Games played: 99
Exploitability: P1=2.800000000 P2=0.031244479 EV: (-0.048955909578207266, 0.048955909578207266) P1 Winnings: -3.0
Choosing model 1
[0.12942846947486275, 0.36422966601260076, 0.09867516837328048, 0.39748997920871043, 0.010176716930545466]
Games played: 100
Exploitability: P1=2.800000000 P2=0.031244479 EV: (-0.048955909578207266, 0.048955909578207266) P1 Winnings: -8.0
Choosing model 3
[0.14247022173940568, 0.32483971705991743, 0.10674609762889116, 0.41403151425653817, 0.011912449315247618]
Games played: 101
Exploitability: P1=1.933333333 P2=0.031244479 EV: (0.004235456010338804, -0.004235456010338804) P1 Winnings: -9.0
Choosing model 3
[0.12285023373369561, 0.37785061292913114, 0.09534272987422097, 0.3951016197402132, 0.00885480372273894]
Games played: 102
Exploitability: P1=1.933333333 P2=0.031244479 EV: (0.004235456010338804, -0.004235456010338804) P1 Winnings: -2.0
Choosing model 0
[0.12167642239681337, 0.37633562140378324, 0.09513823016694611, 0.3984506698768788, 0.008399056155578498]
Games played: 103
Exploitability: P1=1.900000000 P2=0.031244479 EV: (-0.08565487317898637, 0.08565487317898637) P1 Winnings: -2.0
Choosing model 1
[0.13713900652745045, 0.32830119835675936, 0.10493449551129572, 0.41939882886392316, 0.010226470740571442]
Games played: 104
Exploitability: P1=2.800000000 P2=0.031244479 EV: (-0.048955909578207266, 0.048955909578207266) P1 Winnings: -2.0
Choosing model 3
[0.1500432430826916, 0.2910230814247879, 0.11282973521556024, 0.43420576642981895, 0.011898173847141518]
Games played: 105
Exploitability: P1=1.933333333 P2=0.031244479 EV: (0.004235456010338804, -0.004235456010338804) P1 Winnings: -3.0
Choosing model 3
[0.13949207966824811, 0.395612212487956, 0.13337429245354768, 0.3242885662291719, 0.007232849161076334]
Games played: 106
Exploitability: P1=1.933333333 P2=0.031244479 EV: (0.004235456010338804, -0.004235456010338804) P1 Winnings: 2.0
Choosing model 3
[0.11072658243653306, 0.3859809475742596, 0.0807126017261467, 0.41563377587884914, 0.006946092384211417]
Games played: 107
Exploitability: P1=1.933333333 P2=0.031244479 EV: (0.004235456010338804, -0.004235456010338804) P1 Winnings: -3.0
Choosing model 2
[0.12438925111320089, 0.34048503738693386, 0.08885248195822579, 0.43788616165029515, 0.008387067891344278]
Games played: 108
Exploitability: P1=4.600000000 P2=0.031244479 EV: (-0.16345630604993344, 0.16345630604993344) P1 Winnings: -6.0
Choosing model 1
[0.12720487985885925, 0.30851046811543104, 0.0835938924982032, 0.47135347658758087, 0.009337282939925683]
Games played: 109
Exploitability: P1=2.800000000 P2=0.031244479 EV: (-0.048955909578207266, 0.048955909578207266) P1 Winnings: -15.0
Choosing model 3
[0.12043109255996501, 0.32311532445796953, 0.08049833942831931, 0.46779535433129704, 0.008159889222449104]
Games played: 110
Exploitability: P1=1.933333333 P2=0.031244479 EV: (0.004235456010338804, -0.004235456010338804) P1 Winnings: -12.0
Choosing model 3
[0.12419989410385741, 0.3440434286213637, 0.08790304052663889, 0.43621779481874495, 0.007635841929395027]
Games played: 111
Exploitability: P1=1.933333333 P2=0.031244479 EV: (0.004235456010338804, -0.004235456010338804) P1 Winnings: -11.0
Choosing model 3
[0.13921510038191623, 0.2984840676775524, 0.0964223418503702, 0.4566323019447407, 0.00924618814542067]
Games played: 112
Exploitability: P1=1.933333333 P2=0.031244479 EV: (0.004235456010338804, -0.004235456010338804) P1 Winnings: -18.0
Choosing model 1
[0.12052709048988729, 0.34859295284994574, 0.086468851699795, 0.437510501991533, 0.006900602968838983]
Games played: 113
Exploitability: P1=2.800000000 P2=0.031244479 EV: (-0.048955909578207266, 0.048955909578207266) P1 Winnings: -11.0
Choosing model 3
[0.1268982690569133, 0.3257983734751076, 0.09040953972214628, 0.44950328659371164, 0.007390531152121338]
Games played: 114
Exploitability: P1=1.933333333 P2=0.031244479 EV: (0.004235456010338804, -0.004235456010338804) P1 Winnings: -8.0
Choosing model 1
[0.107813575138242, 0.3825791365130479, 0.07959105112114163, 0.4245896836245735, 0.005426553602994978]
Games played: 115
Exploitability: P1=2.800000000 P2=0.031244479 EV: (-0.048955909578207266, 0.048955909578207266) P1 Winnings: -8.0
Choosing model 3
[0.13024456150264305, 0.3107631502134949, 0.09276640042819816, 0.45874217716068355, 0.007483710694980397]
Games played: 116
Exploitability: P1=1.933333333 P2=0.031244479 EV: (0.004235456010338804, -0.004235456010338804) P1 Winnings: -13.0
Choosing model 3
[0.11793667401687702, 0.3447809455632968, 0.08599628630596155, 0.4451504732415798, 0.006135620872284923]
Games played: 117
Exploitability: P1=1.933333333 P2=0.031244479 EV: (0.004235456010338804, -0.004235456010338804) P1 Winnings: -22.0
Choosing model 3
[0.12998943922897693, 0.30608409121125, 0.0931100296841731, 0.4636141406221683, 0.00720229925343171]
Games played: 118
Exploitability: P1=1.933333333 P2=0.031244479 EV: (0.004235456010338804, -0.004235456010338804) P1 Winnings: -22.0
Choosing model 3
[0.14463112844585496, 0.2635950377352414, 0.10138152694804928, 0.48173534420995384, 0.008656962660900581]
Games played: 119
Exploitability: P1=1.933333333 P2=0.031244479 EV: (0.004235456010338804, -0.004235456010338804) P1 Winnings: -29.0
Choosing model 0
[0.12499744957220796, 0.31486995984277255, 0.09078841574096332, 0.46287817607868953, 0.00646599876536665]
Games played: 120
Exploitability: P1=1.900000000 P2=0.031244479 EV: (-0.08565487317898637, 0.08565487317898637) P1 Winnings: -29.0
Choosing model 1
[0.12086768659619354, 0.3259858385689106, 0.08852672694914453, 0.4585934048483536, 0.006026343037397766]
Games played: 121
Exploitability: P1=2.800000000 P2=0.031244479 EV: (-0.048955909578207266, 0.048955909578207266) P1 Winnings: -38.0
Choosing model 3
[0.11679788971185227, 0.33727331298137564, 0.08626489799455704, 0.45405099289423245, 0.0056129064179825505]
Games played: 122
Exploitability: P1=1.933333333 P2=0.031244479 EV: (0.004235456010338804, -0.004235456010338804) P1 Winnings: -45.0
Choosing model 1
[0.1308854202953112, 0.2925370163940217, 0.09460172001448744, 0.47518091613989366, 0.0067949271562859955]
Games played: 123
Exploitability: P1=2.800000000 P2=0.031244479 EV: (-0.048955909578207266, 0.048955909578207266) P1 Winnings: -42.0
Choosing model 2
[0.14261598820581026, 0.25826008794444494, 0.10130382013066055, 0.4899467305573438, 0.00787337316174043]
Games played: 124
Exploitability: P1=4.600000000 P2=0.031244479 EV: (-0.16345630604993344, 0.16345630604993344) P1 Winnings: -43.0
Choosing model 3
[0.1475318947240825, 0.27583419917076074, 0.11096292692312332, 0.4582805679104436, 0.00739041127158984]
Games played: 125
Exploitability: P1=1.933333333 P2=0.031244479 EV: (0.004235456010338804, -0.004235456010338804) P1 Winnings: -42.0
Choosing model 3
[0.17056246036748, 0.21880045106512724, 0.12403687683031, 0.47693011251441303, 0.009670099222669775]
Games played: 126
Exploitability: P1=1.933333333 P2=0.031244479 EV: (0.004235456010338804, -0.004235456010338804) P1 Winnings: -42.0
Choosing model 3
[0.18507429404804118, 0.18642839836543953, 0.13188965469687744, 0.48532964937654904, 0.011278003513092688]
Games played: 127
Exploitability: P1=1.933333333 P2=0.031244479 EV: (0.004235456010338804, -0.004235456010338804) P1 Winnings: -45.0
Choosing model 2
[0.20791259738321186, 0.14369754248316885, 0.14325863877642955, 0.4907917969467933, 0.014339424410396498]
Games played: 128
Exploitability: P1=4.600000000 P2=0.031244479 EV: (-0.16345630604993344, 0.16345630604993344) P1 Winnings: -42.0
Choosing model 0
[0.20806864503961037, 0.12741663461666597, 0.13189572548539685, 0.5169966221186828, 0.015622372739644027]
Games played: 129
Exploitability: P1=1.900000000 P2=0.031244479 EV: (-0.08565487317898637, 0.08565487317898637) P1 Winnings: -51.0
Choosing model 3
[0.21977042129407479, 0.10904059191803893, 0.1369125467920298, 0.5167292092199308, 0.017547230775925637]
Games played: 130
Exploitability: P1=1.933333333 P2=0.031244479 EV: (0.004235456010338804, -0.004235456010338804) P1 Winnings: -50.0
Choosing model 0
[0.22549401369173286, 0.09931463707116826, 0.1395058972361909, 0.5173710834293473, 0.01831436857156054]
Games played: 131
Exploitability: P1=1.900000000 P2=0.031244479 EV: (-0.08565487317898637, 0.08565487317898637) P1 Winnings: -53.0
Choosing model 3
[0.2137720813109949, 0.11304810436987041, 0.1351053146867456, 0.5222180975836764, 0.015856402048712748]
Games played: 132
Exploitability: P1=1.933333333 P2=0.031244479 EV: (0.004235456010338804, -0.004235456010338804) P1 Winnings: -53.0
Choosing model 3
[0.19357993163802428, 0.1414905394914355, 0.12676927849143232, 0.5257510256820725, 0.012409224697035247]
Games played: 133
Exploitability: P1=1.933333333 P2=0.031244479 EV: (0.004235456010338804, -0.004235456010338804) P1 Winnings: -66.0
Choosing model 3
[0.1645337284576346, 0.19107821733143537, 0.11359065334439013, 0.5223465437383593, 0.008450857128180457]
Games played: 134
Exploitability: P1=1.933333333 P2=0.031244479 EV: (0.004235456010338804, -0.004235456010338804) P1 Winnings: -71.0
Choosing model 1
[0.14970120075322882, 0.11966396312679707, 0.0744142712648102, 0.6445924338070205, 0.011628131048143638]
Games played: 135
Exploitability: P1=2.800000000 P2=0.031244479 EV: (-0.048955909578207266, 0.048955909578207266) P1 Winnings: -74.0
Choosing model 3
[0.16034887235406584, 0.1006480150986456, 0.07810774842415003, 0.6475081814439275, 0.013387182679211058]
Games played: 136
Exploitability: P1=1.933333333 P2=0.031244479 EV: (0.004235456010338804, -0.004235456010338804) P1 Winnings: -71.0
Choosing model 3
[0.1717064968350562, 0.08341973393754276, 0.08185092559888003, 0.6475364360487322, 0.015486407579788872]
Games played: 137
Exploitability: P1=1.933333333 P2=0.031244479 EV: (0.004235456010338804, -0.004235456010338804) P1 Winnings: -78.0
Choosing model 3
[0.17607021026122885, 0.07722964576345191, 0.08326034272241885, 0.6471126327214493, 0.016327168531451206]
Games played: 138
Exploitability: P1=1.933333333 P2=0.031244479 EV: (0.004235456010338804, -0.004235456010338804) P1 Winnings: -75.0
Choosing model 3
[0.12584712194059094, 0.0678477523553297, 0.045369343397121814, 0.7468170086578383, 0.014118773649119353]
Games played: 139
Exploitability: P1=1.933333333 P2=0.031244479 EV: (0.004235456010338804, -0.004235456010338804) P1 Winnings: -66.0
Choosing model 3
[0.13502618152641263, 0.07515939494781351, 0.05154322269300841, 0.7245256628786941, 0.01374553795407124]
Games played: 140
Exploitability: P1=1.933333333 P2=0.031244479 EV: (0.004235456010338804, -0.004235456010338804) P1 Winnings: -65.0
Choosing model 3
[0.15775435719373648, 0.0755535623865666, 0.06521898095550169, 0.6870262656872794, 0.01444683377691584]
Games played: 141
Exploitability: P1=1.933333333 P2=0.031244479 EV: (0.004235456010338804, -0.004235456010338804) P1 Winnings: -62.0
Choosing model 2
[0.1618483021980486, 0.06880832948963975, 0.06644837039840469, 0.6878179246058614, 0.015077073308045606]
Games played: 142
Exploitability: P1=4.600000000 P2=0.031244479 EV: (-0.16345630604993344, 0.16345630604993344) P1 Winnings: -65.0
Choosing model 3
[0.15839269882357945, 0.06973067660061648, 0.06573456103807838, 0.6922023934487873, 0.013939670088938311]
Games played: 143
Exploitability: P1=1.933333333 P2=0.031244479 EV: (0.004235456010338804, -0.004235456010338804) P1 Winnings: -60.0
Choosing model 3
[0.14417537481675483, 0.08562073077799735, 0.06197740466765142, 0.6972885780620353, 0.01093791167556099]
Games played: 144
Exploitability: P1=1.933333333 P2=0.031244479 EV: (0.004235456010338804, -0.004235456010338804) P1 Winnings: -53.0
Choosing model 3
[0.11915201336776379, 0.04870518867831311, 0.036879709958489576, 0.7815926897817088, 0.013670398213724748]
Games played: 145
Exploitability: P1=1.933333333 P2=0.031244479 EV: (0.004235456010338804, -0.004235456010338804) P1 Winnings: -46.0
Choosing model 3
[0.1284506567817759, 0.05421048415754177, 0.04209754961479457, 0.7618690074223836, 0.01337230202350413]
Games played: 146
Exploitability: P1=1.933333333 P2=0.031244479 EV: (0.004235456010338804, -0.004235456010338804) P1 Winnings: -45.0
Choosing model 3
[0.1316855624805814, 0.04933378118815591, 0.042859015688049645, 0.7621764133644122, 0.013945227278800886]
Games played: 147
Exploitability: P1=1.933333333 P2=0.031244479 EV: (0.004235456010338804, -0.004235456010338804) P1 Winnings: -48.0
Choosing model 3
[0.1052363315958157, 0.02713649779842296, 0.024661132767594195, 0.8261124663363434, 0.016853571501823733]
Games played: 148
Exploitability: P1=1.933333333 P2=0.031244479 EV: (0.004235456010338804, -0.004235456010338804) P1 Winnings: -51.0
Choosing model 3
[0.12513985098369912, 0.02776463855683475, 0.03176011137110388, 0.7973064904454485, 0.018028908642913642]
Games played: 149
Exploitability: P1=1.933333333 P2=0.031244479 EV: (0.004235456010338804, -0.004235456010338804) P1 Winnings: -48.0
Choosing model 3
[0.13287482367105338, 0.02281821485185688, 0.03300180760376228, 0.7906248348632428, 0.02068031901008465]
Games played: 150
Exploitability: P1=1.933333333 P2=0.031244479 EV: (0.004235456010338804, -0.004235456010338804) P1 Winnings: -45.0
Choosing model 3
[0.14364438902561547, 0.025468346051612058, 0.03777618267953913, 0.7728252296035844, 0.020285852639649014]
Games played: 151
Exploitability: P1=1.933333333 P2=0.031244479 EV: (0.004235456010338804, -0.004235456010338804) P1 Winnings: -44.0
Choosing model 3
[0.15493364131087514, 0.028361612280635023, 0.04314291725329596, 0.7537081776112218, 0.019853651543972076]
Games played: 152
Exploitability: P1=1.933333333 P2=0.031244479 EV: (0.004235456010338804, -0.004235456010338804) P1 Winnings: -43.0
Choosing model 3
[0.14622842831015048, 0.03279755454749232, 0.041686487782834576, 0.7623215580832957, 0.01696597127622698]
Games played: 153
Exploitability: P1=1.933333333 P2=0.031244479 EV: (0.004235456010338804, -0.004235456010338804) P1 Winnings: -52.0
Choosing model 0
[0.14324828781982243, 0.0343999290579208, 0.04118014302878763, 0.7651522667693639, 0.016019373324105222]
Games played: 154
Exploitability: P1=1.900000000 P2=0.031244479 EV: (-0.08565487317898637, 0.08565487317898637) P1 Winnings: -63.0
Choosing model 3
[0.15206006920572757, 0.02826349496464236, 0.042778173587386205, 0.7585281421855176, 0.018370120056726277]
Games played: 155
Exploitability: P1=1.933333333 P2=0.031244479 EV: (0.004235456010338804, -0.004235456010338804) P1 Winnings: -63.0
Choosing model 3
[0.13953239047664587, 0.03498523823670633, 0.04065985052539208, 0.7702914428361661, 0.014531077925089633]
Games played: 156
Exploitability: P1=1.933333333 P2=0.031244479 EV: (0.004235456010338804, -0.004235456010338804) P1 Winnings: -56.0
Choosing model 3
[0.16025321072889154, 0.058752410397368775, 0.0593762732416046, 0.7107055736908335, 0.010912531941301576]
Games played: 157
Exploitability: P1=1.933333333 P2=0.031244479 EV: (0.004235456010338804, -0.004235456010338804) P1 Winnings: -51.0
Choosing model 0
[0.1386634097291896, 0.08077370349348799, 0.054162916689021436, 0.7188343911404178, 0.007565578947883331]
Games played: 158
Exploitability: P1=1.900000000 P2=0.031244479 EV: (-0.08565487317898637, 0.08565487317898637) P1 Winnings: -56.0
Choosing model 3
[0.13866336715542815, 0.08077375058229526, 0.05416290612566367, 0.7188344033397752, 0.0075655727968376675]
Games played: 159
Exploitability: P1=1.933333333 P2=0.031244479 EV: (0.004235456010338804, -0.004235456010338804) P1 Winnings: -57.0
Choosing model 0
[0.12177479438158716, 0.06914866520530841, 0.041126522376996384, 0.7607092902985224, 0.007240727737585555]
Games played: 160
Exploitability: P1=1.900000000 P2=0.031244479 EV: (-0.08565487317898637, 0.08565487317898637) P1 Winnings: -57.0
Choosing model 3
[0.1287600267577889, 0.05923889148113322, 0.04273616694448002, 0.7611234066743462, 0.008141508142251796]
Games played: 161
Exploitability: P1=1.933333333 P2=0.031244479 EV: (0.004235456010338804, -0.004235456010338804) P1 Winnings: -56.0
Choosing model 3
[0.13702209188119774, 0.04950142081916665, 0.04456586720375989, 0.7595984040614179, 0.00931221603445771]
Games played: 162
Exploitability: P1=1.933333333 P2=0.031244479 EV: (0.004235456010338804, -0.004235456010338804) P1 Winnings: -59.0
Choosing model 3
[0.15528717781331366, 0.0820298309376429, 0.06421889351980536, 0.6915633835838703, 0.006900714145367887]
Games played: 163
Exploitability: P1=1.933333333 P2=0.031244479 EV: (0.004235456010338804, -0.004235456010338804) P1 Winnings: -54.0
Choosing model 1
[0.15941098854157743, 0.07602747405350985, 0.06539746596331739, 0.6918806115857855, 0.007283459855809903]
Games played: 164
Exploitability: P1=2.800000000 P2=0.031244479 EV: (-0.048955909578207266, 0.048955909578207266) P1 Winnings: -51.0
Choosing model 3
[0.16354753603177227, 0.07042265586389185, 0.0665582838251571, 0.6917886360173111, 0.007682888261867657]
Games played: 165
Exploitability: P1=1.933333333 P2=0.031244479 EV: (0.004235456010338804, -0.004235456010338804) P1 Winnings: -51.0
Choosing model 1
[0.14871995434453764, 0.08638468585100773, 0.0626918436337737, 0.6961810309743258, 0.006022485196355265]
Games played: 166
Exploitability: P1=2.800000000 P2=0.031244479 EV: (-0.048955909578207266, 0.048955909578207266) P1 Winnings: -44.0
Choosing model 3
[0.15752142056123306, 0.07369625879951662, 0.06522874034903316, 0.6967599865998395, 0.00679359369037767]
Games played: 167
Exploitability: P1=1.933333333 P2=0.031244479 EV: (0.004235456010338804, -0.004235456010338804) P1 Winnings: -43.0
Choosing model 3
[0.1354114690800034, 0.10065849731472443, 0.059113788544367184, 0.700136988013776, 0.004679257047129078]
Games played: 168
Exploitability: P1=1.933333333 P2=0.031244479 EV: (0.004235456010338804, -0.004235456010338804) P1 Winnings: -43.0
Choosing model 1
[0.14417128518067174, 0.110648842411037, 0.06664176494866872, 0.6740175677295076, 0.0045205397301149065]
Games played: 169
Exploitability: P1=2.800000000 P2=0.031244479 EV: (-0.048955909578207266, 0.048955909578207266) P1 Winnings: -42.0
Choosing model 3
[0.12994211314604937, 0.14231833218920725, 0.0633811845470222, 0.6609728803000794, 0.003385489817641858]
Games played: 170
Exploitability: P1=1.933333333 P2=0.031244479 EV: (0.004235456010338804, -0.004235456010338804) P1 Winnings: -35.0
Choosing model 3
[0.1463816795150597, 0.1100019075235371, 0.06903551019540723, 0.670264488656023, 0.004316414109973062]
Games played: 171
Exploitability: P1=1.933333333 P2=0.031244479 EV: (0.004235456010338804, -0.004235456010338804) P1 Winnings: -35.0
Choosing model 1
[0.14890947380554972, 0.07196144976535349, 0.0563956500439411, 0.7168207014661061, 0.005912724919049768]
Games played: 172
Exploitability: P1=2.800000000 P2=0.031244479 EV: (-0.048955909578207266, 0.048955909578207266) P1 Winnings: -32.0
Choosing model 3
[0.15720566201865616, 0.061552433500115585, 0.0585115210572226, 0.716092455691117, 0.006637927732888678]
Games played: 173
Exploitability: P1=1.933333333 P2=0.031244479 EV: (0.004235456010338804, -0.004235456010338804) P1 Winnings: -31.0
Choosing model 3
[0.1679143184953763, 0.0678793831275169, 0.06617520754619438, 0.6915976674274462, 0.006433423403466257]
Games played: 174
Exploitability: P1=1.933333333 P2=0.031244479 EV: (0.004235456010338804, -0.004235456010338804) P1 Winnings: -30.0
Choosing model 3
[0.1787753934983828, 0.07461583618997882, 0.07460186765308138, 0.6657917440892615, 0.006215158569295508]
Games played: 175
Exploitability: P1=1.933333333 P2=0.031244479 EV: (0.004235456010338804, -0.004235456010338804) P1 Winnings: -29.0
Choosing model 3
[0.18253489805792109, 0.06778699366958343, 0.07583998751686089, 0.6674824426144225, 0.0063556781412122156]
Games played: 176
Exploitability: P1=1.933333333 P2=0.031244479 EV: (0.004235456010338804, -0.004235456010338804) P1 Winnings: -34.0
Choosing model 3
[0.1477065667777226, 0.1083591292597951, 0.0660927312989119, 0.6740437582875377, 0.0037978143760325923]
Games played: 177
Exploitability: P1=1.933333333 P2=0.031244479 EV: (0.004235456010338804, -0.004235456010338804) P1 Winnings: -27.0
Choosing model 3
[0.16466405546394264, 0.08288520024549045, 0.07124080682447233, 0.6764181780264212, 0.004791759439673513]
Games played: 178
Exploitability: P1=1.933333333 P2=0.031244479 EV: (0.004235456010338804, -0.004235456010338804) P1 Winnings: -38.0
Choosing model 0
[0.1900455977097077, 0.08230842502899051, 0.08904855951087416, 0.6336223205396501, 0.004975097210777515]
Games played: 179
Exploitability: P1=1.900000000 P2=0.031244479 EV: (-0.08565487317898637, 0.08565487317898637) P1 Winnings: -35.0
Choosing model 3
[0.20073453326749313, 0.08975975988795602, 0.09959225221762935, 0.6051452386670791, 0.00476821595984238]
Games played: 180
Exploitability: P1=1.933333333 P2=0.031244479 EV: (0.004235456010338804, -0.004235456010338804) P1 Winnings: -34.0
Choosing model 1
[0.18310220763591947, 0.11684119385987193, 0.0958605127596472, 0.6005820913778918, 0.0036139943666695885]
Games played: 181
Exploitability: P1=2.800000000 P2=0.031244479 EV: (-0.048955909578207266, 0.048955909578207266) P1 Winnings: -27.0
Choosing model 3
[0.19393753887665757, 0.10026832356868624, 0.09978332546555736, 0.6019402464594319, 0.004070565629666902]
Games played: 182
Exploitability: P1=1.933333333 P2=0.031244479 EV: (0.004235456010338804, -0.004235456010338804) P1 Winnings: -26.0
Choosing model 3
[0.20336275296470777, 0.1537384274789959, 0.13304022138025218, 0.5070675952939963, 0.0027910028820478613]
Games played: 183
Exploitability: P1=1.933333333 P2=0.031244479 EV: (0.004235456010338804, -0.004235456010338804) P1 Winnings: -21.0
Choosing model 3
[0.2109606003604363, 0.1646590050366248, 0.14613265534047884, 0.47562061695208374, 0.0026271223103763765]
Games played: 184
Exploitability: P1=1.933333333 P2=0.031244479 EV: (0.004235456010338804, -0.004235456010338804) P1 Winnings: -20.0
Choosing model 2
[0.2517903991287175, 0.10508354707823936, 0.16461491121916505, 0.4746129615802718, 0.003898180993606282]
Games played: 185
Exploitability: P1=4.600000000 P2=0.031244479 EV: (-0.16345630604993344, 0.16345630604993344) P1 Winnings: -21.0
Choosing model 0
[0.22918473049425261, 0.13220138606130258, 0.15525583229619913, 0.48029157800407746, 0.003066473144168388]
Games played: 186
Exploitability: P1=1.900000000 P2=0.031244479 EV: (-0.08565487317898637, 0.08565487317898637) P1 Winnings: -30.0
Choosing model 3
[0.24210839887242244, 0.11315134174074867, 0.16118400645472536, 0.48011146549657324, 0.0034447874355302568]
Games played: 187
Exploitability: P1=1.933333333 P2=0.031244479 EV: (0.004235456010338804, -0.004235456010338804) P1 Winnings: -31.0
Choosing model 0
[0.2504107274995342, 0.120830311313989, 0.1765222268562009, 0.44900380977330023, 0.003232924556975595]
Games played: 188
Exploitability: P1=1.900000000 P2=0.031244479 EV: (-0.08565487317898637, 0.08565487317898637) P1 Winnings: -30.0
Choosing model 3
[0.2250587279056209, 0.15486046054262964, 0.16486968818260525, 0.4527271364258709, 0.0024839869432732274]
Games played: 189
Exploitability: P1=1.933333333 P2=0.031244479 EV: (0.004235456010338804, -0.004235456010338804) P1 Winnings: -30.0
Choosing model 2
[0.22728608948887172, 0.08970870297659553, 0.12262126397314577, 0.5566227766040261, 0.0037611669573608003]
Games played: 190
Exploitability: P1=4.600000000 P2=0.031244479 EV: (-0.16345630604993344, 0.16345630604993344) P1 Winnings: -30.0
Choosing model 2
[0.20654368664612077, 0.11267521153469223, 0.11546147673045416, 0.562365748599752, 0.0029538764889808205]
Games played: 191
Exploitability: P1=4.600000000 P2=0.031244479 EV: (-0.16345630604993344, 0.16345630604993344) P1 Winnings: -25.0
Choosing model 0
[0.20358803396067046, 0.11849222341827378, 0.11536713414435193, 0.5597635661163106, 0.0027890423603932793]
Games played: 192
Exploitability: P1=1.900000000 P2=0.031244479 EV: (-0.08565487317898637, 0.08565487317898637) P1 Winnings: -20.0
Choosing model 3
[0.21820558354434808, 0.09744239905338445, 0.12101223545524721, 0.5601149981935903, 0.0032247837534299644]
Games played: 193
Exploitability: P1=1.933333333 P2=0.031244479 EV: (0.004235456010338804, -0.004235456010338804) P1 Winnings: -19.0
Choosing model 3
[0.17943941268951963, 0.14817255650474137, 0.10650923596012617, 0.5638745489555784, 0.0020042458900343192]
Games played: 194
Exploitability: P1=1.933333333 P2=0.031244479 EV: (0.004235456010338804, -0.004235456010338804) P1 Winnings: -19.0
Choosing model 3
[0.19122709861631076, 0.127185522254228, 0.11150040370085394, 0.5678122129816602, 0.0022747624469473537]
Games played: 195
Exploitability: P1=1.933333333 P2=0.031244479 EV: (0.004235456010338804, -0.004235456010338804) P1 Winnings: -19.0
Choosing model 2
[0.1713814416561072, 0.1575457365781418, 0.10354354467031136, 0.5657673777186142, 0.001761899376825299]
Games played: 196
Exploitability: P1=4.600000000 P2=0.031244479 EV: (-0.16345630604993344, 0.16345630604993344) P1 Winnings: -14.0
Choosing model 3
[0.16844381271949488, 0.16520343347586486, 0.10316181454393217, 0.5615321362010529, 0.0016588030596552416]
Games played: 197
Exploitability: P1=1.933333333 P2=0.031244479 EV: (0.004235456010338804, -0.004235456010338804) P1 Winnings: -9.0
Choosing model 3
[0.17592308925729763, 0.17813938996566997, 0.11408305137544972, 0.5302824689200885, 0.0015720004814941805]
Games played: 198
Exploitability: P1=1.933333333 P2=0.031244479 EV: (0.004235456010338804, -0.004235456010338804) P1 Winnings: -8.0
Choosing model 1
[0.18295784093722847, 0.19127634149262676, 0.12562720257417162, 0.49865517178320445, 0.0014834432127686437]
Games played: 199
Exploitability: P1=2.800000000 P2=0.031244479 EV: (-0.048955909578207266, 0.048955909578207266) P1 Winnings: -7.0
Choosing model 1
[0.144513242234692, 0.27130300248832373, 0.10585245446374376, 0.4774335855011952, 0.0008977153120454006]
Games played: 200
Exploitability: P1=2.800000000 P2=0.031244479 EV: (-0.048955909578207266, 0.048955909578207266) P1 Winnings: 0.0
