Player 1 exploitability: 0.299474598117
Choosing model 3
[0.16950816825624432, 0.3134429147579456, 0.18142479315093327, 0.20751234673141616, 0.12811177710346058]
Games played: 1
Exploitability: P1=1.933333333 P2=0.213822584 EV: (-0.12644181307243751, 0.12644181307243751) P1 Winnings: 0.0
Choosing model 3
[0.15729221705349228, 0.356368675979322, 0.1723506610426055, 0.20635235753651787, 0.10763608838806245]
Games played: 2
Exploitability: P1=1.933333333 P2=0.213822584 EV: (-0.12644181307243751, 0.12644181307243751) P1 Winnings: -9.0
Choosing model 0
[0.17270128860313663, 0.3028521323425669, 0.18518676966016087, 0.21159037674201156, 0.12766943265212416]
Games played: 3
Exploitability: P1=1.900000000 P2=0.213822584 EV: (-0.09185836827023057, 0.09185836827023057) P1 Winnings: -16.0
Choosing model 2
[0.18739876857162566, 0.252142641744609, 0.19665938613896256, 0.2143512546404531, 0.14944794890434973]
Games played: 4
Exploitability: P1=4.600000000 P2=0.213822584 EV: (0.21382258397696427, -0.21382258397696427) P1 Winnings: -15.0
Choosing model 1
[0.18739859781153348, 0.25214326272214205, 0.19665929032438215, 0.21435132275967117, 0.14944752638227107]
Games played: 5
Exploitability: P1=2.800000000 P2=0.213822584 EV: (0.16570659756437273, -0.16570659756437273) P1 Winnings: -24.0
Choosing model 3
[0.20049912854160012, 0.20698459731701127, 0.2059179416483469, 0.21410720568711408, 0.17249112680592765]
Games played: 6
Exploitability: P1=1.933333333 P2=0.213822584 EV: (-0.12644181307243751, 0.12644181307243751) P1 Winnings: -23.0
Choosing model 0
[0.21176402901547683, 0.16773443838661958, 0.21284696345032658, 0.21112027785934545, 0.1965342912882316]
Games played: 7
Exploitability: P1=1.900000000 P2=0.213822584 EV: (-0.09185836827023057, 0.09185836827023057) P1 Winnings: -23.0
Choosing model 4
[0.20930853584300058, 0.17750696552906925, 0.21214710834167674, 0.21380444518328845, 0.1872329451029649]
Games played: 8
Exploitability: P1=2.600000000 P2=0.213822584 EV: (-0.1507110840134513, 0.1507110840134513) P1 Winnings: -18.0
Choosing model 3
[0.2093085031333642, 0.17750709577070908, 0.21214709894896364, 0.21380448104382452, 0.18723282110313855]
Games played: 9
Exploitability: P1=1.933333333 P2=0.213822584 EV: (-0.12644181307243751, 0.12644181307243751) P1 Winnings: -19.0
Choosing model 2
[0.21447079700444951, 0.16183565523998003, 0.21643564107555982, 0.2151103827552084, 0.1921475239248021]
Games played: 10
Exploitability: P1=4.600000000 P2=0.213822584 EV: (0.21382258397696427, -0.21382258397696427) P1 Winnings: -24.0
Choosing model 2
[0.21894011421981344, 0.1705707256656018, 0.2339485350598032, 0.19855618593476232, 0.17798443912001918]
Games played: 11
Exploitability: P1=4.600000000 P2=0.213822584 EV: (0.21382258397696427, -0.21382258397696427) P1 Winnings: -23.0
Choosing model 2
[0.22938911779492463, 0.13782841293535494, 0.24114258918196757, 0.19144596939318467, 0.2001939106945683]
Games played: 12
Exploitability: P1=4.600000000 P2=0.213822584 EV: (0.21382258397696427, -0.21382258397696427) P1 Winnings: -20.0
Choosing model 4
[0.23597466903985861, 0.11487639503937126, 0.24379029931048232, 0.18635948699449947, 0.21899914961578837]
Games played: 13
Exploitability: P1=2.600000000 P2=0.213822584 EV: (-0.1507110840134513, 0.1507110840134513) P1 Winnings: -19.0
Choosing model 3
[0.22606906065535115, 0.15211118998885215, 0.24200503249704283, 0.19849339834711763, 0.18132131851163616]
Games played: 14
Exploitability: P1=1.933333333 P2=0.213822584 EV: (-0.12644181307243751, 0.12644181307243751) P1 Winnings: -14.0
Choosing model 4
[0.21238046076048167, 0.19751012526180112, 0.23557546919502348, 0.20731864413109646, 0.14721530065159733]
Games played: 15
Exploitability: P1=2.600000000 P2=0.213822584 EV: (-0.1507110840134513, 0.1507110840134513) P1 Winnings: -27.0
Choosing model 0
[0.17961201783222272, 0.2999486578995168, 0.21252573332212973, 0.21252753928831133, 0.0953860516578194]
Games played: 16
Exploitability: P1=1.900000000 P2=0.213822584 EV: (-0.09185836827023057, 0.09185836827023057) P1 Winnings: -30.0
Choosing model 0
[0.19393081964777956, 0.2786548831728308, 0.24852039034321585, 0.18624423812019772, 0.09264966871597603]
Games played: 17
Exploitability: P1=1.900000000 P2=0.213822584 EV: (-0.09185836827023057, 0.09185836827023057) P1 Winnings: -27.0
Choosing model 1
[0.19446611815375436, 0.28849406431963964, 0.2638721257593378, 0.16886701713123253, 0.08430067463603577]
Games played: 18
Exploitability: P1=2.800000000 P2=0.213822584 EV: (0.16570659756437273, -0.16570659756437273) P1 Winnings: -26.0
Choosing model 3
[0.2020707796983457, 0.2656118265458989, 0.25225347261436204, 0.18470088625244183, 0.09536303488895163]
Games played: 19
Exploitability: P1=1.933333333 P2=0.213822584 EV: (-0.12644181307243751, 0.12644181307243751) P1 Winnings: -17.0
Choosing model 3
[0.2172749494987589, 0.22105285174316272, 0.2654311799824328, 0.18546980045817413, 0.1107712183174716]
Games played: 20
Exploitability: P1=1.933333333 P2=0.213822584 EV: (-0.12644181307243751, 0.12644181307243751) P1 Winnings: -14.0
Choosing model 2
[0.21334694565484347, 0.232397445697457, 0.2628231565355582, 0.18659586557539734, 0.10483658653674403]
Games played: 21
Exploitability: P1=4.600000000 P2=0.213822584 EV: (0.21382258397696427, -0.21382258397696427) P1 Winnings: -25.0
Choosing model 2
[0.22505308916833563, 0.19862292253218045, 0.27246586583044624, 0.18625728584051846, 0.11760083662851925]
Games played: 22
Exploitability: P1=4.600000000 P2=0.213822584 EV: (0.21382258397696427, -0.21382258397696427) P1 Winnings: -24.0
Choosing model 2
[0.22196869074226072, 0.20900527749850226, 0.27241029514397375, 0.1855092006223857, 0.11110653599287758]
Games played: 23
Exploitability: P1=4.600000000 P2=0.213822584 EV: (0.21382258397696427, -0.21382258397696427) P1 Winnings: -19.0
Choosing model 0
[0.23584724874160634, 0.17127072409740096, 0.28475327619159513, 0.1813927323203228, 0.12673601864907472]
Games played: 24
Exploitability: P1=1.900000000 P2=0.213822584 EV: (-0.09185836827023057, 0.09185836827023057) P1 Winnings: -16.0
Choosing model 3
[0.23250432942744395, 0.18077643452835687, 0.2830765394076312, 0.1832196921150829, 0.12042300452148512]
Games played: 25
Exploitability: P1=1.933333333 P2=0.213822584 EV: (-0.12644181307243751, 0.12644181307243751) P1 Winnings: -17.0
Choosing model 1
[0.20597146019759238, 0.254452657725457, 0.2643710240090457, 0.18972831177402166, 0.08547654629388336]
Games played: 26
Exploitability: P1=2.800000000 P2=0.213822584 EV: (0.16570659756437273, -0.16570659756437273) P1 Winnings: -17.0
Choosing model 0
[0.1877360452006846, 0.3204304893034524, 0.2815534957746972, 0.15389496811078113, 0.05638500161038456]
Games played: 27
Exploitability: P1=1.900000000 P2=0.213822584 EV: (-0.09185836827023057, 0.09185836827023057) P1 Winnings: -8.0
Choosing model 2
[0.21281185052493956, 0.24922094943013665, 0.30859185122188276, 0.15703567746629868, 0.07233967135674224]
Games played: 28
Exploitability: P1=4.600000000 P2=0.213822584 EV: (0.21382258397696427, -0.21382258397696427) P1 Winnings: -5.0
Choosing model 0
[0.24352296099027293, 0.17111418139491127, 0.30541531354279533, 0.1753824570350232, 0.10456508703699718]
Games played: 29
Exploitability: P1=1.900000000 P2=0.213822584 EV: (-0.09185836827023057, 0.09185836827023057) P1 Winnings: -5.0
Choosing model 0
[0.2559097222971653, 0.1391795560848377, 0.31408436819764496, 0.17211990783421888, 0.11870644558613314]
Games played: 30
Exploitability: P1=1.900000000 P2=0.213822584 EV: (-0.09185836827023057, 0.09185836827023057) P1 Winnings: -5.0
Choosing model 4
[0.26689834554239034, 0.11137277769035679, 0.32058189145621424, 0.16759041034660138, 0.13355657496443732]
Games played: 31
Exploitability: P1=2.600000000 P2=0.213822584 EV: (-0.1507110840134513, 0.1507110840134513) P1 Winnings: -4.0
Choosing model 3
[0.2684941346727456, 0.11567541983943114, 0.3414776505660404, 0.1524414109222846, 0.12191138399949833]
Games played: 32
Exploitability: P1=1.933333333 P2=0.213822584 EV: (-0.12644181307243751, 0.12644181307243751) P1 Winnings: -3.0
Choosing model 0
[0.27241940014968463, 0.10596450196981089, 0.3437011287649326, 0.15073798362579094, 0.127176985489781]
Games played: 33
Exploitability: P1=1.900000000 P2=0.213822584 EV: (-0.09185836827023057, 0.09185836827023057) P1 Winnings: 0.0
Choosing model 0
[0.2731167082410805, 0.10968411877021235, 0.3648594273427665, 0.13664627992350276, 0.11569346572243784]
Games played: 34
Exploitability: P1=1.900000000 P2=0.213822584 EV: (-0.09185836827023057, 0.09185836827023057) P1 Winnings: 1.0
Choosing model 0
[0.27278219358828404, 0.11310573084394868, 0.3858581669162325, 0.1234043404234295, 0.10484956822810527]
Games played: 35
Exploitability: P1=1.900000000 P2=0.213822584 EV: (-0.09185836827023057, 0.09185836827023057) P1 Winnings: 2.0
Choosing model 0
[0.2699526213508402, 0.11984353054539322, 0.38506508951850515, 0.12512785599681153, 0.10001090258844988]
Games played: 36
Exploitability: P1=1.900000000 P2=0.213822584 EV: (-0.09185836827023057, 0.09185836827023057) P1 Winnings: 1.0
Choosing model 3
[0.2699525836319251, 0.11984362046129438, 0.38506507884296326, 0.12512787905492315, 0.10001083800889411]
Games played: 37
Exploitability: P1=1.933333333 P2=0.213822584 EV: (-0.12644181307243751, 0.12644181307243751) P1 Winnings: 0.0
Choosing model 1
[0.26852907577366353, 0.12308123951387993, 0.405576086282765, 0.11254411391542452, 0.09026948451426704]
Games played: 38
Exploitability: P1=2.800000000 P2=0.213822584 EV: (0.16570659756437273, -0.16570659756437273) P1 Winnings: 1.0
Choosing model 1
[0.249109247713097, 0.15775263381859325, 0.4396198835008672, 0.09291225057812583, 0.060605984389316636]
Games played: 39
Exploitability: P1=2.800000000 P2=0.213822584 EV: (0.16570659756437273, -0.16570659756437273) P1 Winnings: 10.0
Choosing model 2
[0.26246693117380676, 0.1468146213035126, 0.4119659663164455, 0.10734975332623721, 0.07140272787999795]
Games played: 40
Exploitability: P1=4.600000000 P2=0.213822584 EV: (0.21382258397696427, -0.21382258397696427) P1 Winnings: 3.0
Choosing model 1
[0.2593258527075948, 0.1497661419751427, 0.43098974535952117, 0.09590409384677742, 0.06401416611096371]
Games played: 41
Exploitability: P1=2.800000000 P2=0.213822584 EV: (0.16570659756437273, -0.16570659756437273) P1 Winnings: 4.0
Choosing model 0
[0.2706908772413751, 0.12275597877880622, 0.44085117366859417, 0.09388244286535515, 0.07181952744586939]
Games played: 42
Exploitability: P1=1.900000000 P2=0.213822584 EV: (-0.09185836827023057, 0.09185836827023057) P1 Winnings: 4.0
Choosing model 1
[0.2800388244278153, 0.10141379352044791, 0.44762211355107784, 0.09152755598298572, 0.0793977125176732]
Games played: 43
Exploitability: P1=2.800000000 P2=0.213822584 EV: (0.16570659756437273, -0.16570659756437273) P1 Winnings: 4.0
Choosing model 1
[0.2838769251183115, 0.09281645184973976, 0.45013089738819856, 0.0904232733721834, 0.08275245227156686]
Games played: 44
Exploitability: P1=2.800000000 P2=0.213822584 EV: (0.16570659756437273, -0.16570659756437273) P1 Winnings: 4.0
Choosing model 2
[0.27123679287376956, 0.11957071617896485, 0.44527875304501424, 0.09568606465686534, 0.06822767324538603]
Games played: 45
Exploitability: P1=4.600000000 P2=0.213822584 EV: (0.21382258397696427, -0.21382258397696427) P1 Winnings: 11.0
Choosing model 3
[0.2485560170736459, 0.1513863560809191, 0.47677569392048524, 0.07803259225913607, 0.0452493406658136]
Games played: 46
Exploitability: P1=1.933333333 P2=0.213822584 EV: (-0.12644181307243751, 0.12644181307243751) P1 Winnings: 20.0
Choosing model 1
[0.23745717775293987, 0.17720346894117672, 0.4663101207162768, 0.07988880875327843, 0.039140423836328125]
Games played: 47
Exploitability: P1=2.800000000 P2=0.213822584 EV: (0.16570659756437273, -0.16570659756437273) P1 Winnings: 11.0
Choosing model 2
[0.2170712497173689, 0.2279239734450725, 0.4426360716774291, 0.08170892626422017, 0.0306597788959094]
Games played: 48
Exploitability: P1=4.600000000 P2=0.213822584 EV: (0.21382258397696427, -0.21382258397696427) P1 Winnings: 11.0
Choosing model 0
[0.2347345238091164, 0.22701765638677499, 0.3803092002390119, 0.11794705039318033, 0.03999156917191626]
Games played: 49
Exploitability: P1=1.900000000 P2=0.213822584 EV: (-0.09185836827023057, 0.09185836827023057) P1 Winnings: -2.0
Choosing model 4
[0.23132322783719345, 0.23098034358134115, 0.39683821137231035, 0.10509794733888546, 0.0357602698702697]
Games played: 50
Exploitability: P1=2.600000000 P2=0.213822584 EV: (-0.1507110840134513, 0.1507110840134513) P1 Winnings: -1.0
Choosing model 0
[0.24489386821078363, 0.19695726157791876, 0.41269549182409926, 0.10513408551665153, 0.0403192928705466]
Games played: 51
Exploitability: P1=1.900000000 P2=0.213822584 EV: (-0.09185836827023057, 0.09185836827023057) P1 Winnings: 0.0
Choosing model 1
[0.2448938106175842, 0.19695739055054254, 0.4126954409899361, 0.10513409485512565, 0.040319262986811474]
Games played: 52
Exploitability: P1=2.800000000 P2=0.213822584 EV: (0.16570659756437273, -0.16570659756437273) P1 Winnings: -1.0
Choosing model 1
[0.2735965813375078, 0.13193239536461182, 0.43911052854581656, 0.10108988914035295, 0.05427060561171094]
Games played: 53
Exploitability: P1=2.800000000 P2=0.213822584 EV: (0.16570659756437273, -0.16570659756437273) P1 Winnings: -1.0
Choosing model 2
[0.2603837195100519, 0.14828463380721857, 0.46292342819238114, 0.08646119281335726, 0.04194702567699123]
Games played: 54
Exploitability: P1=4.600000000 P2=0.213822584 EV: (0.21382258397696427, -0.21382258397696427) P1 Winnings: 4.0
Choosing model 1
[0.24562983550711634, 0.16519807462997993, 0.4837362146881908, 0.07329913609642671, 0.032136739078286305]
Games played: 55
Exploitability: P1=2.800000000 P2=0.213822584 EV: (0.16570659756437273, -0.16570659756437273) P1 Winnings: 9.0
Choosing model 1
[0.25628899916099085, 0.1396539913074057, 0.4960292605070054, 0.07237034343686892, 0.03565740558772905]
Games played: 56
Exploitability: P1=2.800000000 P2=0.213822584 EV: (0.16570659756437273, -0.16570659756437273) P1 Winnings: 8.0
Choosing model 2
[0.2407195062235615, 0.1549088438160791, 0.5160844398699731, 0.061087491948945874, 0.02719971814144041]
Games played: 57
Exploitability: P1=4.600000000 P2=0.213822584 EV: (0.21382258397696427, -0.21382258397696427) P1 Winnings: 13.0
Choosing model 0
[0.23615227922037968, 0.17392688224858438, 0.4994653291089334, 0.06533042188583439, 0.02512508753626827]
Games played: 58
Exploitability: P1=1.900000000 P2=0.213822584 EV: (-0.09185836827023057, 0.09185836827023057) P1 Winnings: 13.0
Choosing model 2
[0.2321616525069117, 0.18307265052837082, 0.4951520720242882, 0.06580605265950512, 0.02380757228092414]
Games played: 59
Exploitability: P1=4.600000000 P2=0.213822584 EV: (0.21382258397696427, -0.21382258397696427) P1 Winnings: 18.0
Choosing model 2
[0.2526195899381495, 0.1339436381929353, 0.5198229563734852, 0.06404061050592617, 0.0295732049895038]
Games played: 60
Exploitability: P1=4.600000000 P2=0.213822584 EV: (0.21382258397696427, -0.21382258397696427) P1 Winnings: 23.0
Choosing model 0
[0.24620227520218066, 0.13477838225554062, 0.5364322353480573, 0.05643458994905399, 0.026152517245167532]
Games played: 61
Exploitability: P1=1.900000000 P2=0.213822584 EV: (-0.09185836827023057, 0.09185836827023057) P1 Winnings: 24.0
Choosing model 0
[0.2283015791184907, 0.17584817923512952, 0.5165194474826346, 0.05855025362078453, 0.020780540542960597]
Games played: 62
Exploitability: P1=1.900000000 P2=0.213822584 EV: (-0.09185836827023057, 0.09185836827023057) P1 Winnings: 29.0
Choosing model 2
[0.22195988688856488, 0.1765129475703805, 0.5317244537775037, 0.0514706003948469, 0.018332111368703993]
Games played: 63
Exploitability: P1=4.600000000 P2=0.213822584 EV: (0.21382258397696427, -0.21382258397696427) P1 Winnings: 30.0
Choosing model 0
[0.21813218625551284, 0.18572923540865036, 0.5269468376816723, 0.05182705528415596, 0.01736468537000869]
Games played: 64
Exploitability: P1=1.900000000 P2=0.213822584 EV: (-0.09185836827023057, 0.09185836827023057) P1 Winnings: 17.0
Choosing model 2
[0.21168301392309527, 0.18608854533683106, 0.5414613195933862, 0.04547656632226067, 0.015290554824426745]
Games played: 65
Exploitability: P1=4.600000000 P2=0.213822584 EV: (0.21382258397696427, -0.21382258397696427) P1 Winnings: 18.0
Choosing model 2
[0.22538195910755693, 0.17555117250185923, 0.5303769510355457, 0.050966566901312356, 0.01772335045372575]
Games played: 66
Exploitability: P1=4.600000000 P2=0.213822584 EV: (0.21382258397696427, -0.21382258397696427) P1 Winnings: 27.0
Choosing model 0
[0.1966988458140576, 0.2116764877979723, 0.540846169233648, 0.03958400229697164, 0.011194494857350494]
Games played: 67
Exploitability: P1=1.900000000 P2=0.213822584 EV: (-0.09185836827023057, 0.09185836827023057) P1 Winnings: 36.0
Choosing model 2
[0.1782724902688247, 0.2651610694036191, 0.5079120426256766, 0.03988605093846555, 0.008768346763413927]
Games played: 68
Exploitability: P1=4.600000000 P2=0.213822584 EV: (0.21382258397696427, -0.21382258397696427) P1 Winnings: 36.0
Choosing model 4
[0.22385749533528515, 0.17563343365524708, 0.5381873993009932, 0.04742764001144848, 0.014894031697026047]
Games played: 69
Exploitability: P1=2.600000000 P2=0.213822584 EV: (-0.1507110840134513, 0.1507110840134513) P1 Winnings: 36.0
Choosing model 2
[0.23642216158490326, 0.1435708622130171, 0.5562355122275263, 0.04677848401485538, 0.01699297995969806]
Games played: 70
Exploitability: P1=4.600000000 P2=0.213822584 EV: (0.21382258397696427, -0.21382258397696427) P1 Winnings: 39.0
Choosing model 2
[0.21818331717776504, 0.1048337316660309, 0.6370020976579108, 0.02725281737820825, 0.012728036120084956]
Games played: 71
Exploitability: P1=4.600000000 P2=0.213822584 EV: (0.21382258397696427, -0.21382258397696427) P1 Winnings: 40.0
Choosing model 0
[0.20156584613138406, 0.11437681329601418, 0.6518811431026266, 0.02262648823366384, 0.00954970923631139]
Games played: 72
Exploitability: P1=1.900000000 P2=0.213822584 EV: (-0.09185836827023057, 0.09185836827023057) P1 Winnings: 45.0
Choosing model 4
[0.19399543351532736, 0.11365424607358786, 0.6643200439190307, 0.019690492980265158, 0.00833978351178898]
Games played: 73
Exploitability: P1=2.600000000 P2=0.213822584 EV: (-0.1507110840134513, 0.1507110840134513) P1 Winnings: 46.0
Choosing model 1
[0.20495137517117235, 0.20181702509690816, 0.5456827817346351, 0.03796971259425502, 0.009579105403029406]
Games played: 74
Exploitability: P1=2.800000000 P2=0.213822584 EV: (0.16570659756437273, -0.16570659756437273) P1 Winnings: 57.0
Choosing model 1
[0.18762732125548665, 0.24910612245136854, 0.5172019245702002, 0.03849749860778008, 0.007567133115164592]
Games played: 75
Exploitability: P1=2.800000000 P2=0.213822584 EV: (0.16570659756437273, -0.16570659756437273) P1 Winnings: 64.0
Choosing model 0
[0.19913315268057577, 0.21420589385592462, 0.5394577915011536, 0.038662767078818376, 0.008540394883527648]
Games played: 76
Exploitability: P1=1.900000000 P2=0.213822584 EV: (-0.09185836827023057, 0.09185836827023057) P1 Winnings: 63.0
Choosing model 3
[0.19254704110800294, 0.21384436357145029, 0.5523128229610966, 0.03380267632674674, 0.007493096032703487]
Games played: 77
Exploitability: P1=1.933333333 P2=0.213822584 EV: (-0.12644181307243751, 0.12644181307243751) P1 Winnings: 64.0
Choosing model 1
[0.18594370035347207, 0.2132139126522822, 0.5647602516569524, 0.02951620930186275, 0.00656592603543038]
Games played: 78
Exploitability: P1=2.800000000 P2=0.213822584 EV: (0.16570659756437273, -0.16570659756437273) P1 Winnings: 65.0
Choosing model 0
[0.1654701799889856, 0.27076755637941646, 0.5303286613214954, 0.028578545429987758, 0.0048550568801148195]
Games played: 79
Exploitability: P1=1.900000000 P2=0.213822584 EV: (-0.09185836827023057, 0.09185836827023057) P1 Winnings: 72.0
Choosing model 1
[0.1501101069347298, 0.29008706366758946, 0.5329266571300061, 0.02329918115375249, 0.0035769911139221186]
Games played: 80
Exploitability: P1=2.800000000 P2=0.213822584 EV: (0.16570659756437273, -0.16570659756437273) P1 Winnings: 77.0
Choosing model 1
[0.11999844372132251, 0.307250959511037, 0.5572158739600201, 0.013616277855781218, 0.0019184449518392223]
Games played: 81
Exploitability: P1=2.800000000 P2=0.213822584 EV: (0.16570659756437273, -0.16570659756437273) P1 Winnings: 80.0
Choosing model 0
[0.12429844626392682, 0.2873422059517148, 0.5725705555753074, 0.013745641212485346, 0.0020431509965653954]
Games played: 82
Exploitability: P1=1.900000000 P2=0.213822584 EV: (-0.09185836827023057, 0.09185836827023057) P1 Winnings: 80.0
Choosing model 1
[0.11934369277411985, 0.2848434946399519, 0.582099410024875, 0.011933384934233522, 0.0017800176268198476]
Games played: 83
Exploitability: P1=2.800000000 P2=0.213822584 EV: (0.16570659756437273, -0.16570659756437273) P1 Winnings: 81.0
Choosing model 0
[0.1294750087419334, 0.27380648921212464, 0.5809887219763824, 0.013627453293235203, 0.002102326776324325]
Games played: 84
Exploitability: P1=1.900000000 P2=0.213822584 EV: (-0.09185836827023057, 0.09185836827023057) P1 Winnings: 90.0
Choosing model 0
[0.12947496833141545, 0.2738066474424193, 0.580988605714513, 0.013627453455265493, 0.002102325056386761]
Games played: 85
Exploitability: P1=1.900000000 P2=0.213822584 EV: (-0.09185836827023057, 0.09185836827023057) P1 Winnings: 89.0
Choosing model 0
[0.12947492792089343, 0.2738068056727701, 0.5809884894525922, 0.013627453617294033, 0.002102323336450334]
Games played: 86
Exploitability: P1=1.900000000 P2=0.213822584 EV: (-0.09185836827023057, 0.09185836827023057) P1 Winnings: 88.0
Choosing model 2
[0.14112802028124857, 0.29093079874909306, 0.54754455648214, 0.017899318129891015, 0.0024973063576274133]
Games played: 87
Exploitability: P1=4.600000000 P2=0.213822584 EV: (0.21382258397696427, -0.21382258397696427) P1 Winnings: 97.0
Choosing model 2
[0.15284666442554823, 0.2430072344362644, 0.5834025199186438, 0.017839987173423322, 0.002903594046120329]
Games played: 88
Exploitability: P1=4.600000000 P2=0.213822584 EV: (0.21382258397696427, -0.21382258397696427) P1 Winnings: 100.0
Choosing model 0
[0.13701238886390113, 0.3010771610739262, 0.5418816254028825, 0.017779405332937582, 0.0022494193263526093]
Games played: 89
Exploitability: P1=1.900000000 P2=0.213822584 EV: (-0.09185836827023057, 0.09185836827023057) P1 Winnings: 105.0
Choosing model 2
[0.13177423966092147, 0.2989658650230575, 0.5518353048478168, 0.015461541333633842, 0.001963049134570281]
Games played: 90
Exploitability: P1=4.600000000 P2=0.213822584 EV: (0.21382258397696427, -0.21382258397696427) P1 Winnings: 106.0
Choosing model 2
[0.12664307415909126, 0.2966508805879908, 0.561558213431268, 0.013435956376790122, 0.0017118754448597862]
Games played: 91
Exploitability: P1=4.600000000 P2=0.213822584 EV: (0.21382258397696427, -0.21382258397696427) P1 Winnings: 107.0
Choosing model 0
[0.12324267497125165, 0.30799697892091743, 0.5539609206922455, 0.013203640744888572, 0.0015957846706969407]
Games played: 92
Exploitability: P1=1.900000000 P2=0.213822584 EV: (-0.09185836827023057, 0.09185836827023057) P1 Winnings: 112.0
Choosing model 2
[0.12003869314077005, 0.32119221589954444, 0.5440943050354586, 0.013176676229120039, 0.0014981096951067938]
Games played: 93
Exploitability: P1=4.600000000 P2=0.213822584 EV: (0.21382258397696427, -0.21382258397696427) P1 Winnings: 117.0
Choosing model 1
[0.12003853376209829, 0.32119287315070716, 0.5440938133232776, 0.01317667492827835, 0.0014981048356386168]
Games played: 94
Exploitability: P1=2.800000000 P2=0.213822584 EV: (0.16570659756437273, -0.16570659756437273) P1 Winnings: 108.0
Choosing model 2
[0.09467605169877909, 0.3356483857887904, 0.561285212269228, 0.007597616283131095, 0.0007927339600714976]
Games played: 95
Exploitability: P1=4.600000000 P2=0.213822584 EV: (0.21382258397696427, -0.21382258397696427) P1 Winnings: 111.0
Choosing model 2
[0.0724931996045973, 0.3415732931296367, 0.5814546965003902, 0.004082327113286336, 0.00039648365208963]
Games played: 96
Exploitability: P1=4.600000000 P2=0.213822584 EV: (0.21382258397696427, -0.21382258397696427) P1 Winnings: 116.0
Choosing model 1
[0.07947567751584847, 0.2888069663318653, 0.6271320148841258, 0.004118699494932807, 0.00046664177322736767]
Games played: 97
Exploitability: P1=2.800000000 P2=0.213822584 EV: (0.16570659756437273, -0.16570659756437273) P1 Winnings: 119.0
Choosing model 2
[0.09306125459115884, 0.20276296686508358, 0.6993667128541327, 0.00415074500098166, 0.0006583206886434398]
Games played: 98
Exploitability: P1=4.600000000 P2=0.213822584 EV: (0.21382258397696427, -0.21382258397696427) P1 Winnings: 120.0
Choosing model 1
[0.10102024099545776, 0.19501997146707073, 0.698439062270157, 0.004742748832420642, 0.0007779764348941279]
Games played: 99
Exploitability: P1=2.800000000 P2=0.213822584 EV: (0.16570659756437273, -0.16570659756437273) P1 Winnings: 129.0
Choosing model 2
[0.10625375863518427, 0.1661936624789319, 0.7219620152003675, 0.004720399239709399, 0.0008701644458071053]
Games played: 100
Exploitability: P1=4.600000000 P2=0.213822584 EV: (0.21382258397696427, -0.21382258397696427) P1 Winnings: 130.0
Choosing model 2
[0.1014501793497765, 0.1638310021972099, 0.7298897124634778, 0.004075229986878527, 0.0007538760026573287]
Games played: 101
Exploitability: P1=4.600000000 P2=0.213822584 EV: (0.21382258397696427, -0.21382258397696427) P1 Winnings: 131.0
Choosing model 2
[0.0931279637484409, 0.20786344102593945, 0.6942514280117665, 0.004159089170147733, 0.0005980780437054057]
Games played: 102
Exploitability: P1=4.600000000 P2=0.213822584 EV: (0.21382258397696427, -0.21382258397696427) P1 Winnings: 136.0
Choosing model 2
[0.0778896360774433, 0.24019496781331348, 0.6784577424344518, 0.0030956329439727833, 0.00036202073081858583]
Games played: 103
Exploitability: P1=4.600000000 P2=0.213822584 EV: (0.21382258397696427, -0.21382258397696427) P1 Winnings: 145.0
Choosing model 2
[0.06095758501790363, 0.3554139742895577, 0.5805521532634715, 0.0028711752069898013, 0.00020511222207746178]
Games played: 104
Exploitability: P1=4.600000000 P2=0.213822584 EV: (0.21382258397696427, -0.21382258397696427) P1 Winnings: 154.0
Choosing model 2
[0.05830985222462439, 0.3510118669146831, 0.5880168950799743, 0.0024833547137562122, 0.00017803106696201798]
Games played: 105
Exploitability: P1=4.600000000 P2=0.213822584 EV: (0.21382258397696427, -0.21382258397696427) P1 Winnings: 155.0
Choosing model 1
[0.056622212593396566, 0.3649430865099123, 0.5757972829732678, 0.0024707892010568423, 0.0001666287223664834]
Games played: 106
Exploitability: P1=2.800000000 P2=0.213822584 EV: (0.16570659756437273, -0.16570659756437273) P1 Winnings: 142.0
Choosing model 1
[0.040419429501592434, 0.5146278133050967, 0.44266385010839143, 0.0022010711791817725, 8.783590573761382e-05]
Games played: 107
Exploitability: P1=2.800000000 P2=0.213822584 EV: (0.16570659756437273, -0.16570659756437273) P1 Winnings: 149.0
Choosing model 1
[0.04678371477382863, 0.4497458497053911, 0.5009906691563266, 0.0023701064756796084, 0.0001096598887741898]
Games played: 108
Exploitability: P1=2.800000000 P2=0.213822584 EV: (0.16570659756437273, -0.16570659756437273) P1 Winnings: 152.0
Choosing model 2
[0.052427603121070525, 0.4451848857569325, 0.4993375274202129, 0.0029125707552922885, 0.0001374129464918137]
Games played: 109
Exploitability: P1=4.600000000 P2=0.213822584 EV: (0.21382258397696427, -0.21382258397696427) P1 Winnings: 145.0
Choosing model 2
[0.05057463727118673, 0.45817810082330424, 0.48828305451893556, 0.0028372310245331927, 0.00012697636204024763]
Games played: 110
Exploitability: P1=4.600000000 P2=0.213822584 EV: (0.21382258397696427, -0.21382258397696427) P1 Winnings: 150.0
Choosing model 1
[0.04950348297777373, 0.4644010162742364, 0.48312226649760626, 0.0028558163533546, 0.0001174178970290168]
Games played: 111
Exploitability: P1=2.800000000 P2=0.213822584 EV: (0.16570659756437273, -0.16570659756437273) P1 Winnings: 155.0
Choosing model 2
[0.052416243076563285, 0.43649832180242903, 0.5080082074974586, 0.002950759225536323, 0.00012646839801278234]
Games played: 112
Exploitability: P1=4.600000000 P2=0.213822584 EV: (0.21382258397696427, -0.21382258397696427) P1 Winnings: 158.0
Choosing model 2
[0.04624694601803644, 0.4548218169041374, 0.4965009093299378, 0.0023397059800112844, 9.062176787714024e-05]
Games played: 113
Exploitability: P1=4.600000000 P2=0.213822584 EV: (0.21382258397696427, -0.21382258397696427) P1 Winnings: 163.0
Choosing model 1
[0.051101368710885796, 0.4071835562392833, 0.5391622144335538, 0.0024463774406364397, 0.00010648317564054446]
Games played: 114
Exploitability: P1=2.800000000 P2=0.213822584 EV: (0.16570659756437273, -0.16570659756437273) P1 Winnings: 164.0
Choosing model 1
[0.051101286680385494, 0.4071842764501177, 0.5391615775486152, 0.0024463765201955816, 0.00010648280068604969]
Games played: 115
Exploitability: P1=2.800000000 P2=0.213822584 EV: (0.16570659756437273, -0.16570659756437273) P1 Winnings: 155.0
Choosing model 0
[0.057187419597789876, 0.34962636332518476, 0.5905017231188671, 0.0025559416121768907, 0.00012855234598118718]
Games played: 116
Exploitability: P1=1.900000000 P2=0.213822584 EV: (-0.09185836827023057, 0.09185836827023057) P1 Winnings: 156.0
Choosing model 1
[0.057187397977093386, 0.34962654231084533, 0.590501566005744, 0.002555941473985249, 0.00012855223233214762]
Games played: 117
Exploitability: P1=2.800000000 P2=0.213822584 EV: (0.16570659756437273, -0.16570659756437273) P1 Winnings: 155.0
Choosing model 2
[0.04629103834120402, 0.4486156980492294, 0.5026051165693538, 0.002403467337919239, 8.46797022934516e-05]
Games played: 118
Exploitability: P1=4.600000000 P2=0.213822584 EV: (0.21382258397696427, -0.21382258397696427) P1 Winnings: 162.0
Choosing model 2
[0.050936716238490595, 0.4373805252841993, 0.5087975277378564, 0.00278379224721971, 0.00010143849223406696]
Games played: 119
Exploitability: P1=4.600000000 P2=0.213822584 EV: (0.21382258397696427, -0.21382258397696427) P1 Winnings: 153.0
Choosing model 1
[0.055325208891533695, 0.4630943151788014, 0.477816867858058, 0.003643536652311398, 0.00012007141929539389]
Games played: 120
Exploitability: P1=2.800000000 P2=0.213822584 EV: (0.16570659756437273, -0.16570659756437273) P1 Winnings: 153.0
Choosing model 2
[0.05332295394056495, 0.4761916001061593, 0.466828420079333, 0.003546171397181052, 0.00011085447676166008]
Games played: 121
Exploitability: P1=4.600000000 P2=0.213822584 EV: (0.21382258397696427, -0.21382258397696427) P1 Winnings: 158.0
Choosing model 1
[0.0644614129037322, 0.387069929133156, 0.5444816183353647, 0.003834055773111766, 0.00015298385463535]
Games played: 122
Exploitability: P1=2.800000000 P2=0.213822584 EV: (0.16570659756437273, -0.16570659756437273) P1 Winnings: 153.0
Choosing model 2
[0.07551295627048547, 0.3048829709388736, 0.6153825678837652, 0.004016919809820321, 0.0002045850970554408]
Games played: 123
Exploitability: P1=4.600000000 P2=0.213822584 EV: (0.21382258397696427, -0.21382258397696427) P1 Winnings: 148.0
Choosing model 1
[0.08241541278561217, 0.29482960272276654, 0.6178971907709199, 0.004614713063794003, 0.0002430806569073941]
Games played: 124
Exploitability: P1=2.800000000 P2=0.213822584 EV: (0.16570659756437273, -0.16570659756437273) P1 Winnings: 157.0
Choosing model 2
[0.08241530878113307, 0.29483022542044673, 0.617896673002273, 0.004614712911740487, 0.00024307988440676722]
Games played: 125
Exploitability: P1=4.600000000 P2=0.213822584 EV: (0.21382258397696427, -0.21382258397696427) P1 Winnings: 148.0
Choosing model 2
[0.0725804455598208, 0.35887109578021903, 0.5638451483499695, 0.004518301924593663, 0.0001850083853969072]
Games played: 126
Exploitability: P1=4.600000000 P2=0.213822584 EV: (0.21382258397696427, -0.21382258397696427) P1 Winnings: 153.0
Choosing model 0
[0.07034616676336287, 0.3710910079434748, 0.5539688285494258, 0.004422231743317504, 0.00017176500041910284]
Games played: 127
Exploitability: P1=1.900000000 P2=0.213822584 EV: (-0.09185836827023057, 0.09185836827023057) P1 Winnings: 158.0
Choosing model 1
[0.0889584524189849, 0.24446500556712558, 0.661634452411218, 0.004674668458832561, 0.00026742114383902907]
Games played: 128
Exploitability: P1=2.800000000 P2=0.213822584 EV: (0.16570659756437273, -0.16570659756437273) P1 Winnings: 155.0
Choosing model 1
[0.08696314760022744, 0.25587224389554836, 0.6522304261148277, 0.004682210003645475, 0.00025197238575109805]
Games played: 129
Exploitability: P1=2.800000000 P2=0.213822584 EV: (0.16570659756437273, -0.16570659756437273) P1 Winnings: 142.0
Choosing model 2
[0.09678834938948923, 0.2515468932460678, 0.6456366221657803, 0.00571455016134034, 0.00031358503732230504]
Games played: 130
Exploitability: P1=4.600000000 P2=0.213822584 EV: (0.21382258397696427, -0.21382258397696427) P1 Winnings: 135.0
Choosing model 2
[0.11918302223736799, 0.18585216247719616, 0.687609256964085, 0.006867790992961221, 0.0004877673283897423]
Games played: 131
Exploitability: P1=4.600000000 P2=0.213822584 EV: (0.21382258397696427, -0.21382258397696427) P1 Winnings: 135.0
Choosing model 2
[0.12895669175494795, 0.17817553111648954, 0.684471342354889, 0.007821879734758704, 0.0005745550389146134]
Games played: 132
Exploitability: P1=4.600000000 P2=0.213822584 EV: (0.21382258397696427, -0.21382258397696427) P1 Winnings: 126.0
Choosing model 1
[0.11669440052775383, 0.19041262384077692, 0.6861096917700436, 0.00636103244427984, 0.0004222514171459999]
Games played: 133
Exploitability: P1=2.800000000 P2=0.213822584 EV: (0.16570659756437273, -0.16570659756437273) P1 Winnings: 131.0
Choosing model 1
[0.12405640608680303, 0.1553135776933715, 0.7138324731957844, 0.006313290191398296, 0.00048425283264286504]
Games played: 134
Exploitability: P1=2.800000000 P2=0.213822584 EV: (0.16570659756437273, -0.16570659756437273) P1 Winnings: 132.0
Choosing model 1
[0.11234188628625107, 0.16610147211100906, 0.7160625605763117, 0.005137935060144437, 0.00035614596628378247]
Games played: 135
Exploitability: P1=2.800000000 P2=0.213822584 EV: (0.16570659756437273, -0.16570659756437273) P1 Winnings: 137.0
Choosing model 1
[0.09867402412339034, 0.23521373074462948, 0.6606190976917937, 0.005235847205294173, 0.00025730023489236204]
Games played: 136
Exploitability: P1=2.800000000 P2=0.213822584 EV: (0.16570659756437273, -0.16570659756437273) P1 Winnings: 137.0
Choosing model 2
[0.10154321902101275, 0.2185379398406671, 0.6743954873755468, 0.005251115412034504, 0.00027223835073874713]
Games played: 137
Exploitability: P1=4.600000000 P2=0.213822584 EV: (0.21382258397696427, -0.21382258397696427) P1 Winnings: 137.0
Choosing model 2
[0.11230735131234373, 0.162519764748048, 0.7196349184956007, 0.005194238714619631, 0.0003437267293879411]
Games played: 138
Exploitability: P1=4.600000000 P2=0.213822584 EV: (0.21382258397696427, -0.21382258397696427) P1 Winnings: 132.0
Choosing model 2
[0.10725599030196434, 0.16024801891270465, 0.7277127382684417, 0.004485389389323999, 0.00029786312756512767]
Games played: 139
Exploitability: P1=4.600000000 P2=0.213822584 EV: (0.21382258397696427, -0.21382258397696427) P1 Winnings: 133.0
Choosing model 1
[0.10238550175493538, 0.15793656455842914, 0.735548407520754, 0.003871523782174845, 0.0002580023837065208]
Games played: 140
Exploitability: P1=2.800000000 P2=0.213822584 EV: (0.16570659756437273, -0.16570659756437273) P1 Winnings: 134.0
Choosing model 2
[0.07813766873587603, 0.16019423667445085, 0.7594661091168974, 0.002073372020267741, 0.00012861345250809195]
Games played: 141
Exploitability: P1=4.600000000 P2=0.213822584 EV: (0.21382258397696427, -0.21382258397696427) P1 Winnings: 139.0
Choosing model 2
[0.07652099744131237, 0.1673740799817037, 0.7539338520161379, 0.002050420089280192, 0.00012065047156589304]
Games played: 142
Exploitability: P1=4.600000000 P2=0.213822584 EV: (0.21382258397696427, -0.21382258397696427) P1 Winnings: 144.0
Choosing model 1
[0.09821361655956418, 0.1691334725960591, 0.7288956983529961, 0.0035476072211045664, 0.00020960527027599334]
Games played: 143
Exploitability: P1=2.800000000 P2=0.213822584 EV: (0.16570659756437273, -0.16570659756437273) P1 Winnings: 135.0
Choosing model 2
[0.08962718952640934, 0.21642669123073255, 0.6901671819008441, 0.003614462716418432, 0.00016447462559550756]
Games played: 144
Exploitability: P1=4.600000000 P2=0.213822584 EV: (0.21382258397696427, -0.21382258397696427) P1 Winnings: 135.0
Choosing model 2
[0.07740769844108232, 0.2599002773076739, 0.6595664424049646, 0.0030127418225138697, 0.00011284002376521917]
Games played: 145
Exploitability: P1=4.600000000 P2=0.213822584 EV: (0.21382258397696427, -0.21382258397696427) P1 Winnings: 140.0
Choosing model 2
[0.07740760864421493, 0.2599008527173422, 0.6595659569315262, 0.0030127420302537857, 0.00011283967666288354]
Games played: 146
Exploitability: P1=4.600000000 P2=0.213822584 EV: (0.21382258397696427, -0.21382258397696427) P1 Winnings: 131.0
Choosing model 2
[0.08198105668482603, 0.221505097032895, 0.6934516303209824, 0.0029366316175086695, 0.0001255843437878862]
Games played: 147
Exploitability: P1=4.600000000 P2=0.213822584 EV: (0.21382258397696427, -0.21382258397696427) P1 Winnings: 132.0
Choosing model 2
[0.07824810920577664, 0.21828162404713478, 0.7008271053352289, 0.0025343972272959528, 0.00010876418456388724]
Games played: 148
Exploitability: P1=4.600000000 P2=0.213822584 EV: (0.21382258397696427, -0.21382258397696427) P1 Winnings: 133.0
Choosing model 0
[0.08512679940158803, 0.21040719348773387, 0.7014349624679641, 0.0029022292378603695, 0.00012881540485377887]
Games played: 149
Exploitability: P1=1.900000000 P2=0.213822584 EV: (-0.09185836827023057, 0.09185836827023057) P1 Winnings: 142.0
Choosing model 2
[0.0851267766983789, 0.21040732463513406, 0.7014348539570054, 0.0029022294041634476, 0.0001288153053181649]
Games played: 150
Exploitability: P1=4.600000000 P2=0.213822584 EV: (0.21382258397696427, -0.21382258397696427) P1 Winnings: 141.0
Choosing model 2
[0.0710521463927238, 0.24263759435474597, 0.6840767156079547, 0.002155730226287325, 7.781341828815877e-05]
Games played: 151
Exploitability: P1=4.600000000 P2=0.213822584 EV: (0.21382258397696427, -0.21382258397696427) P1 Winnings: 150.0
Choosing model 2
[0.06780302357239461, 0.23905787928115427, 0.6912116414597025, 0.001860077949743504, 6.737773700507226e-05]
Games played: 152
Exploitability: P1=4.600000000 P2=0.213822584 EV: (0.21382258397696427, -0.21382258397696427) P1 Winnings: 151.0
Choosing model 0
[0.06612459763640985, 0.2668251029987661, 0.6650108777360199, 0.0019775498326324095, 6.187179617181106e-05]
Games played: 153
Exploitability: P1=1.900000000 P2=0.213822584 EV: (-0.09185836827023057, 0.09185836827023057) P1 Winnings: 151.0
Choosing model 2
[0.07159558401031764, 0.22166360269787408, 0.7046695597330722, 0.001998985266272977, 7.226829246330937e-05]
Games played: 154
Exploitability: P1=4.600000000 P2=0.213822584 EV: (0.21382258397696427, -0.21382258397696427) P1 Winnings: 152.0
Choosing model 2
[0.05535659129019692, 0.2506032156710656, 0.6927620167011148, 0.0012416398421338977, 3.653649548879795e-05]
Games played: 155
Exploitability: P1=4.600000000 P2=0.213822584 EV: (0.21382258397696427, -0.21382258397696427) P1 Winnings: 157.0
Choosing model 1
[0.0660336301161052, 0.27534515503550505, 0.6565915174932114, 0.0019771262041370394, 5.2571151041110786e-05]
Games played: 156
Exploitability: P1=2.800000000 P2=0.213822584 EV: (0.16570659756437273, -0.16570659756437273) P1 Winnings: 170.0
Choosing model 1
[0.07015163729563129, 0.2353944596901498, 0.6924620668639441, 0.0019331461743088947, 5.868997596590175e-05]
Games played: 157
Exploitability: P1=2.800000000 P2=0.213822584 EV: (0.16570659756437273, -0.16570659756437273) P1 Winnings: 171.0
Choosing model 2
[0.0754061716627584, 0.19413767576808452, 0.7284481369739021, 0.0019399598352537863, 6.80557600010752e-05]
Games played: 158
Exploitability: P1=4.600000000 P2=0.213822584 EV: (0.21382258397696427, -0.21382258397696427) P1 Winnings: 172.0
Choosing model 2
[0.08198982726499021, 0.18703111334616393, 0.728678208097769, 0.002220293526033795, 8.055776504308789e-05]
Games played: 159
Exploitability: P1=4.600000000 P2=0.213822584 EV: (0.21382258397696427, -0.21382258397696427) P1 Winnings: 163.0
Choosing model 2
[0.07372486241114914, 0.1986137904576438, 0.7258083016484296, 0.0017942160376708388, 5.8829445106856756e-05]
Games played: 160
Exploitability: P1=4.600000000 P2=0.213822584 EV: (0.21382258397696427, -0.21382258397696427) P1 Winnings: 168.0
Choosing model 2
[0.06687989389608986, 0.24902660105267893, 0.6822378141218599, 0.0018095690486005396, 4.612188077070865e-05]
Games played: 161
Exploitability: P1=4.600000000 P2=0.213822584 EV: (0.21382258397696427, -0.21382258397696427) P1 Winnings: 173.0
Choosing model 2
[0.05980119261526874, 0.2629671818470584, 0.67574401408799, 0.00145411840549252, 3.349304419032133e-05]
Games played: 162
Exploitability: P1=4.600000000 P2=0.213822584 EV: (0.21382258397696427, -0.21382258397696427) P1 Winnings: 178.0
Choosing model 2
[0.06934843924655758, 0.18284155749048578, 0.7463119055261639, 0.0014513026076770623, 4.679512911575865e-05]
Games played: 163
Exploitability: P1=4.600000000 P2=0.213822584 EV: (0.21382258397696427, -0.21382258397696427) P1 Winnings: 173.0
Choosing model 2
[0.086659199541111, 0.21536478132255896, 0.6951720401894608, 0.0027272987141572997, 7.668023271200458e-05]
Games played: 164
Exploitability: P1=4.600000000 P2=0.213822584 EV: (0.21382258397696427, -0.21382258397696427) P1 Winnings: 180.0
Choosing model 2
[0.09419611872701478, 0.20741682105355314, 0.6951758833705943, 0.0031204384317136276, 9.073841712416634e-05]
Games played: 165
Exploitability: P1=4.600000000 P2=0.213822584 EV: (0.21382258397696427, -0.21382258397696427) P1 Winnings: 171.0
Choosing model 1
[0.0899387474739482, 0.20447061933054245, 0.7028180403637927, 0.0026939797008385044, 7.861313087828355e-05]
Games played: 166
Exploitability: P1=2.800000000 P2=0.213822584 EV: (0.16570659756437273, -0.16570659756437273) P1 Winnings: 172.0
Choosing model 2
[0.08084903134212706, 0.21707031662706022, 0.6998468897801097, 0.0021763695815644724, 5.739266913860862e-05]
Games played: 167
Exploitability: P1=4.600000000 P2=0.213822584 EV: (0.21382258397696427, -0.21382258397696427) P1 Winnings: 177.0
Choosing model 2
[0.07714468928220007, 0.21384778923730435, 0.7070801195525019, 0.0018777109318181575, 4.969099617541207e-05]
Games played: 168
Exploitability: P1=4.600000000 P2=0.213822584 EV: (0.21382258397696427, -0.21382258397696427) P1 Winnings: 178.0
Choosing model 2
[0.10480593458868856, 0.1999726535494207, 0.6916593980504306, 0.0034599212731764857, 0.00010209253828357774]
Games played: 169
Exploitability: P1=4.600000000 P2=0.213822584 EV: (0.21382258397696427, -0.21382258397696427) P1 Winnings: 175.0
Choosing model 2
[0.11519738361735977, 0.14779149157598687, 0.7334817920319462, 0.0034012303103189145, 0.00012810246438828586]
Games played: 170
Exploitability: P1=4.600000000 P2=0.213822584 EV: (0.21382258397696427, -0.21382258397696427) P1 Winnings: 180.0
Choosing model 2
[0.13685658517390914, 0.10534886631926202, 0.7536586166395814, 0.003943690594581437, 0.00019224127266605182]
Games played: 171
Exploitability: P1=4.600000000 P2=0.213822584 EV: (0.21382258397696427, -0.21382258397696427) P1 Winnings: 180.0
Choosing model 2
[0.13498433343727237, 0.11125152675142898, 0.7495959772840954, 0.00398540575699133, 0.00018275677021191024]
Games played: 172
Exploitability: P1=4.600000000 P2=0.213822584 EV: (0.21382258397696427, -0.21382258397696427) P1 Winnings: 167.0
Choosing model 2
[0.14552414808397812, 0.10626949899540629, 0.7434692525211367, 0.004522606662774627, 0.00021449373670425967]
Games played: 173
Exploitability: P1=4.600000000 P2=0.213822584 EV: (0.21382258397696427, -0.21382258397696427) P1 Winnings: 158.0
Choosing model 2
[0.13902482144793119, 0.10481876187366772, 0.7520637731407738, 0.003906708188791939, 0.0001859353488354239]
Games played: 174
Exploitability: P1=4.600000000 P2=0.213822584 EV: (0.21382258397696427, -0.21382258397696427) P1 Winnings: 159.0
Choosing model 2
[0.13274977404027702, 0.10333646050910535, 0.7603796588353022, 0.0033730073815576174, 0.00016109923375780928]
Games played: 175
Exploitability: P1=4.600000000 P2=0.213822584 EV: (0.21382258397696427, -0.21382258397696427) P1 Winnings: 160.0
Choosing model 2
[0.12065508569622768, 0.11091926046120404, 0.7655516249088726, 0.002755113380482746, 0.00011891555321269613]
Games played: 176
Exploitability: P1=4.600000000 P2=0.213822584 EV: (0.21382258397696427, -0.21382258397696427) P1 Winnings: 165.0
Choosing model 2
[0.12065500099675083, 0.11091955683956882, 0.7655514120893382, 0.0027551148324508026, 0.00011891524189134118]
Games played: 177
Exploitability: P1=4.600000000 P2=0.213822584 EV: (0.21382258397696427, -0.21382258397696427) P1 Winnings: 156.0
Choosing model 2
[0.11272251280312352, 0.14322810015925913, 0.741091674594851, 0.0028616986754796256, 9.601376728665841e-05]
Games played: 178
Exploitability: P1=4.600000000 P2=0.213822584 EV: (0.21382258397696427, -0.21382258397696427) P1 Winnings: 147.0
Choosing model 2
[0.10756178137043482, 0.1411070354864285, 0.7487789652887042, 0.0024690853426828814, 8.313251174975121e-05]
Games played: 179
Exploitability: P1=4.600000000 P2=0.213822584 EV: (0.21382258397696427, -0.21382258397696427) P1 Winnings: 148.0
Choosing model 2
[0.11299270014078154, 0.11473180783779521, 0.7697588574788801, 0.0024222927810565588, 9.434176148660692e-05]
Games played: 180
Exploitability: P1=4.600000000 P2=0.213822584 EV: (0.21382258397696427, -0.21382258397696427) P1 Winnings: 145.0
Choosing model 2
[0.12266249032141846, 0.07463777994530477, 0.80028659943708, 0.002293621118914476, 0.00011950917728224083]
Games played: 181
Exploitability: P1=4.600000000 P2=0.213822584 EV: (0.21382258397696427, -0.21382258397696427) P1 Winnings: 148.0
Choosing model 2
[0.12073492041944142, 0.07837922745566156, 0.7984934172951448, 0.0022797553498470013, 0.00011267947990536756]
Games played: 182
Exploitability: P1=4.600000000 P2=0.213822584 EV: (0.21382258397696427, -0.21382258397696427) P1 Winnings: 153.0
Choosing model 1
[0.12430908887683106, 0.06538384106182912, 0.8079625844392907, 0.002221114416822486, 0.00012337120522645169]
Games played: 183
Exploitability: P1=2.800000000 P2=0.213822584 EV: (0.16570659756437273, -0.16570659756437273) P1 Winnings: 154.0
Choosing model 0
[0.09792599942228643, 0.06824404583496418, 0.8324856105261458, 0.001279140141624705, 6.520407497868347e-05]
Games played: 184
Exploitability: P1=1.900000000 P2=0.213822584 EV: (-0.09185836827023057, 0.09185836827023057) P1 Winnings: 157.0
Choosing model 2
[0.09987181019973862, 0.05600874403867398, 0.8428489022436328, 0.001200661819159764, 6.98816987948575e-05]
Games played: 185
Exploitability: P1=4.600000000 P2=0.213822584 EV: (0.21382258397696427, -0.21382258397696427) P1 Winnings: 158.0
Choosing model 2
[0.11288331720612052, 0.061710713071533745, 0.8236845749319195, 0.0016353162219854187, 8.607856844084038e-05]
Games played: 186
Exploitability: P1=4.600000000 P2=0.213822584 EV: (0.21382258397696427, -0.21382258397696427) P1 Winnings: 158.0
Choosing model 2
[0.12175178120562771, 0.05897352389371255, 0.8173170507324433, 0.0018565723594925533, 0.00010107180872404685]
Games played: 187
Exploitability: P1=4.600000000 P2=0.213822584 EV: (0.21382258397696427, -0.21382258397696427) P1 Winnings: 149.0
Choosing model 2
[0.1370686511836892, 0.06471989203032878, 0.795568795990374, 0.002518656253388114, 0.0001240045422199054]
Games played: 188
Exploitability: P1=4.600000000 P2=0.213822584 EV: (0.21382258397696427, -0.21382258397696427) P1 Winnings: 149.0
Choosing model 0
[0.13070749424358713, 0.06371963008187029, 0.8032938966173332, 0.002171681456542222, 0.00010729760066713523]
Games played: 189
Exploitability: P1=1.900000000 P2=0.213822584 EV: (-0.09185836827023057, 0.09185836827023057) P1 Winnings: 150.0
Choosing model 2
[0.12458726243428772, 0.06270750363104602, 0.8107407418144402, 0.0018716909971461069, 9.280112307987012e-05]
Games played: 190
Exploitability: P1=4.600000000 P2=0.213822584 EV: (0.21382258397696427, -0.21382258397696427) P1 Winnings: 151.0
Choosing model 1
[0.12790885021026968, 0.052161002828920576, 0.8180104960744115, 0.0018183346206351158, 0.0001013162657630594]
Games played: 191
Exploitability: P1=2.800000000 P2=0.213822584 EV: (0.16570659756437273, -0.16570659756437273) P1 Winnings: 152.0
Choosing model 2
[0.13155571854605655, 0.042126586954980276, 0.8244518021054111, 0.0017538900896194379, 0.00011200230393239796]
Games played: 192
Exploitability: P1=4.600000000 P2=0.213822584 EV: (0.21382258397696427, -0.21382258397696427) P1 Winnings: 152.0
Choosing model 2
[0.12532602727942552, 0.04143438800614837, 0.8316319968712671, 0.0015107715243176415, 9.68163188414301e-05]
Games played: 193
Exploitability: P1=4.600000000 P2=0.213822584 EV: (0.21382258397696427, -0.21382258397696427) P1 Winnings: 153.0
Choosing model 2
[0.1281807991425379, 0.03433539902602912, 0.8359163473474446, 0.0014621542689420486, 0.00010530021504627747]
Games played: 194
Exploitability: P1=4.600000000 P2=0.213822584 EV: (0.21382258397696427, -0.21382258397696427) P1 Winnings: 154.0
Choosing model 2
[0.09815927327449658, 0.0349456137186746, 0.8660567084095507, 0.0007857327792228674, 5.2671818055160285e-05]
Games played: 195
Exploitability: P1=4.600000000 P2=0.213822584 EV: (0.21382258397696427, -0.21382258397696427) P1 Winnings: 159.0
Choosing model 1
[0.0887628771946385, 0.0439384017225219, 0.8665751627194399, 0.0006857229719342368, 3.783539146542186e-05]
Games played: 196
Exploitability: P1=2.800000000 P2=0.213822584 EV: (0.16570659756437273, -0.16570659756437273) P1 Winnings: 164.0
Choosing model 2
[0.10518337007712704, 0.02746439815342121, 0.8665221204068032, 0.0007694627053980763, 6.0648657250370366e-05]
Games played: 197
Exploitability: P1=4.600000000 P2=0.213822584 EV: (0.21382258397696427, -0.21382258397696427) P1 Winnings: 159.0
Choosing model 2
[0.12350059745065228, 0.017009916606375533, 0.8585376333887218, 0.0008555250262919277, 9.632752795850149e-05]
Games played: 198
Exploitability: P1=4.600000000 P2=0.213822584 EV: (0.21382258397696427, -0.21382258397696427) P1 Winnings: 159.0
Choosing model 2
[0.1224675081937692, 0.018059779921848446, 0.8585114095553845, 0.000869233755859079, 9.206857313870755e-05]
Games played: 199
Exploitability: P1=4.600000000 P2=0.213822584 EV: (0.21382258397696427, -0.21382258397696427) P1 Winnings: 146.0
Choosing model 0
[0.13178355770462044, 0.01721883459376643, 0.8499051940215294, 0.000984558452268026, 0.00010785522781566364]
Games played: 200
Exploitability: P1=1.900000000 P2=0.213822584 EV: (-0.09185836827023057, 0.09185836827023057) P1 Winnings: 137.0
