Player 1 exploitability: 0.0599696269251
Choosing model 1
[0.1973349639706216, 0.21128199721835308, 0.19899353135783318, 0.2021883263136098, 0.19020118113958234]
Games played: 1
Exploitability: P1=2.800000000 P2=-0.025682387 EV: (-0.3513011539095294, 0.3513011539095294) P1 Winnings: -1
Choosing model 1
[0.1944757600901228, 0.22293711500370114, 0.19775856744304146, 0.20415948252984553, 0.18066907493328915]
Games played: 2
Exploitability: P1=2.800000000 P2=-0.025682387 EV: (-0.3513011539095294, 0.3513011539095294) P1 Winnings: -14
Choosing model 0
[0.21046789078342526, 0.1622276324912203, 0.20648855887897252, 0.19760731208307544, 0.2232086057633065]
Games played: 3
Exploitability: P1=1.900000000 P2=-0.025682387 EV: (-0.08455647434375278, 0.08455647434375278) P1 Winnings: -19
Choosing model 1
[0.21046786582387983, 0.16222775763539124, 0.2064885575181017, 0.19760735267356677, 0.2232084663490605]
Games played: 4
Exploitability: P1=2.800000000 P2=-0.025682387 EV: (-0.3513011539095294, 0.3513011539095294) P1 Winnings: -20
Choosing model 4
[0.2230976316022728, 0.1031052159571426, 0.20845699578031263, 0.180278337904664, 0.285061818755608]
Games played: 5
Exploitability: P1=2.600000000 P2=-0.025682387 EV: (-0.032676581040805085, 0.032676581040805085) P1 Winnings: -20.0
Choosing model 1
[0.21559903559022506, 0.14415973831788023, 0.20962436423563677, 0.1962587563235803, 0.23435810553267755]
Games played: 6
Exploitability: P1=2.800000000 P2=-0.025682387 EV: (-0.3513011539095294, 0.3513011539095294) P1 Winnings: -21.0
Choosing model 2
[0.21559895636842197, 0.14416017174380646, 0.20962437609034704, 0.1962589254114698, 0.23435757038595476]
Games played: 7
Exploitability: P1=4.600000000 P2=-0.025682387 EV: (-0.28017359452442275, 0.28017359452442275) P1 Winnings: -30.0
Choosing model 4
[0.22624472426835499, 0.09070340930690152, 0.20950042383964287, 0.1772525864547369, 0.29629885613036383]
Games played: 8
Exploitability: P1=2.600000000 P2=-0.025682387 EV: (-0.032676581040805085, 0.032676581040805085) P1 Winnings: -35.0
Choosing model 2
[0.22583381688676776, 0.09693767029740823, 0.2108775456197946, 0.18128218684549297, 0.28506878035053657]
Games played: 9
Exploitability: P1=4.600000000 P2=-0.025682387 EV: (-0.28017359452442275, 0.28017359452442275) P1 Winnings: -36.0
Choosing model 4
[0.2305376543822033, 0.0796327351006402, 0.21370334232514054, 0.17032001636890312, 0.3058062518231128]
Games played: 10
Exploitability: P1=2.600000000 P2=-0.025682387 EV: (-0.032676581040805085, 0.032676581040805085) P1 Winnings: -35.0
Choosing model 2
[0.23252773395438994, 0.06507647866862151, 0.21183321144497694, 0.16255918347876225, 0.32800339245324933]
Games played: 11
Exploitability: P1=4.600000000 P2=-0.025682387 EV: (-0.28017359452442275, 0.28017359452442275) P1 Winnings: -36.0
Choosing model 2
[0.23287229854801875, 0.06977913183158507, 0.21393016802999656, 0.1668040618375517, 0.316614339752848]
Games played: 12
Exploitability: P1=4.600000000 P2=-0.025682387 EV: (-0.28017359452442275, 0.28017359452442275) P1 Winnings: -49.0
Choosing model 0
[0.23055203563266688, 0.09548418920657423, 0.21946001380168126, 0.1836016656852306, 0.27090209567384704]
Games played: 13
Exploitability: P1=1.900000000 P2=-0.025682387 EV: (-0.08455647434375278, 0.08455647434375278) P1 Winnings: -58.0
Choosing model 4
[0.23396627792138272, 0.0785082493063294, 0.2188716710067006, 0.17630874404029362, 0.29234505772529357]
Games played: 14
Exploitability: P1=2.600000000 P2=-0.025682387 EV: (-0.032676581040805085, 0.032676581040805085) P1 Winnings: -59.0
Choosing model 4
[0.23396627708298565, 0.07850831889748514, 0.21887169473607032, 0.17630880053265555, 0.29234490875080343]
Games played: 15
Exploitability: P1=2.600000000 P2=-0.025682387 EV: (-0.032676581040805085, 0.032676581040805085) P1 Winnings: -60.0
Choosing model 0
[0.23080141515949074, 0.10447202224854199, 0.2236446389227087, 0.19247871824228097, 0.24860320542697759]
Games played: 16
Exploitability: P1=1.900000000 P2=-0.025682387 EV: (-0.08455647434375278, 0.08455647434375278) P1 Winnings: -53.0
Choosing model 4
[0.23669801452150507, 0.11061888099893072, 0.24285609985981274, 0.1784858286093868, 0.23134117601036464]
Games played: 17
Exploitability: P1=2.600000000 P2=-0.025682387 EV: (-0.032676581040805085, 0.032676581040805085) P1 Winnings: -52.0
Choosing model 4
[0.24237416313960727, 0.08767256983622687, 0.24336010396791377, 0.170684301850971, 0.25590886120528106]
Games played: 18
Exploitability: P1=2.600000000 P2=-0.025682387 EV: (-0.032676581040805085, 0.032676581040805085) P1 Winnings: -59.0
Choosing model 3
[0.24237415500916162, 0.08767265123642279, 0.24336012525102205, 0.1706843558649807, 0.2559087126384129]
Games played: 19
Exploitability: P1=1.933333333 P2=-0.025682387 EV: (-0.18780646431703557, 0.18780646431703557) P1 Winnings: -62.0
Choosing model 3
[0.2550982138706382, 0.07939507140528308, 0.27740200302357176, 0.14580453029452387, 0.2423001814059831]
Games played: 20
Exploitability: P1=1.933333333 P2=-0.025682387 EV: (-0.18780646431703557, 0.18780646431703557) P1 Winnings: -59.0
Choosing model 2
[0.2577238200467234, 0.07120327493049812, 0.2783173470933671, 0.1437445951971179, 0.24901096273229348]
Games played: 21
Exploitability: P1=4.600000000 P2=-0.025682387 EV: (-0.28017359452442275, 0.28017359452442275) P1 Winnings: -62.0
Choosing model 4
[0.261368482258329, 0.055691050818533414, 0.277680287865666, 0.1341545833678866, 0.271105595689585]
Games played: 22
Exploitability: P1=2.600000000 P2=-0.025682387 EV: (-0.032676581040805085, 0.032676581040805085) P1 Winnings: -59.0
Choosing model 0
[0.26142893441863246, 0.059640915608120765, 0.2800789090032024, 0.13748584529230778, 0.26136539567773653]
Games played: 23
Exploitability: P1=1.900000000 P2=-0.025682387 EV: (-0.08455647434375278, 0.08455647434375278) P1 Winnings: -60.0
Choosing model 0
[0.2633234468286219, 0.04797223243586966, 0.27687974761336687, 0.13050186687925291, 0.28132270624288863]
Games played: 24
Exploitability: P1=1.900000000 P2=-0.025682387 EV: (-0.08455647434375278, 0.08455647434375278) P1 Winnings: -60.0
Choosing model 4
[0.26406383629772034, 0.03723504641745916, 0.27171851426606974, 0.12221772815150865, 0.3047648748672421]
Games played: 25
Exploitability: P1=2.600000000 P2=-0.025682387 EV: (-0.032676581040805085, 0.032676581040805085) P1 Winnings: -60.0
Choosing model 0
[0.25850791587319305, 0.01949073608999748, 0.2510546281538536, 0.10003229518918037, 0.37091442469377567]
Games played: 26
Exploitability: P1=1.900000000 P2=-0.025682387 EV: (-0.08455647434375278, 0.08455647434375278) P1 Winnings: -61.0
Choosing model 2
[0.2552699631154969, 0.01476721570030647, 0.2426205984789187, 0.09221998902668213, 0.39512223367859584]
Games played: 27
Exploitability: P1=4.600000000 P2=-0.025682387 EV: (-0.28017359452442275, 0.28017359452442275) P1 Winnings: -60.0
Choosing model 4
[0.25757082250787133, 0.015953427904118377, 0.24686500533064715, 0.09533976070979401, 0.38427098354756906]
Games played: 28
Exploitability: P1=2.600000000 P2=-0.025682387 EV: (-0.032676581040805085, 0.032676581040805085) P1 Winnings: -73.0
Choosing model 3
[0.25973818209841726, 0.017224697303919814, 0.2510345978282175, 0.09850657650491638, 0.373495946264529]
Games played: 29
Exploitability: P1=1.933333333 P2=-0.025682387 EV: (-0.18780646431703557, 0.18780646431703557) P1 Winnings: -74.0
Choosing model 2
[0.22896259168992797, 0.00870958313051374, 0.162970985359657, 0.10571616774196327, 0.49364067207793805]
Games played: 30
Exploitability: P1=4.600000000 P2=-0.025682387 EV: (-0.28017359452442275, 0.28017359452442275) P1 Winnings: -67.0
Choosing model 2
[0.20779332070477308, 0.004742657585152817, 0.12792033560029897, 0.09363800939094134, 0.5659056767188337]
Games played: 31
Exploitability: P1=4.600000000 P2=-0.025682387 EV: (-0.28017359452442275, 0.28017359452442275) P1 Winnings: -67.0
Choosing model 0
[0.17314572973669795, 0.003111374252920712, 0.08028988833853684, 0.10518019581770438, 0.6382728118541402]
Games played: 32
Exploitability: P1=1.900000000 P2=-0.025682387 EV: (-0.08455647434375278, 0.08455647434375278) P1 Winnings: -76.0
Choosing model 4
[0.13943008673978854, 0.001972637331653587, 0.04870198119112045, 0.11417743655938847, 0.6957178581780489]
Games played: 33
Exploitability: P1=2.600000000 P2=-0.025682387 EV: (-0.032676581040805085, 0.032676581040805085) P1 Winnings: -67.0
Choosing model 4
[0.14253649052327175, 0.002159112464668118, 0.050205478548701894, 0.11959193389413977, 0.6855069845692185]
Games played: 34
Exploitability: P1=2.600000000 P2=-0.025682387 EV: (-0.032676581040805085, 0.032676581040805085) P1 Winnings: -68.0
Choosing model 0
[0.14253653336615205, 0.002159115035257522, 0.05020549926223134, 0.11959200858834065, 0.6855068437480184]
Games played: 35
Exploitability: P1=1.900000000 P2=-0.025682387 EV: (-0.08455647434375278, 0.08455647434375278) P1 Winnings: -69.0
Choosing model 0
[0.14253657620903099, 0.00215911760584977, 0.05020551997576432, 0.11959208328257624, 0.6855067029267787]
Games played: 36
Exploitability: P1=1.900000000 P2=-0.025682387 EV: (-0.08455647434375278, 0.08455647434375278) P1 Winnings: -70.0
Choosing model 4
[0.1647998414679141, 0.002948141383746456, 0.0643004610087399, 0.12426340240937714, 0.6436881537302226]
Games played: 37
Exploitability: P1=2.600000000 P2=-0.025682387 EV: (-0.032676581040805085, 0.032676581040805085) P1 Winnings: -65.0
Choosing model 3
[0.15849154295240142, 0.0021407551490394377, 0.0604664465367293, 0.11117875089787936, 0.6677225044639505]
Games played: 38
Exploitability: P1=1.933333333 P2=-0.025682387 EV: (-0.18780646431703557, 0.18780646431703557) P1 Winnings: -65.0
Choosing model 4
[0.17021349276150308, 0.00237371185786246, 0.06876013388465069, 0.1079629032429197, 0.6506897582530642]
Games played: 39
Exploitability: P1=2.600000000 P2=-0.025682387 EV: (-0.032676581040805085, 0.032676581040805085) P1 Winnings: -64.0
Choosing model 4
[0.16888658511605645, 0.002090684278737337, 0.06775189172893328, 0.10453195900445782, 0.6567388798718151]
Games played: 40
Exploitability: P1=2.600000000 P2=-0.025682387 EV: (-0.032676581040805085, 0.032676581040805085) P1 Winnings: -64.0
Choosing model 4
[0.17241301770624942, 0.0022851873181481148, 0.06974791717348258, 0.10933923346909646, 0.6462146443330233]
Games played: 41
Exploitability: P1=2.600000000 P2=-0.025682387 EV: (-0.032676581040805085, 0.032676581040805085) P1 Winnings: -65.0
Choosing model 3
[0.16669382145116318, 0.0017795474057750338, 0.0662427367553874, 0.09988864332092752, 0.6653952510667468]
Games played: 42
Exploitability: P1=1.933333333 P2=-0.025682387 EV: (-0.18780646431703557, 0.18780646431703557) P1 Winnings: -64.0
Choosing model 3
[0.14903399278528942, 0.0009539417978927878, 0.05640471843045736, 0.0768622819377338, 0.7167450650486267]
Games played: 43
Exploitability: P1=1.933333333 P2=-0.025682387 EV: (-0.18780646431703557, 0.18780646431703557) P1 Winnings: -65.0
Choosing model 0
[0.14755966163494968, 0.0008384235633926893, 0.05546018203982025, 0.07426239505719545, 0.7218793377046419]
Games played: 44
Exploitability: P1=1.900000000 P2=-0.025682387 EV: (-0.08455647434375278, 0.08455647434375278) P1 Winnings: -68.0
Choosing model 4
[0.1375826021688768, 0.0007620390608904225, 0.04470967627233358, 0.08343706583057887, 0.7335086166673204]
Games played: 45
Exploitability: P1=2.600000000 P2=-0.025682387 EV: (-0.032676581040805085, 0.032676581040805085) P1 Winnings: -59.0
Choosing model 4
[0.10025729012051665, 0.00031852733648248525, 0.023993960691144126, 0.07402167622421772, 0.801408545627639]
Games played: 46
Exploitability: P1=2.600000000 P2=-0.025682387 EV: (-0.032676581040805085, 0.032676581040805085) P1 Winnings: -52.0
Choosing model 4
[0.09479415644409858, 0.00023107705431929816, 0.022202461002221254, 0.06534065493451868, 0.8174316505648422]
Games played: 47
Exploitability: P1=2.600000000 P2=-0.025682387 EV: (-0.032676581040805085, 0.032676581040805085) P1 Winnings: -52.0
Choosing model 4
[0.09283000932523595, 0.00020430534935242126, 0.021568671103563617, 0.06236010295073354, 0.8230369112711144]
Games played: 48
Exploitability: P1=2.600000000 P2=-0.025682387 EV: (-0.032676581040805085, 0.032676581040805085) P1 Winnings: -55.0
Choosing model 4
[0.06543072411311505, 8.260191289875303e-05, 0.011196046556144632, 0.05351155923749116, 0.8697790681803503]
Games played: 49
Exploitability: P1=2.600000000 P2=-0.025682387 EV: (-0.032676581040805085, 0.032676581040805085) P1 Winnings: -48.0
Choosing model 4
[0.06455262480301094, 7.234051022380528e-05, 0.010969337943040777, 0.05151730655938451, 0.8728883901843401]
Games played: 50
Exploitability: P1=2.600000000 P2=-0.025682387 EV: (-0.032676581040805085, 0.032676581040805085) P1 Winnings: -48.0
Choosing model 4
[0.0705595553170372, 8.163879927710774e-05, 0.012695702065597565, 0.05091666528056756, 0.8657464385375205]
Games played: 51
Exploitability: P1=2.600000000 P2=-0.025682387 EV: (-0.032676581040805085, 0.032676581040805085) P1 Winnings: -47.0
Choosing model 4
[0.07273675028736999, 9.01058774488248e-05, 0.01319744009270362, 0.05377866878272964, 0.860197034959748]
Games played: 52
Exploitability: P1=2.600000000 P2=-0.025682387 EV: (-0.032676581040805085, 0.032676581040805085) P1 Winnings: -48.0
Choosing model 4
[0.07111932389782943, 7.954317701539588e-05, 0.01280085178119496, 0.051246036961496225, 0.864754244182464]
Games played: 53
Exploitability: P1=2.600000000 P2=-0.025682387 EV: (-0.032676581040805085, 0.032676581040805085) P1 Winnings: -51.0
Choosing model 4
[0.07766198893103206, 8.968027562242779e-05, 0.014801104843133451, 0.05059947945764881, 0.8568477464925632]
Games played: 54
Exploitability: P1=2.600000000 P2=-0.025682387 EV: (-0.032676581040805085, 0.032676581040805085) P1 Winnings: -50.0
Choosing model 4
[0.061332220713789846, 5.4955787309276955e-05, 0.00919119540064524, 0.04948560995374708, 0.8799360181445085]
Games played: 55
Exploitability: P1=2.600000000 P2=-0.025682387 EV: (-0.032676581040805085, 0.032676581040805085) P1 Winnings: -43.0
Choosing model 4
[0.05747181103106055, 3.9858632545769565e-05, 0.008428433223664093, 0.04330551953842155, 0.890754377574308]
Games played: 56
Exploitability: P1=2.600000000 P2=-0.025682387 EV: (-0.032676581040805085, 0.032676581040805085) P1 Winnings: -50.0
Choosing model 4
[0.07201950350118982, 5.813600884930824e-05, 0.012213239134236031, 0.04480226104670489, 0.87090686030902]
Games played: 57
Exploitability: P1=2.600000000 P2=-0.025682387 EV: (-0.032676581040805085, 0.032676581040805085) P1 Winnings: -47.0
Choosing model 4
[0.06760117886604639, 4.1869123362123476e-05, 0.011219372707386615, 0.03926115231210364, 0.8818764269911011]
Games played: 58
Exploitability: P1=2.600000000 P2=-0.025682387 EV: (-0.032676581040805085, 0.032676581040805085) P1 Winnings: -47.0
Choosing model 4
[0.06329924513352068, 3.034455007801162e-05, 0.0102806714616199, 0.034332496809932646, 0.8920572420448487]
Games played: 59
Exploitability: P1=2.600000000 P2=-0.025682387 EV: (-0.032676581040805085, 0.032676581040805085) P1 Winnings: -44.0
Choosing model 4
[0.06920247626499135, 3.425128887332925e-05, 0.011900876856666546, 0.033938556505783965, 0.8849238390836848]
Games played: 60
Exploitability: P1=2.600000000 P2=-0.025682387 EV: (-0.032676581040805085, 0.032676581040805085) P1 Winnings: -43.0
Choosing model 4
[0.06920250639665322, 3.4251334270509745e-05, 0.011900883371365226, 0.03393858227919401, 0.884923776618517]
Games played: 61
Exploitability: P1=2.600000000 P2=-0.025682387 EV: (-0.032676581040805085, 0.032676581040805085) P1 Winnings: -44.0
Choosing model 4
[0.07640435276902277, 3.253734146981064e-05, 0.014230315820399552, 0.030412082806553192, 0.8789207112625547]
Games played: 62
Exploitability: P1=2.600000000 P2=-0.025682387 EV: (-0.032676581040805085, 0.032676581040805085) P1 Winnings: -41.0
Choosing model 4
[0.07640438587187147, 3.253738452520116e-05, 0.014230323579606626, 0.030412105836390944, 0.8789206473276058]
Games played: 63
Exploitability: P1=2.600000000 P2=-0.025682387 EV: (-0.032676581040805085, 0.032676581040805085) P1 Winnings: -42.0
Choosing model 4
[0.08336348544442178, 3.665332069961307e-05, 0.016440186014618125, 0.03000329433003203, 0.8701563808902285]
Games played: 64
Exploitability: P1=2.600000000 P2=-0.025682387 EV: (-0.032676581040805085, 0.032676581040805085) P1 Winnings: -41.0
Choosing model 4
[0.07904615252085495, 2.7993455145751042e-05, 0.015313313465991673, 0.026882178111056428, 0.8787303624469512]
Games played: 65
Exploitability: P1=2.600000000 P2=-0.025682387 EV: (-0.032676581040805085, 0.032676581040805085) P1 Winnings: -40.0
Choosing model 4
[0.07489908015426289, 2.136439310596755e-05, 0.014253531985248055, 0.024068600723540078, 0.886757422743843]
Games played: 66
Exploitability: P1=2.600000000 P2=-0.025682387 EV: (-0.032676581040805085, 0.032676581040805085) P1 Winnings: -40.0
Choosing model 4
[0.07489911305643272, 2.1364421505418e-05, 0.014253539843034612, 0.024068619094802124, 0.8867573635842251]
Games played: 67
Exploitability: P1=2.600000000 P2=-0.025682387 EV: (-0.032676581040805085, 0.032676581040805085) P1 Winnings: -41.0
Choosing model 4
[0.07489914595861424, 2.1364449904905412e-05, 0.014253547700824976, 0.024068637466077306, 0.8867573044245786]
Games played: 68
Exploitability: P1=2.600000000 P2=-0.025682387 EV: (-0.032676581040805085, 0.032676581040805085) P1 Winnings: -42.0
Choosing model 4
[0.07004517915453172, 1.5464499467148616e-05, 0.013044667589911999, 0.02102088628698492, 0.8958738024691043]
Games played: 69
Exploitability: P1=2.600000000 P2=-0.025682387 EV: (-0.032676581040805085, 0.032676581040805085) P1 Winnings: -49.0
Choosing model 4
[0.0723426866781317, 1.7100574620929295e-05, 0.01358577188863487, 0.02224433580474086, 0.8918101050538716]
Games played: 70
Exploitability: P1=2.600000000 P2=-0.025682387 EV: (-0.032676581040805085, 0.032676581040805085) P1 Winnings: -50.0
Choosing model 4
[0.07897058998784098, 1.9273232696511687e-05, 0.01570324635063709, 0.02195609321138999, 0.8833507972174354]
Games played: 71
Exploitability: P1=2.600000000 P2=-0.025682387 EV: (-0.032676581040805085, 0.032676581040805085) P1 Winnings: -49.0
Choosing model 4
[0.07571061618550326, 1.4869354721322737e-05, 0.014945447491049087, 0.019373323357532106, 0.8899557436111942]
Games played: 72
Exploitability: P1=2.600000000 P2=-0.025682387 EV: (-0.032676581040805085, 0.032676581040805085) P1 Winnings: -48.0
Choosing model 4
[0.08259958896109697, 1.6748901918690926e-05, 0.017264913429187352, 0.01911129458583029, 0.8810074541219668]
Games played: 73
Exploitability: P1=2.600000000 P2=-0.025682387 EV: (-0.032676581040805085, 0.032676581040805085) P1 Winnings: -47.0
Choosing model 4
[0.10251353874966965, 2.4194533715337034e-05, 0.02477744463208764, 0.019581902546124352, 0.853102919538403]
Games played: 74
Exploitability: P1=2.600000000 P2=-0.025682387 EV: (-0.032676581040805085, 0.032676581040805085) P1 Winnings: -44.0
Choosing model 4
[0.10175771032024514, 2.0945967943853955e-05, 0.024438516171329232, 0.018968404550481318, 0.8548144229900004]
Games played: 75
Exploitability: P1=2.600000000 P2=-0.025682387 EV: (-0.032676581040805085, 0.032676581040805085) P1 Winnings: -44.0
Choosing model 0
[0.09538125384668558, 1.5196336566785912e-05, 0.022417087801690556, 0.016604455447479488, 0.8655820065675777]
Games played: 76
Exploitability: P1=1.900000000 P2=-0.025682387 EV: (-0.08455647434375278, 0.08455647434375278) P1 Winnings: -51.0
Choosing model 4
[0.10902209015256213, 2.4982773983018436e-05, 0.02665089607519035, 0.021349488868574566, 0.8429525421296898]
Games played: 77
Exploitability: P1=2.600000000 P2=-0.025682387 EV: (-0.032676581040805085, 0.032676581040805085) P1 Winnings: -52.0
Choosing model 4
[0.09085144006070793, 1.113190250569831e-05, 0.02096105850268347, 0.014874620786262427, 0.8733017487478405]
Games played: 78
Exploitability: P1=2.600000000 P2=-0.025682387 EV: (-0.032676581040805085, 0.032676581040805085) P1 Winnings: -53.0
Choosing model 4
[0.09886705607138462, 1.2507263310290515e-05, 0.024152793798593603, 0.014636275100016295, 0.8623313677666952]
Games played: 79
Exploitability: P1=2.600000000 P2=-0.025682387 EV: (-0.032676581040805085, 0.032676581040805085) P1 Winnings: -52.0
Choosing model 4
[0.1019889336277517, 1.3814087234229335e-05, 0.025124865205233375, 0.0154697768370092, 0.8574026102427715]
Games played: 80
Exploitability: P1=2.600000000 P2=-0.025682387 EV: (-0.032676581040805085, 0.032676581040805085) P1 Winnings: -53.0
Choosing model 4
[0.09183111759294076, 8.534175761840649e-06, 0.021873382413462813, 0.012538530385077948, 0.8737484354327567]
Games played: 81
Exploitability: P1=2.600000000 P2=-0.025682387 EV: (-0.032676581040805085, 0.032676581040805085) P1 Winnings: -53.0
Choosing model 4
[0.091831157594381, 8.534187074744628e-06, 0.0218733943912867, 0.012538539909329047, 0.8737483739179286]
Games played: 82
Exploitability: P1=2.600000000 P2=-0.025682387 EV: (-0.032676581040805085, 0.032676581040805085) P1 Winnings: -54.0
Choosing model 4
[0.09477816397390777, 9.43058956172452e-06, 0.022765088053642836, 0.013259197376971349, 0.8691881200059163]
Games played: 83
Exploitability: P1=2.600000000 P2=-0.025682387 EV: (-0.032676581040805085, 0.032676581040805085) P1 Winnings: -55.0
Choosing model 4
[0.10390961442920016, 8.895996016819262e-06, 0.027030609532304843, 0.011798338941160476, 0.8572525411013177]
Games played: 84
Exploitability: P1=2.600000000 P2=-0.025682387 EV: (-0.032676581040805085, 0.032676581040805085) P1 Winnings: -52.0
Choosing model 4
[0.08861164082948059, 4.548582828390731e-06, 0.02195342167286964, 0.008659388787073447, 0.8807710001277479]
Games played: 85
Exploitability: P1=2.600000000 P2=-0.025682387 EV: (-0.032676581040805085, 0.032676581040805085) P1 Winnings: -53.0
Choosing model 4
[0.08294326094601606, 3.2667127155656482e-06, 0.020110650337001868, 0.007567222949716199, 0.8893755990545503]
Games played: 86
Exploitability: P1=2.600000000 P2=-0.025682387 EV: (-0.032676581040805085, 0.032676581040805085) P1 Winnings: -53.0
Choosing model 4
[0.07846710945447834, 2.4891771098164835e-06, 0.018689179600116183, 0.0067644691170459905, 0.8960767526512498]
Games played: 87
Exploitability: P1=2.600000000 P2=-0.025682387 EV: (-0.032676581040805085, 0.032676581040805085) P1 Winnings: -52.0
Choosing model 4
[0.07655980094086566, 2.1927293367028915e-06, 0.018089177607436613, 0.006432256756294464, 0.8989165719660666]
Games played: 88
Exploitability: P1=2.600000000 P2=-0.025682387 EV: (-0.032676581040805085, 0.032676581040805085) P1 Winnings: -55.0
Choosing model 4
[0.07655983544949999, 2.192732276589645e-06, 0.018089187786961888, 0.00643226173963207, 0.8989165222916294]
Games played: 89
Exploitability: P1=2.600000000 P2=-0.025682387 EV: (-0.032676581040805085, 0.032676581040805085) P1 Winnings: -56.0
Choosing model 4
[0.08706603833993382, 3.4465783222315094e-06, 0.021315675602812112, 0.008132617572054584, 0.8834822219068773]
Games played: 90
Exploitability: P1=2.600000000 P2=-0.025682387 EV: (-0.032676581040805085, 0.032676581040805085) P1 Winnings: -61.0
Choosing model 4
[0.0947761841853129, 3.87357259715633e-06, 0.024568798276286368, 0.00800471106582861, 0.872646432899975]
Games played: 91
Exploitability: P1=2.600000000 P2=-0.025682387 EV: (-0.032676581040805085, 0.032676581040805085) P1 Winnings: -60.0
Choosing model 4
[0.09403371963544051, 3.351916359337379e-06, 0.02422147179155238, 0.007750324287738083, 0.8739911323689097]
Games played: 92
Exploitability: P1=2.600000000 P2=-0.025682387 EV: (-0.032676581040805085, 0.032676581040805085) P1 Winnings: -60.0
Choosing model 4
[0.07990839475597047, 1.7078449759045191e-06, 0.019602914915617414, 0.005668393492340986, 0.8948185889910952]
Games played: 93
Exploitability: P1=2.600000000 P2=-0.025682387 EV: (-0.032676581040805085, 0.032676581040805085) P1 Winnings: -61.0
Choosing model 4
[0.07647367344376217, 1.3152676887427986e-06, 0.018623799252576036, 0.004992719874118375, 0.8999084921618546]
Games played: 94
Exploitability: P1=2.600000000 P2=-0.025682387 EV: (-0.032676581040805085, 0.032676581040805085) P1 Winnings: -60.0
Choosing model 4
[0.07228831335534215, 1.0014023305118095e-06, 0.01729346404005447, 0.004459477525564058, 0.9059577436767088]
Games played: 95
Exploitability: P1=2.600000000 P2=-0.025682387 EV: (-0.032676581040805085, 0.032676581040805085) P1 Winnings: -59.0
Choosing model 4
[0.05694275960808818, 6.120900713577473e-07, 0.010711495181476311, 0.004350178680180009, 0.9279949544401841]
Games played: 96
Exploitability: P1=2.600000000 P2=-0.025682387 EV: (-0.032676581040805085, 0.032676581040805085) P1 Winnings: -52.0
Choosing model 4
[0.053019688431714, 4.4111981731967695e-07, 0.009760170429715609, 0.003782716914464833, 0.9334369831042882]
Games played: 97
Exploitability: P1=2.600000000 P2=-0.025682387 EV: (-0.032676581040805085, 0.032676581040805085) P1 Winnings: -49.0
Choosing model 4
[0.04724139816270171, 2.6967749790565376e-07, 0.008408496719842408, 0.0030339972433903145, 0.9413158381965676]
Games played: 98
Exploitability: P1=2.600000000 P2=-0.025682387 EV: (-0.032676581040805085, 0.032676581040805085) P1 Winnings: -49.0
Choosing model 4
[0.0491952835123654, 2.8240357300755085e-07, 0.008821778009707662, 0.003217001130376165, 0.9387656549439778]
Games played: 99
Exploitability: P1=2.600000000 P2=-0.025682387 EV: (-0.032676581040805085, 0.032676581040805085) P1 Winnings: -46.0
Choosing model 4
[0.04696793389195708, 2.1696732495115452e-07, 0.008361076448629986, 0.002826746513066892, 0.9418440261790211]
Games played: 100
Exploitability: P1=2.600000000 P2=-0.025682387 EV: (-0.032676581040805085, 0.032676581040805085) P1 Winnings: -45.0
Choosing model 4
[0.04655923854945814, 1.8758401391750602e-07, 0.008235667903288205, 0.002734519949290201, 0.9424703860139495]
Games played: 101
Exploitability: P1=2.600000000 P2=-0.025682387 EV: (-0.032676581040805085, 0.032676581040805085) P1 Winnings: -45.0
Choosing model 4
[0.057227521349559864, 3.6633976534814915e-07, 0.010671657160684227, 0.003928838281167592, 0.928171616868823]
Games played: 102
Exploitability: P1=2.600000000 P2=-0.025682387 EV: (-0.032676581040805085, 0.032676581040805085) P1 Winnings: -45.0
Choosing model 4
[0.04336153831010104, 1.7850397540361383e-07, 0.0064933539153515865, 0.003129627310042624, 0.9470153019605293]
Games played: 103
Exploitability: P1=2.600000000 P2=-0.025682387 EV: (-0.032676581040805085, 0.032676581040805085) P1 Winnings: -42.0
Choosing model 4
[0.04091613275817076, 1.36470038455476e-07, 0.006021557238672642, 0.002794444256693733, 0.9502677292764244]
Games played: 104
Exploitability: P1=2.600000000 P2=-0.025682387 EV: (-0.032676581040805085, 0.032676581040805085) P1 Winnings: -43.0
Choosing model 4
[0.036377826019023826, 8.324957908001824e-08, 0.00517638259160274, 0.0022364715733460927, 0.9562092365664483]
Games played: 105
Exploitability: P1=2.600000000 P2=-0.025682387 EV: (-0.032676581040805085, 0.032676581040805085) P1 Winnings: -43.0
Choosing model 4
[0.03379217297816661, 5.985549098100114e-08, 0.004705593310194705, 0.0019401747375511734, 0.9595619991185965]
Games played: 106
Exploitability: P1=2.600000000 P2=-0.025682387 EV: (-0.032676581040805085, 0.032676581040805085) P1 Winnings: -40.0
Choosing model 4
[0.042801599335347135, 8.824202241766855e-08, 0.006892028065510787, 0.0020288323527554836, 0.9482774520043642]
Games played: 107
Exploitability: P1=2.600000000 P2=-0.025682387 EV: (-0.032676581040805085, 0.032676581040805085) P1 Winnings: -37.0
Choosing model 4
[0.0397837436853468, 6.348391145528267e-08, 0.006269044201044211, 0.0017611238462260873, 0.9521860247834715]
Games played: 108
Exploitability: P1=2.600000000 P2=-0.025682387 EV: (-0.032676581040805085, 0.032676581040805085) P1 Winnings: -34.0
Choosing model 4
[0.04119790775435787, 7.038686829757311e-08, 0.006546448609483897, 0.0018685789270906257, 0.9503869943221993]
Games played: 109
Exploitability: P1=2.600000000 P2=-0.025682387 EV: (-0.032676581040805085, 0.032676581040805085) P1 Winnings: -35.0
Choosing model 4
[0.038808635222407184, 5.340515243340882e-08, 0.006057822531511402, 0.0016632414372230243, 0.9534702474037059]
Games played: 110
Exploitability: P1=2.600000000 P2=-0.025682387 EV: (-0.032676581040805085, 0.032676581040805085) P1 Winnings: -34.0
Choosing model 4
[0.03248232877511093, 2.6800841799842752e-08, 0.004828883239163295, 0.0011981338316319973, 0.9614906273532521]
Games played: 111
Exploitability: P1=2.600000000 P2=-0.025682387 EV: (-0.032676581040805085, 0.032676581040805085) P1 Winnings: -33.0
Choosing model 4
[0.03565107179750784, 3.0370153021069275e-08, 0.005611855941923033, 0.0011890377382833433, 0.9575480041521328]
Games played: 112
Exploitability: P1=2.600000000 P2=-0.025682387 EV: (-0.032676581040805085, 0.032676581040805085) P1 Winnings: -32.0
Choosing model 4
[0.0331119286663592, 2.1832407824957327e-08, 0.005100668035447358, 0.0010313490155916926, 0.960756032450194]
Games played: 113
Exploitability: P1=2.600000000 P2=-0.025682387 EV: (-0.032676581040805085, 0.032676581040805085) P1 Winnings: -39.0
Choosing model 4
[0.027676595849921087, 1.0941486228375506e-08, 0.004060379479731873, 0.0007419337037952681, 0.9675210800250655]
Games played: 114
Exploitability: P1=2.600000000 P2=-0.025682387 EV: (-0.032676581040805085, 0.032676581040805085) P1 Winnings: -38.0
Choosing model 4
[0.025684812287609965, 7.859280884281406e-09, 0.0036875592483117782, 0.0006430236659806552, 0.9699845969388167]
Games played: 115
Exploitability: P1=2.600000000 P2=-0.025682387 EV: (-0.032676581040805085, 0.032676581040805085) P1 Winnings: -45.0
Choosing model 4
[0.03320394523637301, 1.8244536243137654e-08, 0.005085257219346356, 0.0010076188201393846, 0.960703160479605]
Games played: 116
Exploitability: P1=2.600000000 P2=-0.025682387 EV: (-0.032676581040805085, 0.032676581040805085) P1 Winnings: -48.0
Choosing model 4
[0.026925028014475647, 7.910623716852733e-09, 0.0038919162193709893, 0.0006831307810921421, 0.9684999170744375]
Games played: 117
Exploitability: P1=2.600000000 P2=-0.025682387 EV: (-0.032676581040805085, 0.032676581040805085) P1 Winnings: -48.0
Choosing model 4
[0.02790049538069088, 8.776572209239901e-09, 0.004066812517462802, 0.0007252899198460959, 0.967307393405428]
Games played: 118
Exploitability: P1=2.600000000 P2=-0.025682387 EV: (-0.032676581040805085, 0.032676581040805085) P1 Winnings: -49.0
Choosing model 4
[0.026252562144241477, 6.6515524207542405e-09, 0.0037589929078003415, 0.0006448549866464141, 0.9693435833097594]
Games played: 119
Exploitability: P1=2.600000000 P2=-0.025682387 EV: (-0.032676581040805085, 0.032676581040805085) P1 Winnings: -48.0
Choosing model 4
[0.024698657837474932, 5.040376562954823e-09, 0.003474007395523226, 0.0005732635927390043, 0.9712540661338862]
Games played: 120
Exploitability: P1=2.600000000 P2=-0.025682387 EV: (-0.032676581040805085, 0.032676581040805085) P1 Winnings: -48.0
Choosing model 4
[0.029833007263943098, 9.815551852018182e-09, 0.004407511409484386, 0.000803369367918576, 0.9649561021431021]
Games played: 121
Exploitability: P1=2.600000000 P2=-0.025682387 EV: (-0.032676581040805085, 0.032676581040805085) P1 Winnings: -59.0
Choosing model 4
[0.027691622351072885, 7.051944020578051e-09, 0.004003625714928139, 0.0006964096290668598, 0.9676083352529881]
Games played: 122
Exploitability: P1=2.600000000 P2=-0.025682387 EV: (-0.032676581040805085, 0.032676581040805085) P1 Winnings: -66.0
Choosing model 4
[0.027691635890531554, 7.051953744780324e-09, 0.004003628120856078, 0.0006964101952045789, 0.967608318741454]
Games played: 123
Exploitability: P1=2.600000000 P2=-0.025682387 EV: (-0.032676581040805085, 0.032676581040805085) P1 Winnings: -67.0
Choosing model 4
[0.028693880718793714, 7.823635053609965e-09, 0.004183399358167238, 0.0007393632036650466, 0.966383348895739]
Games played: 124
Exploitability: P1=2.600000000 P2=-0.025682387 EV: (-0.032676581040805085, 0.032676581040805085) P1 Winnings: -68.0
Choosing model 4
[0.027000684650780045, 5.929695317338889e-09, 0.003866984108236197, 0.0006574064505051066, 0.9684749188607834]
Games played: 125
Exploitability: P1=2.600000000 P2=-0.025682387 EV: (-0.032676581040805085, 0.032676581040805085) P1 Winnings: -67.0
Choosing model 4
[0.027978891204555725, 6.578798042561123e-09, 0.004040759741550502, 0.0006979779782829393, 0.9672823644968127]
Games played: 126
Exploitability: P1=2.600000000 P2=-0.025682387 EV: (-0.032676581040805085, 0.032676581040805085) P1 Winnings: -68.0
Choosing model 4
[0.028991168166824958, 7.298611094414941e-09, 0.004222145179929193, 0.0007410183670696637, 0.9660456609875651]
Games played: 127
Exploitability: P1=2.600000000 P2=-0.025682387 EV: (-0.032676581040805085, 0.032676581040805085) P1 Winnings: -69.0
Choosing model 4
[0.028991182317627325, 7.298621152700871e-09, 0.004222147713670751, 0.0007410189688567315, 0.966045643701224]
Games played: 128
Exploitability: P1=2.600000000 P2=-0.025682387 EV: (-0.032676581040805085, 0.032676581040805085) P1 Winnings: -70.0
Choosing model 4
[0.03183381176685034, 8.274402640213215e-09, 0.0049089715674096555, 0.0007357273763827659, 0.9625214810149546]
Games played: 129
Exploitability: P1=2.600000000 P2=-0.025682387 EV: (-0.032676581040805085, 0.032676581040805085) P1 Winnings: -69.0
Choosing model 4
[0.03297939734596614, 9.17802368982404e-09, 0.005128371834685515, 0.0007809496313182785, 0.9611112720100063]
Games played: 130
Exploitability: P1=2.600000000 P2=-0.025682387 EV: (-0.032676581040805085, 0.032676581040805085) P1 Winnings: -70.0
Choosing model 4
[0.033152759259648446, 8.809465025926266e-09, 0.005151861003845921, 0.0007813791370421766, 0.9609139917899985]
Games played: 131
Exploitability: P1=2.600000000 P2=-0.025682387 EV: (-0.032676581040805085, 0.032676581040805085) P1 Winnings: -70.0
Choosing model 4
[0.03434362889256095, 9.77089825993791e-09, 0.0053817752657719705, 0.0008293547769656241, 0.9594452312938032]
Games played: 132
Exploitability: P1=2.600000000 P2=-0.025682387 EV: (-0.032676581040805085, 0.032676581040805085) P1 Winnings: -71.0
Choosing model 4
[0.037683304949623804, 1.1069051430846221e-08, 0.006252630103129366, 0.0008228260391099118, 0.9552412278390855]
Games played: 133
Exploitability: P1=2.600000000 P2=-0.025682387 EV: (-0.032676581040805085, 0.032676581040805085) P1 Winnings: -70.0
Choosing model 4
[0.03594122998272441, 8.495726345093325e-09, 0.005920178056009519, 0.000722286738016885, 0.9574162967275229]
Games played: 134
Exploitability: P1=2.600000000 P2=-0.025682387 EV: (-0.032676581040805085, 0.032676581040805085) P1 Winnings: -69.0
Choosing model 4
[0.03722719415933232, 9.421636329097133e-09, 0.006183538314232404, 0.0007665298050269814, 0.955822728299772]
Games played: 135
Exploitability: P1=2.600000000 P2=-0.025682387 EV: (-0.032676581040805085, 0.032676581040805085) P1 Winnings: -70.0
Choosing model 0
[0.03722721212914426, 9.421649262260418e-09, 0.006183541991625121, 0.0007665304233922485, 0.9558227060341891]
Games played: 136
Exploitability: P1=1.900000000 P2=-0.025682387 EV: (-0.08455647434375278, 0.08455647434375278) P1 Winnings: -71.0
Choosing model 4
[0.0385567557184501, 1.044781215247512e-08, 0.0064582105938537126, 0.0008134322803699786, 0.9541715909595141]
Games played: 137
Exploitability: P1=2.600000000 P2=-0.025682387 EV: (-0.032676581040805085, 0.032676581040805085) P1 Winnings: -72.0
Choosing model 4
[0.03581945482471807, 7.512533409037889e-09, 0.005871368439318813, 0.0007057290189635437, 0.9576034402044661]
Games played: 138
Exploitability: P1=2.600000000 P2=-0.025682387 EV: (-0.032676581040805085, 0.032676581040805085) P1 Winnings: -69.0
Choosing model 4
[0.03581947214923788, 7.512543728738547e-09, 0.005871371936673273, 0.0007057295889548375, 0.9576034188125904]
Games played: 139
Exploitability: P1=2.600000000 P2=-0.025682387 EV: (-0.032676581040805085, 0.032676581040805085) P1 Winnings: -70.0
Choosing model 4
[0.03581948947376565, 7.512554048453295e-09, 0.005871375434029748, 0.0007057301589465834, 0.957603397420704]
Games played: 140
Exploitability: P1=2.600000000 P2=-0.025682387 EV: (-0.032676581040805085, 0.032676581040805085) P1 Winnings: -71.0
Choosing model 4
[0.03929357490961002, 8.508693353142301e-09, 0.006819874437926331, 0.0007000123500783719, 0.953186529793692]
Games played: 141
Exploitability: P1=2.600000000 P2=-0.025682387 EV: (-0.032676581040805085, 0.032676581040805085) P1 Winnings: -70.0
Choosing model 4
[0.038269103951382534, 7.48179338713218e-09, 0.006588985839322899, 0.0006644295905840065, 0.9544774731369172]
Games played: 142
Exploitability: P1=2.600000000 P2=-0.025682387 EV: (-0.032676581040805085, 0.032676581040805085) P1 Winnings: -73.0
Choosing model 4
[0.03107121834651153, 3.2480830386205673e-09, 0.005049084584301804, 0.0004510244276058322, 0.9634286693934978]
Games played: 143
Exploitability: P1=2.600000000 P2=-0.025682387 EV: (-0.032676581040805085, 0.032676581040805085) P1 Winnings: -74.0
Choosing model 4
[0.031071233471498896, 3.2480875105381922e-09, 0.005049087607616792, 0.00045102479328981227, 0.963428650879507]
Games played: 144
Exploitability: P1=2.600000000 P2=-0.025682387 EV: (-0.032676581040805085, 0.032676581040805085) P1 Winnings: -75.0
Choosing model 4
[0.03107124859649332, 3.2480919824619416e-09, 0.005049090630933541, 0.00045102515897408436, 0.9634286323655071]
Games played: 145
Exploitability: P1=2.600000000 P2=-0.025682387 EV: (-0.032676581040805085, 0.032676581040805085) P1 Winnings: -76.0
Choosing model 4
[0.03219068014679054, 3.602949869143593e-09, 0.0052749643864768185, 0.00047876704829700843, 0.9620555848154858]
Games played: 146
Exploitability: P1=2.600000000 P2=-0.025682387 EV: (-0.032676581040805085, 0.032676581040805085) P1 Winnings: -77.0
Choosing model 4
[0.0268049440118053, 3.68751079302867e-09, 0.0033486587505762292, 0.0006437022143811284, 0.9692026913357267]
Games played: 147
Exploitability: P1=2.600000000 P2=-0.025682387 EV: (-0.032676581040805085, 0.032676581040805085) P1 Winnings: -72.0
Choosing model 4
[0.024906168397207794, 2.628874319885033e-09, 0.0030450643626150193, 0.0005583878786859334, 0.971490376732617]
Games played: 148
Exploitability: P1=2.600000000 P2=-0.025682387 EV: (-0.032676581040805085, 0.032676581040805085) P1 Winnings: -72.0
Choosing model 4
[0.020776784158177672, 1.3148843015591538e-09, 0.0024192414013731885, 0.0004009024154857653, 0.9764030707100791]
Games played: 149
Exploitability: P1=2.600000000 P2=-0.025682387 EV: (-0.032676581040805085, 0.032676581040805085) P1 Winnings: -72.0
Choosing model 4
[0.01979480664340445, 1.008107011075409e-09, 0.0022881275115868164, 0.00035153556717457617, 0.9775655292697271]
Games played: 150
Exploitability: P1=2.600000000 P2=-0.025682387 EV: (-0.032676581040805085, 0.032676581040805085) P1 Winnings: -71.0
Choosing model 4
[0.019794816427566305, 1.008108406579268e-09, 0.0022881288988316553, 0.0003515358548291173, 0.9775655178106646]
Games played: 151
Exploitability: P1=2.600000000 P2=-0.025682387 EV: (-0.032676581040805085, 0.032676581040805085) P1 Winnings: -72.0
Choosing model 4
[0.01926499458758305, 8.858103217397603e-10, 0.002209089661950126, 0.0003334291402097768, 0.9781924857244467]
Games played: 152
Exploitability: P1=2.600000000 P2=-0.025682387 EV: (-0.032676581040805085, 0.032676581040805085) P1 Winnings: -75.0
Choosing model 4
[0.017066688311993764, 5.384230850963072e-10, 0.0018922089639333477, 0.00026589470409635454, 0.9807752074815534]
Games played: 153
Exploitability: P1=2.600000000 P2=-0.025682387 EV: (-0.032676581040805085, 0.032676581040805085) P1 Winnings: -75.0
Choosing model 4
[0.016044470230678638, 4.0769755202723387e-10, 0.0017474420976440357, 0.00023619812853759777, 0.9819718891354422]
Games played: 154
Exploitability: P1=2.600000000 P2=-0.025682387 EV: (-0.032676581040805085, 0.032676581040805085) P1 Winnings: -74.0
Choosing model 4
[0.017648124470359156, 4.6300362588577103e-10, 0.0020352152447538126, 0.00023491703070724376, 0.9800817427911762]
Games played: 155
Exploitability: P1=2.600000000 P2=-0.025682387 EV: (-0.032676581040805085, 0.032676581040805085) P1 Winnings: -73.0
Choosing model 4
[0.011752843469569778, 2.1223391711540424e-10, 0.0009758848046681805, 0.0002121859082888759, 0.9870590856052393]
Games played: 156
Exploitability: P1=2.600000000 P2=-0.025682387 EV: (-0.032676581040805085, 0.032676581040805085) P1 Winnings: -66.0
Choosing model 4
[0.01089015923946143, 1.5221198024561046e-10, 0.0008849087559367746, 0.00018361406649049515, 0.9880413177858994]
Games played: 157
Exploitability: P1=2.600000000 P2=-0.025682387 EV: (-0.032676581040805085, 0.032676581040805085) P1 Winnings: -73.0
Choosing model 4
[0.010789538282296392, 1.3152688762635657e-10, 0.0008711628375478559, 0.00017752699305053455, 0.9881617717555784]
Games played: 158
Exploitability: P1=2.600000000 P2=-0.025682387 EV: (-0.032676581040805085, 0.032676581040805085) P1 Winnings: -73.0
Choosing model 4
[0.010273452344345936, 1.0077997650031027e-10, 0.0008234570881819136, 0.0001555734958585131, 0.9887475169708336]
Games played: 159
Exploitability: P1=2.600000000 P2=-0.025682387 EV: (-0.032676581040805085, 0.032676581040805085) P1 Winnings: -72.0
Choosing model 4
[0.012051570312852944, 1.7104602111473558e-10, 0.0010051748883807788, 0.0002055873942417027, 0.9867376672334786]
Games played: 160
Exploitability: P1=2.600000000 P2=-0.025682387 EV: (-0.032676581040805085, 0.032676581040805085) P1 Winnings: -73.0
Choosing model 4
[0.012051576327928214, 1.7104625871708514e-10, 0.0010051755026548239, 0.00020558756346318385, 0.9867376604349075]
Games played: 161
Exploitability: P1=2.600000000 P2=-0.025682387 EV: (-0.032676581040805085, 0.032676581040805085) P1 Winnings: -74.0
Choosing model 4
[0.011475950983257752, 1.3107038261857398e-10, 0.000950199517755606, 0.00018017699176972333, 0.9873936723761466]
Games played: 162
Exploitability: P1=2.600000000 P2=-0.025682387 EV: (-0.032676581040805085, 0.032676581040805085) P1 Winnings: -73.0
Choosing model 4
[0.010800075994668297, 9.994066095245202e-11, 0.0008788257611051475, 0.00016045394091498334, 0.9881606442033709]
Games played: 163
Exploitability: P1=2.600000000 P2=-0.025682387 EV: (-0.032676581040805085, 0.032676581040805085) P1 Winnings: -74.0
Choosing model 4
[0.010020339193831596, 7.114466470861538e-11, 0.0007979799122411867, 0.00013898405006730196, 0.9890426967727153]
Games played: 164
Exploitability: P1=2.600000000 P2=-0.025682387 EV: (-0.032676581040805085, 0.032676581040805085) P1 Winnings: -74.0
Choosing model 4
[0.009296270821396106, 5.0642272930659956e-11, 0.0007245224910931272, 0.00012037887235326144, 0.9898588277645153]
Games played: 165
Exploitability: P1=2.600000000 P2=-0.025682387 EV: (-0.032676581040805085, 0.032676581040805085) P1 Winnings: -74.0
Choosing model 4
[0.008612019193959113, 3.631216804209478e-11, 0.0006568357040639294, 0.00010414648703880663, 0.9906269985786259]
Games played: 166
Exploitability: P1=2.600000000 P2=-0.025682387 EV: (-0.032676581040805085, 0.032676581040805085) P1 Winnings: -81.0
Choosing model 4
[0.007988751364193874, 2.5844646918915034e-11, 0.0005962992128945203, 9.019397020237884e-05, 0.9913247554268646]
Games played: 167
Exploitability: P1=2.600000000 P2=-0.025682387 EV: (-0.032676581040805085, 0.032676581040805085) P1 Winnings: -81.0
Choosing model 4
[0.008285623447452426, 2.86995669516404e-11, 0.0006236564840792, 9.584640507888559e-05, 0.9909948736346899]
Games played: 168
Exploitability: P1=2.600000000 P2=-0.025682387 EV: (-0.032676581040805085, 0.032676581040805085) P1 Winnings: -82.0
Choosing model 4
[0.009122690858917266, 3.26246770682575e-11, 0.0007270722754088148, 9.541979265502887e-05, 0.9900548170403943]
Games played: 169
Exploitability: P1=2.600000000 P2=-0.025682387 EV: (-0.032676581040805085, 0.032676581040805085) P1 Winnings: -81.0
Choosing model 4
[0.00946123902026318, 3.622677973078344e-11, 0.0007603920349384228, 0.00010139477156780936, 0.9896769741370038]
Games played: 170
Exploitability: P1=2.600000000 P2=-0.025682387 EV: (-0.032676581040805085, 0.032676581040805085) P1 Winnings: -82.0
Choosing model 4
[0.008889474169012437, 2.7415495236533503e-11, 0.0007018158802123749, 9.001901557232923e-05, 0.9903186909077873]
Games played: 171
Exploitability: P1=2.600000000 P2=-0.025682387 EV: (-0.032676581040805085, 0.032676581040805085) P1 Winnings: -81.0
Choosing model 4
[0.005898088593160619, 1.2520254917943996e-11, 0.00033527540922669697, 8.100757137505101e-05, 0.9936856284137173]
Games played: 172
Exploitability: P1=2.600000000 P2=-0.025682387 EV: (-0.032676581040805085, 0.032676581040805085) P1 Winnings: -84.0
Choosing model 4
[0.003942300819860029, 4.8003032551124176e-12, 0.0001650395934367863, 6.591913966025595e-05, 0.9958267404422427]
Games played: 173
Exploitability: P1=2.600000000 P2=-0.025682387 EV: (-0.032676581040805085, 0.032676581040805085) P1 Winnings: -77.0
Choosing model 4
[0.0036555559663793854, 3.4152056447116722e-12, 0.00014977019338345372, 5.706557148484256e-05, 0.9961376082653371]
Games played: 174
Exploitability: P1=2.600000000 P2=-0.025682387 EV: (-0.032676581040805085, 0.032676581040805085) P1 Winnings: -77.0
Choosing model 4
[0.0036555578088221428, 3.415210405555774e-12, 0.00014977028564367852, 5.70656187358467e-05, 0.9961376062833831]
Games played: 175
Exploitability: P1=2.600000000 P2=-0.025682387 EV: (-0.032676581040805085, 0.032676581040805085) P1 Winnings: -78.0
Choosing model 4
[0.0037921052132846114, 3.793172908708033e-12, 0.00015667052500520034, 6.065314002352926e-05, 0.9959905711178935]
Games played: 176
Exploitability: P1=2.600000000 P2=-0.025682387 EV: (-0.032676581040805085, 0.032676581040805085) P1 Winnings: -79.0
Choosing model 4
[0.00356152273625083, 2.8694343286299507e-12, 0.000144544048725407, 5.382688802947301e-05, 0.9962401063241249]
Games played: 177
Exploitability: P1=2.600000000 P2=-0.025682387 EV: (-0.032676581040805085, 0.032676581040805085) P1 Winnings: -78.0
Choosing model 4
[0.0028949034560122604, 1.215021996990234e-12, 0.00011096463289084733, 3.6572965057212076e-05, 0.9969575589448246]
Games played: 178
Exploitability: P1=2.600000000 P2=-0.025682387 EV: (-0.032676581040805085, 0.032676581040805085) P1 Winnings: -78.0
Choosing model 4
[0.0030031327863866944, 1.3495315557386122e-12, 0.00011608068165442189, 3.887341172929469e-05, 0.99684191311888]
Games played: 179
Exploitability: P1=2.600000000 P2=-0.025682387 EV: (-0.032676581040805085, 0.032676581040805085) P1 Winnings: -79.0
Choosing model 4
[0.003845594922390325, 2.0114054486384902e-12, 0.00017188489768120316, 4.109633540034457e-05, 0.9959414238425167]
Games played: 180
Exploitability: P1=2.600000000 P2=-0.025682387 EV: (-0.032676581040805085, 0.032676581040805085) P1 Winnings: -76.0
Choosing model 4
[0.004014797377643665, 2.1116623185034705e-12, 0.00018079018818906213, 4.3685619596238404e-05, 0.9957607268124594]
Games played: 181
Exploitability: P1=2.600000000 P2=-0.025682387 EV: (-0.032676581040805085, 0.032676581040805085) P1 Winnings: -73.0
Choosing model 4
[0.005233338919413037, 4.942838548874589e-12, 0.00025139157080374016, 6.902552998492728e-05, 0.9944462439748555]
Games played: 182
Exploitability: P1=2.600000000 P2=-0.025682387 EV: (-0.032676581040805085, 0.032676581040805085) P1 Winnings: -76.0
Choosing model 4
[0.002922079811477154, 2.1128780732531697e-12, 8.115847648367468e-05, 7.235418571752452e-05, 0.9969244075242089]
Games played: 183
Exploitability: P1=2.600000000 P2=-0.025682387 EV: (-0.032676581040805085, 0.032676581040805085) P1 Winnings: -65.0
Choosing model 4
[0.0027810931862091715, 1.6182442123143817e-12, 7.668058793367324e-05, 6.337891364574248e-05, 0.9970788473105932]
Games played: 184
Exploitability: P1=2.600000000 P2=-0.025682387 EV: (-0.032676581040805085, 0.032676581040805085) P1 Winnings: -64.0
Choosing model 4
[0.002781094589254133, 1.6182464689499453e-12, 7.668063520682105e-05, 6.337896615484714e-05, 0.9970788458077658]
Games played: 185
Exploitability: P1=2.600000000 P2=-0.025682387 EV: (-0.032676581040805085, 0.032676581040805085) P1 Winnings: -65.0
Choosing model 4
[0.002615738076257145, 1.233169246422158e-12, 7.087842238573421e-05, 5.640746396096378e-05, 0.9972569760361629]
Games played: 186
Exploitability: P1=2.600000000 P2=-0.025682387 EV: (-0.032676581040805085, 0.032676581040805085) P1 Winnings: -66.0
Choosing model 4
[0.0021257312350085977, 5.220670363863238e-13, 5.440190954627518e-05, 3.831891554802122e-05, 0.9977815479393751]
Games played: 187
Exploitability: P1=2.600000000 P2=-0.025682387 EV: (-0.032676581040805085, 0.032676581040805085) P1 Winnings: -66.0
Choosing model 4
[0.002067637038031301, 4.584672407016769e-13, 5.249229217014655e-05, 3.632416763637876e-05, 0.9978435465017037]
Games played: 188
Exploitability: P1=2.600000000 P2=-0.025682387 EV: (-0.032676581040805085, 0.032676581040805085) P1 Winnings: -69.0
Choosing model 4
[0.0025590116167776896, 8.837212813977142e-13, 6.835169584889085e-05, 5.222809164871366e-05, 0.9973204085948411]
Games played: 189
Exploitability: P1=2.600000000 P2=-0.025682387 EV: (-0.032676581040805085, 0.032676581040805085) P1 Winnings: -74.0
Choosing model 4
[0.0016936760594947573, 4.025866864777147e-13, 3.2572508063103354e-05, 4.688348538124582e-05, 0.9982268679466583]
Games played: 190
Exploitability: P1=2.600000000 P2=-0.025682387 EV: (-0.032676581040805085, 0.032676581040805085) P1 Winnings: -67.0
Choosing model 4
[0.0018662203415118054, 4.579995916362368e-13, 3.800302321842528e-05, 4.671080314465599e-05, 0.9980490658316671]
Games played: 191
Exploitability: P1=2.600000000 P2=-0.025682387 EV: (-0.032676581040805085, 0.032676581040805085) P1 Winnings: -66.0
Choosing model 4
[0.0018662212839432118, 4.580002305442763e-13, 3.800304666610045e-05, 4.671084186770311e-05, 0.998049064827065]
Games played: 192
Exploitability: P1=2.600000000 P2=-0.025682387 EV: (-0.032676581040805085, 0.032676581040805085) P1 Winnings: -67.0
Choosing model 4
[0.001936072117413513, 5.087243689287162e-13, 3.975682788418389e-05, 4.9651014127962475e-05, 0.9979745200400656]
Games played: 193
Exploitability: P1=2.600000000 P2=-0.025682387 EV: (-0.032676581040805085, 0.032676581040805085) P1 Winnings: -68.0
Choosing model 4
[0.002480028483586798, 7.584819637503833e-13, 5.888919720166844e-05, 5.250790615857419e-05, 0.9974085744122945]
Games played: 194
Exploitability: P1=2.600000000 P2=-0.025682387 EV: (-0.032676581040805085, 0.032676581040805085) P1 Winnings: -65.0
Choosing model 4
[0.0023290216463662332, 5.737205697804915e-13, 5.4326292038648867e-05, 4.6594236172346384e-05, 0.997570057824849]
Games played: 195
Exploitability: P1=2.600000000 P2=-0.025682387 EV: (-0.032676581040805085, 0.032676581040805085) P1 Winnings: -64.0
Choosing model 4
[0.0021871870901136047, 4.339614351756575e-13, 5.011642074056326e-05, 4.134616615689883e-05, 0.997721350322555]
Games played: 196
Exploitability: P1=2.600000000 P2=-0.025682387 EV: (-0.032676581040805085, 0.032676581040805085) P1 Winnings: -63.0
Choosing model 4
[0.002409879633740506, 4.936665104264289e-13, 5.84687542578273e-05, 4.119168307507445e-05, 0.9974904599284329]
Games played: 197
Exploitability: P1=2.600000000 P2=-0.025682387 EV: (-0.032676581040805085, 0.032676581040805085) P1 Winnings: -62.0
Choosing model 4
[0.0025000265973567355, 5.483292290371473e-13, 6.116571219221743e-05, 4.378353790809447e-05, 0.9973950241519945]
Games played: 198
Exploitability: P1=2.600000000 P2=-0.025682387 EV: (-0.032676581040805085, 0.032676581040805085) P1 Winnings: -63.0
Choosing model 4
[0.002329329400020958, 5.677879345675469e-13, 4.803571745930322e-05, 5.414952742942567e-05, 0.9975684853545225]
Games played: 199
Exploitability: P1=2.600000000 P2=-0.025682387 EV: (-0.032676581040805085, 0.032676581040805085) P1 Winnings: -54.0
Choosing model 4
[0.0020586939194036295, 3.4430997357975165e-13, 4.104880719083548e-05, 4.3080557374903225e-05, 0.9978571767156863]
Games played: 200
Exploitability: P1=2.600000000 P2=-0.025682387 EV: (-0.032676581040805085, 0.032676581040805085) P1 Winnings: -54.0
