Player 1 exploitability: 0.0548751757161
Choosing model 3
[0.2101590553241933, 0.16124736106144488, 0.2056750805487912, 0.19620364484632571, 0.2267148582192449]
Games played: 1
Exploitability: P1=1.933333333 P2=-0.030776838 EV: (-0.12119596188718591, 0.12119596188718591) P1 Winnings: 1.0
Choosing model 0
[0.21889555990477055, 0.12680922459351424, 0.209469876828707, 0.1901188425503721, 0.25470649612263613]
Games played: 2
Exploitability: P1=1.900000000 P2=-0.030776838 EV: (-0.08477723101323664, 0.08477723101323664) P1 Winnings: 4.0
Choosing model 2
[0.22801489922121942, 0.07062989233129441, 0.20593583917662506, 0.16557415389521554, 0.3298452153756455]
Games played: 3
Exploitability: P1=4.600000000 P2=-0.030776838 EV: (-0.30804383972735266, 0.30804383972735266) P1 Winnings: 3.0
Choosing model 0
[0.2336440068516745, 0.10063093550353305, 0.23349803158454077, 0.1637411191232554, 0.2684859069369963]
Games played: 4
Exploitability: P1=1.900000000 P2=-0.030776838 EV: (-0.08477723101323664, 0.08477723101323664) P1 Winnings: 8.0
Choosing model 4
[0.23717740875649038, 0.08276555907922117, 0.2329441586987618, 0.15728566148360826, 0.2898272119819183]
Games played: 5
Exploitability: P1=2.600000000 P2=-0.030776838 EV: (-0.030985199576538176, 0.030985199576538176) P1 Winnings: 9.0
Choosing model 4
[0.22653135382742873, 0.1419519552738764, 0.23733809407130202, 0.1820958945152423, 0.21208270231215057]
Games played: 6
Exploitability: P1=2.600000000 P2=-0.030776838 EV: (-0.030985199576538176, 0.030985199576538176) P1 Winnings: 6.0
Choosing model 0
[0.2308040759720125, 0.14932401015342572, 0.25604540166967066, 0.16775681893561123, 0.19606969326927975]
Games played: 7
Exploitability: P1=1.900000000 P2=-0.030776838 EV: (-0.08477723101323664, 0.08477723101323664) P1 Winnings: 7.0
Choosing model 3
[0.20651318718667366, 0.1642207294684245, 0.1746578825429442, 0.2423602628261669, 0.21224793797579083]
Games played: 8
Exploitability: P1=1.933333333 P2=-0.030776838 EV: (-0.12119596188718591, 0.12119596188718591) P1 Winnings: 2.0
Choosing model 0
[0.21507967391607122, 0.13237992482157315, 0.1780116453678624, 0.23572795020068224, 0.23880080569381099]
Games played: 9
Exploitability: P1=1.900000000 P2=-0.030776838 EV: (-0.08477723101323664, 0.08477723101323664) P1 Winnings: 5.0
Choosing model 3
[0.22108539558564286, 0.10866572061254212, 0.17959076725844916, 0.22834663874122155, 0.26231147780214426]
Games played: 10
Exploitability: P1=1.933333333 P2=-0.030776838 EV: (-0.12119596188718591, 0.12119596188718591) P1 Winnings: 5.0
Choosing model 0
[0.22643402811161434, 0.08539229975884183, 0.1800110693312945, 0.21834096426995214, 0.2898216385282973]
Games played: 11
Exploitability: P1=1.900000000 P2=-0.030776838 EV: (-0.08477723101323664, 0.08477723101323664) P1 Winnings: 5.0
Choosing model 2
[0.22588265164218205, 0.0912049285129197, 0.18108200975368677, 0.22316621202619236, 0.2786641980650191]
Games played: 12
Exploitability: P1=4.600000000 P2=-0.030776838 EV: (-0.30804383972735266, 0.30804383972735266) P1 Winnings: 10.0
Choosing model 2
[0.23372926850613365, 0.09743649247389428, 0.19839919473148065, 0.20879665588819982, 0.2616383884002915]
Games played: 13
Exploitability: P1=4.600000000 P2=-0.030776838 EV: (-0.30804383972735266, 0.30804383972735266) P1 Winnings: 11.0
Choosing model 0
[0.23274455126580001, 0.10388348506322323, 0.19922380902510117, 0.21303060638059224, 0.2511175482652834]
Games played: 14
Exploitability: P1=1.900000000 P2=-0.030776838 EV: (-0.08477723101323664, 0.08477723101323664) P1 Winnings: -2.0
Choosing model 1
[0.23274453806315193, 0.10388357162682078, 0.1992238200370584, 0.21303066331828793, 0.25111740695468093]
Games played: 15
Exploitability: P1=2.800000000 P2=-0.030776838 EV: (-0.31894760071906875, 0.31894760071906875) P1 Winnings: -3.0
Choosing model 0
[0.23957078771044174, 0.12628238544565487, 0.22715786408587146, 0.19706378723947182, 0.2099251755185602]
Games played: 16
Exploitability: P1=1.900000000 P2=-0.030776838 EV: (-0.08477723101323664, 0.08477723101323664) P1 Winnings: 2.0
Choosing model 3
[0.2471803952595954, 0.09996948314256979, 0.22937258362137106, 0.1898217399064467, 0.23365579807001707]
Games played: 17
Exploitability: P1=1.933333333 P2=-0.030776838 EV: (-0.12119596188718591, 0.12119596188718591) P1 Winnings: 3.0
Choosing model 3
[0.2509678771188657, 0.09031268616887334, 0.23187611156384913, 0.18924017481441432, 0.23760315033399743]
Games played: 18
Exploitability: P1=1.933333333 P2=-0.030776838 EV: (-0.12119596188718591, 0.12119596188718591) P1 Winnings: -2.0
Choosing model 2
[0.2547270576924059, 0.13403396036472406, 0.29924603444581066, 0.15430259356098536, 0.157690353936074]
Games played: 19
Exploitability: P1=4.600000000 P2=-0.030776838 EV: (-0.30804383972735266, 0.30804383972735266) P1 Winnings: 3.0
Choosing model 2
[0.2640762032275625, 0.10661383027781149, 0.3036100619867097, 0.14934351791926642, 0.17635638658865]
Games played: 20
Exploitability: P1=4.600000000 P2=-0.030776838 EV: (-0.30804383972735266, 0.30804383972735266) P1 Winnings: 4.0
Choosing model 3
[0.259727722155412, 0.08255680318782999, 0.22492941936963579, 0.19800539227450728, 0.23478066301261488]
Games played: 21
Exploitability: P1=1.933333333 P2=-0.030776838 EV: (-0.12119596188718591, 0.12119596188718591) P1 Winnings: -5.0
Choosing model 4
[0.27447250143356167, 0.07506572702027904, 0.25743397248455535, 0.16982973892916417, 0.2231980601324397]
Games played: 22
Exploitability: P1=2.600000000 P2=-0.030776838 EV: (-0.030985199576538176, 0.030985199576538176) P1 Winnings: -2.0
Choosing model 3
[0.2734941471951492, 0.08008466153962174, 0.2586723289572227, 0.17338637824940487, 0.21436248405860142]
Games played: 23
Exploitability: P1=1.933333333 P2=-0.030776838 EV: (-0.12119596188718591, 0.12119596188718591) P1 Winnings: -3.0
Choosing model 2
[0.27378112967652196, 0.11722330645006998, 0.3292462980370168, 0.13943551098386062, 0.1403137548525305]
Games played: 24
Exploitability: P1=4.600000000 P2=-0.030776838 EV: (-0.30804383972735266, 0.30804383972735266) P1 Winnings: 2.0
Choosing model 3
[0.27122909070466733, 0.12433837015143516, 0.3289187028372096, 0.14153315620052234, 0.13398068010616557]
Games played: 25
Exploitability: P1=1.933333333 P2=-0.030776838 EV: (-0.12119596188718591, 0.12119596188718591) P1 Winnings: -11.0
Choosing model 0
[0.2528791794613183, 0.16950836083824367, 0.38992477252653096, 0.10600782900753412, 0.08167985816637297]
Games played: 26
Exploitability: P1=1.900000000 P2=-0.030776838 EV: (-0.08477723101323664, 0.08477723101323664) P1 Winnings: -6.0
Choosing model 0
[0.26325344908040715, 0.14297219640093428, 0.3989254559756663, 0.10442672093917621, 0.09042217760381605]
Games played: 27
Exploitability: P1=1.900000000 P2=-0.030776838 EV: (-0.08477723101323664, 0.08477723101323664) P1 Winnings: -5.0
Choosing model 0
[0.25993736872372625, 0.15114878133321671, 0.3972110374161927, 0.10564728060017863, 0.08605553192668569]
Games played: 28
Exploitability: P1=1.900000000 P2=-0.030776838 EV: (-0.08477723101323664, 0.08477723101323664) P1 Winnings: 0.0
Choosing model 2
[0.257315117500602, 0.15448074160679476, 0.4163439596326121, 0.09456268186931163, 0.07729749939067948]
Games played: 29
Exploitability: P1=4.600000000 P2=-0.030776838 EV: (-0.30804383972735266, 0.30804383972735266) P1 Winnings: 1.0
Choosing model 4
[0.26914107287912575, 0.12461657484439806, 0.4284232823029212, 0.09102271647913052, 0.08679635349442456]
Games played: 30
Exploitability: P1=2.600000000 P2=-0.030776838 EV: (-0.030985199576538176, 0.030985199576538176) P1 Winnings: 4.0
Choosing model 0
[0.2691410339977048, 0.12461666775064498, 0.42842326839431977, 0.09102273282096425, 0.08679629703636622]
Games played: 31
Exploitability: P1=1.900000000 P2=-0.030776838 EV: (-0.08477723101323664, 0.08477723101323664) P1 Winnings: 3.0
Choosing model 2
[0.2660786670686103, 0.13190604113865184, 0.4271083864307053, 0.09220023822101804, 0.08270666714101438]
Games played: 32
Exploitability: P1=4.600000000 P2=-0.030776838 EV: (-0.30804383972735266, 0.30804383972735266) P1 Winnings: 8.0
Choosing model 0
[0.25461955544427256, 0.1490692020943234, 0.4527432130386086, 0.0792910346450054, 0.06427699477779013]
Games played: 33
Exploitability: P1=1.900000000 P2=-0.030776838 EV: (-0.08477723101323664, 0.08477723101323664) P1 Winnings: 13.0
Choosing model 2
[0.2511121621112386, 0.15740637997892817, 0.4502594637346552, 0.08012206054680684, 0.06109993362837123]
Games played: 34
Exploitability: P1=4.600000000 P2=-0.030776838 EV: (-0.30804383972735266, 0.30804383972735266) P1 Winnings: 18.0
Choosing model 2
[0.2511119854777093, 0.15740680035010016, 0.4502593379307247, 0.08012210265898442, 0.061099773582481365]
Games played: 35
Exploitability: P1=4.600000000 P2=-0.030776838 EV: (-0.30804383972735266, 0.30804383972735266) P1 Winnings: 9.0
Choosing model 1
[0.27387648548365356, 0.1029336348333851, 0.4676935160333767, 0.07520920538770134, 0.08028715826188319]
Games played: 36
Exploitability: P1=2.800000000 P2=-0.030776838 EV: (-0.31894760071906875, 0.31894760071906875) P1 Winnings: 4.0
Choosing model 4
[0.28134523580230286, 0.08567253089285237, 0.47216750432935783, 0.07310860949709418, 0.08770611947839267]
Games played: 37
Exploitability: P1=2.600000000 P2=-0.030776838 EV: (-0.030985199576538176, 0.030985199576538176) P1 Winnings: 5.0
Choosing model 4
[0.28461402232765837, 0.07824821007834844, 0.4738362324858884, 0.07207784007975528, 0.09122369502834955]
Games played: 38
Exploitability: P1=2.600000000 P2=-0.030776838 EV: (-0.030985199576538176, 0.030985199576538176) P1 Winnings: 2.0
Choosing model 2
[0.28038825537504175, 0.079588633688552, 0.49427218170186854, 0.06420519412964014, 0.08154573510489753]
Games played: 39
Exploitability: P1=4.600000000 P2=-0.030776838 EV: (-0.30804383972735266, 0.30804383972735266) P1 Winnings: 3.0
Choosing model 2
[0.24810286639148363, 0.10297508542507483, 0.5561008832574498, 0.04563994055474342, 0.04718122437124824]
Games played: 40
Exploitability: P1=4.600000000 P2=-0.030776838 EV: (-0.30804383972735266, 0.30804383972735266) P1 Winnings: 8.0
Choosing model 2
[0.2344655191371256, 0.1345036591084013, 0.5445440762881631, 0.04795248214804186, 0.03853426331826803]
Games played: 41
Exploitability: P1=4.600000000 P2=-0.030776838 EV: (-0.30804383972735266, 0.30804383972735266) P1 Winnings: 13.0
Choosing model 2
[0.260081853835679, 0.13742322434577556, 0.4799317405808491, 0.07100437022312053, 0.05155881101457573]
Games played: 42
Exploitability: P1=4.600000000 P2=-0.030776838 EV: (-0.30804383972735266, 0.30804383972735266) P1 Winnings: 26.0
Choosing model 1
[0.2773060152754002, 0.09852159965697381, 0.49370670579280673, 0.06770915615598458, 0.06275652311883452]
Games played: 43
Exploitability: P1=2.800000000 P2=-0.030776838 EV: (-0.31894760071906875, 0.31894760071906875) P1 Winnings: 31.0
Choosing model 4
[0.27730597537468743, 0.09852168025895282, 0.4937066944934776, 0.06770917011176805, 0.06275647976111415]
Games played: 44
Exploitability: P1=2.600000000 P2=-0.030776838 EV: (-0.030985199576538176, 0.030985199576538176) P1 Winnings: 24.0
Choosing model 2
[0.24033007696755898, 0.1423411432927792, 0.5303700197877703, 0.0519281284247495, 0.0350306315271421]
Games played: 45
Exploitability: P1=4.600000000 P2=-0.030776838 EV: (-0.30804383972735266, 0.30804383972735266) P1 Winnings: 29.0
Choosing model 1
[0.27645805874228996, 0.12891452719829857, 0.45955887494323666, 0.08052401101330652, 0.05454452810286838]
Games played: 46
Exploitability: P1=2.800000000 P2=-0.030776838 EV: (-0.31894760071906875, 0.31894760071906875) P1 Winnings: 20.0
Choosing model 2
[0.24302302024080738, 0.20349640685674988, 0.430943111147644, 0.08580242850175464, 0.03673503325304418]
Games played: 47
Exploitability: P1=4.600000000 P2=-0.030776838 EV: (-0.30804383972735266, 0.30804383972735266) P1 Winnings: 27.0
Choosing model 0
[0.19802438015649626, 0.31350935940156904, 0.3839383996227467, 0.0828577213506893, 0.021670139468498755]
Games played: 48
Exploitability: P1=1.900000000 P2=-0.030776838 EV: (-0.08477723101323664, 0.08477723101323664) P1 Winnings: 36.0
Choosing model 3
[0.18274202849053667, 0.3544824614253436, 0.3627279679211715, 0.0819410745033523, 0.018106467659595872]
Games played: 49
Exploitability: P1=1.933333333 P2=-0.030776838 EV: (-0.12119596188718591, 0.12119596188718591) P1 Winnings: 31.0
Choosing model 2
[0.1785765516511887, 0.3576463981157724, 0.37531974318680383, 0.07240232620682095, 0.016054980839414052]
Games played: 50
Exploitability: P1=4.600000000 P2=-0.030776838 EV: (-0.30804383972735266, 0.30804383972735266) P1 Winnings: 32.0
Choosing model 4
[0.16971705972805073, 0.3890134026013745, 0.3518894132935657, 0.07501288986637483, 0.014367234510634262]
Games played: 51
Exploitability: P1=2.600000000 P2=-0.030776838 EV: (-0.030985199576538176, 0.030985199576538176) P1 Winnings: 32.0
Choosing model 1
[0.16448999932086367, 0.40367979876008064, 0.343918168356647, 0.0744906790164763, 0.013421354545932313]
Games played: 52
Exploitability: P1=2.800000000 P2=-0.030776838 EV: (-0.31894760071906875, 0.31894760071906875) P1 Winnings: 31.0
Choosing model 2
[0.1822045525333181, 0.3511219243250901, 0.37331213178195216, 0.0773822028547389, 0.015979188504900776]
Games played: 53
Exploitability: P1=4.600000000 P2=-0.030776838 EV: (-0.30804383972735266, 0.30804383972735266) P1 Winnings: 34.0
Choosing model 1
[0.19723739634491036, 0.3079551373899643, 0.39714771398618104, 0.07926543184965673, 0.018394320429287396]
Games played: 54
Exploitability: P1=2.800000000 P2=-0.030776838 EV: (-0.31894760071906875, 0.31894760071906875) P1 Winnings: 35.0
Choosing model 2
[0.2242952327865374, 0.2354725668542744, 0.4357357206240368, 0.08061719728974073, 0.02387928244541052]
Games played: 55
Exploitability: P1=4.600000000 P2=-0.030776838 EV: (-0.30804383972735266, 0.30804383972735266) P1 Winnings: 30.0
Choosing model 1
[0.2082782365041256, 0.2582294130944128, 0.4482075448613381, 0.06727626718905015, 0.018008538351073206]
Games played: 56
Exploitability: P1=2.800000000 P2=-0.030776838 EV: (-0.31894760071906875, 0.31894760071906875) P1 Winnings: 35.0
Choosing model 1
[0.2279320337635318, 0.2602927959316336, 0.389722969931748, 0.09828025610866603, 0.02377194426442052]
Games played: 57
Exploitability: P1=2.800000000 P2=-0.030776838 EV: (-0.31894760071906875, 0.31894760071906875) P1 Winnings: 22.0
Choosing model 1
[0.19861802201542095, 0.31337306109911556, 0.3968037283490438, 0.07621338078394559, 0.014991807752474022]
Games played: 58
Exploitability: P1=2.800000000 P2=-0.030776838 EV: (-0.31894760071906875, 0.31894760071906875) P1 Winnings: 31.0
Choosing model 0
[0.21387189115379138, 0.2980606636899132, 0.38002316481060405, 0.08999318281840608, 0.018051097527285166]
Games played: 59
Exploitability: P1=1.900000000 P2=-0.030776838 EV: (-0.08477723101323664, 0.08477723101323664) P1 Winnings: 24.0
Choosing model 3
[0.21387182103352287, 0.2980608312418634, 0.3800230827784667, 0.08999318247098494, 0.018051082475162062]
Games played: 60
Exploitability: P1=1.933333333 P2=-0.030776838 EV: (-0.12119596188718591, 0.12119596188718591) P1 Winnings: 23.0
Choosing model 3
[0.23246686931076022, 0.2507581060915807, 0.40422774599520606, 0.09135139733180563, 0.021195881270647244]
Games played: 61
Exploitability: P1=1.933333333 P2=-0.030776838 EV: (-0.12119596188718591, 0.12119596188718591) P1 Winnings: 26.0
Choosing model 3
[0.25134224210169026, 0.20470515782092152, 0.42734791995522536, 0.09188589686931269, 0.02471878325285014]
Games played: 62
Exploitability: P1=1.933333333 P2=-0.030776838 EV: (-0.12119596188718591, 0.12119596188718591) P1 Winnings: 29.0
Choosing model 2
[0.2648025732818419, 0.1737095953440796, 0.4422785575866268, 0.09147369345487502, 0.02773558033257657]
Games played: 63
Exploitability: P1=4.600000000 P2=-0.030776838 EV: (-0.30804383972735266, 0.30804383972735266) P1 Winnings: 29.0
Choosing model 2
[0.2595252167709742, 0.17577385672376344, 0.4589735119437259, 0.08106221202296082, 0.024665202538575574]
Games played: 64
Exploitability: P1=4.600000000 P2=-0.030776838 EV: (-0.30804383972735266, 0.30804383972735266) P1 Winnings: 30.0
Choosing model 2
[0.254986705545555, 0.18425250460342102, 0.4571200500990849, 0.0804269997534898, 0.023213739998449275]
Games played: 65
Exploitability: P1=4.600000000 P2=-0.030776838 EV: (-0.30804383972735266, 0.30804383972735266) P1 Winnings: 35.0
Choosing model 0
[0.23828747530129452, 0.2033473979532813, 0.4732014851118285, 0.06754541720900151, 0.017618224424594126]
Games played: 66
Exploitability: P1=1.900000000 P2=-0.030776838 EV: (-0.08477723101323664, 0.08477723101323664) P1 Winnings: 40.0
Choosing model 0
[0.2741157132755437, 0.12185990141976902, 0.5141203759842468, 0.06495179230012911, 0.024952217020311345]
Games played: 67
Exploitability: P1=1.900000000 P2=-0.030776838 EV: (-0.08477723101323664, 0.08477723101323664) P1 Winnings: 37.0
Choosing model 0
[0.297053074581655, 0.0791785283080976, 0.5306110278034625, 0.06057906769043389, 0.03257830161635115]
Games played: 68
Exploitability: P1=1.900000000 P2=-0.030776838 EV: (-0.08477723101323664, 0.08477723101323664) P1 Winnings: 36.0
Choosing model 1
[0.2898147437502572, 0.07975666043925131, 0.5481470385963935, 0.05344091473602518, 0.028840642478072893]
Games played: 69
Exploitability: P1=2.800000000 P2=-0.030776838 EV: (-0.31894760071906875, 0.31894760071906875) P1 Winnings: 37.0
Choosing model 2
[0.2935353463193186, 0.07293281518067656, 0.5507473872273522, 0.052750954788955313, 0.03003349648369731]
Games played: 70
Exploitability: P1=4.600000000 P2=-0.030776838 EV: (-0.30804383972735266, 0.30804383972735266) P1 Winnings: 37.0
Choosing model 2
[0.30799204461374935, 0.06780364257804264, 0.5316374979785363, 0.05826047137242025, 0.03430634345725133]
Games played: 71
Exploitability: P1=4.600000000 P2=-0.030776838 EV: (-0.30804383972735266, 0.30804383972735266) P1 Winnings: 28.0
Choosing model 2
[0.32222013838797825, 0.06285171911490599, 0.5116969780048333, 0.0641581378272412, 0.0390730266650413]
Games played: 72
Exploitability: P1=4.600000000 P2=-0.030776838 EV: (-0.30804383972735266, 0.30804383972735266) P1 Winnings: 19.0
Choosing model 2
[0.31937504559616126, 0.06669970404787284, 0.5114416154521794, 0.06515565154271079, 0.037327983361075706]
Games played: 73
Exploitability: P1=4.600000000 P2=-0.030776838 EV: (-0.30804383972735266, 0.30804383972735266) P1 Winnings: 6.0
Choosing model 0
[0.36360597019249485, 0.052268487935220584, 0.4192469424162866, 0.10060967807443533, 0.06426892138156248]
Games played: 74
Exploitability: P1=1.900000000 P2=-0.030776838 EV: (-0.08477723101323664, 0.08477723101323664) P1 Winnings: 3.0
Choosing model 0
[0.3624090840024551, 0.07043920505584547, 0.2608960692617394, 0.2159184590664857, 0.09033718261347422]
Games played: 75
Exploitability: P1=1.900000000 P2=-0.030776838 EV: (-0.08477723101323664, 0.08477723101323664) P1 Winnings: 16.0
Choosing model 2
[0.3718041970263385, 0.05770844972275927, 0.26269853732219406, 0.20875065308157612, 0.09903816284713202]
Games played: 76
Exploitability: P1=4.600000000 P2=-0.030776838 EV: (-0.30804383972735266, 0.30804383972735266) P1 Winnings: 16.0
Choosing model 1
[0.3813750859387754, 0.045417366302320135, 0.26371161216865685, 0.19990554316995174, 0.10959039242029595]
Games played: 77
Exploitability: P1=2.800000000 P2=-0.030776838 EV: (-0.31894760071906875, 0.31894760071906875) P1 Winnings: 17.0
Choosing model 0
[0.36788151926175017, 0.06164223580716453, 0.2641434605996505, 0.21574813143179394, 0.09058465289964075]
Games played: 78
Exploitability: P1=1.900000000 P2=-0.030776838 EV: (-0.08477723101323664, 0.08477723101323664) P1 Winnings: 17.0
Choosing model 3
[0.3822918121648276, 0.04395092073077438, 0.2654008289636156, 0.2018179718069619, 0.10653846633382053]
Games played: 79
Exploitability: P1=1.933333333 P2=-0.030776838 EV: (-0.12119596188718591, 0.12119596188718591) P1 Winnings: 20.0
Choosing model 0
[0.39025193575074135, 0.034726468508645025, 0.26513129199850555, 0.19240129541786616, 0.11748900832424204]
Games played: 80
Exploitability: P1=1.900000000 P2=-0.030776838 EV: (-0.08477723101323664, 0.08477723101323664) P1 Winnings: 23.0
Choosing model 2
[0.3794687027287093, 0.046670895949650154, 0.2671308938615733, 0.20799730374177422, 0.09873220371829303]
Games played: 81
Exploitability: P1=4.600000000 P2=-0.030776838 EV: (-0.30804383972735266, 0.30804383972735266) P1 Winnings: 23.0
Choosing model 3
[0.3821426602087033, 0.04164344523760378, 0.24749004978530165, 0.22048134032159597, 0.10824250444679545]
Games played: 82
Exploitability: P1=1.933333333 P2=-0.030776838 EV: (-0.12119596188718591, 0.12119596188718591) P1 Winnings: 32.0
Choosing model 0
[0.38805297177594256, 0.043660153210816635, 0.26610780383224075, 0.2024427395305309, 0.09973633165046923]
Games played: 83
Exploitability: P1=1.900000000 P2=-0.030776838 EV: (-0.08477723101323664, 0.08477723101323664) P1 Winnings: 33.0
Choosing model 0
[0.38547192394527174, 0.0464349995834598, 0.2665595625203819, 0.20604210589180597, 0.09549140805908064]
Games played: 84
Exploitability: P1=1.900000000 P2=-0.030776838 EV: (-0.08477723101323664, 0.08477723101323664) P1 Winnings: 32.0
Choosing model 0
[0.3899125053336008, 0.04849455412442895, 0.2854979908228584, 0.18844962038464574, 0.0876453293344662]
Games played: 85
Exploitability: P1=1.900000000 P2=-0.030776838 EV: (-0.08477723101323664, 0.08477723101323664) P1 Winnings: 33.0
Choosing model 2
[0.3929758498973802, 0.050462037301223825, 0.30467451648402766, 0.17173500966332853, 0.08015258665403974]
Games played: 86
Exploitability: P1=4.600000000 P2=-0.030776838 EV: (-0.30804383972735266, 0.30804383972735266) P1 Winnings: 34.0
Choosing model 2
[0.39297570963146583, 0.05046218954943862, 0.3046745369183084, 0.17173515942878775, 0.08015240447199938]
Games played: 87
Exploitability: P1=4.600000000 P2=-0.030776838 EV: (-0.30804383972735266, 0.30804383972735266) P1 Winnings: 25.0
Choosing model 3
[0.402753591872814, 0.039886561015604775, 0.30719630942654547, 0.16197510407250312, 0.08818843361253283]
Games played: 88
Exploitability: P1=1.933333333 P2=-0.030776838 EV: (-0.12119596188718591, 0.12119596188718591) P1 Winnings: 28.0
Choosing model 3
[0.4102207440016893, 0.031901124738843586, 0.30661362448386026, 0.15471979944554806, 0.09654470733005888]
Games played: 89
Exploitability: P1=1.933333333 P2=-0.030776838 EV: (-0.12119596188718591, 0.12119596188718591) P1 Winnings: 25.0
Choosing model 0
[0.40490578402282207, 0.03499458451202019, 0.2550925512601215, 0.20271215778429244, 0.10229492242074371]
Games played: 90
Exploitability: P1=1.900000000 P2=-0.030776838 EV: (-0.08477723101323664, 0.08477723101323664) P1 Winnings: 34.0
Choosing model 2
[0.4025288886370473, 0.03724794885173336, 0.2557265165273897, 0.20647853580447356, 0.09801811017935608]
Games played: 91
Exploitability: P1=4.600000000 P2=-0.030776838 EV: (-0.30804383972735266, 0.30804383972735266) P1 Winnings: 25.0
Choosing model 4
[0.40922242160054295, 0.030680624658628607, 0.25549832419125834, 0.1986323510603766, 0.10596627848919345]
Games played: 92
Exploitability: P1=2.600000000 P2=-0.030776838 EV: (-0.030985199576538176, 0.030985199576538176) P1 Winnings: 26.0
Choosing model 0
[0.40922239432192226, 0.03068064991927847, 0.2554983357756994, 0.19863240217662254, 0.10596621780647729]
Games played: 93
Exploitability: P1=1.900000000 P2=-0.030776838 EV: (-0.08477723101323664, 0.08477723101323664) P1 Winnings: 25.0
Choosing model 0
[0.4092223670432743, 0.03068067517994695, 0.25549834736012283, 0.1986324532928675, 0.10596615712378836]
Games played: 94
Exploitability: P1=1.900000000 P2=-0.030776838 EV: (-0.08477723101323664, 0.08477723101323664) P1 Winnings: 24.0
Choosing model 3
[0.4092223397645991, 0.030680700440634052, 0.25549835894452866, 0.19863250440911154, 0.10596609644112666]
Games played: 95
Exploitability: P1=1.933333333 P2=-0.030776838 EV: (-0.12119596188718591, 0.12119596188718591) P1 Winnings: 23.0
Choosing model 0
[0.4151835027400394, 0.020017512550808532, 0.20816434020493096, 0.21186528321511344, 0.14476936128910753]
Games played: 96
Exploitability: P1=1.900000000 P2=-0.030776838 EV: (-0.08477723101323664, 0.08477723101323664) P1 Winnings: 26.0
Choosing model 2
[0.4138832514220703, 0.021365168401430427, 0.2092565254167063, 0.2163961866479021, 0.13909886811189093]
Games played: 97
Exploitability: P1=4.600000000 P2=-0.030776838 EV: (-0.30804383972735266, 0.30804383972735266) P1 Winnings: 17.0
Choosing model 3
[0.41909740808225154, 0.016745040844459748, 0.20735990777301438, 0.20463732908889545, 0.15216031421137893]
Games played: 98
Exploitability: P1=1.933333333 P2=-0.030776838 EV: (-0.12119596188718591, 0.12119596188718591) P1 Winnings: 14.0
Choosing model 2
[0.42806549756748585, 0.01765853103460278, 0.22426134239606665, 0.1889926796814711, 0.14102194932037374]
Games played: 99
Exploitability: P1=4.600000000 P2=-0.030776838 EV: (-0.30804383972735266, 0.30804383972735266) P1 Winnings: 15.0
Choosing model 3
[0.42097634158943015, 0.024002518300327184, 0.2285252122511549, 0.20663853371480517, 0.11985739414428263]
Games played: 100
Exploitability: P1=1.933333333 P2=-0.030776838 EV: (-0.12119596188718591, 0.12119596188718591) P1 Winnings: 6.0
Choosing model 0
[0.42811254940631327, 0.02520172048330986, 0.24607572118198845, 0.19000999856607542, 0.110600010362313]
Games played: 101
Exploitability: P1=1.900000000 P2=-0.030776838 EV: (-0.08477723101323664, 0.08477723101323664) P1 Winnings: 7.0
Choosing model 4
[0.42811252560764124, 0.025201741511927733, 0.2460757350632342, 0.19001004956682668, 0.11059994825037009]
Games played: 102
Exploitability: P1=2.600000000 P2=-0.030776838 EV: (-0.030985199576538176, 0.030985199576538176) P1 Winnings: 6.0
Choosing model 0
[0.43216750464057696, 0.016360207647589848, 0.1994804916613048, 0.20165057766099334, 0.15034121838953507]
Games played: 103
Exploitability: P1=1.900000000 P2=-0.030776838 EV: (-0.08477723101323664, 0.08477723101323664) P1 Winnings: 9.0
Choosing model 0
[0.4311510830039154, 0.017475298260411807, 0.2006839830679071, 0.206124149342708, 0.14456548632505764]
Games played: 104
Exploitability: P1=1.900000000 P2=-0.030776838 EV: (-0.08477723101323664, 0.08477723101323664) P1 Winnings: 14.0
Choosing model 0
[0.4195580524379354, 0.016576966715768422, 0.1688494528027295, 0.24170501351946763, 0.15331051452409894]
Games played: 105
Exploitability: P1=1.900000000 P2=-0.030776838 EV: (-0.08477723101323664, 0.08477723101323664) P1 Winnings: 23.0
Choosing model 0
[0.4334714842207726, 0.020226236403501095, 0.19324144658347475, 0.22442150643624226, 0.1286393263560093]
Games played: 106
Exploitability: P1=1.900000000 P2=-0.030776838 EV: (-0.08477723101323664, 0.08477723101323664) P1 Winnings: 28.0
Choosing model 4
[0.3993452658533048, 0.012825814164785091, 0.1281833384835908, 0.280419760630479, 0.17922582086784028]
Games played: 107
Exploitability: P1=2.600000000 P2=-0.030776838 EV: (-0.030985199576538176, 0.030985199576538176) P1 Winnings: 25.0
Choosing model 0
[0.3983885287998576, 0.01369940422250246, 0.12895101987692406, 0.28662821250311366, 0.17233283459760218]
Games played: 108
Exploitability: P1=1.900000000 P2=-0.030776838 EV: (-0.08477723101323664, 0.08477723101323664) P1 Winnings: 24.0
Choosing model 0
[0.39478345795013453, 0.016300009520982216, 0.13053915625247484, 0.3024160628917099, 0.15596131338469843]
Games played: 109
Exploitability: P1=1.900000000 P2=-0.030776838 EV: (-0.08477723101323664, 0.08477723101323664) P1 Winnings: 24.0
Choosing model 4
[0.39478343892399237, 0.016300023242458817, 0.13053916458170226, 0.3024161463001077, 0.15596122695173895]
Games played: 110
Exploitability: P1=2.600000000 P2=-0.030776838 EV: (-0.030985199576538176, 0.030985199576538176) P1 Winnings: 23.0
Choosing model 3
[0.39478341989781796, 0.0163000369639456, 0.1305391729109192, 0.3024162297085031, 0.15596114051881427]
Games played: 111
Exploitability: P1=1.933333333 P2=-0.030776838 EV: (-0.12119596188718591, 0.12119596188718591) P1 Winnings: 22.0
Choosing model 3
[0.3581516212594509, 0.00848230022934834, 0.08721613730708047, 0.3340108394566824, 0.212139101747438]
Games played: 112
Exploitability: P1=1.933333333 P2=-0.030776838 EV: (-0.12119596188718591, 0.12119596188718591) P1 Winnings: 29.0
Choosing model 3
[0.3553625355975539, 0.010311998042684045, 0.08859338196216265, 0.35515192222240743, 0.19058016217519186]
Games played: 113
Exploitability: P1=1.933333333 P2=-0.030776838 EV: (-0.12119596188718591, 0.12119596188718591) P1 Winnings: 20.0
Choosing model 3
[0.3598247689041149, 0.008081738803341069, 0.08778682448639953, 0.335839418813322, 0.20846724899282254]
Games played: 114
Exploitability: P1=1.933333333 P2=-0.030776838 EV: (-0.12119596188718591, 0.12119596188718591) P1 Winnings: 23.0
Choosing model 3
[0.3588859578674479, 0.011503050775129494, 0.09239265695297058, 0.36445033176051905, 0.17276800264393297]
Games played: 115
Exploitability: P1=1.933333333 P2=-0.030776838 EV: (-0.12119596188718591, 0.12119596188718591) P1 Winnings: 30.0
Choosing model 0
[0.36497440311871826, 0.008832595953842618, 0.09187438687580933, 0.34480498562584844, 0.1895136284257814]
Games played: 116
Exploitability: P1=1.900000000 P2=-0.030776838 EV: (-0.08477723101323664, 0.08477723101323664) P1 Winnings: 33.0
Choosing model 3
[0.30632360908837614, 0.005102610649396177, 0.05552087882437654, 0.3925086584293298, 0.24054424300852134]
Games played: 117
Exploitability: P1=1.933333333 P2=-0.030776838 EV: (-0.12119596188718591, 0.12119596188718591) P1 Winnings: 40.0
Choosing model 3
[0.30909748534600917, 0.0039852007277754, 0.05482517062725026, 0.3698813003736889, 0.26221084292527636]
Games played: 118
Exploitability: P1=1.933333333 P2=-0.030776838 EV: (-0.12119596188718591, 0.12119596188718591) P1 Winnings: 33.0
Choosing model 3
[0.31129015966880064, 0.0057274715024559905, 0.05826296984880883, 0.4052971645856785, 0.21942223439425598]
Games played: 119
Exploitability: P1=1.933333333 P2=-0.030776838 EV: (-0.12119596188718591, 0.12119596188718591) P1 Winnings: 40.0
Choosing model 4
[0.3149802457152353, 0.004485629873202457, 0.057692477206379, 0.38299188818780533, 0.23984975901737784]
Games played: 120
Exploitability: P1=2.600000000 P2=-0.030776838 EV: (-0.030985199576538176, 0.030985199576538176) P1 Winnings: 43.0
Choosing model 0
[0.3212770041068325, 0.0036818485340953775, 0.05841758404665358, 0.3595369772581662, 0.2570865860542524]
Games played: 121
Exploitability: P1=1.900000000 P2=-0.030776838 EV: (-0.08477723101323664, 0.08477723101323664) P1 Winnings: 44.0
Choosing model 0
[0.35274289844786744, 0.0034781863788990713, 0.06946424062710035, 0.32038958614210855, 0.2539250884040246]
Games played: 122
Exploitability: P1=1.900000000 P2=-0.030776838 EV: (-0.08477723101323664, 0.08477723101323664) P1 Winnings: 47.0
Choosing model 0
[0.3502911425518202, 0.004997297697066666, 0.07178035454318893, 0.3584123048539723, 0.21451890035395205]
Games played: 123
Exploitability: P1=1.900000000 P2=-0.030776838 EV: (-0.08477723101323664, 0.08477723101323664) P1 Winnings: 46.0
Choosing model 0
[0.3530602404655934, 0.004080884912524906, 0.07110091377707804, 0.3418340121538823, 0.22992394869092145]
Games played: 124
Exploitability: P1=1.900000000 P2=-0.030776838 EV: (-0.08477723101323664, 0.08477723101323664) P1 Winnings: 47.0
Choosing model 0
[0.3715351344018266, 0.004433824876628324, 0.07922470586818371, 0.3252604236063849, 0.21954591124697653]
Games played: 125
Exploitability: P1=1.900000000 P2=-0.030776838 EV: (-0.08477723101323664, 0.08477723101323664) P1 Winnings: 48.0
Choosing model 3
[0.37114834324114454, 0.004742251968707157, 0.07980740522442652, 0.3329131091515264, 0.21138889041419545]
Games played: 126
Exploitability: P1=1.933333333 P2=-0.030776838 EV: (-0.12119596188718591, 0.12119596188718591) P1 Winnings: 47.0
Choosing model 3
[0.2603738862401945, 0.0025469435715165705, 0.032371516973065104, 0.43845143281784227, 0.2662562203973815]
Games played: 127
Exploitability: P1=1.933333333 P2=-0.030776838 EV: (-0.12119596188718591, 0.12119596188718591) P1 Winnings: 58.0
Choosing model 4
[0.2626156478111657, 0.0020171755884009473, 0.03199510099485946, 0.41472870781721866, 0.28864336778835525]
Games played: 128
Exploitability: P1=2.600000000 P2=-0.030776838 EV: (-0.030985199576538176, 0.030985199576538176) P1 Winnings: 55.0
Choosing model 0
[0.28072701297498, 0.0022262832593329764, 0.03621441440258034, 0.400859866708027, 0.2799724226550798]
Games played: 129
Exploitability: P1=1.900000000 P2=-0.030776838 EV: (-0.08477723101323664, 0.08477723101323664) P1 Winnings: 56.0
Choosing model 4
[0.28175416361016564, 0.0023137818640833335, 0.036740919969576, 0.4137245688899258, 0.26546656566624915]
Games played: 130
Exploitability: P1=2.600000000 P2=-0.030776838 EV: (-0.030985199576538176, 0.030985199576538176) P1 Winnings: 56.0
Choosing model 3
[0.2838385476131415, 0.0018041224849102008, 0.03622093889530112, 0.38923369623589715, 0.28890269477075]
Games played: 131
Exploitability: P1=1.933333333 P2=-0.030776838 EV: (-0.12119596188718591, 0.12119596188718591) P1 Winnings: 59.0
Choosing model 0
[0.28565877058514655, 0.0016890545152365695, 0.03645402412365569, 0.3898251613564901, 0.2863729894194711]
Games played: 132
Exploitability: P1=1.900000000 P2=-0.030776838 EV: (-0.08477723101323664, 0.08477723101323664) P1 Winnings: 56.0
Choosing model 0
[0.18381905662529527, 0.0008320921707869358, 0.013563082658235316, 0.4709269398675102, 0.3308588286781724]
Games played: 133
Exploitability: P1=1.900000000 P2=-0.030776838 EV: (-0.08477723101323664, 0.08477723101323664) P1 Winnings: 49.0
Choosing model 3
[0.18385687822822985, 0.0008910851312006854, 0.013679891934328581, 0.48260844514422996, 0.31896369956201087]
Games played: 134
Exploitability: P1=1.933333333 P2=-0.030776838 EV: (-0.12119596188718591, 0.12119596188718591) P1 Winnings: 54.0
Choosing model 0
[0.18455380497097543, 0.0009262285700213184, 0.013880599069656128, 0.4981620450251701, 0.302477322364177]
Games played: 135
Exploitability: P1=1.900000000 P2=-0.030776838 EV: (-0.08477723101323664, 0.08477723101323664) P1 Winnings: 54.0
Choosing model 3
[0.20011126480857513, 0.001396427049697643, 0.016653925368284667, 0.5213062832734188, 0.2605320995000238]
Games played: 136
Exploitability: P1=1.933333333 P2=-0.030776838 EV: (-0.12119596188718591, 0.12119596188718591) P1 Winnings: 59.0
Choosing model 3
[0.2158803164686119, 0.0015553669766449315, 0.01902359098280625, 0.5085098184277044, 0.2550309071442326]
Games played: 137
Exploitability: P1=1.933333333 P2=-0.030776838 EV: (-0.12119596188718591, 0.12119596188718591) P1 Winnings: 60.0
Choosing model 3
[0.23242060481094393, 0.0017288908136510893, 0.021686449605230192, 0.4950234789011699, 0.24914057586900495]
Games played: 138
Exploitability: P1=1.933333333 P2=-0.030776838 EV: (-0.12119596188718591, 0.12119596188718591) P1 Winnings: 61.0
Choosing model 4
[0.2073551667776722, 0.0015035770573496227, 0.016728348124479545, 0.5321820661797214, 0.24223084186077704]
Games played: 139
Exploitability: P1=2.600000000 P2=-0.030776838 EV: (-0.030985199576538176, 0.030985199576538176) P1 Winnings: 61.0
Choosing model 3
[0.2064100476884272, 0.00160250766669473, 0.0167920589020991, 0.5427855090935138, 0.2324098766492653]
Games played: 140
Exploitability: P1=1.933333333 P2=-0.030776838 EV: (-0.12119596188718591, 0.12119596188718591) P1 Winnings: 60.0
Choosing model 0
[0.21434933993956742, 0.0008669237871329336, 0.016469532331220935, 0.4711748450262759, 0.2971393589158028]
Games played: 141
Exploitability: P1=1.900000000 P2=-0.030776838 EV: (-0.08477723101323664, 0.08477723101323664) P1 Winnings: 60.0
Choosing model 3
[0.21412531162439674, 0.0009272252075924449, 0.01659059810691132, 0.48225861041770596, 0.2860982546433935]
Games played: 142
Exploitability: P1=1.933333333 P2=-0.030776838 EV: (-0.12119596188718591, 0.12119596188718591) P1 Winnings: 59.0
Choosing model 3
[0.15829204748964337, 0.0008425008266993478, 0.009350181182387934, 0.5756360658757516, 0.25587920462551766]
Games played: 143
Exploitability: P1=1.933333333 P2=-0.030776838 EV: (-0.12119596188718591, 0.12119596188718591) P1 Winnings: 68.0
Choosing model 3
[0.15991707824532816, 0.0007573267266170201, 0.009405159475690608, 0.5710143495347663, 0.25890608601759807]
Games played: 144
Exploitability: P1=1.933333333 P2=-0.030776838 EV: (-0.12119596188718591, 0.12119596188718591) P1 Winnings: 68.0
Choosing model 0
[0.15289173569843084, 0.0011504337644754972, 0.009479584460129585, 0.6381461837654728, 0.1983320623114913]
Games played: 145
Exploitability: P1=1.900000000 P2=-0.030776838 EV: (-0.08477723101323664, 0.08477723101323664) P1 Winnings: 63.0
Choosing model 3
[0.15897108660952314, 0.0008207262445177948, 0.00953012986370156, 0.5972828946819305, 0.2333951626003269]
Games played: 146
Exploitability: P1=1.933333333 P2=-0.030776838 EV: (-0.12119596188718591, 0.12119596188718591) P1 Winnings: 66.0
Choosing model 3
[0.1312418077258827, 0.0007530275504675583, 0.006631669056704616, 0.6545331972098722, 0.20684029845707286]
Games played: 147
Exploitability: P1=1.933333333 P2=-0.030776838 EV: (-0.12119596188718591, 0.12119596188718591) P1 Winnings: 75.0
Choosing model 3
[0.14287874312883478, 0.0008464072897224604, 0.007644562564030344, 0.6443056949483498, 0.20432459206906267]
Games played: 148
Exploitability: P1=1.933333333 P2=-0.030776838 EV: (-0.12119596188718591, 0.12119596188718591) P1 Winnings: 76.0
Choosing model 0
[0.15533182041667987, 0.0009500474964822137, 0.00879994234485539, 0.6333585754135108, 0.2015596143284717]
Games played: 149
Exploitability: P1=1.900000000 P2=-0.030776838 EV: (-0.08477723101323664, 0.08477723101323664) P1 Winnings: 77.0
Choosing model 3
[0.15533180409901765, 0.0009500482422232845, 0.008799942406013792, 0.6333587140875423, 0.20155949116520305]
Games played: 150
Exploitability: P1=1.933333333 P2=-0.030776838 EV: (-0.12119596188718591, 0.12119596188718591) P1 Winnings: 76.0
Choosing model 4
[0.15721920611193993, 0.0008535916432197034, 0.008845218868120452, 0.6255590718798146, 0.20752291149690527]
Games played: 151
Exploitability: P1=2.600000000 P2=-0.030776838 EV: (-0.030985199576538176, 0.030985199576538176) P1 Winnings: 73.0
Choosing model 3
[0.15721919048040486, 0.0008535923180492941, 0.008845218979350113, 0.6255592123650715, 0.20752278585712416]
Games played: 152
Exploitability: P1=1.933333333 P2=-0.030776838 EV: (-0.12119596188718591, 0.12119596188718591) P1 Winnings: 72.0
Choosing model 3
[0.16126243930735984, 0.0006776738698342673, 0.008878608408602728, 0.5992308696364254, 0.22995040877777795]
Games played: 153
Exploitability: P1=1.933333333 P2=-0.030776838 EV: (-0.12119596188718591, 0.12119596188718591) P1 Winnings: 75.0
Choosing model 3
[0.12137645412666363, 0.00035107816352494267, 0.0048115988673520585, 0.6117183842765462, 0.2617424845659132]
Games played: 154
Exploitability: P1=1.933333333 P2=-0.030776838 EV: (-0.12119596188718591, 0.12119596188718591) P1 Winnings: 72.0
Choosing model 3
[0.13229758054732577, 0.0003950884974059681, 0.0055531735516533435, 0.6028841453694355, 0.25887001203417953]
Games played: 155
Exploitability: P1=1.933333333 P2=-0.030776838 EV: (-0.12119596188718591, 0.12119596188718591) P1 Winnings: 73.0
Choosing model 3
[0.1536830499851738, 0.00039489055717883, 0.006986414977430491, 0.5684131581363354, 0.27052248634388143]
Games played: 156
Exploitability: P1=1.933333333 P2=-0.030776838 EV: (-0.12119596188718591, 0.12119596188718591) P1 Winnings: 76.0
Choosing model 4
[0.15619673705202405, 0.0003106458121863228, 0.00694878737479214, 0.5395208611976162, 0.2970229685633813]
Games played: 157
Exploitability: P1=2.600000000 P2=-0.030776838 EV: (-0.030985199576538176, 0.030985199576538176) P1 Winnings: 69.0
Choosing model 0
[0.1531646020386904, 0.00041735770253236955, 0.007060779053346857, 0.5879959992748639, 0.25136126193056657]
Games played: 158
Exploitability: P1=1.900000000 P2=-0.030776838 EV: (-0.08477723101323664, 0.08477723101323664) P1 Winnings: 68.0
Choosing model 4
[0.1771656948142331, 0.0004153727022958786, 0.00884530696798951, 0.5520161539874207, 0.26155747152806075]
Games played: 159
Exploitability: P1=2.600000000 P2=-0.030776838 EV: (-0.030985199576538176, 0.030985199576538176) P1 Winnings: 71.0
Choosing model 4
[0.18218882143207227, 0.00022839756531459256, 0.008584976025073974, 0.47460793030265774, 0.33438987467488146]
Games played: 160
Exploitability: P1=2.600000000 P2=-0.030776838 EV: (-0.030985199576538176, 0.030985199576538176) P1 Winnings: 70.0
Choosing model 0
[0.1830603187659696, 0.00017762607777394086, 0.008441511820884132, 0.4453542603379241, 0.36296628299744815]
Games played: 161
Exploitability: P1=1.900000000 P2=-0.030776838 EV: (-0.08477723101323664, 0.08477723101323664) P1 Winnings: 63.0
Choosing model 0
[0.18040632852107646, 9.359996871054941e-05, 0.007851666952072695, 0.3669477881205522, 0.44470061643758807]
Games played: 162
Exploitability: P1=1.900000000 P2=-0.030776838 EV: (-0.08477723101323664, 0.08477723101323664) P1 Winnings: 62.0
Choosing model 3
[0.18167417585691872, 0.00010091961543408871, 0.007973302085547604, 0.3786149349634057, 0.4316366674786938]
Games played: 163
Exploitability: P1=1.933333333 P2=-0.030776838 EV: (-0.12119596188718591, 0.12119596188718591) P1 Winnings: 61.0
Choosing model 3
[0.17832323156175864, 6.796773459818698e-05, 0.007567093005145156, 0.334534292856826, 0.4795074148416721]
Games played: 164
Exploitability: P1=1.933333333 P2=-0.030776838 EV: (-0.12119596188718591, 0.12119596188718591) P1 Winnings: 50.0
Choosing model 3
[0.17547898190266656, 5.17681384500066e-05, 0.0072871027919846135, 0.30743684085797374, 0.509745306308925]
Games played: 165
Exploitability: P1=1.933333333 P2=-0.030776838 EV: (-0.12119596188718591, 0.12119596188718591) P1 Winnings: 53.0
Choosing model 3
[0.18996029653176366, 5.785932903567758e-05, 0.008352702342799398, 0.300925170875757, 0.5007039709206441]
Games played: 166
Exploitability: P1=1.933333333 P2=-0.030776838 EV: (-0.12119596188718591, 0.12119596188718591) P1 Winnings: 54.0
Choosing model 0
[0.18621411726383758, 4.390012228650309e-05, 0.008012820475121918, 0.2754903333427915, 0.5302388287959625]
Games played: 167
Exploitability: P1=1.900000000 P2=-0.030776838 EV: (-0.08477723101323664, 0.08477723101323664) P1 Winnings: 57.0
Choosing model 4
[0.18853735952901743, 4.7589264748885786e-05, 0.008180976447314801, 0.2857874965608917, 0.5174465781980272]
Games played: 168
Exploitability: P1=2.600000000 P2=-0.030776838 EV: (-0.030985199576538176, 0.030985199576538176) P1 Winnings: 48.0
Choosing model 3
[0.1965138339729759, 6.691197116344515e-05, 0.008832518161562778, 0.32965711737817155, 0.46492961851612635]
Games played: 169
Exploitability: P1=1.933333333 P2=-0.030776838 EV: (-0.12119596188718591, 0.12119596188718591) P1 Winnings: 55.0
Choosing model 4
[0.19420377003279385, 5.3260674071840454e-05, 0.008574457275066318, 0.3078347364047536, 0.48933377561331426]
Games played: 170
Exploitability: P1=2.600000000 P2=-0.030776838 EV: (-0.030985199576538176, 0.030985199576538176) P1 Winnings: 55.0
Choosing model 0
[0.2009830617329367, 7.974802843649363e-05, 0.009233829942108735, 0.3588831506402441, 0.430820209656274]
Games played: 171
Exploitability: P1=1.900000000 P2=-0.030776838 EV: (-0.08477723101323664, 0.08477723101323664) P1 Winnings: 54.0
Choosing model 0
[0.21698260374686226, 8.889115013690016e-05, 0.010555570409986826, 0.3503348985150886, 0.42203803617792546]
Games played: 172
Exploitability: P1=1.900000000 P2=-0.030776838 EV: (-0.08477723101323664, 0.08477723101323664) P1 Winnings: 55.0
Choosing model 4
[0.16672952019451834, 8.395375520365539e-05, 0.006183525923187542, 0.43465822577499846, 0.39234477435209203]
Games played: 173
Exploitability: P1=2.600000000 P2=-0.030776838 EV: (-0.030985199576538176, 0.030985199576538176) P1 Winnings: 50.0
Choosing model 4
[0.16730427502420456, 9.01972127828177e-05, 0.006256992612255259, 0.4468836622382846, 0.3794648729124728]
Games played: 174
Exploitability: P1=2.600000000 P2=-0.030776838 EV: (-0.030985199576538176, 0.030985199576538176) P1 Winnings: 49.0
Choosing model 3
[0.16742708340194526, 8.149442096595786e-05, 0.00621154677463499, 0.43584258657406855, 0.3904372888283852]
Games played: 175
Exploitability: P1=1.933333333 P2=-0.030776838 EV: (-0.12119596188718591, 0.12119596188718591) P1 Winnings: 46.0
Choosing model 0
[0.16745096436839024, 7.358781484604399e-05, 0.0061627868237802115, 0.4248230932727739, 0.4014895677202095]
Games played: 176
Exploitability: P1=1.900000000 P2=-0.030776838 EV: (-0.08477723101323664, 0.08477723101323664) P1 Winnings: 49.0
Choosing model 4
[0.1670319447834448, 5.947264586892975e-05, 0.006041418990825146, 0.4009892278612372, 0.42587793571862387]
Games played: 177
Exploitability: P1=2.600000000 P2=-0.030776838 EV: (-0.030985199576538176, 0.030985199576538176) P1 Winnings: 50.0
Choosing model 4
[0.16795209203971856, 6.402676998646108e-05, 0.006125756858757629, 0.41311467498360593, 0.4127434493479314]
Games played: 178
Exploitability: P1=2.600000000 P2=-0.030776838 EV: (-0.030985199576538176, 0.030985199576538176) P1 Winnings: 49.0
Choosing model 4
[0.16958230246214603, 8.935344970529673e-05, 0.006408953154284754, 0.46375066895370853, 0.36016872198015554]
Games played: 179
Exploitability: P1=2.600000000 P2=-0.030776838 EV: (-0.030985199576538176, 0.030985199576538176) P1 Winnings: 54.0
Choosing model 4
[0.16996712387281168, 7.213300568898976e-05, 0.006309995782888004, 0.4391972247417359, 0.38445352259687543]
Games played: 180
Exploitability: P1=2.600000000 P2=-0.030776838 EV: (-0.030985199576538176, 0.030985199576538176) P1 Winnings: 55.0
Choosing model 3
[0.17048510033100667, 7.746650914421912e-05, 0.006382421639081656, 0.4513704542904574, 0.37168455723030996]
Games played: 181
Exploitability: P1=1.933333333 P2=-0.030776838 EV: (-0.12119596188718591, 0.12119596188718591) P1 Winnings: 54.0
Choosing model 3
[0.19413584376206297, 7.589996540452145e-05, 0.00787125264276654, 0.41716572285482245, 0.3807512807749435]
Games played: 182
Exploitability: P1=1.933333333 P2=-0.030776838 EV: (-0.12119596188718591, 0.12119596188718591) P1 Winnings: 57.0
Choosing model 4
[0.19956115938233454, 0.0001113408889499104, 0.008538013729074959, 0.46657361631179123, 0.3252158696878494]
Games played: 183
Exploitability: P1=2.600000000 P2=-0.030776838 EV: (-0.030985199576538176, 0.030985199576538176) P1 Winnings: 64.0
Choosing model 3
[0.21558149986002023, 0.0001241833201982168, 0.009766224337752703, 0.455743540332066, 0.3187845521499629]
Games played: 184
Exploitability: P1=1.933333333 P2=-0.030776838 EV: (-0.12119596188718591, 0.12119596188718591) P1 Winnings: 65.0
Choosing model 3
[0.21710759403064772, 0.00011633978406772136, 0.009835576208503156, 0.4567381592205935, 0.31620233075618775]
Games played: 185
Exploitability: P1=1.933333333 P2=-0.030776838 EV: (-0.12119596188718591, 0.12119596188718591) P1 Winnings: 62.0
Choosing model 3
[0.2164418970770723, 0.00014210816573203468, 0.01003843101362136, 0.4879580696127037, 0.28541949413087064]
Games played: 186
Exploitability: P1=1.933333333 P2=-0.030776838 EV: (-0.12119596188718591, 0.12119596188718591) P1 Winnings: 53.0
Choosing model 3
[0.19401973502858513, 0.00014468027830696867, 0.007803105539863751, 0.5274205534583015, 0.27061192569494263]
Games played: 187
Exploitability: P1=1.933333333 P2=-0.030776838 EV: (-0.12119596188718591, 0.12119596188718591) P1 Winnings: 58.0
Choosing model 4
[0.20977967677027576, 0.00016151019899216234, 0.008933453112229851, 0.5156314863851995, 0.2654938735333026]
Games played: 188
Exploitability: P1=2.600000000 P2=-0.030776838 EV: (-0.030985199576538176, 0.030985199576538176) P1 Winnings: 59.0
Choosing model 4
[0.22641084025375044, 0.0001799727980463935, 0.010209102013474185, 0.5031970749276797, 0.26000301000704923]
Games played: 189
Exploitability: P1=2.600000000 P2=-0.030776838 EV: (-0.030985199576538176, 0.030985199576538176) P1 Winnings: 60.0
Choosing model 4
[0.22893685434453176, 0.00014657627154201862, 0.010140599064385131, 0.4807809405448315, 0.27999502977470947]
Games played: 190
Exploitability: P1=2.600000000 P2=-0.030776838 EV: (-0.030985199576538176, 0.030985199576538176) P1 Winnings: 60.0
Choosing model 0
[0.22995622929731735, 0.0001329257824078051, 0.010104353319512283, 0.4706447544053305, 0.2891617371954321]
Games played: 191
Exploitability: P1=1.900000000 P2=-0.030776838 EV: (-0.08477723101323664, 0.08477723101323664) P1 Winnings: 57.0
Choosing model 3
[0.22967688766696515, 0.00014214767263686674, 0.010176900978209991, 0.4816342593984703, 0.2783698042837176]
Games played: 192
Exploitability: P1=1.933333333 P2=-0.030776838 EV: (-0.12119596188718591, 0.12119596188718591) P1 Winnings: 62.0
Choosing model 4
[0.24731509738162402, 0.0001580324232882338, 0.01160334645607289, 0.4689381652561275, 0.2719853584828874]
Games played: 193
Exploitability: P1=2.600000000 P2=-0.030776838 EV: (-0.030985199576538176, 0.030985199576538176) P1 Winnings: 63.0
Choosing model 0
[0.2496732836288966, 0.00012348392125472186, 0.011463397774059907, 0.4421149054166321, 0.2966249292591566]
Games played: 194
Exploitability: P1=1.900000000 P2=-0.030776838 EV: (-0.08477723101323664, 0.08477723101323664) P1 Winnings: 56.0
Choosing model 4
[0.251339376112469, 0.00011563793633854875, 0.011540148790306416, 0.44290120990727644, 0.2941036272536095]
Games played: 195
Exploitability: P1=2.600000000 P2=-0.030776838 EV: (-0.030985199576538176, 0.030985199576538176) P1 Winnings: 53.0
Choosing model 4
[0.1553766359933232, 5.47280927025038e-05, 0.00412483472446135, 0.5140113943486272, 0.32643240684088587]
Games played: 196
Exploitability: P1=2.600000000 P2=-0.030776838 EV: (-0.030985199576538176, 0.030985199576538176) P1 Winnings: 64.0
Choosing model 3
[0.15598701157536232, 4.960541917913916e-05, 0.004107945937211689, 0.5029119810706266, 0.33694345599762016]
Games played: 197
Exploitability: P1=1.933333333 P2=-0.030776838 EV: (-0.12119596188718591, 0.12119596188718591) P1 Winnings: 61.0
Choosing model 4
[0.1789317140070687, 4.89594242605383e-05, 0.00510343592268737, 0.46821686976353344, 0.34769902088244997]
Games played: 198
Exploitability: P1=2.600000000 P2=-0.030776838 EV: (-0.030985199576538176, 0.030985199576538176) P1 Winnings: 64.0
Choosing model 3
[0.17989756523060665, 4.369518161856946e-05, 0.005095469085246522, 0.4593655100603342, 0.35559776044219416]
Games played: 199
Exploitability: P1=1.933333333 P2=-0.030776838 EV: (-0.12119596188718591, 0.12119596188718591) P1 Winnings: 64.0
Choosing model 3
[0.18027012029083322, 3.4382164824404e-05, 0.0050035690028633955, 0.4316942637982244, 0.38299766474325453]
Games played: 200
Exploitability: P1=1.933333333 P2=-0.030776838 EV: (-0.12119596188718591, 0.12119596188718591) P1 Winnings: 61.0
