Player 1 exploitability: 0.0335035724256
Choosing model 1
[0.18537970567530826, 0.2562222317462608, 0.19208542854377653, 0.20610143003794604, 0.1602112039967082]
Games played: 1
Exploitability: P1=2.800000000 P2=-0.052148442 EV: (-0.19209982883130397, 0.19209982883130397) P1 Winnings: 5.0
Choosing model 1
[0.18192304358063333, 0.269215946442786, 0.19008806822379892, 0.20723283685685692, 0.15154010489592487]
Games played: 2
Exploitability: P1=2.800000000 P2=-0.052148442 EV: (-0.19209982883130397, 0.19209982883130397) P1 Winnings: -8.0
Choosing model 1
[0.18729348800284362, 0.2502371774372688, 0.19413563738278944, 0.20792659856144036, 0.16040709861565786]
Games played: 3
Exploitability: P1=2.800000000 P2=-0.052148442 EV: (-0.19209982883130397, 0.19209982883130397) P1 Winnings: -8.0
Choosing model 4
[0.18452516800335728, 0.2911563765400558, 0.21187042998297204, 0.18409980276903273, 0.12834822270458218]
Games played: 4
Exploitability: P1=2.600000000 P2=-0.052148442 EV: (-0.0660448299704792, 0.0660448299704792) P1 Winnings: -3.0
Choosing model 0
[0.21113667825959354, 0.19974727799447234, 0.23088185011703513, 0.18129784677428515, 0.176936346854614]
Games played: 5
Exploitability: P1=1.900000000 P2=-0.052148442 EV: (-0.08467251258652433, 0.08467251258652433) P1 Winnings: -2.0
Choosing model 2
[0.2200284119815512, 0.1686535231567051, 0.23645842902769973, 0.17878061634869788, 0.19607901948534617]
Games played: 6
Exploitability: P1=4.600000000 P2=-0.052148442 EV: (-0.15018385538980492, 0.15018385538980492) P1 Winnings: -1.0
Choosing model 3
[0.21210915073880626, 0.12800482510196004, 0.17170245428258316, 0.23232859805257222, 0.2558549718240783]
Games played: 7
Exploitability: P1=1.933333333 P2=-0.052148442 EV: (-0.14628362852988452, 0.14628362852988452) P1 Winnings: -10.0
Choosing model 4
[0.21905179215645565, 0.13648560779097385, 0.18775792849439576, 0.2169476506891721, 0.23975702086900263]
Games played: 8
Exploitability: P1=2.600000000 P2=-0.052148442 EV: (-0.0660448299704792, 0.0660448299704792) P1 Winnings: -9.0
Choosing model 2
[0.2249536872637707, 0.11289415843207053, 0.18940967742614695, 0.21051929023975455, 0.2622231866382573]
Games played: 9
Exploitability: P1=4.600000000 P2=-0.052148442 EV: (-0.15018385538980492, 0.15018385538980492) P1 Winnings: -8.0
Choosing model 2
[0.23185175038540054, 0.13741377629784168, 0.21624774011036832, 0.19499321612408638, 0.21949351708230302]
Games played: 10
Exploitability: P1=4.600000000 P2=-0.052148442 EV: (-0.15018385538980492, 0.15018385538980492) P1 Winnings: -3.0
Choosing model 2
[0.24009730026279066, 0.10974732915051054, 0.22031019460279677, 0.18582824903389908, 0.24401692695000302]
Games played: 11
Exploitability: P1=4.600000000 P2=-0.052148442 EV: (-0.15018385538980492, 0.15018385538980492) P1 Winnings: 0.0
Choosing model 4
[0.25958223413144144, 0.10678991942118451, 0.30295325164048126, 0.13072296034933967, 0.19995163445755304]
Games played: 12
Exploitability: P1=2.600000000 P2=-0.052148442 EV: (-0.0660448299704792, 0.0660448299704792) P1 Winnings: 3.0
Choosing model 0
[0.262333593988562, 0.09743731084889944, 0.3037176323693851, 0.12875002733557128, 0.20776143545758224]
Games played: 13
Exploitability: P1=1.900000000 P2=-0.052148442 EV: (-0.08467251258652433, 0.08467251258652433) P1 Winnings: 0.0
Choosing model 2
[0.2623335789507041, 0.09743739198283699, 0.30371764897569437, 0.1287500616702707, 0.20776131842049395]
Games played: 14
Exploitability: P1=4.600000000 P2=-0.052148442 EV: (-0.15018385538980492, 0.15018385538980492) P1 Winnings: -1.0
Choosing model 2
[0.2546273492705042, 0.13828846758308727, 0.37483198867964534, 0.10039256573736462, 0.13185962872939846]
Games played: 15
Exploitability: P1=4.600000000 P2=-0.052148442 EV: (-0.15018385538980492, 0.15018385538980492) P1 Winnings: 4.0
Choosing model 2
[0.274875923126228, 0.08957255581134888, 0.34996978164960235, 0.10577350985549476, 0.17980822955732598]
Games played: 16
Exploitability: P1=4.600000000 P2=-0.052148442 EV: (-0.15018385538980492, 0.15018385538980492) P1 Winnings: 4.0
Choosing model 0
[0.27954544249289665, 0.08071265544204478, 0.32743894143549823, 0.11322887860337955, 0.1990740820261808]
Games played: 17
Exploitability: P1=1.900000000 P2=-0.052148442 EV: (-0.08467251258652433, 0.08467251258652433) P1 Winnings: -5.0
Choosing model 2
[0.2843066212476923, 0.06353583865949924, 0.32589187220513804, 0.10754490717072161, 0.2187207607169487]
Games played: 18
Exploitability: P1=4.600000000 P2=-0.052148442 EV: (-0.15018385538980492, 0.15018385538980492) P1 Winnings: -5.0
Choosing model 4
[0.2874334434712425, 0.049717794932876626, 0.32242782327377967, 0.10154026802066875, 0.23888067030143242]
Games played: 19
Exploitability: P1=2.600000000 P2=-0.052148442 EV: (-0.0660448299704792, 0.0660448299704792) P1 Winnings: -8.0
Choosing model 2
[0.28837382717093635, 0.045034618655661864, 0.32089762218233336, 0.0992826501429294, 0.24641128184813896]
Games played: 20
Exploitability: P1=4.600000000 P2=-0.052148442 EV: (-0.15018385538980492, 0.15018385538980492) P1 Winnings: -11.0
Choosing model 0
[0.2906312681083539, 0.06270745999231828, 0.37788482180962524, 0.08904540580810848, 0.17973104428159414]
Games played: 21
Exploitability: P1=1.900000000 P2=-0.052148442 EV: (-0.08467251258652433, 0.08467251258652433) P1 Winnings: -2.0
Choosing model 2
[0.28967514566818137, 0.06691855580750157, 0.379807261643928, 0.09093528895927436, 0.1726637479211148]
Games played: 22
Exploitability: P1=4.600000000 P2=-0.052148442 EV: (-0.15018385538980492, 0.15018385538980492) P1 Winnings: -3.0
Choosing model 2
[0.28260714769628636, 0.08944888835818808, 0.3839656033170338, 0.09860161734450654, 0.14537674328398512]
Games played: 23
Exploitability: P1=4.600000000 P2=-0.052148442 EV: (-0.15018385538980492, 0.15018385538980492) P1 Winnings: 2.0
Choosing model 0
[0.26971665617722135, 0.11794670077841443, 0.4281770636395867, 0.0837452771742021, 0.10041430223057546]
Games played: 24
Exploitability: P1=1.900000000 P2=-0.052148442 EV: (-0.08467251258652433, 0.08467251258652433) P1 Winnings: 11.0
Choosing model 1
[0.26195913419689587, 0.13754526124809177, 0.42482794536269386, 0.0866004007403896, 0.08906725845192892]
Games played: 25
Exploitability: P1=2.800000000 P2=-0.052148442 EV: (-0.19209982883130397, 0.19209982883130397) P1 Winnings: 11.0
Choosing model 2
[0.2471290000822025, 0.17495129361792344, 0.4149329110783893, 0.09048154920335831, 0.07250524601812651]
Games played: 26
Exploitability: P1=4.600000000 P2=-0.052148442 EV: (-0.15018385538980492, 0.15018385538980492) P1 Winnings: 18.0
Choosing model 1
[0.24712881757684477, 0.174951754704361, 0.4149327805817062, 0.0904815935848081, 0.07250505355228]
Games played: 27
Exploitability: P1=2.800000000 P2=-0.052148442 EV: (-0.19209982883130397, 0.19209982883130397) P1 Winnings: 9.0
Choosing model 2
[0.2434239383268838, 0.18385664835103607, 0.4143070395045832, 0.0900006355616139, 0.06841173825588295]
Games played: 28
Exploitability: P1=4.600000000 P2=-0.052148442 EV: (-0.15018385538980492, 0.15018385538980492) P1 Winnings: 14.0
Choosing model 1
[0.2544417392067643, 0.17027675451383487, 0.3984111178723782, 0.09902280455865972, 0.077847583848363]
Games played: 29
Exploitability: P1=2.800000000 P2=-0.052148442 EV: (-0.19209982883130397, 0.19209982883130397) P1 Winnings: 23.0
Choosing model 4
[0.2544415570299233, 0.17027720711441535, 0.3984110015424106, 0.09902285535921206, 0.0778473789540386]
Games played: 30
Exploitability: P1=2.600000000 P2=-0.052148442 EV: (-0.0660448299704792, 0.0660448299704792) P1 Winnings: 14.0
Choosing model 1
[0.24907656029861378, 0.20487792408487437, 0.297332929019493, 0.1565154123654261, 0.09219717423159282]
Games played: 31
Exploitability: P1=2.800000000 P2=-0.052148442 EV: (-0.19209982883130397, 0.19209982883130397) P1 Winnings: 5.0
Choosing model 3
[0.26124317408371617, 0.17410318888881376, 0.3064820385550871, 0.15533950123170848, 0.10283209724067445]
Games played: 32
Exploitability: P1=1.933333333 P2=-0.052148442 EV: (-0.14628362852988452, 0.14628362852988452) P1 Winnings: 6.0
Choosing model 0
[0.2674414282774357, 0.15858702613055184, 0.31239145549646463, 0.15614529897984436, 0.10543479111570324]
Games played: 33
Exploitability: P1=1.900000000 P2=-0.052148442 EV: (-0.08467251258652433, 0.08467251258652433) P1 Winnings: 1.0
Choosing model 1
[0.2677605726685897, 0.16393010322659227, 0.3311703663012863, 0.1413551816547411, 0.09578377614879059]
Games played: 34
Exploitability: P1=2.800000000 P2=-0.052148442 EV: (-0.19209982883130397, 0.19209982883130397) P1 Winnings: 2.0
Choosing model 0
[0.27582893548422266, 0.1496245515166647, 0.31385476697112463, 0.15327435715468157, 0.10741738887330649]
Games played: 35
Exploitability: P1=1.900000000 P2=-0.052148442 EV: (-0.08467251258652433, 0.08467251258652433) P1 Winnings: 11.0
Choosing model 3
[0.2932939942343852, 0.09126058381500933, 0.24577632787040474, 0.19841764914251128, 0.17125144493768937]
Games played: 36
Exploitability: P1=1.933333333 P2=-0.052148442 EV: (-0.14628362852988452, 0.14628362852988452) P1 Winnings: 11.0
Choosing model 2
[0.2812847312350448, 0.12097092532285712, 0.24423914900212015, 0.21156418622672457, 0.14194100821325334]
Games played: 37
Exploitability: P1=4.600000000 P2=-0.052148442 EV: (-0.15018385538980492, 0.15018385538980492) P1 Winnings: -2.0
Choosing model 3
[0.2783138117731767, 0.1281527854114769, 0.24369060751545513, 0.21447802167870306, 0.1353647736211883]
Games played: 38
Exploitability: P1=1.933333333 P2=-0.052148442 EV: (-0.14628362852988452, 0.14628362852988452) P1 Winnings: -15.0
Choosing model 0
[0.29353818245120156, 0.0927385841826219, 0.24851008537660532, 0.20362842664985406, 0.16158472133971707]
Games played: 39
Exploitability: P1=1.900000000 P2=-0.052148442 EV: (-0.08467251258652433, 0.08467251258652433) P1 Winnings: -12.0
Choosing model 2
[0.3046172403054576, 0.06603176557980865, 0.24934994891854614, 0.190219069690824, 0.1897819755053636]
Games played: 40
Exploitability: P1=4.600000000 P2=-0.052148442 EV: (-0.15018385538980492, 0.15018385538980492) P1 Winnings: -9.0
Choosing model 2
[0.3096052607206711, 0.07925894794189155, 0.28073417607226936, 0.17374737340500346, 0.15665424186016452]
Games played: 41
Exploitability: P1=4.600000000 P2=-0.052148442 EV: (-0.15018385538980492, 0.15018385538980492) P1 Winnings: -4.0
Choosing model 0
[0.31036386605940824, 0.09383236579617184, 0.3117383683419152, 0.15652777500900472, 0.12753762479349998]
Games played: 42
Exploitability: P1=1.900000000 P2=-0.052148442 EV: (-0.08467251258652433, 0.08467251258652433) P1 Winnings: 1.0
Choosing model 3
[0.3077507368856819, 0.09961828656821108, 0.31171171515251844, 0.15902719434101956, 0.12189206705256896]
Games played: 43
Exploitability: P1=1.933333333 P2=-0.052148442 EV: (-0.14628362852988452, 0.14628362852988452) P1 Winnings: 0.0
Choosing model 4
[0.3173407085297365, 0.08838408029630729, 0.34811190267465614, 0.1330927115847655, 0.11307059691453467]
Games played: 44
Exploitability: P1=2.600000000 P2=-0.052148442 EV: (-0.0660448299704792, 0.0660448299704792) P1 Winnings: 3.0
Choosing model 3
[0.3297573864908017, 0.06301520630085365, 0.34975425355042994, 0.12449410514400572, 0.13297904851390913]
Games played: 45
Exploitability: P1=1.933333333 P2=-0.052148442 EV: (-0.14628362852988452, 0.14628362852988452) P1 Winnings: 3.0
Choosing model 2
[0.33029056797340806, 0.06516585740215795, 0.37093603114515117, 0.11274967572206727, 0.12085786775721545]
Games played: 46
Exploitability: P1=4.600000000 P2=-0.052148442 EV: (-0.15018385538980492, 0.15018385538980492) P1 Winnings: 4.0
Choosing model 4
[0.3296478131399292, 0.06715019108779047, 0.3920012254437254, 0.10174994962434523, 0.10945082070420968]
Games played: 47
Exploitability: P1=2.600000000 P2=-0.052148442 EV: (-0.0660448299704792, 0.0660448299704792) P1 Winnings: 5.0
Choosing model 2
[0.33689089209626544, 0.05311645616067057, 0.3920443091026894, 0.09711166639828359, 0.12083667624209109]
Games played: 48
Exploitability: P1=4.600000000 P2=-0.052148442 EV: (-0.15018385538980492, 0.15018385538980492) P1 Winnings: -2.0
Choosing model 1
[0.33050944355584294, 0.06154109741622423, 0.4260513123784213, 0.08562022248226027, 0.09627792416725132]
Games played: 49
Exploitability: P1=2.800000000 P2=-0.052148442 EV: (-0.19209982883130397, 0.19209982883130397) P1 Winnings: 3.0
Choosing model 2
[0.3423735810274308, 0.05631052233926759, 0.39253424319741903, 0.09726040015247842, 0.11152125328340409]
Games played: 50
Exploitability: P1=4.600000000 P2=-0.052148442 EV: (-0.15018385538980492, 0.15018385538980492) P1 Winnings: -4.0
Choosing model 4
[0.3517829087353576, 0.038903271896203295, 0.3891278852341363, 0.08937655803097318, 0.13080937610332957]
Games played: 51
Exploitability: P1=2.600000000 P2=-0.052148442 EV: (-0.0660448299704792, 0.0660448299704792) P1 Winnings: -9.0
Choosing model 2
[0.3556467507452923, 0.03167878709153707, 0.3864506457801777, 0.08538043740482457, 0.1408433789781684]
Games played: 52
Exploitability: P1=4.600000000 P2=-0.052148442 EV: (-0.15018385538980492, 0.15018385538980492) P1 Winnings: -9.0
Choosing model 0
[0.3548238753208658, 0.033719698091909465, 0.39083432603250307, 0.08601967692887816, 0.1346024236258435]
Games played: 53
Exploitability: P1=1.900000000 P2=-0.052148442 EV: (-0.08467251258652433, 0.08467251258652433) P1 Winnings: -4.0
Choosing model 0
[0.35362585510112504, 0.03469668355745632, 0.41243760106241584, 0.07751644676149648, 0.12172341351750637]
Games played: 54
Exploitability: P1=1.900000000 P2=-0.052148442 EV: (-0.08467251258652433, 0.08467251258652433) P1 Winnings: -3.0
Choosing model 0
[0.37062028753402415, 0.020858841191167928, 0.31834014173958936, 0.09890687602066871, 0.19127385351454987]
Games played: 55
Exploitability: P1=1.900000000 P2=-0.052148442 EV: (-0.08467251258652433, 0.08467251258652433) P1 Winnings: -3.0
Choosing model 2
[0.370743474293622, 0.02234050144383888, 0.321122429876883, 0.10137312736852304, 0.18442046701713313]
Games played: 56
Exploitability: P1=4.600000000 P2=-0.052148442 EV: (-0.15018385538980492, 0.15018385538980492) P1 Winnings: 2.0
Choosing model 2
[0.3734205211072285, 0.023232219056557684, 0.34247563784812096, 0.09232352632676846, 0.1685480956613244]
Games played: 57
Exploitability: P1=4.600000000 P2=-0.052148442 EV: (-0.15018385538980492, 0.15018385538980492) P1 Winnings: 3.0
Choosing model 0
[0.375140783929121, 0.018909770738366832, 0.3381237761652647, 0.08776496611571848, 0.18006070305152916]
Games played: 58
Exploitability: P1=1.900000000 P2=-0.052148442 EV: (-0.08467251258652433, 0.08467251258652433) P1 Winnings: 4.0
Choosing model 2
[0.37621346016399115, 0.014678067641031143, 0.3318366896515825, 0.08219763506800451, 0.1950741474753907]
Games played: 59
Exploitability: P1=4.600000000 P2=-0.052148442 EV: (-0.15018385538980492, 0.15018385538980492) P1 Winnings: 4.0
Choosing model 3
[0.37642153832608194, 0.011898947367670975, 0.32629797928230175, 0.07782379193675776, 0.20755774308718775]
Games played: 60
Exploitability: P1=1.933333333 P2=-0.052148442 EV: (-0.14628362852988452, 0.14628362852988452) P1 Winnings: 3.0
Choosing model 4
[0.3759983817469229, 0.009573227088262123, 0.32017208832207084, 0.07345384572493092, 0.2208024571178133]
Games played: 61
Exploitability: P1=2.600000000 P2=-0.052148442 EV: (-0.0660448299704792, 0.0660448299704792) P1 Winnings: 3.0
Choosing model 2
[0.37599839946393493, 0.00957323674881463, 0.3201721421494505, 0.07345387489496623, 0.2208023467428338]
Games played: 62
Exploitability: P1=4.600000000 P2=-0.052148442 EV: (-0.15018385538980492, 0.15018385538980492) P1 Winnings: 0.0
Choosing model 0
[0.3772314458180143, 0.00851004086039254, 0.2955217836481074, 0.0775713193356619, 0.24116541033782382]
Games played: 63
Exploitability: P1=1.900000000 P2=-0.052148442 EV: (-0.08467251258652433, 0.08467251258652433) P1 Winnings: -9.0
Choosing model 2
[0.3772314670276, 0.008510048912816008, 0.29552183336213056, 0.07757134883021716, 0.24116530186723634]
Games played: 64
Exploitability: P1=4.600000000 P2=-0.052148442 EV: (-0.15018385538980492, 0.15018385538980492) P1 Winnings: -10.0
Choosing model 3
[0.3857727218283686, 0.01202380386930382, 0.3531178151576708, 0.070595433014054, 0.17849022613060261]
Games played: 65
Exploitability: P1=1.933333333 P2=-0.052148442 EV: (-0.14628362852988452, 0.14628362852988452) P1 Winnings: -1.0
Choosing model 4
[0.38604344860617307, 0.009448171351507167, 0.3462753361265462, 0.06625226163574725, 0.19198078228002619]
Games played: 66
Exploitability: P1=2.600000000 P2=-0.052148442 EV: (-0.0660448299704792, 0.0660448299704792) P1 Winnings: -4.0
Choosing model 2
[0.38529596075545286, 0.010975734889568637, 0.3996396766681869, 0.054590920378874495, 0.14949770730791706]
Games played: 67
Exploitability: P1=4.600000000 P2=-0.052148442 EV: (-0.15018385538980492, 0.15018385538980492) P1 Winnings: -1.0
Choosing model 0
[0.3862326004010141, 0.008914307349315363, 0.3937068013730001, 0.05178307284002695, 0.1593632180366435]
Games played: 68
Exploitability: P1=1.900000000 P2=-0.052148442 EV: (-0.08467251258652433, 0.08467251258652433) P1 Winnings: -2.0
Choosing model 0
[0.3854289082102931, 0.012516524207721858, 0.40796530527561287, 0.05781622452294618, 0.13627303778342606]
Games played: 69
Exploitability: P1=1.900000000 P2=-0.052148442 EV: (-0.08467251258652433, 0.08467251258652433) P1 Winnings: 3.0
Choosing model 2
[0.3854289056625564, 0.012516535264714964, 0.40796534827111397, 0.05781624287326771, 0.1362729679283469]
Games played: 70
Exploitability: P1=4.600000000 P2=-0.052148442 EV: (-0.15018385538980492, 0.15018385538980492) P1 Winnings: 2.0
Choosing model 2
[0.3798240145703993, 0.014566788230157354, 0.44534190725300565, 0.05120334652832806, 0.1090639434181098]
Games played: 71
Exploitability: P1=4.600000000 P2=-0.052148442 EV: (-0.15018385538980492, 0.15018385538980492) P1 Winnings: 7.0
Choosing model 0
[0.38277151187147246, 0.011263296129153987, 0.4392222384567746, 0.048174198462681304, 0.11856875507991768]
Games played: 72
Exploitability: P1=1.900000000 P2=-0.052148442 EV: (-0.08467251258652433, 0.08467251258652433) P1 Winnings: 8.0
Choosing model 4
[0.38224167439831, 0.01204265882231679, 0.44230074067835884, 0.04929069721518014, 0.11412422888583407]
Games played: 73
Exploitability: P1=2.600000000 P2=-0.052148442 EV: (-0.0660448299704792, 0.0660448299704792) P1 Winnings: 7.0
Choosing model 2
[0.3763088496300461, 0.01846451181830509, 0.4581206476783072, 0.0563743944884908, 0.0907315963848508]
Games played: 74
Exploitability: P1=4.600000000 P2=-0.052148442 EV: (-0.15018385538980492, 0.15018385538980492) P1 Winnings: 2.0
Choosing model 2
[0.38353349061122693, 0.011277430954006431, 0.44716539435462693, 0.05011576969630526, 0.10790791438383447]
Games played: 75
Exploitability: P1=4.600000000 P2=-0.052148442 EV: (-0.15018385538980492, 0.15018385538980492) P1 Winnings: 5.0
Choosing model 2
[0.35531709586428706, 0.015276790955547667, 0.5267401830167974, 0.037298396273031005, 0.06536753389033695]
Games played: 76
Exploitability: P1=4.600000000 P2=-0.052148442 EV: (-0.15018385538980492, 0.15018385538980492) P1 Winnings: 10.0
Choosing model 2
[0.3172163829401184, 0.019942554572177452, 0.5979314654138179, 0.026750543302314828, 0.038159053771571465]
Games played: 77
Exploitability: P1=4.600000000 P2=-0.052148442 EV: (-0.15018385538980492, 0.15018385538980492) P1 Winnings: 15.0
Choosing model 2
[0.3214296413647815, 0.016372335191026294, 0.5954311755333519, 0.02564931975562384, 0.0411175281552164]
Games played: 78
Exploitability: P1=4.600000000 P2=-0.052148442 EV: (-0.15018385538980492, 0.15018385538980492) P1 Winnings: 14.0
Choosing model 2
[0.3135654774717012, 0.022075356078332078, 0.6018747538019621, 0.02781871299838169, 0.03466569964962284]
Games played: 79
Exploitability: P1=4.600000000 P2=-0.052148442 EV: (-0.15018385538980492, 0.15018385538980492) P1 Winnings: 5.0
Choosing model 2
[0.3043553472019618, 0.022122465346302644, 0.618576187344518, 0.024414880457461995, 0.03053111964975559]
Games played: 80
Exploitability: P1=4.600000000 P2=-0.052148442 EV: (-0.15018385538980492, 0.15018385538980492) P1 Winnings: 6.0
Choosing model 2
[0.30435525333048935, 0.02212253316470659, 0.6185762588362613, 0.024414902933275213, 0.03053105173526745]
Games played: 81
Exploitability: P1=4.600000000 P2=-0.052148442 EV: (-0.15018385538980492, 0.15018385538980492) P1 Winnings: -3.0
Choosing model 0
[0.35309853687173853, 0.020206926059332463, 0.5405668702417122, 0.038183146913291395, 0.04794451991392542]
Games played: 82
Exploitability: P1=1.900000000 P2=-0.052148442 EV: (-0.08467251258652433, 0.08467251258652433) P1 Winnings: -12.0
Choosing model 0
[0.3609439842938794, 0.014172508046533298, 0.5342797352517925, 0.035135114863216126, 0.055468657544578664]
Games played: 83
Exploitability: P1=1.900000000 P2=-0.052148442 EV: (-0.08467251258652433, 0.08467251258652433) P1 Winnings: -9.0
Choosing model 2
[0.42651719751739364, 0.012821187451779594, 0.365035752775624, 0.07794330454512464, 0.11768255771007827]
Games played: 84
Exploitability: P1=4.600000000 P2=-0.052148442 EV: (-0.15018385538980492, 0.15018385538980492) P1 Winnings: -16.0
Choosing model 3
[0.42885489672413774, 0.010444834061760742, 0.36071080810437106, 0.07415925277835711, 0.1258302083313733]
Games played: 85
Exploitability: P1=1.933333333 P2=-0.052148442 EV: (-0.14628362852988452, 0.14628362852988452) P1 Winnings: -15.0
Choosing model 0
[0.42765393963210774, 0.010753671373666026, 0.38086900903311866, 0.06686707458786247, 0.11385630537324498]
Games played: 86
Exploitability: P1=1.900000000 P2=-0.052148442 EV: (-0.08467251258652433, 0.08467251258652433) P1 Winnings: -14.0
Choosing model 3
[0.42518270836446587, 0.011038574404241792, 0.40095268802627404, 0.06011188050741233, 0.10271414869760609]
Games played: 87
Exploitability: P1=1.933333333 P2=-0.052148442 EV: (-0.14628362852988452, 0.14628362852988452) P1 Winnings: -13.0
Choosing model 0
[0.42676114584245367, 0.009835162754695606, 0.399655642784825, 0.058876631770655684, 0.10487141684736992]
Games played: 88
Exploitability: P1=1.900000000 P2=-0.052148442 EV: (-0.08467251258652433, 0.08467251258652433) P1 Winnings: -16.0
Choosing model 2
[0.4198072550907498, 0.015372191625406546, 0.41446225760636435, 0.06770052144630695, 0.08265777423117253]
Games played: 89
Exploitability: P1=4.600000000 P2=-0.052148442 EV: (-0.15018385538980492, 0.15018385538980492) P1 Winnings: -21.0
Choosing model 2
[0.4233880102985336, 0.012560990110973112, 0.41079346886854895, 0.06460904678276573, 0.0886484839391784]
Games played: 90
Exploitability: P1=4.600000000 P2=-0.052148442 EV: (-0.15018385538980492, 0.15018385538980492) P1 Winnings: -20.0
Choosing model 2
[0.4265077699378732, 0.01025207404795995, 0.4066884594482711, 0.06158776303830822, 0.09496393352758767]
Games played: 91
Exploitability: P1=4.600000000 P2=-0.052148442 EV: (-0.15018385538980492, 0.15018385538980492) P1 Winnings: -19.0
Choosing model 4
[0.43612349340080286, 0.009288492254544147, 0.38258544974867686, 0.06628901107439597, 0.10571355352158013]
Games played: 92
Exploitability: P1=2.600000000 P2=-0.052148442 EV: (-0.0660448299704792, 0.0660448299704792) P1 Winnings: -28.0
Choosing model 2
[0.4361234844148048, 0.009288500998708512, 0.38258548815871624, 0.06628903290975821, 0.10571349351801221]
Games played: 93
Exploitability: P1=4.600000000 P2=-0.052148442 EV: (-0.15018385538980492, 0.15018385538980492) P1 Winnings: -31.0
Choosing model 2
[0.42281136282335063, 0.012441393711184773, 0.433383251349665, 0.057191372726279215, 0.07417261938952023]
Games played: 94
Exploitability: P1=4.600000000 P2=-0.052148442 EV: (-0.15018385538980492, 0.15018385538980492) P1 Winnings: -22.0
Choosing model 2
[0.4158443763987791, 0.01691250694033311, 0.44166048457955387, 0.06253649938745677, 0.06304613269387724]
Games played: 95
Exploitability: P1=4.600000000 P2=-0.052148442 EV: (-0.15018385538980492, 0.15018385538980492) P1 Winnings: -31.0
Choosing model 2
[0.44643344687182024, 0.01429500005688913, 0.35715398374424057, 0.09050260076138389, 0.09161496856566612]
Games played: 96
Exploitability: P1=4.600000000 P2=-0.052148442 EV: (-0.15018385538980492, 0.15018385538980492) P1 Winnings: -40.0
Choosing model 2
[0.4589517934347293, 0.01157030453525666, 0.276571170438714, 0.12542179360679898, 0.12748493798450114]
Games played: 97
Exploitability: P1=4.600000000 P2=-0.052148442 EV: (-0.15018385538980492, 0.15018385538980492) P1 Winnings: -40.0
Choosing model 2
[0.450826577730644, 0.008948237690223156, 0.204639944718616, 0.16607988976581675, 0.16950535009470005]
Games played: 98
Exploitability: P1=4.600000000 P2=-0.052148442 EV: (-0.15018385538980492, 0.15018385538980492) P1 Winnings: -49.0
Choosing model 3
[0.4517771081432081, 0.009566946920033568, 0.20787860439494998, 0.16806496908376245, 0.16271237145804585]
Games played: 99
Exploitability: P1=1.933333333 P2=-0.052148442 EV: (-0.14628362852988452, 0.14628362852988452) P1 Winnings: -44.0
Choosing model 0
[0.45348805164191036, 0.008524605215611854, 0.20722157085064213, 0.16462363674492275, 0.1661421355469129]
Games played: 100
Exploitability: P1=1.900000000 P2=-0.052148442 EV: (-0.08467251258652433, 0.08467251258652433) P1 Winnings: -47.0
Choosing model 2
[0.453488051612047, 0.008524612801964477, 0.20722159404585896, 0.16462369007224809, 0.16614205146788136]
Games played: 101
Exploitability: P1=4.600000000 P2=-0.052148442 EV: (-0.15018385538980492, 0.15018385538980492) P1 Winnings: -48.0
Choosing model 0
[0.4646502306653564, 0.010315172892675691, 0.2351946663200295, 0.15158735770441278, 0.13825257241752553]
Games played: 102
Exploitability: P1=1.900000000 P2=-0.052148442 EV: (-0.08467251258652433, 0.08467251258652433) P1 Winnings: -43.0
Choosing model 0
[0.4588272329091798, 0.014737066266798556, 0.24167066010962956, 0.1686241042489074, 0.1161409364654847]
Games played: 103
Exploitability: P1=1.900000000 P2=-0.052148442 EV: (-0.08467251258652433, 0.08467251258652433) P1 Winnings: -44.0
Choosing model 0
[0.4644988479892925, 0.015403506732888676, 0.2590560619890841, 0.15435474488948228, 0.10668683839925247]
Games played: 104
Exploitability: P1=1.900000000 P2=-0.052148442 EV: (-0.08467251258652433, 0.08467251258652433) P1 Winnings: -43.0
Choosing model 2
[0.46449882998955616, 0.015403519845137523, 0.2590560809647718, 0.1543547889191376, 0.1066867802813969]
Games played: 105
Exploitability: P1=4.600000000 P2=-0.052148442 EV: (-0.15018385538980492, 0.15018385538980492) P1 Winnings: -44.0
Choosing model 3
[0.46868077610352066, 0.01604669508664045, 0.27677106429928255, 0.14082426668670292, 0.09767719782385331]
Games played: 106
Exploitability: P1=1.933333333 P2=-0.052148442 EV: (-0.14628362852988452, 0.14628362852988452) P1 Winnings: -43.0
Choosing model 4
[0.4713811948346753, 0.016663024190884994, 0.2947475289869305, 0.12806707340362464, 0.08914117858388457]
Games played: 107
Exploitability: P1=2.600000000 P2=-0.052148442 EV: (-0.0660448299704792, 0.0660448299704792) P1 Winnings: -42.0
Choosing model 0
[0.47905920019732184, 0.011619122404731567, 0.28962929798781245, 0.11716022214920442, 0.10253215726092973]
Games played: 108
Exploitability: P1=1.900000000 P2=-0.052148442 EV: (-0.08467251258652433, 0.08467251258652433) P1 Winnings: -42.0
Choosing model 2
[0.47516466677631375, 0.014120586776653173, 0.2941014456975605, 0.12453287960743693, 0.09208042114203549]
Games played: 109
Exploitability: P1=4.600000000 P2=-0.052148442 EV: (-0.15018385538980492, 0.15018385538980492) P1 Winnings: -47.0
Choosing model 0
[0.4801707915579419, 0.01264315021485571, 0.2734216027439064, 0.13246471374486032, 0.10129974173843555]
Games played: 110
Exploitability: P1=1.900000000 P2=-0.052148442 EV: (-0.08467251258652433, 0.08467251258652433) P1 Winnings: -56.0
Choosing model 4
[0.48286081144796683, 0.013126671923089092, 0.29113433192568294, 0.12044570020120367, 0.09243248450205752]
Games played: 111
Exploitability: P1=2.600000000 P2=-0.052148442 EV: (-0.0660448299704792, 0.0660448299704792) P1 Winnings: -55.0
Choosing model 0
[0.484090516055118, 0.01358727474953021, 0.309052608535394, 0.10918444965783512, 0.08408515100212278]
Games played: 112
Exploitability: P1=1.900000000 P2=-0.052148442 EV: (-0.08467251258652433, 0.08467251258652433) P1 Winnings: -54.0
Choosing model 0
[0.4911218408588037, 0.00945796279305591, 0.3031590057000432, 0.09971241445049635, 0.09654877619760079]
Games played: 113
Exploitability: P1=1.900000000 P2=-0.052148442 EV: (-0.08467251258652433, 0.08467251258652433) P1 Winnings: -51.0
Choosing model 0
[0.49192008626906625, 0.009045369364121222, 0.3034474191987075, 0.09940686159207102, 0.09618026357603385]
Games played: 114
Exploitability: P1=1.900000000 P2=-0.052148442 EV: (-0.08467251258652433, 0.08467251258652433) P1 Winnings: -52.0
Choosing model 2
[0.485969807348642, 0.01224327255545321, 0.31063853482011766, 0.10914674138381754, 0.0820016438919695]
Games played: 115
Exploitability: P1=4.600000000 P2=-0.052148442 EV: (-0.15018385538980492, 0.15018385538980492) P1 Winnings: -53.0
Choosing model 2
[0.481531325842935, 0.014326968842704594, 0.34095945384509824, 0.09719331028782248, 0.06598894118143969]
Games played: 116
Exploitability: P1=4.600000000 P2=-0.052148442 EV: (-0.15018385538980492, 0.15018385538980492) P1 Winnings: -48.0
Choosing model 2
[0.4916939761275636, 0.01426075596174926, 0.30102145122021007, 0.11959166692226376, 0.07343214976821338]
Games played: 117
Exploitability: P1=4.600000000 P2=-0.052148442 EV: (-0.15018385538980492, 0.15018385538980492) P1 Winnings: -48.0
Choosing model 0
[0.5004532958059531, 0.009759628721583693, 0.2956013586417053, 0.10886359418747518, 0.0853221226432828]
Games played: 118
Exploitability: P1=1.900000000 P2=-0.052148442 EV: (-0.08467251258652433, 0.08467251258652433) P1 Winnings: -53.0
Choosing model 0
[0.50045327884444, 0.009759637076894272, 0.2956013817305135, 0.1088636257697123, 0.08532207657843993]
Games played: 119
Exploitability: P1=1.900000000 P2=-0.052148442 EV: (-0.08467251258652433, 0.08467251258652433) P1 Winnings: -54.0
Choosing model 0
[0.5041774714668338, 0.007966233531481392, 0.2926687030563022, 0.10378041330871267, 0.09140717863666996]
Games played: 120
Exploitability: P1=1.900000000 P2=-0.052148442 EV: (-0.08467251258652433, 0.08467251258652433) P1 Winnings: -53.0
Choosing model 3
[0.5030351465195438, 0.008509937694734054, 0.29445985598143876, 0.1060919242200399, 0.08790313558424337]
Games played: 121
Exploitability: P1=1.933333333 P2=-0.052148442 EV: (-0.14628362852988452, 0.14628362852988452) P1 Winnings: -54.0
Choosing model 0
[0.5088500503351914, 0.0059065019727518675, 0.288000812858636, 0.09660553137446161, 0.10063710345895903]
Games played: 122
Exploitability: P1=1.900000000 P2=-0.052148442 EV: (-0.08467251258652433, 0.08467251258652433) P1 Winnings: -65.0
Choosing model 2
[0.5011271569291716, 0.009242248498606645, 0.2990100613560146, 0.11121006640648433, 0.07941046680972279]
Games played: 123
Exploitability: P1=4.600000000 P2=-0.052148442 EV: (-0.15018385538980492, 0.15018385538980492) P1 Winnings: -70.0
Choosing model 0
[0.5072581496854682, 0.008289144111355997, 0.27845239809803735, 0.11849220189785702, 0.08750810620728143]
Games played: 124
Exploitability: P1=1.900000000 P2=-0.052148442 EV: (-0.08467251258652433, 0.08467251258652433) P1 Winnings: -61.0
Choosing model 2
[0.5119398780057274, 0.007197934851045301, 0.3043546577945452, 0.09705901691320926, 0.07944851243547295]
Games played: 125
Exploitability: P1=4.600000000 P2=-0.052148442 EV: (-0.15018385538980492, 0.15018385538980492) P1 Winnings: -58.0
Choosing model 2
[0.48604276870616464, 0.009082505103983224, 0.39094046938079086, 0.0646643220838533, 0.04926993472520794]
Games played: 126
Exploitability: P1=4.600000000 P2=-0.052148442 EV: (-0.15018385538980492, 0.15018385538980492) P1 Winnings: -53.0
Choosing model 0
[0.4838555964609753, 0.009646462401740925, 0.3945087002834867, 0.06500570214515358, 0.0469835387086434]
Games played: 127
Exploitability: P1=1.900000000 P2=-0.052148442 EV: (-0.08467251258652433, 0.08467251258652433) P1 Winnings: -48.0
Choosing model 2
[0.4919172146456748, 0.0067290973171131845, 0.3878010350144957, 0.05949163177077158, 0.0540610212519448]
Games played: 128
Exploitability: P1=4.600000000 P2=-0.052148442 EV: (-0.15018385538980492, 0.15018385538980492) P1 Winnings: -55.0
Choosing model 0
[0.4790727143134836, 0.007739408424283896, 0.41836036133734983, 0.05206856860880195, 0.042758947316080785]
Games played: 129
Exploitability: P1=1.900000000 P2=-0.052148442 EV: (-0.08467251258652433, 0.08467251258652433) P1 Winnings: -50.0
Choosing model 0
[0.47001369740810445, 0.010683600197979152, 0.42620109827241914, 0.057154610651819725, 0.03594699346967757]
Games played: 130
Exploitability: P1=1.900000000 P2=-0.052148442 EV: (-0.08467251258652433, 0.08467251258652433) P1 Winnings: -45.0
Choosing model 2
[0.46793447145025374, 0.011388082369574415, 0.4278819845858588, 0.05830124612366628, 0.03449421547064685]
Games played: 131
Exploitability: P1=4.600000000 P2=-0.052148442 EV: (-0.15018385538980492, 0.15018385538980492) P1 Winnings: -54.0
Choosing model 0
[0.4796153460172385, 0.006994748699890175, 0.42001179975098335, 0.05212181393695888, 0.041256291594929106]
Games played: 132
Exploitability: P1=1.900000000 P2=-0.052148442 EV: (-0.08467251258652433, 0.08467251258652433) P1 Winnings: -51.0
Choosing model 0
[0.4777925828029193, 0.007460654045936696, 0.42193227078716133, 0.05320076668945266, 0.03961372567453003]
Games played: 133
Exploitability: P1=1.900000000 P2=-0.052148442 EV: (-0.08467251258652433, 0.08467251258652433) P1 Winnings: -52.0
Choosing model 2
[0.47779255839297385, 0.007460660304774532, 0.42193229648757086, 0.05320078120856106, 0.03961370360611967]
Games played: 134
Exploitability: P1=4.600000000 P2=-0.052148442 EV: (-0.15018385538980492, 0.15018385538980492) P1 Winnings: -53.0
Choosing model 2
[0.4862062934717473, 0.005104821296501981, 0.41425168037458854, 0.04841860666214682, 0.04601859819501528]
Games played: 135
Exploitability: P1=4.600000000 P2=-0.052148442 EV: (-0.15018385538980492, 0.15018385538980492) P1 Winnings: -58.0
Choosing model 0
[0.4780114078993296, 0.007061533307802957, 0.42289925566320696, 0.053259431484142215, 0.03876837164551826]
Games played: 136
Exploitability: P1=1.900000000 P2=-0.052148442 EV: (-0.08467251258652433, 0.08467251258652433) P1 Winnings: -58.0
Choosing model 2
[0.48267887820241645, 0.00569414856357772, 0.4191137026082041, 0.05068032806071459, 0.0418329425650871]
Games played: 137
Exploitability: P1=4.600000000 P2=-0.052148442 EV: (-0.15018385538980492, 0.15018385538980492) P1 Winnings: -58.0
Choosing model 2
[0.4867553238227043, 0.004652438897261491, 0.41536911569288665, 0.04836203170289163, 0.044861089884255995]
Games played: 138
Exploitability: P1=4.600000000 P2=-0.052148442 EV: (-0.15018385538980492, 0.15018385538980492) P1 Winnings: -57.0
Choosing model 2
[0.4791807103089539, 0.004728707017194924, 0.4329693914659819, 0.04304850049711671, 0.040072690710752513]
Games played: 139
Exploitability: P1=4.600000000 P2=-0.052148442 EV: (-0.15018385538980492, 0.15018385538980492) P1 Winnings: -56.0
Choosing model 2
[0.42494639278337487, 0.005573390080656804, 0.5194780089781222, 0.02678959596347624, 0.023212612194369958]
Games played: 140
Exploitability: P1=4.600000000 P2=-0.052148442 EV: (-0.15018385538980492, 0.15018385538980492) P1 Winnings: -51.0
Choosing model 2
[0.41416332864679695, 0.005608284642458961, 0.536091645679471, 0.023608507549992604, 0.020528233481280578]
Games played: 141
Exploitability: P1=4.600000000 P2=-0.052148442 EV: (-0.15018385538980492, 0.15018385538980492) P1 Winnings: -50.0
Choosing model 2
[0.4165931020008256, 0.004539590084941997, 0.5353127068689622, 0.021855796018962058, 0.021698805026308252]
Games played: 142
Exploitability: P1=4.600000000 P2=-0.052148442 EV: (-0.15018385538980492, 0.15018385538980492) P1 Winnings: -49.0
Choosing model 2
[0.4054248829744189, 0.004561294109376037, 0.5516203182963593, 0.01923223816056646, 0.019161266459279232]
Games played: 143
Exploitability: P1=4.600000000 P2=-0.052148442 EV: (-0.15018385538980492, 0.15018385538980492) P1 Winnings: -48.0
Choosing model 2
[0.42317428244834965, 0.004218401344935068, 0.5297039197824677, 0.02113018356788628, 0.021773212856361416]
Games played: 144
Exploitability: P1=4.600000000 P2=-0.052148442 EV: (-0.15018385538980492, 0.15018385538980492) P1 Winnings: -57.0
Choosing model 0
[0.42317418804666695, 0.004218414636853556, 0.5297040262116467, 0.021130204823284635, 0.02177316628154822]
Games played: 145
Exploitability: P1=1.900000000 P2=-0.052148442 EV: (-0.08467251258652433, 0.08467251258652433) P1 Winnings: -66.0
Choosing model 2
[0.41374067957109395, 0.005967189288856222, 0.5389093980011749, 0.023272680355179647, 0.018110052783695353]
Games played: 146
Exploitability: P1=4.600000000 P2=-0.052148442 EV: (-0.15018385538980492, 0.15018385538980492) P1 Winnings: -75.0
Choosing model 2
[0.3509434291154166, 0.006726992136696844, 0.6184431751380474, 0.01385251444810164, 0.010033889161737653]
Games played: 147
Exploitability: P1=4.600000000 P2=-0.052148442 EV: (-0.15018385538980492, 0.15018385538980492) P1 Winnings: -70.0
Choosing model 2
[0.3392864757338405, 0.006714651317328403, 0.633087314042101, 0.01210940820278085, 0.008802150703949262]
Games played: 148
Exploitability: P1=4.600000000 P2=-0.052148442 EV: (-0.15018385538980492, 0.15018385538980492) P1 Winnings: -69.0
Choosing model 2
[0.32765481705059174, 0.006694938405022519, 0.6473631826932921, 0.010573963381541228, 0.007713098469552381]
Games played: 149
Exploitability: P1=4.600000000 P2=-0.052148442 EV: (-0.15018385538980492, 0.15018385538980492) P1 Winnings: -68.0
Choosing model 0
[0.38889367779962614, 0.0074900152510549226, 0.5727383537334688, 0.018873344969824637, 0.01200460824602538]
Games played: 150
Exploitability: P1=1.900000000 P2=-0.052148442 EV: (-0.08467251258652433, 0.08467251258652433) P1 Winnings: -61.0
Choosing model 2
[0.427237278953805, 0.0043404132480894825, 0.5309482948656277, 0.01963406849158129, 0.0178399444408966]
Games played: 151
Exploitability: P1=4.600000000 P2=-0.052148442 EV: (-0.15018385538980492, 0.15018385538980492) P1 Winnings: -56.0
Choosing model 0
[0.394130552359713, 0.005532077638877053, 0.5723077745311935, 0.016118808060848, 0.01191078740936858]
Games played: 152
Exploitability: P1=1.900000000 P2=-0.052148442 EV: (-0.08467251258652433, 0.08467251258652433) P1 Winnings: -47.0
Choosing model 2
[0.38835397665834265, 0.006678829923591346, 0.5773205464510636, 0.017020388486245954, 0.010626258480756446]
Games played: 153
Exploitability: P1=4.600000000 P2=-0.052148442 EV: (-0.15018385538980492, 0.15018385538980492) P1 Winnings: -52.0
Choosing model 0
[0.39285538392585956, 0.005474000157965247, 0.5739471360905983, 0.016292477341786613, 0.01143100248379024]
Games played: 154
Exploitability: P1=1.900000000 P2=-0.052148442 EV: (-0.08467251258652433, 0.08467251258652433) P1 Winnings: -51.0
Choosing model 2
[0.39521153627218936, 0.00443147055976939, 0.5731877207033703, 0.015084874202761585, 0.012084398261909168]
Games played: 155
Exploitability: P1=4.600000000 P2=-0.052148442 EV: (-0.15018385538980492, 0.15018385538980492) P1 Winnings: -50.0
Choosing model 3
[0.39215966533645524, 0.004691398464263197, 0.5765471914274328, 0.015115427864073315, 0.01148631690777538]
Games played: 156
Exploitability: P1=1.933333333 P2=-0.052148442 EV: (-0.14628362852988452, 0.14628362852988452) P1 Winnings: -45.0
Choosing model 2
[0.38015803622749844, 0.004695444218688036, 0.5917939074144701, 0.013249105902351933, 0.010103506236991385]
Games played: 157
Exploitability: P1=4.600000000 P2=-0.052148442 EV: (-0.15018385538980492, 0.15018385538980492) P1 Winnings: -44.0
Choosing model 3
[0.37816646535565424, 0.00500096679099075, 0.5936414810933475, 0.013503845250265573, 0.009687241509742041]
Games played: 158
Exploitability: P1=1.933333333 P2=-0.052148442 EV: (-0.14628362852988452, 0.14628362852988452) P1 Winnings: -57.0
Choosing model 2
[0.39468187943355876, 0.00908548270701751, 0.5672001873463903, 0.020217923163520758, 0.008814527349512612]
Games played: 159
Exploitability: P1=4.600000000 P2=-0.052148442 EV: (-0.15018385538980492, 0.15018385538980492) P1 Winnings: -44.0
Choosing model 2
[0.3995692768892726, 0.0070938123103407354, 0.5649205645967073, 0.018836351081794392, 0.009579995121885041]
Games played: 160
Exploitability: P1=4.600000000 P2=-0.052148442 EV: (-0.15018385538980492, 0.15018385538980492) P1 Winnings: -41.0
Choosing model 0
[0.3902231989900753, 0.009575367751011216, 0.5716637058419548, 0.020452040186168335, 0.008085687230790324]
Games played: 161
Exploitability: P1=1.900000000 P2=-0.052148442 EV: (-0.08467251258652433, 0.08467251258652433) P1 Winnings: -50.0
Choosing model 0
[0.3880145470390694, 0.01019409785204263, 0.5732056370807979, 0.020836443540856408, 0.007749274487233706]
Games played: 162
Exploitability: P1=1.900000000 P2=-0.052148442 EV: (-0.08467251258652433, 0.08467251258652433) P1 Winnings: -45.0
Choosing model 0
[0.38578835771312564, 0.010851963386812491, 0.5747069794482242, 0.021226419160071317, 0.007426280291766269]
Games played: 163
Exploitability: P1=1.900000000 P2=-0.052148442 EV: (-0.08467251258652433, 0.08467251258652433) P1 Winnings: -40.0
Choosing model 0
[0.39085092756367296, 0.008855409648163273, 0.5719605495876298, 0.020320266793035537, 0.00801284640749855]
Games played: 164
Exploitability: P1=1.900000000 P2=-0.052148442 EV: (-0.08467251258652433, 0.08467251258652433) P1 Winnings: -40.0
Choosing model 0
[0.4060737836962266, 0.0047928291587839645, 0.5612364666880988, 0.01764760385169121, 0.010249316605199413]
Games played: 165
Exploitability: P1=1.900000000 P2=-0.052148442 EV: (-0.08467251258652433, 0.08467251258652433) P1 Winnings: -43.0
Choosing model 0
[0.3940381439787291, 0.004801737044879629, 0.5766516925051969, 0.015484027469779815, 0.009024399001414614]
Games played: 166
Exploitability: P1=1.900000000 P2=-0.052148442 EV: (-0.08467251258652433, 0.08467251258652433) P1 Winnings: -42.0
Choosing model 0
[0.3984648554606775, 0.003934138090360444, 0.5730800041633894, 0.014816594506039248, 0.009704407779533221]
Games played: 167
Exploitability: P1=1.900000000 P2=-0.052148442 EV: (-0.08467251258652433, 0.08467251258652433) P1 Winnings: -41.0
Choosing model 0
[0.4007189033360109, 0.0031837984444398706, 0.5721279223881638, 0.013713738571954043, 0.01025563725943119]
Games played: 168
Exploitability: P1=1.900000000 P2=-0.052148442 EV: (-0.08467251258652433, 0.08467251258652433) P1 Winnings: -40.0
Choosing model 0
[0.4007188768220696, 0.003183801067367027, 0.572127948611237, 0.013713742107831686, 0.010255631391494744]
Games played: 169
Exploitability: P1=1.900000000 P2=-0.052148442 EV: (-0.08467251258652433, 0.08467251258652433) P1 Winnings: -41.0
Choosing model 0
[0.3884781775552793, 0.0031867343540903526, 0.5872923807947255, 0.012021196012631637, 0.009021511283273274]
Games played: 170
Exploitability: P1=1.900000000 P2=-0.052148442 EV: (-0.08467251258652433, 0.08467251258652433) P1 Winnings: -40.0
Choosing model 0
[0.3716976237327711, 0.0026234773144092256, 0.6085784729888694, 0.00933527307516969, 0.007765152888780566]
Games played: 171
Exploitability: P1=1.900000000 P2=-0.052148442 EV: (-0.08467251258652433, 0.08467251258652433) P1 Winnings: -37.0
Choosing model 2
[0.369756659621124, 0.0027942289380245944, 0.6104888335057286, 0.009514923108822088, 0.0074453548263009005]
Games played: 172
Exploitability: P1=4.600000000 P2=-0.052148442 EV: (-0.15018385538980492, 0.15018385538980492) P1 Winnings: -38.0
Choosing model 2
[0.36670426169817877, 0.0029565353860644956, 0.6137370618287334, 0.009529073518892654, 0.007073067568130684]
Games played: 173
Exploitability: P1=4.600000000 P2=-0.052148442 EV: (-0.15018385538980492, 0.15018385538980492) P1 Winnings: -33.0
Choosing model 2
[0.37185762082900614, 0.0023003203350437334, 0.6090832374377245, 0.009021325856116634, 0.007737495542109047]
Games played: 174
Exploitability: P1=4.600000000 P2=-0.052148442 EV: (-0.15018385538980492, 0.15018385538980492) P1 Winnings: -32.0
Choosing model 2
[0.3595125870892775, 0.002296142539292397, 0.6235171997993021, 0.007886288458254478, 0.006787782113873592]
Games played: 175
Exploitability: P1=4.600000000 P2=-0.052148442 EV: (-0.15018385538980492, 0.15018385538980492) P1 Winnings: -31.0
Choosing model 2
[0.41051909260514446, 0.002414977400939076, 0.565695943944042, 0.012020840573579848, 0.009349145476294564]
Games played: 176
Exploitability: P1=4.600000000 P2=-0.052148442 EV: (-0.15018385538980492, 0.15018385538980492) P1 Winnings: -44.0
Choosing model 0
[0.42944662865777544, 0.002238411160987066, 0.5444311528562106, 0.013236563575249927, 0.01064724374977713]
Games played: 177
Exploitability: P1=1.900000000 P2=-0.052148442 EV: (-0.08467251258652433, 0.08467251258652433) P1 Winnings: -53.0
Choosing model 0
[0.42744843905008073, 0.0023854638940972533, 0.5464525005690889, 0.013499007213718885, 0.010214589273014319]
Games played: 178
Exploitability: P1=1.900000000 P2=-0.052148442 EV: (-0.08467251258652433, 0.08467251258652433) P1 Winnings: -62.0
Choosing model 0
[0.43174356740771436, 0.001952155960152583, 0.542430878559521, 0.012901995896801308, 0.010971402175810762]
Games played: 179
Exploitability: P1=1.900000000 P2=-0.052148442 EV: (-0.08467251258652433, 0.08467251258652433) P1 Winnings: -63.0
Choosing model 2
[0.4224189091871092, 0.0027236651147009997, 0.5515188602830614, 0.014161783328785217, 0.00917678208634299]
Games played: 180
Exploitability: P1=4.600000000 P2=-0.052148442 EV: (-0.15018385538980492, 0.15018385538980492) P1 Winnings: -63.0
Choosing model 2
[0.4846984004149289, 0.002460550176878962, 0.47668300291490195, 0.02190522821031997, 0.014252818282970297]
Games played: 181
Exploitability: P1=4.600000000 P2=-0.052148442 EV: (-0.15018385538980492, 0.15018385538980492) P1 Winnings: -72.0
Choosing model 0
[0.48166149889744336, 0.002608697458063798, 0.4801806837584241, 0.02198181611479804, 0.013567303771270625]
Games played: 182
Exploitability: P1=1.900000000 P2=-0.052148442 EV: (-0.08467251258652433, 0.08467251258652433) P1 Winnings: -67.0
Choosing model 2
[0.4957913297180444, 0.001435793997452779, 0.4664936788372807, 0.01891740991059189, 0.017361787536630178]
Games played: 183
Exploitability: P1=4.600000000 P2=-0.052148442 EV: (-0.15018385538980492, 0.15018385538980492) P1 Winnings: -68.0
Choosing model 2
[0.5008804586898453, 0.0011227163890159448, 0.4612003015263111, 0.017848222362750164, 0.018948301032077425]
Games played: 184
Exploitability: P1=4.600000000 P2=-0.052148442 EV: (-0.15018385538980492, 0.15018385538980492) P1 Winnings: -71.0
Choosing model 2
[0.4795324017062487, 0.0012693911694568035, 0.4891089410128814, 0.015356391635209158, 0.01473287447620399]
Games played: 185
Exploitability: P1=4.600000000 P2=-0.052148442 EV: (-0.15018385538980492, 0.15018385538980492) P1 Winnings: -66.0
Choosing model 0
[0.47652508553033524, 0.0013458120920926539, 0.49269492078750166, 0.015409992666093645, 0.014024188923976876]
Games played: 186
Exploitability: P1=1.900000000 P2=-0.052148442 EV: (-0.08467251258652433, 0.08467251258652433) P1 Winnings: -61.0
Choosing model 0
[0.48101238888664394, 0.0010848374492617708, 0.4881164961947378, 0.014658711043669516, 0.015127566425687022]
Games played: 187
Exploitability: P1=1.900000000 P2=-0.052148442 EV: (-0.08467251258652433, 0.08467251258652433) P1 Winnings: -61.0
Choosing model 0
[0.47607166941342205, 0.001289183683683436, 0.4935185245344512, 0.015447053742407367, 0.013673568626036149]
Games played: 188
Exploitability: P1=1.900000000 P2=-0.052148442 EV: (-0.08467251258652433, 0.08467251258652433) P1 Winnings: -61.0
Choosing model 2
[0.48125885955476666, 0.0009999210435407985, 0.4882513211175755, 0.014578438888096507, 0.014911459396020533]
Games played: 189
Exploitability: P1=4.600000000 P2=-0.052148442 EV: (-0.15018385538980492, 0.15018385538980492) P1 Winnings: -60.0
Choosing model 0
[0.5187287388621655, 0.0005685090745343997, 0.44408152451103877, 0.014879754258628771, 0.021741473293632612]
Games played: 190
Exploitability: P1=1.900000000 P2=-0.052148442 EV: (-0.08467251258652433, 0.08467251258652433) P1 Winnings: -60.0
Choosing model 2
[0.516995457693503, 0.00060665568515526, 0.4463176291151826, 0.015194772885516157, 0.020885484620643047]
Games played: 191
Exploitability: P1=4.600000000 P2=-0.052148442 EV: (-0.15018385538980492, 0.15018385538980492) P1 Winnings: -61.0
Choosing model 0
[0.5206636535474249, 0.000471193828299976, 0.4422019916602048, 0.014082510440778077, 0.022580650523292223]
Games played: 192
Exploitability: P1=1.900000000 P2=-0.052148442 EV: (-0.08467251258652433, 0.08467251258652433) P1 Winnings: -58.0
Choosing model 2
[0.5189614725231173, 0.0005028469977662155, 0.44446079550749124, 0.014381691569702024, 0.0216931934019232]
Games played: 193
Exploitability: P1=4.600000000 P2=-0.052148442 EV: (-0.15018385538980492, 0.15018385538980492) P1 Winnings: -53.0
Choosing model 0
[0.5490999836212008, 0.00031923428351522757, 0.40673544466766437, 0.014851488875788143, 0.028993848551831656]
Games played: 194
Exploitability: P1=1.900000000 P2=-0.052148442 EV: (-0.08467251258652433, 0.08467251258652433) P1 Winnings: -53.0
Choosing model 0
[0.5475896079369762, 0.00034085662930594514, 0.40902580264651517, 0.015174898594745894, 0.02786883419245671]
Games played: 195
Exploitability: P1=1.900000000 P2=-0.052148442 EV: (-0.08467251258652433, 0.08467251258652433) P1 Winnings: -54.0
Choosing model 0
[0.5581533507638844, 0.0001809920799609125, 0.3937631277753679, 0.01292964710821506, 0.03497288227257163]
Games played: 196
Exploitability: P1=1.900000000 P2=-0.052148442 EV: (-0.08467251258652433, 0.08467251258652433) P1 Winnings: -57.0
Choosing model 0
[0.561126192559095, 0.00014742329013153196, 0.38903788694040176, 0.01230004234768713, 0.03738845486268453]
Games played: 197
Exploitability: P1=1.900000000 P2=-0.052148442 EV: (-0.08467251258652433, 0.08467251258652433) P1 Winnings: -58.0
Choosing model 2
[0.559877042162977, 0.00015749133715952513, 0.391434350071508, 0.01257450104585746, 0.035956615382498]
Games played: 198
Exploitability: P1=4.600000000 P2=-0.052148442 EV: (-0.15018385538980492, 0.15018385538980492) P1 Winnings: -59.0
Choosing model 2
[0.5627877452467646, 0.0001282650001844309, 0.386688051897157, 0.011960674281635676, 0.03843526357425843]
Games played: 199
Exploitability: P1=4.600000000 P2=-0.052148442 EV: (-0.15018385538980492, 0.15018385538980492) P1 Winnings: -60.0
Choosing model 2
[0.5655557960528788, 0.00010443316981942463, 0.38189283042507094, 0.011373632556333346, 0.041073307795897726]
Games played: 200
Exploitability: P1=4.600000000 P2=-0.052148442 EV: (-0.15018385538980492, 0.15018385538980492) P1 Winnings: -59.0
