Player 1 exploitability: 0.0927466435994
Choosing model 4
[0.17814974373436634, 0.2830573087759643, 0.18781019941536492, 0.20824241499106, 0.14274033308324438]
Games played: 1
Exploitability: P1=2.600000000 P2=0.007094629 EV: (-0.11027034191666532, 0.11027034191666532) P1 Winnings: -5
Choosing model 1
[0.1804832579518502, 0.29607327328548644, 0.20146762667608517, 0.1907593288775788, 0.13121651320899952]
Games played: 2
Exploitability: P1=2.800000000 P2=0.007094629 EV: (0.00412535294122264, -0.00412535294122264) P1 Winnings: -4.0
Choosing model 1
[0.17650018871563825, 0.3100030136111513, 0.19867738803771484, 0.19113757717920138, 0.12368183245629423]
Games played: 3
Exploitability: P1=2.800000000 P2=0.007094629 EV: (0.00412535294122264, -0.00412535294122264) P1 Winnings: -11.0
Choosing model 3
[0.17301766281212533, 0.3242144189913242, 0.19742328845046533, 0.1892068196750631, 0.11613781007102196]
Games played: 4
Exploitability: P1=1.933333333 P2=0.007094629 EV: (-0.05487216737636598, 0.05487216737636598) P1 Winnings: -6.0
Choosing model 3
[0.16879297733717857, 0.3386528341663271, 0.19422146755165362, 0.18912666242358633, 0.10920605852125441]
Games played: 5
Exploitability: P1=1.933333333 P2=0.007094629 EV: (-0.05487216737636598, 0.05487216737636598) P1 Winnings: -17.0
Choosing model 2
[0.17169609795295307, 0.32891536579659647, 0.19742900151718512, 0.1914787714597282, 0.1104807632735371]
Games played: 6
Exploitability: P1=4.600000000 P2=0.007094629 EV: (-0.0418155798133068, 0.0418155798133068) P1 Winnings: -18.0
Choosing model 1
[0.17395129612529084, 0.2623624563213951, 0.15066738654289283, 0.2615107082582029, 0.15150815275221832]
Games played: 7
Exploitability: P1=2.800000000 P2=0.007094629 EV: (0.00412535294122264, -0.00412535294122264) P1 Winnings: -27.0
Choosing model 4
[0.18471305624709392, 0.22439331797617199, 0.1571617131002996, 0.2623916690972569, 0.17134024357917763]
Games played: 8
Exploitability: P1=2.600000000 P2=0.007094629 EV: (-0.11027034191666532, 0.11027034191666532) P1 Winnings: -26.0
Choosing model 1
[0.16049051259938318, 0.3097782068512298, 0.14395690333013383, 0.2664929975226794, 0.11928137969657378]
Games played: 9
Exploitability: P1=2.800000000 P2=0.007094629 EV: (0.00412535294122264, -0.00412535294122264) P1 Winnings: -26.0
Choosing model 3
[0.15729898865094882, 0.3239280603700519, 0.14302558569488782, 0.2637593173541568, 0.11198804792995459]
Games played: 10
Exploitability: P1=1.933333333 P2=0.007094629 EV: (-0.05487216737636598, 0.05487216737636598) P1 Winnings: -21.0
Choosing model 1
[0.17185711072190749, 0.2739256617392903, 0.15291988204444187, 0.26912092748062266, 0.13217641801373764]
Games played: 11
Exploitability: P1=2.800000000 P2=0.007094629 EV: (0.00412535294122264, -0.00412535294122264) P1 Winnings: -18.0
Choosing model 3
[0.18454272490183288, 0.23097413454385676, 0.16091281655379833, 0.2710168693110097, 0.15255345468950218]
Games played: 12
Exploitability: P1=1.933333333 P2=0.007094629 EV: (-0.05487216737636598, 0.05487216737636598) P1 Winnings: -15.0
Choosing model 2
[0.19041334652651204, 0.21205133139373486, 0.1653108965336556, 0.2745744087263816, 0.15765001681971597]
Games played: 13
Exploitability: P1=4.600000000 P2=0.007094629 EV: (-0.0418155798133068, 0.0418155798133068) P1 Winnings: -20.0
Choosing model 2
[0.18409324664898935, 0.29977169462153885, 0.20321576912753597, 0.2132570863854898, 0.09966220321644613]
Games played: 14
Exploitability: P1=4.600000000 P2=0.007094629 EV: (-0.0418155798133068, 0.0418155798133068) P1 Winnings: -15.0
Choosing model 1
[0.17772767866458195, 0.34178214888898706, 0.21732353823730755, 0.185025260944408, 0.07814137326471553]
Games played: 15
Exploitability: P1=2.800000000 P2=0.007094629 EV: (0.00412535294122264, -0.00412535294122264) P1 Winnings: -10.0
Choosing model 2
[0.19184742767210677, 0.29891640915347645, 0.23054600738761283, 0.18899253124375529, 0.08969762454304864]
Games played: 16
Exploitability: P1=4.600000000 P2=0.007094629 EV: (-0.0418155798133068, 0.0418155798133068) P1 Winnings: -9.0
Choosing model 1
[0.1987269496995604, 0.27434780932918496, 0.2197062731429752, 0.20606773753879112, 0.10115123028948837]
Games played: 17
Exploitability: P1=2.800000000 P2=0.007094629 EV: (0.00412535294122264, -0.00412535294122264) P1 Winnings: -18.0
Choosing model 0
[0.204669980351895, 0.250351289227463, 0.20817276197032356, 0.2233942340023933, 0.11341173444792507]
Games played: 18
Exploitability: P1=1.900000000 P2=0.007094629 EV: (-0.08639366982239387, 0.08639366982239387) P1 Winnings: -9.0
Choosing model 4
[0.20705687418354551, 0.2614920258757563, 0.22299431252425425, 0.20434891643077005, 0.1041078709856739]
Games played: 19
Exploitability: P1=2.600000000 P2=0.007094629 EV: (-0.11027034191666532, 0.11027034191666532) P1 Winnings: -8.0
Choosing model 1
[0.20267543838944468, 0.27404909370706293, 0.22011020208896745, 0.20494429967970604, 0.09822096613481893]
Games played: 20
Exploitability: P1=2.800000000 P2=0.007094629 EV: (0.00412535294122264, -0.00412535294122264) P1 Winnings: -9.0
Choosing model 2
[0.21574741058080887, 0.23635909021034607, 0.23026852009104562, 0.2064396046357052, 0.11118537448209426]
Games played: 21
Exploitability: P1=4.600000000 P2=0.007094629 EV: (-0.0418155798133068, 0.0418155798133068) P1 Winnings: -8.0
Choosing model 1
[0.2102606084940033, 0.21216786249128947, 0.17830448261737852, 0.26856428817078953, 0.13070275822653904]
Games played: 22
Exploitability: P1=2.800000000 P2=0.007094629 EV: (0.00412535294122264, -0.00412535294122264) P1 Winnings: -21.0
Choosing model 2
[0.20873449339936992, 0.2799355921286841, 0.23948246455873062, 0.1870931483665211, 0.08475430154669422]
Games played: 23
Exploitability: P1=4.600000000 P2=0.007094629 EV: (-0.0418155798133068, 0.0418155798133068) P1 Winnings: -16.0
Choosing model 1
[0.2092771566634663, 0.2897736130282083, 0.25423521115859127, 0.16960957324955728, 0.07710444590017694]
Games played: 24
Exploitability: P1=2.800000000 P2=0.007094629 EV: (0.00412535294122264, -0.00412535294122264) P1 Winnings: -15.0
Choosing model 0
[0.22349162061081027, 0.25072507947543166, 0.26682404549057004, 0.17139680018955342, 0.08756245423363451]
Games played: 25
Exploitability: P1=1.900000000 P2=0.007094629 EV: (-0.08639366982239387, 0.08639366982239387) P1 Winnings: -16.0
Choosing model 4
[0.2188920243942579, 0.2629207869641806, 0.2635290982505877, 0.17199801681229626, 0.08266007357867762]
Games played: 26
Exploitability: P1=2.600000000 P2=0.007094629 EV: (-0.11027034191666532, 0.11027034191666532) P1 Winnings: -17.0
Choosing model 3
[0.22661678915624262, 0.24162749469031197, 0.2709407080288163, 0.17376365671911995, 0.08705135140550901]
Games played: 27
Exploitability: P1=1.933333333 P2=0.007094629 EV: (-0.05487216737636598, 0.05487216737636598) P1 Winnings: -17.0
Choosing model 3
[0.24921760427230144, 0.18232052207946067, 0.28809537270987057, 0.17201699297091402, 0.10834950796745325]
Games played: 28
Exploitability: P1=1.933333333 P2=0.007094629 EV: (-0.05487216737636598, 0.05487216737636598) P1 Winnings: -14.0
Choosing model 3
[0.24921755163978188, 0.18232065896765132, 0.28809534672631426, 0.17201701684851992, 0.10834942581773264]
Games played: 29
Exploitability: P1=1.933333333 P2=0.007094629 EV: (-0.05487216737636598, 0.05487216737636598) P1 Winnings: -17.0
Choosing model 0
[0.22977563723643374, 0.23233573224725243, 0.2752287745230745, 0.17632570527248526, 0.08633415072075411]
Games played: 30
Exploitability: P1=1.900000000 P2=0.007094629 EV: (-0.08639366982239387, 0.08639366982239387) P1 Winnings: -30.0
Choosing model 0
[0.22528135959941245, 0.24389095782638653, 0.2721134602654379, 0.17712870274584366, 0.08158551956291955]
Games played: 31
Exploitability: P1=1.900000000 P2=0.007094629 EV: (-0.08639366982239387, 0.08639366982239387) P1 Winnings: -25.0
Choosing model 1
[0.21268967947165324, 0.276471846653437, 0.262443053013687, 0.17805078719788528, 0.07034463366333753]
Games played: 32
Exploitability: P1=2.800000000 P2=0.007094629 EV: (0.00412535294122264, -0.00412535294122264) P1 Winnings: -25.0
Choosing model 3
[0.2454879514580096, 0.19132908156840012, 0.288489604239736, 0.17687194270185755, 0.09782142003199669]
Games played: 33
Exploitability: P1=1.933333333 P2=0.007094629 EV: (-0.05487216737636598, 0.05487216737636598) P1 Winnings: -24.0
Choosing model 2
[0.25729628946036454, 0.17254112368330196, 0.32747079329446244, 0.15045910641131835, 0.09223268715055277]
Games played: 34
Exploitability: P1=4.600000000 P2=0.007094629 EV: (-0.0418155798133068, 0.0418155798133068) P1 Winnings: -21.0
Choosing model 2
[0.23846704781531786, 0.2209396688217261, 0.35462869803176145, 0.12409805958524302, 0.06186652574595158]
Games played: 35
Exploitability: P1=4.600000000 P2=0.007094629 EV: (-0.0418155798133068, 0.0418155798133068) P1 Winnings: -12.0
Choosing model 2
[0.21625113774672872, 0.27692266097883284, 0.3332238992927292, 0.125116296457222, 0.04848600552448723]
Games played: 36
Exploitability: P1=4.600000000 P2=0.007094629 EV: (-0.0418155798133068, 0.0418155798133068) P1 Winnings: -21.0
Choosing model 3
[0.21625089197785746, 0.27692328059792326, 0.3332236618720575, 0.12511630803137946, 0.04848585752078224]
Games played: 37
Exploitability: P1=1.933333333 P2=0.007094629 EV: (-0.05487216737636598, 0.05487216737636598) P1 Winnings: -30.0
Choosing model 1
[0.21366083321976304, 0.2824877308217751, 0.3486078957993709, 0.11177528992770609, 0.043468250231384835]
Games played: 38
Exploitability: P1=2.800000000 P2=0.007094629 EV: (0.00412535294122264, -0.00412535294122264) P1 Winnings: -29.0
Choosing model 2
[0.22799499757973574, 0.24423028366759622, 0.3655842409028877, 0.1128649608895676, 0.04932551696021265]
Games played: 39
Exploitability: P1=4.600000000 P2=0.007094629 EV: (-0.0418155798133068, 0.0418155798133068) P1 Winnings: -30.0
Choosing model 0
[0.21450629282319136, 0.2713662132227458, 0.3810082116162152, 0.0954298402627564, 0.037689442075091395]
Games played: 40
Exploitability: P1=1.900000000 P2=0.007094629 EV: (-0.08639366982239387, 0.08639366982239387) P1 Winnings: -25.0
Choosing model 1
[0.18870966101112469, 0.34043295436215953, 0.34832682582441643, 0.09418502666713502, 0.028345532135164307]
Games played: 41
Exploitability: P1=2.800000000 P2=0.007094629 EV: (0.00412535294122264, -0.00412535294122264) P1 Winnings: -25.0
Choosing model 4
[0.2037629728294241, 0.2978257169990141, 0.3696306553785608, 0.09623337189653812, 0.03254728289646282]
Games played: 42
Exploitability: P1=2.600000000 P2=0.007094629 EV: (-0.11027034191666532, 0.11027034191666532) P1 Winnings: -24.0
Choosing model 4
[0.2379295981517951, 0.20851240020092274, 0.4110574803911929, 0.09671195304710326, 0.04578856820898604]
Games played: 43
Exploitability: P1=2.600000000 P2=0.007094629 EV: (-0.11027034191666532, 0.11027034191666532) P1 Winnings: -23.0
Choosing model 2
[0.23384821371430334, 0.21158778158285405, 0.42778201143883215, 0.0859469785346917, 0.04083501472931872]
Games played: 44
Exploitability: P1=4.600000000 P2=0.007094629 EV: (-0.0418155798133068, 0.0418155798133068) P1 Winnings: -22.0
Choosing model 3
[0.24594873551347013, 0.17908008069218484, 0.44664362172792627, 0.08319530422563391, 0.04513225784078478]
Games played: 45
Exploitability: P1=1.933333333 P2=0.007094629 EV: (-0.05487216737636598, 0.05487216737636598) P1 Winnings: -21.0
Choosing model 1
[0.2594128353291719, 0.14619641429135685, 0.4610166881621979, 0.08194902022242047, 0.05142504199485292]
Games played: 46
Exploitability: P1=2.800000000 P2=0.007094629 EV: (0.00412535294122264, -0.00412535294122264) P1 Winnings: -21.0
Choosing model 3
[0.2648977793500021, 0.13252043762753687, 0.467505844952888, 0.08165898671055109, 0.053416951359021976]
Games played: 47
Exploitability: P1=1.933333333 P2=0.007094629 EV: (-0.05487216737636598, 0.05487216737636598) P1 Winnings: -21.0
Choosing model 2
[0.26501122944369054, 0.11407149007753158, 0.5065380415085553, 0.06630497821023854, 0.048074260759984104]
Games played: 48
Exploitability: P1=4.600000000 P2=0.007094629 EV: (-0.0418155798133068, 0.0418155798133068) P1 Winnings: -18.0
Choosing model 2
[0.259127000804248, 0.11515919440786451, 0.5244388242049879, 0.058621834149465556, 0.04265314643343403]
Games played: 49
Exploitability: P1=4.600000000 P2=0.007094629 EV: (-0.0418155798133068, 0.0418155798133068) P1 Winnings: -17.0
Choosing model 2
[0.27509698814834055, 0.11917623867126102, 0.48138479463113054, 0.07499404388594272, 0.049347934663325176]
Games played: 50
Exploitability: P1=4.600000000 P2=0.007094629 EV: (-0.0418155798133068, 0.0418155798133068) P1 Winnings: -17.0
Choosing model 1
[0.2841368938433862, 0.09973117503248916, 0.48863445546111034, 0.07329616799812964, 0.05420130766488463]
Games played: 51
Exploitability: P1=2.800000000 P2=0.007094629 EV: (0.00412535294122264, -0.00412535294122264) P1 Winnings: -16.0
Choosing model 2
[0.2810457135191948, 0.10561818975306496, 0.4873807100010547, 0.07428183940205092, 0.0516735473246345]
Games played: 52
Exploitability: P1=4.600000000 P2=0.007094629 EV: (-0.0418155798133068, 0.0418155798133068) P1 Winnings: -29.0
Choosing model 4
[0.28948709709033116, 0.0881435288420216, 0.49336746662664527, 0.07240150588615275, 0.05660040155484921]
Games played: 53
Exploitability: P1=2.600000000 P2=0.007094629 EV: (-0.11027034191666532, 0.11027034191666532) P1 Winnings: -28.0
Choosing model 2
[0.2970722780895362, 0.07328631284564012, 0.49756894863287204, 0.07030617071268966, 0.061766289719261985]
Games played: 54
Exploitability: P1=4.600000000 P2=0.007094629 EV: (-0.0418155798133068, 0.0418155798133068) P1 Winnings: -29.0
Choosing model 2
[0.2914745822159811, 0.07423941584825927, 0.5169234192443783, 0.06237303551664236, 0.054989547174738945]
Games played: 55
Exploitability: P1=4.600000000 P2=0.007094629 EV: (-0.0418155798133068, 0.0418155798133068) P1 Winnings: -28.0
Choosing model 4
[0.2888352657176224, 0.07876667660250616, 0.5165479581847727, 0.06332839071856597, 0.05252170877653261]
Games played: 56
Exploitability: P1=2.600000000 P2=0.007094629 EV: (-0.11027034191666532, 0.11027034191666532) P1 Winnings: -41.0
Choosing model 0
[0.2951854857546318, 0.0647788840680728, 0.5240630158391182, 0.05956633736192001, 0.05640627697625727]
Games played: 57
Exploitability: P1=1.900000000 P2=0.007094629 EV: (-0.08639366982239387, 0.08639366982239387) P1 Winnings: -40.0
Choosing model 2
[0.29272399305570374, 0.06877890167857356, 0.5240608916697513, 0.060522415767048435, 0.05391379782892284]
Games played: 58
Exploitability: P1=4.600000000 P2=0.007094629 EV: (-0.0418155798133068, 0.0418155798133068) P1 Winnings: -41.0
Choosing model 2
[0.30483709825277383, 0.04816003755124474, 0.5265402366334896, 0.05636880605723587, 0.06409382150525596]
Games played: 59
Exploitability: P1=4.600000000 P2=0.007094629 EV: (-0.0418155798133068, 0.0418155798133068) P1 Winnings: -46.0
Choosing model 2
[0.3023322621558644, 0.05095943854131625, 0.5293621819743481, 0.05645481037369055, 0.06089130695478059]
Games played: 60
Exploitability: P1=4.600000000 P2=0.007094629 EV: (-0.0418155798133068, 0.0418155798133068) P1 Winnings: -41.0
Choosing model 2
[0.33160092393414775, 0.029482614485061277, 0.4899388248332266, 0.05863478775174472, 0.09034284899581962]
Games played: 61
Exploitability: P1=4.600000000 P2=0.007094629 EV: (-0.0418155798133068, 0.0418155798133068) P1 Winnings: -46.0
Choosing model 2
[0.34003450768297855, 0.018126742617674475, 0.4784763024651417, 0.05174804845695718, 0.11161439877724803]
Games played: 62
Exploitability: P1=4.600000000 P2=0.007094629 EV: (-0.0418155798133068, 0.0418155798133068) P1 Winnings: -51.0
Choosing model 0
[0.3391728596994434, 0.019358705583924465, 0.4812751578756049, 0.05288641379777002, 0.10730686304325739]
Games played: 63
Exploitability: P1=1.900000000 P2=0.007094629 EV: (-0.08639366982239387, 0.08639366982239387) P1 Winnings: -64.0
Choosing model 2
[0.33450771470772067, 0.01971217163988279, 0.5025888701770849, 0.047162198093155874, 0.09602904538215569]
Games played: 64
Exploitability: P1=4.600000000 P2=0.007094629 EV: (-0.0418155798133068, 0.0418155798133068) P1 Winnings: -63.0
Choosing model 2
[0.3154373362380143, 0.02568192982211643, 0.5537659890120643, 0.03957789181448994, 0.06553685311331511]
Games played: 65
Exploitability: P1=4.600000000 P2=0.007094629 EV: (-0.0418155798133068, 0.0418155798133068) P1 Winnings: -54.0
Choosing model 2
[0.3154372591068191, 0.02568201019360724, 0.5537660884022438, 0.03957793077830346, 0.06553671151902639]
Games played: 66
Exploitability: P1=4.600000000 P2=0.007094629 EV: (-0.0418155798133068, 0.0418155798133068) P1 Winnings: -63.0
Choosing model 2
[0.3138449238210259, 0.027358329674429676, 0.5556014705785313, 0.0403466280887347, 0.06284864783727843]
Games played: 67
Exploitability: P1=4.600000000 P2=0.007094629 EV: (-0.0418155798133068, 0.0418155798133068) P1 Winnings: -76.0
Choosing model 2
[0.31796279446135034, 0.022456922676792272, 0.5531902403082997, 0.03867952622880249, 0.06771051632475529]
Games played: 68
Exploitability: P1=4.600000000 P2=0.007094629 EV: (-0.0418155798133068, 0.0418155798133068) P1 Winnings: -75.0
Choosing model 0
[0.2723199692170349, 0.02556204772432479, 0.6409923488090459, 0.023246503785519096, 0.03787913046407529]
Games played: 69
Exploitability: P1=1.900000000 P2=0.007094629 EV: (-0.08639366982239387, 0.08639366982239387) P1 Winnings: -70.0
Choosing model 2
[0.27058915799174854, 0.027194744972425182, 0.6422715121859882, 0.02366685712692331, 0.03627772772291471]
Games played: 70
Exploitability: P1=4.600000000 P2=0.007094629 EV: (-0.0418155798133068, 0.0418155798133068) P1 Winnings: -79.0
Choosing model 0
[0.2619315179803188, 0.027179124996805686, 0.6583099277714862, 0.02071489955759914, 0.031864529693790326]
Games played: 71
Exploitability: P1=1.900000000 P2=0.007094629 EV: (-0.08639366982239387, 0.08639366982239387) P1 Winnings: -78.0
Choosing model 2
[0.28554610247194845, 0.028882969194356546, 0.6205020883355968, 0.027212316385509965, 0.03785652361258816]
Games played: 72
Exploitability: P1=4.600000000 P2=0.007094629 EV: (-0.0418155798133068, 0.0418155798133068) P1 Winnings: -69.0
Choosing model 2
[0.2999904051889989, 0.02688585914912747, 0.599733683253107, 0.03009270409645603, 0.04329734831231052]
Games played: 73
Exploitability: P1=4.600000000 P2=0.007094629 EV: (-0.0418155798133068, 0.0418155798133068) P1 Winnings: -78.0
Choosing model 2
[0.2914073198993011, 0.036097055967589727, 0.6036480079980315, 0.032499237417805485, 0.03634837871727212]
Games played: 74
Exploitability: P1=4.600000000 P2=0.007094629 EV: (-0.0418155798133068, 0.0418155798133068) P1 Winnings: -87.0
Choosing model 0
[0.2963552706121267, 0.02974291328227167, 0.6033173531975081, 0.031275070629166735, 0.03930939227892674]
Games played: 75
Exploitability: P1=1.900000000 P2=0.007094629 EV: (-0.08639366982239387, 0.08639366982239387) P1 Winnings: -88.0
Choosing model 2
[0.3046584198671301, 0.020979566763063427, 0.5996840156577093, 0.02894189770465021, 0.045736100007446934]
Games played: 76
Exploitability: P1=4.600000000 P2=0.007094629 EV: (-0.0418155798133068, 0.0418155798133068) P1 Winnings: -95.0
Choosing model 0
[0.31357378597033625, 0.037588322301189615, 0.5650631546150859, 0.04273350198420209, 0.04104123512918616]
Games played: 77
Exploitability: P1=1.900000000 P2=0.007094629 EV: (-0.08639366982239387, 0.08639366982239387) P1 Winnings: -104.0
Choosing model 2
[0.31140230493802784, 0.03996625620875116, 0.5658664966805471, 0.04348130742223074, 0.03928363475044309]
Games played: 78
Exploitability: P1=4.600000000 P2=0.007094629 EV: (-0.0418155798133068, 0.0418155798133068) P1 Winnings: -105.0
Choosing model 2
[0.2947750650134571, 0.0446790500361478, 0.5933556098102817, 0.03698978931536846, 0.030200485824745084]
Games played: 79
Exploitability: P1=4.600000000 P2=0.007094629 EV: (-0.0418155798133068, 0.0418155798133068) P1 Winnings: -100.0
Choosing model 0
[0.3397431387928368, 0.04054283961463277, 0.5151290783483904, 0.05747029275637559, 0.04711465048776454]
Games played: 80
Exploitability: P1=1.900000000 P2=0.007094629 EV: (-0.08639366982239387, 0.08639366982239387) P1 Winnings: -109.0
Choosing model 2
[0.3374132211316683, 0.04311059102653409, 0.5158962562354661, 0.05847992993325577, 0.0451000016730758]
Games played: 81
Exploitability: P1=4.600000000 P2=0.007094629 EV: (-0.0418155798133068, 0.0418155798133068) P1 Winnings: -104.0
Choosing model 3
[0.3345289636797194, 0.04560125015373615, 0.5184879628703681, 0.058549597654248914, 0.04283222564192745]
Games played: 82
Exploitability: P1=1.933333333 P2=0.007094629 EV: (-0.05487216737636598, 0.05487216737636598) P1 Winnings: -99.0
Choosing model 4
[0.3320477865462051, 0.04846208217174299, 0.5189678567246935, 0.05954465994630676, 0.04097761461105173]
Games played: 83
Exploitability: P1=2.600000000 P2=0.007094629 EV: (-0.11027034191666532, 0.11027034191666532) P1 Winnings: -110.0
Choosing model 2
[0.3247047074659968, 0.04892864366376542, 0.5373569024068681, 0.052649674310274494, 0.03636007215309516]
Games played: 84
Exploitability: P1=4.600000000 P2=0.007094629 EV: (-0.0418155798133068, 0.0418155798133068) P1 Winnings: -109.0
Choosing model 1
[0.33914411603506794, 0.045280356023729235, 0.516348119022524, 0.0578836576034595, 0.04134375131521939]
Games played: 85
Exploitability: P1=2.800000000 P2=0.007094629 EV: (0.00412535294122264, -0.00412535294122264) P1 Winnings: -100.0
Choosing model 0
[0.3160399152602137, 0.0757712074947892, 0.5132877204672713, 0.06538372158115512, 0.029517435196570685]
Games played: 86
Exploitability: P1=1.900000000 P2=0.007094629 EV: (-0.08639366982239387, 0.08639366982239387) P1 Winnings: -93.0
Choosing model 2
[0.33038336079211306, 0.0543491703852263, 0.5188158444376049, 0.061528176170335375, 0.034923448214720536]
Games played: 87
Exploitability: P1=4.600000000 P2=0.007094629 EV: (-0.0418155798133068, 0.0418155798133068) P1 Winnings: -100.0
Choosing model 0
[0.34329800750684786, 0.03797240617005579, 0.5201237218507656, 0.05717948523801294, 0.04142637923431772]
Games played: 88
Exploitability: P1=1.900000000 P2=0.007094629 EV: (-0.08639366982239387, 0.08639366982239387) P1 Winnings: -105.0
Choosing model 2
[0.3369160724779716, 0.044745835322638705, 0.5214600070508082, 0.05974815317597196, 0.03712993197260962]
Games played: 89
Exploitability: P1=4.600000000 P2=0.007094629 EV: (-0.0418155798133068, 0.0418155798133068) P1 Winnings: -105.0
Choosing model 0
[0.344043850483007, 0.03523964117824488, 0.523864772562115, 0.05614768963186816, 0.04070404614476501]
Games played: 90
Exploitability: P1=1.900000000 P2=0.007094629 EV: (-0.08639366982239387, 0.08639366982239387) P1 Winnings: -102.0
Choosing model 2
[0.3363664912852957, 0.035571609415110755, 0.5423160993482167, 0.04963587592070411, 0.036109924030672716]
Games played: 91
Exploitability: P1=4.600000000 P2=0.007094629 EV: (-0.0418155798133068, 0.0418155798133068) P1 Winnings: -101.0
Choosing model 2
[0.3334419545692348, 0.037621159439793606, 0.5449600774687039, 0.04968767211797356, 0.03428913640429402]
Games played: 92
Exploitability: P1=4.600000000 P2=0.007094629 EV: (-0.0418155798133068, 0.0418155798133068) P1 Winnings: -96.0
Choosing model 2
[0.2830576926598246, 0.04244525124215953, 0.625885022881704, 0.02959897588505514, 0.019013057331256727]
Games played: 93
Exploitability: P1=4.600000000 P2=0.007094629 EV: (-0.0418155798133068, 0.0418155798133068) P1 Winnings: -91.0
Choosing model 0
[0.29611422821687544, 0.026608899157714368, 0.6270588936353199, 0.027008138469072664, 0.02320984052101771]
Games played: 94
Exploitability: P1=1.900000000 P2=0.007094629 EV: (-0.08639366982239387, 0.08639366982239387) P1 Winnings: -88.0
Choosing model 0
[0.345434585334982, 0.024439016876414144, 0.5510055026418083, 0.04247200800794804, 0.036648887138847556]
Games played: 95
Exploitability: P1=1.900000000 P2=0.007094629 EV: (-0.08639366982239387, 0.08639366982239387) P1 Winnings: -79.0
Choosing model 2
[0.347449293900816, 0.02187190170372465, 0.5518130151635898, 0.041946109493053566, 0.03691967973881606]
Games played: 96
Exploitability: P1=4.600000000 P2=0.007094629 EV: (-0.0418155798133068, 0.0418155798133068) P1 Winnings: -84.0
Choosing model 0
[0.3447346110102004, 0.023152673275420466, 0.5549962737759437, 0.04202721223687386, 0.03508922970156144]
Games played: 97
Exploitability: P1=1.900000000 P2=0.007094629 EV: (-0.08639366982239387, 0.08639366982239387) P1 Winnings: -79.0
Choosing model 0
[0.3426479826191783, 0.023829794008541186, 0.5576167102864542, 0.04295626081080547, 0.03294925227502079]
Games played: 98
Exploitability: P1=1.900000000 P2=0.007094629 EV: (-0.08639366982239387, 0.08639366982239387) P1 Winnings: -79.0
Choosing model 2
[0.3551976587469073, 0.014811140846460433, 0.5505148225645939, 0.03832477983794455, 0.04115159800409373]
Games played: 99
Exploitability: P1=4.600000000 P2=0.007094629 EV: (-0.0418155798133068, 0.0418155798133068) P1 Winnings: -78.0
Choosing model 2
[0.37002427882552413, 0.013670978251338948, 0.5276102315328598, 0.04202467564674654, 0.04666983574353074]
Games played: 100
Exploitability: P1=4.600000000 P2=0.007094629 EV: (-0.0418155798133068, 0.0418155798133068) P1 Winnings: -87.0
Choosing model 2
[0.37413478741073825, 0.0111994560883104, 0.524277241364193, 0.04020822901691461, 0.05018028611984381]
Games played: 101
Exploitability: P1=4.600000000 P2=0.007094629 EV: (-0.0418155798133068, 0.0418155798133068) P1 Winnings: -86.0
Choosing model 4
[0.35682944137614103, 0.014851867519661905, 0.5532908205205136, 0.037010190821279446, 0.038017679762403916]
Games played: 102
Exploitability: P1=2.600000000 P2=0.007094629 EV: (-0.11027034191666532, 0.11027034191666532) P1 Winnings: -81.0
Choosing model 2
[0.3568294171327125, 0.0148518797287958, 0.5532908448979518, 0.0370102002980871, 0.038017657942452696]
Games played: 103
Exploitability: P1=4.600000000 P2=0.007094629 EV: (-0.0418155798133068, 0.0418155798133068) P1 Winnings: -82.0
Choosing model 0
[0.3596855200550861, 0.012047304480425174, 0.5536609190236593, 0.034335344000434906, 0.04027091244039464]
Games played: 104
Exploitability: P1=1.900000000 P2=0.007094629 EV: (-0.08639366982239387, 0.08639366982239387) P1 Winnings: -81.0
Choosing model 2
[0.3596854972223147, 0.012047314437786472, 0.5536609458875092, 0.03433535294550676, 0.04027088950688282]
Games played: 105
Exploitability: P1=4.600000000 P2=0.007094629 EV: (-0.0418155798133068, 0.0418155798133068) P1 Winnings: -82.0
Choosing model 2
[0.3516575559792758, 0.01613777857079948, 0.5609163067292502, 0.03730939631908539, 0.033978962401589125]
Games played: 106
Exploitability: P1=4.600000000 P2=0.007094629 EV: (-0.0418155798133068, 0.0418155798133068) P1 Winnings: -77.0
Choosing model 2
[0.2979235301093083, 0.018170664829496117, 0.6429216783191406, 0.022180758290120253, 0.01880336845193483]
Games played: 107
Exploitability: P1=4.600000000 P2=0.007094629 EV: (-0.0418155798133068, 0.0418155798133068) P1 Winnings: -72.0
Choosing model 0
[0.30244775032623417, 0.014226666737878181, 0.6421104556321926, 0.02072226756765799, 0.020492859736036973]
Games played: 108
Exploitability: P1=1.900000000 P2=0.007094629 EV: (-0.08639366982239387, 0.08639366982239387) P1 Winnings: -69.0
Choosing model 2
[0.2837760472351881, 0.015764132488584607, 0.6673709042982288, 0.01747322205356519, 0.015615693924433205]
Games played: 109
Exploitability: P1=4.600000000 P2=0.007094629 EV: (-0.0418155798133068, 0.0418155798133068) P1 Winnings: -64.0
Choosing model 0
[0.28793450945379223, 0.01295947859348164, 0.665480261896184, 0.01677658974255507, 0.016849160313987126]
Games played: 110
Exploitability: P1=1.900000000 P2=0.007094629 EV: (-0.08639366982239387, 0.08639366982239387) P1 Winnings: -63.0
Choosing model 2
[0.27781741415641575, 0.012910004283250636, 0.6798847520019009, 0.014636401161469765, 0.014751428396962958]
Games played: 111
Exploitability: P1=4.600000000 P2=0.007094629 EV: (-0.0418155798133068, 0.0418155798133068) P1 Winnings: -62.0
Choosing model 2
[0.2677340777377966, 0.01284528327622867, 0.6937673634727348, 0.012753910541232096, 0.012899364972007839]
Games played: 112
Exploitability: P1=4.600000000 P2=0.007094629 EV: (-0.0418155798133068, 0.0418155798133068) P1 Winnings: -61.0
Choosing model 2
[0.271607778261297, 0.010558002485441744, 0.6916752928301304, 0.012243197256001575, 0.013915729167129312]
Games played: 113
Exploitability: P1=4.600000000 P2=0.007094629 EV: (-0.0418155798133068, 0.0418155798133068) P1 Winnings: -62.0
Choosing model 2
[0.3143520279567657, 0.0112551371053277, 0.6360506383611969, 0.01891523882690164, 0.019426957749807943]
Games played: 114
Exploitability: P1=4.600000000 P2=0.007094629 EV: (-0.0418155798133068, 0.0418155798133068) P1 Winnings: -49.0
Choosing model 2
[0.3039609808598941, 0.011236355537085305, 0.6512198655275437, 0.016537820514259505, 0.017044977561217284]
Games played: 115
Exploitability: P1=4.600000000 P2=0.007094629 EV: (-0.0418155798133068, 0.0418155798133068) P1 Winnings: -48.0
Choosing model 0
[0.24860060068643167, 0.01221383426397667, 0.720588171250025, 0.009491523468715573, 0.009105870330851258]
Games played: 116
Exploitability: P1=1.900000000 P2=0.007094629 EV: (-0.08639366982239387, 0.08639366982239387) P1 Winnings: -43.0
Choosing model 2
[0.2307917884345331, 0.013390960927420219, 0.7410328452902377, 0.007918892496960872, 0.006865512850848084]
Games played: 117
Exploitability: P1=4.600000000 P2=0.007094629 EV: (-0.0418155798133068, 0.0418155798133068) P1 Winnings: -38.0
Choosing model 2
[0.22887989485127846, 0.013751652512256416, 0.7428603393971724, 0.008075777341340446, 0.006432335897952276]
Games played: 118
Exploitability: P1=4.600000000 P2=0.007094629 EV: (-0.0418155798133068, 0.0418155798133068) P1 Winnings: -33.0
Choosing model 0
[0.21135921878771244, 0.017657124773947333, 0.7590678417592688, 0.0071973343259696355, 0.004718480353101978]
Games played: 119
Exploitability: P1=1.900000000 P2=0.007094629 EV: (-0.08639366982239387, 0.08639366982239387) P1 Winnings: -28.0
Choosing model 2
[0.20094286740182224, 0.02667230553323428, 0.7607920483092987, 0.00799847269553373, 0.003594306060111136]
Games played: 120
Exploitability: P1=4.600000000 P2=0.007094629 EV: (-0.0418155798133068, 0.0418155798133068) P1 Winnings: -33.0
Choosing model 2
[0.2047044701452269, 0.022014800651315444, 0.7616766155400434, 0.00771035727152457, 0.0038937563918898244]
Games played: 121
Exploitability: P1=4.600000000 P2=0.007094629 EV: (-0.0418155798133068, 0.0418155798133068) P1 Winnings: -32.0
Choosing model 2
[0.22653933456582276, 0.027670485391523718, 0.7309437941880016, 0.010288706214764541, 0.004557679639887359]
Games played: 122
Exploitability: P1=4.600000000 P2=0.007094629 EV: (-0.0418155798133068, 0.0418155798133068) P1 Winnings: -27.0
Choosing model 2
[0.27662190529548547, 0.026601737714775132, 0.6723075575619109, 0.01693578435370754, 0.007533015074120867]
Games played: 123
Exploitability: P1=4.600000000 P2=0.007094629 EV: (-0.0418155798133068, 0.0418155798133068) P1 Winnings: -27.0
Choosing model 1
[0.2766217998485359, 0.026601817329028693, 0.6723075863411366, 0.01693579871204111, 0.0075329977692577595]
Games played: 124
Exploitability: P1=2.800000000 P2=0.007094629 EV: (0.00412535294122264, -0.00412535294122264) P1 Winnings: -36.0
Choosing model 2
[0.28609090732537357, 0.018499118806974215, 0.6708508569044294, 0.01566521713298055, 0.008893899830242294]
Games played: 125
Exploitability: P1=4.600000000 P2=0.007094629 EV: (-0.0418155798133068, 0.0418155798133068) P1 Winnings: -41.0
Choosing model 2
[0.32188389645713034, 0.010978837506278288, 0.6369111908791287, 0.016689940171282995, 0.013536134986179726]
Games played: 126
Exploitability: P1=4.600000000 P2=0.007094629 EV: (-0.0418155798133068, 0.0418155798133068) P1 Winnings: -41.0
Choosing model 0
[0.32717973059315014, 0.008562252008494274, 0.6335772707433625, 0.015838019880286804, 0.014842726774706385]
Games played: 127
Exploitability: P1=1.900000000 P2=0.007094629 EV: (-0.08639366982239387, 0.08639366982239387) P1 Winnings: -40.0
Choosing model 2
[0.33161079766719614, 0.006930108394393479, 0.630255678720271, 0.015127460039976299, 0.016075955178163032]
Games played: 128
Exploitability: P1=4.600000000 P2=0.007094629 EV: (-0.0418155798133068, 0.0418155798133068) P1 Winnings: -40.0
Choosing model 2
[0.3235369666267091, 0.009345230334902104, 0.637153781179199, 0.01640892314155064, 0.013555098717639096]
Games played: 129
Exploitability: P1=4.600000000 P2=0.007094629 EV: (-0.0418155798133068, 0.0418155798133068) P1 Winnings: -35.0
Choosing model 0
[0.32353687089847305, 0.009345259100798425, 0.6371538628123181, 0.0164089384531325, 0.013555068735277877]
Games played: 130
Exploitability: P1=1.900000000 P2=0.007094629 EV: (-0.08639366982239387, 0.08639366982239387) P1 Winnings: -44.0
Choosing model 2
[0.33193461933397506, 0.006446770324528113, 0.6306863098435814, 0.01505644140302441, 0.01587585909489107]
Games played: 131
Exploitability: P1=4.600000000 P2=0.007094629 EV: (-0.0418155798133068, 0.0418155798133068) P1 Winnings: -44.0
Choosing model 2
[0.3399752951085205, 0.004439755869995305, 0.6232302550794437, 0.0137920947247029, 0.018562599217337637]
Games played: 132
Exploitability: P1=4.600000000 P2=0.007094629 EV: (-0.0418155798133068, 0.0418155798133068) P1 Winnings: -49.0
Choosing model 2
[0.32886600114390657, 0.00443408301931965, 0.638343621217074, 0.012063316533078199, 0.01629297808662151]
Games played: 133
Exploitability: P1=4.600000000 P2=0.007094629 EV: (-0.0418155798133068, 0.0418155798133068) P1 Winnings: -48.0
Choosing model 0
[0.3085170806334679, 0.005783831101151153, 0.6626353933695358, 0.010921964226077283, 0.012141730669767854]
Games played: 134
Exploitability: P1=1.900000000 P2=0.007094629 EV: (-0.08639366982239387, 0.08639366982239387) P1 Winnings: -43.0
Choosing model 0
[0.3096607863536127, 0.005165350538877613, 0.6622043297447796, 0.010763933967461567, 0.012205599395268628]
Games played: 135
Exploitability: P1=1.900000000 P2=0.007094629 EV: (-0.08639366982239387, 0.08639366982239387) P1 Winnings: -48.0
Choosing model 0
[0.363024526835267, 0.007442923795857199, 0.5918459314938451, 0.02037500377578453, 0.01731161409924614]
Games played: 136
Exploitability: P1=1.900000000 P2=0.007094629 EV: (-0.08639366982239387, 0.08639366982239387) P1 Winnings: -53.0
Choosing model 2
[0.3630245011502257, 0.007442929893463799, 0.5918459559058974, 0.02037500893570785, 0.017311604114705247]
Games played: 137
Exploitability: P1=4.600000000 P2=0.007094629 EV: (-0.0418155798133068, 0.0418155798133068) P1 Winnings: -54.0
Choosing model 2
[0.30271010743201354, 0.008248540797408483, 0.6676899223682558, 0.011922356615419353, 0.009429072786902812]
Games played: 138
Exploitability: P1=4.600000000 P2=0.007094629 EV: (-0.0418155798133068, 0.0418155798133068) P1 Winnings: -49.0
Choosing model 2
[0.3125550777102768, 0.005103760059490297, 0.6602431697717949, 0.010737307674811803, 0.011360684783626179]
Games played: 139
Exploitability: P1=4.600000000 P2=0.007094629 EV: (-0.0418155798133068, 0.0418155798133068) P1 Winnings: -46.0
Choosing model 0
[0.31631450021209206, 0.003983543633310037, 0.6573589466491226, 0.01000007540300857, 0.012342934102466691]
Games played: 140
Exploitability: P1=1.900000000 P2=0.007094629 EV: (-0.08639366982239387, 0.08639366982239387) P1 Winnings: -43.0
Choosing model 0
[0.3145510392630725, 0.004241310374660122, 0.659188344809818, 0.010188900818466308, 0.011830404733982959]
Games played: 141
Exploitability: P1=1.900000000 P2=0.007094629 EV: (-0.08639366982239387, 0.08639366982239387) P1 Winnings: -44.0
Choosing model 0
[0.30336915472694626, 0.004223314892643971, 0.6731691325178326, 0.008885308393816902, 0.01035308946876017]
Games played: 142
Exploitability: P1=1.900000000 P2=0.007094629 EV: (-0.08639366982239387, 0.08639366982239387) P1 Winnings: -43.0
Choosing model 2
[0.29227923434189507, 0.004201004195846601, 0.6867285604917619, 0.007740409187143218, 0.009050791783353211]
Games played: 143
Exploitability: P1=4.600000000 P2=0.007094629 EV: (-0.0418155798133068, 0.0418155798133068) P1 Winnings: -42.0
Choosing model 2
[0.2813162180460521, 0.004174678511660012, 0.6998682559107943, 0.006736364882713027, 0.007904482648780613]
Games played: 144
Exploitability: P1=4.600000000 P2=0.007094629 EV: (-0.0418155798133068, 0.0418155798133068) P1 Winnings: -41.0
Choosing model 2
[0.26193759801698413, 0.004590580931500235, 0.7218575718914411, 0.005636882940864641, 0.005977366219209992]
Games played: 145
Exploitability: P1=4.600000000 P2=0.007094629 EV: (-0.0418155798133068, 0.0418155798133068) P1 Winnings: -36.0
Choosing model 2
[0.2903728285824832, 0.003053396005493688, 0.69210485914162, 0.006098750414504497, 0.008370165855898715]
Games played: 146
Exploitability: P1=4.600000000 P2=0.007094629 EV: (-0.0418155798133068, 0.0418155798133068) P1 Winnings: -36.0
Choosing model 2
[0.2706379897586191, 0.0033609144531831997, 0.7145569249858266, 0.005108389303602848, 0.006335781498768331]
Games played: 147
Exploitability: P1=4.600000000 P2=0.007094629 EV: (-0.0418155798133068, 0.0418155798133068) P1 Winnings: -31.0
Choosing model 2
[0.26898645187778747, 0.003576494421605957, 0.7161654925070057, 0.005202087782356312, 0.006069473411244708]
Games played: 148
Exploitability: P1=4.600000000 P2=0.007094629 EV: (-0.0418155798133068, 0.0418155798133068) P1 Winnings: -44.0
Choosing model 2
[0.2725061911765292, 0.002935641292797619, 0.7130324335697057, 0.004986965320372357, 0.006538768640595233]
Games played: 149
Exploitability: P1=4.600000000 P2=0.007094629 EV: (-0.0418155798133068, 0.0418155798133068) P1 Winnings: -43.0
Choosing model 2
[0.2617800719552156, 0.002911630827518655, 0.7252769421546877, 0.00433173052417867, 0.005699624538399318]
Games played: 150
Exploitability: P1=4.600000000 P2=0.007094629 EV: (-0.0418155798133068, 0.0418155798133068) P1 Winnings: -42.0
Choosing model 2
[0.25447214582198835, 0.003982362240283914, 0.7320866657322209, 0.004711201223240813, 0.004747624982265928]
Games played: 151
Exploitability: P1=4.600000000 P2=0.007094629 EV: (-0.0418155798133068, 0.0418155798133068) P1 Winnings: -42.0
Choosing model 2
[0.24413980600587198, 0.003944683981469486, 0.7436956075176049, 0.004086908094007961, 0.004132994401045843]
Games played: 152
Exploitability: P1=4.600000000 P2=0.007094629 EV: (-0.0418155798133068, 0.0418155798133068) P1 Winnings: -41.0
Choosing model 2
[0.2764145064255191, 0.002355833394170717, 0.710518121185003, 0.004381676130874152, 0.006329862864432918]
Games played: 153
Exploitability: P1=4.600000000 P2=0.007094629 EV: (-0.0418155798133068, 0.0418155798133068) P1 Winnings: -46.0
Choosing model 0
[0.28360210339570263, 0.0016252316535138988, 0.7033380120191589, 0.00402070280852186, 0.007413950123102621]
Games played: 154
Exploitability: P1=1.900000000 P2=0.007094629 EV: (-0.08639366982239387, 0.08639366982239387) P1 Winnings: -51.0
Choosing model 2
[0.27259676169330505, 0.0016128709840221474, 0.7158296958859283, 0.0034944440576663714, 0.006466227379078227]
Games played: 155
Exploitability: P1=4.600000000 P2=0.007094629 EV: (-0.0418155798133068, 0.0418155798133068) P1 Winnings: -50.0
Choosing model 2
[0.3187142433780978, 0.0017369022414822587, 0.6649758266295791, 0.005453832449577906, 0.0091191953012629]
Games played: 156
Exploitability: P1=4.600000000 P2=0.007094629 EV: (-0.0418155798133068, 0.0418155798133068) P1 Winnings: -63.0
Choosing model 0
[0.32630298778522765, 0.0011956857015097495, 0.6568493137103598, 0.004993838034511289, 0.010658174768391477]
Games played: 157
Exploitability: P1=1.900000000 P2=0.007094629 EV: (-0.08639366982239387, 0.08639366982239387) P1 Winnings: -68.0
Choosing model 2
[0.32630296466457626, 0.00119568668095013, 0.6568493407356562, 0.004993839298672641, 0.010658168620144738]
Games played: 158
Exploitability: P1=4.600000000 P2=0.007094629 EV: (-0.0418155798133068, 0.0418155798133068) P1 Winnings: -69.0
Choosing model 2
[0.3188644097498509, 0.0016149429742976808, 0.6650940081073653, 0.005425483595561278, 0.009001155572924972]
Games played: 159
Exploitability: P1=4.600000000 P2=0.007094629 EV: (-0.0418155798133068, 0.0418155798133068) P1 Winnings: -78.0
Choosing model 0
[0.3072386022116256, 0.0016065714172504384, 0.6785582648406449, 0.004726863505163861, 0.007869698025315312]
Games played: 160
Exploitability: P1=1.900000000 P2=0.007094629 EV: (-0.08639366982239387, 0.08639366982239387) P1 Winnings: -77.0
Choosing model 0
[0.30723857917550296, 0.0016065727266443427, 0.6785582899624062, 0.004726864682260052, 0.007869693453186477]
Games played: 161
Exploitability: P1=1.900000000 P2=0.007094629 EV: (-0.08639366982239387, 0.08639366982239387) P1 Winnings: -78.0
Choosing model 2
[0.30723855613937995, 0.0016065740360393032, 0.678558315084164, 0.004726865859356505, 0.007869688881060244]
Games played: 162
Exploitability: P1=4.600000000 P2=0.007094629 EV: (-0.0418155798133068, 0.0418155798133068) P1 Winnings: -79.0
Choosing model 0
[0.29576195907423397, 0.0015967629782956847, 0.6916528202066398, 0.004114383322406237, 0.006874074418424256]
Games played: 163
Exploitability: P1=1.900000000 P2=0.007094629 EV: (-0.08639366982239387, 0.08639366982239387) P1 Winnings: -78.0
Choosing model 2
[0.30269649785414154, 0.001121264588695764, 0.6844293433606473, 0.0037904921546743635, 0.007962402041840911]
Games played: 164
Exploitability: P1=4.600000000 P2=0.007094629 EV: (-0.0418155798133068, 0.0418155798133068) P1 Winnings: -75.0
Choosing model 2
[0.28235201332044857, 0.0012351882186049208, 0.7072032755602877, 0.003177528372403368, 0.006031994528255497]
Games played: 165
Exploitability: P1=4.600000000 P2=0.007094629 EV: (-0.0418155798133068, 0.0418155798133068) P1 Winnings: -70.0
Choosing model 2
[0.2921015820129308, 0.000766165645840307, 0.6967846908549297, 0.002829201080744455, 0.007518360405554695]
Games played: 166
Exploitability: P1=4.600000000 P2=0.007094629 EV: (-0.0418155798133068, 0.0418155798133068) P1 Winnings: -75.0
Choosing model 2
[0.2808498476575849, 0.000760564534519748, 0.7093707228465181, 0.0024596254215125363, 0.006559239539864787]
Games played: 167
Exploitability: P1=4.600000000 P2=0.007094629 EV: (-0.0418155798133068, 0.0418155798133068) P1 Winnings: -74.0
Choosing model 0
[0.26980720318024937, 0.0007543771575947915, 0.7215841487099698, 0.0021365506591372024, 0.005717720293048733]
Games played: 168
Exploitability: P1=1.900000000 P2=0.007094629 EV: (-0.08639366982239387, 0.08639366982239387) P1 Winnings: -73.0
Choosing model 2
[0.27317591924036255, 0.0006188379316734947, 0.7180020825296668, 0.002046986590101118, 0.006156173708196092]
Games played: 169
Exploitability: P1=4.600000000 P2=0.007094629 EV: (-0.0418155798133068, 0.0418155798133068) P1 Winnings: -74.0
Choosing model 0
[0.3020800865128865, 0.0004105952870091483, 0.6867009295547556, 0.0022092170765751567, 0.008599171568773576]
Games played: 170
Exploitability: P1=1.900000000 P2=0.007094629 EV: (-0.08639366982239387, 0.08639366982239387) P1 Winnings: -74.0
Choosing model 2
[0.2978256973002684, 0.0004860579894148984, 0.6916264657308758, 0.0023190614663187656, 0.007742717513122172]
Games played: 171
Exploitability: P1=4.600000000 P2=0.007094629 EV: (-0.0418155798133068, 0.0418155798133068) P1 Winnings: -74.0
Choosing model 2
[0.28643183820493506, 0.0004826366755949664, 0.7043120245587782, 0.0020166765891682934, 0.00675682397152362]
Games played: 172
Exploitability: P1=4.600000000 P2=0.007094629 EV: (-0.0418155798133068, 0.0418155798133068) P1 Winnings: -73.0
Choosing model 2
[0.35500675920890645, 0.0004117347374518529, 0.6285266895660212, 0.003390062653391739, 0.012664753834228798]
Games played: 173
Exploitability: P1=4.600000000 P2=0.007094629 EV: (-0.0418155798133068, 0.0418155798133068) P1 Winnings: -84.0
Choosing model 0
[0.34706628398590283, 0.0005663619866628686, 0.6380496647283765, 0.0037080884247062754, 0.010609600874351487]
Games played: 174
Exploitability: P1=1.900000000 P2=0.007094629 EV: (-0.08639366982239387, 0.08639366982239387) P1 Winnings: -84.0
Choosing model 0
[0.3453016629935822, 0.0006033075881813084, 0.6401409953072935, 0.0037799701284220773, 0.01017406398252086]
Games played: 175
Exploitability: P1=1.900000000 P2=0.007094629 EV: (-0.08639366982239387, 0.08639366982239387) P1 Winnings: -93.0
Choosing model 0
[0.3368130302533942, 0.0008514134323147181, 0.6497395231850422, 0.004153480975286595, 0.00844255215396236]
Games played: 176
Exploitability: P1=1.900000000 P2=0.007094629 EV: (-0.08639366982239387, 0.08639366982239387) P1 Winnings: -94.0
Choosing model 2
[0.33681300647354584, 0.0008514141299622193, 0.649739550082764, 0.004153482027770839, 0.008442547285957181]
Games played: 177
Exploitability: P1=4.600000000 P2=0.007094629 EV: (-0.0418155798133068, 0.0418155798133068) P1 Winnings: -95.0
Choosing model 0
[0.35495640091550973, 0.0007950198381572441, 0.6299549999671371, 0.004607475864760186, 0.009686103414435855]
Games played: 178
Exploitability: P1=1.900000000 P2=0.007094629 EV: (-0.08639366982239387, 0.08639366982239387) P1 Winnings: -86.0
Choosing model 2
[0.35877420262424625, 0.0006510639219172893, 0.6257569032327526, 0.004406786081090592, 0.010411044139993173]
Games played: 179
Exploitability: P1=4.600000000 P2=0.007094629 EV: (-0.0418155798133068, 0.0418155798133068) P1 Winnings: -85.0
Choosing model 2
[0.3254808780131667, 0.0008160450326400233, 0.6633097392461141, 0.003557770261466525, 0.0068355674466125185]
Games played: 180
Exploitability: P1=4.600000000 P2=0.007094629 EV: (-0.0418155798133068, 0.0418155798133068) P1 Winnings: -76.0
Choosing model 0
[0.3043454279821818, 0.001060979457101307, 0.6863056080084049, 0.003210650218009975, 0.005077334334301978]
Games played: 181
Exploitability: P1=1.900000000 P2=0.007094629 EV: (-0.08639366982239387, 0.08639366982239387) P1 Winnings: -71.0
Choosing model 2
[0.3088870670510067, 0.0008261985459199035, 0.6816855044400211, 0.0030421799561893463, 0.0055590500068629]
Games played: 182
Exploitability: P1=4.600000000 P2=0.007094629 EV: (-0.0418155798133068, 0.0418155798133068) P1 Winnings: -70.0
Choosing model 2
[0.3191234146488801, 0.0005117875066233105, 0.6707401845540785, 0.0027050489520413583, 0.006919564338376704]
Games played: 183
Exploitability: P1=4.600000000 P2=0.007094629 EV: (-0.0418155798133068, 0.0418155798133068) P1 Winnings: -70.0
Choosing model 0
[0.3282379723891476, 0.00031545202272270715, 0.6607146494427792, 0.002426827641458761, 0.008305098503891458]
Games played: 184
Exploitability: P1=1.900000000 P2=0.007094629 EV: (-0.08639366982239387, 0.08639366982239387) P1 Winnings: -67.0
Choosing model 2
[0.3172076262475896, 0.00048437005548868285, 0.6731358280952107, 0.0027414335370299567, 0.006430742064681158]
Games played: 185
Exploitability: P1=4.600000000 P2=0.007094629 EV: (-0.0418155798133068, 0.0418155798133068) P1 Winnings: -72.0
Choosing model 2
[0.31432798884321783, 0.0005136218732720835, 0.6763888844382603, 0.0028207820125542705, 0.005948722832695424]
Games played: 186
Exploitability: P1=4.600000000 P2=0.007094629 EV: (-0.0418155798133068, 0.0418155798133068) P1 Winnings: -65.0
Choosing model 0
[0.3114489368341372, 0.0005445955639880857, 0.6796018965089954, 0.00290218902113777, 0.005502382071741632]
Games played: 187
Exploitability: P1=1.900000000 P2=0.007094629 EV: (-0.08639366982239387, 0.08639366982239387) P1 Winnings: -58.0
Choosing model 2
[0.3097074844380702, 0.000579825618995185, 0.6814819360746205, 0.002956940457235358, 0.00527381341107869]
Games played: 188
Exploitability: P1=4.600000000 P2=0.007094629 EV: (-0.0418155798133068, 0.0418155798133068) P1 Winnings: -59.0
Choosing model 0
[0.3133674621910282, 0.000475334206540334, 0.6776516103354269, 0.0028311148225470947, 0.005674478444457755]
Games played: 189
Exploitability: P1=1.900000000 P2=0.007094629 EV: (-0.08639366982239387, 0.08639366982239387) P1 Winnings: -58.0
Choosing model 2
[0.30157632790001265, 0.0004722973717998416, 0.6905326209804775, 0.0024635745336982913, 0.0049551792140117715]
Games played: 190
Exploitability: P1=4.600000000 P2=0.007094629 EV: (-0.0418155798133068, 0.0418155798133068) P1 Winnings: -57.0
Choosing model 0
[0.30157624107188447, 0.0004722988293580868, 0.690532714953427, 0.0024635768521471925, 0.004955168293183314]
Games played: 191
Exploitability: P1=1.900000000 P2=0.007094629 EV: (-0.08639366982239387, 0.08639366982239387) P1 Winnings: -66.0
Choosing model 2
[0.3054542880811545, 0.00038201086956518435, 0.6864489848583085, 0.002351462597095523, 0.005363253593876231]
Games played: 192
Exploitability: P1=4.600000000 P2=0.007094629 EV: (-0.0418155798133068, 0.0418155798133068) P1 Winnings: -66.0
Choosing model 0
[0.32301525898470124, 0.00035793443921298685, 0.6678349526255277, 0.0026174564382031506, 0.006174397512355035]
Games played: 193
Exploitability: P1=1.900000000 P2=0.007094629 EV: (-0.08639366982239387, 0.08639366982239387) P1 Winnings: -57.0
Choosing model 2
[0.3276082295211682, 0.0002785349896027744, 0.6628793310736023, 0.0024783930927114012, 0.006755511322915314]
Games played: 194
Exploitability: P1=4.600000000 P2=0.007094629 EV: (-0.0418155798133068, 0.0418155798133068) P1 Winnings: -56.0
Choosing model 2
[0.32473991026822857, 0.0002945654222287444, 0.6660702159043311, 0.0024808270909105986, 0.006414481314300906]
Games played: 195
Exploitability: P1=4.600000000 P2=0.007094629 EV: (-0.0418155798133068, 0.0418155798133068) P1 Winnings: -51.0
Choosing model 2
[0.3284387374166602, 0.0002413792545272998, 0.662046734988816, 0.0023742579878716476, 0.006898890352124813]
Games played: 196
Exploitability: P1=4.600000000 P2=0.007094629 EV: (-0.0418155798133068, 0.0418155798133068) P1 Winnings: -50.0
Choosing model 2
[0.32843864833647235, 0.00024138000347739935, 0.662046836135497, 0.0023742602618945933, 0.006898875262658633]
Games played: 197
Exploitability: P1=4.600000000 P2=0.007094629 EV: (-0.0418155798133068, 0.0418155798133068) P1 Winnings: -59.0
Choosing model 2
[0.30700179365682406, 0.0002664584439096312, 0.6855000983782044, 0.0019944599640399343, 0.005237189557022177]
Games played: 198
Exploitability: P1=4.600000000 P2=0.007094629 EV: (-0.0418155798133068, 0.0418155798133068) P1 Winnings: -54.0
Choosing model 2
[0.32463143296475466, 0.00024964915328690206, 0.666870096056719, 0.0022199313990886945, 0.0060288904261508606]
Games played: 199
Exploitability: P1=4.600000000 P2=0.007094629 EV: (-0.0418155798133068, 0.0418155798133068) P1 Winnings: -45.0
Choosing model 0
[0.3162351557693798, 0.0003518529398934131, 0.6759806327715623, 0.002436086934550737, 0.0049962715846136475]
Games played: 200
Exploitability: P1=1.900000000 P2=0.007094629 EV: (-0.08639366982239387, 0.08639366982239387) P1 Winnings: -54.0
