Player 1 exploitability: 0.125714510394
Choosing model 2
[0.20396124844724672, 0.2105817708859842, 0.21596433592023306, 0.18442191860964258, 0.18507072613689338]
Games played: 1
Exploitability: P1=4.600000000 P2=0.040062496 EV: (0.011506591247554973, -0.011506591247554973) P1 Winnings: 1.0
Choosing model 2
[0.19738298526918716, 0.2332343256032467, 0.2061806068365176, 0.1945614962986727, 0.16864058599237589]
Games played: 2
Exploitability: P1=4.600000000 P2=0.040062496 EV: (0.011506591247554973, -0.011506591247554973) P1 Winnings: 1.0
Choosing model 1
[0.19480443297677444, 0.24558550606986004, 0.206272631322974, 0.19390609579479426, 0.15943133383559727]
Games played: 3
Exploitability: P1=2.800000000 P2=0.040062496 EV: (0.040062496253803315, -0.040062496253803315) P1 Winnings: 6.0
Choosing model 1
[0.20515977578929462, 0.20955381944705959, 0.2134936269786903, 0.19324023049301473, 0.17855254729194084]
Games played: 4
Exploitability: P1=2.800000000 P2=0.040062496 EV: (0.040062496253803315, -0.040062496253803315) P1 Winnings: 7.0
Choosing model 1
[0.19705503448390288, 0.1853898130984202, 0.1629279530955831, 0.24776262012898528, 0.2068645791931086]
Games played: 5
Exploitability: P1=2.800000000 P2=0.040062496 EV: (0.040062496253803315, -0.040062496253803315) P1 Winnings: -6.0
Choosing model 0
[0.19962185338811222, 0.22179306193080767, 0.18283035402756018, 0.22556238399331638, 0.17019234666020355]
Games played: 6
Exploitability: P1=1.900000000 P2=0.040062496 EV: (-0.08713902985978822, 0.08713902985978822) P1 Winnings: -1.0
Choosing model 1
[0.20357377697351173, 0.23352577354518808, 0.19742240022374716, 0.207991363088487, 0.1574866861690661]
Games played: 7
Exploitability: P1=2.800000000 P2=0.040062496 EV: (0.040062496253803315, -0.040062496253803315) P1 Winnings: 0.0
Choosing model 0
[0.19515570842250884, 0.2062002610025377, 0.15037346922953568, 0.2661629767696915, 0.18210758457572634]
Games played: 8
Exploitability: P1=1.900000000 P2=0.040062496 EV: (-0.08713902985978822, 0.08713902985978822) P1 Winnings: -13.0
Choosing model 4
[0.19118669267811014, 0.29537569754190124, 0.1873109099139031, 0.20947248726322257, 0.11665421260286289]
Games played: 9
Exploitability: P1=2.600000000 P2=0.040062496 EV: (-0.11978309566570809, 0.11978309566570809) P1 Winnings: -8.0
Choosing model 2
[0.18681789525745707, 0.30902529345598506, 0.18456902006169373, 0.20971999587428916, 0.10986779535057485]
Games played: 10
Exploitability: P1=4.600000000 P2=0.040062496 EV: (0.011506591247554973, -0.011506591247554973) P1 Winnings: -9.0
Choosing model 1
[0.20357737577364132, 0.25971190141861494, 0.19786818133816625, 0.21031304534177855, 0.1285294961277988]
Games played: 11
Exploitability: P1=2.800000000 P2=0.040062496 EV: (0.040062496253803315, -0.040062496253803315) P1 Winnings: -6.0
Choosing model 1
[0.21562011823080107, 0.22286973078067643, 0.20596131524568034, 0.21078450609358662, 0.14476432964925545]
Games played: 12
Exploitability: P1=2.800000000 P2=0.040062496 EV: (0.040062496253803315, -0.040062496253803315) P1 Winnings: -5.0
Choosing model 1
[0.2090319023895967, 0.2862685169944385, 0.26115557794073646, 0.14938742640334624, 0.0941565762718822]
Games played: 13
Exploitability: P1=2.800000000 P2=0.040062496 EV: (0.040062496253803315, -0.040062496253803315) P1 Winnings: -2.0
Choosing model 2
[0.2398791263017952, 0.19696995570969, 0.2854240129681618, 0.1475452690561031, 0.13018163596424984]
Games played: 14
Exploitability: P1=4.600000000 P2=0.040062496 EV: (0.011506591247554973, -0.011506591247554973) P1 Winnings: -7.0
Choosing model 1
[0.23282318415464268, 0.21879802385720606, 0.27329267895651754, 0.15611382516360564, 0.118972287868028]
Games played: 15
Exploitability: P1=2.800000000 P2=0.040062496 EV: (0.040062496253803315, -0.040062496253803315) P1 Winnings: -7.0
Choosing model 0
[0.21124291699463676, 0.2832971088133256, 0.26165355227299825, 0.15411274851219414, 0.08969367340684536]
Games played: 16
Exploitability: P1=1.900000000 P2=0.040062496 EV: (-0.08713902985978822, 0.08713902985978822) P1 Winnings: 0.0
Choosing model 4
[0.21124285658177067, 0.28329727992871506, 0.2616535067485616, 0.15411275437046812, 0.08969360237048461]
Games played: 17
Exploitability: P1=2.600000000 P2=0.040062496 EV: (-0.11978309566570809, 0.11978309566570809) P1 Winnings: -1.0
Choosing model 1
[0.18476527627661815, 0.358502529088007, 0.23814327046971262, 0.15184851513630332, 0.06674040902935884]
Games played: 18
Exploitability: P1=2.800000000 P2=0.040062496 EV: (0.040062496253803315, -0.040062496253803315) P1 Winnings: -2.0
Choosing model 1
[0.20039210709345381, 0.313177668628006, 0.25372084173509935, 0.15561857912646165, 0.07709080341697921]
Games played: 19
Exploitability: P1=2.800000000 P2=0.040062496 EV: (0.040062496253803315, -0.040062496253803315) P1 Winnings: -1.0
Choosing model 2
[0.1491638151203665, 0.4605098188240224, 0.2033951369324439, 0.14455684641097022, 0.04237438271219693]
Games played: 20
Exploitability: P1=4.600000000 P2=0.040062496 EV: (0.011506591247554973, -0.011506591247554973) P1 Winnings: 6.0
Choosing model 2
[0.16893853750289137, 0.4022452547526252, 0.22662714687897423, 0.15066738388598344, 0.05152167697952573]
Games played: 21
Exploitability: P1=4.600000000 P2=0.040062496 EV: (0.011506591247554973, -0.011506591247554973) P1 Winnings: 9.0
Choosing model 4
[0.18464759487366875, 0.3562093566076406, 0.2434315041561251, 0.1558284951966884, 0.059883049165877056]
Games played: 22
Exploitability: P1=2.600000000 P2=0.040062496 EV: (-0.11978309566570809, 0.11978309566570809) P1 Winnings: 10.0
Choosing model 3
[0.1495099630939713, 0.4571966697367477, 0.20725756308499066, 0.14657754158004369, 0.03945826250424668]
Games played: 23
Exploitability: P1=1.933333333 P2=0.040062496 EV: (-0.06867601327305382, 0.06867601327305382) P1 Winnings: 7.0
Choosing model 2
[0.18812979468699056, 0.34493478103379727, 0.24837573754165146, 0.1587399378712339, 0.05981974886632683]
Games played: 24
Exploitability: P1=4.600000000 P2=0.040062496 EV: (0.011506591247554973, -0.011506591247554973) P1 Winnings: 6.0
Choosing model 3
[0.19976601506127165, 0.28837080826149747, 0.19866174999776012, 0.22722276045214612, 0.08597866622732475]
Games played: 25
Exploitability: P1=1.933333333 P2=0.040062496 EV: (-0.06867601327305382, 0.06867601327305382) P1 Winnings: -3.0
Choosing model 1
[0.2015150261493179, 0.30033796618653263, 0.21219466579405089, 0.20725381556929526, 0.07869852630080332]
Games played: 26
Exploitability: P1=2.800000000 P2=0.040062496 EV: (0.040062496253803315, -0.040062496253803315) P1 Winnings: -2.0
Choosing model 0
[0.17647662188937446, 0.36881040209155225, 0.1928124403415355, 0.20263871636644992, 0.05926181931108789]
Games played: 27
Exploitability: P1=1.900000000 P2=0.040062496 EV: (-0.08713902985978822, 0.08713902985978822) P1 Winnings: -2.0
Choosing model 3
[0.2048903659501606, 0.27536047525396995, 0.17976571747836842, 0.24733496017940498, 0.09264848113809603]
Games played: 28
Exploitability: P1=1.933333333 P2=0.040062496 EV: (-0.06867601327305382, 0.06867601327305382) P1 Winnings: 1.0
Choosing model 1
[0.18073818015120344, 0.34663529814814675, 0.16733159289529345, 0.23738602233545134, 0.06790890646990504]
Games played: 29
Exploitability: P1=2.800000000 P2=0.040062496 EV: (0.040062496253803315, -0.040062496253803315) P1 Winnings: 8.0
Choosing model 1
[0.18226588393648632, 0.2752190858705587, 0.12710846924790462, 0.32270985282705084, 0.09269670811799947]
Games played: 30
Exploitability: P1=2.800000000 P2=0.040062496 EV: (0.040062496253803315, -0.040062496253803315) P1 Winnings: -1.0
Choosing model 1
[0.14586235694696456, 0.37935743353217666, 0.10803120440017254, 0.308899098068257, 0.057849907052429254]
Games played: 31
Exploitability: P1=2.800000000 P2=0.040062496 EV: (0.040062496253803315, -0.040062496253803315) P1 Winnings: -8.0
Choosing model 3
[0.14497689278356096, 0.3791655843840048, 0.1081787152172133, 0.3126133405448636, 0.05506546707035735]
Games played: 32
Exploitability: P1=1.933333333 P2=0.040062496 EV: (-0.06867601327305382, 0.06867601327305382) P1 Winnings: -5.0
Choosing model 2
[0.15259798595920343, 0.35427312521543874, 0.11307728559021986, 0.3210930351387966, 0.0589585680963414]
Games played: 33
Exploitability: P1=4.600000000 P2=0.040062496 EV: (0.011506591247554973, -0.011506591247554973) P1 Winnings: -8.0
Choosing model 4
[0.14669148194332826, 0.45262289324200505, 0.14706408362077458, 0.2166009190338444, 0.03702062216004765]
Games played: 34
Exploitability: P1=2.600000000 P2=0.040062496 EV: (-0.11978309566570809, 0.11978309566570809) P1 Winnings: -3.0
Choosing model 1
[0.1638689819433625, 0.40688767505509366, 0.16308971045835607, 0.22269466750837158, 0.04345896503481619]
Games played: 35
Exploitability: P1=2.800000000 P2=0.040062496 EV: (0.040062496253803315, -0.040062496253803315) P1 Winnings: -2.0
Choosing model 1
[0.16098474787771336, 0.36817769762897995, 0.12730043997971263, 0.29203890614098055, 0.051498208372613555]
Games played: 36
Exploitability: P1=2.800000000 P2=0.040062496 EV: (0.040062496253803315, -0.040062496253803315) P1 Winnings: -15.0
Choosing model 3
[0.17806678017335595, 0.3197840936533359, 0.13798292217674885, 0.30294118337824094, 0.06122502061831838]
Games played: 37
Exploitability: P1=1.933333333 P2=0.040062496 EV: (-0.06867601327305382, 0.06867601327305382) P1 Winnings: -12.0
Choosing model 3
[0.16318101249728328, 0.3590608367421851, 0.12945289572014623, 0.29750476452394925, 0.05080049051643627]
Games played: 38
Exploitability: P1=1.933333333 P2=0.040062496 EV: (-0.06867601327305382, 0.06867601327305382) P1 Winnings: -21.0
Choosing model 1
[0.18974350037020396, 0.286462576136601, 0.14554069375748477, 0.3113988319144456, 0.06685439782126465]
Games played: 39
Exploitability: P1=2.800000000 P2=0.040062496 EV: (0.040062496253803315, -0.040062496253803315) P1 Winnings: -18.0
Choosing model 2
[0.17551221616509471, 0.36609564245295345, 0.15730094667251576, 0.2563356922401055, 0.04475550246933059]
Games played: 40
Exploitability: P1=4.600000000 P2=0.040062496 EV: (0.011506591247554973, -0.011506591247554973) P1 Winnings: -9.0
Choosing model 1
[0.16383630862989954, 0.3911172816469214, 0.14485645893649154, 0.2608520152874701, 0.03933793549921744]
Games played: 41
Exploitability: P1=2.800000000 P2=0.040062496 EV: (0.040062496253803315, -0.040062496253803315) P1 Winnings: -9.0
Choosing model 1
[0.15847143109552653, 0.40504779997341334, 0.14129070803794005, 0.2585157836391532, 0.03667427725396689]
Games played: 42
Exploitability: P1=2.800000000 P2=0.040062496 EV: (0.040062496253803315, -0.040062496253803315) P1 Winnings: -22.0
Choosing model 0
[0.17956874051423724, 0.34654163545312583, 0.1565468793233896, 0.27251854815768034, 0.04482419655156691]
Games played: 43
Exploitability: P1=1.900000000 P2=0.040062496 EV: (-0.08713902985978822, 0.08713902985978822) P1 Winnings: -19.0
Choosing model 1
[0.17418802014083393, 0.3599162206669731, 0.1531323260324064, 0.27085424683385134, 0.04190918632593524]
Games played: 44
Exploitability: P1=2.800000000 P2=0.040062496 EV: (0.040062496253803315, -0.040062496253803315) P1 Winnings: -20.0
Choosing model 3
[0.18283784215387747, 0.3353578736822136, 0.15962401299404175, 0.2774321691873632, 0.044748101982504]
Games played: 45
Exploitability: P1=1.933333333 P2=0.040062496 EV: (-0.06867601327305382, 0.06867601327305382) P1 Winnings: -20.0
Choosing model 3
[0.18476733211325264, 0.3498974038846912, 0.17080150864873958, 0.2535016512991048, 0.04103210405421185]
Games played: 46
Exploitability: P1=1.933333333 P2=0.040062496 EV: (-0.06867601327305382, 0.06867601327305382) P1 Winnings: -19.0
Choosing model 4
[0.1860091987427051, 0.3636830546313676, 0.18206870909097989, 0.23075700884919684, 0.03748202868575061]
Games played: 47
Exploitability: P1=2.600000000 P2=0.040062496 EV: (-0.11978309566570809, 0.11978309566570809) P1 Winnings: -18.0
Choosing model 3
[0.18031929040917521, 0.3774759498499575, 0.1779827853740258, 0.22920004843285835, 0.03502192593398313]
Games played: 48
Exploitability: P1=1.933333333 P2=0.040062496 EV: (-0.06867601327305382, 0.06867601327305382) P1 Winnings: -19.0
Choosing model 1
[0.20067921813489953, 0.32515636918391894, 0.193841547451251, 0.23821716312707997, 0.042105702102850674]
Games played: 49
Exploitability: P1=2.800000000 P2=0.040062496 EV: (0.040062496253803315, -0.040062496253803315) P1 Winnings: -26.0
Choosing model 0
[0.19578994255438364, 0.3384553527066093, 0.19170768357057597, 0.23469642225820447, 0.03935059891022646]
Games played: 50
Exploitability: P1=1.900000000 P2=0.040062496 EV: (-0.08713902985978822, 0.08713902985978822) P1 Winnings: -21.0
Choosing model 0
[0.15770105786178085, 0.433146476371973, 0.16278625012909903, 0.22097069749283949, 0.025395518144307624]
Games played: 51
Exploitability: P1=1.900000000 P2=0.040062496 EV: (-0.08713902985978822, 0.08713902985978822) P1 Winnings: -26.0
Choosing model 1
[0.13228232552566282, 0.5312649307636, 0.1736202537651543, 0.14890347885857522, 0.013929011087007458]
Games played: 52
Exploitability: P1=2.800000000 P2=0.040062496 EV: (0.040062496253803315, -0.040062496253803315) P1 Winnings: -21.0
Choosing model 1
[0.18321022542528115, 0.39343270618164555, 0.22695113408252968, 0.17242246170877354, 0.023983472601770004]
Games played: 53
Exploitability: P1=2.800000000 P2=0.040062496 EV: (0.040062496253803315, -0.040062496253803315) P1 Winnings: -21.0
Choosing model 2
[0.2009968830292813, 0.34765492055414143, 0.24458484553118262, 0.17874096361744077, 0.02802238726795394]
Games played: 54
Exploitability: P1=4.600000000 P2=0.040062496 EV: (0.011506591247554973, -0.011506591247554973) P1 Winnings: -20.0
Choosing model 1
[0.22226396914293017, 0.29649331854327915, 0.2660819449701403, 0.181894334659766, 0.03326643268388433]
Games played: 55
Exploitability: P1=2.800000000 P2=0.040062496 EV: (0.040062496253803315, -0.040062496253803315) P1 Winnings: -17.0
Choosing model 0
[0.19653422599355358, 0.3645319380729336, 0.260342100237489, 0.15522515071606977, 0.023366584979954006]
Games played: 56
Exploitability: P1=1.900000000 P2=0.040062496 EV: (-0.08713902985978822, 0.08713902985978822) P1 Winnings: -12.0
Choosing model 3
[0.19063870287796866, 0.3785880653075257, 0.25465499790523666, 0.15427196397591972, 0.021846269933349156]
Games played: 57
Exploitability: P1=1.933333333 P2=0.040062496 EV: (-0.06867601327305382, 0.06867601327305382) P1 Winnings: -13.0
Choosing model 2
[0.24145016329531133, 0.25638627445003465, 0.3044056548782301, 0.16335955682088174, 0.03439835055554213]
Games played: 58
Exploitability: P1=4.600000000 P2=0.040062496 EV: (0.011506591247554973, -0.011506591247554973) P1 Winnings: -14.0
Choosing model 1
[0.21562778641489685, 0.3183636969432369, 0.30080829469809217, 0.14079769925729838, 0.02440252268647582]
Games played: 59
Exploitability: P1=2.800000000 P2=0.040062496 EV: (0.040062496253803315, -0.040062496253803315) P1 Winnings: -9.0
Choosing model 1
[0.18581160663723895, 0.3646144421225756, 0.3506978259630931, 0.08514065509324903, 0.01373547018384335]
Games played: 60
Exploitability: P1=2.800000000 P2=0.040062496 EV: (0.040062496253803315, -0.040062496253803315) P1 Winnings: -4.0
Choosing model 1
[0.1946079132388485, 0.3389852545544666, 0.3647575350672525, 0.08701577820895735, 0.01463351893047507]
Games played: 61
Exploitability: P1=2.800000000 P2=0.040062496 EV: (0.040062496253803315, -0.040062496253803315) P1 Winnings: -4.0
Choosing model 2
[0.1891903950713535, 0.35284002496997424, 0.35758376148108123, 0.08667395380810024, 0.01371186466949087]
Games played: 62
Exploitability: P1=4.600000000 P2=0.040062496 EV: (0.011506591247554973, -0.011506591247554973) P1 Winnings: -1.0
Choosing model 0
[0.20192068836856525, 0.3336649069312507, 0.3511103148072764, 0.097372185415278, 0.015931904477629617]
Games played: 63
Exploitability: P1=1.900000000 P2=0.040062496 EV: (-0.08713902985978822, 0.08713902985978822) P1 Winnings: -10.0
Choosing model 2
[0.19635361646541857, 0.34739777390038556, 0.34429965215735653, 0.09701637357929994, 0.014932583897539311]
Games played: 64
Exploitability: P1=4.600000000 P2=0.040062496 EV: (0.011506591247554973, -0.011506591247554973) P1 Winnings: -5.0
Choosing model 1
[0.22307713763370596, 0.31073736001187174, 0.2946414240776204, 0.14858083559401206, 0.022963242682789976]
Games played: 65
Exploitability: P1=2.800000000 P2=0.040062496 EV: (0.040062496253803315, -0.040062496253803315) P1 Winnings: -14.0
Choosing model 3
[0.24001750041036726, 0.2708824322323424, 0.31155268375987955, 0.15127374949533404, 0.02627363410207687]
Games played: 66
Exploitability: P1=1.933333333 P2=0.040062496 EV: (-0.06867601327305382, 0.06867601327305382) P1 Winnings: -15.0
Choosing model 2
[0.23759350816127978, 0.27685069221709385, 0.32655590005693846, 0.13540044985273064, 0.023599449711957224]
Games played: 67
Exploitability: P1=4.600000000 P2=0.040062496 EV: (0.011506591247554973, -0.011506591247554973) P1 Winnings: -14.0
Choosing model 2
[0.23453348894359594, 0.2821558244980868, 0.34132036823479317, 0.1208523989170967, 0.02113791940642748]
Games played: 68
Exploitability: P1=4.600000000 P2=0.040062496 EV: (0.011506591247554973, -0.011506591247554973) P1 Winnings: -13.0
Choosing model 1
[0.24095300224812194, 0.2825754232026678, 0.3031894248927886, 0.14961562676587675, 0.023666522890544998]
Games played: 69
Exploitability: P1=2.800000000 P2=0.040062496 EV: (0.040062496253803315, -0.040062496253803315) P1 Winnings: -13.0
Choosing model 1
[0.21275516794414867, 0.3469234921544971, 0.2962249917153569, 0.12749657638273465, 0.01659977180326286]
Games played: 70
Exploitability: P1=2.800000000 P2=0.040062496 EV: (0.040062496253803315, -0.040062496253803315) P1 Winnings: -8.0
Choosing model 0
[0.1613016843824652, 0.47231226024232986, 0.23957478425241643, 0.11716916313749824, 0.009642107985290251]
Games played: 71
Exploitability: P1=1.900000000 P2=0.040062496 EV: (-0.08713902985978822, 0.08713902985978822) P1 Winnings: -1.0
Choosing model 0
[0.13183843670365408, 0.5504958932962082, 0.2034898431784955, 0.10743852595660841, 0.006737300865033745]
Games played: 72
Exploitability: P1=1.900000000 P2=0.040062496 EV: (-0.08713902985978822, 0.08713902985978822) P1 Winnings: -1.0
Choosing model 1
[0.12938938589643117, 0.557806797585863, 0.21146267448561065, 0.09534139946723721, 0.005999742564857909]
Games played: 73
Exploitability: P1=2.800000000 P2=0.040062496 EV: (0.040062496253803315, -0.040062496253803315) P1 Winnings: 0.0
Choosing model 3
[0.12938911710472065, 0.5578075208520735, 0.21146232485640773, 0.09534131858125457, 0.005999718605543626]
Games played: 74
Exploitability: P1=1.933333333 P2=0.040062496 EV: (-0.06867601327305382, 0.06867601327305382) P1 Winnings: -9.0
Choosing model 3
[0.1373754592816731, 0.5347020644441582, 0.2227203266149601, 0.09865272236521365, 0.006549427293995027]
Games played: 75
Exploitability: P1=1.933333333 P2=0.040062496 EV: (-0.06867601327305382, 0.06867601327305382) P1 Winnings: -6.0
Choosing model 1
[0.15819397525989343, 0.4765793452132103, 0.25098587487412966, 0.10609329590244725, 0.008147508750319207]
Games played: 76
Exploitability: P1=2.800000000 P2=0.040062496 EV: (0.040062496253803315, -0.040062496253803315) P1 Winnings: -6.0
Choosing model 1
[0.1581938927593103, 0.4765795551397613, 0.250985774350481, 0.10609327770587217, 0.00814750004457531]
Games played: 77
Exploitability: P1=2.800000000 P2=0.040062496 EV: (0.040062496253803315, -0.040062496253803315) P1 Winnings: -13.0
Choosing model 1
[0.1704978364028752, 0.45370390140947486, 0.24058997944847918, 0.12538926416073837, 0.009819018578432473]
Games played: 78
Exploitability: P1=2.800000000 P2=0.040062496 EV: (0.040062496253803315, -0.040062496253803315) P1 Winnings: -20.0
Choosing model 2
[0.2154354313460412, 0.3437298548690431, 0.2895257054385762, 0.1363609246585234, 0.014948083687816121]
Games played: 79
Exploitability: P1=4.600000000 P2=0.040062496 EV: (0.011506591247554973, -0.011506591247554973) P1 Winnings: -25.0
Choosing model 0
[0.15907370062749893, 0.4798671550183536, 0.23374306862265876, 0.11932552349568351, 0.00799055223580506]
Games played: 80
Exploitability: P1=1.900000000 P2=0.040062496 EV: (-0.08713902985978822, 0.08713902985978822) P1 Winnings: -16.0
Choosing model 2
[0.15907362301862338, 0.4798673479831941, 0.2337429807633565, 0.11932550394067719, 0.00799054429414887]
Games played: 81
Exploitability: P1=4.600000000 P2=0.040062496 EV: (0.011506591247554973, -0.011506591247554973) P1 Winnings: -17.0
Choosing model 0
[0.1776376361945626, 0.4312252391553573, 0.25912151361068164, 0.12263876073272229, 0.009376850306676133]
Games played: 82
Exploitability: P1=1.900000000 P2=0.040062496 EV: (-0.08713902985978822, 0.08713902985978822) P1 Winnings: -16.0
Choosing model 3
[0.17763755664788736, 0.43122542984244744, 0.25912142659693277, 0.12263874554973225, 0.009376841363000238]
Games played: 83
Exploitability: P1=1.933333333 P2=0.040062496 EV: (-0.06867601327305382, 0.06867601327305382) P1 Winnings: -17.0
Choosing model 1
[0.1776374706734964, 0.431225635974119, 0.2591213325390885, 0.12263872911771101, 0.009376831695585224]
Games played: 84
Exploitability: P1=2.800000000 P2=0.040062496 EV: (0.040062496253803315, -0.040062496253803315) P1 Winnings: -20.0
Choosing model 0
[0.1957010900468325, 0.38491311049700166, 0.2805509597025305, 0.12784949286369268, 0.01098534688994254]
Games played: 85
Exploitability: P1=1.900000000 P2=0.040062496 EV: (-0.08713902985978822, 0.08713902985978822) P1 Winnings: -19.0
Choosing model 1
[0.18957594062001798, 0.39921893475714265, 0.2740543197001446, 0.12689398055194498, 0.01025682437074978]
Games played: 86
Exploitability: P1=2.800000000 P2=0.040062496 EV: (0.040062496253803315, -0.040062496253803315) P1 Winnings: -20.0
Choosing model 3
[0.21025652690883617, 0.3476791157425248, 0.29785176509461253, 0.13198565082651703, 0.012226941427509581]
Games played: 87
Exploitability: P1=1.933333333 P2=0.040062496 EV: (-0.06867601327305382, 0.06867601327305382) P1 Winnings: -17.0
Choosing model 3
[0.26345621801646274, 0.22694836510680277, 0.35248865756827696, 0.13824461409232236, 0.018862145216135304]
Games played: 88
Exploitability: P1=1.933333333 P2=0.040062496 EV: (-0.06867601327305382, 0.06867601327305382) P1 Winnings: -20.0
Choosing model 0
[0.3087209983990058, 0.13853970633900287, 0.3901116011333934, 0.13541552969718, 0.027212164431417916]
Games played: 89
Exploitability: P1=1.900000000 P2=0.040062496 EV: (-0.08713902985978822, 0.08713902985978822) P1 Winnings: -23.0
Choosing model 2
[0.3148207154458377, 0.12570385381021715, 0.39609228622474085, 0.13559038078224087, 0.02779276373696327]
Games played: 90
Exploitability: P1=4.600000000 P2=0.040062496 EV: (0.011506591247554973, -0.011506591247554973) P1 Winnings: -28.0
Choosing model 2
[0.30084317564925733, 0.14186229997920505, 0.4192812079282303, 0.11644372384636335, 0.02156959259694397]
Games played: 91
Exploitability: P1=4.600000000 P2=0.040062496 EV: (0.011506591247554973, -0.011506591247554973) P1 Winnings: -23.0
Choosing model 0
[0.3291008170605809, 0.09299707272100548, 0.4392620188278975, 0.11110626158360618, 0.027533829806909844]
Games played: 92
Exploitability: P1=1.900000000 P2=0.040062496 EV: (-0.08713902985978822, 0.08713902985978822) P1 Winnings: -20.0
Choosing model 2
[0.3390850186453144, 0.07763336103673397, 0.44478816344373084, 0.10832554463654212, 0.03016791223767872]
Games played: 93
Exploitability: P1=4.600000000 P2=0.040062496 EV: (0.011506591247554973, -0.011506591247554973) P1 Winnings: -19.0
Choosing model 2
[0.31758254764583876, 0.1010992563817153, 0.4609577466681086, 0.09791578222341021, 0.02244466708092726]
Games played: 94
Exploitability: P1=4.600000000 P2=0.040062496 EV: (0.011506591247554973, -0.011506591247554973) P1 Winnings: -14.0
Choosing model 2
[0.3134791224168534, 0.10646849082431968, 0.4612302518726546, 0.097600071057004, 0.021222063829168428]
Games played: 95
Exploitability: P1=4.600000000 P2=0.040062496 EV: (0.011506591247554973, -0.011506591247554973) P1 Winnings: -9.0
Choosing model 2
[0.32722940429240627, 0.0984726786298824, 0.44294066148803, 0.10724039585961279, 0.02411685973006849]
Games played: 96
Exploitability: P1=4.600000000 P2=0.040062496 EV: (0.011506591247554973, -0.011506591247554973) P1 Winnings: 0.0
Choosing model 1
[0.31160479021780774, 0.11074116721819598, 0.46722869129550454, 0.09177418881111525, 0.018651162457376365]
Games played: 97
Exploitability: P1=2.800000000 P2=0.040062496 EV: (0.040062496253803315, -0.040062496253803315) P1 Winnings: 5.0
Choosing model 2
[0.3075036987750028, 0.11700751982160028, 0.4649546995705249, 0.09279376836759641, 0.01774031346527573]
Games played: 98
Exploitability: P1=4.600000000 P2=0.040062496 EV: (0.011506591247554973, -0.011506591247554973) P1 Winnings: -2.0
Choosing model 2
[0.30315149305234124, 0.12306775666685002, 0.464648652519498, 0.0923790775905036, 0.016753020170807115]
Games played: 99
Exploitability: P1=4.600000000 P2=0.040062496 EV: (0.011506591247554973, -0.011506591247554973) P1 Winnings: 3.0
Choosing model 2
[0.2828197259706635, 0.15868979760138213, 0.44916604585688674, 0.09581696873918967, 0.013507461831877817]
Games played: 100
Exploitability: P1=4.600000000 P2=0.040062496 EV: (0.011506591247554973, -0.011506591247554973) P1 Winnings: 8.0
Choosing model 0
[0.30608372791415195, 0.11547863284019749, 0.4690053303039649, 0.09274404973636145, 0.016688259205324244]
Games played: 101
Exploitability: P1=1.900000000 P2=0.040062496 EV: (-0.08713902985978822, 0.08713902985978822) P1 Winnings: 3.0
Choosing model 0
[0.31711222898902397, 0.09636352731861068, 0.47731831688659077, 0.09079238905399, 0.018413537751784517]
Games played: 102
Exploitability: P1=1.900000000 P2=0.040062496 EV: (-0.08713902985978822, 0.08713902985978822) P1 Winnings: 3.0
Choosing model 1
[0.327485839591582, 0.12231683682010162, 0.375798057540522, 0.15139303551884112, 0.02300623052895328]
Games played: 103
Exploitability: P1=2.800000000 P2=0.040062496 EV: (0.040062496253803315, -0.040062496253803315) P1 Winnings: -2.0
Choosing model 2
[0.3274856057599225, 0.12231716218227194, 0.37579794855196347, 0.15139311348390957, 0.023006170021932445]
Games played: 104
Exploitability: P1=4.600000000 P2=0.040062496 EV: (0.011506591247554973, -0.011506591247554973) P1 Winnings: -11.0
Choosing model 0
[0.31399622997171706, 0.1385036300358966, 0.3991340447343577, 0.1304513809470337, 0.017914714310994905]
Games played: 105
Exploitability: P1=1.900000000 P2=0.040062496 EV: (-0.08713902985978822, 0.08713902985978822) P1 Winnings: -6.0
Choosing model 1
[0.3091413476386806, 0.14599978979192238, 0.39626557434083526, 0.1315931782068695, 0.017000110021692265]
Games played: 106
Exploitability: P1=2.800000000 P2=0.040062496 EV: (0.040062496253803315, -0.040062496253803315) P1 Winnings: -1.0
Choosing model 1
[0.3560944109960978, 0.08870955750683154, 0.3851696971995823, 0.14353724413176844, 0.0264890901657198]
Games played: 107
Exploitability: P1=2.800000000 P2=0.040062496 EV: (0.040062496253803315, -0.040062496253803315) P1 Winnings: 4.0
Choosing model 2
[0.3613701120025873, 0.08127810572160787, 0.38775252036573193, 0.1419607185820911, 0.027638543327981824]
Games played: 108
Exploitability: P1=4.600000000 P2=0.040062496 EV: (0.011506591247554973, -0.011506591247554973) P1 Winnings: 4.0
Choosing model 0
[0.36136990957886356, 0.08127833442681172, 0.387752467571499, 0.1419608135323945, 0.027638474890431166]
Games played: 109
Exploitability: P1=1.900000000 P2=0.040062496 EV: (-0.08713902985978822, 0.08713902985978822) P1 Winnings: -5.0
Choosing model 2
[0.36136985617688083, 0.0812783947536367, 0.38775245369915184, 0.1419608385493113, 0.02763845682101939]
Games played: 110
Exploitability: P1=4.600000000 P2=0.040062496 EV: (0.011506591247554973, -0.011506591247554973) P1 Winnings: -6.0
Choosing model 3
[0.3328825282794096, 0.1303298988955322, 0.32699535652650435, 0.18759555789971918, 0.02219665839883468]
Games played: 111
Exploitability: P1=1.933333333 P2=0.040062496 EV: (-0.06867601327305382, 0.06867601327305382) P1 Winnings: -15.0
Choosing model 0
[0.33173909921665606, 0.13409816346989892, 0.3450496743764538, 0.1690414013762666, 0.020071661560724575]
Games played: 112
Exploitability: P1=1.900000000 P2=0.040062496 EV: (-0.08713902985978822, 0.08713902985978822) P1 Winnings: -14.0
Choosing model 0
[0.31635869119819265, 0.15668607526636827, 0.3368716352805149, 0.17275279537704757, 0.017330802877876687]
Games played: 113
Exploitability: P1=1.900000000 P2=0.040062496 EV: (-0.08713902985978822, 0.08713902985978822) P1 Winnings: -19.0
Choosing model 2
[0.316358620212632, 0.15668617955951045, 0.33687159742188616, 0.172752812586237, 0.017330790219734462]
Games played: 114
Exploitability: P1=4.600000000 P2=0.040062496 EV: (0.011506591247554973, -0.011506591247554973) P1 Winnings: -20.0
Choosing model 3
[0.316358351116778, 0.15668657494319416, 0.3368714537117329, 0.17275287795610625, 0.017330742272188667]
Games played: 115
Exploitability: P1=1.933333333 P2=0.040062496 EV: (-0.06867601327305382, 0.06867601327305382) P1 Winnings: -29.0
Choosing model 0
[0.29217163958677694, 0.19520442682643044, 0.32226018608524126, 0.17656619978920285, 0.013797547712348628]
Games played: 116
Exploitability: P1=1.900000000 P2=0.040062496 EV: (-0.08713902985978822, 0.08713902985978822) P1 Winnings: -22.0
Choosing model 2
[0.2901094169129362, 0.20011817919733196, 0.3388166925140119, 0.15852443447270922, 0.012431276903010696]
Games played: 117
Exploitability: P1=4.600000000 P2=0.040062496 EV: (0.011506591247554973, -0.011506591247554973) P1 Winnings: -21.0
Choosing model 0
[0.3108078999998495, 0.16879790312942985, 0.27342365451708517, 0.2289433515023454, 0.018027190851290124]
Games played: 118
Exploitability: P1=1.900000000 P2=0.040062496 EV: (-0.08713902985978822, 0.08713902985978822) P1 Winnings: -21.0
Choosing model 2
[0.3108078235691076, 0.16879801185075388, 0.27342361790300335, 0.22894336938068474, 0.018027177296450512]
Games played: 119
Exploitability: P1=4.600000000 P2=0.040062496 EV: (0.011506591247554973, -0.011506591247554973) P1 Winnings: -22.0
Choosing model 3
[0.25440477875189854, 0.22870355211222307, 0.17830425858305005, 0.32295882494963635, 0.015628585603192042]
Games played: 120
Exploitability: P1=1.933333333 P2=0.040062496 EV: (-0.06867601327305382, 0.06867601327305382) P1 Winnings: -31.0
Choosing model 2
[0.2127497927495082, 0.30388268987278244, 0.15719530423669698, 0.31570032340669757, 0.010471889734314848]
Games played: 121
Exploitability: P1=4.600000000 P2=0.040062496 EV: (0.011506591247554973, -0.011506591247554973) P1 Winnings: -36.0
Choosing model 3
[0.2052128298060379, 0.28573221948543376, 0.1310989755776517, 0.3669480576758184, 0.011007917455058256]
Games played: 122
Exploitability: P1=1.933333333 P2=0.040062496 EV: (-0.06867601327305382, 0.06867601327305382) P1 Winnings: -36.0
Choosing model 0
[0.22569521263088763, 0.2432313922756001, 0.14109959905299868, 0.376895121572549, 0.013078674467964565]
Games played: 123
Exploitability: P1=1.900000000 P2=0.040062496 EV: (-0.08713902985978822, 0.08713902985978822) P1 Winnings: -36.0
Choosing model 0
[0.24475561261431772, 0.2122638794025705, 0.1519022382694706, 0.37617375467696906, 0.014904515036672093]
Games played: 124
Exploitability: P1=1.900000000 P2=0.040062496 EV: (-0.08713902985978822, 0.08713902985978822) P1 Winnings: -35.0
Choosing model 3
[0.23878785317988166, 0.22172472325805853, 0.14944406184042938, 0.3760279264576433, 0.014015435263987271]
Games played: 125
Exploitability: P1=1.933333333 P2=0.040062496 EV: (-0.06867601327305382, 0.06867601327305382) P1 Winnings: -36.0
Choosing model 3
[0.24399205476592697, 0.23391102220636917, 0.16168751748207433, 0.3474148894770624, 0.012994516068567157]
Games played: 126
Exploitability: P1=1.933333333 P2=0.040062496 EV: (-0.06867601327305382, 0.06867601327305382) P1 Winnings: -35.0
Choosing model 3
[0.25965396274868646, 0.14278644856540845, 0.12671958407611417, 0.450106358206148, 0.020733646403643034]
Games played: 127
Exploitability: P1=1.933333333 P2=0.040062496 EV: (-0.06867601327305382, 0.06867601327305382) P1 Winnings: -35.0
Choosing model 2
[0.26850049555558014, 0.15244396649113034, 0.1387484857049246, 0.4208527395781345, 0.019454312670230404]
Games played: 128
Exploitability: P1=4.600000000 P2=0.040062496 EV: (0.011506591247554973, -0.011506591247554973) P1 Winnings: -34.0
Choosing model 3
[0.26974441326547094, 0.13569647358121253, 0.12823887066977258, 0.4450431294752214, 0.02127711300832238]
Games played: 129
Exploitability: P1=1.933333333 P2=0.040062496 EV: (-0.06867601327305382, 0.06867601327305382) P1 Winnings: -25.0
Choosing model 3
[0.28730492614971537, 0.11186693741380535, 0.13366538150318966, 0.4426809156781387, 0.024481839255150885]
Games played: 130
Exploitability: P1=1.933333333 P2=0.040062496 EV: (-0.06867601327305382, 0.06867601327305382) P1 Winnings: -22.0
Choosing model 3
[0.3014492698740034, 0.09453904682376384, 0.1377677862591689, 0.4388868852516131, 0.027357011791450697]
Games played: 131
Exploitability: P1=1.933333333 P2=0.040062496 EV: (-0.06867601327305382, 0.06867601327305382) P1 Winnings: -22.0
Choosing model 0
[0.20111678624015664, 0.08528089380097191, 0.05738670992317742, 0.6304761043066518, 0.02573950572904228]
Games played: 132
Exploitability: P1=1.900000000 P2=0.040062496 EV: (-0.08713902985978822, 0.08713902985978822) P1 Winnings: -9.0
Choosing model 3
[0.16812527026134, 0.056128921840824256, 0.03613574923631797, 0.7104849891005514, 0.02912506956096656]
Games played: 133
Exploitability: P1=1.933333333 P2=0.040062496 EV: (-0.06867601327305382, 0.06867601327305382) P1 Winnings: 0.0
Choosing model 3
[0.18016244808033627, 0.062099927200044154, 0.041001780788179225, 0.688416165502076, 0.028319678429364274]
Games played: 134
Exploitability: P1=1.933333333 P2=0.040062496 EV: (-0.06867601327305382, 0.06867601327305382) P1 Winnings: 1.0
Choosing model 3
[0.16488204358274283, 0.07666538107718417, 0.038868295416752054, 0.6972422108083567, 0.022342069114964242]
Games played: 135
Exploitability: P1=1.933333333 P2=0.040062496 EV: (-0.06867601327305382, 0.06867601327305382) P1 Winnings: 8.0
Choosing model 3
[0.17520653255299806, 0.06397016016782973, 0.040473399845424314, 0.6948323576915124, 0.02551754974223554]
Games played: 136
Exploitability: P1=1.933333333 P2=0.040062496 EV: (-0.06867601327305382, 0.06867601327305382) P1 Winnings: 5.0
Choosing model 0
[0.1862326020232618, 0.052629037524965144, 0.042100160128971324, 0.6897370200409796, 0.029301180281822305]
Games played: 137
Exploitability: P1=1.900000000 P2=0.040062496 EV: (-0.08713902985978822, 0.08713902985978822) P1 Winnings: 5.0
Choosing model 3
[0.19741414006875882, 0.04280480087899262, 0.043675698700645624, 0.6825980525198092, 0.03350730783179369]
Games played: 138
Exploitability: P1=1.933333333 P2=0.040062496 EV: (-0.06867601327305382, 0.06867601327305382) P1 Winnings: 6.0
Choosing model 4
[0.21103339379285527, 0.04724311440787838, 0.04943643724555829, 0.6597856200507495, 0.032501434502958525]
Games played: 139
Exploitability: P1=2.600000000 P2=0.040062496 EV: (-0.11978309566570809, 0.11978309566570809) P1 Winnings: 7.0
Choosing model 0
[0.21103334210898264, 0.04724314488408452, 0.049436430675045245, 0.6597856722345617, 0.032501410097325746]
Games played: 140
Exploitability: P1=1.900000000 P2=0.040062496 EV: (-0.08713902985978822, 0.08713902985978822) P1 Winnings: 6.0
Choosing model 3
[0.22126094097260787, 0.039555076320753405, 0.05087163442176376, 0.6518976511245593, 0.03641469716031575]
Games played: 141
Exploitability: P1=1.933333333 P2=0.040062496 EV: (-0.06867601327305382, 0.06867601327305382) P1 Winnings: 6.0
Choosing model 3
[0.19586532486467306, 0.020085010512095675, 0.0331647301835272, 0.7025539310710561, 0.04833100336864797]
Games played: 142
Exploitability: P1=1.933333333 P2=0.040062496 EV: (-0.06867601327305382, 0.06867601327305382) P1 Winnings: 6.0
Choosing model 3
[0.20510475520566787, 0.01651548917253187, 0.03403234693219159, 0.6899494466953295, 0.05439796199427895]
Games played: 143
Exploitability: P1=1.933333333 P2=0.040062496 EV: (-0.06867601327305382, 0.06867601327305382) P1 Winnings: 3.0
Choosing model 3
[0.2202102958239763, 0.018307390473100503, 0.03868905905572947, 0.6697982923341271, 0.05299496231306656]
Games played: 144
Exploitability: P1=1.933333333 P2=0.040062496 EV: (-0.06867601327305382, 0.06867601327305382) P1 Winnings: 4.0
Choosing model 3
[0.212030990861161, 0.011335802008087347, 0.029914886192458922, 0.678007477760707, 0.06871084317758577]
Games played: 145
Exploitability: P1=1.933333333 P2=0.040062496 EV: (-0.06867601327305382, 0.06867601327305382) P1 Winnings: 7.0
Choosing model 0
[0.22632987190193876, 0.008302279624738524, 0.03087487985173078, 0.6514825500712965, 0.08301041855029533]
Games played: 146
Exploitability: P1=1.900000000 P2=0.040062496 EV: (-0.08713902985978822, 0.08713902985978822) P1 Winnings: 10.0
Choosing model 3
[0.24284668299530926, 0.009197308769476586, 0.03507760643778215, 0.6320594954458963, 0.08081890635153578]
Games played: 147
Exploitability: P1=1.933333333 P2=0.040062496 EV: (-0.06867601327305382, 0.06867601327305382) P1 Winnings: 11.0
Choosing model 3
[0.2289394405887293, 0.011696295414684988, 0.03425327339790526, 0.659431859762199, 0.06567913083648144]
Games played: 148
Exploitability: P1=1.933333333 P2=0.040062496 EV: (-0.06867601327305382, 0.06867601327305382) P1 Winnings: 18.0
Choosing model 3
[0.24534325931811188, 0.012941212062902717, 0.03886780101987915, 0.6389815421945536, 0.0638661854045527]
Games played: 149
Exploitability: P1=1.933333333 P2=0.040062496 EV: (-0.06867601327305382, 0.06867601327305382) P1 Winnings: 19.0
Choosing model 3
[0.266191161284829, 0.02340691598974726, 0.05227216933839647, 0.613499333526, 0.04463041986102737]
Games played: 150
Exploitability: P1=1.933333333 P2=0.040062496 EV: (-0.06867601327305382, 0.06867601327305382) P1 Winnings: 24.0
Choosing model 3
[0.2512793515889356, 0.03153190314784207, 0.052068660079252274, 0.6301131403209157, 0.03500694486305431]
Games played: 151
Exploitability: P1=1.933333333 P2=0.040062496 EV: (-0.06867601327305382, 0.06867601327305382) P1 Winnings: 31.0
Choosing model 0
[0.26294838682432686, 0.02590986189683093, 0.05339337447750305, 0.6183746462932515, 0.039373730508087845]
Games played: 152
Exploitability: P1=1.900000000 P2=0.040062496 EV: (-0.08713902985978822, 0.08713902985978822) P1 Winnings: 28.0
Choosing model 0
[0.2667428320556433, 0.023386462996067968, 0.05392870654292963, 0.6159382829919148, 0.04000371541344445]
Games played: 153
Exploitability: P1=1.900000000 P2=0.040062496 EV: (-0.08713902985978822, 0.08713902985978822) P1 Winnings: 23.0
Choosing model 3
[0.23970683204255117, 0.03339191830158503, 0.05109067380573044, 0.647006795701666, 0.02880378014846743]
Games played: 154
Exploitability: P1=1.933333333 P2=0.040062496 EV: (-0.06867601327305382, 0.06867601327305382) P1 Winnings: 18.0
Choosing model 3
[0.2551592601523003, 0.036698254064482065, 0.057584676167088525, 0.62273695436718, 0.027820855248949092]
Games played: 155
Exploitability: P1=1.933333333 P2=0.040062496 EV: (-0.06867601327305382, 0.06867601327305382) P1 Winnings: 19.0
Choosing model 0
[0.27077035496240487, 0.04020761335564256, 0.06470399344246668, 0.5975294193328547, 0.026788618906631263]
Games played: 156
Exploitability: P1=1.900000000 P2=0.040062496 EV: (-0.08713902985978822, 0.08713902985978822) P1 Winnings: 20.0
Choosing model 3
[0.2576635844932527, 0.046879685348922145, 0.06303514108882467, 0.6093405953963867, 0.02308099367261374]
Games played: 157
Exploitability: P1=1.933333333 P2=0.040062496 EV: (-0.06867601327305382, 0.06867601327305382) P1 Winnings: 15.0
Choosing model 3
[0.29227183152245856, 0.045753771498384305, 0.07743828187938359, 0.5609836712963372, 0.023552443803436286]
Games played: 158
Exploitability: P1=1.933333333 P2=0.040062496 EV: (-0.06867601327305382, 0.06867601327305382) P1 Winnings: 18.0
Choosing model 3
[0.2783256104912933, 0.0533847940157935, 0.07549559839052297, 0.5724865919504111, 0.020307405151979263]
Games played: 159
Exploitability: P1=1.933333333 P2=0.040062496 EV: (-0.06867601327305382, 0.06867601327305382) P1 Winnings: 9.0
Choosing model 3
[0.28400764611297785, 0.04835637275508021, 0.07650362871997021, 0.5700534068877675, 0.021078945524204206]
Games played: 160
Exploitability: P1=1.933333333 P2=0.040062496 EV: (-0.06867601327305382, 0.06867601327305382) P1 Winnings: 6.0
Choosing model 3
[0.24121176371648836, 0.02826885200970036, 0.046783671524903404, 0.6566616275839158, 0.027074085164992132]
Games played: 161
Exploitability: P1=1.933333333 P2=0.040062496 EV: (-0.06867601327305382, 0.06867601327305382) P1 Winnings: 13.0
Choosing model 3
[0.2570853490886398, 0.031107143136191503, 0.05279679037225938, 0.6328275187115304, 0.026183198691378744]
Games played: 162
Exploitability: P1=1.933333333 P2=0.040062496 EV: (-0.06867601327305382, 0.06867601327305382) P1 Winnings: 14.0
Choosing model 3
[0.27014011449134717, 0.02507935643412829, 0.054294125461878645, 0.6208062373634149, 0.029680166249230897]
Games played: 163
Exploitability: P1=1.933333333 P2=0.040062496 EV: (-0.06867601327305382, 0.06867601327305382) P1 Winnings: 14.0
Choosing model 3
[0.1754749856532168, 0.012471747866297326, 0.02039148901959887, 0.757047109513161, 0.034614667947726004]
Games played: 164
Exploitability: P1=1.933333333 P2=0.040062496 EV: (-0.06867601327305382, 0.06867601327305382) P1 Winnings: 25.0
Choosing model 3
[0.18481169041124246, 0.010166796234277322, 0.021017052415176582, 0.7446208872524498, 0.03938357368685384]
Games played: 165
Exploitability: P1=1.933333333 P2=0.040062496 EV: (-0.06867601327305382, 0.06867601327305382) P1 Winnings: 28.0
Choosing model 3
[0.18481164394987262, 0.010166803458835248, 0.02101704967459, 0.7446209606736662, 0.039383542243035884]
Games played: 166
Exploitability: P1=1.933333333 P2=0.040062496 EV: (-0.06867601327305382, 0.06867601327305382) P1 Winnings: 25.0
Choosing model 0
[0.194897707835511, 0.008095267713964578, 0.021672060701544107, 0.7305364743880782, 0.04479848936090214]
Games played: 167
Exploitability: P1=1.900000000 P2=0.040062496 EV: (-0.08713902985978822, 0.08713902985978822) P1 Winnings: 28.0
Choosing model 3
[0.1913119983033012, 0.008228535485559544, 0.021503943326272965, 0.7374116209657485, 0.041543901919117776]
Games played: 168
Exploitability: P1=1.933333333 P2=0.040062496 EV: (-0.06867601327305382, 0.06867601327305382) P1 Winnings: 28.0
Choosing model 0
[0.20090111101940683, 0.00668814137903122, 0.022098708623864725, 0.7231830533559588, 0.04712898562173857]
Games played: 169
Exploitability: P1=1.900000000 P2=0.040062496 EV: (-0.08713902985978822, 0.08713902985978822) P1 Winnings: 21.0
Choosing model 3
[0.212968864994673, 0.005705390594340376, 0.023255664560441657, 0.705569309368946, 0.05250077048159896]
Games played: 170
Exploitability: P1=1.933333333 P2=0.040062496 EV: (-0.06867601327305382, 0.06867601327305382) P1 Winnings: 22.0
Choosing model 3
[0.2228204627221624, 0.004620265263255487, 0.023810929746942038, 0.6894086403416585, 0.05933970192598149]
Games played: 171
Exploitability: P1=1.933333333 P2=0.040062496 EV: (-0.06867601327305382, 0.06867601327305382) P1 Winnings: 25.0
Choosing model 3
[0.23275642088228382, 0.003703036708085542, 0.02434201472067969, 0.6723296806845415, 0.06686884700440943]
Games played: 172
Exploitability: P1=1.933333333 P2=0.040062496 EV: (-0.06867601327305382, 0.06867601327305382) P1 Winnings: 25.0
Choosing model 3
[0.22150288856630293, 0.005028964346705457, 0.024444263150204766, 0.6961475149152454, 0.052876369021541456]
Games played: 173
Exploitability: P1=1.933333333 P2=0.040062496 EV: (-0.06867601327305382, 0.06867601327305382) P1 Winnings: 32.0
Choosing model 0
[0.22525342374499577, 0.004539728145718256, 0.024686100819630755, 0.6908227761899699, 0.05469797109968532]
Games played: 174
Exploitability: P1=1.900000000 P2=0.040062496 EV: (-0.08713902985978822, 0.08713902985978822) P1 Winnings: 29.0
Choosing model 3
[0.20813274660624212, 0.0060689052378515625, 0.02373531189034501, 0.7190669124322662, 0.04299612383329514]
Games played: 175
Exploitability: P1=1.933333333 P2=0.040062496 EV: (-0.06867601327305382, 0.06867601327305382) P1 Winnings: 28.0
Choosing model 0
[0.23445608014493183, 0.003561401423527046, 0.025252363317134426, 0.6771001735704142, 0.05962998154399238]
Games played: 176
Exploitability: P1=1.900000000 P2=0.040062496 EV: (-0.08713902985978822, 0.08713902985978822) P1 Winnings: 25.0
Choosing model 3
[0.15729601663001486, 0.003955026639075645, 0.013497415638077, 0.7828794865129506, 0.042372054579881926]
Games played: 177
Exploitability: P1=1.933333333 P2=0.040062496 EV: (-0.06867601327305382, 0.06867601327305382) P1 Winnings: 38.0
Choosing model 3
[0.15962756391520033, 0.00357122137625541, 0.013638015216178308, 0.7800965384930183, 0.0430666609993477]
Games played: 178
Exploitability: P1=1.933333333 P2=0.040062496 EV: (-0.06867601327305382, 0.06867601327305382) P1 Winnings: 33.0
Choosing model 3
[0.17309484208710407, 0.003998214827307157, 0.01565891938320641, 0.7648732384694896, 0.04237478523289284]
Games played: 179
Exploitability: P1=1.933333333 P2=0.040062496 EV: (-0.06867601327305382, 0.06867601327305382) P1 Winnings: 34.0
Choosing model 3
[0.17008534727784094, 0.004206368881678074, 0.015515989589597807, 0.7700594950803608, 0.04013279917052235]
Games played: 180
Exploitability: P1=1.933333333 P2=0.040062496 EV: (-0.06867601327305382, 0.06867601327305382) P1 Winnings: 23.0
Choosing model 3
[0.1841624446732233, 0.00470234661354015, 0.01778885628292176, 0.7539166327566009, 0.039429719673713885]
Games played: 181
Exploitability: P1=1.933333333 P2=0.040062496 EV: (-0.06867601327305382, 0.06867601327305382) P1 Winnings: 24.0
Choosing model 3
[0.18766327236847213, 0.004326223371998791, 0.017982152827610925, 0.7487176148524484, 0.04131073657946967]
Games played: 182
Exploitability: P1=1.933333333 P2=0.040062496 EV: (-0.06867601327305382, 0.06867601327305382) P1 Winnings: 27.0
Choosing model 3
[0.20273763003173284, 0.004825442350483253, 0.020569850783266456, 0.7313714536897846, 0.040495623144732894]
Games played: 183
Exploitability: P1=1.933333333 P2=0.040062496 EV: (-0.06867601327305382, 0.06867601327305382) P1 Winnings: 28.0
Choosing model 3
[0.21857285904868284, 0.005371209736568992, 0.023481583773089405, 0.712959314506045, 0.03961503293561396]
Games played: 184
Exploitability: P1=1.933333333 P2=0.040062496 EV: (-0.06867601327305382, 0.06867601327305382) P1 Winnings: 29.0
Choosing model 3
[0.23512919649322803, 0.005965619500919546, 0.02674681592626678, 0.6934895929767767, 0.03866877510280898]
Games played: 185
Exploitability: P1=1.933333333 P2=0.040062496 EV: (-0.06867601327305382, 0.06867601327305382) P1 Winnings: 30.0
Choosing model 3
[0.2279281412469726, 0.006397344462993009, 0.026371874295467303, 0.7047022738950075, 0.0346003660995595]
Games played: 186
Exploitability: P1=1.933333333 P2=0.040062496 EV: (-0.06867601327305382, 0.06867601327305382) P1 Winnings: 30.0
Choosing model 3
[0.21153961113180633, 0.008206313613049304, 0.025361035521597727, 0.7271403460205565, 0.027752693712990033]
Games played: 187
Exploitability: P1=1.933333333 P2=0.040062496 EV: (-0.06867601327305382, 0.06867601327305382) P1 Winnings: 35.0
Choosing model 3
[0.22757720908328533, 0.009115033882459173, 0.028889393497392196, 0.7073269119574963, 0.027091451579366953]
Games played: 188
Exploitability: P1=1.933333333 P2=0.040062496 EV: (-0.06867601327305382, 0.06867601327305382) P1 Winnings: 36.0
Choosing model 0
[0.2442535007634899, 0.01010051293517983, 0.03283105440885754, 0.6864313125366845, 0.02638361935578818]
Games played: 189
Exploitability: P1=1.900000000 P2=0.040062496 EV: (-0.08713902985978822, 0.08713902985978822) P1 Winnings: 37.0
Choosing model 3
[0.23976906135109816, 0.010267190721222176, 0.032577638420263816, 0.6929182962643009, 0.024467813243115016]
Games played: 190
Exploitability: P1=1.933333333 P2=0.040062496 EV: (-0.06867601327305382, 0.06867601327305382) P1 Winnings: 37.0
Choosing model 3
[0.27614016715555373, 0.010174108474901928, 0.04063451697753013, 0.6477011378717855, 0.02535006952022872]
Games played: 191
Exploitability: P1=1.933333333 P2=0.040062496 EV: (-0.06867601327305382, 0.06867601327305382) P1 Winnings: 40.0
Choosing model 3
[0.28081385518252266, 0.009184269000676492, 0.04103624285907995, 0.6427424328504049, 0.02622320010731613]
Games played: 192
Exploitability: P1=1.933333333 P2=0.040062496 EV: (-0.06867601327305382, 0.06867601327305382) P1 Winnings: 37.0
Choosing model 3
[0.27643131523822506, 0.009679919819728301, 0.040735327921513555, 0.6482726814428367, 0.02488075557769648]
Games played: 193
Exploitability: P1=1.933333333 P2=0.040062496 EV: (-0.06867601327305382, 0.06867601327305382) P1 Winnings: 26.0
Choosing model 0
[0.2892175921105848, 0.00777058533530119, 0.04171019797263023, 0.6332193095737734, 0.02808231500771035]
Games played: 194
Exploitability: P1=1.900000000 P2=0.040062496 EV: (-0.08713902985978822, 0.08713902985978822) P1 Winnings: 26.0
Choosing model 2
[0.2952390010727481, 0.011029461315634159, 0.04711412641790382, 0.6238453777044201, 0.02277203348929385]
Games played: 195
Exploitability: P1=4.600000000 P2=0.040062496 EV: (0.011506591247554973, -0.011506591247554973) P1 Winnings: 31.0
Choosing model 3
[0.2952387707072552, 0.01102948992327289, 0.04711410963273631, 0.6238456576470973, 0.022771972089638236]
Games played: 196
Exploitability: P1=1.933333333 P2=0.040062496 EV: (-0.06867601327305382, 0.06867601327305382) P1 Winnings: 22.0
Choosing model 3
[0.2628341404479734, 0.009571537510569026, 0.03626467105003958, 0.669236697858737, 0.02209295313268108]
Games played: 197
Exploitability: P1=1.933333333 P2=0.040062496 EV: (-0.06867601327305382, 0.06867601327305382) P1 Winnings: 31.0
Choosing model 3
[0.23645310040213197, 0.013649482880781398, 0.03430473781562636, 0.6994184129379738, 0.01617426596348643]
Games played: 198
Exploitability: P1=1.933333333 P2=0.040062496 EV: (-0.06867601327305382, 0.06867601327305382) P1 Winnings: 28.0
Choosing model 0
[0.2531725897719439, 0.01508901816423123, 0.038891988824409605, 0.6771324187994849, 0.015713984439930318]
Games played: 199
Exploitability: P1=1.900000000 P2=0.040062496 EV: (-0.08713902985978822, 0.08713902985978822) P1 Winnings: 29.0
Choosing model 0
[0.265956588395036, 0.012161847648922768, 0.03998414280837179, 0.6640895393719167, 0.017807881775752855]
Games played: 200
Exploitability: P1=1.900000000 P2=0.040062496 EV: (-0.08713902985978822, 0.08713902985978822) P1 Winnings: 30.0
