Player 1 exploitability: 0.325948831258
Choosing model 3
[0.1973349639706216, 0.21128199721835308, 0.19899353135783318, 0.2021883263136098, 0.19020118113958234]
Games played: 1
Exploitability: P1=1.933333333 P2=0.240296817 EV: (-0.1844059474458499, 0.1844059474458499) P1 Winnings: -1
Choosing model 3
[0.19447575935366004, 0.2229371192870116, 0.19775856926500848, 0.2041594807359139, 0.18066907135840585]
Games played: 2
Exploitability: P1=1.933333333 P2=0.240296817 EV: (-0.1844059474458499, 0.1844059474458499) P1 Winnings: -12
Choosing model 1
[0.1979229897789348, 0.2342535945574831, 0.2131083442231141, 0.1878733560631909, 0.1668417153772771]
Games played: 3
Exploitability: P1=2.800000000 P2=0.240296817 EV: (0.11213261015359974, -0.11213261015359974) P1 Winnings: -11.0
Choosing model 4
[0.20917283392348185, 0.19440011055646647, 0.22070224551155254, 0.18620599601059046, 0.18951881399790865]
Games played: 4
Exploitability: P1=2.600000000 P2=0.240296817 EV: (-0.13920181326127723, 0.13920181326127723) P1 Winnings: -8.0
Choosing model 1
[0.21345174292747784, 0.17910471541855125, 0.22341720845573168, 0.1851844853501467, 0.1988418478480924]
Games played: 5
Exploitability: P1=2.800000000 P2=0.240296817 EV: (0.11213261015359974, -0.11213261015359974) P1 Winnings: -11.0
Choosing model 4
[0.20465567180290792, 0.15817071077702394, 0.17019863303792504, 0.2370126891243139, 0.2299622952578292]
Games played: 6
Exploitability: P1=2.600000000 P2=0.240296817 EV: (-0.13920181326127723, 0.13920181326127723) P1 Winnings: -24.0
Choosing model 1
[0.20465564718987114, 0.15817083252672923, 0.1701986316311678, 0.23701273741209844, 0.22996215124013342]
Games played: 7
Exploitability: P1=2.800000000 P2=0.240296817 EV: (0.11213261015359974, -0.11213261015359974) P1 Winnings: -25.0
Choosing model 1
[0.20465555376123115, 0.15817129399016522, 0.17019862609724865, 0.23701292050187722, 0.22996160564947773]
Games played: 8
Exploitability: P1=2.800000000 P2=0.240296817 EV: (0.11213261015359974, -0.11213261015359974) P1 Winnings: -34.0
Choosing model 1
[0.20260408142587183, 0.16765278382010296, 0.169908699865, 0.24040789133491688, 0.21942654355410823]
Games played: 9
Exploitability: P1=2.800000000 P2=0.240296817 EV: (0.11213261015359974, -0.11213261015359974) P1 Winnings: -47.0
Choosing model 2
[0.20043982933834573, 0.1465057097259623, 0.14950327978347877, 0.26081218723389377, 0.24273899391831935]
Games played: 10
Exploitability: P1=4.600000000 P2=0.240296817 EV: (0.22242366050039472, -0.22242366050039472) P1 Winnings: -54.0
Choosing model 4
[0.20747614971216405, 0.1565711776651774, 0.163858604713989, 0.2441051325844315, 0.22798893532423803]
Games played: 11
Exploitability: P1=2.600000000 P2=0.240296817 EV: (-0.13920181326127723, 0.13920181326127723) P1 Winnings: -53.0
Choosing model 3
[0.2153853254463423, 0.12580628042887368, 0.16646610847841828, 0.23665894650098535, 0.2556833391453804]
Games played: 12
Exploitability: P1=1.933333333 P2=0.240296817 EV: (-0.1844059474458499, 0.1844059474458499) P1 Winnings: -50.0
Choosing model 4
[0.2254171252549032, 0.07040192624963619, 0.1644298671589512, 0.20707841496676274, 0.33267266636974663]
Games played: 13
Exploitability: P1=2.600000000 P2=0.240296817 EV: (-0.13920181326127723, 0.13920181326127723) P1 Winnings: -51.0
Choosing model 1
[0.22687056194109226, 0.05484266492329493, 0.16194987018441956, 0.19463646337383111, 0.3617004395773622]
Games played: 14
Exploitability: P1=2.800000000 P2=0.240296817 EV: (0.11213261015359974, -0.11213261015359974) P1 Winnings: -58.0
Choosing model 0
[0.2290821439129864, 0.053413603481072776, 0.1640238498973493, 0.19746182988951877, 0.3560185728190726]
Games played: 15
Exploitability: P1=1.900000000 P2=0.240296817 EV: (-0.09245927691477797, 0.09245927691477797) P1 Winnings: -65.0
Choosing model 0
[0.22908215542644675, 0.053413653703797595, 0.1640238765117482, 0.1974619037915364, 0.35601841056647116]
Games played: 16
Exploitability: P1=1.900000000 P2=0.240296817 EV: (-0.09245927691477797, 0.09245927691477797) P1 Winnings: -66.0
Choosing model 2
[0.2297392312215833, 0.05735280145912005, 0.16587689079476348, 0.20289869994149917, 0.3441323765830339]
Games played: 17
Exploitability: P1=4.600000000 P2=0.240296817 EV: (0.22242366050039472, -0.22242366050039472) P1 Winnings: -75.0
Choosing model 0
[0.2190918352045458, 0.053316736103750165, 0.1367732863339579, 0.23316561058968302, 0.3576525317680632]
Games played: 18
Exploitability: P1=1.900000000 P2=0.240296817 EV: (-0.09245927691477797, 0.09245927691477797) P1 Winnings: -75.0
Choosing model 4
[0.21558493708958415, 0.028052217601349187, 0.12702160179729802, 0.19182174010545228, 0.4375195034063163]
Games played: 19
Exploitability: P1=2.600000000 P2=0.240296817 EV: (-0.13920181326127723, 0.13920181326127723) P1 Winnings: -76.0
Choosing model 3
[0.2129254918311193, 0.021257929034235953, 0.12277795605217089, 0.17687482995642043, 0.46616379312605344]
Games played: 20
Exploitability: P1=1.933333333 P2=0.240296817 EV: (-0.1844059474458499, 0.1844059474458499) P1 Winnings: -76.0
Choosing model 3
[0.20909781690050733, 0.01615792398093095, 0.11799154750673202, 0.1622131311955443, 0.4945395804162855]
Games played: 21
Exploitability: P1=1.933333333 P2=0.240296817 EV: (-0.1844059474458499, 0.1844059474458499) P1 Winnings: -83.0
Choosing model 0
[0.2201798955207769, 0.02697025045449315, 0.13064301229491088, 0.19843041821417945, 0.4237764235156396]
Games played: 22
Exploitability: P1=1.900000000 P2=0.240296817 EV: (-0.09245927691477797, 0.09245927691477797) P1 Winnings: -86.0
Choosing model 2
[0.22182925626992137, 0.029092737884155874, 0.13272791304639606, 0.2048337170491785, 0.4115163757503482]
Games played: 23
Exploitability: P1=4.600000000 P2=0.240296817 EV: (0.22242366050039472, -0.22242366050039472) P1 Winnings: -87.0
Choosing model 4
[0.2332543962697417, 0.031584115618915914, 0.1477772760857913, 0.194749941109334, 0.39263427091621705]
Games played: 24
Exploitability: P1=2.600000000 P2=0.240296817 EV: (-0.13920181326127723, 0.13920181326127723) P1 Winnings: -86.0
Choosing model 2
[0.23325441747565337, 0.03158414660025235, 0.14777730607179138, 0.19475002191379537, 0.3926341079385076]
Games played: 25
Exploitability: P1=4.600000000 P2=0.240296817 EV: (0.22242366050039472, -0.22242366050039472) P1 Winnings: -87.0
Choosing model 4
[0.2265420363840469, 0.027179347333657306, 0.13204158646404401, 0.1990953023867505, 0.4151417274315012]
Games played: 26
Exploitability: P1=2.600000000 P2=0.240296817 EV: (-0.13920181326127723, 0.13920181326127723) P1 Winnings: -96.0
Choosing model 0
[0.2265420605281691, 0.02717937442001544, 0.13204161532530112, 0.19909538811270333, 0.41514156161381094]
Games played: 27
Exploitability: P1=1.900000000 P2=0.240296817 EV: (-0.09245927691477797, 0.09245927691477797) P1 Winnings: -97.0
Choosing model 0
[0.238182011286302, 0.029503441641093465, 0.14699593233425398, 0.18927191934517404, 0.39604669539317644]
Games played: 28
Exploitability: P1=1.900000000 P2=0.240296817 EV: (-0.09245927691477797, 0.09245927691477797) P1 Winnings: -96.0
Choosing model 3
[0.23818203423612078, 0.029503470741990414, 0.14699596296149742, 0.18927199890653565, 0.39604653315385574]
Games played: 29
Exploitability: P1=1.933333333 P2=0.240296817 EV: (-0.1844059474458499, 0.1844059474458499) P1 Winnings: -97.0
Choosing model 2
[0.2494587841547139, 0.03190333041826638, 0.16301575712946403, 0.1792425212551443, 0.37637960704241136]
Games played: 30
Exploitability: P1=4.600000000 P2=0.240296817 EV: (0.22242366050039472, -0.22242366050039472) P1 Winnings: -96.0
Choosing model 4
[0.24776294065855992, 0.02431185381352776, 0.15845308515485299, 0.16620250039497755, 0.40326961997808186]
Games played: 31
Exploitability: P1=2.600000000 P2=0.240296817 EV: (-0.13920181326127723, 0.13920181326127723) P1 Winnings: -95.0
Choosing model 4
[0.24962029457806828, 0.02622527632755319, 0.16098268340675415, 0.17156675379532277, 0.3916049918923015]
Games played: 32
Exploitability: P1=2.600000000 P2=0.240296817 EV: (-0.13920181326127723, 0.13920181326127723) P1 Winnings: -96.0
Choosing model 0
[0.24891535003586207, 0.023610650271347393, 0.15924521612443918, 0.1667329501022426, 0.40149583346610873]
Games played: 33
Exploitability: P1=1.900000000 P2=0.240296817 EV: (-0.09245927691477797, 0.09245927691477797) P1 Winnings: -99.0
Choosing model 2
[0.24657083151694334, 0.018838064329873, 0.1549579951427168, 0.15606377038291827, 0.42356933862754864]
Games played: 34
Exploitability: P1=4.600000000 P2=0.240296817 EV: (0.22242366050039472, -0.22242366050039472) P1 Winnings: -99.0
Choosing model 4
[0.24657095245914878, 0.018838137129883623, 0.15495813685165438, 0.15606403873511315, 0.42356873482419993]
Games played: 35
Exploitability: P1=2.600000000 P2=0.240296817 EV: (-0.13920181326127723, 0.13920181326127723) P1 Winnings: -108.0
Choosing model 4
[0.24657098442462116, 0.018838156338038932, 0.1549581742957848, 0.15606410953212144, 0.4235685754094337]
Games played: 36
Exploitability: P1=2.600000000 P2=0.240296817 EV: (-0.13920181326127723, 0.13920181326127723) P1 Winnings: -109.0
Choosing model 2
[0.25348026719003497, 0.026766723045534214, 0.16506268702926963, 0.1783709160601928, 0.3763194066749683]
Games played: 37
Exploitability: P1=4.600000000 P2=0.240296817 EV: (0.22242366050039472, -0.22242366050039472) P1 Winnings: -104.0
Choosing model 0
[0.26441627747792806, 0.028827856253970524, 0.1823170637490459, 0.16824142863224317, 0.3561973738868124]
Games played: 38
Exploitability: P1=1.900000000 P2=0.240296817 EV: (-0.09245927691477797, 0.09245927691477797) P1 Winnings: -103.0
Choosing model 0
[0.2553780181653017, 0.014887408213155675, 0.16619070344849207, 0.13585304656957423, 0.4276908236034764]
Games played: 39
Exploitability: P1=1.900000000 P2=0.240296817 EV: (-0.09245927691477797, 0.09245927691477797) P1 Winnings: -104.0
Choosing model 4
[0.25537805405416747, 0.014887423555139688, 0.1661907454170565, 0.13585310967780057, 0.42769066729583577]
Games played: 40
Exploitability: P1=2.600000000 P2=0.240296817 EV: (-0.13920181326127723, 0.13920181326127723) P1 Winnings: -105.0
Choosing model 0
[0.251731236005291, 0.011819834242930743, 0.1609229348463573, 0.12653590011561572, 0.44899009478980517]
Games played: 41
Exploitability: P1=1.900000000 P2=0.240296817 EV: (-0.09245927691477797, 0.09245927691477797) P1 Winnings: -104.0
Choosing model 0
[0.25451338735411855, 0.012795090330027625, 0.16406894262411037, 0.13108087247912595, 0.4375417072126176]
Games played: 42
Exploitability: P1=1.900000000 P2=0.240296817 EV: (-0.09245927691477797, 0.09245927691477797) P1 Winnings: -113.0
Choosing model 0
[0.25451342531806664, 0.012795103626235189, 0.16406898547286672, 0.13108093450182043, 0.437541551081011]
Games played: 43
Exploitability: P1=1.900000000 P2=0.240296817 EV: (-0.09245927691477797, 0.09245927691477797) P1 Winnings: -114.0
Choosing model 4
[0.2659522998637897, 0.01380415966622269, 0.181532305646742, 0.12385041254339843, 0.4148608222798472]
Games played: 44
Exploitability: P1=2.600000000 P2=0.240296817 EV: (-0.13920181326127723, 0.13920181326127723) P1 Winnings: -113.0
Choosing model 0
[0.2684895396706577, 0.014920797858085333, 0.1848044659355384, 0.12810707463837892, 0.40367812189733965]
Games played: 45
Exploitability: P1=1.900000000 P2=0.240296817 EV: (-0.09245927691477797, 0.09245927691477797) P1 Winnings: -114.0
Choosing model 4
[0.2738972386358888, 0.01827622037090789, 0.19259129066920702, 0.13914486875486007, 0.3760903815691362]
Games played: 46
Exploitability: P1=2.600000000 P2=0.240296817 EV: (-0.13920181326127723, 0.13920181326127723) P1 Winnings: -114.0
Choosing model 4
[0.26307176677756344, 0.010524935820691769, 0.17617105955881732, 0.11502311070170333, 0.4352091271412242]
Games played: 47
Exploitability: P1=2.600000000 P2=0.240296817 EV: (-0.13920181326127723, 0.13920181326127723) P1 Winnings: -115.0
Choosing model 0
[0.2578027067348796, 0.007913656507095985, 0.16895901387452786, 0.10523429675909299, 0.4600903261244037]
Games played: 48
Exploitability: P1=1.900000000 P2=0.240296817 EV: (-0.09245927691477797, 0.09245927691477797) P1 Winnings: -115.0
Choosing model 0
[0.27944828894426804, 0.010130542880145477, 0.20287451677834123, 0.102513633650006, 0.4050330177472394]
Games played: 49
Exploitability: P1=1.900000000 P2=0.240296817 EV: (-0.09245927691477797, 0.09245927691477797) P1 Winnings: -110.0
Choosing model 0
[0.28960358176254397, 0.010839476424742825, 0.2226200874684476, 0.09606141417572403, 0.3808754401685416]
Games played: 50
Exploitability: P1=1.900000000 P2=0.240296817 EV: (-0.09245927691477797, 0.09245927691477797) P1 Winnings: -109.0
Choosing model 0
[0.29860198196452936, 0.015725260392008552, 0.23834610708444526, 0.11081646351911578, 0.33651018703990104]
Games played: 51
Exploitability: P1=1.900000000 P2=0.240296817 EV: (-0.09245927691477797, 0.09245927691477797) P1 Winnings: -104.0
Choosing model 2
[0.2926688450566153, 0.015024483203225365, 0.20198365964264833, 0.13088271553959746, 0.35944029655791354]
Games played: 52
Exploitability: P1=4.600000000 P2=0.240296817 EV: (0.22242366050039472, -0.22242366050039472) P1 Winnings: -95.0
Choosing model 0
[0.30279891515572205, 0.016049092331941454, 0.22127300531274235, 0.12244047125642579, 0.3374385159431683]
Games played: 53
Exploitability: P1=1.900000000 P2=0.240296817 EV: (-0.09245927691477797, 0.09245927691477797) P1 Winnings: -94.0
Choosing model 0
[0.29961142328342294, 0.012291279700025587, 0.21426001498515324, 0.11314285418822934, 0.3606944278431691]
Games played: 54
Exploitability: P1=1.900000000 P2=0.240296817 EV: (-0.09245927691477797, 0.09245927691477797) P1 Winnings: -94.0
Choosing model 0
[0.26212751541142426, 0.006168341068051735, 0.13805220556919245, 0.12051159190928452, 0.47314034604204713]
Games played: 55
Exploitability: P1=1.900000000 P2=0.240296817 EV: (-0.09245927691477797, 0.09245927691477797) P1 Winnings: -94.0
Choosing model 4
[0.27402434902274553, 0.008912500029863104, 0.149538192071625, 0.14006324498241743, 0.42746171389334897]
Games played: 56
Exploitability: P1=2.600000000 P2=0.240296817 EV: (-0.13920181326127723, 0.13920181326127723) P1 Winnings: -94.0
Choosing model 2
[0.27349323424323013, 0.007896165820783375, 0.1482153211568239, 0.13641275502380323, 0.43398252375535934]
Games played: 57
Exploitability: P1=4.600000000 P2=0.240296817 EV: (0.22242366050039472, -0.22242366050039472) P1 Winnings: -94.0
Choosing model 0
[0.25809589122117466, 0.004467834445905991, 0.13321064301781502, 0.11079515430148236, 0.493430477013622]
Games played: 58
Exploitability: P1=1.900000000 P2=0.240296817 EV: (-0.09245927691477797, 0.09245927691477797) P1 Winnings: -94.0
Choosing model 2
[0.2520215691116798, 0.003483882033657047, 0.1276645888512735, 0.10195305523486123, 0.5148769047685285]
Games played: 59
Exploitability: P1=4.600000000 P2=0.240296817 EV: (0.22242366050039472, -0.22242366050039472) P1 Winnings: -94.0
Choosing model 4
[0.24223592895891838, 0.0029669842653970344, 0.11288997179185248, 0.10314915340833751, 0.5387579615754947]
Games played: 60
Exploitability: P1=2.600000000 P2=0.240296817 EV: (-0.13920181326127723, 0.13920181326127723) P1 Winnings: -85.0
Choosing model 0
[0.25810087383628866, 0.0045738051099693065, 0.1251640793913695, 0.1238084334428184, 0.488352808219554]
Games played: 61
Exploitability: P1=1.900000000 P2=0.240296817 EV: (-0.09245927691477797, 0.09245927691477797) P1 Winnings: -96.0
Choosing model 4
[0.2669950039985414, 0.005797166562328266, 0.13255407492327567, 0.1372501344540185, 0.45740362006183594]
Games played: 62
Exploitability: P1=2.600000000 P2=0.240296817 EV: (-0.13920181326127723, 0.13920181326127723) P1 Winnings: -101.0
Choosing model 4
[0.21457240709156733, 0.003206774145194955, 0.07670207490770123, 0.1496027753174897, 0.5559159685380468]
Games played: 63
Exploitability: P1=2.600000000 P2=0.240296817 EV: (-0.13920181326127723, 0.13920181326127723) P1 Winnings: -104.0
Choosing model 0
[0.2275107551550716, 0.004586649490435643, 0.0842400972726862, 0.17554611935864511, 0.5081163787231615]
Games played: 64
Exploitability: P1=1.900000000 P2=0.240296817 EV: (-0.09245927691477797, 0.09245927691477797) P1 Winnings: -97.0
Choosing model 4
[0.22185212278320657, 0.003431639970280452, 0.08039223167306771, 0.1598129077096693, 0.5345110978637758]
Games played: 65
Exploitability: P1=2.600000000 P2=0.240296817 EV: (-0.13920181326127723, 0.13920181326127723) P1 Winnings: -96.0
Choosing model 4
[0.21542038994907392, 0.0025790960120946347, 0.0763916600270468, 0.1449216124103462, 0.5606872416014383]
Games played: 66
Exploitability: P1=2.600000000 P2=0.240296817 EV: (-0.13920181326127723, 0.13920181326127723) P1 Winnings: -93.0
Choosing model 4
[0.23756722308519337, 0.005107447943242924, 0.08986825035007498, 0.19372643727778738, 0.4737306413437013]
Games played: 67
Exploitability: P1=2.600000000 P2=0.240296817 EV: (-0.13920181326127723, 0.13920181326127723) P1 Winnings: -96.0
Choosing model 2
[0.24753809696253665, 0.007699649782439643, 0.09743954381968978, 0.22739350873755687, 0.4199292006977771]
Games played: 68
Exploitability: P1=4.600000000 P2=0.240296817 EV: (0.22242366050039472, -0.22242366050039472) P1 Winnings: -107.0
Choosing model 4
[0.2818359475372631, 0.012111879295853055, 0.12962716815126962, 0.23040084172778647, 0.3460241632878278]
Games played: 69
Exploitability: P1=2.600000000 P2=0.240296817 EV: (-0.13920181326127723, 0.13920181326127723) P1 Winnings: -98.0
Choosing model 3
[0.28136481411677133, 0.010916942479026408, 0.12837630702067718, 0.22416818434507707, 0.3551737520384479]
Games played: 70
Exploitability: P1=1.933333333 P2=0.240296817 EV: (-0.1844059474458499, 0.1844059474458499) P1 Winnings: -101.0
Choosing model 0
[0.28619965336004544, 0.017602388236709062, 0.1373065709267293, 0.26489110132724053, 0.29400028614927565]
Games played: 71
Exploitability: P1=1.900000000 P2=0.240296817 EV: (-0.09245927691477797, 0.09245927691477797) P1 Winnings: -104.0
Choosing model 3
[0.2865720791984076, 0.01428025261386168, 0.13511573841364163, 0.25098344148405605, 0.31304848829003307]
Games played: 72
Exploitability: P1=1.933333333 P2=0.240296817 EV: (-0.1844059474458499, 0.1844059474458499) P1 Winnings: -105.0
Choosing model 0
[0.29995704191057265, 0.015432425510420338, 0.14974954206864088, 0.23753911366368607, 0.29732187684668]
Games played: 73
Exploitability: P1=1.900000000 P2=0.240296817 EV: (-0.09245927691477797, 0.09245927691477797) P1 Winnings: -104.0
Choosing model 2
[0.29995705480137, 0.015432439908523285, 0.14974956527618244, 0.23753920083487493, 0.29732173917904936]
Games played: 74
Exploitability: P1=4.600000000 P2=0.240296817 EV: (0.22242366050039472, -0.22242366050039472) P1 Winnings: -105.0
Choosing model 0
[0.31277449188531237, 0.016614219849566295, 0.16533781479020637, 0.22396100709809033, 0.28131246637682467]
Games played: 75
Exploitability: P1=1.900000000 P2=0.240296817 EV: (-0.09245927691477797, 0.09245927691477797) P1 Winnings: -104.0
Choosing model 2
[0.3127745032941767, 0.016614235242278112, 0.16533783933899576, 0.22396108783088076, 0.2813123342936687]
Games played: 76
Exploitability: P1=4.600000000 P2=0.240296817 EV: (0.22242366050039472, -0.22242366050039472) P1 Winnings: -105.0
Choosing model 0
[0.3115202771569341, 0.011353712761744482, 0.15922183395860973, 0.20079519452419278, 0.31710898159851886]
Games played: 77
Exploitability: P1=1.900000000 P2=0.240296817 EV: (-0.09245927691477797, 0.09245927691477797) P1 Winnings: -105.0
Choosing model 2
[0.3128921669313023, 0.012209692488904408, 0.16126714992862043, 0.20663968061100207, 0.3069913100401708]
Games played: 78
Exploitability: P1=4.600000000 P2=0.240296817 EV: (0.22242366050039472, -0.22242366050039472) P1 Winnings: -106.0
Choosing model 4
[0.3007224968421021, 0.013327898601830675, 0.13440462242938775, 0.23947209840004557, 0.31207288372663405]
Games played: 79
Exploitability: P1=2.600000000 P2=0.240296817 EV: (-0.13920181326127723, 0.13920181326127723) P1 Winnings: -101.0
Choosing model 3
[0.30243004314715594, 0.018525729315978425, 0.14005720349005557, 0.2677520159873622, 0.2712350080594477]
Games played: 80
Exploitability: P1=1.933333333 P2=0.240296817 EV: (-0.1844059474458499, 0.1844059474458499) P1 Winnings: -96.0
Choosing model 3
[0.2632471097313237, 0.009249772019402584, 0.08978258512360882, 0.28373889914505884, 0.35398163398060595]
Games played: 81
Exploitability: P1=1.933333333 P2=0.240296817 EV: (-0.1844059474458499, 0.1844059474458499) P1 Winnings: -89.0
Choosing model 4
[0.26001039790770486, 0.00626860080235671, 0.08574234092733168, 0.2522749675253561, 0.39570369283725065]
Games played: 82
Exploitability: P1=2.600000000 P2=0.240296817 EV: (-0.13920181326127723, 0.13920181326127723) P1 Winnings: -100.0
Choosing model 3
[0.275308669546085, 0.006852876380673483, 0.09612998725923112, 0.2415284002854065, 0.38018006652860387]
Games played: 83
Exploitability: P1=1.933333333 P2=0.240296817 EV: (-0.1844059474458499, 0.1844059474458499) P1 Winnings: -99.0
Choosing model 4
[0.27711299968662967, 0.007385303812391203, 0.09757325962612079, 0.24909055297005478, 0.3688378839048035]
Games played: 84
Exploitability: P1=2.600000000 P2=0.240296817 EV: (-0.13920181326127723, 0.13920181326127723) P1 Winnings: -110.0
Choosing model 2
[0.29232620646686336, 0.008043634514249281, 0.10898733709651089, 0.2375926394540507, 0.35305018246832576]
Games played: 85
Exploitability: P1=4.600000000 P2=0.240296817 EV: (0.22242366050039472, -0.22242366050039472) P1 Winnings: -109.0
Choosing model 4
[0.2479615800686748, 0.005371792828719481, 0.06963598902073227, 0.2716759706381786, 0.40535466744369486]
Games played: 86
Exploitability: P1=2.600000000 P2=0.240296817 EV: (-0.13920181326127723, 0.13920181326127723) P1 Winnings: -118.0
Choosing model 3
[0.2530463538713116, 0.0075768652790463385, 0.07363455550616466, 0.3082376841494904, 0.35750454119398706]
Games played: 87
Exploitability: P1=1.933333333 P2=0.240296817 EV: (-0.1844059474458499, 0.1844059474458499) P1 Winnings: -113.0
Choosing model 4
[0.16626359572496485, 0.0038112852013889257, 0.02797362288803614, 0.3802099828867598, 0.4217415132988503]
Games played: 88
Exploitability: P1=2.600000000 P2=0.240296817 EV: (-0.13920181326127723, 0.13920181326127723) P1 Winnings: -102.0
Choosing model 4
[0.17949503696006686, 0.004248149938254447, 0.03197704798989681, 0.3711450443339987, 0.41313472077778324]
Games played: 89
Exploitability: P1=2.600000000 P2=0.240296817 EV: (-0.13920181326127723, 0.13920181326127723) P1 Winnings: -101.0
Choosing model 4
[0.17922071661135885, 0.003829584783454065, 0.03167302748343954, 0.3611569220607086, 0.424119749061039]
Games played: 90
Exploitability: P1=2.600000000 P2=0.240296817 EV: (-0.13920181326127723, 0.13920181326127723) P1 Winnings: -104.0
Choosing model 3
[0.18028672271251744, 0.004124636458383456, 0.03212920877685664, 0.3722404068876597, 0.4112190251645827]
Games played: 91
Exploitability: P1=1.933333333 P2=0.240296817 EV: (-0.1844059474458499, 0.1844059474458499) P1 Winnings: -105.0
Choosing model 0
[0.1792059193030199, 0.003145710782509961, 0.03125519448194743, 0.3454387743696161, 0.4409544010629067]
Games played: 92
Exploitability: P1=1.900000000 P2=0.240296817 EV: (-0.09245927691477797, 0.09245927691477797) P1 Winnings: -105.0
Choosing model 3
[0.1804619066173976, 0.003391645357865183, 0.03173878627329519, 0.35641527746836127, 0.4279923842830806]
Games played: 93
Exploitability: P1=1.933333333 P2=0.240296817 EV: (-0.1844059474458499, 0.1844059474458499) P1 Winnings: -106.0
Choosing model 4
[0.1350451715184562, 0.0017469881442954364, 0.017101241850050394, 0.3617491107230183, 0.48435748776417975]
Games played: 94
Exploitability: P1=2.600000000 P2=0.240296817 EV: (-0.13920181326127723, 0.13920181326127723) P1 Winnings: -99.0
Choosing model 3
[0.14667940644322505, 0.0026789964093420207, 0.020058054273310474, 0.40161227008222805, 0.42897127279189445]
Games played: 95
Exploitability: P1=1.933333333 P2=0.240296817 EV: (-0.1844059474458499, 0.1844059474458499) P1 Winnings: -96.0
Choosing model 0
[0.10813817512592556, 0.0013594520084688343, 0.010647361160155548, 0.40158085401118343, 0.4782741576942666]
Games played: 96
Exploitability: P1=1.900000000 P2=0.240296817 EV: (-0.09245927691477797, 0.09245927691477797) P1 Winnings: -99.0
Choosing model 4
[0.10724750625578615, 0.001092374404176017, 0.010377675301155923, 0.37687199758045964, 0.5044104464584223]
Games played: 97
Exploitability: P1=2.600000000 P2=0.240296817 EV: (-0.13920181326127723, 0.13920181326127723) P1 Winnings: -98.0
Choosing model 3
[0.10774853152297029, 0.0008831649638590465, 0.010350285193969595, 0.3484782605010962, 0.5325397578181048]
Games played: 98
Exploitability: P1=1.933333333 P2=0.240296817 EV: (-0.1844059474458499, 0.1844059474458499) P1 Winnings: -97.0
Choosing model 4
[0.11443318754026621, 0.0013385212887506576, 0.011599403546803244, 0.40267771447936485, 0.46995117314481516]
Games played: 99
Exploitability: P1=2.600000000 P2=0.240296817 EV: (-0.13920181326127723, 0.13920181326127723) P1 Winnings: -90.0
Choosing model 4
[0.1144331995371578, 0.0013385226203643918, 0.011599406061991908, 0.4026778871629549, 0.4699509846175311]
Games played: 100
Exploitability: P1=2.600000000 P2=0.240296817 EV: (-0.13920181326127723, 0.13920181326127723) P1 Winnings: -91.0
Choosing model 4
[0.1245702493120934, 0.001504392361347715, 0.013370031221495316, 0.396355553950115, 0.46419977315494865]
Games played: 101
Exploitability: P1=2.600000000 P2=0.240296817 EV: (-0.13920181326127723, 0.13920181326127723) P1 Winnings: -90.0
Choosing model 4
[0.12328269043789922, 0.0011523692412692718, 0.012948779926730367, 0.3663286207297037, 0.4962875396643975]
Games played: 102
Exploitability: P1=2.600000000 P2=0.240296817 EV: (-0.13920181326127723, 0.13920181326127723) P1 Winnings: -97.0
Choosing model 4
[0.12436982505361562, 0.001244695244760839, 0.01317275723239899, 0.3786481220077562, 0.4825646004614684]
Games played: 103
Exploitability: P1=2.600000000 P2=0.240296817 EV: (-0.13920181326127723, 0.13920181326127723) P1 Winnings: -98.0
Choosing model 4
[0.12275535410063983, 0.0009508920545115307, 0.012723622237883545, 0.3490272696458835, 0.5145428619610817]
Games played: 104
Exploitability: P1=2.600000000 P2=0.240296817 EV: (-0.13920181326127723, 0.13920181326127723) P1 Winnings: -105.0
Choosing model 0
[0.1334751322240559, 0.001067491060539867, 0.01464890152215021, 0.34315011633031206, 0.507658358862942]
Games played: 105
Exploitability: P1=1.900000000 P2=0.240296817 EV: (-0.09245927691477797, 0.09245927691477797) P1 Winnings: -104.0
Choosing model 4
[0.09686830836478977, 0.0005332509114432932, 0.007654736228079682, 0.3377716129299598, 0.5571720915657276]
Games played: 106
Exploitability: P1=2.600000000 P2=0.240296817 EV: (-0.13920181326127723, 0.13920181326127723) P1 Winnings: -97.0
Choosing model 3
[0.0985805773842019, 0.0005457151367478657, 0.007848323803417462, 0.3500000416479862, 0.5430253420276465]
Games played: 107
Exploitability: P1=1.933333333 P2=0.240296817 EV: (-0.1844059474458499, 0.1844059474458499) P1 Winnings: -94.0
Choosing model 2
[0.10491051613708294, 0.0008287746945929887, 0.008813477189337327, 0.40526307143880236, 0.48018416054018437]
Games played: 108
Exploitability: P1=4.600000000 P2=0.240296817 EV: (0.22242366050039472, -0.22242366050039472) P1 Winnings: -87.0
Choosing model 3
[0.11437531409047484, 0.0009328737443042967, 0.01017407506288648, 0.39949852651209344, 0.475019210590241]
Games played: 109
Exploitability: P1=1.933333333 P2=0.240296817 EV: (-0.1844059474458499, 0.1844059474458499) P1 Winnings: -86.0
Choosing model 0
[0.11437532757335239, 0.0009328747517004253, 0.010174077493300075, 0.3994987134308496, 0.4750190067507976]
Games played: 110
Exploitability: P1=1.900000000 P2=0.240296817 EV: (-0.09245927691477797, 0.09245927691477797) P1 Winnings: -89.0
Choosing model 3
[0.11190329456665093, 0.0006262336941959119, 0.009624561450535146, 0.3518452369138516, 0.5260006733747665]
Games played: 111
Exploitability: P1=1.933333333 P2=0.240296817 EV: (-0.1844059474458499, 0.1844059474458499) P1 Winnings: -86.0
Choosing model 3
[0.11868786627148808, 0.0009478567257342748, 0.010771770827415351, 0.40602838432645905, 0.46356412184890317]
Games played: 112
Exploitability: P1=1.933333333 P2=0.240296817 EV: (-0.1844059474458499, 0.1844059474458499) P1 Winnings: -79.0
Choosing model 4
[0.1291724016072571, 0.0010650726188017204, 0.012413232607006044, 0.39956246251692973, 0.4577868306500054]
Games played: 113
Exploitability: P1=2.600000000 P2=0.240296817 EV: (-0.13920181326127723, 0.13920181326127723) P1 Winnings: -78.0
Choosing model 4
[0.1282334525342361, 0.000851626423537123, 0.01210525851571742, 0.37480633456933093, 0.4840033279571783]
Games played: 114
Exploitability: P1=2.600000000 P2=0.240296817 EV: (-0.13920181326127723, 0.13920181326127723) P1 Winnings: -77.0
Choosing model 4
[0.13138170559070675, 0.001262391857163726, 0.012905684914276322, 0.43258766069763116, 0.4218625569402221]
Games played: 115
Exploitability: P1=2.600000000 P2=0.240296817 EV: (-0.13920181326127723, 0.13920181326127723) P1 Winnings: -88.0
Choosing model 3
[0.13232929594922105, 0.001839614338402905, 0.013526193439767681, 0.4908274879299068, 0.3614774083427015]
Games played: 116
Exploitability: P1=1.933333333 P2=0.240296817 EV: (-0.1844059474458499, 0.1844059474458499) P1 Winnings: -89.0
Choosing model 3
[0.13287779719123258, 0.00142976867269474, 0.013291703834011686, 0.46028135150202854, 0.39211937880003256]
Games played: 117
Exploitability: P1=1.933333333 P2=0.240296817 EV: (-0.1844059474458499, 0.1844059474458499) P1 Winnings: -86.0
Choosing model 4
[0.13297880833677564, 0.0019776544706434033, 0.01378297299394853, 0.5121205619394635, 0.3391400022591689]
Games played: 118
Exploitability: P1=2.600000000 P2=0.240296817 EV: (-0.13920181326127723, 0.13920181326127723) P1 Winnings: -81.0
Choosing model 3
[0.13405724848161707, 0.0015296877473666643, 0.013598291232300311, 0.4819911245849197, 0.36882364795379624]
Games played: 119
Exploitability: P1=1.933333333 P2=0.240296817 EV: (-0.1844059474458499, 0.1844059474458499) P1 Winnings: -81.0
Choosing model 3
[0.1341162751266259, 0.0010500175060467669, 0.013153790072740049, 0.4340662227612738, 0.4176136945333135]
Games played: 120
Exploitability: P1=1.933333333 P2=0.240296817 EV: (-0.1844059474458499, 0.1844059474458499) P1 Winnings: -78.0
Choosing model 3
[0.14569203982883677, 0.0011776710319344338, 0.015130024243199567, 0.4263587764256788, 0.41164148847035037]
Games played: 121
Exploitability: P1=1.933333333 P2=0.240296817 EV: (-0.1844059474458499, 0.1844059474458499) P1 Winnings: -77.0
Choosing model 4
[0.14230633753716584, 0.0005992415207450906, 0.013957705909422679, 0.3481177439415539, 0.4950189710911124]
Games played: 122
Exploitability: P1=2.600000000 P2=0.240296817 EV: (-0.13920181326127723, 0.13920181326127723) P1 Winnings: -77.0
Choosing model 0
[0.14002405465646067, 0.0004563760849074671, 0.01344005651298258, 0.31989146508670496, 0.5261880476589442]
Games played: 123
Exploitability: P1=1.900000000 P2=0.240296817 EV: (-0.09245927691477797, 0.09245927691477797) P1 Winnings: -74.0
Choosing model 4
[0.14824419296198107, 0.0008934407269572833, 0.01522937713299107, 0.41460162964000774, 0.4210313595380629]
Games played: 124
Exploitability: P1=2.600000000 P2=0.240296817 EV: (-0.13920181326127723, 0.13920181326127723) P1 Winnings: -79.0
Choosing model 0
[0.1482442042597077, 0.0008934415902105382, 0.015229379999319486, 0.41460179556811044, 0.4210311785826518]
Games played: 125
Exploitability: P1=1.900000000 P2=0.240296817 EV: (-0.09245927691477797, 0.09245927691477797) P1 Winnings: -80.0
Choosing model 4
[0.14429368165830286, 0.0005214134988611312, 0.014117673408816723, 0.3473218678384584, 0.49374536359556087]
Games played: 126
Exploitability: P1=2.600000000 P2=0.240296817 EV: (-0.13920181326127723, 0.13920181326127723) P1 Winnings: -85.0
Choosing model 4
[0.10512581976404253, 0.000261475110377246, 0.007405749646815913, 0.34320361220677303, 0.5440033432719913]
Games played: 127
Exploitability: P1=2.600000000 P2=0.240296817 EV: (-0.13920181326127723, 0.13920181326127723) P1 Winnings: -78.0
Choosing model 4
[0.105700221078333, 0.00023392360780977888, 0.00741388618259665, 0.33882982104116877, 0.5478221480900917]
Games played: 128
Exploitability: P1=2.600000000 P2=0.240296817 EV: (-0.13920181326127723, 0.13920181326127723) P1 Winnings: -78.0
Choosing model 3
[0.10691822343488873, 0.0002533426706871248, 0.00756234821713218, 0.35116360689385817, 0.5341024787834339]
Games played: 129
Exploitability: P1=1.933333333 P2=0.240296817 EV: (-0.1844059474458499, 0.1844059474458499) P1 Winnings: -79.0
Choosing model 0
[0.11655188245497919, 0.00028513400541250533, 0.008728881669062254, 0.3461321450438598, 0.5283019568266862]
Games played: 130
Exploitability: P1=1.900000000 P2=0.240296817 EV: (-0.09245927691477797, 0.09245927691477797) P1 Winnings: -78.0
Choosing model 2
[0.11001247810043845, 0.00016136820886114214, 0.00784679999161792, 0.28118741022113436, 0.6007919434779481]
Games played: 131
Exploitability: P1=4.600000000 P2=0.240296817 EV: (0.22242366050039472, -0.22242366050039472) P1 Winnings: -77.0
Choosing model 3
[0.10686572152312196, 0.00012132693359797525, 0.007459293852982233, 0.2550882646609509, 0.6304653930293469]
Games played: 132
Exploitability: P1=1.933333333 P2=0.240296817 EV: (-0.1844059474458499, 0.1844059474458499) P1 Winnings: -80.0
Choosing model 4
[0.10339465781208798, 9.085726668348023e-05, 0.007062623457769452, 0.2304879843680384, 0.6589638770954207]
Games played: 133
Exploitability: P1=2.600000000 P2=0.240296817 EV: (-0.13920181326127723, 0.13920181326127723) P1 Winnings: -87.0
Choosing model 4
[0.09214867144589602, 4.329742503630519e-05, 0.005940747763940678, 0.17174352678765992, 0.7301237565774671]
Games played: 134
Exploitability: P1=2.600000000 P2=0.240296817 EV: (-0.13920181326127723, 0.13920181326127723) P1 Winnings: -87.0
Choosing model 3
[0.10381703510744059, 7.597149328680044e-05, 0.007041682823103479, 0.224786617684559, 0.6642786928916101]
Games played: 135
Exploitability: P1=1.933333333 P2=0.240296817 EV: (-0.1844059474458499, 0.1844059474458499) P1 Winnings: -92.0
Choosing model 4
[0.10381706456662473, 7.597158792925677e-05, 0.007041685673301098, 0.22478676014563317, 0.6642785180265118]
Games played: 136
Exploitability: P1=2.600000000 P2=0.240296817 EV: (-0.13920181326127723, 0.13920181326127723) P1 Winnings: -95.0
Choosing model 4
[0.0999867503315993, 5.6632728471276054e-05, 0.0066368039281073455, 0.20218201541598066, 0.6911377975958415]
Games played: 137
Exploitability: P1=2.600000000 P2=0.240296817 EV: (-0.13920181326127723, 0.13920181326127723) P1 Winnings: -92.0
Choosing model 4
[0.09595915040406079, 4.2068225621108315e-05, 0.006233207527277791, 0.18121101574241413, 0.7165545581006261]
Games played: 138
Exploitability: P1=2.600000000 P2=0.240296817 EV: (-0.13920181326127723, 0.13920181326127723) P1 Winnings: -99.0
Choosing model 4
[0.08917114817290657, 2.6822220527166937e-05, 0.00560047596154533, 0.15158224273970283, 0.7536193109053182]
Games played: 139
Exploitability: P1=2.600000000 P2=0.240296817 EV: (-0.13920181326127723, 0.13920181326127723) P1 Winnings: -99.0
Choosing model 4
[0.08917117773923973, 2.6822253292399626e-05, 0.005600478445740857, 0.1515823421123438, 0.7536191794493832]
Games played: 140
Exploitability: P1=2.600000000 P2=0.240296817 EV: (-0.13920181326127723, 0.13920181326127723) P1 Winnings: -100.0
Choosing model 4
[0.11024941005991705, 3.859887161812128e-05, 0.008006923360600932, 0.15472547452548469, 0.7269795931823793]
Games played: 141
Exploitability: P1=2.600000000 P2=0.240296817 EV: (-0.13920181326127723, 0.13920181326127723) P1 Winnings: -97.0
Choosing model 4
[0.1127761993943961, 4.2274087506214374e-05, 0.008259272028837581, 0.16216422100242886, 0.7167580334868312]
Games played: 142
Exploitability: P1=2.600000000 P2=0.240296817 EV: (-0.13920181326127723, 0.13920181326127723) P1 Winnings: -98.0
Choosing model 4
[0.15486179059447297, 9.67722427173364e-05, 0.014058197656271972, 0.19705531069801932, 0.6339279288085183]
Games played: 143
Exploitability: P1=2.600000000 P2=0.240296817 EV: (-0.13920181326127723, 0.13920181326127723) P1 Winnings: -93.0
Choosing model 0
[0.15769163187010285, 0.00010550514284984907, 0.01443540372240723, 0.2055912141030202, 0.6221762451616198]
Games played: 144
Exploitability: P1=1.900000000 P2=0.240296817 EV: (-0.09245927691477797, 0.09245927691477797) P1 Winnings: -94.0
Choosing model 0
[0.17074830630493754, 0.00011794906398863165, 0.016550498077337918, 0.20128767451245222, 0.6112955720412837]
Games played: 145
Exploitability: P1=1.900000000 P2=0.240296817 EV: (-0.09245927691477797, 0.09245927691477797) P1 Winnings: -93.0
Choosing model 4
[0.17370135100296738, 0.00012846941407805242, 0.01697824429876421, 0.20980508543156032, 0.59938684985263]
Games played: 146
Exploitability: P1=2.600000000 P2=0.240296817 EV: (-0.13920181326127723, 0.13920181326127723) P1 Winnings: -94.0
Choosing model 4
[0.1692312939384238, 0.00010140905728111257, 0.016256240044242993, 0.19342224483493925, 0.6209888121251127]
Games played: 147
Exploitability: P1=2.600000000 P2=0.240296817 EV: (-0.13920181326127723, 0.13920181326127723) P1 Winnings: -95.0
Choosing model 0
[0.16439677822552226, 7.93464826128863e-05, 0.015512803971218922, 0.1775455070497683, 0.6424655642708776]
Games played: 148
Exploitability: P1=1.900000000 P2=0.240296817 EV: (-0.09245927691477797, 0.09245927691477797) P1 Winnings: -94.0
Choosing model 4
[0.16753348826255915, 8.657538980402261e-05, 0.015941660111141797, 0.18538306459921436, 0.6310552116372807]
Games played: 149
Exploitability: P1=2.600000000 P2=0.240296817 EV: (-0.13920181326127723, 0.13920181326127723) P1 Winnings: -103.0
Choosing model 4
[0.17062409207073248, 9.440426834451008e-05, 0.016372205457430747, 0.19344647307844332, 0.6194628251250489]
Games played: 150
Exploitability: P1=2.600000000 P2=0.240296817 EV: (-0.13920181326127723, 0.13920181326127723) P1 Winnings: -104.0
Choosing model 4
[0.1829340480562577, 0.00014643918970700247, 0.018265636360862817, 0.23364078161948135, 0.5650130947736911]
Games played: 151
Exploitability: P1=2.600000000 P2=0.240296817 EV: (-0.13920181326127723, 0.13920181326127723) P1 Winnings: -105.0
Choosing model 4
[0.17769268603970184, 0.00011009685110349791, 0.017362747860166658, 0.21194430084302207, 0.5928901684060058]
Games played: 152
Exploitability: P1=2.600000000 P2=0.240296817 EV: (-0.13920181326127723, 0.13920181326127723) P1 Winnings: -102.0
Choosing model 4
[0.17198339187242792, 8.247733575485755e-05, 0.016445386114879515, 0.19157411733831842, 0.6199146273386194]
Games played: 153
Exploitability: P1=2.600000000 P2=0.240296817 EV: (-0.13920181326127723, 0.13920181326127723) P1 Winnings: -109.0
Choosing model 4
[0.16588879908240137, 6.157549971602878e-05, 0.01552327267961168, 0.17257008748267055, 0.6459562652556003]
Games played: 154
Exploitability: P1=2.600000000 P2=0.240296817 EV: (-0.13920181326127723, 0.13920181326127723) P1 Winnings: -116.0
Choosing model 4
[0.1594914840474037, 4.582167431271804e-05, 0.01460536335626372, 0.15494730971275159, 0.6709100212092683]
Games played: 155
Exploitability: P1=2.600000000 P2=0.240296817 EV: (-0.13920181326127723, 0.13920181326127723) P1 Winnings: -113.0
Choosing model 4
[0.16279906728014704, 5.0077636132865644e-05, 0.015033555235427534, 0.1620505427515106, 0.660066757096782]
Games played: 156
Exploitability: P1=2.600000000 P2=0.240296817 EV: (-0.13920181326127723, 0.13920181326127723) P1 Winnings: -114.0
Choosing model 4
[0.16049700858292468, 4.4573315301712414e-05, 0.014702533299611948, 0.1556976408662329, 0.6690582439359288]
Games played: 157
Exploitability: P1=2.600000000 P2=0.240296817 EV: (-0.13920181326127723, 0.13920181326127723) P1 Winnings: -117.0
Choosing model 4
[0.16079495506242591, 3.973357225502235e-05, 0.014665876915759763, 0.15316191389817052, 0.6713375205513887]
Games played: 158
Exploitability: P1=2.600000000 P2=0.240296817 EV: (-0.13920181326127723, 0.13920181326127723) P1 Winnings: -117.0
Choosing model 4
[0.16079500143489514, 3.973361907694898e-05, 0.014665882787908091, 0.15316200769388325, 0.6713373744642365]
Games played: 159
Exploitability: P1=2.600000000 P2=0.240296817 EV: (-0.13920181326127723, 0.13920181326127723) P1 Winnings: -118.0
Choosing model 3
[0.17354716671700546, 5.927311197196619e-05, 0.016401570168731214, 0.18378702653204923, 0.6262049634702422]
Games played: 160
Exploitability: P1=1.933333333 P2=0.240296817 EV: (-0.1844059474458499, 0.1844059474458499) P1 Winnings: -113.0
Choosing model 4
[0.18538561735605538, 8.751265508495714e-05, 0.018154160407535598, 0.2182690599059902, 0.578103649675334]
Games played: 161
Exploitability: P1=2.600000000 P2=0.240296817 EV: (-0.13920181326127723, 0.13920181326127723) P1 Winnings: -108.0
Choosing model 4
[0.17971042824454372, 6.566151062777313e-05, 0.017221939867191498, 0.19760027843215683, 0.6054016919454802]
Games played: 162
Exploitability: P1=2.600000000 P2=0.240296817 EV: (-0.13920181326127723, 0.13920181326127723) P1 Winnings: -115.0
Choosing model 3
[0.1993357620726316, 0.00013078548194400108, 0.020377675192312372, 0.26567795189040483, 0.5144778253627071]
Games played: 163
Exploitability: P1=1.933333333 P2=0.240296817 EV: (-0.1844059474458499, 0.1844059474458499) P1 Winnings: -118.0
Choosing model 0
[0.1993357991173779, 0.00013078563206520098, 0.020377681445022604, 0.2656780942517243, 0.51447763955381]
Games played: 164
Exploitability: P1=1.900000000 P2=0.240296817 EV: (-0.09245927691477797, 0.09245927691477797) P1 Winnings: -121.0
Choosing model 4
[0.2081408968075441, 0.00019758030478476098, 0.022141157344912978, 0.3125082674677018, 0.4570120980750564]
Games played: 165
Exploitability: P1=2.600000000 P2=0.240296817 EV: (-0.13920181326127723, 0.13920181326127723) P1 Winnings: -130.0
Choosing model 0
[0.20496047143521334, 0.00015059103184717084, 0.021336425643177708, 0.2873904509093575, 0.4861620609804043]
Games played: 166
Exploitability: P1=1.900000000 P2=0.240296817 EV: (-0.09245927691477797, 0.09245927691477797) P1 Winnings: -137.0
Choosing model 2
[0.21018340888682632, 0.00018921340116063778, 0.022400086758685687, 0.3158272101035932, 0.4514000808497341]
Games played: 167
Exploitability: P1=4.600000000 P2=0.240296817 EV: (0.22242366050039472, -0.22242366050039472) P1 Winnings: -142.0
Choosing model 4
[0.23732022287846918, 0.00025230726151073376, 0.028016776579631447, 0.32047650999196337, 0.41393418328842524]
Games played: 168
Exploitability: P1=2.600000000 P2=0.240296817 EV: (-0.13920181326127723, 0.13920181326127723) P1 Winnings: -137.0
Choosing model 4
[0.23527087792494167, 0.00020146586941544782, 0.027284070700670238, 0.3002066222632448, 0.4370369632417279]
Games played: 169
Exploitability: P1=2.600000000 P2=0.240296817 EV: (-0.13920181326127723, 0.13920181326127723) P1 Winnings: -136.0
Choosing model 0
[0.2326300678543018, 0.00016044916582317768, 0.026501131333743263, 0.2804843165938106, 0.46022403505232107]
Games played: 170
Exploitability: P1=1.900000000 P2=0.240296817 EV: (-0.09245927691477797, 0.09245927691477797) P1 Winnings: -135.0
Choosing model 0
[0.23457967729347995, 0.00015050934353979533, 0.026723819987593867, 0.28145979674270044, 0.45708619663268585]
Games played: 171
Exploitability: P1=1.900000000 P2=0.240296817 EV: (-0.09245927691477797, 0.09245927691477797) P1 Winnings: -138.0
Choosing model 3
[0.21420315074220886, 0.00013397285761482583, 0.0210988300449968, 0.3097034496615305, 0.45486059669364903]
Games played: 172
Exploitability: P1=1.933333333 P2=0.240296817 EV: (-0.1844059474458499, 0.1844059474458499) P1 Winnings: -129.0
Choosing model 0
[0.21416280320212644, 0.00011890340520526394, 0.02094884595549366, 0.3021604334418639, 0.4626090139953108]
Games played: 173
Exploitability: P1=1.900000000 P2=0.240296817 EV: (-0.09245927691477797, 0.09245927691477797) P1 Winnings: -132.0
Choosing model 4
[0.2114745257806329, 9.512788313649458e-05, 0.020329372176900205, 0.282334884465166, 0.4857660896941644]
Games played: 174
Exploitability: P1=2.600000000 P2=0.240296817 EV: (-0.13920181326127723, 0.13920181326127723) P1 Winnings: -133.0
Choosing model 4
[0.2275972345938672, 0.00010570362120217955, 0.023166864815559848, 0.27475040226837816, 0.47437979470099256]
Games played: 175
Exploitability: P1=2.600000000 P2=0.240296817 EV: (-0.13920181326127723, 0.13920181326127723) P1 Winnings: -132.0
Choosing model 0
[0.24443653548069097, 0.00011720931189677145, 0.02634515631865771, 0.2668101517842101, 0.4622909471045445]
Games played: 176
Exploitability: P1=1.900000000 P2=0.240296817 EV: (-0.09245927691477797, 0.09245927691477797) P1 Winnings: -131.0
Choosing model 4
[0.2576072458960435, 0.0002284135679046285, 0.029716574137128398, 0.34422912731339134, 0.3682186390855322]
Games played: 177
Exploitability: P1=2.600000000 P2=0.240296817 EV: (-0.13920181326127723, 0.13920181326127723) P1 Winnings: -136.0
Choosing model 2
[0.29825371411405166, 0.000307806127892479, 0.03978462752779668, 0.3290310174972291, 0.33262283473303]
Games played: 178
Exploitability: P1=4.600000000 P2=0.240296817 EV: (0.22242366050039472, -0.22242366050039472) P1 Winnings: -133.0
Choosing model 4
[0.31728326413293845, 0.000338073926592146, 0.0448137180346588, 0.3164922055967072, 0.32107273830910354]
Games played: 179
Exploitability: P1=2.600000000 P2=0.240296817 EV: (-0.13920181326127723, 0.13920181326127723) P1 Winnings: -132.0
Choosing model 0
[0.31837288115636564, 0.00036321103397540474, 0.04534556301632664, 0.3253898174666647, 0.3105285273266677]
Games played: 180
Exploitability: P1=1.900000000 P2=0.240296817 EV: (-0.09245927691477797, 0.09245927691477797) P1 Winnings: -133.0
Choosing model 0
[0.3377074122904897, 0.000397774254769197, 0.05093000285016515, 0.3120853323872411, 0.2988794782173347]
Games played: 181
Exploitability: P1=1.900000000 P2=0.240296817 EV: (-0.09245927691477797, 0.09245927691477797) P1 Winnings: -132.0
Choosing model 2
[0.33720206144201553, 0.00031717288119489863, 0.04991122559160731, 0.29366070942200934, 0.31890883066317305]
Games played: 182
Exploitability: P1=4.600000000 P2=0.240296817 EV: (0.22242366050039472, -0.22242366050039472) P1 Winnings: -132.0
Choosing model 0
[0.33311503743890514, 0.00021067943583824835, 0.04757103122447162, 0.2594555373786239, 0.35964771452216104]
Games played: 183
Exploitability: P1=1.900000000 P2=0.240296817 EV: (-0.09245927691477797, 0.09245927691477797) P1 Winnings: -137.0
Choosing model 0
[0.335195116363024, 0.0002269781247783065, 0.048270402456195856, 0.26749669561899414, 0.3488108074370076]
Games played: 184
Exploitability: P1=1.900000000 P2=0.240296817 EV: (-0.09245927691477797, 0.09245927691477797) P1 Winnings: -132.0
Choosing model 0
[0.3365275764041328, 0.0001833804938472241, 0.048109625481735134, 0.24717187958741074, 0.36800753803287417]
Games played: 185
Exploitability: P1=1.900000000 P2=0.240296817 EV: (-0.09245927691477797, 0.09245927691477797) P1 Winnings: -131.0
Choosing model 4
[0.3334636407990937, 0.00014722463657791711, 0.046850006151931224, 0.23176071372375434, 0.38777841468864277]
Games played: 186
Exploitability: P1=2.600000000 P2=0.240296817 EV: (-0.13920181326127723, 0.13920181326127723) P1 Winnings: -132.0
Choosing model 4
[0.32964464552041384, 0.00011722394588718715, 0.045495114707969596, 0.21648509373247848, 0.408257922093251]
Games played: 187
Exploitability: P1=2.600000000 P2=0.240296817 EV: (-0.13920181326127723, 0.13920181326127723) P1 Winnings: -131.0
Choosing model 4
[0.3252707657114396, 9.371624210026823e-05, 0.044117776585046, 0.20213426239142926, 0.42838347906998486]
Games played: 188
Exploitability: P1=2.600000000 P2=0.240296817 EV: (-0.13920181326127723, 0.13920181326127723) P1 Winnings: -132.0
Choosing model 0
[0.314336079945319, 6.213934002060832e-05, 0.041222868067007465, 0.17583887802507606, 0.4685400346225769]
Games played: 189
Exploitability: P1=1.900000000 P2=0.240296817 EV: (-0.09245927691477797, 0.09245927691477797) P1 Winnings: -132.0
Choosing model 3
[0.30143254573959, 4.0886037798394685e-05, 0.03822172109547119, 0.15178854144424195, 0.5085163056828985]
Games played: 190
Exploitability: P1=1.933333333 P2=0.240296817 EV: (-0.1844059474458499, 0.1844059474458499) P1 Winnings: -139.0
Choosing model 0
[0.31278720874856875, 5.1982640028131335e-05, 0.04060399784289303, 0.16879000304398012, 0.47776680772453006]
Games played: 191
Exploitability: P1=1.900000000 P2=0.240296817 EV: (-0.09245927691477797, 0.09245927691477797) P1 Winnings: -148.0
Choosing model 3
[0.3127872658223921, 5.19826957779791e-05, 0.04060400979950276, 0.16879008853092606, 0.477766653151401]
Games played: 192
Exploitability: P1=1.933333333 P2=0.240296817 EV: (-0.1844059474458499, 0.1844059474458499) P1 Winnings: -149.0
Choosing model 4
[0.3053284984695615, 3.9845408372208115e-05, 0.03884046865357835, 0.15451998226070024, 0.5012712052077877]
Games played: 193
Exploitability: P1=2.600000000 P2=0.240296817 EV: (-0.13920181326127723, 0.13920181326127723) P1 Winnings: -152.0
Choosing model 3
[0.2985211607787827, 3.156353126150139e-05, 0.03732003889436581, 0.1429569780573329, 0.5211702587382572]
Games played: 194
Exploitability: P1=1.933333333 P2=0.240296817 EV: (-0.1844059474458499, 0.1844059474458499) P1 Winnings: -153.0
Choosing model 3
[0.28937977280312716, 2.3682154388508818e-05, 0.03540330292007138, 0.12941853928250896, 0.545774702839904]
Games played: 195
Exploitability: P1=1.933333333 P2=0.240296817 EV: (-0.1844059474458499, 0.1844059474458499) P1 Winnings: -150.0
Choosing model 0
[0.2971389720718134, 2.5180741083058126e-05, 0.03674664113423812, 0.13665342954261578, 0.5294357765102498]
Games played: 196
Exploitability: P1=1.900000000 P2=0.240296817 EV: (-0.09245927691477797, 0.09245927691477797) P1 Winnings: -150.0
Choosing model 0
[0.2879690606190112, 1.872402570844126e-05, 0.034852780377017625, 0.12364191186679455, 0.5535175231114682]
Games played: 197
Exploitability: P1=1.900000000 P2=0.240296817 EV: (-0.09245927691477797, 0.09245927691477797) P1 Winnings: -149.0
Choosing model 0
[0.29285232010945234, 2.038733600193122e-05, 0.03574169778074309, 0.1288310612526696, 0.542554533521133]
Games played: 198
Exploitability: P1=1.900000000 P2=0.240296817 EV: (-0.09245927691477797, 0.09245927691477797) P1 Winnings: -144.0
Choosing model 0
[0.29285238710546224, 2.0387358810724828e-05, 0.03574170996047299, 0.12883113246679054, 0.5425543831084635]
Games played: 199
Exploitability: P1=1.900000000 P2=0.240296817 EV: (-0.09245927691477797, 0.09245927691477797) P1 Winnings: -145.0
Choosing model 4
[0.292852454101458, 2.0387381619541902e-05, 0.035741722140203436, 0.12883120368093787, 0.5425542326957812]
Games played: 200
Exploitability: P1=2.600000000 P2=0.240296817 EV: (-0.13920181326127723, 0.13920181326127723) P1 Winnings: -146.0
