Player 1 exploitability: 0.051697075834
Choosing model 3
[0.21483824977268404, 0.18485018926784205, 0.23267550664425513, 0.17436840561423916, 0.1932676487009795]
Games played: 1
Exploitability: P1=1.933333333 P2=-0.033954938 EV: (-0.15279777117719348, 0.15279777117719348) P1 Winnings: 3.0
Choosing model 0
[0.2244355572952628, 0.1494661078067248, 0.23786984211819429, 0.17011632291412215, 0.21811216986569598]
Games played: 2
Exploitability: P1=1.900000000 P2=-0.033954938 EV: (-0.08506304591409919, 0.08506304591409919) P1 Winnings: -4.0
Choosing model 2
[0.22846753829710056, 0.15709004941489438, 0.2563932573759966, 0.15658267208740245, 0.201466482824606]
Games played: 3
Exploitability: P1=4.600000000 P2=-0.033954938 EV: (-0.10514609314092269, 0.10514609314092269) P1 Winnings: -3.0
Choosing model 4
[0.2355025253402813, 0.13119558219912086, 0.25973327556762965, 0.15273109685125713, 0.22083752004171106]
Games played: 4
Exploitability: P1=2.600000000 P2=-0.033954938 EV: (-0.07551704889153264, 0.07551704889153264) P1 Winnings: -2.0
Choosing model 4
[0.23922031045626252, 0.13759251347355467, 0.27936014684906446, 0.1402796992319434, 0.20354732998917494]
Games played: 5
Exploitability: P1=2.600000000 P2=-0.033954938 EV: (-0.07551704889153264, 0.07551704889153264) P1 Winnings: -1.0
Choosing model 1
[0.2419750412120483, 0.14369459708679116, 0.2992067244522891, 0.12830164454269682, 0.1868219927061746]
Games played: 6
Exploitability: P1=2.800000000 P2=-0.033954938 EV: (-0.1559749645904633, 0.1559749645904633) P1 Winnings: 0.0
Choosing model 4
[0.23979947060707418, 0.1524672386978232, 0.29900876912224683, 0.1302752400054997, 0.17844928156735615]
Games played: 7
Exploitability: P1=2.600000000 P2=-0.033954938 EV: (-0.07551704889153264, 0.07551704889153264) P1 Winnings: 3.0
Choosing model 2
[0.2495088121957878, 0.13649680868197323, 0.3369462726713333, 0.11001597234416607, 0.16703213410673948]
Games played: 8
Exploitability: P1=4.600000000 P2=-0.033954938 EV: (-0.10514609314092269, 0.10514609314092269) P1 Winnings: 6.0
Choosing model 1
[0.24994616243351384, 0.14117447911295397, 0.3574008800702642, 0.09965089420979413, 0.1518275841734738]
Games played: 9
Exploitability: P1=2.800000000 P2=-0.033954938 EV: (-0.1559749645904633, 0.1559749645904633) P1 Winnings: 7.0
Choosing model 4
[0.2550194178561084, 0.1326715910331892, 0.28973286522805136, 0.13572220166862375, 0.18685392421402722]
Games played: 10
Exploitability: P1=2.600000000 P2=-0.033954938 EV: (-0.07551704889153264, 0.07551704889153264) P1 Winnings: -6.0
Choosing model 4
[0.25501939236592386, 0.13267169585008978, 0.28973286871826576, 0.13572223207673872, 0.1868538109889819]
Games played: 11
Exploitability: P1=2.600000000 P2=-0.033954938 EV: (-0.07551704889153264, 0.07551704889153264) P1 Winnings: -7.0
Choosing model 0
[0.2405135273607406, 0.18103230366654172, 0.2843396972172339, 0.1441952449977589, 0.14991922675772487]
Games played: 12
Exploitability: P1=1.900000000 P2=-0.033954938 EV: (-0.08506304591409919, 0.08506304591409919) P1 Winnings: -18.0
Choosing model 4
[0.25086938934438513, 0.15195339295993623, 0.2944243619628919, 0.13842571247765117, 0.16432714325513542]
Games played: 13
Exploitability: P1=2.600000000 P2=-0.033954938 EV: (-0.07551704889153264, 0.07551704889153264) P1 Winnings: -17.0
Choosing model 2
[0.2524399620122333, 0.1578679419386011, 0.3137029138301088, 0.1259482319225426, 0.1500409502965142]
Games played: 14
Exploitability: P1=4.600000000 P2=-0.033954938 EV: (-0.10514609314092269, 0.10514609314092269) P1 Winnings: -16.0
Choosing model 2
[0.25304132749428015, 0.1633805713076217, 0.3329555667980741, 0.1141537809451542, 0.13646875345486983]
Games played: 15
Exploitability: P1=4.600000000 P2=-0.033954938 EV: (-0.10514609314092269, 0.10514609314092269) P1 Winnings: -15.0
Choosing model 3
[0.2601046147187664, 0.1488017245925776, 0.31486685498117306, 0.12351266026492852, 0.1527141454425544]
Games played: 16
Exploitability: P1=1.933333333 P2=-0.033954938 EV: (-0.15279777117719348, 0.15279777117719348) P1 Winnings: -6.0
Choosing model 2
[0.26989301713945907, 0.1195072158345926, 0.31972690293816014, 0.11968870049028542, 0.17118416359750277]
Games played: 17
Exploitability: P1=4.600000000 P2=-0.033954938 EV: (-0.10514609314092269, 0.10514609314092269) P1 Winnings: -3.0
Choosing model 0
[0.2576857854717643, 0.1577058049334994, 0.3163080511058071, 0.12704886401344787, 0.1412514944754815]
Games played: 18
Exploitability: P1=1.900000000 P2=-0.033954938 EV: (-0.08506304591409919, 0.08506304591409919) P1 Winnings: 2.0
Choosing model 0
[0.28049306411575436, 0.08942703481804369, 0.325183059127777, 0.11560190365617484, 0.18929493828225014]
Games played: 19
Exploitability: P1=1.900000000 P2=-0.033954938 EV: (-0.08506304591409919, 0.08506304591409919) P1 Winnings: -1.0
Choosing model 3
[0.28604489240203673, 0.07338833935965987, 0.32920624417398653, 0.10850124456917203, 0.2028592794951447]
Games played: 20
Exploitability: P1=1.933333333 P2=-0.033954938 EV: (-0.15279777117719348, 0.15279777117719348) P1 Winnings: 0.0
Choosing model 3
[0.28977845949783576, 0.05988213408051609, 0.32761029422194826, 0.10386213883590678, 0.21886697336379304]
Games played: 21
Exploitability: P1=1.933333333 P2=-0.033954938 EV: (-0.15279777117719348, 0.15279777117719348) P1 Winnings: 0.0
Choosing model 2
[0.2924093852257949, 0.06238721367098197, 0.35003955637073453, 0.09476486415568314, 0.2003989805768054]
Games played: 22
Exploitability: P1=4.600000000 P2=-0.033954938 EV: (-0.10514609314092269, 0.10514609314092269) P1 Winnings: 1.0
Choosing model 4
[0.29582239068782157, 0.061525225432892336, 0.3061831068661578, 0.11552641115986326, 0.22094286585326503]
Games played: 23
Exploitability: P1=2.600000000 P2=-0.033954938 EV: (-0.07551704889153264, 0.07551704889153264) P1 Winnings: 1.0
Choosing model 1
[0.2992683917743598, 0.0642622804195291, 0.3279785258083116, 0.10567590205488017, 0.20281489994291946]
Games played: 24
Exploitability: P1=2.800000000 P2=-0.033954938 EV: (-0.1559749645904633, 0.1559749645904633) P1 Winnings: 2.0
Choosing model 0
[0.3025768509755466, 0.05233223569796619, 0.3257450554785748, 0.10095816601587579, 0.21838769183203668]
Games played: 25
Exploitability: P1=1.900000000 P2=-0.033954938 EV: (-0.08506304591409919, 0.08506304591409919) P1 Winnings: 3.0
Choosing model 3
[0.3046151232205409, 0.06221951083470118, 0.36326683055049636, 0.09134137760821467, 0.17855715778604694]
Games played: 26
Exploitability: P1=1.933333333 P2=-0.033954938 EV: (-0.15279777117719348, 0.15279777117719348) P1 Winnings: 8.0
Choosing model 2
[0.29733585791430456, 0.08666928909475528, 0.37416596185256445, 0.09700735267341992, 0.14482153846495568]
Games played: 27
Exploitability: P1=4.600000000 P2=-0.033954938 EV: (-0.10514609314092269, 0.10514609314092269) P1 Winnings: 15.0
Choosing model 2
[0.3039845431528033, 0.07850917301679523, 0.35192697527338135, 0.10439349612092694, 0.16118581243609312]
Games played: 28
Exploitability: P1=4.600000000 P2=-0.033954938 EV: (-0.10514609314092269, 0.10514609314092269) P1 Winnings: 6.0
Choosing model 0
[0.30199351910164424, 0.08926396341945692, 0.34490731262980245, 0.11305814985122338, 0.150777054997873]
Games played: 29
Exploitability: P1=1.900000000 P2=-0.033954938 EV: (-0.08506304591409919, 0.08506304591409919) P1 Winnings: 6.0
Choosing model 0
[0.3083276650967878, 0.07277811215083556, 0.3456146787288252, 0.10877763269389712, 0.16450191132965436]
Games played: 30
Exploitability: P1=1.900000000 P2=-0.033954938 EV: (-0.08506304591409919, 0.08506304591409919) P1 Winnings: 6.0
Choosing model 0
[0.3057350460054405, 0.08522657923630793, 0.37962697091872977, 0.09693546001538883, 0.13247594382413294]
Games played: 31
Exploitability: P1=1.900000000 P2=-0.033954938 EV: (-0.08506304591409919, 0.08506304591409919) P1 Winnings: 11.0
Choosing model 2
[0.3036672993827723, 0.09063299114361002, 0.3802286004754844, 0.09864782518156644, 0.12682328381656682]
Games played: 32
Exploitability: P1=4.600000000 P2=-0.033954938 EV: (-0.10514609314092269, 0.10514609314092269) P1 Winnings: 10.0
Choosing model 2
[0.30158692046892466, 0.0960333174061102, 0.38279294883442405, 0.09893442471498297, 0.12065238857555816]
Games played: 33
Exploitability: P1=4.600000000 P2=-0.033954938 EV: (-0.10514609314092269, 0.10514609314092269) P1 Winnings: 15.0
Choosing model 2
[0.30953277570103366, 0.08733071688521415, 0.36144492778602877, 0.10688238777178623, 0.13480919185593715]
Games played: 34
Exploitability: P1=4.600000000 P2=-0.033954938 EV: (-0.10514609314092269, 0.10514609314092269) P1 Winnings: 24.0
Choosing model 2
[0.32783633584285354, 0.048789637456469886, 0.3230355251130932, 0.10719629085463957, 0.19314221073294385]
Games played: 35
Exploitability: P1=4.600000000 P2=-0.033954938 EV: (-0.10514609314092269, 0.10514609314092269) P1 Winnings: 24.0
Choosing model 4
[0.3252759996695137, 0.06688192257067822, 0.3744998709509043, 0.0946512496558597, 0.13869095715304403]
Games played: 36
Exploitability: P1=2.600000000 P2=-0.033954938 EV: (-0.07551704889153264, 0.07551704889153264) P1 Winnings: 33.0
Choosing model 0
[0.3278961789316455, 0.06087082271763471, 0.37449968100929837, 0.09298806276255467, 0.1437452545788667]
Games played: 37
Exploitability: P1=1.900000000 P2=-0.033954938 EV: (-0.08506304591409919, 0.08506304591409919) P1 Winnings: 30.0
Choosing model 2
[0.3264141677446451, 0.06487841464586303, 0.37594040620271424, 0.09484444031653062, 0.13792257109024703]
Games played: 38
Exploitability: P1=4.600000000 P2=-0.033954938 EV: (-0.10514609314092269, 0.10514609314092269) P1 Winnings: 35.0
Choosing model 0
[0.33143325169692794, 0.053373634169921254, 0.3751422766777241, 0.09112796236711333, 0.1489228750883134]
Games played: 39
Exploitability: P1=1.900000000 P2=-0.033954938 EV: (-0.08506304591409919, 0.08506304591409919) P1 Winnings: 36.0
Choosing model 0
[0.33574291107587884, 0.04350946142948833, 0.37725487859226453, 0.08496109415169084, 0.15853165475067763]
Games played: 40
Exploitability: P1=1.900000000 P2=-0.033954938 EV: (-0.08506304591409919, 0.08506304591409919) P1 Winnings: 37.0
Choosing model 0
[0.3395899298899026, 0.033765731860854395, 0.37343617392616424, 0.08022819320530933, 0.1729799711177695]
Games played: 41
Exploitability: P1=1.900000000 P2=-0.033954938 EV: (-0.08506304591409919, 0.08506304591409919) P1 Winnings: 38.0
Choosing model 0
[0.34199565078371963, 0.026319917297388307, 0.36803642908695827, 0.0754554956857936, 0.18819250714614036]
Games played: 42
Exploitability: P1=1.900000000 P2=-0.033954938 EV: (-0.08506304591409919, 0.08506304591409919) P1 Winnings: 38.0
Choosing model 2
[0.3437249282770072, 0.024608006230768965, 0.3699055448047296, 0.075468301085586, 0.18629321960190834]
Games played: 43
Exploitability: P1=4.600000000 P2=-0.033954938 EV: (-0.10514609314092269, 0.10514609314092269) P1 Winnings: 35.0
Choosing model 2
[0.3437353430298484, 0.02634802295709781, 0.3730258353283597, 0.07732675302184365, 0.17956404566285045]
Games played: 44
Exploitability: P1=4.600000000 P2=-0.033954938 EV: (-0.10514609314092269, 0.10514609314092269) P1 Winnings: 22.0
Choosing model 0
[0.3454730152420691, 0.02042324570788404, 0.36883741705389694, 0.07152124251477222, 0.19374507948137762]
Games played: 45
Exploitability: P1=1.900000000 P2=-0.033954938 EV: (-0.08506304591409919, 0.08506304591409919) P1 Winnings: 25.0
Choosing model 1
[0.3457155363397363, 0.021882048771323763, 0.3721985329383659, 0.07333171700726838, 0.1868721649433056]
Games played: 46
Exploitability: P1=2.800000000 P2=-0.033954938 EV: (-0.1559749645904633, 0.1559749645904633) P1 Winnings: 24.0
Choosing model 2
[0.3508193697058518, 0.01961374820698314, 0.33592211273698097, 0.08160182061568141, 0.21204294873450255]
Games played: 47
Exploitability: P1=4.600000000 P2=-0.033954938 EV: (-0.10514609314092269, 0.10514609314092269) P1 Winnings: 17.0
Choosing model 4
[0.3508151401975002, 0.015180921269462987, 0.32873202545056407, 0.07620662797512356, 0.22906528510734922]
Games played: 48
Exploitability: P1=2.600000000 P2=-0.033954938 EV: (-0.07551704889153264, 0.07551704889153264) P1 Winnings: 14.0
Choosing model 2
[0.350670845178684, 0.013700472566918996, 0.32597087023801713, 0.07423873953985374, 0.23541907247652613]
Games played: 49
Exploitability: P1=4.600000000 P2=-0.033954938 EV: (-0.10514609314092269, 0.10514609314092269) P1 Winnings: 11.0
Choosing model 2
[0.3497197499557583, 0.0110702012223717, 0.3194840766271202, 0.07005897726949205, 0.24966699492525782]
Games played: 50
Exploitability: P1=4.600000000 P2=-0.033954938 EV: (-0.10514609314092269, 0.10514609314092269) P1 Winnings: 12.0
Choosing model 4
[0.33904891872112713, 0.008449830579416319, 0.2333095328652504, 0.09156038252358296, 0.3276313353106232]
Games played: 51
Exploitability: P1=2.600000000 P2=-0.033954938 EV: (-0.07551704889153264, 0.07551704889153264) P1 Winnings: 12.0
Choosing model 0
[0.33458139591289704, 0.006454015433529847, 0.22531004426336468, 0.08438108559399304, 0.3492734587962155]
Games played: 52
Exploitability: P1=1.900000000 P2=-0.033954938 EV: (-0.08506304591409919, 0.08506304591409919) P1 Winnings: 15.0
Choosing model 0
[0.34385296586055036, 0.006848163134980133, 0.2451804937972743, 0.07841171785518225, 0.325706659352013]
Games played: 53
Exploitability: P1=1.900000000 P2=-0.033954938 EV: (-0.08506304591409919, 0.08506304591409919) P1 Winnings: 16.0
Choosing model 0
[0.3438530022564646, 0.0068481699547179985, 0.24518054720924573, 0.07841175156030294, 0.32570652901926883]
Games played: 54
Exploitability: P1=1.900000000 P2=-0.033954938 EV: (-0.08506304591409919, 0.08506304591409919) P1 Winnings: 15.0
Choosing model 4
[0.35195753151721176, 0.007237108510557955, 0.26572831219546816, 0.0725710608874314, 0.3025059868893306]
Games played: 55
Exploitability: P1=2.600000000 P2=-0.033954938 EV: (-0.07551704889153264, 0.07551704889153264) P1 Winnings: 16.0
Choosing model 4
[0.3396311461555542, 0.004187247581118832, 0.24421166145701415, 0.06027150032158048, 0.3516984444847324]
Games played: 56
Exploitability: P1=2.600000000 P2=-0.033954938 EV: (-0.07551704889153264, 0.07551704889153264) P1 Winnings: 16.0
Choosing model 0
[0.35081616031352486, 0.0058344489087075666, 0.2612896257907618, 0.06889815730931043, 0.3131616076776952]
Games played: 57
Exploitability: P1=1.900000000 P2=-0.033954938 EV: (-0.08506304591409919, 0.08506304591409919) P1 Winnings: 23.0
Choosing model 2
[0.357989779486985, 0.006147010996397357, 0.2823238582257291, 0.06357165501745439, 0.2899676962734341]
Games played: 58
Exploitability: P1=4.600000000 P2=-0.033954938 EV: (-0.10514609314092269, 0.10514609314092269) P1 Winnings: 24.0
Choosing model 4
[0.35434793554518895, 0.004692562401066647, 0.27492420524803657, 0.057907942121546825, 0.3081273546841609]
Games played: 59
Exploitability: P1=2.600000000 P2=-0.033954938 EV: (-0.07551704889153264, 0.07551704889153264) P1 Winnings: 27.0
Choosing model 0
[0.3635897699191974, 0.006966318074479149, 0.29354058578376735, 0.06693503935719235, 0.2689682868653638]
Games played: 60
Exploitability: P1=1.900000000 P2=-0.033954938 EV: (-0.08506304591409919, 0.08506304591409919) P1 Winnings: 26.0
Choosing model 0
[0.3654600546048376, 0.007497042484388613, 0.29753038576466, 0.06893405330369869, 0.2605784638424152]
Games played: 61
Exploitability: P1=1.900000000 P2=-0.033954938 EV: (-0.08506304591409919, 0.08506304591409919) P1 Winnings: 31.0
Choosing model 4
[0.35102712405972575, 0.0056694511141348715, 0.21526486381619578, 0.08925574464849047, 0.33878281636145297]
Games played: 62
Exploitability: P1=2.600000000 P2=-0.033954938 EV: (-0.07551704889153264, 0.07551704889153264) P1 Winnings: 40.0
Choosing model 0
[0.3510271638486538, 0.0056694568025894825, 0.21526491232618647, 0.08925578368455304, 0.33878268333801725]
Games played: 63
Exploitability: P1=1.900000000 P2=-0.033954938 EV: (-0.08506304591409919, 0.08506304591409919) P1 Winnings: 39.0
Choosing model 2
[0.3789761440724103, 0.008949973439323258, 0.2955016070734905, 0.07741238686184453, 0.23915988855293138]
Games played: 64
Exploitability: P1=4.600000000 P2=-0.033954938 EV: (-0.10514609314092269, 0.10514609314092269) P1 Winnings: 44.0
Choosing model 2
[0.3743525127559833, 0.005944464101377846, 0.28162359731325637, 0.06838997130122816, 0.2696894545281542]
Games played: 65
Exploitability: P1=4.600000000 P2=-0.033954938 EV: (-0.10514609314092269, 0.10514609314092269) P1 Winnings: 39.0
Choosing model 2
[0.38441547270879434, 0.007208988906734963, 0.3203474704694076, 0.06311358808165685, 0.2249144798334062]
Games played: 66
Exploitability: P1=4.600000000 P2=-0.033954938 EV: (-0.10514609314092269, 0.10514609314092269) P1 Winnings: 44.0
Choosing model 0
[0.387433972966612, 0.007501434293740712, 0.341863327956112, 0.057515458421033894, 0.20568580636250136]
Games played: 67
Exploitability: P1=1.900000000 P2=-0.033954938 EV: (-0.08506304591409919, 0.08506304591409919) P1 Winnings: 45.0
Choosing model 4
[0.38845079040145586, 0.008052691690150934, 0.34564139068170957, 0.05908468595903581, 0.19877044126764765]
Games played: 68
Exploitability: P1=2.600000000 P2=-0.033954938 EV: (-0.07551704889153264, 0.07551704889153264) P1 Winnings: 44.0
Choosing model 2
[0.38735081626923545, 0.0062151571032857695, 0.33728952483717783, 0.05502264740225441, 0.21412185438804665]
Games played: 69
Exploitability: P1=4.600000000 P2=-0.033954938 EV: (-0.10514609314092269, 0.10514609314092269) P1 Winnings: 47.0
Choosing model 4
[0.38735088547124685, 0.006215179183708265, 0.3372897281069753, 0.05502272485548364, 0.21412148238258585]
Games played: 70
Exploitability: P1=2.600000000 P2=-0.033954938 EV: (-0.07551704889153264, 0.07551704889153264) P1 Winnings: 38.0
Choosing model 4
[0.38595091427878103, 0.005017422790020658, 0.33027863629180726, 0.051877918751882454, 0.2268751078875085]
Games played: 71
Exploitability: P1=2.600000000 P2=-0.033954938 EV: (-0.07551704889153264, 0.07551704889153264) P1 Winnings: 37.0
Choosing model 4
[0.38843023223217554, 0.0052135646160164605, 0.35196202664438375, 0.04720938786984257, 0.20718478863758158]
Games played: 72
Exploitability: P1=2.600000000 P2=-0.033954938 EV: (-0.07551704889153264, 0.07551704889153264) P1 Winnings: 38.0
Choosing model 0
[0.38843024989795766, 0.005213569493211152, 0.3519620820714227, 0.04720940531279582, 0.2071846932246126]
Games played: 73
Exploitability: P1=1.900000000 P2=-0.033954938 EV: (-0.08506304591409919, 0.08506304591409919) P1 Winnings: 37.0
Choosing model 4
[0.3908851336924376, 0.006299489142977775, 0.36182276276619424, 0.050582284142806425, 0.19041033025558385]
Games played: 74
Exploitability: P1=2.600000000 P2=-0.033954938 EV: (-0.07551704889153264, 0.07551704889153264) P1 Winnings: 37.0
Choosing model 2
[0.3901154091277535, 0.005063928791161491, 0.35472958483679623, 0.04770160900330549, 0.2023894682409832]
Games played: 75
Exploitability: P1=4.600000000 P2=-0.033954938 EV: (-0.10514609314092269, 0.10514609314092269) P1 Winnings: 37.0
Choosing model 3
[0.3931109974657963, 0.007179768842309483, 0.3711713582433106, 0.05378010805353464, 0.17475776739504895]
Games played: 76
Exploitability: P1=1.933333333 P2=-0.033954938 EV: (-0.15279777117719348, 0.15279777117719348) P1 Winnings: 42.0
Choosing model 4
[0.3931129749553229, 0.005421032776080591, 0.3629340351406685, 0.05003260333471254, 0.18849935379321558]
Games played: 77
Exploitability: P1=2.600000000 P2=-0.033954938 EV: (-0.07551704889153264, 0.07551704889153264) P1 Winnings: 45.0
Choosing model 0
[0.39311298820199087, 0.0054210377834814, 0.3629340880190969, 0.050032621231250365, 0.18849926476418039]
Games played: 78
Exploitability: P1=1.900000000 P2=-0.033954938 EV: (-0.08506304591409919, 0.08506304591409919) P1 Winnings: 44.0
Choosing model 0
[0.39504682121721446, 0.007665039481314658, 0.378716211359992, 0.05625368648493708, 0.16231824145654178]
Games played: 79
Exploitability: P1=1.900000000 P2=-0.033954938 EV: (-0.08506304591409919, 0.08506304591409919) P1 Winnings: 49.0
Choosing model 2
[0.39623548479463766, 0.007961136034097671, 0.3839733760394346, 0.05802142348285933, 0.1538085796489708]
Games played: 80
Exploitability: P1=4.600000000 P2=-0.033954938 EV: (-0.10514609314092269, 0.10514609314092269) P1 Winnings: 49.0
Choosing model 2
[0.40780566238044585, 0.007546922616701778, 0.3139903960822927, 0.07971337259636735, 0.1909436463241923]
Games played: 81
Exploitability: P1=4.600000000 P2=-0.033954938 EV: (-0.10514609314092269, 0.10514609314092269) P1 Winnings: 62.0
Choosing model 0
[0.4074494197382061, 0.005815367116236797, 0.30863340869493905, 0.0732937547672224, 0.20480804968339555]
Games played: 82
Exploitability: P1=1.900000000 P2=-0.033954938 EV: (-0.08506304591409919, 0.08506304591409919) P1 Winnings: 65.0
Choosing model 0
[0.4105857379098511, 0.006050348689125294, 0.3293119329080038, 0.0667823966887034, 0.1872695838043166]
Games played: 83
Exploitability: P1=1.900000000 P2=-0.033954938 EV: (-0.08506304591409919, 0.08506304591409919) P1 Winnings: 66.0
Choosing model 4
[0.40968062518786075, 0.004672663895778571, 0.32155678486115014, 0.06223026520962026, 0.20185966084559034]
Games played: 84
Exploitability: P1=2.600000000 P2=-0.033954938 EV: (-0.07551704889153264, 0.07551704889153264) P1 Winnings: 66.0
Choosing model 4
[0.408413039639499, 0.0037519498459988696, 0.31489765428121125, 0.05862008798701645, 0.21431726824627456]
Games played: 85
Exploitability: P1=2.600000000 P2=-0.033954938 EV: (-0.07551704889153264, 0.07551704889153264) P1 Winnings: 67.0
Choosing model 2
[0.4112142195921055, 0.003900305815987333, 0.33571622149976815, 0.053367869358469905, 0.1958013837336691]
Games played: 86
Exploitability: P1=4.600000000 P2=-0.033954938 EV: (-0.10514609314092269, 0.10514609314092269) P1 Winnings: 68.0
Choosing model 0
[0.412010393103277, 0.005399144273089858, 0.39302377938486827, 0.047585164237310046, 0.14198151900145495]
Games played: 87
Exploitability: P1=1.900000000 P2=-0.033954938 EV: (-0.08506304591409919, 0.08506304591409919) P1 Winnings: 77.0
Choosing model 3
[0.4097176342328559, 0.00554337845466268, 0.4138373545288272, 0.042787107849054824, 0.12811452493459938]
Games played: 88
Exploitability: P1=1.933333333 P2=-0.033954938 EV: (-0.15279777117719348, 0.15279777117719348) P1 Winnings: 78.0
Choosing model 2
[0.41026147840215066, 0.005011488074961286, 0.4110751441333505, 0.04175471545747784, 0.1318971739320597]
Games played: 89
Exploitability: P1=4.600000000 P2=-0.033954938 EV: (-0.10514609314092269, 0.10514609314092269) P1 Winnings: 81.0
Choosing model 0
[0.4105026181427204, 0.004035227744262436, 0.4083236072298058, 0.03845195119397447, 0.138686595689237]
Games played: 90
Exploitability: P1=1.900000000 P2=-0.033954938 EV: (-0.08506304591409919, 0.08506304591409919) P1 Winnings: 82.0
Choosing model 0
[0.4073933135654593, 0.004134653580048764, 0.4290785767552565, 0.03450493566828197, 0.12488852043095339]
Games played: 91
Exploitability: P1=1.900000000 P2=-0.033954938 EV: (-0.08506304591409919, 0.08506304591409919) P1 Winnings: 83.0
Choosing model 0
[0.40739331367845005, 0.004134657261044643, 0.42907862493115945, 0.034504946857473705, 0.12488845727187207]
Games played: 92
Exploitability: P1=1.900000000 P2=-0.033954938 EV: (-0.08506304591409919, 0.08506304591409919) P1 Winnings: 82.0
Choosing model 4
[0.4084430201404368, 0.0031805454427296037, 0.42100575309377014, 0.032296682057172905, 0.13507399926589037]
Games played: 93
Exploitability: P1=2.600000000 P2=-0.033954938 EV: (-0.07551704889153264, 0.07551704889153264) P1 Winnings: 83.0
Choosing model 0
[0.40468950267336706, 0.003253607626802309, 0.4416852208203089, 0.028934317506124588, 0.1214373513733972]
Games played: 94
Exploitability: P1=1.900000000 P2=-0.033954938 EV: (-0.08506304591409919, 0.08506304591409919) P1 Winnings: 84.0
Choosing model 4
[0.40458276194497295, 0.003482643541275305, 0.44528002406663686, 0.029638124049814873, 0.11701644639730006]
Games played: 95
Exploitability: P1=2.600000000 P2=-0.033954938 EV: (-0.07551704889153264, 0.07551704889153264) P1 Winnings: 89.0
Choosing model 2
[0.4056256498929836, 0.002812324093108376, 0.43853960534663367, 0.028077561465777712, 0.12494485920149664]
Games played: 96
Exploitability: P1=4.600000000 P2=-0.033954938 EV: (-0.10514609314092269, 0.10514609314092269) P1 Winnings: 89.0
Choosing model 0
[0.4054724477338592, 0.0022622857778399966, 0.435183921408336, 0.025831700026762557, 0.1312496450532023]
Games played: 97
Exploitability: P1=1.900000000 P2=-0.033954938 EV: (-0.08506304591409919, 0.08506304591409919) P1 Winnings: 90.0
Choosing model 2
[0.404176363201373, 0.0035829949783504323, 0.4573159788240509, 0.030098617051375776, 0.10482604594484993]
Games played: 98
Exploitability: P1=4.600000000 P2=-0.033954938 EV: (-0.10514609314092269, 0.10514609314092269) P1 Winnings: 85.0
Choosing model 2
[0.40535958651603277, 0.0027714211276692147, 0.451223834018652, 0.027779946983937043, 0.11286521135370894]
Games played: 99
Exploitability: P1=4.600000000 P2=-0.033954938 EV: (-0.10514609314092269, 0.10514609314092269) P1 Winnings: 88.0
Choosing model 2
[0.40643217364102086, 0.002251384250154003, 0.4446206091707891, 0.026356743407857937, 0.12033908953017815]
Games played: 100
Exploitability: P1=4.600000000 P2=-0.033954938 EV: (-0.10514609314092269, 0.10514609314092269) P1 Winnings: 89.0
Choosing model 2
[0.4064321744790209, 0.0022513918510071182, 0.4446207986075664, 0.026356775854798935, 0.12033885920760665]
Games played: 101
Exploitability: P1=4.600000000 P2=-0.033954938 EV: (-0.10514609314092269, 0.10514609314092269) P1 Winnings: 80.0
Choosing model 0
[0.39728354666424276, 0.002598993119420773, 0.48143141189807437, 0.023153418629351673, 0.09553262968891046]
Games played: 102
Exploitability: P1=1.900000000 P2=-0.033954938 EV: (-0.08506304591409919, 0.08506304591409919) P1 Winnings: 85.0
Choosing model 2
[0.39917821635221795, 0.0020212217218078046, 0.4733793629759861, 0.02172598438724863, 0.10369521456273936]
Games played: 103
Exploitability: P1=4.600000000 P2=-0.033954938 EV: (-0.10514609314092269, 0.10514609314092269) P1 Winnings: 85.0
Choosing model 4
[0.3962539162959383, 0.0029029008191438443, 0.4889781864398216, 0.024295164614770142, 0.0875698318303261]
Games played: 104
Exploitability: P1=2.600000000 P2=-0.033954938 EV: (-0.07551704889153264, 0.07551704889153264) P1 Winnings: 76.0
Choosing model 2
[0.39852205109822675, 0.002259714437961463, 0.48125684378062067, 0.02281900588340227, 0.09514238479978879]
Games played: 105
Exploitability: P1=4.600000000 P2=-0.033954938 EV: (-0.10514609314092269, 0.10514609314092269) P1 Winnings: 79.0
Choosing model 0
[0.4320712511356908, 0.0019288873097342604, 0.39302574026047615, 0.033350422084833645, 0.1396236992092652]
Games played: 106
Exploitability: P1=1.900000000 P2=-0.033954938 EV: (-0.08506304591409919, 0.08506304591409919) P1 Winnings: 70.0
Choosing model 0
[0.42903988063341336, 0.001977526265185809, 0.4132355380986037, 0.029943909504959638, 0.12580314549783755]
Games played: 107
Exploitability: P1=1.900000000 P2=-0.033954938 EV: (-0.08506304591409919, 0.08506304591409919) P1 Winnings: 71.0
Choosing model 0
[0.4288200180433978, 0.0024217210192992414, 0.4228387351267315, 0.032072645151854595, 0.11384688065871694]
Games played: 108
Exploitability: P1=1.900000000 P2=-0.033954938 EV: (-0.08506304591409919, 0.08506304591409919) P1 Winnings: 66.0
Choosing model 0
[0.4286493194086678, 0.0025918487355402874, 0.42622289164517707, 0.03284837602753403, 0.10968756418308072]
Games played: 109
Exploitability: P1=1.900000000 P2=-0.033954938 EV: (-0.08506304591409919, 0.08506304591409919) P1 Winnings: 65.0
Choosing model 0
[0.4259936786284651, 0.0037266805213699017, 0.44076917704296004, 0.036774651314999254, 0.09273581249220561]
Games played: 110
Exploitability: P1=1.900000000 P2=-0.033954938 EV: (-0.08506304591409919, 0.08506304591409919) P1 Winnings: 56.0
Choosing model 2
[0.42599367109962544, 0.0037266837722583755, 0.440769218619231, 0.036774662580069895, 0.09273576392881522]
Games played: 111
Exploitability: P1=4.600000000 P2=-0.033954938 EV: (-0.10514609314092269, 0.10514609314092269) P1 Winnings: 55.0
Choosing model 2
[0.4278762418510005, 0.0030327529686062374, 0.43508710278739293, 0.03495235371247258, 0.0990515486805278]
Games played: 112
Exploitability: P1=4.600000000 P2=-0.033954938 EV: (-0.10514609314092269, 0.10514609314092269) P1 Winnings: 56.0
Choosing model 2
[0.4173301142965914, 0.0034933341510349158, 0.47007798416519303, 0.030637147030672034, 0.07846142035650862]
Games played: 113
Exploitability: P1=4.600000000 P2=-0.033954938 EV: (-0.10514609314092269, 0.10514609314092269) P1 Winnings: 61.0
Choosing model 2
[0.4214671739387231, 0.0023721723682688925, 0.458030351148062, 0.027672311323126843, 0.09045799122181927]
Games played: 114
Exploitability: P1=4.600000000 P2=-0.033954938 EV: (-0.10514609314092269, 0.10514609314092269) P1 Winnings: 56.0
Choosing model 2
[0.4235428404659506, 0.0018451114362825257, 0.4504395390971013, 0.02597031141835046, 0.09820219758231497]
Games played: 115
Exploitability: P1=4.600000000 P2=-0.033954938 EV: (-0.10514609314092269, 0.10514609314092269) P1 Winnings: 53.0
Choosing model 0
[0.41209528706261295, 0.0021201395370995324, 0.48547733428823964, 0.022708466258125115, 0.07759877285392278]
Games played: 116
Exploitability: P1=1.900000000 P2=-0.033954938 EV: (-0.08506304591409919, 0.08506304591409919) P1 Winnings: 58.0
Choosing model 4
[0.41127953280793456, 0.002265491003799422, 0.48858858953711354, 0.02322091315650599, 0.0746454734946465]
Games played: 117
Exploitability: P1=2.600000000 P2=-0.033954938 EV: (-0.07551704889153264, 0.07551704889153264) P1 Winnings: 49.0
Choosing model 2
[0.4123569558892544, 0.002050759144338621, 0.4859538105059682, 0.022689871378226853, 0.076948603082212]
Games played: 118
Exploitability: P1=4.600000000 P2=-0.033954938 EV: (-0.10514609314092269, 0.10514609314092269) P1 Winnings: 46.0
Choosing model 2
[0.41597845256772387, 0.00236767347458771, 0.4836110615758084, 0.024952373034785157, 0.07309043934709482]
Games played: 119
Exploitability: P1=4.600000000 P2=-0.033954938 EV: (-0.10514609314092269, 0.10514609314092269) P1 Winnings: 46.0
Choosing model 2
[0.4110342871674088, 0.003291772462461147, 0.4962018720500547, 0.027585802569680105, 0.06188626575039526]
Games played: 120
Exploitability: P1=4.600000000 P2=-0.033954938 EV: (-0.10514609314092269, 0.10514609314092269) P1 Winnings: 51.0
Choosing model 2
[0.40260622522306405, 0.0033289353018771052, 0.5146301309154454, 0.024431657574054435, 0.055003050985559104]
Games played: 121
Exploitability: P1=4.600000000 P2=-0.033954938 EV: (-0.10514609314092269, 0.10514609314092269) P1 Winnings: 52.0
Choosing model 0
[0.393570191454673, 0.003359852244078658, 0.5326860196123488, 0.021595313807961085, 0.048788622880938375]
Games played: 122
Exploitability: P1=1.900000000 P2=-0.033954938 EV: (-0.08506304591409919, 0.08506304591409919) P1 Winnings: 53.0
Choosing model 2
[0.39220454376370206, 0.003584833703322469, 0.5352992449589203, 0.022049663954685435, 0.04686171361936969]
Games played: 123
Exploitability: P1=4.600000000 P2=-0.033954938 EV: (-0.10514609314092269, 0.10514609314092269) P1 Winnings: 58.0
Choosing model 0
[0.40812701177323163, 0.006493541117237406, 0.5099496544523685, 0.03291543581134049, 0.04251435684582202]
Games played: 124
Exploitability: P1=1.900000000 P2=-0.033954938 EV: (-0.08506304591409919, 0.08506304591409919) P1 Winnings: 49.0
Choosing model 2
[0.39890030436831675, 0.006552752051660601, 0.5277529951615998, 0.02908931618262955, 0.037704632235793345]
Games played: 125
Exploitability: P1=4.600000000 P2=-0.033954938 EV: (-0.10514609314092269, 0.10514609314092269) P1 Winnings: 50.0
Choosing model 0
[0.3806270404122944, 0.007384150622971404, 0.5578251969684751, 0.024944748235953582, 0.029218863760305653]
Games played: 126
Exploitability: P1=1.900000000 P2=-0.033954938 EV: (-0.08506304591409919, 0.08506304591409919) P1 Winnings: 55.0
Choosing model 0
[0.38496142921732107, 0.005963865980683847, 0.5537205138531002, 0.02377494729040087, 0.031579243658494134]
Games played: 127
Exploitability: P1=1.900000000 P2=-0.033954938 EV: (-0.08506304591409919, 0.08506304591409919) P1 Winnings: 55.0
Choosing model 2
[0.3746300624275329, 0.005992201294141901, 0.5705719225218957, 0.020920393236734055, 0.027885420519695354]
Games played: 128
Exploitability: P1=4.600000000 P2=-0.033954938 EV: (-0.10514609314092269, 0.10514609314092269) P1 Winnings: 56.0
Choosing model 0
[0.37853915875241884, 0.004905621658047773, 0.5665894855064483, 0.020002797390684526, 0.02996293669240082]
Games played: 129
Exploitability: P1=1.900000000 P2=-0.033954938 EV: (-0.08506304591409919, 0.08506304591409919) P1 Winnings: 57.0
Choosing model 0
[0.37683676666983446, 0.005228714868084624, 0.5687820542124562, 0.020402586541953188, 0.02874987770767159]
Games played: 130
Exploitability: P1=1.900000000 P2=-0.033954938 EV: (-0.08506304591409919, 0.08506304591409919) P1 Winnings: 56.0
Choosing model 2
[0.3624252181237198, 0.004326815667687424, 0.5924477959820781, 0.015925994436210022, 0.024874175790304567]
Games played: 131
Exploitability: P1=4.600000000 P2=-0.033954938 EV: (-0.10514609314092269, 0.10514609314092269) P1 Winnings: 59.0
Choosing model 0
[0.36620085929008206, 0.0035421652021512436, 0.5883028666730437, 0.015227205686336374, 0.026726903148386823]
Games played: 132
Exploitability: P1=1.900000000 P2=-0.033954938 EV: (-0.08506304591409919, 0.08506304591409919) P1 Winnings: 60.0
Choosing model 2
[0.3664613928901659, 0.0032974570090163265, 0.588734409712091, 0.015163949629946744, 0.02634279075877998]
Games played: 133
Exploitability: P1=4.600000000 P2=-0.033954938 EV: (-0.10514609314092269, 0.10514609314092269) P1 Winnings: 57.0
Choosing model 2
[0.3465245904254959, 0.0036823622898729904, 0.6166765029406861, 0.012886307974328203, 0.02023023636961693]
Games played: 134
Exploitability: P1=4.600000000 P2=-0.033954938 EV: (-0.10514609314092269, 0.10514609314092269) P1 Winnings: 62.0
Choosing model 2
[0.31551836273551426, 0.0046323708463392645, 0.6560764294984947, 0.01044168885670103, 0.013331148062950715]
Games played: 135
Exploitability: P1=4.600000000 P2=-0.033954938 EV: (-0.10514609314092269, 0.10514609314092269) P1 Winnings: 71.0
Choosing model 2
[0.322769254536836, 0.0032514225182744614, 0.6489292370833355, 0.009615326517321563, 0.015434759344232583]
Games played: 136
Exploitability: P1=4.600000000 P2=-0.033954938 EV: (-0.10514609314092269, 0.10514609314092269) P1 Winnings: 71.0
Choosing model 2
[0.32647112387521693, 0.002664559931234672, 0.6450596593959333, 0.009202998602831563, 0.01660165819478328]
Games played: 137
Exploitability: P1=4.600000000 P2=-0.033954938 EV: (-0.10514609314092269, 0.10514609314092269) P1 Winnings: 72.0
Choosing model 2
[0.3062809216781184, 0.0029521757282190988, 0.6703586292980415, 0.007759162896224221, 0.012649110399396774]
Games played: 138
Exploitability: P1=4.600000000 P2=-0.033954938 EV: (-0.10514609314092269, 0.10514609314092269) P1 Winnings: 77.0
Choosing model 2
[0.3531668316372263, 0.003135430189521866, 0.6141614245683268, 0.01194311880517372, 0.017593194799751324]
Games played: 139
Exploitability: P1=4.600000000 P2=-0.033954938 EV: (-0.10514609314092269, 0.10514609314092269) P1 Winnings: 64.0
Choosing model 2
[0.4115357699576531, 0.0028765709979683652, 0.5390775889510304, 0.018760613372522893, 0.027749456720825152]
Games played: 140
Exploitability: P1=4.600000000 P2=-0.033954938 EV: (-0.10514609314092269, 0.10514609314092269) P1 Winnings: 55.0
Choosing model 2
[0.36322137235103846, 0.002285006884553939, 0.605157496945506, 0.0107736605869034, 0.01856246323199815]
Games played: 141
Exploitability: P1=4.600000000 P2=-0.033954938 EV: (-0.10514609314092269, 0.10514609314092269) P1 Winnings: 58.0
Choosing model 2
[0.366988574392887, 0.0018705448678644925, 0.6008962485439524, 0.010300472387616784, 0.019944159807679048]
Games played: 142
Exploitability: P1=4.600000000 P2=-0.033954938 EV: (-0.10514609314092269, 0.10514609314092269) P1 Winnings: 59.0
Choosing model 0
[0.3744875893337091, 0.0012834386048967482, 0.5915952706905694, 0.009400590002090377, 0.023233111368734252]
Games played: 143
Exploitability: P1=1.900000000 P2=-0.033954938 EV: (-0.08506304591409919, 0.08506304591409919) P1 Winnings: 54.0
Choosing model 0
[0.3728269136825363, 0.0013680544319531018, 0.5939220347170551, 0.009589080718342793, 0.02229391645011288]
Games played: 144
Exploitability: P1=1.900000000 P2=-0.033954938 EV: (-0.08506304591409919, 0.08506304591409919) P1 Winnings: 53.0
Choosing model 2
[0.3711499079792239, 0.0014581558068137348, 0.5962198870587054, 0.009780726445996058, 0.021391322709260724]
Games played: 145
Exploitability: P1=4.600000000 P2=-0.033954938 EV: (-0.10514609314092269, 0.10514609314092269) P1 Winnings: 52.0
Choosing model 2
[0.37275816250028015, 0.00117849541080241, 0.5944459108845243, 0.009040794146297887, 0.022576637058095383]
Games played: 146
Exploitability: P1=4.600000000 P2=-0.033954938 EV: (-0.10514609314092269, 0.10514609314092269) P1 Winnings: 53.0
Choosing model 0
[0.3761286227882794, 0.0009171152281061894, 0.5901028121636702, 0.008395201741549185, 0.024456248078395026]
Games played: 147
Exploitability: P1=1.900000000 P2=-0.033954938 EV: (-0.08506304591409919, 0.08506304591409919) P1 Winnings: 56.0
Choosing model 2
[0.3745007050011477, 0.0009776842372375275, 0.5924870446644643, 0.00856444903401332, 0.02347011706313701]
Games played: 148
Exploitability: P1=4.600000000 P2=-0.033954938 EV: (-0.10514609314092269, 0.10514609314092269) P1 Winnings: 55.0
Choosing model 0
[0.3427156137365636, 0.0012361355290183907, 0.6335290930035626, 0.006974809351204866, 0.015544348379650512]
Games played: 149
Exploitability: P1=1.900000000 P2=-0.033954938 EV: (-0.08506304591409919, 0.08506304591409919) P1 Winnings: 64.0
Choosing model 0
[0.35460800878318727, 0.0006838993038438437, 0.6186788864429292, 0.006033760939655792, 0.019995444530383905]
Games played: 150
Exploitability: P1=1.900000000 P2=-0.033954938 EV: (-0.08506304591409919, 0.08506304591409919) P1 Winnings: 63.0
Choosing model 0
[0.35561786783726196, 0.0006102452304649248, 0.6177471021015216, 0.005941367402712772, 0.02008341742803878]
Games played: 151
Exploitability: P1=1.900000000 P2=-0.033954938 EV: (-0.08506304591409919, 0.08506304591409919) P1 Winnings: 58.0
Choosing model 2
[0.3539700352216593, 0.0006503479444193448, 0.6200526393483553, 0.006059284872400707, 0.01926769261316544]
Games played: 152
Exploitability: P1=4.600000000 P2=-0.033954938 EV: (-0.10514609314092269, 0.10514609314092269) P1 Winnings: 57.0
Choosing model 2
[0.36367429785480687, 0.0004006251322450171, 0.606716759864001, 0.0053579513233039545, 0.023850365825643215]
Games played: 153
Exploitability: P1=4.600000000 P2=-0.033954938 EV: (-0.10514609314092269, 0.10514609314092269) P1 Winnings: 57.0
Choosing model 4
[0.37019269052289927, 0.00027980533474231497, 0.5971406119532303, 0.004909528248760615, 0.027477363940367656]
Games played: 154
Exploitability: P1=2.600000000 P2=-0.033954938 EV: (-0.07551704889153264, 0.07551704889153264) P1 Winnings: 57.0
Choosing model 2
[0.3586667616469958, 0.00027989323046030863, 0.6125961707285056, 0.004300985018051132, 0.024156189375987215]
Games played: 155
Exploitability: P1=4.600000000 P2=-0.033954938 EV: (-0.10514609314092269, 0.10514609314092269) P1 Winnings: 58.0
Choosing model 4
[0.34707079992582457, 0.0002796355946990489, 0.627676110319594, 0.0037632212211661906, 0.021210232938716246]
Games played: 156
Exploitability: P1=2.600000000 P2=-0.033954938 EV: (-0.07551704889153264, 0.07551704889153264) P1 Winnings: 59.0
Choosing model 0
[0.34707077874214115, 0.0002796358265074829, 0.6276761423088522, 0.003763222210761697, 0.021210220911737486]
Games played: 157
Exploitability: P1=1.900000000 P2=-0.033954938 EV: (-0.08506304591409919, 0.08506304591409919) P1 Winnings: 58.0
Choosing model 2
[0.3581218171558963, 0.0001542826055000373, 0.6112690874826934, 0.0032464872501454935, 0.027208325505764814]
Games played: 158
Exploitability: P1=4.600000000 P2=-0.033954938 EV: (-0.10514609314092269, 0.10514609314092269) P1 Winnings: 57.0
Choosing model 2
[0.35068023790140634, 0.00021857927662913672, 0.6228541708362512, 0.0035811941246698294, 0.0226658178610435]
Games played: 159
Exploitability: P1=4.600000000 P2=-0.033954938 EV: (-0.10514609314092269, 0.10514609314092269) P1 Winnings: 48.0
Choosing model 2
[0.35486427117469604, 0.000171199595994141, 0.6168023481127191, 0.003384363316054445, 0.02477781780053615]
Games played: 160
Exploitability: P1=4.600000000 P2=-0.033954938 EV: (-0.10514609314092269, 0.10514609314092269) P1 Winnings: 45.0
Choosing model 0
[0.35486419353467824, 0.00017120013616813697, 0.6168024746891997, 0.003384366734998736, 0.024777764904955195]
Games played: 161
Exploitability: P1=1.900000000 P2=-0.033954938 EV: (-0.08506304591409919, 0.08506304591409919) P1 Winnings: 36.0
Choosing model 0
[0.35898273415175497, 0.00013288011476317432, 0.6106481651849875, 0.003196301669345425, 0.02703991887914907]
Games played: 162
Exploitability: P1=1.900000000 P2=-0.033954938 EV: (-0.08506304591409919, 0.08506304591409919) P1 Winnings: 37.0
Choosing model 2
[0.3574660454569006, 0.0001416705833629352, 0.6131789109840429, 0.003261076846833177, 0.02595229612886043]
Games played: 163
Exploitability: P1=4.600000000 P2=-0.033954938 EV: (-0.10514609314092269, 0.10514609314092269) P1 Winnings: 36.0
Choosing model 2
[0.3749393654947492, 0.00013166091852991578, 0.5916944827734721, 0.0036004091139789592, 0.02963408169926973]
Games played: 164
Exploitability: P1=4.600000000 P2=-0.033954938 EV: (-0.10514609314092269, 0.10514609314092269) P1 Winnings: 27.0
Choosing model 2
[0.3130969254855307, 0.00014612242031590791, 0.6684831036816888, 0.0021098079797854945, 0.01616404043267904]
Games played: 165
Exploitability: P1=4.600000000 P2=-0.033954938 EV: (-0.10514609314092269, 0.10514609314092269) P1 Winnings: 32.0
Choosing model 2
[0.2663409640212852, 0.0001817544989645695, 0.723044541748718, 0.0014418000563410664, 0.008990939674691051]
Games played: 166
Exploitability: P1=4.600000000 P2=-0.033954938 EV: (-0.10514609314092269, 0.10514609314092269) P1 Winnings: 37.0
Choosing model 2
[0.2557071005068895, 0.00018016196172250578, 0.7350286188726223, 0.0012516264513536422, 0.007832492207412058]
Games played: 167
Exploitability: P1=4.600000000 P2=-0.033954938 EV: (-0.10514609314092269, 0.10514609314092269) P1 Winnings: 38.0
Choosing model 0
[0.262250348070942, 0.00012423914958034727, 0.7273071368201798, 0.0011480507896525368, 0.009170225169645342]
Games played: 168
Exploitability: P1=1.900000000 P2=-0.033954938 EV: (-0.08506304591409919, 0.08506304591409919) P1 Winnings: 33.0
Choosing model 2
[0.2662171543747098, 9.676603402901326e-05, 0.7225557829644131, 0.00108802789145801, 0.010042268735390136]
Games played: 169
Exploitability: P1=4.600000000 P2=-0.033954938 EV: (-0.10514609314092269, 0.10514609314092269) P1 Winnings: 34.0
Choosing model 0
[0.26371570661685884, 0.0001022690082418885, 0.725564480175022, 0.001088392224426217, 0.009529151975451107]
Games played: 170
Exploitability: P1=1.900000000 P2=-0.033954938 EV: (-0.08506304591409919, 0.08506304591409919) P1 Winnings: 39.0
Choosing model 2
[0.2702931097848434, 7.047987173240362e-05, 0.7174890983975618, 0.0009976943024488476, 0.011149617643413524]
Games played: 171
Exploitability: P1=4.600000000 P2=-0.033954938 EV: (-0.10514609314092269, 0.10514609314092269) P1 Winnings: 39.0
Choosing model 2
[0.23094377178389355, 4.764724172607288e-05, 0.7607384715652734, 0.0005381466954741531, 0.007731962713632632]
Games played: 172
Exploitability: P1=4.600000000 P2=-0.033954938 EV: (-0.10514609314092269, 0.10514609314092269) P1 Winnings: 40.0
Choosing model 2
[0.22120982881941345, 4.7120407954859147e-05, 0.7715568325020624, 0.000466083487840299, 0.00672013478272899]
Games played: 173
Exploitability: P1=4.600000000 P2=-0.033954938 EV: (-0.10514609314092269, 0.10514609314092269) P1 Winnings: 41.0
Choosing model 2
[0.28087568387644724, 4.11813539906572e-05, 0.7053764141159617, 0.0008026562218582305, 0.012904064431742074]
Games played: 174
Exploitability: P1=4.600000000 P2=-0.033954938 EV: (-0.10514609314092269, 0.10514609314092269) P1 Winnings: 30.0
Choosing model 0
[0.29730292576622314, 3.862216509950237e-05, 0.6868945015366172, 0.0008942916833031598, 0.01486965884875689]
Games played: 175
Exploitability: P1=1.900000000 P2=-0.033954938 EV: (-0.08506304591409919, 0.08506304591409919) P1 Winnings: 39.0
Choosing model 2
[0.2861537975211041, 3.83804496621266e-05, 0.7000430481944026, 0.0007782952802258937, 0.01298647855460527]
Games played: 176
Exploitability: P1=4.600000000 P2=-0.033954938 EV: (-0.10514609314092269, 0.10514609314092269) P1 Winnings: 40.0
Choosing model 0
[0.2413924886784345, 4.734165599463293e-05, 0.7508694563323313, 0.0005274381973524135, 0.007163275135886999]
Games played: 177
Exploitability: P1=1.900000000 P2=-0.033954938 EV: (-0.08506304591409919, 0.08506304591409919) P1 Winnings: 45.0
Choosing model 0
[0.29316178140786614, 7.06676870145615e-05, 0.6952082386975299, 0.0010342654753566982, 0.010525046732232646]
Games played: 178
Exploitability: P1=1.900000000 P2=-0.033954938 EV: (-0.08506304591409919, 0.08506304591409919) P1 Winnings: 40.0
Choosing model 0
[0.29735116874775436, 5.499556686668785e-05, 0.6900980121801831, 0.0009793846409151268, 0.011516438864280762]
Games played: 179
Exploitability: P1=1.900000000 P2=-0.033954938 EV: (-0.08506304591409919, 0.08506304591409919) P1 Winnings: 41.0
Choosing model 2
[0.2957506278313971, 5.856553577804642e-05, 0.6921523712606406, 0.0009980707943593496, 0.01104036457782484]
Games played: 180
Exploitability: P1=4.600000000 P2=-0.033954938 EV: (-0.10514609314092269, 0.10514609314092269) P1 Winnings: 46.0
Choosing model 2
[0.29912886549679435, 4.799259551129875e-05, 0.6879934222554731, 0.0009552272438759174, 0.011874492408345273]
Games played: 181
Exploitability: P1=4.600000000 P2=-0.033954938 EV: (-0.10514609314092269, 0.10514609314092269) P1 Winnings: 47.0
Choosing model 0
[0.2878180316760863, 4.7676791910519326e-05, 0.700935954450158, 0.0008310578375442492, 0.010367279244301109]
Games played: 182
Exploitability: P1=1.900000000 P2=-0.033954938 EV: (-0.08506304591409919, 0.08506304591409919) P1 Winnings: 48.0
Choosing model 0
[0.287818010501077, 4.767683083532606e-05, 0.7009359813867034, 0.000831058045665905, 0.010367273235718327]
Games played: 183
Exploitability: P1=1.900000000 P2=-0.033954938 EV: (-0.08506304591409919, 0.08506304591409919) P1 Winnings: 47.0
Choosing model 2
[0.2862322052366289, 5.076523043132125e-05, 0.7029327898569355, 0.0008468059961715531, 0.00993743367983282]
Games played: 184
Exploitability: P1=4.600000000 P2=-0.033954938 EV: (-0.10514609314092269, 0.10514609314092269) P1 Winnings: 46.0
Choosing model 2
[0.2862321250295979, 5.0765387488813937e-05, 0.702932890928303, 0.0008468067996118206, 0.009937411854998555]
Games played: 185
Exploitability: P1=4.600000000 P2=-0.033954938 EV: (-0.10514609314092269, 0.10514609314092269) P1 Winnings: 37.0
Choosing model 2
[0.28623204482256465, 5.0765544546788154e-05, 0.7029329919996244, 0.0008468076030527773, 0.009937390030211364]
Games played: 186
Exploitability: P1=4.600000000 P2=-0.033954938 EV: (-0.10514609314092269, 0.10514609314092269) P1 Winnings: 28.0
Choosing model 2
[0.2895736408794641, 4.161110905531188e-05, 0.698883242335807, 0.0008106590334763305, 0.010690846642197306]
Games played: 187
Exploitability: P1=4.600000000 P2=-0.033954938 EV: (-0.10514609314092269, 0.10514609314092269) P1 Winnings: 29.0
Choosing model 0
[0.2330158648760466, 4.4501840109037193e-05, 0.7608626114495818, 0.0004577601746756813, 0.005619261659586917]
Games played: 188
Exploitability: P1=1.900000000 P2=-0.033954938 EV: (-0.08506304591409919, 0.08506304591409919) P1 Winnings: 34.0
Choosing model 0
[0.2361119361556011, 3.63202414929731e-05, 0.7573493707678651, 0.00043828953162483087, 0.006064083303415892]
Games played: 189
Exploitability: P1=1.900000000 P2=-0.033954938 EV: (-0.08506304591409919, 0.08506304591409919) P1 Winnings: 34.0
Choosing model 2
[0.2361119168111407, 3.632027084236269e-05, 0.7573493935421364, 0.0004382896377222071, 0.006064079738158332]
Games played: 190
Exploitability: P1=4.600000000 P2=-0.033954938 EV: (-0.10514609314092269, 0.10514609314092269) P1 Winnings: 33.0
Choosing model 2
[0.2623945658584163, 4.584286320287811e-05, 0.7298443974041127, 0.0005873109566187505, 0.007127882917649373]
Games played: 191
Exploitability: P1=4.600000000 P2=-0.033954938 EV: (-0.10514609314092269, 0.10514609314092269) P1 Winnings: 38.0
Choosing model 2
[0.26239448801255716, 4.5843004277057144e-05, 0.7298444903330714, 0.0005873115041868932, 0.007127867145907416]
Games played: 192
Exploitability: P1=4.600000000 P2=-0.033954938 EV: (-0.10514609314092269, 0.10514609314092269) P1 Winnings: 29.0
Choosing model 2
[0.2558658048308948, 6.178533180447266e-05, 0.7374288312133574, 0.0006367147522610431, 0.006006863871682141]
Games played: 193
Exploitability: P1=4.600000000 P2=-0.033954938 EV: (-0.10514609314092269, 0.10514609314092269) P1 Winnings: 20.0
Choosing model 2
[0.25907162112958776, 5.068651664839567e-05, 0.7337998755351096, 0.0006100496901599709, 0.006467767128494463]
Games played: 194
Exploitability: P1=4.600000000 P2=-0.033954938 EV: (-0.10514609314092269, 0.10514609314092269) P1 Winnings: 21.0
Choosing model 2
[0.26307008116197866, 3.949013062737582e-05, 0.7292271310455665, 0.000578330091948672, 0.0070849675698787555]
Games played: 195
Exploitability: P1=4.600000000 P2=-0.033954938 EV: (-0.10514609314092269, 0.10514609314092269) P1 Winnings: 22.0
Choosing model 2
[0.2524169297420771, 3.912088792544168e-05, 0.7408737645516826, 0.0005017503517955303, 0.006168434466519351]
Games played: 196
Exploitability: P1=4.600000000 P2=-0.033954938 EV: (-0.10514609314092269, 0.10514609314092269) P1 Winnings: 23.0
Choosing model 2
[0.24201460983540837, 3.872620316283898e-05, 0.7521452147338196, 0.0004349863852100482, 0.005366462842399255]
Games played: 197
Exploitability: P1=4.600000000 P2=-0.033954938 EV: (-0.10514609314092269, 0.10514609314092269) P1 Winnings: 24.0
Choosing model 2
[0.24329009367337712, 3.132809016118934e-05, 0.7506070157316662, 0.00040245392645174436, 0.005669108578343666]
Games played: 198
Exploitability: P1=4.600000000 P2=-0.033954938 EV: (-0.10514609314092269, 0.10514609314092269) P1 Winnings: 25.0
Choosing model 2
[0.24456477141449715, 2.5342505660962937e-05, 0.749048905077918, 0.0003723430957953151, 0.0059886379061286354]
Games played: 199
Exploitability: P1=4.600000000 P2=-0.033954938 EV: (-0.10514609314092269, 0.10514609314092269) P1 Winnings: 26.0
Choosing model 2
[0.23754364461952943, 3.561316531691634e-05, 0.7570649161374602, 0.00040740510883946837, 0.004948420968854022]
Games played: 200
Exploitability: P1=4.600000000 P2=-0.033954938 EV: (-0.10514609314092269, 0.10514609314092269) P1 Winnings: 17.0
