Player 1 exploitability: 0.256632157858
Choosing model 3
[0.20396124844724672, 0.2105817708859842, 0.21596433592023306, 0.18442191860964258, 0.18507072613689338]
Games played: 1
Exploitability: P1=1.933333333 P2=0.170980144 EV: (-0.05925961429513106, 0.05925961429513106) P1 Winnings: 1.0
Choosing model 2
[0.20712266597835047, 0.22078717942522863, 0.2322182675405776, 0.1693391501631542, 0.170532736892689]
Games played: 2
Exploitability: P1=4.600000000 P2=0.170980144 EV: (0.13922319986542547, -0.13922319986542547) P1 Winnings: 2.0
Choosing model 2
[0.190274005369248, 0.28033699952901686, 0.2210448825089662, 0.1729529719555946, 0.13539114063717425]
Games played: 3
Exploitability: P1=4.600000000 P2=0.170980144 EV: (0.13922319986542547, -0.13922319986542547) P1 Winnings: 7.0
Choosing model 2
[0.17311431199635333, 0.3546381729582533, 0.22253270604760955, 0.15186417435731772, 0.09785063464046624]
Games played: 4
Exploitability: P1=4.600000000 P2=0.170980144 EV: (0.13922319986542547, -0.13922319986542547) P1 Winnings: 12.0
Choosing model 0
[0.18676635861279953, 0.3099921004123136, 0.23594427978048907, 0.1550364141845007, 0.11226084700989704]
Games played: 5
Exploitability: P1=1.900000000 P2=0.170980144 EV: (-0.09003320260549874, 0.09003320260549874) P1 Winnings: 13.0
Choosing model 3
[0.18970657723547246, 0.3006476131838235, 0.23949742919689307, 0.15673979498897647, 0.1134085853948344]
Games played: 6
Exploitability: P1=1.933333333 P2=0.170980144 EV: (-0.05925961429513106, 0.05925961429513106) P1 Winnings: 12.0
Choosing model 1
[0.19704855994954934, 0.2772093794369885, 0.24704454818682967, 0.1588705925003451, 0.11982691992628759]
Games played: 7
Exploitability: P1=2.800000000 P2=0.170980144 EV: (0.17098014371819376, -0.17098014371819376) P1 Winnings: 9.0
Choosing model 0
[0.15720618966670455, 0.3660804671240649, 0.15702327030444896, 0.21843672415477297, 0.10125334875000852]
Games played: 8
Exploitability: P1=1.900000000 P2=0.170980144 EV: (-0.09003320260549874, 0.09003320260549874) P1 Winnings: 0.0
Choosing model 1
[0.17041340490055804, 0.3215215877605509, 0.1672815549815214, 0.2240641996160029, 0.11671925274136684]
Games played: 9
Exploitability: P1=2.800000000 P2=0.170980144 EV: (0.17098014371819376, -0.17098014371819376) P1 Winnings: 1.0
Choosing model 1
[0.16519609903495816, 0.3680846553645761, 0.17962891263038766, 0.1951995660542386, 0.09189076691583942]
Games played: 10
Exploitability: P1=2.800000000 P2=0.170980144 EV: (0.17098014371819376, -0.17098014371819376) P1 Winnings: 6.0
Choosing model 1
[0.14699145115280765, 0.45250796437495167, 0.18675618100570346, 0.1545691427466108, 0.05917526071992641]
Games played: 11
Exploitability: P1=2.800000000 P2=0.170980144 EV: (0.17098014371819376, -0.17098014371819376) P1 Winnings: 15.0
Choosing model 0
[0.12176602677183257, 0.5349375704470573, 0.16324945803005717, 0.13931507896450432, 0.04073186578654864]
Games played: 12
Exploitability: P1=1.900000000 P2=0.170980144 EV: (-0.09003320260549874, 0.09003320260549874) P1 Winnings: 22.0
Choosing model 2
[0.09861810594690545, 0.6095851885973609, 0.13728946950569684, 0.12623948113397157, 0.028267754816065253]
Games played: 13
Exploitability: P1=4.600000000 P2=0.170980144 EV: (0.13922319986542547, -0.13922319986542547) P1 Winnings: 27.0
Choosing model 1
[0.07900879553465075, 0.6750064559283169, 0.11396940003388155, 0.11244309862771698, 0.01957224987543389]
Games played: 14
Exploitability: P1=2.800000000 P2=0.170980144 EV: (0.17098014371819376, -0.17098014371819376) P1 Winnings: 32.0
Choosing model 2
[0.0857118345497618, 0.6468166983604997, 0.10996459543058384, 0.13376468842803854, 0.02374218323111614]
Games played: 15
Exploitability: P1=4.600000000 P2=0.170980144 EV: (0.13922319986542547, -0.13922319986542547) P1 Winnings: 25.0
Choosing model 1
[0.08571163330709064, 0.6468173620667598, 0.10996438386999807, 0.13376453875938007, 0.023742081996771573]
Games played: 16
Exploitability: P1=2.800000000 P2=0.170980144 EV: (0.17098014371819376, -0.17098014371819376) P1 Winnings: 16.0
Choosing model 4
[0.07971410871164074, 0.6654721567288382, 0.10402194927093289, 0.13040995816121706, 0.02038182712737106]
Games played: 17
Exploitability: P1=2.600000000 P2=0.170980144 EV: (-0.15274255263705017, 0.15274255263705017) P1 Winnings: 19.0
Choosing model 1
[0.07971405802453338, 0.6654723258519673, 0.10402189477788777, 0.13040991749147202, 0.020381803854139544]
Games played: 18
Exploitability: P1=2.800000000 P2=0.170980144 EV: (0.17098014371819376, -0.17098014371819376) P1 Winnings: 18.0
Choosing model 0
[0.09202790613674453, 0.6224638655808642, 0.1180209834316783, 0.1424649966994346, 0.025022248151278313]
Games played: 19
Exploitability: P1=1.900000000 P2=0.170980144 EV: (-0.09003320260549874, 0.09003320260549874) P1 Winnings: 17.0
Choosing model 2
[0.10570723741406239, 0.575887476759029, 0.13316864633045614, 0.1546265245386628, 0.030610114957789848]
Games played: 20
Exploitability: P1=4.600000000 P2=0.170980144 EV: (0.13922319986542547, -0.13922319986542547) P1 Winnings: 17.0
Choosing model 1
[0.10158525416485883, 0.5904521738173136, 0.1297276665749753, 0.15005669789377765, 0.028178207549074626]
Games played: 21
Exploitability: P1=2.800000000 P2=0.170980144 EV: (0.17098014371819376, -0.17098014371819376) P1 Winnings: 22.0
Choosing model 0
[0.10158503295004068, 0.5904528802245204, 0.1297274390811463, 0.15005655554641226, 0.028178092197880557]
Games played: 22
Exploitability: P1=1.900000000 P2=0.170980144 EV: (-0.09003320260549874, 0.09003320260549874) P1 Winnings: 13.0
Choosing model 2
[0.09716466266716545, 0.6046753703841958, 0.1251253702500746, 0.14705697486005603, 0.025977621838507985]
Games played: 23
Exploitability: P1=4.600000000 P2=0.170980144 EV: (0.13922319986542547, -0.13922319986542547) P1 Winnings: 18.0
Choosing model 1
[0.1108136432310825, 0.5587360442947904, 0.14024264959539343, 0.1587023814688512, 0.03150528140988272]
Games played: 24
Exploitability: P1=2.800000000 P2=0.170980144 EV: (0.17098014371819376, -0.17098014371819376) P1 Winnings: 17.0
Choosing model 1
[0.1183597331018696, 0.5287719229454075, 0.13780815479447006, 0.17842625602120324, 0.03663393313704948]
Games played: 25
Exploitability: P1=2.800000000 P2=0.170980144 EV: (0.17098014371819376, -0.17098014371819376) P1 Winnings: 26.0
Choosing model 3
[0.13298753601557897, 0.4813653413514644, 0.15217096909817915, 0.1897048478851454, 0.043771305649631914]
Games played: 26
Exploitability: P1=1.933333333 P2=0.170980144 EV: (-0.05925961429513106, 0.05925961429513106) P1 Winnings: 27.0
Choosing model 2
[0.13298746633799835, 0.4813655522186971, 0.15217090778232997, 0.18970481488784632, 0.04377125877312825]
Games played: 27
Exploitability: P1=4.600000000 P2=0.170980144 EV: (0.13922319986542547, -0.13922319986542547) P1 Winnings: 24.0
Choosing model 1
[0.15189728228794425, 0.4240343966115461, 0.1709924920857644, 0.19940359330817703, 0.053672235706568164]
Games played: 28
Exploitability: P1=2.800000000 P2=0.170980144 EV: (0.17098014371819376, -0.17098014371819376) P1 Winnings: 27.0
Choosing model 4
[0.17093031422922952, 0.366112605744938, 0.1883127379138032, 0.20948890700843273, 0.0651554351035965]
Games played: 29
Exploitability: P1=2.600000000 P2=0.170980144 EV: (-0.15274255263705017, 0.15274255263705017) P1 Winnings: 28.0
Choosing model 3
[0.18617015663907654, 0.3211766489692931, 0.20147828464933892, 0.21559696559350167, 0.07557794414878992]
Games played: 30
Exploitability: P1=1.933333333 P2=0.170980144 EV: (-0.05925961429513106, 0.05925961429513106) P1 Winnings: 29.0
Choosing model 1
[0.1366401476751196, 0.46566913988376235, 0.15925682523589288, 0.19747187573741973, 0.040962011467805516]
Games played: 31
Exploitability: P1=2.800000000 P2=0.170980144 EV: (0.17098014371819376, -0.17098014371819376) P1 Winnings: 36.0
Choosing model 1
[0.11663927413882398, 0.5491995442006575, 0.15884406518737923, 0.15001110069309578, 0.025306015780043375]
Games played: 32
Exploitability: P1=2.800000000 P2=0.170980144 EV: (0.17098014371819376, -0.17098014371819376) P1 Winnings: 45.0
Choosing model 2
[0.09377373713291691, 0.6212513810977311, 0.13260575290423957, 0.13493554481028305, 0.01743358405482926]
Games played: 33
Exploitability: P1=4.600000000 P2=0.170980144 EV: (0.13922319986542547, -0.13922319986542547) P1 Winnings: 45.0
Choosing model 0
[0.08950342884571506, 0.6348692064818297, 0.1276308690246283, 0.13195834444143384, 0.01603815120639309]
Games played: 34
Exploitability: P1=1.900000000 P2=0.170980144 EV: (-0.09003320260549874, 0.09003320260549874) P1 Winnings: 32.0
Choosing model 1
[0.08950337389344566, 0.6348693817266425, 0.12763080495799617, 0.13195830617775528, 0.01603813324416047]
Games played: 35
Exploitability: P1=2.800000000 P2=0.170980144 EV: (0.17098014371819376, -0.17098014371819376) P1 Winnings: 31.0
Choosing model 3
[0.08950331449891069, 0.6348695711717707, 0.12763073570540343, 0.13195826479554637, 0.016038113828368783]
Games played: 36
Exploitability: P1=1.933333333 P2=0.170980144 EV: (-0.05925961429513106, 0.05925961429513106) P1 Winnings: 24.0
Choosing model 2
[0.0695397678552246, 0.703916987274393, 0.10463864246177323, 0.11155061873607004, 0.010353983672539098]
Games played: 37
Exploitability: P1=4.600000000 P2=0.170980144 EV: (0.13922319986542547, -0.13922319986542547) P1 Winnings: 31.0
Choosing model 1
[0.07225394133131417, 0.6736661380057889, 0.08638448909625672, 0.15471884268064967, 0.012976588885990572]
Games played: 38
Exploitability: P1=2.800000000 P2=0.170980144 EV: (0.17098014371819376, -0.17098014371819376) P1 Winnings: 18.0
Choosing model 1
[0.08370789860068237, 0.6323377923959943, 0.09835365709119571, 0.1696137419193157, 0.015986909992811972]
Games played: 39
Exploitability: P1=2.800000000 P2=0.170980144 EV: (0.17098014371819376, -0.17098014371819376) P1 Winnings: 17.0
Choosing model 1
[0.11597820574629895, 0.5252975716931342, 0.129781198555055, 0.2022563960157965, 0.02668662798971535]
Games played: 40
Exploitability: P1=2.800000000 P2=0.170980144 EV: (0.17098014371819376, -0.17098014371819376) P1 Winnings: 18.0
Choosing model 1
[0.1117561561954727, 0.5400346253591817, 0.12676855026952177, 0.19680801305208315, 0.024632655123740636]
Games played: 41
Exploitability: P1=2.800000000 P2=0.170980144 EV: (0.17098014371819376, -0.17098014371819376) P1 Winnings: 23.0
Choosing model 1
[0.12711121062283265, 0.49428811070554685, 0.14313703069887945, 0.20602163957531142, 0.029442008397429557]
Games played: 42
Exploitability: P1=2.800000000 P2=0.170980144 EV: (0.17098014371819376, -0.17098014371819376) P1 Winnings: 24.0
Choosing model 1
[0.16452744838639222, 0.38360210360831065, 0.17644844392101486, 0.2295084232251816, 0.04591358085910069]
Games played: 43
Exploitability: P1=2.800000000 P2=0.170980144 EV: (0.17098014371819376, -0.17098014371819376) P1 Winnings: 25.0
Choosing model 1
[0.16359446096890912, 0.3835623446157565, 0.17676045311791444, 0.23236149842822446, 0.043721242869195515]
Games played: 44
Exploitability: P1=2.800000000 P2=0.170980144 EV: (0.17098014371819376, -0.17098014371819376) P1 Winnings: 28.0
Choosing model 1
[0.1140885776374936, 0.5284139876976209, 0.13275771818966053, 0.20222404278046704, 0.02251567369475791]
Games played: 45
Exploitability: P1=2.800000000 P2=0.170980144 EV: (0.17098014371819376, -0.17098014371819376) P1 Winnings: 35.0
Choosing model 1
[0.12113996997090856, 0.49713066781629545, 0.12968481920024205, 0.22601780840876565, 0.02602673460378822]
Games played: 46
Exploitability: P1=2.800000000 P2=0.170980144 EV: (0.17098014371819376, -0.17098014371819376) P1 Winnings: 44.0
Choosing model 1
[0.13566700275987292, 0.4510833454601662, 0.14273347392204686, 0.23952019279992606, 0.030995985057988003]
Games played: 47
Exploitability: P1=2.800000000 P2=0.170980144 EV: (0.17098014371819376, -0.17098014371819376) P1 Winnings: 45.0
Choosing model 1
[0.16418935485985012, 0.36707063329034345, 0.16666212566810393, 0.2592543081004349, 0.04282357808126767]
Games played: 48
Exploitability: P1=2.800000000 P2=0.170980144 EV: (0.17098014371819376, -0.17098014371819376) P1 Winnings: 40.0
Choosing model 3
[0.1664904756773539, 0.29305175094098174, 0.1272982333729928, 0.3543822656935608, 0.05877727431511074]
Games played: 49
Exploitability: P1=1.933333333 P2=0.170980144 EV: (-0.05925961429513106, 0.05925961429513106) P1 Winnings: 31.0
Choosing model 3
[0.1664904108789112, 0.2930519188008495, 0.12729819923136249, 0.35438225180122046, 0.0587772192876563]
Games played: 50
Exploitability: P1=1.933333333 P2=0.170980144 EV: (-0.05925961429513106, 0.05925961429513106) P1 Winnings: 28.0
Choosing model 0
[0.15416101152635464, 0.3967701976624206, 0.14987287529601245, 0.2636089994913195, 0.03558691602389283]
Games played: 51
Exploitability: P1=1.900000000 P2=0.170980144 EV: (-0.09003320260549874, 0.09003320260549874) P1 Winnings: 33.0
Choosing model 1
[0.14901996923606092, 0.4106458278637215, 0.14609248480305442, 0.2610851600520656, 0.03315655804509751]
Games played: 52
Exploitability: P1=2.800000000 P2=0.170980144 EV: (0.17098014371819376, -0.17098014371819376) P1 Winnings: 32.0
Choosing model 3
[0.1490198968179658, 0.410646023347173, 0.14609243148482207, 0.26108512455444255, 0.03315652379559658]
Games played: 53
Exploitability: P1=1.933333333 P2=0.170980144 EV: (-0.05925961429513106, 0.05925961429513106) P1 Winnings: 25.0
Choosing model 1
[0.14994289789854073, 0.42660149705794775, 0.1556480684653324, 0.2375355654236648, 0.030271971154514236]
Games played: 54
Exploitability: P1=2.800000000 P2=0.170980144 EV: (0.17098014371819376, -0.17098014371819376) P1 Winnings: 26.0
Choosing model 1
[0.1418396227846874, 0.44642328579645957, 0.14975899679821209, 0.23554541098628365, 0.026432683634357305]
Games played: 55
Exploitability: P1=2.800000000 P2=0.170980144 EV: (0.17098014371819376, -0.17098014371819376) P1 Winnings: 29.0
Choosing model 1
[0.14183954965742704, 0.4464234850969517, 0.14975893770887916, 0.23554537198879547, 0.026432655547946656]
Games played: 56
Exploitability: P1=2.800000000 P2=0.170980144 EV: (0.17098014371819376, -0.17098014371819376) P1 Winnings: 22.0
Choosing model 1
[0.12660523388255696, 0.5295946184205622, 0.18085154322983904, 0.14753742762108368, 0.015411176845958266]
Games played: 57
Exploitability: P1=2.800000000 P2=0.170980144 EV: (0.17098014371819376, -0.17098014371819376) P1 Winnings: 27.0
Choosing model 1
[0.10510262820178494, 0.5927708511199521, 0.15543856405385698, 0.13564821521887444, 0.011039741405531706]
Games played: 58
Exploitability: P1=2.800000000 P2=0.170980144 EV: (0.17098014371819376, -0.17098014371819376) P1 Winnings: 34.0
Choosing model 1
[0.11325236229797218, 0.564194021841041, 0.14896757161587826, 0.16028434435445724, 0.013301699890651388]
Games played: 59
Exploitability: P1=2.800000000 P2=0.170980144 EV: (0.17098014371819376, -0.17098014371819376) P1 Winnings: 27.0
Choosing model 3
[0.13349502433779734, 0.5021294293463938, 0.17169616858665282, 0.17576733186572804, 0.016912045863428017]
Games played: 60
Exploitability: P1=1.933333333 P2=0.170980144 EV: (-0.05925961429513106, 0.05925961429513106) P1 Winnings: 30.0
Choosing model 3
[0.15186235993923364, 0.44854079403793246, 0.19140043876771626, 0.18751786787772123, 0.02067853937739634]
Games played: 61
Exploitability: P1=1.933333333 P2=0.170980144 EV: (-0.05925961429513106, 0.05925961429513106) P1 Winnings: 27.0
Choosing model 3
[0.17243341030220594, 0.3907668632502525, 0.21269034244586896, 0.19878009448331987, 0.025329289518352657]
Games played: 62
Exploitability: P1=1.933333333 P2=0.170980144 EV: (-0.05925961429513106, 0.05925961429513106) P1 Winnings: 27.0
Choosing model 1
[0.19244129025664622, 0.337549247706714, 0.23229146698747194, 0.20717999590349517, 0.030537999145672717]
Games played: 63
Exploitability: P1=2.800000000 P2=0.170980144 EV: (0.17098014371819376, -0.17098014371819376) P1 Winnings: 27.0
Choosing model 1
[0.19244101439173658, 0.3375499027249275, 0.23229123248917868, 0.20717995353573232, 0.03053789685842491]
Games played: 64
Exploitability: P1=2.800000000 P2=0.170980144 EV: (0.17098014371819376, -0.17098014371819376) P1 Winnings: 18.0
Choosing model 0
[0.19127287707896978, 0.3373793460040194, 0.23260851676282776, 0.20967120482761825, 0.02906805532656481]
Games played: 65
Exploitability: P1=1.900000000 P2=0.170980144 EV: (-0.09003320260549874, 0.09003320260549874) P1 Winnings: 21.0
Choosing model 1
[0.21137847276367672, 0.2860687152247079, 0.2515744580196235, 0.21632420651859804, 0.0346541474733938]
Games played: 66
Exploitability: P1=2.800000000 P2=0.170980144 EV: (0.17098014371819376, -0.17098014371819376) P1 Winnings: 22.0
Choosing model 2
[0.21984305697017348, 0.26410805533423587, 0.2598376535449938, 0.21954850386911715, 0.03666273028147975]
Games played: 67
Exploitability: P1=4.600000000 P2=0.170980144 EV: (0.13922319986542547, -0.13922319986542547) P1 Winnings: 25.0
Choosing model 1
[0.1926073767908009, 0.28440409302320335, 0.17355181395606845, 0.3105757468246017, 0.03886096940532568]
Games played: 68
Exploitability: P1=2.800000000 P2=0.170980144 EV: (0.17098014371819376, -0.17098014371819376) P1 Winnings: 34.0
Choosing model 3
[0.20737045259593997, 0.24809003745550787, 0.18363394440533765, 0.31641307920716166, 0.04449248633605282]
Games played: 69
Exploitability: P1=1.933333333 P2=0.170980144 EV: (-0.05925961429513106, 0.05925961429513106) P1 Winnings: 33.0
Choosing model 0
[0.19982603806710758, 0.23304104339252021, 0.15299686468746931, 0.36741241933351537, 0.046723634519387415]
Games played: 70
Exploitability: P1=1.900000000 P2=0.170980144 EV: (-0.09003320260549874, 0.09003320260549874) P1 Winnings: 33.0
Choosing model 2
[0.1949324931658731, 0.24340137255982372, 0.1505045406563477, 0.3672298994228769, 0.04393169419507847]
Games played: 71
Exploitability: P1=4.600000000 P2=0.170980144 EV: (0.13922319986542547, -0.13922319986542547) P1 Winnings: 24.0
Choosing model 3
[0.2086481030139791, 0.21108275280721436, 0.1583177657229118, 0.37194709118117136, 0.05000428727472336]
Games played: 72
Exploitability: P1=1.933333333 P2=0.170980144 EV: (-0.05925961429513106, 0.05925961429513106) P1 Winnings: 23.0
Choosing model 1
[0.2051631643277242, 0.21492827432715048, 0.15736096935386215, 0.3760959973053763, 0.04645159468588688]
Games played: 73
Exploitability: P1=2.800000000 P2=0.170980144 EV: (0.17098014371819376, -0.17098014371819376) P1 Winnings: 23.0
Choosing model 2
[0.20530061118979492, 0.18997320617092653, 0.14005130014633166, 0.41269850205426856, 0.051976380438678284]
Games played: 74
Exploitability: P1=4.600000000 P2=0.170980144 EV: (0.13922319986542547, -0.13922319986542547) P1 Winnings: 16.0
Choosing model 0
[0.21779066131993147, 0.16328294780758587, 0.14601117053801652, 0.41428061119446397, 0.05863460914000231]
Games played: 75
Exploitability: P1=1.900000000 P2=0.170980144 EV: (-0.09003320260549874, 0.09003320260549874) P1 Winnings: 17.0
Choosing model 3
[0.23925543030828747, 0.12307389696455179, 0.15509007969048216, 0.4096782686512211, 0.07290232438545753]
Games played: 76
Exploitability: P1=1.933333333 P2=0.170980144 EV: (-0.05925961429513106, 0.05925961429513106) P1 Winnings: 20.0
Choosing model 0
[0.2243493779825921, 0.11249854551424028, 0.12573941958454288, 0.4629138733161167, 0.07449878360250797]
Games played: 77
Exploitability: P1=1.900000000 P2=0.170980144 EV: (-0.09003320260549874, 0.09003320260549874) P1 Winnings: 29.0
Choosing model 0
[0.20489192296726955, 0.1445598401912136, 0.11924121063811154, 0.4730060750565884, 0.05830095114681681]
Games played: 78
Exploitability: P1=1.900000000 P2=0.170980144 EV: (-0.09003320260549874, 0.09003320260549874) P1 Winnings: 34.0
Choosing model 3
[0.216244484115254, 0.12288706346981502, 0.12362438684034198, 0.47171268887600293, 0.06553137669858622]
Games played: 79
Exploitability: P1=1.933333333 P2=0.170980144 EV: (-0.05925961429513106, 0.05925961429513106) P1 Winnings: 34.0
Choosing model 0
[0.22135169765967244, 0.1135690708015, 0.12553285713948764, 0.47057829278584445, 0.06896808161349544]
Games played: 80
Exploitability: P1=1.900000000 P2=0.170980144 EV: (-0.09003320260549874, 0.09003320260549874) P1 Winnings: 37.0
Choosing model 0
[0.234216067541149, 0.09220158958194821, 0.1299944496690527, 0.46486267924955454, 0.07872521395829576]
Games played: 81
Exploitability: P1=1.900000000 P2=0.170980144 EV: (-0.09003320260549874, 0.09003320260549874) P1 Winnings: 38.0
Choosing model 3
[0.23595714213456181, 0.05973363387704994, 0.10516681396806475, 0.49234535920323, 0.10679705081709356]
Games played: 82
Exploitability: P1=1.933333333 P2=0.170980144 EV: (-0.05925961429513106, 0.05925961429513106) P1 Winnings: 41.0
Choosing model 0
[0.25030102134112214, 0.04347614213668965, 0.10786575756937213, 0.4701377365726041, 0.12821934238021185]
Games played: 83
Exploitability: P1=1.900000000 P2=0.170980144 EV: (-0.09003320260549874, 0.09003320260549874) P1 Winnings: 44.0
Choosing model 3
[0.24760045328725838, 0.046046669751590434, 0.10759877350969416, 0.4765033506923316, 0.12225075275912552]
Games played: 84
Exploitability: P1=1.933333333 P2=0.170980144 EV: (-0.05925961429513106, 0.05925961429513106) P1 Winnings: 49.0
Choosing model 3
[0.26039755134690123, 0.04999847965497823, 0.11981940486624693, 0.4531231947534853, 0.1166613693783884]
Games played: 85
Exploitability: P1=1.933333333 P2=0.170980144 EV: (-0.05925961429513106, 0.05925961429513106) P1 Winnings: 50.0
Choosing model 3
[0.2696881723241302, 0.04007971002926538, 0.12143973774396999, 0.4382676655024598, 0.1305247144001745]
Games played: 86
Exploitability: P1=1.933333333 P2=0.170980144 EV: (-0.05925961429513106, 0.05925961429513106) P1 Winnings: 43.0
Choosing model 3
[0.26968813584939844, 0.04007974316532384, 0.12143973601374682, 0.4382677596216776, 0.13052462534985323]
Games played: 87
Exploitability: P1=1.933333333 P2=0.170980144 EV: (-0.05925961429513106, 0.05925961429513106) P1 Winnings: 40.0
Choosing model 3
[0.2780712745341116, 0.03198615107594924, 0.12253601684701067, 0.4220189402583124, 0.145387617284616]
Games played: 88
Exploitability: P1=1.933333333 P2=0.170980144 EV: (-0.05925961429513106, 0.05925961429513106) P1 Winnings: 33.0
Choosing model 0
[0.2855158974571207, 0.025420197446675813, 0.12312509673644828, 0.4046730125975242, 0.16126579576223096]
Games played: 89
Exploitability: P1=1.900000000 P2=0.170980144 EV: (-0.09003320260549874, 0.09003320260549874) P1 Winnings: 26.0
Choosing model 4
[0.2643329223214745, 0.022941286648058074, 0.09855800713552401, 0.4514601360640023, 0.16270764783094108]
Games played: 90
Exploitability: P1=2.600000000 P2=0.170980144 EV: (-0.15274255263705017, 0.15274255263705017) P1 Winnings: 35.0
Choosing model 0
[0.2623205944763293, 0.02437571451038611, 0.09862975681905557, 0.4590421608033202, 0.1556317733909088]
Games played: 91
Exploitability: P1=1.900000000 P2=0.170980144 EV: (-0.09003320260549874, 0.09003320260549874) P1 Winnings: 34.0
Choosing model 0
[0.25078801172070486, 0.032789328479238156, 0.09791231151402881, 0.4910135906808604, 0.12749675760516768]
Games played: 92
Exploitability: P1=1.900000000 P2=0.170980144 EV: (-0.09003320260549874, 0.09003320260549874) P1 Winnings: 39.0
Choosing model 3
[0.2507879779335459, 0.032789353244286785, 0.09791230928909214, 0.4910136836182592, 0.12749667591481595]
Games played: 93
Exploitability: P1=1.933333333 P2=0.170980144 EV: (-0.05925961429513106, 0.05925961429513106) P1 Winnings: 38.0
Choosing model 3
[0.2590052998801934, 0.026210624021941017, 0.0989573084640891, 0.473580287997199, 0.1422464796365777]
Games played: 94
Exploitability: P1=1.933333333 P2=0.170980144 EV: (-0.05925961429513106, 0.05925961429513106) P1 Winnings: 41.0
Choosing model 3
[0.260640172220845, 0.024536438508734795, 0.0995841368885459, 0.47425243607921097, 0.1409868163026635]
Games played: 95
Exploitability: P1=1.933333333 P2=0.170980144 EV: (-0.05925961429513106, 0.05925961429513106) P1 Winnings: 38.0
Choosing model 1
[0.26360993538859245, 0.022405159130862277, 0.09991392697020911, 0.467462205241947, 0.1466087732683892]
Games played: 96
Exploitability: P1=2.800000000 P2=0.170980144 EV: (0.17098014371819376, -0.17098014371819376) P1 Winnings: 41.0
Choosing model 3
[0.2636099045303247, 0.022405178061909403, 0.09991392736385782, 0.4674623141327289, 0.14660867591117924]
Games played: 97
Exploitability: P1=1.933333333 P2=0.170980144 EV: (-0.05925961429513106, 0.05925961429513106) P1 Winnings: 34.0
Choosing model 4
[0.2665801247997513, 0.02016005167994191, 0.10060103785146965, 0.46416877717551713, 0.14849000849332003]
Games played: 98
Exploitability: P1=2.600000000 P2=0.170980144 EV: (-0.15274255263705017, 0.15274255263705017) P1 Winnings: 34.0
Choosing model 1
[0.266580096951538, 0.020160067516408534, 0.10060103860955005, 0.46416887907723636, 0.14848991784526708]
Games played: 99
Exploitability: P1=2.800000000 P2=0.170980144 EV: (0.17098014371819376, -0.17098014371819376) P1 Winnings: 33.0
Choosing model 3
[0.2723225601705517, 0.016685812172505258, 0.10099695739631104, 0.448688174258842, 0.1613064960017898]
Games played: 100
Exploitability: P1=1.933333333 P2=0.170980144 EV: (-0.05925961429513106, 0.05925961429513106) P1 Winnings: 34.0
Choosing model 3
[0.29399648184210236, 0.030030018840937936, 0.13515367384291088, 0.4286565033611962, 0.11216332211285263]
Games played: 101
Exploitability: P1=1.933333333 P2=0.170980144 EV: (-0.05925961429513106, 0.05925961429513106) P1 Winnings: 39.0
Choosing model 3
[0.2911587867250369, 0.03184210928599676, 0.1349741310425732, 0.4349599044686725, 0.10706506847772061]
Games played: 102
Exploitability: P1=1.933333333 P2=0.170980144 EV: (-0.05925961429513106, 0.05925961429513106) P1 Winnings: 28.0
Choosing model 0
[0.2696628771736334, 0.028748221391372623, 0.1080851847265828, 0.4854390291256461, 0.10806468758276498]
Games played: 103
Exploitability: P1=1.900000000 P2=0.170980144 EV: (-0.09003320260549874, 0.09003320260549874) P1 Winnings: 37.0
Choosing model 3
[0.27878440360938866, 0.022803567676825277, 0.10935711578012605, 0.4685338403718093, 0.1205210725618508]
Games played: 104
Exploitability: P1=1.933333333 P2=0.170980144 EV: (-0.05925961429513106, 0.05925961429513106) P1 Winnings: 38.0
Choosing model 3
[0.27610691770825063, 0.024180766819332705, 0.10921713466756802, 0.47544667848712363, 0.11504850231772493]
Games played: 105
Exploitability: P1=1.933333333 P2=0.170980144 EV: (-0.05925961429513106, 0.05925961429513106) P1 Winnings: 27.0
Choosing model 4
[0.2627795546677577, 0.03180819132187652, 0.10770535477958375, 0.5030775289907107, 0.09462937024007143]
Games played: 106
Exploitability: P1=2.600000000 P2=0.170980144 EV: (-0.15274255263705017, 0.15274255263705017) P1 Winnings: 32.0
Choosing model 3
[0.24136932288883597, 0.047103972275484435, 0.10391226750527062, 0.5361207862648389, 0.07149365106557004]
Games played: 107
Exploitability: P1=1.933333333 P2=0.170980144 EV: (-0.05925961429513106, 0.05925961429513106) P1 Winnings: 21.0
Choosing model 0
[0.2503537941129003, 0.03935210288683431, 0.10587575031078356, 0.5254427346090669, 0.07897561808041502]
Games played: 108
Exploitability: P1=1.900000000 P2=0.170980144 EV: (-0.09003320260549874, 0.09003320260549874) P1 Winnings: 21.0
Choosing model 3
[0.25035374975932945, 0.03935213093851165, 0.105875743411564, 0.5254428117635185, 0.07897556412707639]
Games played: 109
Exploitability: P1=1.933333333 P2=0.170980144 EV: (-0.05925961429513106, 0.05925961429513106) P1 Winnings: 20.0
Choosing model 2
[0.26357006460579846, 0.042774343133386974, 0.11802468005971564, 0.5001868982761114, 0.07544401392498758]
Games played: 110
Exploitability: P1=4.600000000 P2=0.170980144 EV: (0.13922319986542547, -0.13922319986542547) P1 Winnings: 21.0
Choosing model 3
[0.25873636656614496, 0.037204519091831464, 0.1065904484969777, 0.5168425719185099, 0.08062609392653602]
Games played: 111
Exploitability: P1=1.933333333 P2=0.170980144 EV: (-0.05925961429513106, 0.05925961429513106) P1 Winnings: 12.0
Choosing model 3
[0.27413647628526805, 0.02704628475460782, 0.10919506902691062, 0.49293924910516873, 0.09668292082804486]
Games played: 112
Exploitability: P1=1.933333333 P2=0.170980144 EV: (-0.05925961429513106, 0.05925961429513106) P1 Winnings: 12.0
Choosing model 3
[0.2505177824599887, 0.024093352685660405, 0.0862778125827562, 0.5428243672513144, 0.09628668502028016]
Games played: 113
Exploitability: P1=1.933333333 P2=0.170980144 EV: (-0.05925961429513106, 0.05925961429513106) P1 Winnings: 21.0
Choosing model 3
[0.24747441877646192, 0.02548281776570446, 0.0859460253391579, 0.5494183103709902, 0.09167842774768555]
Games played: 114
Exploitability: P1=1.933333333 P2=0.170980144 EV: (-0.05925961429513106, 0.05925961429513106) P1 Winnings: 10.0
Choosing model 3
[0.18435905507724065, 0.02333326109642079, 0.04881202549265663, 0.6608671109592253, 0.08262854737445663]
Games played: 115
Exploitability: P1=1.933333333 P2=0.170980144 EV: (-0.05925961429513106, 0.05925961429513106) P1 Winnings: 5.0
Choosing model 3
[0.17176269364097063, 0.030046537419134836, 0.04712196915976411, 0.6845376264784326, 0.0665311733016978]
Games played: 116
Exploitability: P1=1.933333333 P2=0.170980144 EV: (-0.05925961429513106, 0.05925961429513106) P1 Winnings: 5.0
Choosing model 4
[0.17510746182172218, 0.027191272043256203, 0.04770707419912858, 0.6809990393952652, 0.0689951525406278]
Games played: 117
Exploitability: P1=2.600000000 P2=0.170980144 EV: (-0.15274255263705017, 0.15274255263705017) P1 Winnings: 2.0
Choosing model 3
[0.18367467648839822, 0.02207581412374227, 0.04897067125443415, 0.6670973490827489, 0.07818148905067655]
Games played: 118
Exploitability: P1=1.933333333 P2=0.170980144 EV: (-0.05925961429513106, 0.05925961429513106) P1 Winnings: 5.0
Choosing model 0
[0.2117357635853365, 0.021896260866395286, 0.061139242769104304, 0.6241519641867342, 0.08107676859242967]
Games played: 119
Exploitability: P1=1.900000000 P2=0.170980144 EV: (-0.09003320260549874, 0.09003320260549874) P1 Winnings: 8.0
Choosing model 3
[0.21909906371603513, 0.018357594985278003, 0.062175058737423454, 0.6111524731814251, 0.08921580937983838]
Games played: 120
Exploitability: P1=1.933333333 P2=0.170980144 EV: (-0.05925961429513106, 0.05925961429513106) P1 Winnings: 7.0
Choosing model 0
[0.23684930459940973, 0.033082408375361735, 0.08331224728398873, 0.5846385485978576, 0.06211749114338228]
Games played: 121
Exploitability: P1=1.900000000 P2=0.170980144 EV: (-0.09003320260549874, 0.09003320260549874) P1 Winnings: 12.0
Choosing model 0
[0.2454883300812065, 0.027781480074769948, 0.08486281496335121, 0.5734018832624174, 0.06846549161825509]
Games played: 122
Exploitability: P1=1.900000000 P2=0.170980144 EV: (-0.09003320260549874, 0.09003320260549874) P1 Winnings: 11.0
Choosing model 0
[0.23637027841690564, 0.03211821864145364, 0.08347248575514457, 0.5878343061201173, 0.060204711066379014]
Games played: 123
Exploitability: P1=1.900000000 P2=0.170980144 EV: (-0.09003320260549874, 0.09003320260549874) P1 Winnings: 11.0
Choosing model 1
[0.2503750660031061, 0.03512552080035804, 0.09362157291580504, 0.5630124676917053, 0.05786537258902559]
Games played: 124
Exploitability: P1=2.800000000 P2=0.170980144 EV: (0.17098014371819376, -0.17098014371819376) P1 Winnings: 12.0
Choosing model 3
[0.25941950866419466, 0.029487221432468146, 0.09533169952469878, 0.5520043468922383, 0.0637572234864001]
Games played: 125
Exploitability: P1=1.933333333 P2=0.170980144 EV: (-0.05925961429513106, 0.05925961429513106) P1 Winnings: 11.0
Choosing model 3
[0.2609065238942042, 0.027587834892808534, 0.0958802654715047, 0.5524691780216184, 0.06315619771986421]
Games played: 126
Exploitability: P1=1.933333333 P2=0.170980144 EV: (-0.05925961429513106, 0.05925961429513106) P1 Winnings: 8.0
Choosing model 3
[0.27170289144227694, 0.02223665780513355, 0.09771184034567665, 0.5372982925373384, 0.07105031786957439]
Games played: 127
Exploitability: P1=1.933333333 P2=0.170980144 EV: (-0.05925961429513106, 0.05925961429513106) P1 Winnings: 11.0
Choosing model 3
[0.2822422942260816, 0.017723188417249576, 0.09933644073426395, 0.5210774237189628, 0.07962065290344214]
Games played: 128
Exploitability: P1=1.933333333 P2=0.170980144 EV: (-0.05925961429513106, 0.05925961429513106) P1 Winnings: 11.0
Choosing model 0
[0.2972143513711616, 0.012805661505550474, 0.10114220176309595, 0.49394445555040667, 0.09489332980978538]
Games played: 129
Exploitability: P1=1.900000000 P2=0.170980144 EV: (-0.09003320260549874, 0.09003320260549874) P1 Winnings: 0.0
Choosing model 3
[0.2712369322131767, 0.011391973203027463, 0.07980605023513453, 0.5431894990106735, 0.09437554533798778]
Games played: 130
Exploitability: P1=1.933333333 P2=0.170980144 EV: (-0.05925961429513106, 0.05925961429513106) P1 Winnings: 9.0
Choosing model 3
[0.2803806460801834, 0.009114665526554466, 0.08073162037509508, 0.524383066531715, 0.10539000148645203]
Games played: 131
Exploitability: P1=1.933333333 P2=0.170980144 EV: (-0.05925961429513106, 0.05925961429513106) P1 Winnings: 9.0
Choosing model 0
[0.28038060558681555, 0.009114672978512699, 0.08073161848414871, 0.5243831743332228, 0.10538992861730032]
Games played: 132
Exploitability: P1=1.900000000 P2=0.170980144 EV: (-0.09003320260549874, 0.09003320260549874) P1 Winnings: 6.0
Choosing model 3
[0.289160269892501, 0.007212340993116731, 0.08148316311441957, 0.5048918537340137, 0.11725237226594885]
Games played: 133
Exploitability: P1=1.933333333 P2=0.170980144 EV: (-0.05925961429513106, 0.05925961429513106) P1 Winnings: 7.0
Choosing model 4
[0.2891602324829491, 0.0072123469983187034, 0.08148316243217271, 0.5048919651270677, 0.11725229295949176]
Games played: 134
Exploitability: P1=2.600000000 P2=0.170980144 EV: (-0.15274255263705017, 0.15274255263705017) P1 Winnings: 4.0
Choosing model 0
[0.28647497652123255, 0.007650383274131426, 0.08140497020044794, 0.5125056094315954, 0.11196406057259255]
Games played: 135
Exploitability: P1=1.900000000 P2=0.170980144 EV: (-0.09003320260549874, 0.09003320260549874) P1 Winnings: 3.0
Choosing model 3
[0.2790123369363705, 0.008946516417125738, 0.08099375497006771, 0.5314582280470433, 0.09958916362939263]
Games played: 136
Exploitability: P1=1.933333333 P2=0.170980144 EV: (-0.05925961429513106, 0.05925961429513106) P1 Winnings: 3.0
Choosing model 2
[0.28246482766446107, 0.008177320532079303, 0.0813407081244596, 0.5243564546191847, 0.10366068905981549]
Games played: 137
Exploitability: P1=4.600000000 P2=0.170980144 EV: (0.13922319986542547, -0.13922319986542547) P1 Winnings: 6.0
Choosing model 0
[0.30124855752960966, 0.010299429316514288, 0.09609497935546742, 0.5025711557990609, 0.08978587799934806]
Games played: 138
Exploitability: P1=1.900000000 P2=0.170980144 EV: (-0.09003320260549874, 0.09003320260549874) P1 Winnings: 11.0
Choosing model 3
[0.27231461079998986, 0.017215789961404195, 0.09297210653594837, 0.5561562703127609, 0.06134122238989671]
Games played: 139
Exploitability: P1=1.933333333 P2=0.170980144 EV: (-0.05925961429513106, 0.05925961429513106) P1 Winnings: 6.0
Choosing model 4
[0.21983752402787085, 0.024192887063392482, 0.06871182821926237, 0.6440841833222978, 0.043173577367176454]
Games played: 140
Exploitability: P1=2.600000000 P2=0.170980144 EV: (-0.15274255263705017, 0.15274255263705017) P1 Winnings: 6.0
Choosing model 2
[0.2198374765286257, 0.02419290336785917, 0.06871182106876408, 0.6440842528417531, 0.043173546192997916]
Games played: 141
Exploitability: P1=4.600000000 P2=0.170980144 EV: (0.13922319986542547, -0.13922319986542547) P1 Winnings: 5.0
Choosing model 3
[0.1448867764218635, 0.02025148450481141, 0.03305184031675752, 0.765468140094119, 0.03634175866244862]
Games played: 142
Exploitability: P1=1.933333333 P2=0.170980144 EV: (-0.05925961429513106, 0.05925961429513106) P1 Winnings: -4.0
Choosing model 2
[0.13297675628350317, 0.025689675628630778, 0.03143220653931939, 0.7810754149393762, 0.02882594660917056]
Games played: 143
Exploitability: P1=4.600000000 P2=0.170980144 EV: (0.13922319986542547, -0.13922319986542547) P1 Winnings: -17.0
Choosing model 3
[0.14245592932218115, 0.02122512239959381, 0.033127280389005635, 0.7700396680668684, 0.03315199982235104]
Games played: 144
Exploitability: P1=1.933333333 P2=0.170980144 EV: (-0.05925961429513106, 0.05925961429513106) P1 Winnings: -14.0
Choosing model 3
[0.1454604638755997, 0.019238620359347997, 0.03359183766584623, 0.7672747387316154, 0.034434339367590654]
Games played: 145
Exploitability: P1=1.933333333 P2=0.170980144 EV: (-0.05925961429513106, 0.05925961429513106) P1 Winnings: -17.0
Choosing model 3
[0.15710037950744837, 0.021452568756242577, 0.03841496178125434, 0.7492867281669474, 0.0337453617881073]
Games played: 146
Exploitability: P1=1.933333333 P2=0.170980144 EV: (-0.05925961429513106, 0.05925961429513106) P1 Winnings: -16.0
Choosing model 3
[0.16927998374708256, 0.023866063346047094, 0.04382916092886438, 0.7300309773190727, 0.032993814658933175]
Games played: 147
Exploitability: P1=1.933333333 P2=0.170980144 EV: (-0.05925961429513106, 0.05925961429513106) P1 Winnings: -15.0
Choosing model 3
[0.16615344267253468, 0.025080892160546212, 0.04338122477315861, 0.7341707273449511, 0.031213713048809287]
Games played: 148
Exploitability: P1=1.933333333 P2=0.170980144 EV: (-0.05925961429513106, 0.05925961429513106) P1 Winnings: -26.0
Choosing model 3
[0.15323230870400717, 0.031202048120224257, 0.041440644247037174, 0.7493101051444762, 0.024814893784255252]
Games played: 149
Exploitability: P1=1.933333333 P2=0.170980144 EV: (-0.05925961429513106, 0.05925961429513106) P1 Winnings: -19.0
Choosing model 0
[0.13330863202706836, 0.02646116240902321, 0.03117157822635925, 0.7855317066915614, 0.023526920645987943]
Games played: 150
Exploitability: P1=1.900000000 P2=0.170980144 EV: (-0.09003320260549874, 0.09003320260549874) P1 Winnings: -10.0
Choosing model 3
[0.14138641205384092, 0.02153291510975637, 0.03235502662063592, 0.777807424544769, 0.0269182216709978]
Games played: 151
Exploitability: P1=1.933333333 P2=0.170980144 EV: (-0.05925961429513106, 0.05925961429513106) P1 Winnings: -9.0
Choosing model 3
[0.1444732275371414, 0.01986545959834785, 0.03279721049634414, 0.7745836011540005, 0.028280501214166098]
Games played: 152
Exploitability: P1=1.933333333 P2=0.170980144 EV: (-0.05925961429513106, 0.05925961429513106) P1 Winnings: -6.0
Choosing model 3
[0.14447318727038444, 0.019865473172163927, 0.032797205323760896, 0.7745836563711636, 0.028280477862527117]
Games played: 153
Exploitability: P1=1.933333333 P2=0.170980144 EV: (-0.05925961429513106, 0.05925961429513106) P1 Winnings: -9.0
Choosing model 3
[0.1560605022916513, 0.022155306995563836, 0.03751258233868734, 0.7565522893210571, 0.027719319053040557]
Games played: 154
Exploitability: P1=1.933333333 P2=0.170980144 EV: (-0.05925961429513106, 0.05925961429513106) P1 Winnings: -8.0
Choosing model 3
[0.16489833656071323, 0.01811940009010585, 0.03878902777669462, 0.746552504522314, 0.03164073105017222]
Games played: 155
Exploitability: P1=1.933333333 P2=0.170980144 EV: (-0.05925961429513106, 0.05925961429513106) P1 Winnings: -15.0
Choosing model 3
[0.17761155520835986, 0.020149852389988916, 0.044238277997119144, 0.7270766095949386, 0.030923704809593486]
Games played: 156
Exploitability: P1=1.933333333 P2=0.170980144 EV: (-0.05925961429513106, 0.05925961429513106) P1 Winnings: -14.0
Choosing model 3
[0.17857687798732003, 0.018846353758180435, 0.04447969581607804, 0.7274739266896264, 0.03062314574879508]
Games played: 157
Exploitability: P1=1.933333333 P2=0.170980144 EV: (-0.05925961429513106, 0.05925961429513106) P1 Winnings: -17.0
Choosing model 0
[0.19187338293008763, 0.020906915186836076, 0.05060409843187537, 0.706759757904303, 0.029855845546898]
Games played: 158
Exploitability: P1=1.900000000 P2=0.170980144 EV: (-0.09003320260549874, 0.09003320260549874) P1 Winnings: -16.0
Choosing model 3
[0.18844258397958463, 0.021984302334166844, 0.05011698302769964, 0.7111941316648878, 0.02826199899366115]
Games played: 159
Exploitability: P1=1.933333333 P2=0.170980144 EV: (-0.05925961429513106, 0.05925961429513106) P1 Winnings: -11.0
Choosing model 0
[0.20199361713667, 0.024330128090849154, 0.056882397284175164, 0.6893053259928851, 0.02748853149542062]
Games played: 160
Exploitability: P1=1.900000000 P2=0.170980144 EV: (-0.09003320260549874, 0.09003320260549874) P1 Winnings: -10.0
Choosing model 3
[0.201993569173125, 0.024330143967493556, 0.05688239014824457, 0.6893053856521117, 0.027488511059025188]
Games played: 161
Exploitability: P1=1.933333333 P2=0.170980144 EV: (-0.05925961429513106, 0.05925961429513106) P1 Winnings: -11.0
Choosing model 0
[0.21264154989385972, 0.01982429893445012, 0.058599925842615176, 0.6776732495106396, 0.03126097581843556]
Games played: 162
Exploitability: P1=1.900000000 P2=0.170980144 EV: (-0.09003320260549874, 0.09003320260549874) P1 Winnings: -11.0
Choosing model 3
[0.19667151270517752, 0.025342286030828463, 0.05615942183957329, 0.6968390637586114, 0.02498771566580943]
Games played: 163
Exploitability: P1=1.933333333 P2=0.170980144 EV: (-0.05925961429513106, 0.05925961429513106) P1 Winnings: -11.0
Choosing model 0
[0.1966714612951667, 0.025342303785665262, 0.05615941395477945, 0.69683912549868, 0.024987695465708594]
Games played: 164
Exploitability: P1=1.900000000 P2=0.170980144 EV: (-0.09003320260549874, 0.09003320260549874) P1 Winnings: -14.0
Choosing model 4
[0.1930994621984491, 0.0266406136687984, 0.055602868365359985, 0.7010101071804878, 0.023646948586904616]
Games played: 165
Exploitability: P1=2.600000000 P2=0.170980144 EV: (-0.15274255263705017, 0.15274255263705017) P1 Winnings: -9.0
Choosing model 3
[0.1930994148697667, 0.026640630849371724, 0.05560286096462806, 0.7010101624905738, 0.023646930825659742]
Games played: 166
Exploitability: P1=1.933333333 P2=0.170980144 EV: (-0.05925961429513106, 0.05925961429513106) P1 Winnings: -10.0
Choosing model 0
[0.22285710668209724, 0.02645442514246623, 0.06949950810741656, 0.6566380345699071, 0.024550925498112858]
Games played: 167
Exploitability: P1=1.900000000 P2=0.170980144 EV: (-0.09003320260549874, 0.09003320260549874) P1 Winnings: -7.0
Choosing model 3
[0.20594654505623805, 0.03349521977148286, 0.0665528875056426, 0.6744251191816305, 0.019580228485005995]
Games played: 168
Exploitability: P1=1.933333333 P2=0.170980144 EV: (-0.05925961429513106, 0.05925961429513106) P1 Winnings: -8.0
Choosing model 0
[0.1901066380579721, 0.041708514603392664, 0.06363460640130326, 0.6889695571848675, 0.015580683752464517]
Games played: 169
Exploitability: P1=1.900000000 P2=0.170980144 EV: (-0.09003320260549874, 0.09003320260549874) P1 Winnings: -1.0
Choosing model 0
[0.20282044794976395, 0.0358084347938408, 0.0673962758466264, 0.6765067773740858, 0.017468064035683094]
Games played: 170
Exploitability: P1=1.900000000 P2=0.170980144 EV: (-0.09003320260549874, 0.09003320260549874) P1 Winnings: 0.0
Choosing model 0
[0.21606480913555376, 0.03938499102816476, 0.0760225751358821, 0.651642388374531, 0.01688523632586835]
Games played: 171
Exploitability: P1=1.900000000 P2=0.170980144 EV: (-0.09003320260549874, 0.09003320260549874) P1 Winnings: 1.0
Choosing model 3
[0.2118800217158147, 0.03999379125428427, 0.07535827848984931, 0.6571248542683293, 0.015643054271722422]
Games played: 172
Exploitability: P1=1.933333333 P2=0.170980144 EV: (-0.05925961429513106, 0.05925961429513106) P1 Winnings: 1.0
Choosing model 3
[0.22369887443808112, 0.03268202356497515, 0.07785982128911537, 0.6479175873808656, 0.017841693326962796]
Games played: 173
Exploitability: P1=1.933333333 P2=0.170980144 EV: (-0.05925961429513106, 0.05925961429513106) P1 Winnings: 4.0
Choosing model 0
[0.2281625453357693, 0.02959025966728286, 0.07886376343175772, 0.6448722470260377, 0.018511184539152438]
Games played: 174
Exploitability: P1=1.900000000 P2=0.170980144 EV: (-0.09003320260549874, 0.09003320260549874) P1 Winnings: 1.0
Choosing model 3
[0.22414027408094125, 0.0311230947347919, 0.07812462792741738, 0.6490845456756331, 0.017527457581216377]
Games played: 175
Exploitability: P1=1.933333333 P2=0.170980144 EV: (-0.05925961429513106, 0.05925961429513106) P1 Winnings: 0.0
Choosing model 3
[0.23799068717138597, 0.03411897305929294, 0.08783394777407053, 0.6231695260266384, 0.01688686596861214]
Games played: 176
Exploitability: P1=1.933333333 P2=0.170980144 EV: (-0.05925961429513106, 0.05925961429513106) P1 Winnings: 1.0
Choosing model 0
[0.2518384482590944, 0.03727615720470355, 0.0984144458207515, 0.5962565370355957, 0.01621441167985486]
Games played: 177
Exploitability: P1=1.900000000 P2=0.170980144 EV: (-0.09003320260549874, 0.09003320260549874) P1 Winnings: 2.0
Choosing model 0
[0.22389955379293455, 0.052656440639569625, 0.09224100295698498, 0.6196526859021771, 0.01155031670833377]
Games played: 178
Exploitability: P1=1.900000000 P2=0.170980144 EV: (-0.09003320260549874, 0.09003320260549874) P1 Winnings: -3.0
Choosing model 0
[0.2129018019909984, 0.06011898839497837, 0.08960124078779384, 0.6273476039358049, 0.010030364890424645]
Games played: 179
Exploitability: P1=1.900000000 P2=0.170980144 EV: (-0.09003320260549874, 0.09003320260549874) P1 Winnings: -3.0
Choosing model 3
[0.21290174626885724, 0.06011902616621228, 0.08960122737209023, 0.6273476430030062, 0.010030357189834175]
Games played: 180
Exploitability: P1=1.933333333 P2=0.170980144 EV: (-0.05925961429513106, 0.05925961429513106) P1 Winnings: -4.0
Choosing model 3
[0.22557187554826819, 0.0493015118373984, 0.0929026985930766, 0.620743359804833, 0.01148055421642387]
Games played: 181
Exploitability: P1=1.933333333 P2=0.170980144 EV: (-0.05925961429513106, 0.05925961429513106) P1 Winnings: -1.0
Choosing model 3
[0.23825711521724252, 0.04030544671375759, 0.09602800393449262, 0.6123096388016234, 0.013099795332883834]
Games played: 182
Exploitability: P1=1.933333333 P2=0.170980144 EV: (-0.05925961429513106, 0.05925961429513106) P1 Winnings: 2.0
Choosing model 2
[0.24306159343416534, 0.03650005204959931, 0.09728634880792152, 0.6095578400493216, 0.013594165658992305]
Games played: 183
Exploitability: P1=4.600000000 P2=0.170980144 EV: (0.13922319986542547, -0.13922319986542547) P1 Winnings: -1.0
Choosing model 2
[0.25332020893132867, 0.030820980392896432, 0.09964495783457919, 0.6011476071493163, 0.015066245691879497]
Games played: 184
Exploitability: P1=4.600000000 P2=0.170980144 EV: (0.13922319986542547, -0.13922319986542547) P1 Winnings: 0.0
Choosing model 0
[0.26724933911699933, 0.03357116120657488, 0.11131059562889008, 0.5734463586359121, 0.014422545411623643]
Games played: 185
Exploitability: P1=1.900000000 P2=0.170980144 EV: (-0.09003320260549874, 0.09003320260549874) P1 Winnings: 1.0
Choosing model 3
[0.267249280096498, 0.033571183670961575, 0.1113105835133853, 0.57344641779049, 0.014422534928665132]
Games played: 186
Exploitability: P1=1.933333333 P2=0.170980144 EV: (-0.05925961429513106, 0.05925961429513106) P1 Winnings: 0.0
Choosing model 0
[0.280910281721407, 0.036432658027933905, 0.12388591343561008, 0.5450154448395009, 0.013755701975548115]
Games played: 187
Exploitability: P1=1.900000000 P2=0.170980144 EV: (-0.09003320260549874, 0.09003320260549874) P1 Winnings: 1.0
Choosing model 0
[0.2763441599719627, 0.03837354889665279, 0.12289649624553144, 0.5493428823318441, 0.013042912554008962]
Games played: 188
Exploitability: P1=1.900000000 P2=0.170980144 EV: (-0.09003320260549874, 0.09003320260549874) P1 Winnings: 0.0
Choosing model 3
[0.27634409936840565, 0.03837357463367551, 0.12289648305819174, 0.549342939845815, 0.01304290309391204]
Games played: 189
Exploitability: P1=1.933333333 P2=0.170980144 EV: (-0.05925961429513106, 0.05925961429513106) P1 Winnings: -1.0
Choosing model 3
[0.239834255595384, 0.059803967989450944, 0.11377873423322639, 0.5779105009317629, 0.008672541250175804]
Games played: 190
Exploitability: P1=1.933333333 P2=0.170980144 EV: (-0.05925961429513106, 0.05925961429513106) P1 Winnings: -4.0
Choosing model 0
[0.22695332359294595, 0.06933935492596766, 0.11022653241674588, 0.5860501878243044, 0.007430601240036179]
Games played: 191
Exploitability: P1=1.900000000 P2=0.170980144 EV: (-0.09003320260549874, 0.09003320260549874) P1 Winnings: -13.0
Choosing model 3
[0.2225093354193327, 0.07278634964656873, 0.10897647431364407, 0.588706099495006, 0.007021741125448671]
Games played: 192
Exploitability: P1=1.933333333 P2=0.170980144 EV: (-0.05925961429513106, 0.05925961429513106) P1 Winnings: -14.0
Choosing model 2
[0.18186075631386803, 0.11751841693139985, 0.09592350958995725, 0.6004593897660571, 0.00423792739871793]
Games played: 193
Exploitability: P1=4.600000000 P2=0.170980144 EV: (0.13922319986542547, -0.13922319986542547) P1 Winnings: -7.0
Choosing model 2
[0.14938886892941783, 0.15273835401164493, 0.07675593332807805, 0.61808496251096, 0.003031881219899069]
Games played: 194
Exploitability: P1=4.600000000 P2=0.170980144 EV: (0.13922319986542547, -0.13922319986542547) P1 Winnings: -16.0
Choosing model 3
[0.14552771079748256, 0.1593066888848864, 0.07540051758589082, 0.6169183360958251, 0.002846746635915019]
Games played: 195
Exploitability: P1=1.933333333 P2=0.170980144 EV: (-0.05925961429513106, 0.05925961429513106) P1 Winnings: -29.0
Choosing model 3
[0.12111737515166889, 0.21066089977982558, 0.06615597149584523, 0.6001674263642753, 0.0018983272083850575]
Games played: 196
Exploitability: P1=1.933333333 P2=0.170980144 EV: (-0.05925961429513106, 0.05925961429513106) P1 Winnings: -34.0
Choosing model 3
[0.0990031173123619, 0.27295912052400767, 0.05686153720495183, 0.5699134642381233, 0.0012627607205552356]
Games played: 197
Exploitability: P1=1.933333333 P2=0.170980144 EV: (-0.05925961429513106, 0.05925961429513106) P1 Winnings: -37.0
Choosing model 1
[0.1036470040939801, 0.25366747000709433, 0.05911667802690214, 0.5822240824481851, 0.0013447654238383183]
Games played: 198
Exploitability: P1=2.800000000 P2=0.170980144 EV: (0.17098014371819376, -0.17098014371819376) P1 Winnings: -40.0
Choosing model 3
[0.1003654324526858, 0.26299690807421994, 0.05772611731737136, 0.5776564283496538, 0.0012551138060692478]
Games played: 199
Exploitability: P1=1.933333333 P2=0.170980144 EV: (-0.05925961429513106, 0.05925961429513106) P1 Winnings: -47.0
Choosing model 3
[0.0860035384639262, 0.31148520536383295, 0.051255059249128536, 0.5503267042679497, 0.0009294926551626792]
Games played: 200
Exploitability: P1=1.933333333 P2=0.170980144 EV: (-0.05925961429513106, 0.05925961429513106) P1 Winnings: -47.0
