Player 1 exploitability: 0.127547905863
Choosing model 2
[0.19369597137925132, 0.22168189737195806, 0.19108399473296106, 0.2111557432656021, 0.1823823932502275]
Games played: 1
Exploitability: P1=4.600000000 P2=0.041895892 EV: (0.04188499482637665, -0.04188499482637665) P1 Winnings: 9.0
Choosing model 0
[0.20893836230513893, 0.16407046089077512, 0.199295410082377, 0.20503418006029542, 0.22266158666141353]
Games played: 2
Exploitability: P1=1.900000000 P2=0.041895892 EV: (-0.08740541981340742, 0.08740541981340742) P1 Winnings: 9.0
Choosing model 2
[0.20180982293727387, 0.19416858973564324, 0.1970702763178454, 0.21222633341801708, 0.1947249775912204]
Games played: 3
Exploitability: P1=4.600000000 P2=0.041895892 EV: (0.04188499482637665, -0.04188499482637665) P1 Winnings: 4.0
Choosing model 2
[0.19231803871883435, 0.25728131260274456, 0.2078063030072446, 0.1951869516317486, 0.14740739403942768]
Games played: 4
Exploitability: P1=4.600000000 P2=0.041895892 EV: (0.04188499482637665, -0.04188499482637665) P1 Winnings: 9.0
Choosing model 2
[0.170786059120455, 0.3305614048336785, 0.19202799278496785, 0.1952615921025251, 0.11136295115837357]
Games played: 5
Exploitability: P1=4.600000000 P2=0.041895892 EV: (0.04188499482637665, -0.04188499482637665) P1 Winnings: 0.0
Choosing model 4
[0.18353769999374003, 0.2878223281365172, 0.20280905268005556, 0.1985648619582683, 0.12726605723141876]
Games played: 6
Exploitability: P1=2.600000000 P2=0.041895892 EV: (-0.11456918139489712, 0.11456918139489712) P1 Winnings: 1.0
Choosing model 0
[0.19572029051455056, 0.24721416718649464, 0.2124493844030357, 0.2000799660298079, 0.1445361918661111]
Games played: 7
Exploitability: P1=1.900000000 P2=0.041895892 EV: (-0.08740541981340742, 0.08740541981340742) P1 Winnings: 2.0
Choosing model 0
[0.19572024442125632, 0.24721432898708776, 0.21244935816431376, 0.20007998373580896, 0.14453608469153317]
Games played: 8
Exploitability: P1=1.900000000 P2=0.041895892 EV: (-0.08740541981340742, 0.08740541981340742) P1 Winnings: 1.0
Choosing model 0
[0.20649217896631333, 0.21132017702954772, 0.220279056377758, 0.1997488121976157, 0.1621597754287652]
Games played: 9
Exploitability: P1=1.900000000 P2=0.041895892 EV: (-0.08740541981340742, 0.08740541981340742) P1 Winnings: 2.0
Choosing model 3
[0.20649213861519392, 0.21132032381027918, 0.22027903800381202, 0.19974883788296677, 0.16215966168774806]
Games played: 10
Exploitability: P1=1.933333333 P2=0.041895892 EV: (-0.12058107299652047, 0.12058107299652047) P1 Winnings: 1.0
Choosing model 2
[0.21796917596980014, 0.17265358311512563, 0.2275481923205376, 0.19691280294277594, 0.18491624565176087]
Games played: 11
Exploitability: P1=4.600000000 P2=0.041895892 EV: (0.04188499482637665, -0.04188499482637665) P1 Winnings: -6.0
Choosing model 1
[0.21773564673814252, 0.20368150275396968, 0.2517908786701431, 0.17677414684650544, 0.15001782499123925]
Games played: 12
Exploitability: P1=2.800000000 P2=0.041895892 EV: (0.013613941651115187, -0.013613941651115187) P1 Winnings: -1.0
Choosing model 0
[0.22884894047154825, 0.16810172385057787, 0.2593323068022272, 0.17424388702994026, 0.16947314184570655]
Games played: 13
Exploitability: P1=1.900000000 P2=0.041895892 EV: (-0.08740541981340742, 0.08740541981340742) P1 Winnings: -1.0
Choosing model 2
[0.23155126587753544, 0.17560769099389847, 0.2778364705303166, 0.15941187813038735, 0.1555926944678621]
Games played: 14
Exploitability: P1=4.600000000 P2=0.041895892 EV: (0.04188499482637665, -0.04188499482637665) P1 Winnings: 0.0
Choosing model 1
[0.22783028135491873, 0.204055996097569, 0.30282079167769876, 0.14095981069379954, 0.12433312017601388]
Games played: 15
Exploitability: P1=2.800000000 P2=0.041895892 EV: (0.013613941651115187, -0.013613941651115187) P1 Winnings: 5.0
Choosing model 0
[0.23397921616248513, 0.1860263562128922, 0.3088410832671917, 0.14126497825404308, 0.12988836610338794]
Games played: 16
Exploitability: P1=1.900000000 P2=0.041895892 EV: (-0.08740541981340742, 0.08740541981340742) P1 Winnings: 5.0
Choosing model 3
[0.23397917399935314, 0.18602648825464352, 0.30884106220419155, 0.14126499856798466, 0.12988827697382713]
Games played: 17
Exploitability: P1=1.933333333 P2=0.041895892 EV: (-0.12058107299652047, 0.12058107299652047) P1 Winnings: 4.0
Choosing model 3
[0.2406146262641432, 0.13167569256513698, 0.22867762447347714, 0.1970321201791488, 0.2019999365180938]
Games played: 18
Exploitability: P1=1.933333333 P2=0.041895892 EV: (-0.12058107299652047, 0.12058107299652047) P1 Winnings: 11.0
Choosing model 2
[0.24548820467951074, 0.13870347113921314, 0.24703964533970574, 0.18176510485992858, 0.1870035739816418]
Games played: 19
Exploitability: P1=4.600000000 P2=0.041895892 EV: (0.04188499482637665, -0.04188499482637665) P1 Winnings: 12.0
Choosing model 2
[0.25436305789729063, 0.11026945939782248, 0.25050917180137167, 0.17582996198655923, 0.20902834891695604]
Games played: 20
Exploitability: P1=4.600000000 P2=0.041895892 EV: (0.04188499482637665, -0.04188499482637665) P1 Winnings: 13.0
Choosing model 2
[0.250309483149899, 0.12419043646604276, 0.24319274855836934, 0.18862465509370266, 0.19368267673198628]
Games played: 21
Exploitability: P1=4.600000000 P2=0.041895892 EV: (0.04188499482637665, -0.04188499482637665) P1 Winnings: 13.0
Choosing model 1
[0.21215447417942562, 0.17423496211305317, 0.16421691174029687, 0.27552379638878055, 0.17386985557844373]
Games played: 22
Exploitability: P1=2.800000000 P2=0.041895892 EV: (0.013613941651115187, -0.013613941651115187) P1 Winnings: 4.0
Choosing model 3
[0.21459062476338608, 0.20813034097413, 0.1839960839544115, 0.2504540191130552, 0.14282893119501733]
Games played: 23
Exploitability: P1=1.933333333 P2=0.041895892 EV: (-0.12058107299652047, 0.12058107299652047) P1 Winnings: 9.0
Choosing model 2
[0.2273353256952784, 0.17066102347029216, 0.19075389750106653, 0.247789169445748, 0.16346058388761492]
Games played: 24
Exploitability: P1=4.600000000 P2=0.041895892 EV: (0.04188499482637665, -0.04188499482637665) P1 Winnings: 2.0
Choosing model 3
[0.2466928143316058, 0.11103764126306782, 0.1971398016582469, 0.2314212186603078, 0.21370852408677168]
Games played: 25
Exploitability: P1=1.933333333 P2=0.041895892 EV: (-0.12058107299652047, 0.12058107299652047) P1 Winnings: 2.0
Choosing model 4
[0.2506399115802116, 0.10014360934624399, 0.19890769546674938, 0.22944059976258616, 0.22086818384420887]
Games played: 26
Exploitability: P1=2.600000000 P2=0.041895892 EV: (-0.11456918139489712, 0.11456918139489712) P1 Winnings: -1.0
Choosing model 0
[0.24191250845003032, 0.13038584827697214, 0.19885813877409028, 0.24507662426377128, 0.183766880235136]
Games played: 27
Exploitability: P1=1.900000000 P2=0.041895892 EV: (-0.08740541981340742, 0.08740541981340742) P1 Winnings: 6.0
Choosing model 2
[0.23945310909036036, 0.1381818698574029, 0.1984908283921827, 0.24855132446666128, 0.17532286819339285]
Games played: 28
Exploitability: P1=4.600000000 P2=0.041895892 EV: (0.04188499482637665, -0.04188499482637665) P1 Winnings: 5.0
Choosing model 3
[0.24733959786673515, 0.11564417400031461, 0.20149462276269833, 0.24294176453584176, 0.1925798408344101]
Games played: 29
Exploitability: P1=1.933333333 P2=0.041895892 EV: (-0.12058107299652047, 0.12058107299652047) P1 Winnings: 4.0
Choosing model 2
[0.25381136300814583, 0.12252205754026378, 0.2189350266109885, 0.22541585869414515, 0.17931569414645668]
Games played: 30
Exploitability: P1=4.600000000 P2=0.041895892 EV: (0.04188499482637665, -0.04188499482637665) P1 Winnings: 5.0
Choosing model 0
[0.2610608597783416, 0.10210439882119851, 0.22130737012286233, 0.21939557992512956, 0.19613179135246803]
Games played: 31
Exploitability: P1=1.900000000 P2=0.041895892 EV: (-0.08740541981340742, 0.08740541981340742) P1 Winnings: 6.0
Choosing model 0
[0.2674406882668334, 0.08352950706159555, 0.22251356941115594, 0.21180511740211927, 0.21471111785829586]
Games played: 32
Exploitability: P1=1.900000000 P2=0.041895892 EV: (-0.08740541981340742, 0.08740541981340742) P1 Winnings: 6.0
Choosing model 1
[0.2741212113872248, 0.08839510001509975, 0.24149382936331626, 0.19629827544379527, 0.1996915837905639]
Games played: 33
Exploitability: P1=2.800000000 P2=0.041895892 EV: (0.013613941651115187, -0.013613941651115187) P1 Winnings: 7.0
Choosing model 3
[0.2777048471323146, 0.07949289115948127, 0.24295754873056577, 0.19405760439248332, 0.20578710858515514]
Games played: 34
Exploitability: P1=1.933333333 P2=0.041895892 EV: (-0.12058107299652047, 0.12058107299652047) P1 Winnings: 7.0
Choosing model 2
[0.2848980413630767, 0.055954737917796045, 0.2409970836769573, 0.179210081935714, 0.238940055106456]
Games played: 35
Exploitability: P1=4.600000000 P2=0.041895892 EV: (0.04188499482637665, -0.04188499482637665) P1 Winnings: 7.0
Choosing model 4
[0.28833349164483335, 0.038077162370836415, 0.23531939843310487, 0.16221131663166669, 0.2760586309195586]
Games played: 36
Exploitability: P1=2.600000000 P2=0.041895892 EV: (-0.11456918139489712, 0.11456918139489712) P1 Winnings: 2.0
Choosing model 2
[0.2898030411878552, 0.033972828495432414, 0.2348816657708214, 0.1590971356218055, 0.2822453289240855]
Games played: 37
Exploitability: P1=4.600000000 P2=0.041895892 EV: (0.04188499482637665, -0.04188499482637665) P1 Winnings: 2.0
Choosing model 0
[0.2887181124867373, 0.022757517230681854, 0.22576703222473707, 0.14175765984504177, 0.32099967821280206]
Games played: 38
Exploitability: P1=1.900000000 P2=0.041895892 EV: (-0.08740541981340742, 0.08740541981340742) P1 Winnings: -3.0
Choosing model 2
[0.28871813297313687, 0.02275753909970623, 0.22576707353031478, 0.1417577158332338, 0.32099953856360824]
Games played: 39
Exploitability: P1=4.600000000 P2=0.041895892 EV: (0.04188499482637665, -0.04188499482637665) P1 Winnings: -4.0
Choosing model 4
[0.2772212945641432, 0.013110980590192986, 0.18748882083735194, 0.1328443057301746, 0.3893345982781372]
Games played: 40
Exploitability: P1=2.600000000 P2=0.041895892 EV: (-0.11456918139489712, 0.11456918139489712) P1 Winnings: -4.0
Choosing model 4
[0.26476365508295463, 0.0075078129444926, 0.1705369647338832, 0.1091958093878609, 0.4479957578508088]
Games played: 41
Exploitability: P1=2.600000000 P2=0.041895892 EV: (-0.11456918139489712, 0.11456918139489712) P1 Winnings: -3.0
Choosing model 4
[0.27627713349574357, 0.008088595716639498, 0.18842541438493154, 0.10302851006923541, 0.42418034633344986]
Games played: 42
Exploitability: P1=2.600000000 P2=0.041895892 EV: (-0.11456918139489712, 0.11456918139489712) P1 Winnings: -2.0
Choosing model 4
[0.2783520748171564, 0.007580958364793342, 0.18984474787081093, 0.10329759040371242, 0.42092462854352686]
Games played: 43
Exploitability: P1=2.600000000 P2=0.041895892 EV: (-0.11456918139489712, 0.11456918139489712) P1 Winnings: -5.0
Choosing model 0
[0.2755091987896116, 0.006038261419687656, 0.18653842632523576, 0.09409997221069129, 0.4378141412547737]
Games played: 44
Exploitability: P1=1.900000000 P2=0.041895892 EV: (-0.08740541981340742, 0.08740541981340742) P1 Winnings: -4.0
Choosing model 4
[0.2648540418910175, 0.003982858647867102, 0.17338636268931717, 0.08143070066021092, 0.47634603611158727]
Games played: 45
Exploitability: P1=2.600000000 P2=0.041895892 EV: (-0.11456918139489712, 0.11456918139489712) P1 Winnings: -11.0
Choosing model 4
[0.24405710790711505, 0.0019119178872306875, 0.15089880253048268, 0.06272426234522849, 0.540407909329943]
Games played: 46
Exploitability: P1=2.600000000 P2=0.041895892 EV: (-0.11456918139489712, 0.11456918139489712) P1 Winnings: -11.0
Choosing model 0
[0.2596819986113214, 0.0028117340623840955, 0.16636746930890975, 0.07420014669434846, 0.4969386513230363]
Games played: 47
Exploitability: P1=1.900000000 P2=0.041895892 EV: (-0.08740541981340742, 0.08740541981340742) P1 Winnings: -6.0
Choosing model 4
[0.2596820521772179, 0.0028117371448233485, 0.1663675222595526, 0.0742001860408826, 0.4969385023775235]
Games played: 48
Exploitability: P1=2.600000000 P2=0.041895892 EV: (-0.11456918139489712, 0.11456918139489712) P1 Winnings: -7.0
Choosing model 2
[0.263514261900247, 0.003054888485331612, 0.17024158635310557, 0.07714703175586979, 0.48604223150544595]
Games played: 49
Exploitability: P1=4.600000000 P2=0.041895892 EV: (0.04188499482637665, -0.04188499482637665) P1 Winnings: -8.0
Choosing model 3
[0.26811711379205083, 0.0033161709841944393, 0.1755863459116997, 0.07926565887701244, 0.47371471043504265]
Games played: 50
Exploitability: P1=1.933333333 P2=0.041895892 EV: (-0.12058107299652047, 0.12058107299652047) P1 Winnings: -3.0
Choosing model 4
[0.28206589580679353, 0.004706110056737144, 0.19133766648056363, 0.09228574912185922, 0.4296045785340465]
Games played: 51
Exploitability: P1=2.600000000 P2=0.041895892 EV: (-0.11456918139489712, 0.11456918139489712) P1 Winnings: 4.0
Choosing model 4
[0.2820617170424558, 0.004104428763797873, 0.1901193222444105, 0.09005711411068004, 0.4336574178386558]
Games played: 52
Exploitability: P1=2.600000000 P2=0.041895892 EV: (-0.11456918139489712, 0.11456918139489712) P1 Winnings: 4.0
Choosing model 3
[0.30679482746070547, 0.005196180014849376, 0.23912165901327534, 0.08086923825089515, 0.3680180952602747]
Games played: 53
Exploitability: P1=1.933333333 P2=0.041895892 EV: (-0.12058107299652047, 0.12058107299652047) P1 Winnings: 7.0
Choosing model 4
[0.306794870126506, 0.005196185736215106, 0.23912172120158234, 0.08086927780163032, 0.3680179451340663]
Games played: 54
Exploitability: P1=2.600000000 P2=0.041895892 EV: (-0.11456918139489712, 0.11456918139489712) P1 Winnings: 4.0
Choosing model 0
[0.30248939642190675, 0.004126530268963894, 0.23160005794772073, 0.07534184766866317, 0.38644216769274553]
Games played: 55
Exploitability: P1=1.900000000 P2=0.041895892 EV: (-0.08740541981340742, 0.08740541981340742) P1 Winnings: 4.0
Choosing model 0
[0.29669258573526935, 0.0031054610142587963, 0.22231500208117466, 0.06899089327549267, 0.4088960578938046]
Games played: 56
Exploitability: P1=1.900000000 P2=0.041895892 EV: (-0.08740541981340742, 0.08740541981340742) P1 Winnings: 5.0
Choosing model 2
[0.3093412365183353, 0.004617202555545698, 0.2408786914457369, 0.08069868590939526, 0.3644641835709868]
Games played: 57
Exploitability: P1=4.600000000 P2=0.041895892 EV: (0.04188499482637665, -0.04188499482637665) P1 Winnings: 5.0
Choosing model 3
[0.3255735880376157, 0.005738941758820516, 0.2808289538571886, 0.07632875062796128, 0.31152976571841373]
Games played: 58
Exploitability: P1=1.933333333 P2=0.041895892 EV: (-0.12058107299652047, 0.12058107299652047) P1 Winnings: 10.0
Choosing model 0
[0.33203246112408213, 0.0060427733900519295, 0.30325476773148335, 0.0703856955677245, 0.2882843021866582]
Games played: 59
Exploitability: P1=1.900000000 P2=0.041895892 EV: (-0.08740541981340742, 0.08740541981340742) P1 Winnings: 11.0
Choosing model 0
[0.33394082084196425, 0.006507043749910859, 0.30756118230142526, 0.07253129124539955, 0.2794596618613001]
Games played: 60
Exploitability: P1=1.900000000 P2=0.041895892 EV: (-0.08740541981340742, 0.08740541981340742) P1 Winnings: 10.0
Choosing model 2
[0.3309220910822783, 0.00494748498106837, 0.29827808060198185, 0.06710279686033824, 0.29874954647433327]
Games played: 61
Exploitability: P1=4.600000000 P2=0.041895892 EV: (0.04188499482637665, -0.04188499482637665) P1 Winnings: 11.0
Choosing model 0
[0.3271392844064336, 0.0037526316066334793, 0.2885770886338595, 0.06193077642494299, 0.31860021892813034]
Games played: 62
Exploitability: P1=1.900000000 P2=0.041895892 EV: (-0.08740541981340742, 0.08740541981340742) P1 Winnings: 12.0
Choosing model 2
[0.32263669974443326, 0.002839628377235717, 0.27853288872744286, 0.057022539587294384, 0.3389682435635939]
Games played: 63
Exploitability: P1=4.600000000 P2=0.041895892 EV: (0.04188499482637665, -0.04188499482637665) P1 Winnings: 13.0
Choosing model 2
[0.31779926576992923, 0.0021571851297420177, 0.269911708986135, 0.05168934309960916, 0.3584424970145846]
Games played: 64
Exploitability: P1=4.600000000 P2=0.041895892 EV: (0.04188499482637665, -0.04188499482637665) P1 Winnings: 16.0
Choosing model 4
[0.3068746558519728, 0.0019186268474327209, 0.2070833703970219, 0.066627277082194, 0.41749606982137866]
Games played: 65
Exploitability: P1=2.600000000 P2=0.041895892 EV: (-0.11456918139489712, 0.11456918139489712) P1 Winnings: 3.0
Choosing model 0
[0.3204635759408674, 0.0027027587997216673, 0.2239992505579286, 0.0770004461059019, 0.37583396859558044]
Games played: 66
Exploitability: P1=1.900000000 P2=0.041895892 EV: (-0.08740541981340742, 0.08740541981340742) P1 Winnings: 10.0
Choosing model 4
[0.29424086586369275, 0.0015958633100878418, 0.165161320148624, 0.07432694485695553, 0.4646750058206399]
Games played: 67
Exploitability: P1=2.600000000 P2=0.041895892 EV: (-0.11456918139489712, 0.11456918139489712) P1 Winnings: 13.0
Choosing model 0
[0.23551789072474008, 0.0017670084003251188, 0.07929991009480349, 0.13852402328932292, 0.5448911674908083]
Games played: 68
Exploitability: P1=1.900000000 P2=0.041895892 EV: (-0.08740541981340742, 0.08740541981340742) P1 Winnings: 26.0
Choosing model 4
[0.23922585174396058, 0.001921680898644294, 0.08122539269712896, 0.14416549901574283, 0.5334615756445233]
Games played: 69
Exploitability: P1=2.600000000 P2=0.041895892 EV: (-0.11456918139489712, 0.11456918139489712) P1 Winnings: 25.0
Choosing model 4
[0.23922590255908888, 0.001921683017137716, 0.08122541904787454, 0.14416557634836472, 0.5334614190275341]
Games played: 70
Exploitability: P1=2.600000000 P2=0.041895892 EV: (-0.11456918139489712, 0.11456918139489712) P1 Winnings: 24.0
Choosing model 4
[0.23200359226455894, 0.0014424834294330608, 0.0770880592120009, 0.13057083009828935, 0.5588950349957177]
Games played: 71
Exploitability: P1=2.600000000 P2=0.041895892 EV: (-0.11456918139489712, 0.11456918139489712) P1 Winnings: 27.0
Choosing model 4
[0.2257947775461029, 0.0011307544959636184, 0.07369938590731019, 0.12007593819863066, 0.5792991438519927]
Games played: 72
Exploitability: P1=2.600000000 P2=0.041895892 EV: (-0.11456918139489712, 0.11456918139489712) P1 Winnings: 27.0
Choosing model 4
[0.22579483734676534, 0.001130755883226751, 0.07369941434388355, 0.12007601202683595, 0.5792989803992884]
Games played: 73
Exploitability: P1=2.600000000 P2=0.041895892 EV: (-0.11456918139489712, 0.11456918139489712) P1 Winnings: 24.0
Choosing model 3
[0.24650180941423336, 0.0019567989914923956, 0.08460134471901141, 0.15228475773330832, 0.5146552891419545]
Games played: 74
Exploitability: P1=1.933333333 P2=0.041895892 EV: (-0.12058107299652047, 0.12058107299652047) P1 Winnings: 21.0
Choosing model 0
[0.26146073970763206, 0.0021429187351579854, 0.09501627856782928, 0.146052059354273, 0.4953280036351077]
Games played: 75
Exploitability: P1=1.900000000 P2=0.041895892 EV: (-0.08740541981340742, 0.08740541981340742) P1 Winnings: 22.0
Choosing model 3
[0.2896182882027276, 0.002803281687686499, 0.11658687559271702, 0.1453910001788033, 0.4456005543380655]
Games played: 76
Exploitability: P1=1.933333333 P2=0.041895892 EV: (-0.12058107299652047, 0.12058107299652047) P1 Winnings: 27.0
Choosing model 4
[0.30644437793658497, 0.004232872933256268, 0.13017214029231533, 0.16738034912007912, 0.3917702597177643]
Games played: 77
Exploitability: P1=2.600000000 P2=0.041895892 EV: (-0.11456918139489712, 0.11456918139489712) P1 Winnings: 34.0
Choosing model 4
[0.30644441644384973, 0.004232877232416685, 0.13017217122882993, 0.1673804243841508, 0.3917701107107528]
Games played: 78
Exploitability: P1=2.600000000 P2=0.041895892 EV: (-0.11456918139489712, 0.11456918139489712) P1 Winnings: 33.0
Choosing model 4
[0.2714751630104221, 0.0029097145183807913, 0.0906763899793125, 0.18362666721828674, 0.4513120652735978]
Games played: 79
Exploitability: P1=2.600000000 P2=0.041895892 EV: (-0.11456918139489712, 0.11456918139489712) P1 Winnings: 40.0
Choosing model 0
[0.27147520539415715, 0.0029097175623080535, 0.0906764142918332, 0.18362675538195028, 0.45131190736975135]
Games played: 80
Exploitability: P1=1.900000000 P2=0.041895892 EV: (-0.08740541981340742, 0.08740541981340742) P1 Winnings: 39.0
Choosing model 4
[0.27147524777786786, 0.0029097206062381684, 0.09067643860435007, 0.18362684354563522, 0.45131174946590874]
Games played: 81
Exploitability: P1=2.600000000 P2=0.041895892 EV: (-0.11456918139489712, 0.11456918139489712) P1 Winnings: 38.0
Choosing model 4
[0.26956124484143656, 0.0023250091359444695, 0.0893819346447258, 0.1678112403222673, 0.47092057105562585]
Games played: 82
Exploitability: P1=2.600000000 P2=0.041895892 EV: (-0.11456918139489712, 0.11456918139489712) P1 Winnings: 39.0
Choosing model 4
[0.258790483951027, 0.001531503815515344, 0.08296902500515345, 0.1450232608389551, 0.5116857263893492]
Games played: 83
Exploitability: P1=2.600000000 P2=0.041895892 EV: (-0.11456918139489712, 0.11456918139489712) P1 Winnings: 39.0
Choosing model 4
[0.262498377822885, 0.0016632397553839383, 0.08486511931736461, 0.15071900684124437, 0.5002542562631221]
Games played: 84
Exploitability: P1=2.600000000 P2=0.041895892 EV: (-0.11456918139489712, 0.11456918139489712) P1 Winnings: 38.0
Choosing model 0
[0.27798878067058247, 0.0018185641010996492, 0.09516215043036523, 0.14432233362667013, 0.48070817117128256]
Games played: 85
Exploitability: P1=1.900000000 P2=0.041895892 EV: (-0.08740541981340742, 0.08740541981340742) P1 Winnings: 39.0
Choosing model 4
[0.2934503827545411, 0.0019820250424407056, 0.10636678576864064, 0.13775451070314293, 0.46044629573123463]
Games played: 86
Exploitability: P1=2.600000000 P2=0.041895892 EV: (-0.11456918139489712, 0.11456918139489712) P1 Winnings: 40.0
Choosing model 3
[0.2876740469984224, 0.0015649967754146016, 0.10243057539781973, 0.12760346610920725, 0.480726914719136]
Games played: 87
Exploitability: P1=1.933333333 P2=0.041895892 EV: (-0.12058107299652047, 0.12058107299652047) P1 Winnings: 41.0
Choosing model 4
[0.2725679585843967, 0.001445457925513536, 0.08391277758005261, 0.145690352060904, 0.496383453849133]
Games played: 88
Exploitability: P1=2.600000000 P2=0.041895892 EV: (-0.11456918139489712, 0.11456918139489712) P1 Winnings: 50.0
Choosing model 0
[0.27256801126690233, 0.0014454594913550745, 0.08391280319714185, 0.14569042742401894, 0.49638329862058184]
Games played: 89
Exploitability: P1=1.900000000 P2=0.041895892 EV: (-0.08740541981340742, 0.08740541981340742) P1 Winnings: 49.0
Choosing model 4
[0.2725680639493889, 0.001445461057198154, 0.08391282881422989, 0.14569050278715717, 0.4963831433920258]
Games played: 90
Exploitability: P1=2.600000000 P2=0.041895892 EV: (-0.11456918139489712, 0.11456918139489712) P1 Winnings: 48.0
Choosing model 4
[0.28616657880418084, 0.0020975144386105086, 0.09128607549242432, 0.17005679936681034, 0.4503930318979741]
Games played: 91
Exploitability: P1=2.600000000 P2=0.041895892 EV: (-0.11456918139489712, 0.11456918139489712) P1 Winnings: 53.0
Choosing model 2
[0.24758186132073445, 0.001408124937387231, 0.062101505933417386, 0.18219926077796816, 0.5067092470304928]
Games played: 92
Exploitability: P1=4.600000000 P2=0.041895892 EV: (0.04188499482637665, -0.04188499482637665) P1 Winnings: 60.0
Choosing model 0
[0.26045918360394016, 0.002143253530837035, 0.06798238761357107, 0.215924096285439, 0.4534910789662126]
Games played: 93
Exploitability: P1=1.900000000 P2=0.041895892 EV: (-0.08740541981340742, 0.08740541981340742) P1 Winnings: 51.0
Choosing model 0
[0.2604592226691405, 0.002143255759794593, 0.06798240542401339, 0.2159241986305642, 0.4534909175164874]
Games played: 94
Exploitability: P1=1.900000000 P2=0.041895892 EV: (-0.08740541981340742, 0.08740541981340742) P1 Winnings: 50.0
Choosing model 4
[0.27379719246223455, 0.0035797477205681883, 0.07533898232413035, 0.2653227906824634, 0.3819612868106035]
Games played: 95
Exploitability: P1=2.600000000 P2=0.041895892 EV: (-0.11456918139489712, 0.11456918139489712) P1 Winnings: 45.0
Choosing model 0
[0.2737972186602693, 0.003579751249075306, 0.07533899797085607, 0.265322902034399, 0.3819611300854003]
Games played: 96
Exploitability: P1=1.900000000 P2=0.041895892 EV: (-0.08740541981340742, 0.08740541981340742) P1 Winnings: 44.0
Choosing model 3
[0.2778312665763676, 0.004450711043134639, 0.07826572996254379, 0.2885198618884138, 0.3509324305295404]
Games played: 97
Exploitability: P1=1.933333333 P2=0.041895892 EV: (-0.12058107299652047, 0.12058107299652047) P1 Winnings: 39.0
Choosing model 0
[0.2808823502796428, 0.006219097308782072, 0.08198741701631322, 0.3242932163732964, 0.30661791902196556]
Games played: 98
Exploitability: P1=1.900000000 P2=0.041895892 EV: (-0.08740541981340742, 0.08740541981340742) P1 Winnings: 44.0
Choosing model 4
[0.2810483757071393, 0.005012129556068463, 0.08058633547593491, 0.3066091657330067, 0.32674399352785066]
Games played: 99
Exploitability: P1=2.600000000 P2=0.041895892 EV: (-0.11456918139489712, 0.11456918139489712) P1 Winnings: 44.0
Choosing model 3
[0.29732079445314114, 0.005474438801652649, 0.09026928217564628, 0.2932879450127359, 0.313647539556824]
Games played: 100
Exploitability: P1=1.933333333 P2=0.041895892 EV: (-0.12058107299652047, 0.12058107299652047) P1 Winnings: 45.0
Choosing model 3
[0.24012336126290493, 0.00304322973258493, 0.05249197739751899, 0.32126320183776635, 0.3830782297692248]
Games played: 101
Exploitability: P1=1.933333333 P2=0.041895892 EV: (-0.12058107299652047, 0.12058107299652047) P1 Winnings: 52.0
Choosing model 0
[0.2401233823511909, 0.003043232927442603, 0.05249198835904891, 0.32126334249431876, 0.38307805386799887]
Games played: 102
Exploitability: P1=1.900000000 P2=0.041895892 EV: (-0.08740541981340742, 0.08740541981340742) P1 Winnings: 49.0
Choosing model 3
[0.24012340183978784, 0.0030432358829167137, 0.052491998498453804, 0.3212634726578387, 0.38307789112100293]
Games played: 103
Exploitability: P1=1.933333333 P2=0.041895892 EV: (-0.12058107299652047, 0.12058107299652047) P1 Winnings: 48.0
Choosing model 0
[0.23828623990200706, 0.0023374518104741808, 0.05097605565625811, 0.29773090074296826, 0.4106693518882924]
Games played: 104
Exploitability: P1=1.900000000 P2=0.041895892 EV: (-0.08740541981340742, 0.08740541981340742) P1 Winnings: 48.0
Choosing model 2
[0.2432795929500186, 0.0034527161596131094, 0.054155974417669485, 0.34242405869120596, 0.3566876577814929]
Games played: 105
Exploitability: P1=4.600000000 P2=0.041895892 EV: (0.04188499482637665, -0.04188499482637665) P1 Winnings: 47.0
Choosing model 3
[0.24420108909117286, 0.003710746100225678, 0.05481800193472989, 0.3521747611680159, 0.3450954017058556]
Games played: 106
Exploitability: P1=1.933333333 P2=0.041895892 EV: (-0.12058107299652047, 0.12058107299652047) P1 Winnings: 34.0
Choosing model 4
[0.26044051957177156, 0.004085971266452243, 0.061903974725642685, 0.3396128071410758, 0.33395672729505776]
Games played: 107
Exploitability: P1=2.600000000 P2=0.041895892 EV: (-0.11456918139489712, 0.11456918139489712) P1 Winnings: 35.0
Choosing model 3
[0.26120088804699537, 0.004387527556456054, 0.06260651790109949, 0.34898132896045303, 0.3228237375349961]
Games played: 108
Exploitability: P1=1.933333333 P2=0.041895892 EV: (-0.12058107299652047, 0.12058107299652047) P1 Winnings: 34.0
Choosing model 4
[0.2777269440482051, 0.004816552909815247, 0.07048509548814537, 0.3355138346558691, 0.3114575728979653]
Games played: 109
Exploitability: P1=2.600000000 P2=0.041895892 EV: (-0.11456918139489712, 0.11456918139489712) P1 Winnings: 35.0
Choosing model 4
[0.27784312266941613, 0.003881112916194415, 0.06926861468267653, 0.31716313988073497, 0.33184400985097795]
Games played: 110
Exploitability: P1=2.600000000 P2=0.041895892 EV: (-0.11456918139489712, 0.11456918139489712) P1 Winnings: 36.0
Choosing model 3
[0.3046038502669219, 0.0036610048936288196, 0.082245340332152, 0.28221145430465866, 0.3272783502026387]
Games played: 111
Exploitability: P1=1.933333333 P2=0.041895892 EV: (-0.12058107299652047, 0.12058107299652047) P1 Winnings: 39.0
Choosing model 0
[0.30352216590102754, 0.002938283121031224, 0.08050519381789276, 0.2657175875821615, 0.347316769577887]
Games played: 112
Exploitability: P1=1.900000000 P2=0.041895892 EV: (-0.08740541981340742, 0.08740541981340742) P1 Winnings: 39.0
Choosing model 3
[0.3035221895813101, 0.002938285965348542, 0.08050520911537155, 0.2657176944056745, 0.3473166209322953]
Games played: 113
Exploitability: P1=1.933333333 P2=0.041895892 EV: (-0.12058107299652047, 0.12058107299652047) P1 Winnings: 38.0
Choosing model 0
[0.30835099975126007, 0.004026689068541172, 0.08471544280652303, 0.29874380907538234, 0.30416305929829346]
Games played: 114
Exploitability: P1=1.900000000 P2=0.041895892 EV: (-0.08740541981340742, 0.08740541981340742) P1 Winnings: 45.0
Choosing model 4
[0.3251530436948672, 0.004383930600858564, 0.09458873659076894, 0.2848434591058606, 0.29103083000764474]
Games played: 115
Exploitability: P1=2.600000000 P2=0.041895892 EV: (-0.11456918139489712, 0.11456918139489712) P1 Winnings: 46.0
Choosing model 4
[0.3251530568560108, 0.004383934680012182, 0.09458875101337545, 0.28484356292487384, 0.29103069452572766]
Games played: 116
Exploitability: P1=2.600000000 P2=0.041895892 EV: (-0.11456918139489712, 0.11456918139489712) P1 Winnings: 45.0
Choosing model 3
[0.3256781879739189, 0.006352964122341015, 0.09858566078008411, 0.32139630977715467, 0.24798687734650143]
Games played: 117
Exploitability: P1=1.933333333 P2=0.041895892 EV: (-0.12058107299652047, 0.12058107299652047) P1 Winnings: 34.0
Choosing model 0
[0.32099673664698436, 0.009925664767557157, 0.10217221806596886, 0.36799922799473495, 0.19890615252475474]
Games played: 118
Exploitability: P1=1.900000000 P2=0.041895892 EV: (-0.08740541981340742, 0.08740541981340742) P1 Winnings: 31.0
Choosing model 4
[0.3369483311428208, 0.010757104993197679, 0.11356117845976234, 0.34928060793286636, 0.18945277747135283]
Games played: 119
Exploitability: P1=2.600000000 P2=0.041895892 EV: (-0.11456918139489712, 0.11456918139489712) P1 Winnings: 32.0
Choosing model 4
[0.3369483178008241, 0.010757114141095698, 0.1135611866820069, 0.3492807072696953, 0.18945267410637798]
Games played: 120
Exploitability: P1=2.600000000 P2=0.041895892 EV: (-0.11456918139489712, 0.11456918139489712) P1 Winnings: 31.0
Choosing model 4
[0.32592036173808797, 0.01653229511734079, 0.1158009427754517, 0.3949178724223694, 0.14682852794675014]
Games played: 121
Exploitability: P1=2.600000000 P2=0.041895892 EV: (-0.11456918139489712, 0.11456918139489712) P1 Winnings: 31.0
Choosing model 0
[0.33275192983275603, 0.01306425989946733, 0.11569905934037851, 0.3765424662620456, 0.16194228466535251]
Games played: 122
Exploitability: P1=1.900000000 P2=0.041895892 EV: (-0.08740541981340742, 0.08740541981340742) P1 Winnings: 34.0
Choosing model 3
[0.3327519083228143, 0.013064270682174002, 0.11569906481961334, 0.37654256392136876, 0.16194219225402962]
Games played: 123
Exploitability: P1=1.933333333 P2=0.041895892 EV: (-0.12058107299652047, 0.12058107299652047) P1 Winnings: 33.0
Choosing model 0
[0.3386155038653463, 0.010289968073639503, 0.11521917900838431, 0.3578478765105523, 0.17802747254207765]
Games played: 124
Exploitability: P1=1.900000000 P2=0.041895892 EV: (-0.08740541981340742, 0.08740541981340742) P1 Winnings: 36.0
Choosing model 0
[0.37455545964349535, 0.01664303278234183, 0.16205018170101843, 0.31798796299612203, 0.1287633628770224]
Games played: 125
Exploitability: P1=1.900000000 P2=0.041895892 EV: (-0.08740541981340742, 0.08740541981340742) P1 Winnings: 41.0
Choosing model 3
[0.3745554331115237, 0.016643046415745776, 0.16205018837170435, 0.3179880434994608, 0.12876328860156538]
Games played: 126
Exploitability: P1=1.933333333 P2=0.041895892 EV: (-0.12058107299652047, 0.12058107299652047) P1 Winnings: 40.0
Choosing model 3
[0.3803551948798192, 0.013612703412383815, 0.1616517331100947, 0.305122814564232, 0.13925755403347015]
Games played: 127
Exploitability: P1=1.933333333 P2=0.041895892 EV: (-0.12058107299652047, 0.12058107299652047) P1 Winnings: 40.0
Choosing model 0
[0.38035517081303244, 0.013612715646492137, 0.16165174244155678, 0.3051229020509191, 0.1392574690479995]
Games played: 128
Exploitability: P1=1.900000000 P2=0.041895892 EV: (-0.08740541981340742, 0.08740541981340742) P1 Winnings: 37.0
Choosing model 3
[0.3751462282051781, 0.016120929847299265, 0.16287541971775088, 0.3204201827722731, 0.12543723945749863]
Games played: 129
Exploitability: P1=1.933333333 P2=0.041895892 EV: (-0.12058107299652047, 0.12058107299652047) P1 Winnings: 37.0
Choosing model 4
[0.37296280241905677, 0.0171598496952397, 0.1632884250067903, 0.3263899959806039, 0.12019892689830937]
Games played: 130
Exploitability: P1=2.600000000 P2=0.041895892 EV: (-0.11456918139489712, 0.11456918139489712) P1 Winnings: 26.0
Choosing model 0
[0.3729627731450482, 0.017159863620651743, 0.16328843047855174, 0.326390076112679, 0.12019885664306934]
Games played: 131
Exploitability: P1=1.900000000 P2=0.041895892 EV: (-0.08740541981340742, 0.08740541981340742) P1 Winnings: 25.0
Choosing model 3
[0.3760937827885092, 0.015396489102961325, 0.16394435639279142, 0.3231698899700804, 0.12139548174565769]
Games played: 132
Exploitability: P1=1.933333333 P2=0.041895892 EV: (-0.12058107299652047, 0.12058107299652047) P1 Winnings: 20.0
Choosing model 4
[0.3465224644755027, 0.0164838341390744, 0.1258469375509548, 0.3882505315475753, 0.12289623228689282]
Games played: 133
Exploitability: P1=2.600000000 P2=0.041895892 EV: (-0.11456918139489712, 0.11456918139489712) P1 Winnings: 25.0
Choosing model 4
[0.33215917570575704, 0.022860440293962562, 0.1255252055214166, 0.41923792389528747, 0.10021725458357632]
Games played: 134
Exploitability: P1=2.600000000 P2=0.041895892 EV: (-0.11456918139489712, 0.11456918139489712) P1 Winnings: 24.0
Choosing model 0
[0.3464738928882954, 0.024619655083671695, 0.1386403286944153, 0.3954118655347362, 0.09485425779888136]
Games played: 135
Exploitability: P1=1.900000000 P2=0.041895892 EV: (-0.08740541981340742, 0.08740541981340742) P1 Winnings: 25.0
Choosing model 3
[0.36034239548835123, 0.0302390644964781, 0.15972267508419763, 0.36957695723062933, 0.08011890770034381]
Games played: 136
Exploitability: P1=1.933333333 P2=0.041895892 EV: (-0.12058107299652047, 0.12058107299652047) P1 Winnings: 30.0
Choosing model 3
[0.372425537036257, 0.03226751752557247, 0.17479340527435108, 0.34537734855633745, 0.07513619160748203]
Games played: 137
Exploitability: P1=1.933333333 P2=0.041895892 EV: (-0.12058107299652047, 0.12058107299652047) P1 Winnings: 31.0
Choosing model 3
[0.3830868370947055, 0.025690106515109615, 0.17595088843760612, 0.331779625978372, 0.0834925419742069]
Games played: 138
Exploitability: P1=1.933333333 P2=0.041895892 EV: (-0.12058107299652047, 0.12058107299652047) P1 Winnings: 31.0
Choosing model 0
[0.36766942164926353, 0.034078526506191115, 0.17497821374575978, 0.35402082693037473, 0.0692530111684107]
Games played: 139
Exploitability: P1=1.900000000 P2=0.041895892 EV: (-0.08740541981340742, 0.08740541981340742) P1 Winnings: 36.0
Choosing model 3
[0.3676693740035648, 0.03407855241995479, 0.17497821066820693, 0.3540208957563409, 0.06925296715193255]
Games played: 140
Exploitability: P1=1.933333333 P2=0.041895892 EV: (-0.12058107299652047, 0.12058107299652047) P1 Winnings: 35.0
Choosing model 3
[0.3840711193370914, 0.024425187373483193, 0.17673133298883867, 0.3328962180361878, 0.08187614226439906]
Games played: 141
Exploitability: P1=1.933333333 P2=0.041895892 EV: (-0.12058107299652047, 0.12058107299652047) P1 Winnings: 38.0
Choosing model 2
[0.4073781912176482, 0.013496262471982894, 0.1770458207067323, 0.29516001320422347, 0.10691971239941325]
Games played: 142
Exploitability: P1=4.600000000 P2=0.041895892 EV: (0.04188499482637665, -0.04188499482637665) P1 Winnings: 35.0
Choosing model 0
[0.406676645168902, 0.014374280493186153, 0.17916031149236825, 0.2975462080205602, 0.10224255482498337]
Games played: 143
Exploitability: P1=1.900000000 P2=0.041895892 EV: (-0.08740541981340742, 0.08740541981340742) P1 Winnings: 40.0
Choosing model 0
[0.4179461777141212, 0.015252124887897857, 0.19496080572006233, 0.27649699752881374, 0.09534389414910487]
Games played: 144
Exploitability: P1=1.900000000 P2=0.041895892 EV: (-0.08740541981340742, 0.08740541981340742) P1 Winnings: 41.0
Choosing model 2
[0.4388345608239419, 0.01377904480699138, 0.22170058512815552, 0.23562809725138642, 0.09005771198952474]
Games played: 145
Exploitability: P1=4.600000000 P2=0.041895892 EV: (0.04188499482637665, -0.04188499482637665) P1 Winnings: 44.0
Choosing model 0
[0.44721246258878056, 0.01866269678523418, 0.30567158260275157, 0.16850526134972524, 0.05994799667350838]
Games played: 146
Exploitability: P1=1.900000000 P2=0.041895892 EV: (-0.08740541981340742, 0.08740541981340742) P1 Winnings: 49.0
Choosing model 3
[0.4545949764038543, 0.015266212158009064, 0.3084564677507735, 0.15764560351082882, 0.06403674017653421]
Games played: 147
Exploitability: P1=1.933333333 P2=0.041895892 EV: (-0.12058107299652047, 0.12058107299652047) P1 Winnings: 50.0
Choosing model 2
[0.4574091703308365, 0.013868440133368343, 0.30788572989513097, 0.1545890082268773, 0.06624765141378683]
Games played: 148
Exploitability: P1=4.600000000 P2=0.041895892 EV: (0.04188499482637665, -0.04188499482637665) P1 Winnings: 53.0
Choosing model 2
[0.45849858717342523, 0.014352708434503095, 0.32678120619065565, 0.1401124153069244, 0.06025508289449168]
Games played: 149
Exploitability: P1=4.600000000 P2=0.041895892 EV: (0.04188499482637665, -0.04188499482637665) P1 Winnings: 54.0
Choosing model 2
[0.4529337200298312, 0.016744495090740986, 0.3575904191273082, 0.1243894692004292, 0.04834189655169033]
Games played: 150
Exploitability: P1=4.600000000 P2=0.041895892 EV: (0.04188499482637665, -0.04188499482637665) P1 Winnings: 59.0
Choosing model 0
[0.46424574104660415, 0.011540042620828207, 0.35362215212979636, 0.11402759692736508, 0.05656446727540611]
Games played: 151
Exploitability: P1=1.900000000 P2=0.041895892 EV: (-0.08740541981340742, 0.08740541981340742) P1 Winnings: 54.0
Choosing model 0
[0.46932638686061423, 0.00945222345465706, 0.35133090411135454, 0.10908120970605192, 0.06080927586732218]
Games played: 152
Exploitability: P1=1.900000000 P2=0.041895892 EV: (-0.08740541981340742, 0.08740541981340742) P1 Winnings: 53.0
Choosing model 0
[0.46703760173667597, 0.009711447512828326, 0.3701924910086039, 0.09815031441917553, 0.05490814532271642]
Games played: 153
Exploitability: P1=1.900000000 P2=0.041895892 EV: (-0.08740541981340742, 0.08740541981340742) P1 Winnings: 54.0
Choosing model 0
[0.4717626806555648, 0.007947950814662317, 0.3674931655023946, 0.0938158320315361, 0.05898037099584223]
Games played: 154
Exploitability: P1=1.900000000 P2=0.041895892 EV: (-0.08740541981340742, 0.08740541981340742) P1 Winnings: 55.0
Choosing model 2
[0.4840493014100585, 0.004360463038336514, 0.35587654413532693, 0.08047912738644254, 0.07523456402983561]
Games played: 155
Exploitability: P1=4.600000000 P2=0.041895892 EV: (0.04188499482637665, -0.04188499482637665) P1 Winnings: 54.0
Choosing model 2
[0.4929553768701889, 0.0039346089365408605, 0.3334275187759561, 0.08627120105652053, 0.08341129436079357]
Games played: 156
Exploitability: P1=4.600000000 P2=0.041895892 EV: (0.04188499482637665, -0.04188499482637665) P1 Winnings: 63.0
Choosing model 0
[0.4797225327075639, 0.0072394671298877875, 0.35477606252689586, 0.09949712025334337, 0.0587648173823091]
Games played: 157
Exploitability: P1=1.900000000 P2=0.041895892 EV: (-0.08740541981340742, 0.08740541981340742) P1 Winnings: 72.0
Choosing model 2
[0.48509963454689486, 0.005666175257329416, 0.35107813502367385, 0.0939613884524746, 0.06419466671962709]
Games played: 158
Exploitability: P1=4.600000000 P2=0.041895892 EV: (0.04188499482637665, -0.04188499482637665) P1 Winnings: 72.0
Choosing model 0
[0.4804371838644982, 0.008878888370601985, 0.33870148323234744, 0.11661123148202869, 0.05537121305052368]
Games played: 159
Exploitability: P1=1.900000000 P2=0.041895892 EV: (-0.08740541981340742, 0.08740541981340742) P1 Winnings: 85.0
Choosing model 2
[0.4690869072234419, 0.012542577412947347, 0.3441178705542512, 0.12825984905629736, 0.045992795753062296]
Games played: 160
Exploitability: P1=4.600000000 P2=0.041895892 EV: (0.04188499482637665, -0.04188499482637665) P1 Winnings: 76.0
Choosing model 0
[0.4662675010689375, 0.014268498262520177, 0.337437065254587, 0.1389808199150198, 0.043046115498935444]
Games played: 161
Exploitability: P1=1.900000000 P2=0.041895892 EV: (-0.08740541981340742, 0.08740541981340742) P1 Winnings: 76.0
Choosing model 0
[0.4771004218922216, 0.011494847209655806, 0.2600809255502077, 0.19170397793357571, 0.05961982741433911]
Games played: 162
Exploitability: P1=1.900000000 P2=0.041895892 EV: (-0.08740541981340742, 0.08740541981340742) P1 Winnings: 85.0
Choosing model 4
[0.4798719482313322, 0.010287171113521188, 0.2604560514758048, 0.18932587096105322, 0.06005895821828871]
Games played: 163
Exploitability: P1=2.600000000 P2=0.041895892 EV: (-0.11456918139489712, 0.11456918139489712) P1 Winnings: 80.0
Choosing model 0
[0.48763890921789665, 0.008412306945708874, 0.2627456419292026, 0.17706821717932258, 0.06413492472786936]
Games played: 164
Exploitability: P1=1.900000000 P2=0.041895892 EV: (-0.08740541981340742, 0.08740541981340742) P1 Winnings: 81.0
Choosing model 3
[0.5038150825366505, 0.00464728543751718, 0.25620784145396697, 0.1529517805932722, 0.08237800997859313]
Games played: 165
Exploitability: P1=1.933333333 P2=0.041895892 EV: (-0.12058107299652047, 0.12058107299652047) P1 Winnings: 80.0
Choosing model 4
[0.4954146114112564, 0.006316140264349986, 0.26104916159139374, 0.16721338840569536, 0.0700066983273045]
Games played: 166
Exploitability: P1=2.600000000 P2=0.041895892 EV: (-0.11456918139489712, 0.11456918139489712) P1 Winnings: 67.0
Choosing model 3
[0.5005422243580846, 0.005170388741520273, 0.259205407352029, 0.15986591779568385, 0.07521606175268218]
Games played: 167
Exploitability: P1=1.933333333 P2=0.041895892 EV: (-0.12058107299652047, 0.12058107299652047) P1 Winnings: 66.0
Choosing model 0
[0.4917512113405334, 0.007248877024349934, 0.2687147353933486, 0.17088418592698953, 0.06140099031477862]
Games played: 168
Exploitability: P1=1.900000000 P2=0.041895892 EV: (-0.08740541981340742, 0.08740541981340742) P1 Winnings: 73.0
Choosing model 0
[0.5053624642767583, 0.004466574515690392, 0.2630027848399741, 0.15114392632317575, 0.07602425004440157]
Games played: 169
Exploitability: P1=1.900000000 P2=0.041895892 EV: (-0.08740541981340742, 0.08740541981340742) P1 Winnings: 74.0
Choosing model 2
[0.5107369280835107, 0.00349390775956916, 0.2601137253999553, 0.14265370748916328, 0.08300173126780172]
Games played: 170
Exploitability: P1=4.600000000 P2=0.041895892 EV: (0.04188499482637665, -0.04188499482637665) P1 Winnings: 74.0
Choosing model 0
[0.5160432500867472, 0.002722620213317215, 0.2585581488330376, 0.1326438869003424, 0.0900320939665554]
Games played: 171
Exploitability: P1=1.900000000 P2=0.041895892 EV: (-0.08740541981340742, 0.08740541981340742) P1 Winnings: 77.0
Choosing model 0
[0.5160432352236273, 0.0027226225580369067, 0.25855817034459505, 0.1326439260566274, 0.09003204581711327]
Games played: 172
Exploitability: P1=1.900000000 P2=0.041895892 EV: (-0.08740541981340742, 0.08740541981340742) P1 Winnings: 76.0
Choosing model 0
[0.5160432203604863, 0.0027226249027585045, 0.25855819185614354, 0.1326439652129184, 0.09003199766769315]
Games played: 173
Exploitability: P1=1.900000000 P2=0.041895892 EV: (-0.08740541981340742, 0.08740541981340742) P1 Winnings: 75.0
Choosing model 0
[0.5083927853020103, 0.0038807226872753175, 0.2650605128365538, 0.14720902662794752, 0.07545695254621296]
Games played: 174
Exploitability: P1=1.900000000 P2=0.041895892 EV: (-0.08740541981340742, 0.08740541981340742) P1 Winnings: 74.0
Choosing model 0
[0.5083927636164085, 0.0038807259755923016, 0.26506053121717776, 0.14720906804453443, 0.07545691114628708]
Games played: 175
Exploitability: P1=1.900000000 P2=0.041895892 EV: (-0.08740541981340742, 0.08740541981340742) P1 Winnings: 73.0
Choosing model 0
[0.5104999001984218, 0.0034672605403704227, 0.26500358734605206, 0.14514234669090648, 0.07588690522424901]
Games played: 176
Exploitability: P1=1.900000000 P2=0.041895892 EV: (-0.08740541981340742, 0.08740541981340742) P1 Winnings: 68.0
Choosing model 0
[0.5158155106302851, 0.00281923560634848, 0.2658144400464277, 0.1349741308609613, 0.08057668285597763]
Games played: 177
Exploitability: P1=1.900000000 P2=0.041895892 EV: (-0.08740541981340742, 0.08740541981340742) P1 Winnings: 69.0
Choosing model 3
[0.5143546869052383, 0.003009942012974967, 0.267289434672886, 0.13790210021163635, 0.07744383619726423]
Games played: 178
Exploitability: P1=1.933333333 P2=0.041895892 EV: (-0.12058107299652047, 0.12058107299652047) P1 Winnings: 68.0
Choosing model 2
[0.5148877187116259, 0.002937148127268102, 0.23134280119493003, 0.166346977733206, 0.08448535423297007]
Games played: 179
Exploitability: P1=4.600000000 P2=0.041895892 EV: (0.04188499482637665, -0.04188499482637665) P1 Winnings: 77.0
Choosing model 0
[0.5201153807886626, 0.0030632759790905698, 0.24744434346714858, 0.15193819155289406, 0.07743880821220402]
Games played: 180
Exploitability: P1=1.900000000 P2=0.041895892 EV: (-0.08740541981340742, 0.08740541981340742) P1 Winnings: 78.0
Choosing model 2
[0.528141382987467, 0.002000325685462888, 0.20177413619195833, 0.16219825575949762, 0.10588589937561411]
Games played: 181
Exploitability: P1=4.600000000 P2=0.041895892 EV: (0.04188499482637665, -0.04188499482637665) P1 Winnings: 81.0
Choosing model 4
[0.5312540052305166, 0.0016302426611652515, 0.1994653035130823, 0.15438714224455502, 0.11326330635068091]
Games played: 182
Exploitability: P1=2.600000000 P2=0.041895892 EV: (-0.11456918139489712, 0.11456918139489712) P1 Winnings: 80.0
Choosing model 4
[0.5385180715002253, 0.0017061744351765918, 0.21409168650232258, 0.14150574335761854, 0.10417832420465695]
Games played: 183
Exploitability: P1=2.600000000 P2=0.041895892 EV: (-0.11456918139489712, 0.11456918139489712) P1 Winnings: 81.0
Choosing model 3
[0.5276823136456001, 0.0018580361962328353, 0.17682433166330025, 0.1840534080262681, 0.10958191046859866]
Games played: 184
Exploitability: P1=1.933333333 P2=0.041895892 EV: (-0.12058107299652047, 0.12058107299652047) P1 Winnings: 90.0
Choosing model 4
[0.5369801557513683, 0.0019521490804063717, 0.19052944406083405, 0.1693536011919849, 0.1011846499154064]
Games played: 185
Exploitability: P1=2.600000000 P2=0.041895892 EV: (-0.11456918139489712, 0.11456918139489712) P1 Winnings: 91.0
Choosing model 0
[0.5404922947853968, 0.0015826415304548212, 0.18838700627053756, 0.16107062604784916, 0.10846743136576156]
Games played: 186
Exploitability: P1=1.900000000 P2=0.041895892 EV: (-0.08740541981340742, 0.08740541981340742) P1 Winnings: 92.0
Choosing model 0
[0.5439333852606754, 0.0012327679633572317, 0.18553070582705408, 0.1513807456592525, 0.11792239528966073]
Games played: 187
Exploitability: P1=1.900000000 P2=0.041895892 EV: (-0.08740541981340742, 0.08740541981340742) P1 Winnings: 92.0
Choosing model 0
[0.5481263289398963, 0.0009996833219890603, 0.18560036498229693, 0.14039875333895313, 0.12487486941686456]
Games played: 188
Exploitability: P1=1.900000000 P2=0.041895892 EV: (-0.08740541981340742, 0.08740541981340742) P1 Winnings: 93.0
Choosing model 0
[0.5498661257810442, 0.0008008450539053629, 0.1827384909180273, 0.13272795763044373, 0.13386658061657933]
Games played: 189
Exploitability: P1=1.900000000 P2=0.041895892 EV: (-0.08740541981340742, 0.08740541981340742) P1 Winnings: 93.0
Choosing model 2
[0.5509186074597081, 0.000550543264389428, 0.17702582838750658, 0.11970741758004372, 0.15179760330835224]
Games played: 190
Exploitability: P1=4.600000000 P2=0.041895892 EV: (0.04188499482637665, -0.04188499482637665) P1 Winnings: 86.0
Choosing model 4
[0.5508982731625554, 0.0004460411143708327, 0.17396846507060712, 0.11327073962834844, 0.1614164810241182]
Games played: 191
Exploitability: P1=2.600000000 P2=0.041895892 EV: (-0.11456918139489712, 0.11456918139489712) P1 Winnings: 87.0
Choosing model 0
[0.539353032937738, 0.0005074320602910983, 0.14190025830852473, 0.1445990297420053, 0.17364024695144084]
Games played: 192
Exploitability: P1=1.900000000 P2=0.041895892 EV: (-0.08740541981340742, 0.08740541981340742) P1 Winnings: 92.0
Choosing model 0
[0.5409878173827816, 0.0004528657342306653, 0.14171242629074002, 0.14241082911060712, 0.17443606148164065]
Games played: 193
Exploitability: P1=1.900000000 P2=0.041895892 EV: (-0.08740541981340742, 0.08740541981340742) P1 Winnings: 87.0
Choosing model 0
[0.538866212517948, 0.0003095034537887814, 0.13648244335276777, 0.12769157758256472, 0.19665026309293082]
Games played: 194
Exploitability: P1=1.900000000 P2=0.041895892 EV: (-0.08740541981340742, 0.08740541981340742) P1 Winnings: 90.0
Choosing model 0
[0.5338225851742935, 0.00020615960455162334, 0.13044669907144069, 0.11313352688914871, 0.2223910292605655]
Games played: 195
Exploitability: P1=1.900000000 P2=0.041895892 EV: (-0.08740541981340742, 0.08740541981340742) P1 Winnings: 90.0
Choosing model 0
[0.5390957674953062, 0.00025509210270826225, 0.13486578531895108, 0.12243601738178875, 0.20334733770124575]
Games played: 196
Exploitability: P1=1.900000000 P2=0.041895892 EV: (-0.08740541981340742, 0.08740541981340742) P1 Winnings: 85.0
Choosing model 0
[0.5390957933139947, 0.00025509234195772337, 0.13486580688302105, 0.12243606291491758, 0.20334724454610895]
Games played: 197
Exploitability: P1=1.900000000 P2=0.041895892 EV: (-0.08740541981340742, 0.08740541981340742) P1 Winnings: 84.0
Choosing model 0
[0.5337425619687884, 0.00017329091500841516, 0.1291052414375726, 0.10911976551915316, 0.2278591401594773]
Games played: 198
Exploitability: P1=1.900000000 P2=0.041895892 EV: (-0.08740541981340742, 0.08740541981340742) P1 Winnings: 77.0
Choosing model 4
[0.5361316412471234, 0.0001863690730608142, 0.13077309105750512, 0.11230395962807292, 0.22060493899423775]
Games played: 199
Exploitability: P1=2.600000000 P2=0.041895892 EV: (-0.11456918139489712, 0.11456918139489712) P1 Winnings: 68.0
Choosing model 0
[0.5629239033228843, 0.00022776116442493985, 0.1587762024643587, 0.09734973170276774, 0.18072240134556425]
Games played: 200
Exploitability: P1=1.900000000 P2=0.041895892 EV: (-0.08740541981340742, 0.08740541981340742) P1 Winnings: 71.0
