Player 1 exploitability: 0.0599696269251
Choosing model 4
[0.2194077141331332, 0.16731183630912594, 0.2347252446559946, 0.17169559259580008, 0.2068596123059462]
Games played: 1
Exploitability: P1=2.600000000 P2=-0.025682387 EV: (-0.032676581040805085, 0.032676581040805085) P1 Winnings: 3.0
Choosing model 4
[0.22796408173118582, 0.13989022104394103, 0.24210424986464454, 0.16418419273408189, 0.22585725462614675]
Games played: 2
Exploitability: P1=2.600000000 P2=-0.025682387 EV: (-0.032676581040805085, 0.032676581040805085) P1 Winnings: 4.0
Choosing model 0
[0.23047992980462725, 0.09095323063235791, 0.19656517007208044, 0.17451258663102612, 0.30748908285990834]
Games played: 3
Exploitability: P1=1.900000000 P2=-0.025682387 EV: (-0.08455647434375278, 0.08455647434375278) P1 Winnings: 7.0
Choosing model 0
[0.2304799289020023, 0.09095331122469788, 0.1965651913176188, 0.1745126424897774, 0.30748892606590356]
Games played: 4
Exploitability: P1=1.900000000 P2=-0.025682387 EV: (-0.08455647434375278, 0.08455647434375278) P1 Winnings: 6.0
Choosing model 1
[0.23345111581751254, 0.0706847726462448, 0.19485117301559002, 0.1650246045766878, 0.3359883339439647]
Games played: 5
Exploitability: P1=2.800000000 P2=-0.025682387 EV: (-0.3513011539095294, 0.3513011539095294) P1 Winnings: 7.0
Choosing model 0
[0.23521254806385025, 0.0632192997951697, 0.19496250600439713, 0.16225070677061648, 0.34435493936596656]
Games played: 6
Exploitability: P1=1.900000000 P2=-0.025682387 EV: (-0.08455647434375278, 0.08455647434375278) P1 Winnings: 10.0
Choosing model 4
[0.23212027928629492, 0.03740663030779408, 0.1832377784800828, 0.1378067459763148, 0.40942856594951343]
Games played: 7
Exploitability: P1=2.600000000 P2=-0.025682387 EV: (-0.032676581040805085, 0.032676581040805085) P1 Winnings: 11.0
Choosing model 4
[0.23381024500145528, 0.04034200630133422, 0.18612314776137265, 0.14222402557105163, 0.3975005753647863]
Games played: 8
Exploitability: P1=2.600000000 P2=-0.025682387 EV: (-0.032676581040805085, 0.032676581040805085) P1 Winnings: 10.0
Choosing model 1
[0.23755592596451994, 0.05930227024201279, 0.19677782245375072, 0.16278296011089288, 0.34358102122882367]
Games played: 9
Exploitability: P1=2.800000000 P2=-0.025682387 EV: (-0.3513011539095294, 0.3513011539095294) P1 Winnings: 9.0
Choosing model 4
[0.23797077405512096, 0.04557992250070044, 0.1929156557177804, 0.15223890781045343, 0.3712947399159448]
Games played: 10
Exploitability: P1=2.600000000 P2=-0.025682387 EV: (-0.032676581040805085, 0.032676581040805085) P1 Winnings: 10.0
Choosing model 4
[0.2170510540095009, 0.03225879768474618, 0.13835773135142118, 0.17195572236135395, 0.44037669459297774]
Games played: 11
Exploitability: P1=2.600000000 P2=-0.025682387 EV: (-0.032676581040805085, 0.032676581040805085) P1 Winnings: 17.0
Choosing model 0
[0.21480952230080658, 0.0257145017583291, 0.13450940026475106, 0.16080476109921685, 0.4641618145768965]
Games played: 12
Exploitability: P1=1.900000000 P2=-0.025682387 EV: (-0.08455647434375278, 0.08455647434375278) P1 Winnings: 18.0
Choosing model 4
[0.22603064601563402, 0.027936051510159387, 0.1498652042378293, 0.15299511850962105, 0.44317297972675623]
Games played: 13
Exploitability: P1=2.600000000 P2=-0.025682387 EV: (-0.032676581040805085, 0.032676581040805085) P1 Winnings: 19.0
Choosing model 4
[0.21411842171027745, 0.013786093425216054, 0.13408293842179983, 0.1211509480460078, 0.5168615983966988]
Games played: 14
Exploitability: P1=2.600000000 P2=-0.025682387 EV: (-0.032676581040805085, 0.032676581040805085) P1 Winnings: 19.0
Choosing model 3
[0.21219498221922795, 0.012334978053352952, 0.13181657999598267, 0.11701038431715666, 0.5266430754142797]
Games played: 15
Exploitability: P1=1.933333333 P2=-0.025682387 EV: (-0.18780646431703557, 0.18780646431703557) P1 Winnings: 16.0
Choosing model 3
[0.21017638662215926, 0.011030705248189505, 0.1295192423521133, 0.11295090879093858, 0.5363227569865994]
Games played: 16
Exploitability: P1=1.933333333 P2=-0.025682387 EV: (-0.18780646431703557, 0.18780646431703557) P1 Winnings: 19.0
Choosing model 4
[0.19985370764561083, 0.007196876483348098, 0.11907996812470617, 0.09668212628951377, 0.5771873214568212]
Games played: 17
Exploitability: P1=2.600000000 P2=-0.025682387 EV: (-0.032676581040805085, 0.032676581040805085) P1 Winnings: 8.0
Choosing model 2
[0.20330549569694586, 0.007838616383343527, 0.12215480001095481, 0.10077090027970177, 0.565930187629054]
Games played: 18
Exploitability: P1=4.600000000 P2=-0.025682387 EV: (-0.28017359452442275, 0.28017359452442275) P1 Winnings: 7.0
Choosing model 4
[0.1945869264918871, 0.006647447329902613, 0.10756206780852892, 0.1015229557993091, 0.5896806025703722]
Games played: 19
Exploitability: P1=2.600000000 P2=-0.025682387 EV: (-0.032676581040805085, 0.032676581040805085) P1 Winnings: -2.0
Choosing model 0
[0.15138982053788244, 0.0029665724215638674, 0.06162971133258543, 0.0961600585431109, 0.6878538371648574]
Games played: 20
Exploitability: P1=1.900000000 P2=-0.025682387 EV: (-0.08455647434375278, 0.08455647434375278) P1 Winnings: 5.0
Choosing model 0
[0.15475950139370231, 0.003246938143958786, 0.0635309998777289, 0.10071807109935037, 0.6777444894852597]
Games played: 21
Exploitability: P1=1.900000000 P2=-0.025682387 EV: (-0.08455647434375278, 0.08455647434375278) P1 Winnings: 10.0
Choosing model 4
[0.14896949852228628, 0.00249588055607471, 0.060020641148786046, 0.09136298735864773, 0.6971509924142053]
Games played: 22
Exploitability: P1=2.600000000 P2=-0.025682387 EV: (-0.032676581040805085, 0.032676581040805085) P1 Winnings: 10.0
Choosing model 0
[0.17274979473443325, 0.005197334959819686, 0.07424743244302441, 0.12842408983430842, 0.6193813480284144]
Games played: 23
Exploitability: P1=1.900000000 P2=-0.025682387 EV: (-0.08455647434375278, 0.08455647434375278) P1 Winnings: 7.0
Choosing model 4
[0.1727498394518935, 0.0051973409308238875, 0.07424745997820911, 0.1284241646872583, 0.6193811949518152]
Games played: 24
Exploitability: P1=2.600000000 P2=-0.025682387 EV: (-0.032676581040805085, 0.032676581040805085) P1 Winnings: 6.0
Choosing model 4
[0.1759595378451828, 0.005668064964587962, 0.07626261265521281, 0.13402750911386851, 0.608082275421148]
Games played: 25
Exploitability: P1=2.600000000 P2=-0.025682387 EV: (-0.032676581040805085, 0.032676581040805085) P1 Winnings: 5.0
Choosing model 4
[0.17088472219233614, 0.004433671888777876, 0.0727544693537251, 0.12299147517486232, 0.6289356613902986]
Games played: 26
Exploitability: P1=2.600000000 P2=-0.025682387 EV: (-0.032676581040805085, 0.032676581040805085) P1 Winnings: 6.0
Choosing model 0
[0.1422033649531328, 0.0028629021536993454, 0.047606252627915915, 0.12674602399088358, 0.6805814562743684]
Games played: 27
Exploitability: P1=1.900000000 P2=-0.025682387 EV: (-0.08455647434375278, 0.08455647434375278) P1 Winnings: 13.0
Choosing model 0
[0.1886591235257816, 0.005553715045104898, 0.08030588806581543, 0.1350844089526398, 0.5903968644106583]
Games played: 28
Exploitability: P1=1.900000000 P2=-0.025682387 EV: (-0.08455647434375278, 0.08455647434375278) P1 Winnings: 18.0
Choosing model 0
[0.1919126950997465, 0.006048781990158321, 0.082377421314559, 0.14079368005284487, 0.5788674215426913]
Games played: 29
Exploitability: P1=1.900000000 P2=-0.025682387 EV: (-0.08455647434375278, 0.08455647434375278) P1 Winnings: 9.0
Choosing model 4
[0.14815290434834608, 0.0026784986485403495, 0.046834149011433276, 0.13232352926379293, 0.6700109187278874]
Games played: 30
Exploitability: P1=2.600000000 P2=-0.025682387 EV: (-0.032676581040805085, 0.032676581040805085) P1 Winnings: 9.0
Choosing model 4
[0.1481529470940265, 0.002678501805221015, 0.04683416776964984, 0.13232361031524004, 0.6700107730158628]
Games played: 31
Exploitability: P1=2.600000000 P2=-0.025682387 EV: (-0.032676581040805085, 0.032676581040805085) P1 Winnings: 8.0
Choosing model 0
[0.15123572557804252, 0.0029274837665172956, 0.048210521019913403, 0.1383991674036326, 0.6592271022318942]
Games played: 32
Exploitability: P1=1.900000000 P2=-0.025682387 EV: (-0.08455647434375278, 0.08455647434375278) P1 Winnings: 7.0
Choosing model 4
[0.1634718538735868, 0.004452294387291654, 0.05411097698748604, 0.16737424246050625, 0.6105906322911292]
Games played: 33
Exploitability: P1=2.600000000 P2=-0.025682387 EV: (-0.032676581040805085, 0.032676581040805085) P1 Winnings: 12.0
Choosing model 4
[0.14974755030379255, 0.00453272211293517, 0.04178035056682768, 0.20351803612206776, 0.6004213408943768]
Games played: 34
Exploitability: P1=2.600000000 P2=-0.025682387 EV: (-0.032676581040805085, 0.032676581040805085) P1 Winnings: 21.0
Choosing model 0
[0.16145304322678017, 0.00504566851678294, 0.04769720879337674, 0.19840576461710052, 0.5873983148459595]
Games played: 35
Exploitability: P1=1.900000000 P2=-0.025682387 EV: (-0.08455647434375278, 0.08455647434375278) P1 Winnings: 22.0
Choosing model 4
[0.14702123664730707, 0.0023935474351160463, 0.041021619599032326, 0.15102563057171667, 0.6585379657468279]
Games played: 36
Exploitability: P1=2.600000000 P2=-0.025682387 EV: (-0.032676581040805085, 0.032676581040805085) P1 Winnings: 19.0
Choosing model 4
[0.12032991297594486, 0.0024078304313429814, 0.025596049606552953, 0.19958145687251874, 0.6520847501136403]
Games played: 37
Exploitability: P1=2.600000000 P2=-0.025682387 EV: (-0.032676581040805085, 0.032676581040805085) P1 Winnings: 24.0
Choosing model 3
[0.11591679918703089, 0.0017953182472114843, 0.024129836514752274, 0.17955235225783914, 0.678605693793166]
Games played: 38
Exploitability: P1=1.933333333 P2=-0.025682387 EV: (-0.18780646431703557, 0.18780646431703557) P1 Winnings: 17.0
Choosing model 4
[0.11620779349413315, 0.0016014283694820144, 0.02408538771677149, 0.17674341809417862, 0.6813619723254347]
Games played: 39
Exploitability: P1=2.600000000 P2=-0.025682387 EV: (-0.032676581040805085, 0.032676581040805085) P1 Winnings: 17.0
Choosing model 4
[0.11857564508095705, 0.001749549407703822, 0.024782710354537982, 0.1847802401300632, 0.670111855026738]
Games played: 40
Exploitability: P1=2.600000000 P2=-0.025682387 EV: (-0.032676581040805085, 0.032676581040805085) P1 Winnings: 16.0
Choosing model 4
[0.1209151639304379, 0.001910160840001731, 0.025484081923485648, 0.19306023775369083, 0.6586303555523838]
Games played: 41
Exploitability: P1=2.600000000 P2=-0.025682387 EV: (-0.032676581040805085, 0.032676581040805085) P1 Winnings: 15.0
Choosing model 3
[0.10932500873973, 0.0010355120993623332, 0.021944167769445213, 0.1502321339140021, 0.7174631774774602]
Games played: 42
Exploitability: P1=1.933333333 P2=-0.025682387 EV: (-0.18780646431703557, 0.18780646431703557) P1 Winnings: 16.0
Choosing model 4
[0.12129143579867081, 0.000988494114875979, 0.0263674902366655, 0.13527876918543225, 0.7160738106643554]
Games played: 43
Exploitability: P1=2.600000000 P2=-0.025682387 EV: (-0.032676581040805085, 0.032676581040805085) P1 Winnings: 19.0
Choosing model 4
[0.13194844439787964, 0.001486288014991823, 0.029721804541599395, 0.16361481683400478, 0.6732286462115243]
Games played: 44
Exploitability: P1=2.600000000 P2=-0.025682387 EV: (-0.032676581040805085, 0.032676581040805085) P1 Winnings: 14.0
Choosing model 0
[0.13224122734851942, 0.001325387196306937, 0.029658430062115076, 0.161008388536839, 0.6757665668562196]
Games played: 45
Exploitability: P1=1.900000000 P2=-0.025682387 EV: (-0.08455647434375278, 0.08455647434375278) P1 Winnings: 14.0
Choosing model 4
[0.14315296813266803, 0.0014813216442963737, 0.033995076339510766, 0.1575966071146011, 0.6637740267689237]
Games played: 46
Exploitability: P1=2.600000000 P2=-0.025682387 EV: (-0.032676581040805085, 0.032676581040805085) P1 Winnings: 15.0
Choosing model 3
[0.14113886460203476, 0.0013185958916679722, 0.03324893411064263, 0.1514292035060178, 0.6728644018896368]
Games played: 47
Exploitability: P1=1.933333333 P2=-0.025682387 EV: (-0.18780646431703557, 0.18780646431703557) P1 Winnings: 12.0
Choosing model 4
[0.13531939703394197, 0.000978515537379833, 0.031196064209078812, 0.13558796966814157, 0.6969180535514578]
Games played: 48
Exploitability: P1=2.600000000 P2=-0.025682387 EV: (-0.032676581040805085, 0.032676581040805085) P1 Winnings: 15.0
Choosing model 3
[0.12060910929985463, 0.0005229188180272085, 0.026480807999520347, 0.10400936895011335, 0.7483777949324845]
Games played: 49
Exploitability: P1=1.933333333 P2=-0.025682387 EV: (-0.18780646431703557, 0.18780646431703557) P1 Winnings: 16.0
Choosing model 4
[0.14202050261193347, 0.0011057117668045867, 0.03326310547238646, 0.1484565682882041, 0.6751541118606715]
Games played: 50
Exploitability: P1=2.600000000 P2=-0.025682387 EV: (-0.032676581040805085, 0.032676581040805085) P1 Winnings: 13.0
Choosing model 4
[0.142020543630177, 0.0011057130702410876, 0.033263118804885354, 0.1484566592653461, 0.6751539652293505]
Games played: 51
Exploitability: P1=2.600000000 P2=-0.025682387 EV: (-0.032676581040805085, 0.032676581040805085) P1 Winnings: 12.0
Choosing model 4
[0.14202058464841727, 0.0011057143736790075, 0.03326313213738606, 0.14845675024252805, 0.6751538185979896]
Games played: 52
Exploitability: P1=2.600000000 P2=-0.025682387 EV: (-0.032676581040805085, 0.032676581040805085) P1 Winnings: 11.0
Choosing model 4
[0.1399402984679283, 0.0009836725274308946, 0.032513976311100916, 0.1425633728351573, 0.6839986798583826]
Games played: 53
Exploitability: P1=2.600000000 P2=-0.025682387 EV: (-0.032676581040805085, 0.032676581040805085) P1 Winnings: 8.0
Choosing model 4
[0.15129708273105613, 0.0010980229375990864, 0.03722135849882556, 0.1393672061900781, 0.6710163296424411]
Games played: 54
Exploitability: P1=2.600000000 P2=-0.025682387 EV: (-0.032676581040805085, 0.032676581040805085) P1 Winnings: 9.0
Choosing model 4
[0.18136408644146215, 0.001532003399392682, 0.05159430043750713, 0.1379249296691276, 0.6275846800525104]
Games played: 55
Exploitability: P1=2.600000000 P2=-0.025682387 EV: (-0.032676581040805085, 0.032676581040805085) P1 Winnings: 12.0
Choosing model 4
[0.18136413463511133, 0.0015320051699761524, 0.05159431992617016, 0.13792501100752408, 0.6275845292612183]
Games played: 56
Exploitability: P1=2.600000000 P2=-0.025682387 EV: (-0.032676581040805085, 0.032676581040805085) P1 Winnings: 11.0
Choosing model 4
[0.18136418674082613, 0.0015320070839118106, 0.051594340992087394, 0.13792509890708668, 0.6275843662760879]
Games played: 57
Exploitability: P1=2.600000000 P2=-0.025682387 EV: (-0.032676581040805085, 0.032676581040805085) P1 Winnings: 8.0
Choosing model 4
[0.18136423884653338, 0.0015320089978496695, 0.05159436205800682, 0.13792518680668817, 0.627584203290922]
Games played: 58
Exploitability: P1=2.600000000 P2=-0.025682387 EV: (-0.032676581040805085, 0.032676581040805085) P1 Winnings: 5.0
Choosing model 3
[0.181364287040162, 0.0015320107684390948, 0.05159438154667577, 0.1379252681451899, 0.6275840524995333]
Games played: 59
Exploitability: P1=1.933333333 P2=-0.025682387 EV: (-0.18780646431703557, 0.18780646431703557) P1 Winnings: 4.0
Choosing model 2
[0.16554911988682033, 0.0016249433240939585, 0.039236336854452075, 0.16415906451080378, 0.6294305354238299]
Games played: 60
Exploitability: P1=4.600000000 P2=-0.025682387 EV: (-0.28017359452442275, 0.28017359452442275) P1 Winnings: 9.0
Choosing model 4
[0.16554928247653783, 0.0016249504025828295, 0.039236392025691784, 0.16415942748799844, 0.6294299476071891]
Games played: 61
Exploitability: P1=2.600000000 P2=-0.025682387 EV: (-0.032676581040805085, 0.032676581040805085) P1 Winnings: 0.0
Choosing model 0
[0.16059243955058902, 0.001269627174952259, 0.03738905009773815, 0.15047150391603253, 0.6502773792606881]
Games played: 62
Exploitability: P1=1.900000000 P2=-0.025682387 EV: (-0.08455647434375278, 0.08455647434375278) P1 Winnings: 0.0
Choosing model 3
[0.16896393466236603, 0.00163670191855546, 0.04027291489177577, 0.16965711226238817, 0.6194693362649146]
Games played: 63
Exploitability: P1=1.933333333 P2=-0.025682387 EV: (-0.18780646431703557, 0.18780646431703557) P1 Winnings: -5.0
Choosing model 4
[0.17574956182195284, 0.0018833135236051319, 0.04260796769690871, 0.18498931437164973, 0.5947698425858836]
Games played: 64
Exploitability: P1=2.600000000 P2=-0.025682387 EV: (-0.032676581040805085, 0.032676581040805085) P1 Winnings: -5.0
Choosing model 0
[0.17574960304740286, 0.001883315641525469, 0.04260798246353262, 0.1849894177011351, 0.5947696811464039]
Games played: 65
Exploitability: P1=1.900000000 P2=-0.025682387 EV: (-0.08455647434375278, 0.08455647434375278) P1 Winnings: -6.0
Choosing model 0
[0.17317994941711884, 0.0014933875555634814, 0.041679481441687836, 0.16776748894647697, 0.6158796926391529]
Games played: 66
Exploitability: P1=1.900000000 P2=-0.025682387 EV: (-0.08455647434375278, 0.08455647434375278) P1 Winnings: -5.0
Choosing model 4
[0.16829378621286276, 0.0011758244029378537, 0.039805465407351644, 0.15427337528158647, 0.6364515486952614]
Games played: 67
Exploitability: P1=2.600000000 P2=-0.025682387 EV: (-0.032676581040805085, 0.032676581040805085) P1 Winnings: -4.0
Choosing model 4
[0.17151766284114547, 0.001283044416715935, 0.040908955729834356, 0.16109564015759548, 0.6251946968547089]
Games played: 68
Exploitability: P1=2.600000000 P2=-0.025682387 EV: (-0.032676581040805085, 0.032676581040805085) P1 Winnings: -5.0
Choosing model 4
[0.18456915807701538, 0.0019975767159262723, 0.045808081610065256, 0.19528447160733733, 0.5723407119896559]
Games played: 69
Exploitability: P1=2.600000000 P2=-0.025682387 EV: (-0.032676581040805085, 0.032676581040805085) P1 Winnings: -6.0
Choosing model 4
[0.17907554793812283, 0.0014870484987881435, 0.043496351578652295, 0.1768902239743181, 0.5990508280101186]
Games played: 70
Exploitability: P1=2.600000000 P2=-0.025682387 EV: (-0.032676581040805085, 0.032676581040805085) P1 Winnings: -6.0
Choosing model 2
[0.1634828962637063, 0.0008139686078577456, 0.03781814611047778, 0.13898601845905392, 0.6588989705589043]
Games played: 71
Exploitability: P1=4.600000000 P2=-0.025682387 EV: (-0.28017359452442275, 0.28017359452442275) P1 Winnings: -5.0
Choosing model 4
[0.16348307165813927, 0.0008139722274806875, 0.03781820271908171, 0.1389863383865831, 0.6588984150087152]
Games played: 72
Exploitability: P1=2.600000000 P2=-0.025682387 EV: (-0.032676581040805085, 0.032676581040805085) P1 Winnings: -14.0
Choosing model 3
[0.16224390818698958, 0.0007170748333271812, 0.03727177167713211, 0.13459876888691483, 0.6651684764156364]
Games played: 73
Exploitability: P1=1.933333333 P2=-0.025682387 EV: (-0.18780646431703557, 0.18780646431703557) P1 Winnings: -14.0
Choosing model 4
[0.17812283112954913, 0.0006773668905482357, 0.04431699348616353, 0.11993569843076769, 0.6569471100629715]
Games played: 74
Exploitability: P1=2.600000000 P2=-0.025682387 EV: (-0.032676581040805085, 0.032676581040805085) P1 Winnings: -11.0
Choosing model 0
[0.17812288242721042, 0.0006773676884813077, 0.044317011212545936, 0.1199357718303508, 0.6569469668414115]
Games played: 75
Exploitability: P1=1.900000000 P2=-0.025682387 EV: (-0.08455647434375278, 0.08455647434375278) P1 Winnings: -12.0
Choosing model 4
[0.18182834944637477, 0.0007403290840950356, 0.04561915786211441, 0.12544190851674733, 0.6463702550906684]
Games played: 76
Exploitability: P1=2.600000000 P2=-0.025682387 EV: (-0.032676581040805085, 0.032676581040805085) P1 Winnings: -13.0
Choosing model 2
[0.18550993492024315, 0.0008087026022573843, 0.046934020522163424, 0.13112945797916753, 0.6356178839761685]
Games played: 77
Exploitability: P1=4.600000000 P2=-0.025682387 EV: (-0.28017359452442275, 0.28017359452442275) P1 Winnings: -14.0
Choosing model 0
[0.1993940952864254, 0.0012014029590017587, 0.052271520149776894, 0.15669827175473414, 0.5904347098500619]
Games played: 78
Exploitability: P1=1.900000000 P2=-0.025682387 EV: (-0.08455647434375278, 0.08455647434375278) P1 Winnings: -9.0
Choosing model 4
[0.20837549979779382, 0.0015383229585134754, 0.05592412597631771, 0.1754880135243032, 0.5586740377430718]
Games played: 79
Exploitability: P1=2.600000000 P2=-0.025682387 EV: (-0.032676581040805085, 0.032676581040805085) P1 Winnings: -14.0
Choosing model 4
[0.17403100723689502, 0.000996928058581413, 0.03672627379265144, 0.1815014649004634, 0.6067443260114086]
Games played: 80
Exploitability: P1=2.600000000 P2=-0.025682387 EV: (-0.032676581040805085, 0.032676581040805085) P1 Winnings: -7.0
Choosing model 0
[0.17304489749562862, 0.0008799444712075312, 0.036265408437889966, 0.17611066729936165, 0.6136990822959123]
Games played: 81
Exploitability: P1=1.900000000 P2=-0.025682387 EV: (-0.08455647434375278, 0.08455647434375278) P1 Winnings: -7.0
Choosing model 4
[0.1682241518660578, 0.0006930814653119365, 0.03464751160284433, 0.16200481274681358, 0.6344304423189723]
Games played: 82
Exploitability: P1=2.600000000 P2=-0.025682387 EV: (-0.032676581040805085, 0.032676581040805085) P1 Winnings: -6.0
Choosing model 4
[0.16185798489370112, 0.0005161463195204082, 0.032623194780310824, 0.14556998291228457, 0.6594326910941831]
Games played: 83
Exploitability: P1=2.600000000 P2=-0.025682387 EV: (-0.032676581040805085, 0.032676581040805085) P1 Winnings: -13.0
Choosing model 4
[0.1618580306017082, 0.0005161469246492187, 0.032623207646768626, 0.1455700711854123, 0.6594325436414616]
Games played: 84
Exploitability: P1=2.600000000 P2=-0.025682387 EV: (-0.032676581040805085, 0.032676581040805085) P1 Winnings: -14.0
Choosing model 4
[0.14368359362331318, 0.00023869084444369174, 0.027351779826746924, 0.10802084230440807, 0.7207050934010881]
Games played: 85
Exploitability: P1=2.600000000 P2=-0.025682387 EV: (-0.032676581040805085, 0.032676581040805085) P1 Winnings: -14.0
Choosing model 0
[0.13697677440717426, 0.0001745902644059764, 0.025518721597396234, 0.09614047783652413, 0.7411894358944994]
Games played: 86
Exploitability: P1=1.900000000 P2=-0.025682387 EV: (-0.08455647434375278, 0.08455647434375278) P1 Winnings: -14.0
Choosing model 4
[0.14533038530400902, 0.00022241474139456297, 0.027658734270735646, 0.10860493603573786, 0.7181835296481228]
Games played: 87
Exploitability: P1=2.600000000 P2=-0.025682387 EV: (-0.032676581040805085, 0.032676581040805085) P1 Winnings: -14.0
Choosing model 0
[0.1384306750077201, 0.00016397666644217952, 0.025782015026646846, 0.09661032892179156, 0.7390130043773993]
Games played: 88
Exploitability: P1=1.900000000 P2=-0.025682387 EV: (-0.08455647434375278, 0.08455647434375278) P1 Winnings: -11.0
Choosing model 4
[0.13251667905788167, 0.00012535163671501134, 0.024223113835745116, 0.087153458456073, 0.7559813970135852]
Games played: 89
Exploitability: P1=2.600000000 P2=-0.025682387 EV: (-0.032676581040805085, 0.032676581040805085) P1 Winnings: -11.0
Choosing model 4
[0.14736928925457718, 0.00020168702065525537, 0.02803108087718607, 0.10918292270021981, 0.7152150201473617]
Games played: 90
Exploitability: P1=2.600000000 P2=-0.025682387 EV: (-0.032676581040805085, 0.032676581040805085) P1 Winnings: -22.0
Choosing model 4
[0.1417085512412573, 0.00015620873900174667, 0.02647807984045166, 0.099205197226323, 0.7324519629529663]
Games played: 91
Exploitability: P1=2.600000000 P2=-0.025682387 EV: (-0.032676581040805085, 0.032676581040805085) P1 Winnings: -22.0
Choosing model 4
[0.1360420121496786, 0.0001207871188839556, 0.02497014417834169, 0.08999161664134162, 0.7488754399117542]
Games played: 92
Exploitability: P1=2.600000000 P2=-0.025682387 EV: (-0.032676581040805085, 0.032676581040805085) P1 Winnings: -21.0
Choosing model 4
[0.1510465061825552, 0.0001940303897165193, 0.028849089855958306, 0.11255721422857023, 0.7073531593431998]
Games played: 93
Exploitability: P1=2.600000000 P2=-0.025682387 EV: (-0.032676581040805085, 0.032676581040805085) P1 Winnings: -32.0
Choosing model 4
[0.1440331770614384, 0.0001432069796990838, 0.026921088535526987, 0.10023589603975011, 0.7286666313835853]
Games played: 94
Exploitability: P1=2.600000000 P2=-0.025682387 EV: (-0.032676581040805085, 0.032676581040805085) P1 Winnings: -29.0
Choosing model 4
[0.14752058008154495, 0.0001570408760271756, 0.0278046610840099, 0.1051878030654584, 0.7193299148929596]
Games played: 95
Exploitability: P1=2.600000000 P2=-0.025682387 EV: (-0.032676581040805085, 0.032676581040805085) P1 Winnings: -30.0
Choosing model 4
[0.12856934763700825, 7.129958882718494e-05, 0.022886977171753337, 0.07663245676677359, 0.7718399188356377]
Games played: 96
Exploitability: P1=2.600000000 P2=-0.025682387 EV: (-0.032676581040805085, 0.032676581040805085) P1 Winnings: -30.0
Choosing model 4
[0.12856939432004352, 7.129967817257669e-05, 0.022886988045274215, 0.07663250942069894, 0.7718398085358108]
Games played: 97
Exploitability: P1=2.600000000 P2=-0.025682387 EV: (-0.032676581040805085, 0.032676581040805085) P1 Winnings: -31.0
Choosing model 4
[0.10681662966775392, 7.280801174874195e-05, 0.014496278518134748, 0.10279933841181656, 0.7758149453905461]
Games played: 98
Exploitability: P1=2.600000000 P2=-0.025682387 EV: (-0.032676581040805085, 0.032676581040805085) P1 Winnings: -26.0
Choosing model 4
[0.08515198235804969, 4.5037199981864004e-05, 0.009086781802382253, 0.10148431139294647, 0.8042318872466397]
Games played: 99
Exploitability: P1=2.600000000 P2=-0.025682387 EV: (-0.032676581040805085, 0.032676581040805085) P1 Winnings: -19.0
Choosing model 0
[0.09435108350667332, 6.897286424795912e-05, 0.010432645999278909, 0.12501723461187814, 0.7701300630179216]
Games played: 100
Exploitability: P1=1.900000000 P2=-0.025682387 EV: (-0.08455647434375278, 0.08455647434375278) P1 Winnings: -24.0
Choosing model 4
[0.09673793478605734, 7.571581968257318e-05, 0.010786469076767191, 0.13133239055979773, 0.7610674897576952]
Games played: 101
Exploitability: P1=2.600000000 P2=-0.025682387 EV: (-0.032676581040805085, 0.032676581040805085) P1 Winnings: -33.0
Choosing model 4
[0.09194072197256532, 5.569808961881185e-05, 0.010032266136068996, 0.11656845292718189, 0.7814028608745651]
Games played: 102
Exploitability: P1=2.600000000 P2=-0.025682387 EV: (-0.032676581040805085, 0.032676581040805085) P1 Winnings: -30.0
Choosing model 3
[0.09023032422073095, 4.9351572492215854e-05, 0.009766952981124672, 0.11149160132188368, 0.7884617699037685]
Games played: 103
Exploitability: P1=1.933333333 P2=-0.025682387 EV: (-0.18780646431703557, 0.18780646431703557) P1 Winnings: -33.0
Choosing model 0
[0.0902303595042275, 4.9351639266886e-05, 0.009766957982179638, 0.11149168394150033, 0.7884616469328257]
Games played: 104
Exploitability: P1=1.900000000 P2=-0.025682387 EV: (-0.08455647434375278, 0.08455647434375278) P1 Winnings: -36.0
Choosing model 3
[0.09841132485742515, 5.557341505307306e-05, 0.011279402298485253, 0.10995114085860297, 0.7803025585704336]
Games played: 105
Exploitability: P1=1.933333333 P2=-0.025682387 EV: (-0.18780646431703557, 0.18780646431703557) P1 Winnings: -35.0
Choosing model 4
[0.09736949980110611, 4.880948544546923e-05, 0.011082748770893729, 0.10615756892089522, 0.7853413730216594]
Games played: 106
Exploitability: P1=2.600000000 P2=-0.025682387 EV: (-0.032676581040805085, 0.032676581040805085) P1 Winnings: -38.0
Choosing model 3
[0.09858768397781013, 4.5973272116529236e-05, 0.0112216520916703, 0.10696308979386018, 0.7831816008645429]
Games played: 107
Exploitability: P1=1.933333333 P2=-0.025682387 EV: (-0.18780646431703557, 0.18780646431703557) P1 Winnings: -41.0
Choosing model 4
[0.10740826103699745, 5.1712263586558215e-05, 0.01294512348717396, 0.10536923692747546, 0.7742256662847666]
Games played: 108
Exploitability: P1=2.600000000 P2=-0.025682387 EV: (-0.032676581040805085, 0.032676581040805085) P1 Winnings: -40.0
Choosing model 4
[0.08449616884423204, 2.616115812733658e-05, 0.008177922587539585, 0.08714488333387303, 0.8201548640762281]
Games played: 109
Exploitability: P1=2.600000000 P2=-0.025682387 EV: (-0.032676581040805085, 0.032676581040805085) P1 Winnings: -37.0
Choosing model 4
[0.09926773413740957, 4.3393047073500835e-05, 0.010374929546142005, 0.10464594432447245, 0.7856679989449025]
Games played: 110
Exploitability: P1=2.600000000 P2=-0.025682387 EV: (-0.032676581040805085, 0.032676581040805085) P1 Winnings: -34.0
Choosing model 4
[0.09926777011630236, 4.339310142090989e-05, 0.010374934468457206, 0.10464601615802657, 0.785667886155793]
Games played: 111
Exploitability: P1=2.600000000 P2=-0.025682387 EV: (-0.032676581040805085, 0.032676581040805085) P1 Winnings: -35.0
Choosing model 4
[0.10189026248614796, 4.7687390602917956e-05, 0.010738526554329506, 0.11005230695588318, 0.7772712166130364]
Games played: 112
Exploitability: P1=2.600000000 P2=-0.025682387 EV: (-0.032676581040805085, 0.032676581040805085) P1 Winnings: -36.0
Choosing model 2
[0.10189030174494174, 4.768745485246908e-05, 0.01073853199129859, 0.1100523878779466, 0.7772710909309606]
Games played: 113
Exploitability: P1=4.600000000 P2=-0.025682387 EV: (-0.28017359452442275, 0.28017359452442275) P1 Winnings: -39.0
Choosing model 4
[0.0972043545286288, 3.508680344189411e-05, 0.01007868580008852, 0.09662014327817053, 0.7960617295896703]
Games played: 114
Exploitability: P1=2.600000000 P2=-0.025682387 EV: (-0.032676581040805085, 0.032676581040805085) P1 Winnings: -36.0
Choosing model 4
[0.09720439344695235, 3.508685124340426e-05, 0.010078691054879615, 0.09662021577971797, 0.7960616128672067]
Games played: 115
Exploitability: P1=2.600000000 P2=-0.025682387 EV: (-0.032676581040805085, 0.032676581040805085) P1 Winnings: -39.0
Choosing model 4
[0.09290797300757736, 2.7011567851460714e-05, 0.009462999064532612, 0.0872621147376865, 0.8103399016223521]
Games played: 116
Exploitability: P1=2.600000000 P2=-0.025682387 EV: (-0.032676581040805085, 0.032676581040805085) P1 Winnings: -38.0
Choosing model 2
[0.09549264185495603, 2.9725226272151217e-05, 0.009808004105447982, 0.09189559489253529, 0.8027740339207885]
Games played: 117
Exploitability: P1=4.600000000 P2=-0.025682387 EV: (-0.28017359452442275, 0.28017359452442275) P1 Winnings: -39.0
Choosing model 0
[0.09549277754279634, 2.9725368803047798e-05, 0.009808022200501424, 0.09189583840964688, 0.8027736364782523]
Games played: 118
Exploitability: P1=1.900000000 P2=-0.025682387 EV: (-0.08455647434375278, 0.08455647434375278) P1 Winnings: -48.0
Choosing model 4
[0.09549281338172795, 2.9725406414773608e-05, 0.00980802698000383, 0.09189590267295175, 0.8027735315589016]
Games played: 119
Exploitability: P1=2.600000000 P2=-0.025682387 EV: (-0.032676581040805085, 0.032676581040805085) P1 Winnings: -49.0
Choosing model 4
[0.09549285212689612, 2.9725447071441605e-05, 0.009808032146277864, 0.091895972122353, 0.8027734181574016]
Games played: 120
Exploitability: P1=2.600000000 P2=-0.025682387 EV: (-0.032676581040805085, 0.032676581040805085) P1 Winnings: -52.0
Choosing model 4
[0.0954928908720717, 2.9725487728162627e-05, 0.009808037312553766, 0.09189604157179873, 0.8027733047558476]
Games played: 121
Exploitability: P1=2.600000000 P2=-0.025682387 EV: (-0.032676581040805085, 0.032676581040805085) P1 Winnings: -55.0
Choosing model 4
[0.08095284036128665, 1.347415264183904e-05, 0.007847426240581996, 0.0651326823256812, 0.8460535769198083]
Games played: 122
Exploitability: P1=2.600000000 P2=-0.025682387 EV: (-0.032676581040805085, 0.032676581040805085) P1 Winnings: -56.0
Choosing model 4
[0.07709741862020883, 1.0397016475203669e-05, 0.007344882199731395, 0.05869750474564834, 0.8568497974179363]
Games played: 123
Exploitability: P1=2.600000000 P2=-0.025682387 EV: (-0.032676581040805085, 0.032676581040805085) P1 Winnings: -57.0
Choosing model 4
[0.0528856242579181, 4.908994367434369e-06, 0.0036276589233451492, 0.05461036495343735, 0.8888714428709319]
Games played: 124
Exploitability: P1=2.600000000 P2=-0.025682387 EV: (-0.032676581040805085, 0.032676581040805085) P1 Winnings: -50.0
Choosing model 4
[0.05288564708682202, 4.909000855494003e-06, 0.003627660895579456, 0.05461040622065414, 0.8888713767960889]
Games played: 125
Exploitability: P1=2.600000000 P2=-0.025682387 EV: (-0.032676581040805085, 0.032676581040805085) P1 Winnings: -51.0
Choosing model 4
[0.052157204720090174, 4.297628554610921e-06, 0.0035529304848027085, 0.05255635729100803, 0.8917292098755444]
Games played: 126
Exploitability: P1=2.600000000 P2=-0.025682387 EV: (-0.032676581040805085, 0.032676581040805085) P1 Winnings: -51.0
Choosing model 4
[0.0431744008365629, 1.902183066943745e-06, 0.002775765696103142, 0.03637293752843358, 0.9176749937558335]
Games played: 127
Exploitability: P1=2.600000000 P2=-0.025682387 EV: (-0.032676581040805085, 0.032676581040805085) P1 Winnings: -51.0
Choosing model 4
[0.04030407614747846, 1.3744138911354842e-06, 0.0025357947561315867, 0.031710209629822475, 0.9254485450526764]
Games played: 128
Exploitability: P1=2.600000000 P2=-0.025682387 EV: (-0.032676581040805085, 0.032676581040805085) P1 Winnings: -48.0
Choosing model 4
[0.04590487650458703, 2.1636250947750852e-06, 0.002992651770825433, 0.04015390457931107, 0.9109464035201816]
Games played: 129
Exploitability: P1=2.600000000 P2=-0.025682387 EV: (-0.032676581040805085, 0.032676581040805085) P1 Winnings: -43.0
Choosing model 4
[0.044802377820991356, 1.9065154899781573e-06, 0.0028974361192097655, 0.03819324297825209, 0.9141050365660568]
Games played: 130
Exploitability: P1=2.600000000 P2=-0.025682387 EV: (-0.032676581040805085, 0.032676581040805085) P1 Winnings: -46.0
Choosing model 4
[0.05089622316243806, 2.9935013019422722e-06, 0.003410598479439439, 0.0482380612315228, 0.8974521236252977]
Games played: 131
Exploitability: P1=2.600000000 P2=-0.025682387 EV: (-0.032676581040805085, 0.032676581040805085) P1 Winnings: -41.0
Choosing model 4
[0.0482143214433842, 2.2840639605048227e-06, 0.0031737935334098196, 0.04317884166145175, 0.9054307592977937]
Games played: 132
Exploitability: P1=2.600000000 P2=-0.025682387 EV: (-0.032676581040805085, 0.032676581040805085) P1 Winnings: -40.0
Choosing model 4
[0.04624495298740102, 1.76296099406575e-06, 0.0030220040026120807, 0.038116843945895096, 0.9126144361030977]
Games played: 133
Exploitability: P1=2.600000000 P2=-0.025682387 EV: (-0.032676581040805085, 0.032676581040805085) P1 Winnings: -39.0
Choosing model 4
[0.05070709425527867, 1.995814609794654e-06, 0.0035085994727702134, 0.037790809102429664, 0.9079915013549117]
Games played: 134
Exploitability: P1=2.600000000 P2=-0.025682387 EV: (-0.032676581040805085, 0.032676581040805085) P1 Winnings: -38.0
Choosing model 4
[0.0507071169115046, 1.99581727781567e-06, 0.003508601433397065, 0.037790838231836314, 0.9079914476059843]
Games played: 135
Exploitability: P1=2.600000000 P2=-0.025682387 EV: (-0.032676581040805085, 0.032676581040805085) P1 Winnings: -39.0
Choosing model 3
[0.05070713956773877, 1.995819945840179e-06, 0.003508603394024883, 0.03779086736126403, 0.9079913938570265]
Games played: 136
Exploitability: P1=1.933333333 P2=-0.025682387 EV: (-0.18780646431703557, 0.18780646431703557) P1 Winnings: -40.0
Choosing model 4
[0.049490620963877144, 1.7586978661154968e-06, 0.0033970623189968786, 0.035946545685628696, 0.9111640123336311]
Games played: 137
Exploitability: P1=2.600000000 P2=-0.025682387 EV: (-0.032676581040805085, 0.032676581040805085) P1 Winnings: -37.0
Choosing model 0
[0.05112806822884638, 1.945298135672722e-06, 0.0035389539668791, 0.03804921318337936, 0.9072818193227594]
Games played: 138
Exploitability: P1=1.900000000 P2=-0.025682387 EV: (-0.08455647434375278, 0.08455647434375278) P1 Winnings: -38.0
Choosing model 4
[0.052809146774629515, 2.151267170279652e-06, 0.0036860361444259935, 0.04026683361407061, 0.9032358321997036]
Games played: 139
Exploitability: P1=2.600000000 P2=-0.025682387 EV: (-0.032676581040805085, 0.032676581040805085) P1 Winnings: -33.0
Choosing model 4
[0.05453411907374153, 2.378548184768337e-06, 0.003838430302890981, 0.04260481344844569, 0.8990202586267371]
Games played: 140
Exploitability: P1=2.600000000 P2=-0.025682387 EV: (-0.032676581040805085, 0.032676581040805085) P1 Winnings: -34.0
Choosing model 4
[0.05106616585760518, 1.7089187364206305e-06, 0.0035176463657576327, 0.03724625229545326, 0.9081682265624476]
Games played: 141
Exploitability: P1=2.600000000 P2=-0.025682387 EV: (-0.032676581040805085, 0.032676581040805085) P1 Winnings: -34.0
Choosing model 4
[0.049840120253952715, 1.5058556017442595e-06, 0.0034057553801853948, 0.0354278602740183, 0.9113247582362419]
Games played: 142
Exploitability: P1=2.600000000 P2=-0.025682387 EV: (-0.032676581040805085, 0.032676581040805085) P1 Winnings: -37.0
Choosing model 4
[0.054625220589871584, 1.7040038161751018e-06, 0.003952409643129775, 0.03510944138802351, 0.906311224375159]
Games played: 143
Exploitability: P1=2.600000000 P2=-0.025682387 EV: (-0.032676581040805085, 0.032676581040805085) P1 Winnings: -36.0
Choosing model 4
[0.05110028276116981, 1.2230527001438733e-06, 0.003618475347943335, 0.03066288276137008, 0.9146171360768166]
Games played: 144
Exploitability: P1=2.600000000 P2=-0.025682387 EV: (-0.032676581040805085, 0.032676581040805085) P1 Winnings: -36.0
Choosing model 4
[0.052804786692776766, 1.353173901159034e-06, 0.0037706005445485784, 0.03246497018357282, 0.9109582894052007]
Games played: 145
Exploitability: P1=2.600000000 P2=-0.025682387 EV: (-0.032676581040805085, 0.032676581040805085) P1 Winnings: -37.0
Choosing model 4
[0.05785301071067923, 1.5306623400943887e-06, 0.004374189308808333, 0.03216122295812732, 0.905610046360045]
Games played: 146
Exploitability: P1=2.600000000 P2=-0.025682387 EV: (-0.032676581040805085, 0.032676581040805085) P1 Winnings: -36.0
Choosing model 4
[0.057853038687391084, 1.5306645527968848e-06, 0.004374191953368526, 0.0321612497671915, 0.9056099889274961]
Games played: 147
Exploitability: P1=2.600000000 P2=-0.025682387 EV: (-0.032676581040805085, 0.032676581040805085) P1 Winnings: -39.0
Choosing model 4
[0.05976001087289933, 1.6928675127440278e-06, 0.004556351796934354, 0.034038424198197276, 0.9016435202644563]
Games played: 148
Exploitability: P1=2.600000000 P2=-0.025682387 EV: (-0.032676581040805085, 0.032676581040805085) P1 Winnings: -40.0
Choosing model 4
[0.058331525387072126, 1.4918725521770922e-06, 0.004411896936494391, 0.03238013270895619, 0.9048749530949252]
Games played: 149
Exploitability: P1=2.600000000 P2=-0.025682387 EV: (-0.032676581040805085, 0.032676581040805085) P1 Winnings: -43.0
Choosing model 4
[0.06386548128384203, 1.6864275623025476e-06, 0.005114728565787916, 0.03205578040858618, 0.8989623233142215]
Games played: 150
Exploitability: P1=2.600000000 P2=-0.025682387 EV: (-0.032676581040805085, 0.032676581040805085) P1 Winnings: -42.0
Choosing model 4
[0.06386550963472595, 1.686429811858296e-06, 0.005114731409146767, 0.03205580502474588, 0.8989622675015695]
Games played: 151
Exploitability: P1=2.600000000 P2=-0.025682387 EV: (-0.032676581040805085, 0.032676581040805085) P1 Winnings: -43.0
Choosing model 4
[0.06595404640948117, 1.8646691558294049e-06, 0.005326388182462665, 0.033918277407271366, 0.894799423331629]
Games played: 152
Exploitability: P1=2.600000000 P2=-0.025682387 EV: (-0.032676581040805085, 0.032676581040805085) P1 Winnings: -44.0
Choosing model 4
[0.0625263002785653, 1.432262419368837e-06, 0.004962539163532726, 0.030427621415051637, 0.9020821068804309]
Games played: 153
Exploitability: P1=2.600000000 P2=-0.025682387 EV: (-0.032676581040805085, 0.032676581040805085) P1 Winnings: -45.0
Choosing model 4
[0.07191950890393133, 2.3835160153152876e-06, 0.0059396568786468555, 0.03942626440234381, 0.8827121862990627]
Games played: 154
Exploitability: P1=2.600000000 P2=-0.025682387 EV: (-0.032676581040805085, 0.032676581040805085) P1 Winnings: -56.0
Choosing model 4
[0.07191954006032257, 2.3835191692173907e-06, 0.005939660117020445, 0.039426294256414036, 0.8827121220470737]
Games played: 155
Exploitability: P1=2.600000000 P2=-0.025682387 EV: (-0.032676581040805085, 0.032676581040805085) P1 Winnings: -57.0
Choosing model 2
[0.07191957121672427, 2.3835223231235655e-06, 0.005939663355395546, 0.03942632411050519, 0.8827120577950518]
Games played: 156
Exploitability: P1=4.600000000 P2=-0.025682387 EV: (-0.28017359452442275, 0.28017359452442275) P1 Winnings: -58.0
Choosing model 4
[0.058444394571421004, 1.1621771935312557e-06, 0.004174647912284424, 0.03126984816805272, 0.9061099471710484]
Games played: 157
Exploitability: P1=2.600000000 P2=-0.025682387 EV: (-0.032676581040805085, 0.032676581040805085) P1 Winnings: -58.0
Choosing model 4
[0.07351354920605169, 2.6250259480423495e-06, 0.005601508576459171, 0.04767671453278297, 0.873205602658758]
Games played: 158
Exploitability: P1=2.600000000 P2=-0.025682387 EV: (-0.032676581040805085, 0.032676581040805085) P1 Winnings: -61.0
Choosing model 4
[0.06890786507355222, 1.9044859484043072e-06, 0.005138248067258182, 0.04173552265054507, 0.8842164597226961]
Games played: 159
Exploitability: P1=2.600000000 P2=-0.025682387 EV: (-0.032676581040805085, 0.032676581040805085) P1 Winnings: -68.0
Choosing model 4
[0.076243590014204, 1.8130952049742838e-06, 0.0061572767309758854, 0.03747974177213025, 0.8801175783874848]
Games played: 160
Exploitability: P1=2.600000000 P2=-0.025682387 EV: (-0.032676581040805085, 0.032676581040805085) P1 Winnings: -65.0
Choosing model 4
[0.08330293173680177, 2.045270102931791e-06, 0.007123279711042116, 0.03702699035741988, 0.8725447529246334]
Games played: 161
Exploitability: P1=2.600000000 P2=-0.025682387 EV: (-0.032676581040805085, 0.032676581040805085) P1 Winnings: -64.0
Choosing model 4
[0.07813612684074751, 1.4719286948663724e-06, 0.006538906994590273, 0.032424177629844134, 0.8828993166061232]
Games played: 162
Exploitability: P1=2.600000000 P2=-0.025682387 EV: (-0.032676581040805085, 0.032676581040805085) P1 Winnings: -64.0
Choosing model 4
[0.07630582138182003, 1.2978026336583852e-06, 0.006334705019210104, 0.03085966975915723, 0.8864985060371791]
Games played: 163
Exploitability: P1=2.600000000 P2=-0.025682387 EV: (-0.032676581040805085, 0.032676581040805085) P1 Winnings: -67.0
Choosing model 4
[0.09081494792825541, 2.4483842323910985e-06, 0.007927444108567662, 0.0426663034952622, 0.8585888560836823]
Games played: 164
Exploitability: P1=2.600000000 P2=-0.025682387 EV: (-0.032676581040805085, 0.032676581040805085) P1 Winnings: -70.0
Choosing model 0
[0.09361616510553518, 2.70228739375413e-06, 0.008240652781714717, 0.04506408560697949, 0.8530763942183769]
Games played: 165
Exploitability: P1=1.900000000 P2=-0.025682387 EV: (-0.08455647434375278, 0.08455647434375278) P1 Winnings: -71.0
Choosing model 0
[0.0964778364631048, 2.981718615486035e-06, 0.008563932467694555, 0.04758382014777715, 0.847371429202808]
Games played: 166
Exploitability: P1=1.900000000 P2=-0.025682387 EV: (-0.08455647434375278, 0.08455647434375278) P1 Winnings: -66.0
Choosing model 4
[0.08718144144434126, 1.8487391031037463e-06, 0.007482484909630114, 0.03870650603595888, 0.8666277188709667]
Games played: 167
Exploitability: P1=2.600000000 P2=-0.025682387 EV: (-0.032676581040805085, 0.032676581040805085) P1 Winnings: -73.0
Choosing model 4
[0.10380266005687126, 3.428223401552432e-06, 0.009373161279412696, 0.05354007063288277, 0.8332806798074317]
Games played: 168
Exploitability: P1=2.600000000 P2=-0.025682387 EV: (-0.032676581040805085, 0.032676581040805085) P1 Winnings: -78.0
Choosing model 4
[0.11758785678534471, 5.618683927638972e-06, 0.011048759276349305, 0.06832294448305999, 0.8030348207713183]
Games played: 169
Exploitability: P1=2.600000000 P2=-0.025682387 EV: (-0.032676581040805085, 0.032676581040805085) P1 Winnings: -79.0
Choosing model 0
[0.10703022387312376, 3.5089819241934736e-06, 0.009723729236638423, 0.05598043939011955, 0.827262098518194]
Games played: 170
Exploitability: P1=1.900000000 P2=-0.025682387 EV: (-0.08455647434375278, 0.08455647434375278) P1 Winnings: -79.0
Choosing model 4
[0.11016409003409554, 3.8669913580805916e-06, 0.010092561236957327, 0.05903668417073324, 0.8207027975668558]
Games played: 171
Exploitability: P1=2.600000000 P2=-0.025682387 EV: (-0.032676581040805085, 0.032676581040805085) P1 Winnings: -80.0
Choosing model 4
[0.103754588596836, 2.8189218497168183e-06, 0.009302020624151048, 0.05192629104973604, 0.8350142808074271]
Games played: 172
Exploitability: P1=2.600000000 P2=-0.025682387 EV: (-0.032676581040805085, 0.032676581040805085) P1 Winnings: -77.0
Choosing model 4
[0.10375463398442096, 2.818925794667285e-06, 0.009302025818879657, 0.051926331939206725, 0.835014189331698]
Games played: 173
Exploitability: P1=2.600000000 P2=-0.025682387 EV: (-0.032676581040805085, 0.032676581040805085) P1 Winnings: -80.0
Choosing model 0
[0.10375467596870194, 2.8189294441947954e-06, 0.009302030624770986, 0.05192636977535349, 0.8350141047017294]
Games played: 174
Exploitability: P1=1.900000000 P2=-0.025682387 EV: (-0.08455647434375278, 0.08455647434375278) P1 Winnings: -81.0
Choosing model 4
[0.10375471795299414, 2.8189330937268736e-06, 0.00930203543066428, 0.05192640761152493, 0.8350140200717229]
Games played: 175
Exploitability: P1=2.600000000 P2=-0.025682387 EV: (-0.032676581040805085, 0.032676581040805085) P1 Winnings: -82.0
Choosing model 4
[0.11299357977517548, 3.1695951512104292e-06, 0.01072650599118294, 0.05113274006922758, 0.8251440045692628]
Games played: 176
Exploitability: P1=2.600000000 P2=-0.025682387 EV: (-0.032676581040805085, 0.032676581040805085) P1 Winnings: -81.0
Choosing model 4
[0.11299362494465699, 3.1695992392109692e-06, 0.01072651148050358, 0.051132777076723195, 0.825143916898877]
Games played: 177
Exploitability: P1=2.600000000 P2=-0.025682387 EV: (-0.032676581040805085, 0.032676581040805085) P1 Winnings: -82.0
Choosing model 4
[0.09729405358396372, 1.6363763681946043e-06, 0.00879634448503781, 0.03789334853565153, 0.8560146170189787]
Games played: 178
Exploitability: P1=2.600000000 P2=-0.025682387 EV: (-0.032676581040805085, 0.032676581040805085) P1 Winnings: -81.0
Choosing model 4
[0.10603042678567191, 1.8411981190498637e-06, 0.01015034531517703, 0.037339807121228016, 0.846477579579804]
Games played: 179
Exploitability: P1=2.600000000 P2=-0.025682387 EV: (-0.032676581040805085, 0.032676581040805085) P1 Winnings: -80.0
Choosing model 4
[0.090804247458449, 9.454153845549459e-07, 0.008278808595716567, 0.027521935452166836, 0.873394063078283]
Games played: 180
Exploitability: P1=2.600000000 P2=-0.025682387 EV: (-0.032676581040805085, 0.032676581040805085) P1 Winnings: -79.0
Choosing model 4
[0.10920523991857592, 1.8065465231361447e-06, 0.010496369908912749, 0.03869013770126154, 0.8416064459247267]
Games played: 181
Exploitability: P1=2.600000000 P2=-0.025682387 EV: (-0.032676581040805085, 0.032676581040805085) P1 Winnings: -79.0
Choosing model 4
[0.12737276183211688, 3.3971153726469383e-06, 0.012859119799150397, 0.05235649810284325, 0.8074082231505169]
Games played: 182
Exploitability: P1=2.600000000 P2=-0.025682387 EV: (-0.032676581040805085, 0.032676581040805085) P1 Winnings: -90.0
Choosing model 4
[0.10730091701429326, 1.5302013752182232e-06, 0.01022403183017505, 0.03687555518876434, 0.845597965765392]
Games played: 183
Exploitability: P1=2.600000000 P2=-0.025682387 EV: (-0.032676581040805085, 0.032676581040805085) P1 Winnings: -90.0
Choosing model 4
[0.10204965115879748, 1.1791151029172003e-06, 0.009556087777237618, 0.03318635758262728, 0.8552067243662347]
Games played: 184
Exploitability: P1=2.600000000 P2=-0.025682387 EV: (-0.032676581040805085, 0.032676581040805085) P1 Winnings: -91.0
Choosing model 4
[0.09805104189529945, 9.116813055919081e-07, 0.009114836854573552, 0.029346609965100585, 0.8634865996037209]
Games played: 185
Exploitability: P1=2.600000000 P2=-0.025682387 EV: (-0.032676581040805085, 0.032676581040805085) P1 Winnings: -90.0
Choosing model 4
[0.11087626103896042, 1.390684228867914e-06, 0.010676255227752382, 0.0367255090066811, 0.8417205840423772]
Games played: 186
Exploitability: P1=2.600000000 P2=-0.025682387 EV: (-0.032676581040805085, 0.032676581040805085) P1 Winnings: -83.0
Choosing model 4
[0.1108763068104082, 1.3906860406760063e-06, 0.010676260830820352, 0.03672553606663722, 0.8417205056060935]
Games played: 187
Exploitability: P1=2.600000000 P2=-0.025682387 EV: (-0.032676581040805085, 0.032676581040805085) P1 Winnings: -84.0
Choosing model 4
[0.10939531671868422, 1.2180029974589788e-06, 0.010460746919773497, 0.03535912309797631, 0.8447835952605686]
Games played: 188
Exploitability: P1=2.600000000 P2=-0.025682387 EV: (-0.032676581040805085, 0.032676581040805085) P1 Winnings: -84.0
Choosing model 4
[0.10518060661716712, 9.423917105073993e-07, 0.009984532097175286, 0.031289317526589075, 0.853544601367358]
Games played: 189
Exploitability: P1=2.600000000 P2=-0.025682387 EV: (-0.032676581040805085, 0.032676581040805085) P1 Winnings: -83.0
Choosing model 4
[0.09995626945365294, 7.25613490488248e-07, 0.009325066375650812, 0.028137362661762658, 0.8625805758954431]
Games played: 190
Exploitability: P1=2.600000000 P2=-0.025682387 EV: (-0.032676581040805085, 0.032676581040805085) P1 Winnings: -84.0
Choosing model 4
[0.09995631206553605, 7.256144456186816e-07, 0.009325071395385619, 0.028137383773396103, 0.8625805071512366]
Games played: 191
Exploitability: P1=2.600000000 P2=-0.025682387 EV: (-0.032676581040805085, 0.032676581040805085) P1 Winnings: -85.0
Choosing model 2
[0.10888930599538725, 8.161200315013564e-07, 0.010756266348813775, 0.027715555905347616, 0.8526380556304199]
Games played: 192
Exploitability: P1=4.600000000 P2=-0.025682387 EV: (-0.28017359452442275, 0.28017359452442275) P1 Winnings: -84.0
Choosing model 4
[0.09744787967004342, 4.910924801763835e-07, 0.009287290420850624, 0.0221831819449098, 0.871081156871716]
Games played: 193
Exploitability: P1=2.600000000 P2=-0.025682387 EV: (-0.032676581040805085, 0.032676581040805085) P1 Winnings: -79.0
Choosing model 4
[0.10055154931269467, 5.425479284919508e-07, 0.009663630539588497, 0.0234526677238328, 0.8663316098759556]
Games played: 194
Exploitability: P1=2.600000000 P2=-0.025682387 EV: (-0.032676581040805085, 0.032676581040805085) P1 Winnings: -80.0
Choosing model 4
[0.1095232677249579, 6.101390869400687e-07, 0.011145314307252479, 0.023098019889910473, 0.8562327879387921]
Games played: 195
Exploitability: P1=2.600000000 P2=-0.025682387 EV: (-0.032676581040805085, 0.032676581040805085) P1 Winnings: -79.0
Choosing model 4
[0.10389292666011567, 4.661725986232212e-07, 0.010385549545429171, 0.020703557587919436, 0.8650175000339371]
Games played: 196
Exploitability: P1=2.600000000 P2=-0.025682387 EV: (-0.032676581040805085, 0.032676581040805085) P1 Winnings: -78.0
Choosing model 4
[0.10389297131624198, 4.661732138920553e-07, 0.010385555172617304, 0.020703573194864756, 0.8650174341430621]
Games played: 197
Exploitability: P1=2.600000000 P2=-0.025682387 EV: (-0.032676581040805085, 0.032676581040805085) P1 Winnings: -79.0
Choosing model 4
[0.08851098900679462, 2.3812490754329845e-07, 0.008426594171406367, 0.015180555285354433, 0.8878816234115371]
Games played: 198
Exploitability: P1=2.600000000 P2=-0.025682387 EV: (-0.032676581040805085, 0.032676581040805085) P1 Winnings: -80.0
Choosing model 4
[0.08851102825316058, 2.3812522506116938e-07, 0.008426598851595595, 0.015180566935026469, 0.8878815678349923]
Games played: 199
Exploitability: P1=2.600000000 P2=-0.025682387 EV: (-0.032676581040805085, 0.032676581040805085) P1 Winnings: -81.0
Choosing model 4
[0.07297002291845947, 1.0496969216750626e-07, 0.006556672614128805, 0.010463481160970624, 0.9100097183367489]
Games played: 200
Exploitability: P1=2.600000000 P2=-0.025682387 EV: (-0.032676581040805085, 0.032676581040805085) P1 Winnings: -82.0
