Player 1 exploitability: 0.16730197567
Choosing model 1
[0.19999996719993904, 0.2000001452002699, 0.19999998959998067, 0.20000003200005947, 0.1999998659997509]
Games played: 1
Exploitability: P1=2.800000000 P2=0.081649962 EV: (0.08164996152982298, -0.08164996152982298) P1 Winnings: -1
Choosing model 3
[0.2021394425564624, 0.19497174841056814, 0.20275165935542908, 0.20309398675788778, 0.19704316291965263]
Games played: 2
Exploitability: P1=1.933333333 P2=0.081649962 EV: (-0.06696598830415462, 0.06696598830415462) P1 Winnings: -8
Choosing model 2
[0.1803287495381329, 0.27635973332615577, 0.1906831407259221, 0.21178488529501674, 0.1408434911147724]
Games played: 3
Exploitability: P1=4.600000000 P2=0.081649962 EV: (0.05340807346135567, -0.05340807346135567) P1 Winnings: -13
Choosing model 3
[0.17657613744501643, 0.28973452729367444, 0.18828436124646455, 0.21247803708191557, 0.13292693693292904]
Games played: 4
Exploitability: P1=1.933333333 P2=0.081649962 EV: (-0.06696598830415462, 0.06696598830415462) P1 Winnings: -26
Choosing model 2
[0.2023478191574902, 0.1990734104874915, 0.20549068295659795, 0.20956164977881558, 0.18352643761960483]
Games played: 5
Exploitability: P1=4.600000000 P2=0.081649962 EV: (0.05340807346135567, -0.05340807346135567) P1 Winnings: -25.0
Choosing model 2
[0.19187846767918476, 0.2624777634127436, 0.21561537178938775, 0.19178441529670118, 0.13824398182198264]
Games played: 6
Exploitability: P1=4.600000000 P2=0.081649962 EV: (0.05340807346135567, -0.05340807346135567) P1 Winnings: -20.0
Choosing model 1
[0.16985628552237653, 0.3361703486084266, 0.19861339309646672, 0.19125039573399352, 0.10410957703873669]
Games played: 7
Exploitability: P1=2.800000000 P2=0.081649962 EV: (0.08164996152982298, -0.08164996152982298) P1 Winnings: -29.0
Choosing model 0
[0.1394003746204962, 0.4373359796857106, 0.17139577621179278, 0.18233724748013116, 0.06953062200186932]
Games played: 8
Exploitability: P1=1.900000000 P2=0.081649962 EV: (-0.08796102576837078, 0.08796102576837078) P1 Winnings: -22.0
Choosing model 0
[0.15341372823109783, 0.38995546838543305, 0.18537460771277012, 0.18988410312528683, 0.08137209254541214]
Games played: 9
Exploitability: P1=1.900000000 P2=0.081649962 EV: (-0.08796102576837078, 0.08796102576837078) P1 Winnings: -23.0
Choosing model 1
[0.1537458468453467, 0.4034849085709867, 0.19670880059722926, 0.17206504428843533, 0.07399539969800202]
Games played: 10
Exploitability: P1=2.800000000 P2=0.081649962 EV: (0.08164996152982298, -0.08164996152982298) P1 Winnings: -22.0
Choosing model 0
[0.16833042586608915, 0.35581547446847406, 0.21156342704845124, 0.17800922930352078, 0.0862814433134647]
Games played: 11
Exploitability: P1=1.900000000 P2=0.081649962 EV: (-0.08796102576837078, 0.08796102576837078) P1 Winnings: -21.0
Choosing model 4
[0.1829545979723377, 0.30882701710153754, 0.2256816277926581, 0.18232494200352767, 0.10021181512993894]
Games played: 12
Exploitability: P1=2.600000000 P2=0.081649962 EV: (-0.13029040292581176, 0.13029040292581176) P1 Winnings: -21.0
Choosing model 1
[0.18295454153102367, 0.3088271966852221, 0.22568158344648293, 0.18232494482984438, 0.10021173350742689]
Games played: 13
Exploitability: P1=2.800000000 P2=0.081649962 EV: (0.08164996152982298, -0.08164996152982298) P1 Winnings: -22.0
Choosing model 0
[0.20005669236688364, 0.2549733647578958, 0.24129985800417847, 0.18547493445780514, 0.11819515041323687]
Games played: 14
Exploitability: P1=1.900000000 P2=0.081649962 EV: (-0.08796102576837078, 0.08796102576837078) P1 Winnings: -19.0
Choosing model 1
[0.18779802760419875, 0.2932629648242098, 0.23189678232866587, 0.18658299451551263, 0.10045923072741288]
Games played: 15
Exploitability: P1=2.800000000 P2=0.081649962 EV: (0.08164996152982298, -0.08164996152982298) P1 Winnings: -24.0
Choosing model 4
[0.19405789232085344, 0.27359842424450437, 0.23771164114573046, 0.1879008976146738, 0.10673114467423804]
Games played: 16
Exploitability: P1=2.600000000 P2=0.081649962 EV: (-0.13029040292581176, 0.13029040292581176) P1 Winnings: -24.0
Choosing model 0
[0.20748060539667537, 0.23539972282174818, 0.25230434388074935, 0.18489821324614358, 0.11991711465468348]
Games played: 17
Exploitability: P1=1.900000000 P2=0.081649962 EV: (-0.08796102576837078, 0.08796102576837078) P1 Winnings: -23.0
Choosing model 4
[0.238319272579949, 0.14085656475190297, 0.2737110859228772, 0.17753210719335058, 0.16958096955192023]
Games played: 18
Exploitability: P1=2.600000000 P2=0.081649962 EV: (-0.13029040292581176, 0.13029040292581176) P1 Winnings: -26.0
Choosing model 2
[0.25697817207957174, 0.07912316493212426, 0.2787503751250317, 0.16002082838362006, 0.22512745947965218]
Games played: 19
Exploitability: P1=4.600000000 P2=0.081649962 EV: (0.05340807346135567, -0.05340807346135567) P1 Winnings: -26.0
Choosing model 4
[0.2536073467876018, 0.07611795902457298, 0.23785124085715342, 0.1902989150307351, 0.24212453829993677]
Games played: 20
Exploitability: P1=2.600000000 P2=0.081649962 EV: (-0.13029040292581176, 0.13029040292581176) P1 Winnings: -26.0
Choosing model 4
[0.25758181076510916, 0.05983882670003642, 0.23641086200025302, 0.1805043857626494, 0.265664114771952]
Games played: 21
Exploitability: P1=2.600000000 P2=0.081649962 EV: (-0.13029040292581176, 0.13029040292581176) P1 Winnings: -23.0
Choosing model 4
[0.2597879833136982, 0.048609957686342756, 0.23422263746729946, 0.17202131581166, 0.2853581057209995]
Games played: 22
Exploitability: P1=2.600000000 P2=0.081649962 EV: (-0.13029040292581176, 0.13029040292581176) P1 Winnings: -22.0
Choosing model 2
[0.2305636586340655, 0.02969469685606714, 0.14967316916779239, 0.20706666804137086, 0.38300180730070404]
Games played: 23
Exploitability: P1=4.600000000 P2=0.081649962 EV: (0.05340807346135567, -0.05340807346135567) P1 Winnings: -25.0
Choosing model 2
[0.2539423657243725, 0.045186575242522516, 0.19261704427462367, 0.20295799411381052, 0.30529602064467076]
Games played: 24
Exploitability: P1=4.600000000 P2=0.081649962 EV: (0.05340807346135567, -0.05340807346135567) P1 Winnings: -16.0
Choosing model 4
[0.25256013031508817, 0.06211461461493485, 0.19849821117128325, 0.22441641179297764, 0.26241063210571614]
Games played: 25
Exploitability: P1=2.600000000 P2=0.081649962 EV: (-0.13029040292581176, 0.13029040292581176) P1 Winnings: -11.0
Choosing model 0
[0.252560125909182, 0.062114668813464564, 0.19849822994033034, 0.22441648058910124, 0.262410494747922]
Games played: 26
Exploitability: P1=1.900000000 P2=0.081649962 EV: (-0.08796102576837078, 0.08796102576837078) P1 Winnings: -12.0
Choosing model 3
[0.26093755143592484, 0.06625811606176271, 0.21715148936670142, 0.20964833558627394, 0.246004507549337]
Games played: 27
Exploitability: P1=1.933333333 P2=0.081649962 EV: (-0.06696598830415462, 0.06696598830415462) P1 Winnings: -11.0
Choosing model 3
[0.2640166003592329, 0.059650066647894504, 0.21875996833592307, 0.20828085251682357, 0.24929251214012593]
Games played: 28
Exploitability: P1=1.933333333 P2=0.081649962 EV: (-0.06696598830415462, 0.06696598830415462) P1 Winnings: -16.0
Choosing model 0
[0.26773959006680914, 0.04150446907731034, 0.2144986671825794, 0.19013255111016922, 0.28612472256313193]
Games played: 29
Exploitability: P1=1.900000000 P2=0.081649962 EV: (-0.08796102576837078, 0.08796102576837078) P1 Winnings: -16.0
Choosing model 2
[0.2659383572634598, 0.058004813350331245, 0.22123199838902, 0.2112960685108492, 0.24352876248633973]
Games played: 30
Exploitability: P1=4.600000000 P2=0.081649962 EV: (0.05340807346135567, -0.05340807346135567) P1 Winnings: -11.0
Choosing model 3
[0.26372478431589386, 0.050966516593058786, 0.20183755291770716, 0.22055959500343564, 0.2629115511699046]
Games played: 31
Exploitability: P1=1.933333333 P2=0.081649962 EV: (-0.06696598830415462, 0.06696598830415462) P1 Winnings: -20.0
Choosing model 4
[0.2664022012980633, 0.0353243667491634, 0.19713522005241246, 0.20055735255666288, 0.300580859343698]
Games played: 32
Exploitability: P1=2.600000000 P2=0.081649962 EV: (-0.13029040292581176, 0.13029040292581176) P1 Winnings: -17.0
Choosing model 0
[0.28474813479525435, 0.04394657582196342, 0.24365541677699232, 0.1769795577779281, 0.2506703148278619]
Games played: 33
Exploitability: P1=1.900000000 P2=0.081649962 EV: (-0.08796102576837078, 0.08796102576837078) P1 Winnings: -14.0
Choosing model 4
[0.2866093951224864, 0.030350584369655546, 0.23712739565664948, 0.1603543757421593, 0.28555824910904937]
Games played: 34
Exploitability: P1=2.600000000 P2=0.081649962 EV: (-0.13029040292581176, 0.13029040292581176) P1 Winnings: -21.0
Choosing model 3
[0.28660940629092313, 0.030350612564416152, 0.23712743145522203, 0.16035443394568497, 0.28555811574375367]
Games played: 35
Exploitability: P1=1.933333333 P2=0.081649962 EV: (-0.06696598830415462, 0.06696598830415462) P1 Winnings: -22.0
Choosing model 4
[0.28539748810663956, 0.020736700187713508, 0.2283061603568814, 0.14373709232873272, 0.3218225590200329]
Games played: 36
Exploitability: P1=2.600000000 P2=0.081649962 EV: (-0.13029040292581176, 0.13029040292581176) P1 Winnings: -33.0
Choosing model 4
[0.2893474471450534, 0.02836013395999717, 0.2397567413311773, 0.161273082937754, 0.28126259462601805]
Games played: 37
Exploitability: P1=2.600000000 P2=0.081649962 EV: (-0.13029040292581176, 0.13029040292581176) P1 Winnings: -26.0
Choosing model 0
[0.28934745813250135, 0.0283601602774934, 0.2397567772883179, 0.16127314131439527, 0.2812624629872921]
Games played: 38
Exploitability: P1=1.900000000 P2=0.081649962 EV: (-0.08796102576837078, 0.08796102576837078) P1 Winnings: -27.0
Choosing model 4
[0.28998015158688323, 0.030430965718053638, 0.24230055661279978, 0.16560089624070584, 0.27168742984155747]
Games played: 39
Exploitability: P1=2.600000000 P2=0.081649962 EV: (-0.13029040292581176, 0.13029040292581176) P1 Winnings: -28.0
Choosing model 3
[0.28998016088359063, 0.030430995968311555, 0.24230059369933246, 0.16560095951026466, 0.2716872899385006]
Games played: 40
Exploitability: P1=1.933333333 P2=0.081649962 EV: (-0.06696598830415462, 0.06696598830415462) P1 Winnings: -31.0
Choosing model 2
[0.2316033464179211, 0.01860704932288187, 0.11189250162922076, 0.24830192724429173, 0.38959517538568456]
Games played: 41
Exploitability: P1=4.600000000 P2=0.081649962 EV: (0.05340807346135567, -0.05340807346135567) P1 Winnings: -20.0
Choosing model 4
[0.2525447863114202, 0.023961424169650695, 0.1351533176400821, 0.24332347477974092, 0.34501699709910605]
Games played: 42
Exploitability: P1=2.600000000 P2=0.081649962 EV: (-0.13029040292581176, 0.13029040292581176) P1 Winnings: -15.0
Choosing model 4
[0.2813682164038613, 0.04450399516507054, 0.18664845281012118, 0.23989816272803996, 0.24758117289290701]
Games played: 43
Exploitability: P1=2.600000000 P2=0.081649962 EV: (-0.13029040292581176, 0.13029040292581176) P1 Winnings: -10.0
Choosing model 1
[0.29111587048975357, 0.04754041364959884, 0.20447942507273265, 0.2244308946243873, 0.23243339616352768]
Games played: 44
Exploitability: P1=2.800000000 P2=0.081649962 EV: (0.08164996152982298, -0.08164996152982298) P1 Winnings: -9.0
Choosing model 0
[0.2946575911969, 0.036919789524646626, 0.2025512538543414, 0.2120768948927849, 0.25379447053132703]
Games played: 45
Exploitability: P1=1.900000000 P2=0.081649962 EV: (-0.08796102576837078, 0.08796102576837078) P1 Winnings: -8.0
Choosing model 2
[0.2817623621575118, 0.022703282156468725, 0.15553844263996522, 0.2132001110891507, 0.32679580195690344]
Games played: 46
Exploitability: P1=4.600000000 P2=0.081649962 EV: (0.05340807346135567, -0.05340807346135567) P1 Winnings: -5.0
Choosing model 2
[0.2817624245874247, 0.02270336378812169, 0.15553854305115117, 0.21320042035205483, 0.32679524822124767]
Games played: 47
Exploitability: P1=4.600000000 P2=0.081649962 EV: (0.05340807346135567, -0.05340807346135567) P1 Winnings: -14.0
Choosing model 0
[0.30589444167085034, 0.03405374992976478, 0.1973026825626477, 0.20598150503910803, 0.25676762079762916]
Games played: 48
Exploitability: P1=1.900000000 P2=0.081649962 EV: (-0.08796102576837078, 0.08796102576837078) P1 Winnings: -5.0
Choosing model 0
[0.30594069361105725, 0.03646607800867793, 0.198991061985694, 0.2110794359373447, 0.24752273045722614]
Games played: 49
Exploitability: P1=1.900000000 P2=0.081649962 EV: (-0.08796102576837078, 0.08796102576837078) P1 Winnings: -6.0
Choosing model 4
[0.30817495919748555, 0.028183418206104205, 0.19616758178367777, 0.19850204645735256, 0.2689719943553799]
Games played: 50
Exploitability: P1=2.600000000 P2=0.081649962 EV: (-0.13029040292581176, 0.13029040292581176) P1 Winnings: -5.0
Choosing model 1
[0.3181879475383204, 0.030043681901774023, 0.21446083526728615, 0.1853174180676732, 0.2519901172249462]
Games played: 51
Exploitability: P1=2.800000000 P2=0.081649962 EV: (0.08164996152982298, -0.08164996152982298) P1 Winnings: -4.0
Choosing model 0
[0.3181879533057124, 0.03004371134841688, 0.2144608651043582, 0.1853174862879099, 0.25198998395360256]
Games played: 52
Exploitability: P1=1.900000000 P2=0.081649962 EV: (-0.08796102576837078, 0.08796102576837078) P1 Winnings: -11.0
Choosing model 0
[0.31927865313505244, 0.02407406778296183, 0.21120738962040836, 0.17523683798957632, 0.2702030514720011]
Games played: 53
Exploitability: P1=1.900000000 P2=0.081649962 EV: (-0.08796102576837078, 0.08796102576837078) P1 Winnings: -11.0
Choosing model 4
[0.31573416070152915, 0.01427405866579443, 0.19891710069293575, 0.14914489093179356, 0.32192978900794705]
Games played: 54
Exploitability: P1=2.600000000 P2=0.081649962 EV: (-0.13029040292581176, 0.13029040292581176) P1 Winnings: -10.0
Choosing model 3
[0.3130706665881025, 0.010954961503616328, 0.19301967031429748, 0.1381106823869829, 0.3448440192070007]
Games played: 55
Exploitability: P1=1.933333333 P2=0.081649962 EV: (-0.06696598830415462, 0.06696598830415462) P1 Winnings: -7.0
Choosing model 4
[0.31307069989791014, 0.010954973207886987, 0.19301971420645536, 0.13811074542039373, 0.34484386726735383]
Games played: 56
Exploitability: P1=2.600000000 P2=0.081649962 EV: (-0.13029040292581176, 0.13029040292581176) P1 Winnings: -10.0
Choosing model 0
[0.3130707306962997, 0.010954984035531393, 0.19301975481306022, 0.13811080375504095, 0.34484372670006774]
Games played: 57
Exploitability: P1=1.900000000 P2=0.081649962 EV: (-0.08796102576837078, 0.08796102576837078) P1 Winnings: -11.0
Choosing model 4
[0.3130707614946597, 0.01095499486318536, 0.19301979541965353, 0.13811086208969842, 0.34484358613280297]
Games played: 58
Exploitability: P1=2.600000000 P2=0.081649962 EV: (-0.13029040292581176, 0.13029040292581176) P1 Winnings: -12.0
Choosing model 2
[0.31194985654084884, 0.009855315825147513, 0.19079174313125757, 0.13411786432354145, 0.35328522017920455]
Games played: 59
Exploitability: P1=4.600000000 P2=0.081649962 EV: (0.05340807346135567, -0.05340807346135567) P1 Winnings: -15.0
Choosing model 2
[0.33777917138513036, 0.014743644364471323, 0.24138712672418236, 0.12923685043832855, 0.2768532070878874]
Games played: 60
Exploitability: P1=4.600000000 P2=0.081649962 EV: (0.05340807346135567, -0.05340807346135567) P1 Winnings: -6.0
Choosing model 0
[0.3337015329720974, 0.009793823310972678, 0.23008046990205164, 0.11418913538642857, 0.3122350384284497]
Games played: 61
Exploitability: P1=1.900000000 P2=0.081649962 EV: (-0.08796102576837078, 0.08796102576837078) P1 Winnings: -11.0
Choosing model 2
[0.3356662130761439, 0.010547757562905841, 0.23338024680700423, 0.11768639335353524, 0.30271938920041086]
Games played: 62
Exploitability: P1=4.600000000 P2=0.081649962 EV: (0.05340807346135567, -0.05340807346135567) P1 Winnings: -20.0
Choosing model 3
[0.3386109076185593, 0.012177639010599019, 0.23225289361302556, 0.12942014401796706, 0.28753841573984895]
Games played: 63
Exploitability: P1=1.933333333 P2=0.081649962 EV: (-0.06696598830415462, 0.06696598830415462) P1 Winnings: -20.0
Choosing model 3
[0.33689609992186464, 0.009758800556834478, 0.22699367020657388, 0.12167113473343373, 0.3046802945812933]
Games played: 64
Exploitability: P1=1.933333333 P2=0.081649962 EV: (-0.06696598830415462, 0.06696598830415462) P1 Winnings: -20.0
Choosing model 0
[0.33888177679003206, 0.009131668458057282, 0.228336618491315, 0.12179319979179323, 0.3018567364688025]
Games played: 65
Exploitability: P1=1.900000000 P2=0.081649962 EV: (-0.08796102576837078, 0.08796102576837078) P1 Winnings: -23.0
Choosing model 0
[0.3467194322962765, 0.01727618830510231, 0.25004117918005536, 0.15254793003009598, 0.23341527018846983]
Games played: 66
Exploitability: P1=1.900000000 P2=0.081649962 EV: (-0.08796102576837078, 0.08796102576837078) P1 Winnings: -28.0
Choosing model 2
[0.3571630270045915, 0.021017341583068443, 0.2853198590389141, 0.14122285059102727, 0.19527692178239853]
Games played: 67
Exploitability: P1=4.600000000 P2=0.081649962 EV: (0.05340807346135567, -0.05340807346135567) P1 Winnings: -23.0
Choosing model 0
[0.3509856308963114, 0.039050189113123336, 0.3065668572982287, 0.16447124222885276, 0.13892608046348373]
Games played: 68
Exploitability: P1=1.900000000 P2=0.081649962 EV: (-0.08796102576837078, 0.08796102576837078) P1 Winnings: -14.0
Choosing model 1
[0.34946217824863934, 0.04162866050642685, 0.3078016635522606, 0.1677848915799087, 0.13332260611276445]
Games played: 69
Exploitability: P1=2.800000000 P2=0.081649962 EV: (0.08164996152982298, -0.08164996152982298) P1 Winnings: -15.0
Choosing model 0
[0.35248116923464573, 0.037272408808724886, 0.3083118696185439, 0.16514367935191948, 0.13679087298616588]
Games played: 70
Exploitability: P1=1.900000000 P2=0.081649962 EV: (-0.08796102576837078, 0.08796102576837078) P1 Winnings: -12.0
Choosing model 3
[0.3509572544007948, 0.0397341765467516, 0.30955902252954015, 0.16847377074631853, 0.13127577577659497]
Games played: 71
Exploitability: P1=1.933333333 P2=0.081649962 EV: (-0.06696598830415462, 0.06696598830415462) P1 Winnings: -13.0
Choosing model 3
[0.35406985503117777, 0.041387772991836574, 0.33068353575241155, 0.15368514803801236, 0.12017368818656163]
Games played: 72
Exploitability: P1=1.933333333 P2=0.081649962 EV: (-0.06696598830415462, 0.06696598830415462) P1 Winnings: -12.0
Choosing model 2
[0.34404255408313644, 0.05739024569136258, 0.33906150736411034, 0.16247867885432815, 0.09702701400706262]
Games played: 73
Exploitability: P1=4.600000000 P2=0.081649962 EV: (0.05340807346135567, -0.05340807346135567) P1 Winnings: -5.0
Choosing model 0
[0.34982143271930866, 0.051703898362568494, 0.3171734346702487, 0.17389824747668883, 0.10740298677118536]
Games played: 74
Exploitability: P1=1.900000000 P2=0.081649962 EV: (-0.08796102576837078, 0.08796102576837078) P1 Winnings: -14.0
Choosing model 0
[0.357649390793468, 0.0405582187148434, 0.31735215307510417, 0.16598362459935925, 0.11845661281722517]
Games played: 75
Exploitability: P1=1.900000000 P2=0.081649962 EV: (-0.08796102576837078, 0.08796102576837078) P1 Winnings: -13.0
Choosing model 3
[0.350812359230779, 0.05531562388569525, 0.344444072449389, 0.15712903028117617, 0.09229891415296047]
Games played: 76
Exploitability: P1=1.933333333 P2=0.081649962 EV: (-0.06696598830415462, 0.06696598830415462) P1 Winnings: -8.0
Choosing model 2
[0.357790618920623, 0.045440194960364326, 0.3450883939713646, 0.15142623852820722, 0.10025455361944069]
Games played: 77
Exploitability: P1=4.600000000 P2=0.081649962 EV: (0.05340807346135567, -0.05340807346135567) P1 Winnings: -8.0
Choosing model 2
[0.3635843660369762, 0.04091357139817142, 0.32261954185132014, 0.16197275183590296, 0.11090976887762939]
Games played: 78
Exploitability: P1=4.600000000 P2=0.081649962 EV: (0.05340807346135567, -0.05340807346135567) P1 Winnings: 1.0
Choosing model 2
[0.3618062839342004, 0.04808170258376344, 0.35562618056977496, 0.14485157047209796, 0.0896342624401632]
Games played: 79
Exploitability: P1=4.600000000 P2=0.081649962 EV: (0.05340807346135567, -0.05340807346135567) P1 Winnings: 6.0
Choosing model 4
[0.3390739663593262, 0.05988808032977582, 0.45090725026460793, 0.0952609403973016, 0.05486976264898861]
Games played: 80
Exploitability: P1=2.600000000 P2=0.081649962 EV: (-0.13029040292581176, 0.13029040292581176) P1 Winnings: 11.0
Choosing model 2
[0.34645323010176915, 0.04928660088121848, 0.45257958576702567, 0.09197200892898914, 0.059708574320997604]
Games played: 81
Exploitability: P1=4.600000000 P2=0.081649962 EV: (0.05340807346135567, -0.05340807346135567) P1 Winnings: 12.0
Choosing model 1
[0.35779370787494974, 0.04509910317150641, 0.42999866812520887, 0.09997889489645291, 0.067129625931882]
Games played: 82
Exploitability: P1=2.800000000 P2=0.081649962 EV: (0.08164996152982298, -0.08164996152982298) P1 Winnings: 3.0
Choosing model 2
[0.3641724449592465, 0.03697265137015091, 0.42993130334885876, 0.09615532833718397, 0.07276827198455978]
Games played: 83
Exploitability: P1=4.600000000 P2=0.081649962 EV: (0.05340807346135567, -0.05340807346135567) P1 Winnings: 4.0
Choosing model 3
[0.35517291086265934, 0.05705270967816325, 0.4084505363354988, 0.11751448423303182, 0.06180935889064681]
Games played: 84
Exploitability: P1=1.933333333 P2=0.081649962 EV: (-0.06696598830415462, 0.06696598830415462) P1 Winnings: -5.0
Choosing model 3
[0.3263220842530284, 0.09692833078836345, 0.4016540107845247, 0.13217561548487616, 0.04291995868920743]
Games played: 85
Exploitability: P1=1.933333333 P2=0.081649962 EV: (-0.06696598830415462, 0.06696598830415462) P1 Winnings: -5.0
Choosing model 0
[0.3294151260539711, 0.08418914494697767, 0.4391250797117707, 0.1082940518414676, 0.03897659744581277]
Games played: 86
Exploitability: P1=1.900000000 P2=0.081649962 EV: (-0.08796102576837078, 0.08796102576837078) P1 Winnings: -2.0
Choosing model 0
[0.3097999156196992, 0.11455270574527579, 0.4297337166317556, 0.11472973863117866, 0.03118392337209069]
Games played: 87
Exploitability: P1=1.900000000 P2=0.081649962 EV: (-0.08796102576837078, 0.08796102576837078) P1 Winnings: -3.0
Choosing model 0
[0.322762703242914, 0.09237404763959506, 0.4381371936775583, 0.11162876968466312, 0.035097285755269776]
Games played: 88
Exploitability: P1=1.900000000 P2=0.081649962 EV: (-0.08796102576837078, 0.08796102576837078) P1 Winnings: -3.0
Choosing model 2
[0.33235288792325735, 0.07706649539895444, 0.44337998194415956, 0.10876901125579404, 0.03843162347783464]
Games played: 89
Exploitability: P1=4.600000000 P2=0.081649962 EV: (0.05340807346135567, -0.05340807346135567) P1 Winnings: -4.0
Choosing model 2
[0.3428648307114267, 0.061316291499971254, 0.4499929222802857, 0.10326282409231007, 0.04256313141600633]
Games played: 90
Exploitability: P1=4.600000000 P2=0.081649962 EV: (0.05340807346135567, -0.05340807346135567) P1 Winnings: -1.0
Choosing model 2
[0.3025016836363477, 0.07189901657376058, 0.5371377696032504, 0.06393257104852257, 0.02452895913811887]
Games played: 91
Exploitability: P1=4.600000000 P2=0.081649962 EV: (0.05340807346135567, -0.05340807346135567) P1 Winnings: 4.0
Choosing model 1
[0.25729912239599245, 0.15365486603986478, 0.5023134919773944, 0.07243021871699845, 0.014302300869749858]
Games played: 92
Exploitability: P1=2.800000000 P2=0.081649962 EV: (0.08164996152982298, -0.08164996152982298) P1 Winnings: 13.0
Choosing model 2
[0.2751271020272246, 0.1451273730628239, 0.47771533345495293, 0.08492942681826583, 0.017100764636732626]
Games played: 93
Exploitability: P1=4.600000000 P2=0.081649962 EV: (0.05340807346135567, -0.05340807346135567) P1 Winnings: 6.0
Choosing model 0
[0.2950727123785497, 0.10679417848822637, 0.495382023705118, 0.08199354005991683, 0.020757545368188943]
Games played: 94
Exploitability: P1=1.900000000 P2=0.081649962 EV: (-0.08796102576837078, 0.08796102576837078) P1 Winnings: 6.0
Choosing model 2
[0.29507266322164777, 0.10679425574411207, 0.495381996661076, 0.08199355296636399, 0.020757531406800034]
Games played: 95
Exploitability: P1=4.600000000 P2=0.081649962 EV: (0.05340807346135567, -0.05340807346135567) P1 Winnings: 5.0
Choosing model 0
[0.278242735488628, 0.11892804855271095, 0.5174486133221361, 0.06948401511473015, 0.015896587521794892]
Games played: 96
Exploitability: P1=1.900000000 P2=0.081649962 EV: (-0.08796102576837078, 0.08796102576837078) P1 Winnings: 10.0
Choosing model 0
[0.2744312161956042, 0.1255892368696461, 0.514649815903806, 0.07021770300836469, 0.015112028022578987]
Games played: 97
Exploitability: P1=1.900000000 P2=0.081649962 EV: (-0.08796102576837078, 0.08796102576837078) P1 Winnings: 9.0
Choosing model 0
[0.28696650967234427, 0.10076150251882793, 0.5266754747901033, 0.06854934148071512, 0.01704717153800925]
Games played: 98
Exploitability: P1=1.900000000 P2=0.081649962 EV: (-0.08796102576837078, 0.08796102576837078) P1 Winnings: 10.0
Choosing model 2
[0.283390745553908, 0.10653872513170753, 0.5244842522888208, 0.06936010923046966, 0.01622616779509401]
Games played: 99
Exploitability: P1=4.600000000 P2=0.081649962 EV: (0.05340807346135567, -0.05340807346135567) P1 Winnings: 15.0
Choosing model 2
[0.265918209754592, 0.11806235763493439, 0.5451638097373598, 0.05849012175179355, 0.012365501121320285]
Games played: 100
Exploitability: P1=4.600000000 P2=0.081649962 EV: (0.05340807346135567, -0.05340807346135567) P1 Winnings: 20.0
Choosing model 0
[0.24183533149524175, 0.14929135855791104, 0.5486034829430421, 0.0513367047142498, 0.008933122289555338]
Games played: 101
Exploitability: P1=1.900000000 P2=0.081649962 EV: (-0.08796102576837078, 0.08796102576837078) P1 Winnings: 25.0
Choosing model 2
[0.21504910209704686, 0.21093163768231576, 0.514292765867508, 0.05336172505827655, 0.006364769294852679]
Games played: 102
Exploitability: P1=4.600000000 P2=0.081649962 EV: (0.05340807346135567, -0.05340807346135567) P1 Winnings: 20.0
Choosing model 3
[0.236822208966309, 0.1561883370718955, 0.546431244856432, 0.052556657637383826, 0.008001551467979696]
Games played: 103
Exploitability: P1=1.933333333 P2=0.081649962 EV: (-0.06696598830415462, 0.06696598830415462) P1 Winnings: 15.0
Choosing model 2
[0.24178571688471956, 0.14188419273420047, 0.5554617093658953, 0.052686485391297, 0.008181895623887414]
Games played: 104
Exploitability: P1=4.600000000 P2=0.081649962 EV: (0.05340807346135567, -0.05340807346135567) P1 Winnings: 10.0
Choosing model 0
[0.22377139908424248, 0.20776427657521931, 0.5007670121687757, 0.06110242614515144, 0.006594886026610877]
Games played: 105
Exploitability: P1=1.900000000 P2=0.081649962 EV: (-0.08796102576837078, 0.08796102576837078) P1 Winnings: 23.0
Choosing model 2
[0.22377134147278765, 0.20776440799543866, 0.5007669393289378, 0.06110243021114105, 0.006594880991694801]
Games played: 106
Exploitability: P1=4.600000000 P2=0.081649962 EV: (0.05340807346135567, -0.05340807346135567) P1 Winnings: 22.0
Choosing model 0
[0.206408870235953, 0.22632711299330407, 0.5116720456613932, 0.050651547389804076, 0.004940423719545657]
Games played: 107
Exploitability: P1=1.900000000 P2=0.081649962 EV: (-0.08796102576837078, 0.08796102576837078) P1 Winnings: 27.0
Choosing model 2
[0.22076918778262442, 0.18736534189964052, 0.5355628419387632, 0.050594220074531356, 0.005708408304440456]
Games played: 108
Exploitability: P1=4.600000000 P2=0.081649962 EV: (0.05340807346135567, -0.05340807346135567) P1 Winnings: 27.0
Choosing model 2
[0.2604548413627129, 0.17403376527133102, 0.47593262264086916, 0.08046304819572803, 0.009115722529358867]
Games played: 109
Exploitability: P1=4.600000000 P2=0.081649962 EV: (0.05340807346135567, -0.05340807346135567) P1 Winnings: 18.0
Choosing model 2
[0.22943441059436184, 0.2118097074341807, 0.48986684589293805, 0.06307746932155135, 0.005811566756968116]
Games played: 110
Exploitability: P1=4.600000000 P2=0.081649962 EV: (0.05340807346135567, -0.05340807346135567) P1 Winnings: 27.0
Choosing model 2
[0.18779073987786246, 0.23041125686854907, 0.5424613726359426, 0.03622957132356192, 0.003107059294084028]
Games played: 111
Exploitability: P1=4.600000000 P2=0.081649962 EV: (0.05340807346135567, -0.05340807346135567) P1 Winnings: 32.0
Choosing model 0
[0.18779054345089372, 0.23041179327193256, 0.5424610352320228, 0.036229577954160375, 0.003107050090990402]
Games played: 112
Exploitability: P1=1.900000000 P2=0.081649962 EV: (-0.08796102576837078, 0.08796102576837078) P1 Winnings: 23.0
Choosing model 2
[0.18132725821312004, 0.2297032775260563, 0.5546158809435388, 0.031631335249398644, 0.002722248067886239]
Games played: 113
Exploitability: P1=4.600000000 P2=0.081649962 EV: (0.05340807346135567, -0.05340807346135567) P1 Winnings: 24.0
Choosing model 0
[0.1936957899537121, 0.18923918365807726, 0.5828482627454193, 0.031094955975262774, 0.003121807667528503]
Games played: 114
Exploitability: P1=1.900000000 P2=0.081649962 EV: (-0.08796102576837078, 0.08796102576837078) P1 Winnings: 27.0
Choosing model 2
[0.1936957430410874, 0.18923930624800459, 0.5828481868601831, 0.031094958518927678, 0.003121805331797181]
Games played: 115
Exploitability: P1=4.600000000 P2=0.081649962 EV: (0.05340807346135567, -0.05340807346135567) P1 Winnings: 26.0
Choosing model 2
[0.1867531628529822, 0.18837894002366465, 0.5950284294379096, 0.027108328867119766, 0.0027311388183237804]
Games played: 116
Exploitability: P1=4.600000000 P2=0.081649962 EV: (0.05340807346135567, -0.05340807346135567) P1 Winnings: 27.0
Choosing model 1
[0.1703684763949488, 0.23752448999229067, 0.562459463755419, 0.02749431368070513, 0.0021532561766364634]
Games played: 117
Exploitability: P1=2.800000000 P2=0.081649962 EV: (0.08164996152982298, -0.08164996152982298) P1 Winnings: 18.0
Choosing model 2
[0.18934237945080037, 0.1774962032370658, 0.6031011188433332, 0.027328422138344726, 0.002731876330455738]
Games played: 118
Exploitability: P1=4.600000000 P2=0.081649962 EV: (0.05340807346135567, -0.05340807346135567) P1 Winnings: 13.0
Choosing model 2
[0.15276190499877035, 0.20939458713697884, 0.6186896091132384, 0.017712698723888365, 0.0014412000271241338]
Games played: 119
Exploitability: P1=4.600000000 P2=0.081649962 EV: (0.05340807346135567, -0.05340807346135567) P1 Winnings: 18.0
Choosing model 0
[0.1385621764779212, 0.2243037959233818, 0.6216337757437693, 0.014438587499653127, 0.0010616643552746519]
Games played: 120
Exploitability: P1=1.900000000 P2=0.081649962 EV: (-0.08796102576837078, 0.08796102576837078) P1 Winnings: 23.0
Choosing model 2
[0.138562138595751, 0.2243039342306315, 0.6216336754154695, 0.014438588230329787, 0.0010616635278180978]
Games played: 121
Exploitability: P1=4.600000000 P2=0.081649962 EV: (0.05340807346135567, -0.05340807346135567) P1 Winnings: 22.0
Choosing model 1
[0.12529383369118424, 0.23953200655650522, 0.6226611990544864, 0.01173330050323951, 0.0007796601945846689]
Games played: 122
Exploitability: P1=2.800000000 P2=0.081649962 EV: (0.08164996152982298, -0.08164996152982298) P1 Winnings: 27.0
Choosing model 2
[0.13566248487648297, 0.22979711739265674, 0.6202488091949417, 0.013372568725172045, 0.0009190198107465634]
Games played: 123
Exploitability: P1=4.600000000 P2=0.081649962 EV: (0.05340807346135567, -0.05340807346135567) P1 Winnings: 36.0
Choosing model 2
[0.13012008584242743, 0.22756332040881605, 0.6299192629235663, 0.011597497464960407, 0.0007998333602298489]
Games played: 124
Exploitability: P1=4.600000000 P2=0.081649962 EV: (0.05340807346135567, -0.05340807346135567) P1 Winnings: 37.0
Choosing model 2
[0.13695479660233037, 0.19274420392757752, 0.6581818111652716, 0.011234528638828045, 0.000884659665992375]
Games played: 125
Exploitability: P1=4.600000000 P2=0.081649962 EV: (0.05340807346135567, -0.05340807346135567) P1 Winnings: 38.0
Choosing model 2
[0.14501584441581555, 0.157400578096028, 0.6856306183420513, 0.010947334765764809, 0.0010056243803402785]
Games played: 126
Exploitability: P1=4.600000000 P2=0.081649962 EV: (0.05340807346135567, -0.05340807346135567) P1 Winnings: 41.0
Choosing model 2
[0.13886196193195513, 0.15561350192847692, 0.695172240301172, 0.009478532733752636, 0.0008737631046433465]
Games played: 127
Exploitability: P1=4.600000000 P2=0.081649962 EV: (0.05340807346135567, -0.05340807346135567) P1 Winnings: 42.0
Choosing model 0
[0.14494505749321032, 0.1316033405632616, 0.713119614316151, 0.009362119019076404, 0.0009698686083007007]
Games played: 128
Exploitability: P1=1.900000000 P2=0.081649962 EV: (-0.08796102576837078, 0.08796102576837078) P1 Winnings: 41.0
Choosing model 2
[0.13866995470341653, 0.12999270712955951, 0.7223966465978247, 0.008098750037910203, 0.0008419415312891425]
Games played: 129
Exploitability: P1=4.600000000 P2=0.081649962 EV: (0.05340807346135567, -0.05340807346135567) P1 Winnings: 42.0
Choosing model 1
[0.14944677508850626, 0.12412924573900973, 0.7162488887328216, 0.009187275594379174, 0.000987814845283325]
Games played: 130
Exploitability: P1=2.800000000 P2=0.081649962 EV: (0.08164996152982298, -0.08164996152982298) P1 Winnings: 33.0
Choosing model 2
[0.15592176452489873, 0.10169404346357516, 0.7322871505992963, 0.008989310213505816, 0.0011077311987241027]
Games played: 131
Exploitability: P1=4.600000000 P2=0.081649962 EV: (0.05340807346135567, -0.05340807346135567) P1 Winnings: 36.0
Choosing model 1
[0.12537263817411076, 0.11956406933965696, 0.7486742399390567, 0.005806645793316387, 0.0005824067538591794]
Games played: 132
Exploitability: P1=2.800000000 P2=0.081649962 EV: (0.08164996152982298, -0.08164996152982298) P1 Winnings: 41.0
Choosing model 2
[0.1311621927997559, 0.0959734484751776, 0.7665356588942687, 0.005671398998104736, 0.0006573008326932413]
Games played: 133
Exploitability: P1=4.600000000 P2=0.081649962 EV: (0.05340807346135567, -0.05340807346135567) P1 Winnings: 42.0
Choosing model 2
[0.12897718283568177, 0.10068770935942188, 0.7640842604219411, 0.005631704542963388, 0.000619142839991884]
Games played: 134
Exploitability: P1=4.600000000 P2=0.081649962 EV: (0.05340807346135567, -0.05340807346135567) P1 Winnings: 47.0
Choosing model 2
[0.12679328615010757, 0.10560414741826153, 0.7614287966580593, 0.005590732016174072, 0.0005830377573973904]
Games played: 135
Exploitability: P1=4.600000000 P2=0.081649962 EV: (0.05340807346135567, -0.05340807346135567) P1 Winnings: 52.0
Choosing model 2
[0.11819073943578387, 0.1385061156791542, 0.7370067173159696, 0.005830723146655679, 0.00046570442243670996]
Games played: 136
Exploitability: P1=4.600000000 P2=0.081649962 EV: (0.05340807346135567, -0.05340807346135567) P1 Winnings: 52.0
Choosing model 2
[0.10438242082295633, 0.17008437222257805, 0.7202366742269093, 0.004969813899104283, 0.00032671882845188287]
Games played: 137
Exploitability: P1=4.600000000 P2=0.081649962 EV: (0.05340807346135567, -0.05340807346135567) P1 Winnings: 57.0
Choosing model 0
[0.10220826156798388, 0.17768230971764812, 0.7148888793623462, 0.004914102436495913, 0.0003064469155258313]
Games played: 138
Exploitability: P1=1.900000000 P2=0.081649962 EV: (-0.08796102576837078, 0.08796102576837078) P1 Winnings: 62.0
Choosing model 2
[0.11108254218874858, 0.13250018378661854, 0.7512326868322124, 0.0048076427604739165, 0.0003769444319465919]
Games played: 139
Exploitability: P1=4.600000000 P2=0.081649962 EV: (0.05340807346135567, -0.05340807346135567) P1 Winnings: 55.0
Choosing model 2
[0.13547419011473824, 0.0852388054307694, 0.7731129277022204, 0.005552212870232036, 0.0006218638820398915]
Games played: 140
Exploitability: P1=4.600000000 P2=0.081649962 EV: (0.05340807346135567, -0.05340807346135567) P1 Winnings: 50.0
Choosing model 2
[0.1339298952077892, 0.08725979221363606, 0.7725850905496955, 0.0056444245300374535, 0.0005807974988417778]
Games played: 141
Exploitability: P1=4.600000000 P2=0.081649962 EV: (0.05340807346135567, -0.05340807346135567) P1 Winnings: 55.0
Choosing model 2
[0.12193866501375696, 0.09382522681158031, 0.7791882236355855, 0.00461842526232213, 0.0004294592767550905]
Games played: 142
Exploitability: P1=4.600000000 P2=0.081649962 EV: (0.05340807346135567, -0.05340807346135567) P1 Winnings: 60.0
Choosing model 2
[0.1616233167890939, 0.08559808692041673, 0.7436151827127009, 0.00830257170540637, 0.0008608418723820939]
Games played: 143
Exploitability: P1=4.600000000 P2=0.081649962 EV: (0.05340807346135567, -0.05340807346135567) P1 Winnings: 49.0
Choosing model 2
[0.1665280191112031, 0.07145733712871799, 0.7529765927464087, 0.008094846924223697, 0.0009432040894465144]
Games played: 144
Exploitability: P1=4.600000000 P2=0.081649962 EV: (0.05340807346135567, -0.05340807346135567) P1 Winnings: 50.0
Choosing model 0
[0.12944074363294103, 0.07381977631890643, 0.7918452412325899, 0.004415355121474012, 0.00047888369408867243]
Games played: 145
Exploitability: P1=1.900000000 P2=0.081649962 EV: (-0.08796102576837078, 0.08796102576837078) P1 Winnings: 55.0
Choosing model 0
[0.12791042936839617, 0.07810271473436198, 0.7890602767051095, 0.004470464374562286, 0.0004561148175700875]
Games played: 146
Exploitability: P1=1.900000000 P2=0.081649962 EV: (-0.08796102576837078, 0.08796102576837078) P1 Winnings: 46.0
Choosing model 2
[0.12199364566800806, 0.07690781885769261, 0.7968485932410081, 0.0038552164440914683, 0.0003947257891998965]
Games played: 147
Exploitability: P1=4.600000000 P2=0.081649962 EV: (0.05340807346135567, -0.05340807346135567) P1 Winnings: 47.0
Choosing model 0
[0.12199357230893347, 0.07690803209852605, 0.7968484519331049, 0.0038552188638956066, 0.0003947247955399566]
Games played: 148
Exploitability: P1=1.900000000 P2=0.081649962 EV: (-0.08796102576837078, 0.08796102576837078) P1 Winnings: 38.0
Choosing model 2
[0.11097439444979766, 0.08262264146981455, 0.8029596440797717, 0.0031517024972966263, 0.0002916175033195689]
Games played: 149
Exploitability: P1=4.600000000 P2=0.081649962 EV: (0.05340807346135567, -0.05340807346135567) P1 Winnings: 43.0
Choosing model 2
[0.11097432536367269, 0.08262286880393195, 0.8029594846606697, 0.0031517044086912535, 0.0002916167630344766]
Games played: 150
Exploitability: P1=4.600000000 P2=0.081649962 EV: (0.05340807346135567, -0.05340807346135567) P1 Winnings: 34.0
Choosing model 2
[0.100786980061117, 0.08861836449373993, 0.8078071662207852, 0.0025723954959138632, 0.00021509372844385476]
Games played: 151
Exploitability: P1=4.600000000 P2=0.081649962 EV: (0.05340807346135567, -0.05340807346135567) P1 Winnings: 39.0
Choosing model 2
[0.09948293422676513, 0.09365399994179203, 0.8040568697458073, 0.002601560538963695, 0.00020463554667165529]
Games played: 152
Exploitability: P1=4.600000000 P2=0.081649962 EV: (0.05340807346135567, -0.05340807346135567) P1 Winnings: 26.0
Choosing model 2
[0.07572466021698114, 0.09474521625401246, 0.8280387593120052, 0.0013896198171390798, 0.00010174439986221636]
Games played: 153
Exploitability: P1=4.600000000 P2=0.081649962 EV: (0.05340807346135567, -0.05340807346135567) P1 Winnings: 31.0
Choosing model 2
[0.0788635932698057, 0.0757078699241228, 0.8439631066608173, 0.001351120831378435, 0.00011430931387569583]
Games played: 154
Exploitability: P1=4.600000000 P2=0.081649962 EV: (0.05340807346135567, -0.05340807346135567) P1 Winnings: 32.0
Choosing model 2
[0.08055750466410143, 0.06223241152953231, 0.855817154019044, 0.0012702268755192107, 0.00012270291180307765]
Games played: 155
Exploitability: P1=4.600000000 P2=0.081649962 EV: (0.05340807346135567, -0.05340807346135567) P1 Winnings: 33.0
Choosing model 2
[0.07964033696016853, 0.06370882103372834, 0.8552448993712143, 0.001291341111473692, 0.00011460152341507457]
Games played: 156
Exploitability: P1=4.600000000 P2=0.081649962 EV: (0.05340807346135567, -0.05340807346135567) P1 Winnings: 38.0
Choosing model 2
[0.0631389767508676, 0.07385385460066991, 0.8621253119882922, 0.0008224478530021267, 5.9408807168246146e-05]
Games played: 157
Exploitability: P1=4.600000000 P2=0.081649962 EV: (0.05340807346135567, -0.05340807346135567) P1 Winnings: 43.0
Choosing model 2
[0.06547192596542926, 0.058759115879508265, 0.8749062962026909, 0.0007962050207444093, 6.645693162725862e-05]
Games played: 158
Exploitability: P1=4.600000000 P2=0.081649962 EV: (0.05340807346135567, -0.05340807346135567) P1 Winnings: 44.0
Choosing model 2
[0.062158093335898106, 0.05759581554050384, 0.8795053511652267, 0.0006834902972035071, 5.724966116797295e-05]
Games played: 159
Exploitability: P1=4.600000000 P2=0.081649962 EV: (0.05340807346135567, -0.05340807346135567) P1 Winnings: 45.0
Choosing model 1
[0.06382532528686505, 0.047916573398610184, 0.8875314781596619, 0.0006641105978243989, 6.251255703840935e-05]
Games played: 160
Exploitability: P1=2.800000000 P2=0.081649962 EV: (0.08164996152982298, -0.08164996152982298) P1 Winnings: 46.0
Choosing model 2
[0.06089626987212553, 0.061640303392115466, 0.8767102010064748, 0.0007017590558420012, 5.146667344223395e-05]
Games played: 161
Exploitability: P1=4.600000000 P2=0.081649962 EV: (0.05340807346135567, -0.05340807346135567) P1 Winnings: 53.0
Choosing model 2
[0.05989881658149134, 0.06488123509635911, 0.8744559397516805, 0.0007167504049077561, 4.725816556138286e-05]
Games played: 162
Exploitability: P1=4.600000000 P2=0.081649962 EV: (0.05340807346135567, -0.05340807346135567) P1 Winnings: 60.0
Choosing model 2
[0.059898781212944764, 0.06488141569616518, 0.874455794181203, 0.0007167508625771118, 4.7258047109798085e-05]
Games played: 163
Exploitability: P1=4.600000000 P2=0.081649962 EV: (0.05340807346135567, -0.05340807346135567) P1 Winnings: 51.0
Choosing model 2
[0.056266528191722544, 0.08817875391234925, 0.8547584899325488, 0.0007584623127780089, 3.776565060143784e-05]
Games played: 164
Exploitability: P1=4.600000000 P2=0.081649962 EV: (0.05340807346135567, -0.05340807346135567) P1 Winnings: 42.0
Choosing model 2
[0.055520686544281696, 0.09315949222023476, 0.8505170880642398, 0.0007668152780791387, 3.591789316469794e-05]
Games played: 165
Exploitability: P1=4.600000000 P2=0.081649962 EV: (0.05340807346135567, -0.05340807346135567) P1 Winnings: 29.0
Choosing model 2
[0.05779166858599994, 0.07505511364171237, 0.8663674118754571, 0.000745417004943154, 4.038889188740044e-05]
Games played: 166
Exploitability: P1=4.600000000 P2=0.081649962 EV: (0.05340807346135567, -0.05340807346135567) P1 Winnings: 26.0
Choosing model 2
[0.05486481181037132, 0.07356683275009189, 0.8708936917445959, 0.000639871593137798, 3.479210180316647e-05]
Games played: 167
Exploitability: P1=4.600000000 P2=0.081649962 EV: (0.05340807346135567, -0.05340807346135567) P1 Winnings: 27.0
Choosing model 2
[0.05418566710457771, 0.0777913011908677, 0.8673424189787415, 0.0006474934851837671, 3.3119240629332465e-05]
Games played: 168
Exploitability: P1=4.600000000 P2=0.081649962 EV: (0.05340807346135567, -0.05340807346135567) P1 Winnings: 14.0
Choosing model 2
[0.0535007171014748, 0.0822365080282681, 0.8635762242682193, 0.0006550321613373786, 3.151844070029961e-05]
Games played: 169
Exploitability: P1=4.600000000 P2=0.081649962 EV: (0.05340807346135567, -0.05340807346135567) P1 Winnings: 1.0
Choosing model 1
[0.04829282679681986, 0.0876656034043438, 0.8634870952680818, 0.0005313687263955403, 2.31058043590098e-05]
Games played: 170
Exploitability: P1=2.800000000 P2=0.081649962 EV: (0.08164996152982298, -0.08164996152982298) P1 Winnings: 6.0
Choosing model 2
[0.05399915833046827, 0.08658477581751502, 0.8587356324557536, 0.0006515438975439943, 2.8889498719139297e-05]
Games played: 171
Exploitability: P1=4.600000000 P2=0.081649962 EV: (0.05340807346135567, -0.05340807346135567) P1 Winnings: -1.0
Choosing model 2
[0.0539991228536039, 0.08658501107065598, 0.8587354323811159, 0.0006515442702375573, 2.8889424386568067e-05]
Games played: 172
Exploitability: P1=4.600000000 P2=0.081649962 EV: (0.05340807346135567, -0.05340807346135567) P1 Winnings: -10.0
Choosing model 2
[0.056162184224312364, 0.06909466403100958, 0.8740780929441692, 0.0006326451422493776, 3.2413658259452266e-05]
Games played: 173
Exploitability: P1=4.600000000 P2=0.081649962 EV: (0.05340807346135567, -0.05340807346135567) P1 Winnings: -9.0
Choosing model 2
[0.05779247684553975, 0.05760647430952455, 0.8839495517608421, 0.000616027641994954, 3.546944209848611e-05]
Games played: 174
Exploitability: P1=4.600000000 P2=0.081649962 EV: (0.05340807346135567, -0.05340807346135567) P1 Winnings: -8.0
Choosing model 2
[0.06731911749847913, 0.11107355255520077, 0.8203269018183665, 0.0012366678484662923, 4.3760279487277825e-05]
Games played: 175
Exploitability: P1=4.600000000 P2=0.081649962 EV: (0.05340807346135567, -0.05340807346135567) P1 Winnings: -17.0
Choosing model 2
[0.0697811224364533, 0.0932845386014715, 0.8356730895509175, 0.0012130125972579832, 4.823681389988599e-05]
Games played: 176
Exploitability: P1=4.600000000 P2=0.081649962 EV: (0.05340807346135567, -0.05340807346135567) P1 Winnings: -16.0
Choosing model 2
[0.08473215055115957, 0.13922391433893277, 0.7735948500073734, 0.0023782224078863464, 7.086269464800288e-05]
Games played: 177
Exploitability: P1=4.600000000 P2=0.081649962 EV: (0.05340807346135567, -0.05340807346135567) P1 Winnings: -29.0
Choosing model 2
[0.08301320761571654, 0.1459619296274942, 0.7685406746588912, 0.002419378423570184, 6.48096743278913e-05]
Games played: 178
Exploitability: P1=4.600000000 P2=0.081649962 EV: (0.05340807346135567, -0.05340807346135567) P1 Winnings: -22.0
Choosing model 2
[0.08656883862542332, 0.12332566349764668, 0.7876461955418607, 0.0023874314115161664, 7.187092355298086e-05]
Games played: 179
Exploitability: P1=4.600000000 P2=0.081649962 EV: (0.05340807346135567, -0.05340807346135567) P1 Winnings: -21.0
Choosing model 2
[0.08656877345099181, 0.12332598675308168, 0.7876459365159136, 0.0023874325482740742, 7.187073173887761e-05]
Games played: 180
Exploitability: P1=4.600000000 P2=0.081649962 EV: (0.05340807346135567, -0.05340807346135567) P1 Winnings: -30.0
Choosing model 2
[0.07820736040357472, 0.13157776475721852, 0.7882238126962061, 0.0019383304427896865, 5.273170021108249e-05]
Games played: 181
Exploitability: P1=4.600000000 P2=0.081649962 EV: (0.05340807346135567, -0.05340807346135567) P1 Winnings: -25.0
Choosing model 1
[0.07248105637980588, 0.16854432223606985, 0.7569351766809996, 0.001997209040451699, 4.223566267302511e-05]
Games played: 182
Exploitability: P1=2.800000000 P2=0.081649962 EV: (0.08164996152982298, -0.08164996152982298) P1 Winnings: -20.0
Choosing model 2
[0.0724810379402525, 0.16854444149744077, 0.7569350757021057, 0.001997209231375772, 4.223562882511115e-05]
Games played: 183
Exploitability: P1=4.600000000 P2=0.081649962 EV: (0.05340807346135567, -0.05340807346135567) P1 Winnings: -27.0
Choosing model 2
[0.07248097328811945, 0.16854485982949494, 0.7569347214676865, 0.0019972099044714546, 4.2235510227743226e-05]
Games played: 184
Exploitability: P1=4.600000000 P2=0.081649962 EV: (0.05340807346135567, -0.05340807346135567) P1 Winnings: -36.0
Choosing model 2
[0.0714629776080616, 0.17207923142516576, 0.7543935043796222, 0.002024945779234061, 3.9340807916455856e-05]
Games played: 185
Exploitability: P1=4.600000000 P2=0.081649962 EV: (0.05340807346135567, -0.05340807346135567) P1 Winnings: -31.0
Choosing model 1
[0.07438265993557677, 0.1441335932134732, 0.7795008952121855, 0.0019398210113657846, 4.303062739878234e-05]
Games played: 186
Exploitability: P1=2.800000000 P2=0.081649962 EV: (0.08164996152982298, -0.08164996152982298) P1 Winnings: -30.0
Choosing model 2
[0.07602710939217627, 0.13077395875415807, 0.7912194113354648, 0.001934780924262095, 4.473959393872264e-05]
Games played: 187
Exploitability: P1=4.600000000 P2=0.081649962 EV: (0.05340807346135567, -0.05340807346135567) P1 Winnings: -27.0
Choosing model 2
[0.06539358261285771, 0.0889998558626585, 0.844524745306394, 0.0010505829673473884, 3.123325074248393e-05]
Games played: 188
Exploitability: P1=4.600000000 P2=0.081649962 EV: (0.05340807346135567, -0.05340807346135567) P1 Winnings: -26.0
Choosing model 2
[0.06426741742812003, 0.09331815921432816, 0.8413423869899401, 0.0010426331160574107, 2.9403251554167948e-05]
Games played: 189
Exploitability: P1=4.600000000 P2=0.081649962 EV: (0.05340807346135567, -0.05340807346135567) P1 Winnings: -21.0
Choosing model 2
[0.057075170685243114, 0.1152322602449389, 0.8267781879684226, 0.000893638099064111, 2.0743002331380373e-05]
Games played: 190
Exploitability: P1=4.600000000 P2=0.081649962 EV: (0.05340807346135567, -0.05340807346135567) P1 Winnings: -16.0
Choosing model 2
[0.05944252493839704, 0.09255734697434538, 0.847120436475452, 0.0008564993553826202, 2.3192256422920984e-05]
Games played: 191
Exploitability: P1=4.600000000 P2=0.081649962 EV: (0.05340807346135567, -0.05340807346135567) P1 Winnings: -13.0
Choosing model 2
[0.05944248496456555, 0.09255759702145089, 0.8471202259855463, 0.0008564998320472448, 2.3192196390097318e-05]
Games played: 192
Exploitability: P1=4.600000000 P2=0.081649962 EV: (0.05340807346135567, -0.05340807346135567) P1 Winnings: -22.0
Choosing model 2
[0.0557566278295702, 0.11999589399017113, 0.8233354837866885, 0.0008931937777087032, 1.8800615861363544e-05]
Games played: 193
Exploitability: P1=4.600000000 P2=0.081649962 EV: (0.05340807346135567, -0.05340807346135567) P1 Winnings: -31.0
Choosing model 2
[0.06698308598266836, 0.1771858073812756, 0.7540712093396388, 0.001732571709519519, 2.732558689782512e-05]
Games played: 194
Exploitability: P1=4.600000000 P2=0.081649962 EV: (0.05340807346135567, -0.05340807346135567) P1 Winnings: -44.0
Choosing model 2
[0.05827460133081812, 0.2143357610503741, 0.7259160340123191, 0.0014547191911551778, 1.8884415333633717e-05]
Games played: 195
Exploitability: P1=4.600000000 P2=0.081649962 EV: (0.05340807346135567, -0.05340807346135567) P1 Winnings: -39.0
Choosing model 2
[0.055524145553011654, 0.2108484060465434, 0.7323578460950859, 0.001253275689154592, 1.6326616204413788e-05]
Games played: 196
Exploitability: P1=4.600000000 P2=0.081649962 EV: (0.05340807346135567, -0.05340807346135567) P1 Winnings: -38.0
Choosing model 2
[0.049711733160678125, 0.22294045562447604, 0.7263275370383118, 0.0010084026505234748, 1.1871526010479936e-05]
Games played: 197
Exploitability: P1=4.600000000 P2=0.081649962 EV: (0.05340807346135567, -0.05340807346135567) P1 Winnings: -33.0
Choosing model 2
[0.04850562582788562, 0.232082949260724, 0.7184067266279942, 0.000993602391665385, 1.1095891730891164e-05]
Games played: 198
Exploitability: P1=4.600000000 P2=0.081649962 EV: (0.05340807346135567, -0.05340807346135567) P1 Winnings: -28.0
Choosing model 2
[0.03648097706169971, 0.23198494276349563, 0.7310042320477065, 0.0005243971136824692, 5.451013415708687e-06]
Games played: 199
Exploitability: P1=4.600000000 P2=0.081649962 EV: (0.05340807346135567, -0.05340807346135567) P1 Winnings: -23.0
Choosing model 1
[0.0325526053506112, 0.2444672181103495, 0.7225557030735249, 0.00042052316726337563, 3.950298250921092e-06]
Games played: 200
Exploitability: P1=2.800000000 P2=0.081649962 EV: (0.08164996152982298, -0.08164996152982298) P1 Winnings: -18.0
