Player 1 exploitability: 0.0772949042084
Choosing model 3
[0.2097844752128055, 0.1623738595954076, 0.2052967168944297, 0.195916709694078, 0.22662823860327924]
Games played: 1
Exploitability: P1=1.933333333 P2=-0.008357110 EV: (-0.12734615979603348, 0.12734615979603348) P1 Winnings: -3
Choosing model 1
[0.21459269925011523, 0.17148684988227494, 0.22236067188065883, 0.1812082430205601, 0.21035153596639097]
Games played: 2
Exploitability: P1=2.800000000 P2=-0.008357110 EV: (-0.40703277073556526, 0.40703277073556526) P1 Winnings: -2.0
Choosing model 1
[0.21521350139655196, 0.20310795562193093, 0.24702715613027268, 0.1633213129711042, 0.17133007388014035]
Games played: 3
Exploitability: P1=2.800000000 P2=-0.008357110 EV: (-0.40703277073556526, 0.40703277073556526) P1 Winnings: 3.0
Choosing model 2
[0.21941110266674108, 0.1834708088987352, 0.23169563450969483, 0.17526553566772618, 0.1901569182571028]
Games played: 4
Exploitability: P1=4.600000000 P2=-0.008357110 EV: (-0.39392576188918044, 0.39392576188918044) P1 Winnings: 12.0
Choosing model 4
[0.21741916369405614, 0.19396677249102476, 0.23273502407213872, 0.17538045301105454, 0.18049858673172584]
Games played: 5
Exploitability: P1=2.600000000 P2=-0.008357110 EV: (-0.00865652700459053, 0.00865652700459053) P1 Winnings: 17.0
Choosing model 3
[0.21741912799643043, 0.1939669132747495, 0.23273501192620308, 0.1753804810390546, 0.18049846576356252]
Games played: 6
Exploitability: P1=1.933333333 P2=-0.008357110 EV: (-0.12734615979603348, 0.12734615979603348) P1 Winnings: 16.0
Choosing model 4
[0.22040031288304712, 0.20300896811019628, 0.24981042361613676, 0.1607535558627954, 0.16602673952782446]
Games played: 7
Exploitability: P1=2.600000000 P2=-0.008357110 EV: (-0.00865652700459053, 0.00865652700459053) P1 Winnings: 17.0
Choosing model 3
[0.23204261089029243, 0.16398920806614412, 0.2573947360683619, 0.15800654918201956, 0.18856689579318187]
Games played: 8
Exploitability: P1=1.933333333 P2=-0.008357110 EV: (-0.12734615979603348, 0.12734615979603348) P1 Winnings: 17.0
Choosing model 0
[0.24117648206294395, 0.13192437773389618, 0.2618035416080311, 0.15336998880210057, 0.21172560979302818]
Games played: 9
Exploitability: P1=1.900000000 P2=-0.008357110 EV: (-0.08563681264530898, 0.08563681264530898) P1 Winnings: 20.0
Choosing model 4
[0.24858292751667047, 0.10432920664357631, 0.26408603009747017, 0.1475827815897169, 0.2354190541525661]
Games played: 10
Exploitability: P1=2.600000000 P2=-0.008357110 EV: (-0.00865652700459053, 0.00865652700459053) P1 Winnings: 21.0
Choosing model 0
[0.24741698665113698, 0.11117895113727984, 0.2650565625041677, 0.15050327241033673, 0.2258442272970788]
Games played: 11
Exploitability: P1=1.900000000 P2=-0.008357110 EV: (-0.08563681264530898, 0.08563681264530898) P1 Winnings: 20.0
Choosing model 1
[0.237674799131409, 0.15027162340021927, 0.2643912879108836, 0.16175813038229206, 0.18590415917519612]
Games played: 12
Exploitability: P1=2.800000000 P2=-0.008357110 EV: (-0.40703277073556526, 0.40703277073556526) P1 Winnings: 25.0
Choosing model 3
[0.24621768389788598, 0.1252735092342034, 0.27190132725654853, 0.1542268143607958, 0.2023806652505662]
Games played: 13
Exploitability: P1=1.933333333 P2=-0.008357110 EV: (-0.12734615979603348, 0.12734615979603348) P1 Winnings: 26.0
Choosing model 0
[0.25762621924824974, 0.11278162705385257, 0.30812093608863733, 0.13097454468730718, 0.19049667292195316]
Games played: 14
Exploitability: P1=1.900000000 P2=-0.008357110 EV: (-0.08563681264530898, 0.08563681264530898) P1 Winnings: 29.0
Choosing model 3
[0.2605884216160936, 0.10612186452198022, 0.31167060928249396, 0.13183635969644403, 0.1897827448829883]
Games played: 15
Exploitability: P1=1.933333333 P2=-0.008357110 EV: (-0.12734615979603348, 0.12734615979603348) P1 Winnings: 26.0
Choosing model 2
[0.2393283410842295, 0.17501715193356676, 0.30534828876786074, 0.14676761552730883, 0.13353860268703424]
Games played: 16
Exploitability: P1=4.600000000 P2=-0.008357110 EV: (-0.39392576188918044, 0.39392576188918044) P1 Winnings: 23.0
Choosing model 2
[0.26000282572946365, 0.11394047753971306, 0.3176939080856734, 0.13907460309705552, 0.1692881855480945]
Games played: 17
Exploitability: P1=4.600000000 P2=-0.008357110 EV: (-0.39392576188918044, 0.39392576188918044) P1 Winnings: 26.0
Choosing model 4
[0.274010012917202, 0.06333977574942869, 0.282523747609932, 0.1387903786179973, 0.24133608510544005]
Games played: 18
Exploitability: P1=2.600000000 P2=-0.008357110 EV: (-0.00865652700459053, 0.00865652700459053) P1 Winnings: 21.0
Choosing model 4
[0.2765113150509748, 0.05178721058127771, 0.2801891278485322, 0.13253139363016017, 0.2589809528890552]
Games played: 19
Exploitability: P1=2.600000000 P2=-0.008357110 EV: (-0.00865652700459053, 0.00865652700459053) P1 Winnings: 20.0
Choosing model 3
[0.2843997023062739, 0.061996379337927454, 0.33323935032195223, 0.11253728494296707, 0.2078272830908793]
Games played: 20
Exploitability: P1=1.933333333 P2=-0.008357110 EV: (-0.12734615979603348, 0.12734615979603348) P1 Winnings: 23.0
Choosing model 4
[0.2787933629151781, 0.08399902427338791, 0.3384868526886503, 0.12265027975731835, 0.17607048036546524]
Games played: 21
Exploitability: P1=2.600000000 P2=-0.008357110 EV: (-0.00865652700459053, 0.00865652700459053) P1 Winnings: 23.0
Choosing model 2
[0.28453977589809315, 0.06635556770371266, 0.33807340131726815, 0.11690341087272914, 0.1941278442081969]
Games played: 22
Exploitability: P1=4.600000000 P2=-0.008357110 EV: (-0.39392576188918044, 0.39392576188918044) P1 Winnings: 26.0
Choosing model 2
[0.2756435165608027, 0.09399209162768565, 0.4164196863468698, 0.0909776935823686, 0.12296701188227317]
Games played: 23
Exploitability: P1=4.600000000 P2=-0.008357110 EV: (-0.39392576188918044, 0.39392576188918044) P1 Winnings: 31.0
Choosing model 2
[0.2756434146002684, 0.0939923739909081, 0.4164197088759562, 0.09097777174181611, 0.12296673079105121]
Games played: 24
Exploitability: P1=4.600000000 P2=-0.008357110 EV: (-0.39392576188918044, 0.39392576188918044) P1 Winnings: 22.0
Choosing model 2
[0.2894195537428503, 0.07770038110872886, 0.32934614681701974, 0.1287707261933733, 0.17476319213802782]
Games played: 25
Exploitability: P1=4.600000000 P2=-0.008357110 EV: (-0.39392576188918044, 0.39392576188918044) P1 Winnings: 13.0
Choosing model 2
[0.2913477767573524, 0.08075698559737764, 0.35105147507447654, 0.11721032170034673, 0.15963344087044687]
Games played: 26
Exploitability: P1=4.600000000 P2=-0.008357110 EV: (-0.39392576188918044, 0.39392576188918044) P1 Winnings: 14.0
Choosing model 2
[0.28205557215275334, 0.10801630072516613, 0.39710031481017677, 0.1009811922649636, 0.11184662004694022]
Games played: 27
Exploitability: P1=4.600000000 P2=-0.008357110 EV: (-0.39392576188918044, 0.39392576188918044) P1 Winnings: 23.0
Choosing model 3
[0.2776344952159736, 0.13068389606074463, 0.2979928761396987, 0.1604930126236992, 0.13319571995988388]
Games played: 28
Exploitability: P1=1.933333333 P2=-0.008357110 EV: (-0.12734615979603348, 0.12734615979603348) P1 Winnings: 32.0
Choosing model 1
[0.27929143588691147, 0.13573110334889527, 0.31741281192140425, 0.14598397922964462, 0.1215806696131443]
Games played: 29
Exploitability: P1=2.800000000 P2=-0.008357110 EV: (-0.40703277073556526, 0.40703277073556526) P1 Winnings: 33.0
Choosing model 2
[0.29046808035431465, 0.10830903424449595, 0.3230716253989016, 0.14174408884316747, 0.13640717115912032]
Games played: 30
Exploitability: P1=4.600000000 P2=-0.008357110 EV: (-0.39392576188918044, 0.39392576188918044) P1 Winnings: 34.0
Choosing model 4
[0.29794384927440015, 0.09001194822290605, 0.32567524819168236, 0.1375794822357269, 0.14878947207528434]
Games played: 31
Exploitability: P1=2.600000000 P2=-0.008357110 EV: (-0.00865652700459053, 0.00865652700459053) P1 Winnings: 35.0
Choosing model 0
[0.3104380998955452, 0.0562324806610124, 0.3231742247670318, 0.12337452982277583, 0.18678066485363487]
Games played: 32
Exploitability: P1=1.900000000 P2=-0.008357110 EV: (-0.08563681264530898, 0.08563681264530898) P1 Winnings: 36.0
Choosing model 3
[0.2953418212823696, 0.0657553648541003, 0.23439780615501424, 0.1895188271306097, 0.21498618057790625]
Games played: 33
Exploitability: P1=1.933333333 P2=-0.008357110 EV: (-0.12734615979603348, 0.12734615979603348) P1 Winnings: 31.0
Choosing model 2
[0.2996941157906159, 0.05239449579215826, 0.2330794954784643, 0.18035370059113798, 0.2344781923476236]
Games played: 34
Exploitability: P1=4.600000000 P2=-0.008357110 EV: (-0.39392576188918044, 0.39392576188918044) P1 Winnings: 28.0
Choosing model 4
[0.2782623095308841, 0.038301176679184014, 0.1630126475054075, 0.22573704099662117, 0.2946868252879033]
Games played: 35
Exploitability: P1=2.600000000 P2=-0.008357110 EV: (-0.00865652700459053, 0.00865652700459053) P1 Winnings: 19.0
Choosing model 0
[0.27826231610547586, 0.03830121167225506, 0.16301266961441285, 0.22573711946913272, 0.2946866831387235]
Games played: 36
Exploitability: P1=1.900000000 P2=-0.008357110 EV: (-0.08563681264530898, 0.08563681264530898) P1 Winnings: 18.0
Choosing model 4
[0.2792468248425313, 0.030694185250903564, 0.16055732123697733, 0.21348122428903735, 0.31602044438055044]
Games played: 37
Exploitability: P1=2.600000000 P2=-0.008357110 EV: (-0.00865652700459053, 0.00865652700459053) P1 Winnings: 18.0
Choosing model 0
[0.28044574785906873, 0.027363774896340006, 0.1601305778684572, 0.2092154074488146, 0.3228444919273195]
Games played: 38
Exploitability: P1=1.900000000 P2=-0.008357110 EV: (-0.08563681264530898, 0.08563681264530898) P1 Winnings: 18.0
Choosing model 0
[0.279751509862885, 0.021127210619246207, 0.15631710171534133, 0.19490156620205534, 0.34790261160047203]
Games played: 39
Exploitability: P1=1.900000000 P2=-0.008357110 EV: (-0.08563681264530898, 0.08563681264530898) P1 Winnings: 18.0
Choosing model 0
[0.2811506159412224, 0.022733547682231292, 0.15841927181547663, 0.20069380444205517, 0.3370027601190146]
Games played: 40
Exploitability: P1=1.900000000 P2=-0.008357110 EV: (-0.08563681264530898, 0.08563681264530898) P1 Winnings: 17.0
Choosing model 3
[0.2929805934851125, 0.02445908137108998, 0.17480031238182642, 0.18910310291069343, 0.31865690985127765]
Games played: 41
Exploitability: P1=1.933333333 P2=-0.008357110 EV: (-0.12734615979603348, 0.12734615979603348) P1 Winnings: 18.0
Choosing model 0
[0.2870115132407106, 0.01436637156181623, 0.16308500794595568, 0.15943745990638838, 0.37609964734512924]
Games played: 42
Exploitability: P1=1.900000000 P2=-0.008357110 EV: (-0.08563681264530898, 0.08563681264530898) P1 Winnings: 19.0
Choosing model 4
[0.2891188631776549, 0.015494681401976292, 0.16566320535223453, 0.16455819596292917, 0.36516505410520506]
Games played: 43
Exploitability: P1=2.600000000 P2=-0.008357110 EV: (-0.00865652700459053, 0.00865652700459053) P1 Winnings: 10.0
Choosing model 0
[0.2531786929572572, 0.01667735634539454, 0.11059707922029738, 0.2326735912097722, 0.3868732802672787]
Games played: 44
Exploitability: P1=1.900000000 P2=-0.008357110 EV: (-0.08563681264530898, 0.08563681264530898) P1 Winnings: 1.0
Choosing model 0
[0.2539191975738739, 0.01345989744585413, 0.11011338721533138, 0.2147697639434616, 0.40773775382147903]
Games played: 45
Exploitability: P1=1.900000000 P2=-0.008357110 EV: (-0.08563681264530898, 0.08563681264530898) P1 Winnings: 2.0
Choosing model 4
[0.26200658264066845, 0.0220672181245127, 0.11978177923083425, 0.25904415364766464, 0.33710026635631996]
Games played: 46
Exploitability: P1=2.600000000 P2=-0.008357110 EV: (-0.00865652700459053, 0.00865652700459053) P1 Winnings: -3.0
Choosing model 4
[0.26168356705925855, 0.017752116658429178, 0.11752021629135752, 0.24447175133873397, 0.35857234865222076]
Games played: 47
Exploitability: P1=2.600000000 P2=-0.008357110 EV: (-0.00865652700459053, 0.00865652700459053) P1 Winnings: -2.0
Choosing model 0
[0.2613649844107623, 0.016008003970944432, 0.11643913729592559, 0.23796667849393402, 0.36822119582843377]
Games played: 48
Exploitability: P1=1.900000000 P2=-0.008357110 EV: (-0.08563681264530898, 0.08563681264530898) P1 Winnings: -5.0
Choosing model 3
[0.2572768064756014, 0.010811921820808664, 0.11082260071311352, 0.21086162861627925, 0.4102270423741971]
Games played: 49
Exploitability: P1=1.933333333 P2=-0.008357110 EV: (-0.12734615979603348, 0.12734615979603348) P1 Winnings: -12.0
Choosing model 3
[0.2416218110442999, 0.009898201368872055, 0.08998874655433015, 0.23863121825652125, 0.4198600227759767]
Games played: 50
Exploitability: P1=1.933333333 P2=-0.008357110 EV: (-0.12734615979603348, 0.12734615979603348) P1 Winnings: -12.0
Choosing model 0
[0.2559906280986638, 0.010827229128553774, 0.10095097317929314, 0.2286020198507283, 0.4036291497427608]
Games played: 51
Exploitability: P1=1.900000000 P2=-0.008357110 EV: (-0.08563681264530898, 0.08563681264530898) P1 Winnings: -11.0
Choosing model 4
[0.21420687297348337, 0.0071330775348157115, 0.0636298511962515, 0.2578641688563236, 0.4571660294391259]
Games played: 52
Exploitability: P1=2.600000000 P2=-0.008357110 EV: (-0.00865652700459053, 0.00865652700459053) P1 Winnings: -2.0
Choosing model 3
[0.21069108680519907, 0.005430408180800824, 0.061246648438248286, 0.23686554633146328, 0.4857663102442885]
Games played: 53
Exploitability: P1=1.933333333 P2=-0.008357110 EV: (-0.12734615979603348, 0.12734615979603348) P1 Winnings: -9.0
Choosing model 0
[0.21299927159751156, 0.005877909377922454, 0.06243803115103856, 0.24534990220355335, 0.473334885669974]
Games played: 54
Exploitability: P1=1.900000000 P2=-0.008357110 EV: (-0.08563681264530898, 0.08563681264530898) P1 Winnings: -20.0
Choosing model 4
[0.21299930307667517, 0.0058779154779694184, 0.06243804737183023, 0.24535001795735772, 0.4733347161161675]
Games played: 55
Exploitability: P1=2.600000000 P2=-0.008357110 EV: (-0.00865652700459053, 0.00865652700459053) P1 Winnings: -21.0
Choosing model 2
[0.2274366357886156, 0.0064800549552915514, 0.07059369752118233, 0.23688262585018358, 0.458606985884727]
Games played: 56
Exploitability: P1=4.600000000 P2=-0.008357110 EV: (-0.39392576188918044, 0.39392576188918044) P1 Winnings: -20.0
Choosing model 0
[0.23465345617418507, 0.009240595462649217, 0.07546832543154453, 0.271718095204338, 0.4089195277272832]
Games played: 57
Exploitability: P1=1.900000000 P2=-0.008357110 EV: (-0.08563681264530898, 0.08563681264530898) P1 Winnings: -15.0
Choosing model 4
[0.22593324659552283, 0.005334572579878326, 0.06920368750384147, 0.22516613574767727, 0.47436235757308]
Games played: 58
Exploitability: P1=2.600000000 P2=-0.008357110 EV: (-0.00865652700459053, 0.00865652700459053) P1 Winnings: -16.0
Choosing model 4
[0.22446013374792662, 0.004784921200208414, 0.06820304347321915, 0.2180111276587897, 0.4845407739198562]
Games played: 59
Exploitability: P1=2.600000000 P2=-0.008357110 EV: (-0.00865652700459053, 0.00865652700459053) P1 Winnings: -19.0
Choosing model 4
[0.2239969882061326, 0.004238742506189108, 0.06759121571461178, 0.2123024406080872, 0.4918706129649794]
Games played: 60
Exploitability: P1=2.600000000 P2=-0.008357110 EV: (-0.00865652700459053, 0.00865652700459053) P1 Winnings: -19.0
Choosing model 3
[0.21997980195494654, 0.0033528642458635497, 0.06520613509785826, 0.1970090853089642, 0.5144521133923674]
Games played: 61
Exploitability: P1=1.933333333 P2=-0.008357110 EV: (-0.12734615979603348, 0.12734615979603348) P1 Winnings: -18.0
Choosing model 4
[0.21437811869514542, 0.0025290428717935154, 0.06218630488962418, 0.17930070131283993, 0.541605832230597]
Games played: 62
Exploitability: P1=2.600000000 P2=-0.008357110 EV: (-0.00865652700459053, 0.00865652700459053) P1 Winnings: -15.0
Choosing model 4
[0.17991247503893154, 0.0016469231441935501, 0.04103677825215979, 0.18634404066106092, 0.5910597829036541]
Games played: 63
Exploitability: P1=2.600000000 P2=-0.008357110 EV: (-0.00865652700459053, 0.00865652700459053) P1 Winnings: -8.0
Choosing model 2
[0.17991252029411905, 0.0016469251428041839, 0.04103679354001262, 0.18634415275459976, 0.5910596082684644]
Games played: 64
Exploitability: P1=4.600000000 P2=-0.008357110 EV: (-0.39392576188918044, 0.39392576188918044) P1 Winnings: -11.0
Choosing model 4
[0.20523100381797094, 0.003552040904836487, 0.05118295551025071, 0.251918179182638, 0.48811582058430397]
Games played: 65
Exploitability: P1=2.600000000 P2=-0.008357110 EV: (-0.00865652700459053, 0.00865652700459053) P1 Winnings: -2.0
Choosing model 0
[0.1717508493623531, 0.0023065889174032892, 0.03368053389836528, 0.26107670937040345, 0.5311853184514749]
Games played: 66
Exploitability: P1=1.900000000 P2=-0.008357110 EV: (-0.08563681264530898, 0.08563681264530898) P1 Winnings: 5.0
Choosing model 0
[0.173895943793772, 0.0025004557421756373, 0.0343878033925828, 0.27083870075307703, 0.5183770963183927]
Games played: 67
Exploitability: P1=1.900000000 P2=-0.008357110 EV: (-0.08563681264530898, 0.08563681264530898) P1 Winnings: 10.0
Choosing model 0
[0.1731936128874243, 0.0020040462995542883, 0.03399968832821347, 0.24826231735774248, 0.5425403351270656]
Games played: 68
Exploitability: P1=1.900000000 P2=-0.008357110 EV: (-0.08563681264530898, 0.08563681264530898) P1 Winnings: 11.0
Choosing model 4
[0.13169894253671802, 0.0008741283410146724, 0.019040279841590024, 0.22983103384914363, 0.6185556154315337]
Games played: 69
Exploitability: P1=2.600000000 P2=-0.008357110 EV: (-0.00865652700459053, 0.00865652700459053) P1 Winnings: 11.0
Choosing model 4
[0.1428650222817454, 0.0009790208444585998, 0.02187012821297723, 0.22543283375519735, 0.6088529949056213]
Games played: 70
Exploitability: P1=2.600000000 P2=-0.008357110 EV: (-0.00865652700459053, 0.00865652700459053) P1 Winnings: 12.0
Choosing model 4
[0.14129035605759308, 0.0008741674518838606, 0.021456228206225583, 0.21728026834199843, 0.6190989799422991]
Games played: 71
Exploitability: P1=2.600000000 P2=-0.008357110 EV: (-0.00865652700459053, 0.00865652700459053) P1 Winnings: 9.0
Choosing model 2
[0.1437038316442595, 0.0009519385480020613, 0.022006152921392075, 0.22642696950313, 0.6069111073832163]
Games played: 72
Exploitability: P1=4.600000000 P2=-0.008357110 EV: (-0.39392576188918044, 0.39392576188918044) P1 Winnings: 8.0
Choosing model 4
[0.11993627816030036, 0.0004190841676515975, 0.0154982996092212, 0.1789507569547402, 0.6851955811080865]
Games played: 73
Exploitability: P1=2.600000000 P2=-0.008357110 EV: (-0.00865652700459053, 0.00865652700459053) P1 Winnings: 8.0
Choosing model 4
[0.12241008298376664, 0.00045795871866544113, 0.015950914799358104, 0.18713378461001395, 0.6740472588881959]
Games played: 74
Exploitability: P1=2.600000000 P2=-0.008357110 EV: (-0.00865652700459053, 0.00865652700459053) P1 Winnings: 7.0
Choosing model 0
[0.11755453688576147, 0.00034040137233879374, 0.014990511650855225, 0.1678311367584666, 0.6992834133325779]
Games played: 75
Exploitability: P1=1.900000000 P2=-0.008357110 EV: (-0.08563681264530898, 0.08563681264530898) P1 Winnings: 0.0
Choosing model 3
[0.12366346098674813, 0.0004299593128777583, 0.016109510952217135, 0.18797856768548862, 0.6718185010626683]
Games played: 76
Exploitability: P1=1.933333333 P2=-0.008357110 EV: (-0.12734615979603348, 0.12734615979603348) P1 Winnings: 0.0
Choosing model 4
[0.12612255170353243, 0.00046950169905158343, 0.016567944280532036, 0.19643176907145046, 0.6604082332454335]
Games played: 77
Exploitability: P1=2.600000000 P2=-0.008357110 EV: (-0.00865652700459053, 0.00865652700459053) P1 Winnings: -11.0
Choosing model 4
[0.14191601684277674, 0.0009486643012329962, 0.019886937790858233, 0.2679207888085017, 0.5693275922566303]
Games played: 78
Exploitability: P1=2.600000000 P2=-0.008357110 EV: (-0.00865652700459053, 0.00865652700459053) P1 Winnings: -14.0
Choosing model 4
[0.12509329768159314, 0.0009716648290049285, 0.014604324813026093, 0.30793210415934347, 0.5513986085170325]
Games played: 79
Exploitability: P1=2.600000000 P2=-0.008357110 EV: (-0.00865652700459053, 0.00865652700459053) P1 Winnings: -9.0
Choosing model 4
[0.1222349002039255, 0.000734886445255221, 0.013965333392415721, 0.2810051215920765, 0.5820597583663271]
Games played: 80
Exploitability: P1=2.600000000 P2=-0.008357110 EV: (-0.00865652700459053, 0.00865652700459053) P1 Winnings: -6.0
Choosing model 3
[0.13286166576851483, 0.0008247034661019652, 0.016072748736543175, 0.276174502599155, 0.5740663794296851]
Games played: 81
Exploitability: P1=1.933333333 P2=-0.008357110 EV: (-0.12734615979603348, 0.12734615979603348) P1 Winnings: -5.0
Choosing model 2
[0.12232943281728717, 0.0003955656542244066, 0.013976789559375875, 0.2125579656546177, 0.6507402463144948]
Games played: 82
Exploitability: P1=4.600000000 P2=-0.008357110 EV: (-0.39392576188918044, 0.39392576188918044) P1 Winnings: -8.0
Choosing model 4
[0.1329375722781492, 0.0004438216352834765, 0.016082686049085772, 0.20886181147248947, 0.6416741085649921]
Games played: 83
Exploitability: P1=2.600000000 P2=-0.008357110 EV: (-0.00865652700459053, 0.00865652700459053) P1 Winnings: -7.0
Choosing model 4
[0.13293760615332667, 0.0004438221433803452, 0.016082691948543833, 0.20886193236607709, 0.6416739473886721]
Games played: 84
Exploitability: P1=2.600000000 P2=-0.008357110 EV: (-0.00865652700459053, 0.00865652700459053) P1 Winnings: -8.0
Choosing model 4
[0.1329376400284966, 0.00044382265147774157, 0.0160826978480021, 0.20886205325970922, 0.6416737862123144]
Games played: 85
Exploitability: P1=2.600000000 P2=-0.008357110 EV: (-0.00865652700459053, 0.00865652700459053) P1 Winnings: -9.0
Choosing model 4
[0.13535969935058473, 0.0004838484262756623, 0.016513351964628685, 0.21789787555077864, 0.6297452247077323]
Games played: 86
Exploitability: P1=2.600000000 P2=-0.008357110 EV: (-0.00865652700459053, 0.00865652700459053) P1 Winnings: -10.0
Choosing model 4
[0.1353597326182912, 0.00048384897581842877, 0.016513357872657897, 0.21789799970317988, 0.6297450608300527]
Games played: 87
Exploitability: P1=2.600000000 P2=-0.008357110 EV: (-0.00865652700459053, 0.00865652700459053) P1 Winnings: -11.0
Choosing model 4
[0.13535976858922313, 0.0004838495698617625, 0.016513364259091497, 0.21789813387256288, 0.6297448837092607]
Games played: 88
Exploitability: P1=2.600000000 P2=-0.008357110 EV: (-0.00865652700459053, 0.00865652700459053) P1 Winnings: -14.0
Choosing model 4
[0.12125909986659561, 0.00023176428920607616, 0.013961895413028473, 0.16319970025453914, 0.7013475401766308]
Games played: 89
Exploitability: P1=2.600000000 P2=-0.008357110 EV: (-0.00865652700459053, 0.00865652700459053) P1 Winnings: -14.0
Choosing model 3
[0.11601826652218987, 0.00017163313094100503, 0.01307269281882226, 0.1458241567948488, 0.724913250733198]
Games played: 90
Exploitability: P1=1.933333333 P2=-0.008357110 EV: (-0.12734615979603348, 0.12734615979603348) P1 Winnings: -11.0
Choosing model 3
[0.08345688086726445, 7.081967614386877e-05, 0.006925462922907944, 0.1277064112454133, 0.7818404252882705]
Games played: 91
Exploitability: P1=1.933333333 P2=-0.008357110 EV: (-0.12734615979603348, 0.12734615979603348) P1 Winnings: -11.0
Choosing model 0
[0.057792419759481115, 3.3755498221286504e-05, 0.0034530337958418784, 0.11994373365517914, 0.8187770572912766]
Games played: 92
Exploitability: P1=1.900000000 P2=-0.008357110 EV: (-0.08563681264530898, 0.08563681264530898) P1 Winnings: -14.0
Choosing model 4
[0.059372801179530574, 3.7129545729109346e-05, 0.003577275662231831, 0.12625432392465866, 0.8107584696878499]
Games played: 93
Exploitability: P1=2.600000000 P2=-0.008357110 EV: (-0.00865652700459053, 0.00865652700459053) P1 Winnings: -15.0
Choosing model 4
[0.06096844101590311, 4.0822127939552354e-05, 0.0037042891293558294, 0.13283601791168195, 0.8024504298151196]
Games played: 94
Exploitability: P1=2.600000000 P2=-0.008357110 EV: (-0.00865652700459053, 0.00865652700459053) P1 Winnings: -16.0
Choosing model 4
[0.06676554469412038, 4.6154713320056755e-05, 0.004295231343201535, 0.13153097173548703, 0.797362097513871]
Games played: 95
Exploitability: P1=2.600000000 P2=-0.008357110 EV: (-0.00865652700459053, 0.00865652700459053) P1 Winnings: -15.0
Choosing model 4
[0.06676556875160901, 4.615477102868051e-05, 0.004295233371960289, 0.13153106174590248, 0.7973619813594995]
Games played: 96
Exploitability: P1=2.600000000 P2=-0.008357110 EV: (-0.00865652700459053, 0.00865652700459053) P1 Winnings: -16.0
Choosing model 4
[0.06392076365866141, 3.5591337563230507e-05, 0.004039557003357121, 0.11898942553698216, 0.813014662463436]
Games played: 97
Exploitability: P1=2.600000000 P2=-0.008357110 EV: (-0.00865652700459053, 0.00865652700459053) P1 Winnings: -15.0
Choosing model 4
[0.0699704172263986, 4.022443292925001e-05, 0.004682099366235591, 0.11777300350184967, 0.807534255472587]
Games played: 98
Exploitability: P1=2.600000000 P2=-0.008357110 EV: (-0.00865652700459053, 0.00865652700459053) P1 Winnings: -14.0
Choosing model 4
[0.07742551925889687, 6.151971908684524e-05, 0.005368371127443426, 0.14488861590899904, 0.7722559739855738]
Games played: 99
Exploitability: P1=2.600000000 P2=-0.008357110 EV: (-0.00865652700459053, 0.00865652700459053) P1 Winnings: -19.0
Choosing model 4
[0.07742554582842491, 6.151979495078004e-05, 0.0053683735709256055, 0.14488871257334873, 0.7722558482323499]
Games played: 100
Exploitability: P1=2.600000000 P2=-0.008357110 EV: (-0.00865652700459053, 0.00865652700459053) P1 Winnings: -20.0
Choosing model 4
[0.076055402938001, 5.456030162228007e-05, 0.005231231864284388, 0.13870651546815224, 0.7799522894279401]
Games played: 101
Exploitability: P1=2.600000000 P2=-0.008357110 EV: (-0.00865652700459053, 0.00865652700459053) P1 Winnings: -23.0
Choosing model 3
[0.08359366023787031, 8.288477884817226e-05, 0.005957711686269649, 0.1694958158314326, 0.7408699274655793]
Games played: 102
Exploitability: P1=1.933333333 P2=-0.008357110 EV: (-0.12734615979603348, 0.12734615979603348) P1 Winnings: -28.0
Choosing model 4
[0.07412071350847084, 4.406436491732224e-05, 0.005031031853987535, 0.12934705846267314, 0.7914571318099511]
Games played: 103
Exploitability: P1=2.600000000 P2=-0.008357110 EV: (-0.00865652700459053, 0.00865652700459053) P1 Winnings: -29.0
Choosing model 4
[0.07098128030753098, 3.398834824137899e-05, 0.004732807910053263, 0.11704461408258446, 0.8072073093515898]
Games played: 104
Exploitability: P1=2.600000000 P2=-0.008357110 EV: (-0.00865652700459053, 0.00865652700459053) P1 Winnings: -28.0
Choosing model 3
[0.06960894443366739, 3.009313034725637e-05, 0.004604214433050752, 0.11186369638420258, 0.813893051618732]
Games played: 105
Exploitability: P1=1.933333333 P2=-0.008357110 EV: (-0.12734615979603348, 0.12734615979603348) P1 Winnings: -31.0
Choosing model 4
[0.0659120186398078, 2.151475065697645e-05, 0.004262909992486931, 0.09854122943954696, 0.8312623271775014]
Games played: 106
Exploitability: P1=2.600000000 P2=-0.008357110 EV: (-0.00865652700459053, 0.00865652700459053) P1 Winnings: -28.0
Choosing model 4
[0.07337261084109076, 3.3102462246456514e-05, 0.004917085453198667, 0.12195683737562675, 0.7997203638678373]
Games played: 107
Exploitability: P1=2.600000000 P2=-0.008357110 EV: (-0.00865652700459053, 0.00865652700459053) P1 Winnings: -23.0
Choosing model 4
[0.051506536005888615, 1.3329249686284578e-05, 0.0025420500737020797, 0.10422741659667982, 0.8417106680740432]
Games played: 108
Exploitability: P1=2.600000000 P2=-0.008357110 EV: (-0.00865652700459053, 0.00865652700459053) P1 Winnings: -16.0
Choosing model 4
[0.049103893625849104, 1.0235229791619238e-05, 0.0023806484184301755, 0.0938914834288111, 0.8546137392971179]
Games played: 109
Exploitability: P1=2.600000000 P2=-0.008357110 EV: (-0.00865652700459053, 0.00865652700459053) P1 Winnings: -15.0
Choosing model 4
[0.04910391495239584, 1.023524408324535e-05, 0.002380649740440098, 0.09389155706936624, 0.8546136429937146]
Games played: 110
Exploitability: P1=2.600000000 P2=-0.008357110 EV: (-0.00865652700459053, 0.00865652700459053) P1 Winnings: -18.0
Choosing model 4
[0.055521890762966854, 1.6743946488626405e-05, 0.002801025494246709, 0.11959370288059859, 0.8220666369156991]
Games played: 111
Exploitability: P1=2.600000000 P2=-0.008357110 EV: (-0.00865652700459053, 0.00865652700459053) P1 Winnings: -19.0
Choosing model 4
[0.06084123557210766, 1.8943696063363017e-05, 0.003250013882995791, 0.11849689344110556, 0.8173929134077276]
Games played: 112
Exploitability: P1=2.600000000 P2=-0.008357110 EV: (-0.00865652700459053, 0.00865652700459053) P1 Winnings: -18.0
Choosing model 4
[0.06084125837709767, 1.8943720023917955e-05, 0.003250015465193961, 0.11849697625012784, 0.8173928061875566]
Games played: 113
Exploitability: P1=2.600000000 P2=-0.008357110 EV: (-0.00865652700459053, 0.00865652700459053) P1 Winnings: -19.0
Choosing model 4
[0.06662902061367831, 2.1419218445691277e-05, 0.003768643405230652, 0.11733764949557711, 0.8122432672670682]
Games played: 114
Exploitability: P1=2.600000000 P2=-0.008357110 EV: (-0.00865652700459053, 0.00865652700459053) P1 Winnings: -18.0
Choosing model 4
[0.06662904543548281, 2.141924548830208e-05, 0.003768645231280476, 0.11733773122573371, 0.8122431588620147]
Games played: 115
Exploitability: P1=2.600000000 P2=-0.008357110 EV: (-0.00865652700459053, 0.00865652700459053) P1 Winnings: -19.0
Choosing model 3
[0.07977475066186812, 4.605139153689142e-05, 0.004813353362362383, 0.17029251970851306, 0.7450733248757195]
Games played: 116
Exploitability: P1=1.933333333 P2=-0.008357110 EV: (-0.12734615979603348, 0.12734615979603348) P1 Winnings: -22.0
Choosing model 4
[0.08718899567888298, 5.1965138532446204e-05, 0.005570296874061577, 0.16828936253081278, 0.7388993797777103]
Games played: 117
Exploitability: P1=2.600000000 P2=-0.008357110 EV: (-0.00865652700459053, 0.00865652700459053) P1 Winnings: -21.0
Choosing model 4
[0.08318995043330088, 3.83763664954627e-05, 0.005201111642238344, 0.14995603225672058, 0.7616145293012447]
Games played: 118
Exploitability: P1=2.600000000 P2=-0.008357110 EV: (-0.00865652700459053, 0.00865652700459053) P1 Winnings: -18.0
Choosing model 3
[0.07914425694717475, 2.825888139637385e-05, 0.004842318597908176, 0.13323261935053005, 0.7827525462229906]
Games played: 119
Exploitability: P1=1.933333333 P2=-0.008357110 EV: (-0.12734615979603348, 0.12734615979603348) P1 Winnings: -15.0
Choosing model 0
[0.07509437100113109, 2.0753221328609878e-05, 0.0044962451444727205, 0.1180583282232098, 0.8023303024098578]
Games played: 120
Exploitability: P1=1.900000000 P2=-0.008357110 EV: (-0.08563681264530898, 0.08563681264530898) P1 Winnings: -15.0
Choosing model 4
[0.08210220490664445, 2.342642760693714e-05, 0.00520513256933581, 0.1167102340140034, 0.7959590020824093]
Games played: 121
Exploitability: P1=2.600000000 P2=-0.008357110 EV: (-0.00865652700459053, 0.00865652700459053) P1 Winnings: -14.0
Choosing model 3
[0.08968938449321717, 2.642198254420771e-05, 0.006020774959031918, 0.11528161107249109, 0.7889818074927156]
Games played: 122
Exploitability: P1=1.933333333 P2=-0.008357110 EV: (-0.12734615979603348, 0.12734615979603348) P1 Winnings: -13.0
Choosing model 3
[0.08496591345415842, 1.9373668158494694e-05, 0.00558167750361028, 0.10199100166726881, 0.807442033706804]
Games played: 123
Exploitability: P1=1.933333333 P2=-0.008357110 EV: (-0.12734615979603348, 0.12734615979603348) P1 Winnings: -20.0
Choosing model 4
[0.08031075077600905, 1.417370485128999e-05, 0.005163002544940157, 0.0900303414179917, 0.8244817315562079]
Games played: 124
Exploitability: P1=2.600000000 P2=-0.008357110 EV: (-0.00865652700459053, 0.00865652700459053) P1 Winnings: -20.0
Choosing model 4
[0.08031078441364305, 1.4173724422990165e-05, 0.00516300533215484, 0.09003041063730566, 0.8244816258924735]
Games played: 125
Exploitability: P1=2.600000000 P2=-0.008357110 EV: (-0.00865652700459053, 0.00865652700459053) P1 Winnings: -23.0
Choosing model 4
[0.06544624053980042, 1.4196626288144566e-05, 0.0032075986276695113, 0.1184611834618434, 0.8128707807443987]
Games played: 126
Exploitability: P1=2.600000000 P2=-0.008357110 EV: (-0.00865652700459053, 0.00865652700459053) P1 Winnings: -18.0
Choosing model 4
[0.06255262804088228, 1.0929097826814684e-05, 0.003011608048903788, 0.10698615103168145, 0.8274386837807057]
Games played: 127
Exploitability: P1=2.600000000 P2=-0.008357110 EV: (-0.00865652700459053, 0.00865652700459053) P1 Winnings: -18.0
Choosing model 4
[0.059149531205976776, 7.802961177195386e-06, 0.00278455148416684, 0.09411580381748086, 0.8439423105311984]
Games played: 128
Exploitability: P1=2.600000000 P2=-0.008357110 EV: (-0.00865652700459053, 0.00865652700459053) P1 Winnings: -18.0
Choosing model 4
[0.05914955464240708, 7.802971213563698e-06, 0.0027845528993419087, 0.09411587160196193, 0.8439422178850755]
Games played: 129
Exploitability: P1=2.600000000 P2=-0.008357110 EV: (-0.00865652700459053, 0.00865652700459053) P1 Winnings: -19.0
Choosing model 4
[0.055723766277362724, 5.689728728757671e-06, 0.0025671609589377822, 0.08280373684788737, 0.8588996461870833]
Games played: 130
Exploitability: P1=2.600000000 P2=-0.008357110 EV: (-0.00865652700459053, 0.00865652700459053) P1 Winnings: -16.0
Choosing model 4
[0.052465285967505236, 4.110244448643575e-06, 0.0023654743888702344, 0.07278476467736171, 0.8723803647218141]
Games played: 131
Exploitability: P1=2.600000000 P2=-0.008357110 EV: (-0.00865652700459053, 0.00865652700459053) P1 Winnings: -16.0
Choosing model 4
[0.04925480081854574, 2.986667955895542e-06, 0.0021732186907742314, 0.06381387800340517, 0.884755115819319]
Games played: 132
Exploitability: P1=2.600000000 P2=-0.008357110 EV: (-0.00865652700459053, 0.00865652700459053) P1 Winnings: -23.0
Choosing model 4
[0.04125446674424974, 1.3031632986229166e-06, 0.00171914236966701, 0.04467865428758062, 0.912346433435204]
Games played: 133
Exploitability: P1=2.600000000 P2=-0.008357110 EV: (-0.00865652700459053, 0.00865652700459053) P1 Winnings: -23.0
Choosing model 4
[0.040266224983692055, 1.1483780047379162e-06, 0.0016645514608455163, 0.04249976553724923, 0.9155683096402085]
Games played: 134
Exploitability: P1=2.600000000 P2=-0.008357110 EV: (-0.00865652700459053, 0.00865652700459053) P1 Winnings: -26.0
Choosing model 4
[0.03814029041552161, 8.813075056795322e-07, 0.0015494949049630554, 0.03809276905926759, 0.9222165643127421]
Games played: 135
Exploitability: P1=2.600000000 P2=-0.008357110 EV: (-0.00865652700459053, 0.00865652700459053) P1 Winnings: -27.0
Choosing model 4
[0.039416956285394315, 9.751805074484983e-07, 0.0016148201539064296, 0.04033607820782551, 0.9186311701723663]
Games played: 136
Exploitability: P1=2.600000000 P2=-0.008357110 EV: (-0.00865652700459053, 0.00865652700459053) P1 Winnings: -28.0
Choosing model 4
[0.04072855442105392, 1.0788457990183757e-06, 0.0016825771612532904, 0.042703317667361004, 0.9148844719045327]
Games played: 137
Exploitability: P1=2.600000000 P2=-0.008357110 EV: (-0.00865652700459053, 0.00865652700459053) P1 Winnings: -29.0
Choosing model 4
[0.03974817748418332, 9.505909747474381e-07, 0.00162895339191794, 0.040615925514872905, 0.9180059930180511]
Games played: 138
Exploitability: P1=2.600000000 P2=-0.008357110 EV: (-0.00865652700459053, 0.00865652700459053) P1 Winnings: -32.0
Choosing model 4
[0.03974819541734074, 9.505922496529635e-07, 0.0016289543092949327, 0.040615956999124014, 0.9180059426819906]
Games played: 139
Exploitability: P1=2.600000000 P2=-0.008357110 EV: (-0.00865652700459053, 0.00865652700459053) P1 Winnings: -33.0
Choosing model 4
[0.0436227283955311, 1.0771167756065402e-06, 0.0018929480194792715, 0.04030481886005954, 0.9141784276081545]
Games played: 140
Exploitability: P1=2.600000000 P2=-0.008357110 EV: (-0.00865652700459053, 0.00865652700459053) P1 Winnings: -32.0
Choosing model 4
[0.05487875487684988, 2.43327357268841e-06, 0.002540333514202437, 0.06146167877609024, 0.8811167995592848]
Games played: 141
Exploitability: P1=2.600000000 P2=-0.008357110 EV: (-0.00865652700459053, 0.00865652700459053) P1 Winnings: -35.0
Choosing model 0
[0.061846634561619346, 3.7901586004738225e-06, 0.0029664347036982576, 0.07700786059813625, 0.8581752799779457]
Games played: 142
Exploitability: P1=1.900000000 P2=-0.008357110 EV: (-0.08563681264530898, 0.08563681264530898) P1 Winnings: -30.0
Choosing model 4
[0.05821259200285826, 2.737176211733977e-06, 0.002732556981016579, 0.06766979903621989, 0.8713823148036935]
Games played: 143
Exploitability: P1=2.600000000 P2=-0.008357110 EV: (-0.00865652700459053, 0.00865652700459053) P1 Winnings: -29.0
Choosing model 4
[0.0560325542299904, 2.1201783661378763e-06, 0.002611083682282904, 0.05994818416202494, 0.8814060577473356]
Games played: 144
Exploitability: P1=2.600000000 P2=-0.008357110 EV: (-0.00865652700459053, 0.00865652700459053) P1 Winnings: -28.0
Choosing model 4
[0.05680375262030637, 1.9994496254157147e-06, 0.0026470794965635005, 0.06047778686748309, 0.8800693815660215]
Games played: 145
Exploitability: P1=2.600000000 P2=-0.008357110 EV: (-0.00865652700459053, 0.00865652700459053) P1 Winnings: -31.0
Choosing model 4
[0.05551445070953947, 1.7642315076140913e-06, 0.0025663237787453145, 0.05760251187569066, 0.8843149494045169]
Games played: 146
Exploitability: P1=2.600000000 P2=-0.008357110 EV: (-0.00865652700459053, 0.00865652700459053) P1 Winnings: -34.0
Choosing model 4
[0.06082247985332513, 1.9956609623660163e-06, 0.002977171828352421, 0.0570642840149298, 0.8791340686424303]
Games played: 147
Exploitability: P1=2.600000000 P2=-0.008357110 EV: (-0.00865652700459053, 0.00865652700459053) P1 Winnings: -33.0
Choosing model 4
[0.0594386052759357, 1.7607890811033198e-06, 0.0028861827853461047, 0.054348225897690436, 0.8833252252519467]
Games played: 148
Exploitability: P1=2.600000000 P2=-0.008357110 EV: (-0.00865652700459053, 0.00865652700459053) P1 Winnings: -36.0
Choosing model 4
[0.05943863077687881, 1.760791403640733e-06, 0.0028861843468582864, 0.05434826682357659, 0.8833251572612827]
Games played: 149
Exploitability: P1=2.600000000 P2=-0.008357110 EV: (-0.00865652700459053, 0.00865652700459053) P1 Winnings: -37.0
Choosing model 4
[0.04929559308693298, 7.808338503422476e-07, 0.0022591623895048744, 0.03768479070055211, 0.9107596729891597]
Games played: 150
Exploitability: P1=2.600000000 P2=-0.008357110 EV: (-0.00865652700459053, 0.00865652700459053) P1 Winnings: -38.0
Choosing model 4
[0.049295616981634996, 7.808349799942761e-07, 0.002259163757931881, 0.037684822156940835, 0.9107596162685123]
Games played: 151
Exploitability: P1=2.600000000 P2=-0.008357110 EV: (-0.00865652700459053, 0.00865652700459053) P1 Winnings: -41.0
Choosing model 4
[0.04929563908489593, 7.808360250513745e-07, 0.0022591650239269182, 0.037684851264044424, 0.9107595637911077]
Games played: 152
Exploitability: P1=2.600000000 P2=-0.008357110 EV: (-0.00865652700459053, 0.00865652700459053) P1 Winnings: -42.0
Choosing model 4
[0.033321840431203474, 3.6329730615036084e-07, 0.00109954175363687, 0.03454963137274423, 0.9310286231451094]
Games played: 153
Exploitability: P1=2.600000000 P2=-0.008357110 EV: (-0.00865652700459053, 0.00865652700459053) P1 Winnings: -45.0
Choosing model 4
[0.03111206499366886, 2.6025947106684023e-07, 0.0010047202402266127, 0.030116343254353348, 0.9377666112522801]
Games played: 154
Exploitability: P1=2.600000000 P2=-0.008357110 EV: (-0.00865652700459053, 0.00865652700459053) P1 Winnings: -45.0
Choosing model 4
[0.03417707294297545, 2.9517915331291946e-07, 0.0011686529395446938, 0.029913907097988544, 0.934740071840338]
Games played: 155
Exploitability: P1=2.600000000 P2=-0.008357110 EV: (-0.00865652700459053, 0.00865652700459053) P1 Winnings: -44.0
Choosing model 4
[0.02320334804903362, 1.1495252260668217e-07, 0.0005843180741325844, 0.024725004508971086, 0.95148721441534]
Games played: 156
Exploitability: P1=2.600000000 P2=-0.008357110 EV: (-0.00865652700459053, 0.00865652700459053) P1 Winnings: -37.0
Choosing model 4
[0.021618668504652248, 8.217530073498311e-08, 0.0005327962706743916, 0.02150669274186529, 0.9563417603075073]
Games played: 157
Exploitability: P1=2.600000000 P2=-0.008357110 EV: (-0.00865652700459053, 0.00865652700459053) P1 Winnings: -37.0
Choosing model 3
[0.023772547162805094, 9.329560590166043e-08, 0.0006203579160315547, 0.021383819515960124, 0.9542231821095973]
Games played: 158
Exploitability: P1=1.933333333 P2=-0.008357110 EV: (-0.12734615979603348, 0.12734615979603348) P1 Winnings: -36.0
Choosing model 4
[0.024608360884958786, 1.0340144676043768e-07, 0.0006475662633265292, 0.02268006472927223, 0.9520639047209957]
Games played: 159
Exploitability: P1=2.600000000 P2=-0.008357110 EV: (-0.00865652700459053, 0.00865652700459053) P1 Winnings: -47.0
Choosing model 4
[0.024608372557308737, 1.0340158783380085e-07, 0.0006475666430107148, 0.022680082835343274, 0.9520638745627495]
Games played: 160
Exploitability: P1=2.600000000 P2=-0.008357110 EV: (-0.00865652700459053, 0.00865652700459053) P1 Winnings: -48.0
Choosing model 4
[0.0246083842296637, 1.0340172890735429e-07, 0.0006475670226951092, 0.02268010094142829, 0.952063844404484]
Games played: 161
Exploitability: P1=2.600000000 P2=-0.008357110 EV: (-0.00865652700459053, 0.00865652700459053) P1 Winnings: -49.0
Choosing model 4
[0.02705148667751301, 1.1735698697811515e-07, 0.0007537496777049506, 0.02254332104401218, 0.9496513252437828]
Games played: 162
Exploitability: P1=2.600000000 P2=-0.008357110 EV: (-0.00865652700459053, 0.00865652700459053) P1 Winnings: -48.0
Choosing model 4
[0.03435222727523898, 1.7346037920064645e-07, 0.001106826814467913, 0.023634319226792606, 0.9409064532231214]
Games played: 163
Exploitability: P1=2.600000000 P2=-0.008357110 EV: (-0.00865652700459053, 0.00865652700459053) P1 Winnings: -45.0
Choosing model 4
[0.03241246465358674, 1.3182438507526827e-07, 0.0010258748941408952, 0.02107127878346484, 0.9454902498444224]
Games played: 164
Exploitability: P1=2.600000000 P2=-0.008357110 EV: (-0.00865652700459053, 0.00865652700459053) P1 Winnings: -45.0
Choosing model 4
[0.037084103074566915, 2.084616153989732e-07, 0.0012161926026056102, 0.026803125093205794, 0.9348963707680062]
Games played: 165
Exploitability: P1=2.600000000 P2=-0.008357110 EV: (-0.00865652700459053, 0.00865652700459053) P1 Winnings: -40.0
Choosing model 4
[0.03708412029042072, 2.08461897706098e-07, 0.0012161933034224716, 0.02680314622047197, 0.934896331723787]
Games played: 166
Exploitability: P1=2.600000000 P2=-0.008357110 EV: (-0.00865652700459053, 0.00865652700459053) P1 Winnings: -41.0
Choosing model 4
[0.03708413750628152, 2.0846218001359956e-07, 0.0012161940042397044, 0.026803167347754085, 0.9348962926795447]
Games played: 167
Exploitability: P1=2.600000000 P2=-0.008357110 EV: (-0.00865652700459053, 0.00865652700459053) P1 Winnings: -42.0
Choosing model 4
[0.034605904796056484, 1.468786551584757e-07, 0.0011097264576678048, 0.023268982325955475, 0.9410152395416651]
Games played: 168
Exploitability: P1=2.600000000 P2=-0.008357110 EV: (-0.00865652700459053, 0.00865652700459053) P1 Winnings: -42.0
Choosing model 4
[0.04185042828204434, 2.5078437601633833e-07, 0.0014492279744428252, 0.028763153932974177, 0.9279369390261627]
Games played: 169
Exploitability: P1=2.600000000 P2=-0.008357110 EV: (-0.00865652700459053, 0.00865652700459053) P1 Winnings: -39.0
Choosing model 4
[0.04081421239601759, 2.2081474850102035e-07, 0.0014020505313036852, 0.027337861020806008, 0.9304456552371242]
Games played: 170
Exploitability: P1=2.600000000 P2=-0.008357110 EV: (-0.00865652700459053, 0.00865652700459053) P1 Winnings: -42.0
Choosing model 4
[0.0397994899464598, 1.9440626238810629e-07, 0.0013562670058915943, 0.025980477564542297, 0.9328635710768439]
Games played: 171
Exploitability: P1=2.600000000 P2=-0.008357110 EV: (-0.00865652700459053, 0.00865652700459053) P1 Winnings: -45.0
Choosing model 4
[0.04141441408978862, 2.0342719827257286e-07, 0.0014218580877946696, 0.02752684589337076, 0.9296366785018477]
Games played: 172
Exploitability: P1=2.600000000 P2=-0.008357110 EV: (-0.00865652700459053, 0.00865652700459053) P1 Winnings: -42.0
Choosing model 4
[0.034904775238817395, 1.0279898451027343e-07, 0.0011413028768106064, 0.01996738082985516, 0.9439864382555323]
Games played: 173
Exploitability: P1=2.600000000 P2=-0.008357110 EV: (-0.00865652700459053, 0.00865652700459053) P1 Winnings: -43.0
Choosing model 4
[0.038716255696529416, 9.810827101574044e-08, 0.0013710347996274395, 0.017975699344073708, 0.9419369120514984]
Games played: 174
Exploitability: P1=2.600000000 P2=-0.008357110 EV: (-0.00865652700459053, 0.00865652700459053) P1 Winnings: -40.0
Choosing model 4
[0.03871627391808278, 9.810840450633759e-08, 0.001371035598452311, 0.017975713628360535, 0.9419368787467]
Games played: 175
Exploitability: P1=2.600000000 P2=-0.008357110 EV: (-0.00865652700459053, 0.00865652700459053) P1 Winnings: -41.0
Choosing model 4
[0.04428894197002068, 1.5511813909140912e-07, 0.0016251098229319054, 0.022861604597978494, 0.9312241884909298]
Games played: 176
Exploitability: P1=2.600000000 P2=-0.008357110 EV: (-0.00865652700459053, 0.00865652700459053) P1 Winnings: -36.0
Choosing model 4
[0.041811597740061913, 1.1795119656184581e-07, 0.001507098880731078, 0.0203938305889783, 0.9362873548390322]
Games played: 177
Exploitability: P1=2.600000000 P2=-0.008357110 EV: (-0.00865652700459053, 0.00865652700459053) P1 Winnings: -36.0
Choosing model 4
[0.038938157253772115, 8.50204805510649e-08, 0.0013735011336308911, 0.017736810394867603, 0.9419514461972488]
Games played: 178
Exploitability: P1=2.600000000 P2=-0.008357110 EV: (-0.00865652700459053, 0.00865652700459053) P1 Winnings: -33.0
Choosing model 4
[0.037949045773145014, 7.481093938396474e-08, 0.001327913945494028, 0.0168468031463847, 0.9438761623240369]
Games played: 179
Exploitability: P1=2.600000000 P2=-0.008357110 EV: (-0.00865652700459053, 0.00865652700459053) P1 Winnings: -36.0
Choosing model 4
[0.03578716846631561, 5.682375022772656e-08, 0.001230138421742114, 0.01501186392025977, 0.9479707723679323]
Games played: 180
Exploitability: P1=2.600000000 P2=-0.008357110 EV: (-0.00865652700459053, 0.00865652700459053) P1 Winnings: -35.0
Choosing model 4
[0.03929050948637901, 6.441148729051832e-08, 0.001430041637247497, 0.014902523517709093, 0.9443768609471771]
Games played: 181
Exploitability: P1=2.600000000 P2=-0.008357110 EV: (-0.00865652700459053, 0.00865652700459053) P1 Winnings: -34.0
Choosing model 4
[0.03929052806557348, 6.44115750749668e-08, 0.0014300424736323908, 0.014902535393053813, 0.9443768296561652]
Games played: 182
Exploitability: P1=2.600000000 P2=-0.008357110 EV: (-0.00865652700459053, 0.00865652700459053) P1 Winnings: -35.0
Choosing model 4
[0.039290548150354945, 6.441166996537224e-08, 0.0014300433776861324, 0.014902548226926432, 0.9443767958333624]
Games played: 183
Exploitability: P1=2.600000000 P2=-0.008357110 EV: (-0.00865652700459053, 0.00865652700459053) P1 Winnings: -38.0
Choosing model 4
[0.04312003714836518, 7.298417605839767e-08, 0.0016617842033618334, 0.014788238588063484, 0.9404298670760335]
Games played: 184
Exploitability: P1=2.600000000 P2=-0.008357110 EV: (-0.00865652700459053, 0.00865652700459053) P1 Winnings: -37.0
Choosing model 4
[0.04945566176198915, 1.12918401437154e-07, 0.00197421844848468, 0.01877054420738553, 0.9297994626637393]
Games played: 185
Exploitability: P1=2.600000000 P2=-0.008357110 EV: (-0.00865652700459053, 0.00865652700459053) P1 Winnings: -30.0
Choosing model 4
[0.04945568657848433, 1.1291856672656384e-07, 0.0019742196780142955, 0.018770560196015848, 0.9297994206289187]
Games played: 186
Exploitability: P1=2.600000000 P2=-0.008357110 EV: (-0.00865652700459053, 0.00865652700459053) P1 Winnings: -33.0
Choosing model 4
[0.04869844424239764, 9.870144072771697e-08, 0.001930535843653167, 0.018036383031172575, 0.9313345381813359]
Games played: 187
Exploitability: P1=2.600000000 P2=-0.008357110 EV: (-0.00865652700459053, 0.00865652700459053) P1 Winnings: -33.0
Choosing model 4
[0.04869846873258953, 9.870158531517217e-08, 0.0019305370481049026, 0.01803639841432418, 0.931334497103396]
Games played: 188
Exploitability: P1=2.600000000 P2=-0.008357110 EV: (-0.00865652700459053, 0.00865652700459053) P1 Winnings: -36.0
Choosing model 0
[0.061451520290710465, 1.4496696018391408e-07, 0.0028169830670132074, 0.018790078081996824, 0.9169412735933192]
Games played: 189
Exploitability: P1=1.900000000 P2=-0.008357110 EV: (-0.08563681264530898, 0.08563681264530898) P1 Winnings: -33.0
Choosing model 4
[0.06145154840907051, 1.449671555373321e-07, 0.0028169846714824805, 0.01879009276776955, 0.9169412291845219]
Games played: 190
Exploitability: P1=2.600000000 P2=-0.008357110 EV: (-0.00865652700459053, 0.00865652700459053) P1 Winnings: -34.0
Choosing model 4
[0.05805394796584552, 1.1030796010536221e-07, 0.0026142130999189965, 0.016773299174762207, 0.9225584294515132]
Games played: 191
Exploitability: P1=2.600000000 P2=-0.008357110 EV: (-0.00865652700459053, 0.00865652700459053) P1 Winnings: -33.0
Choosing model 4
[0.054819346320844904, 8.389715879698884e-08, 0.0024249380811127317, 0.014966189043308967, 0.9277894426575747]
Games played: 192
Exploitability: P1=2.600000000 P2=-0.008357110 EV: (-0.00865652700459053, 0.00865652700459053) P1 Winnings: -32.0
Choosing model 4
[0.051743323976300805, 6.378316006958699e-08, 0.002248426520360066, 0.01334818872563763, 0.9326599969945414]
Games played: 193
Exploitability: P1=2.600000000 P2=-0.008357110 EV: (-0.00865652700459053, 0.00865652700459053) P1 Winnings: -31.0
Choosing model 4
[0.05174334815856545, 6.378324664582801e-08, 0.0022484278229875617, 0.01334819928874327, 0.9326599609464571]
Games played: 194
Exploitability: P1=2.600000000 P2=-0.008357110 EV: (-0.00865652700459053, 0.00865652700459053) P1 Winnings: -32.0
Choosing model 4
[0.04225616190220878, 2.7851819102482138e-08, 0.0017329999659783815, 0.00911379617851925, 0.9468970141014744]
Games played: 195
Exploitability: P1=2.600000000 P2=-0.008357110 EV: (-0.00865652700459053, 0.00865652700459053) P1 Winnings: -32.0
Choosing model 4
[0.04116849765559116, 2.449878938536585e-08, 0.0016749003347080555, 0.008653480015759892, 0.9485030974951515]
Games played: 196
Exploitability: P1=2.600000000 P2=-0.008357110 EV: (-0.00865652700459053, 0.00865652700459053) P1 Winnings: -35.0
Choosing model 4
[0.05209270249462606, 3.608145745258536e-08, 0.002450696943334257, 0.00903990993298204, 0.9364166545476001]
Games played: 197
Exploitability: P1=2.600000000 P2=-0.008357110 EV: (-0.00865652700459053, 0.00865652700459053) P1 Winnings: -32.0
Choosing model 4
[0.048479269734957656, 2.598998451015365e-08, 0.0022319139579864366, 0.007856722550137115, 0.9414320677669342]
Games played: 198
Exploitability: P1=2.600000000 P2=-0.008357110 EV: (-0.00865652700459053, 0.00865652700459053) P1 Winnings: -39.0
Choosing model 0
[0.055522696916816716, 4.114102672410235e-08, 0.002648647507837645, 0.010004023829252992, 0.9318245906050658]
Games played: 199
Exploitability: P1=1.900000000 P2=-0.008357110 EV: (-0.08563681264530898, 0.08563681264530898) P1 Winnings: -34.0
Choosing model 4
[0.06439095984923204, 6.903049169981213e-08, 0.0031963324244429344, 0.013069612352761375, 0.9193430263430721]
Games played: 200
Exploitability: P1=2.600000000 P2=-0.008357110 EV: (-0.00865652700459053, 0.00865652700459053) P1 Winnings: -35.0
