Player 1 exploitability: 0.385048501708
Choosing model 1
[0.19733496417247454, 0.21128199468780628, 0.19899352857647956, 0.20218832894668723, 0.1902011836165524]
Games played: 1
Exploitability: P1=2.800000000 P2=0.299396488 EV: (0.29939648756752324, -0.29939648756752324) P1 Winnings: -5
Choosing model 2
[0.1982581124014497, 0.18749831158432254, 0.17781367095226924, 0.22275442313879407, 0.21367548192316438]
Games played: 2
Exploitability: P1=4.600000000 P2=0.299396488 EV: (0.20929023510091707, -0.20929023510091707) P1 Winnings: -12
Choosing model 0
[0.20325399218159235, 0.19846256074172275, 0.19302236928353458, 0.20649014445989594, 0.1987709333332544]
Games played: 3
Exploitability: P1=1.900000000 P2=0.299396488 EV: (-0.09228244182868292, 0.09228244182868292) P1 Winnings: -11.0
Choosing model 1
[0.20748460917784226, 0.2091695707975377, 0.2086357951442336, 0.19059478127226498, 0.18411524360812145]
Games played: 4
Exploitability: P1=2.800000000 P2=0.299396488 EV: (0.29939648756752324, -0.29939648756752324) P1 Winnings: -10.0
Choosing model 0
[0.2167871911025736, 0.17602913033793974, 0.2141381894600429, 0.18816956295752807, 0.20487592614191566]
Games played: 5
Exploitability: P1=1.900000000 P2=0.299396488 EV: (-0.09228244182868292, 0.09228244182868292) P1 Winnings: -9.0
Choosing model 1
[0.21678716119691435, 0.17602926272105113, 0.2141381839033342, 0.18816959796670626, 0.204875794211994]
Games played: 6
Exploitability: P1=2.800000000 P2=0.299396488 EV: (0.29939648756752324, -0.29939648756752324) P1 Winnings: -10.0
Choosing model 4
[0.22924378885606977, 0.09818813481242104, 0.19108026746995752, 0.18842418368775343, 0.29306362517379825]
Games played: 7
Exploitability: P1=2.600000000 P2=0.299396488 EV: (-0.18706362757074463, 0.18706362757074463) P1 Winnings: -15.0
Choosing model 3
[0.22219697796980473, 0.1376927505658181, 0.19272135508952631, 0.20573626711928214, 0.2416526492555686]
Games played: 8
Exploitability: P1=1.933333333 P2=0.299396488 EV: (-0.005261578405137496, 0.005261578405137496) P1 Winnings: -16.0
Choosing model 0
[0.20762867809237096, 0.14299430791359344, 0.1517920398793862, 0.2551864361835429, 0.2423985379311065]
Games played: 9
Exploitability: P1=1.900000000 P2=0.299396488 EV: (-0.09228244182868292, 0.09228244182868292) P1 Winnings: -7.0
Choosing model 3
[0.21561135977037113, 0.11949485556248923, 0.15648091534352168, 0.24389312009726685, 0.26451974922635113]
Games played: 10
Exploitability: P1=1.933333333 P2=0.299396488 EV: (-0.005261578405137496, 0.005261578405137496) P1 Winnings: -6.0
Choosing model 4
[0.22337971739241796, 0.1278187067884947, 0.17165950392926985, 0.2284738618160463, 0.24866821007377116]
Games played: 11
Exploitability: P1=2.600000000 P2=0.299396488 EV: (-0.18706362757074463, 0.18706362757074463) P1 Winnings: -5.0
Choosing model 0
[0.23044700314107344, 0.1361428565456841, 0.18751221210936933, 0.21312221650223265, 0.23277571170164055]
Games played: 12
Exploitability: P1=1.900000000 P2=0.299396488 EV: (-0.09228244182868292, 0.09228244182868292) P1 Winnings: -4.0
Choosing model 1
[0.20580755002220338, 0.22482930770862067, 0.17923623024998392, 0.23300877319292898, 0.15711813882626305]
Games played: 13
Exploitability: P1=2.800000000 P2=0.299396488 EV: (0.29939648756752324, -0.29939648756752324) P1 Winnings: -9.0
Choosing model 1
[0.19658162593749956, 0.2967022008655118, 0.20003863152621856, 0.19806400382301473, 0.1086135378477553]
Games played: 14
Exploitability: P1=2.800000000 P2=0.299396488 EV: (0.29939648756752324, -0.29939648756752324) P1 Winnings: 0.0
Choosing model 3
[0.18997500085095387, 0.3386225232606139, 0.2141408673891385, 0.17201623139073202, 0.08524537710856174]
Games played: 15
Exploitability: P1=1.933333333 P2=0.299396488 EV: (-0.005261578405137496, 0.005261578405137496) P1 Winnings: 5.0
Choosing model 4
[0.18242414967011777, 0.35971165859154824, 0.20915244790917223, 0.17315284824626656, 0.07555889558289512]
Games played: 16
Exploitability: P1=2.600000000 P2=0.299396488 EV: (-0.18706362757074463, 0.18706362757074463) P1 Winnings: 5.0
Choosing model 1
[0.18242408373513946, 0.3597118487220757, 0.20915239573869046, 0.17315284176390283, 0.07555883004019152]
Games played: 17
Exploitability: P1=2.800000000 P2=0.299396488 EV: (0.29939648756752324, -0.29939648756752324) P1 Winnings: 4.0
Choosing model 1
[0.18202285410345176, 0.33059284974338415, 0.1658142903582512, 0.23063026010978666, 0.09093974568512625]
Games played: 18
Exploitability: P1=2.800000000 P2=0.299396488 EV: (0.29939648756752324, -0.29939648756752324) P1 Winnings: -9.0
Choosing model 2
[0.19619323099730115, 0.28870281887332494, 0.17564265068769425, 0.235226958315997, 0.10423434112568279]
Games played: 19
Exploitability: P1=4.600000000 P2=0.299396488 EV: (0.20929023510091707, -0.20929023510091707) P1 Winnings: -8.0
Choosing model 1
[0.17806815746179036, 0.364338290538098, 0.17639736712864554, 0.20604549753493556, 0.07515068733653042]
Games played: 20
Exploitability: P1=2.800000000 P2=0.299396488 EV: (0.29939648756752324, -0.29939648756752324) P1 Winnings: -3.0
Choosing model 2
[0.18512782690120522, 0.3356148808568412, 0.168718071530268, 0.22548265627054262, 0.08505656444114307]
Games played: 21
Exploitability: P1=4.600000000 P2=0.299396488 EV: (0.20929023510091707, -0.20929023510091707) P1 Winnings: 6.0
Choosing model 2
[0.18015394357376435, 0.34968075013595684, 0.16556501934022472, 0.22482119635778752, 0.07977909059226664]
Games played: 22
Exploitability: P1=4.600000000 P2=0.299396488 EV: (0.20929023510091707, -0.20929023510091707) P1 Winnings: -7.0
Choosing model 1
[0.15273872514146347, 0.428932170383552, 0.14606541690458308, 0.21472187521769318, 0.05754181235270821]
Games played: 23
Exploitability: P1=2.800000000 P2=0.299396488 EV: (0.29939648756752324, -0.29939648756752324) P1 Winnings: -16.0
Choosing model 3
[0.16817970678422697, 0.38265956448399796, 0.15805989120802594, 0.2237245538536353, 0.06737628367011371]
Games played: 24
Exploitability: P1=1.933333333 P2=0.299396488 EV: (-0.005261578405137496, 0.005261578405137496) P1 Winnings: -17.0
Choosing model 0
[0.17643962122380247, 0.35720069639816443, 0.16510285840176225, 0.2304620668944923, 0.07079475708177858]
Games played: 25
Exploitability: P1=1.900000000 P2=0.299396488 EV: (-0.09228244182868292, 0.09228244182868292) P1 Winnings: -22.0
Choosing model 0
[0.17347466766922928, 0.3636705207918109, 0.16408805280348915, 0.23300862464122798, 0.06575813409424278]
Games played: 26
Exploitability: P1=1.900000000 P2=0.299396488 EV: (-0.09228244182868292, 0.09228244182868292) P1 Winnings: -22.0
Choosing model 3
[0.1896340101571939, 0.31746657895261665, 0.17604837963320047, 0.24003524729515086, 0.07681578396183797]
Games played: 27
Exploitability: P1=1.933333333 P2=0.299396488 EV: (-0.005261578405137496, 0.005261578405137496) P1 Winnings: -22.0
Choosing model 1
[0.16920416746207262, 0.41419226731904235, 0.19972954443441815, 0.172057175283792, 0.04481684550067493]
Games played: 28
Exploitability: P1=2.800000000 P2=0.299396488 EV: (0.29939648756752324, -0.29939648756752324) P1 Winnings: -17.0
Choosing model 2
[0.18806845522643245, 0.3614998277714043, 0.21754267912344832, 0.17934824077351563, 0.053540797105199246]
Games played: 29
Exploitability: P1=4.600000000 P2=0.299396488 EV: (0.20929023510091707, -0.20929023510091707) P1 Winnings: -17.0
Choosing model 2
[0.20411152570768826, 0.31787702144550933, 0.23203097812848256, 0.18418802756257413, 0.06179244715574556]
Games played: 30
Exploitability: P1=4.600000000 P2=0.299396488 EV: (0.20929023510091707, -0.20929023510091707) P1 Winnings: -16.0
Choosing model 3
[0.2233889204454077, 0.2669302194376757, 0.24852703557169292, 0.18819776468474633, 0.07295605986047735]
Games played: 31
Exploitability: P1=1.933333333 P2=0.299396488 EV: (-0.005261578405137496, 0.005261578405137496) P1 Winnings: -15.0
Choosing model 3
[0.21837804524110077, 0.27938529540940343, 0.24499425558729432, 0.18850108123210538, 0.06874132253009621]
Games played: 32
Exploitability: P1=1.933333333 P2=0.299396488 EV: (-0.005261578405137496, 0.005261578405137496) P1 Winnings: -26.0
Choosing model 4
[0.23616678948083525, 0.2338600129044648, 0.25928321118766257, 0.19038020148655196, 0.08030978494048549]
Games played: 33
Exploitability: P1=2.600000000 P2=0.299396488 EV: (-0.18706362757074463, 0.18706362757074463) P1 Winnings: -26.0
Choosing model 2
[0.23683623536291945, 0.2421354652759249, 0.2753202129259729, 0.17262988441193017, 0.07307820202325255]
Games played: 34
Exploitability: P1=4.600000000 P2=0.299396488 EV: (0.20929023510091707, -0.20929023510091707) P1 Winnings: -25.0
Choosing model 2
[0.21538700126335653, 0.30423976006565, 0.2925606357729507, 0.13971369580080348, 0.04809890709723923]
Games played: 35
Exploitability: P1=4.600000000 P2=0.299396488 EV: (0.20929023510091707, -0.20929023510091707) P1 Winnings: -16.0
Choosing model 0
[0.1881471574437616, 0.3739339736766121, 0.2653682859883131, 0.13654748513984954, 0.03600309775146391]
Games played: 36
Exploitability: P1=1.900000000 P2=0.299396488 EV: (-0.09228244182868292, 0.09228244182868292) P1 Winnings: -16.0
Choosing model 3
[0.18814708433975974, 0.3739341611874922, 0.26536821260157484, 0.13654747632619985, 0.036003065544973296]
Games played: 37
Exploitability: P1=1.933333333 P2=0.299396488 EV: (-0.005261578405137496, 0.005261578405137496) P1 Winnings: -17.0
Choosing model 4
[0.20820114673021828, 0.32027522150542126, 0.28737115106409894, 0.1411131178204878, 0.0430393628797736]
Games played: 38
Exploitability: P1=2.600000000 P2=0.299396488 EV: (-0.18706362757074463, 0.18706362757074463) P1 Winnings: -17.0
Choosing model 1
[0.21701862690353488, 0.2963442586551115, 0.29746823937541195, 0.14353395293015508, 0.04563492213578676]
Games played: 39
Exploitability: P1=2.800000000 P2=0.299396488 EV: (0.29939648756752324, -0.29939648756752324) P1 Winnings: -17.0
Choosing model 1
[0.2255971777516881, 0.2734591452025837, 0.3070865499555431, 0.14560110143541663, 0.04825602565476832]
Games played: 40
Exploitability: P1=2.800000000 P2=0.299396488 EV: (0.29939648756752324, -0.29939648756752324) P1 Winnings: -17.0
Choosing model 3
[0.17937344771754588, 0.39043943061688097, 0.2604629254247999, 0.14032827108214502, 0.029395925158628197]
Games played: 41
Exploitability: P1=1.933333333 P2=0.299396488 EV: (-0.005261578405137496, 0.005261578405137496) P1 Winnings: -10.0
Choosing model 1
[0.1963331118148475, 0.3442130820761977, 0.28005213135920143, 0.1451346830769821, 0.03426699167277117]
Games played: 42
Exploitability: P1=2.800000000 P2=0.299396488 EV: (0.29939648756752324, -0.29939648756752324) P1 Winnings: -10.0
Choosing model 4
[0.1710541277638527, 0.39734393386949507, 0.31913118689487213, 0.09244071273701078, 0.02003003873476929]
Games played: 43
Exploitability: P1=2.600000000 P2=0.299396488 EV: (-0.18706362757074463, 0.18706362757074463) P1 Winnings: -7.0
Choosing model 1
[0.16754119218097763, 0.4018164772014812, 0.3309723142893207, 0.0818683810396874, 0.017801635288533058]
Games played: 44
Exploitability: P1=2.800000000 P2=0.299396488 EV: (0.29939648756752324, -0.29939648756752324) P1 Winnings: -6.0
Choosing model 2
[0.21333415913951406, 0.27357598041708386, 0.3977539932363699, 0.08715576320235527, 0.028180104004676985]
Games played: 45
Exploitability: P1=4.600000000 P2=0.299396488 EV: (0.20929023510091707, -0.20929023510091707) P1 Winnings: -6.0
Choosing model 2
[0.23034140514734772, 0.22862954069845842, 0.4202762207604759, 0.08788319845334198, 0.03286963494037587]
Games played: 46
Exploitability: P1=4.600000000 P2=0.299396488 EV: (0.20929023510091707, -0.20929023510091707) P1 Winnings: -9.0
Choosing model 2
[0.22567203212407247, 0.23126567771407053, 0.43598838818880015, 0.07785319791358176, 0.0292207040594751]
Games played: 47
Exploitability: P1=4.600000000 P2=0.299396488 EV: (0.20929023510091707, -0.20929023510091707) P1 Winnings: -8.0
Choosing model 1
[0.203512737642613, 0.28825696654969446, 0.4073999938963396, 0.07805651852477113, 0.02277378338658187]
Games played: 48
Exploitability: P1=2.800000000 P2=0.299396488 EV: (0.29939648756752324, -0.29939648756752324) P1 Winnings: -17.0
Choosing model 1
[0.2210099799637439, 0.24018429630439736, 0.4329870180326763, 0.07913861202119858, 0.026680093677983664]
Games played: 49
Exploitability: P1=2.800000000 P2=0.299396488 EV: (0.29939648756752324, -0.29939648756752324) P1 Winnings: -16.0
Choosing model 0
[0.19542596659162395, 0.3072744784346815, 0.3983994123944583, 0.07883016879186594, 0.020069973787370434]
Games played: 50
Exploitability: P1=1.900000000 P2=0.299396488 EV: (-0.09228244182868292, 0.09228244182868292) P1 Winnings: -23.0
Choosing model 4
[0.2106895946625038, 0.2645434772251808, 0.4215551642438831, 0.08008960158279972, 0.023122162285632582]
Games played: 51
Exploitability: P1=2.600000000 P2=0.299396488 EV: (-0.18706362757074463, 0.18706362757074463) P1 Winnings: -23.0
Choosing model 0
[0.22457381104266916, 0.22711791160053343, 0.4413956098147953, 0.08066456474767451, 0.026248102794327533]
Games played: 52
Exploitability: P1=1.900000000 P2=0.299396488 EV: (-0.09228244182868292, 0.09228244182868292) P1 Winnings: -23.0
Choosing model 2
[0.23705531315971637, 0.19292483152889464, 0.462537208362032, 0.07836660680065252, 0.029116040148704475]
Games played: 53
Exploitability: P1=4.600000000 P2=0.299396488 EV: (0.20929023510091707, -0.20929023510091707) P1 Winnings: -22.0
Choosing model 0
[0.2326851948088067, 0.2020357991840306, 0.4602252105200869, 0.07767755410796699, 0.02737624137910862]
Games played: 54
Exploitability: P1=1.900000000 P2=0.299396488 EV: (-0.09228244182868292, 0.09228244182868292) P1 Winnings: -17.0
Choosing model 0
[0.20205214323835444, 0.2787482898325313, 0.4213074000538066, 0.07884501539271131, 0.01904715148259627]
Games played: 55
Exploitability: P1=1.900000000 P2=0.299396488 EV: (-0.09228244182868292, 0.09228244182868292) P1 Winnings: -22.0
Choosing model 2
[0.1972155197713734, 0.2809072515465554, 0.4354227245573373, 0.06958517816190272, 0.016869325962831208]
Games played: 56
Exploitability: P1=4.600000000 P2=0.299396488 EV: (0.20929023510091707, -0.20929023510091707) P1 Winnings: -21.0
Choosing model 0
[0.1921215862325841, 0.2825342729546158, 0.4491387673426101, 0.06129382060307614, 0.014911552867113735]
Games played: 57
Exploitability: P1=1.900000000 P2=0.299396488 EV: (-0.09228244182868292, 0.09228244182868292) P1 Winnings: -20.0
Choosing model 2
[0.19892088666043273, 0.26028704835368105, 0.46301509843525673, 0.0623137936198297, 0.015463172930799823]
Games played: 58
Exploitability: P1=4.600000000 P2=0.299396488 EV: (0.20929023510091707, -0.20929023510091707) P1 Winnings: -25.0
Choosing model 2
[0.1943135340448308, 0.2712666258897035, 0.4584822112534703, 0.06146845507509537, 0.01446917373690015]
Games played: 59
Exploitability: P1=4.600000000 P2=0.299396488 EV: (0.20929023510091707, -0.20929023510091707) P1 Winnings: -20.0
Choosing model 0
[0.20968809959387913, 0.22576358153305898, 0.4867425825230165, 0.06104335090685758, 0.01676238544318786]
Games played: 60
Exploitability: P1=1.900000000 P2=0.299396488 EV: (-0.09228244182868292, 0.09228244182868292) P1 Winnings: -17.0
Choosing model 1
[0.20538675994722957, 0.23676145436928156, 0.4807650855653276, 0.06126170255651829, 0.01582499756164286]
Games played: 61
Exploitability: P1=2.800000000 P2=0.299396488 EV: (0.29939648756752324, -0.29939648756752324) P1 Winnings: -18.0
Choosing model 2
[0.21129344236724693, 0.21990781393996625, 0.49063885662866846, 0.06142132056122575, 0.01673856650289256]
Games played: 62
Exploitability: P1=4.600000000 P2=0.299396488 EV: (0.20929023510091707, -0.20929023510091707) P1 Winnings: -18.0
Choosing model 0
[0.2112932324641665, 0.21990833745139515, 0.4906385772499959, 0.061421335031172634, 0.016738517803269775]
Games played: 63
Exploitability: P1=1.900000000 P2=0.299396488 EV: (-0.09228244182868292, 0.09228244182868292) P1 Winnings: -27.0
Choosing model 0
[0.20542271233133472, 0.22073829268271533, 0.5050785684986029, 0.05399418597668955, 0.014766240510657551]
Games played: 64
Exploitability: P1=1.900000000 P2=0.299396488 EV: (-0.09228244182868292, 0.09228244182868292) P1 Winnings: -26.0
Choosing model 2
[0.21712209066845853, 0.18791936620003843, 0.5244113319221433, 0.053925377140593964, 0.016621834068765884]
Games played: 65
Exploitability: P1=4.600000000 P2=0.299396488 EV: (0.20929023510091707, -0.20929023510091707) P1 Winnings: -26.0
Choosing model 1
[0.2120395815338659, 0.2100361781369728, 0.5052295198911876, 0.057410116446233964, 0.015284603991739702]
Games played: 66
Exploitability: P1=2.800000000 P2=0.299396488 EV: (0.29939648756752324, -0.29939648756752324) P1 Winnings: -26.0
Choosing model 1
[0.20789203100883968, 0.220482161131461, 0.49951039786499996, 0.057671516771833305, 0.014443893222866067]
Games played: 67
Exploitability: P1=2.800000000 P2=0.299396488 EV: (0.29939648756752324, -0.29939648756752324) P1 Winnings: -39.0
Choosing model 2
[0.17249516770871468, 0.2423883569074755, 0.5420932262484174, 0.03498263609812241, 0.008040613037269854]
Games played: 68
Exploitability: P1=4.600000000 P2=0.299396488 EV: (0.20929023510091707, -0.20929023510091707) P1 Winnings: -36.0
Choosing model 2
[0.18476949954313165, 0.2002404863552429, 0.5712595173692397, 0.03448428425538933, 0.00924621247699632]
Games played: 69
Exploitability: P1=4.600000000 P2=0.299396488 EV: (0.20929023510091707, -0.20929023510091707) P1 Winnings: -33.0
Choosing model 2
[0.16911802115661723, 0.21644773159007705, 0.5791955343648381, 0.028365547111198326, 0.006873165777269281]
Games played: 70
Exploitability: P1=4.600000000 P2=0.299396488 EV: (0.20929023510091707, -0.20929023510091707) P1 Winnings: -28.0
Choosing model 1
[0.15292288166578868, 0.2705144042581018, 0.5426752666304088, 0.028516263116941346, 0.00537118432875942]
Games played: 71
Exploitability: P1=2.800000000 P2=0.299396488 EV: (0.29939648756752324, -0.29939648756752324) P1 Winnings: -37.0
Choosing model 2
[0.1677149302288722, 0.2620581042460161, 0.529344676824131, 0.03429534638006528, 0.00658694232091538]
Games played: 72
Exploitability: P1=4.600000000 P2=0.299396488 EV: (0.20929023510091707, -0.20929023510091707) P1 Winnings: -44.0
Choosing model 1
[0.20339667416583043, 0.19068962587491503, 0.5552299940537713, 0.04059298844036462, 0.010090717465118667]
Games played: 73
Exploitability: P1=2.800000000 P2=0.299396488 EV: (0.29939648756752324, -0.29939648756752324) P1 Winnings: -44.0
Choosing model 4
[0.2166264262481939, 0.15334303012203904, 0.578217941654518, 0.040220536448963264, 0.011592065526285777]
Games played: 74
Exploitability: P1=2.600000000 P2=0.299396488 EV: (-0.18706362757074463, 0.18706362757074463) P1 Winnings: -41.0
Choosing model 0
[0.20948735433869037, 0.15310293973988617, 0.5920689922617566, 0.035168926325107694, 0.010171787334559187]
Games played: 75
Exploitability: P1=1.900000000 P2=0.299396488 EV: (-0.09228244182868292, 0.09228244182868292) P1 Winnings: -40.0
Choosing model 2
[0.21833100722384563, 0.12928275686292962, 0.6064288437133132, 0.03468401941159386, 0.011273372788317807]
Games played: 76
Exploitability: P1=4.600000000 P2=0.299396488 EV: (0.20929023510091707, -0.20929023510091707) P1 Winnings: -39.0
Choosing model 2
[0.22551312732221868, 0.1074590935514436, 0.6218195038163596, 0.03297186349731017, 0.012236411812667741]
Games played: 77
Exploitability: P1=4.600000000 P2=0.299396488 EV: (0.20929023510091707, -0.20929023510091707) P1 Winnings: -38.0
Choosing model 0
[0.20417178482413478, 0.13527533465344904, 0.6229427103760619, 0.028809862225497487, 0.008800307920856882]
Games played: 78
Exploitability: P1=1.900000000 P2=0.299396488 EV: (-0.09228244182868292, 0.09228244182868292) P1 Winnings: -33.0
Choosing model 2
[0.20417174500115756, 0.1352754286637462, 0.6229426586430228, 0.028809865940649205, 0.008800301751424313]
Games played: 79
Exploitability: P1=4.600000000 P2=0.299396488 EV: (0.20929023510091707, -0.20929023510091707) P1 Winnings: -34.0
Choosing model 0
[0.19679658674111833, 0.13462135324455862, 0.6357763515364323, 0.025108919986323423, 0.007696788491567331]
Games played: 80
Exploitability: P1=1.900000000 P2=0.299396488 EV: (-0.09228244182868292, 0.09228244182868292) P1 Winnings: -33.0
Choosing model 2
[0.20608409126851965, 0.10911474219326353, 0.6515382534416543, 0.024555739841026065, 0.00870717325553646]
Games played: 81
Exploitability: P1=4.600000000 P2=0.299396488 EV: (0.20929023510091707, -0.20929023510091707) P1 Winnings: -33.0
Choosing model 2
[0.2026074715307772, 0.11479453420595155, 0.6495389962207179, 0.02506780935285864, 0.007991188689694775]
Games played: 82
Exploitability: P1=4.600000000 P2=0.299396488 EV: (0.20929023510091707, -0.20929023510091707) P1 Winnings: -26.0
Choosing model 2
[0.2096997767905237, 0.09626384184527018, 0.660689899812125, 0.024551136390121343, 0.00879534516195961]
Games played: 83
Exploitability: P1=4.600000000 P2=0.299396488 EV: (0.20929023510091707, -0.20929023510091707) P1 Winnings: -25.0
Choosing model 2
[0.20085836354293446, 0.145887495741552, 0.6164491671201427, 0.02946787654626388, 0.0073370970491068764]
Games played: 84
Exploitability: P1=4.600000000 P2=0.299396488 EV: (0.20929023510091707, -0.20929023510091707) P1 Winnings: -34.0
Choosing model 2
[0.18379668134311217, 0.19314226565749576, 0.5869734340796636, 0.03037597563850029, 0.005711643281228314]
Games played: 85
Exploitability: P1=4.600000000 P2=0.299396488 EV: (0.20929023510091707, -0.20929023510091707) P1 Winnings: -43.0
Choosing model 2
[0.15740684941185337, 0.22853330852526793, 0.5873687819131891, 0.023150898843876083, 0.0035401613058135026]
Games played: 86
Exploitability: P1=4.600000000 P2=0.299396488 EV: (0.20929023510091707, -0.20929023510091707) P1 Winnings: -34.0
Choosing model 2
[0.1897367417726191, 0.16528546709198527, 0.6123516890674289, 0.027235752537721977, 0.005390349530244927]
Games played: 87
Exploitability: P1=4.600000000 P2=0.299396488 EV: (0.20929023510091707, -0.20929023510091707) P1 Winnings: -34.0
Choosing model 1
[0.19961942758499032, 0.13411360121174284, 0.6338090065955253, 0.026369754201939443, 0.006088210405802092]
Games played: 88
Exploitability: P1=2.800000000 P2=0.299396488 EV: (0.29939648756752324, -0.29939648756752324) P1 Winnings: -31.0
Choosing model 2
[0.21756437374172086, 0.12911174370526976, 0.6143878952095632, 0.03151623893696612, 0.0074197484064802]
Games played: 89
Exploitability: P1=4.600000000 P2=0.299396488 EV: (0.20929023510091707, -0.20929023510091707) P1 Winnings: -38.0
Choosing model 0
[0.2247139000774, 0.10731342644636366, 0.629959874655258, 0.029959475369273517, 0.00805332345170482]
Games played: 90
Exploitability: P1=1.900000000 P2=0.299396488 EV: (-0.09228244182868292, 0.09228244182868292) P1 Winnings: -37.0
Choosing model 2
[0.21670859290576874, 0.10684971514985217, 0.6432702394563643, 0.026124336742743576, 0.0070471157452712905]
Games played: 91
Exploitability: P1=4.600000000 P2=0.299396488 EV: (0.20929023510091707, -0.20929023510091707) P1 Winnings: -36.0
Choosing model 2
[0.18938009158000177, 0.12900833887166333, 0.6568377475175026, 0.02031679150350831, 0.004457030527323899]
Games played: 92
Exploitability: P1=4.600000000 P2=0.299396488 EV: (0.20929023510091707, -0.20929023510091707) P1 Winnings: -27.0
Choosing model 0
[0.1893799532934814, 0.1290086799451181, 0.6568375463908265, 0.020316801637502515, 0.004457018733071351]
Games played: 93
Exploitability: P1=1.900000000 P2=0.299396488 EV: (-0.09228244182868292, 0.09228244182868292) P1 Winnings: -36.0
Choosing model 2
[0.18658544787644102, 0.13608840000664615, 0.6525843336647095, 0.020509314163326887, 0.004232504288876445]
Games played: 94
Exploitability: P1=4.600000000 P2=0.299396488 EV: (0.20929023510091707, -0.20929023510091707) P1 Winnings: -31.0
Choosing model 2
[0.16106787667130992, 0.16230746575474111, 0.6582248306573539, 0.015755564300498532, 0.0026442626160964517]
Games played: 95
Exploitability: P1=4.600000000 P2=0.299396488 EV: (0.20929023510091707, -0.20929023510091707) P1 Winnings: -22.0
Choosing model 2
[0.14738777033685688, 0.2089737785715871, 0.6254343555178333, 0.016130693205625206, 0.0020734023680975227]
Games played: 96
Exploitability: P1=4.600000000 P2=0.299396488 EV: (0.20929023510091707, -0.20929023510091707) P1 Winnings: -22.0
Choosing model 2
[0.15535377025621763, 0.25017152183435476, 0.5716617692351836, 0.020501392020657302, 0.002311546653586637]
Games played: 97
Exploitability: P1=4.600000000 P2=0.299396488 EV: (0.20929023510091707, -0.20929023510091707) P1 Winnings: -17.0
Choosing model 2
[0.1516142976142648, 0.26048179383733494, 0.565538509119411, 0.0202044555984869, 0.0021609438305025155]
Games played: 98
Exploitability: P1=4.600000000 P2=0.299396488 EV: (0.20929023510091707, -0.20929023510091707) P1 Winnings: -12.0
Choosing model 1
[0.16160718025325166, 0.34126511922848624, 0.45956779434016354, 0.03477319065368143, 0.0027867155244170006]
Games played: 99
Exploitability: P1=2.800000000 P2=0.299396488 EV: (0.29939648756752324, -0.29939648756752324) P1 Winnings: -3.0
Choosing model 0
[0.19303474053516478, 0.24440675630870837, 0.5228002000027162, 0.035747912855195726, 0.004010390298214854]
Games played: 100
Exploitability: P1=1.900000000 P2=0.299396488 EV: (-0.09228244182868292, 0.09228244182868292) P1 Winnings: -8.0
Choosing model 1
[0.16393391990148792, 0.3297886659782862, 0.46806165549244383, 0.035486897139390024, 0.002728861488392113]
Games played: 101
Exploitability: P1=2.800000000 P2=0.299396488 EV: (0.29939648756752324, -0.29939648756752324) P1 Winnings: -13.0
Choosing model 2
[0.17862009811459814, 0.28216193960532365, 0.49976038063683464, 0.03626176658967785, 0.0031958150535654913]
Games played: 102
Exploitability: P1=4.600000000 P2=0.299396488 EV: (0.20929023510091707, -0.20929023510091707) P1 Winnings: -10.0
Choosing model 2
[0.2014675436413603, 0.21399088862931992, 0.5438472116170401, 0.0365794195096482, 0.004114936602631612]
Games played: 103
Exploitability: P1=4.600000000 P2=0.299396488 EV: (0.20929023510091707, -0.20929023510091707) P1 Winnings: -5.0
Choosing model 2
[0.20146734425446555, 0.21399139885682059, 0.5438469039784816, 0.03657942826428517, 0.004114924645947086]
Games played: 104
Exploitability: P1=4.600000000 P2=0.299396488 EV: (0.20929023510091707, -0.20929023510091707) P1 Winnings: -14.0
Choosing model 2
[0.23951925536122984, 0.15264740975377458, 0.5592096784434731, 0.042444008663753835, 0.006179647777768722]
Games played: 105
Exploitability: P1=4.600000000 P2=0.299396488 EV: (0.20929023510091707, -0.20929023510091707) P1 Winnings: -14.0
Choosing model 3
[0.257629573272544, 0.1600525544055949, 0.5200610478022634, 0.05501306967445583, 0.007243754845141868]
Games played: 106
Exploitability: P1=1.933333333 P2=0.299396488 EV: (-0.005261578405137496, 0.005261578405137496) P1 Winnings: -14.0
Choosing model 2
[0.2576295134533841, 0.16005267121372144, 0.5200609899764786, 0.05501307615554597, 0.0072437492008699395]
Games played: 107
Exploitability: P1=4.600000000 P2=0.299396488 EV: (0.20929023510091707, -0.20929023510091707) P1 Winnings: -17.0
Choosing model 2
[0.3056851609965479, 0.10017325628586489, 0.5207037773569047, 0.061811294619187364, 0.01162651074149508]
Games played: 108
Exploitability: P1=4.600000000 P2=0.299396488 EV: (0.20929023510091707, -0.20929023510091707) P1 Winnings: -22.0
Choosing model 2
[0.28681933154764133, 0.11100112874699254, 0.5411989442644296, 0.05212094058842776, 0.00885965485250877]
Games played: 109
Exploitability: P1=4.600000000 P2=0.299396488 EV: (0.20929023510091707, -0.20929023510091707) P1 Winnings: -17.0
Choosing model 0
[0.25707545275523724, 0.08954228953413079, 0.6169677533846527, 0.030396031428165327, 0.006018472897813957]
Games played: 110
Exploitability: P1=1.900000000 P2=0.299396488 EV: (-0.09228244182868292, 0.09228244182868292) P1 Winnings: -14.0
Choosing model 2
[0.25401606562002044, 0.09472992270968056, 0.6147491694690109, 0.03077297568399474, 0.005731866517293289]
Games played: 111
Exploitability: P1=4.600000000 P2=0.299396488 EV: (0.20929023510091707, -0.20929023510091707) P1 Winnings: -9.0
Choosing model 2
[0.2503082346172827, 0.09959150100344938, 0.6140681546274384, 0.030621671128828454, 0.005410438623001216]
Games played: 112
Exploitability: P1=4.600000000 P2=0.299396488 EV: (0.20929023510091707, -0.20929023510091707) P1 Winnings: -4.0
Choosing model 2
[0.2599552993772518, 0.17120564342299657, 0.5080804464681197, 0.054807272462133336, 0.005951338269498473]
Games played: 113
Exploitability: P1=4.600000000 P2=0.299396488 EV: (0.20929023510091707, -0.20929023510091707) P1 Winnings: -13.0
Choosing model 0
[0.2386831155406376, 0.21726803442266857, 0.48337897382331185, 0.055947415966662875, 0.004722460246719153]
Games played: 114
Exploitability: P1=1.900000000 P2=0.299396488 EV: (-0.09228244182868292, 0.09228244182868292) P1 Winnings: -8.0
Choosing model 2
[0.23386003067282016, 0.2279232096482451, 0.4775919180307272, 0.05616507846300181, 0.004459763185205661]
Games played: 115
Exploitability: P1=4.600000000 P2=0.299396488 EV: (0.20929023510091707, -0.20929023510091707) P1 Winnings: -3.0
Choosing model 2
[0.25880548540049597, 0.2323277001212576, 0.4199424816955573, 0.08297108392430251, 0.0059532488583867015]
Games played: 116
Exploitability: P1=4.600000000 P2=0.299396488 EV: (0.20929023510091707, -0.20929023510091707) P1 Winnings: -16.0
Choosing model 2
[0.25880521300805925, 0.2323282394736839, 0.4199422177629165, 0.0829710985692024, 0.0059532311861379425]
Games played: 117
Exploitability: P1=4.600000000 P2=0.299396488 EV: (0.20929023510091707, -0.20929023510091707) P1 Winnings: -25.0
Choosing model 1
[0.2532701757116279, 0.24256837345902904, 0.41658654797853467, 0.08199423423710019, 0.005580668613708208]
Games played: 118
Exploitability: P1=2.800000000 P2=0.299396488 EV: (0.29939648756752324, -0.29939648756752324) P1 Winnings: -20.0
Choosing model 0
[0.24769713103767838, 0.25310005736833235, 0.4129969453567759, 0.08097774543924605, 0.00522812079796736]
Games played: 119
Exploitability: P1=1.900000000 P2=0.299396488 EV: (-0.09228244182868292, 0.09228244182868292) P1 Winnings: -15.0
Choosing model 1
[0.24208982562995524, 0.2648538054242513, 0.40704020655504436, 0.0810911156329707, 0.004925046757778488]
Games played: 120
Exploitability: P1=2.800000000 P2=0.299396488 EV: (0.29939648756752324, -0.29939648756752324) P1 Winnings: -10.0
Choosing model 0
[0.19659807041081365, 0.3704598446741175, 0.3510564136992415, 0.07876668407326289, 0.0031189871425644764]
Games played: 121
Exploitability: P1=1.900000000 P2=0.299396488 EV: (-0.09228244182868292, 0.09228244182868292) P1 Winnings: -17.0
Choosing model 2
[0.19183107385415699, 0.37321059059756395, 0.3627028728231243, 0.0694939734634205, 0.0027614892617341476]
Games played: 122
Exploitability: P1=4.600000000 P2=0.299396488 EV: (0.20929023510091707, -0.20929023510091707) P1 Winnings: -16.0
Choosing model 3
[0.1861539657103051, 0.38639227639368884, 0.3567869843836802, 0.0680998132367049, 0.0025669602756210755]
Games played: 123
Exploitability: P1=1.933333333 P2=0.299396488 EV: (-0.005261578405137496, 0.005261578405137496) P1 Winnings: -11.0
Choosing model 2
[0.19469019357857076, 0.3939291421069256, 0.3226303009490644, 0.08582462374857593, 0.002925739616863236]
Games played: 124
Exploitability: P1=4.600000000 P2=0.299396488 EV: (0.20929023510091707, -0.20929023510091707) P1 Winnings: -2.0
Choosing model 2
[0.23800421443409636, 0.28858394517159586, 0.3777245242510685, 0.09151370360876832, 0.0041736125344710795]
Games played: 125
Exploitability: P1=4.600000000 P2=0.299396488 EV: (0.20929023510091707, -0.20929023510091707) P1 Winnings: 1.0
Choosing model 0
[0.20473050662668818, 0.3429701351728004, 0.3796466310389892, 0.07005444653026326, 0.002598280631258788]
Games played: 126
Exploitability: P1=1.900000000 P2=0.299396488 EV: (-0.09228244182868292, 0.09228244182868292) P1 Winnings: 10.0
Choosing model 1
[0.20473043105096134, 0.34297031381020415, 0.37964653341392907, 0.0700544433675272, 0.002598278357378168]
Games played: 127
Exploitability: P1=2.800000000 P2=0.299396488 EV: (0.29939648756752324, -0.29939648756752324) P1 Winnings: 9.0
Choosing model 1
[0.22279355708928678, 0.34377296816340264, 0.32825778304600134, 0.1017650926496816, 0.0034105990516277405]
Games played: 128
Exploitability: P1=2.800000000 P2=0.299396488 EV: (0.29939648756752324, -0.29939648756752324) P1 Winnings: -4.0
Choosing model 1
[0.1792818674031358, 0.44599862950707647, 0.2774519623387269, 0.09501010483102171, 0.0022574359200391346]
Games played: 129
Exploitability: P1=2.800000000 P2=0.299396488 EV: (0.29939648756752324, -0.29939648756752324) P1 Winnings: -4.0
Choosing model 3
[0.13206467236537006, 0.5658691594183282, 0.21705759185780266, 0.08371179656275811, 0.001296779795740931]
Games played: 130
Exploitability: P1=1.933333333 P2=0.299396488 EV: (-0.005261578405137496, 0.005261578405137496) P1 Winnings: -11.0
Choosing model 1
[0.1290952086535187, 0.5711005816088154, 0.22466365630203336, 0.07399033647220501, 0.0011502169634275553]
Games played: 131
Exploitability: P1=2.800000000 P2=0.299396488 EV: (0.29939648756752324, -0.29939648756752324) P1 Winnings: -10.0
Choosing model 2
[0.1283027316303069, 0.57077262202904, 0.22495499575680253, 0.07487487110406435, 0.0010947794797862575]
Games played: 132
Exploitability: P1=4.600000000 P2=0.299396488 EV: (0.20929023510091707, -0.20929023510091707) P1 Winnings: -7.0
Choosing model 1
[0.11458270241254405, 0.6019879980688011, 0.22254146905637087, 0.06009378905496634, 0.0007940414073176412]
Games played: 133
Exploitability: P1=2.800000000 P2=0.299396488 EV: (0.29939648756752324, -0.29939648756752324) P1 Winnings: -2.0
Choosing model 1
[0.12497827749629625, 0.5817739363967875, 0.22331119227174798, 0.06899373198035877, 0.0009428618548092987]
Games played: 134
Exploitability: P1=2.800000000 P2=0.299396488 EV: (0.29939648756752324, -0.29939648756752324) P1 Winnings: 7.0
Choosing model 0
[0.11963562880322887, 0.5962641644776303, 0.21556160253075882, 0.0676686763231547, 0.0008699278652272717]
Games played: 135
Exploitability: P1=1.900000000 P2=0.299396488 EV: (-0.09228244182868292, 0.09228244182868292) P1 Winnings: -6.0
Choosing model 2
[0.09415804074164044, 0.6692021193346024, 0.17630586883767016, 0.05974865436981481, 0.000585316716272086]
Games played: 136
Exploitability: P1=4.600000000 P2=0.299396488 EV: (0.20929023510091707, -0.20929023510091707) P1 Winnings: -6.0
Choosing model 1
[0.09174339210784671, 0.6732057244102106, 0.1818940640367323, 0.05263933371873952, 0.0005174857264707686]
Games played: 137
Exploitability: P1=2.800000000 P2=0.299396488 EV: (0.29939648756752324, -0.29939648756752324) P1 Winnings: -5.0
Choosing model 1
[0.12839432052619237, 0.5648916149394759, 0.24243809772679853, 0.06340342022734556, 0.0008725465801874791]
Games played: 138
Exploitability: P1=2.800000000 P2=0.299396488 EV: (0.29939648756752324, -0.29939648756752324) P1 Winnings: -5.0
Choosing model 1
[0.1375615513648966, 0.5372490586926666, 0.25795007630256234, 0.06628836413131245, 0.0009509495085620861]
Games played: 139
Exploitability: P1=2.800000000 P2=0.299396488 EV: (0.29939648756752324, -0.29939648756752324) P1 Winnings: -5.0
Choosing model 1
[0.15491524992193645, 0.4868766302833793, 0.2883771521619015, 0.06870558975913192, 0.001125377873650768]
Games played: 140
Exploitability: P1=2.800000000 P2=0.299396488 EV: (0.29939648756752324, -0.29939648756752324) P1 Winnings: -4.0
Choosing model 1
[0.16874250287051656, 0.46844347160401434, 0.2793768603039965, 0.08206646261779482, 0.0013707026036777884]
Games played: 141
Exploitability: P1=2.800000000 P2=0.299396488 EV: (0.29939648756752324, -0.29939648756752324) P1 Winnings: -11.0
Choosing model 0
[0.13757224065153145, 0.5493053053426576, 0.23690700519943086, 0.07526332595175937, 0.0009521228546206587]
Games played: 142
Exploitability: P1=1.900000000 P2=0.299396488 EV: (-0.09228244182868292, 0.09228244182868292) P1 Winnings: -6.0
Choosing model 0
[0.18138045622757518, 0.434229956569227, 0.29747392484102786, 0.08540324416216857, 0.0015124182000013462]
Games played: 143
Exploitability: P1=1.900000000 P2=0.299396488 EV: (-0.09228244182868292, 0.09228244182868292) P1 Winnings: -5.0
Choosing model 1
[0.22662079787537426, 0.3252936143722813, 0.35397249162499156, 0.09183642473885173, 0.0022766713885010747]
Games played: 144
Exploitability: P1=2.800000000 P2=0.299396488 EV: (0.29939648756752324, -0.29939648756752324) P1 Winnings: -6.0
Choosing model 2
[0.24436864522795304, 0.2841978076774006, 0.37511562634928114, 0.09370729235199404, 0.002610628393371122]
Games played: 145
Exploitability: P1=4.600000000 P2=0.299396488 EV: (0.20929023510091707, -0.20929023510091707) P1 Winnings: -5.0
Choosing model 0
[0.28457787946033203, 0.19833066441979302, 0.418360114411758, 0.09518372574795944, 0.003547615960157284]
Games played: 146
Exploitability: P1=1.900000000 P2=0.299396488 EV: (-0.09228244182868292, 0.09228244182868292) P1 Winnings: -2.0
Choosing model 2
[0.2887180500986928, 0.1871820178639821, 0.42445597978859206, 0.09609897321793205, 0.003544979030801038]
Games played: 147
Exploitability: P1=4.600000000 P2=0.299396488 EV: (0.20929023510091707, -0.20929023510091707) P1 Winnings: -5.0
Choosing model 2
[0.25519362687132996, 0.22858421547069002, 0.4383641182308795, 0.0755903395686674, 0.002267699858433067]
Games played: 148
Exploitability: P1=4.600000000 P2=0.299396488 EV: (0.20929023510091707, -0.20929023510091707) P1 Winnings: 4.0
Choosing model 2
[0.27300860127080506, 0.188599062972789, 0.4613681632905348, 0.07441973798269852, 0.002604434483172575]
Games played: 149
Exploitability: P1=4.600000000 P2=0.299396488 EV: (0.20929023510091707, -0.20929023510091707) P1 Winnings: 7.0
Choosing model 2
[0.2866469185658152, 0.16043900014915116, 0.4760674588460908, 0.07393869627519033, 0.0029079261637527036]
Games played: 150
Exploitability: P1=4.600000000 P2=0.299396488 EV: (0.20929023510091707, -0.20929023510091707) P1 Winnings: 8.0
Choosing model 2
[0.2794179020160895, 0.16146931717179958, 0.49137134144924877, 0.06516938352708196, 0.0025720558357802186]
Games played: 151
Exploitability: P1=4.600000000 P2=0.299396488 EV: (0.20929023510091707, -0.20929023510091707) P1 Winnings: 9.0
Choosing model 2
[0.25719259122424587, 0.2054229547468326, 0.46864749611633716, 0.06669091249029488, 0.00204604542228952]
Games played: 152
Exploitability: P1=4.600000000 P2=0.299396488 EV: (0.20929023510091707, -0.20929023510091707) P1 Winnings: 14.0
Choosing model 3
[0.2519703170325532, 0.2147143363266176, 0.465416635392704, 0.06597858999926047, 0.0019201212488648334]
Games played: 153
Exploitability: P1=1.933333333 P2=0.299396488 EV: (-0.005261578405137496, 0.005261578405137496) P1 Winnings: 19.0
Choosing model 2
[0.24514052442918444, 0.21567503804486393, 0.4794485474982142, 0.05804083247114912, 0.001695057556588408]
Games played: 154
Exploitability: P1=4.600000000 P2=0.299396488 EV: (0.20929023510091707, -0.20929023510091707) P1 Winnings: 20.0
Choosing model 2
[0.22604375542526087, 0.23486528422138545, 0.4897241945798041, 0.048097375411762594, 0.0012693903617871107]
Games played: 155
Exploitability: P1=4.600000000 P2=0.299396488 EV: (0.20929023510091707, -0.20929023510091707) P1 Winnings: 25.0
Choosing model 2
[0.2190943902003016, 0.23503399557847618, 0.5026025424168364, 0.042152661059501946, 0.0011164107448838596]
Games played: 156
Exploitability: P1=4.600000000 P2=0.299396488 EV: (0.20929023510091707, -0.20929023510091707) P1 Winnings: 26.0
Choosing model 1
[0.19158246392710324, 0.28576348042835586, 0.48630535096775057, 0.035573228625406635, 0.0007754760513836339]
Games played: 157
Exploitability: P1=2.800000000 P2=0.299396488 EV: (0.29939648756752324, -0.29939648756752324) P1 Winnings: 31.0
Choosing model 2
[0.1599365519124918, 0.3781550959636375, 0.4268823005261146, 0.034499224703605134, 0.0005268268941510928]
Games played: 158
Exploitability: P1=4.600000000 P2=0.299396488 EV: (0.20929023510091707, -0.20929023510091707) P1 Winnings: 31.0
Choosing model 2
[0.14397938407006874, 0.40203520191446507, 0.4256894443320591, 0.02791079843271492, 0.0003851712506923649]
Games played: 159
Exploitability: P1=4.600000000 P2=0.299396488 EV: (0.20929023510091707, -0.20929023510091707) P1 Winnings: 36.0
Choosing model 2
[0.13905782246571494, 0.40089653835736316, 0.43533378309526316, 0.024374305357411825, 0.00033755072424674677]
Games played: 160
Exploitability: P1=4.600000000 P2=0.299396488 EV: (0.20929023510091707, -0.20929023510091707) P1 Winnings: 37.0
Choosing model 2
[0.134191242046976, 0.3994240090790914, 0.44482121884439707, 0.021267961725430908, 0.000295568304104618]
Games played: 161
Exploitability: P1=4.600000000 P2=0.299396488 EV: (0.20929023510091707, -0.20929023510091707) P1 Winnings: 38.0
Choosing model 1
[0.1293935846316042, 0.3976452968082935, 0.4541595429391702, 0.018542970870228003, 0.0002586047507040756]
Games played: 162
Exploitability: P1=2.800000000 P2=0.299396488 EV: (0.29939648756752324, -0.29939648756752324) P1 Winnings: 39.0
Choosing model 2
[0.1410160889150927, 0.34873692196166706, 0.49135168084815145, 0.018599141574938426, 0.0002961667001504168]
Games played: 163
Exploitability: P1=4.600000000 P2=0.299396488 EV: (0.20929023510091707, -0.20929023510091707) P1 Winnings: 40.0
Choosing model 1
[0.1521442561336589, 0.30278264943708644, 0.5262685569073826, 0.018468748163098833, 0.00033578935877323076]
Games played: 164
Exploitability: P1=2.800000000 P2=0.299396488 EV: (0.29939648756752324, -0.29939648756752324) P1 Winnings: 41.0
Choosing model 1
[0.12119430832197449, 0.31956326857761597, 0.5483078234878362, 0.010755143029720568, 0.00017945658285281068]
Games played: 165
Exploitability: P1=2.800000000 P2=0.299396488 EV: (0.29939648756752324, -0.29939648756752324) P1 Winnings: 44.0
Choosing model 1
[0.1211941479130169, 0.31956392382457854, 0.5483073302482432, 0.010755142012671526, 0.00017945600148990424]
Games played: 166
Exploitability: P1=2.800000000 P2=0.299396488 EV: (0.29939648756752324, -0.29939648756752324) P1 Winnings: 35.0
Choosing model 1
[0.09372246004375126, 0.44376854103537566, 0.45232096539095906, 0.010081709584807638, 0.00010632394510634204]
Games played: 167
Exploitability: P1=2.800000000 P2=0.299396488 EV: (0.29939648756752324, -0.29939648756752324) P1 Winnings: 42.0
Choosing model 1
[0.08308749512065901, 0.46461159054743284, 0.4441921253951903, 0.00803223695934053, 7.655197737724093e-05]
Games played: 168
Exploitability: P1=2.800000000 P2=0.299396488 EV: (0.29939648756752324, -0.29939648756752324) P1 Winnings: 47.0
Choosing model 1
[0.0917684573058822, 0.4129466654162969, 0.4870311070479327, 0.008164920116844424, 8.88501130437162e-05]
Games played: 169
Exploitability: P1=2.800000000 P2=0.299396488 EV: (0.29939648756752324, -0.29939648756752324) P1 Winnings: 48.0
Choosing model 0
[0.07898202911034147, 0.47919268453056535, 0.4339764841376595, 0.007782815884404671, 6.598633702895868e-05]
Games played: 170
Exploitability: P1=1.900000000 P2=0.299396488 EV: (-0.09228244182868292, 0.09228244182868292) P1 Winnings: 55.0
Choosing model 0
[0.07611226566440568, 0.4944187757060547, 0.4217231768160397, 0.007684491821156886, 6.128999234298417e-05]
Games played: 171
Exploitability: P1=1.900000000 P2=0.299396488 EV: (-0.09228244182868292, 0.09228244182868292) P1 Winnings: 60.0
Choosing model 2
[0.08495245835378998, 0.44448239362094977, 0.46238777600972475, 0.008104516183915101, 7.285583162048655e-05]
Games played: 172
Exploitability: P1=4.600000000 P2=0.299396488 EV: (0.20929023510091707, -0.20929023510091707) P1 Winnings: 60.0
Choosing model 2
[0.07521794610687296, 0.4647737844402145, 0.453507019979645, 0.006448860102389118, 5.238937087836416e-05]
Games played: 173
Exploitability: P1=4.600000000 P2=0.299396488 EV: (0.20929023510091707, -0.20929023510091707) P1 Winnings: 65.0
Choosing model 2
[0.05737231881404234, 0.47115604756553725, 0.46799379908791294, 0.0034517330721057517, 2.6101460401804276e-05]
Games played: 174
Exploitability: P1=4.600000000 P2=0.299396488 EV: (0.20929023510091707, -0.20929023510091707) P1 Winnings: 70.0
Choosing model 2
[0.063582307477273, 0.4230562547093358, 0.5097108835591344, 0.003619793450462044, 3.076080379483808e-05]
Games played: 175
Exploitability: P1=4.600000000 P2=0.299396488 EV: (0.20929023510091707, -0.20929023510091707) P1 Winnings: 71.0
Choosing model 1
[0.061475406342431746, 0.437947135128863, 0.49696286924452454, 0.003585922962026427, 2.8666322154183344e-05]
Games played: 176
Exploitability: P1=2.800000000 P2=0.299396488 EV: (0.29939648756752324, -0.29939648756752324) P1 Winnings: 58.0
Choosing model 2
[0.05428649652747827, 0.4567237940257708, 0.48612336824416624, 0.0028457824988692942, 2.0558703715536468e-05]
Games played: 177
Exploitability: P1=4.600000000 P2=0.299396488 EV: (0.20929023510091707, -0.20929023510091707) P1 Winnings: 63.0
Choosing model 1
[0.043226716497217946, 0.5024586132719268, 0.45228625027911196, 0.0020165723028608184, 1.1847648882512084e-05]
Games played: 178
Exploitability: P1=2.800000000 P2=0.299396488 EV: (0.29939648756752324, -0.29939648756752324) P1 Winnings: 72.0
Choosing model 2
[0.03263982728734822, 0.5042409510605784, 0.4620448580609688, 0.0010685201526997974, 5.843438404898279e-06]
Games played: 179
Exploitability: P1=4.600000000 P2=0.299396488 EV: (0.20929023510091707, -0.20929023510091707) P1 Winnings: 77.0
Choosing model 1
[0.03740028649590897, 0.44331221545223704, 0.518137215598155, 0.0011430592905665093, 7.22316313261552e-06]
Games played: 180
Exploitability: P1=2.800000000 P2=0.299396488 EV: (0.29939648756752324, -0.29939648756752324) P1 Winnings: 78.0
Choosing model 2
[0.04222706462141785, 0.384034437398193, 0.5725248204630103, 0.0012048796935138317, 8.797823864985526e-06]
Games played: 181
Exploitability: P1=4.600000000 P2=0.299396488 EV: (0.20929023510091707, -0.20929023510091707) P1 Winnings: 79.0
Choosing model 2
[0.05138795563674287, 0.280061947007225, 0.6672586709509207, 0.0012789329777571196, 1.2493427354294148e-05]
Games played: 182
Exploitability: P1=4.600000000 P2=0.299396488 EV: (0.20929023510091707, -0.20929023510091707) P1 Winnings: 82.0
Choosing model 2
[0.04902331042279578, 0.27584715547081445, 0.6740155202031956, 0.001103199241025255, 1.0814662168995393e-05]
Games played: 183
Exploitability: P1=4.600000000 P2=0.299396488 EV: (0.20929023510091707, -0.20929023510091707) P1 Winnings: 83.0
Choosing model 1
[0.040226779281534425, 0.31272842836653386, 0.6462327721423017, 0.0008055977468018794, 6.422462828171569e-06]
Games played: 184
Exploitability: P1=2.800000000 P2=0.299396488 EV: (0.29939648756752324, -0.29939648756752324) P1 Winnings: 92.0
Choosing model 2
[0.04188614739991552, 0.2890558743041132, 0.6682326227876356, 0.0008185529176608295, 6.802590674896069e-06]
Games played: 185
Exploitability: P1=4.600000000 P2=0.299396488 EV: (0.20929023510091707, -0.20929023510091707) P1 Winnings: 95.0
Choosing model 2
[0.04486611330427618, 0.25085877681141233, 0.7034376872858397, 0.0008296740320179338, 7.7485664541038e-06]
Games played: 186
Exploitability: P1=4.600000000 P2=0.299396488 EV: (0.20929023510091707, -0.20929023510091707) P1 Winnings: 96.0
Choosing model 2
[0.058148960083651856, 0.17149952629991863, 0.7693196794422178, 0.0010182494097250767, 1.3584764486630678e-05]
Games played: 187
Exploitability: P1=4.600000000 P2=0.299396488 EV: (0.20929023510091707, -0.20929023510091707) P1 Winnings: 91.0
Choosing model 1
[0.05814890739719441, 0.17149994955299916, 0.7693193085850936, 0.0010182497385633927, 1.3584726149518862e-05]
Games played: 188
Exploitability: P1=2.800000000 P2=0.299396488 EV: (0.29939648756752324, -0.29939648756752324) P1 Winnings: 82.0
Choosing model 2
[0.05349432754630866, 0.21272157030230068, 0.7327358603889425, 0.001037457803101875, 1.078395934627604e-05]
Games played: 189
Exploitability: P1=4.600000000 P2=0.299396488 EV: (0.20929023510091707, -0.20929023510091707) P1 Winnings: 89.0
Choosing model 1
[0.052226794569269305, 0.22157375222236525, 0.7251665425226866, 0.001022825443403361, 1.0085242275374424e-05]
Games played: 190
Exploitability: P1=2.800000000 P2=0.299396488 EV: (0.29939648756752324, -0.29939648756752324) P1 Winnings: 94.0
Choosing model 2
[0.05524329239954845, 0.18989081695356247, 0.7538307811991514, 0.0010237653095474533, 1.1344138190157126e-05]
Games played: 191
Exploitability: P1=4.600000000 P2=0.299396488 EV: (0.20929023510091707, -0.20929023510091707) P1 Winnings: 95.0
Choosing model 1
[0.06035308958502685, 0.14233984427000637, 0.7962862326397636, 0.001006806781166307, 1.4026724036861994e-05]
Games played: 192
Exploitability: P1=2.800000000 P2=0.299396488 EV: (0.29939648756752324, -0.29939648756752324) P1 Winnings: 95.0
Choosing model 0
[0.05430190421126738, 0.1512458892714328, 0.7936278676969201, 0.0008140892621141765, 1.0249558265580773e-05]
Games played: 193
Exploitability: P1=1.900000000 P2=0.299396488 EV: (-0.09228244182868292, 0.09228244182868292) P1 Winnings: 100.0
Choosing model 2
[0.05164058917950024, 0.1485021772162359, 0.7991483649825296, 0.0007000241612641882, 8.844460470223489e-06]
Games played: 194
Exploitability: P1=4.600000000 P2=0.299396488 EV: (0.20929023510091707, -0.20929023510091707) P1 Winnings: 101.0
Choosing model 2
[0.05618143435508052, 0.14314804113063556, 0.7998584095704037, 0.0008016397415289496, 1.0475202351460206e-05]
Games played: 195
Exploitability: P1=4.600000000 P2=0.299396488 EV: (0.20929023510091707, -0.20929023510091707) P1 Winnings: 92.0
Choosing model 2
[0.06108442411790639, 0.13790309858005703, 0.8000826301839506, 0.0009174480363305158, 1.2399081755485788e-05]
Games played: 196
Exploitability: P1=4.600000000 P2=0.299396488 EV: (0.20929023510091707, -0.20929023510091707) P1 Winnings: 83.0
Choosing model 2
[0.06363025613091051, 0.11638760604970375, 0.8190640716735534, 0.0009043313629768579, 1.3734782855558268e-05]
Games played: 197
Exploitability: P1=4.600000000 P2=0.299396488 EV: (0.20929023510091707, -0.20929023510091707) P1 Winnings: 82.0
Choosing model 1
[0.05897638269428893, 0.15178259684457188, 0.788292315521016, 0.000937796497601492, 1.090844252170893e-05]
Games played: 198
Exploitability: P1=2.800000000 P2=0.299396488 EV: (0.29939648756752324, -0.29939648756752324) P1 Winnings: 82.0
Choosing model 2
[0.05302242453488278, 0.1611554403976746, 0.785056464788005, 0.0007577054305147778, 7.964848922806018e-06]
Games played: 199
Exploitability: P1=4.600000000 P2=0.299396488 EV: (0.20929023510091707, -0.20929023510091707) P1 Winnings: 87.0
Choosing model 2
[0.050432312598261746, 0.1582586234958449, 0.7906505395261008, 0.0006516502629369236, 6.874116855572448e-06]
Games played: 200
Exploitability: P1=4.600000000 P2=0.299396488 EV: (0.20929023510091707, -0.20929023510091707) P1 Winnings: 88.0
