Player 1 exploitability: 0.0148373248042
Choosing model 0
[0.20538664576634916, 0.1827466399451904, 0.20449495117806915, 0.2016672974734704, 0.20570446563692088]
Games played: 1
Exploitability: P1=1.900000000 P2=-0.070814689 EV: (-0.0852283025335334, 0.0852283025335334) P1 Winnings: -5
Choosing model 0
[0.2148579247119812, 0.14668073686979793, 0.20936078247466863, 0.19695799564142424, 0.2321425603021281]
Games played: 2
Exploitability: P1=1.900000000 P2=-0.070814689 EV: (-0.0852283025335334, 0.0852283025335334) P1 Winnings: -4.0
Choosing model 0
[0.20929815299651958, 0.17156202274652502, 0.20834028313637531, 0.20427792279111365, 0.20652161832946628]
Games played: 3
Exploitability: P1=1.900000000 P2=-0.070814689 EV: (-0.0852283025335334, 0.0852283025335334) P1 Winnings: -4.0
Choosing model 2
[0.2092981241739287, 0.17156215181109039, 0.20834027777984906, 0.20427796084603386, 0.206521485389098]
Games played: 4
Exploitability: P1=4.600000000 P2=-0.070814689 EV: (-0.09978467610595422, 0.09978467610595422) P1 Winnings: -5.0
Choosing model 0
[0.21819704845461127, 0.14392995158058908, 0.21561792160931909, 0.19600299736656945, 0.22625208098891106]
Games played: 5
Exploitability: P1=1.900000000 P2=-0.070814689 EV: (-0.0852283025335334, 0.0852283025335334) P1 Winnings: -4.0
Choosing model 1
[0.21819702635812854, 0.1439300651029252, 0.21561792392327422, 0.19600304102273763, 0.22625194359293446]
Games played: 6
Exploitability: P1=2.800000000 P2=-0.070814689 EV: (-0.11537266309557519, 0.11537266309557519) P1 Winnings: -5.0
Choosing model 2
[0.2127094604303133, 0.19509271230737663, 0.23258553900675674, 0.18440580079638108, 0.1752064874591723]
Games played: 7
Exploitability: P1=4.600000000 P2=-0.070814689 EV: (-0.09978467610595422, 0.09978467610595422) P1 Winnings: 0.0
Choosing model 4
[0.22153414694164164, 0.16462446873462994, 0.23806004242184942, 0.18173607911220932, 0.19404526278966963]
Games played: 8
Exploitability: P1=2.600000000 P2=-0.070814689 EV: (-0.08259138143179236, 0.08259138143179236) P1 Winnings: 1.0
Choosing model 4
[0.23371645332292823, 0.1191641354160806, 0.2428345644618645, 0.1725899620503466, 0.23169488474878]
Games played: 9
Exploitability: P1=2.600000000 P2=-0.070814689 EV: (-0.08259138143179236, 0.08259138143179236) P1 Winnings: 1.0
Choosing model 0
[0.22251416071917118, 0.16414415782727568, 0.24057599991679146, 0.18510474231011495, 0.18766093922664687]
Games played: 10
Exploitability: P1=1.900000000 P2=-0.070814689 EV: (-0.0852283025335334, 0.0852283025335334) P1 Winnings: -10.0
Choosing model 3
[0.2200078936478502, 0.17376587494634624, 0.23986552148865634, 0.18752112095934742, 0.17883958895779986]
Games played: 11
Exploitability: P1=1.933333333 P2=-0.070814689 EV: (-0.11638704671126131, 0.11638704671126131) P1 Winnings: -11.0
Choosing model 0
[0.20830184440020688, 0.18284278484084598, 0.19142235040493844, 0.23566906718157343, 0.18176395317243532]
Games played: 12
Exploitability: P1=1.900000000 P2=-0.070814689 EV: (-0.0852283025335334, 0.0852283025335334) P1 Winnings: -2.0
Choosing model 3
[0.21303361164054216, 0.19306606899956968, 0.2072917585424307, 0.21793273632044333, 0.1686758244970142]
Games played: 13
Exploitability: P1=1.933333333 P2=-0.070814689 EV: (-0.11638704671126131, 0.11638704671126131) P1 Winnings: -1.0
Choosing model 4
[0.21869056647359386, 0.17634578010556343, 0.21187237892453417, 0.21966844066979438, 0.1734228338265142]
Games played: 14
Exploitability: P1=2.600000000 P2=-0.070814689 EV: (-0.08259138143179236, 0.08259138143179236) P1 Winnings: -1.0
Choosing model 3
[0.21869053058682694, 0.1763459081155432, 0.2118723678863713, 0.21966847579526694, 0.17342271761599165]
Games played: 15
Exploitability: P1=1.933333333 P2=-0.070814689 EV: (-0.11638704671126131, 0.11638704671126131) P1 Winnings: -2.0
Choosing model 3
[0.22290644412148766, 0.18557998891676797, 0.22866586716925805, 0.20245348473752411, 0.1603942150549623]
Games played: 16
Exploitability: P1=1.933333333 P2=-0.070814689 EV: (-0.11638704671126131, 0.11638704671126131) P1 Winnings: -1.0
Choosing model 2
[0.20638632956944616, 0.23748939419754966, 0.21937739986395766, 0.20840225975964166, 0.12834461660940488]
Games played: 17
Exploitability: P1=4.600000000 P2=-0.070814689 EV: (-0.09978467610595422, 0.09978467610595422) P1 Winnings: -14.0
Choosing model 3
[0.2054492085017417, 0.16272480822703225, 0.15723862757600518, 0.2813737704179478, 0.19321358527727311]
Games played: 18
Exploitability: P1=1.933333333 P2=-0.070814689 EV: (-0.11638704671126131, 0.11638704671126131) P1 Winnings: -17.0
Choosing model 3
[0.2214560975303409, 0.10516795451408681, 0.16141867766325266, 0.26103457069880315, 0.25092269959351654]
Games played: 19
Exploitability: P1=1.933333333 P2=-0.070814689 EV: (-0.11638704671126131, 0.11638704671126131) P1 Winnings: -16.0
Choosing model 1
[0.20795889271781537, 0.15691427412519418, 0.1598003075820519, 0.28653116883577545, 0.18879535673916317]
Games played: 20
Exploitability: P1=2.800000000 P2=-0.070814689 EV: (-0.11537266309557519, 0.11537266309557519) P1 Winnings: -21.0
Choosing model 3
[0.21196113530981764, 0.18887859095979614, 0.18042158837138425, 0.2624586885906263, 0.15627999676837567]
Games played: 21
Exploitability: P1=1.933333333 P2=-0.070814689 EV: (-0.11638704671126131, 0.11638704671126131) P1 Winnings: -16.0
Choosing model 3
[0.23747634618046648, 0.11023927355943086, 0.19091437274721115, 0.24580324451343633, 0.21556676299945504]
Games played: 22
Exploitability: P1=1.933333333 P2=-0.070814689 EV: (-0.11638704671126131, 0.11638704671126131) P1 Winnings: -19.0
Choosing model 4
[0.21390367273958416, 0.06834712168057969, 0.1238170130658995, 0.30029156670086526, 0.29364062581307143]
Games played: 23
Exploitability: P1=2.600000000 P2=-0.070814689 EV: (-0.08259138143179236, 0.08259138143179236) P1 Winnings: -12.0
Choosing model 4
[0.20581079392645565, 0.1044862896459087, 0.12559264340081025, 0.33773574839616194, 0.2263745246306635]
Games played: 24
Exploitability: P1=2.600000000 P2=-0.070814689 EV: (-0.08259138143179236, 0.08259138143179236) P1 Winnings: -12.0
Choosing model 3
[0.20581077294605338, 0.10448637198752739, 0.12559264466426878, 0.33773582339389047, 0.22637438700826001]
Games played: 25
Exploitability: P1=1.933333333 P2=-0.070814689 EV: (-0.11638704671126131, 0.11638704671126131) P1 Winnings: -13.0
Choosing model 0
[0.20406332840521746, 0.11092130445081708, 0.12557291764789372, 0.3431041970850307, 0.21633825241104093]
Games played: 26
Exploitability: P1=1.900000000 P2=-0.070814689 EV: (-0.0852283025335334, 0.0852283025335334) P1 Winnings: -24.0
Choosing model 4
[0.20406330504344564, 0.11092139047236828, 0.12557291733612924, 0.343104268971422, 0.21633811817663492]
Games played: 27
Exploitability: P1=2.600000000 P2=-0.070814689 EV: (-0.08259138143179236, 0.08259138143179236) P1 Winnings: -25.0
Choosing model 0
[0.2021403965741656, 0.11764187968072141, 0.12543510552258436, 0.3482301382900878, 0.2065524799324408]
Games played: 28
Exploitability: P1=1.900000000 P2=-0.070814689 EV: (-0.0852283025335334, 0.0852283025335334) P1 Winnings: -26.0
Choosing model 4
[0.206160287029907, 0.10675569446718183, 0.12737417497388445, 0.34872375154000707, 0.21098609198901958]
Games played: 29
Exploitability: P1=2.600000000 P2=-0.070814689 EV: (-0.08259138143179236, 0.08259138143179236) P1 Winnings: -31.0
Choosing model 3
[0.2087315712665751, 0.10054851087877206, 0.12896566513655894, 0.35135643372933467, 0.21039781898875928]
Games played: 30
Exploitability: P1=1.933333333 P2=-0.070814689 EV: (-0.11638704671126131, 0.11638704671126131) P1 Winnings: -34.0
Choosing model 0
[0.21794929104787444, 0.10839670311585235, 0.1425856426095168, 0.33172645137073986, 0.19934191185601643]
Games played: 31
Exploitability: P1=1.900000000 P2=-0.070814689 EV: (-0.0852283025335334, 0.0852283025335334) P1 Winnings: -33.0
Choosing model 3
[0.22663676723506146, 0.1163761783400634, 0.1569947320552563, 0.3119032378616801, 0.18808908450793868]
Games played: 32
Exploitability: P1=1.933333333 P2=-0.070814689 EV: (-0.11638704671126131, 0.11638704671126131) P1 Winnings: -32.0
Choosing model 2
[0.23489950982674973, 0.09335947660875515, 0.15923754282005656, 0.3019045872556749, 0.21059888348876374]
Games played: 33
Exploitability: P1=4.600000000 P2=-0.070814689 EV: (-0.09978467610595422, 0.09978467610595422) P1 Winnings: -29.0
Choosing model 1
[0.24051122790031207, 0.07744816313301706, 0.16023177319987622, 0.2925065943264786, 0.22930224144031616]
Games played: 34
Exploitability: P1=2.800000000 P2=-0.070814689 EV: (-0.11537266309557519, 0.11537266309557519) P1 Winnings: -28.0
Choosing model 3
[0.24563970481771596, 0.06211200366124214, 0.1603648230863265, 0.2801678536732085, 0.25171561476150695]
Games played: 35
Exploitability: P1=1.933333333 P2=-0.070814689 EV: (-0.11638704671126131, 0.11638704671126131) P1 Winnings: -28.0
Choosing model 0
[0.25552859154206037, 0.0667097918546898, 0.17663811457186326, 0.26352638931510275, 0.2375971127162838]
Games played: 36
Exploitability: P1=1.900000000 P2=-0.070814689 EV: (-0.0852283025335334, 0.0852283025335334) P1 Winnings: -27.0
Choosing model 3
[0.25946494947807347, 0.05455908643285027, 0.17618997398002825, 0.2528447548714984, 0.2569412352375498]
Games played: 37
Exploitability: P1=1.933333333 P2=-0.070814689 EV: (-0.11638704671126131, 0.11638704671126131) P1 Winnings: -27.0
Choosing model 0
[0.25682231053543675, 0.06616763366335235, 0.17853976373598923, 0.26819883649963855, 0.23027145556558312]
Games played: 38
Exploitability: P1=1.900000000 P2=-0.070814689 EV: (-0.0852283025335334, 0.0852283025335334) P1 Winnings: -36.0
Choosing model 0
[0.2556847964242064, 0.07053037810137047, 0.17924292813166923, 0.2735779442763656, 0.22096395306638825]
Games played: 39
Exploitability: P1=1.900000000 P2=-0.070814689 EV: (-0.0852283025335334, 0.0852283025335334) P1 Winnings: -37.0
Choosing model 0
[0.2556847811652304, 0.07053043666435799, 0.17924293750990383, 0.273578016588975, 0.2209638280715327]
Games played: 40
Exploitability: P1=1.900000000 P2=-0.070814689 EV: (-0.0852283025335334, 0.0852283025335334) P1 Winnings: -38.0
Choosing model 0
[0.25568476590621964, 0.07053049522738428, 0.17924294688811385, 0.2735780889015653, 0.220963703076717]
Games played: 41
Exploitability: P1=1.900000000 P2=-0.070814689 EV: (-0.0852283025335334, 0.0852283025335334) P1 Winnings: -39.0
Choosing model 0
[0.26349517825101, 0.04358040546767503, 0.17592242839794214, 0.24265010797276088, 0.27435187991061194]
Games played: 42
Exploitability: P1=1.900000000 P2=-0.070814689 EV: (-0.0852283025335334, 0.0852283025335334) P1 Winnings: -44.0
Choosing model 0
[0.26333491172518847, 0.04663215508758102, 0.177293125801498, 0.24846675764710516, 0.2642730497386273]
Games played: 43
Exploitability: P1=1.900000000 P2=-0.070814689 EV: (-0.0852283025335334, 0.0852283025335334) P1 Winnings: -45.0
Choosing model 4
[0.258168293427326, 0.06614415100788239, 0.18086718975430316, 0.27440776773153774, 0.2204125980789507]
Games played: 44
Exploitability: P1=2.600000000 P2=-0.070814689 EV: (-0.08259138143179236, 0.08259138143179236) P1 Winnings: -54.0
Choosing model 0
[0.258168277680931, 0.066144210604362, 0.18086720060768532, 0.2744078470375486, 0.22041246406947315]
Games played: 45
Exploitability: P1=1.900000000 P2=-0.070814689 EV: (-0.0852283025335334, 0.0852283025335334) P1 Winnings: -57.0
Choosing model 4
[0.25689001480674556, 0.07046843667507251, 0.18148430870521642, 0.2797646960171637, 0.21139254379580177]
Games played: 46
Exploitability: P1=2.600000000 P2=-0.070814689 EV: (-0.08259138143179236, 0.08259138143179236) P1 Winnings: -58.0
Choosing model 4
[0.2568899976664231, 0.07046849469027949, 0.1814843169224272, 0.2797647679945261, 0.2113924227263441]
Games played: 47
Exploitability: P1=2.600000000 P2=-0.070814689 EV: (-0.08259138143179236, 0.08259138143179236) P1 Winnings: -59.0
Choosing model 4
[0.26175499269862457, 0.05783371369439327, 0.18165378623762976, 0.2693589685948573, 0.22939853877449518]
Games played: 48
Exploitability: P1=2.600000000 P2=-0.070814689 EV: (-0.08259138143179236, 0.08259138143179236) P1 Winnings: -59.0
Choosing model 1
[0.2637217790679157, 0.0526075638304485, 0.18155613185467687, 0.26448373876241327, 0.23763078648454566]
Games played: 49
Exploitability: P1=2.800000000 P2=-0.070814689 EV: (-0.11537266309557519, 0.11537266309557519) P1 Winnings: -62.0
Choosing model 0
[0.26917084035441974, 0.028710557645470588, 0.17489484850481396, 0.22569508325193785, 0.30152867024335783]
Games played: 50
Exploitability: P1=1.900000000 P2=-0.070814689 EV: (-0.0852283025335334, 0.0852283025335334) P1 Winnings: -62.0
Choosing model 3
[0.2696698494512437, 0.030796719494545304, 0.1766917661384689, 0.23167465350616287, 0.2911670114095792]
Games played: 51
Exploitability: P1=1.933333333 P2=-0.070814689 EV: (-0.11638704671126131, 0.11638704671126131) P1 Winnings: -71.0
Choosing model 2
[0.26845482362467116, 0.04237386202374067, 0.18225832285001492, 0.25641073585877744, 0.2505022556427958]
Games played: 52
Exploitability: P1=4.600000000 P2=-0.070814689 EV: (-0.09978467610595422, 0.09978467610595422) P1 Winnings: -84.0
Choosing model 0
[0.2652333241369028, 0.04791423586638552, 0.17764294724526938, 0.2761692953428375, 0.23304019740860474]
Games played: 53
Exploitability: P1=1.900000000 P2=-0.070814689 EV: (-0.0852283025335334, 0.0852283025335334) P1 Winnings: -84.0
Choosing model 0
[0.26925109906808825, 0.03731972811140421, 0.17648627418580576, 0.26173617515209896, 0.2552067234826029]
Games played: 54
Exploitability: P1=1.900000000 P2=-0.070814689 EV: (-0.0852283025335334, 0.0852283025335334) P1 Winnings: -83.0
Choosing model 4
[0.2642693527825814, 0.05299553520759275, 0.18024933910647256, 0.2893921264442115, 0.2130936464591418]
Games played: 55
Exploitability: P1=2.600000000 P2=-0.070814689 EV: (-0.08259138143179236, 0.08259138143179236) P1 Winnings: -84.0
Choosing model 3
[0.26426933758259835, 0.05299558314124939, 0.18024935054927957, 0.2893922110866734, 0.21309351764019935]
Games played: 56
Exploitability: P1=1.933333333 P2=-0.070814689 EV: (-0.11638704671126131, 0.11638704671126131) P1 Winnings: -87.0
Choosing model 0
[0.26885257760771886, 0.042335852553976504, 0.17969599445779202, 0.27610463482299297, 0.23301094055751964]
Games played: 57
Exploitability: P1=1.900000000 P2=-0.070814689 EV: (-0.0852283025335334, 0.0852283025335334) P1 Winnings: -90.0
Choosing model 2
[0.2688525697143996, 0.042335888990010055, 0.1796960093080377, 0.27610471617483845, 0.23301081581271416]
Games played: 58
Exploitability: P1=4.600000000 P2=-0.070814689 EV: (-0.09978467610595422, 0.09978467610595422) P1 Winnings: -91.0
Choosing model 0
[0.28143985279890926, 0.0523385429620581, 0.20837325976061555, 0.2597500085209812, 0.19809833595743576]
Games played: 59
Exploitability: P1=1.900000000 P2=-0.070814689 EV: (-0.0852283025335334, 0.0852283025335334) P1 Winnings: -86.0
Choosing model 3
[0.2814398376460584, 0.05233858672552189, 0.20837327187955468, 0.25975007869509, 0.19809822505377508]
Games played: 60
Exploitability: P1=1.933333333 P2=-0.070814689 EV: (-0.11638704671126131, 0.11638704671126131) P1 Winnings: -87.0
Choosing model 3
[0.26066963580166824, 0.0957617561494662, 0.2078492373336698, 0.3002305695766877, 0.13548880113850814]
Games played: 61
Exploitability: P1=1.933333333 P2=-0.070814689 EV: (-0.11638704671126131, 0.11638704671126131) P1 Winnings: -80.0
Choosing model 2
[0.26458045587097223, 0.08775573429890965, 0.209281671245428, 0.29698788790062824, 0.14139425068406186]
Games played: 62
Exploitability: P1=4.600000000 P2=-0.070814689 EV: (-0.09978467610595422, 0.09978467610595422) P1 Winnings: -77.0
Choosing model 4
[0.27174980571202206, 0.09305936791052358, 0.22760251318624905, 0.27581322974809913, 0.1317750834431061]
Games played: 63
Exploitability: P1=2.600000000 P2=-0.070814689 EV: (-0.08259138143179236, 0.08259138143179236) P1 Winnings: -76.0
Choosing model 2
[0.2571598069079789, 0.12171625136729784, 0.22317376210629558, 0.29018018913459753, 0.10776999048383008]
Games played: 64
Exploitability: P1=4.600000000 P2=-0.070814689 EV: (-0.09978467610595422, 0.09978467610595422) P1 Winnings: -71.0
Choosing model 3
[0.2571596383542437, 0.12171658226172648, 0.22317371045455892, 0.2901803555708437, 0.10776971335862719]
Games played: 65
Exploitability: P1=1.933333333 P2=-0.070814689 EV: (-0.11638704671126131, 0.11638704671126131) P1 Winnings: -80.0
Choosing model 0
[0.23980018060845215, 0.15687403596652685, 0.2156363470278071, 0.30083857640948425, 0.08685085998772965]
Games played: 66
Exploitability: P1=1.900000000 P2=-0.070814689 EV: (-0.0852283025335334, 0.0852283025335334) P1 Winnings: -75.0
Choosing model 0
[0.25355454231186186, 0.12726748663408524, 0.22313999747064694, 0.2969712298437036, 0.0990667437397023]
Games played: 67
Exploitability: P1=1.900000000 P2=-0.070814689 EV: (-0.0852283025335334, 0.0852283025335334) P1 Winnings: -74.0
Choosing model 2
[0.2708700063109935, 0.09328451546719883, 0.23048482295137038, 0.28558123634266497, 0.11977941892777226]
Games played: 68
Exploitability: P1=4.600000000 P2=-0.070814689 EV: (-0.09978467610595422, 0.09978467610595422) P1 Winnings: -71.0
Choosing model 2
[0.2982498527797709, 0.08127000010252539, 0.31492739920865864, 0.19850931728985785, 0.1070434306191871]
Games played: 69
Exploitability: P1=4.600000000 P2=-0.070814689 EV: (-0.09978467610595422, 0.09978467610595422) P1 Winnings: -70.0
Choosing model 2
[0.30058230525876883, 0.08456420008912398, 0.3360686459110258, 0.18089599128616526, 0.09788885745491623]
Games played: 70
Exploitability: P1=4.600000000 P2=-0.070814689 EV: (-0.09978467610595422, 0.09978467610595422) P1 Winnings: -69.0
Choosing model 0
[0.28333497556741516, 0.11655541923162976, 0.4027914343871281, 0.1369836277300879, 0.06033454308373913]
Games played: 71
Exploitability: P1=1.900000000 P2=-0.070814689 EV: (-0.0852283025335334, 0.0852283025335334) P1 Winnings: -64.0
Choosing model 2
[0.2951602669812496, 0.0931611166163925, 0.4106496917692409, 0.13322487856627838, 0.0678040460668387]
Games played: 72
Exploitability: P1=4.600000000 P2=-0.070814689 EV: (-0.09978467610595422, 0.09978467610595422) P1 Winnings: -63.0
Choosing model 2
[0.28521669074903466, 0.10631468795996105, 0.4395625595845435, 0.11569450109166403, 0.053211560614796746]
Games played: 73
Exploitability: P1=4.600000000 P2=-0.070814689 EV: (-0.09978467610595422, 0.09978467610595422) P1 Winnings: -58.0
Choosing model 3
[0.3126428241306176, 0.08021448527567825, 0.3469269490469118, 0.1720061152530323, 0.08820962629376004]
Games played: 74
Exploitability: P1=1.933333333 P2=-0.070814689 EV: (-0.11638704671126131, 0.11638704671126131) P1 Winnings: -61.0
Choosing model 2
[0.3338638914023045, 0.045802081011007974, 0.3496577073004411, 0.15356985793317324, 0.11710646235307327]
Games played: 75
Exploitability: P1=4.600000000 P2=-0.070814689 EV: (-0.09978467610595422, 0.09978467610595422) P1 Winnings: -62.0
Choosing model 4
[0.33913598246956417, 0.03769546448681161, 0.349057884237156, 0.14761249023825737, 0.12649817856821075]
Games played: 76
Exploitability: P1=2.600000000 P2=-0.070814689 EV: (-0.08259138143179236, 0.08259138143179236) P1 Winnings: -61.0
Choosing model 0
[0.34657176637151393, 0.02643084073605103, 0.3448991684268486, 0.1357901239798923, 0.14630810048569423]
Games played: 77
Exploitability: P1=1.900000000 P2=-0.070814689 EV: (-0.0852283025335334, 0.0852283025335334) P1 Winnings: -61.0
Choosing model 0
[0.3455980664351816, 0.028219385287988227, 0.3468208380545202, 0.13873893319860447, 0.1406227770237055]
Games played: 78
Exploitability: P1=1.900000000 P2=-0.070814689 EV: (-0.0852283025335334, 0.0852283025335334) P1 Winnings: -70.0
Choosing model 4
[0.3444826146488929, 0.030116327191179834, 0.3486070024679819, 0.14169234637157158, 0.13510170932037383]
Games played: 79
Exploitability: P1=2.600000000 P2=-0.070814689 EV: (-0.08259138143179236, 0.08259138143179236) P1 Winnings: -71.0
Choosing model 0
[0.34322662488095335, 0.032127291995873435, 0.3502552759211971, 0.14464788554055347, 0.1297429216614227]
Games played: 80
Exploitability: P1=1.900000000 P2=-0.070814689 EV: (-0.0852283025335334, 0.0852283025335334) P1 Winnings: -72.0
Choosing model 0
[0.343226608049815, 0.03212731901376244, 0.3502552979740563, 0.14464792531332163, 0.12974284964904473]
Games played: 81
Exploitability: P1=1.900000000 P2=-0.070814689 EV: (-0.0852283025335334, 0.0852283025335334) P1 Winnings: -73.0
Choosing model 2
[0.34322659121865146, 0.03212734603167172, 0.35025532002689025, 0.14464796508608974, 0.12974277763669687]
Games played: 82
Exploitability: P1=4.600000000 P2=-0.070814689 EV: (-0.09978467610595422, 0.09978467610595422) P1 Winnings: -74.0
Choosing model 0
[0.33985291315152166, 0.021896309571953338, 0.24971154697166972, 0.19425850387192334, 0.19428072643293184]
Games played: 83
Exploitability: P1=1.900000000 P2=-0.070814689 EV: (-0.0852283025335334, 0.0852283025335334) P1 Winnings: -77.0
Choosing model 4
[0.3437448584506709, 0.011537338260547751, 0.23854473797337103, 0.16424334789184647, 0.24192971742356378]
Games played: 84
Exploitability: P1=2.600000000 P2=-0.070814689 EV: (-0.08259138143179236, 0.08259138143179236) P1 Winnings: -80.0
Choosing model 2
[0.3442437374153463, 0.015969459355321212, 0.24753232482156276, 0.18286747829036087, 0.20938700011740882]
Games played: 85
Exploitability: P1=4.600000000 P2=-0.070814689 EV: (-0.09978467610595422, 0.09978467610595422) P1 Winnings: -85.0
Choosing model 4
[0.3455810713113393, 0.010999594665909733, 0.24026538453452206, 0.16525177906664382, 0.23790217042158512]
Games played: 86
Exploitability: P1=2.600000000 P2=-0.070814689 EV: (-0.08259138143179236, 0.08259138143179236) P1 Winnings: -85.0
Choosing model 0
[0.34558108259134673, 0.010999605606575235, 0.24026542144911947, 0.1652518422988122, 0.2379020480541464]
Games played: 87
Exploitability: P1=1.900000000 P2=-0.070814689 EV: (-0.0852283025335334, 0.0852283025335334) P1 Winnings: -88.0
Choosing model 3
[0.34558109300630524, 0.010999615727745214, 0.24026545559990709, 0.16525190082080057, 0.23790193484524183]
Games played: 88
Exploitability: P1=1.933333333 P2=-0.070814689 EV: (-0.11638704671126131, 0.11638704671126131) P1 Winnings: -89.0
Choosing model 3
[0.3379972533674865, 0.01048717704319009, 0.20317903693001593, 0.1947618377745595, 0.2535746948847482]
Games played: 89
Exploitability: P1=1.933333333 P2=-0.070814689 EV: (-0.11638704671126131, 0.11638704671126131) P1 Winnings: -89.0
Choosing model 3
[0.3384370388996488, 0.014513693138815537, 0.2108025429122163, 0.21681403715154754, 0.21943268789777176]
Games played: 90
Exploitability: P1=1.933333333 P2=-0.070814689 EV: (-0.11638704671126131, 0.11638704671126131) P1 Winnings: -89.0
Choosing model 3
[0.26597507367898393, 0.008732242472966865, 0.0957875043775936, 0.3198829889762274, 0.3096221904942282]
Games played: 91
Exploitability: P1=1.933333333 P2=-0.070814689 EV: (-0.11638704671126131, 0.11638704671126131) P1 Winnings: -78.0
Choosing model 4
[0.26611333015379746, 0.0068604512808941006, 0.093914318151368, 0.3001485625219993, 0.33296333789194116]
Games played: 92
Exploitability: P1=2.600000000 P2=-0.070814689 EV: (-0.08259138143179236, 0.08259138143179236) P1 Winnings: -81.0
Choosing model 4
[0.2661133446855074, 0.0068604577613386175, 0.0939143337981936, 0.300148676160615, 0.33296318759434534]
Games played: 93
Exploitability: P1=2.600000000 P2=-0.070814689 EV: (-0.08259138143179236, 0.08259138143179236) P1 Winnings: -82.0
Choosing model 0
[0.26701601893891075, 0.0073702498507318154, 0.09502490924832387, 0.3085738589647509, 0.32201496299728277]
Games played: 94
Exploitability: P1=1.900000000 P2=-0.070814689 EV: (-0.0852283025335334, 0.0852283025335334) P1 Winnings: -83.0
Choosing model 4
[0.2667967481084454, 0.005931489047999522, 0.09326920020442689, 0.29133521781507704, 0.3426673448240513]
Games played: 95
Exploitability: P1=2.600000000 P2=-0.070814689 EV: (-0.08259138143179236, 0.08259138143179236) P1 Winnings: -83.0
Choosing model 3
[0.267873399032219, 0.006376336708358561, 0.09443266098424188, 0.29970506343978603, 0.3316125398353944]
Games played: 96
Exploitability: P1=1.933333333 P2=-0.070814689 EV: (-0.11638704671126131, 0.11638704671126131) P1 Winnings: -84.0
Choosing model 4
[0.2830626980240214, 0.0069566060103695765, 0.10565976919735176, 0.2863597719639179, 0.31796115480433945]
Games played: 97
Exploitability: P1=2.600000000 P2=-0.070814689 EV: (-0.08259138143179236, 0.08259138143179236) P1 Winnings: -83.0
Choosing model 4
[0.28301912890884545, 0.006279812011285088, 0.10479926819586735, 0.27903691923767143, 0.3268648716463306]
Games played: 98
Exploitability: P1=2.600000000 P2=-0.070814689 EV: (-0.08259138143179236, 0.08259138143179236) P1 Winnings: -86.0
Choosing model 0
[0.28404992558222075, 0.006748138473899442, 0.10606499072175643, 0.2869409915975541, 0.31619595362456926]
Games played: 99
Exploitability: P1=1.900000000 P2=-0.070814689 EV: (-0.0852283025335334, 0.0852283025335334) P1 Winnings: -87.0
Choosing model 0
[0.28490609821976864, 0.007246853869010208, 0.1072788333596189, 0.2948843310965961, 0.3056838834550062]
Games played: 100
Exploitability: P1=1.900000000 P2=-0.070814689 EV: (-0.0852283025335334, 0.0852283025335334) P1 Winnings: -88.0
Choosing model 0
[0.2847568918274229, 0.005557334152720751, 0.104934937748357, 0.27515864283262037, 0.32959219343887886]
Games played: 101
Exploitability: P1=1.900000000 P2=-0.070814689 EV: (-0.0852283025335334, 0.0852283025335334) P1 Winnings: -87.0
Choosing model 0
[0.2870738967072743, 0.007743558663349324, 0.10961545787420608, 0.3084050182215416, 0.2871620685336287]
Games played: 102
Exploitability: P1=1.900000000 P2=-0.070814689 EV: (-0.0852283025335334, 0.0852283025335334) P1 Winnings: -87.0
Choosing model 0
[0.28591406822944243, 0.011158194016310826, 0.1136022813364071, 0.34601657243308465, 0.243308883984755]
Games played: 103
Exploitability: P1=1.900000000 P2=-0.070814689 EV: (-0.0852283025335334, 0.0852283025335334) P1 Winnings: -88.0
Choosing model 3
[0.3005304511929768, 0.012109326212732004, 0.12643705970712404, 0.3288627864912684, 0.23206037639589883]
Games played: 104
Exploitability: P1=1.933333333 P2=-0.070814689 EV: (-0.11638704671126131, 0.11638704671126131) P1 Winnings: -87.0
Choosing model 0
[0.3024013646785768, 0.010816195425647279, 0.1263435840060055, 0.32291138660625374, 0.2375274692835167]
Games played: 105
Exploitability: P1=1.900000000 P2=-0.070814689 EV: (-0.0852283025335334, 0.0852283025335334) P1 Winnings: -90.0
Choosing model 0
[0.302401362195468, 0.010816204963265557, 0.12634359711907014, 0.322911488578231, 0.23752734714396537]
Games played: 106
Exploitability: P1=1.900000000 P2=-0.070814689 EV: (-0.0852283025335334, 0.0852283025335334) P1 Winnings: -91.0
Choosing model 4
[0.30498533747565126, 0.007334866406505879, 0.12293874337194328, 0.2912673452554558, 0.27347370749044386]
Games played: 107
Exploitability: P1=2.600000000 P2=-0.070814689 EV: (-0.08259138143179236, 0.08259138143179236) P1 Winnings: -91.0
Choosing model 0
[0.3054124412723953, 0.006631565438795286, 0.12212708120420174, 0.2842602107516445, 0.28156870133296313]
Games played: 108
Exploitability: P1=1.900000000 P2=-0.070814689 EV: (-0.0852283025335334, 0.0852283025335334) P1 Winnings: -94.0
Choosing model 4
[0.32932243215200846, 0.006152603711221064, 0.14262170697159113, 0.2487750683267128, 0.27312818883846646]
Games played: 109
Exploitability: P1=2.600000000 P2=-0.070814689 EV: (-0.08259138143179236, 0.08259138143179236) P1 Winnings: -91.0
Choosing model 4
[0.3293224450462598, 0.006152609870935924, 0.14262172981304436, 0.24877516513866577, 0.2731280501310942]
Games played: 110
Exploitability: P1=2.600000000 P2=-0.070814689 EV: (-0.08259138143179236, 0.08259138143179236) P1 Winnings: -94.0
Choosing model 4
[0.3300226477078072, 0.006601463764821772, 0.1441262314471996, 0.2554356283096967, 0.2638140287704747]
Games played: 111
Exploitability: P1=2.600000000 P2=-0.070814689 EV: (-0.08259138143179236, 0.08259138143179236) P1 Winnings: -95.0
Choosing model 4
[0.297893207086708, 0.004623740138860286, 0.10229574504859722, 0.28552952709037693, 0.3096577806354574]
Games played: 112
Exploitability: P1=2.600000000 P2=-0.070814689 EV: (-0.08259138143179236, 0.08259138143179236) P1 Winnings: -88.0
Choosing model 3
[0.29905544078371, 0.006715773201928544, 0.10686170709945489, 0.3229057488712265, 0.26446133004368]
Games played: 113
Exploitability: P1=1.933333333 P2=-0.070814689 EV: (-0.11638704671126131, 0.11638704671126131) P1 Winnings: -89.0
Choosing model 0
[0.27990386582738863, 0.007139025548124598, 0.08673140128185622, 0.36442061436827433, 0.26180509297435633]
Games played: 114
Exploitability: P1=1.900000000 P2=-0.070814689 EV: (-0.0852283025335334, 0.0852283025335334) P1 Winnings: -84.0
Choosing model 3
[0.2819016110219678, 0.005516607753470406, 0.0854867079116442, 0.34264986135650055, 0.2844452119564171]
Games played: 115
Exploitability: P1=1.933333333 P2=-0.070814689 EV: (-0.11638704671126131, 0.11638704671126131) P1 Winnings: -83.0
Choosing model 0
[0.2838157033200585, 0.004941834157765995, 0.0856934925939405, 0.33872924930931436, 0.28681972061892064]
Games played: 116
Exploitability: P1=1.900000000 P2=-0.070814689 EV: (-0.0852283025335334, 0.0852283025335334) P1 Winnings: -88.0
Choosing model 3
[0.283761632946031, 0.003322213226525173, 0.08266190544109772, 0.3028886758870824, 0.3273655724992638]
Games played: 117
Exploitability: P1=1.933333333 P2=-0.070814689 EV: (-0.11638704671126131, 0.11638704671126131) P1 Winnings: -88.0
Choosing model 4
[0.28556899192149304, 0.004621037555389044, 0.0861975691152942, 0.33889036944309897, 0.2847220319647247]
Games played: 118
Exploitability: P1=2.600000000 P2=-0.070814689 EV: (-0.08259138143179236, 0.08259138143179236) P1 Winnings: -88.0
Choosing model 2
[0.2963160600949096, 0.006769798322085281, 0.09658512150467381, 0.3594287288983512, 0.24090029117998016]
Games played: 119
Exploitability: P1=4.600000000 P2=-0.070814689 EV: (-0.09978467610595422, 0.09978467610595422) P1 Winnings: -85.0
Choosing model 4
[0.2984015621710101, 0.005523585759719966, 0.09558859071126317, 0.34250853113722574, 0.257977730220781]
Games played: 120
Exploitability: P1=2.600000000 P2=-0.070814689 EV: (-0.08259138143179236, 0.08259138143179236) P1 Winnings: -84.0
Choosing model 0
[0.2999289794896697, 0.0038092634411096976, 0.09289637829666696, 0.30989495057093225, 0.29347042820162134]
Games played: 121
Exploitability: P1=1.900000000 P2=-0.070814689 EV: (-0.0852283025335334, 0.0852283025335334) P1 Winnings: -84.0
Choosing model 3
[0.29667257427699534, 0.002259156344690321, 0.08751229524352722, 0.2638182000511445, 0.34973777408364265]
Games played: 122
Exploitability: P1=1.933333333 P2=-0.070814689 EV: (-0.11638704671126131, 0.11638704671126131) P1 Winnings: -83.0
Choosing model 2
[0.29424259008319803, 0.0017342711324508976, 0.08493874756209915, 0.24436048174213618, 0.37472390948011575]
Games played: 123
Exploitability: P1=4.600000000 P2=-0.070814689 EV: (-0.09978467610595422, 0.09978467610595422) P1 Winnings: -83.0
Choosing model 4
[0.29424270065605507, 0.0017342776356336126, 0.08493881549528219, 0.24436087389051786, 0.3747233323225112]
Games played: 124
Exploitability: P1=2.600000000 P2=-0.070814689 EV: (-0.08259138143179236, 0.08259138143179236) P1 Winnings: -92.0
Choosing model 0
[0.25535974839107256, 0.0011678893172312565, 0.05796296953816221, 0.2626220038669598, 0.4228873888865742]
Games played: 125
Exploitability: P1=1.900000000 P2=-0.070814689 EV: (-0.0852283025335334, 0.0852283025335334) P1 Winnings: -85.0
Choosing model 4
[0.25174312346882954, 0.0008833877421519769, 0.05592285949689888, 0.2417103508209816, 0.4497402784711379]
Games played: 126
Exploitability: P1=2.600000000 P2=-0.070814689 EV: (-0.08259138143179236, 0.08259138143179236) P1 Winnings: -84.0
Choosing model 4
[0.24711324462424103, 0.0006711697102067587, 0.053720051513734254, 0.22158060324578563, 0.4769149309060323]
Games played: 127
Exploitability: P1=2.600000000 P2=-0.070814689 EV: (-0.08259138143179236, 0.08259138143179236) P1 Winnings: -81.0
Choosing model 4
[0.2417125414413332, 0.0005081337990310796, 0.05142191258772021, 0.20241047636115259, 0.5039469358107628]
Games played: 128
Exploitability: P1=2.600000000 P2=-0.070814689 EV: (-0.08259138143179236, 0.08259138143179236) P1 Winnings: -78.0
Choosing model 4
[0.24171258932575543, 0.000508134388520605, 0.05142192899671396, 0.20241058730346187, 0.5039467599855482]
Games played: 129
Exploitability: P1=2.600000000 P2=-0.070814689 EV: (-0.08259138143179236, 0.08259138143179236) P1 Winnings: -81.0
Choosing model 4
[0.20576044648875538, 0.00027816680027308716, 0.035151871513248924, 0.1811442584257308, 0.5776652567719919]
Games played: 130
Exploitability: P1=2.600000000 P2=-0.070814689 EV: (-0.08259138143179236, 0.08259138143179236) P1 Winnings: -78.0
Choosing model 4
[0.2003706193389395, 0.0002181804075917124, 0.03362622951644965, 0.16668148466848517, 0.5991034860685339]
Games played: 131
Exploitability: P1=2.600000000 P2=-0.070814689 EV: (-0.08259138143179236, 0.08259138143179236) P1 Winnings: -78.0
Choosing model 2
[0.2038898540053258, 0.00023770360916781097, 0.03450441476363059, 0.17378047141631223, 0.5875875562055635]
Games played: 132
Exploitability: P1=4.600000000 P2=-0.070814689 EV: (-0.09978467610595422, 0.09978467610595422) P1 Winnings: -79.0
Choosing model 4
[0.19847573148568315, 0.00018747658792272003, 0.03300930559663071, 0.1600757228842731, 0.6082517634454903]
Games played: 133
Exploitability: P1=2.600000000 P2=-0.070814689 EV: (-0.08259138143179236, 0.08259138143179236) P1 Winnings: -78.0
Choosing model 4
[0.1913006578235996, 0.00013986165601237248, 0.031135373813198704, 0.14408959109443928, 0.63333451561275]
Games played: 134
Exploitability: P1=2.600000000 P2=-0.070814689 EV: (-0.08259138143179236, 0.08259138143179236) P1 Winnings: -75.0
Choosing model 0
[0.1913007137027737, 0.00013986183141336125, 0.031135386675270868, 0.1440896836146665, 0.6333343541758756]
Games played: 135
Exploitability: P1=1.900000000 P2=-0.070814689 EV: (-0.0852283025335334, 0.0852283025335334) P1 Winnings: -78.0
Choosing model 0
[0.17677139494136704, 0.00012598316038233955, 0.024875626559667484, 0.16044363378716658, 0.6377833615514165]
Games played: 136
Exploitability: P1=1.900000000 P2=-0.070814689 EV: (-0.0852283025335334, 0.0852283025335334) P1 Winnings: -69.0
Choosing model 3
[0.19032212930938275, 0.00019084930417411492, 0.027810339077340845, 0.1932708433509295, 0.5884058389581729]
Games played: 137
Exploitability: P1=1.933333333 P2=-0.070814689 EV: (-0.11638704671126131, 0.11638704671126131) P1 Winnings: -64.0
Choosing model 0
[0.20494924501482958, 0.0002121879552403263, 0.031710106128334664, 0.18818640717457563, 0.5749420537270199]
Games played: 138
Exploitability: P1=1.900000000 P2=-0.070814689 EV: (-0.0852283025335334, 0.0852283025335334) P1 Winnings: -63.0
Choosing model 2
[0.20549983071549457, 0.0001893054300962839, 0.03165725313401553, 0.18527493625474262, 0.5773786744656509]
Games played: 139
Exploitability: P1=4.600000000 P2=-0.070814689 EV: (-0.09978467610595422, 0.09978467610595422) P1 Winnings: -68.0
Choosing model 3
[0.2000705669658939, 0.00014214172885836264, 0.030321527934227294, 0.16599833866283273, 0.6034674247081878]
Games played: 140
Exploitability: P1=1.933333333 P2=-0.070814689 EV: (-0.11638704671126131, 0.11638704671126131) P1 Winnings: -65.0
Choosing model 4
[0.2036275701563305, 0.0001548935829383432, 0.031119984733090956, 0.17310481878711206, 0.5919927327405281]
Games played: 141
Exploitability: P1=2.600000000 P2=-0.070814689 EV: (-0.08259138143179236, 0.08259138143179236) P1 Winnings: -76.0
Choosing model 4
[0.19801025218759197, 0.00012131732638354147, 0.029726792184327146, 0.15905630736874904, 0.6130853309329484]
Games played: 142
Exploitability: P1=2.600000000 P2=-0.070814689 EV: (-0.08259138143179236, 0.08259138143179236) P1 Winnings: -75.0
Choosing model 4
[0.21297538776490613, 0.00013472174000960863, 0.033855104947110616, 0.15468831567607116, 0.5983464698719025]
Games played: 143
Exploitability: P1=2.600000000 P2=-0.070814689 EV: (-0.08259138143179236, 0.08259138143179236) P1 Winnings: -74.0
Choosing model 4
[0.23776720197912318, 0.00021235001868303628, 0.04081480857216165, 0.17651818682954726, 0.5446874526004849]
Games played: 144
Exploitability: P1=2.600000000 P2=-0.070814689 EV: (-0.08259138143179236, 0.08259138143179236) P1 Winnings: -71.0
Choosing model 3
[0.23529552869058482, 0.00018972742752792842, 0.04006774816580949, 0.17024238601006741, 0.5542046097060103]
Games played: 145
Exploitability: P1=1.933333333 P2=-0.070814689 EV: (-0.11638704671126131, 0.11638704671126131) P1 Winnings: -74.0
Choosing model 4
[0.251726842062215, 0.00020956516005264626, 0.04538843048738559, 0.16468286918151226, 0.5379922931088346]
Games played: 146
Exploitability: P1=2.600000000 P2=-0.070814689 EV: (-0.08259138143179236, 0.08259138143179236) P1 Winnings: -73.0
Choosing model 3
[0.26579023090003817, 0.0003058321878814097, 0.04965773250417245, 0.19331997423287542, 0.4909262301750325]
Games played: 147
Exploitability: P1=1.933333333 P2=-0.070814689 EV: (-0.11638704671126131, 0.11638704671126131) P1 Winnings: -68.0
Choosing model 4
[0.25938193357040606, 0.00022899627018919106, 0.047426509447731836, 0.17613124334168065, 0.5168313173699922]
Games played: 148
Exploitability: P1=2.600000000 P2=-0.070814689 EV: (-0.08259138143179236, 0.08259138143179236) P1 Winnings: -68.0
Choosing model 2
[0.27622496734958657, 0.00039316936784337063, 0.053049756645907054, 0.21761901254450705, 0.4527130940921559]
Games played: 149
Exploitability: P1=4.600000000 P2=-0.070814689 EV: (-0.09978467610595422, 0.09978467610595422) P1 Winnings: -79.0
Choosing model 4
[0.2862639654584471, 0.0005631682505126686, 0.05696648189479395, 0.2507375672030929, 0.4054688171931534]
Games played: 150
Exploitability: P1=2.600000000 P2=-0.070814689 EV: (-0.08259138143179236, 0.08259138143179236) P1 Winnings: -74.0
Choosing model 2
[0.2939790068504677, 0.0008367568825417871, 0.060875489251406324, 0.29006991398942505, 0.3542388330261592]
Games played: 151
Exploitability: P1=4.600000000 P2=-0.070814689 EV: (-0.09978467610595422, 0.09978467610595422) P1 Winnings: -75.0
Choosing model 4
[0.29730071862668933, 0.0009028177242837844, 0.062406061965339134, 0.29622913395529943, 0.34316126772838823]
Games played: 152
Exploitability: P1=2.600000000 P2=-0.070814689 EV: (-0.08259138143179236, 0.08259138143179236) P1 Winnings: -70.0
Choosing model 0
[0.2959066301342176, 0.0007237642386682612, 0.0610159094695506, 0.2785974558634474, 0.36375624029411613]
Games played: 153
Exploitability: P1=1.900000000 P2=-0.070814689 EV: (-0.0852283025335334, 0.0852283025335334) P1 Winnings: -69.0
Choosing model 4
[0.2976131614600623, 0.000779386736349844, 0.061883582079446095, 0.28709565500817313, 0.35262821471596884]
Games played: 154
Exploitability: P1=2.600000000 P2=-0.070814689 EV: (-0.08259138143179236, 0.08259138143179236) P1 Winnings: -70.0
Choosing model 0
[0.29761318650915797, 0.0007793875517197619, 0.06188359477590665, 0.2870957796557253, 0.35262805150749027]
Games played: 155
Exploitability: P1=1.900000000 P2=-0.070814689 EV: (-0.0852283025335334, 0.0852283025335334) P1 Winnings: -73.0
Choosing model 4
[0.2976132096593888, 0.0007793883060018198, 0.061883606520580156, 0.2870958950070739, 0.35262790050695536]
Games played: 156
Exploitability: P1=2.600000000 P2=-0.070814689 EV: (-0.08259138143179236, 0.08259138143179236) P1 Winnings: -74.0
Choosing model 4
[0.2991422822600929, 0.0008387604369157842, 0.06272434480895538, 0.29566820076639383, 0.341626411727642]
Games played: 157
Exploitability: P1=2.600000000 P2=-0.070814689 EV: (-0.08259138143179236, 0.08259138143179236) P1 Winnings: -75.0
Choosing model 4
[0.30287101828481794, 0.0015249463949804111, 0.06774491058613544, 0.3628612181463649, 0.26499790658770134]
Games played: 158
Exploitability: P1=2.600000000 P2=-0.070814689 EV: (-0.08259138143179236, 0.08259138143179236) P1 Winnings: -78.0
Choosing model 0
[0.2967157447369481, 0.0026827127747537124, 0.07079786702684909, 0.4309029320798005, 0.19890074338164856]
Games played: 159
Exploitability: P1=1.900000000 P2=-0.070814689 EV: (-0.0852283025335334, 0.0852283025335334) P1 Winnings: -81.0
Choosing model 3
[0.30276801083034177, 0.0018782186246211765, 0.06984976601852784, 0.3957989283008124, 0.22970507622569677]
Games played: 160
Exploitability: P1=1.933333333 P2=-0.070814689 EV: (-0.11638704671126131, 0.11638704671126131) P1 Winnings: -78.0
Choosing model 4
[0.3027680038243906, 0.0018782203880096209, 0.06984977285406496, 0.3957990576720429, 0.22970494526149196]
Games played: 161
Exploitability: P1=2.600000000 P2=-0.070814689 EV: (-0.08259138143179236, 0.08259138143179236) P1 Winnings: -81.0
Choosing model 3
[0.3070100315405255, 0.0010183581953405515, 0.06684850046200932, 0.3355509353233315, 0.28957217447879324]
Games played: 162
Exploitability: P1=1.933333333 P2=-0.070814689 EV: (-0.11638704671126131, 0.11638704671126131) P1 Winnings: -81.0
Choosing model 4
[0.3071918085431636, 0.0007886792149379639, 0.0654571952782343, 0.313554942579163, 0.3130073743845011]
Games played: 163
Exploitability: P1=2.600000000 P2=-0.070814689 EV: (-0.08259138143179236, 0.08259138143179236) P1 Winnings: -88.0
Choosing model 4
[0.3071918235208841, 0.0007886799553174736, 0.06545720580094534, 0.313555059459142, 0.313007231263711]
Games played: 164
Exploitability: P1=2.600000000 P2=-0.070814689 EV: (-0.08259138143179236, 0.08259138143179236) P1 Winnings: -89.0
Choosing model 0
[0.3071918384985709, 0.00078868069569759, 0.06545721632365073, 0.31355517633912955, 0.31300708814295125]
Games played: 165
Exploitability: P1=1.900000000 P2=-0.070814689 EV: (-0.0852283025335334, 0.0852283025335334) P1 Winnings: -90.0
Choosing model 2
[0.30811549279334344, 0.0008469611434524904, 0.06620584068956734, 0.32223289336602373, 0.30259881200761296]
Games played: 166
Exploitability: P1=4.600000000 P2=-0.070814689 EV: (-0.09978467610595422, 0.09978467610595422) P1 Winnings: -85.0
Choosing model 4
[0.32603852211525886, 0.0009253200613594611, 0.07417986880436189, 0.308311784364758, 0.2905445046542618]
Games played: 167
Exploitability: P1=2.600000000 P2=-0.070814689 EV: (-0.08259138143179236, 0.08259138143179236) P1 Winnings: -84.0
Choosing model 4
[0.3274177955546898, 0.0012535003595885296, 0.07716193564884981, 0.3426470627443624, 0.25151970569250953]
Games played: 168
Exploitability: P1=2.600000000 P2=-0.070814689 EV: (-0.08259138143179236, 0.08259138143179236) P1 Winnings: -77.0
Choosing model 1
[0.3250052458417478, 0.0017197578637179508, 0.07936398144653727, 0.378141161532944, 0.21576985331505308]
Games played: 169
Exploitability: P1=2.800000000 P2=-0.070814689 EV: (-0.11537266309557519, 0.11537266309557519) P1 Winnings: -82.0
Choosing model 0
[0.32397030247725556, 0.001896421766669776, 0.08046662689544734, 0.39513283459299253, 0.19853381426763492]
Games played: 170
Exploitability: P1=1.900000000 P2=-0.070814689 EV: (-0.0852283025335334, 0.0852283025335334) P1 Winnings: -79.0
Choosing model 4
[0.3168709848904822, 0.002609834614970595, 0.08172370086370857, 0.43240125496115284, 0.1663942246696857]
Games played: 171
Exploitability: P1=2.600000000 P2=-0.070814689 EV: (-0.08259138143179236, 0.08259138143179236) P1 Winnings: -74.0
Choosing model 3
[0.32168185945304895, 0.002134004793886959, 0.08149851512149954, 0.4147837012352112, 0.17990191939635328]
Games played: 172
Exploitability: P1=1.933333333 P2=-0.070814689 EV: (-0.11638704671126131, 0.11638704671126131) P1 Winnings: -74.0
Choosing model 0
[0.32373340304947607, 0.0019389759401435879, 0.08136283681360852, 0.40681704137645536, 0.18614774282031657]
Games played: 173
Exploitability: P1=1.900000000 P2=-0.070814689 EV: (-0.0852283025335334, 0.0852283025335334) P1 Winnings: -71.0
Choosing model 4
[0.3197918507542588, 0.0022997803336687723, 0.08210504818983609, 0.42787096324946833, 0.16793235747276808]
Games played: 174
Exploitability: P1=2.600000000 P2=-0.070814689 EV: (-0.08259138143179236, 0.08259138143179236) P1 Winnings: -71.0
Choosing model 0
[0.32970128863936193, 0.0014216283989734013, 0.08061845065397809, 0.3796622282839829, 0.20859640402370377]
Games played: 175
Exploitability: P1=1.900000000 P2=-0.070814689 EV: (-0.0852283025335334, 0.0852283025335334) P1 Winnings: -72.0
Choosing model 3
[0.32885455811840486, 0.001518195726292326, 0.08108725283203823, 0.3880008259480832, 0.20053916737518146]
Games played: 176
Exploitability: P1=1.933333333 P2=-0.070814689 EV: (-0.11638704671126131, 0.11638704671126131) P1 Winnings: -73.0
Choosing model 3
[0.3327224635013246, 0.0011889094795286433, 0.08028594114070697, 0.3666139953062907, 0.2191886905721491]
Games played: 177
Exploitability: P1=1.933333333 P2=-0.070814689 EV: (-0.11638704671126131, 0.11638704671126131) P1 Winnings: -80.0
Choosing model 0
[0.3356162529852655, 0.0009282227842511437, 0.07925177681692007, 0.34535677990908265, 0.23884696750448053]
Games played: 178
Exploitability: P1=1.900000000 P2=-0.070814689 EV: (-0.0852283025335334, 0.0852283025335334) P1 Winnings: -77.0
Choosing model 3
[0.33646569621734784, 0.0009636201821257312, 0.08031362681786718, 0.35603967137440745, 0.22621738540825181]
Games played: 179
Exploitability: P1=1.933333333 P2=-0.070814689 EV: (-0.11638704671126131, 0.11638704671126131) P1 Winnings: -77.0
Choosing model 3
[0.35428720998218743, 0.0010475956356696713, 0.08954437223568536, 0.33898302190075574, 0.2161378002457017]
Games played: 180
Exploitability: P1=1.933333333 P2=-0.070814689 EV: (-0.11638704671126131, 0.11638704671126131) P1 Winnings: -76.0
Choosing model 4
[0.3567583742103115, 0.0008283494504605431, 0.0883597050231074, 0.3201224110840179, 0.23393116023210261]
Games played: 181
Exploitability: P1=2.600000000 P2=-0.070814689 EV: (-0.08259138143179236, 0.08259138143179236) P1 Winnings: -79.0
Choosing model 0
[0.35668072539233586, 0.0008867016290776107, 0.08908296035768772, 0.32792428541888285, 0.22542532720201597]
Games played: 182
Exploitability: P1=1.900000000 P2=-0.070814689 EV: (-0.0852283025335334, 0.0852283025335334) P1 Winnings: -80.0
Choosing model 3
[0.3566807243405861, 0.0008867024156290245, 0.08908297007231918, 0.3279243906996107, 0.22542521247185499]
Games played: 183
Exploitability: P1=1.933333333 P2=-0.070814689 EV: (-0.11638704671126131, 0.11638704671126131) P1 Winnings: -81.0
Choosing model 0
[0.38649217312033063, 0.0008266986892356534, 0.10454296526555207, 0.28839715685125294, 0.21974100607362862]
Games played: 184
Exploitability: P1=1.900000000 P2=-0.070814689 EV: (-0.0852283025335334, 0.0852283025335334) P1 Winnings: -78.0
Choosing model 0
[0.38221326438834563, 0.001298977030675456, 0.10899180314411999, 0.33338036341712896, 0.17411559201973]
Games played: 185
Exploitability: P1=1.900000000 P2=-0.070814689 EV: (-0.0852283025335334, 0.0852283025335334) P1 Winnings: -83.0
Choosing model 2
[0.37493504028219266, 0.0017928853984948655, 0.11101944952933372, 0.36589531136441905, 0.14635731342555966]
Games played: 186
Exploitability: P1=4.600000000 P2=-0.070814689 EV: (-0.09978467610595422, 0.09978467610595422) P1 Winnings: -78.0
Choosing model 2
[0.3655298677816702, 0.002415873032244446, 0.11214971132838611, 0.3965906799881907, 0.1233138678695085]
Games played: 187
Exploitability: P1=4.600000000 P2=-0.070814689 EV: (-0.09978467610595422, 0.09978467610595422) P1 Winnings: -73.0
Choosing model 3
[0.36345033652801356, 0.0024874374352974785, 0.11272046918215076, 0.4055060203792671, 0.11583573647527104]
Games played: 188
Exploitability: P1=1.933333333 P2=-0.070814689 EV: (-0.11638704671126131, 0.11638704671126131) P1 Winnings: -68.0
Choosing model 0
[0.37972589584948574, 0.0026831837683745107, 0.12469880868399161, 0.3830780964017443, 0.10981401529640382]
Games played: 189
Exploitability: P1=1.900000000 P2=-0.070814689 EV: (-0.0852283025335334, 0.0852283025335334) P1 Winnings: -67.0
Choosing model 0
[0.3772025993286388, 0.0028537329298316603, 0.12491128548538745, 0.3898915507994316, 0.10514083145671045]
Games played: 190
Exploitability: P1=1.900000000 P2=-0.070814689 EV: (-0.0852283025335334, 0.0852283025335334) P1 Winnings: -76.0
Choosing model 0
[0.39277438406514725, 0.0030679969112798137, 0.1377223846328752, 0.36709390810885456, 0.09934132628184322]
Games played: 191
Exploitability: P1=1.900000000 P2=-0.070814689 EV: (-0.0852283025335334, 0.0852283025335334) P1 Winnings: -75.0
Choosing model 3
[0.39011705450074013, 0.0032626096075232076, 0.13794031815536587, 0.37357774028548146, 0.09510227745088926]
Games played: 192
Exploitability: P1=1.933333333 P2=-0.070814689 EV: (-0.11638704671126131, 0.11638704671126131) P1 Winnings: -70.0
Choosing model 3
[0.38735139496287246, 0.0034684365557972876, 0.13811356270814093, 0.38005217177624623, 0.09101443399694308]
Games played: 193
Exploitability: P1=1.933333333 P2=-0.070814689 EV: (-0.11638704671126131, 0.11638704671126131) P1 Winnings: -81.0
Choosing model 3
[0.3737301152195912, 0.004625315336622423, 0.13807705999321668, 0.4076758692715365, 0.07589164017903309]
Games played: 194
Exploitability: P1=1.933333333 P2=-0.070814689 EV: (-0.11638704671126131, 0.11638704671126131) P1 Winnings: -76.0
Choosing model 2
[0.3884153337441403, 0.004963096624141446, 0.1519477171337825, 0.383105292664868, 0.07156855983306777]
Games played: 195
Exploitability: P1=4.600000000 P2=-0.070814689 EV: (-0.09978467610595422, 0.09978467610595422) P1 Winnings: -75.0
Choosing model 2
[0.3732968581053232, 0.0065927327352908365, 0.15131583766380838, 0.40935017817783964, 0.05944439331773797]
Games played: 196
Exploitability: P1=4.600000000 P2=-0.070814689 EV: (-0.09978467610595422, 0.09978467610595422) P1 Winnings: -84.0
Choosing model 0
[0.36816278179352085, 0.005761054350471127, 0.13729477202074972, 0.4249571170474395, 0.06382427478781905]
Games played: 197
Exploitability: P1=1.900000000 P2=-0.070814689 EV: (-0.0852283025335334, 0.0852283025335334) P1 Winnings: -93.0
Choosing model 3
[0.36816273544344114, 0.005761058752527746, 0.1372947701129836, 0.4249572012335691, 0.06382423445747842]
Games played: 198
Exploitability: P1=1.933333333 P2=-0.070814689 EV: (-0.11638704671126131, 0.11638704671126131) P1 Winnings: -94.0
Choosing model 0
[0.3940613804971789, 0.00901644834377528, 0.18685016836384086, 0.3654030622579258, 0.04466894053727912]
Games played: 199
Exploitability: P1=1.900000000 P2=-0.070814689 EV: (-0.0852283025335334, 0.0852283025335334) P1 Winnings: -89.0
Choosing model 0
[0.33069066459377566, 0.009300099104889346, 0.11954143056116863, 0.4951162272566859, 0.045351578483480454]
Games played: 200
Exploitability: P1=1.900000000 P2=-0.070814689 EV: (-0.0852283025335334, 0.0852283025335334) P1 Winnings: -94.0
