Player 1 exploitability: 0.121557038599
Choosing model 4
[0.20978449097768104, 0.16237379889156325, 0.20529672534196663, 0.19591670286596766, 0.2266282819228215]
Games played: 1
Exploitability: P1=2.600000000 P2=0.035905024 EV: (-0.11859748987287393, 0.11859748987287393) P1 Winnings: 3.0
Choosing model 1
[0.21758324872415247, 0.13034987025838057, 0.20837362366653597, 0.1897674084898645, 0.25392584886106645]
Games played: 2
Exploitability: P1=2.800000000 P2=0.035905024 EV: (0.035905024458970876, -0.035905024458970876) P1 Winnings: 6.0
Choosing model 0
[0.19360995119346333, 0.2291276979926399, 0.19968528629359933, 0.2107263742131585, 0.16685069030713887]
Games played: 3
Exploitability: P1=1.900000000 P2=0.035905024 EV: (-0.0869736485799119, 0.0869736485799119) P1 Winnings: 13.0
Choosing model 2
[0.19036923345141946, 0.24121545194811655, 0.19799310335302367, 0.21229512532738518, 0.15812708592005517]
Games played: 4
Exploitability: P1=4.600000000 P2=0.035905024 EV: (-0.0010284382324270355, 0.0010284382324270355) P1 Winnings: 4.0
Choosing model 4
[0.21288665095183787, 0.16164797892172916, 0.21204654018413122, 0.20707389096861845, 0.20634493897368322]
Games played: 5
Exploitability: P1=2.600000000 P2=0.035905024 EV: (-0.11859748987287393, 0.11859748987287393) P1 Winnings: 7.0
Choosing model 1
[0.21288662321322632, 0.16164810172636518, 0.2120465363042415, 0.207073931079463, 0.20634480767670407]
Games played: 6
Exploitability: P1=2.800000000 P2=0.035905024 EV: (0.035905024458970876, -0.035905024458970876) P1 Winnings: 6.0
Choosing model 4
[0.214122038549691, 0.21541840778202306, 0.27895524750314843, 0.15226163608001317, 0.13924267008512425]
Games played: 7
Exploitability: P1=2.600000000 P2=0.035905024 EV: (-0.11859748987287393, 0.11859748987287393) P1 Winnings: 9.0
Choosing model 1
[0.21499795320755677, 0.2233206480798983, 0.29658000492340353, 0.1382382802277064, 0.126863113561435]
Games played: 8
Exploitability: P1=2.800000000 P2=0.035905024 EV: (0.035905024458970876, -0.035905024458970876) P1 Winnings: 10.0
Choosing model 1
[0.209606718245593, 0.24085327135341644, 0.29409677355391306, 0.14127767231760013, 0.11416556452947738]
Games played: 9
Exploitability: P1=2.800000000 P2=0.035905024 EV: (0.035905024458970876, -0.035905024458970876) P1 Winnings: 13.0
Choosing model 0
[0.20573032617983214, 0.2531069754408265, 0.291083979872279, 0.14207532509716722, 0.1080033934098951]
Games played: 10
Exploitability: P1=1.900000000 P2=0.035905024 EV: (-0.0869736485799119, 0.0869736485799119) P1 Winnings: 16.0
Choosing model 1
[0.21820207216287088, 0.21437513885556828, 0.3030077705316543, 0.14200448861126422, 0.12241052983864224]
Games played: 11
Exploitability: P1=2.800000000 P2=0.035905024 EV: (0.035905024458970876, -0.035905024458970876) P1 Winnings: 16.0
Choosing model 2
[0.23118162899174127, 0.17426628616345383, 0.3141823497815996, 0.14046091220889628, 0.13990882285430903]
Games played: 12
Exploitability: P1=4.600000000 P2=0.035905024 EV: (-0.0010284382324270355, 0.0010284382324270355) P1 Winnings: 17.0
Choosing model 1
[0.22856491251845193, 0.1838191530962157, 0.31487827558596787, 0.14023524216715988, 0.1325024166322046]
Games played: 13
Exploitability: P1=2.800000000 P2=0.035905024 EV: (0.035905024458970876, -0.035905024458970876) P1 Winnings: 22.0
Choosing model 4
[0.21940362896178156, 0.16787134430893472, 0.21688452411379866, 0.21969690537740563, 0.17614359723807946]
Games played: 14
Exploitability: P1=2.600000000 P2=0.035905024 EV: (-0.11859748987287393, 0.11859748987287393) P1 Winnings: 33.0
Choosing model 2
[0.22288099919516388, 0.1984876023492134, 0.25476899462063385, 0.18425302116838763, 0.13960938266660125]
Games played: 15
Exploitability: P1=4.600000000 P2=0.035905024 EV: (-0.0010284382324270355, 0.0010284382324270355) P1 Winnings: 36.0
Choosing model 1
[0.22008629792979387, 0.2091098486254829, 0.25501821711660283, 0.18372997626194396, 0.13205566006617636]
Games played: 16
Exploitability: P1=2.800000000 P2=0.035905024 EV: (0.035905024458970876, -0.035905024458970876) P1 Winnings: 41.0
Choosing model 1
[0.2331190514490074, 0.1699431867898456, 0.2643562214696359, 0.18168695415317188, 0.15089458613833942]
Games played: 17
Exploitability: P1=2.800000000 P2=0.035905024 EV: (0.035905024458970876, -0.035905024458970876) P1 Winnings: 42.0
Choosing model 0
[0.24331524016199976, 0.14273860946259928, 0.2739108032134309, 0.1745311508211533, 0.1655041963408167]
Games played: 18
Exploitability: P1=1.900000000 P2=0.035905024 EV: (-0.0869736485799119, 0.0869736485799119) P1 Winnings: 43.0
Choosing model 3
[0.25249782133315896, 0.11464955091934981, 0.27816733406738564, 0.16914507636599643, 0.18554021731410913]
Games played: 19
Exploitability: P1=1.933333333 P2=0.035905024 EV: (-0.061526280776791405, 0.061526280776791405) P1 Winnings: 43.0
Choosing model 4
[0.23503663150606335, 0.16956626270820513, 0.2729719481516984, 0.18404383287102663, 0.13838132476300646]
Games played: 20
Exploitability: P1=2.600000000 P2=0.035905024 EV: (-0.11859748987287393, 0.11859748987287393) P1 Winnings: 38.0
Choosing model 0
[0.2549754152225007, 0.11029318805925147, 0.28202794525145203, 0.17183644143532426, 0.18086701003147151]
Games played: 21
Exploitability: P1=1.900000000 P2=0.035905024 EV: (-0.0869736485799119, 0.0869736485799119) P1 Winnings: 39.0
Choosing model 0
[0.25337365598238576, 0.0628678886055905, 0.20639694690619761, 0.20788630033314762, 0.2694752081726786]
Games played: 22
Exploitability: P1=1.900000000 P2=0.035905024 EV: (-0.0869736485799119, 0.0869736485799119) P1 Winnings: 39.0
Choosing model 3
[0.25579156935431885, 0.05904119027211744, 0.20837116668743882, 0.20884971592017423, 0.26794635776595066]
Games played: 23
Exploitability: P1=1.933333333 P2=0.035905024 EV: (-0.061526280776791405, 0.061526280776791405) P1 Winnings: 36.0
Choosing model 0
[0.25862821429324934, 0.040959746486719885, 0.2037058139454328, 0.19008670337537614, 0.30661952189922176]
Games played: 24
Exploitability: P1=1.900000000 P2=0.035905024 EV: (-0.0869736485799119, 0.0869736485799119) P1 Winnings: 25.0
Choosing model 3
[0.25913149079777714, 0.03277263045894593, 0.2003192209382303, 0.17948116879931725, 0.3282954890057293]
Games played: 25
Exploitability: P1=1.933333333 P2=0.035905024 EV: (-0.061526280776791405, 0.061526280776791405) P1 Winnings: 25.0
Choosing model 4
[0.27413037252207173, 0.029830226954470254, 0.22950843302111637, 0.15410333678648133, 0.3124276307158605]
Games played: 26
Exploitability: P1=2.600000000 P2=0.035905024 EV: (-0.11859748987287393, 0.11859748987287393) P1 Winnings: 28.0
Choosing model 4
[0.2732431893078698, 0.023013958217819184, 0.2238718463452908, 0.1434505828185088, 0.33642042331051136]
Games played: 27
Exploitability: P1=2.600000000 P2=0.035905024 EV: (-0.11859748987287393, 0.11859748987287393) P1 Winnings: 31.0
Choosing model 4
[0.271198756779125, 0.017679592146604344, 0.21744352170593423, 0.13296543249613224, 0.36071269687220414]
Games played: 28
Exploitability: P1=2.600000000 P2=0.035905024 EV: (-0.11859748987287393, 0.11859748987287393) P1 Winnings: 34.0
Choosing model 3
[0.2771921256376772, 0.02437611876307388, 0.2302095607767491, 0.15040264342576015, 0.31781955139673973]
Games played: 29
Exploitability: P1=1.933333333 P2=0.035905024 EV: (-0.061526280776791405, 0.061526280776791405) P1 Winnings: 41.0
Choosing model 2
[0.27090119490857617, 0.04146908483001114, 0.20596875337308204, 0.21086301751949899, 0.2707979493688317]
Games played: 30
Exploitability: P1=4.600000000 P2=0.035905024 EV: (-0.0010284382324270355, 0.0010284382324270355) P1 Winnings: 54.0
Choosing model 0
[0.27980285051256004, 0.04422204040146147, 0.2252562920856467, 0.19692756244679638, 0.2537912545535354]
Games played: 31
Exploitability: P1=1.900000000 P2=0.035905024 EV: (-0.0869736485799119, 0.0869736485799119) P1 Winnings: 55.0
Choosing model 4
[0.28776811766824323, 0.046957225714826877, 0.2453024292111252, 0.18313102277759716, 0.23684120462820757]
Games played: 32
Exploitability: P1=2.600000000 P2=0.035905024 EV: (-0.11859748987287393, 0.11859748987287393) P1 Winnings: 56.0
Choosing model 2
[0.29469926384880674, 0.0496491613856461, 0.26599446559379664, 0.16957552492721303, 0.2200815842445375]
Games played: 33
Exploitability: P1=4.600000000 P2=0.035905024 EV: (-0.0010284382324270355, 0.0010284382324270355) P1 Winnings: 57.0
Choosing model 3
[0.29742506143856856, 0.04059849641364099, 0.2638280430156475, 0.16194763451733885, 0.2362007646148042]
Games played: 34
Exploitability: P1=1.933333333 P2=0.035905024 EV: (-0.061526280776791405, 0.061526280776791405) P1 Winnings: 56.0
Choosing model 2
[0.3036644214846633, 0.042795628887865866, 0.28521455458191103, 0.14950504030027972, 0.21882035474528005]
Games played: 35
Exploitability: P1=4.600000000 P2=0.035905024 EV: (-0.0010284382324270355, 0.0010284382324270355) P1 Winnings: 57.0
Choosing model 2
[0.30586564037376096, 0.03492494394613834, 0.28233083468482517, 0.14249694247491915, 0.2343816385203565]
Games played: 36
Exploitability: P1=4.600000000 P2=0.035905024 EV: (-0.0010284382324270355, 0.0010284382324270355) P1 Winnings: 56.0
Choosing model 0
[0.31134858927084724, 0.03670498399185228, 0.30430486668764495, 0.13115553683672673, 0.21648602321292884]
Games played: 37
Exploitability: P1=1.900000000 P2=0.035905024 EV: (-0.0869736485799119, 0.0869736485799119) P1 Winnings: 57.0
Choosing model 0
[0.31561424730686455, 0.03841562014113094, 0.326627669375251, 0.12021570316601134, 0.19912676001074217]
Games played: 38
Exploitability: P1=1.900000000 P2=0.035905024 EV: (-0.0869736485799119, 0.0869736485799119) P1 Winnings: 58.0
Choosing model 4
[0.3030608901690763, 0.02539025993185185, 0.2258239926698473, 0.15656408250164097, 0.2891607747275836]
Games played: 39
Exploitability: P1=2.600000000 P2=0.035905024 EV: (-0.11859748987287393, 0.11859748987287393) P1 Winnings: 65.0
Choosing model 0
[0.30422620394947036, 0.040497017725214385, 0.23898507391626847, 0.18371425285814705, 0.2325774515508997]
Games played: 40
Exploitability: P1=1.900000000 P2=0.035905024 EV: (-0.0869736485799119, 0.0869736485799119) P1 Winnings: 65.0
Choosing model 4
[0.2999657752526963, 0.056182222251153636, 0.24468132420108551, 0.20266767827442472, 0.19650300002063967]
Games played: 41
Exploitability: P1=2.600000000 P2=0.035905024 EV: (-0.11859748987287393, 0.11859748987287393) P1 Winnings: 70.0
Choosing model 0
[0.3020900632167886, 0.05108339284577386, 0.2444449108504105, 0.19891417746892134, 0.2034674556181057]
Games played: 42
Exploitability: P1=1.900000000 P2=0.035905024 EV: (-0.0869736485799119, 0.0869736485799119) P1 Winnings: 67.0
Choosing model 0
[0.30112595934445724, 0.05451925891358314, 0.24571274005371396, 0.2031559429528927, 0.1954860987353529]
Games played: 43
Exploitability: P1=1.900000000 P2=0.035905024 EV: (-0.0869736485799119, 0.0869736485799119) P1 Winnings: 66.0
Choosing model 0
[0.3059302821767019, 0.08099036622487965, 0.31740765650973585, 0.16580848273736684, 0.12986321235131587]
Games played: 44
Exploitability: P1=1.900000000 P2=0.035905024 EV: (-0.0869736485799119, 0.0869736485799119) P1 Winnings: 71.0
Choosing model 2
[0.2961737843387694, 0.10902072266563552, 0.34001761474790265, 0.15491899930354341, 0.09986887894414906]
Games played: 45
Exploitability: P1=4.600000000 P2=0.035905024 EV: (-0.0010284382324270355, 0.0010284382324270355) P1 Winnings: 76.0
Choosing model 1
[0.2930200453425121, 0.11548304310280244, 0.33922436997436123, 0.1570389713514115, 0.09523357022891267]
Games played: 46
Exploitability: P1=2.800000000 P2=0.035905024 EV: (0.035905024458970876, -0.035905024458970876) P1 Winnings: 63.0
Choosing model 4
[0.30499870326205314, 0.09075870020453106, 0.34525403484757683, 0.15206783028100132, 0.1069207314048377]
Games played: 47
Exploitability: P1=2.600000000 P2=0.035905024 EV: (-0.11859748987287393, 0.11859748987287393) P1 Winnings: 66.0
Choosing model 0
[0.3180413874285979, 0.06493464699528537, 0.3480966114947822, 0.14274100989631858, 0.12618634418501584]
Games played: 48
Exploitability: P1=1.900000000 P2=0.035905024 EV: (-0.0869736485799119, 0.0869736485799119) P1 Winnings: 66.0
Choosing model 0
[0.30113426427771894, 0.09768821856536188, 0.3474643899392136, 0.15798261184478463, 0.09573051537292107]
Games played: 49
Exploitability: P1=1.900000000 P2=0.035905024 EV: (-0.0869736485799119, 0.0869736485799119) P1 Winnings: 61.0
Choosing model 0
[0.2690095162837943, 0.161368025792212, 0.3322184728683854, 0.17277069089252473, 0.06463329416308357]
Games played: 50
Exploitability: P1=1.900000000 P2=0.035905024 EV: (-0.0869736485799119, 0.0869736485799119) P1 Winnings: 56.0
Choosing model 0
[0.2725697375660238, 0.15209990371347656, 0.336622666749271, 0.1742060816672081, 0.06450161030402057]
Games played: 51
Exploitability: P1=1.900000000 P2=0.035905024 EV: (-0.0869736485799119, 0.0869736485799119) P1 Winnings: 53.0
Choosing model 2
[0.2491433069014039, 0.2011462881565517, 0.32017570511979004, 0.17937773838453505, 0.05015696143771918]
Games played: 52
Exploitability: P1=4.600000000 P2=0.035905024 EV: (-0.0010284382324270355, 0.0010284382324270355) P1 Winnings: 52.0
Choosing model 2
[0.25808808694782964, 0.18462126008117885, 0.3051344018981011, 0.19559234479040616, 0.056563906282484394]
Games played: 53
Exploitability: P1=4.600000000 P2=0.035905024 EV: (-0.0010284382324270355, 0.0010284382324270355) P1 Winnings: 43.0
Choosing model 3
[0.27005358016706815, 0.13296878343132523, 0.2298883534852714, 0.2775821116425333, 0.0895071712738018]
Games played: 54
Exploitability: P1=1.933333333 P2=0.035905024 EV: (-0.061526280776791405, 0.061526280776791405) P1 Winnings: 40.0
Choosing model 2
[0.24114817838557917, 0.18865699518680382, 0.21641381854033476, 0.2897407042330529, 0.0640403036542294]
Games played: 55
Exploitability: P1=4.600000000 P2=0.035905024 EV: (-0.0010284382324270355, 0.0010284382324270355) P1 Winnings: 35.0
Choosing model 0
[0.24477788250044322, 0.19771253876978295, 0.23259884429607555, 0.26592708527013065, 0.058983649163567735]
Games played: 56
Exploitability: P1=1.900000000 P2=0.035905024 EV: (-0.0869736485799119, 0.0869736485799119) P1 Winnings: 36.0
Choosing model 2
[0.2517069521805474, 0.18089828455094192, 0.238144731342902, 0.268502842029703, 0.06074718989590569]
Games played: 57
Exploitability: P1=4.600000000 P2=0.035905024 EV: (-0.0010284382324270355, 0.0010284382324270355) P1 Winnings: 31.0
Choosing model 1
[0.26783800087556453, 0.14769164933630985, 0.24799991385822617, 0.266737965341289, 0.06973247058861044]
Games played: 58
Exploitability: P1=2.800000000 P2=0.035905024 EV: (0.035905024458970876, -0.035905024458970876) P1 Winnings: 32.0
Choosing model 3
[0.2310883444339963, 0.21947951740825702, 0.22724496262580415, 0.27526896800405104, 0.046918207527891435]
Games played: 59
Exploitability: P1=1.933333333 P2=0.035905024 EV: (-0.061526280776791405, 0.061526280776791405) P1 Winnings: 25.0
Choosing model 1
[0.2379446985418134, 0.2040365990107865, 0.2321174020011968, 0.27623058228726294, 0.04967071815894034]
Games played: 60
Exploitability: P1=2.800000000 P2=0.035905024 EV: (0.035905024458970876, -0.035905024458970876) P1 Winnings: 28.0
Choosing model 2
[0.23657122087524246, 0.20399461624488976, 0.23250410223941495, 0.27963591128593174, 0.04729414935452095]
Games played: 61
Exploitability: P1=4.600000000 P2=0.035905024 EV: (-0.0010284382324270355, 0.0010284382324270355) P1 Winnings: 31.0
Choosing model 0
[0.26094640212799436, 0.15438698210324697, 0.247967868291291, 0.2776566725472859, 0.05904207493018173]
Games played: 62
Exploitability: P1=1.900000000 P2=0.035905024 EV: (-0.0869736485799119, 0.0869736485799119) P1 Winnings: 31.0
Choosing model 1
[0.2564104603140728, 0.16242525443545938, 0.24570542867388398, 0.27954039617661075, 0.05591846039997304]
Games played: 63
Exploitability: P1=2.800000000 P2=0.035905024 EV: (0.035905024458970876, -0.035905024458970876) P1 Winnings: 30.0
Choosing model 3
[0.23575000576378752, 0.2013496548059291, 0.23388661365870242, 0.28464955591186686, 0.044364169859714045]
Games played: 64
Exploitability: P1=1.933333333 P2=0.035905024 EV: (-0.061526280776791405, 0.061526280776791405) P1 Winnings: 37.0
Choosing model 0
[0.2383909471965898, 0.21021419960385054, 0.25042506188323543, 0.2602635995755051, 0.040706191740819186]
Games played: 65
Exploitability: P1=1.900000000 P2=0.035905024 EV: (-0.0869736485799119, 0.0869736485799119) P1 Winnings: 38.0
Choosing model 0
[0.24010583552467527, 0.2185989726224042, 0.2670700098388504, 0.23702342110049557, 0.037201760913574564]
Games played: 66
Exploitability: P1=1.900000000 P2=0.035905024 EV: (-0.0869736485799119, 0.0869736485799119) P1 Winnings: 39.0
Choosing model 2
[0.21398530309282587, 0.2741133143089783, 0.24715039569199296, 0.2363409879382356, 0.028409998967967306]
Games played: 67
Exploitability: P1=4.600000000 P2=0.035905024 EV: (-0.0010284382324270355, 0.0010284382324270355) P1 Winnings: 44.0
Choosing model 2
[0.22516453018771118, 0.2595940727246239, 0.3307734756031195, 0.1618108087594882, 0.0226571127250572]
Games played: 68
Exploitability: P1=4.600000000 P2=0.035905024 EV: (-0.0010284382324270355, 0.0010284382324270355) P1 Winnings: 47.0
Choosing model 0
[0.22287063338700278, 0.2652899228681767, 0.3466713268631471, 0.14481890929268837, 0.020349207588985032]
Games played: 69
Exploitability: P1=1.900000000 P2=0.035905024 EV: (-0.0869736485799119, 0.0869736485799119) P1 Winnings: 48.0
Choosing model 2
[0.2228705639493434, 0.2652900763227828, 0.3466712576813516, 0.14481891109426076, 0.020349190952261505]
Games played: 70
Exploitability: P1=4.600000000 P2=0.035905024 EV: (-0.0010284382324270355, 0.0010284382324270355) P1 Winnings: 47.0
Choosing model 0
[0.18429323761058578, 0.3631198183813408, 0.22838463964379652, 0.20638005737689952, 0.017822246987377433]
Games played: 71
Exploitability: P1=1.900000000 P2=0.035905024 EV: (-0.0869736485799119, 0.0869736485799119) P1 Winnings: 38.0
Choosing model 2
[0.1553630906491354, 0.4365260113268991, 0.20008007110705012, 0.19518648910511374, 0.01284433781180163]
Games played: 72
Exploitability: P1=4.600000000 P2=0.035905024 EV: (-0.0010284382324270355, 0.0010284382324270355) P1 Winnings: 38.0
Choosing model 1
[0.1718559104933886, 0.39122470467690285, 0.21750552863287337, 0.20430514475867684, 0.015108711438158298]
Games played: 73
Exploitability: P1=2.800000000 P2=0.035905024 EV: (0.035905024458970876, -0.035905024458970876) P1 Winnings: 37.0
Choosing model 1
[0.19267858285165865, 0.3365423708987629, 0.23865626485392522, 0.21384900641197463, 0.018273774983678583]
Games played: 74
Exploitability: P1=2.800000000 P2=0.035905024 EV: (0.035905024458970876, -0.035905024458970876) P1 Winnings: 38.0
Choosing model 2
[0.20130534947176465, 0.31057719952133533, 0.22176549847744775, 0.2450035837425987, 0.0213483687868536]
Games played: 75
Exploitability: P1=4.600000000 P2=0.035905024 EV: (-0.0010284382324270355, 0.0010284382324270355) P1 Winnings: 31.0
Choosing model 2
[0.22160472697822411, 0.26232385250871115, 0.2389193108985043, 0.25179963968152075, 0.025352469933039717]
Games played: 76
Exploitability: P1=4.600000000 P2=0.035905024 EV: (-0.0010284382324270355, 0.0010284382324270355) P1 Winnings: 32.0
Choosing model 1
[0.22247125054607306, 0.2718978477264011, 0.25396888142602275, 0.22856769814430342, 0.0230943221571997]
Games played: 77
Exploitability: P1=2.800000000 P2=0.035905024 EV: (0.035905024458970876, -0.035905024458970876) P1 Winnings: 33.0
Choosing model 2
[0.19952624356811544, 0.33691327599913673, 0.26614180014513555, 0.182428482468435, 0.014990197819177304]
Games played: 78
Exploitability: P1=4.600000000 P2=0.035905024 EV: (-0.0010284382324270355, 0.0010284382324270355) P1 Winnings: 42.0
Choosing model 1
[0.17249092531438298, 0.4025678486450626, 0.23840291809900188, 0.17533866333116732, 0.011199644610385284]
Games played: 79
Exploitability: P1=2.800000000 P2=0.035905024 EV: (0.035905024458970876, -0.035905024458970876) P1 Winnings: 47.0
Choosing model 2
[0.16676045352701815, 0.4167008159258356, 0.23241990029497714, 0.17368268263104605, 0.010436147621123026]
Games played: 80
Exploitability: P1=4.600000000 P2=0.035905024 EV: (-0.0010284382324270355, 0.0010284382324270355) P1 Winnings: 50.0
Choosing model 2
[0.1667601703742678, 0.4167015143377783, 0.23241960420138622, 0.17368260118132783, 0.010436109905239863]
Games played: 81
Exploitability: P1=4.600000000 P2=0.035905024 EV: (-0.0010284382324270355, 0.0010284382324270355) P1 Winnings: 41.0
Choosing model 0
[0.1816234726051202, 0.3573180912685332, 0.19067487238318825, 0.25499846165394385, 0.015385102089214463]
Games played: 82
Exploitability: P1=1.900000000 P2=0.035905024 EV: (-0.0869736485799119, 0.0869736485799119) P1 Winnings: 41.0
Choosing model 2
[0.1816233973759526, 0.3573182612795658, 0.19067481476051476, 0.25499843865219723, 0.01538508793176956]
Games played: 83
Exploitability: P1=4.600000000 P2=0.035905024 EV: (-0.0010284382324270355, 0.0010284382324270355) P1 Winnings: 40.0
Choosing model 1
[0.22183555075204411, 0.2615339353109734, 0.22303968518421086, 0.27166302079732924, 0.02192780795544228]
Games played: 84
Exploitability: P1=2.800000000 P2=0.035905024 EV: (0.035905024458970876, -0.035905024458970876) P1 Winnings: 43.0
Choosing model 2
[0.19715777260107287, 0.3133950737135297, 0.20522938349483275, 0.2674011329447679, 0.016816637245796965]
Games played: 85
Exploitability: P1=4.600000000 P2=0.035905024 EV: (-0.0010284382324270355, 0.0010284382324270355) P1 Winnings: 50.0
Choosing model 1
[0.17602064631392236, 0.38656995634919916, 0.21408966492949388, 0.21245385305998302, 0.010865879347401533]
Games played: 86
Exploitability: P1=2.800000000 P2=0.035905024 EV: (0.035905024458970876, -0.035905024458970876) P1 Winnings: 59.0
Choosing model 1
[0.22685582789189265, 0.26639486625291975, 0.2604150710333547, 0.2289243819364082, 0.01740985288542467]
Games played: 87
Exploitability: P1=2.800000000 P2=0.035905024 EV: (0.035905024458970876, -0.035905024458970876) P1 Winnings: 59.0
Choosing model 2
[0.1980658063253517, 0.3319160339634178, 0.2399210680655756, 0.21746676061731388, 0.012630331028340944]
Games played: 88
Exploitability: P1=4.600000000 P2=0.035905024 EV: (-0.0010284382324270355, 0.0010284382324270355) P1 Winnings: 66.0
Choosing model 2
[0.1971047877594096, 0.3219836276052699, 0.20643361575115063, 0.26078028495851047, 0.013697683925659423]
Games played: 89
Exploitability: P1=4.600000000 P2=0.035905024 EV: (-0.0010284382324270355, 0.0010284382324270355) P1 Winnings: 66.0
Choosing model 3
[0.1848242583825302, 0.34554549039867427, 0.19096155475943538, 0.2665746603347009, 0.012094036124659221]
Games played: 90
Exploitability: P1=1.933333333 P2=0.035905024 EV: (-0.061526280776791405, 0.061526280776791405) P1 Winnings: 66.0
Choosing model 1
[0.1856044300856202, 0.3582677424685612, 0.20305312805038273, 0.24205446848508957, 0.011020230910346242]
Games played: 91
Exploitability: P1=2.800000000 P2=0.035905024 EV: (0.035905024458970876, -0.035905024458970876) P1 Winnings: 67.0
Choosing model 3
[0.19325439100768949, 0.3295009619367975, 0.1880398889061957, 0.27637417846575724, 0.012830579683560168]
Games played: 92
Exploitability: P1=1.933333333 P2=0.035905024 EV: (-0.061526280776791405, 0.061526280776791405) P1 Winnings: 60.0
Choosing model 3
[0.18871477038072876, 0.3136541936180006, 0.15876357674325736, 0.32521321898384853, 0.013654240274164836]
Games played: 93
Exploitability: P1=1.933333333 P2=0.035905024 EV: (-0.061526280776791405, 0.061526280776791405) P1 Winnings: 69.0
Choosing model 3
[0.2081180658579881, 0.29762080060496376, 0.18962422779122434, 0.29109065886293045, 0.0135462468828935]
Games played: 94
Exploitability: P1=1.933333333 P2=0.035905024 EV: (-0.061526280776791405, 0.061526280776791405) P1 Winnings: 72.0
Choosing model 3
[0.2303043804931696, 0.2486709676753722, 0.20518107415777212, 0.2996745986689443, 0.016168979004741787]
Games played: 95
Exploitability: P1=1.933333333 P2=0.035905024 EV: (-0.061526280776791405, 0.061526280776791405) P1 Winnings: 75.0
Choosing model 3
[0.23898295003461456, 0.22905991064359885, 0.2114392256868839, 0.30345061049104655, 0.017067303143856075]
Games played: 96
Exploitability: P1=1.933333333 P2=0.035905024 EV: (-0.061526280776791405, 0.061526280776791405) P1 Winnings: 72.0
Choosing model 3
[0.2572551226853378, 0.19361874771446203, 0.22303854991118263, 0.30634060079588904, 0.019746978893128535]
Games played: 97
Exploitability: P1=1.933333333 P2=0.035905024 EV: (-0.061526280776791405, 0.061526280776791405) P1 Winnings: 69.0
Choosing model 0
[0.2603179008999203, 0.2022835286410548, 0.23897601316494743, 0.2802911826648029, 0.01813137462927444]
Games played: 98
Exploitability: P1=1.900000000 P2=0.035905024 EV: (-0.0869736485799119, 0.0869736485799119) P1 Winnings: 70.0
Choosing model 1
[0.2598051124221453, 0.15894777827610043, 0.1796548859716113, 0.37709840547467305, 0.024493817855469918]
Games played: 99
Exploitability: P1=2.800000000 P2=0.035905024 EV: (0.035905024458970876, -0.035905024458970876) P1 Winnings: 79.0
Choosing model 3
[0.23642495808056982, 0.1950210317299165, 0.16926193488656474, 0.3800583551843897, 0.019233720118559155]
Games played: 100
Exploitability: P1=1.933333333 P2=0.035905024 EV: (-0.061526280776791405, 0.061526280776791405) P1 Winnings: 86.0
Choosing model 3
[0.2545692612727885, 0.1625311710294865, 0.17835306882363242, 0.3821738883781175, 0.02237261049597506]
Games played: 101
Exploitability: P1=1.933333333 P2=0.035905024 EV: (-0.061526280776791405, 0.061526280776791405) P1 Winnings: 89.0
Choosing model 1
[0.2709837640030728, 0.13585485997917904, 0.18604377981575082, 0.3815203871020755, 0.025597209099921973]
Games played: 102
Exploitability: P1=2.800000000 P2=0.035905024 EV: (0.035905024458970876, -0.035905024458970876) P1 Winnings: 86.0
Choosing model 0
[0.28460729783979255, 0.11560521049795683, 0.19202945169532468, 0.37916934257045204, 0.028588697396473954]
Games played: 103
Exploitability: P1=1.900000000 P2=0.035905024 EV: (-0.0869736485799119, 0.0869736485799119) P1 Winnings: 87.0
Choosing model 1
[0.2994992138063705, 0.07823320965114956, 0.16227624937440624, 0.4194803246912481, 0.04051100247682548]
Games played: 104
Exploitability: P1=2.800000000 P2=0.035905024 EV: (0.035905024458970876, -0.035905024458970876) P1 Winnings: 90.0
Choosing model 0
[0.27926664278893265, 0.10410158489235008, 0.1596691616002053, 0.42557513180340056, 0.03138747891511143]
Games played: 105
Exploitability: P1=1.900000000 P2=0.035905024 EV: (-0.0869736485799119, 0.0869736485799119) P1 Winnings: 97.0
Choosing model 3
[0.22268759692477394, 0.10203010255449343, 0.09706550182927713, 0.54793636482427, 0.030280433867185402]
Games played: 106
Exploitability: P1=1.933333333 P2=0.035905024 EV: (-0.061526280776791405, 0.061526280776791405) P1 Winnings: 92.0
Choosing model 3
[0.22268753343371578, 0.1020301716175393, 0.09706548589961612, 0.5479364003787023, 0.0302804086704265]
Games played: 107
Exploitability: P1=1.933333333 P2=0.035905024 EV: (-0.061526280776791405, 0.061526280776791405) P1 Winnings: 89.0
Choosing model 3
[0.22810849694627644, 0.09436050631427666, 0.09863381587655828, 0.5470061670497012, 0.03189101381318745]
Games played: 108
Exploitability: P1=1.933333333 P2=0.035905024 EV: (-0.061526280776791405, 0.061526280776791405) P1 Winnings: 92.0
Choosing model 3
[0.25692787443312154, 0.0637245102156637, 0.10580518022351844, 0.5302654231899258, 0.04327701193777061]
Games played: 109
Exploitability: P1=1.933333333 P2=0.035905024 EV: (-0.061526280776791405, 0.061526280776791405) P1 Winnings: 91.0
Choosing model 3
[0.2694610915185941, 0.06900244169675875, 0.11749682968412443, 0.5028552909663121, 0.04118434613421061]
Games played: 110
Exploitability: P1=1.933333333 P2=0.035905024 EV: (-0.061526280776791405, 0.061526280776791405) P1 Winnings: 92.0
Choosing model 3
[0.2815194415102909, 0.07443032208538929, 0.1299788986578654, 0.4750291118268021, 0.03904222591965241]
Games played: 111
Exploitability: P1=1.933333333 P2=0.035905024 EV: (-0.061526280776791405, 0.061526280776791405) P1 Winnings: 93.0
Choosing model 0
[0.26032286994704806, 0.06709215147469277, 0.10392048143862014, 0.5293200686085487, 0.039344428531090284]
Games played: 112
Exploitability: P1=1.900000000 P2=0.035905024 EV: (-0.0869736485799119, 0.0869736485799119) P1 Winnings: 93.0
Choosing model 0
[0.23767630485944624, 0.08862510796486942, 0.0987297741003495, 0.5444093388464651, 0.03055947422886977]
Games played: 113
Exploitability: P1=1.900000000 P2=0.035905024 EV: (-0.0869736485799119, 0.0869736485799119) P1 Winnings: 92.0
Choosing model 3
[0.25873930273047924, 0.06619662743809761, 0.10392021735465973, 0.533491927428664, 0.037651925048099326]
Games played: 114
Exploitability: P1=1.933333333 P2=0.035905024 EV: (-0.061526280776791405, 0.061526280776791405) P1 Winnings: 95.0
Choosing model 3
[0.27896727420986245, 0.04897102566924241, 0.10833456107656604, 0.5177819216937344, 0.045945217350594744]
Games played: 115
Exploitability: P1=1.933333333 P2=0.035905024 EV: (-0.061526280776791405, 0.061526280776791405) P1 Winnings: 84.0
Choosing model 1
[0.2506348200813246, 0.06990633257298445, 0.10260987234447447, 0.5437747282910567, 0.0330742467101599]
Games played: 116
Exploitability: P1=2.800000000 P2=0.035905024 EV: (0.035905024458970876, -0.035905024458970876) P1 Winnings: 79.0
Choosing model 3
[0.23166141943636534, 0.0871184591296117, 0.09819199736977383, 0.5566488130329902, 0.026379311031258925]
Games played: 117
Exploitability: P1=1.933333333 P2=0.035905024 EV: (-0.061526280776791405, 0.061526280776791405) P1 Winnings: 86.0
Choosing model 3
[0.19503425439002933, 0.13170555480576315, 0.08818483385392326, 0.5680603661474086, 0.017014990802875617]
Games played: 118
Exploitability: P1=1.933333333 P2=0.035905024 EV: (-0.061526280776791405, 0.061526280776791405) P1 Winnings: 83.0
Choosing model 3
[0.204552245035753, 0.14261675812103006, 0.097931325708424, 0.5387071250390925, 0.016192546095700495]
Games played: 119
Exploitability: P1=1.933333333 P2=0.035905024 EV: (-0.061526280776791405, 0.061526280776791405) P1 Winnings: 84.0
Choosing model 3
[0.22719208214837197, 0.10868311349557314, 0.10516856824804052, 0.5386013407378908, 0.020354895370123496]
Games played: 120
Exploitability: P1=1.933333333 P2=0.035905024 EV: (-0.061526280776791405, 0.061526280776791405) P1 Winnings: 84.0
Choosing model 2
[0.20601785815448118, 0.13621607706781752, 0.098816591611893, 0.5429976162225005, 0.01595185694330761]
Games played: 121
Exploitability: P1=4.600000000 P2=0.035905024 EV: (-0.0010284382324270355, 0.0010284382324270355) P1 Winnings: 84.0
Choosing model 3
[0.23557847901427195, 0.09334103239242944, 0.10821565065903706, 0.5415796309816236, 0.02128520695263777]
Games played: 122
Exploitability: P1=1.933333333 P2=0.035905024 EV: (-0.061526280776791405, 0.061526280776791405) P1 Winnings: 87.0
Choosing model 3
[0.24653860167553074, 0.10085444107936067, 0.11991507034788125, 0.5124795159806382, 0.020212370916589128]
Games played: 123
Exploitability: P1=1.933333333 P2=0.035905024 EV: (-0.061526280776791405, 0.061526280776791405) P1 Winnings: 88.0
Choosing model 2
[0.22465296568054702, 0.12702139441986252, 0.11322262691522594, 0.5191855010924618, 0.015917511891902738]
Games played: 124
Exploitability: P1=4.600000000 P2=0.035905024 EV: (-0.0010284382324270355, 0.0010284382324270355) P1 Winnings: 88.0
Choosing model 1
[0.22331410324695666, 0.17444844232855972, 0.13150542703310772, 0.45928071684393595, 0.011451310547439983]
Games played: 125
Exploitability: P1=2.800000000 P2=0.035905024 EV: (0.035905024458970876, -0.035905024458970876) P1 Winnings: 97.0
Choosing model 2
[0.18909185081521793, 0.2341516608324867, 0.11708724921025498, 0.45177854939596473, 0.007890689746075766]
Games played: 126
Exploitability: P1=4.600000000 P2=0.035905024 EV: (-0.0010284382324270355, 0.0010284382324270355) P1 Winnings: 104.0
Choosing model 1
[0.16409142184741732, 0.2858979829112786, 0.10550611347235625, 0.438636962522466, 0.005867519246481794]
Games played: 127
Exploitability: P1=2.800000000 P2=0.035905024 EV: (0.035905024458970876, -0.035905024458970876) P1 Winnings: 109.0
Choosing model 3
[0.17821996764035447, 0.2515828872177124, 0.11261544414681103, 0.45080490999965606, 0.006776790995465903]
Games played: 128
Exploitability: P1=1.933333333 P2=0.035905024 EV: (-0.061526280776791405, 0.061526280776791405) P1 Winnings: 108.0
Choosing model 3
[0.18067512119398246, 0.24352664617097747, 0.11409000901628384, 0.4548754038152458, 0.006832819803510331]
Games played: 129
Exploitability: P1=1.933333333 P2=0.035905024 EV: (-0.061526280776791405, 0.061526280776791405) P1 Winnings: 107.0
Choosing model 1
[0.13937803121539913, 0.33734881114620624, 0.09388672946156723, 0.42534804961951295, 0.0040383785573145205]
Games played: 130
Exploitability: P1=2.800000000 P2=0.035905024 EV: (0.035905024458970876, -0.035905024458970876) P1 Winnings: 104.0
Choosing model 1
[0.13937796395805954, 0.33734897288743104, 0.09388669551651921, 0.4253479932384051, 0.00403837439958523]
Games played: 131
Exploitability: P1=2.800000000 P2=0.035905024 EV: (0.035905024458970876, -0.035905024458970876) P1 Winnings: 97.0
Choosing model 1
[0.11953643187952857, 0.39009189256034155, 0.0833652133746647, 0.404017819930155, 0.0029886422553102045]
Games played: 132
Exploitability: P1=2.800000000 P2=0.035905024 EV: (0.035905024458970876, -0.035905024458970876) P1 Winnings: 104.0
Choosing model 3
[0.14454016077098958, 0.31715915487274715, 0.09725533318539448, 0.4369199240397859, 0.004125427131083007]
Games played: 133
Exploitability: P1=1.933333333 P2=0.035905024 EV: (-0.061526280776791405, 0.061526280776791405) P1 Winnings: 99.0
Choosing model 3
[0.15163432836753027, 0.29535582047885783, 0.10132251609567505, 0.44728487418432095, 0.004402460873615789]
Games played: 134
Exploitability: P1=1.933333333 P2=0.035905024 EV: (-0.061526280776791405, 0.061526280776791405) P1 Winnings: 96.0
Choosing model 3
[0.12065029410134927, 0.3788824112644104, 0.08467902427820911, 0.4129070439624189, 0.002881226393612351]
Games played: 135
Exploitability: P1=1.933333333 P2=0.035905024 EV: (-0.061526280776791405, 0.061526280776791405) P1 Winnings: 107.0
Choosing model 3
[0.09132684460486257, 0.3525074859552761, 0.04886667445539901, 0.5046603786115068, 0.002638616372955629]
Games played: 136
Exploitability: P1=1.933333333 P2=0.035905024 EV: (-0.061526280776791405, 0.061526280776791405) P1 Winnings: 98.0
Choosing model 3
[0.09456791122183082, 0.3768658627745291, 0.05357874111875384, 0.4725082843089031, 0.0024792005759831167]
Games played: 137
Exploitability: P1=1.933333333 P2=0.035905024 EV: (-0.061526280776791405, 0.061526280776791405) P1 Winnings: 99.0
Choosing model 3
[0.10509125263355715, 0.3373244950611877, 0.05848881885009609, 0.4961612457845915, 0.002934187670567545]
Games played: 138
Exploitability: P1=1.933333333 P2=0.035905024 EV: (-0.061526280776791405, 0.061526280776791405) P1 Winnings: 99.0
Choosing model 1
[0.101397401488794, 0.34847096022399626, 0.05690730580494853, 0.4904956229235543, 0.0027287095587068756]
Games played: 139
Exploitability: P1=2.800000000 P2=0.035905024 EV: (0.035905024458970876, -0.035905024458970876) P1 Winnings: 88.0
Choosing model 1
[0.10636474215283874, 0.3300300959337439, 0.05921808178429185, 0.5014440872324166, 0.0029429928967088037]
Games played: 140
Exploitability: P1=2.800000000 P2=0.035905024 EV: (0.035905024458970876, -0.035905024458970876) P1 Winnings: 88.0
Choosing model 3
[0.11723047199960906, 0.292977773677939, 0.0641142743469208, 0.5222229776646843, 0.003454502310846836]
Games played: 141
Exploitability: P1=1.933333333 P2=0.035905024 EV: (-0.061526280776791405, 0.061526280776791405) P1 Winnings: 89.0
Choosing model 3
[0.117230416843661, 0.2929779176794036, 0.06411425193953386, 0.5222229147414843, 0.0034544987959172807]
Games played: 142
Exploitability: P1=1.933333333 P2=0.035905024 EV: (-0.061526280776791405, 0.061526280776791405) P1 Winnings: 86.0
Choosing model 3
[0.12174286603797917, 0.3141313004689914, 0.07050049534391033, 0.4903701332885751, 0.0032552048605439653]
Games played: 143
Exploitability: P1=1.933333333 P2=0.035905024 EV: (-0.061526280776791405, 0.061526280776791405) P1 Winnings: 87.0
Choosing model 0
[0.08498177627246718, 0.43317035989246633, 0.05300001613630425, 0.4271698994963357, 0.0016779482024263245]
Games played: 144
Exploitability: P1=1.900000000 P2=0.035905024 EV: (-0.0869736485799119, 0.0869736485799119) P1 Winnings: 94.0
Choosing model 2
[0.0870624226695033, 0.4581806959031875, 0.05749304649598637, 0.39570401824779616, 0.0015598166835267726]
Games played: 145
Exploitability: P1=4.600000000 P2=0.035905024 EV: (-0.0010284382324270355, 0.0010284382324270355) P1 Winnings: 95.0
Choosing model 3
[0.08350976690284645, 0.4705456438924577, 0.0556104945023467, 0.3888920150165853, 0.001442079685763785]
Games played: 146
Exploitability: P1=1.933333333 P2=0.035905024 EV: (-0.061526280776791405, 0.061526280776791405) P1 Winnings: 82.0
Choosing model 3
[0.08511353349000637, 0.495149355820492, 0.06001398739532582, 0.35838947695986906, 0.0013336463343067702]
Games played: 147
Exploitability: P1=1.933333333 P2=0.035905024 EV: (-0.061526280776791405, 0.061526280776791405) P1 Winnings: 83.0
Choosing model 0
[0.06280942276141313, 0.5805659634967066, 0.04668879185877949, 0.309147273472052, 0.0007885484110487184]
Games played: 148
Exploitability: P1=1.900000000 P2=0.035905024 EV: (-0.0869736485799119, 0.0869736485799119) P1 Winnings: 78.0
Choosing model 3
[0.09392223887821892, 0.4522563702457741, 0.06593898721471735, 0.38643067222625893, 0.0014517314350307856]
Games played: 149
Exploitability: P1=1.933333333 P2=0.035905024 EV: (-0.061526280776791405, 0.061526280776791405) P1 Winnings: 75.0
Choosing model 3
[0.105571618689597, 0.4094508185417792, 0.07280791429171975, 0.41043177371385975, 0.001737874763044261]
Games played: 150
Exploitability: P1=1.933333333 P2=0.035905024 EV: (-0.061526280776791405, 0.061526280776791405) P1 Winnings: 75.0
Choosing model 3
[0.09399202328134174, 0.44665276283130656, 0.06636240578395464, 0.39159188420999, 0.0014009238934069427]
Games played: 151
Exploitability: P1=1.933333333 P2=0.035905024 EV: (-0.061526280776791405, 0.061526280776791405) P1 Winnings: 66.0
Choosing model 3
[0.0930552427472568, 0.4446769565497594, 0.0661925345116886, 0.3947469988589191, 0.0013282673323761237]
Games played: 152
Exploitability: P1=1.933333333 P2=0.035905024 EV: (-0.061526280776791405, 0.061526280776791405) P1 Winnings: 66.0
Choosing model 3
[0.11361887787768887, 0.37253471999369725, 0.07814384673062828, 0.4338670426274844, 0.001835512770501117]
Games played: 153
Exploitability: P1=1.933333333 P2=0.035905024 EV: (-0.061526280776791405, 0.061526280776791405) P1 Winnings: 55.0
Choosing model 1
[0.09520295338853328, 0.43144088864110625, 0.06784642119671079, 0.4041805438154087, 0.0013291929582409869]
Games played: 154
Exploitability: P1=2.800000000 P2=0.035905024 EV: (0.035905024458970876, -0.035905024458970876) P1 Winnings: 60.0
Choosing model 3
[0.10633460815369972, 0.3904316703891167, 0.0744733696223933, 0.4271816092195802, 0.0015787426152102967]
Games played: 155
Exploitability: P1=1.933333333 P2=0.035905024 EV: (-0.061526280776791405, 0.061526280776791405) P1 Winnings: 59.0
Choosing model 3
[0.11185353164002912, 0.3707969832845359, 0.07771261348373304, 0.4379294237987365, 0.0017074477929654003]
Games played: 156
Exploitability: P1=1.933333333 P2=0.035905024 EV: (-0.061526280776791405, 0.061526280776791405) P1 Winnings: 62.0
Choosing model 3
[0.12394103523001583, 0.3309328789201095, 0.08458911997105778, 0.4585220064613697, 0.0020149594174470545]
Games played: 157
Exploitability: P1=1.933333333 P2=0.035905024 EV: (-0.061526280776791405, 0.061526280776791405) P1 Winnings: 62.0
Choosing model 0
[0.11971456227944842, 0.342239581635452, 0.08239128692915526, 0.4537786793050814, 0.0018758898508628703]
Games played: 158
Exploitability: P1=1.900000000 P2=0.035905024 EV: (-0.0869736485799119, 0.0869736485799119) P1 Winnings: 51.0
Choosing model 1
[0.13472183805519225, 0.2955056317046807, 0.09074148293747741, 0.4767536949653525, 0.002277352337297053]
Games played: 159
Exploitability: P1=2.800000000 P2=0.035905024 EV: (0.035905024458970876, -0.035905024458970876) P1 Winnings: 52.0
Choosing model 2
[0.13580968141263522, 0.2873285154944383, 0.09175123280806673, 0.4828727073447179, 0.0022378629401417723]
Games played: 160
Exploitability: P1=4.600000000 P2=0.035905024 EV: (-0.0010284382324270355, 0.0010284382324270355) P1 Winnings: 45.0
Choosing model 3
[0.12118958487521655, 0.23616104557043152, 0.06505217813096362, 0.5751884353860602, 0.002408756037328068]
Games played: 161
Exploitability: P1=1.933333333 P2=0.035905024 EV: (-0.061526280776791405, 0.061526280776791405) P1 Winnings: 32.0
Choosing model 3
[0.12118953215080867, 0.2361611700141259, 0.06505215770086674, 0.5751883864624088, 0.0024087536717898725]
Games played: 162
Exploitability: P1=1.933333333 P2=0.035905024 EV: (-0.061526280776791405, 0.061526280776791405) P1 Winnings: 29.0
Choosing model 3
[0.15351524240130268, 0.15584194967385093, 0.07782768308791742, 0.6090585411433651, 0.003756583693563913]
Games played: 163
Exploitability: P1=1.933333333 P2=0.035905024 EV: (-0.061526280776791405, 0.061526280776791405) P1 Winnings: 29.0
Choosing model 3
[0.16143466768276316, 0.16920094572063565, 0.08665902126001374, 0.5791208665502872, 0.0035844987863003336]
Games played: 164
Exploitability: P1=1.933333333 P2=0.035905024 EV: (-0.061526280776791405, 0.061526280776791405) P1 Winnings: 30.0
Choosing model 3
[0.13492833936381363, 0.22417150812488945, 0.07616005985807983, 0.562302043924256, 0.002438048728961066]
Games played: 165
Exploitability: P1=1.933333333 P2=0.035905024 EV: (-0.061526280776791405, 0.061526280776791405) P1 Winnings: 27.0
Choosing model 2
[0.14815346533031334, 0.19051616052326562, 0.08183603398291467, 0.5766023840502802, 0.0028919561132262016]
Games played: 166
Exploitability: P1=4.600000000 P2=0.035905024 EV: (-0.0010284382324270355, 0.0010284382324270355) P1 Winnings: 20.0
Choosing model 1
[0.14876570408930428, 0.2797254471885925, 0.10448429937945299, 0.4651257516414585, 0.0018987977011917952]
Games played: 167
Exploitability: P1=2.800000000 P2=0.035905024 EV: (0.035905024458970876, -0.035905024458970876) P1 Winnings: 25.0
Choosing model 1
[0.1411683882377013, 0.29364283474380587, 0.10084704754877288, 0.46267853810654674, 0.0016631913631732105]
Games played: 168
Exploitability: P1=2.800000000 P2=0.035905024 EV: (0.035905024458970876, -0.035905024458970876) P1 Winnings: 28.0
Choosing model 3
[0.14124408864458154, 0.25951363422685725, 0.08974190447505918, 0.5076396159310361, 0.0018607567224659452]
Games played: 169
Exploitability: P1=1.933333333 P2=0.035905024 EV: (-0.061526280776791405, 0.061526280776791405) P1 Winnings: 21.0
Choosing model 3
[0.16134543904157975, 0.2550673592760653, 0.1110249935884588, 0.47065005101117574, 0.0019121570827203736]
Games played: 170
Exploitability: P1=1.933333333 P2=0.035905024 EV: (-0.061526280776791405, 0.061526280776791405) P1 Winnings: 24.0
Choosing model 0
[0.17879468054261402, 0.21341363976909333, 0.12030113193804244, 0.48520498757419694, 0.002285560176053228]
Games played: 171
Exploitability: P1=1.900000000 P2=0.035905024 EV: (-0.0869736485799119, 0.0869736485799119) P1 Winnings: 27.0
Choosing model 1
[0.1647157703730371, 0.24089468837915612, 0.11346189054370064, 0.47902120036708834, 0.00190645033701764]
Games played: 172
Exploitability: P1=2.800000000 P2=0.035905024 EV: (0.035905024458970876, -0.035905024458970876) P1 Winnings: 22.0
Choosing model 3
[0.18103510612485874, 0.20314182577557532, 0.12204253029906649, 0.4915201393997261, 0.00226039840077328]
Games played: 173
Exploitability: P1=1.933333333 P2=0.035905024 EV: (-0.061526280776791405, 0.061526280776791405) P1 Winnings: 23.0
Choosing model 3
[0.18698493950159947, 0.18668970819984482, 0.12550626870357534, 0.4984807830217544, 0.0023383005732258437]
Games played: 174
Exploitability: P1=1.933333333 P2=0.035905024 EV: (-0.061526280776791405, 0.061526280776791405) P1 Winnings: 18.0
Choosing model 1
[0.1869848706964604, 0.18668981909912594, 0.12550623770712005, 0.4984807740635481, 0.0023382984337454405]
Games played: 175
Exploitability: P1=2.800000000 P2=0.035905024 EV: (0.035905024458970876, -0.035905024458970876) P1 Winnings: 15.0
Choosing model 3
[0.19353516792421574, 0.1715273363306195, 0.12900373294394518, 0.5034718597307487, 0.0024619030704707313]
Games played: 176
Exploitability: P1=1.933333333 P2=0.035905024 EV: (-0.061526280776791405, 0.061526280776791405) P1 Winnings: 15.0
Choosing model 0
[0.20061708236684184, 0.18357539519378338, 0.14159394128224723, 0.47189795186990047, 0.00231562928722704]
Games played: 177
Exploitability: P1=1.900000000 P2=0.035905024 EV: (-0.0869736485799119, 0.0869736485799119) P1 Winnings: 16.0
Choosing model 0
[0.19559288822439733, 0.19162758832565877, 0.1392081716557947, 0.471395329369537, 0.0021760224246121693]
Games played: 178
Exploitability: P1=1.900000000 P2=0.035905024 EV: (-0.0869736485799119, 0.0869736485799119) P1 Winnings: 21.0
Choosing model 3
[0.19059385259541733, 0.1999273803395982, 0.1367903522390177, 0.47064466196091337, 0.0020437528650534146]
Games played: 179
Exploitability: P1=1.933333333 P2=0.035905024 EV: (-0.061526280776791405, 0.061526280776791405) P1 Winnings: 26.0
Choosing model 3
[0.18562262481345837, 0.20847440954696222, 0.13434218442263143, 0.4696422910963945, 0.0019184901205534187]
Games played: 180
Exploitability: P1=1.933333333 P2=0.035905024 EV: (-0.061526280776791405, 0.061526280776791405) P1 Winnings: 15.0
Choosing model 2
[0.1631892498546646, 0.2615508915140672, 0.12462803515822002, 0.4492303648830979, 0.0014014585899501698]
Games played: 181
Exploitability: P1=4.600000000 P2=0.035905024 EV: (-0.0010284382324270355, 0.0010284382324270355) P1 Winnings: 22.0
Choosing model 1
[0.15835452061657515, 0.27173999983716307, 0.12195218317152881, 0.4466425207273489, 0.0013107756473839777]
Games played: 182
Exploitability: P1=2.800000000 P2=0.035905024 EV: (0.035905024458970876, -0.035905024458970876) P1 Winnings: 9.0
Choosing model 1
[0.16111195874052744, 0.2449637584664002, 0.11414869660815466, 0.4783237583537023, 0.0014518278312154731]
Games played: 183
Exploitability: P1=2.800000000 P2=0.035905024 EV: (0.035905024458970876, -0.035905024458970876) P1 Winnings: 18.0
Choosing model 1
[0.12358283122947093, 0.33741853559033375, 0.09340324312264141, 0.44474217886087125, 0.0008532111966826231]
Games played: 184
Exploitability: P1=2.800000000 P2=0.035905024 EV: (0.035905024458970876, -0.035905024458970876) P1 Winnings: 25.0
Choosing model 1
[0.13885523405755046, 0.2908824763305716, 0.10270690417128742, 0.46652121400953916, 0.0010341714310512927]
Games played: 185
Exploitability: P1=2.800000000 P2=0.035905024 EV: (0.035905024458970876, -0.035905024458970876) P1 Winnings: 26.0
Choosing model 0
[0.15125487346112887, 0.2567226598868266, 0.10995034767404459, 0.48087416883271444, 0.00119795014528537]
Games played: 186
Exploitability: P1=1.900000000 P2=0.035905024 EV: (-0.0869736485799119, 0.0869736485799119) P1 Winnings: 25.0
Choosing model 3
[0.1512548135649071, 0.2567227867093942, 0.10995031644868064, 0.4808741342122791, 0.0011979490647389614]
Games played: 187
Exploitability: P1=1.933333333 P2=0.035905024 EV: (-0.061526280776791405, 0.061526280776791405) P1 Winnings: 24.0
Choosing model 0
[0.1572311965639466, 0.2409406183925021, 0.11338130276527202, 0.48716653169640634, 0.0012803505818729422]
Games played: 188
Exploitability: P1=1.900000000 P2=0.035905024 EV: (-0.0869736485799119, 0.0869736485799119) P1 Winnings: 27.0
Choosing model 0
[0.1339627206236757, 0.29700704822773144, 0.10052176643606447, 0.46758043214846007, 0.0009280325640682736]
Games played: 189
Exploitability: P1=1.900000000 P2=0.035905024 EV: (-0.0869736485799119, 0.0869736485799119) P1 Winnings: 18.0
Choosing model 3
[0.15762228263361772, 0.23497545083074897, 0.1141127259230586, 0.49204300809608076, 0.0012465325164938848]
Games played: 190
Exploitability: P1=1.933333333 P2=0.035905024 EV: (-0.061526280776791405, 0.061526280776791405) P1 Winnings: 18.0
Choosing model 3
[0.17193698933361246, 0.20126831141337395, 0.121978431528807, 0.5033547840680554, 0.0014614836561511538]
Games played: 191
Exploitability: P1=1.933333333 P2=0.035905024 EV: (-0.061526280776791405, 0.061526280776791405) P1 Winnings: 15.0
Choosing model 2
[0.18714275270744568, 0.1695593982392775, 0.12992579967757903, 0.5116535936950484, 0.001718455680649385]
Games played: 192
Exploitability: P1=4.600000000 P2=0.035905024 EV: (-0.0010284382324270355, 0.0010284382324270355) P1 Winnings: 8.0
Choosing model 3
[0.1848445833072338, 0.2448864357012827, 0.1631715979871173, 0.40598752340523125, 0.0011098595991350323]
Games played: 193
Exploitability: P1=1.933333333 P2=0.035905024 EV: (-0.061526280776791405, 0.061526280776791405) P1 Winnings: 13.0
Choosing model 0
[0.1808821816718446, 0.2481473509454945, 0.16140465189246364, 0.4085397725422741, 0.0010260429479232202]
Games played: 194
Exploitability: P1=1.900000000 P2=0.035905024 EV: (-0.0869736485799119, 0.0869736485799119) P1 Winnings: 13.0
Choosing model 0
[0.17580055552918478, 0.25822159045480897, 0.15818868705663686, 0.40682799926761976, 0.0009611676917497103]
Games played: 195
Exploitability: P1=1.900000000 P2=0.035905024 EV: (-0.0869736485799119, 0.0869736485799119) P1 Winnings: 12.0
Choosing model 3
[0.1498576041402188, 0.3184656447956585, 0.14031606382701423, 0.3906636647665755, 0.0006970224705328545]
Games played: 196
Exploitability: P1=1.933333333 P2=0.035905024 EV: (-0.061526280776791405, 0.061526280776791405) P1 Winnings: 11.0
Choosing model 0
[0.15274368910272598, 0.33513531271250613, 0.15143499950283443, 0.360041352615529, 0.0006446460664045216]
Games played: 197
Exploitability: P1=1.900000000 P2=0.035905024 EV: (-0.0869736485799119, 0.0869736485799119) P1 Winnings: 12.0
Choosing model 1
[0.15503212904140312, 0.35119776124303975, 0.16274927878368228, 0.3304271271164563, 0.0005937038154184611]
Games played: 198
Exploitability: P1=2.800000000 P2=0.035905024 EV: (0.035905024458970876, -0.035905024458970876) P1 Winnings: 13.0
Choosing model 1
[0.17362841218360986, 0.301783387701124, 0.17838228535936324, 0.34548861480977106, 0.0007172999461317548]
Games played: 199
Exploitability: P1=2.800000000 P2=0.035905024 EV: (0.035905024458970876, -0.035905024458970876) P1 Winnings: 14.0
Choosing model 2
[0.18890111493680983, 0.2644523093702021, 0.19064394883064892, 0.35517149874001663, 0.0008311281223225101]
Games played: 200
Exploitability: P1=4.600000000 P2=0.035905024 EV: (-0.0010284382324270355, 0.0010284382324270355) P1 Winnings: 15.0
