Player 1 exploitability: 0.15225063755
Choosing model 3
[0.19999996455993568, 0.20000015696027687, 0.19999998875997724, 0.2000000345600569, 0.1999998551597532]
Games played: 1
Exploitability: P1=1.933333333 P2=0.066598623 EV: (-0.19543880645556444, 0.19543880645556444) P1 Winnings: -3
Choosing model 2
[0.2051778895009072, 0.18213367865374458, 0.20375775743818259, 0.20021844041475453, 0.20871223399241098]
Games played: 2
Exploitability: P1=4.600000000 P2=0.066598623 EV: (-0.009603438658362162, 0.009603438658362162) P1 Winnings: -6
Choosing model 4
[0.1915730008533366, 0.2350437674857837, 0.19712883136449583, 0.20783880581991085, 0.16841559447647306]
Games played: 3
Exploitability: P1=2.600000000 P2=0.066598623 EV: (-0.09090025116836008, 0.09090025116836008) P1 Winnings: -1.0
Choosing model 3
[0.18565430983964004, 0.15678534891957438, 0.13755129877639813, 0.27318384487437786, 0.2468251975900096]
Games played: 4
Exploitability: P1=1.933333333 P2=0.066598623 EV: (-0.19543880645556444, 0.19543880645556444) P1 Winnings: 6.0
Choosing model 0
[0.1925569420526453, 0.16789305577324215, 0.1510612996739421, 0.25619699542946955, 0.23229170707070068]
Games played: 5
Exploitability: P1=1.900000000 P2=0.066598623 EV: (-0.08680519699910036, 0.08680519699910036) P1 Winnings: 7.0
Choosing model 3
[0.19717939961697786, 0.15297212207250177, 0.15401604401513902, 0.25759632789876663, 0.23823610639661466]
Games played: 6
Exploitability: P1=1.933333333 P2=0.066598623 EV: (-0.19543880645556444, 0.19543880645556444) P1 Winnings: 2.0
Choosing model 3
[0.20414773685601384, 0.12436452842061814, 0.15625943633688388, 0.2501163763549822, 0.2651119220315021]
Games played: 7
Exploitability: P1=1.933333333 P2=0.066598623 EV: (-0.19543880645556444, 0.19543880645556444) P1 Winnings: -1.0
Choosing model 0
[0.2144437517066167, 0.06805418565339426, 0.15502476513941757, 0.21962081069294934, 0.3428564868076221]
Games played: 8
Exploitability: P1=1.900000000 P2=0.066598623 EV: (-0.08680519699910036, 0.08680519699910036) P1 Winnings: -4.0
Choosing model 2
[0.2151395006120893, 0.04684616912837915, 0.15037788341880748, 0.19833913970387, 0.38929730713685406]
Games played: 9
Exploitability: P1=4.600000000 P2=0.066598623 EV: (-0.009603438658362162, 0.009603438658362162) P1 Winnings: -11.0
Choosing model 1
[0.21226849423823338, 0.031078607189181474, 0.1431494439662724, 0.17501968241538987, 0.4384837721909228]
Games played: 10
Exploitability: P1=2.800000000 P2=0.066598623 EV: (-0.10803753165944302, 0.10803753165944302) P1 Winnings: -16.0
Choosing model 4
[0.2478393461389693, 0.048226803364654035, 0.22612549623791078, 0.14339860359331857, 0.33440975066514717]
Games played: 11
Exploitability: P1=2.600000000 P2=0.066598623 EV: (-0.09090025116836008, 0.09090025116836008) P1 Winnings: -11.0
Choosing model 4
[0.2474349733874283, 0.037266780837707944, 0.22092710742913677, 0.13370074800302942, 0.3606703903426976]
Games played: 12
Exploitability: P1=2.600000000 P2=0.066598623 EV: (-0.09090025116836008, 0.09090025116836008) P1 Winnings: -8.0
Choosing model 4
[0.24743499349623974, 0.03726681703384949, 0.22092715012756656, 0.13370080218789906, 0.36067023715444513]
Games played: 13
Exploitability: P1=2.600000000 P2=0.066598623 EV: (-0.09090025116836008, 0.09090025116836008) P1 Winnings: -9.0
Choosing model 0
[0.24916173616008763, 0.03339025440548059, 0.22150304800020756, 0.13219575746802706, 0.36374920396619714]
Games played: 14
Exploitability: P1=1.900000000 P2=0.066598623 EV: (-0.08680519699910036, 0.08680519699910036) P1 Winnings: -9.0
Choosing model 4
[0.26164046188681145, 0.030168351584261694, 0.25190821358043963, 0.11266713925839532, 0.34361583369009185]
Games played: 15
Exploitability: P1=2.600000000 P2=0.066598623 EV: (-0.09090025116836008, 0.09090025116836008) P1 Winnings: -6.0
Choosing model 2
[0.2688495241576189, 0.03200582731266973, 0.2740823502514031, 0.10468067309101187, 0.3203816251872963]
Games played: 16
Exploitability: P1=4.600000000 P2=0.066598623 EV: (-0.009603438658362162, 0.009603438658362162) P1 Winnings: -5.0
Choosing model 1
[0.26780746859420856, 0.025831042769262697, 0.2683146639139509, 0.09867170283368469, 0.3393751218888932]
Games played: 17
Exploitability: P1=2.800000000 P2=0.066598623 EV: (-0.10803753165944302, 0.10803753165944302) P1 Winnings: -4.0
Choosing model 4
[0.265595641792131, 0.02011598969933861, 0.2607593727448173, 0.0917720247357795, 0.3617569710279334]
Games played: 18
Exploitability: P1=2.600000000 P2=0.066598623 EV: (-0.09090025116836008, 0.09090025116836008) P1 Winnings: -4.0
Choosing model 4
[0.2655956700002041, 0.0201160097390632, 0.26075942964435744, 0.0917720642167953, 0.36175682639958007]
Games played: 19
Exploitability: P1=2.600000000 P2=0.066598623 EV: (-0.09090025116836008, 0.09090025116836008) P1 Winnings: -5.0
Choosing model 0
[0.2622248198981665, 0.015372242103458514, 0.25194252144648177, 0.08461773391571671, 0.38584268263617655]
Games played: 20
Exploitability: P1=1.900000000 P2=0.066598623 EV: (-0.08680519699910036, 0.08680519699910036) P1 Winnings: -2.0
Choosing model 0
[0.2579626797243586, 0.011704769694379386, 0.24254548751224966, 0.07773964615605199, 0.4100474169129602]
Games played: 21
Exploitability: P1=1.900000000 P2=0.066598623 EV: (-0.08680519699910036, 0.08680519699910036) P1 Winnings: -2.0
Choosing model 4
[0.2540451646757945, 0.00933934566376718, 0.23474540452331652, 0.07244518784306721, 0.42942489729405464]
Games played: 22
Exploitability: P1=2.600000000 P2=0.066598623 EV: (-0.09090025116836008, 0.09090025116836008) P1 Winnings: -3.0
Choosing model 4
[0.2568990956037754, 0.01011175514195273, 0.23937768331762765, 0.0750608056435195, 0.4185506602931248]
Games played: 23
Exploitability: P1=2.600000000 P2=0.066598623 EV: (-0.09090025116836008, 0.09090025116836008) P1 Winnings: -4.0
Choosing model 4
[0.2652657386294983, 0.010779987116854881, 0.2617198251814938, 0.07008041759394905, 0.392154031478204]
Games played: 24
Exploitability: P1=2.600000000 P2=0.066598623 EV: (-0.09090025116836008, 0.09090025116836008) P1 Winnings: -3.0
Choosing model 0
[0.27270574076278553, 0.011442066657542646, 0.2848945346127303, 0.06514403797754169, 0.3658136199893999]
Games played: 25
Exploitability: P1=1.900000000 P2=0.066598623 EV: (-0.08680519699910036, 0.08680519699910036) P1 Winnings: -2.0
Choosing model 2
[0.28047654071138794, 0.016265272992967646, 0.3036117760675329, 0.0744896191385546, 0.3251567910895568]
Games played: 26
Exploitability: P1=4.600000000 P2=0.066598623 EV: (-0.009603438658362162, 0.009603438658362162) P1 Winnings: -2.0
Choosing model 0
[0.27092736724008576, 0.009420288532830714, 0.27930985739247677, 0.0619274854661029, 0.378415001368504]
Games played: 27
Exploitability: P1=1.900000000 P2=0.066598623 EV: (-0.08680519699910036, 0.08680519699910036) P1 Winnings: -7.0
Choosing model 2
[0.27274263735148085, 0.008821975041899379, 0.28118749851515573, 0.062039295165244666, 0.3752085939262193]
Games played: 28
Exploitability: P1=4.600000000 P2=0.066598623 EV: (-0.009603438658362162, 0.009603438658362162) P1 Winnings: -10.0
Choosing model 4
[0.2623331859502505, 0.007815575975035217, 0.21488770764186413, 0.07965443695650597, 0.4353090934763442]
Games played: 29
Exploitability: P1=2.600000000 P2=0.066598623 EV: (-0.09090025116836008, 0.09090025116836008) P1 Winnings: -23.0
Choosing model 0
[0.2718615459984838, 0.00836235595195664, 0.23579820689210734, 0.07463961575166941, 0.40933827540578277]
Games played: 30
Exploitability: P1=1.900000000 P2=0.066598623 EV: (-0.08680519699910036, 0.08680519699910036) P1 Winnings: -22.0
Choosing model 4
[0.2747156321978272, 0.009047377117683532, 0.24027633958438496, 0.07727820433429054, 0.39868244676581377]
Games played: 31
Exploitability: P1=2.600000000 P2=0.066598623 EV: (-0.09090025116836008, 0.09090025116836008) P1 Winnings: -23.0
Choosing model 2
[0.2749303624986672, 0.007896944798757884, 0.23893653282260588, 0.07547205439229455, 0.40276410548767455]
Games played: 32
Exploitability: P1=4.600000000 P2=0.066598623 EV: (-0.009603438658362162, 0.009603438658362162) P1 Winnings: -23.0
Choosing model 4
[0.25999745513356476, 0.0044776671096905885, 0.2151990111459273, 0.0614276423640047, 0.4588982242468127]
Games played: 33
Exploitability: P1=2.600000000 P2=0.066598623 EV: (-0.09090025116836008, 0.09090025116836008) P1 Winnings: -23.0
Choosing model 4
[0.27251730620216474, 0.006486813540927601, 0.2337208699658212, 0.07158263058551674, 0.41569237970556966]
Games played: 34
Exploitability: P1=2.600000000 P2=0.066598623 EV: (-0.09090025116836008, 0.09090025116836008) P1 Winnings: -18.0
Choosing model 4
[0.28134978794810117, 0.006914440302163563, 0.2554961590347475, 0.06682285597777422, 0.3894167567372135]
Games played: 35
Exploitability: P1=2.600000000 P2=0.066598623 EV: (-0.09090025116836008, 0.09090025116836008) P1 Winnings: -17.0
Choosing model 0
[0.2892189451424577, 0.007338550530106973, 0.2780986610262268, 0.062111219037443884, 0.3632326242637645]
Games played: 36
Exploitability: P1=1.900000000 P2=0.066598623 EV: (-0.08680519699910036, 0.08680519699910036) P1 Winnings: -16.0
Choosing model 0
[0.28425841570732124, 0.005582637847025823, 0.2674817370883505, 0.057010484447972416, 0.3856667249093301]
Games played: 37
Exploitability: P1=1.900000000 P2=0.066598623 EV: (-0.08680519699910036, 0.08680519699910036) P1 Winnings: -16.0
Choosing model 0
[0.2870999121523404, 0.006036950242667117, 0.27242613730252835, 0.05899653331779976, 0.3754404669846643]
Games played: 38
Exploitability: P1=1.900000000 P2=0.066598623 EV: (-0.08680519699910036, 0.08680519699910036) P1 Winnings: -11.0
Choosing model 0
[0.2934563963234076, 0.007409043976917472, 0.28446130043981244, 0.06420528989959003, 0.3504679693602725]
Games played: 39
Exploitability: P1=1.900000000 P2=0.066598623 EV: (-0.08680519699910036, 0.08680519699910036) P1 Winnings: -11.0
Choosing model 4
[0.309970459841416, 0.011443214754757713, 0.38204574894209886, 0.054481678864053064, 0.2420588975976745]
Games played: 40
Exploitability: P1=2.600000000 P2=0.066598623 EV: (-0.09090025116836008, 0.09090025116836008) P1 Winnings: -6.0
Choosing model 0
[0.31307151789873333, 0.015590872514688136, 0.3996891061536437, 0.06089719059855246, 0.21075131283438225]
Games played: 41
Exploitability: P1=1.900000000 P2=0.066598623 EV: (-0.08680519699910036, 0.08680519699910036) P1 Winnings: 1.0
Choosing model 2
[0.31387482531436195, 0.019151721101777597, 0.4102371158907848, 0.06542731117830089, 0.1913090265147747]
Games played: 42
Exploitability: P1=4.600000000 P2=0.066598623 EV: (-0.009603438658362162, 0.009603438658362162) P1 Winnings: -4.0
Choosing model 4
[0.31404371201633824, 0.012884379527914085, 0.3960124895243881, 0.05854715204109668, 0.2185122668902629]
Games played: 43
Exploitability: P1=2.600000000 P2=0.066598623 EV: (-0.09090025116836008, 0.09090025116836008) P1 Winnings: -9.0
Choosing model 2
[0.31332592625649, 0.009949753291946554, 0.38665511236291855, 0.05455192611407244, 0.2355172819745724]
Games played: 44
Exploitability: P1=4.600000000 P2=0.066598623 EV: (-0.009603438658362162, 0.009603438658362162) P1 Winnings: -6.0
Choosing model 0
[0.31457215375440767, 0.01031357824878483, 0.41103809770612254, 0.04952208337876147, 0.21455408691192354]
Games played: 45
Exploitability: P1=1.900000000 P2=0.066598623 EV: (-0.08680519699910036, 0.08680519699910036) P1 Winnings: -5.0
Choosing model 2
[0.31460093529003796, 0.010649328243545891, 0.43526744608564505, 0.044782003016160615, 0.19470028736461048]
Games played: 46
Exploitability: P1=4.600000000 P2=0.066598623 EV: (-0.009603438658362162, 0.009603438658362162) P1 Winnings: -4.0
Choosing model 2
[0.30883776360072507, 0.014443712242088663, 0.49926719417182586, 0.03912240683297031, 0.13832892315239015]
Games played: 47
Exploitability: P1=4.600000000 P2=0.066598623 EV: (-0.009603438658362162, 0.009603438658362162) P1 Winnings: 5.0
Choosing model 0
[0.3088377501767957, 0.014443760347622545, 0.49926738416099053, 0.03912245321415046, 0.1383286521004408]
Games played: 48
Exploitability: P1=1.900000000 P2=0.066598623 EV: (-0.08680519699910036, 0.08680519699910036) P1 Winnings: -4.0
Choosing model 0
[0.31028905000657764, 0.011757522329417411, 0.4929685254133614, 0.037194168478520105, 0.14779073377212343]
Games played: 49
Exploitability: P1=1.900000000 P2=0.066598623 EV: (-0.08680519699910036, 0.08680519699910036) P1 Winnings: -3.0
Choosing model 2
[0.3093454467252996, 0.014362087014672682, 0.5031485016869193, 0.03973754404360377, 0.13340642052950477]
Games played: 50
Exploitability: P1=4.600000000 P2=0.066598623 EV: (-0.009603438658362162, 0.009603438658362162) P1 Winnings: -8.0
Choosing model 2
[0.3060445332600066, 0.01999213773512322, 0.516882750170775, 0.043985392727371384, 0.11309518610672392]
Games played: 51
Exploitability: P1=4.600000000 P2=0.066598623 EV: (-0.009603438658362162, 0.009603438658362162) P1 Winnings: -3.0
Choosing model 2
[0.3047996610094142, 0.021242725217311766, 0.521827022381951, 0.044236806722440916, 0.10789378466888225]
Games played: 52
Exploitability: P1=4.600000000 P2=0.066598623 EV: (-0.009603438658362162, 0.009603438658362162) P1 Winnings: 2.0
Choosing model 2
[0.277547933721535, 0.01740934211916861, 0.6043707238403161, 0.026209560508607427, 0.07446243981037294]
Games played: 53
Exploitability: P1=4.600000000 P2=0.066598623 EV: (-0.009603438658362162, 0.009603438658362162) P1 Winnings: 5.0
Choosing model 0
[0.2804667747188605, 0.014253622425016077, 0.6002010720815963, 0.025062008030920242, 0.08001652274360682]
Games played: 54
Exploitability: P1=1.900000000 P2=0.066598623 EV: (-0.08680519699910036, 0.08680519699910036) P1 Winnings: 6.0
Choosing model 2
[0.2794117903389927, 0.015203620161021706, 0.6029690116374662, 0.025581806472430045, 0.07683377139008932]
Games played: 55
Exploitability: P1=4.600000000 P2=0.066598623 EV: (-0.009603438658362162, 0.009603438658362162) P1 Winnings: 5.0
Choosing model 2
[0.2739199090877661, 0.02060063550818138, 0.6125000310270682, 0.027882319553204866, 0.0650971048237795]
Games played: 56
Exploitability: P1=4.600000000 P2=0.066598623 EV: (-0.009603438658362162, 0.009603438658362162) P1 Winnings: 10.0
Choosing model 2
[0.2719358333171768, 0.021819490281740486, 0.6163872231690593, 0.027952276419460458, 0.06190517681256311]
Games played: 57
Exploitability: P1=4.600000000 P2=0.066598623 EV: (-0.009603438658362162, 0.009603438658362162) P1 Winnings: 15.0
Choosing model 0
[0.26425798373303916, 0.030677346090518403, 0.6232879579745568, 0.03059937170508235, 0.05117734049680321]
Games played: 58
Exploitability: P1=1.900000000 P2=0.066598623 EV: (-0.08680519699910036, 0.08680519699910036) P1 Winnings: 6.0
Choosing model 2
[0.25980584297447196, 0.03621367825142087, 0.6259987000824332, 0.03203074972905822, 0.045951028962615895]
Games played: 59
Exploitability: P1=4.600000000 P2=0.066598623 EV: (-0.009603438658362162, 0.009603438658362162) P1 Winnings: 6.0
Choosing model 2
[0.29233514201250355, 0.037531827946677546, 0.5596556722487194, 0.0481107508432618, 0.0623666069488377]
Games played: 60
Exploitability: P1=4.600000000 P2=0.066598623 EV: (-0.009603438658362162, 0.009603438658362162) P1 Winnings: 19.0
Choosing model 2
[0.2905092596550675, 0.03993347619565634, 0.5608345692077986, 0.048986130025820016, 0.05973656491565746]
Games played: 61
Exploitability: P1=4.600000000 P2=0.066598623 EV: (-0.009603438658362162, 0.009603438658362162) P1 Winnings: 6.0
Choosing model 2
[0.29935132765309674, 0.027668168278756698, 0.5575660205067926, 0.04514476776718941, 0.0702697157941644]
Games played: 62
Exploitability: P1=4.600000000 P2=0.066598623 EV: (-0.009603438658362162, 0.009603438658362162) P1 Winnings: 1.0
Choosing model 0
[0.29935125263332096, 0.027668254697773845, 0.5575661171854644, 0.0451448119367381, 0.07026956354670263]
Games played: 63
Exploitability: P1=1.900000000 P2=0.066598623 EV: (-0.08680519699910036, 0.08680519699910036) P1 Winnings: -8.0
Choosing model 0
[0.291517804538302, 0.023183236392718336, 0.5880570237907551, 0.035681905919834736, 0.06156002935838981]
Games played: 64
Exploitability: P1=1.900000000 P2=0.066598623 EV: (-0.08680519699910036, 0.08680519699910036) P1 Winnings: -5.0
Choosing model 2
[0.2952225192220005, 0.01902207913982328, 0.5852665256871975, 0.034193642826770336, 0.06629523312420856]
Games played: 65
Exploitability: P1=4.600000000 P2=0.066598623 EV: (-0.009603438658362162, 0.009603438658362162) P1 Winnings: -6.0
Choosing model 2
[0.3204819148274708, 0.01089236409757331, 0.5361242310466232, 0.03514977763523208, 0.09735171239310075]
Games played: 66
Exploitability: P1=4.600000000 P2=0.066598623 EV: (-0.009603438658362162, 0.009603438658362162) P1 Winnings: -6.0
Choosing model 3
[0.30878618220766224, 0.012394186378837997, 0.5722053549804671, 0.03043597758109814, 0.07617829885193447]
Games played: 67
Exploitability: P1=1.933333333 P2=0.066598623 EV: (-0.19543880645556444, 0.19543880645556444) P1 Winnings: -1.0
Choosing model 0
[0.30151800991519195, 0.01249529559854203, 0.5916184298280959, 0.026872466477515806, 0.06749579818065427]
Games played: 68
Exploitability: P1=1.900000000 P2=0.066598623 EV: (-0.08680519699910036, 0.08680519699910036) P1 Winnings: 0.0
Choosing model 0
[0.30317111846539774, 0.010110374938957306, 0.5905332334265756, 0.024867937145641106, 0.07131733602342806]
Games played: 69
Exploitability: P1=1.900000000 P2=0.066598623 EV: (-0.08680519699910036, 0.08680519699910036) P1 Winnings: 1.0
Choosing model 0
[0.30649211931344056, 0.007911181001190083, 0.5842308330646645, 0.023478445130191893, 0.07788742149051284]
Games played: 70
Exploitability: P1=1.900000000 P2=0.066598623 EV: (-0.08680519699910036, 0.08680519699910036) P1 Winnings: 1.0
Choosing model 2
[0.3055049557845047, 0.008443036771865704, 0.5872436509108844, 0.023978406182099937, 0.07482995035064524]
Games played: 71
Exploitability: P1=4.600000000 P2=0.066598623 EV: (-0.009603438658362162, 0.009603438658362162) P1 Winnings: 6.0
Choosing model 2
[0.31825128672271924, 0.007792943787060533, 0.5628002794162412, 0.026292797488856424, 0.08486269258512258]
Games played: 72
Exploitability: P1=4.600000000 P2=0.066598623 EV: (-0.009603438658362162, 0.009603438658362162) P1 Winnings: -3.0
Choosing model 2
[0.3541517943154799, 0.006827647696158503, 0.47175297203245453, 0.0394418861807207, 0.12782569977518635]
Games played: 73
Exploitability: P1=4.600000000 P2=0.066598623 EV: (-0.009603438658362162, 0.009603438658362162) P1 Winnings: -3.0
Choosing model 2
[0.355199090785794, 0.005281293336438258, 0.4654822904068386, 0.0364045283745997, 0.13763279709632942]
Games played: 74
Exploitability: P1=4.600000000 P2=0.066598623 EV: (-0.009603438658362162, 0.009603438658362162) P1 Winnings: 0.0
Choosing model 2
[0.356441588554387, 0.003175925458723494, 0.44735175648580505, 0.031864388422499175, 0.1611663410785853]
Games played: 75
Exploitability: P1=4.600000000 P2=0.066598623 EV: (-0.009603438658362162, 0.009603438658362162) P1 Winnings: 3.0
Choosing model 0
[0.35677111473560114, 0.004393659400800664, 0.4639623081829844, 0.035458941405538985, 0.13941397627507487]
Games played: 76
Exploitability: P1=1.900000000 P2=0.066598623 EV: (-0.08680519699910036, 0.08680519699910036) P1 Winnings: -6.0
Choosing model 2
[0.35540056700537237, 0.00615822569362196, 0.4799169491289117, 0.03952034711091273, 0.11900391106118127]
Games played: 77
Exploitability: P1=4.600000000 P2=0.066598623 EV: (-0.009603438658362162, 0.009603438658362162) P1 Winnings: -1.0
Choosing model 0
[0.3586175126384704, 0.00711178503392058, 0.47773074256713416, 0.04347268239910867, 0.11306727736136625]
Games played: 78
Exploitability: P1=1.900000000 P2=0.066598623 EV: (-0.08680519699910036, 0.08680519699910036) P1 Winnings: -1.0
Choosing model 0
[0.3604320802637755, 0.005707952020745025, 0.47124856404041976, 0.04117477556274704, 0.1214366281123126]
Games played: 79
Exploitability: P1=1.900000000 P2=0.066598623 EV: (-0.08680519699910036, 0.08680519699910036) P1 Winnings: -1.0
Choosing model 2
[0.38353051354254525, 0.004781972554863584, 0.37771791667767507, 0.05906215988310386, 0.17490743734181227]
Games played: 80
Exploitability: P1=4.600000000 P2=0.066598623 EV: (-0.009603438658362162, 0.009603438658362162) P1 Winnings: 8.0
Choosing model 0
[0.38333918644599263, 0.0038724863657604884, 0.37102290967746354, 0.05586059400843127, 0.18590482350235213]
Games played: 81
Exploitability: P1=1.900000000 P2=0.066598623 EV: (-0.08680519699910036, 0.08680519699910036) P1 Winnings: 7.0
Choosing model 1
[0.38493714241925603, 0.005471385080022205, 0.38686753374762395, 0.06275938861313307, 0.15996455013996477]
Games played: 82
Exploitability: P1=2.800000000 P2=0.066598623 EV: (-0.10803753165944302, 0.10803753165944302) P1 Winnings: 12.0
Choosing model 0
[0.38511252832300363, 0.005840045809963078, 0.3923419866284587, 0.06340477641203363, 0.1533006628265408]
Games played: 83
Exploitability: P1=1.900000000 P2=0.066598623 EV: (-0.08680519699910036, 0.08680519699910036) P1 Winnings: 17.0
Choosing model 2
[0.3851125313604095, 0.0058400510536751995, 0.39234203366527554, 0.06340479745530023, 0.1533005864653395]
Games played: 84
Exploitability: P1=4.600000000 P2=0.066598623 EV: (-0.009603438658362162, 0.009603438658362162) P1 Winnings: 16.0
Choosing model 0
[0.3856806026829248, 0.004510696198148209, 0.3865548300550425, 0.05843561253341069, 0.16481825853047374]
Games played: 85
Exploitability: P1=1.900000000 P2=0.066598623 EV: (-0.08680519699910036, 0.08680519699910036) P1 Winnings: 19.0
Choosing model 0
[0.38604864559761065, 0.004834107020945995, 0.39017573044891896, 0.059929944913232294, 0.15901157201929195]
Games played: 86
Exploitability: P1=1.900000000 P2=0.066598623 EV: (-0.08680519699910036, 0.08680519699910036) P1 Winnings: 10.0
Choosing model 0
[0.3850282870003574, 0.0049778290384019765, 0.4120455542579839, 0.054045477309871665, 0.14390285239338513]
Games played: 87
Exploitability: P1=1.900000000 P2=0.066598623 EV: (-0.08680519699910036, 0.08680519699910036) P1 Winnings: 11.0
Choosing model 0
[0.3860977153088855, 0.004643506227471465, 0.4131991443120591, 0.0539320838916416, 0.14212755025994228]
Games played: 88
Exploitability: P1=1.900000000 P2=0.066598623 EV: (-0.08680519699910036, 0.08680519699910036) P1 Winnings: 8.0
Choosing model 2
[0.38668259647024905, 0.00444044835487791, 0.41354661853533303, 0.0537608860799698, 0.14156945055957015]
Games played: 89
Exploitability: P1=4.600000000 P2=0.066598623 EV: (-0.009603438658362162, 0.009603438658362162) P1 Winnings: 7.0
Choosing model 3
[0.3874119075277455, 0.003604496688495292, 0.4071859080299553, 0.05096798467482344, 0.15082970307898041]
Games played: 90
Exploitability: P1=1.933333333 P2=0.066598623 EV: (-0.19543880645556444, 0.19543880645556444) P1 Winnings: 8.0
Choosing model 2
[0.3884855271655714, 0.0033623891117178246, 0.4083233393952141, 0.050860730139167955, 0.14896801418832872]
Games played: 91
Exploitability: P1=4.600000000 P2=0.066598623 EV: (-0.009603438658362162, 0.009603438658362162) P1 Winnings: 5.0
Choosing model 0
[0.3885253097604459, 0.002706067347697774, 0.4053934774509579, 0.04681496737801745, 0.15656017806288108]
Games played: 92
Exploitability: P1=1.900000000 P2=0.066598623 EV: (-0.08680519699910036, 0.08680519699910036) P1 Winnings: 6.0
Choosing model 0
[0.38887912733925895, 0.0028999621630731976, 0.4091730150405578, 0.04801004093588747, 0.15103785452122276]
Games played: 93
Exploitability: P1=1.900000000 P2=0.066598623 EV: (-0.08680519699910036, 0.08680519699910036) P1 Winnings: 11.0
Choosing model 2
[0.3891147002484556, 0.0023510117776695885, 0.4023647397167426, 0.04545773424845817, 0.16071181400867401]
Games played: 94
Exploitability: P1=4.600000000 P2=0.066598623 EV: (-0.009603438658362162, 0.009603438658362162) P1 Winnings: 12.0
Choosing model 2
[0.38911472885675974, 0.0023510198828763013, 0.40236493990268646, 0.045457793458414934, 0.1607115178992624]
Games played: 95
Exploitability: P1=4.600000000 P2=0.066598623 EV: (-0.009603438658362162, 0.009603438658362162) P1 Winnings: 3.0
Choosing model 4
[0.38794281314626905, 0.0015760443158129099, 0.3870352193670165, 0.04053325444606656, 0.1829126687248349]
Games played: 96
Exploitability: P1=2.600000000 P2=0.066598623 EV: (-0.09090025116836008, 0.09090025116836008) P1 Winnings: -2.0
Choosing model 0
[0.3888181028821292, 0.0016912415666071976, 0.39116876713699517, 0.041623852863646636, 0.1766980355506217]
Games played: 97
Exploitability: P1=1.900000000 P2=0.066598623 EV: (-0.08680519699910036, 0.08680519699910036) P1 Winnings: -3.0
Choosing model 4
[0.38798998668825974, 0.0013476882225307003, 0.3831008517674591, 0.03914165421387205, 0.18841981910787828]
Games played: 98
Exploitability: P1=2.600000000 P2=0.066598623 EV: (-0.09090025116836008, 0.09090025116836008) P1 Winnings: -3.0
Choosing model 2
[0.3889755241388711, 0.001446603938557487, 0.3873020477963522, 0.04020619454882523, 0.182069629577394]
Games played: 99
Exploitability: P1=4.600000000 P2=0.066598623 EV: (-0.009603438658362162, 0.009603438658362162) P1 Winnings: -4.0
Choosing model 0
[0.38815072766381614, 0.0014903932848153475, 0.4092251342522093, 0.03627738499373437, 0.16485635980542487]
Games played: 100
Exploitability: P1=1.900000000 P2=0.066598623 EV: (-0.08680519699910036, 0.08680519699910036) P1 Winnings: -3.0
Choosing model 2
[0.3683148795613914, 0.0011189769095987542, 0.48187007081061534, 0.02173135166715716, 0.12696472105123727]
Games played: 101
Exploitability: P1=4.600000000 P2=0.066598623 EV: (-0.009603438658362162, 0.009603438658362162) P1 Winnings: -2.0
Choosing model 0
[0.3630316043894746, 0.001138726447521714, 0.5029091070394576, 0.01936764360223605, 0.11355291852130991]
Games played: 102
Exploitability: P1=1.900000000 P2=0.066598623 EV: (-0.08680519699910036, 0.08680519699910036) P1 Winnings: -1.0
Choosing model 2
[0.35364367354660525, 0.0009544411595315556, 0.5305789562599612, 0.015312793779627156, 0.0995101352542748]
Games played: 103
Exploitability: P1=4.600000000 P2=0.066598623 EV: (-0.009603438658362162, 0.009603438658362162) P1 Winnings: 2.0
Choosing model 3
[0.3559625476666053, 0.0006459659931575304, 0.515262752168279, 0.013784973333351712, 0.11434376083860638]
Games played: 104
Exploitability: P1=1.933333333 P2=0.066598623 EV: (-0.19543880645556444, 0.19543880645556444) P1 Winnings: -3.0
Choosing model 0
[0.32911521960127654, 0.0009956416529034262, 0.5905184370620756, 0.011278617589933078, 0.06809208409381129]
Games played: 105
Exploitability: P1=1.900000000 P2=0.066598623 EV: (-0.08680519699910036, 0.08680519699910036) P1 Winnings: 2.0
Choosing model 0
[0.3281801063377979, 0.001062981703765355, 0.593789698186911, 0.011523176093667703, 0.06544403767785807]
Games played: 106
Exploitability: P1=1.900000000 P2=0.066598623 EV: (-0.08680519699910036, 0.08680519699910036) P1 Winnings: -7.0
Choosing model 2
[0.33097683221408575, 0.000829762313956132, 0.5860391718031975, 0.010853145548476478, 0.07130108812028402]
Games played: 107
Exploitability: P1=4.600000000 P2=0.066598623 EV: (-0.009603438658362162, 0.009603438658362162) P1 Winnings: -7.0
Choosing model 2
[0.3358834450160142, 0.0005046127222560738, 0.5695700035159369, 0.009606833955249203, 0.08443510479054371]
Games played: 108
Exploitability: P1=4.600000000 P2=0.066598623 EV: (-0.009603438658362162, 0.009603438658362162) P1 Winnings: -4.0
Choosing model 0
[0.33521078064257676, 0.0005391952039201805, 0.5732068860438054, 0.009823397209198417, 0.08121974090049924]
Games played: 109
Exploitability: P1=1.900000000 P2=0.066598623 EV: (-0.08680519699910036, 0.08680519699910036) P1 Winnings: -17.0
Choosing model 4
[0.33936623202872096, 0.00032729787333001605, 0.5526795107333572, 0.00855940768086849, 0.09906755168372341]
Games played: 110
Exploitability: P1=2.600000000 P2=0.066598623 EV: (-0.09090025116836008, 0.09090025116836008) P1 Winnings: -22.0
Choosing model 2
[0.3393662269937149, 0.00032729815976975435, 0.5526795644337588, 0.00855941032713052, 0.09906750008562615]
Games played: 111
Exploitability: P1=4.600000000 P2=0.066598623 EV: (-0.009603438658362162, 0.009603438658362162) P1 Winnings: -23.0
Choosing model 0
[0.33188543246413055, 0.0003304731998630233, 0.5723047538785226, 0.007568821981573127, 0.08791051847591061]
Games played: 112
Exploitability: P1=1.900000000 P2=0.066598623 EV: (-0.08680519699910036, 0.08680519699910036) P1 Winnings: -22.0
Choosing model 0
[0.3335794848201068, 0.00026525106580374064, 0.5645642875428906, 0.007169061268204442, 0.09442191530299444]
Games played: 113
Exploitability: P1=1.900000000 P2=0.066598623 EV: (-0.08680519699910036, 0.08680519699910036) P1 Winnings: -22.0
Choosing model 0
[0.33501464373177287, 0.00021456550428564295, 0.5569746556456696, 0.00680326502094234, 0.10099287009732964]
Games played: 114
Exploitability: P1=1.900000000 P2=0.066598623 EV: (-0.08680519699910036, 0.08680519699910036) P1 Winnings: -22.0
Choosing model 0
[0.337990676038749, 0.00011276915286578109, 0.530716224373193, 0.005737475627107455, 0.12544285480808484]
Games played: 115
Exploitability: P1=1.900000000 P2=0.066598623 EV: (-0.08680519699910036, 0.08680519699910036) P1 Winnings: -25.0
Choosing model 2
[0.33796538813429783, 0.00012073029905024625, 0.5351367644835378, 0.005878146365446597, 0.12089897071766757]
Games played: 116
Exploitability: P1=4.600000000 P2=0.066598623 EV: (-0.009603438658362162, 0.009603438658362162) P1 Winnings: -26.0
Choosing model 2
[0.3379653871585017, 0.00012073070604787257, 0.535136989837526, 0.005878153572752317, 0.12089873872517216]
Games played: 117
Exploitability: P1=4.600000000 P2=0.066598623 EV: (-0.009603438658362162, 0.009603438658362162) P1 Winnings: -35.0
Choosing model 2
[0.32673777858550745, 0.00013784353744913892, 0.5730918727898521, 0.005107147472755506, 0.09492535761443578]
Games played: 118
Exploitability: P1=4.600000000 P2=0.066598623 EV: (-0.009603438658362162, 0.009603438658362162) P1 Winnings: -30.0
Choosing model 2
[0.3254657012112455, 0.0001464918380933965, 0.5786751036367259, 0.005137238355818157, 0.09057546495811714]
Games played: 119
Exploitability: P1=4.600000000 P2=0.066598623 EV: (-0.009603438658362162, 0.009603438658362162) P1 Winnings: -25.0
Choosing model 2
[0.32227013962007794, 0.0002040934424741486, 0.5949830509307144, 0.005691295158464162, 0.07685142084826951]
Games played: 120
Exploitability: P1=4.600000000 P2=0.066598623 EV: (-0.009603438658362162, 0.009603438658362162) P1 Winnings: -25.0
Choosing model 2
[0.335877953803991, 0.0001884696555131481, 0.5704926999963696, 0.006243629386078282, 0.08719724715804808]
Games played: 121
Exploitability: P1=4.600000000 P2=0.066598623 EV: (-0.009603438658362162, 0.009603438658362162) P1 Winnings: -34.0
Choosing model 4
[0.3221249509678396, 0.000251325091824736, 0.6054145146228903, 0.0057790143541981785, 0.06643019496324706]
Games played: 122
Exploitability: P1=2.600000000 P2=0.066598623 EV: (-0.09090025116836008, 0.09090025116836008) P1 Winnings: -29.0
Choosing model 2
[0.3274055407881352, 0.00015315952045732807, 0.5860381097181245, 0.00505529705383164, 0.0813478929194513]
Games played: 123
Exploitability: P1=4.600000000 P2=0.066598623 EV: (-0.009603438658362162, 0.009603438658362162) P1 Winnings: -28.0
Choosing model 2
[0.31896116082020887, 0.0001540525488366508, 0.6045218654499886, 0.004453109073795601, 0.07190981210717022]
Games played: 124
Exploitability: P1=4.600000000 P2=0.066598623 EV: (-0.009603438658362162, 0.009603438658362162) P1 Winnings: -27.0
Choosing model 2
[0.3205303801515654, 0.0001193952559992369, 0.597653583719056, 0.004118224925759597, 0.07757841594761988]
Games played: 125
Exploitability: P1=4.600000000 P2=0.066598623 EV: (-0.009603438658362162, 0.009603438658362162) P1 Winnings: -24.0
Choosing model 0
[0.3119225651383446, 0.00011996036487707308, 0.6158309331150047, 0.003623702471016825, 0.06850283891075698]
Games played: 126
Exploitability: P1=1.900000000 P2=0.066598623 EV: (-0.08680519699910036, 0.08680519699910036) P1 Winnings: -23.0
Choosing model 0
[0.3123315771134747, 9.66613903301763e-05, 0.612151166149885, 0.003339483453017167, 0.07208111189329312]
Games played: 127
Exploitability: P1=1.900000000 P2=0.066598623 EV: (-0.08680519699910036, 0.08680519699910036) P1 Winnings: -22.0
Choosing model 2
[0.3143222760234806, 7.835209456567018e-05, 0.6051673952704285, 0.0031756249278598425, 0.07725635168366538]
Games played: 128
Exploitability: P1=4.600000000 P2=0.066598623 EV: (-0.009603438658362162, 0.009603438658362162) P1 Winnings: -22.0
Choosing model 2
[0.3279010161477615, 7.24217753568898e-05, 0.580800777534745, 0.0034870757323821546, 0.08773870880975437]
Games played: 129
Exploitability: P1=4.600000000 P2=0.066598623 EV: (-0.009603438658362162, 0.009603438658362162) P1 Winnings: -31.0
Choosing model 0
[0.3196782130046149, 7.289748668429316e-05, 0.5995588832805923, 0.003073948095498309, 0.07761605813261026]
Games played: 130
Exploitability: P1=1.900000000 P2=0.066598623 EV: (-0.08680519699910036, 0.08680519699910036) P1 Winnings: -30.0
Choosing model 2
[0.31894016335105957, 7.786946230632512e-05, 0.6032022146568136, 0.0031422790161415733, 0.07463747351367882]
Games played: 131
Exploitability: P1=4.600000000 P2=0.066598623 EV: (-0.009603438658362162, 0.009603438658362162) P1 Winnings: -39.0
Choosing model 2
[0.3173056066561852, 8.265266330633905e-05, 0.6083256569513636, 0.0031568847052712195, 0.07112919902387357]
Games played: 132
Exploitability: P1=4.600000000 P2=0.066598623 EV: (-0.009603438658362162, 0.009603438658362162) P1 Winnings: -34.0
Choosing model 2
[0.30838937072267725, 8.293762964875315e-05, 0.6260257039088402, 0.002774247798317044, 0.06272773994051688]
Games played: 133
Exploitability: P1=4.600000000 P2=0.066598623 EV: (-0.009603438658362162, 0.009603438658362162) P1 Winnings: -33.0
Choosing model 0
[0.30888437582284045, 6.684890816977928e-05, 0.6224676510355449, 0.0025574046685543613, 0.06602371956489048]
Games played: 134
Exploitability: P1=1.900000000 P2=0.066598623 EV: (-0.08680519699910036, 0.08680519699910036) P1 Winnings: -32.0
Choosing model 0
[0.3091931045435487, 6.22486071273032e-05, 0.6231035585954365, 0.002547513901372525, 0.06509357435251506]
Games played: 135
Exploitability: P1=1.900000000 P2=0.066598623 EV: (-0.08680519699910036, 0.08680519699910036) P1 Winnings: -35.0
Choosing model 0
[0.3045289310763075, 8.742791441689262e-05, 0.6377602964543994, 0.0028148735597402176, 0.05480847099513616]
Games played: 136
Exploitability: P1=1.900000000 P2=0.066598623 EV: (-0.08680519699910036, 0.08680519699910036) P1 Winnings: -35.0
Choosing model 0
[0.2994379539135645, 0.00012095649403905925, 0.6511645124507014, 0.0030967327961445336, 0.04617984434555053]
Games played: 137
Exploitability: P1=1.900000000 P2=0.066598623 EV: (-0.08680519699910036, 0.08680519699910036) P1 Winnings: -30.0
Choosing model 0
[0.306182763152028, 7.415652835052995e-05, 0.6341265503976488, 0.0027252660614852865, 0.05689126386048749]
Games played: 138
Exploitability: P1=1.900000000 P2=0.066598623 EV: (-0.08680519699910036, 0.08680519699910036) P1 Winnings: -29.0
Choosing model 0
[0.31315903453839733, 4.055505745638181e-05, 0.6121307933894596, 0.002330420137149943, 0.07233919687753673]
Games played: 139
Exploitability: P1=1.900000000 P2=0.066598623 EV: (-0.08680519699910036, 0.08680519699910036) P1 Winnings: -30.0
Choosing model 2
[0.3123500725731833, 4.330919377481225e-05, 0.6156810721808229, 0.0023815676538074407, 0.06954397839841144]
Games played: 140
Exploitability: P1=4.600000000 P2=0.066598623 EV: (-0.009603438658362162, 0.009603438658362162) P1 Winnings: -25.0
Choosing model 2
[0.28808024266158827, 5.518717796903337e-05, 0.663489598733069, 0.0019547285077395823, 0.04642024291963415]
Games played: 141
Exploitability: P1=4.600000000 P2=0.066598623 EV: (-0.009603438658362162, 0.009603438658362162) P1 Winnings: -16.0
Choosing model 4
[0.29117898592109676, 4.279856915761655e-05, 0.6563178899724625, 0.0018445565110779389, 0.05061576902620504]
Games played: 142
Exploitability: P1=2.600000000 P2=0.066598623 EV: (-0.09090025116836008, 0.09090025116836008) P1 Winnings: -15.0
Choosing model 2
[0.298611830739358, 2.3468625476710247e-05, 0.6352509249929101, 0.0015815395433120484, 0.06453223609894312]
Games played: 143
Exploitability: P1=4.600000000 P2=0.066598623 EV: (-0.009603438658362162, 0.009603438658362162) P1 Winnings: -15.0
Choosing model 2
[0.3003168305007847, 1.8203173290985828e-05, 0.6285272141067599, 0.0014637538536439103, 0.0696739983655205]
Games played: 144
Exploitability: P1=4.600000000 P2=0.066598623 EV: (-0.009603438658362162, 0.009603438658362162) P1 Winnings: -12.0
Choosing model 4
[0.27641619834345105, 2.3148195730419617e-05, 0.6759496664992296, 0.0011989567854694821, 0.046412030176119404]
Games played: 145
Exploitability: P1=2.600000000 P2=0.066598623 EV: (-0.09090025116836008, 0.09090025116836008) P1 Winnings: -3.0
Choosing model 2
[0.2764161826306999, 2.3148216683177585e-05, 0.6759497098652429, 0.0011989571369509897, 0.04641200215042307]
Games played: 146
Exploitability: P1=4.600000000 P2=0.066598623 EV: (-0.009603438658362162, 0.009603438658362162) P1 Winnings: -6.0
Choosing model 2
[0.22617825783633783, 2.517370520692849e-05, 0.7483020372336876, 0.000688437251560468, 0.02480609397320716]
Games played: 147
Exploitability: P1=4.600000000 P2=0.066598623 EV: (-0.009603438658362162, 0.009603438658362162) P1 Winnings: -1.0
Choosing model 2
[0.2171294264928313, 2.495100738825586e-05, 0.7606399559525973, 0.0005975813939936885, 0.021608085153189474]
Games played: 148
Exploitability: P1=4.600000000 P2=0.066598623 EV: (-0.009603438658362162, 0.009603438658362162) P1 Winnings: 0.0
Choosing model 2
[0.22034030224116863, 1.942709431296348e-05, 0.755419095813577, 0.0005661497057530792, 0.023655025145188326]
Games played: 149
Exploitability: P1=4.600000000 P2=0.066598623 EV: (-0.009603438658362162, 0.009603438658362162) P1 Winnings: 1.0
Choosing model 2
[0.22353604744113234, 1.5121886825332295e-05, 0.7500239886674551, 0.000536221071234953, 0.02588862093335241]
Games played: 150
Exploitability: P1=4.600000000 P2=0.066598623 EV: (-0.009603438658362162, 0.009603438658362162) P1 Winnings: 2.0
Choosing model 0
[0.2077700801943539, 1.6599039742910983e-05, 0.7722230208080714, 0.00044790886522318114, 0.01954239109260858]
Games played: 151
Exploitability: P1=1.900000000 P2=0.066598623 EV: (-0.08680519699910036, 0.08680519699910036) P1 Winnings: 7.0
Choosing model 2
[0.21093064042763393, 1.3043141379533415e-05, 0.7671990419228605, 0.000424662983993631, 0.02143261152413239]
Games played: 152
Exploitability: P1=4.600000000 P2=0.066598623 EV: (-0.009603438658362162, 0.009603438658362162) P1 Winnings: 7.0
Choosing model 2
[0.24905273530407193, 1.4184982778734937e-05, 0.7197390449277702, 0.0006693279654250454, 0.030524706819954003]
Games played: 153
Exploitability: P1=4.600000000 P2=0.066598623 EV: (-0.009603438658362162, 0.009603438658362162) P1 Winnings: 20.0
Choosing model 0
[0.27345298856303585, 9.344961606074858e-06, 0.6834844983129693, 0.0007172557510282939, 0.042335912411360505]
Games played: 154
Exploitability: P1=1.900000000 P2=0.066598623 EV: (-0.08680519699910036, 0.08680519699910036) P1 Winnings: 20.0
Choosing model 2
[0.2765703844757391, 7.315484490132962e-06, 0.6764883346630491, 0.000677477885555082, 0.04625648749116669]
Games played: 155
Exploitability: P1=4.600000000 P2=0.066598623 EV: (-0.009603438658362162, 0.009603438658362162) P1 Winnings: 20.0
Choosing model 2
[0.2830338191596669, 4.488715296061479e-06, 0.6593322087722795, 0.0005967041583701015, 0.05703277919438761]
Games played: 156
Exploitability: P1=4.600000000 P2=0.066598623 EV: (-0.009603438658362162, 0.009603438658362162) P1 Winnings: 21.0
Choosing model 2
[0.2819027917566178, 4.629551928355747e-06, 0.6638160653325472, 0.0006111568813618176, 0.05366535647754478]
Games played: 157
Exploitability: P1=4.600000000 P2=0.066598623 EV: (-0.009603438658362162, 0.009603438658362162) P1 Winnings: 26.0
Choosing model 2
[0.2838493435199103, 3.5951272307243584e-06, 0.6575706109215738, 0.0005663130350397001, 0.058010137396245706]
Games played: 158
Exploitability: P1=4.600000000 P2=0.066598623 EV: (-0.009603438658362162, 0.009603438658362162) P1 Winnings: 29.0
Choosing model 2
[0.3236421146250783, 3.775603387158494e-06, 0.5957100097854869, 0.0008619391617920409, 0.07978216082425549]
Games played: 159
Exploitability: P1=4.600000000 P2=0.066598623 EV: (-0.009603438658362162, 0.009603438658362162) P1 Winnings: 16.0
Choosing model 0
[0.3257253317803181, 2.9411396107944546e-06, 0.586718876672385, 0.0008101421922653329, 0.08674270821542075]
Games played: 160
Exploitability: P1=1.900000000 P2=0.066598623 EV: (-0.08680519699910036, 0.08680519699910036) P1 Winnings: 13.0
Choosing model 0
[0.32757311045141635, 2.2893643874248897e-06, 0.5774247755901052, 0.0007608797837396191, 0.09423894481035155]
Games played: 161
Exploitability: P1=1.900000000 P2=0.066598623 EV: (-0.08680519699910036, 0.08680519699910036) P1 Winnings: 13.0
Choosing model 0
[0.32916518620593466, 1.7805867926552866e-06, 0.5678187243237985, 0.0007140354631939578, 0.10230027342028027]
Games played: 162
Exploitability: P1=1.900000000 P2=0.066598623 EV: (-0.08680519699910036, 0.08680519699910036) P1 Winnings: 13.0
Choosing model 2
[0.3280446737616799, 2.1306705248626366e-06, 0.5780863333187612, 0.0007576570598206154, 0.09310920518921341]
Games played: 163
Exploitability: P1=4.600000000 P2=0.066598623 EV: (-0.009603438658362162, 0.009603438658362162) P1 Winnings: 13.0
Choosing model 0
[0.3466302999548289, 1.3508501658689487e-06, 0.5283095751235566, 0.0007813577364624203, 0.12427741633498615]
Games played: 164
Exploitability: P1=1.900000000 P2=0.066598623 EV: (-0.08680519699910036, 0.08680519699910036) P1 Winnings: 13.0
Choosing model 2
[0.34704484476970243, 9.279802554761827e-07, 0.5114270358361569, 0.0007042018576157367, 0.1408229895562695]
Games played: 165
Exploitability: P1=4.600000000 P2=0.066598623 EV: (-0.009603438658362162, 0.009603438658362162) P1 Winnings: 6.0
Choosing model 0
[0.3473140138597819, 9.94337667840096e-07, 0.5161254846690787, 0.0007220810008944263, 0.1358374261325771]
Games played: 166
Exploitability: P1=1.900000000 P2=0.066598623 EV: (-0.08680519699910036, 0.08680519699910036) P1 Winnings: -7.0
Choosing model 2
[0.3473140175735641, 9.943385634347396e-07, 0.5161255479941111, 0.0007220812425702617, 0.13583735885119108]
Games played: 167
Exploitability: P1=4.600000000 P2=0.066598623 EV: (-0.009603438658362162, 0.009603438658362162) P1 Winnings: -8.0
Choosing model 4
[0.34676935425381733, 7.656661869645484e-07, 0.5069672136241306, 0.0006634677174697293, 0.14559919873839555]
Games played: 168
Exploitability: P1=2.600000000 P2=0.066598623 EV: (-0.09090025116836008, 0.09090025116836008) P1 Winnings: -5.0
Choosing model 2
[0.34711166048382197, 8.205903673320507e-07, 0.5117328366967437, 0.000680456435868186, 0.1404742257931987]
Games played: 169
Exploitability: P1=4.600000000 P2=0.066598623 EV: (-0.009603438658362162, 0.009603438658362162) P1 Winnings: -6.0
Choosing model 0
[0.34129605501956967, 8.330318218659803e-07, 0.5327699575863049, 0.0006049608434572241, 0.1253281935188464]
Games played: 170
Exploitability: P1=1.900000000 P2=0.066598623 EV: (-0.08680519699910036, 0.08680519699910036) P1 Winnings: -5.0
Choosing model 2
[0.3413089950080739, 8.919417857560703e-07, 0.5372681693807441, 0.0006198630768944956, 0.1208020805925019]
Games played: 171
Exploitability: P1=4.600000000 P2=0.066598623 EV: (-0.009603438658362162, 0.009603438658362162) P1 Winnings: -6.0
Choosing model 4
[0.341626195126406, 5.352864483354492e-07, 0.5121602431559329, 0.0005339867495657161, 0.145679039681647]
Games played: 172
Exploitability: P1=2.600000000 P2=0.066598623 EV: (-0.09090025116836008, 0.09090025116836008) P1 Winnings: -6.0
Choosing model 0
[0.3642530135004005, 3.2738235798139777e-07, 0.402166440741284, 0.0006931542966867825, 0.2328870640792708]
Games played: 173
Exploitability: P1=1.900000000 P2=0.066598623 EV: (-0.08680519699910036, 0.08680519699910036) P1 Winnings: 1.0
Choosing model 0
[0.36351454829604735, 3.373238336988876e-07, 0.424970562057732, 0.0006254800136922337, 0.21088907230869483]
Games played: 174
Exploitability: P1=1.900000000 P2=0.066598623 EV: (-0.08680519699910036, 0.08680519699910036) P1 Winnings: 2.0
Choosing model 0
[0.3685998584402887, 4.812615641965384e-07, 0.44745273970665855, 0.0007095995933464746, 0.1832373209981422]
Games played: 175
Exploitability: P1=1.900000000 P2=0.066598623 EV: (-0.08680519699910036, 0.08680519699910036) P1 Winnings: 7.0
Choosing model 4
[0.3622990409878486, 2.464238201621784e-07, 0.41537962867639905, 0.0005830259881802895, 0.22173805792375187]
Games played: 176
Exploitability: P1=2.600000000 P2=0.066598623 EV: (-0.09090025116836008, 0.09090025116836008) P1 Winnings: 4.0
Choosing model 2
[0.3690674513764608, 4.0471500390103587e-07, 0.4444498679283651, 0.0006890705704439829, 0.1857932054097261]
Games played: 177
Exploitability: P1=4.600000000 P2=0.066598623 EV: (-0.009603438658362162, 0.009603438658362162) P1 Winnings: -7.0
Choosing model 0
[0.3675665301066933, 3.265720304411379e-07, 0.4350136860311013, 0.0006493915289249936, 0.19677006576124992]
Games played: 178
Exploitability: P1=1.900000000 P2=0.066598623 EV: (-0.08680519699910036, 0.08680519699910036) P1 Winnings: -6.0
Choosing model 2
[0.3688357501635521, 3.5086047716999786e-07, 0.44018463659108104, 0.0006676605301669942, 0.19031160185472262]
Games played: 179
Exploitability: P1=4.600000000 P2=0.066598623 EV: (-0.009603438658362162, 0.009603438658362162) P1 Winnings: -1.0
Choosing model 2
[0.3757156746978322, 3.16673490135188e-07, 0.4125202298793586, 0.0007158904728686552, 0.21104788827645057]
Games played: 180
Exploitability: P1=4.600000000 P2=0.066598623 EV: (-0.009603438658362162, 0.009603438658362162) P1 Winnings: -10.0
Choosing model 4
[0.367095549064041, 1.8551448358512087e-07, 0.38386310991340944, 0.0006020016345471504, 0.24843915387351875]
Games played: 181
Exploitability: P1=2.600000000 P2=0.066598623 EV: (-0.09090025116836008, 0.09090025116836008) P1 Winnings: -10.0
Choosing model 2
[0.3637835183234873, 1.489502529541489e-07, 0.3738437496553274, 0.0005645137184357919, 0.26180806935249645]
Games played: 182
Exploitability: P1=4.600000000 P2=0.066598623 EV: (-0.009603438658362162, 0.009603438658362162) P1 Winnings: -11.0
Choosing model 0
[0.3662265243374056, 1.3286144627411375e-07, 0.34624297141297133, 0.0005981992330591306, 0.28693217215511757]
Games played: 183
Exploitability: P1=1.900000000 P2=0.066598623 EV: (-0.08680519699910036, 0.08680519699910036) P1 Winnings: -20.0
Choosing model 4
[0.3689746252972361, 1.4331910689328243e-07, 0.3517730631330001, 0.0006175108460254737, 0.2786346574046315]
Games played: 184
Exploitability: P1=2.600000000 P2=0.066598623 EV: (-0.09090025116836008, 0.09090025116836008) P1 Winnings: -15.0
Choosing model 2
[0.370889901250973, 1.4873929307451843e-07, 0.3744082976686387, 0.0005612520911807618, 0.25414040024991463]
Games played: 185
Exploitability: P1=4.600000000 P2=0.066598623 EV: (-0.009603438658362162, 0.009603438658362162) P1 Winnings: -14.0
Choosing model 4
[0.3725620132774746, 1.4313510089033423e-07, 0.26881878202271947, 0.0009265762731919619, 0.35769248529151304]
Games played: 186
Exploitability: P1=2.600000000 P2=0.066598623 EV: (-0.09090025116836008, 0.09090025116836008) P1 Winnings: -19.0
Choosing model 0
[0.3765719898700077, 1.5490093624947087e-07, 0.2739958398571908, 0.0009595832377974805, 0.3484724321340679]
Games played: 187
Exploitability: P1=1.900000000 P2=0.066598623 EV: (-0.08680519699910036, 0.08680519699910036) P1 Winnings: -20.0
Choosing model 0
[0.38278932962943335, 1.6256946053989312e-07, 0.29491044564770663, 0.000881981218690418, 0.321418080934709]
Games played: 188
Exploitability: P1=1.900000000 P2=0.066598623 EV: (-0.08680519699910036, 0.08680519699910036) P1 Winnings: -19.0
Choosing model 4
[0.3827893791324962, 1.625696262508242e-07, 0.2949105168161418, 0.0008819816185124797, 0.32141795986322325]
Games played: 189
Exploitability: P1=2.600000000 P2=0.066598623 EV: (-0.09090025116836008, 0.09090025116836008) P1 Winnings: -20.0
Choosing model 0
[0.3768963707978504, 1.2892578678645372e-07, 0.2852396601244709, 0.0008205636047226578, 0.33704327654716926]
Games played: 190
Exploitability: P1=1.900000000 P2=0.066598623 EV: (-0.08680519699910036, 0.08680519699910036) P1 Winnings: -19.0
Choosing model 0
[0.37081119826278763, 1.0277090932422567e-07, 0.2757977013971266, 0.0007639343980780737, 0.3526270631710983]
Games played: 191
Exploitability: P1=1.900000000 P2=0.066598623 EV: (-0.08680519699910036, 0.08680519699910036) P1 Winnings: -20.0
Choosing model 4
[0.3710581632733019, 9.150325575086005e-08, 0.2747832016373244, 0.0007505998808085044, 0.3534079437053095]
Games played: 192
Exploitability: P1=2.600000000 P2=0.066598623 EV: (-0.09090025116836008, 0.09090025116836008) P1 Winnings: -25.0
Choosing model 4
[0.37733435074244326, 9.607137608933523e-08, 0.2958754344513947, 0.0006901726067364124, 0.3260999461280496]
Games played: 193
Exploitability: P1=2.600000000 P2=0.066598623 EV: (-0.09090025116836008, 0.09090025116836008) P1 Winnings: -24.0
Choosing model 4
[0.37000536768023073, 7.291523266058743e-08, 0.28392212293068564, 0.0006320296961051078, 0.3454404067777458]
Games played: 194
Exploitability: P1=2.600000000 P2=0.066598623 EV: (-0.09090025116836008, 0.09090025116836008) P1 Winnings: -21.0
Choosing model 4
[0.36235491370626466, 5.478843617885945e-08, 0.2721190415264275, 0.0005778599265661948, 0.3649481300523055]
Games played: 195
Exploitability: P1=2.600000000 P2=0.066598623 EV: (-0.09090025116836008, 0.09090025116836008) P1 Winnings: -21.0
Choosing model 4
[0.38297994317671874, 9.179140897110713e-08, 0.30241820668957264, 0.0007095100163722437, 0.3138922483259273]
Games played: 196
Exploitability: P1=2.600000000 P2=0.066598623 EV: (-0.09090025116836008, 0.09090025116836008) P1 Winnings: -24.0
Choosing model 0
[0.3863754768590947, 9.915029546210861e-08, 0.30766378304033054, 0.0007334053794311584, 0.30522723557084824]
Games played: 197
Exploitability: P1=1.900000000 P2=0.066598623 EV: (-0.08680519699910036, 0.08680519699910036) P1 Winnings: -25.0
Choosing model 4
[0.3805912277176563, 7.799252507655649e-08, 0.2974407733355102, 0.00068079470428497, 0.3212871262500235]
Games played: 198
Exploitability: P1=2.600000000 P2=0.066598623 EV: (-0.09090025116836008, 0.09090025116836008) P1 Winnings: -25.0
Choosing model 4
[0.35985001022735474, 3.8415387109070935e-08, 0.2656129521451121, 0.0005380733091721504, 0.3739989259029739]
Games played: 199
Exploitability: P1=2.600000000 P2=0.066598623 EV: (-0.09090025116836008, 0.09090025116836008) P1 Winnings: -25.0
Choosing model 4
[0.3668417834978731, 4.0432966194515536e-08, 0.2867087202807776, 0.0004959793564010885, 0.345953476431982]
Games played: 200
Exploitability: P1=2.600000000 P2=0.066598623 EV: (-0.09090025116836008, 0.09090025116836008) P1 Winnings: -24.0
