Player 1 exploitability: 0.16730197567
Choosing model 4
[0.22062963757047982, 0.1149352748849045, 0.2083770346426555, 0.1844278005559698, 0.2716302523459903]
Games played: 1
Exploitability: P1=2.600000000 P2=0.081649962 EV: (-0.13029040292581176, 0.13029040292581176) P1 Winnings: 0.0
Choosing model 2
[0.22062962699340305, 0.1149353716674562, 0.20837704799124757, 0.18442785146914956, 0.27163010187874365]
Games played: 2
Exploitability: P1=4.600000000 P2=0.081649962 EV: (0.05340807346135567, -0.05340807346135567) P1 Winnings: -1.0
Choosing model 1
[0.21312819178190756, 0.15345657840093102, 0.2085735351035744, 0.19807168528763175, 0.22677000942595535]
Games played: 3
Exploitability: P1=2.800000000 P2=0.081649962 EV: (0.08164996152982298, -0.08164996152982298) P1 Winnings: 4.0
Choosing model 1
[0.21948978186173254, 0.12804375026339432, 0.21109723019609045, 0.19302275399920138, 0.24834648367958126]
Games played: 4
Exploitability: P1=2.800000000 P2=0.081649962 EV: (0.08164996152982298, -0.08164996152982298) P1 Winnings: 5.0
Choosing model 0
[0.22627253363857228, 0.09966560444113505, 0.21278995581103408, 0.18512082904338967, 0.27615107706586894]
Games played: 5
Exploitability: P1=1.900000000 P2=0.081649962 EV: (-0.08796102576837078, 0.08796102576837078) P1 Winnings: 8.0
Choosing model 3
[0.21942385125217675, 0.13598721569567038, 0.2142683743746977, 0.20085092376940183, 0.22946963490805333]
Games played: 6
Exploitability: P1=1.933333333 P2=0.081649962 EV: (-0.06696598830415462, 0.06696598830415462) P1 Winnings: 13.0
Choosing model 0
[0.21006193079882204, 0.1478588512665618, 0.17787653511444013, 0.23185011914335274, 0.23235256367682336]
Games played: 7
Exploitability: P1=1.900000000 P2=0.081649962 EV: (-0.08796102576837078, 0.08796102576837078) P1 Winnings: 18.0
Choosing model 3
[0.2081371222573459, 0.15685846951012938, 0.1777279666245126, 0.23537566094856371, 0.22190078065944838]
Games played: 8
Exploitability: P1=1.933333333 P2=0.081649962 EV: (-0.06696598830415462, 0.06696598830415462) P1 Winnings: 17.0
Choosing model 0
[0.2125397798763605, 0.14218636033371404, 0.1802312083066011, 0.23454468574142354, 0.23049796574190093]
Games played: 9
Exploitability: P1=1.900000000 P2=0.081649962 EV: (-0.08796102576837078, 0.08796102576837078) P1 Winnings: 14.0
Choosing model 3
[0.2187963937291489, 0.15112314477048774, 0.19645555071342122, 0.21831843253355568, 0.21530647825338642]
Games played: 10
Exploitability: P1=1.933333333 P2=0.081649962 EV: (-0.06696598830415462, 0.06696598830415462) P1 Winnings: 15.0
Choosing model 4
[0.22426607339326934, 0.1599291076258959, 0.21321713343974832, 0.20233858028141005, 0.20024910525967635]
Games played: 11
Exploitability: P1=2.600000000 P2=0.081649962 EV: (-0.13029040292581176, 0.13029040292581176) P1 Winnings: 16.0
Choosing model 3
[0.22928961184973468, 0.14548744335905722, 0.21704675034284165, 0.20312471752410824, 0.2050514769242581]
Games played: 12
Exploitability: P1=1.933333333 P2=0.081649962 EV: (-0.06696598830415462, 0.06696598830415462) P1 Winnings: 16.0
Choosing model 2
[0.2337829720015317, 0.1316780212447189, 0.21976844003067347, 0.20209921866894975, 0.21267134805412607]
Games played: 13
Exploitability: P1=4.600000000 P2=0.081649962 EV: (0.05340807346135567, -0.05340807346135567) P1 Winnings: 13.0
Choosing model 0
[0.24406098436599932, 0.09243168224807144, 0.2213559108062269, 0.18869622027953714, 0.253455202300165]
Games played: 14
Exploitability: P1=1.900000000 P2=0.081649962 EV: (-0.08796102576837078, 0.08796102576837078) P1 Winnings: 8.0
Choosing model 2
[0.24406097461689027, 0.092431760820213, 0.22135592675599183, 0.1886962738796913, 0.2534550639272136]
Games played: 15
Exploitability: P1=4.600000000 P2=0.081649962 EV: (0.05340807346135567, -0.05340807346135567) P1 Winnings: 7.0
Choosing model 2
[0.2504536635450584, 0.09793172083363842, 0.24052187390080304, 0.1750883484373101, 0.23600439328319]
Games played: 16
Exploitability: P1=4.600000000 P2=0.081649962 EV: (0.05340807346135567, -0.05340807346135567) P1 Winnings: 8.0
Choosing model 4
[0.2551585310466421, 0.11782776279879315, 0.27143724177218564, 0.1603061902583501, 0.1952702741240291]
Games played: 17
Exploitability: P1=2.600000000 P2=0.081649962 EV: (-0.13029040292581176, 0.13029040292581176) P1 Winnings: 13.0
Choosing model 4
[0.2583079193695962, 0.10769396014432113, 0.2725916232434761, 0.15815919048532526, 0.20324730675728128]
Games played: 18
Exploitability: P1=2.600000000 P2=0.081649962 EV: (-0.13029040292581176, 0.13029040292581176) P1 Winnings: 10.0
Choosing model 0
[0.25830789850741537, 0.10769405504822609, 0.2725916342113213, 0.15815923306745178, 0.20324717916558538]
Games played: 19
Exploitability: P1=1.900000000 P2=0.081649962 EV: (-0.08796102576837078, 0.08796102576837078) P1 Winnings: 7.0
Choosing model 3
[0.2566537896595388, 0.1145671573487104, 0.2731224676754045, 0.16101138231305004, 0.1946452030032963]
Games played: 20
Exploitability: P1=1.933333333 P2=0.081649962 EV: (-0.06696598830415462, 0.06696598830415462) P1 Winnings: 12.0
Choosing model 4
[0.2640062256821201, 0.09042138037861623, 0.27495237991391136, 0.15462582468302283, 0.21599418934232947]
Games played: 21
Exploitability: P1=2.600000000 P2=0.081649962 EV: (-0.13029040292581176, 0.13029040292581176) P1 Winnings: 12.0
Choosing model 2
[0.26821780035514237, 0.09484570583643687, 0.29577760499062633, 0.1420431619513546, 0.19911572686643983]
Games played: 22
Exploitability: P1=4.600000000 P2=0.081649962 EV: (0.05340807346135567, -0.05340807346135567) P1 Winnings: 13.0
Choosing model 4
[0.2789337644215763, 0.07804274643396303, 0.3817047574269011, 0.09325362630964937, 0.16806510540791023]
Games played: 23
Exploitability: P1=2.600000000 P2=0.081649962 EV: (-0.13029040292581176, 0.13029040292581176) P1 Winnings: 14.0
Choosing model 4
[0.2775620917726156, 0.0831476656503583, 0.38302009092658473, 0.09507729762580894, 0.16119285402463235]
Games played: 24
Exploitability: P1=2.600000000 P2=0.081649962 EV: (-0.13029040292581176, 0.13029040292581176) P1 Winnings: 13.0
Choosing model 2
[0.2814745194316543, 0.07254997874009743, 0.42066807311279686, 0.07825497457921758, 0.14705245413623383]
Games played: 25
Exploitability: P1=4.600000000 P2=0.081649962 EV: (0.05340807346135567, -0.05340807346135567) P1 Winnings: 16.0
Choosing model 0
[0.281474452561439, 0.07255020628919767, 0.42066815153828596, 0.07825505216391132, 0.1470521374471661]
Games played: 26
Exploitability: P1=1.900000000 P2=0.081649962 EV: (-0.08796102576837078, 0.08796102576837078) P1 Winnings: 7.0
Choosing model 0
[0.29699503556986045, 0.04037931798274899, 0.3745480548685513, 0.07818901789428066, 0.20988857368455868]
Games played: 27
Exploitability: P1=1.900000000 P2=0.081649962 EV: (-0.08796102576837078, 0.08796102576837078) P1 Winnings: 12.0
Choosing model 2
[0.29806124618688423, 0.04183968577665172, 0.3980139056885638, 0.07095237795550272, 0.1911327843923975]
Games played: 28
Exploitability: P1=4.600000000 P2=0.081649962 EV: (0.05340807346135567, -0.05340807346135567) P1 Winnings: 13.0
Choosing model 4
[0.3051494409580576, 0.04175546930231019, 0.3523138184096478, 0.08753227660419197, 0.2132489947257923]
Games played: 29
Exploitability: P1=2.600000000 P2=0.081649962 EV: (-0.13029040292581176, 0.13029040292581176) P1 Winnings: 13.0
Choosing model 0
[0.305040840670722, 0.04469070775595352, 0.35514851759884297, 0.08965317432024622, 0.2054667596542353]
Games played: 30
Exploitability: P1=1.900000000 P2=0.081649962 EV: (-0.08796102576837078, 0.08796102576837078) P1 Winnings: 12.0
Choosing model 4
[0.3005183292774544, 0.06370033328644252, 0.36407965611935006, 0.09949752815312342, 0.17220415316362941]
Games played: 31
Exploitability: P1=2.600000000 P2=0.081649962 EV: (-0.13029040292581176, 0.13029040292581176) P1 Winnings: 3.0
Choosing model 1
[0.30051831648372807, 0.06370038726798809, 0.36407968139668034, 0.09949755615455771, 0.17220405869704572]
Games played: 32
Exploitability: P1=2.800000000 P2=0.081649962 EV: (0.08164996152982298, -0.08164996152982298) P1 Winnings: 2.0
Choosing model 0
[0.30594483735539013, 0.05728253137493581, 0.32966124428214405, 0.1110779672195618, 0.19603341976796812]
Games played: 33
Exploitability: P1=1.900000000 P2=0.081649962 EV: (-0.08796102576837078, 0.08796102576837078) P1 Winnings: -5.0
Choosing model 2
[0.3051926953421443, 0.0611803081518231, 0.3316147332771727, 0.1135300856532174, 0.18848217757564234]
Games played: 34
Exploitability: P1=4.600000000 P2=0.081649962 EV: (0.05340807346135567, -0.05340807346135567) P1 Winnings: -6.0
Choosing model 3
[0.30729199229903403, 0.06360069778130457, 0.35354549081086606, 0.10336010649689541, 0.17220171261190007]
Games played: 35
Exploitability: P1=1.933333333 P2=0.081649962 EV: (-0.06696598830415462, 0.06696598830415462) P1 Winnings: -5.0
Choosing model 2
[0.3119535425817102, 0.04997388721890722, 0.35123082594064536, 0.09799179471432605, 0.18884994954441112]
Games played: 36
Exploitability: P1=4.600000000 P2=0.081649962 EV: (0.05340807346135567, -0.05340807346135567) P1 Winnings: -5.0
Choosing model 0
[0.31339089818000515, 0.0518337585632223, 0.3736142727917633, 0.08901250911108138, 0.17214856135392795]
Games played: 37
Exploitability: P1=1.900000000 P2=0.081649962 EV: (-0.08796102576837078, 0.08796102576837078) P1 Winnings: -4.0
Choosing model 0
[0.31008852345973614, 0.06284004373728769, 0.378462179888964, 0.09438418873869862, 0.1542250641753135]
Games played: 38
Exploitability: P1=1.900000000 P2=0.081649962 EV: (-0.08796102576837078, 0.08796102576837078) P1 Winnings: -9.0
Choosing model 0
[0.3011031050466217, 0.08484330272812714, 0.4066416866906712, 0.08845096568970165, 0.11896093984487824]
Games played: 39
Exploitability: P1=1.900000000 P2=0.081649962 EV: (-0.08796102576837078, 0.08796102576837078) P1 Winnings: -4.0
Choosing model 2
[0.3073485740223305, 0.07016702410721605, 0.40792254920447335, 0.08543414490788491, 0.12912770775809518]
Games played: 40
Exploitability: P1=4.600000000 P2=0.081649962 EV: (0.05340807346135567, -0.05340807346135567) P1 Winnings: -5.0
Choosing model 2
[0.3125845070773136, 0.05781875990841487, 0.4077217557444897, 0.08222055950346084, 0.139654417766321]
Games played: 41
Exploitability: P1=4.600000000 P2=0.081649962 EV: (0.05340807346135567, -0.05340807346135567) P1 Winnings: -4.0
Choosing model 1
[0.31258444411438707, 0.05781894334366182, 0.40772184649317755, 0.08222064399157457, 0.1396541220571989]
Games played: 42
Exploitability: P1=2.800000000 P2=0.081649962 EV: (0.08164996152982298, -0.08164996152982298) P1 Winnings: -13.0
Choosing model 0
[0.31118817686067174, 0.06162888688059045, 0.4093121351794203, 0.08386652396607575, 0.1340042771132418]
Games played: 43
Exploitability: P1=1.900000000 P2=0.081649962 EV: (-0.08796102576837078, 0.08796102576837078) P1 Winnings: -26.0
Choosing model 2
[0.30944204847388485, 0.06327230773749866, 0.43096821045255945, 0.0754066689458187, 0.12091076439023818]
Games played: 44
Exploitability: P1=4.600000000 P2=0.081649962 EV: (0.05340807346135567, -0.05340807346135567) P1 Winnings: -25.0
Choosing model 2
[0.3180307897617447, 0.057617507800737745, 0.4074920520837576, 0.08157633164668286, 0.13528331870707708]
Games played: 45
Exploitability: P1=4.600000000 P2=0.081649962 EV: (0.05340807346135567, -0.05340807346135567) P1 Winnings: -16.0
Choosing model 2
[0.32246916068790404, 0.0473339728532423, 0.4060580160523465, 0.0782701012894247, 0.1458687491170823]
Games played: 46
Exploitability: P1=4.600000000 P2=0.081649962 EV: (0.05340807346135567, -0.05340807346135567) P1 Winnings: -15.0
Choosing model 2
[0.29721988209729944, 0.057983555350788266, 0.5063524442684237, 0.050624282556086406, 0.08781983572740215]
Games played: 47
Exploitability: P1=4.600000000 P2=0.081649962 EV: (0.05340807346135567, -0.05340807346135567) P1 Winnings: -10.0
Choosing model 3
[0.30853440865271514, 0.05333122295197565, 0.48357375655548634, 0.05531580078749682, 0.09924481105232592]
Games played: 48
Exploitability: P1=1.933333333 P2=0.081649962 EV: (-0.06696598830415462, 0.06696598830415462) P1 Winnings: -19.0
Choosing model 4
[0.30376581105909767, 0.05421131500483828, 0.5041182126575718, 0.049243551314714536, 0.08866110996377764]
Games played: 49
Exploitability: P1=2.600000000 P2=0.081649962 EV: (-0.13029040292581176, 0.13029040292581176) P1 Winnings: -18.0
Choosing model 2
[0.3037657880330883, 0.054211359143684794, 0.5041182309058301, 0.0492435635369041, 0.08866105838049279]
Games played: 50
Exploitability: P1=4.600000000 P2=0.081649962 EV: (0.05340807346135567, -0.05340807346135567) P1 Winnings: -19.0
Choosing model 2
[0.3015707282335046, 0.05741981169114611, 0.5073263289289, 0.049367966742584306, 0.08431516440386518]
Games played: 51
Exploitability: P1=4.600000000 P2=0.081649962 EV: (0.05340807346135567, -0.05340807346135567) P1 Winnings: -14.0
Choosing model 0
[0.30676977829287727, 0.04732434591677539, 0.5071783608621434, 0.0475205362641422, 0.09120697866406187]
Games played: 52
Exploitability: P1=1.900000000 P2=0.081649962 EV: (-0.08796102576837078, 0.08796102576837078) P1 Winnings: -13.0
Choosing model 2
[0.3012320354300182, 0.04797846132618832, 0.5273314534862041, 0.04219245453274606, 0.0812655952248434]
Games played: 53
Exploitability: P1=4.600000000 P2=0.081649962 EV: (0.05340807346135567, -0.05340807346135567) P1 Winnings: -12.0
Choosing model 1
[0.3012319505973692, 0.04797860969469338, 0.5273315285692155, 0.042192494505319166, 0.08126541663340273]
Games played: 54
Exploitability: P1=2.800000000 P2=0.081649962 EV: (0.08164996152982298, -0.08164996152982298) P1 Winnings: -21.0
Choosing model 2
[0.28799857370346266, 0.05417245323392974, 0.5584768704206905, 0.03625224011392754, 0.06309986252798969]
Games played: 55
Exploitability: P1=4.600000000 P2=0.081649962 EV: (0.05340807346135567, -0.05340807346135567) P1 Winnings: -16.0
Choosing model 2
[0.29761077564110905, 0.03764080479462169, 0.556805890090499, 0.03350473952383393, 0.07443778994993619]
Games played: 56
Exploitability: P1=4.600000000 P2=0.081649962 EV: (0.05340807346135567, -0.05340807346135567) P1 Winnings: -21.0
Choosing model 0
[0.2959907442284001, 0.04008176391886014, 0.5584293181405527, 0.034141906374528366, 0.07135626733765876]
Games played: 57
Exploitability: P1=1.900000000 P2=0.081649962 EV: (-0.08796102576837078, 0.08796102576837078) P1 Winnings: -34.0
Choosing model 2
[0.29428785385615397, 0.04266772087071223, 0.5598830600388937, 0.03478035474215689, 0.0683810104920833]
Games played: 58
Exploitability: P1=4.600000000 P2=0.081649962 EV: (0.05340807346135567, -0.05340807346135567) P1 Winnings: -29.0
Choosing model 2
[0.30266412467047876, 0.029505986278487873, 0.5555539639405637, 0.03199158070013465, 0.08028434441033488]
Games played: 59
Exploitability: P1=4.600000000 P2=0.081649962 EV: (0.05340807346135567, -0.05340807346135567) P1 Winnings: -34.0
Choosing model 3
[0.29581556259584874, 0.029774420658823842, 0.5749375832748674, 0.028272267747248895, 0.07120016572321117]
Games played: 60
Exploitability: P1=1.933333333 P2=0.081649962 EV: (-0.06696598830415462, 0.06696598830415462) P1 Winnings: -33.0
Choosing model 0
[0.2912542508981156, 0.035918569960308705, 0.5795243218533065, 0.029830517647479692, 0.06347233964078956]
Games played: 61
Exploitability: P1=1.900000000 P2=0.081649962 EV: (-0.08796102576837078, 0.08796102576837078) P1 Winnings: -42.0
Choosing model 0
[0.29125422922225186, 0.035918599254749196, 0.5795243436305196, 0.029830525092525133, 0.06347230279995418]
Games played: 62
Exploitability: P1=1.900000000 P2=0.081649962 EV: (-0.08796102576837078, 0.08796102576837078) P1 Winnings: -43.0
Choosing model 2
[0.2895607296507294, 0.03823360298916511, 0.5809971673525138, 0.030386477147959584, 0.060822022859632]
Games played: 63
Exploitability: P1=4.600000000 P2=0.081649962 EV: (0.05340807346135567, -0.05340807346135567) P1 Winnings: -38.0
Choosing model 4
[0.29398393677126194, 0.03145057817315599, 0.5797061134224111, 0.029192883658408105, 0.06566648797476296]
Games played: 64
Exploitability: P1=2.600000000 P2=0.081649962 EV: (-0.13029040292581176, 0.13029040292581176) P1 Winnings: -37.0
Choosing model 2
[0.28646203854900837, 0.03164063731107434, 0.5981164318879854, 0.025720851831263703, 0.058060040420668216]
Games played: 65
Exploitability: P1=4.600000000 P2=0.081649962 EV: (0.05340807346135567, -0.05340807346135567) P1 Winnings: -36.0
Choosing model 2
[0.2864619581316245, 0.03164073518477159, 0.5981165175835716, 0.025720876221822057, 0.058059912878210114]
Games played: 66
Exploitability: P1=4.600000000 P2=0.081649962 EV: (0.05340807346135567, -0.05340807346135567) P1 Winnings: -45.0
Choosing model 0
[0.29370268115418724, 0.02225820257868774, 0.5929282427988615, 0.023738456841240707, 0.06737241662702295]
Games played: 67
Exploitability: P1=1.900000000 P2=0.081649962 EV: (-0.08796102576837078, 0.08796102576837078) P1 Winnings: -45.0
Choosing model 2
[0.2937026635852752, 0.02225822105707022, 0.5929282737387593, 0.023738463112512233, 0.06737237850638295]
Games played: 68
Exploitability: P1=4.600000000 P2=0.081649962 EV: (0.05340807346135567, -0.05340807346135567) P1 Winnings: -46.0
Choosing model 0
[0.29232729866787216, 0.023719765207706158, 0.5951117974950053, 0.024208402337886077, 0.06463273629153032]
Games played: 69
Exploitability: P1=1.900000000 P2=0.081649962 EV: (-0.08796102576837078, 0.08796102576837078) P1 Winnings: -59.0
Choosing model 4
[0.2845070923135314, 0.023834564528666564, 0.6132769756074742, 0.02130368473872296, 0.05707768281160483]
Games played: 70
Exploitability: P1=2.600000000 P2=0.081649962 EV: (-0.13029040292581176, 0.13029040292581176) P1 Winnings: -58.0
Choosing model 0
[0.2837426846717047, 0.02390361304733635, 0.6162050842959587, 0.02163324204639292, 0.05451537593860748]
Games played: 71
Exploitability: P1=1.900000000 P2=0.081649962 EV: (-0.08796102576837078, 0.08796102576837078) P1 Winnings: -55.0
Choosing model 0
[0.2796170881127558, 0.02828372726461294, 0.6203377500949703, 0.02269835805604276, 0.04906307647161808]
Games played: 72
Exploitability: P1=1.900000000 P2=0.081649962 EV: (-0.08796102576837078, 0.08796102576837078) P1 Winnings: -55.0
Choosing model 2
[0.27795010385001695, 0.0301021964106757, 0.6218222412312396, 0.02311796529822611, 0.047007493209841676]
Games played: 73
Exploitability: P1=4.600000000 P2=0.081649962 EV: (0.05340807346135567, -0.05340807346135567) P1 Winnings: -50.0
Choosing model 0
[0.291902427519411, 0.028010444795166758, 0.6007879086123799, 0.025555539202723566, 0.05374367987031888]
Games played: 74
Exploitability: P1=1.900000000 P2=0.081649962 EV: (-0.08796102576837078, 0.08796102576837078) P1 Winnings: -59.0
Choosing model 2
[0.2799465101821037, 0.04268217359514582, 0.6074247822030137, 0.028648796968654053, 0.04129773705108291]
Games played: 75
Exploitability: P1=4.600000000 P2=0.081649962 EV: (0.05340807346135567, -0.05340807346135567) P1 Winnings: -64.0
Choosing model 2
[0.27164428669645463, 0.042760734559639524, 0.6240974391568312, 0.025136035505536617, 0.0363615040815379]
Games played: 76
Exploitability: P1=4.600000000 P2=0.081649962 EV: (0.05340807346135567, -0.05340807346135567) P1 Winnings: -63.0
Choosing model 2
[0.2527344795561065, 0.055317255288436715, 0.6425045253535197, 0.02257015239330784, 0.026873587408629364]
Games played: 77
Exploitability: P1=4.600000000 P2=0.081649962 EV: (0.05340807346135567, -0.05340807346135567) P1 Winnings: -58.0
Choosing model 0
[0.244198358373582, 0.05518384793640718, 0.6573381111409211, 0.019718669624590235, 0.02356101292449943]
Games played: 78
Exploitability: P1=1.900000000 P2=0.081649962 EV: (-0.08796102576837078, 0.08796102576837078) P1 Winnings: -57.0
Choosing model 2
[0.24815185445282772, 0.04512663229498824, 0.6631193157738562, 0.018442086681154712, 0.025160110797173122]
Games played: 79
Exploitability: P1=4.600000000 P2=0.081649962 EV: (0.05340807346135567, -0.05340807346135567) P1 Winnings: -56.0
Choosing model 0
[0.2394381625759169, 0.04495540165725018, 0.6774884586294784, 0.01608980494519015, 0.022028172192164318]
Games played: 80
Exploitability: P1=1.900000000 P2=0.081649962 EV: (-0.08796102576837078, 0.08796102576837078) P1 Winnings: -55.0
Choosing model 2
[0.23742695056319654, 0.04772841067881286, 0.6774440871777975, 0.016347052765692368, 0.021053498814500752]
Games played: 81
Exploitability: P1=4.600000000 P2=0.081649962 EV: (0.05340807346135567, -0.05340807346135567) P1 Winnings: -64.0
Choosing model 0
[0.24234091693968007, 0.039470549596626325, 0.6795479632025196, 0.015788791913423982, 0.022851778347749978]
Games played: 82
Exploitability: P1=1.900000000 P2=0.081649962 EV: (-0.08796102576837078, 0.08796102576837078) P1 Winnings: -63.0
Choosing model 2
[0.2404024660343809, 0.041922174173894135, 0.6797781562960257, 0.016047711534939613, 0.02184949196075986]
Games played: 83
Exploitability: P1=4.600000000 P2=0.081649962 EV: (0.05340807346135567, -0.05340807346135567) P1 Winnings: -64.0
Choosing model 0
[0.2450957571988369, 0.034629015244731325, 0.6811049027241628, 0.015481844052135258, 0.023688480780133674]
Games played: 84
Exploitability: P1=1.900000000 P2=0.081649962 EV: (-0.08796102576837078, 0.08796102576837078) P1 Winnings: -63.0
Choosing model 2
[0.24321271543339051, 0.035583321044621516, 0.6831985114681095, 0.0157981330929341, 0.022207318960944432]
Games played: 85
Exploitability: P1=4.600000000 P2=0.081649962 EV: (0.05340807346135567, -0.05340807346135567) P1 Winnings: -63.0
Choosing model 0
[0.25761788330853147, 0.033395439559107544, 0.6657646138012888, 0.01761408445653963, 0.02560797887453251]
Games played: 86
Exploitability: P1=1.900000000 P2=0.081649962 EV: (-0.08796102576837078, 0.08796102576837078) P1 Winnings: -72.0
Choosing model 0
[0.25939500089654205, 0.02991919861723521, 0.6674468539555272, 0.017414417206235756, 0.02582452932446001]
Games played: 87
Exploitability: P1=1.900000000 P2=0.081649962 EV: (-0.08796102576837078, 0.08796102576837078) P1 Winnings: -77.0
Choosing model 2
[0.2497068756390671, 0.04167065726731453, 0.6685886796160891, 0.01888476072693159, 0.021149026750597755]
Games played: 88
Exploitability: P1=4.600000000 P2=0.081649962 EV: (0.05340807346135567, -0.05340807346135567) P1 Winnings: -78.0
Choosing model 2
[0.24970677406627248, 0.04167078091451244, 0.6685886911383717, 0.01888477625468907, 0.021148977626154235]
Games played: 89
Exploitability: P1=4.600000000 P2=0.081649962 EV: (0.05340807346135567, -0.05340807346135567) P1 Winnings: -87.0
Choosing model 2
[0.2545703709661499, 0.034419823511513646, 0.6698637619952077, 0.01821805796053773, 0.022927985566591084]
Games played: 90
Exploitability: P1=4.600000000 P2=0.081649962 EV: (0.05340807346135567, -0.05340807346135567) P1 Winnings: -86.0
Choosing model 2
[0.26015646247380814, 0.02722564456501228, 0.6699183991226099, 0.017387092928605925, 0.025312400909963867]
Games played: 91
Exploitability: P1=4.600000000 P2=0.081649962 EV: (0.05340807346135567, -0.05340807346135567) P1 Winnings: -89.0
Choosing model 2
[0.26015637173734124, 0.027225726929130698, 0.6699184495174569, 0.01738710823323123, 0.025312343582839913]
Games played: 92
Exploitability: P1=4.600000000 P2=0.081649962 EV: (0.05340807346135567, -0.05340807346135567) P1 Winnings: -98.0
Choosing model 2
[0.2679617986564158, 0.0192406824220583, 0.6671688210653746, 0.016120983888674816, 0.029507713967476604]
Games played: 93
Exploitability: P1=4.600000000 P2=0.081649962 EV: (0.05340807346135567, -0.05340807346135567) P1 Winnings: -98.0
Choosing model 0
[0.26033854402579065, 0.02583692325748683, 0.6716354035100864, 0.01741309428956334, 0.02477603491707274]
Games played: 94
Exploitability: P1=1.900000000 P2=0.081649962 EV: (-0.08796102576837078, 0.08796102576837078) P1 Winnings: -93.0
Choosing model 2
[0.25852790351893173, 0.02747060351557319, 0.672569938316429, 0.017717275601339406, 0.023714279047726782]
Games played: 95
Exploitability: P1=4.600000000 P2=0.081649962 EV: (0.05340807346135567, -0.05340807346135567) P1 Winnings: -94.0
Choosing model 2
[0.2627992692714673, 0.022624781737905615, 0.671899173978751, 0.01704222811767658, 0.025634546894199594]
Games played: 96
Exploitability: P1=4.600000000 P2=0.081649962 EV: (0.05340807346135567, -0.05340807346135567) P1 Winnings: -93.0
Choosing model 2
[0.3189183499605847, 0.018898250876020213, 0.5870873890318848, 0.028050322931285, 0.04704568720022519]
Games played: 97
Exploitability: P1=4.600000000 P2=0.081649962 EV: (0.05340807346135567, -0.05340807346135567) P1 Winnings: -104.0
Choosing model 0
[0.32286671334170247, 0.015501182981637588, 0.5841124220675408, 0.026871649997143497, 0.05064803161197582]
Games played: 98
Exploitability: P1=1.900000000 P2=0.081649962 EV: (-0.08796102576837078, 0.08796102576837078) P1 Winnings: -103.0
Choosing model 2
[0.3145422148975001, 0.021849022191540817, 0.5921415552628756, 0.029490602478594655, 0.04197660516948866]
Games played: 99
Exploitability: P1=4.600000000 P2=0.081649962 EV: (0.05340807346135567, -0.05340807346135567) P1 Winnings: -104.0
Choosing model 2
[0.3120179900199358, 0.023123514525126312, 0.5954302670878092, 0.029541312134680225, 0.03988691623244858]
Games played: 100
Exploitability: P1=4.600000000 P2=0.081649962 EV: (0.05340807346135567, -0.05340807346135567) P1 Winnings: -99.0
Choosing model 2
[0.309446877729707, 0.024467041348024274, 0.5986073569595932, 0.029585689414958663, 0.037893034547716836]
Games played: 101
Exploitability: P1=4.600000000 P2=0.081649962 EV: (0.05340807346135567, -0.05340807346135567) P1 Winnings: -94.0
Choosing model 2
[0.29947236383920256, 0.03425812646655548, 0.6028178809091373, 0.032254178719691204, 0.031197450065413676]
Games played: 102
Exploitability: P1=4.600000000 P2=0.081649962 EV: (0.05340807346135567, -0.05340807346135567) P1 Winnings: -103.0
Choosing model 2
[0.28966953595286365, 0.04540107763672212, 0.6042120023868154, 0.034674622423861025, 0.026042761599737847]
Games played: 103
Exploitability: P1=4.600000000 P2=0.081649962 EV: (0.05340807346135567, -0.05340807346135567) P1 Winnings: -98.0
Choosing model 2
[0.3126478023902703, 0.04776795041203358, 0.5638534873847166, 0.045098126494815025, 0.03063263331816459]
Games played: 104
Exploitability: P1=4.600000000 P2=0.081649962 EV: (0.05340807346135567, -0.05340807346135567) P1 Winnings: -98.0
Choosing model 0
[0.2952117267160981, 0.05326677130567305, 0.5897618091867542, 0.038268995910188786, 0.023490696881286]
Games played: 105
Exploitability: P1=1.900000000 P2=0.081649962 EV: (-0.08796102576837078, 0.08796102576837078) P1 Winnings: -93.0
Choosing model 2
[0.3065450232897171, 0.037951550111921244, 0.5921250532457737, 0.03577139752168264, 0.027606975830905264]
Games played: 106
Exploitability: P1=4.600000000 P2=0.081649962 EV: (0.05340807346135567, -0.05340807346135567) P1 Winnings: -100.0
Choosing model 0
[0.2780061071358521, 0.04755276892418795, 0.6274512041239306, 0.02887005656543793, 0.018119863250591155]
Games played: 107
Exploitability: P1=1.900000000 P2=0.081649962 EV: (-0.08796102576837078, 0.08796102576837078) P1 Winnings: -91.0
Choosing model 2
[0.2688582077447256, 0.04748078439790163, 0.6425150375901619, 0.025245354399809804, 0.015900615867401137]
Games played: 108
Exploitability: P1=4.600000000 P2=0.081649962 EV: (0.05340807346135567, -0.05340807346135567) P1 Winnings: -90.0
Choosing model 2
[0.2657883204083427, 0.05007853567452191, 0.6438735172239843, 0.025202261146932366, 0.015057365546218579]
Games played: 109
Exploitability: P1=4.600000000 P2=0.081649962 EV: (0.05340807346135567, -0.05340807346135567) P1 Winnings: -85.0
Choosing model 2
[0.24769590733194932, 0.055115798139665585, 0.6646846526144479, 0.021107305107728076, 0.011396336806209141]
Games played: 110
Exploitability: P1=4.600000000 P2=0.081649962 EV: (0.05340807346135567, -0.05340807346135567) P1 Winnings: -80.0
Choosing model 2
[0.24769579044557744, 0.055115958092425615, 0.6646846207808259, 0.02110732108829754, 0.011396309592873508]
Games played: 111
Exploitability: P1=4.600000000 P2=0.081649962 EV: (0.05340807346135567, -0.05340807346135567) P1 Winnings: -89.0
Choosing model 2
[0.25190287645893283, 0.04510638485414257, 0.6710551476439129, 0.01975628492169714, 0.01217930612131459]
Games played: 112
Exploitability: P1=4.600000000 P2=0.081649962 EV: (0.05340807346135567, -0.05340807346135567) P1 Winnings: -88.0
Choosing model 0
[0.241120680343366, 0.06074914053012625, 0.666982597280321, 0.021157929608116563, 0.009989652238070034]
Games played: 113
Exploitability: P1=1.900000000 P2=0.081649962 EV: (-0.08796102576837078, 0.08796102576837078) P1 Winnings: -88.0
Choosing model 2
[0.25167849927007513, 0.04350652168620666, 0.6731340264403257, 0.019879735067359544, 0.011801217536032879]
Games played: 114
Exploitability: P1=4.600000000 P2=0.081649962 EV: (0.05340807346135567, -0.05340807346135567) P1 Winnings: -85.0
Choosing model 2
[0.24245816205165863, 0.04327311592511548, 0.6866360703402048, 0.017316740928091216, 0.010315910754929863]
Games played: 115
Exploitability: P1=4.600000000 P2=0.081649962 EV: (0.05340807346135567, -0.05340807346135567) P1 Winnings: -84.0
Choosing model 0
[0.24748782635414807, 0.03578777261948892, 0.6888006893225997, 0.016726146512888805, 0.011197565190874585]
Games played: 116
Exploitability: P1=1.900000000 P2=0.081649962 EV: (-0.08796102576837078, 0.08796102576837078) P1 Winnings: -83.0
Choosing model 0
[0.2454444570298455, 0.03800077633844166, 0.6888550866938808, 0.01699602327220871, 0.01070365666562341]
Games played: 117
Exploitability: P1=1.900000000 P2=0.081649962 EV: (-0.08796102576837078, 0.08796102576837078) P1 Winnings: -78.0
Choosing model 2
[0.2433741808724192, 0.040343372117946, 0.6887856050658129, 0.017267148647594648, 0.010229693296227185]
Games played: 118
Exploitability: P1=4.600000000 P2=0.081649962 EV: (0.05340807346135567, -0.05340807346135567) P1 Winnings: -79.0
Choosing model 0
[0.25832907534895305, 0.03794215002144855, 0.6726155672863108, 0.01929229923713689, 0.01182090810615083]
Games played: 119
Exploitability: P1=1.900000000 P2=0.081649962 EV: (-0.08796102576837078, 0.08796102576837078) P1 Winnings: -70.0
Choosing model 0
[0.256181757609213, 0.04028610693388237, 0.6726307915048972, 0.019602476302618167, 0.01129886764938925]
Games played: 120
Exploitability: P1=1.900000000 P2=0.081649962 EV: (-0.08796102576837078, 0.08796102576837078) P1 Winnings: -71.0
Choosing model 2
[0.26557955236793634, 0.02865525679323993, 0.674215239244273, 0.01829292443273989, 0.013257027161810818]
Games played: 121
Exploitability: P1=4.600000000 P2=0.081649962 EV: (0.05340807346135567, -0.05340807346135567) P1 Winnings: -68.0
Choosing model 0
[0.3001316843330915, 0.017081721488104565, 0.642944494192535, 0.019575980212233442, 0.020266119774035724]
Games played: 122
Exploitability: P1=1.900000000 P2=0.081649962 EV: (-0.08796102576837078, 0.08796102576837078) P1 Winnings: -68.0
Choosing model 0
[0.29823492826833314, 0.018173421889606658, 0.6442509247544703, 0.019930684304246, 0.01941004078334387]
Games played: 123
Exploitability: P1=1.900000000 P2=0.081649962 EV: (-0.08796102576837078, 0.08796102576837078) P1 Winnings: -63.0
Choosing model 2
[0.2926754309170723, 0.021851886350601844, 0.6472655989549774, 0.020960365981490772, 0.017246717795857663]
Games played: 124
Exploitability: P1=4.600000000 P2=0.081649962 EV: (0.05340807346135567, -0.05340807346135567) P1 Winnings: -68.0
Choosing model 2
[0.27395900774688986, 0.02415626541101753, 0.6711413452071594, 0.01763228195592452, 0.013111099679008762]
Games played: 125
Exploitability: P1=4.600000000 P2=0.081649962 EV: (0.05340807346135567, -0.05340807346135567) P1 Winnings: -63.0
Choosing model 2
[0.28970743852816977, 0.022633661087564875, 0.6529382659387499, 0.019626694335107848, 0.015093940110407694]
Games played: 126
Exploitability: P1=4.600000000 P2=0.081649962 EV: (0.05340807346135567, -0.05340807346135567) P1 Winnings: -54.0
Choosing model 0
[0.29876921347972685, 0.015694702519313528, 0.6496637485388875, 0.018102411779916252, 0.017769923682155932]
Games played: 127
Exploitability: P1=1.900000000 P2=0.081649962 EV: (-0.08796102576837078, 0.08796102576837078) P1 Winnings: -59.0
Choosing model 2
[0.29687739332257734, 0.016697552803979842, 0.6509757885846708, 0.01843018779574481, 0.01701907749302736]
Games played: 128
Exploitability: P1=4.600000000 P2=0.081649962 EV: (0.05340807346135567, -0.05340807346135567) P1 Winnings: -60.0
Choosing model 0
[0.2676278683689491, 0.020796643971129847, 0.6856863387657034, 0.014785486804172363, 0.011103662090045215]
Games played: 129
Exploitability: P1=1.900000000 P2=0.081649962 EV: (-0.08796102576837078, 0.08796102576837078) P1 Winnings: -51.0
Choosing model 2
[0.265715999165292, 0.022107420886402156, 0.6865098692839753, 0.015040907287953771, 0.010625803376376829]
Games played: 130
Exploitability: P1=4.600000000 P2=0.081649962 EV: (0.05340807346135567, -0.05340807346135567) P1 Winnings: -52.0
Choosing model 2
[0.2700809930473102, 0.018205971776033055, 0.6857613881441555, 0.0144664861548692, 0.011485160877632166]
Games played: 131
Exploitability: P1=4.600000000 P2=0.081649962 EV: (0.05340807346135567, -0.05340807346135567) P1 Winnings: -51.0
Choosing model 2
[0.2673370992106755, 0.019226499346399393, 0.6880862997199142, 0.014460180277846374, 0.010889921445164421]
Games played: 132
Exploitability: P1=4.600000000 P2=0.081649962 EV: (0.05340807346135567, -0.05340807346135567) P1 Winnings: -46.0
Choosing model 2
[0.26447069485583635, 0.020353792023508552, 0.6902645297015146, 0.014854033626560096, 0.010056949792580382]
Games played: 133
Exploitability: P1=4.600000000 P2=0.081649962 EV: (0.05340807346135567, -0.05340807346135567) P1 Winnings: -39.0
Choosing model 2
[0.2687491045855025, 0.01675769457727129, 0.6893423385415622, 0.014283234841470684, 0.01086762745419326]
Games played: 134
Exploitability: P1=4.600000000 P2=0.081649962 EV: (0.05340807346135567, -0.05340807346135567) P1 Winnings: -38.0
Choosing model 2
[0.2165979125792076, 0.017949969926141084, 0.7516529151007708, 0.008078061087641796, 0.005721141306238636]
Games played: 135
Exploitability: P1=4.600000000 P2=0.081649962 EV: (0.05340807346135567, -0.05340807346135567) P1 Winnings: -33.0
Choosing model 2
[0.22021657878614465, 0.01478628041893779, 0.7510399117685468, 0.007771692020156434, 0.006185537006214198]
Games played: 136
Exploitability: P1=4.600000000 P2=0.081649962 EV: (0.05340807346135567, -0.05340807346135567) P1 Winnings: -32.0
Choosing model 2
[0.2221396659014382, 0.012002762155476345, 0.752085474491797, 0.007215216186315651, 0.0065568812649727925]
Games played: 137
Exploitability: P1=4.600000000 P2=0.081649962 EV: (0.05340807346135567, -0.05340807346135567) P1 Winnings: -31.0
Choosing model 0
[0.22639651762311486, 0.00938575765845664, 0.7501435811033202, 0.006865180172787437, 0.007208963442320829]
Games played: 138
Exploitability: P1=1.900000000 P2=0.081649962 EV: (-0.08796102576837078, 0.08796102576837078) P1 Winnings: -30.0
Choosing model 2
[0.2137924629613973, 0.007626061066166248, 0.767195608433175, 0.005261756891520436, 0.006124110647741019]
Games played: 139
Exploitability: P1=4.600000000 P2=0.081649962 EV: (0.05340807346135567, -0.05340807346135567) P1 Winnings: -27.0
Choosing model 2
[0.1975274307189124, 0.008321025334902683, 0.7851873294529986, 0.0043689406519765535, 0.004595273841209718]
Games played: 140
Exploitability: P1=4.600000000 P2=0.081649962 EV: (0.05340807346135567, -0.05340807346135567) P1 Winnings: -22.0
Choosing model 2
[0.18890683683787254, 0.00821618515018752, 0.7951112907783473, 0.003777994146253401, 0.003987693087339318]
Games played: 141
Exploitability: P1=4.600000000 P2=0.081649962 EV: (0.05340807346135567, -0.05340807346135567) P1 Winnings: -21.0
Choosing model 2
[0.1474899086433754, 0.008525641398797607, 0.8398808966989182, 0.0020698993424989355, 0.0020336539164097817]
Games played: 142
Exploitability: P1=4.600000000 P2=0.081649962 EV: (0.05340807346135567, -0.05340807346135567) P1 Winnings: -16.0
Choosing model 2
[0.1405580158992628, 0.008388677241546157, 0.8475110928988651, 0.0017836408582340964, 0.0017585731020919276]
Games played: 143
Exploitability: P1=4.600000000 P2=0.081649962 EV: (0.05340807346135567, -0.05340807346135567) P1 Winnings: -15.0
Choosing model 2
[0.13595941738124306, 0.011215067666438651, 0.849437283871455, 0.0019181382658491185, 0.0014700928150142433]
Games played: 144
Exploitability: P1=4.600000000 P2=0.081649962 EV: (0.05340807346135567, -0.05340807346135567) P1 Winnings: -10.0
Choosing model 2
[0.138839702201475, 0.00878720554080518, 0.8489248887333138, 0.00182870331147002, 0.0016195002129358507]
Games played: 145
Exploitability: P1=4.600000000 P2=0.081649962 EV: (0.05340807346135567, -0.05340807346135567) P1 Winnings: -9.0
Choosing model 2
[0.13426779332007566, 0.01174528878622444, 0.8506672154990452, 0.001966166306833024, 0.0013535360878215352]
Games played: 146
Exploitability: P1=4.600000000 P2=0.081649962 EV: (0.05340807346135567, -0.05340807346135567) P1 Winnings: -4.0
Choosing model 2
[0.12969029630617132, 0.01568028915078604, 0.8513881043132958, 0.002111420340240124, 0.0011298898895067563]
Games played: 147
Exploitability: P1=4.600000000 P2=0.081649962 EV: (0.05340807346135567, -0.05340807346135567) P1 Winnings: 1.0
Choosing model 2
[0.11853304004977672, 0.016924956023833516, 0.8619690429505441, 0.0017342710875949525, 0.0008386898882506978]
Games played: 148
Exploitability: P1=4.600000000 P2=0.081649962 EV: (0.05340807346135567, -0.05340807346135567) P1 Winnings: 6.0
Choosing model 2
[0.11961808014978903, 0.019547651851909088, 0.8581294314474013, 0.0019079047929484447, 0.0007969317579523315]
Games played: 149
Exploitability: P1=4.600000000 P2=0.081649962 EV: (0.05340807346135567, -0.05340807346135567) P1 Winnings: 6.0
Choosing model 2
[0.10917673391553244, 0.021070236348202463, 0.8675973520334402, 0.001564949442309975, 0.0005907282605148307]
Games played: 150
Exploitability: P1=4.600000000 P2=0.081649962 EV: (0.05340807346135567, -0.05340807346135567) P1 Winnings: 11.0
Choosing model 0
[0.11760695030929111, 0.020110517746932965, 0.8598153099010303, 0.001774466387237257, 0.0006927556555085086]
Games played: 151
Exploitability: P1=1.900000000 P2=0.081649962 EV: (-0.08796102576837078, 0.08796102576837078) P1 Winnings: 2.0
Choosing model 2
[0.11984648854176522, 0.0166040908321728, 0.8610876211450834, 0.0017110907064932864, 0.0007507087744852809]
Games played: 152
Exploitability: P1=4.600000000 P2=0.081649962 EV: (0.05340807346135567, -0.05340807346135567) P1 Winnings: 1.0
Choosing model 2
[0.11984643799173937, 0.01660413985121525, 0.8610876230498524, 0.0017110920877126516, 0.0007507070194803621]
Games played: 153
Exploitability: P1=4.600000000 P2=0.081649962 EV: (0.05340807346135567, -0.05340807346135567) P1 Winnings: -8.0
Choosing model 2
[0.11832206808595856, 0.017489530316909425, 0.8617725190484703, 0.0017059230854512364, 0.000709959463210529]
Games played: 154
Exploitability: P1=4.600000000 P2=0.081649962 EV: (0.05340807346135567, -0.05340807346135567) P1 Winnings: -3.0
Choosing model 2
[0.12275831138697811, 0.012200717823496554, 0.8626171920658869, 0.0015829153246163749, 0.0008408633990219729]
Games played: 155
Exploitability: P1=4.600000000 P2=0.081649962 EV: (0.05340807346135567, -0.05340807346135567) P1 Winnings: -8.0
Choosing model 2
[0.12490848645614935, 0.010058330266010204, 0.8625992494689939, 0.001524092858703824, 0.0009098409501426089]
Games played: 156
Exploitability: P1=4.600000000 P2=0.081649962 EV: (0.05340807346135567, -0.05340807346135567) P1 Winnings: -7.0
Choosing model 2
[0.11886310351752463, 0.00988221101411903, 0.8691576801869116, 0.0013113886541613533, 0.0007856166272833216]
Games played: 157
Exploitability: P1=4.600000000 P2=0.081649962 EV: (0.05340807346135567, -0.05340807346135567) P1 Winnings: -6.0
Choosing model 2
[0.12302801043168525, 0.006877540250369748, 0.8679522274630874, 0.0012139517919867904, 0.0009282700628707721]
Games played: 158
Exploitability: P1=4.600000000 P2=0.081649962 EV: (0.05340807346135567, -0.05340807346135567) P1 Winnings: -1.0
Choosing model 2
[0.11873916191502604, 0.00933950593612882, 0.8698427684224351, 0.0013108650132807682, 0.0007676987131290499]
Games played: 159
Exploitability: P1=4.600000000 P2=0.081649962 EV: (0.05340807346135567, -0.05340807346135567) P1 Winnings: -1.0
Choosing model 2
[0.1226346372158844, 0.006618287724043654, 0.8686309812663896, 0.0012187171228576392, 0.0008973766708248021]
Games played: 160
Exploitability: P1=4.600000000 P2=0.081649962 EV: (0.05340807346135567, -0.05340807346135567) P1 Winnings: -1.0
Choosing model 2
[0.12678558244867075, 0.0046007056214119706, 0.8664277416928887, 0.0011268671423430294, 0.0010591030946855433]
Games played: 161
Exploitability: P1=4.600000000 P2=0.081649962 EV: (0.05340807346135567, -0.05340807346135567) P1 Winnings: 4.0
Choosing model 2
[0.1362834885472847, 0.004381761868044213, 0.8568203779787982, 0.0012750014032624126, 0.0012393702026105313]
Games played: 162
Exploitability: P1=4.600000000 P2=0.081649962 EV: (0.05340807346135567, -0.05340807346135567) P1 Winnings: 13.0
Choosing model 2
[0.13197596860677116, 0.00581375689876976, 0.8598022002259909, 0.001372277550188707, 0.001035796718279569]
Games played: 163
Exploitability: P1=4.600000000 P2=0.081649962 EV: (0.05340807346135567, -0.05340807346135567) P1 Winnings: 18.0
Choosing model 2
[0.1341123521757057, 0.004786635006517197, 0.8586621511602107, 0.0013195589900723494, 0.0011193026674940038]
Games played: 164
Exploitability: P1=4.600000000 P2=0.081649962 EV: (0.05340807346135567, -0.05340807346135567) P1 Winnings: 17.0
Choosing model 2
[0.14406380132796068, 0.004555828397012079, 0.8485793836387497, 0.001492036596071214, 0.001308950040206258]
Games played: 165
Exploitability: P1=4.600000000 P2=0.081649962 EV: (0.05340807346135567, -0.05340807346135567) P1 Winnings: 8.0
Choosing model 2
[0.14622993959874495, 0.0035664453640515312, 0.8473835435747026, 0.001393722273407377, 0.0014263491890936677]
Games played: 166
Exploitability: P1=4.600000000 P2=0.081649962 EV: (0.05340807346135567, -0.05340807346135567) P1 Winnings: 11.0
Choosing model 2
[0.14622988544900165, 0.003566456076623955, 0.8473835890761645, 0.0013937234701969143, 0.0014263459280129524]
Games played: 167
Exploitability: P1=4.600000000 P2=0.081649962 EV: (0.05340807346135567, -0.05340807346135567) P1 Winnings: 2.0
Choosing model 2
[0.15188196184030614, 0.0022198336158063287, 0.842906817775722, 0.0012626422728905776, 0.0017287444952751837]
Games played: 168
Exploitability: P1=4.600000000 P2=0.081649962 EV: (0.05340807346135567, -0.05340807346135567) P1 Winnings: 5.0
Choosing model 2
[0.15662463862902007, 0.001539204732155937, 0.8386365090979303, 0.0011645209134072104, 0.0020351266274864868]
Games played: 169
Exploitability: P1=4.600000000 P2=0.081649962 EV: (0.05340807346135567, -0.05340807346135567) P1 Winnings: 10.0
Choosing model 2
[0.15952833204269704, 0.001213436070255089, 0.8359112418017367, 0.0011077025807083951, 0.002239287504602805]
Games played: 170
Exploitability: P1=4.600000000 P2=0.081649962 EV: (0.05340807346135567, -0.05340807346135567) P1 Winnings: 7.0
Choosing model 2
[0.15208830632928508, 0.0011943950960698565, 0.8438252983986018, 0.0009548739399080401, 0.0019371262361353228]
Games played: 171
Exploitability: P1=4.600000000 P2=0.081649962 EV: (0.05340807346135567, -0.05340807346135567) P1 Winnings: 8.0
Choosing model 0
[0.15435705032502536, 0.0009821506930393865, 0.8416530766489936, 0.0009170423505312813, 0.0020906799824104354]
Games played: 172
Exploitability: P1=1.900000000 P2=0.081649962 EV: (-0.08796102576837078, 0.08796102576837078) P1 Winnings: 9.0
Choosing model 2
[0.1532703138616394, 0.0010441625572637182, 0.8427516286209354, 0.0009329814339428919, 0.002000913526218671]
Games played: 173
Exploitability: P1=4.600000000 P2=0.081649962 EV: (0.05340807346135567, -0.05340807346135567) P1 Winnings: 14.0
Choosing model 2
[0.1515230872645862, 0.0011013111147778556, 0.8445493596315217, 0.0009314063775902253, 0.0018948356115240737]
Games played: 174
Exploitability: P1=4.600000000 P2=0.081649962 EV: (0.05340807346135567, -0.05340807346135567) P1 Winnings: 19.0
Choosing model 2
[0.1624876240809067, 0.001046411380788861, 0.8332025312266504, 0.0010513450165025471, 0.0022120882951513687]
Games played: 175
Exploitability: P1=4.600000000 P2=0.081649962 EV: (0.05340807346135567, -0.05340807346135567) P1 Winnings: 28.0
Choosing model 0
[0.15770039682465103, 0.001403685095683671, 0.8379060566025045, 0.0011344270629423813, 0.0018554344142183844]
Games played: 176
Exploitability: P1=1.900000000 P2=0.081649962 EV: (-0.08796102576837078, 0.08796102576837078) P1 Winnings: 33.0
Choosing model 2
[0.15658822984302892, 0.0014922942648131696, 0.8389895982625887, 0.001154130567301895, 0.0017757470622672947]
Games played: 177
Exploitability: P1=4.600000000 P2=0.081649962 EV: (0.05340807346135567, -0.05340807346135567) P1 Winnings: 32.0
Choosing model 2
[0.14363255458119084, 0.001616552380305566, 0.8524766592586731, 0.0009513910378263362, 0.0013228427420041847]
Games played: 178
Exploitability: P1=4.600000000 P2=0.081649962 EV: (0.05340807346135567, -0.05340807346135567) P1 Winnings: 37.0
Choosing model 2
[0.14581484324507404, 0.0013296525024729196, 0.8505134657208367, 0.0009139466312909658, 0.001428091900325417]
Games played: 179
Exploitability: P1=4.600000000 P2=0.081649962 EV: (0.05340807346135567, -0.05340807346135567) P1 Winnings: 36.0
Choosing model 2
[0.1336780050852372, 0.0016949149962808172, 0.8627784421256902, 0.000808635581988221, 0.001040002210803567]
Games played: 180
Exploitability: P1=4.600000000 P2=0.081649962 EV: (0.05340807346135567, -0.05340807346135567) P1 Winnings: 41.0
Choosing model 2
[0.11668851313998616, 0.002044100747369033, 0.8799822029164023, 0.0006281634429542152, 0.0006570197532882612]
Games played: 181
Exploitability: P1=4.600000000 P2=0.081649962 EV: (0.05340807346135567, -0.05340807346135567) P1 Winnings: 50.0
Choosing model 2
[0.09414109266989462, 0.002411362895746502, 0.9026938228140385, 0.00040712402377932484, 0.00034659759654090747]
Games played: 182
Exploitability: P1=4.600000000 P2=0.081649962 EV: (0.05340807346135567, -0.05340807346135567) P1 Winnings: 55.0
Choosing model 2
[0.0910831533558355, 0.0032246021075129135, 0.9049645037586156, 0.00043792967366693716, 0.0002898111043691784]
Games played: 183
Exploitability: P1=4.600000000 P2=0.081649962 EV: (0.05340807346135567, -0.05340807346135567) P1 Winnings: 60.0
Choosing model 0
[0.09258430290217036, 0.0026556752124713714, 0.9040255283839219, 0.0004212273933433556, 0.000313266108093011]
Games played: 184
Exploitability: P1=1.900000000 P2=0.081649962 EV: (-0.08796102576837078, 0.08796102576837078) P1 Winnings: 59.0
Choosing model 2
[0.08920572229695141, 0.0037020459771727335, 0.9063782543623636, 0.0004571993482920267, 0.0002567780152201643]
Games played: 185
Exploitability: P1=4.600000000 P2=0.081649962 EV: (0.05340807346135567, -0.05340807346135567) P1 Winnings: 58.0
Choosing model 2
[0.08850814058210005, 0.003932699449422803, 0.9068488192640194, 0.00046478076645338533, 0.0002455599380044388]
Games played: 186
Exploitability: P1=4.600000000 P2=0.081649962 EV: (0.05340807346135567, -0.05340807346135567) P1 Winnings: 45.0
Choosing model 2
[0.07668809217987448, 0.004707840043993921, 0.9180917022098306, 0.00035838062711806266, 0.00015398493918299607]
Games played: 187
Exploitability: P1=4.600000000 P2=0.081649962 EV: (0.05340807346135567, -0.05340807346135567) P1 Winnings: 54.0
Choosing model 2
[0.07793258018785108, 0.0036897726506163447, 0.9178744952661213, 0.00033515907345514325, 0.0001679928219561827]
Games played: 188
Exploitability: P1=4.600000000 P2=0.081649962 EV: (0.05340807346135567, -0.05340807346135567) P1 Winnings: 57.0
Choosing model 0
[0.07793254888078441, 0.00368978361771584, 0.9178745157181777, 0.0003351593507274483, 0.0001679924325946186]
Games played: 189
Exploitability: P1=1.900000000 P2=0.081649962 EV: (-0.08796102576837078, 0.08796102576837078) P1 Winnings: 48.0
Choosing model 2
[0.07793254061138939, 0.0036897865101079286, 0.9178745211249824, 0.0003351594237556467, 0.00016799232976466753]
Games played: 190
Exploitability: P1=4.600000000 P2=0.081649962 EV: (0.05340807346135567, -0.05340807346135567) P1 Winnings: 47.0
Choosing model 2
[0.07532429137538578, 0.004929151825910444, 0.9192460788523348, 0.00036015253462114486, 0.00014032541174789954]
Games played: 191
Exploitability: P1=4.600000000 P2=0.081649962 EV: (0.05340807346135567, -0.05340807346135567) P1 Winnings: 52.0
Choosing model 2
[0.0714509369865218, 0.004827454409369969, 0.9232919229328667, 0.0003089044917948989, 0.0001207811794465876]
Games played: 192
Exploitability: P1=4.600000000 P2=0.081649962 EV: (0.05340807346135567, -0.05340807346135567) P1 Winnings: 53.0
Choosing model 2
[0.06776123583480491, 0.004726772309178058, 0.9271431685160496, 0.00026488812388547633, 0.00010393521608196477]
Games played: 193
Exploitability: P1=4.600000000 P2=0.081649962 EV: (0.05340807346135567, -0.05340807346135567) P1 Winnings: 54.0
Choosing model 2
[0.06887116233072994, 0.0037051650993151666, 0.9270625039338488, 0.0002477615541169481, 0.00011340708198927575]
Games played: 194
Exploitability: P1=4.600000000 P2=0.081649962 EV: (0.05340807346135567, -0.05340807346135567) P1 Winnings: 57.0
Choosing model 2
[0.0688711343921292, 0.0037051760975492544, 0.9270625209335173, 0.0002477617581091552, 0.0001134068186952041]
Games played: 195
Exploitability: P1=4.600000000 P2=0.081649962 EV: (0.05340807346135567, -0.05340807346135567) P1 Winnings: 48.0
Choosing model 2
[0.06530276200682908, 0.003627239895656758, 0.930760007420038, 0.00021241905000774137, 9.757162746850484e-05]
Games played: 196
Exploitability: P1=4.600000000 P2=0.081649962 EV: (0.05340807346135567, -0.05340807346135567) P1 Winnings: 49.0
Choosing model 2
[0.06759794538105203, 0.0025246449334452013, 0.9295654523236133, 0.00019665658403929397, 0.00011530077785005468]
Games played: 197
Exploitability: P1=4.600000000 P2=0.081649962 EV: (0.05340807346135567, -0.05340807346135567) P1 Winnings: 44.0
Choosing model 2
[0.06900987249935496, 0.0019948985046120524, 0.92868057626394, 0.0001874926955808249, 0.00012716003651212985]
Games played: 198
Exploitability: P1=4.600000000 P2=0.081649962 EV: (0.05340807346135567, -0.05340807346135567) P1 Winnings: 41.0
Choosing model 2
[0.06271568148129006, 0.0021410522552002932, 0.9348962833365534, 0.00015312976503911244, 9.385316191719246e-05]
Games played: 199
Exploitability: P1=4.600000000 P2=0.081649962 EV: (0.05340807346135567, -0.05340807346135567) P1 Winnings: 46.0
Choosing model 2
[0.06317233967334128, 0.001735498497598908, 0.9348508567089282, 0.00014196068802656481, 9.934443210497396e-05]
Games played: 200
Exploitability: P1=4.600000000 P2=0.081649962 EV: (0.05340807346135567, -0.05340807346135567) P1 Winnings: 47.0
