Player 1 exploitability: 0.141934348114
Choosing model 1
[0.1973349639706216, 0.21128199721835308, 0.19899353135783318, 0.2021883263136098, 0.19020118113958234]
Games played: 1
Exploitability: P1=2.800000000 P2=0.056282334 EV: (-0.49040807962022737, 0.49040807962022737) P1 Winnings: -1
Choosing model 0
[0.19327930568841725, 0.22892678364738567, 0.19824296941455732, 0.20759253343501882, 0.1719584078146209]
Games played: 2
Exploitability: P1=1.900000000 P2=0.056282334 EV: (-0.09300407288913805, 0.09300407288913805) P1 Winnings: 2.0
Choosing model 1
[0.19009796233122989, 0.24107221833339532, 0.1966186987045044, 0.2091972014193041, 0.16301391921156622]
Games played: 3
Exploitability: P1=2.800000000 P2=0.056282334 EV: (-0.49040807962022737, 0.49040807962022737) P1 Winnings: 1.0
Choosing model 0
[0.20252297050906154, 0.1970554721565405, 0.2050006381704763, 0.20807105097658202, 0.18734986818733962]
Games played: 4
Exploitability: P1=1.900000000 P2=0.056282334 EV: (-0.09300407288913805, 0.09300407288913805) P1 Winnings: 2.0
Choosing model 4
[0.19972780547390834, 0.20807082722046114, 0.20387049285400374, 0.2102460952708191, 0.17808477918080762]
Games played: 5
Exploitability: P1=2.600000000 P2=0.056282334 EV: (0.0330191914840723, -0.0330191914840723) P1 Winnings: 1.0
Choosing model 3
[0.20336470649031002, 0.2187365509180143, 0.21979904619100957, 0.19356635276341685, 0.16453334363724922]
Games played: 6
Exploitability: P1=1.933333333 P2=0.056282334 EV: (0.001469643866109551, -0.001469643866109551) P1 Winnings: 2.0
Choosing model 3
[0.1893829268671782, 0.23669435284343632, 0.17053046785744727, 0.23503959779533934, 0.1683526546365988]
Games played: 7
Exploitability: P1=1.933333333 P2=0.056282334 EV: (0.001469643866109551, -0.001469643866109551) P1 Winnings: 7.0
Choosing model 2
[0.1703436325066703, 0.35491366295861304, 0.19012889161545848, 0.18708216921131549, 0.0975316437079427]
Games played: 8
Exploitability: P1=4.600000000 P2=0.056282334 EV: (-0.5993158496617189, 0.5993158496617189) P1 Winnings: 12.0
Choosing model 1
[0.18405644541070942, 0.3107043746659955, 0.2018938496900794, 0.19128039194196825, 0.1120649382912474]
Games played: 9
Exploitability: P1=2.800000000 P2=0.056282334 EV: (-0.49040807962022737, 0.49040807962022737) P1 Winnings: 11.0
Choosing model 1
[0.16157692916765667, 0.3824625065694532, 0.18389598654332198, 0.18747308099894233, 0.08459149672062573]
Games played: 10
Exploitability: P1=2.800000000 P2=0.056282334 EV: (-0.49040807962022737, 0.49040807962022737) P1 Winnings: 11.0
Choosing model 2
[0.17610299981555969, 0.3357488841186454, 0.19688708492576232, 0.19307096219043385, 0.09819006894959866]
Games played: 11
Exploitability: P1=4.600000000 P2=0.056282334 EV: (-0.5993158496617189, 0.5993158496617189) P1 Winnings: 12.0
Choosing model 1
[0.13286199751349612, 0.41929613742016264, 0.11834328496361635, 0.2510364287712903, 0.07846215133143473]
Games played: 12
Exploitability: P1=2.800000000 P2=0.056282334 EV: (-0.49040807962022737, 0.49040807962022737) P1 Winnings: 3.0
Choosing model 3
[0.12849734076954958, 0.4341828676456498, 0.11541756351585762, 0.24876091712823278, 0.0731413109407102]
Games played: 13
Exploitability: P1=1.933333333 P2=0.056282334 EV: (0.001469643866109551, -0.001469643866109551) P1 Winnings: -4.0
Choosing model 4
[0.13565349667617294, 0.40783710342663715, 0.12131629611891273, 0.2578589904744044, 0.07733411330387288]
Games played: 14
Exploitability: P1=2.600000000 P2=0.056282334 EV: (0.0330191914840723, -0.0330191914840723) P1 Winnings: -9.0
Choosing model 2
[0.13565343956898457, 0.4078372947116403, 0.12131625863482268, 0.2578589654677928, 0.07733404161675965]
Games played: 15
Exploitability: P1=4.600000000 P2=0.056282334 EV: (-0.5993158496617189, 0.5993158496617189) P1 Winnings: -10.0
Choosing model 1
[0.1372298685924492, 0.425968894444634, 0.1299484855101023, 0.23586578580448528, 0.0709869656483292]
Games played: 16
Exploitability: P1=2.800000000 P2=0.056282334 EV: (-0.49040807962022737, 0.49040807962022737) P1 Winnings: -9.0
Choosing model 1
[0.10645459134304784, 0.4196966376676794, 0.07357396127385857, 0.32994238981575114, 0.07033241989966318]
Games played: 17
Exploitability: P1=2.800000000 P2=0.056282334 EV: (-0.49040807962022737, 0.49040807962022737) P1 Winnings: 4.0
Choosing model 0
[0.1064545392165638, 0.41969683590805956, 0.07357393415014368, 0.3299423437363814, 0.07033234698885162]
Games played: 18
Exploitability: P1=1.900000000 P2=0.056282334 EV: (-0.09300407288913805, 0.09300407288913805) P1 Winnings: -3.0
Choosing model 0
[0.10276988036375909, 0.4338062596241994, 0.07162432863564631, 0.32635611764830075, 0.06544341372809437]
Games played: 19
Exploitability: P1=1.900000000 P2=0.056282334 EV: (-0.09300407288913805, 0.09300407288913805) P1 Winnings: -4.0
Choosing model 1
[0.11665227770749385, 0.3778049943288869, 0.07956489697202547, 0.34584228628232005, 0.08013554470927362]
Games played: 20
Exploitability: P1=2.800000000 P2=0.056282334 EV: (-0.49040807962022737, 0.49040807962022737) P1 Winnings: -3.0
Choosing model 1
[0.11953617702479473, 0.3430242220100139, 0.07500871226102106, 0.3730343355665594, 0.08939655313761088]
Games played: 21
Exploitability: P1=2.800000000 P2=0.056282334 EV: (-0.49040807962022737, 0.49040807962022737) P1 Winnings: 6.0
Choosing model 1
[0.11953600054773832, 0.3430248729549236, 0.07500863332581961, 0.3730342432986581, 0.08939624987286034]
Games played: 22
Exploitability: P1=2.800000000 P2=0.056282334 EV: (-0.49040807962022737, 0.49040807962022737) P1 Winnings: -3.0
Choosing model 1
[0.13269442968898273, 0.29216224398701773, 0.08148896319794473, 0.3865998088212285, 0.10705455430482638]
Games played: 23
Exploitability: P1=2.800000000 P2=0.056282334 EV: (-0.49040807962022737, 0.49040807962022737) P1 Winnings: -2.0
Choosing model 4
[0.14533474325797038, 0.24551914059680102, 0.08734722582361183, 0.39530959325476184, 0.12648929706685494]
Games played: 24
Exploitability: P1=2.600000000 P2=0.056282334 EV: (0.0330191914840723, -0.0330191914840723) P1 Winnings: -1.0
Choosing model 3
[0.15508389201033693, 0.21101868192418524, 0.09155960995159212, 0.39858893445096744, 0.14374888166291835]
Games played: 25
Exploitability: P1=1.933333333 P2=0.056282334 EV: (0.001469643866109551, -0.001469643866109551) P1 Winnings: -1.0
Choosing model 3
[0.17044188967624943, 0.15912669247880326, 0.097294817774883, 0.39433294473417174, 0.17880365533589276]
Games played: 26
Exploitability: P1=1.933333333 P2=0.056282334 EV: (0.001469643866109551, -0.001469643866109551) P1 Winnings: -12.0
Choosing model 3
[0.15759274641822674, 0.08439562890772463, 0.06625178255600807, 0.4438849243159706, 0.24787491780206988]
Games played: 27
Exploitability: P1=1.933333333 P2=0.056282334 EV: (0.001469643866109551, -0.001469643866109551) P1 Winnings: -12.0
Choosing model 4
[0.14613390627657444, 0.12405263093992114, 0.064598058110888, 0.4781666051998165, 0.18704879947279993]
Games played: 28
Exploitability: P1=2.600000000 P2=0.056282334 EV: (0.0330191914840723, -0.0330191914840723) P1 Winnings: -15.0
Choosing model 3
[0.1208271577698411, 0.07060013788609724, 0.038457127646197825, 0.5362291877575727, 0.23388638894029112]
Games played: 29
Exploitability: P1=1.933333333 P2=0.056282334 EV: (0.001469643866109551, -0.001469643866109551) P1 Winnings: -8.0
Choosing model 3
[0.12970934506675844, 0.07825018410733021, 0.04371373621042036, 0.5205015542013267, 0.22782518041416425]
Games played: 30
Exploitability: P1=1.933333333 P2=0.056282334 EV: (0.001469643866109551, -0.001469643866109551) P1 Winnings: -7.0
Choosing model 3
[0.1320530282465584, 0.07071666151949513, 0.04419555244421876, 0.5170975653100974, 0.23593719247963033]
Games played: 31
Exploitability: P1=1.933333333 P2=0.056282334 EV: (0.001469643866109551, -0.001469643866109551) P1 Winnings: -10.0
Choosing model 0
[0.13644185596464353, 0.05655403240314782, 0.04468754166143954, 0.49896471079969945, 0.2633518591710696]
Games played: 32
Exploitability: P1=1.900000000 P2=0.056282334 EV: (-0.09300407288913805, 0.09300407288913805) P1 Winnings: -7.0
Choosing model 4
[0.13547670270236845, 0.060122770985990025, 0.04474436746797099, 0.5076201628268027, 0.2520359960168679]
Games played: 33
Exploitability: P1=2.600000000 P2=0.056282334 EV: (0.0330191914840723, -0.0330191914840723) P1 Winnings: -2.0
Choosing model 1
[0.13881768288770532, 0.04962008093956555, 0.04503769130027531, 0.49148433152447923, 0.2750402133479746]
Games played: 34
Exploitability: P1=2.800000000 P2=0.056282334 EV: (-0.49040807962022737, 0.49040807962022737) P1 Winnings: -1.0
Choosing model 3
[0.12983250948380984, 0.040992468911909094, 0.03746399178166501, 0.5040709452045409, 0.28764008461807516]
Games played: 35
Exploitability: P1=1.933333333 P2=0.056282334 EV: (0.001469643866109551, -0.001469643866109551) P1 Winnings: -8.0
Choosing model 3
[0.13981456443868504, 0.04557704356799798, 0.04271863712347588, 0.4908236741496368, 0.2810660807202043]
Games played: 36
Exploitability: P1=1.933333333 P2=0.056282334 EV: (0.001469643866109551, -0.001469643866109551) P1 Winnings: -7.0
Choosing model 0
[0.14282720961406498, 0.036036886435269956, 0.0427055746220993, 0.4682546777152835, 0.3101756516132823]
Games played: 37
Exploitability: P1=1.900000000 P2=0.056282334 EV: (-0.09300407288913805, 0.09300407288913805) P1 Winnings: -4.0
Choosing model 3
[0.15356169104021414, 0.04000297654159477, 0.04861730499251095, 0.4552174830282587, 0.30260054439742134]
Games played: 38
Exploitability: P1=1.933333333 P2=0.056282334 EV: (0.001469643866109551, -0.001469643866109551) P1 Winnings: -3.0
Choosing model 4
[0.15603906586743013, 0.03146192826017922, 0.04834482364581608, 0.43198381333985053, 0.33217036888672413]
Games played: 39
Exploitability: P1=2.600000000 P2=0.056282334 EV: (0.0330191914840723, -0.0330191914840723) P1 Winnings: 0.0
Choosing model 4
[0.15281722306052853, 0.044579561609104056, 0.04926770950905085, 0.47658468119623276, 0.27675082462508377]
Games played: 40
Exploitability: P1=2.600000000 P2=0.056282334 EV: (0.0330191914840723, -0.0330191914840723) P1 Winnings: -1.0
Choosing model 3
[0.1555187668163608, 0.03675748738999551, 0.049274555907328856, 0.4589480287575661, 0.29950116112874875]
Games played: 41
Exploitability: P1=1.933333333 P2=0.056282334 EV: (0.001469643866109551, -0.001469643866109551) P1 Winnings: -2.0
Choosing model 2
[0.16679640293009687, 0.040702661255556334, 0.05595784386328082, 0.44507403589969197, 0.2914690560513741]
Games played: 42
Exploitability: P1=4.600000000 P2=0.056282334 EV: (-0.5993158496617189, 0.5993158496617189) P1 Winnings: -1.0
Choosing model 4
[0.17094467375917224, 0.032172031567639724, 0.05642037704053571, 0.41977492005003036, 0.320687997582622]
Games played: 43
Exploitability: P1=2.600000000 P2=0.056282334 EV: (0.0330191914840723, -0.0330191914840723) P1 Winnings: 2.0
Choosing model 4
[0.18293633931526157, 0.03554643151366079, 0.06393148189702012, 0.40618676866128994, 0.3113989786127675]
Games played: 44
Exploitability: P1=2.600000000 P2=0.056282334 EV: (0.0330191914840723, -0.0330191914840723) P1 Winnings: 3.0
Choosing model 3
[0.18395196096167235, 0.03227130542432996, 0.06377267776580656, 0.3980583351699081, 0.3219457206782831]
Games played: 45
Exploitability: P1=1.933333333 P2=0.056282334 EV: (0.001469643866109551, -0.001469643866109551) P1 Winnings: 0.0
Choosing model 3
[0.18546195180724612, 0.02888193066696509, 0.0638511316121563, 0.39162507432994775, 0.3301799115836848]
Games played: 46
Exploitability: P1=1.933333333 P2=0.056282334 EV: (0.001469643866109551, -0.001469643866109551) P1 Winnings: -3.0
Choosing model 0
[0.19801679437144898, 0.031838055291610726, 0.07218553419109595, 0.3780790074120422, 0.31988060873380225]
Games played: 47
Exploitability: P1=1.900000000 P2=0.056282334 EV: (-0.09300407288913805, 0.09300407288913805) P1 Winnings: -2.0
Choosing model 3
[0.19801679495388497, 0.03183808372118409, 0.07218554248821482, 0.3780791310219501, 0.319880447814766]
Games played: 48
Exploitability: P1=1.933333333 P2=0.056282334 EV: (0.001469643866109551, -0.001469643866109551) P1 Winnings: -3.0
Choosing model 3
[0.19607582468686208, 0.042527324841226885, 0.07403821445559639, 0.4143127074576147, 0.27304592855869997]
Games played: 49
Exploitability: P1=1.933333333 P2=0.056282334 EV: (0.001469643866109551, -0.001469643866109551) P1 Winnings: 4.0
Choosing model 3
[0.1960758157608374, 0.04252736381660584, 0.07403822004377075, 0.41431283360643806, 0.273045766772348]
Games played: 50
Exploitability: P1=1.933333333 P2=0.056282334 EV: (0.001469643866109551, -0.001469643866109551) P1 Winnings: 1.0
Choosing model 3
[0.1914760694040415, 0.05602192869084549, 0.07489108645272742, 0.44775699942020003, 0.22985391603218552]
Games played: 51
Exploitability: P1=1.933333333 P2=0.056282334 EV: (0.001469643866109551, -0.001469643866109551) P1 Winnings: 8.0
Choosing model 3
[0.20325632736887503, 0.061398920934730775, 0.08417712290606098, 0.4297707240581287, 0.22139690473220458]
Games played: 52
Exploitability: P1=1.933333333 P2=0.056282334 EV: (0.001469643866109551, -0.001469643866109551) P1 Winnings: 9.0
Choosing model 3
[0.1945986923022244, 0.08124772391300723, 0.08350686002007561, 0.4574582753732938, 0.1831884483913991]
Games played: 53
Exploitability: P1=1.933333333 P2=0.056282334 EV: (0.001469643866109551, -0.001469643866109551) P1 Winnings: 14.0
Choosing model 4
[0.19669351848365801, 0.07639462368301128, 0.08440766214090185, 0.460134577333191, 0.18236961835923796]
Games played: 54
Exploitability: P1=2.600000000 P2=0.056282334 EV: (0.0330191914840723, -0.0330191914840723) P1 Winnings: 11.0
Choosing model 2
[0.17417118874677381, 0.05249106463030601, 0.05877137094153106, 0.5045727988653689, 0.20999357681602038]
Games played: 55
Exploitability: P1=4.600000000 P2=0.056282334 EV: (-0.5993158496617189, 0.5993158496617189) P1 Winnings: 18.0
Choosing model 3
[0.17173029725551775, 0.03105369886488927, 0.05011857042126757, 0.4855546863736366, 0.2615427470846888]
Games played: 56
Exploitability: P1=1.933333333 P2=0.056282334 EV: (0.001469643866109551, -0.001469643866109551) P1 Winnings: 18.0
Choosing model 3
[0.10349302679450148, 0.025303694999106913, 0.018857859866808747, 0.6300634114932295, 0.2222820068463533]
Games played: 57
Exploitability: P1=1.933333333 P2=0.056282334 EV: (0.001469643866109551, -0.001469643866109551) P1 Winnings: 31.0
Choosing model 3
[0.10620285188508923, 0.020914493019097227, 0.01900969147765393, 0.6109420120881649, 0.24293095152999475]
Games played: 58
Exploitability: P1=1.933333333 P2=0.056282334 EV: (0.001469643866109551, -0.001469643866109551) P1 Winnings: 31.0
Choosing model 3
[0.10620284090726315, 0.02091451097701696, 0.01900969181286383, 0.6109421627672661, 0.24293079353559]
Games played: 59
Exploitability: P1=1.933333333 P2=0.056282334 EV: (0.001469643866109551, -0.001469643866109551) P1 Winnings: 28.0
Choosing model 3
[0.10911677312776785, 0.016487226437013395, 0.01911454764162203, 0.5860227031769822, 0.2692587496166145]
Games played: 60
Exploitability: P1=1.933333333 P2=0.056282334 EV: (0.001469643866109551, -0.001469643866109551) P1 Winnings: 28.0
Choosing model 3
[0.11853029789148872, 0.018490922406530972, 0.02198549574364289, 0.5755952180427343, 0.26539806591560305]
Games played: 61
Exploitability: P1=1.933333333 P2=0.056282334 EV: (0.001469643866109551, -0.001469643866109551) P1 Winnings: 29.0
Choosing model 3
[0.08917878614984474, 0.0095758373493774, 0.011910013627927029, 0.5873635600163877, 0.30197180285646325]
Games played: 62
Exploitability: P1=1.933333333 P2=0.056282334 EV: (0.001469643866109551, -0.001469643866109551) P1 Winnings: 36.0
Choosing model 3
[0.09727448706542098, 0.010784183409425972, 0.013755742192331707, 0.579307653735495, 0.29887793359732645]
Games played: 63
Exploitability: P1=1.933333333 P2=0.056282334 EV: (0.001469643866109551, -0.001469643866109551) P1 Winnings: 37.0
Choosing model 3
[0.06860038468856147, 0.009347784651093911, 0.007395686633787956, 0.6596502290758631, 0.2550059149506934]
Games played: 64
Exploitability: P1=1.933333333 P2=0.056282334 EV: (0.001469643866109551, -0.001469643866109551) P1 Winnings: 28.0
Choosing model 3
[0.07029388418951012, 0.0075214382682068336, 0.007426201875893495, 0.633904943305342, 0.28085353236104754]
Games played: 65
Exploitability: P1=1.933333333 P2=0.056282334 EV: (0.001469643866109551, -0.001469643866109551) P1 Winnings: 25.0
Choosing model 3
[0.06946453195262824, 0.010606919757463211, 0.007743816071743611, 0.6815708064178693, 0.2306139258002956]
Games played: 66
Exploitability: P1=1.933333333 P2=0.056282334 EV: (0.001469643866109551, -0.001469643866109551) P1 Winnings: 32.0
Choosing model 3
[0.06882849905636906, 0.01125260113283825, 0.007737401467241872, 0.6919396304625774, 0.22024186788097322]
Games played: 67
Exploitability: P1=1.933333333 P2=0.056282334 EV: (0.001469643866109551, -0.001469643866109551) P1 Winnings: 21.0
Choosing model 3
[0.06221566150784025, 0.006541064531528003, 0.005616477462521165, 0.6575493527919215, 0.2680774437061891]
Games played: 68
Exploitability: P1=1.933333333 P2=0.056282334 EV: (0.001469643866109551, -0.001469643866109551) P1 Winnings: 24.0
Choosing model 3
[0.0629864997604527, 0.005892144425934476, 0.0056613780902399265, 0.6536411452763882, 0.27181883244698474]
Games played: 69
Exploitability: P1=1.933333333 P2=0.056282334 EV: (0.001469643866109551, -0.001469643866109551) P1 Winnings: 24.0
Choosing model 3
[0.06613143195114675, 0.0032227255539208468, 0.005613950946981361, 0.5736703044627476, 0.3513615870852034]
Games played: 70
Exploitability: P1=1.933333333 P2=0.056282334 EV: (0.001469643866109551, -0.001469643866109551) P1 Winnings: 21.0
Choosing model 0
[0.046383998274034915, 0.002778288937540726, 0.003001896680202903, 0.6496799653950569, 0.29815585071316447]
Games played: 71
Exploitability: P1=1.900000000 P2=0.056282334 EV: (-0.09300407288913805, 0.09300407288913805) P1 Winnings: 12.0
Choosing model 3
[0.04731612301492145, 0.002193617758050495, 0.0029967143989858155, 0.6189257187477261, 0.3285678260803162]
Games played: 72
Exploitability: P1=1.933333333 P2=0.056282334 EV: (0.001469643866109551, -0.001469643866109551) P1 Winnings: 12.0
Choosing model 3
[0.040933211559903954, 0.001849888319933803, 0.0022414878467801784, 0.6452074902826518, 0.3097679219907303]
Games played: 73
Exploitability: P1=1.933333333 P2=0.056282334 EV: (0.001469643866109551, -0.001469643866109551) P1 Winnings: 12.0
Choosing model 3
[0.04098795753193554, 0.0018627334764545111, 0.002261277631414386, 0.6578322555035284, 0.2970557758566672]
Games played: 74
Exploitability: P1=1.933333333 P2=0.056282334 EV: (0.001469643866109551, -0.001469643866109551) P1 Winnings: 12.0
Choosing model 4
[0.04182890184268317, 0.0014713421387740498, 0.0022583056993219566, 0.6269508312997449, 0.32749061901947585]
Games played: 75
Exploitability: P1=2.600000000 P2=0.056282334 EV: (0.0330191914840723, -0.0330191914840723) P1 Winnings: 5.0
Choosing model 4
[0.04075850432044197, 0.0019815729734819197, 0.0022801149328677264, 0.6791943666719233, 0.275785441101285]
Games played: 76
Exploitability: P1=2.600000000 P2=0.056282334 EV: (0.0330191914840723, -0.0330191914840723) P1 Winnings: 10.0
Choosing model 3
[0.04158664755767955, 0.0016284860788228156, 0.002285335604633722, 0.6548176672749123, 0.29968186348395154]
Games played: 77
Exploitability: P1=1.933333333 P2=0.056282334 EV: (0.001469643866109551, -0.001469643866109551) P1 Winnings: 11.0
Choosing model 3
[0.03001144873490446, 0.0008089076742245438, 0.0011874800594402347, 0.6409284806442659, 0.3270636828871648]
Games played: 78
Exploitability: P1=1.933333333 P2=0.056282334 EV: (0.001469643866109551, -0.001469643866109551) P1 Winnings: 8.0
Choosing model 4
[0.030486343895107185, 0.0006452359336772446, 0.0011820666611524694, 0.6105867627964471, 0.3570995907136159]
Games played: 79
Exploitability: P1=2.600000000 P2=0.056282334 EV: (0.0330191914840723, -0.0330191914840723) P1 Winnings: 5.0
Choosing model 3
[0.03065612940402781, 0.0005857962798443173, 0.0011791509067605223, 0.5983783522159004, 0.369200571193467]
Games played: 80
Exploitability: P1=1.933333333 P2=0.056282334 EV: (0.001469643866109551, -0.001469643866109551) P1 Winnings: 2.0
Choosing model 3
[0.03605635049502455, 0.0005928152256804605, 0.0015020102557257754, 0.5712109319383117, 0.39063789208525745]
Games played: 81
Exploitability: P1=1.933333333 P2=0.056282334 EV: (0.001469643866109551, -0.001469643866109551) P1 Winnings: 5.0
Choosing model 4
[0.036294488945969414, 0.000461871156142095, 0.001479586842315456, 0.5369743169481532, 0.4247897361074198]
Games played: 82
Exploitability: P1=2.600000000 P2=0.056282334 EV: (0.0330191914840723, -0.0330191914840723) P1 Winnings: 5.0
Choosing model 3
[0.03991400755637169, 0.0005244192232959971, 0.0017228976823571395, 0.5339530087905429, 0.42388566674743244]
Games played: 83
Exploitability: P1=1.933333333 P2=0.056282334 EV: (0.001469643866109551, -0.001469643866109551) P1 Winnings: 6.0
Choosing model 0
[0.03991400932332555, 0.0005244197510038194, 0.0017228979670991485, 0.5339532193120353, 0.423885453646536]
Games played: 84
Exploitability: P1=1.900000000 P2=0.056282334 EV: (-0.09300407288913805, 0.09300407288913805) P1 Winnings: 3.0
Choosing model 3
[0.03973215159261228, 0.0007552787482372526, 0.0017846362793904412, 0.598761106896319, 0.3589668264834411]
Games played: 85
Exploitability: P1=1.933333333 P2=0.056282334 EV: (0.001469643866109551, -0.001469643866109551) P1 Winnings: -6.0
Choosing model 4
[0.040156549164510266, 0.0005994083272101281, 0.0017675075510403403, 0.5675280274171763, 0.38994850754006277]
Games played: 86
Exploitability: P1=2.600000000 P2=0.056282334 EV: (0.0330191914840723, -0.0330191914840723) P1 Winnings: -9.0
Choosing model 3
[0.040156549674637214, 0.0005994088682991824, 0.0017675077714550428, 0.5675282185061986, 0.38994831517940987]
Games played: 87
Exploitability: P1=1.933333333 P2=0.056282334 EV: (0.001469643866109551, -0.001469643866109551) P1 Winnings: -10.0
Choosing model 3
[0.04041440875979182, 0.0004669233326136825, 0.00174080375587797, 0.5334151970107521, 0.42396266714096426]
Games played: 88
Exploitability: P1=1.933333333 P2=0.056282334 EV: (0.001469643866109551, -0.001469643866109551) P1 Winnings: -7.0
Choosing model 3
[0.04715632323706708, 0.00046876758925249476, 0.0021998475436440074, 0.5051557277943528, 0.4450193338356836]
Games played: 89
Exploitability: P1=1.933333333 P2=0.056282334 EV: (0.001469643866109551, -0.001469643866109551) P1 Winnings: -4.0
Choosing model 0
[0.04733116839907454, 0.0006503088104183374, 0.0022878740480190706, 0.563704413221054, 0.3860262355214341]
Games played: 90
Exploitability: P1=1.900000000 P2=0.056282334 EV: (-0.09300407288913805, 0.09300407288913805) P1 Winnings: -17.0
Choosing model 3
[0.04763916249914674, 0.0005066162356046157, 0.0022535004452465257, 0.5298664385078629, 0.41973428231213933]
Games played: 91
Exploitability: P1=1.933333333 P2=0.056282334 EV: (0.001469643866109551, -0.001469643866109551) P1 Winnings: -17.0
Choosing model 4
[0.03598154883191661, 0.0002194885521415891, 0.0012534914012890088, 0.4872250376974606, 0.47532043351719216]
Games played: 92
Exploitability: P1=2.600000000 P2=0.056282334 EV: (0.0330191914840723, -0.0330191914840723) P1 Winnings: -10.0
Choosing model 3
[0.03598155179376171, 0.00021948876555415777, 0.001253491644862319, 0.48722523566495796, 0.47532023213086383]
Games played: 93
Exploitability: P1=1.933333333 P2=0.056282334 EV: (0.001469643866109551, -0.001469643866109551) P1 Winnings: -11.0
Choosing model 0
[0.039567046721437495, 0.0002491949025290603, 0.0014595183731666308, 0.4844493693857692, 0.4742748706170976]
Games played: 94
Exploitability: P1=1.900000000 P2=0.056282334 EV: (-0.09300407288913805, 0.09300407288913805) P1 Winnings: -10.0
Choosing model 3
[0.039889063123370136, 0.00022353037814340168, 0.0014650085338970156, 0.47954776503401153, 0.4788746329305778]
Games played: 95
Exploitability: P1=1.933333333 P2=0.056282334 EV: (0.001469643866109551, -0.001469643866109551) P1 Winnings: -15.0
Choosing model 3
[0.046292445774499584, 0.00022320357028480476, 0.001841346444372054, 0.45169403200909486, 0.4999489722017488]
Games played: 96
Exploitability: P1=1.933333333 P2=0.056282334 EV: (0.001469643866109551, -0.001469643866109551) P1 Winnings: -12.0
Choosing model 4
[0.0535273227880523, 0.00022206229652919917, 0.0023058973274053696, 0.4239024622147571, 0.520042255373256]
Games played: 97
Exploitability: P1=2.600000000 P2=0.056282334 EV: (0.0330191914840723, -0.0330191914840723) P1 Winnings: -9.0
Choosing model 4
[0.05299138746510524, 0.00017811648602515247, 0.0022434664580705363, 0.3971080009487607, 0.5474790286420383]
Games played: 98
Exploitability: P1=2.600000000 P2=0.056282334 EV: (0.0330191914840723, -0.0330191914840723) P1 Winnings: -10.0
Choosing model 3
[0.052122498800094626, 0.00013442144635476952, 0.002159598845097419, 0.3646595048725795, 0.5809239760358738]
Games played: 99
Exploitability: P1=1.933333333 P2=0.056282334 EV: (0.001469643866109551, -0.001469643866109551) P1 Winnings: -10.0
Choosing model 3
[0.0596953771007229, 0.00013246231170028586, 0.002678721856023248, 0.3389683901580586, 0.598525048573495]
Games played: 100
Exploitability: P1=1.933333333 P2=0.056282334 EV: (0.001469643866109551, -0.001469643866109551) P1 Winnings: -7.0
Choosing model 4
[0.06812542277338546, 0.00013006760227725364, 0.003310817134903942, 0.3139669268372991, 0.6144667656521342]
Games played: 101
Exploitability: P1=2.600000000 P2=0.056282334 EV: (0.0330191914840723, -0.0330191914840723) P1 Winnings: -4.0
Choosing model 3
[0.06812543699176024, 0.00013006774518393034, 0.0033108181967129377, 0.3139670940904688, 0.6144665829758741]
Games played: 102
Exploitability: P1=1.933333333 P2=0.056282334 EV: (0.001469643866109551, -0.001469643866109551) P1 Winnings: -5.0
Choosing model 4
[0.0666220439243498, 0.00010245108680952087, 0.003180545103367989, 0.2901238452405835, 0.6399711146448893]
Games played: 103
Exploitability: P1=2.600000000 P2=0.056282334 EV: (0.0330191914840723, -0.0330191914840723) P1 Winnings: -5.0
Choosing model 4
[0.0646152106302746, 7.62391226566315e-05, 0.003018922325119461, 0.26269947213436623, 0.6695901557875831]
Games played: 104
Exploitability: P1=2.600000000 P2=0.056282334 EV: (0.0330191914840723, -0.0330191914840723) P1 Winnings: -5.0
Choosing model 4
[0.07077260402952681, 8.621471818603905e-05, 0.0035011984438472338, 0.2601683636559366, 0.6654716191525033]
Games played: 105
Exploitability: P1=2.600000000 P2=0.056282334 EV: (0.0330191914840723, -0.0330191914840723) P1 Winnings: -4.0
Choosing model 4
[0.06878801975854933, 6.749433950512281e-05, 0.003342888817725028, 0.23894214463680213, 0.6888594524474184]
Games played: 106
Exploitability: P1=2.600000000 P2=0.056282334 EV: (0.0330191914840723, -0.0330191914840723) P1 Winnings: -3.0
Choosing model 3
[0.054457862890213045, 4.1462115494291096e-05, 0.002080977584877775, 0.2342573584002177, 0.7091623390091973]
Games played: 107
Exploitability: P1=1.933333333 P2=0.056282334 EV: (0.001469643866109551, -0.001469643866109551) P1 Winnings: 4.0
Choosing model 4
[0.059725343093864305, 7.33124231274661e-05, 0.0023972012071736275, 0.29807704192357903, 0.6397271013522555]
Games played: 108
Exploitability: P1=2.600000000 P2=0.056282334 EV: (0.0330191914840723, -0.0330191914840723) P1 Winnings: 15.0
Choosing model 4
[0.06068231161350111, 7.975161564590846e-05, 0.0024560820390138265, 0.31030160882806374, 0.6264802459037754]
Games played: 109
Exploitability: P1=2.600000000 P2=0.056282334 EV: (0.0330191914840723, -0.0330191914840723) P1 Winnings: 14.0
Choosing model 4
[0.04184169178893139, 5.268093588583807e-05, 0.0012104603535655367, 0.35164203642650266, 0.6052531304951146]
Games played: 110
Exploitability: P1=2.600000000 P2=0.056282334 EV: (0.0330191914840723, -0.0330191914840723) P1 Winnings: 23.0
Choosing model 4
[0.04184169982856277, 5.268099289430231e-05, 0.0012104607217201296, 0.3516422179246936, 0.6052529405321293]
Games played: 111
Exploitability: P1=2.600000000 P2=0.056282334 EV: (0.0330191914840723, -0.0330191914840723) P1 Winnings: 22.0
Choosing model 4
[0.04150591339920388, 4.718138606079835e-05, 0.0011911509512023645, 0.3399524528456096, 0.6173033014179234]
Games played: 112
Exploitability: P1=2.600000000 P2=0.056282334 EV: (0.0330191914840723, -0.0330191914840723) P1 Winnings: 19.0
Choosing model 3
[0.0404125448208243, 3.555653989743091e-05, 0.001134962910067546, 0.3091167137372895, 0.6493002219919213]
Games played: 113
Exploitability: P1=1.933333333 P2=0.056282334 EV: (0.001469643866109551, -0.001469643866109551) P1 Winnings: 22.0
Choosing model 3
[0.03942092891988423, 2.7936272187832824e-05, 0.0010875516651113232, 0.28492055546934675, 0.6745430276734699]
Games played: 114
Exploitability: P1=1.933333333 P2=0.056282334 EV: (0.001469643866109551, -0.001469643866109551) P1 Winnings: 22.0
Choosing model 4
[0.040117633766879095, 3.043934936885135e-05, 0.0011160747179007197, 0.29708743072002497, 0.6616484214458265]
Games played: 115
Exploitability: P1=2.600000000 P2=0.056282334 EV: (0.0330191914840723, -0.0330191914840723) P1 Winnings: 11.0
Choosing model 4
[0.0388189584335847, 2.2797462372136498e-05, 0.0010568430192166773, 0.268467013712409, 0.6916343873724174]
Games played: 116
Exploitability: P1=2.600000000 P2=0.056282334 EV: (0.0330191914840723, -0.0330191914840723) P1 Winnings: 14.0
Choosing model 3
[0.03881896863697837, 2.2797488654137796e-05, 0.0010568434153699377, 0.2684671712613022, 0.6916342191976953]
Games played: 117
Exploitability: P1=1.933333333 P2=0.056282334 EV: (0.001469643866109551, -0.001469643866109551) P1 Winnings: 13.0
Choosing model 4
[0.03744727321684443, 1.687359896967897e-05, 0.0009977469779741779, 0.24178333121691586, 0.7197547749892959]
Games played: 118
Exploitability: P1=2.600000000 P2=0.056282334 EV: (0.0330191914840723, -0.0330191914840723) P1 Winnings: 13.0
Choosing model 4
[0.03741147226739467, 1.4702439483275436e-05, 0.0009904606806489535, 0.23572235700440655, 0.7258610076080666]
Games played: 119
Exploitability: P1=2.600000000 P2=0.056282334 EV: (0.0330191914840723, -0.0330191914840723) P1 Winnings: 13.0
Choosing model 3
[0.037411484029929325, 1.4702458249645758e-05, 0.0009904611119055352, 0.23572251362084126, 0.7258608387790743]
Games played: 120
Exploitability: P1=1.933333333 P2=0.056282334 EV: (0.001469643866109551, -0.001469643866109551) P1 Winnings: 10.0
Choosing model 4
[0.04032095025303891, 2.1901325452345824e-05, 0.0011061027800564303, 0.2824526820900365, 0.6760983635514157]
Games played: 121
Exploitability: P1=2.600000000 P2=0.056282334 EV: (0.0330191914840723, -0.0330191914840723) P1 Winnings: 15.0
Choosing model 4
[0.039847650349309066, 1.7417608198770592e-05, 0.001085164365812366, 0.2569066378689052, 0.7021431298077746]
Games played: 122
Exploitability: P1=2.600000000 P2=0.056282334 EV: (0.0330191914840723, -0.0330191914840723) P1 Winnings: 16.0
Choosing model 4
[0.043768342204139984, 1.9752360731760953e-05, 0.0012620811494524202, 0.2551511788312414, 0.6997986454544344]
Games played: 123
Exploitability: P1=2.600000000 P2=0.056282334 EV: (0.0330191914840723, -0.0330191914840723) P1 Winnings: 17.0
Choosing model 4
[0.04376835407721417, 1.9752383669641477e-05, 0.0012620816331716247, 0.25515133071548307, 0.6997984811904614]
Games played: 124
Exploitability: P1=2.600000000 P2=0.056282334 EV: (0.0330191914840723, -0.0330191914840723) P1 Winnings: 16.0
Choosing model 3
[0.03444300940279327, 1.2061371833844036e-05, 0.000780954990702087, 0.24865168706928545, 0.7161122871653853]
Games played: 125
Exploitability: P1=1.933333333 P2=0.056282334 EV: (0.001469643866109551, -0.001469643866109551) P1 Winnings: 23.0
Choosing model 4
[0.037853592117373575, 1.3685977642744887e-05, 0.0009087959629949712, 0.24709405262603992, 0.7141298733159488]
Games played: 126
Exploitability: P1=2.600000000 P2=0.056282334 EV: (0.0330191914840723, -0.0330191914840723) P1 Winnings: 24.0
Choosing model 4
[0.03723435027806975, 1.0833247542852474e-05, 0.000887423963539067, 0.22369518572144892, 0.7381722067893994]
Games played: 127
Exploitability: P1=2.600000000 P2=0.056282334 EV: (0.0330191914840723, -0.0330191914840723) P1 Winnings: 25.0
Choosing model 4
[0.02627705696557836, 4.385394260996632e-06, 0.00046122418244823744, 0.19219276276402467, 0.7810645706936878]
Games played: 128
Exploitability: P1=2.600000000 P2=0.056282334 EV: (0.0330191914840723, -0.0330191914840723) P1 Winnings: 32.0
Choosing model 4
[0.02889892404454413, 4.9795111233613e-06, 0.00053709535605308, 0.19112031607887514, 0.7794386850094043]
Games played: 129
Exploitability: P1=2.600000000 P2=0.056282334 EV: (0.0330191914840723, -0.0330191914840723) P1 Winnings: 33.0
Choosing model 4
[0.028898933650812027, 4.9795172103718906e-06, 0.000537095594743333, 0.1911204415321526, 0.7794385497050816]
Games played: 130
Exploitability: P1=2.600000000 P2=0.056282334 EV: (0.0330191914840723, -0.0330191914840723) P1 Winnings: 32.0
Choosing model 3
[0.028898944036850116, 4.979523790275874e-06, 0.0005370958527597676, 0.19112057711156719, 0.7794384034750327]
Games played: 131
Exploitability: P1=1.933333333 P2=0.056282334 EV: (0.001469643866109551, -0.001469643866109551) P1 Winnings: 29.0
Choosing model 4
[0.02752450443268322, 3.670862473169126e-06, 0.0005006082377168318, 0.1699977272893154, 0.8019734891778114]
Games played: 132
Exploitability: P1=2.600000000 P2=0.056282334 EV: (0.0330191914840723, -0.0330191914840723) P1 Winnings: 22.0
Choosing model 4
[0.025281952279378593, 2.313458870953993e-06, 0.00044459490066001985, 0.14055942869915494, 0.8337117106619355]
Games played: 133
Exploitability: P1=2.600000000 P2=0.056282334 EV: (0.0330191914840723, -0.0330191914840723) P1 Winnings: 22.0
Choosing model 4
[0.02478863688601376, 2.0479526390192894e-06, 0.00043243611798731086, 0.13431314989360735, 0.8404637291497525]
Games played: 134
Exploitability: P1=2.600000000 P2=0.056282334 EV: (0.0330191914840723, -0.0330191914840723) P1 Winnings: 19.0
Choosing model 4
[0.020965315308178564, 9.261473427648823e-07, 0.0003451872891679613, 0.0949748017917069, 0.8837137694636038]
Games played: 135
Exploitability: P1=2.600000000 P2=0.056282334 EV: (0.0330191914840723, -0.0330191914840723) P1 Winnings: 18.0
Choosing model 4
[0.026562963691054983, 1.3657864293819114e-06, 0.0005057299751552312, 0.09934475996269478, 0.8735851805846656]
Games played: 136
Exploitability: P1=2.600000000 P2=0.056282334 EV: (0.0330191914840723, -0.0330191914840723) P1 Winnings: 21.0
Choosing model 4
[0.026231304090296583, 1.1972516106499796e-06, 0.000495958788274901, 0.09573300295771259, 0.8775385369121053]
Games played: 137
Exploitability: P1=2.600000000 P2=0.056282334 EV: (0.0330191914840723, -0.0330191914840723) P1 Winnings: 21.0
Choosing model 4
[0.026231315801180634, 1.1972532969180443e-06, 0.0004959590697053119, 0.0957330792040437, 0.8775384486717734]
Games played: 138
Exploitability: P1=2.600000000 P2=0.056282334 EV: (0.0330191914840723, -0.0330191914840723) P1 Winnings: 18.0
Choosing model 4
[0.023715680291686667, 7.426840937469977e-07, 0.00043354754795873503, 0.07791181260024406, 0.8979382168760168]
Games played: 139
Exploitability: P1=2.600000000 P2=0.056282334 EV: (0.0330191914840723, -0.0330191914840723) P1 Winnings: 18.0
Choosing model 4
[0.026814176284596564, 1.132744902449699e-06, 0.0005077492562846934, 0.0974890202220948, 0.8751879214921215]
Games played: 140
Exploitability: P1=2.600000000 P2=0.056282334 EV: (0.0330191914840723, -0.0330191914840723) P1 Winnings: 25.0
Choosing model 3
[0.02762174062283611, 1.2493299512701946e-06, 0.0005274372481964311, 0.10289501261864088, 0.8689545601803753]
Games played: 141
Exploitability: P1=1.933333333 P2=0.056282334 EV: (0.001469643866109551, -0.001469643866109551) P1 Winnings: 24.0
Choosing model 4
[0.02598578638451503, 9.09713304376207e-07, 0.00048558388095471693, 0.0904018318715505, 0.8831258881496753]
Games played: 142
Exploitability: P1=2.600000000 P2=0.056282334 EV: (0.0330191914840723, -0.0330191914840723) P1 Winnings: 27.0
Choosing model 4
[0.024401625674387327, 6.61195990062699e-07, 0.0004462269714337091, 0.07927901768543401, 0.8958724684727549]
Games played: 143
Exploitability: P1=2.600000000 P2=0.056282334 EV: (0.0330191914840723, -0.0330191914840723) P1 Winnings: 20.0
Choosing model 4
[0.027502598360614618, 1.030006103735893e-06, 0.0005211263286314179, 0.09934180417607334, 0.8726334411285769]
Games played: 144
Exploitability: P1=2.600000000 P2=0.056282334 EV: (0.0330191914840723, -0.0330191914840723) P1 Winnings: 25.0
Choosing model 4
[0.030893944350675488, 1.5607687188740315e-06, 0.0006063541260932707, 0.12349665674417934, 0.845001484010333]
Games played: 145
Exploitability: P1=2.600000000 P2=0.056282334 EV: (0.0330191914840723, -0.0330191914840723) P1 Winnings: 32.0
Choosing model 4
[0.029475616993045843, 1.1994065161241348e-06, 0.0005682945037187461, 0.11133594136921435, 0.8586189477275049]
Games played: 146
Exploitability: P1=2.600000000 P2=0.056282334 EV: (0.0330191914840723, -0.0330191914840723) P1 Winnings: 33.0
Choosing model 4
[0.030333961844706606, 1.321572789782386e-06, 0.0005897590387323915, 0.11739609568694619, 0.8516788618568251]
Games played: 147
Exploitability: P1=2.600000000 P2=0.056282334 EV: (0.0330191914840723, -0.0330191914840723) P1 Winnings: 32.0
Choosing model 4
[0.035662612033279695, 2.4686770084734467e-06, 0.000730958280644482, 0.16133242288810312, 0.8022715381209643]
Games played: 148
Exploitability: P1=2.600000000 P2=0.056282334 EV: (0.0330191914840723, -0.0330191914840723) P1 Winnings: 32.0
Choosing model 4
[0.039338611499094525, 3.6734088750723895e-06, 0.0008351839826870776, 0.196947765715093, 0.7628747653942503]
Games played: 149
Exploitability: P1=2.600000000 P2=0.056282334 EV: (0.0330191914840723, -0.0330191914840723) P1 Winnings: 39.0
Choosing model 4
[0.030831714759905787, 2.234005520293875e-06, 0.0005147051245367799, 0.19115356774933934, 0.7774977783606978]
Games played: 150
Exploitability: P1=2.600000000 P2=0.056282334 EV: (0.0330191914840723, -0.0330191914840723) P1 Winnings: 46.0
Choosing model 3
[0.034983419072238287, 3.9478247498851185e-06, 0.0006144391332736939, 0.2519750345413231, 0.7124231594284149]
Games played: 151
Exploitability: P1=1.933333333 P2=0.056282334 EV: (0.001469643866109551, -0.001469643866109551) P1 Winnings: 41.0
Choosing model 4
[0.03844695412776452, 4.479511586741811e-06, 0.0007150113427635496, 0.2503929371546495, 0.7104406178632356]
Games played: 152
Exploitability: P1=2.600000000 P2=0.056282334 EV: (0.0330191914840723, -0.0330191914840723) P1 Winnings: 42.0
Choosing model 3
[0.037929786195183675, 3.989929360753679e-06, 0.0006997563219460166, 0.24074487027062252, 0.720621597282887]
Games played: 153
Exploitability: P1=1.933333333 P2=0.056282334 EV: (0.001469643866109551, -0.001469643866109551) P1 Winnings: 39.0
Choosing model 3
[0.026073019515815046, 1.887826793570817e-06, 0.00034633914511926673, 0.2244531054485662, 0.749125648063706]
Games played: 154
Exploitability: P1=1.933333333 P2=0.056282334 EV: (0.001469643866109551, -0.001469643866109551) P1 Winnings: 46.0
Choosing model 3
[0.023420885051088178, 1.65307290569226e-06, 0.00026899110532786606, 0.24295833033976474, 0.7333501404309135]
Games played: 155
Exploitability: P1=1.933333333 P2=0.056282334 EV: (0.001469643866109551, -0.001469643866109551) P1 Winnings: 46.0
Choosing model 4
[0.025248817310263266, 2.4631131707507968e-06, 0.00030047468562381484, 0.29119797368534633, 0.6832502712055958]
Games played: 156
Exploitability: P1=2.600000000 P2=0.056282334 EV: (0.0330191914840723, -0.0330191914840723) P1 Winnings: 51.0
Choosing model 4
[0.02700814584188016, 3.8119710435702346e-06, 0.00033445296361989124, 0.35089382330065716, 0.6217597659227992]
Games played: 157
Exploitability: P1=2.600000000 P2=0.056282334 EV: (0.0330191914840723, -0.0330191914840723) P1 Winnings: 40.0
Choosing model 4
[0.02630532544337767, 2.8736989560921027e-06, 0.0003187811376145546, 0.31917051566649524, 0.6542025040535564]
Games played: 158
Exploitability: P1=2.600000000 P2=0.056282334 EV: (0.0330191914840723, -0.0330191914840723) P1 Winnings: 33.0
Choosing model 3
[0.02566523025450323, 2.2582970272657167e-06, 0.00030552846328345257, 0.2942489292015905, 0.6797780537835956]
Games played: 159
Exploitability: P1=1.933333333 P2=0.056282334 EV: (0.001469643866109551, -0.001469643866109551) P1 Winnings: 34.0
Choosing model 4
[0.028238633325009546, 2.565385785888186e-06, 0.0003559463645329032, 0.29273744271274166, 0.67866541221193]
Games played: 160
Exploitability: P1=2.600000000 P2=0.056282334 EV: (0.0330191914840723, -0.0330191914840723) P1 Winnings: 35.0
Choosing model 3
[0.030022081632267543, 3.769679542800492e-06, 0.00039211542014050426, 0.34601443639219526, 0.6235675968758538]
Games played: 161
Exploitability: P1=1.933333333 P2=0.056282334 EV: (0.001469643866109551, -0.001469643866109551) P1 Winnings: 40.0
Choosing model 4
[0.02865735135975864, 2.4688928939093023e-06, 0.0003618966433827104, 0.2973139144812825, 0.6736643686226823]
Games played: 162
Exploitability: P1=2.600000000 P2=0.056282334 EV: (0.0330191914840723, -0.0330191914840723) P1 Winnings: 40.0
Choosing model 4
[0.028357341756441876, 1.9659744863140488e-06, 0.00035550204619324834, 0.2707711359792182, 0.7005140542436604]
Games played: 163
Exploitability: P1=2.600000000 P2=0.056282334 EV: (0.0330191914840723, -0.0330191914840723) P1 Winnings: 41.0
Choosing model 3
[0.030323082508464095, 2.905630985429315e-06, 0.0003938965506455411, 0.3219059819506858, 0.647374133359219]
Games played: 164
Exploitability: P1=1.933333333 P2=0.056282334 EV: (0.001469643866109551, -0.001469643866109551) P1 Winnings: 36.0
Choosing model 3
[0.033350423570942596, 3.2994501908601898e-06, 0.000458716710000172, 0.32012672221449673, 0.6460608380543698]
Games played: 165
Exploitability: P1=1.933333333 P2=0.056282334 EV: (0.001469643866109551, -0.001469643866109551) P1 Winnings: 37.0
Choosing model 4
[0.03666806895004568, 3.7454273175221006e-06, 0.0005340299602739982, 0.31825371897700155, 0.6445404366853612]
Games played: 166
Exploitability: P1=2.600000000 P2=0.056282334 EV: (0.0330191914840723, -0.0330191914840723) P1 Winnings: 38.0
Choosing model 4
[0.036668077125580775, 3.7454314860426666e-06, 0.0005340301391531349, 0.31825389304948204, 0.6445402542542981]
Games played: 167
Exploitability: P1=2.600000000 P2=0.056282334 EV: (0.0330191914840723, -0.0330191914840723) P1 Winnings: 37.0
Choosing model 4
[0.03708575403106893, 3.523889611419701e-06, 0.0005401250650740241, 0.3203140232416151, 0.6420565737726305]
Games played: 168
Exploitability: P1=2.600000000 P2=0.056282334 EV: (0.0330191914840723, -0.0330191914840723) P1 Winnings: 34.0
Choosing model 0
[0.03708576222834633, 3.523893526594071e-06, 0.0005401252449551151, 0.32031419782444137, 0.6420563908087306]
Games played: 169
Exploitability: P1=1.900000000 P2=0.056282334 EV: (-0.09300407288913805, 0.09300407288913805) P1 Winnings: 33.0
Choosing model 4
[0.035231959526136884, 2.297020375652423e-06, 0.0004961353721020601, 0.27392643985622733, 0.6903431682251581]
Games played: 170
Exploitability: P1=2.600000000 P2=0.056282334 EV: (0.0330191914840723, -0.0330191914840723) P1 Winnings: 26.0
Choosing model 3
[0.03781781101301371, 3.56726959994121e-06, 0.0005541574920505873, 0.3312281101796005, 0.6303963540457352]
Games played: 171
Exploitability: P1=1.933333333 P2=0.056282334 EV: (0.001469643866109551, -0.001469643866109551) P1 Winnings: 15.0
Choosing model 3
[0.03781781966674804, 3.5672738479494645e-06, 0.0005541576859099547, 0.331228301903605, 0.6303961534698891]
Games played: 172
Exploitability: P1=1.933333333 P2=0.056282334 EV: (0.001469643866109551, -0.001469643866109551) P1 Winnings: 12.0
Choosing model 3
[0.04325216832127808, 3.5103962484630698e-06, 0.0006864103470748396, 0.30746453373046906, 0.6485933772049296]
Games played: 173
Exploitability: P1=1.933333333 P2=0.056282334 EV: (0.001469643866109551, -0.001469643866109551) P1 Winnings: 15.0
Choosing model 4
[0.04374522396728788, 3.3027854490657145e-06, 0.0006942504463379403, 0.30945751717958997, 0.6460997056213351]
Games played: 174
Exploitability: P1=2.600000000 P2=0.056282334 EV: (0.0330191914840723, -0.0330191914840723) P1 Winnings: 12.0
Choosing model 4
[0.04804239598460396, 3.744962632819252e-06, 0.0008073178564019834, 0.3072981354679823, 0.643848405728379]
Games played: 175
Exploitability: P1=2.600000000 P2=0.056282334 EV: (0.0330191914840723, -0.0330191914840723) P1 Winnings: 13.0
Choosing model 4
[0.04755202687380909, 3.3466319332859833e-06, 0.0007926918212361158, 0.2964290841413745, 0.6552228505316471]
Games played: 176
Exploitability: P1=2.600000000 P2=0.056282334 EV: (0.0330191914840723, -0.0330191914840723) P1 Winnings: 10.0
Choosing model 4
[0.047357105651863324, 2.9585802404740837e-06, 0.0007839782911253417, 0.28807813344358685, 0.6637778240331841]
Games played: 177
Exploitability: P1=2.600000000 P2=0.056282334 EV: (0.0330191914840723, -0.0330191914840723) P1 Winnings: 10.0
Choosing model 4
[0.05198532435611875, 3.3531429680411067e-06, 0.0009112426116204493, 0.28593727575895383, 0.6611628041303389]
Games played: 178
Exploitability: P1=2.600000000 P2=0.056282334 EV: (0.0330191914840723, -0.0330191914840723) P1 Winnings: 11.0
Choosing model 4
[0.056312124549897306, 5.757639666940583e-06, 0.0010379162237414909, 0.3598205866426552, 0.582823614944039]
Games played: 179
Exploitability: P1=2.600000000 P2=0.056282334 EV: (0.0330191914840723, -0.0330191914840723) P1 Winnings: 8.0
Choosing model 4
[0.058746390490098686, 8.690309684819655e-06, 0.0011267174085289528, 0.4228622604612351, 0.5172559413304525]
Games played: 180
Exploitability: P1=2.600000000 P2=0.056282334 EV: (0.0330191914840723, -0.0330191914840723) P1 Winnings: -3.0
Choosing model 4
[0.057960927660613684, 6.636393988163525e-06, 0.001087872010132156, 0.389628933504721, 0.5513156304305451]
Games played: 181
Exploitability: P1=2.600000000 P2=0.056282334 EV: (0.0330191914840723, -0.0330191914840723) P1 Winnings: -10.0
Choosing model 4
[0.05983100994499138, 9.468428797816173e-06, 0.0011635928703667817, 0.4471580521378268, 0.49183787661801737]
Games played: 182
Exploitability: P1=2.600000000 P2=0.056282334 EV: (0.0330191914840723, -0.0330191914840723) P1 Winnings: -15.0
Choosing model 3
[0.06562733037455122, 1.0722830326489004e-05, 0.0013514308621052384, 0.4434905132569574, 0.48952000267605983]
Games played: 183
Exploitability: P1=1.933333333 P2=0.056282334 EV: (0.001469643866109551, -0.001469643866109551) P1 Winnings: -14.0
Choosing model 0
[0.06272494178655809, 5.47994735458393e-06, 0.0012190834742201106, 0.3543896029386748, 0.5816608918531924]
Games played: 184
Exploitability: P1=1.900000000 P2=0.056282334 EV: (-0.09300407288913805, 0.09300407288913805) P1 Winnings: -15.0
Choosing model 4
[0.0635061129679048, 5.940323598352257e-06, 0.0012446396359527651, 0.367627739056384, 0.5676155680161601]
Games played: 185
Exploitability: P1=2.600000000 P2=0.056282334 EV: (0.0330191914840723, -0.0330191914840723) P1 Winnings: -16.0
Choosing model 4
[0.06350612363425001, 5.940329882975356e-06, 0.0012446399843996092, 0.3676279199139682, 0.5676153761374992]
Games played: 186
Exploitability: P1=2.600000000 P2=0.056282334 EV: (0.0330191914840723, -0.0330191914840723) P1 Winnings: -17.0
Choosing model 3
[0.06353285135716212, 4.782329159925174e-06, 0.0012361027484855906, 0.3384923769860654, 0.596733886579127]
Games played: 187
Exploitability: P1=1.933333333 P2=0.056282334 EV: (0.001469643866109551, -0.001469643866109551) P1 Winnings: -16.0
Choosing model 4
[0.06080812169479525, 3.140546848221592e-06, 0.00114391353946648, 0.2916338314086467, 0.6464109928102434]
Games played: 188
Exploitability: P1=2.600000000 P2=0.056282334 EV: (0.0330191914840723, -0.0330191914840723) P1 Winnings: -13.0
Choosing model 4
[0.06665659044439146, 3.5543475762431444e-06, 0.0013277279068488565, 0.28905752802643486, 0.6429545992747486]
Games played: 189
Exploitability: P1=2.600000000 P2=0.056282334 EV: (0.0330191914840723, -0.0330191914840723) P1 Winnings: -12.0
Choosing model 4
[0.06501742441240818, 2.8089634241231548e-06, 0.0012727572987309404, 0.26679880517487553, 0.6669082041505612]
Games played: 190
Exploitability: P1=2.600000000 P2=0.056282334 EV: (0.0330191914840723, -0.0330191914840723) P1 Winnings: -13.0
Choosing model 3
[0.07123260912525375, 3.177373629503693e-06, 0.0014764850824177012, 0.26430041506829455, 0.6629873133504046]
Games played: 191
Exploitability: P1=1.933333333 P2=0.056282334 EV: (0.001469643866109551, -0.001469643866109551) P1 Winnings: -12.0
Choosing model 4
[0.07249802049301993, 3.4623744926913533e-06, 0.001515344151334173, 0.27561140289976904, 0.6503717700813841]
Games played: 192
Exploitability: P1=2.600000000 P2=0.056282334 EV: (0.0330191914840723, -0.0330191914840723) P1 Winnings: -23.0
Choosing model 3
[0.07691569577571548, 5.0771221756737365e-06, 0.0016658363863654452, 0.32509093228175007, 0.5963224584339933]
Games played: 193
Exploitability: P1=1.933333333 P2=0.056282334 EV: (0.001469643866109551, -0.001469643866109551) P1 Winnings: -28.0
Choosing model 3
[0.07673136373054337, 4.496088400338679e-06, 0.001650341532336348, 0.3164726354748963, 0.6051411631738237]
Games played: 194
Exploitability: P1=1.933333333 P2=0.056282334 EV: (0.001469643866109551, -0.001469643866109551) P1 Winnings: -31.0
Choosing model 4
[0.07947477000120219, 5.705788476930665e-06, 0.0017499671885207646, 0.351270287879053, 0.5674992691427472]
Games played: 195
Exploitability: P1=2.600000000 P2=0.056282334 EV: (0.0330191914840723, -0.0330191914840723) P1 Winnings: -40.0
Choosing model 4
[0.08258984451803338, 8.19535286748472e-06, 0.0018843410410009334, 0.40584257259099926, 0.5096750464970989]
Games played: 196
Exploitability: P1=2.600000000 P2=0.056282334 EV: (0.0330191914840723, -0.0330191914840723) P1 Winnings: -35.0
Choosing model 3
[0.0831231547778105, 6.637571095260253e-06, 0.0018827079536181692, 0.37593315947242245, 0.5390543402250537]
Games played: 197
Exploitability: P1=1.933333333 P2=0.056282334 EV: (0.001469643866109551, -0.001469643866109551) P1 Winnings: -34.0
Choosing model 4
[0.0909273921413748, 7.496439071451614e-06, 0.002180670515864753, 0.37183325348610524, 0.5350511874175836]
Games played: 198
Exploitability: P1=2.600000000 P2=0.056282334 EV: (0.0330191914840723, -0.0330191914840723) P1 Winnings: -33.0
Choosing model 4
[0.08964906421811614, 5.953116035132321e-06, 0.002112023035830128, 0.3464095783893757, 0.5618233812406429]
Games played: 199
Exploitability: P1=2.600000000 P2=0.056282334 EV: (0.0330191914840723, -0.0330191914840723) P1 Winnings: -32.0
Choosing model 3
[0.09798743756544014, 6.718032487885564e-06, 0.002444317783364552, 0.3423571530758658, 0.5572043735428416]
Games played: 200
Exploitability: P1=1.933333333 P2=0.056282334 EV: (0.001469643866109551, -0.001469643866109551) P1 Winnings: -31.0
