Player 1 exploitability: 0.0548751757161
Choosing model 0
[0.17814974373436634, 0.2830573087759643, 0.18781019941536492, 0.20824241499106, 0.14274033308324438]
Games played: 1
Exploitability: P1=1.900000000 P2=-0.030776838 EV: (-0.08477723101323664, 0.08477723101323664) P1 Winnings: -5
Choosing model 3
[0.1804832579518502, 0.29607327328548644, 0.20146762667608517, 0.1907593288775788, 0.13121651320899952]
Games played: 2
Exploitability: P1=1.933333333 P2=-0.030776838 EV: (-0.12119596188718591, 0.12119596188718591) P1 Winnings: -4.0
Choosing model 1
[0.1947583000726165, 0.24728674130627862, 0.21275166489081052, 0.1922396309460671, 0.15296366278422727]
Games played: 3
Exploitability: P1=2.800000000 P2=-0.030776838 EV: (-0.31894760071906875, 0.31894760071906875) P1 Winnings: -1.0
Choosing model 1
[0.19475813107298298, 0.24728736107480206, 0.21275157048466678, 0.19223970039545116, 0.1529632369720969]
Games played: 4
Exploitability: P1=2.800000000 P2=-0.030776838 EV: (-0.31894760071906875, 0.31894760071906875) P1 Winnings: -10.0
Choosing model 1
[0.1754939903874776, 0.31352296239267413, 0.1990647588465195, 0.1938100462004381, 0.11810824217289073]
Games played: 5
Exploitability: P1=2.800000000 P2=-0.030776838 EV: (-0.31894760071906875, 0.31894760071906875) P1 Winnings: -10.0
Choosing model 2
[0.18266183939884525, 0.2896771339243559, 0.20576120802806033, 0.19684991270755658, 0.125049905941182]
Games played: 6
Exploitability: P1=4.600000000 P2=-0.030776838 EV: (-0.30804383972735266, 0.30804383972735266) P1 Winnings: -10.0
Choosing model 0
[0.19701224317038807, 0.24182565474161855, 0.21717885977621915, 0.19827992615456133, 0.14570331615721283]
Games played: 7
Exploitability: P1=1.900000000 P2=-0.030776838 EV: (-0.08477723101323664, 0.08477723101323664) P1 Winnings: -13.0
Choosing model 2
[0.19342874577230873, 0.25420765535471285, 0.21502069781976163, 0.19946127228508506, 0.13788162876813168]
Games played: 8
Exploitability: P1=4.600000000 P2=-0.030776838 EV: (-0.30804383972735266, 0.30804383972735266) P1 Winnings: -14.0
Choosing model 0
[0.1955748160977454, 0.2653711165336232, 0.23020065676232815, 0.18235403347693857, 0.12649937712936474]
Games played: 9
Exploitability: P1=1.900000000 P2=-0.030776838 EV: (-0.08477723101323664, 0.08477723101323664) P1 Winnings: -13.0
Choosing model 4
[0.19695832578555575, 0.2759231739326369, 0.2454722188988883, 0.16605106352178342, 0.1155952178611357]
Games played: 10
Exploitability: P1=2.600000000 P2=-0.030776838 EV: (-0.030985199576538176, 0.030985199576538176) P1 Winnings: -12.0
Choosing model 0
[0.203955889475463, 0.25423028361416544, 0.2530898000668346, 0.16883669577998137, 0.1198873310635556]
Games played: 11
Exploitability: P1=1.900000000 P2=-0.030776838 EV: (-0.08477723101323664, 0.08477723101323664) P1 Winnings: -12.0
Choosing model 1
[0.21561692140384955, 0.21775763716345914, 0.262948731123429, 0.16889872231650777, 0.13477798799275453]
Games played: 12
Exploitability: P1=2.800000000 P2=-0.030776838 EV: (-0.31894760071906875, 0.31894760071906875) P1 Winnings: -13.0
Choosing model 3
[0.21260814055895613, 0.229082327347348, 0.2628287082451159, 0.16817787269472637, 0.1273029511538535]
Games played: 13
Exploitability: P1=1.933333333 P2=-0.030776838 EV: (-0.12119596188718591, 0.12119596188718591) P1 Winnings: -8.0
Choosing model 0
[0.2136762023139579, 0.23770644974414554, 0.27969418954464736, 0.15283048666301183, 0.11609267173423733]
Games played: 14
Exploitability: P1=1.900000000 P2=-0.030776838 EV: (-0.08477723101323664, 0.08477723101323664) P1 Winnings: -7.0
Choosing model 4
[0.23901658664016434, 0.1594260783388611, 0.29796595435203593, 0.14713406632676088, 0.15645731434217766]
Games played: 15
Exploitability: P1=2.600000000 P2=-0.030776838 EV: (-0.030985199576538176, 0.030985199576538176) P1 Winnings: -12.0
Choosing model 3
[0.24748444648562595, 0.1329589388563216, 0.3030707951737106, 0.1439540036659854, 0.17253181581835653]
Games played: 16
Exploitability: P1=1.933333333 P2=-0.030776838 EV: (-0.12119596188718591, 0.12119596188718591) P1 Winnings: -11.0
Choosing model 0
[0.25103401184007745, 0.12176382555168475, 0.3049609200049972, 0.14230655880186835, 0.1799346838013723]
Games played: 17
Exploitability: P1=1.900000000 P2=-0.030776838 EV: (-0.08477723101323664, 0.08477723101323664) P1 Winnings: -8.0
Choosing model 2
[0.24622070878043317, 0.08220463368662245, 0.21536742442080398, 0.18931044165397956, 0.266896791458161]
Games played: 18
Exploitability: P1=4.600000000 P2=-0.030776838 EV: (-0.30804383972735266, 0.30804383972735266) P1 Winnings: -1.0
Choosing model 4
[0.25067236632110784, 0.06454535138492475, 0.2157088764369403, 0.17736657792811722, 0.2917068279289098]
Games played: 19
Exploitability: P1=2.600000000 P2=-0.030776838 EV: (-0.030985199576538176, 0.030985199576538176) P1 Winnings: 2.0
Choosing model 3
[0.2466069744862354, 0.09187034744369457, 0.22082098406942902, 0.1965641552405099, 0.24413753876013106]
Games played: 20
Exploitability: P1=1.933333333 P2=-0.030776838 EV: (-0.12119596188718591, 0.12119596188718591) P1 Winnings: 1.0
Choosing model 0
[0.2513520296713924, 0.0724761263528066, 0.2202551267844661, 0.18710243979345081, 0.2688142773978841]
Games played: 21
Exploitability: P1=1.900000000 P2=-0.030776838 EV: (-0.08477723101323664, 0.08477723101323664) P1 Winnings: 4.0
Choosing model 1
[0.25461493880487535, 0.056330157585675784, 0.21835396328135864, 0.17694565329078346, 0.29375528703730686]
Games played: 22
Exploitability: P1=2.800000000 P2=-0.030776838 EV: (-0.31894760071906875, 0.31894760071906875) P1 Winnings: 5.0
Choosing model 4
[0.25598091171835824, 0.04588430838399461, 0.2157419630276253, 0.16833581611662773, 0.31405700075339416]
Games played: 23
Exploitability: P1=2.600000000 P2=-0.030776838 EV: (-0.030985199576538176, 0.030985199576538176) P1 Winnings: 4.0
Choosing model 2
[0.2559809217968348, 0.04588435102766958, 0.21574199568496424, 0.1683358772852598, 0.31405685420527146]
Games played: 24
Exploitability: P1=4.600000000 P2=-0.030776838 EV: (-0.30804383972735266, 0.30804383972735266) P1 Winnings: 3.0
Choosing model 2
[0.25803599812296957, 0.03722060702678982, 0.21589146428409856, 0.15617339417954343, 0.3326785363865987]
Games played: 25
Exploitability: P1=4.600000000 P2=-0.030776838 EV: (-0.30804383972735266, 0.30804383972735266) P1 Winnings: 4.0
Choosing model 3
[0.2597425368268013, 0.05133371698293388, 0.22519326680609078, 0.1747227710374191, 0.2890077083467549]
Games played: 26
Exploitability: P1=1.933333333 P2=-0.030776838 EV: (-0.12119596188718591, 0.12119596188718591) P1 Winnings: 9.0
Choosing model 4
[0.2673862575637685, 0.054559681792800775, 0.24546285579580032, 0.16263364210846307, 0.26995756273916727]
Games played: 27
Exploitability: P1=2.600000000 P2=-0.030776838 EV: (-0.030985199576538176, 0.030985199576538176) P1 Winnings: 10.0
Choosing model 4
[0.2697219383941252, 0.05119770327393432, 0.24761249611880223, 0.1632566300010163, 0.26821123221212195]
Games played: 28
Exploitability: P1=2.600000000 P2=-0.030776838 EV: (-0.030985199576538176, 0.030985199576538176) P1 Winnings: 7.0
Choosing model 4
[0.2713840750634103, 0.03987136825681267, 0.24380875076768113, 0.15340411152734448, 0.2915316943847514]
Games played: 29
Exploitability: P1=2.600000000 P2=-0.030776838 EV: (-0.030985199576538176, 0.030985199576538176) P1 Winnings: 10.0
Choosing model 0
[0.27270716867447586, 0.03556580293175255, 0.2433016339154588, 0.15042587920593437, 0.2979995152723783]
Games played: 30
Exploitability: P1=1.900000000 P2=-0.030776838 EV: (-0.08477723101323664, 0.08477723101323664) P1 Winnings: 10.0
Choosing model 3
[0.27339465301545574, 0.03817548230918868, 0.24596505273155833, 0.1545140788402715, 0.28795073310352576]
Games played: 31
Exploitability: P1=1.933333333 P2=-0.030776838 EV: (-0.12119596188718591, 0.12119596188718591) P1 Winnings: 9.0
Choosing model 2
[0.2635513460774329, 0.04089952257084427, 0.19985664554802157, 0.19771554644354747, 0.29797693936015374]
Games played: 32
Exploitability: P1=4.600000000 P2=-0.030776838 EV: (-0.30804383972735266, 0.30804383972735266) P1 Winnings: 18.0
Choosing model 0
[0.27657104752827777, 0.05068754484177507, 0.232323006908302, 0.18646298730646124, 0.2539554134151839]
Games played: 33
Exploitability: P1=1.900000000 P2=-0.030776838 EV: (-0.08477723101323664, 0.08477723101323664) P1 Winnings: 23.0
Choosing model 4
[0.27780301762897486, 0.05272145098196308, 0.23588747745573835, 0.1925996433370053, 0.2409884105963183]
Games played: 34
Exploitability: P1=2.600000000 P2=-0.030776838 EV: (-0.030985199576538176, 0.030985199576538176) P1 Winnings: 23.0
Choosing model 4
[0.28497806544238163, 0.05583865402767683, 0.25622041940904655, 0.178646629885034, 0.22431623123586092]
Games played: 35
Exploitability: P1=2.600000000 P2=-0.030776838 EV: (-0.030985199576538176, 0.030985199576538176) P1 Winnings: 24.0
Choosing model 4
[0.2910906593183335, 0.05888774023511785, 0.2771181366736818, 0.1649971861354247, 0.20790627763744207]
Games played: 36
Exploitability: P1=2.600000000 P2=-0.030776838 EV: (-0.030985199576538176, 0.030985199576538176) P1 Winnings: 25.0
Choosing model 0
[0.2846171812335708, 0.0795815427028686, 0.280756633461974, 0.17936107495636502, 0.17568356764522153]
Games played: 37
Exploitability: P1=1.900000000 P2=-0.030776838 EV: (-0.08477723101323664, 0.08477723101323664) P1 Winnings: 30.0
Choosing model 0
[0.28722065742520964, 0.0747082173054207, 0.28333104998496406, 0.18012168742277734, 0.17461838786162842]
Games played: 38
Exploitability: P1=1.900000000 P2=-0.030776838 EV: (-0.08477723101323664, 0.08477723101323664) P1 Winnings: 27.0
Choosing model 3
[0.2855703624860563, 0.07952877288296652, 0.28407076695344524, 0.1834913134891966, 0.16733878418833534]
Games played: 39
Exploitability: P1=1.933333333 P2=-0.030776838 EV: (-0.12119596188718591, 0.12119596188718591) P1 Winnings: 18.0
Choosing model 2
[0.2895599017217659, 0.08325736868982475, 0.3049904271266759, 0.16823086248117244, 0.15396143998056108]
Games played: 40
Exploitability: P1=4.600000000 P2=-0.030776838 EV: (-0.30804383972735266, 0.30804383972735266) P1 Winnings: 19.0
Choosing model 0
[0.2966940744037535, 0.06864980250217248, 0.3102306774708713, 0.15864770238775128, 0.1657777432354514]
Games played: 41
Exploitability: P1=1.900000000 P2=-0.030776838 EV: (-0.08477723101323664, 0.08477723101323664) P1 Winnings: 20.0
Choosing model 2
[0.28619504622795516, 0.09443092720448128, 0.3109828720111412, 0.17168430607563295, 0.13670684848078943]
Games played: 42
Exploitability: P1=4.600000000 P2=-0.030776838 EV: (-0.30804383972735266, 0.30804383972735266) P1 Winnings: 20.0
Choosing model 2
[0.2884281351682551, 0.09825685874833494, 0.3318534648752588, 0.15644834794176785, 0.12501319326638327]
Games played: 43
Exploitability: P1=4.600000000 P2=-0.030776838 EV: (-0.30804383972735266, 0.30804383972735266) P1 Winnings: 21.0
Choosing model 0
[0.27689960191688573, 0.13032682332776097, 0.3722524111744737, 0.13366181416547368, 0.08685934941540589]
Games played: 44
Exploitability: P1=1.900000000 P2=-0.030776838 EV: (-0.08477723101323664, 0.08477723101323664) P1 Winnings: 30.0
Choosing model 0
[0.2734845586125817, 0.13781698396246012, 0.3707515000626129, 0.1352601506958502, 0.08268680666649507]
Games played: 45
Exploitability: P1=1.900000000 P2=-0.030776838 EV: (-0.08477723101323664, 0.08477723101323664) P1 Winnings: 29.0
Choosing model 1
[0.2699231735355912, 0.14563593729364674, 0.36899900596548113, 0.13678209915673312, 0.07865978404854775]
Games played: 46
Exploitability: P1=2.800000000 P2=-0.030776838 EV: (-0.31894760071906875, 0.31894760071906875) P1 Winnings: 28.0
Choosing model 0
[0.2803741947908847, 0.1218441633276646, 0.3765135741172438, 0.13425107517751336, 0.08701699258669356]
Games played: 47
Exploitability: P1=1.900000000 P2=-0.030776838 EV: (-0.08477723101323664, 0.08477723101323664) P1 Winnings: 29.0
Choosing model 3
[0.2803741527129265, 0.12184425348306216, 0.37651355978049283, 0.13425109852682954, 0.0870169354966891]
Games played: 48
Exploitability: P1=1.933333333 P2=-0.030776838 EV: (-0.12119596188718591, 0.12119596188718591) P1 Winnings: 28.0
Choosing model 2
[0.29158585709302853, 0.09722501993877627, 0.38321515097228104, 0.13034827633342172, 0.0976256956624925]
Games played: 49
Exploitability: P1=4.600000000 P2=-0.030776838 EV: (-0.30804383972735266, 0.30804383972735266) P1 Winnings: 28.0
Choosing model 2
[0.28259447207604, 0.11581619176980887, 0.28314362478064403, 0.20397615159551177, 0.11446955977799546]
Games played: 50
Exploitability: P1=4.600000000 P2=-0.030776838 EV: (-0.30804383972735266, 0.30804383972735266) P1 Winnings: 37.0
Choosing model 2
[0.28689063531673314, 0.10417726334827916, 0.26444999510002504, 0.21796997725793, 0.1265121289770325]
Games played: 51
Exploitability: P1=4.600000000 P2=-0.030776838 EV: (-0.30804383972735266, 0.30804383972735266) P1 Winnings: 46.0
Choosing model 0
[0.29711002220782007, 0.0827786582032885, 0.26802670127193, 0.2107446565162491, 0.14133996180071218]
Games played: 52
Exploitability: P1=1.900000000 P2=-0.030776838 EV: (-0.08477723101323664, 0.08477723101323664) P1 Winnings: 47.0
Choosing model 2
[0.304185986158103, 0.06826193419268925, 0.2695612959392857, 0.2038774121206802, 0.15411337158924196]
Games played: 53
Exploitability: P1=4.600000000 P2=-0.030776838 EV: (-0.30804383972735266, 0.30804383972735266) P1 Winnings: 47.0
Choosing model 1
[0.29313399659842776, 0.0909201855227504, 0.2691638761575201, 0.21843132471244017, 0.1283506170088616]
Games played: 54
Exploitability: P1=2.800000000 P2=-0.030776838 EV: (-0.31894760071906875, 0.31894760071906875) P1 Winnings: 52.0
Choosing model 0
[0.290398299515879, 0.09643765451516588, 0.2688930423874568, 0.221714880263919, 0.12255612331757945]
Games played: 55
Exploitability: P1=1.900000000 P2=-0.030776838 EV: (-0.08477723101323664, 0.08477723101323664) P1 Winnings: 39.0
Choosing model 0
[0.30414768755134014, 0.08690512390476936, 0.3050064879246601, 0.18846967526308547, 0.11547102535614488]
Games played: 56
Exploitability: P1=1.900000000 P2=-0.030776838 EV: (-0.08477723101323664, 0.08477723101323664) P1 Winnings: 42.0
Choosing model 0
[0.3208085626384364, 0.05496080992785128, 0.3063951113383027, 0.1710937706687962, 0.14674174542661333]
Games played: 57
Exploitability: P1=1.900000000 P2=-0.030776838 EV: (-0.08477723101323664, 0.08477723101323664) P1 Winnings: 43.0
Choosing model 0
[0.3190972986586318, 0.05853137858030364, 0.30732219491268253, 0.17436664462388643, 0.14068248322449556]
Games played: 58
Exploitability: P1=1.900000000 P2=-0.030776838 EV: (-0.08477723101323664, 0.08477723101323664) P1 Winnings: 42.0
Choosing model 3
[0.3190972757402312, 0.05853142646945588, 0.30732220726015363, 0.17436668859532212, 0.14068240193483714]
Games played: 59
Exploitability: P1=1.933333333 P2=-0.030776838 EV: (-0.12119596188718591, 0.12119596188718591) P1 Winnings: 41.0
Choosing model 0
[0.3222385105928273, 0.06102623336574113, 0.32861143008044164, 0.15921454468918642, 0.12890928127180334]
Games played: 60
Exploitability: P1=1.900000000 P2=-0.030776838 EV: (-0.08477723101323664, 0.08477723101323664) P1 Winnings: 42.0
Choosing model 4
[0.32936318342286663, 0.04785845603916533, 0.3287107020791889, 0.1519285219007987, 0.1421391365579803]
Games played: 61
Exploitability: P1=2.600000000 P2=-0.030776838 EV: (-0.030985199576538176, 0.030985199576538176) P1 Winnings: 43.0
Choosing model 0
[0.32936316325305265, 0.04785849914829146, 0.3287107217234, 0.15192856577195563, 0.14213905010330033]
Games played: 62
Exploitability: P1=1.900000000 P2=-0.030776838 EV: (-0.08477723101323664, 0.08477723101323664) P1 Winnings: 40.0
Choosing model 0
[0.32936314457411914, 0.04785853902827521, 0.32871073989714117, 0.1519286063806935, 0.14213897011977103]
Games played: 63
Exploitability: P1=1.900000000 P2=-0.030776838 EV: (-0.08477723101323664, 0.08477723101323664) P1 Winnings: 39.0
Choosing model 3
[0.32936312589515665, 0.04785857890828782, 0.32871075807085337, 0.15192864698942837, 0.14213889013627376]
Games played: 64
Exploitability: P1=1.933333333 P2=-0.030776838 EV: (-0.12119596188718591, 0.12119596188718591) P1 Winnings: 38.0
Choosing model 2
[0.33461147013354225, 0.03817920255905511, 0.3272480185363432, 0.14475212531014725, 0.1552091834609121]
Games played: 65
Exploitability: P1=4.600000000 P2=-0.030776838 EV: (-0.30804383972735266, 0.30804383972735266) P1 Winnings: 35.0
Choosing model 2
[0.3372231132442105, 0.03972614967187433, 0.34921099702919, 0.1319065411978083, 0.14193319885691677]
Games played: 66
Exploitability: P1=4.600000000 P2=-0.030776838 EV: (-0.30804383972735266, 0.30804383972735266) P1 Winnings: 36.0
Choosing model 4
[0.34193224278806184, 0.031177548543120874, 0.34651280770871545, 0.1249071176517306, 0.15547028330837123]
Games played: 67
Exploitability: P1=2.600000000 P2=-0.030776838 EV: (-0.030985199576538176, 0.030985199576538176) P1 Winnings: 33.0
Choosing model 3
[0.34363707563753904, 0.03235005591537052, 0.3687343762398825, 0.11350422313670953, 0.14177426907049853]
Games played: 68
Exploitability: P1=1.933333333 P2=-0.030776838 EV: (-0.12119596188718591, 0.12119596188718591) P1 Winnings: 34.0
Choosing model 1
[0.34406869601282175, 0.03344208101262937, 0.39092473583069, 0.1027595140432224, 0.12880497310063646]
Games played: 69
Exploitability: P1=2.800000000 P2=-0.030776838 EV: (-0.31894760071906875, 0.31894760071906875) P1 Winnings: 35.0
Choosing model 3
[0.3463988822592674, 0.02988710837397303, 0.39084810723553953, 0.10095474267253424, 0.13191115945868576]
Games played: 70
Exploitability: P1=1.933333333 P2=-0.030776838 EV: (-0.12119596188718591, 0.12119596188718591) P1 Winnings: 38.0
Choosing model 0
[0.3503217313002591, 0.023394688290024064, 0.38681852813754525, 0.09534884911216565, 0.144116203160006]
Games played: 71
Exploitability: P1=1.900000000 P2=-0.030776838 EV: (-0.08477723101323664, 0.08477723101323664) P1 Winnings: 31.0
Choosing model 4
[0.3445683241555336, 0.03329178109161027, 0.39590316179647195, 0.1056470489991283, 0.12058968395725596]
Games played: 72
Exploitability: P1=2.600000000 P2=-0.030776838 EV: (-0.030985199576538176, 0.030985199576538176) P1 Winnings: 30.0
Choosing model 3
[0.343223092462527, 0.03550558171848322, 0.39767202237392574, 0.10782278778963911, 0.11577651565542496]
Games played: 73
Exploitability: P1=1.933333333 P2=-0.030776838 EV: (-0.12119596188718591, 0.12119596188718591) P1 Winnings: 29.0
Choosing model 3
[0.3350848519201632, 0.04791037267514596, 0.4022865991436737, 0.11703281965202296, 0.09768535660899419]
Games played: 74
Exploitability: P1=1.933333333 P2=-0.030776838 EV: (-0.12119596188718591, 0.12119596188718591) P1 Winnings: 34.0
Choosing model 0
[0.3416885387187244, 0.0378135749782272, 0.40143924356231314, 0.11145033281346466, 0.10760830992727058]
Games played: 75
Exploitability: P1=1.900000000 P2=-0.030776838 EV: (-0.08477723101323664, 0.08477723101323664) P1 Winnings: 34.0
Choosing model 2
[0.34025649739779573, 0.03887736893962973, 0.42328240667418376, 0.10035112822238457, 0.09723259876600622]
Games played: 76
Exploitability: P1=4.600000000 P2=-0.030776838 EV: (-0.30804383972735266, 0.30804383972735266) P1 Winnings: 35.0
Choosing model 2
[0.33112141273524026, 0.05183632276472028, 0.426843041884506, 0.10853824086505746, 0.08166098175047602]
Games played: 77
Exploitability: P1=4.600000000 P2=-0.030776838 EV: (-0.30804383972735266, 0.30804383972735266) P1 Winnings: 40.0
Choosing model 3
[0.31682414780005064, 0.0689630945089923, 0.45191742363261134, 0.1002276569908004, 0.06206767706754541]
Games played: 78
Exploitability: P1=1.933333333 P2=-0.030776838 EV: (-0.12119596188718591, 0.12119596188718591) P1 Winnings: 45.0
Choosing model 2
[0.3242456546894817, 0.05684744329424869, 0.4543311865391581, 0.09692462009879092, 0.06765109537832066]
Games played: 79
Exploitability: P1=4.600000000 P2=-0.030776838 EV: (-0.30804383972735266, 0.30804383972735266) P1 Winnings: 45.0
Choosing model 2
[0.32777615526102943, 0.072988759533599, 0.3352068681599451, 0.176682980959762, 0.0873452360856645]
Games played: 80
Exploitability: P1=4.600000000 P2=-0.030776838 EV: (-0.30804383972735266, 0.30804383972735266) P1 Winnings: 58.0
Choosing model 2
[0.3356935848543885, 0.06056491840278242, 0.3373871362496365, 0.17122733902188125, 0.09512702147131134]
Games played: 81
Exploitability: P1=4.600000000 P2=-0.030776838 EV: (-0.30804383972735266, 0.30804383972735266) P1 Winnings: 59.0
Choosing model 0
[0.3347449640566687, 0.054355157238232955, 0.42791042301244137, 0.11109552563744149, 0.07189393005521551]
Games played: 82
Exploitability: P1=1.900000000 P2=-0.030776838 EV: (-0.08477723101323664, 0.08477723101323664) P1 Winnings: 62.0
Choosing model 2
[0.33222948692319104, 0.057759487697059665, 0.4282643331651562, 0.11297249700931804, 0.06877419520527502]
Games played: 83
Exploitability: P1=4.600000000 P2=-0.030776838 EV: (-0.30804383972735266, 0.30804383972735266) P1 Winnings: 61.0
Choosing model 0
[0.3404342933320744, 0.045646264910393204, 0.43173091865199476, 0.10653276253993026, 0.0756557605656074]
Games played: 84
Exploitability: P1=1.900000000 P2=-0.030776838 EV: (-0.08477723101323664, 0.08477723101323664) P1 Winnings: 64.0
Choosing model 1
[0.34414326603948237, 0.05671595348650534, 0.33272544984593383, 0.1738865858332041, 0.09252874479487434]
Games played: 85
Exploitability: P1=2.800000000 P2=-0.030776838 EV: (-0.31894760071906875, 0.31894760071906875) P1 Winnings: 59.0
Choosing model 2
[0.3420357314936452, 0.06013932958812471, 0.3352145767674268, 0.17451940533806076, 0.08809095681274258]
Games played: 86
Exploitability: P1=4.600000000 P2=-0.030776838 EV: (-0.30804383972735266, 0.30804383972735266) P1 Winnings: 64.0
Choosing model 0
[0.3410163706454731, 0.055227743478569, 0.2655473748967345, 0.2322685419226418, 0.1059399690565816]
Games played: 87
Exploitability: P1=1.900000000 P2=-0.030776838 EV: (-0.08477723101323664, 0.08477723101323664) P1 Winnings: 51.0
Choosing model 0
[0.33830386685052044, 0.05866073302809755, 0.2656492932053957, 0.23608813640232024, 0.10129797051366603]
Games played: 88
Exploitability: P1=1.900000000 P2=-0.030776838 EV: (-0.08477723101323664, 0.08477723101323664) P1 Winnings: 50.0
Choosing model 3
[0.3216628586722238, 0.08069617249157224, 0.2628306748010815, 0.2528725933309553, 0.08193770070416714]
Games played: 89
Exploitability: P1=1.933333333 P2=-0.030776838 EV: (-0.12119596188718591, 0.12119596188718591) P1 Winnings: 49.0
Choosing model 3
[0.30540116364214775, 0.1033527000717343, 0.2584815258621277, 0.2657021428508474, 0.0670624675731428]
Games played: 90
Exploitability: P1=1.933333333 P2=-0.030776838 EV: (-0.12119596188718591, 0.12119596188718591) P1 Winnings: 56.0
Choosing model 2
[0.29856450204824136, 0.09849341586672739, 0.21848486521963412, 0.3130089410526862, 0.07144827581271097]
Games played: 91
Exploitability: P1=4.600000000 P2=-0.030776838 EV: (-0.30804383972735266, 0.30804383972735266) P1 Winnings: 65.0
Choosing model 1
[0.30931234613430597, 0.08267339119215886, 0.22244895441977022, 0.3068516987879745, 0.07871360946579047]
Games played: 92
Exploitability: P1=2.800000000 P2=-0.030776838 EV: (-0.31894760071906875, 0.31894760071906875) P1 Winnings: 66.0
Choosing model 2
[0.3146252038716206, 0.07464853526793666, 0.22470366963222832, 0.30457773358738904, 0.08144485764082536]
Games played: 93
Exploitability: P1=4.600000000 P2=-0.030776838 EV: (-0.30804383972735266, 0.30804383972735266) P1 Winnings: 69.0
Choosing model 3
[0.29582646261639295, 0.09875647599120545, 0.21938585969891672, 0.3204115881068351, 0.06561961358664978]
Games played: 94
Exploitability: P1=1.933333333 P2=-0.030776838 EV: (-0.12119596188718591, 0.12119596188718591) P1 Winnings: 74.0
Choosing model 3
[0.2504449069969652, 0.10276252937824995, 0.1415959106208585, 0.4379860877926874, 0.06721056521123897]
Games played: 95
Exploitability: P1=1.933333333 P2=-0.030776838 EV: (-0.12119596188718591, 0.12119596188718591) P1 Winnings: 83.0
Choosing model 0
[0.22247336370960624, 0.1447011085967294, 0.1322585184269743, 0.4519810326180146, 0.048585976648675484]
Games played: 96
Exploitability: P1=1.900000000 P2=-0.030776838 EV: (-0.08477723101323664, 0.08477723101323664) P1 Winnings: 80.0
Choosing model 0
[0.21796188495600266, 0.15178638041853731, 0.13066554869714825, 0.45370626570010697, 0.04587992022820487]
Games played: 97
Exploitability: P1=1.900000000 P2=-0.030776838 EV: (-0.08477723101323664, 0.08477723101323664) P1 Winnings: 85.0
Choosing model 2
[0.21429217457035893, 0.15453057326495248, 0.1298581690383983, 0.4587046368987703, 0.04261444622751993]
Games played: 98
Exploitability: P1=4.600000000 P2=-0.030776838 EV: (-0.30804383972735266, 0.30804383972735266) P1 Winnings: 85.0
Choosing model 3
[0.20972965738777508, 0.16192965756006283, 0.1281615414017705, 0.45997974475459213, 0.040199398895799446]
Games played: 99
Exploitability: P1=1.933333333 P2=-0.030776838 EV: (-0.12119596188718591, 0.12119596188718591) P1 Winnings: 72.0
Choosing model 0
[0.22381704294405547, 0.1356940827868554, 0.13402576278793854, 0.4603534948757734, 0.04610961660537717]
Games played: 100
Exploitability: P1=1.900000000 P2=-0.030776838 EV: (-0.08477723101323664, 0.08477723101323664) P1 Winnings: 69.0
Choosing model 0
[0.24512005230012493, 0.10196454057220462, 0.14192188186553806, 0.45384013607058105, 0.057153389191551204]
Games played: 101
Exploitability: P1=1.900000000 P2=-0.030776838 EV: (-0.08477723101323664, 0.08477723101323664) P1 Winnings: 72.0
Choosing model 2
[0.25456681236183987, 0.10933147884384047, 0.15606541862641823, 0.4261776975960527, 0.053858592571848815]
Games played: 102
Exploitability: P1=4.600000000 P2=-0.030776838 EV: (-0.30804383972735266, 0.30804383972735266) P1 Winnings: 73.0
Choosing model 3
[0.2588888509992474, 0.13131015909589483, 0.1758127615285059, 0.38950463033367244, 0.044483598042679415]
Games played: 103
Exploitability: P1=1.933333333 P2=-0.030776838 EV: (-0.12119596188718591, 0.12119596188718591) P1 Winnings: 78.0
Choosing model 1
[0.29631240479211757, 0.07829324614708108, 0.1900521917793704, 0.37265902668556333, 0.0626831305958676]
Games played: 104
Exploitability: P1=2.800000000 P2=-0.030776838 EV: (-0.31894760071906875, 0.31894760071906875) P1 Winnings: 75.0
Choosing model 1
[0.2922125949169569, 0.08266693887256774, 0.18899786556963713, 0.37654144233675485, 0.05958115830408346]
Games played: 105
Exploitability: P1=2.800000000 P2=-0.030776838 EV: (-0.31894760071906875, 0.31894760071906875) P1 Winnings: 68.0
Choosing model 2
[0.30454708170681555, 0.06765323584252617, 0.1930232707024022, 0.36803381507786903, 0.06674259667038707]
Games played: 106
Exploitability: P1=4.600000000 P2=-0.030776838 EV: (-0.30804383972735266, 0.30804383972735266) P1 Winnings: 71.0
Choosing model 2
[0.31824381276245756, 0.05452314361123094, 0.19843638912442865, 0.35392283570017685, 0.07487381880170597]
Games played: 107
Exploitability: P1=4.600000000 P2=-0.030776838 EV: (-0.30804383972735266, 0.30804383972735266) P1 Winnings: 74.0
Choosing model 3
[0.32720681095423754, 0.05787837987514861, 0.21603198618219724, 0.32903024842122114, 0.06985257456719547]
Games played: 108
Exploitability: P1=1.933333333 P2=-0.030776838 EV: (-0.12119596188718591, 0.12119596188718591) P1 Winnings: 75.0
Choosing model 2
[0.3547210898592336, 0.03268665868639549, 0.22119165359892645, 0.2981693755384483, 0.0932312223169962]
Games played: 109
Exploitability: P1=4.600000000 P2=-0.030776838 EV: (-0.30804383972735266, 0.30804383972735266) P1 Winnings: 72.0
Choosing model 2
[0.35323085410740657, 0.03472668217387299, 0.22327753530825592, 0.29983346192520316, 0.0889314664852613]
Games played: 110
Exploitability: P1=4.600000000 P2=-0.030776838 EV: (-0.30804383972735266, 0.30804383972735266) P1 Winnings: 77.0
Choosing model 2
[0.36730510074632283, 0.024280280666455233, 0.22400291610627757, 0.27884413256939095, 0.10556756991155349]
Games played: 111
Exploitability: P1=4.600000000 P2=-0.030776838 EV: (-0.30804383972735266, 0.30804383972735266) P1 Winnings: 82.0
Choosing model 2
[0.3757673293437187, 0.025645954849138487, 0.2426498948499968, 0.25793985032309386, 0.09799697063405213]
Games played: 112
Exploitability: P1=4.600000000 P2=-0.030776838 EV: (-0.30804383972735266, 0.30804383972735266) P1 Winnings: 83.0
Choosing model 2
[0.3548006779598939, 0.019064902033652374, 0.1725784613048199, 0.32831102509703347, 0.12524493360460018]
Games played: 113
Exploitability: P1=4.600000000 P2=-0.030776838 EV: (-0.30804383972735266, 0.30804383972735266) P1 Winnings: 74.0
Choosing model 3
[0.35045743421711817, 0.016685390229349645, 0.15682723816576685, 0.3413507632940136, 0.1346791740937518]
Games played: 114
Exploitability: P1=1.933333333 P2=-0.030776838 EV: (-0.12119596188718591, 0.12119596188718591) P1 Winnings: 65.0
Choosing model 2
[0.34048936550164555, 0.02186773306410144, 0.15782414957736504, 0.36702249032391965, 0.11279626153296834]
Games played: 115
Exploitability: P1=4.600000000 P2=-0.030776838 EV: (-0.30804383972735266, 0.30804383972735266) P1 Winnings: 72.0
Choosing model 3
[0.32746371848107214, 0.029068199843010768, 0.15727704688654406, 0.3924380733874371, 0.09375296140193598]
Games played: 116
Exploitability: P1=1.933333333 P2=-0.030776838 EV: (-0.12119596188718591, 0.12119596188718591) P1 Winnings: 77.0
Choosing model 3
[0.3238131336924345, 0.01848474622091031, 0.12489184498906558, 0.40797272619793024, 0.12483754889965955]
Games played: 117
Exploitability: P1=1.933333333 P2=-0.030776838 EV: (-0.12119596188718591, 0.12119596188718591) P1 Winnings: 80.0
Choosing model 4
[0.3005286340295088, 0.016723330762733805, 0.10021894929223936, 0.45626455458151527, 0.12626453133400267]
Games played: 118
Exploitability: P1=2.600000000 P2=-0.030776838 EV: (-0.030985199576538176, 0.030985199576538176) P1 Winnings: 80.0
Choosing model 4
[0.3071044773690214, 0.013845944728480854, 0.10064680258866042, 0.44119436002429224, 0.13720841528954492]
Games played: 119
Exploitability: P1=2.600000000 P2=-0.030776838 EV: (-0.030985199576538176, 0.030985199576538176) P1 Winnings: 79.0
Choosing model 0
[0.30475321188035953, 0.01471103367780613, 0.10071566953356961, 0.4485843642303866, 0.13123572067787814]
Games played: 120
Exploitability: P1=1.900000000 P2=-0.030776838 EV: (-0.08477723101323664, 0.08477723101323664) P1 Winnings: 78.0
Choosing model 0
[0.3150414107224164, 0.012237950739808668, 0.10335809047878354, 0.426796792734676, 0.1425657553243152]
Games played: 121
Exploitability: P1=1.900000000 P2=-0.030776838 EV: (-0.08477723101323664, 0.08477723101323664) P1 Winnings: 79.0
Choosing model 3
[0.32081558650016945, 0.01009708438076927, 0.10343850140512718, 0.41126492113163005, 0.15438390658230394]
Games played: 122
Exploitability: P1=1.933333333 P2=-0.030776838 EV: (-0.12119596188718591, 0.12119596188718591) P1 Winnings: 80.0
Choosing model 0
[0.3115305642838063, 0.01322635905071676, 0.10404257932381693, 0.44196756033398926, 0.12923293700767072]
Games played: 123
Exploitability: P1=1.900000000 P2=-0.030776838 EV: (-0.08477723101323664, 0.08477723101323664) P1 Winnings: 87.0
Choosing model 3
[0.3178423282371212, 0.010933290888586834, 0.10432106890323772, 0.42669189685920933, 0.14021141511184487]
Games played: 124
Exploitability: P1=1.933333333 P2=-0.030776838 EV: (-0.12119596188718591, 0.12119596188718591) P1 Winnings: 86.0
Choosing model 1
[0.32066249490737186, 0.009958717763397715, 0.10440562715927827, 0.4195341728366444, 0.14543898733330768]
Games played: 125
Exploitability: P1=2.800000000 P2=-0.030776838 EV: (-0.31894760071906875, 0.31894760071906875) P1 Winnings: 89.0
Choosing model 0
[0.3091906887350938, 0.013510842989092105, 0.1045338877473655, 0.4525974831276941, 0.12016709740075447]
Games played: 126
Exploitability: P1=1.900000000 P2=-0.030776838 EV: (-0.08477723101323664, 0.08477723101323664) P1 Winnings: 89.0
Choosing model 3
[0.2955653859311032, 0.01817232082404852, 0.10376221274822811, 0.48406741948553184, 0.09843266101108823]
Games played: 127
Exploitability: P1=1.933333333 P2=-0.030776838 EV: (-0.12119596188718591, 0.12119596188718591) P1 Winnings: 94.0
Choosing model 4
[0.29249318840398897, 0.01925444640767742, 0.103546715220901, 0.4908175439510216, 0.09388810601641101]
Games played: 128
Exploitability: P1=2.600000000 P2=-0.030776838 EV: (-0.030985199576538176, 0.030985199576538176) P1 Winnings: 83.0
Choosing model 3
[0.3075628406515546, 0.020903656260103987, 0.11528924889994943, 0.4666626671310297, 0.08958158705736223]
Games played: 129
Exploitability: P1=1.933333333 P2=-0.030776838 EV: (-0.12119596188718591, 0.12119596188718591) P1 Winnings: 84.0
Choosing model 0
[0.32223737828175186, 0.022611918905603517, 0.12789843739065207, 0.4420892811190898, 0.08516298430290274]
Games played: 130
Exploitability: P1=1.900000000 P2=-0.030776838 EV: (-0.08477723101323664, 0.08477723101323664) P1 Winnings: 85.0
Choosing model 0
[0.3222373349105523, 0.022611935986822, 0.12789843450094898, 0.44208936485374745, 0.08516292974792938]
Games played: 131
Exploitability: P1=1.900000000 P2=-0.030776838 EV: (-0.08477723101323664, 0.08477723101323664) P1 Winnings: 84.0
Choosing model 3
[0.33635716337512844, 0.024368886404828444, 0.14135931419106815, 0.4172532862733845, 0.08066134975559057]
Games played: 132
Exploitability: P1=1.933333333 P2=-0.030776838 EV: (-0.12119596188718591, 0.12119596188718591) P1 Winnings: 85.0
Choosing model 3
[0.2943224013415823, 0.014677237579905487, 0.08906167961362231, 0.49519932517366305, 0.10673935629122686]
Games played: 133
Exploitability: P1=1.933333333 P2=-0.030776838 EV: (-0.12119596188718591, 0.12119596188718591) P1 Winnings: 92.0
Choosing model 4
[0.3103383536243545, 0.015978263164175537, 0.09943456804794454, 0.4721250589162258, 0.10212375624729968]
Games played: 134
Exploitability: P1=2.600000000 P2=-0.030776838 EV: (-0.030985199576538176, 0.030985199576538176) P1 Winnings: 93.0
Choosing model 0
[0.3195241466300032, 0.012733282509386564, 0.10018766777156121, 0.4539660432775482, 0.11358885981150099]
Games played: 135
Exploitability: P1=1.900000000 P2=-0.030776838 EV: (-0.08477723101323664, 0.08477723101323664) P1 Winnings: 96.0
Choosing model 0
[0.30611252857780924, 0.01686057639235367, 0.0994543814476531, 0.4835257494852264, 0.09404676409695764]
Games played: 136
Exploitability: P1=1.900000000 P2=-0.030776838 EV: (-0.08477723101323664, 0.08477723101323664) P1 Winnings: 96.0
Choosing model 3
[0.3029258112671233, 0.01786430171104926, 0.09924622895719806, 0.49026040334447396, 0.08970325472015539]
Games played: 137
Exploitability: P1=1.933333333 P2=-0.030776838 EV: (-0.12119596188718591, 0.12119596188718591) P1 Winnings: 95.0
Choosing model 0
[0.2802570208753471, 0.026260043290569357, 0.09679840634491631, 0.5301893861847056, 0.06649514330446175]
Games played: 138
Exploitability: P1=1.900000000 P2=-0.030776838 EV: (-0.08477723101323664, 0.08477723101323664) P1 Winnings: 90.0
Choosing model 3
[0.26950141732279115, 0.03094029521853721, 0.09529551762977642, 0.5463670141809069, 0.05789575564798834]
Games played: 139
Exploitability: P1=1.933333333 P2=-0.030776838 EV: (-0.12119596188718591, 0.12119596188718591) P1 Winnings: 85.0
Choosing model 4
[0.2808769482587949, 0.02495870631169684, 0.0971932627363411, 0.5317868587990997, 0.0651842238940675]
Games played: 140
Exploitability: P1=2.600000000 P2=-0.030776838 EV: (-0.030985199576538176, 0.030985199576538176) P1 Winnings: 88.0
Choosing model 0
[0.2958007012750929, 0.027138027867992905, 0.10838112120270187, 0.506390531615119, 0.06228961803909319]
Games played: 141
Exploitability: P1=1.900000000 P2=-0.030776838 EV: (-0.08477723101323664, 0.08477723101323664) P1 Winnings: 89.0
Choosing model 0
[0.29580065133096994, 0.027138047438793958, 0.10838111504192648, 0.5063906101850393, 0.06228957600327042]
Games played: 142
Exploitability: P1=1.900000000 P2=-0.030776838 EV: (-0.08477723101323664, 0.08477723101323664) P1 Winnings: 88.0
Choosing model 0
[0.307276766321264, 0.021629859745720646, 0.11018380886439139, 0.4911059606965558, 0.06980360437206823]
Games played: 143
Exploitability: P1=1.900000000 P2=-0.030776838 EV: (-0.08477723101323664, 0.08477723101323664) P1 Winnings: 89.0
Choosing model 4
[0.3072767185737856, 0.021629875635286046, 0.11018380408363157, 0.4911060435026418, 0.06980355820465504]
Games played: 144
Exploitability: P1=2.600000000 P2=-0.030776838 EV: (-0.030985199576538176, 0.030985199576538176) P1 Winnings: 88.0
Choosing model 0
[0.3339192514186592, 0.012568320522245605, 0.11300915999837402, 0.44619858573347243, 0.09430468232724876]
Games played: 145
Exploitability: P1=1.900000000 P2=-0.030776838 EV: (-0.08477723101323664, 0.08477723101323664) P1 Winnings: 87.0
Choosing model 3
[0.3372275680688307, 0.011293695091726948, 0.1136333073005209, 0.4424590453122754, 0.0953863842266461]
Games played: 146
Exploitability: P1=1.933333333 P2=-0.030776838 EV: (-0.12119596188718591, 0.12119596188718591) P1 Winnings: 82.0
Choosing model 3
[0.3464334400591732, 0.008979979957319102, 0.11423811449808437, 0.42449042508588514, 0.10585804039953825]
Games played: 147
Exploitability: P1=1.933333333 P2=-0.030776838 EV: (-0.12119596188718591, 0.12119596188718591) P1 Winnings: 82.0
Choosing model 3
[0.34958287982100716, 0.00806274482022105, 0.11477617924145146, 0.4205924999244582, 0.1069856961928621]
Games played: 148
Exploitability: P1=1.933333333 P2=-0.030776838 EV: (-0.12119596188718591, 0.12119596188718591) P1 Winnings: 82.0
Choosing model 3
[0.35664875020822884, 0.006625394953995446, 0.1150270251503823, 0.40545505082266886, 0.11624377886472453]
Games played: 149
Exploitability: P1=1.933333333 P2=-0.030776838 EV: (-0.12119596188718591, 0.12119596188718591) P1 Winnings: 82.0
Choosing model 3
[0.3644580899945978, 0.0052403613413275875, 0.11503113903815568, 0.3869436181008125, 0.12832679152510643]
Games played: 150
Exploitability: P1=1.933333333 P2=-0.030776838 EV: (-0.12119596188718591, 0.12119596188718591) P1 Winnings: 85.0
Choosing model 0
[0.3804422294242415, 0.005647750065154511, 0.12714255072463063, 0.36521927126503545, 0.12154819852093786]
Games played: 151
Exploitability: P1=1.900000000 P2=-0.030776838 EV: (-0.08477723101323664, 0.08477723101323664) P1 Winnings: 86.0
Choosing model 4
[0.4096210566927929, 0.005232115454232224, 0.14825984376850854, 0.3191563076061514, 0.11773067647831494]
Games played: 152
Exploitability: P1=2.600000000 P2=-0.030776838 EV: (-0.030985199576538176, 0.030985199576538176) P1 Winnings: 89.0
Choosing model 0
[0.4096210300278, 0.005232119770230467, 0.14825985072241193, 0.31915639023696424, 0.11773060924259349]
Games played: 153
Exploitability: P1=1.900000000 P2=-0.030776838 EV: (-0.08477723101323664, 0.08477723101323664) P1 Winnings: 88.0
Choosing model 0
[0.40749822683853326, 0.005572878407488566, 0.14873115337239992, 0.3253112298142408, 0.1128865115673374]
Games played: 154
Exploitability: P1=1.900000000 P2=-0.030776838 EV: (-0.08477723101323664, 0.08477723101323664) P1 Winnings: 93.0
Choosing model 3
[0.4132606491468149, 0.004579071458575683, 0.1482347831858414, 0.3121837660880284, 0.12174173012073962]
Games played: 155
Exploitability: P1=1.933333333 P2=-0.030776838 EV: (-0.12119596188718591, 0.12119596188718591) P1 Winnings: 92.0
Choosing model 2
[0.41326062227942134, 0.004579075565950684, 0.14823479148506666, 0.3121838550564851, 0.1217416556130763]
Games played: 156
Exploitability: P1=4.600000000 P2=-0.030776838 EV: (-0.30804383972735266, 0.30804383972735266) P1 Winnings: 89.0
Choosing model 0
[0.4052797940898181, 0.005139470514685879, 0.1434117703967724, 0.3337518456851089, 0.11241711931361481]
Games played: 157
Exploitability: P1=1.900000000 P2=-0.030776838 EV: (-0.08477723101323664, 0.08477723101323664) P1 Winnings: 89.0
Choosing model 0
[0.41113984418506255, 0.004224278251518, 0.14297801349035996, 0.3203842963966813, 0.12127356767637835]
Games played: 158
Exploitability: P1=1.900000000 P2=-0.030776838 EV: (-0.08477723101323664, 0.08477723101323664) P1 Winnings: 88.0
Choosing model 4
[0.40909606013171057, 0.0045003542401699775, 0.14346299964141165, 0.3266321936241186, 0.1163083923625891]
Games played: 159
Exploitability: P1=2.600000000 P2=-0.030776838 EV: (-0.030985199576538176, 0.030985199576538176) P1 Winnings: 87.0
Choosing model 3
[0.41250788819513307, 0.0039577716940618025, 0.14374047853699268, 0.3214073220947981, 0.1183865394790144]
Games played: 160
Exploitability: P1=1.933333333 P2=-0.030776838 EV: (-0.12119596188718591, 0.12119596188718591) P1 Winnings: 87.0
Choosing model 0
[0.4197484058192793, 0.0030407234408466304, 0.14301676179648243, 0.3042578624817489, 0.12993624646164262]
Games played: 161
Exploitability: P1=1.900000000 P2=-0.030776838 EV: (-0.08477723101323664, 0.08477723101323664) P1 Winnings: 90.0
Choosing model 0
[0.4197483841787181, 0.0030407259903282003, 0.14301677044101493, 0.3042579453751634, 0.12993617401477534]
Games played: 162
Exploitability: P1=1.900000000 P2=-0.030776838 EV: (-0.08477723101323664, 0.08477723101323664) P1 Winnings: 89.0
Choosing model 0
[0.41799166938254206, 0.0032420098676865946, 0.14361522350471462, 0.31043634251983643, 0.1247147547252203]
Games played: 163
Exploitability: P1=1.900000000 P2=-0.030776838 EV: (-0.08477723101323664, 0.08477723101323664) P1 Winnings: 88.0
Choosing model 4
[0.41609315317383433, 0.003455379309369043, 0.1441645033090305, 0.316626702331033, 0.11966026187673307]
Games played: 164
Exploitability: P1=2.600000000 P2=-0.030776838 EV: (-0.030985199576538176, 0.030985199576538176) P1 Winnings: 87.0
Choosing model 4
[0.38532882167867194, 0.002482978572902783, 0.10497767449456631, 0.363112466992907, 0.14409805826095193]
Games played: 165
Exploitability: P1=2.600000000 P2=-0.030776838 EV: (-0.030985199576538176, 0.030985199576538176) P1 Winnings: 94.0
Choosing model 3
[0.3903937750794048, 0.0020262016673603493, 0.10447825525079031, 0.3476187470694217, 0.15548302093302285]
Games played: 166
Exploitability: P1=1.933333333 P2=-0.030776838 EV: (-0.12119596188718591, 0.12119596188718591) P1 Winnings: 95.0
Choosing model 3
[0.40729142668834023, 0.002182519660975246, 0.11541511067900384, 0.32792192024598943, 0.14718902272569134]
Games played: 167
Exploitability: P1=1.933333333 P2=-0.030776838 EV: (-0.12119596188718591, 0.12119596188718591) P1 Winnings: 96.0
Choosing model 0
[0.41230547995633743, 0.0017348950560917222, 0.11449163842822474, 0.311317631364705, 0.16015035519464102]
Games played: 168
Exploitability: P1=1.900000000 P2=-0.030776838 EV: (-0.08477723101323664, 0.08477723101323664) P1 Winnings: 93.0
Choosing model 2
[0.40507077247454565, 0.002355806587778544, 0.11655148305430094, 0.34004338868651074, 0.13597854919686408]
Games played: 169
Exploitability: P1=4.600000000 P2=-0.030776838 EV: (-0.30804383972735266, 0.30804383972735266) P1 Winnings: 93.0
Choosing model 2
[0.410034763353533, 0.0019320967531682917, 0.11594646188888308, 0.32571428804796293, 0.14637238995645255]
Games played: 170
Exploitability: P1=4.600000000 P2=-0.030776838 EV: (-0.30804383972735266, 0.30804383972735266) P1 Winnings: 94.0
Choosing model 4
[0.3853074069438585, 0.0017698376889582373, 0.09420382695265968, 0.3688227421155868, 0.14989618629893667]
Games played: 171
Exploitability: P1=2.600000000 P2=-0.030776838 EV: (-0.030985199576538176, 0.030985199576538176) P1 Winnings: 94.0
Choosing model 2
[0.37592435101913513, 0.0023866090904364422, 0.0952344086589303, 0.4000641568585342, 0.12639047437296386]
Games played: 172
Exploitability: P1=4.600000000 P2=-0.030776838 EV: (-0.30804383972735266, 0.30804383972735266) P1 Winnings: 89.0
Choosing model 0
[0.38544098293607193, 0.0018872329455837773, 0.09606328632444831, 0.37748735591579463, 0.13912114187810135]
Games played: 173
Exploitability: P1=1.900000000 P2=-0.030776838 EV: (-0.08477723101323664, 0.08477723101323664) P1 Winnings: 92.0
Choosing model 3
[0.3424844483144082, 0.0009618902204480531, 0.06286202693701728, 0.40835024883172083, 0.18534138569640562]
Games played: 174
Exploitability: P1=1.933333333 P2=-0.030776838 EV: (-0.12119596188718591, 0.12119596188718591) P1 Winnings: 92.0
Choosing model 3
[0.3472328068730738, 0.0007548282972824091, 0.06237017091921659, 0.38664362387053375, 0.20299857003989352]
Games played: 175
Exploitability: P1=1.933333333 P2=-0.030776838 EV: (-0.12119596188718591, 0.12119596188718591) P1 Winnings: 85.0
Choosing model 3
[0.36633596142210034, 0.0008222049500164872, 0.06967389876185624, 0.36883704097744746, 0.19433089388857938]
Games played: 176
Exploitability: P1=1.933333333 P2=-0.030776838 EV: (-0.12119596188718591, 0.12119596188718591) P1 Winnings: 86.0
Choosing model 0
[0.3688335864560844, 0.0007365601075563864, 0.06984437076842853, 0.3646269069881129, 0.19595857567981761]
Games played: 177
Exploitability: P1=1.900000000 P2=-0.030776838 EV: (-0.08477723101323664, 0.08477723101323664) P1 Winnings: 86.0
Choosing model 0
[0.36790540049385784, 0.0007866333372040326, 0.07025415730790051, 0.3726545698341813, 0.18839923902685635]
Games played: 178
Exploitability: P1=1.900000000 P2=-0.030776838 EV: (-0.08477723101323664, 0.08477723101323664) P1 Winnings: 85.0
Choosing model 4
[0.375705656353302, 0.0006464427621993192, 0.07122159254569226, 0.3502480170895314, 0.20217829124927494]
Games played: 179
Exploitability: P1=2.600000000 P2=-0.030776838 EV: (-0.030985199576538176, 0.030985199576538176) P1 Winnings: 86.0
Choosing model 0
[0.3757056489405039, 0.0006464433247799985, 0.07122159911730079, 0.35024812365960584, 0.20217818495780943]
Games played: 180
Exploitability: P1=1.900000000 P2=-0.030776838 EV: (-0.08477723101323664, 0.08477723101323664) P1 Winnings: 85.0
Choosing model 4
[0.38142695750245326, 0.00034188779817305703, 0.06829067118410471, 0.29723641291924013, 0.25270407059602873]
Games played: 181
Exploitability: P1=2.600000000 P2=-0.030776838 EV: (-0.030985199576538176, 0.030985199576538176) P1 Winnings: 82.0
Choosing model 3
[0.3792701103699276, 0.00017709664054835894, 0.06413345210729292, 0.24705962693163894, 0.3093597139505922]
Games played: 182
Exploitability: P1=1.933333333 P2=-0.030776838 EV: (-0.12119596188718591, 0.12119596188718591) P1 Winnings: 82.0
Choosing model 3
[0.3986192761115127, 0.00019217332876258578, 0.07137213232242946, 0.23478823636626428, 0.2950281818710308]
Games played: 183
Exploitability: P1=1.933333333 P2=-0.030776838 EV: (-0.12119596188718591, 0.12119596188718591) P1 Winnings: 83.0
Choosing model 0
[0.3960067464667152, 0.00014776785688338633, 0.06938755814585139, 0.21783050943087834, 0.3166274180996717]
Games played: 184
Exploitability: P1=1.900000000 P2=-0.030776838 EV: (-0.08477723101323664, 0.08477723101323664) P1 Winnings: 83.0
Choosing model 4
[0.33358723440349924, 7.140092648872758e-05, 0.04304635842954185, 0.22339476670553934, 0.3999002395349308]
Games played: 185
Exploitability: P1=2.600000000 P2=-0.030776838 EV: (-0.030985199576538176, 0.030985199576538176) P1 Winnings: 83.0
Choosing model 4
[0.3364794467524042, 7.711012699629243e-05, 0.043784506023147186, 0.23087353356435367, 0.3887854035330987]
Games played: 186
Exploitability: P1=2.600000000 P2=-0.030776838 EV: (-0.030985199576538176, 0.030985199576538176) P1 Winnings: 82.0
Choosing model 0
[0.3361257913219459, 6.198703647625336e-05, 0.043420201220703294, 0.21226339668851113, 0.40812862373236336]
Games played: 187
Exploitability: P1=1.900000000 P2=-0.030776838 EV: (-0.08477723101323664, 0.08477723101323664) P1 Winnings: 83.0
Choosing model 3
[0.339234625101232, 6.69819299666627e-05, 0.04419010968343643, 0.21949543242369207, 0.39701285086167293]
Games played: 188
Exploitability: P1=1.933333333 P2=-0.030776838 EV: (-0.12119596188718591, 0.12119596188718591) P1 Winnings: 74.0
Choosing model 4
[0.3349063578139721, 5.3262209975562754e-05, 0.04285543147675237, 0.20475727729295118, 0.41742767120634894]
Games played: 189
Exploitability: P1=2.600000000 P2=-0.030776838 EV: (-0.030985199576538176, 0.030985199576538176) P1 Winnings: 74.0
Choosing model 4
[0.324165013513236, 3.537239781055517e-05, 0.040107353595283925, 0.1784053457546088, 0.45728691473906075]
Games played: 190
Exploitability: P1=2.600000000 P2=-0.030776838 EV: (-0.030985199576538176, 0.030985199576538176) P1 Winnings: 74.0
Choosing model 3
[0.35090207077353514, 3.2945233135527346e-05, 0.04702002547527383, 0.156741444537082, 0.4453035139809736]
Games played: 191
Exploitability: P1=1.933333333 P2=-0.030776838 EV: (-0.12119596188718591, 0.12119596188718591) P1 Winnings: 77.0
Choosing model 0
[0.3369293184691204, 2.1704412134878157e-05, 0.043652700825377234, 0.1354760377732056, 0.48392023852016186]
Games played: 192
Exploitability: P1=1.900000000 P2=-0.030776838 EV: (-0.08477723101323664, 0.08477723101323664) P1 Winnings: 77.0
Choosing model 0
[0.32769186960783897, 1.619643372889172e-05, 0.04155004994517222, 0.12301223593239385, 0.5077296480808661]
Games played: 193
Exploitability: P1=1.900000000 P2=-0.030776838 EV: (-0.08477723101323664, 0.08477723101323664) P1 Winnings: 78.0
Choosing model 3
[0.32769193920555884, 1.6196451583673137e-05, 0.041550063423507415, 0.12301230191473225, 0.5077294990046178]
Games played: 194
Exploitability: P1=1.933333333 P2=-0.030776838 EV: (-0.12119596188718591, 0.12119596188718591) P1 Winnings: 77.0
Choosing model 0
[0.32769201445380786, 1.6196470883901958e-05, 0.041550077992261084, 0.12301237321657592, 0.5077293378664712]
Games played: 195
Exploitability: P1=1.900000000 P2=-0.030776838 EV: (-0.08477723101323664, 0.08477723101323664) P1 Winnings: 74.0
Choosing model 0
[0.2976377676649974, 7.86600102364697e-06, 0.03561870343019411, 0.09341402531277644, 0.5733216375910083]
Games played: 196
Exploitability: P1=1.900000000 P2=-0.030776838 EV: (-0.08477723101323664, 0.08477723101323664) P1 Winnings: 73.0
Choosing model 4
[0.26991543974224863, 4.277007346354638e-06, 0.0307630305888789, 0.0729093218519072, 0.6264079308096189]
Games played: 197
Exploitability: P1=2.600000000 P2=-0.030776838 EV: (-0.030985199576538176, 0.030985199576538176) P1 Winnings: 74.0
Choosing model 4
[0.2604955373086034, 3.324687747129115e-06, 0.029164816675815573, 0.06648845764356914, 0.6438478636842647]
Games played: 198
Exploitability: P1=2.600000000 P2=-0.030776838 EV: (-0.030985199576538176, 0.030985199576538176) P1 Winnings: 75.0
Choosing model 0
[0.27839199922429025, 3.6684316948997395e-06, 0.033002746973544, 0.06424918086367983, 0.6243524045067912]
Games played: 199
Exploitability: P1=1.900000000 P2=-0.030776838 EV: (-0.08477723101323664, 0.08477723101323664) P1 Winnings: 76.0
Choosing model 4
[0.2783920803495795, 3.668436028817019e-06, 0.03300276028708126, 0.06424922040310332, 0.624352270524207]
Games played: 200
Exploitability: P1=2.600000000 P2=-0.030776838 EV: (-0.030985199576538176, 0.030985199576538176) P1 Winnings: 75.0
