Player 1 exploitability: 0.0767998750925
Choosing model 4
[0.19733496775332754, 0.21128198161918157, 0.1989935309934677, 0.20218832857184263, 0.19020119106218064]
Games played: 1
Exploitability: P1=2.600000000 P2=-0.008852139 EV: (-0.10393918110773738, 0.10393918110773738) P1 Winnings: 5.0
Choosing model 4
[0.2010374107759904, 0.22223292712246526, 0.21465754993288672, 0.18624893131563683, 0.17582318085302076]
Games played: 2
Exploitability: P1=2.600000000 P2=-0.008852139 EV: (-0.10393918110773738, 0.10393918110773738) P1 Winnings: 6.0
Choosing model 4
[0.2122911739671289, 0.18163771767228504, 0.2218246823370045, 0.18367368148570642, 0.20057274453787508]
Games played: 3
Exploitability: P1=2.600000000 P2=-0.008852139 EV: (-0.10393918110773738, 0.10393918110773738) P1 Winnings: 9.0
Choosing model 4
[0.21229114328624193, 0.18163785307938973, 0.22182467512272053, 0.18367371445108038, 0.2005726140605674]
Games played: 4
Exploitability: P1=2.600000000 P2=-0.008852139 EV: (-0.10393918110773738, 0.10393918110773738) P1 Winnings: 8.0
Choosing model 2
[0.2160113367545169, 0.1908201093968237, 0.23899504628544174, 0.16898826677198117, 0.18518524079123644]
Games played: 5
Exploitability: P1=4.600000000 P2=-0.008852139 EV: (-0.009008344265211798, 0.009008344265211798) P1 Winnings: 9.0
Choosing model 4
[0.21389359639539215, 0.2015888566029002, 0.23989147255548965, 0.1689753022765017, 0.17565077216971625]
Games played: 6
Exploitability: P1=2.600000000 P2=-0.008852139 EV: (-0.10393918110773738, 0.10393918110773738) P1 Winnings: 14.0
Choosing model 2
[0.2164465990935269, 0.210616609461344, 0.25704086294548395, 0.1546112494668553, 0.1612846790327898]
Games played: 7
Exploitability: P1=4.600000000 P2=-0.008852139 EV: (-0.009008344265211798, 0.009008344265211798) P1 Winnings: 15.0
Choosing model 2
[0.2181451130904363, 0.21915957574223016, 0.2743034495140548, 0.14089665607001164, 0.14749520558326723]
Games played: 8
Exploitability: P1=4.600000000 P2=-0.008852139 EV: (-0.009008344265211798, 0.009008344265211798) P1 Winnings: 16.0
Choosing model 2
[0.2181449502857204, 0.21916015162821903, 0.2743033611027265, 0.14089672407960313, 0.14749481290373098]
Games played: 9
Exploitability: P1=4.600000000 P2=-0.008852139 EV: (-0.009008344265211798, 0.009008344265211798) P1 Winnings: 7.0
Choosing model 2
[0.21728804076985528, 0.20106997249901906, 0.21708866892489423, 0.18734170763955518, 0.17721161016667628]
Games played: 10
Exploitability: P1=4.600000000 P2=-0.008852139 EV: (-0.009008344265211798, 0.009008344265211798) P1 Winnings: -6.0
Choosing model 0
[0.20818683929856374, 0.2661649659911436, 0.24303065489636616, 0.15973628614912655, 0.12288125366479995]
Games played: 11
Exploitability: P1=1.900000000 P2=-0.008852139 EV: (-0.08647224178836996, 0.08647224178836996) P1 Winnings: 3.0
Choosing model 0
[0.21487764933099332, 0.18909274533096274, 0.18061043747029162, 0.223614106364114, 0.1918050615036383]
Games played: 12
Exploitability: P1=1.900000000 P2=-0.008852139 EV: (-0.08647224178836996, 0.08647224178836996) P1 Winnings: 10.0
Choosing model 0
[0.21487761410850123, 0.18909288262795804, 0.18061042809324726, 0.22361414216065725, 0.19180493300963616]
Games played: 13
Exploitability: P1=1.900000000 P2=-0.008852139 EV: (-0.08647224178836996, 0.08647224178836996) P1 Winnings: 9.0
Choosing model 3
[0.212026216428536, 0.1997708051644217, 0.1797116055616954, 0.2260735210966983, 0.18241785174864855]
Games played: 14
Exploitability: P1=1.933333333 P2=-0.008852139 EV: (-0.11590886085344705, 0.11590886085344705) P1 Winnings: 0.0
Choosing model 0
[0.21668325498466626, 0.21078559076420936, 0.19446716734440717, 0.20890573376852795, 0.16915825313818927]
Games played: 15
Exploitability: P1=1.900000000 P2=-0.008852139 EV: (-0.08647224178836996, 0.08647224178836996) P1 Winnings: 1.0
Choosing model 1
[0.20615525066861762, 0.24571656313256077, 0.18941529802294377, 0.21299445620457946, 0.1457184319712983]
Games played: 16
Exploitability: P1=2.800000000 P2=-0.008852139 EV: (-0.029199723023026564, 0.029199723023026564) P1 Winnings: -4.0
Choosing model 4
[0.18823666537215716, 0.3025001624704937, 0.1790603842272221, 0.21539126184163462, 0.11481152608849245]
Games played: 17
Exploitability: P1=2.600000000 P2=-0.008852139 EV: (-0.10393918110773738, 0.10393918110773738) P1 Winnings: 3.0
Choosing model 2
[0.1664977533211718, 0.3698148876263435, 0.16411032349756013, 0.21181224060390466, 0.0877647949510198]
Games played: 18
Exploitability: P1=4.600000000 P2=-0.008852139 EV: (-0.009008344265211798, 0.009008344265211798) P1 Winnings: 8.0
Choosing model 2
[0.1436537339822324, 0.44100925497665566, 0.1467157309474858, 0.20317883205598655, 0.06544244803763956]
Games played: 19
Exploitability: P1=4.600000000 P2=-0.008852139 EV: (-0.009008344265211798, 0.009008344265211798) P1 Winnings: -1.0
Choosing model 1
[0.1351729692301792, 0.4900745836935557, 0.15292615405454169, 0.17181526115297038, 0.05001103186875299]
Games played: 20
Exploitability: P1=2.800000000 P2=-0.008852139 EV: (-0.029199723023026564, 0.029199723023026564) P1 Winnings: 4.0
Choosing model 0
[0.14252724039902503, 0.4564341700324395, 0.14341317758725483, 0.1986612148814313, 0.0589641970998494]
Games played: 21
Exploitability: P1=1.900000000 P2=-0.008852139 EV: (-0.08647224178836996, 0.08647224178836996) P1 Winnings: -3.0
Choosing model 3
[0.14252717528976636, 0.45643436775134244, 0.14341312813558357, 0.19866118849539868, 0.05896414032790902]
Games played: 22
Exploitability: P1=1.933333333 P2=-0.008852139 EV: (-0.11590886085344705, 0.11590886085344705) P1 Winnings: -4.0
Choosing model 1
[0.10977170935505623, 0.5585476873029575, 0.11644360157887687, 0.17885033914322768, 0.03638666261988183]
Games played: 23
Exploitability: P1=2.800000000 P2=-0.008852139 EV: (-0.029199723023026564, 0.029199723023026564) P1 Winnings: -9.0
Choosing model 1
[0.10563275208069701, 0.573442092564602, 0.113586958348633, 0.17379744109314949, 0.03354075591291862]
Games played: 24
Exploitability: P1=2.800000000 P2=-0.008852139 EV: (-0.029199723023026564, 0.029199723023026564) P1 Winnings: -4.0
Choosing model 0
[0.09078573183414095, 0.6529918772688362, 0.12768439724172911, 0.10919794102284763, 0.019340052632446092]
Games played: 25
Exploitability: P1=1.900000000 P2=-0.008852139 EV: (-0.08647224178836996, 0.08647224178836996) P1 Winnings: -1.0
Choosing model 1
[0.08931578927816322, 0.6632717992910683, 0.1330095575650678, 0.0971381807257925, 0.017264673139908253]
Games played: 26
Exploitability: P1=2.800000000 P2=-0.008852139 EV: (-0.029199723023026564, 0.029199723023026564) P1 Winnings: 0.0
Choosing model 1
[0.08299865053392279, 0.6818472925541824, 0.12571964867889793, 0.09462526133672956, 0.014809146896267318]
Games played: 27
Exploitability: P1=2.800000000 P2=-0.008852139 EV: (-0.029199723023026564, 0.029199723023026564) P1 Winnings: 3.0
Choosing model 1
[0.07922452206045134, 0.6943794504577756, 0.12164560651715688, 0.09120972171586195, 0.01354069924875422]
Games played: 28
Exploitability: P1=2.800000000 P2=-0.008852139 EV: (-0.029199723023026564, 0.029199723023026564) P1 Winnings: 8.0
Choosing model 0
[0.07029762579757713, 0.7276448014179459, 0.11956652519972537, 0.07273316774723572, 0.009757879837515998]
Games played: 29
Exploitability: P1=1.900000000 P2=-0.008852139 EV: (-0.08647224178836996, 0.08647224178836996) P1 Winnings: 13.0
Choosing model 2
[0.0525505260220529, 0.7869865969277918, 0.09300781634179679, 0.06124950114194768, 0.006205559566410809]
Games played: 30
Exploitability: P1=4.600000000 P2=-0.008852139 EV: (-0.009008344265211798, 0.009008344265211798) P1 Winnings: 12.0
Choosing model 1
[0.05255038108134446, 0.7869870816232049, 0.09300759925038067, 0.06124940748421401, 0.006205530560856066]
Games played: 31
Exploitability: P1=2.800000000 P2=-0.008852139 EV: (-0.029199723023026564, 0.029199723023026564) P1 Winnings: 3.0
Choosing model 2
[0.0570319891940434, 0.7711277651220031, 0.10013283868545722, 0.06478299972472289, 0.006924407273773439]
Games played: 32
Exploitability: P1=4.600000000 P2=-0.008852139 EV: (-0.009008344265211798, 0.009008344265211798) P1 Winnings: 3.0
Choosing model 1
[0.06977970424892196, 0.7276520094342857, 0.120529471433133, 0.07294356642967023, 0.009095248453989069]
Games played: 33
Exploitability: P1=2.800000000 P2=-0.008852139 EV: (-0.029199723023026564, 0.029199723023026564) P1 Winnings: 6.0
Choosing model 2
[0.06621052925931757, 0.7392309036769268, 0.11532569977566072, 0.0709148144137922, 0.008318052874302742]
Games played: 34
Exploitability: P1=4.600000000 P2=-0.008852139 EV: (-0.009008344265211798, 0.009008344265211798) P1 Winnings: -7.0
Choosing model 3
[0.07749058916190393, 0.7009733165195455, 0.13264715150327466, 0.07853650642698456, 0.01035243638829124]
Games played: 35
Exploitability: P1=1.933333333 P2=-0.008852139 EV: (-0.11590886085344705, 0.11590886085344705) P1 Winnings: -6.0
Choosing model 1
[0.09035455547666016, 0.6583258127267966, 0.15193456713841313, 0.08652932369300917, 0.012855740965120852]
Games played: 36
Exploitability: P1=2.800000000 P2=-0.008852139 EV: (-0.029199723023026564, 0.029199723023026564) P1 Winnings: -6.0
Choosing model 1
[0.07128247577527175, 0.722146236048272, 0.1326322646104898, 0.06588246217744738, 0.008056561388518964]
Games played: 37
Exploitability: P1=2.800000000 P2=-0.008852139 EV: (-0.029199723023026564, 0.029199723023026564) P1 Winnings: -1.0
Choosing model 1
[0.0863653004045377, 0.6713147244104284, 0.15726760253942307, 0.07452213653129691, 0.010530236114313817]
Games played: 38
Exploitability: P1=2.800000000 P2=-0.008852139 EV: (-0.029199723023026564, 0.029199723023026564) P1 Winnings: 0.0
Choosing model 1
[0.09966610059070159, 0.6276736182635455, 0.17835992936611342, 0.08137788647592044, 0.012922465303719273]
Games played: 39
Exploitability: P1=2.800000000 P2=-0.008852139 EV: (-0.029199723023026564, 0.029199723023026564) P1 Winnings: -1.0
Choosing model 1
[0.10756986345054785, 0.6013624532092078, 0.19117186782007756, 0.08570830779142093, 0.01418750772874567]
Games played: 40
Exploitability: P1=2.800000000 P2=-0.008852139 EV: (-0.029199723023026564, 0.029199723023026564) P1 Winnings: -1.0
Choosing model 1
[0.11709775301858173, 0.5782321036709942, 0.185089250474569, 0.10231143885570552, 0.01726945398014935]
Games played: 41
Exploitability: P1=2.800000000 P2=-0.008852139 EV: (-0.029199723023026564, 0.029199723023026564) P1 Winnings: -8.0
Choosing model 1
[0.12454139889268845, 0.555243477662719, 0.19528182227090463, 0.10604883033584016, 0.018884470837847726]
Games played: 42
Exploitability: P1=2.800000000 P2=-0.008852139 EV: (-0.029199723023026564, 0.029199723023026564) P1 Winnings: -8.0
Choosing model 2
[0.124541326090593, 0.5552436872337652, 0.19528173174581911, 0.10604880546092638, 0.018884449468896294]
Games played: 43
Exploitability: P1=4.600000000 P2=-0.008852139 EV: (-0.009008344265211798, 0.009008344265211798) P1 Winnings: -15.0
Choosing model 3
[0.13415337736867383, 0.5299351280760861, 0.1935235439032762, 0.12024263397317168, 0.02214531667879211]
Games played: 44
Exploitability: P1=1.933333333 P2=-0.008852139 EV: (-0.11590886085344705, 0.11590886085344705) P1 Winnings: -24.0
Choosing model 1
[0.16396706358399124, 0.4444063820315069, 0.22869896725089514, 0.13229372916325566, 0.030633857970351036]
Games played: 45
Exploitability: P1=2.800000000 P2=-0.008852139 EV: (-0.029199723023026564, 0.029199723023026564) P1 Winnings: -21.0
Choosing model 2
[0.18133878056567404, 0.3958700681282088, 0.24845963854678796, 0.13824962775994215, 0.03608188499938694]
Games played: 46
Exploitability: P1=4.600000000 P2=-0.008852139 EV: (-0.009008344265211798, 0.009008344265211798) P1 Winnings: -20.0
Choosing model 3
[0.19808789048370107, 0.3503639149570654, 0.26673070420803113, 0.14290384400302722, 0.04191364634817516]
Games played: 47
Exploitability: P1=1.933333333 P2=-0.008852139 EV: (-0.11590886085344705, 0.11590886085344705) P1 Winnings: -19.0
Choosing model 3
[0.19622420666859938, 0.35833327373797735, 0.2797705799007706, 0.12799807559012094, 0.03767386410253173]
Games played: 48
Exploitability: P1=1.933333333 P2=-0.008852139 EV: (-0.11590886085344705, 0.11590886085344705) P1 Winnings: -18.0
Choosing model 1
[0.19383146460470496, 0.36545334779573746, 0.292622768646518, 0.11432468405662832, 0.03376773489641143]
Games played: 49
Exploitability: P1=2.800000000 P2=-0.008852139 EV: (-0.029199723023026564, 0.029199723023026564) P1 Winnings: -17.0
Choosing model 1
[0.21568684570587263, 0.30704406908297677, 0.31838936545722885, 0.11835010228621702, 0.040529617467704684]
Games played: 50
Exploitability: P1=2.800000000 P2=-0.008852139 EV: (-0.029199723023026564, 0.029199723023026564) P1 Winnings: -14.0
Choosing model 3
[0.18897808844628097, 0.37405895122225097, 0.308678382946506, 0.10007606502535366, 0.028208512359608334]
Games played: 51
Exploitability: P1=1.933333333 P2=-0.008852139 EV: (-0.11590886085344705, 0.11590886085344705) P1 Winnings: -9.0
Choosing model 0
[0.185616993937153, 0.37933197055922613, 0.3210309296252707, 0.08887945403143939, 0.025140651846910677]
Games played: 52
Exploitability: P1=1.900000000 P2=-0.008852139 EV: (-0.08647224178836996, 0.08647224178836996) P1 Winnings: -8.0
Choosing model 2
[0.18007337449832617, 0.39401219886851674, 0.314060677278528, 0.08834565252748429, 0.02350809682714488]
Games played: 53
Exploitability: P1=4.600000000 P2=-0.008852139 EV: (-0.009008344265211798, 0.009008344265211798) P1 Winnings: -9.0
Choosing model 1
[0.20020148348477482, 0.33784247002404927, 0.34350848562042186, 0.09038956692339763, 0.028057993947356565]
Games played: 54
Exploitability: P1=2.800000000 P2=-0.008852139 EV: (-0.029199723023026564, 0.029199723023026564) P1 Winnings: -6.0
Choosing model 0
[0.2183149020370582, 0.2892887466590007, 0.3670716291763553, 0.09243869935533362, 0.03288602277225233]
Games played: 55
Exploitability: P1=1.900000000 P2=-0.008852139 EV: (-0.08647224178836996, 0.08647224178836996) P1 Winnings: -6.0
Choosing model 3
[0.21307000103197013, 0.3022935768202715, 0.36126398179046104, 0.09243677589389646, 0.030935664463400746]
Games played: 56
Exploitability: P1=1.933333333 P2=-0.008852139 EV: (-0.11590886085344705, 0.11590886085344705) P1 Winnings: -7.0
Choosing model 2
[0.24914390002158623, 0.2119353260627795, 0.4023128922159469, 0.09302593957841171, 0.04358194212127557]
Games played: 57
Exploitability: P1=4.600000000 P2=-0.008852139 EV: (-0.009008344265211798, 0.009008344265211798) P1 Winnings: -8.0
Choosing model 0
[0.2439770088146201, 0.22208988871662802, 0.3995001210382676, 0.09459214626717617, 0.03984083516330813]
Games played: 58
Exploitability: P1=1.900000000 P2=-0.008852139 EV: (-0.08647224178836996, 0.08647224178836996) P1 Winnings: -1.0
Choosing model 2
[0.23967068936182276, 0.2252516188956577, 0.41554428552652256, 0.08402063826343234, 0.03551276795256462]
Games played: 59
Exploitability: P1=4.600000000 P2=-0.008852139 EV: (-0.009008344265211798, 0.009008344265211798) P1 Winnings: 0.0
Choosing model 2
[0.2556482938764147, 0.1859681894169321, 0.43376444081541377, 0.08369742227590514, 0.0409216536153344]
Games played: 60
Exploitability: P1=4.600000000 P2=-0.008852139 EV: (-0.009008344265211798, 0.009008344265211798) P1 Winnings: -3.0
Choosing model 0
[0.26701653360420174, 0.18934411305959137, 0.3917180351392687, 0.10534199541429137, 0.04657932278264701]
Games played: 61
Exploitability: P1=1.900000000 P2=-0.008852139 EV: (-0.08647224178836996, 0.08647224178836996) P1 Winnings: -3.0
Choosing model 0
[0.26240307946208136, 0.19922371466968658, 0.3881854558525985, 0.10606799292385875, 0.04411975709177485]
Games played: 62
Exploitability: P1=1.900000000 P2=-0.008852139 EV: (-0.08647224178836996, 0.08647224178836996) P1 Winnings: -4.0
Choosing model 0
[0.2786236288920388, 0.1623059939705672, 0.40338695071241243, 0.1051458972095354, 0.05053752921544629]
Games played: 63
Exploitability: P1=1.900000000 P2=-0.008852139 EV: (-0.08647224178836996, 0.08647224178836996) P1 Winnings: -3.0
Choosing model 1
[0.27862357368908713, 0.16230610626591452, 0.40338691596985965, 0.1051459104445939, 0.050537493630544834]
Games played: 64
Exploitability: P1=2.800000000 P2=-0.008852139 EV: (-0.029199723023026564, 0.029199723023026564) P1 Winnings: -4.0
Choosing model 1
[0.27862351403418595, 0.16230622765399394, 0.4033868784123119, 0.10514592473338395, 0.0505374551661242]
Games played: 65
Exploitability: P1=2.800000000 P2=-0.008852139 EV: (-0.029199723023026564, 0.029199723023026564) P1 Winnings: -11.0
Choosing model 2
[0.30567570032191277, 0.10676395237427384, 0.4214792895105403, 0.0992811681050307, 0.06679988968824215]
Games played: 66
Exploitability: P1=4.600000000 P2=-0.008852139 EV: (-0.009008344265211798, 0.009008344265211798) P1 Winnings: -11.0
Choosing model 2
[0.3210883112083283, 0.10329592509160376, 0.35176707388334766, 0.1392109436628751, 0.0846377461538451]
Games played: 67
Exploitability: P1=4.600000000 P2=-0.008852139 EV: (-0.009008344265211798, 0.009008344265211798) P1 Winnings: 2.0
Choosing model 2
[0.3302632398933395, 0.08608321010570365, 0.355582823175071, 0.13549461906421534, 0.09257610776167062]
Games played: 68
Exploitability: P1=4.600000000 P2=-0.008852139 EV: (-0.009008344265211798, 0.009008344265211798) P1 Winnings: 1.0
Choosing model 2
[0.3152202609047131, 0.11424149752456025, 0.3755385554816056, 0.12481009850234691, 0.07018958758677415]
Games played: 69
Exploitability: P1=4.600000000 P2=-0.008852139 EV: (-0.009008344265211798, 0.009008344265211798) P1 Winnings: 6.0
Choosing model 1
[0.28435076670105747, 0.13696398404127388, 0.4583212174621852, 0.07900659055296033, 0.04135744124252299]
Games played: 70
Exploitability: P1=2.800000000 P2=-0.008852139 EV: (-0.029199723023026564, 0.029199723023026564) P1 Winnings: 11.0
Choosing model 2
[0.2975799800394597, 0.1270008539819316, 0.44126891549597597, 0.08703164705643217, 0.047118603426200584]
Games played: 71
Exploitability: P1=4.600000000 P2=-0.008852139 EV: (-0.009008344265211798, 0.009008344265211798) P1 Winnings: 20.0
Choosing model 2
[0.3171902928564514, 0.1246860265831587, 0.37371013817197196, 0.12383297287387622, 0.06058056951454165]
Games played: 72
Exploitability: P1=4.600000000 P2=-0.008852139 EV: (-0.009008344265211798, 0.009008344265211798) P1 Winnings: 7.0
Choosing model 2
[0.32798677895403167, 0.10446088569155461, 0.3797705259111718, 0.121167306412683, 0.066614503030559]
Games played: 73
Exploitability: P1=4.600000000 P2=-0.008852139 EV: (-0.009008344265211798, 0.009008344265211798) P1 Winnings: 8.0
Choosing model 0
[0.32539573197130073, 0.1069996433657023, 0.39894327363254345, 0.10869406778529271, 0.05996728324516085]
Games played: 74
Exploitability: P1=1.900000000 P2=-0.008852139 EV: (-0.08647224178836996, 0.08647224178836996) P1 Winnings: 9.0
Choosing model 4
[0.33525365172903915, 0.088713589926631, 0.4080382655962214, 0.10306831361794862, 0.06492617913015997]
Games played: 75
Exploitability: P1=2.600000000 P2=-0.008852139 EV: (-0.10393918110773738, 0.10393918110773738) P1 Winnings: 10.0
Choosing model 0
[0.3204816426355735, 0.09870686821047904, 0.4510444088470837, 0.08134226283762969, 0.04842481746923398]
Games played: 76
Exploitability: P1=1.900000000 P2=-0.008852139 EV: (-0.08647224178836996, 0.08647224178836996) P1 Winnings: 13.0
Choosing model 0
[0.31497885377185697, 0.10016101686807603, 0.4693879329836562, 0.07228686066810075, 0.04318533570831002]
Games played: 77
Exploitability: P1=1.900000000 P2=-0.008852139 EV: (-0.08647224178836996, 0.08647224178836996) P1 Winnings: 14.0
Choosing model 4
[0.3558113516564721, 0.07787949559180865, 0.3817808465656196, 0.11075297654265885, 0.07377532964344082]
Games played: 78
Exploitability: P1=2.600000000 P2=-0.008852139 EV: (-0.10393918110773738, 0.10393918110773738) P1 Winnings: 21.0
Choosing model 2
[0.34130946510081933, 0.10077453046237993, 0.37933800666196577, 0.11757296319381919, 0.06100503458101583]
Games played: 79
Exploitability: P1=4.600000000 P2=-0.008852139 EV: (-0.009008344265211798, 0.009008344265211798) P1 Winnings: 28.0
Choosing model 0
[0.3210492836810137, 0.13180312364739807, 0.3948295068368163, 0.10673445269008175, 0.0455836331446902]
Games played: 80
Exploitability: P1=1.900000000 P2=-0.008852139 EV: (-0.08647224178836996, 0.08647224178836996) P1 Winnings: 33.0
Choosing model 2
[0.3269691570930679, 0.1194367517279016, 0.40036404790272145, 0.1067340492622022, 0.04649599401410685]
Games played: 81
Exploitability: P1=4.600000000 P2=-0.008852139 EV: (-0.009008344265211798, 0.009008344265211798) P1 Winnings: 28.0
Choosing model 2
[0.3379019042761079, 0.100004905470913, 0.406620106249307, 0.10437573383811402, 0.05109735016555797]
Games played: 82
Exploitability: P1=4.600000000 P2=-0.008852139 EV: (-0.009008344265211798, 0.009008344265211798) P1 Winnings: 29.0
Choosing model 2
[0.33418237189539296, 0.10552013650458275, 0.40764903646477124, 0.1042408350850624, 0.04840762005019057]
Games played: 83
Exploitability: P1=4.600000000 P2=-0.008852139 EV: (-0.009008344265211798, 0.009008344265211798) P1 Winnings: 34.0
Choosing model 0
[0.3443092075414113, 0.08748762015520395, 0.41694579745682847, 0.09884635173675034, 0.052411023109805936]
Games played: 84
Exploitability: P1=1.900000000 P2=-0.008852139 EV: (-0.08647224178836996, 0.08647224178836996) P1 Winnings: 35.0
Choosing model 2
[0.3555783946818622, 0.06932307828668928, 0.4214052067961544, 0.09530294831225004, 0.05839037192304412]
Games played: 85
Exploitability: P1=4.600000000 P2=-0.008852139 EV: (-0.009008344265211798, 0.009008344265211798) P1 Winnings: 36.0
Choosing model 4
[0.3395004913566553, 0.09312872663317445, 0.41779178510973264, 0.10180706841866088, 0.0477719284817767]
Games played: 86
Exploitability: P1=2.600000000 P2=-0.008852139 EV: (-0.10393918110773738, 0.10393918110773738) P1 Winnings: 41.0
Choosing model 0
[0.351042282028957, 0.07453242640680471, 0.42275384086732587, 0.09830939848379389, 0.05336205221311848]
Games played: 87
Exploitability: P1=1.900000000 P2=-0.008852139 EV: (-0.08647224178836996, 0.08647224178836996) P1 Winnings: 44.0
Choosing model 3
[0.3510422404186649, 0.07453248390619656, 0.42275383810532763, 0.09830941868313646, 0.053362018886674516]
Games played: 88
Exploitability: P1=1.933333333 P2=-0.008852139 EV: (-0.11590886085344705, 0.11590886085344705) P1 Winnings: 43.0
Choosing model 1
[0.35075478618427564, 0.06407640196260317, 0.4574786701461707, 0.07972518709671987, 0.04796495461023052]
Games played: 89
Exploitability: P1=2.800000000 P2=-0.008852139 EV: (-0.029199723023026564, 0.029199723023026564) P1 Winnings: 46.0
Choosing model 2
[0.31192761156692855, 0.07550010186572514, 0.5321222520578007, 0.051831983513777165, 0.0286180509957683]
Games played: 90
Exploitability: P1=4.600000000 P2=-0.008852139 EV: (-0.009008344265211798, 0.009008344265211798) P1 Winnings: 49.0
Choosing model 2
[0.32088702120178997, 0.05990080472860759, 0.5385374022338479, 0.04906948447777937, 0.03160528735797499]
Games played: 91
Exploitability: P1=4.600000000 P2=-0.008852139 EV: (-0.009008344265211798, 0.009008344265211798) P1 Winnings: 52.0
Choosing model 2
[0.31846401202218866, 0.06155973213520633, 0.5402645890680038, 0.050078614178007665, 0.029633052596593525]
Games played: 92
Exploitability: P1=4.600000000 P2=-0.008852139 EV: (-0.009008344265211798, 0.009008344265211798) P1 Winnings: 57.0
Choosing model 2
[0.31507440897101063, 0.06497864226072994, 0.5418311189189157, 0.050032305127300065, 0.028083524722043732]
Games played: 93
Exploitability: P1=4.600000000 P2=-0.008852139 EV: (-0.009008344265211798, 0.009008344265211798) P1 Winnings: 62.0
Choosing model 0
[0.3233412567396254, 0.05142868402633762, 0.5470387041488132, 0.047251308413895035, 0.03094004667132894]
Games played: 94
Exploitability: P1=1.900000000 P2=-0.008852139 EV: (-0.08647224178836996, 0.08647224178836996) P1 Winnings: 65.0
Choosing model 2
[0.36451436691728495, 0.0372840450958435, 0.49523239733455365, 0.0560010399896988, 0.046968150662619085]
Games played: 95
Exploitability: P1=4.600000000 P2=-0.008852139 EV: (-0.009008344265211798, 0.009008344265211798) P1 Winnings: 68.0
Choosing model 1
[0.376939028050274, 0.06381925659040995, 0.4079978473467438, 0.09980178571536202, 0.051442082297210194]
Games played: 96
Exploitability: P1=2.800000000 P2=-0.008852139 EV: (-0.029199723023026564, 0.029199723023026564) P1 Winnings: 59.0
Choosing model 0
[0.36056445021332734, 0.08560058235568054, 0.40493984565984775, 0.10658356815984998, 0.0423115536112945]
Games played: 97
Exploitability: P1=1.900000000 P2=-0.008852139 EV: (-0.08647224178836996, 0.08647224178836996) P1 Winnings: 59.0
Choosing model 3
[0.37857058447545155, 0.06043141479473013, 0.4101991800463475, 0.10008460946208989, 0.05071421122138109]
Games played: 98
Exploitability: P1=1.933333333 P2=-0.008852139 EV: (-0.11590886085344705, 0.11590886085344705) P1 Winnings: 59.0
Choosing model 0
[0.3779368215295159, 0.05190908773765496, 0.4435128336456428, 0.08109532720137576, 0.045545929885810445]
Games played: 99
Exploitability: P1=1.900000000 P2=-0.008852139 EV: (-0.08647224178836996, 0.08647224178836996) P1 Winnings: 62.0
Choosing model 2
[0.3813866948069643, 0.04660869319995343, 0.44561819039306977, 0.08035361838687372, 0.0460328032131388]
Games played: 100
Exploitability: P1=4.600000000 P2=-0.008852139 EV: (-0.009008344265211798, 0.009008344265211798) P1 Winnings: 57.0
Choosing model 0
[0.37778034946658007, 0.04940461765275291, 0.4476010101809816, 0.08264786412572324, 0.04256615857396221]
Games played: 101
Exploitability: P1=1.900000000 P2=-0.008852139 EV: (-0.08647224178836996, 0.08647224178836996) P1 Winnings: 64.0
Choosing model 2
[0.35677854891684807, 0.07413376971638988, 0.44564024124183593, 0.09123783999288801, 0.03220960013203817]
Games played: 102
Exploitability: P1=4.600000000 P2=-0.008852139 EV: (-0.009008344265211798, 0.009008344265211798) P1 Winnings: 59.0
Choosing model 3
[0.34104629804748654, 0.08368974238644414, 0.4718795492753896, 0.07837904046148526, 0.02500536982919444]
Games played: 103
Exploitability: P1=1.933333333 P2=-0.008852139 EV: (-0.11590886085344705, 0.11590886085344705) P1 Winnings: 64.0
Choosing model 1
[0.3410462464260525, 0.08368981022867822, 0.471879534948304, 0.07837905603059292, 0.025005352366372333]
Games played: 104
Exploitability: P1=2.800000000 P2=-0.008852139 EV: (-0.029199723023026564, 0.029199723023026564) P1 Winnings: 61.0
Choosing model 2
[0.320390814699456, 0.11219724204652085, 0.46777890336544403, 0.08011393814570224, 0.019519101742876886]
Games played: 105
Exploitability: P1=4.600000000 P2=-0.008852139 EV: (-0.009008344265211798, 0.009008344265211798) P1 Winnings: 68.0
Choosing model 2
[0.33112685654652263, 0.09394983021671859, 0.4751217449795046, 0.07834930252954475, 0.021452265727709464]
Games played: 106
Exploitability: P1=4.600000000 P2=-0.008852139 EV: (-0.009008344265211798, 0.009008344265211798) P1 Winnings: 69.0
Choosing model 0
[0.3006606817008109, 0.11785946236728771, 0.50407318204191, 0.06330952088199866, 0.014097153007992864]
Games played: 107
Exploitability: P1=1.900000000 P2=-0.008852139 EV: (-0.08647224178836996, 0.08647224178836996) P1 Winnings: 78.0
Choosing model 2
[0.30066062916619973, 0.1178595466687525, 0.5040731504212181, 0.0633095303322129, 0.014097143411616731]
Games played: 108
Exploitability: P1=4.600000000 P2=-0.008852139 EV: (-0.009008344265211798, 0.009008344265211798) P1 Winnings: 77.0
Choosing model 3
[0.2520391802985804, 0.1313102041206169, 0.571689497481178, 0.03724207784463695, 0.0077190402549875865]
Games played: 109
Exploitability: P1=1.933333333 P2=-0.008852139 EV: (-0.11590886085344705, 0.11590886085344705) P1 Winnings: 82.0
Choosing model 2
[0.2565594918667251, 0.118931173178097, 0.5794161950514516, 0.037223500161683624, 0.00786963974204273]
Games played: 110
Exploitability: P1=4.600000000 P2=-0.008852139 EV: (-0.009008344265211798, 0.009008344265211798) P1 Winnings: 77.0
Choosing model 2
[0.25253865229399064, 0.12489832595782761, 0.5781427372578088, 0.037000059432626464, 0.0074202250577463475]
Games played: 111
Exploitability: P1=4.600000000 P2=-0.008852139 EV: (-0.009008344265211798, 0.009008344265211798) P1 Winnings: 82.0
Choosing model 2
[0.2050604805213633, 0.13478853197339866, 0.6351325033350046, 0.021082875747287042, 0.003935608422946414]
Games played: 112
Exploitability: P1=4.600000000 P2=-0.008852139 EV: (-0.009008344265211798, 0.009008344265211798) P1 Winnings: 87.0
Choosing model 1
[0.1884617043398269, 0.17922789069357462, 0.6074057691564817, 0.021827532397805275, 0.0030771034123113334]
Games played: 113
Exploitability: P1=2.800000000 P2=-0.008852139 EV: (-0.029199723023026564, 0.029199723023026564) P1 Winnings: 78.0
Choosing model 0
[0.20020705043998047, 0.14375773883834822, 0.6309373278629354, 0.021571986533595433, 0.003525896325140311]
Games played: 114
Exploitability: P1=1.900000000 P2=-0.008852139 EV: (-0.08647224178836996, 0.08647224178836996) P1 Winnings: 81.0
Choosing model 2
[0.2540592425006887, 0.12556503476029904, 0.5764811944181536, 0.037128029924980606, 0.006766498395878012]
Games played: 115
Exploitability: P1=4.600000000 P2=-0.008852139 EV: (-0.009008344265211798, 0.009008344265211798) P1 Winnings: 78.0
Choosing model 2
[0.27735068079695924, 0.16848335088109004, 0.4797845862197438, 0.06544448238213348, 0.0089368997200734]
Games played: 116
Exploitability: P1=4.600000000 P2=-0.008852139 EV: (-0.009008344265211798, 0.009008344265211798) P1 Winnings: 87.0
Choosing model 2
[0.3073475470095553, 0.1119448246075865, 0.5063585212681181, 0.062417290189250144, 0.01193181692548981]
Games played: 117
Exploitability: P1=4.600000000 P2=-0.008852139 EV: (-0.009008344265211798, 0.009008344265211798) P1 Winnings: 82.0
Choosing model 2
[0.2870512239400201, 0.1471073781202374, 0.4910692400363888, 0.0652230517216137, 0.009549106181739939]
Games played: 118
Exploitability: P1=4.600000000 P2=-0.008852139 EV: (-0.009008344265211798, 0.009008344265211798) P1 Winnings: 87.0
Choosing model 2
[0.3142198805745224, 0.09649886316216763, 0.5148093746503927, 0.06227432439760505, 0.012197557215312368]
Games played: 119
Exploitability: P1=4.600000000 P2=-0.008852139 EV: (-0.009008344265211798, 0.009008344265211798) P1 Winnings: 90.0
Choosing model 2
[0.3591060041306115, 0.05817298179209239, 0.4964701707859509, 0.06739399447390274, 0.018856848817442384]
Games played: 120
Exploitability: P1=4.600000000 P2=-0.008852139 EV: (-0.009008344265211798, 0.009008344265211798) P1 Winnings: 85.0
Choosing model 0
[0.3684415671345121, 0.04603138762872349, 0.5011240353828282, 0.06363301294836149, 0.020769996905574822]
Games played: 121
Exploitability: P1=1.900000000 P2=-0.008852139 EV: (-0.08647224178836996, 0.08647224178836996) P1 Winnings: 88.0
Choosing model 1
[0.34729106939596305, 0.06893951645972633, 0.4979711697453364, 0.07011185721545149, 0.015686387183522468]
Games played: 122
Exploitability: P1=2.800000000 P2=-0.008852139 EV: (-0.029199723023026564, 0.029199723023026564) P1 Winnings: 83.0
Choosing model 1
[0.34729101989542904, 0.06893957295348589, 0.497971159022491, 0.07011187176137212, 0.015686376367221904]
Games played: 123
Exploitability: P1=2.800000000 P2=-0.008852139 EV: (-0.029199723023026564, 0.029199723023026564) P1 Winnings: 76.0
Choosing model 2
[0.3686247161636921, 0.043873875663881984, 0.5033921100664415, 0.0640492158363555, 0.020060082269629017]
Games played: 124
Exploitability: P1=4.600000000 P2=-0.008852139 EV: (-0.009008344265211798, 0.009008344265211798) P1 Winnings: 71.0
Choosing model 2
[0.4012479517686672, 0.04398750649402099, 0.4353616280432768, 0.09306472822000293, 0.026338185474032102]
Games played: 125
Exploitability: P1=4.600000000 P2=-0.008852139 EV: (-0.009008344265211798, 0.009008344265211798) P1 Winnings: 58.0
Choosing model 3
[0.3977842063662535, 0.046524872773314734, 0.437511556131605, 0.09316767609848993, 0.025011688630336777]
Games played: 126
Exploitability: P1=1.933333333 P2=-0.008852139 EV: (-0.11590886085344705, 0.11590886085344705) P1 Winnings: 63.0
Choosing model 2
[0.39151382220362213, 0.047277866442100386, 0.455956560177307, 0.08291434999863774, 0.022337401178332807]
Games played: 127
Exploitability: P1=4.600000000 P2=-0.008852139 EV: (-0.009008344265211798, 0.009008344265211798) P1 Winnings: 64.0
Choosing model 0
[0.39945089409810025, 0.03908171707087551, 0.45718260021214774, 0.08004951467694363, 0.024235273941932717]
Games played: 128
Exploitability: P1=1.900000000 P2=-0.008852139 EV: (-0.08647224178836996, 0.08647224178836996) P1 Winnings: 65.0
Choosing model 2
[0.3831584685093144, 0.054237562371491986, 0.4563290893424269, 0.0864982612167217, 0.019776618560045086]
Games played: 129
Exploitability: P1=4.600000000 P2=-0.008852139 EV: (-0.009008344265211798, 0.009008344265211798) P1 Winnings: 64.0
Choosing model 2
[0.397627258272629, 0.049871087271933075, 0.43567229158627857, 0.09448648051866525, 0.022342882350493982]
Games played: 130
Exploitability: P1=4.600000000 P2=-0.008852139 EV: (-0.009008344265211798, 0.009008344265211798) P1 Winnings: 73.0
Choosing model 0
[0.3939682487110103, 0.05271752986721364, 0.43757216336295907, 0.09453664548992623, 0.02120541256889068]
Games played: 131
Exploitability: P1=1.900000000 P2=-0.008852139 EV: (-0.08647224178836996, 0.08647224178836996) P1 Winnings: 78.0
Choosing model 2
[0.3609279465193092, 0.0893063146360196, 0.42905698889438987, 0.10602610016892713, 0.014682649781354317]
Games played: 132
Exploitability: P1=4.600000000 P2=-0.008852139 EV: (-0.009008344265211798, 0.009008344265211798) P1 Winnings: 73.0
Choosing model 2
[0.36092773522615273, 0.08930656367557516, 0.42905691963829673, 0.10602616840614772, 0.014682613053827601]
Games played: 133
Exploitability: P1=4.600000000 P2=-0.008852139 EV: (-0.009008344265211798, 0.009008344265211798) P1 Winnings: 64.0
Choosing model 3
[0.3550230992095554, 0.09069698399442869, 0.44687457034809813, 0.09430056521499153, 0.013104781232926188]
Games played: 134
Exploitability: P1=1.933333333 P2=-0.008852139 EV: (-0.11590886085344705, 0.11590886085344705) P1 Winnings: 65.0
Choosing model 0
[0.3260408659579058, 0.13203209931926457, 0.43152721888485535, 0.10060598101838895, 0.009793834819585396]
Games played: 135
Exploitability: P1=1.900000000 P2=-0.008852139 EV: (-0.08647224178836996, 0.08647224178836996) P1 Winnings: 62.0
Choosing model 2
[0.31991890734751416, 0.13375822916685673, 0.4483430488878109, 0.08925993050388896, 0.008719884093929306]
Games played: 136
Exploitability: P1=4.600000000 P2=-0.008852139 EV: (-0.009008344265211798, 0.009008344265211798) P1 Winnings: 63.0
Choosing model 2
[0.33188253181267713, 0.11166347938004567, 0.46172459445071257, 0.08522336818344556, 0.009506026173119055]
Games played: 137
Exploitability: P1=4.600000000 P2=-0.008852139 EV: (-0.009008344265211798, 0.009008344265211798) P1 Winnings: 64.0
Choosing model 2
[0.34570496970736914, 0.09002749219526436, 0.4706660741630159, 0.08290449063731664, 0.010696973297033877]
Games played: 138
Exploitability: P1=4.600000000 P2=-0.008852139 EV: (-0.009008344265211798, 0.009008344265211798) P1 Winnings: 61.0
Choosing model 1
[0.3413260066442543, 0.0948331229065346, 0.47106552876745883, 0.08265844946684586, 0.01011689221490641]
Games played: 139
Exploitability: P1=2.800000000 P2=-0.008852139 EV: (-0.029199723023026564, 0.029199723023026564) P1 Winnings: 66.0
Choosing model 0
[0.35437174436972574, 0.07554300686005029, 0.47863516202098855, 0.08011907459160167, 0.011331012157633696]
Games played: 140
Exploitability: P1=1.900000000 P2=-0.008852139 EV: (-0.08647224178836996, 0.08647224178836996) P1 Winnings: 67.0
Choosing model 0
[0.36455299409908815, 0.062059117988488816, 0.48326026645602793, 0.07767126265536928, 0.012456358801026019]
Games played: 141
Exploitability: P1=1.900000000 P2=-0.008852139 EV: (-0.08647224178836996, 0.08647224178836996) P1 Winnings: 67.0
Choosing model 2
[0.3454485006190755, 0.08508240097823093, 0.4765156417393094, 0.08291185880500694, 0.0100415978583772]
Games played: 142
Exploitability: P1=4.600000000 P2=-0.008852139 EV: (-0.009008344265211798, 0.009008344265211798) P1 Winnings: 58.0
Choosing model 2
[0.3380348242896818, 0.0859589259549847, 0.49373017341386893, 0.0733600565511759, 0.008916019790288715]
Games played: 143
Exploitability: P1=4.600000000 P2=-0.008852139 EV: (-0.009008344265211798, 0.009008344265211798) P1 Winnings: 59.0
Choosing model 2
[0.33011454366906406, 0.08666970274284436, 0.5105370451129707, 0.06477803149841092, 0.00790067697671003]
Games played: 144
Exploitability: P1=4.600000000 P2=-0.008852139 EV: (-0.009008344265211798, 0.009008344265211798) P1 Winnings: 60.0
Choosing model 2
[0.34199660181549607, 0.06889202456989182, 0.5176282394776528, 0.06265328437514522, 0.008829849761813818]
Games played: 145
Exploitability: P1=4.600000000 P2=-0.008852139 EV: (-0.009008344265211798, 0.009008344265211798) P1 Winnings: 61.0
Choosing model 2
[0.37859636181051565, 0.04575946555602791, 0.49560405882470865, 0.06769275627198972, 0.012347357536758034]
Games played: 146
Exploitability: P1=4.600000000 P2=-0.008852139 EV: (-0.009008344265211798, 0.009008344265211798) P1 Winnings: 61.0
Choosing model 2
[0.3863545853031194, 0.03783467839599878, 0.4970435191250355, 0.06536790056267493, 0.013399316613171345]
Games played: 147
Exploitability: P1=4.600000000 P2=-0.008852139 EV: (-0.009008344265211798, 0.009008344265211798) P1 Winnings: 62.0
Choosing model 2
[0.3319976204974749, 0.04320969098331775, 0.5778544574277157, 0.03941728907051228, 0.007520942020979223]
Games played: 148
Exploitability: P1=4.600000000 P2=-0.008852139 EV: (-0.009008344265211798, 0.009008344265211798) P1 Winnings: 67.0
Choosing model 0
[0.299797454952095, 0.053908885778831094, 0.6097023823796694, 0.03167607653326564, 0.004915200356138813]
Games played: 149
Exploitability: P1=1.900000000 P2=-0.008852139 EV: (-0.08647224178836996, 0.08647224178836996) P1 Winnings: 76.0
Choosing model 2
[0.29707935206689196, 0.05531726966403232, 0.6107237933407562, 0.03227814040901981, 0.004601444519299791]
Games played: 150
Exploitability: P1=4.600000000 P2=-0.008852139 EV: (-0.009008344265211798, 0.009008344265211798) P1 Winnings: 76.0
Choosing model 0
[0.26544951430920327, 0.06828989228902341, 0.6376182819785576, 0.02566667633561435, 0.0029756350876013744]
Games played: 151
Exploitability: P1=1.900000000 P2=-0.008852139 EV: (-0.08647224178836996, 0.08647224178836996) P1 Winnings: 85.0
Choosing model 1
[0.28576375994444786, 0.039309097024781914, 0.6478434317448993, 0.023101275507052384, 0.003982435778818474]
Games played: 152
Exploitability: P1=2.800000000 P2=-0.008852139 EV: (-0.029199723023026564, 0.029199723023026564) P1 Winnings: 84.0
Choosing model 2
[0.30844497206169535, 0.03747758161150599, 0.6219276608028771, 0.027343230969606645, 0.004806554554314858]
Games played: 153
Exploitability: P1=4.600000000 P2=-0.008852139 EV: (-0.009008344265211798, 0.009008344265211798) P1 Winnings: 77.0
Choosing model 0
[0.31441760085879433, 0.03095281709423836, 0.6230443378421615, 0.026374952712932366, 0.005210291491873545]
Games played: 154
Exploitability: P1=1.900000000 P2=-0.008852139 EV: (-0.08647224178836996, 0.08647224178836996) P1 Winnings: 78.0
Choosing model 2
[0.3204894078098773, 0.025195139142400156, 0.623305114535793, 0.02533502741563173, 0.005675311096297954]
Games played: 155
Exploitability: P1=4.600000000 P2=-0.008852139 EV: (-0.009008344265211798, 0.009008344265211798) P1 Winnings: 78.0
Choosing model 2
[0.325874697812736, 0.020756458009102433, 0.6228557782899995, 0.024376495500329224, 0.006136570387832721]
Games played: 156
Exploitability: P1=4.600000000 P2=-0.008852139 EV: (-0.009008344265211798, 0.009008344265211798) P1 Winnings: 77.0
Choosing model 2
[0.33223157090273653, 0.016378958088765216, 0.6214216996774221, 0.0232091727014222, 0.006758598629653846]
Games played: 157
Exploitability: P1=4.600000000 P2=-0.008852139 EV: (-0.009008344265211798, 0.009008344265211798) P1 Winnings: 74.0
Choosing model 2
[0.3891894177926418, 0.01510625031593467, 0.548337061247594, 0.03665062494644352, 0.010716645697386102]
Games played: 158
Exploitability: P1=4.600000000 P2=-0.008852139 EV: (-0.009008344265211798, 0.009008344265211798) P1 Winnings: 65.0
Choosing model 2
[0.399825236590518, 0.010434891529970815, 0.543496929148366, 0.03367469318456119, 0.01256824954658386]
Games played: 159
Exploitability: P1=4.600000000 P2=-0.008852139 EV: (-0.009008344265211798, 0.009008344265211798) P1 Winnings: 60.0
Choosing model 2
[0.4059971275723139, 0.00820131447837724, 0.5400805174773826, 0.03193408950996819, 0.013786950961958165]
Games played: 160
Exploitability: P1=4.600000000 P2=-0.008852139 EV: (-0.009008344265211798, 0.009008344265211798) P1 Winnings: 57.0
Choosing model 2
[0.38418217697679613, 0.01079069118624895, 0.5655000320221196, 0.02916369723844883, 0.01036340257638645]
Games played: 161
Exploitability: P1=4.600000000 P2=-0.008852139 EV: (-0.009008344265211798, 0.009008344265211798) P1 Winnings: 62.0
Choosing model 2
[0.3343048498796098, 0.013729789413516536, 0.6256818410314806, 0.020386890399591552, 0.005896629275801716]
Games played: 162
Exploitability: P1=4.600000000 P2=-0.008852139 EV: (-0.009008344265211798, 0.009008344265211798) P1 Winnings: 67.0
Choosing model 0
[0.3390896149291349, 0.011283274574992798, 0.6236993467452149, 0.019567507302903988, 0.006360256447753338]
Games played: 163
Exploitability: P1=1.900000000 P2=-0.008852139 EV: (-0.08647224178836996, 0.08647224178836996) P1 Winnings: 68.0
Choosing model 2
[0.3448596896750789, 0.008804559015567473, 0.6207786920708429, 0.018579003298788532, 0.006978055939722134]
Games played: 164
Exploitability: P1=4.600000000 P2=-0.008852139 EV: (-0.009008344265211798, 0.009008344265211798) P1 Winnings: 69.0
Choosing model 2
[0.3626569783154572, 0.008203745302136814, 0.6005849884741682, 0.020565562497363854, 0.007988725410873893]
Games played: 165
Exploitability: P1=4.600000000 P2=-0.008852139 EV: (-0.009008344265211798, 0.009008344265211798) P1 Winnings: 78.0
Choosing model 2
[0.35110541453142935, 0.00820024388086478, 0.6156733253493406, 0.0180030859576994, 0.007017930280665987]
Games played: 166
Exploitability: P1=4.600000000 P2=-0.008852139 EV: (-0.009008344265211798, 0.009008344265211798) P1 Winnings: 79.0
Choosing model 2
[0.351105310114818, 0.008200269109924836, 0.6156734032985028, 0.018003102729586506, 0.00701791474716777]
Games played: 167
Exploitability: P1=4.600000000 P2=-0.008852139 EV: (-0.009008344265211798, 0.009008344265211798) P1 Winnings: 70.0
Choosing model 2
[0.35561792867953324, 0.006729360951842522, 0.6128392457509333, 0.0172546563576272, 0.007558808260063865]
Games played: 168
Exploitability: P1=4.600000000 P2=-0.008852139 EV: (-0.009008344265211798, 0.009008344265211798) P1 Winnings: 71.0
Choosing model 0
[0.3556178258087542, 0.0067293817101966745, 0.6128393283178952, 0.017254672572386585, 0.007558791590767301]
Games played: 169
Exploitability: P1=1.900000000 P2=-0.008852139 EV: (-0.08647224178836996, 0.08647224178836996) P1 Winnings: 62.0
Choosing model 2
[0.3645586312314855, 0.004638537888576244, 0.6061370139003995, 0.015819897610555564, 0.008845919368983306]
Games played: 170
Exploitability: P1=4.600000000 P2=-0.008852139 EV: (-0.009008344265211798, 0.009008344265211798) P1 Winnings: 62.0
Choosing model 2
[0.4132294051335938, 0.00484283762540929, 0.5458961168287729, 0.023937038620275467, 0.012094601791948637]
Games played: 171
Exploitability: P1=4.600000000 P2=-0.008852139 EV: (-0.009008344265211798, 0.009008344265211798) P1 Winnings: 49.0
Choosing model 2
[0.43129937043154665, 0.004478560735457345, 0.52418148504506, 0.02629799277852892, 0.013742591009407092]
Games played: 172
Exploitability: P1=4.600000000 P2=-0.008852139 EV: (-0.009008344265211798, 0.009008344265211798) P1 Winnings: 40.0
Choosing model 2
[0.4209666522737495, 0.006324392929872186, 0.5323827517893543, 0.02891512805196882, 0.011411074955055145]
Games played: 173
Exploitability: P1=4.600000000 P2=-0.008852139 EV: (-0.009008344265211798, 0.009008344265211798) P1 Winnings: 31.0
Choosing model 2
[0.42096654250961385, 0.0063244126194409115, 0.5323828387055489, 0.028915156049408065, 0.011411050115988114]
Games played: 174
Exploitability: P1=4.600000000 P2=-0.008852139 EV: (-0.009008344265211798, 0.009008344265211798) P1 Winnings: 22.0
Choosing model 0
[0.40961647362431614, 0.0063536478798892505, 0.5485146838094802, 0.025440184032594803, 0.010075010653719622]
Games played: 175
Exploitability: P1=1.900000000 P2=-0.008852139 EV: (-0.08647224178836996, 0.08647224178836996) P1 Winnings: 23.0
Choosing model 2
[0.38797929051992386, 0.007107155440991317, 0.5755082300107514, 0.021655176170687896, 0.007750147857645525]
Games played: 176
Exploitability: P1=4.600000000 P2=-0.008852139 EV: (-0.009008344265211798, 0.009008344265211798) P1 Winnings: 28.0
Choosing model 2
[0.399429082545117, 0.004384705588017262, 0.5674297947101704, 0.019445831252151363, 0.009310585904543875]
Games played: 177
Exploitability: P1=4.600000000 P2=-0.008852139 EV: (-0.009008344265211798, 0.009008344265211798) P1 Winnings: 31.0
Choosing model 2
[0.40389865581851425, 0.0035923002745010834, 0.563890512346604, 0.018606810822559522, 0.01001172073782116]
Games played: 178
Exploitability: P1=4.600000000 P2=-0.008852139 EV: (-0.009008344265211798, 0.009008344265211798) P1 Winnings: 32.0
Choosing model 1
[0.40934328012192794, 0.0028179329619179203, 0.5592663680072655, 0.017611053334570612, 0.010961365574318021]
Games played: 179
Exploitability: P1=2.800000000 P2=-0.008852139 EV: (-0.029199723023026564, 0.029199723023026564) P1 Winnings: 29.0
Choosing model 0
[0.35142890536330773, 0.0032053811457750355, 0.6279988874722506, 0.011053179286896886, 0.006313646731769894]
Games played: 180
Exploitability: P1=1.900000000 P2=-0.008852139 EV: (-0.08647224178836996, 0.08647224178836996) P1 Winnings: 32.0
Choosing model 2
[0.3525819216291381, 0.0028614056932917222, 0.6273238840817457, 0.01088862525193631, 0.006344163343888156]
Games played: 181
Exploitability: P1=4.600000000 P2=-0.008852139 EV: (-0.009008344265211798, 0.009008344265211798) P1 Winnings: 27.0
Choosing model 0
[0.3566973100978233, 0.002345409604908731, 0.6237083280172064, 0.01042378750486822, 0.00682516477519334]
Games played: 182
Exploitability: P1=1.900000000 P2=-0.008852139 EV: (-0.08647224178836996, 0.08647224178836996) P1 Winnings: 28.0
Choosing model 2
[0.3948628397947538, 0.0013695416693937147, 0.5826203896765412, 0.010926854140459734, 0.01022037471885171]
Games played: 183
Exploitability: P1=4.600000000 P2=-0.008852139 EV: (-0.009008344265211798, 0.009008344265211798) P1 Winnings: 33.0
Choosing model 0
[0.4061208049689656, 0.000844560046916527, 0.5706975060250029, 0.009672425701880415, 0.01266470325723469]
Games played: 184
Exploitability: P1=1.900000000 P2=-0.008852139 EV: (-0.08647224178836996, 0.08647224178836996) P1 Winnings: 34.0
Choosing model 2
[0.4061207800350059, 0.0008445607467243196, 0.5706975349050326, 0.009672428241909796, 0.012664696071327424]
Games played: 185
Exploitability: P1=4.600000000 P2=-0.008852139 EV: (-0.009008344265211798, 0.009008344265211798) P1 Winnings: 33.0
Choosing model 0
[0.45515242678216955, 0.0015667683998911793, 0.5095654986144508, 0.018681981211309786, 0.015033324992178715]
Games played: 186
Exploitability: P1=1.900000000 P2=-0.008852139 EV: (-0.08647224178836996, 0.08647224178836996) P1 Winnings: 24.0
Choosing model 2
[0.44244440599325696, 0.0024198910917281116, 0.5221987562031706, 0.021227984728412974, 0.011708961983431222]
Games played: 187
Exploitability: P1=4.600000000 P2=-0.008852139 EV: (-0.009008344265211798, 0.009008344265211798) P1 Winnings: 19.0
Choosing model 2
[0.4403926948605123, 0.0025789069049411135, 0.5241458389222684, 0.021649217646715062, 0.011233341665563135]
Games played: 188
Exploitability: P1=4.600000000 P2=-0.008852139 EV: (-0.009008344265211798, 0.009008344265211798) P1 Winnings: 6.0
Choosing model 2
[0.4884181189856112, 0.002634403482388189, 0.4618693781251366, 0.03205064589464216, 0.015027453512221785]
Games played: 189
Exploitability: P1=4.600000000 P2=-0.008852139 EV: (-0.009008344265211798, 0.009008344265211798) P1 Winnings: -7.0
Choosing model 0
[0.46693046153717493, 0.003501823709471547, 0.48858426993612813, 0.02957134084533671, 0.01141210397188866]
Games played: 190
Exploitability: P1=1.900000000 P2=-0.008852139 EV: (-0.08647224178836996, 0.08647224178836996) P1 Winnings: -2.0
Choosing model 0
[0.45555218216189985, 0.0035273886633186177, 0.5047307697394027, 0.026086860470582344, 0.01010279896479655]
Games played: 191
Exploitability: P1=1.900000000 P2=-0.008852139 EV: (-0.08647224178836996, 0.08647224178836996) P1 Winnings: -1.0
Choosing model 2
[0.4613309701144361, 0.0027407681725329, 0.500227806082205, 0.02466353126884582, 0.011036924361980172]
Games played: 192
Exploitability: P1=4.600000000 P2=-0.008852139 EV: (-0.009008344265211798, 0.009008344265211798) P1 Winnings: 0.0
Choosing model 0
[0.3794136108920953, 0.0038696661392245307, 0.5968468915071725, 0.014741667153882908, 0.005128164307624685]
Games played: 193
Exploitability: P1=1.900000000 P2=-0.008852139 EV: (-0.08647224178836996, 0.08647224178836996) P1 Winnings: 5.0
Choosing model 2
[0.37357610853881185, 0.0046683579422793576, 0.601629104288855, 0.01555470140566602, 0.004571727824387746]
Games played: 194
Exploitability: P1=4.600000000 P2=-0.008852139 EV: (-0.009008344265211798, 0.009008344265211798) P1 Winnings: 0.0
Choosing model 2
[0.33956997660880656, 0.00586273903686759, 0.6389773766369982, 0.01258240123584549, 0.0030075064814819633]
Games played: 195
Exploitability: P1=4.600000000 P2=-0.008852139 EV: (-0.009008344265211798, 0.009008344265211798) P1 Winnings: 9.0
Choosing model 2
[0.3502468480443623, 0.003623756436571835, 0.6311896837971027, 0.011319888114495085, 0.003619823607467966]
Games played: 196
Exploitability: P1=4.600000000 P2=-0.008852139 EV: (-0.009008344265211798, 0.009008344265211798) P1 Winnings: 12.0
Choosing model 0
[0.3619534222395693, 0.0022453495743385765, 0.6212260517626031, 0.010068202545375505, 0.004506973878113554]
Games played: 197
Exploitability: P1=1.900000000 P2=-0.008852139 EV: (-0.08647224178836996, 0.08647224178836996) P1 Winnings: 7.0
Choosing model 0
[0.3619533959771739, 0.002245351409786892, 0.6212260762655162, 0.010068205076957, 0.0045069712705660655]
Games played: 198
Exploitability: P1=1.900000000 P2=-0.008852139 EV: (-0.08647224178836996, 0.08647224178836996) P1 Winnings: 6.0
Choosing model 2
[0.35301986305310634, 0.0030812830139061963, 0.6291455372362981, 0.010986645025352449, 0.003766671671336827]
Games played: 199
Exploitability: P1=4.600000000 P2=-0.008852139 EV: (-0.009008344265211798, 0.009008344265211798) P1 Winnings: 11.0
Choosing model 2
[0.3715122407800581, 0.0028731382871669923, 0.609128853176605, 0.012170366407948937, 0.004315401348220906]
Games played: 200
Exploitability: P1=4.600000000 P2=-0.008852139 EV: (-0.009008344265211798, 0.009008344265211798) P1 Winnings: 2.0
