Player 1 exploitability: 0.0335035724256
Choosing model 0
[0.1913481029293628, 0.2344491292286349, 0.19589523608543866, 0.2050562689219113, 0.1732512628346523]
Games played: 1
Exploitability: P1=1.900000000 P2=-0.052148442 EV: (-0.08467251258652433, 0.08467251258652433) P1 Winnings: -5
Choosing model 2
[0.20747126169846106, 0.17441546137547062, 0.20536812987386416, 0.20013940636482377, 0.21260574068738047]
Games played: 2
Exploitability: P1=4.600000000 P2=-0.052148442 EV: (-0.15018385538980492, 0.15018385538980492) P1 Winnings: -2.0
Choosing model 4
[0.20515511338678938, 0.1846578715601098, 0.20478227233189022, 0.20277249616189982, 0.20263224655931092]
Games played: 3
Exploitability: P1=2.600000000 P2=-0.052148442 EV: (-0.0660448299704792, 0.0660448299704792) P1 Winnings: -15.0
Choosing model 1
[0.2026355372775413, 0.19528079950218127, 0.2039672978425579, 0.20520802954675374, 0.1929083358309657]
Games played: 4
Exploitability: P1=2.800000000 P2=-0.052148442 EV: (-0.19209982883130397, 0.19209982883130397) P1 Winnings: -16.0
Choosing model 4
[0.2078274255462423, 0.17778948558814991, 0.20774535843154712, 0.20537849150890894, 0.20125923892515168]
Games played: 5
Exploitability: P1=2.600000000 P2=-0.052148442 EV: (-0.0660448299704792, 0.0660448299704792) P1 Winnings: -13.0
Choosing model 1
[0.2053453698924301, 0.18808171803834214, 0.20698949488187385, 0.207916546653164, 0.19166687053418976]
Games played: 6
Exploitability: P1=2.800000000 P2=-0.052148442 EV: (-0.19209982883130397, 0.19209982883130397) P1 Winnings: -14.0
Choosing model 3
[0.20266662564140694, 0.19874781529859753, 0.20600632076463424, 0.21025116635480404, 0.18232807194055733]
Games played: 7
Exploitability: P1=1.933333333 P2=-0.052148442 EV: (-0.14628362852988452, 0.14628362852988452) P1 Winnings: -21.0
Choosing model 4
[0.2026665871394182, 0.19874796873682737, 0.20600630655498767, 0.21025119999996206, 0.18232793756880467]
Games played: 8
Exploitability: P1=2.600000000 P2=-0.052148442 EV: (-0.0660448299704792, 0.0660448299704792) P1 Winnings: -24.0
Choosing model 4
[0.17881580284398302, 0.28271867674655154, 0.19091642129668446, 0.21522833843096736, 0.1323207606818136]
Games played: 9
Exploitability: P1=2.600000000 P2=-0.052148442 EV: (-0.0660448299704792, 0.0660448299704792) P1 Winnings: -35.0
Choosing model 0
[0.17495005785927875, 0.29615641605417964, 0.18835900901834518, 0.21575441077854923, 0.12478010628964725]
Games played: 10
Exploitability: P1=1.900000000 P2=-0.052148442 EV: (-0.08467251258652433, 0.08467251258652433) P1 Winnings: -36.0
Choosing model 2
[0.1875173521323167, 0.25348850253386274, 0.19814753507738656, 0.21792643389183788, 0.1429201763645961]
Games played: 11
Exploitability: P1=4.600000000 P2=-0.052148442 EV: (-0.15018385538980492, 0.15018385538980492) P1 Winnings: -36.0
Choosing model 4
[0.18751717712508437, 0.2534891212306945, 0.19814743416403577, 0.21792649833690772, 0.1429197691432776]
Games played: 12
Exploitability: P1=2.600000000 P2=-0.052148442 EV: (-0.0660448299704792, 0.0660448299704792) P1 Winnings: -45.0
Choosing model 3
[0.1875171309791604, 0.2534892844555162, 0.19814740759467397, 0.2179265153158937, 0.1429196616547557]
Games played: 13
Exploitability: P1=1.933333333 P2=-0.052148442 EV: (-0.14628362852988452, 0.14628362852988452) P1 Winnings: -46.0
Choosing model 3
[0.17625404975046935, 0.29193235012288676, 0.19067171081043385, 0.21951142008215913, 0.12163046923405095]
Games played: 14
Exploitability: P1=1.933333333 P2=-0.052148442 EV: (-0.14628362852988452, 0.14628362852988452) P1 Winnings: -55.0
Choosing model 2
[0.17832208297781943, 0.3049448894371857, 0.20426156918668914, 0.20081123984915455, 0.11166021854915108]
Games played: 15
Exploitability: P1=4.600000000 P2=-0.052148442 EV: (-0.15018385538980492, 0.15018385538980492) P1 Winnings: -54.0
Choosing model 3
[0.1576383753429223, 0.37259147823751665, 0.1871008398564276, 0.1973620555281962, 0.08530725103493726]
Games played: 16
Exploitability: P1=1.933333333 P2=-0.052148442 EV: (-0.14628362852988452, 0.14628362852988452) P1 Winnings: -49.0
Choosing model 0
[0.16672363047556116, 0.2712402461378994, 0.14248028006598754, 0.28311084725294877, 0.13644499606760335]
Games played: 17
Exploitability: P1=1.900000000 P2=-0.052148442 EV: (-0.08467251258652433, 0.08467251258652433) P1 Winnings: -42.0
Choosing model 0
[0.1705734332990532, 0.2865111145501214, 0.15434883970458793, 0.26190007092242706, 0.1266665415238104]
Games played: 18
Exploitability: P1=1.900000000 P2=-0.052148442 EV: (-0.08467251258652433, 0.08467251258652433) P1 Winnings: -41.0
Choosing model 4
[0.18370626113793348, 0.2483134251046498, 0.16502282497270412, 0.2596006924881892, 0.1433567962965233]
Games played: 19
Exploitability: P1=2.600000000 P2=-0.052148442 EV: (-0.0660448299704792, 0.0660448299704792) P1 Winnings: -40.0
Choosing model 3
[0.1800795763095912, 0.26061484796667983, 0.16312459169956492, 0.26073443085937753, 0.13544655316478663]
Games played: 20
Exploitability: P1=1.933333333 P2=-0.052148442 EV: (-0.14628362852988452, 0.14628362852988452) P1 Winnings: -41.0
Choosing model 3
[0.1836541534420623, 0.2744154514393266, 0.1761530262719752, 0.2404360328837346, 0.12534133596290128]
Games played: 21
Exploitability: P1=1.933333333 P2=-0.052148442 EV: (-0.14628362852988452, 0.14628362852988452) P1 Winnings: -40.0
Choosing model 0
[0.18782264789348826, 0.26107015472420064, 0.1801552402288729, 0.24469776799678908, 0.12625418915664902]
Games played: 22
Exploitability: P1=1.900000000 P2=-0.052148442 EV: (-0.08467251258652433, 0.08467251258652433) P1 Winnings: -43.0
Choosing model 2
[0.19088810534247372, 0.27394365571354035, 0.19387070260269773, 0.2248670335479542, 0.11643050279333395]
Games played: 23
Exploitability: P1=4.600000000 P2=-0.052148442 EV: (-0.15018385538980492, 0.15018385538980492) P1 Winnings: -42.0
Choosing model 4
[0.2119820086014125, 0.2087295575238785, 0.2081649978237785, 0.22478726093991172, 0.1463361751110187]
Games played: 24
Exploitability: P1=2.600000000 P2=-0.052148442 EV: (-0.0660448299704792, 0.0660448299704792) P1 Winnings: -42.0
Choosing model 1
[0.19126747132163888, 0.2724818384709742, 0.1954444082235031, 0.2284796115785173, 0.11232667040536637]
Games played: 25
Exploitability: P1=2.800000000 P2=-0.052148442 EV: (-0.19209982883130397, 0.19209982883130397) P1 Winnings: -43.0
Choosing model 0
[0.2065321961052687, 0.22575049737489591, 0.20653966332422363, 0.23033135468364896, 0.13084628851196264]
Games played: 26
Exploitability: P1=1.900000000 P2=-0.052148442 EV: (-0.08467251258652433, 0.08467251258652433) P1 Winnings: -42.0
Choosing model 2
[0.23538660225314692, 0.13757328778438044, 0.2221680097474799, 0.21947656169697416, 0.18539553851801854]
Games played: 27
Exploitability: P1=4.600000000 P2=-0.052148442 EV: (-0.15018385538980492, 0.15018385538980492) P1 Winnings: -43.0
Choosing model 3
[0.24492262181395544, 0.11039974329214824, 0.2274232193561646, 0.21016028191733832, 0.20709413362039342]
Games played: 28
Exploitability: P1=1.933333333 P2=-0.052148442 EV: (-0.14628362852988452, 0.14628362852988452) P1 Winnings: -40.0
Choosing model 3
[0.2490676529658906, 0.09989268584691174, 0.2302680161025522, 0.20984679805259154, 0.21092484703205397]
Games played: 29
Exploitability: P1=1.933333333 P2=-0.052148442 EV: (-0.14628362852988452, 0.14628362852988452) P1 Winnings: -40.0
Choosing model 4
[0.2550195258865927, 0.08031395300685215, 0.23103989812071796, 0.20150131424656617, 0.23212530873927092]
Games played: 30
Exploitability: P1=2.600000000 P2=-0.052148442 EV: (-0.0660448299704792, 0.0660448299704792) P1 Winnings: -43.0
Choosing model 2
[0.24757783387374113, 0.10776654221930967, 0.23241146154041642, 0.21748786239484175, 0.19475629997169092]
Games played: 31
Exploitability: P1=4.600000000 P2=-0.052148442 EV: (-0.15018385538980492, 0.15018385538980492) P1 Winnings: -38.0
Choosing model 0
[0.24651079608494667, 0.11447990927080287, 0.23457752507965418, 0.21867777795577364, 0.18575399160882278]
Games played: 32
Exploitability: P1=1.900000000 P2=-0.052148442 EV: (-0.08467251258652433, 0.08467251258652433) P1 Winnings: -33.0
Choosing model 0
[0.2574691267377067, 0.08039713537553603, 0.23638283142489774, 0.20427111119239258, 0.2214797952694667]
Games played: 33
Exploitability: P1=1.900000000 P2=-0.052148442 EV: (-0.08467251258652433, 0.08467251258652433) P1 Winnings: -33.0
Choosing model 4
[0.235130641548376, 0.05053665585639393, 0.1554330217696809, 0.25301551534465655, 0.3058841654808926]
Games played: 34
Exploitability: P1=2.600000000 P2=-0.052148442 EV: (-0.0660448299704792, 0.0660448299704792) P1 Winnings: -36.0
Choosing model 3
[0.23676718879583344, 0.03938776718014228, 0.15316665317459652, 0.2379345597721483, 0.3327438310772795]
Games played: 35
Exploitability: P1=1.933333333 P2=-0.052148442 EV: (-0.14628362852988452, 0.14628362852988452) P1 Winnings: -33.0
Choosing model 3
[0.2371772656499546, 0.035622876872650186, 0.15220580179001947, 0.23228736102836142, 0.3427066946590142]
Games played: 36
Exploitability: P1=1.933333333 P2=-0.052148442 EV: (-0.14628362852988452, 0.14628362852988452) P1 Winnings: -30.0
Choosing model 0
[0.2381607754124616, 0.04382789683429514, 0.15646892496781228, 0.24996065146342578, 0.31158175132200505]
Games played: 37
Exploitability: P1=1.900000000 P2=-0.052148442 EV: (-0.08467251258652433, 0.08467251258652433) P1 Winnings: -39.0
Choosing model 0
[0.23928306316599182, 0.03567728710397996, 0.15449689268601852, 0.23764357457292057, 0.3328991824710892]
Games played: 38
Exploitability: P1=1.900000000 P2=-0.052148442 EV: (-0.08467251258652433, 0.08467251258652433) P1 Winnings: -38.0
Choosing model 4
[0.2395598270373475, 0.027405539924815203, 0.15137541569247454, 0.22211969621719255, 0.3595395211281702]
Games played: 39
Exploitability: P1=2.600000000 P2=-0.052148442 EV: (-0.0660448299704792, 0.0660448299704792) P1 Winnings: -37.0
Choosing model 0
[0.20366470884622126, 0.013364637602311224, 0.0947774705137978, 0.22989859144955854, 0.4582945915881112]
Games played: 40
Exploitability: P1=1.900000000 P2=-0.052148442 EV: (-0.08467251258652433, 0.08467251258652433) P1 Winnings: -30.0
Choosing model 4
[0.20555005869173024, 0.014441670226444998, 0.09645879838273277, 0.2377333815764879, 0.4458160911226041]
Games played: 41
Exploitability: P1=2.600000000 P2=-0.052148442 EV: (-0.0660448299704792, 0.0660448299704792) P1 Winnings: -25.0
Choosing model 4
[0.20329559083439297, 0.01157250298381389, 0.09375664290340838, 0.2224915144376882, 0.4688837488406966]
Games played: 42
Exploitability: P1=2.600000000 P2=-0.052148442 EV: (-0.0660448299704792, 0.0660448299704792) P1 Winnings: -26.0
Choosing model 1
[0.21600729088730442, 0.012695238492443342, 0.10548164050677561, 0.21375622787469656, 0.45205960223877995]
Games played: 43
Exploitability: P1=2.800000000 P2=-0.052148442 EV: (-0.19209982883130397, 0.19209982883130397) P1 Winnings: -25.0
Choosing model 3
[0.220710145425798, 0.014349856155397186, 0.10962466553465612, 0.22895334838994916, 0.4263619844941995]
Games played: 44
Exploitability: P1=1.933333333 P2=-0.052148442 EV: (-0.14628362852988452, 0.14628362852988452) P1 Winnings: -22.0
Choosing model 4
[0.2334334949872784, 0.015669730784029345, 0.12276753429369805, 0.21895393216873557, 0.4091753077662586]
Games played: 45
Exploitability: P1=2.600000000 P2=-0.052148442 EV: (-0.0660448299704792, 0.0660448299704792) P1 Winnings: -21.0
Choosing model 4
[0.2312779011280213, 0.012504628880576183, 0.11948463804017742, 0.20498135241424884, 0.4317514795369763]
Games played: 46
Exploitability: P1=2.600000000 P2=-0.052148442 EV: (-0.0660448299704792, 0.0660448299704792) P1 Winnings: -20.0
Choosing model 4
[0.23819854589614406, 0.01737300306255698, 0.1274678701546229, 0.23363765950611448, 0.3833229213805617]
Games played: 47
Exploitability: P1=2.600000000 P2=-0.052148442 EV: (-0.0660448299704792, 0.0660448299704792) P1 Winnings: -13.0
Choosing model 4
[0.23819856698257721, 0.01737302006250066, 0.1274678957150979, 0.23363775588755847, 0.3833227613522657]
Games played: 48
Exploitability: P1=2.600000000 P2=-0.052148442 EV: (-0.0660448299704792, 0.0660448299704792) P1 Winnings: -14.0
Choosing model 4
[0.23768785496657616, 0.015651618567252293, 0.1261781360494419, 0.22720997057379033, 0.3932724198429393]
Games played: 49
Exploitability: P1=2.600000000 P2=-0.052148442 EV: (-0.0660448299704792, 0.0660448299704792) P1 Winnings: -17.0
Choosing model 2
[0.24254755324584715, 0.02154508851959854, 0.13336986224910014, 0.25659064373877954, 0.34594685224667465]
Games played: 50
Exploitability: P1=4.600000000 P2=-0.052148442 EV: (-0.15018385538980492, 0.15018385538980492) P1 Winnings: -10.0
Choosing model 0
[0.2421215291736093, 0.017425460401615588, 0.13084108570175165, 0.2423762327227389, 0.36723569200028444]
Games played: 51
Exploitability: P1=1.900000000 P2=-0.052148442 EV: (-0.08467251258652433, 0.08467251258652433) P1 Winnings: -9.0
Choosing model 2
[0.2405038188244583, 0.013397242028863495, 0.1271865981457256, 0.22484160894917316, 0.39407073205177945]
Games played: 52
Exploitability: P1=4.600000000 P2=-0.052148442 EV: (-0.15018385538980492, 0.15018385538980492) P1 Winnings: -9.0
Choosing model 3
[0.23554064050344237, 0.009002473427615936, 0.1204371896753483, 0.1982194782229137, 0.43680021817067977]
Games played: 53
Exploitability: P1=1.933333333 P2=-0.052148442 EV: (-0.14628362852988452, 0.14628362852988452) P1 Winnings: -9.0
Choosing model 3
[0.23152214479395392, 0.006849062142981464, 0.11584997436328928, 0.1819579766601512, 0.46382084203962415]
Games played: 54
Exploitability: P1=1.933333333 P2=-0.052148442 EV: (-0.14628362852988452, 0.14628362852988452) P1 Winnings: -9.0
Choosing model 0
[0.21813257742569805, 0.003869061109503847, 0.10395258814300058, 0.1475469853320448, 0.5264987879897527]
Games played: 55
Exploitability: P1=1.900000000 P2=-0.052148442 EV: (-0.08467251258652433, 0.08467251258652433) P1 Winnings: -8.0
Choosing model 0
[0.24259376110878614, 0.005982961833937268, 0.1279246607469242, 0.1583664668529103, 0.465132149457442]
Games played: 56
Exploitability: P1=1.900000000 P2=-0.052148442 EV: (-0.08467251258652433, 0.08467251258652433) P1 Winnings: -3.0
Choosing model 4
[0.25918479249100945, 0.011819903941421336, 0.1462817569676944, 0.20713163198649992, 0.3755819146133748]
Games played: 57
Exploitability: P1=2.600000000 P2=-0.052148442 EV: (-0.0660448299704792, 0.0660448299704792) P1 Winnings: -8.0
Choosing model 4
[0.25645030497386967, 0.009052118365847683, 0.14164215169098301, 0.19139836160001422, 0.4014570633692853]
Games played: 58
Exploitability: P1=2.600000000 P2=-0.052148442 EV: (-0.0660448299704792, 0.0660448299704792) P1 Winnings: -5.0
Choosing model 0
[0.25584250470664877, 0.0072671790652481605, 0.1402781645641896, 0.17573786963738516, 0.42087428202652827]
Games played: 59
Exploitability: P1=1.900000000 P2=-0.052148442 EV: (-0.08467251258652433, 0.08467251258652433) P1 Winnings: -4.0
Choosing model 4
[0.2582181208062761, 0.007853049350135755, 0.14277067234407315, 0.18173200462575861, 0.40942615287375644]
Games played: 60
Exploitability: P1=2.600000000 P2=-0.052148442 EV: (-0.0660448299704792, 0.0660448299704792) P1 Winnings: -13.0
Choosing model 0
[0.2550165155993596, 0.006246808964516133, 0.13850905615873907, 0.1695913309624804, 0.4306362883149048]
Games played: 61
Exploitability: P1=1.900000000 P2=-0.052148442 EV: (-0.08467251258652433, 0.08467251258652433) P1 Winnings: -12.0
Choosing model 4
[0.24161381609933374, 0.0035486093777144572, 0.12498069732482517, 0.13828926352373985, 0.4915676136743868]
Games played: 62
Exploitability: P1=2.600000000 P2=-0.052148442 EV: (-0.0660448299704792, 0.0660448299704792) P1 Winnings: -17.0
Choosing model 4
[0.24481305029473008, 0.003849722710567508, 0.1276999308920928, 0.1435665620731218, 0.48007073402948774]
Games played: 63
Exploitability: P1=2.600000000 P2=-0.052148442 EV: (-0.0660448299704792, 0.0660448299704792) P1 Winnings: -18.0
Choosing model 2
[0.24481309403596088, 0.0038497268246658173, 0.12769996801091518, 0.14356663424011126, 0.48007057688834687]
Games played: 64
Exploitability: P1=4.600000000 P2=-0.052148442 EV: (-0.15018385538980492, 0.15018385538980492) P1 Winnings: -19.0
Choosing model 0
[0.23979844552391757, 0.002908227799022838, 0.12305765306414958, 0.12941379545125536, 0.5048218781616547]
Games played: 65
Exploitability: P1=1.900000000 P2=-0.052148442 EV: (-0.08467251258652433, 0.08467251258652433) P1 Winnings: -16.0
Choosing model 0
[0.23979849279765325, 0.0029082309606777786, 0.12305769110615639, 0.1294138628939837, 0.5048217222415289]
Games played: 66
Exploitability: P1=1.900000000 P2=-0.052148442 EV: (-0.08467251258652433, 0.08467251258652433) P1 Winnings: -17.0
Choosing model 3
[0.2278330383931325, 0.0018578952688342318, 0.1128026571272407, 0.10996744555553276, 0.5475389636552597]
Games played: 67
Exploitability: P1=1.933333333 P2=-0.052148442 EV: (-0.14628362852988452, 0.14628362852988452) P1 Winnings: -17.0
Choosing model 0
[0.24097793669902212, 0.0020288732693746468, 0.12633226597403277, 0.1051694470884341, 0.5254914769691365]
Games played: 68
Exploitability: P1=1.900000000 P2=-0.052148442 EV: (-0.08467251258652433, 0.08467251258652433) P1 Winnings: -16.0
Choosing model 2
[0.2561158696438239, 0.0031197918819218275, 0.1397162508640526, 0.12591644171997676, 0.4751316458902248]
Games played: 69
Exploitability: P1=4.600000000 P2=-0.052148442 EV: (-0.15018385538980492, 0.15018385538980492) P1 Winnings: -25.0
Choosing model 0
[0.2604504078249625, 0.003384817977055073, 0.14402575101110834, 0.1293053329786039, 0.46283369020827014]
Games played: 70
Exploitability: P1=1.900000000 P2=-0.052148442 EV: (-0.08467251258652433, 0.08467251258652433) P1 Winnings: -20.0
Choosing model 2
[0.25434268340572624, 0.00253614473266013, 0.13764737198138968, 0.11788800206574938, 0.4875857978144746]
Games played: 71
Exploitability: P1=4.600000000 P2=-0.052148442 EV: (-0.15018385538980492, 0.15018385538980492) P1 Winnings: -19.0
Choosing model 4
[0.2815643724019503, 0.007054160640423172, 0.1675347951471908, 0.1738261763813006, 0.3700204954291352]
Games played: 72
Exploitability: P1=2.600000000 P2=-0.052148442 EV: (-0.0660448299704792, 0.0660448299704792) P1 Winnings: -10.0
Choosing model 4
[0.2815022988123599, 0.006260497892995248, 0.1663385093817769, 0.16958708923798999, 0.3763116046748779]
Games played: 73
Exploitability: P1=2.600000000 P2=-0.052148442 EV: (-0.0660448299704792, 0.0660448299704792) P1 Winnings: -10.0
Choosing model 2
[0.29845206365711346, 0.0057109690701746246, 0.1909961039467072, 0.14592900367805411, 0.3589118596479505]
Games played: 74
Exploitability: P1=4.600000000 P2=-0.052148442 EV: (-0.15018385538980492, 0.15018385538980492) P1 Winnings: -7.0
Choosing model 4
[0.29533916207481575, 0.004578843326071164, 0.18574657179165932, 0.13664728251301758, 0.37768814029443626]
Games played: 75
Exploitability: P1=2.600000000 P2=-0.052148442 EV: (-0.0660448299704792, 0.0660448299704792) P1 Winnings: -8.0
Choosing model 2
[0.29533920102678407, 0.0045788483348263975, 0.18574661876495802, 0.136647348361929, 0.3776879835115025]
Games played: 76
Exploitability: P1=4.600000000 P2=-0.052148442 EV: (-0.15018385538980492, 0.15018385538980492) P1 Winnings: -11.0
Choosing model 3
[0.29784349518399345, 0.004944037190101581, 0.1888960394717307, 0.14119531115971087, 0.3671211169944633]
Games played: 77
Exploitability: P1=1.933333333 P2=-0.052148442 EV: (-0.14628362852988452, 0.14628362852988452) P1 Winnings: -24.0
Choosing model 2
[0.30613817890596584, 0.006855043646864848, 0.20111104168206545, 0.16061021883886115, 0.3252855169262426]
Games played: 78
Exploitability: P1=4.600000000 P2=-0.052148442 EV: (-0.15018385538980492, 0.15018385538980492) P1 Winnings: -17.0
Choosing model 4
[0.3061382760920966, 0.006855068952104241, 0.20111119079796705, 0.16061046721691646, 0.3252849969409157]
Games played: 79
Exploitability: P1=2.600000000 P2=-0.052148442 EV: (-0.0660448299704792, 0.0660448299704792) P1 Winnings: -26.0
Choosing model 4
[0.305282237526032, 0.006171799640115054, 0.19894617129833192, 0.15608970566636463, 0.3335100858691563]
Games played: 80
Exploitability: P1=2.600000000 P2=-0.052148442 EV: (-0.0660448299704792, 0.0660448299704792) P1 Winnings: -29.0
Choosing model 4
[0.30219173433260893, 0.004687457811847552, 0.19273038949780535, 0.14424948458107958, 0.35614093377665856]
Games played: 81
Exploitability: P1=2.600000000 P2=-0.052148442 EV: (-0.0660448299704792, 0.0660448299704792) P1 Winnings: -29.0
Choosing model 4
[0.29901647693962863, 0.0037579364745145387, 0.18741855478456984, 0.13506404088568158, 0.3747429909156053]
Games played: 82
Exploitability: P1=2.600000000 P2=-0.052148442 EV: (-0.0660448299704792, 0.0660448299704792) P1 Winnings: -30.0
Choosing model 0
[0.2985771518215929, 0.0033309657588822435, 0.1858478651188913, 0.13160565574800545, 0.3806383615526282]
Games played: 83
Exploitability: P1=1.900000000 P2=-0.052148442 EV: (-0.08467251258652433, 0.08467251258652433) P1 Winnings: -30.0
Choosing model 2
[0.3099899003980391, 0.0035705428871650735, 0.20430684951441375, 0.12354648712276367, 0.3585862200776185]
Games played: 84
Exploitability: P1=4.600000000 P2=-0.052148442 EV: (-0.15018385538980492, 0.15018385538980492) P1 Winnings: -29.0
Choosing model 4
[0.32053815092094323, 0.0038118828809411546, 0.22369150229054302, 0.11551209439354793, 0.33644636951402473]
Games played: 85
Exploitability: P1=2.600000000 P2=-0.052148442 EV: (-0.0660448299704792, 0.0660448299704792) P1 Winnings: -28.0
Choosing model 2
[0.2516567711433279, 0.002291148506876872, 0.1015426143539702, 0.17025389214427022, 0.47425557385155487]
Games played: 86
Exploitability: P1=4.600000000 P2=-0.052148442 EV: (-0.15018385538980492, 0.15018385538980492) P1 Winnings: -17.0
Choosing model 0
[0.2413708336108951, 0.001947064616021948, 0.08960011697635828, 0.17188492713506914, 0.4951970576616555]
Games played: 87
Exploitability: P1=1.900000000 P2=-0.052148442 EV: (-0.08467251258652433, 0.08467251258652433) P1 Winnings: -26.0
Choosing model 0
[0.255959106648352, 0.0021317647260865598, 0.1006071273345092, 0.16481186124942518, 0.4764901400416272]
Games played: 88
Exploitability: P1=1.900000000 P2=-0.052148442 EV: (-0.08467251258652433, 0.08467251258652433) P1 Winnings: -25.0
Choosing model 0
[0.2591139992415469, 0.0023105640731781313, 0.1027031960424475, 0.17094672782906753, 0.46492551281375993]
Games played: 89
Exploitability: P1=1.900000000 P2=-0.052148442 EV: (-0.08467251258652433, 0.08467251258652433) P1 Winnings: -26.0
Choosing model 2
[0.2534010539735999, 0.0017337244102634977, 0.0982958237798197, 0.1560764200562872, 0.4904929777800297]
Games played: 90
Exploitability: P1=4.600000000 P2=-0.052148442 EV: (-0.15018385538980492, 0.15018385538980492) P1 Winnings: -25.0
Choosing model 2
[0.25795461016448473, 0.0018829382763124367, 0.10143191304790868, 0.16044183270933077, 0.4782887058019634]
Games played: 91
Exploitability: P1=4.600000000 P2=-0.052148442 EV: (-0.15018385538980492, 0.15018385538980492) P1 Winnings: -20.0
Choosing model 0
[0.2516137398700068, 0.0014215754375201432, 0.09682206343912166, 0.14615268756870092, 0.5039899336846504]
Games played: 92
Exploitability: P1=1.900000000 P2=-0.052148442 EV: (-0.08467251258652433, 0.08467251258652433) P1 Winnings: -23.0
Choosing model 0
[0.25161378907473336, 0.0014215769807235435, 0.09682209321740999, 0.14615276350339887, 0.5039897772237343]
Games played: 93
Exploitability: P1=1.900000000 P2=-0.052148442 EV: (-0.08467251258652433, 0.08467251258652433) P1 Winnings: -24.0
Choosing model 0
[0.2791974786504818, 0.0018628975775604314, 0.1190100593955191, 0.14574525623504184, 0.454184308141397]
Games played: 94
Exploitability: P1=1.900000000 P2=-0.052148442 EV: (-0.08467251258652433, 0.08467251258652433) P1 Winnings: -19.0
Choosing model 0
[0.27410952107483577, 0.001481839373419472, 0.11482756284664669, 0.13540041228372127, 0.4741806644213768]
Games played: 95
Exploitability: P1=1.900000000 P2=-0.052148442 EV: (-0.08467251258652433, 0.08467251258652433) P1 Winnings: -20.0
Choosing model 4
[0.28856164847932736, 0.0016106038448991773, 0.12799559199591648, 0.12888410215399024, 0.45294805352586676]
Games played: 96
Exploitability: P1=2.600000000 P2=-0.052148442 EV: (-0.0660448299704792, 0.0660448299704792) P1 Winnings: -19.0
Choosing model 0
[0.28296717662695653, 0.001272109481681655, 0.12329629840353709, 0.11942285287461711, 0.4730415626132075]
Games played: 97
Exploitability: P1=1.900000000 P2=-0.052148442 EV: (-0.08467251258652433, 0.08467251258652433) P1 Winnings: -18.0
Choosing model 4
[0.24807358446726777, 0.0005882732098383268, 0.09121204752360702, 0.09914140475637671, 0.5609846900429103]
Games played: 98
Exploitability: P1=2.600000000 P2=-0.052148442 EV: (-0.0660448299704792, 0.0660448299704792) P1 Winnings: -13.0
Choosing model 4
[0.24324374016061073, 0.00046417995337987695, 0.08878537565085687, 0.08946926759509753, 0.578037436640055]
Games played: 99
Exploitability: P1=2.600000000 P2=-0.052148442 EV: (-0.0660448299704792, 0.0660448299704792) P1 Winnings: -12.0
Choosing model 2
[0.2579105446668741, 0.0005081441364459473, 0.0996789005645325, 0.08577607753093984, 0.5561263331012077]
Games played: 100
Exploitability: P1=4.600000000 P2=-0.052148442 EV: (-0.15018385538980492, 0.15018385538980492) P1 Winnings: -11.0
Choosing model 0
[0.2281117864844177, 0.00026966395263782356, 0.07625074896503521, 0.07404376941275881, 0.6213240311851504]
Games played: 101
Exploitability: P1=1.900000000 P2=-0.052148442 EV: (-0.08467251258652433, 0.08467251258652433) P1 Winnings: -11.0
Choosing model 4
[0.21884587660231242, 0.0001984988735910994, 0.07159263131943823, 0.06631902389285735, 0.6430439693118009]
Games played: 102
Exploitability: P1=2.600000000 P2=-0.052148442 EV: (-0.0660448299704792, 0.0660448299704792) P1 Winnings: -10.0
Choosing model 0
[0.2235401308302304, 0.00021708690751377137, 0.07374292769908139, 0.06940764268224561, 0.6330922118809289]
Games played: 103
Exploitability: P1=1.900000000 P2=-0.052148442 EV: (-0.08467251258652433, 0.08467251258652433) P1 Winnings: -11.0
Choosing model 4
[0.2282289792576788, 0.00023730526395974425, 0.07592251416122357, 0.07260635223238246, 0.6230048490847554]
Games played: 104
Exploitability: P1=2.600000000 P2=-0.052148442 EV: (-0.0660448299704792, 0.0660448299704792) P1 Winnings: -12.0
Choosing model 4
[0.2463693430968638, 0.000354060925234988, 0.08492170429164608, 0.08713835272028916, 0.5812165389659659]
Games played: 105
Exploitability: P1=2.600000000 P2=-0.052148442 EV: (-0.0660448299704792, 0.0660448299704792) P1 Winnings: -17.0
Choosing model 4
[0.24636941129472523, 0.00035406136385048395, 0.08492173807449688, 0.08713840733967529, 0.5812163819272521]
Games played: 106
Exploitability: P1=2.600000000 P2=-0.052148442 EV: (-0.0660448299704792, 0.0660448299704792) P1 Winnings: -20.0
Choosing model 4
[0.2613083798774924, 0.0003877199976454038, 0.09537176112603137, 0.08356819919356383, 0.559363939805267]
Games played: 107
Exploitability: P1=2.600000000 P2=-0.052148442 EV: (-0.0660448299704792, 0.0660448299704792) P1 Winnings: -19.0
Choosing model 4
[0.2613084438812968, 0.00038772043768353257, 0.09537179516766141, 0.08356824673857423, 0.5593637937747841]
Games played: 108
Exploitability: P1=2.600000000 P2=-0.052148442 EV: (-0.0660448299704792, 0.0660448299704792) P1 Winnings: -20.0
Choosing model 4
[0.2613085078850924, 0.00038772087772212445, 0.09537182920929467, 0.08356829428360385, 0.5593636477442869]
Games played: 109
Exploitability: P1=2.600000000 P2=-0.052148442 EV: (-0.0660448299704792, 0.0660448299704792) P1 Winnings: -21.0
Choosing model 4
[0.28574329407186255, 0.000672067571423755, 0.10966037710968107, 0.10615931613981756, 0.497764945107215]
Games played: 110
Exploitability: P1=2.600000000 P2=-0.052148442 EV: (-0.0660448299704792, 0.0660448299704792) P1 Winnings: -24.0
Choosing model 2
[0.300718079854925, 0.0007302466022680609, 0.12219898659800518, 0.10101979412100977, 0.47533289282379193]
Games played: 111
Exploitability: P1=4.600000000 P2=-0.052148442 EV: (-0.15018385538980492, 0.15018385538980492) P1 Winnings: -23.0
Choosing model 4
[0.3290967460708839, 0.0009437894861069412, 0.14813708797621886, 0.09935297364149326, 0.42246940282529716]
Games played: 112
Exploitability: P1=2.600000000 P2=-0.052148442 EV: (-0.0660448299704792, 0.0660448299704792) P1 Winnings: -18.0
Choosing model 4
[0.32909680009151804, 0.0009437904810027537, 0.14813712888404337, 0.0993530221405376, 0.42246925840289823]
Games played: 113
Exploitability: P1=2.600000000 P2=-0.052148442 EV: (-0.0660448299704792, 0.0660448299704792) P1 Winnings: -19.0
Choosing model 0
[0.3340934900220513, 0.0009634844246262459, 0.15151140224382603, 0.10269770590683351, 0.4107339174026629]
Games played: 114
Exploitability: P1=1.900000000 P2=-0.052148442 EV: (-0.08467251258652433, 0.08467251258652433) P1 Winnings: -16.0
Choosing model 4
[0.3428424617324008, 0.0011871493135389092, 0.15883119639405868, 0.11220730503939376, 0.3849318875206077]
Games played: 115
Exploitability: P1=2.600000000 P2=-0.052148442 EV: (-0.0660448299704792, 0.0660448299704792) P1 Winnings: -16.0
Choosing model 0
[0.34506007234955205, 0.0011114934577628988, 0.1598620940730727, 0.11238400011983968, 0.38158233999977265]
Games played: 116
Exploitability: P1=1.900000000 P2=-0.052148442 EV: (-0.08467251258652433, 0.08467251258652433) P1 Winnings: -19.0
Choosing model 4
[0.369303147245276, 0.0014048719842476287, 0.18952475663763277, 0.1080943833125722, 0.33167284082027154]
Games played: 117
Exploitability: P1=2.600000000 P2=-0.052148442 EV: (-0.0660448299704792, 0.0660448299704792) P1 Winnings: -14.0
Choosing model 2
[0.37898819649736554, 0.0019926638803313946, 0.20153053397759452, 0.12332883255286854, 0.2941597730918401]
Games played: 118
Exploitability: P1=4.600000000 P2=-0.052148442 EV: (-0.15018385538980492, 0.15018385538980492) P1 Winnings: -9.0
Choosing model 3
[0.35740220070885265, 0.001730854467501807, 0.151003759729596, 0.15525266995538975, 0.3346105151386598]
Games played: 119
Exploitability: P1=1.933333333 P2=-0.052148442 EV: (-0.14628362852988452, 0.14628362852988452) P1 Winnings: -22.0
Choosing model 0
[0.35952905115645, 0.0016197156575394704, 0.1519057149294185, 0.15541720485138255, 0.3315283134052095]
Games played: 120
Exploitability: P1=1.900000000 P2=-0.052148442 EV: (-0.08467251258652433, 0.08467251258652433) P1 Winnings: -25.0
Choosing model 3
[0.3679704443139022, 0.002398442019188659, 0.16178061852958542, 0.17918914020802085, 0.28866135492930295]
Games played: 121
Exploitability: P1=1.933333333 P2=-0.052148442 EV: (-0.14628362852988452, 0.14628362852988452) P1 Winnings: -26.0
Choosing model 4
[0.3871905602357819, 0.0021714475389248587, 0.18436453294677732, 0.15303109995279876, 0.27324235932571717]
Games played: 122
Exploitability: P1=2.600000000 P2=-0.052148442 EV: (-0.0660448299704792, 0.0660448299704792) P1 Winnings: -23.0
Choosing model 0
[0.39228162223917445, 0.00318298094395843, 0.1943676614465374, 0.1746572206673236, 0.23551051470300613]
Games played: 123
Exploitability: P1=1.900000000 P2=-0.052148442 EV: (-0.08467251258652433, 0.08467251258652433) P1 Winnings: -24.0
Choosing model 3
[0.40316827849368686, 0.0033775014345111317, 0.21151773033266297, 0.16230795682492943, 0.21962853291420967]
Games played: 124
Exploitability: P1=1.933333333 P2=-0.052148442 EV: (-0.14628362852988452, 0.14628362852988452) P1 Winnings: -23.0
Choosing model 0
[0.3988714616925689, 0.0017407309049481108, 0.19764206824316516, 0.13422980418031688, 0.267515934979001]
Games played: 125
Exploitability: P1=1.900000000 P2=-0.052148442 EV: (-0.08467251258652433, 0.08467251258652433) P1 Winnings: -26.0
Choosing model 2
[0.36521143538088874, 0.001254854361579207, 0.13631129855406987, 0.16567690018019263, 0.33154551152326955]
Games played: 126
Exploitability: P1=4.600000000 P2=-0.052148442 EV: (-0.15018385538980492, 0.15018385538980492) P1 Winnings: -17.0
Choosing model 0
[0.39974750490015704, 0.001897671097839851, 0.17433303978665024, 0.16138197090208767, 0.2626398133132652]
Games played: 127
Exploitability: P1=1.900000000 P2=-0.052148442 EV: (-0.08467251258652433, 0.08467251258652433) P1 Winnings: -8.0
Choosing model 4
[0.40132314573641537, 0.0020398011694750372, 0.1764912019704949, 0.1660028341848722, 0.2541430169387424]
Games played: 128
Exploitability: P1=2.600000000 P2=-0.052148442 EV: (-0.0660448299704792, 0.0660448299704792) P1 Winnings: -17.0
Choosing model 3
[0.41910089597372385, 0.0018328229398670906, 0.19961193514680556, 0.1407006407518479, 0.23875370518775554]
Games played: 129
Exploitability: P1=1.933333333 P2=-0.052148442 EV: (-0.14628362852988452, 0.14628362852988452) P1 Winnings: -14.0
Choosing model 0
[0.42931222698144555, 0.001938421830099798, 0.2165087984324189, 0.13032136425200572, 0.22191918850403]
Games played: 130
Exploitability: P1=1.900000000 P2=-0.052148442 EV: (-0.08467251258652433, 0.08467251258652433) P1 Winnings: -13.0
Choosing model 4
[0.4323340638316121, 0.002824268519588681, 0.22687945847603824, 0.14784119327560352, 0.19012101589715755]
Games played: 131
Exploitability: P1=2.600000000 P2=-0.052148442 EV: (-0.0660448299704792, 0.0660448299704792) P1 Winnings: -22.0
Choosing model 2
[0.43233396915383615, 0.0021859914717777943, 0.22202594412621643, 0.13806813199740448, 0.20538596325076516]
Games played: 132
Exploitability: P1=4.600000000 P2=-0.052148442 EV: (-0.15018385538980492, 0.15018385538980492) P1 Winnings: -19.0
Choosing model 0
[0.44075779761141815, 0.0023009237107858914, 0.2396727982040938, 0.12727378726321276, 0.18999469321048942]
Games played: 133
Exploitability: P1=1.900000000 P2=-0.052148442 EV: (-0.08467251258652433, 0.08467251258652433) P1 Winnings: -18.0
Choosing model 0
[0.43698963284601144, 0.0011884005286502996, 0.22442739978211115, 0.1054806099608782, 0.2319139568823488]
Games played: 134
Exploitability: P1=1.900000000 P2=-0.052148442 EV: (-0.08467251258652433, 0.08467251258652433) P1 Winnings: -21.0
Choosing model 0
[0.4277341457296654, 0.0006974481584612125, 0.20921363562494902, 0.08886008053838296, 0.2734946899485415]
Games played: 135
Exploitability: P1=1.900000000 P2=-0.052148442 EV: (-0.08467251258652433, 0.08467251258652433) P1 Winnings: -20.0
Choosing model 4
[0.40259118804756455, 0.0008068564828275495, 0.15012299667626727, 0.13504358651548332, 0.3114353722778572]
Games played: 136
Exploitability: P1=2.600000000 P2=-0.052148442 EV: (-0.0660448299704792, 0.0660448299704792) P1 Winnings: -25.0
Choosing model 3
[0.4025912268172983, 0.000806857278632026, 0.15012302794699856, 0.13504364327446333, 0.31143524468260775]
Games played: 137
Exploitability: P1=1.933333333 P2=-0.052148442 EV: (-0.14628362852988452, 0.14628362852988452) P1 Winnings: -26.0
Choosing model 3
[0.4115947666134397, 0.0011302089413040707, 0.15904133117730257, 0.1534473396086826, 0.274786353659271]
Games played: 138
Exploitability: P1=1.933333333 P2=-0.052148442 EV: (-0.14628362852988452, 0.14628362852988452) P1 Winnings: -27.0
Choosing model 0
[0.4174261169012893, 0.0015842478772715206, 0.16712907458298057, 0.1730166719289208, 0.24084388870953785]
Games played: 139
Exploitability: P1=1.900000000 P2=-0.052148442 EV: (-0.08467251258652433, 0.08467251258652433) P1 Winnings: -22.0
Choosing model 0
[0.41742613596984174, 0.0015842493596254928, 0.16712910093614294, 0.17301673589005867, 0.2408437778443312]
Games played: 140
Exploitability: P1=1.900000000 P2=-0.052148442 EV: (-0.08467251258652433, 0.08467251258652433) P1 Winnings: -23.0
Choosing model 0
[0.4105992172904954, 0.0009343472852117983, 0.15656759406414814, 0.1464731011736922, 0.28542574018645245]
Games played: 141
Exploitability: P1=1.900000000 P2=-0.052148442 EV: (-0.08467251258652433, 0.08467251258652433) P1 Winnings: -22.0
Choosing model 4
[0.409972335063213, 0.0007507423602555795, 0.15519095057728338, 0.13460214298762394, 0.299483829011624]
Games played: 142
Exploitability: P1=2.600000000 P2=-0.052148442 EV: (-0.0660448299704792, 0.0660448299704792) P1 Winnings: -21.0
Choosing model 4
[0.408461561457275, 0.0006753107304037054, 0.15338344197090933, 0.13069685236575, 0.306782833475662]
Games played: 143
Exploitability: P1=2.600000000 P2=-0.052148442 EV: (-0.0660448299704792, 0.0660448299704792) P1 Winnings: -24.0
Choosing model 4
[0.41115010164844545, 0.0007277987613042075, 0.15569067673510584, 0.13479270031258686, 0.2976387225425576]
Games played: 144
Exploitability: P1=2.600000000 P2=-0.052148442 EV: (-0.0660448299704792, 0.0660448299704792) P1 Winnings: -25.0
Choosing model 4
[0.42443219844514746, 0.000775697416789324, 0.1701785833745343, 0.12581695463741607, 0.278796566126113]
Games played: 145
Exploitability: P1=2.600000000 P2=-0.052148442 EV: (-0.0660448299704792, 0.0660448299704792) P1 Winnings: -24.0
Choosing model 0
[0.4244322326357783, 0.0007756981696486874, 0.17017861614351, 0.12581700553752664, 0.2787964475135363]
Games played: 146
Exploitability: P1=1.900000000 P2=-0.052148442 EV: (-0.08467251258652433, 0.08467251258652433) P1 Winnings: -25.0
Choosing model 4
[0.4365843983731861, 0.0008238074827419204, 0.18535282864138797, 0.11702107211688398, 0.26021789338580004]
Games played: 147
Exploitability: P1=2.600000000 P2=-0.052148442 EV: (-0.0660448299704792, 0.0660448299704792) P1 Winnings: -24.0
Choosing model 4
[0.4353689575696882, 0.0007417047630221107, 0.1833597087716117, 0.11372863670979533, 0.2668009921858826]
Games played: 148
Exploitability: P1=2.600000000 P2=-0.052148442 EV: (-0.0660448299704792, 0.0660448299704792) P1 Winnings: -27.0
Choosing model 0
[0.4204042287511083, 0.00038295884736464755, 0.16710814145925526, 0.09181646289024313, 0.32028820805202857]
Games played: 149
Exploitability: P1=1.900000000 P2=-0.052148442 EV: (-0.08467251258652433, 0.08467251258652433) P1 Winnings: -27.0
Choosing model 4
[0.415246155284998, 0.0003064715570512258, 0.16221312829598858, 0.08581674386682411, 0.336417500995138]
Games played: 150
Exploitability: P1=2.600000000 P2=-0.052148442 EV: (-0.0660448299704792, 0.0660448299704792) P1 Winnings: -28.0
Choosing model 2
[0.41524620676815754, 0.0003064718678085355, 0.1622131665754493, 0.08581678231126325, 0.3364173724773214]
Games played: 151
Exploitability: P1=4.600000000 P2=-0.052148442 EV: (-0.15018385538980492, 0.15018385538980492) P1 Winnings: -29.0
Choosing model 0
[0.3814391215182342, 0.00014849789440053943, 0.12573707926817726, 0.07464744584576177, 0.4180278554734262]
Games played: 152
Exploitability: P1=1.900000000 P2=-0.052148442 EV: (-0.08467251258652433, 0.08467251258652433) P1 Winnings: -34.0
Choosing model 4
[0.37366215178119067, 0.00011716893420733401, 0.1209970602211429, 0.06909704414526541, 0.4361265749181937]
Games played: 153
Exploitability: P1=2.600000000 P2=-0.052148442 EV: (-0.0660448299704792, 0.0660448299704792) P1 Winnings: -34.0
Choosing model 0
[0.37859969696963464, 0.00012710776545824917, 0.1236263049031015, 0.07173195337444752, 0.425914936987358]
Games played: 154
Exploitability: P1=1.900000000 P2=-0.052148442 EV: (-0.08467251258652433, 0.08467251258652433) P1 Winnings: -35.0
Choosing model 4
[0.3939806310853541, 0.00013656512462686943, 0.1362196859861463, 0.06749508385495295, 0.40216803394891976]
Games played: 155
Exploitability: P1=2.600000000 P2=-0.052148442 EV: (-0.0660448299704792, 0.0660448299704792) P1 Winnings: -34.0
Choosing model 3
[0.38441493626360607, 0.00010313540080047025, 0.13006902974325182, 0.06150290199483525, 0.4239099965975064]
Games played: 156
Exploitability: P1=1.933333333 P2=-0.052148442 EV: (-0.14628362852988452, 0.14628362852988452) P1 Winnings: -31.0
Choosing model 2
[0.3993904065193115, 0.00011063135910836688, 0.1430888035682374, 0.05777738178596109, 0.3996327767673817]
Games played: 157
Exploitability: P1=4.600000000 P2=-0.052148442 EV: (-0.15018385538980492, 0.15018385538980492) P1 Winnings: -30.0
Choosing model 2
[0.4289491420274347, 0.00016521062301030564, 0.1700488493703574, 0.059888001810636034, 0.34094879616856144]
Games played: 158
Exploitability: P1=4.600000000 P2=-0.052148442 EV: (-0.15018385538980492, 0.15018385538980492) P1 Winnings: -25.0
Choosing model 2
[0.44098928502192997, 0.0001753611216494786, 0.18511018209355717, 0.05567073188884007, 0.3180544398740233]
Games played: 159
Exploitability: P1=4.600000000 P2=-0.052148442 EV: (-0.15018385538980492, 0.15018385538980492) P1 Winnings: -24.0
Choosing model 0
[0.4517830337393584, 0.0001854847917190765, 0.2008013206278113, 0.05156959078745115, 0.29566057005366003]
Games played: 160
Exploitability: P1=1.900000000 P2=-0.052148442 EV: (-0.08467251258652433, 0.08467251258652433) P1 Winnings: -23.0
Choosing model 2
[0.4328530385257814, 0.00010655287399374897, 0.18322656482825175, 0.04252413822464589, 0.34128970554732724]
Games played: 161
Exploitability: P1=4.600000000 P2=-0.052148442 EV: (-0.15018385538980492, 0.15018385538980492) P1 Winnings: -22.0
Choosing model 2
[0.4172702051343865, 6.906597631840771e-05, 0.17041415243747807, 0.036662789837076215, 0.37558378661474084]
Games played: 162
Exploitability: P1=4.600000000 P2=-0.052148442 EV: (-0.15018385538980492, 0.15018385538980492) P1 Winnings: -27.0
Choosing model 4
[0.4084546076938088, 5.9902029105443496e-05, 0.1534674047412718, 0.037776046882019236, 0.4002420386537947]
Games played: 163
Exploitability: P1=2.600000000 P2=-0.052148442 EV: (-0.0660448299704792, 0.0660448299704792) P1 Winnings: -18.0
Choosing model 0
[0.409460861545596, 5.733680999046421e-05, 0.1537419592874074, 0.03769180428156066, 0.3990480380754454]
Games played: 164
Exploitability: P1=1.900000000 P2=-0.052148442 EV: (-0.08467251258652433, 0.08467251258652433) P1 Winnings: -18.0
Choosing model 0
[0.4145190705905408, 6.214756244508003e-05, 0.15694932406156503, 0.03909588816426526, 0.3893735696211838]
Games played: 165
Exploitability: P1=1.900000000 P2=-0.052148442 EV: (-0.08467251258652433, 0.08467251258652433) P1 Winnings: -19.0
Choosing model 0
[0.4042876866411509, 4.69151026706526e-05, 0.14980078592037605, 0.0356102618527606, 0.41025435048304193]
Games played: 166
Exploitability: P1=1.900000000 P2=-0.052148442 EV: (-0.08467251258652433, 0.08467251258652433) P1 Winnings: -19.0
Choosing model 4
[0.45339447594344195, 7.693208975614645e-05, 0.2136068890521899, 0.03208217626768966, 0.30083952664692243]
Games played: 167
Exploitability: P1=2.600000000 P2=-0.052148442 EV: (-0.0660448299704792, 0.0660448299704792) P1 Winnings: -14.0
Choosing model 4
[0.45339452937053404, 7.693216729137546e-05, 0.21360693814721837, 0.03208219044283607, 0.3008394098721201]
Games played: 168
Exploitability: P1=2.600000000 P2=-0.052148442 EV: (-0.0660448299704792, 0.0660448299704792) P1 Winnings: -15.0
Choosing model 4
[0.4538716913372959, 6.852388631165504e-05, 0.2129033832705658, 0.031534366359862225, 0.30162203514596436]
Games played: 169
Exploitability: P1=2.600000000 P2=-0.052148442 EV: (-0.0660448299704792, 0.0660448299704792) P1 Winnings: -15.0
Choosing model 2
[0.4538717451200491, 6.852395541796764e-05, 0.21290343234435777, 0.0315343803137688, 0.3016219182664063]
Games played: 170
Exploitability: P1=4.600000000 P2=-0.052148442 EV: (-0.15018385538980492, 0.15018385538980492) P1 Winnings: -16.0
Choosing model 4
[0.44771661794889966, 5.476612509996484e-05, 0.2063966178962676, 0.029435220795076968, 0.3163967772346558]
Games played: 171
Exploitability: P1=2.600000000 P2=-0.052148442 EV: (-0.0660448299704792, 0.0660448299704792) P1 Winnings: -17.0
Choosing model 4
[0.4231976669038723, 4.0168756075318285e-05, 0.1534052807262658, 0.034455618134879525, 0.3889012654789071]
Games played: 172
Exploitability: P1=2.600000000 P2=-0.052148442 EV: (-0.0660448299704792, 0.0660448299704792) P1 Winnings: -10.0
Choosing model 0
[0.4364171677815273, 4.276810982549224e-05, 0.1675071108925302, 0.03212798449690753, 0.3639049687192096]
Games played: 173
Exploitability: P1=1.900000000 P2=-0.052148442 EV: (-0.08467251258652433, 0.08467251258652433) P1 Winnings: -9.0
Choosing model 4
[0.4562369591903445, 6.468747349869899e-05, 0.18221969505921123, 0.037836047506563934, 0.3236426107703816]
Games played: 174
Exploitability: P1=2.600000000 P2=-0.052148442 EV: (-0.0660448299704792, 0.0660448299704792) P1 Winnings: -10.0
Choosing model 4
[0.4669172991366652, 6.835067405796345e-05, 0.19746002733644274, 0.03501225936466291, 0.3005420634881713]
Games played: 175
Exploitability: P1=2.600000000 P2=-0.052148442 EV: (-0.0660448299704792, 0.0660448299704792) P1 Winnings: -9.0
Choosing model 4
[0.48701913676071035, 8.298057533247202e-05, 0.23816285322575242, 0.030150022284182867, 0.2445850071540219]
Games played: 176
Exploitability: P1=2.600000000 P2=-0.052148442 EV: (-0.0660448299704792, 0.0660448299704792) P1 Winnings: -6.0
Choosing model 4
[0.47685690022334926, 5.5746942921402984e-05, 0.225471397113047, 0.026573909487381312, 0.27104204623330114]
Games played: 177
Exploitability: P1=2.600000000 P2=-0.052148442 EV: (-0.0660448299704792, 0.0660448299704792) P1 Winnings: -6.0
Choosing model 0
[0.4947079091580252, 9.00722245908844e-05, 0.24609797535511266, 0.03202777477634415, 0.22707626848592713]
Games played: 178
Exploitability: P1=1.900000000 P2=-0.052148442 EV: (-0.08467251258652433, 0.08467251258652433) P1 Winnings: -11.0
Choosing model 0
[0.49951013909104175, 9.389867310500931e-05, 0.26311031325687195, 0.02924065483762618, 0.20804499414135508]
Games played: 179
Exploitability: P1=1.900000000 P2=-0.052148442 EV: (-0.08467251258652433, 0.08467251258652433) P1 Winnings: -10.0
Choosing model 2
[0.4999459083387655, 0.00011551330168103256, 0.20076289694564053, 0.047254443636010966, 0.251921237777902]
Games played: 180
Exploitability: P1=4.600000000 P2=-0.052148442 EV: (-0.15018385538980492, 0.15018385538980492) P1 Winnings: -15.0
Choosing model 4
[0.515710958591987, 0.00015836439740313747, 0.2801831073526733, 0.03420576527535154, 0.169741804382585]
Games played: 181
Exploitability: P1=2.600000000 P2=-0.052148442 EV: (-0.0660448299704792, 0.0660448299704792) P1 Winnings: -10.0
Choosing model 2
[0.5172258681022096, 0.00017005518672035512, 0.28336795960522454, 0.035149991545059246, 0.16408612556078625]
Games played: 182
Exploitability: P1=4.600000000 P2=-0.052148442 EV: (-0.15018385538980492, 0.15018385538980492) P1 Winnings: -11.0
Choosing model 2
[0.5182016535108684, 0.0001759063639708031, 0.3006101753167422, 0.03184260989657404, 0.1491696549118446]
Games played: 183
Exploitability: P1=4.600000000 P2=-0.052148442 EV: (-0.15018385538980492, 0.15018385538980492) P1 Winnings: -10.0
Choosing model 2
[0.4959241106332536, 0.0002237382279294705, 0.38922009798610674, 0.021384465536463153, 0.09324758761624713]
Games played: 184
Exploitability: P1=4.600000000 P2=-0.052148442 EV: (-0.15018385538980492, 0.15018385538980492) P1 Winnings: -5.0
Choosing model 0
[0.48993332071012324, 0.00022821020439305344, 0.40714713980226186, 0.019102272167823113, 0.08358905711539884]
Games played: 185
Exploitability: P1=1.900000000 P2=-0.052148442 EV: (-0.08467251258652433, 0.08467251258652433) P1 Winnings: -4.0
Choosing model 2
[0.48993331595939676, 0.000228210405287663, 0.4071471814548579, 0.01910227817174314, 0.08358901400871446]
Games played: 186
Exploitability: P1=4.600000000 P2=-0.052148442 EV: (-0.15018385538980492, 0.15018385538980492) P1 Winnings: -5.0
Choosing model 0
[0.4916164049946148, 0.00017569902204001773, 0.3998290958393414, 0.017895074968333265, 0.09048372517567047]
Games played: 187
Exploitability: P1=1.900000000 P2=-0.052148442 EV: (-0.08467251258652433, 0.08467251258652433) P1 Winnings: -4.0
Choosing model 0
[0.4915020149097627, 0.0001413560624183946, 0.39682718090503477, 0.01646607621723428, 0.09506337190554984]
Games played: 188
Exploitability: P1=1.900000000 P2=-0.052148442 EV: (-0.08467251258652433, 0.08467251258652433) P1 Winnings: -3.0
Choosing model 0
[0.4913479126237051, 0.0001512992254432947, 0.40003698274705357, 0.016865762122735987, 0.09159804328106201]
Games played: 189
Exploitability: P1=1.900000000 P2=-0.052148442 EV: (-0.08467251258652433, 0.08467251258652433) P1 Winnings: -4.0
Choosing model 2
[0.49134791063143496, 0.0001512993594864037, 0.4000370259292547, 0.016865767518868282, 0.09159799656095563]
Games played: 190
Exploitability: P1=4.600000000 P2=-0.052148442 EV: (-0.15018385538980492, 0.15018385538980492) P1 Winnings: -5.0
Choosing model 2
[0.49116390563363316, 0.00012170840722944314, 0.39697723395922, 0.015516762161907702, 0.0962203898380095]
Games played: 191
Exploitability: P1=4.600000000 P2=-0.052148442 EV: (-0.15018385538980492, 0.15018385538980492) P1 Winnings: -4.0
Choosing model 0
[0.495903290539088, 0.00014063737986372632, 0.3954029190085335, 0.017078666563173178, 0.09147448650934155]
Games played: 192
Exploitability: P1=1.900000000 P2=-0.052148442 EV: (-0.08467251258652433, 0.08467251258652433) P1 Winnings: -4.0
Choosing model 0
[0.4956820119649949, 0.00015051000934776786, 0.39854829158819394, 0.017490900539149132, 0.08812828589831424]
Games played: 193
Exploitability: P1=1.900000000 P2=-0.052148442 EV: (-0.08467251258652433, 0.08467251258652433) P1 Winnings: -13.0
Choosing model 4
[0.4973612976831674, 0.00010362074067066147, 0.38665702635797733, 0.015798256985012138, 0.10007979823317245]
Games played: 194
Exploitability: P1=2.600000000 P2=-0.052148442 EV: (-0.0660448299704792, 0.0660448299704792) P1 Winnings: -20.0
Choosing model 2
[0.496267290857379, 0.00014290419497798155, 0.39976227073295517, 0.017525549954112863, 0.08630198426057505]
Games played: 195
Exploitability: P1=4.600000000 P2=-0.052148442 EV: (-0.15018385538980492, 0.15018385538980492) P1 Winnings: -15.0
Choosing model 3
[0.49391762517721083, 0.00019657966316129197, 0.4122616403146762, 0.01939230118979219, 0.07423185365515954]
Games played: 196
Exploitability: P1=1.933333333 P2=-0.052148442 EV: (-0.14628362852988452, 0.14628362852988452) P1 Winnings: -10.0
Choosing model 0
[0.49044661779297966, 0.0002697929383461431, 0.42417237947016667, 0.021408460177853156, 0.06370274962065436]
Games played: 197
Exploitability: P1=1.900000000 P2=-0.052148442 EV: (-0.08467251258652433, 0.08467251258652433) P1 Winnings: -23.0
Choosing model 2
[0.49044660678234675, 0.00026979317240542863, 0.4241724174548063, 0.021408466633583558, 0.06370271595685804]
Games played: 198
Exploitability: P1=4.600000000 P2=-0.052148442 EV: (-0.15018385538980492, 0.15018385538980492) P1 Winnings: -24.0
Choosing model 2
[0.4754198982764474, 0.00030885747520715894, 0.45547043868070963, 0.01865011548667993, 0.050150690080955816]
Games played: 199
Exploitability: P1=4.600000000 P2=-0.052148442 EV: (-0.15018385538980492, 0.15018385538980492) P1 Winnings: -19.0
Choosing model 0
[0.47337131435877944, 0.0003280981954276261, 0.4597158208889256, 0.018752170778004167, 0.04783259577886314]
Games played: 200
Exploitability: P1=1.900000000 P2=-0.052148442 EV: (-0.08467251258652433, 0.08467251258652433) P1 Winnings: -14.0
