Player 1 exploitability: 0.0692424620487
Choosing model 0
[0.21657058007132685, 0.1298511404089854, 0.20625799006475423, 0.1863934910792341, 0.2609267983756993]
Games played: 1
Exploitability: P1=1.900000000 P2=-0.016409552 EV: (-0.08631456788476484, 0.08631456788476484) P1 Winnings: 1.0
Choosing model 3
[0.21526550267320527, 0.13819082157941948, 0.20673817472217296, 0.18982690065325022, 0.24997860037195208]
Games played: 2
Exploitability: P1=1.933333333 P2=-0.016409552 EV: (-0.06641107872317367, 0.06641107872317367) P1 Winnings: 0.0
Choosing model 0
[0.21609785070887486, 0.20284502329414794, 0.26388344209320597, 0.15308643516577028, 0.16408724873800107]
Games played: 3
Exploitability: P1=1.900000000 P2=-0.016409552 EV: (-0.08631456788476484, 0.08631456788476484) P1 Winnings: 5.0
Choosing model 0
[0.21609781253320154, 0.20284516799211252, 0.26388342503076834, 0.15308645772173973, 0.1640871367221779]
Games played: 4
Exploitability: P1=1.900000000 P2=-0.016409552 EV: (-0.08631456788476484, 0.08631456788476484) P1 Winnings: 4.0
Choosing model 0
[0.22588178827223354, 0.16931883123143904, 0.2707184561893049, 0.15079622804198434, 0.18328469626503824]
Games played: 5
Exploitability: P1=1.900000000 P2=-0.016409552 EV: (-0.08631456788476484, 0.08631456788476484) P1 Winnings: 4.0
Choosing model 1
[0.21336450592175865, 0.23385968876836563, 0.3251428998660746, 0.11442854576987924, 0.11320435967392205]
Games played: 6
Exploitability: P1=2.800000000 P2=-0.016409552 EV: (-0.3446298758885221, 0.3446298758885221) P1 Winnings: 9.0
Choosing model 1
[0.2375689347965608, 0.15612387642757944, 0.34478874912674623, 0.1096561970237715, 0.15186224262534206]
Games played: 7
Exploitability: P1=2.800000000 P2=-0.016409552 EV: (-0.3446298758885221, 0.3446298758885221) P1 Winnings: 4.0
Choosing model 3
[0.24641593460938974, 0.1271597513224258, 0.3504527587569267, 0.10666740958486517, 0.1693041457263925]
Games played: 8
Exploitability: P1=1.933333333 P2=-0.016409552 EV: (-0.06641107872317367, 0.06641107872317367) P1 Winnings: 7.0
Choosing model 2
[0.2507305373933848, 0.11512385170232968, 0.35504084134060604, 0.10656963237900333, 0.1725351371846762]
Games played: 9
Exploitability: P1=4.600000000 P2=-0.016409552 EV: (-0.38760312694925214, 0.38760312694925214) P1 Winnings: 2.0
Choosing model 0
[0.24914963817674443, 0.12205047768609797, 0.3576317074202895, 0.1069379708466015, 0.16423020587026665]
Games played: 10
Exploitability: P1=1.900000000 P2=-0.016409552 EV: (-0.08631456788476484, 0.08631456788476484) P1 Winnings: 7.0
Choosing model 4
[0.2644658300993184, 0.06748982120786842, 0.3585348077512728, 0.09488635883014232, 0.21462318211139816]
Games played: 11
Exploitability: P1=2.600000000 P2=-0.016409552 EV: (-0.017576071632116812, 0.017576071632116812) P1 Winnings: 4.0
Choosing model 2
[0.2632723571764668, 0.038538162725491674, 0.2628542444350779, 0.1149971097596181, 0.3203381259033457]
Games played: 12
Exploitability: P1=4.600000000 P2=-0.016409552 EV: (-0.38760312694925214, 0.38760312694925214) P1 Winnings: 11.0
Choosing model 3
[0.26032301906275646, 0.025622434935596072, 0.2507625163618676, 0.1016968073681152, 0.3615952222716647]
Games played: 13
Exploitability: P1=1.933333333 P2=-0.016409552 EV: (-0.06641107872317367, 0.06641107872317367) P1 Winnings: 6.0
Choosing model 1
[0.25492983888824955, 0.01721595299019315, 0.2374357472869188, 0.08964812020466863, 0.4007703406299699]
Games played: 14
Exploitability: P1=2.800000000 P2=-0.016409552 EV: (-0.3446298758885221, 0.3446298758885221) P1 Winnings: 6.0
Choosing model 0
[0.2579185736281999, 0.01858292858014599, 0.2435077145587548, 0.09159010911536289, 0.38840067411753637]
Games played: 15
Exploitability: P1=1.900000000 P2=-0.016409552 EV: (-0.08631456788476484, 0.08631456788476484) P1 Winnings: 11.0
Choosing model 4
[0.2377758016602502, 0.011016998206933849, 0.18027488440356776, 0.08876920651630661, 0.48216310921294153]
Games played: 16
Exploitability: P1=2.600000000 P2=-0.016409552 EV: (-0.017576071632116812, 0.017576071632116812) P1 Winnings: 14.0
Choosing model 2
[0.237775845700562, 0.011017010052628118, 0.1802749379845176, 0.08876925171923053, 0.4821629545430618]
Games played: 17
Exploitability: P1=4.600000000 P2=-0.016409552 EV: (-0.38760312694925214, 0.38760312694925214) P1 Winnings: 13.0
Choosing model 4
[0.23777601241049207, 0.011017054948515546, 0.1802751408162755, 0.0887694230553508, 0.4821623687693661]
Games played: 18
Exploitability: P1=2.600000000 P2=-0.016409552 EV: (-0.017576071632116812, 0.017576071632116812) P1 Winnings: 4.0
Choosing model 2
[0.23777606002804522, 0.01101706775324513, 0.1802751987319139, 0.0887694719018765, 0.48216220158491924]
Games played: 19
Exploitability: P1=4.600000000 P2=-0.016409552 EV: (-0.38760312694925214, 0.38760312694925214) P1 Winnings: 1.0
Choosing model 0
[0.23297583425245952, 0.008745975127097058, 0.17359158095887892, 0.08230364885994376, 0.5023829608016207]
Games played: 20
Exploitability: P1=1.900000000 P2=-0.016409552 EV: (-0.08631456788476484, 0.08631456788476484) P1 Winnings: 2.0
Choosing model 4
[0.22765847821519528, 0.006883661369129351, 0.16663229860283416, 0.07599459112895772, 0.5228309706838836]
Games played: 21
Exploitability: P1=2.600000000 P2=-0.016409552 EV: (-0.017576071632116812, 0.017576071632116812) P1 Winnings: 2.0
Choosing model 4
[0.23855424203001657, 0.007447249859306467, 0.18488295633952145, 0.07200304650422469, 0.49711250526693074]
Games played: 22
Exploitability: P1=2.600000000 P2=-0.016409552 EV: (-0.017576071632116812, 0.017576071632116812) P1 Winnings: 3.0
Choosing model 2
[0.2330462628355153, 0.005859886861307356, 0.17742280870911406, 0.06646553601078498, 0.5172055055832783]
Games played: 23
Exploitability: P1=4.600000000 P2=-0.016409552 EV: (-0.38760312694925214, 0.38760312694925214) P1 Winnings: 4.0
Choosing model 2
[0.2273505987089187, 0.004631723857049675, 0.17010353375057274, 0.0613568669404139, 0.5365572767430451]
Games played: 24
Exploitability: P1=4.600000000 P2=-0.016409552 EV: (-0.38760312694925214, 0.38760312694925214) P1 Winnings: 5.0
Choosing model 4
[0.2140816498554343, 0.0029325679379908947, 0.15453860630749913, 0.051672514919964524, 0.5767746609791112]
Games played: 25
Exploitability: P1=2.600000000 P2=-0.016409552 EV: (-0.017576071632116812, 0.017576071632116812) P1 Winnings: 0.0
Choosing model 0
[0.22515482041480114, 0.0031843661618905094, 0.17209695023589686, 0.04913899611725044, 0.5504248670701611]
Games played: 26
Exploitability: P1=1.900000000 P2=-0.016409552 EV: (-0.08631456788476484, 0.08631456788476484) P1 Winnings: 1.0
Choosing model 0
[0.24722265699258397, 0.0041292536564487645, 0.20932078017989658, 0.04848904632353934, 0.4908382628475313]
Games played: 27
Exploitability: P1=1.900000000 P2=-0.016409552 EV: (-0.08631456788476484, 0.08631456788476484) P1 Winnings: 6.0
Choosing model 4
[0.23508784317661582, 0.002694114404036127, 0.1924551926029597, 0.041506041277005905, 0.5282568085393825]
Games played: 28
Exploitability: P1=2.600000000 P2=-0.016409552 EV: (-0.017576071632116812, 0.017576071632116812) P1 Winnings: 9.0
Choosing model 2
[0.23897550331348122, 0.0029322277539174956, 0.19728213763141472, 0.04323013219508461, 0.5175799991061019]
Games played: 29
Exploitability: P1=4.600000000 P2=-0.016409552 EV: (-0.38760312694925214, 0.38760312694925214) P1 Winnings: 8.0
Choosing model 2
[0.2434714795589772, 0.003187231088351137, 0.20374508821573917, 0.04447610180794259, 0.5051200993289899]
Games played: 30
Exploitability: P1=4.600000000 P2=-0.016409552 EV: (-0.38760312694925214, 0.38760312694925214) P1 Winnings: 13.0
Choosing model 4
[0.23597918987668853, 0.002370192786223297, 0.1932619366193408, 0.04024494052685627, 0.5281437401908912]
Games played: 31
Exploitability: P1=2.600000000 P2=-0.016409552 EV: (-0.017576071632116812, 0.017576071632116812) P1 Winnings: 14.0
Choosing model 0
[0.2461503134959611, 0.002552604151989239, 0.21345552044968458, 0.037957958926904616, 0.4998836029754605]
Games played: 32
Exploitability: P1=1.900000000 P2=-0.016409552 EV: (-0.08631456788476484, 0.08631456788476484) P1 Winnings: 15.0
Choosing model 0
[0.24615036628643258, 0.002552606971254654, 0.21345559013535972, 0.03795797936594051, 0.49988345724101263]
Games played: 33
Exploitability: P1=1.900000000 P2=-0.016409552 EV: (-0.08631456788476484, 0.08631456788476484) P1 Winnings: 14.0
Choosing model 2
[0.25568484463311203, 0.0027375468674326444, 0.23477205949383206, 0.035651061043448964, 0.4711544879621742]
Games played: 34
Exploitability: P1=4.600000000 P2=-0.016409552 EV: (-0.38760312694925214, 0.38760312694925214) P1 Winnings: 15.0
Choosing model 4
[0.24955844642547853, 0.002367444486041514, 0.21081318137894542, 0.0366272507571746, 0.50063367695236]
Games played: 35
Exploitability: P1=2.600000000 P2=-0.016409552 EV: (-0.017576071632116812, 0.017576071632116812) P1 Winnings: 6.0
Choosing model 4
[0.2495585002641677, 0.002367447103814336, 0.2108132504700233, 0.036627270526239375, 0.5006335316357554]
Games played: 36
Exploitability: P1=2.600000000 P2=-0.016409552 EV: (-0.017576071632116812, 0.017576071632116812) P1 Winnings: 5.0
Choosing model 4
[0.249558554102846, 0.002367449721589839, 0.21081331956110483, 0.03662729029531152, 0.5006333863191478]
Games played: 37
Exploitability: P1=2.600000000 P2=-0.016409552 EV: (-0.017576071632116812, 0.017576071632116812) P1 Winnings: 4.0
Choosing model 4
[0.24678166873777807, 0.0021136705081617082, 0.20680161547330597, 0.03529894607268069, 0.5090040992080737]
Games played: 38
Exploitability: P1=2.600000000 P2=-0.016409552 EV: (-0.017576071632116812, 0.017576071632116812) P1 Winnings: 1.0
Choosing model 4
[0.2467817232954708, 0.002113672856616118, 0.20680168435417082, 0.035298965313341646, 0.5090039541804007]
Games played: 39
Exploitability: P1=2.600000000 P2=-0.016409552 EV: (-0.017576071632116812, 0.017576071632116812) P1 Winnings: 0.0
Choosing model 4
[0.2507040200784886, 0.0022990294182475817, 0.2118543059299247, 0.03674195977761743, 0.49840068479572175]
Games played: 40
Exploitability: P1=2.600000000 P2=-0.016409552 EV: (-0.017576071632116812, 0.017576071632116812) P1 Winnings: -1.0
Choosing model 4
[0.2507040738577633, 0.0022990319575600694, 0.21185437510316554, 0.03674197956366753, 0.4984005395178436]
Games played: 41
Exploitability: P1=2.600000000 P2=-0.016409552 EV: (-0.017576071632116812, 0.017576071632116812) P1 Winnings: -2.0
Choosing model 4
[0.24430666724472969, 0.0018045014824911811, 0.20280046160130968, 0.03383195694482502, 0.5172564127266444]
Games played: 42
Exploitability: P1=2.600000000 P2=-0.016409552 EV: (-0.017576071632116812, 0.017576071632116812) P1 Winnings: -1.0
Choosing model 4
[0.2482879703212256, 0.0019635232814126536, 0.20783764683031067, 0.035228935058135576, 0.5066819245089155]
Games played: 43
Exploitability: P1=2.600000000 P2=-0.016409552 EV: (-0.017576071632116812, 0.017576071632116812) P1 Winnings: -2.0
Choosing model 4
[0.24193028903471495, 0.00155013722069601, 0.19902545666837568, 0.03248231778086507, 0.5250117992953482]
Games played: 44
Exploitability: P1=2.600000000 P2=-0.016409552 EV: (-0.017576071632116812, 0.017576071632116812) P1 Winnings: -3.0
Choosing model 4
[0.2573334597335064, 0.002278928923339384, 0.21935466568061385, 0.0384124353495796, 0.48262051031296077]
Games played: 45
Exploitability: P1=2.600000000 P2=-0.016409552 EV: (-0.017576071632116812, 0.017576071632116812) P1 Winnings: 2.0
Choosing model 4
[0.26111905709613376, 0.002475891124917919, 0.22445232301882073, 0.03993614943607262, 0.47201657932405505]
Games played: 46
Exploitability: P1=2.600000000 P2=-0.016409552 EV: (-0.017576071632116812, 0.017576071632116812) P1 Winnings: 1.0
Choosing model 4
[0.2703806275961017, 0.002646925134687482, 0.24609086008816083, 0.037391084860184144, 0.4434905023208658]
Games played: 47
Exploitability: P1=2.600000000 P2=-0.016409552 EV: (-0.017576071632116812, 0.017576071632116812) P1 Winnings: 2.0
Choosing model 4
[0.2585558514066964, 0.0017366928923029973, 0.2275357645541801, 0.032186417036095316, 0.4799852741107251]
Games played: 48
Exploitability: P1=2.600000000 P2=-0.016409552 EV: (-0.017576071632116812, 0.017576071632116812) P1 Winnings: 2.0
Choosing model 4
[0.2793207862585437, 0.0029220050507399948, 0.2586153848990557, 0.04039541286168674, 0.4187464109299737]
Games played: 49
Exploitability: P1=2.600000000 P2=-0.016409552 EV: (-0.017576071632116812, 0.017576071632116812) P1 Winnings: -3.0
Choosing model 0
[0.2727455800164816, 0.0021891722579909204, 0.24713962947025409, 0.03682523101925059, 0.4411003872360229]
Games played: 50
Exploitability: P1=1.900000000 P2=-0.016409552 EV: (-0.08631456788476484, 0.08631456788476484) P1 Winnings: -3.0
Choosing model 0
[0.272745629557394, 0.002189174603995001, 0.247139702039857, 0.03682524963950641, 0.4411002441592474]
Games played: 51
Exploitability: P1=1.900000000 P2=-0.016409552 EV: (-0.08631456788476484, 0.08631456788476484) P1 Winnings: -4.0
Choosing model 4
[0.28715532911385544, 0.0033346555235554995, 0.27075409165342174, 0.043675554128325834, 0.3950803695808414]
Games played: 52
Exploitability: P1=2.600000000 P2=-0.016409552 EV: (-0.017576071632116812, 0.017576071632116812) P1 Winnings: -13.0
Choosing model 0
[0.27448121699206135, 0.003917784637893694, 0.1973047997788871, 0.06740793506964456, 0.4568882635215133]
Games played: 53
Exploitability: P1=1.900000000 P2=-0.016409552 EV: (-0.08631456788476484, 0.08631456788476484) P1 Winnings: -22.0
Choosing model 0
[0.25575496721011337, 0.0021887608601199524, 0.17508962739865924, 0.054057225649527724, 0.5129094188815797]
Games played: 54
Exploitability: P1=1.900000000 P2=-0.016409552 EV: (-0.08631456788476484, 0.08631456788476484) P1 Winnings: -21.0
Choosing model 2
[0.26705356013916753, 0.0023596398428420394, 0.19358383530357468, 0.05103791471484328, 0.48596504999957246]
Games played: 55
Exploitability: P1=4.600000000 P2=-0.016409552 EV: (-0.38760312694925214, 0.38760312694925214) P1 Winnings: -20.0
Choosing model 4
[0.2607215987618728, 0.0018664820936336198, 0.18573666994569007, 0.04715027877548261, 0.5045249704233209]
Games played: 56
Exploitability: P1=2.600000000 P2=-0.016409552 EV: (-0.017576071632116812, 0.017576071632116812) P1 Winnings: -19.0
Choosing model 0
[0.27165687234484104, 0.0020078932761996566, 0.20491592797092098, 0.04442145962247056, 0.47699784678556784]
Games played: 57
Exploitability: P1=1.900000000 P2=-0.016409552 EV: (-0.08631456788476484, 0.08631456788476484) P1 Winnings: -18.0
Choosing model 4
[0.25131460971739356, 0.0011137408470662847, 0.1805444290284899, 0.035368870433873344, 0.531658349973177]
Games played: 58
Exploitability: P1=2.600000000 P2=-0.016409552 EV: (-0.017576071632116812, 0.017576071632116812) P1 Winnings: -19.0
Choosing model 4
[0.2443537578662115, 0.0008773743977498224, 0.17251832175813667, 0.03254133801179787, 0.5497092079661041]
Games played: 59
Exploitability: P1=2.600000000 P2=-0.016409552 EV: (-0.017576071632116812, 0.017576071632116812) P1 Winnings: -20.0
Choosing model 0
[0.25555989390285233, 0.0009473964347860532, 0.19104834424218406, 0.030773291946845995, 0.5216710734733316]
Games played: 60
Exploitability: P1=1.900000000 P2=-0.016409552 EV: (-0.08631456788476484, 0.08631456788476484) P1 Winnings: -19.0
Choosing model 4
[0.233798020448523, 0.0005196682515588894, 0.16645725566182037, 0.02422999755815416, 0.5749950580799437]
Games played: 61
Exploitability: P1=2.600000000 P2=-0.016409552 EV: (-0.017576071632116812, 0.017576071632116812) P1 Winnings: -18.0
Choosing model 4
[0.23826664774792658, 0.0005670313394647859, 0.17106457138969336, 0.025300425888538744, 0.5648013236343765]
Games played: 62
Exploitability: P1=2.600000000 P2=-0.016409552 EV: (-0.017576071632116812, 0.017576071632116812) P1 Winnings: -19.0
Choosing model 4
[0.2323750439234561, 0.0004450199206474057, 0.16562061188709495, 0.02270971716222729, 0.5788496071065744]
Games played: 63
Exploitability: P1=2.600000000 P2=-0.016409552 EV: (-0.017576071632116812, 0.017576071632116812) P1 Winnings: -18.0
Choosing model 4
[0.23237510587347787, 0.0004450204353561218, 0.16562067459027077, 0.022709730574489245, 0.578849468526406]
Games played: 64
Exploitability: P1=2.600000000 P2=-0.016409552 EV: (-0.017576071632116812, 0.017576071632116812) P1 Winnings: -19.0
Choosing model 0
[0.24358650879376434, 0.0004816335109135746, 0.18382837837150504, 0.021524867478483024, 0.5505786118453341]
Games played: 65
Exploitability: P1=1.900000000 P2=-0.016409552 EV: (-0.08631456788476484, 0.08631456788476484) P1 Winnings: -18.0
Choosing model 0
[0.22446391507391444, 0.0005455116329361937, 0.12914355982775177, 0.032026590457512, 0.6138204230078855]
Games played: 66
Exploitability: P1=1.900000000 P2=-0.016409552 EV: (-0.08631456788476484, 0.08631456788476484) P1 Winnings: -23.0
Choosing model 0
[0.23685155347883718, 0.0005943015079382079, 0.144290199575892, 0.030556617965706304, 0.5877073274716262]
Games played: 67
Exploitability: P1=1.900000000 P2=-0.016409552 EV: (-0.08631456788476484, 0.08631456788476484) P1 Winnings: -22.0
Choosing model 4
[0.21099564192543685, 0.0002757995587690038, 0.12140039044712303, 0.022754383189473683, 0.6445737848791975]
Games played: 68
Exploitability: P1=2.600000000 P2=-0.016409552 EV: (-0.017576071632116812, 0.017576071632116812) P1 Winnings: -25.0
Choosing model 0
[0.22946075177123776, 0.0004145559142700112, 0.13680036088199823, 0.02751178768515957, 0.6058125437473345]
Games played: 69
Exploitability: P1=1.900000000 P2=-0.016409552 EV: (-0.08631456788476484, 0.08631456788476484) P1 Winnings: -20.0
Choosing model 4
[0.2211962685857171, 0.00031912604385153306, 0.12942898138905887, 0.02499257784228439, 0.6240630461390881]
Games played: 70
Exploitability: P1=2.600000000 P2=-0.016409552 EV: (-0.017576071632116812, 0.017576071632116812) P1 Winnings: -20.0
Choosing model 4
[0.23968300681489652, 0.0004779433755419258, 0.14531927537275363, 0.03010851604977372, 0.5844112583870342]
Games played: 71
Exploitability: P1=2.600000000 P2=-0.016409552 EV: (-0.017576071632116812, 0.017576071632116812) P1 Winnings: -25.0
Choosing model 4
[0.2302812357280983, 0.00035232402740893796, 0.13664007731708913, 0.027006581928373827, 0.6057197809990298]
Games played: 72
Exploitability: P1=2.600000000 P2=-0.016409552 EV: (-0.017576071632116812, 0.017576071632116812) P1 Winnings: -25.0
Choosing model 4
[0.18232907615527055, 0.00038588833687555076, 0.06489614739040873, 0.049788025481542285, 0.7026008626359028]
Games played: 73
Exploitability: P1=2.600000000 P2=-0.016409552 EV: (-0.017576071632116812, 0.017576071632116812) P1 Winnings: -12.0
Choosing model 0
[0.17911152181892703, 0.0003422514781344786, 0.06324146938842129, 0.04766603284973979, 0.7096387244647774]
Games played: 74
Exploitability: P1=1.900000000 P2=-0.016409552 EV: (-0.08631456788476484, 0.08631456788476484) P1 Winnings: -15.0
Choosing model 3
[0.18350195999468719, 0.00037542308032773546, 0.06533622736201433, 0.05003549814878222, 0.7007508914141884]
Games played: 75
Exploitability: P1=1.933333333 P2=-0.016409552 EV: (-0.06641107872317367, 0.06641107872317367) P1 Winnings: -16.0
Choosing model 4
[0.2009965546522275, 0.0005683601839349675, 0.07415393437477875, 0.0609319388345612, 0.6633492119544976]
Games played: 76
Exploitability: P1=2.600000000 P2=-0.016409552 EV: (-0.017576071632116812, 0.017576071632116812) P1 Winnings: -29.0
Choosing model 4
[0.21898930125516916, 0.00083532802389735, 0.08368587694912462, 0.07346877633498508, 0.6230207174368239]
Games played: 77
Exploitability: P1=2.600000000 P2=-0.016409552 EV: (-0.017576071632116812, 0.017576071632116812) P1 Winnings: -22.0
Choosing model 4
[0.21576850385923652, 0.0007430846519579007, 0.08179613217847573, 0.07054796181536238, 0.6311443174949675]
Games played: 78
Exploitability: P1=2.600000000 P2=-0.016409552 EV: (-0.017576071632116812, 0.017576071632116812) P1 Winnings: -25.0
Choosing model 4
[0.21576856571567246, 0.0007430855263320052, 0.08179616478894901, 0.07054800489761875, 0.6311441790714278]
Games played: 79
Exploitability: P1=2.600000000 P2=-0.016409552 EV: (-0.017576071632116812, 0.017576071632116812) P1 Winnings: -26.0
Choosing model 0
[0.20684979669284678, 0.0005465755924215181, 0.07674205655283849, 0.06314087898505609, 0.6527206921768371]
Games played: 80
Exploitability: P1=1.900000000 P2=-0.016409552 EV: (-0.08631456788476484, 0.08631456788476484) P1 Winnings: -26.0
Choosing model 4
[0.22051480331223308, 0.0006015974642357788, 0.08662643877379297, 0.060863671727721814, 0.6313934887220164]
Games played: 81
Exploitability: P1=2.600000000 P2=-0.016409552 EV: (-0.017576071632116812, 0.017576071632116812) P1 Winnings: -25.0
Choosing model 3
[0.22051486715752294, 0.0006015981738382886, 0.08662647355678749, 0.06086370906935625, 0.631393352042495]
Games played: 82
Exploitability: P1=1.933333333 P2=-0.016409552 EV: (-0.06641107872317367, 0.06641107872317367) P1 Winnings: -26.0
Choosing model 4
[0.19499632940825828, 0.00027713064838430143, 0.07234777818428682, 0.044989328569665164, 0.6873894331894054]
Games played: 83
Exploitability: P1=2.600000000 P2=-0.016409552 EV: (-0.017576071632116812, 0.017576071632116812) P1 Winnings: -29.0
Choosing model 4
[0.1724165469388333, 0.00014692082993648798, 0.06092408658525093, 0.03423681067412466, 0.7322756349718547]
Games played: 84
Exploitability: P1=2.600000000 P2=-0.016409552 EV: (-0.017576071632116812, 0.017576071632116812) P1 Winnings: -29.0
Choosing model 0
[0.15094490003407238, 7.712038383415234e-05, 0.05079720879533756, 0.025796695962304106, 0.7723840748244519]
Games played: 85
Exploitability: P1=1.900000000 P2=-0.016409552 EV: (-0.08631456788476484, 0.08631456788476484) P1 Winnings: -29.0
Choosing model 4
[0.14421062950414298, 5.969631648943704e-05, 0.047694524602398175, 0.023321465812143286, 0.7847136837648262]
Games played: 86
Exploitability: P1=2.600000000 P2=-0.016409552 EV: (-0.017576071632116812, 0.017576071632116812) P1 Winnings: -30.0
Choosing model 2
[0.14827167624353554, 6.57153630840136e-05, 0.04944978041744701, 0.024567943502788, 0.7776448844731454]
Games played: 87
Exploitability: P1=4.600000000 P2=-0.016409552 EV: (-0.38760312694925214, 0.38760312694925214) P1 Winnings: -31.0
Choosing model 4
[0.15239985964850875, 7.23188860136474e-05, 0.05125375027669537, 0.02587302550058221, 0.7704010456882]
Games played: 88
Exploitability: P1=2.600000000 P2=-0.016409552 EV: (-0.017576071632116812, 0.017576071632116812) P1 Winnings: -44.0
Choosing model 0
[0.12424522665849763, 4.5749167108134485e-05, 0.032856286525270846, 0.02612131639636772, 0.8167314212527557]
Games played: 89
Exploitability: P1=1.900000000 P2=-0.016409552 EV: (-0.08631456788476484, 0.08631456788476484) P1 Winnings: -37.0
Choosing model 4
[0.12790372427408797, 5.042490891085252e-05, 0.034108048606734734, 0.027551837849308973, 0.8103859643609574]
Games played: 90
Exploitability: P1=2.600000000 P2=-0.016409552 EV: (-0.017576071632116812, 0.017576071632116812) P1 Winnings: -38.0
Choosing model 4
[0.13837707529482635, 5.632473941696386e-05, 0.03907259058267607, 0.02695233555235648, 0.7955416738307243]
Games played: 91
Exploitability: P1=2.600000000 P2=-0.016409552 EV: (-0.017576071632116812, 0.017576071632116812) P1 Winnings: -37.0
Choosing model 4
[0.1494292191558923, 6.279769207265377e-05, 0.04467637865146185, 0.026316774487455532, 0.7795148300131177]
Games played: 92
Exploitability: P1=2.600000000 P2=-0.016409552 EV: (-0.017576071632116812, 0.017576071632116812) P1 Winnings: -36.0
Choosing model 0
[0.1610379880274449, 6.987303437511419e-05, 0.0509806241997217, 0.025644270075309356, 0.762267244663149]
Games played: 93
Exploitability: P1=1.900000000 P2=-0.016409552 EV: (-0.08631456788476484, 0.08631456788476484) P1 Winnings: -35.0
Choosing model 4
[0.17316919052992974, 7.757557559319892e-05, 0.05804727223651788, 0.024934318760428197, 0.743771642897531]
Games played: 94
Exploitability: P1=2.600000000 P2=-0.016409552 EV: (-0.017576071632116812, 0.017576071632116812) P1 Winnings: -34.0
Choosing model 0
[0.16724810652566605, 6.02922856988041e-05, 0.05565452492969564, 0.022163878119017055, 0.7548731981399224]
Games played: 95
Exploitability: P1=1.900000000 P2=-0.016409552 EV: (-0.08631456788476484, 0.08631456788476484) P1 Winnings: -33.0
Choosing model 4
[0.15707120992261384, 5.5196941912025445e-05, 0.04519186094559351, 0.025082760751154363, 0.7725989714387264]
Games played: 96
Exploitability: P1=2.600000000 P2=-0.016409552 EV: (-0.017576071632116812, 0.017576071632116812) P1 Winnings: -24.0
Choosing model 4
[0.14826495903790002, 4.03273350103915e-05, 0.041745609079802175, 0.022111354805953384, 0.7878377497413341]
Games played: 97
Exploitability: P1=2.600000000 P2=-0.016409552 EV: (-0.017576071632116812, 0.017576071632116812) P1 Winnings: -21.0
Choosing model 4
[0.16717129558754662, 6.578610963648919e-05, 0.04897871853274067, 0.02808485479706709, 0.7556993449730093]
Games played: 98
Exploitability: P1=2.600000000 P2=-0.016409552 EV: (-0.017576071632116812, 0.017576071632116812) P1 Winnings: -22.0
Choosing model 4
[0.15821523368434898, 4.777110657224356e-05, 0.04536569570323525, 0.02481519743773353, 0.7715561020681101]
Games played: 99
Exploitability: P1=2.600000000 P2=-0.016409552 EV: (-0.017576071632116812, 0.017576071632116812) P1 Winnings: -22.0
Choosing model 4
[0.14935445462373176, 3.490422125096717e-05, 0.041908886031740714, 0.02187689845524056, 0.786824856668036]
Games played: 100
Exploitability: P1=2.600000000 P2=-0.016409552 EV: (-0.017576071632116812, 0.017576071632116812) P1 Winnings: -29.0
Choosing model 4
[0.17482180633938127, 6.363036671179149e-05, 0.05161065164189454, 0.029749091394441523, 0.743754820257571]
Games played: 101
Exploitability: P1=2.600000000 P2=-0.016409552 EV: (-0.017576071632116812, 0.017576071632116812) P1 Winnings: -34.0
Choosing model 4
[0.17475520845075956, 5.659475048692061e-05, 0.05136700629277489, 0.02919923726898736, 0.7446219532369913]
Games played: 102
Exploitability: P1=2.600000000 P2=-0.016409552 EV: (-0.017576071632116812, 0.017576071632116812) P1 Winnings: -34.0
Choosing model 4
[0.20148940933934967, 9.212772261699968e-05, 0.0639554296499566, 0.03441145373814858, 0.7000515795499281]
Games played: 103
Exploitability: P1=2.600000000 P2=-0.016409552 EV: (-0.017576071632116812, 0.017576071632116812) P1 Winnings: -31.0
Choosing model 4
[0.1951700171155463, 7.181205768011367e-05, 0.061498762709263306, 0.030677612671801184, 0.712581795445709]
Games played: 104
Exploitability: P1=2.600000000 P2=-0.016409552 EV: (-0.017576071632116812, 0.017576071632116812) P1 Winnings: -30.0
Choosing model 0
[0.19517008419077395, 7.181214627306847e-05, 0.0614987907327825, 0.030677633154526783, 0.7125816797756438]
Games played: 105
Exploitability: P1=1.900000000 P2=-0.016409552 EV: (-0.08631456788476484, 0.08631456788476484) P1 Winnings: -31.0
Choosing model 0
[0.19517015126601123, 7.181223486612764e-05, 0.06149881875631025, 0.030677653637263953, 0.7125815641055484]
Games played: 106
Exploitability: P1=1.900000000 P2=-0.016409552 EV: (-0.08631456788476484, 0.08631456788476484) P1 Winnings: -32.0
Choosing model 4
[0.15738580035682836, 3.05464476341955e-05, 0.04184818514053801, 0.02342596305813821, 0.7773095049968611]
Games played: 107
Exploitability: P1=2.600000000 P2=-0.016409552 EV: (-0.017576071632116812, 0.017576071632116812) P1 Winnings: -27.0
Choosing model 4
[0.1554380308184441, 2.678007159992302e-05, 0.04104421071026863, 0.022576808890918548, 0.7809141695087687]
Games played: 108
Exploitability: P1=2.600000000 P2=-0.016409552 EV: (-0.017576071632116812, 0.017576071632116812) P1 Winnings: -27.0
Choosing model 4
[0.15222805831595157, 2.367910282667227e-05, 0.03987537450847804, 0.021548472572895504, 0.7863244154998482]
Games played: 109
Exploitability: P1=2.600000000 P2=-0.016409552 EV: (-0.017576071632116812, 0.017576071632116812) P1 Winnings: -30.0
Choosing model 4
[0.1436577986265841, 1.7145266926964784e-05, 0.0368275512546047, 0.018984971690879156, 0.8005125331610051]
Games played: 110
Exploitability: P1=2.600000000 P2=-0.016409552 EV: (-0.017576071632116812, 0.017576071632116812) P1 Winnings: -30.0
Choosing model 0
[0.1605514336661945, 2.6484016700951897e-05, 0.04264715416010264, 0.023589229279751097, 0.7731856988772509]
Games played: 111
Exploitability: P1=1.900000000 P2=-0.016409552 EV: (-0.08631456788476484, 0.08631456788476484) P1 Winnings: -25.0
Choosing model 4
[0.1605514944814578, 2.64840503036617e-05, 0.04264717509090711, 0.0235892458580418, 0.7731856005192898]
Games played: 112
Exploitability: P1=2.600000000 P2=-0.016409552 EV: (-0.017576071632116812, 0.017576071632116812) P1 Winnings: -26.0
Choosing model 0
[0.16055155529673487, 2.6484083906412613e-05, 0.04264719602171939, 0.023589262436342795, 0.7731855021612966]
Games played: 113
Exploitability: P1=1.900000000 P2=-0.016409552 EV: (-0.08631456788476484, 0.08631456788476484) P1 Winnings: -27.0
Choosing model 4
[0.16055161611202576, 2.648411750920464e-05, 0.04264721695253949, 0.023589279014654085, 0.7731854038032715]
Games played: 114
Exploitability: P1=2.600000000 P2=-0.016409552 EV: (-0.017576071632116812, 0.017576071632116812) P1 Winnings: -28.0
Choosing model 4
[0.16500860678835233, 2.9143108614941763e-05, 0.0441995176383895, 0.024840401989709045, 0.7659223304749342]
Games played: 115
Exploitability: P1=2.600000000 P2=-0.016409552 EV: (-0.017576071632116812, 0.017576071632116812) P1 Winnings: -29.0
Choosing model 4
[0.1591752738047586, 2.262304409583598e-05, 0.04232672035950642, 0.022053894420069994, 0.7764214883715692]
Games played: 116
Exploitability: P1=2.600000000 P2=-0.016409552 EV: (-0.017576071632116812, 0.017576071632116812) P1 Winnings: -28.0
Choosing model 4
[0.1345717992341826, 1.0226827226045207e-05, 0.03377358441672816, 0.015588518890614621, 0.8160558706312486]
Games played: 117
Exploitability: P1=2.600000000 P2=-0.016409552 EV: (-0.017576071632116812, 0.017576071632116812) P1 Winnings: -29.0
Choosing model 4
[0.15659207741096817, 1.9186011638182648e-05, 0.04127926046696487, 0.021045430171722834, 0.7810640459387059]
Games played: 118
Exploitability: P1=2.600000000 P2=-0.016409552 EV: (-0.017576071632116812, 0.017576071632116812) P1 Winnings: -40.0
Choosing model 4
[0.15335196309950672, 1.6963690694430296e-05, 0.040102080698853126, 0.020086019214008724, 0.786442973296937]
Games played: 119
Exploitability: P1=2.600000000 P2=-0.016409552 EV: (-0.017576071632116812, 0.017576071632116812) P1 Winnings: -43.0
Choosing model 0
[0.1709744705353644, 2.614068857396172e-05, 0.04632773596670271, 0.024897437525757453, 0.7577742152836014]
Games played: 120
Exploitability: P1=1.900000000 P2=-0.016409552 EV: (-0.08631456788476484, 0.08631456788476484) P1 Winnings: -48.0
Choosing model 4
[0.1649992861618557, 2.0300838673775015e-05, 0.04438333737406604, 0.022113786502212376, 0.7684832891231922]
Games played: 121
Exploitability: P1=2.600000000 P2=-0.016409552 EV: (-0.017576071632116812, 0.017576071632116812) P1 Winnings: -47.0
Choosing model 4
[0.16955398182075543, 2.2335637920149697e-05, 0.04599184181352262, 0.023283114656511318, 0.7611487260712905]
Games played: 122
Exploitability: P1=2.600000000 P2=-0.016409552 EV: (-0.017576071632116812, 0.017576071632116812) P1 Winnings: -48.0
Choosing model 0
[0.14738071235493877, 1.1640657232936191e-05, 0.038073674703022344, 0.01741827168556114, 0.7971157005992449]
Games played: 123
Exploitability: P1=1.900000000 P2=-0.016409552 EV: (-0.08631456788476484, 0.08631456788476484) P1 Winnings: -49.0
Choosing model 4
[0.13893052995016514, 8.41935943365235e-06, 0.03512492491041873, 0.015329255561765273, 0.8106068702182172]
Games played: 124
Exploitability: P1=2.600000000 P2=-0.016409552 EV: (-0.017576071632116812, 0.017576071632116812) P1 Winnings: -48.0
Choosing model 4
[0.13893058569741368, 8.419370305251612e-06, 0.0351249429386432, 0.015329266679471444, 0.8106067853141664]
Games played: 125
Exploitability: P1=2.600000000 P2=-0.016409552 EV: (-0.017576071632116812, 0.017576071632116812) P1 Winnings: -49.0
Choosing model 4
[0.16473048012825092, 1.5861522813913807e-05, 0.04390618438416295, 0.02124620986054517, 0.7701012641042271]
Games played: 126
Exploitability: P1=2.600000000 P2=-0.016409552 EV: (-0.017576071632116812, 0.017576071632116812) P1 Winnings: -49.0
Choosing model 4
[0.18519044777306323, 2.5798888337195033e-05, 0.05136221498499231, 0.02690665607173214, 0.736514882281875]
Games played: 127
Exploitability: P1=2.600000000 P2=-0.016409552 EV: (-0.017576071632116812, 0.017576071632116812) P1 Winnings: -50.0
Choosing model 4
[0.2046573036184748, 3.940618658304032e-05, 0.05881453301026408, 0.03305881206142533, 0.7034299451232527]
Games played: 128
Exploitability: P1=2.600000000 P2=-0.016409552 EV: (-0.017576071632116812, 0.017576071632116812) P1 Winnings: -55.0
Choosing model 4
[0.1962459125531839, 3.0435194971601024e-05, 0.05540074422974987, 0.02995375378371403, 0.7183691542383807]
Games played: 129
Exploitability: P1=2.600000000 P2=-0.016409552 EV: (-0.017576071632116812, 0.017576071632116812) P1 Winnings: -54.0
Choosing model 4
[0.19624598076014424, 3.04352326370034e-05, 0.05540076968965464, 0.029953773899438863, 0.7183690404181253]
Games played: 130
Exploitability: P1=2.600000000 P2=-0.016409552 EV: (-0.017576071632116812, 0.017576071632116812) P1 Winnings: -55.0
Choosing model 4
[0.21014548126814958, 3.364875675192003e-05, 0.06281588170499627, 0.029002518097610983, 0.6980024701724913]
Games played: 131
Exploitability: P1=2.600000000 P2=-0.016409552 EV: (-0.017576071632116812, 0.017576071632116812) P1 Winnings: -54.0
Choosing model 0
[0.2101455520299967, 3.364879802985949e-05, 0.0628159098922517, 0.0290025372604061, 0.6980023520193156]
Games played: 132
Exploitability: P1=1.900000000 P2=-0.016409552 EV: (-0.08631456788476484, 0.08631456788476484) P1 Winnings: -55.0
Choosing model 4
[0.2416608402144519, 6.14815496844548e-05, 0.0761534715215673, 0.03898576513653915, 0.6431384415777572]
Games played: 133
Exploitability: P1=2.600000000 P2=-0.016409552 EV: (-0.017576071632116812, 0.017576071632116812) P1 Winnings: -60.0
Choosing model 4
[0.23274557060427659, 4.7693396954917e-05, 0.07204808188088606, 0.035479038828925925, 0.6596796152889566]
Games played: 134
Exploitability: P1=2.600000000 P2=-0.016409552 EV: (-0.017576071632116812, 0.017576071632116812) P1 Winnings: -59.0
Choosing model 4
[0.23274564373097487, 4.769345438700318e-05, 0.07204811258719068, 0.03547906147137659, 0.659679488756071]
Games played: 135
Exploitability: P1=2.600000000 P2=-0.016409552 EV: (-0.017576071632116812, 0.017576071632116812) P1 Winnings: -60.0
Choosing model 4
[0.2238695481720813, 3.6949668603979684e-05, 0.0680759395188467, 0.03224602784325669, 0.6757715347972113]
Games played: 136
Exploitability: P1=2.600000000 P2=-0.016409552 EV: (-0.017576071632116812, 0.017576071632116812) P1 Winnings: -60.0
Choosing model 2
[0.2130747605139218, 2.7220136708357576e-05, 0.0634073040810456, 0.028662320214471897, 0.6948283950538524]
Games played: 137
Exploitability: P1=4.600000000 P2=-0.016409552 EV: (-0.38760312694925214, 0.38760312694925214) P1 Winnings: -67.0
Choosing model 4
[0.17271997849564538, 1.1638874605166276e-05, 0.04337181142127821, 0.02200113449800198, 0.7618954367104692]
Games played: 138
Exploitability: P1=2.600000000 P2=-0.016409552 EV: (-0.017576071632116812, 0.017576071632116812) P1 Winnings: -72.0
Choosing model 4
[0.16312982798513637, 8.508330773336908e-06, 0.040087318579746324, 0.01940590781159062, 0.7773684372927533]
Games played: 139
Exploitability: P1=2.600000000 P2=-0.016409552 EV: (-0.017576071632116812, 0.017576071632116812) P1 Winnings: -69.0
Choosing model 4
[0.18164261622870967, 1.3094336158716672e-05, 0.04625126551446403, 0.024023549988790693, 0.7480694739318768]
Games played: 140
Exploitability: P1=2.600000000 P2=-0.016409552 EV: (-0.017576071632116812, 0.017576071632116812) P1 Winnings: -74.0
Choosing model 4
[0.18164268262791392, 1.3094352599319954e-05, 0.04625128760170354, 0.024023566554214573, 0.7480693688635687]
Games played: 141
Exploitability: P1=2.600000000 P2=-0.016409552 EV: (-0.017576071632116812, 0.017576071632116812) P1 Winnings: -75.0
Choosing model 4
[0.171768935819314, 9.5841438213901e-06, 0.04280151969144211, 0.02121594037670677, 0.7642040199687157]
Games played: 142
Exploitability: P1=2.600000000 P2=-0.016409552 EV: (-0.017576071632116812, 0.017576071632116812) P1 Winnings: -72.0
Choosing model 0
[0.1621933054261992, 7.004613792638752e-06, 0.03955087831710782, 0.018708917968428527, 0.7795398936744717]
Games played: 143
Exploitability: P1=1.900000000 P2=-0.016409552 EV: (-0.08631456788476484, 0.08631456788476484) P1 Winnings: -69.0
Choosing model 4
[0.12838527044427342, 3.565583040363022e-06, 0.025140613588461213, 0.015568962466515348, 0.8309015879177095]
Games played: 144
Exploitability: P1=2.600000000 P2=-0.016409552 EV: (-0.017576071632116812, 0.017576071632116812) P1 Winnings: -66.0
Choosing model 4
[0.12067586084506877, 2.5714629352709906e-06, 0.023126752184511903, 0.013662300717964858, 0.8425325147895192]
Games played: 145
Exploitability: P1=2.600000000 P2=-0.016409552 EV: (-0.017576071632116812, 0.017576071632116812) P1 Winnings: -66.0
Choosing model 4
[0.10318103671779881, 1.3182751296202566e-06, 0.018832390455161625, 0.010053901005459888, 0.8679313535464501]
Games played: 146
Exploitability: P1=2.600000000 P2=-0.016409552 EV: (-0.017576071632116812, 0.017576071632116812) P1 Winnings: -66.0
Choosing model 4
[0.09667448453591225, 9.476818104336787e-07, 0.01726835611617946, 0.008794386453116707, 0.8772618252129811]
Games played: 147
Exploitability: P1=2.600000000 P2=-0.016409552 EV: (-0.017576071632116812, 0.017576071632116812) P1 Winnings: -66.0
Choosing model 4
[0.11419275367966737, 1.8047509687049075e-06, 0.02142479639276864, 0.012052286685437775, 0.8523283584911575]
Games played: 148
Exploitability: P1=2.600000000 P2=-0.016409552 EV: (-0.017576071632116812, 0.017576071632116812) P1 Winnings: -77.0
Choosing model 4
[0.10700433267977216, 1.3089488439961517e-06, 0.019646634429686227, 0.010547034234633023, 0.8628006897070647]
Games played: 149
Exploitability: P1=2.600000000 P2=-0.016409552 EV: (-0.017576071632116812, 0.017576071632116812) P1 Winnings: -74.0
Choosing model 2
[0.11627938008795141, 1.4685783811339801e-06, 0.02260600845231632, 0.010363264309886221, 0.850749878571465]
Games played: 150
Exploitability: P1=4.600000000 P2=-0.016409552 EV: (-0.38760312694925214, 0.38760312694925214) P1 Winnings: -73.0
Choosing model 4
[0.11627956703262826, 1.468585697214643e-06, 0.022606054381455406, 0.010363293707647929, 0.8507496162925712]
Games played: 151
Exploitability: P1=2.600000000 P2=-0.016409552 EV: (-0.017576071632116812, 0.017576071632116812) P1 Winnings: -82.0
Choosing model 4
[0.116279616403706, 1.46858762780511e-06, 0.02260606651163195, 0.010363301465508512, 0.8507495470315257]
Games played: 152
Exploitability: P1=2.600000000 P2=-0.016409552 EV: (-0.017576071632116812, 0.017576071632116812) P1 Winnings: -83.0
Choosing model 4
[0.10896394327186354, 1.0651767033790342e-06, 0.02073064743985756, 0.009069334870915846, 0.8612350092406597]
Games played: 153
Exploitability: P1=2.600000000 P2=-0.016409552 EV: (-0.017576071632116812, 0.017576071632116812) P1 Winnings: -80.0
Choosing model 4
[0.1064249918815689, 9.39287539480951e-07, 0.02008579955241098, 0.008632821566514811, 0.8648554477119659]
Games played: 154
Exploitability: P1=2.600000000 P2=-0.016409552 EV: (-0.017576071632116812, 0.017576071632116812) P1 Winnings: -83.0
Choosing model 4
[0.10096991538429136, 7.220153835399688e-07, 0.01872782477878892, 0.007750220538593419, 0.8725513172829429]
Games played: 155
Exploitability: P1=2.600000000 P2=-0.016409552 EV: (-0.017576071632116812, 0.017576071632116812) P1 Winnings: -84.0
Choosing model 0
[0.1158589022719047, 1.198658206397374e-06, 0.022361358500238966, 0.010018094429184733, 0.8517604461404651]
Games played: 156
Exploitability: P1=1.900000000 P2=-0.016409552 EV: (-0.08631456788476484, 0.08631456788476484) P1 Winnings: -85.0
Choosing model 4
[0.11001882321390902, 9.222155005711681e-07, 0.020868233939844494, 0.00900192543639657, 0.8601100951943493]
Games played: 157
Exploitability: P1=2.600000000 P2=-0.016409552 EV: (-0.017576071632116812, 0.017576071632116812) P1 Winnings: -84.0
Choosing model 0
[0.12431693284454286, 1.4402912763586229e-06, 0.024433248978624506, 0.011308825935414222, 0.839939551950142]
Games played: 158
Exploitability: P1=1.900000000 P2=-0.016409552 EV: (-0.08631456788476484, 0.08631456788476484) P1 Winnings: -79.0
Choosing model 4
[0.1281460320826145, 1.5895846475145324e-06, 0.025397502720170197, 0.011943852531422175, 0.8345110230811457]
Games played: 159
Exploitability: P1=2.600000000 P2=-0.016409552 EV: (-0.017576071632116812, 0.017576071632116812) P1 Winnings: -80.0
Choosing model 4
[0.14415355087113288, 2.471487751155903e-06, 0.029603525158016782, 0.01493768960533099, 0.8113027628777681]
Games played: 160
Exploitability: P1=2.600000000 P2=-0.016409552 EV: (-0.017576071632116812, 0.017576071632116812) P1 Winnings: -75.0
Choosing model 4
[0.1441536135737481, 2.4714912037583074e-06, 0.029603541616726823, 0.014937701330996502, 0.8113026719873248]
Games played: 161
Exploitability: P1=2.600000000 P2=-0.016409552 EV: (-0.017576071632116812, 0.017576071632116812) P1 Winnings: -78.0
Choosing model 4
[0.13727241242325006, 1.9068490942711417e-06, 0.02770455953764847, 0.013460290534797045, 0.8215608306552102]
Games played: 162
Exploitability: P1=2.600000000 P2=-0.016409552 EV: (-0.017576071632116812, 0.017576071632116812) P1 Winnings: -79.0
Choosing model 0
[0.14139199592928264, 2.102888939645628e-06, 0.02877582127266102, 0.014205222144079946, 0.8156248577650368]
Games played: 163
Exploitability: P1=1.900000000 P2=-0.016409552 EV: (-0.08631456788476484, 0.08631456788476484) P1 Winnings: -80.0
Choosing model 4
[0.14559892635644342, 2.3185055046009923e-06, 0.029881059111126335, 0.0149876457257591, 0.8095300503011666]
Games played: 164
Exploitability: P1=2.600000000 P2=-0.016409552 EV: (-0.017576071632116812, 0.017576071632116812) P1 Winnings: -89.0
Choosing model 2
[0.1455989848025372, 2.318508498766755e-06, 0.02988107445262118, 0.014987656598085443, 0.8095299656382574]
Games played: 165
Exploitability: P1=4.600000000 P2=-0.016409552 EV: (-0.38760312694925214, 0.38760312694925214) P1 Winnings: -90.0
Choosing model 4
[0.15064884173879595, 2.5593948111378046e-06, 0.03134067403758272, 0.01565981496199963, 0.8023481098668105]
Games played: 166
Exploitability: P1=2.600000000 P2=-0.016409552 EV: (-0.017576071632116812, 0.017576071632116812) P1 Winnings: -85.0
Choosing model 4
[0.1183695265986144, 1.2932291452151274e-06, 0.019775155680138552, 0.012935686002227616, 0.8489183384898742]
Games played: 167
Exploitability: P1=2.600000000 P2=-0.016409552 EV: (-0.017576071632116812, 0.017576071632116812) P1 Winnings: -82.0
Choosing model 4
[0.11836957668627518, 1.293230843417377e-06, 0.01977516626275097, 0.012935695667091471, 0.848918268153039]
Games played: 168
Exploitability: P1=2.600000000 P2=-0.016409552 EV: (-0.017576071632116812, 0.017576071632116812) P1 Winnings: -83.0
Choosing model 4
[0.11671525093719991, 1.1319385502236504e-06, 0.019363827204617923, 0.012446598117533254, 0.8514731918020987]
Games played: 169
Exploitability: P1=2.600000000 P2=-0.016409552 EV: (-0.017576071632116812, 0.017576071632116812) P1 Winnings: -83.0
Choosing model 0
[0.14343377716065403, 1.6191021738310444e-06, 0.02751717181369337, 0.012628039531407976, 0.8164193923920707]
Games played: 170
Exploitability: P1=1.900000000 P2=-0.016409552 EV: (-0.08631456788476484, 0.08631456788476484) P1 Winnings: -80.0
Choosing model 4
[0.17185798777384748, 2.6973921521126174e-06, 0.036482278416022904, 0.014602526752220525, 0.777054509665757]
Games played: 171
Exploitability: P1=2.600000000 P2=-0.016409552 EV: (-0.017576071632116812, 0.017576071632116812) P1 Winnings: -75.0
Choosing model 4
[0.13608562811775998, 1.3735697380680296e-06, 0.02319860968250806, 0.012156240271910245, 0.8285581483580836]
Games played: 172
Exploitability: P1=2.600000000 P2=-0.016409552 EV: (-0.017576071632116812, 0.017576071632116812) P1 Winnings: -72.0
Choosing model 4
[0.14736475523633993, 1.5356957802583191e-06, 0.026599758854998472, 0.011902700739605011, 0.8141312494732763]
Games played: 173
Exploitability: P1=2.600000000 P2=-0.016409552 EV: (-0.017576071632116812, 0.017576071632116812) P1 Winnings: -71.0
Choosing model 0
[0.15175267460677225, 1.69319263531534e-06, 0.027622014246440396, 0.012558572531726504, 0.8080650454224255]
Games played: 174
Exploitability: P1=1.900000000 P2=-0.016409552 EV: (-0.08631456788476484, 0.08631456788476484) P1 Winnings: -72.0
Choosing model 4
[0.14286185883060928, 1.2230122904857064e-06, 0.02544889066122388, 0.011037715198756006, 0.8206503122971203]
Games played: 175
Exploitability: P1=2.600000000 P2=-0.016409552 EV: (-0.017576071632116812, 0.017576071632116812) P1 Winnings: -71.0
Choosing model 4
[0.14286191723574704, 1.2230138789641953e-06, 0.02544890391558486, 0.0110377232874504, 0.8206502325473387]
Games played: 176
Exploitability: P1=2.600000000 P2=-0.016409552 EV: (-0.017576071632116812, 0.017576071632116812) P1 Winnings: -72.0
Choosing model 4
[0.13727856462264948, 9.457226705148896e-07, 0.02427635157631768, 0.00976165424310409, 0.8286824838352582]
Games played: 177
Exploitability: P1=2.600000000 P2=-0.016409552 EV: (-0.017576071632116812, 0.017576071632116812) P1 Winnings: -71.0
Choosing model 4
[0.1414533047381597, 1.0433562486694389e-06, 0.025224856569211185, 0.010305897674389207, 0.8230148976619913]
Games played: 178
Exploitability: P1=2.600000000 P2=-0.016409552 EV: (-0.017576071632116812, 0.017576071632116812) P1 Winnings: -72.0
Choosing model 4
[0.13456424519163518, 8.041715898671045e-07, 0.02358278726716804, 0.009277166206514724, 0.8325749971630921]
Games played: 179
Exploitability: P1=2.600000000 P2=-0.016409552 EV: (-0.017576071632116812, 0.017576071632116812) P1 Winnings: -73.0
Choosing model 4
[0.12688753781699078, 8.427456125892793e-07, 0.018743659646362446, 0.011611870077186792, 0.8427560897138474]
Games played: 180
Exploitability: P1=2.600000000 P2=-0.016409552 EV: (-0.017576071632116812, 0.017576071632116812) P1 Winnings: -64.0
Choosing model 4
[0.1285273574073226, 7.940988538130194e-07, 0.018986310711767856, 0.011704746873770728, 0.8407807909082851]
Games played: 181
Exploitability: P1=2.600000000 P2=-0.016409552 EV: (-0.017576071632116812, 0.017576071632116812) P1 Winnings: -67.0
Choosing model 4
[0.14492996177129353, 1.2268561623477005e-06, 0.022185045938621868, 0.014669128235986538, 0.8182146371979357]
Games played: 182
Exploitability: P1=2.600000000 P2=-0.016409552 EV: (-0.017576071632116812, 0.017576071632116812) P1 Winnings: -68.0
Choosing model 4
[0.16259494486329779, 1.902379386600823e-06, 0.025789411170729658, 0.018296666977458236, 0.7933170746091277]
Games played: 183
Exploitability: P1=2.600000000 P2=-0.016409552 EV: (-0.017576071632116812, 0.017576071632116812) P1 Winnings: -63.0
Choosing model 2
[0.17553364120706905, 2.120428174238619e-06, 0.02948011176132256, 0.017860358844166452, 0.7771237677592676]
Games played: 184
Exploitability: P1=4.600000000 P2=-0.016409552 EV: (-0.38760312694925214, 0.38760312694925214) P1 Winnings: -62.0
Choosing model 4
[0.17553389652433388, 2.120438412818026e-06, 0.029480167140392224, 0.01786040677294424, 0.7771234091239168]
Games played: 185
Exploitability: P1=2.600000000 P2=-0.016409552 EV: (-0.017576071632116812, 0.017576071632116812) P1 Winnings: -71.0
Choosing model 0
[0.15962631656322918, 1.323036213959391e-06, 0.02592082540512307, 0.014620445753238058, 0.7998310892421957]
Games played: 186
Exploitability: P1=1.900000000 P2=-0.016409552 EV: (-0.08631456788476484, 0.08631456788476484) P1 Winnings: -71.0
Choosing model 2
[0.1642815394095946, 1.4578554211613496e-06, 0.02690097474273342, 0.015416895257018948, 0.7933991327352318]
Games played: 187
Exploitability: P1=4.600000000 P2=-0.016409552 EV: (-0.38760312694925214, 0.38760312694925214) P1 Winnings: -72.0
Choosing model 0
[0.1554684456781641, 1.0640321156613242e-06, 0.025045380171788974, 0.01342659068037211, 0.8060585194375591]
Games played: 188
Exploitability: P1=1.900000000 P2=-0.016409552 EV: (-0.08631456788476484, 0.08631456788476484) P1 Winnings: -69.0
Choosing model 4
[0.1679773837146188, 1.1869608768027007e-06, 0.028653030433405138, 0.013117140779686991, 0.7902512581114123]
Games played: 189
Exploitability: P1=2.600000000 P2=-0.016409552 EV: (-0.017576071632116812, 0.017576071632116812) P1 Winnings: -68.0
Choosing model 4
[0.187639598349759, 1.832587448628903e-06, 0.03316473072936016, 0.016290397379425926, 0.7629034409540063]
Games played: 190
Exploitability: P1=2.600000000 P2=-0.016409552 EV: (-0.017576071632116812, 0.017576071632116812) P1 Winnings: -63.0
Choosing model 0
[0.20182106987408058, 2.0350722349687783e-06, 0.03777051109553152, 0.015843041580866468, 0.7445633423772864]
Games played: 191
Exploitability: P1=1.900000000 P2=-0.016409552 EV: (-0.08631456788476484, 0.08631456788476484) P1 Winnings: -62.0
Choosing model 2
[0.23396997042884524, 2.7862173138466256e-06, 0.04850411980874531, 0.016506025836189566, 0.701017097708906]
Games played: 192
Exploitability: P1=4.600000000 P2=-0.016409552 EV: (-0.38760312694925214, 0.38760312694925214) P1 Winnings: -57.0
Choosing model 0
[0.20421162326052059, 2.9890227311393014e-06, 0.03227496943492983, 0.023261608129454634, 0.7402488101523639]
Games played: 193
Exploitability: P1=1.900000000 P2=-0.016409552 EV: (-0.08631456788476484, 0.08631456788476484) P1 Winnings: -70.0
Choosing model 4
[0.21932049774581133, 3.314370807318918e-06, 0.0367027817808661, 0.022589331292289055, 0.7213840748102262]
Games played: 194
Exploitability: P1=2.600000000 P2=-0.016409552 EV: (-0.017576071632116812, 0.017576071632116812) P1 Winnings: -69.0
Choosing model 4
[0.2249935291396475, 3.640410454931848e-06, 0.03796861059227901, 0.023743580815554145, 0.7132906390420645]
Games played: 195
Exploitability: P1=2.600000000 P2=-0.016409552 EV: (-0.017576071632116812, 0.017576071632116812) P1 Winnings: -70.0
Choosing model 4
[0.22075948694719577, 3.2248965566660784e-06, 0.03695638624821048, 0.022704507038354204, 0.7195763948696828]
Games played: 196
Exploitability: P1=2.600000000 P2=-0.016409552 EV: (-0.017576071632116812, 0.017576071632116812) P1 Winnings: -73.0
Choosing model 4
[0.18189650182979172, 2.0618500514260668e-06, 0.023943749005477254, 0.023166997148270405, 0.7709906901664091]
Games played: 197
Exploitability: P1=2.600000000 P2=-0.016409552 EV: (-0.017576071632116812, 0.017576071632116812) P1 Winnings: -66.0
Choosing model 0
[0.17369340115619816, 1.595201589019295e-06, 0.022469891230592943, 0.02093349039028912, 0.7829016220213307]
Games played: 198
Exploitability: P1=1.900000000 P2=-0.016409552 EV: (-0.08631456788476484, 0.08631456788476484) P1 Winnings: -67.0
Choosing model 4
[0.17862314399415372, 1.7564202532229642e-06, 0.02330184442920114, 0.02205708383266657, 0.7760161713237254]
Games played: 199
Exploitability: P1=2.600000000 P2=-0.016409552 EV: (-0.017576071632116812, 0.017576071632116812) P1 Winnings: -68.0
Choosing model 4
[0.17638773714971928, 1.5396371410427197e-06, 0.02285096258852856, 0.021254559919918422, 0.7795052007046926]
Games played: 200
Exploitability: P1=2.600000000 P2=-0.016409552 EV: (-0.017576071632116812, 0.017576071632116812) P1 Winnings: -68.0
