Player 1 exploitability: 0.013147250996
Choosing model 4
[0.19999996719993904, 0.2000001452002699, 0.19999998959998067, 0.20000003200005947, 0.1999998659997509]
Games played: 1
Exploitability: P1=2.600000000 P2=-0.072504763 EV: (-0.07734762497673119, 0.07734762497673119) P1 Winnings: -1
Choosing model 2
[0.20418168520680488, 0.1843458044411016, 0.20255001366508057, 0.19899100114834795, 0.209931495538665]
Games played: 2
Exploitability: P1=4.600000000 P2=-0.072504763 EV: (-0.14384254192367366, 0.14384254192367366) P1 Winnings: -4
Choosing model 4
[0.1905540828555813, 0.2377877452791757, 0.1958691337520773, 0.20646846637855376, 0.16932057173461196]
Games played: 3
Exploitability: P1=2.600000000 P2=-0.072504763 EV: (-0.07734762497673119, 0.07734762497673119) P1 Winnings: 1.0
Choosing model 4
[0.20034350694300604, 0.20255641659141882, 0.2023824561437067, 0.2054109896029585, 0.18930663071891]
Games played: 4
Exploitability: P1=2.600000000 P2=-0.072504763 EV: (-0.07734762497673119, 0.07734762497673119) P1 Winnings: 0.0
Choosing model 4
[0.2003434693403315, 0.2025565734330173, 0.20238244264665872, 0.20541102294313318, 0.18930649163685923]
Games played: 5
Exploitability: P1=2.600000000 P2=-0.072504763 EV: (-0.07734762497673119, 0.07734762497673119) P1 Winnings: -3.0
Choosing model 0
[0.18658645520318398, 0.2544780838973537, 0.1952366942558933, 0.21171527523994627, 0.15198349140362283]
Games played: 6
Exploitability: P1=1.900000000 P2=-0.072504763 EV: (-0.08507390355902167, 0.08507390355902167) P1 Winnings: 4.0
Choosing model 3
[0.18201333398419203, 0.19544463735699297, 0.14345827310090392, 0.2784049066568408, 0.20067884890107018]
Games played: 7
Exploitability: P1=1.933333333 P2=-0.072504763 EV: (-0.08773963854720482, 0.08773963854720482) P1 Winnings: 13.0
Choosing model 4
[0.1869136019291285, 0.17816432378459085, 0.14630084745594735, 0.2789895592700765, 0.2096316675602568]
Games played: 8
Exploitability: P1=2.600000000 P2=-0.072504763 EV: (-0.07734762497673119, 0.07734762497673119) P1 Winnings: 10.0
Choosing model 3
[0.19170670363122275, 0.16259018867162636, 0.14940104062406823, 0.2809620220473657, 0.21534004502571696]
Games played: 9
Exploitability: P1=1.933333333 P2=-0.072504763 EV: (-0.08773963854720482, 0.08773963854720482) P1 Winnings: 10.0
Choosing model 0
[0.19820597518004793, 0.17355890044541614, 0.16355636209602828, 0.2626587887082755, 0.2020199735702322]
Games played: 10
Exploitability: P1=1.900000000 P2=-0.072504763 EV: (-0.08507390355902167, 0.08507390355902167) P1 Winnings: 11.0
Choosing model 3
[0.19570137261151338, 0.1834773384201104, 0.1628468943153516, 0.2657180760055413, 0.19225631864748335]
Games played: 11
Exploitability: P1=1.933333333 P2=-0.072504763 EV: (-0.08773963854720482, 0.08773963854720482) P1 Winnings: 16.0
Choosing model 1
[0.1812710866898625, 0.23489397086351765, 0.15629546814967513, 0.2736368796898438, 0.15390259460710093]
Games played: 12
Exploitability: P1=2.800000000 P2=-0.072504763 EV: (-0.12852707768657198, 0.12852707768657198) P1 Winnings: 3.0
Choosing model 1
[0.18128533506621616, 0.20749801770968535, 0.1390208021814108, 0.30009039313597424, 0.17210545190671347]
Games played: 13
Exploitability: P1=2.800000000 P2=-0.072504763 EV: (-0.12852707768657198, 0.12852707768657198) P1 Winnings: -4.0
Choosing model 4
[0.19237125058241103, 0.16894134794568583, 0.14437461971456908, 0.2972956471250693, 0.19701713463226472]
Games played: 14
Exploitability: P1=2.600000000 P2=-0.072504763 EV: (-0.07734762497673119, 0.07734762497673119) P1 Winnings: -3.0
Choosing model 3
[0.20145754550814426, 0.1369373433919368, 0.1479595040917084, 0.29075688371144137, 0.2228887232967692]
Games played: 15
Exploitability: P1=1.933333333 P2=-0.072504763 EV: (-0.08773963854720482, 0.08773963854720482) P1 Winnings: 0.0
Choosing model 2
[0.1785340474497151, 0.2179195211851431, 0.13987529156438303, 0.31233707482767387, 0.15133406497308485]
Games played: 16
Exploitability: P1=4.600000000 P2=-0.072504763 EV: (-0.14384254192367366, 0.14384254192367366) P1 Winnings: -3.0
Choosing model 4
[0.1904405745565142, 0.17835244874726322, 0.14602022240135712, 0.31104335971339775, 0.17414339458146766]
Games played: 17
Exploitability: P1=2.600000000 P2=-0.072504763 EV: (-0.07734762497673119, 0.07734762497673119) P1 Winnings: -2.0
Choosing model 0
[0.1954554053993338, 0.16287126788272474, 0.149214695071246, 0.3134529870183777, 0.17900564462831764]
Games played: 18
Exploitability: P1=1.900000000 P2=-0.072504763 EV: (-0.08507390355902167, 0.08507390355902167) P1 Winnings: -2.0
Choosing model 4
[0.1927561572723619, 0.171974281724368, 0.1483908383306007, 0.31672695354376906, 0.17015176912890037]
Games played: 19
Exploitability: P1=2.600000000 P2=-0.072504763 EV: (-0.07734762497673119, 0.07734762497673119) P1 Winnings: -3.0
Choosing model 3
[0.19771221399696498, 0.15658423222459786, 0.15115268609956864, 0.31701778485623244, 0.17753308282263602]
Games played: 20
Exploitability: P1=1.933333333 P2=-0.072504763 EV: (-0.08773963854720482, 0.08773963854720482) P1 Winnings: -3.0
Choosing model 2
[0.19503703039470563, 0.16538269316619314, 0.15036070829261208, 0.320419725082191, 0.16879984306429807]
Games played: 21
Exploitability: P1=4.600000000 P2=-0.072504763 EV: (-0.14384254192367366, 0.14384254192367366) P1 Winnings: -14.0
Choosing model 3
[0.20603997911158825, 0.13474456872535087, 0.1562697448229283, 0.3115078529557454, 0.1914378543843871]
Games played: 22
Exploitability: P1=1.933333333 P2=-0.072504763 EV: (-0.08773963854720482, 0.08773963854720482) P1 Winnings: -11.0
Choosing model 2
[0.2132924824047931, 0.14401523329121718, 0.17129052134897055, 0.2915801300437998, 0.17982163291121941]
Games played: 23
Exploitability: P1=4.600000000 P2=-0.072504763 EV: (-0.14384254192367366, 0.14384254192367366) P1 Winnings: -10.0
Choosing model 0
[0.2130448386393624, 0.12745440644093933, 0.1574029491951676, 0.30656175159510424, 0.19553605412942637]
Games played: 24
Exploitability: P1=1.900000000 P2=-0.072504763 EV: (-0.08507390355902167, 0.08507390355902167) P1 Winnings: -19.0
Choosing model 0
[0.220561189717157, 0.1362341684636392, 0.1725461686990315, 0.28697292317806106, 0.18368554994211123]
Games played: 25
Exploitability: P1=1.900000000 P2=-0.072504763 EV: (-0.08507390355902167, 0.08507390355902167) P1 Winnings: -18.0
Choosing model 2
[0.21805433767263396, 0.1442049381927642, 0.17201878406600685, 0.2906889965616447, 0.1750329435069502]
Games played: 26
Exploitability: P1=4.600000000 P2=-0.072504763 EV: (-0.14384254192367366, 0.14384254192367366) P1 Winnings: -19.0
Choosing model 4
[0.2153709095890431, 0.15249685632414536, 0.17132987452119772, 0.29417309301636163, 0.1666292665492522]
Games played: 27
Exploitability: P1=2.600000000 P2=-0.072504763 EV: (-0.07734762497673119, 0.07734762497673119) P1 Winnings: -32.0
Choosing model 1
[0.22389436070476706, 0.12768953652563714, 0.17496322831215994, 0.28896796510243083, 0.1844849093550049]
Games played: 28
Exploitability: P1=2.800000000 P2=-0.072504763 EV: (-0.12852707768657198, 0.12852707768657198) P1 Winnings: -32.0
Choosing model 1
[0.22752429949288333, 0.11715370531825638, 0.1763789929351808, 0.2861876199928898, 0.19275538226078964]
Games played: 29
Exploitability: P1=2.800000000 P2=-0.072504763 EV: (-0.12852707768657198, 0.12852707768657198) P1 Winnings: -32.0
Choosing model 1
[0.22752419654519707, 0.11715404758837696, 0.1763789879141751, 0.2861878422280318, 0.192754925724219]
Games played: 30
Exploitability: P1=2.800000000 P2=-0.072504763 EV: (-0.12852707768657198, 0.12852707768657198) P1 Winnings: -41.0
Choosing model 3
[0.23435421836826553, 0.09719429869479922, 0.17846358211239727, 0.2785396375256987, 0.21144826329883923]
Games played: 31
Exploitability: P1=1.933333333 P2=-0.072504763 EV: (-0.08773963854720482, 0.08773963854720482) P1 Winnings: -40.0
Choosing model 0
[0.2422542219647619, 0.10373193560954218, 0.1953361221920597, 0.2603457303624256, 0.19833198987121056]
Games played: 32
Exploitability: P1=1.900000000 P2=-0.072504763 EV: (-0.08507390355902167, 0.08507390355902167) P1 Winnings: -39.0
Choosing model 2
[0.24934752617134634, 0.11023494835800124, 0.21288773811960665, 0.24229756137348393, 0.18523222597756195]
Games played: 33
Exploitability: P1=4.600000000 P2=-0.072504763 EV: (-0.14384254192367366, 0.14384254192367366) P1 Winnings: -38.0
Choosing model 1
[0.24945446344015912, 0.09771392812459491, 0.19593901869920724, 0.2551525032976457, 0.20174008643839306]
Games played: 34
Exploitability: P1=2.800000000 P2=-0.072504763 EV: (-0.12852707768657198, 0.12852707768657198) P1 Winnings: -47.0
Choosing model 2
[0.25528540450657744, 0.08101970309478088, 0.1970632139242264, 0.24708549112056893, 0.21954618735384623]
Games played: 35
Exploitability: P1=4.600000000 P2=-0.072504763 EV: (-0.14384254192367366, 0.14384254192367366) P1 Winnings: -46.0
Choosing model 3
[0.2631204893620332, 0.08621690766188657, 0.2150644465428818, 0.23027182410911193, 0.2053263323240866]
Games played: 36
Exploitability: P1=1.933333333 P2=-0.072504763 EV: (-0.08773963854720482, 0.08773963854720482) P1 Winnings: -45.0
Choosing model 2
[0.2666404195413112, 0.0775573641979752, 0.2164329992971781, 0.22771177097632675, 0.21165744598720881]
Games played: 37
Exploitability: P1=4.600000000 P2=-0.072504763 EV: (-0.14384254192367366, 0.14384254192367366) P1 Winnings: -48.0
Choosing model 2
[0.25622562492724943, 0.10782789446923735, 0.2164180528334819, 0.246499309278211, 0.1730291184918203]
Games played: 38
Exploitability: P1=4.600000000 P2=-0.072504763 EV: (-0.14384254192367366, 0.14384254192367366) P1 Winnings: -57.0
Choosing model 0
[0.25405278996584363, 0.11440877159670874, 0.21759515154518028, 0.2537870658264659, 0.16015622106580152]
Games played: 39
Exploitability: P1=1.900000000 P2=-0.072504763 EV: (-0.08507390355902167, 0.08507390355902167) P1 Winnings: -50.0
Choosing model 0
[0.26667839414214667, 0.08239972365193128, 0.22084545371278447, 0.23980548726908532, 0.19027094122405236]
Games played: 40
Exploitability: P1=1.900000000 P2=-0.072504763 EV: (-0.08507390355902167, 0.08507390355902167) P1 Winnings: -47.0
Choosing model 0
[0.2755051973992914, 0.05840905785203732, 0.2206005315138874, 0.22301252590491832, 0.22247268732986558]
Games played: 41
Exploitability: P1=1.900000000 P2=-0.072504763 EV: (-0.08507390355902167, 0.08507390355902167) P1 Winnings: -54.0
Choosing model 3
[0.2745649093882885, 0.06232379484991691, 0.22169541347963864, 0.22771756366122287, 0.2136983186209331]
Games played: 42
Exploitability: P1=1.933333333 P2=-0.072504763 EV: (-0.08773963854720482, 0.08773963854720482) P1 Winnings: -55.0
Choosing model 4
[0.28204988323810953, 0.06610097932571966, 0.24114151081050203, 0.21151554733829744, 0.19919207928737145]
Games played: 43
Exploitability: P1=2.600000000 P2=-0.072504763 EV: (-0.07734762497673119, 0.07734762497673119) P1 Winnings: -54.0
Choosing model 3
[0.2820498681265335, 0.06610103461417055, 0.24114152489860374, 0.21151560453695917, 0.199191967823733]
Games played: 44
Exploitability: P1=1.933333333 P2=-0.072504763 EV: (-0.08773963854720482, 0.08773963854720482) P1 Winnings: -55.0
Choosing model 2
[0.2690960289222365, 0.10020255979499508, 0.24254222797554825, 0.23588905496039972, 0.15227012834682055]
Games played: 45
Exploitability: P1=4.600000000 P2=-0.072504763 EV: (-0.14384254192367366, 0.14384254192367366) P1 Winnings: -60.0
Choosing model 0
[0.25563577417790184, 0.08767749305294512, 0.18306995313315969, 0.29913349861951355, 0.17448328101647972]
Games played: 46
Exploitability: P1=1.900000000 P2=-0.072504763 EV: (-0.08507390355902167, 0.08507390355902167) P1 Winnings: -73.0
Choosing model 3
[0.2537542428562968, 0.12101281199698635, 0.20107988291478057, 0.28656986805267814, 0.13758319417925824]
Games played: 47
Exploitability: P1=1.933333333 P2=-0.072504763 EV: (-0.08773963854720482, 0.08773963854720482) P1 Winnings: -68.0
Choosing model 3
[0.23832325668339213, 0.16219119770784177, 0.19928033377989868, 0.2928362963122007, 0.10736891551666672]
Games played: 48
Exploitability: P1=1.933333333 P2=-0.072504763 EV: (-0.08773963854720482, 0.08773963854720482) P1 Winnings: -61.0
Choosing model 3
[0.23937386155267282, 0.09344468754648254, 0.1474085648794187, 0.35808213654754595, 0.16169074947388004]
Games played: 49
Exploitability: P1=1.933333333 P2=-0.072504763 EV: (-0.08773963854720482, 0.08773963854720482) P1 Winnings: -54.0
Choosing model 3
[0.17618058304445053, 0.05265271035550639, 0.06272981356413472, 0.49477149521256353, 0.21366539782334468]
Games played: 50
Exploitability: P1=1.933333333 P2=-0.072504763 EV: (-0.08773963854720482, 0.08773963854720482) P1 Winnings: -43.0
Choosing model 3
[0.17879577283154655, 0.0474328499018455, 0.06322032760723406, 0.4899787426267157, 0.2205723070326582]
Games played: 51
Exploitability: P1=1.933333333 P2=-0.072504763 EV: (-0.08773963854720482, 0.08773963854720482) P1 Winnings: -46.0
Choosing model 3
[0.1741922418732866, 0.05662070128436119, 0.06305623231905803, 0.511561309925701, 0.19456951459759314]
Games played: 52
Exploitability: P1=1.933333333 P2=-0.072504763 EV: (-0.08773963854720482, 0.08773963854720482) P1 Winnings: -55.0
Choosing model 3
[0.17245398100066103, 0.060017529695764966, 0.0629516837200579, 0.5189125166603727, 0.1856642889231434]
Games played: 53
Exploitability: P1=1.933333333 P2=-0.072504763 EV: (-0.08773963854720482, 0.08773963854720482) P1 Winnings: -66.0
Choosing model 3
[0.15828626436347576, 0.08752604258499908, 0.060913187707038456, 0.5567345086854987, 0.13653999665898806]
Games played: 54
Exploitability: P1=1.933333333 P2=-0.072504763 EV: (-0.08773963854720482, 0.08773963854720482) P1 Winnings: -66.0
Choosing model 3
[0.16966559989820876, 0.06437249481573618, 0.06313032441822582, 0.537188719280051, 0.1656428615877782]
Games played: 55
Exploitability: P1=1.933333333 P2=-0.072504763 EV: (-0.08773963854720482, 0.08773963854720482) P1 Winnings: -77.0
Choosing model 4
[0.17638768171541316, 0.051798522174221005, 0.06422751512490188, 0.5215541727007756, 0.18603210828468822]
Games played: 56
Exploitability: P1=2.600000000 P2=-0.072504763 EV: (-0.07734762497673119, 0.07734762497673119) P1 Winnings: -74.0
Choosing model 3
[0.18799311721982273, 0.05699859863551435, 0.07248183732217302, 0.5026179511436025, 0.17990849567888736]
Games played: 57
Exploitability: P1=1.933333333 P2=-0.072504763 EV: (-0.08773963854720482, 0.08773963854720482) P1 Winnings: -73.0
Choosing model 3
[0.1972140705933952, 0.041026332568682294, 0.07351915861872844, 0.4746349479359526, 0.21360549028324144]
Games played: 58
Exploitability: P1=1.933333333 P2=-0.072504763 EV: (-0.08773963854720482, 0.08773963854720482) P1 Winnings: -70.0
Choosing model 2
[0.19575200075242533, 0.04360029872929217, 0.07358745066307205, 0.4827030745693356, 0.20435717528587488]
Games played: 59
Exploitability: P1=4.600000000 P2=-0.072504763 EV: (-0.14384254192367366, 0.14384254192367366) P1 Winnings: -81.0
Choosing model 2
[0.2052699464304694, 0.027412896894107922, 0.07349101382007019, 0.4356427664189882, 0.2581833764363642]
Games played: 60
Exploitability: P1=4.600000000 P2=-0.072504763 EV: (-0.14384254192367366, 0.14384254192367366) P1 Winnings: -80.0
Choosing model 4
[0.2044651534675484, 0.029235283710969243, 0.07381813759028914, 0.4446071916500294, 0.24787423358116378]
Games played: 61
Exploitability: P1=2.600000000 P2=-0.072504763 EV: (-0.07734762497673119, 0.07734762497673119) P1 Winnings: -93.0
Choosing model 1
[0.23121425427327472, 0.03847956842854565, 0.09652663256639582, 0.4150813530254481, 0.2186981917063356]
Games played: 62
Exploitability: P1=2.800000000 P2=-0.072504763 EV: (-0.12852707768657198, 0.12852707768657198) P1 Winnings: -90.0
Choosing model 4
[0.23911709757182156, 0.023860125969802238, 0.09507240887302648, 0.3694541995855861, 0.27249616799976356]
Games played: 63
Exploitability: P1=2.600000000 P2=-0.072504763 EV: (-0.07734762497673119, 0.07734762497673119) P1 Winnings: -95.0
Choosing model 0
[0.24152508013538457, 0.018653782544771517, 0.09397552181584266, 0.3485060299825784, 0.2973395855214229]
Games played: 64
Exploitability: P1=1.900000000 P2=-0.072504763 EV: (-0.08507390355902167, 0.08507390355902167) P1 Winnings: -92.0
Choosing model 0
[0.19190827172662486, 0.01821765135102773, 0.05692631873190773, 0.4471144168290069, 0.28583334136143274]
Games played: 65
Exploitability: P1=1.900000000 P2=-0.072504763 EV: (-0.08507390355902167, 0.08507390355902167) P1 Winnings: -97.0
Choosing model 3
[0.20532967429638518, 0.020124426933725098, 0.06449194881593413, 0.43255523427564085, 0.27749871567831474]
Games played: 66
Exploitability: P1=1.933333333 P2=-0.072504763 EV: (-0.08773963854720482, 0.08773963854720482) P1 Winnings: -96.0
Choosing model 2
[0.2083648644423346, 0.012244548457886908, 0.0623289205009877, 0.3777858319920233, 0.3392758346067674]
Games played: 67
Exploitability: P1=4.600000000 P2=-0.072504763 EV: (-0.14384254192367366, 0.14384254192367366) P1 Winnings: -97.0
Choosing model 4
[0.20772089395999774, 0.01687148231630018, 0.06438393837726554, 0.4187166450679819, 0.2923070402784545]
Games played: 68
Exploitability: P1=2.600000000 P2=-0.072504763 EV: (-0.07734762497673119, 0.07734762497673119) P1 Winnings: -106.0
Choosing model 0
[0.2077208918862222, 0.016871497163513712, 0.06438394494550596, 0.41871677655220246, 0.2923068894525555]
Games played: 69
Exploitability: P1=1.900000000 P2=-0.072504763 EV: (-0.08507390355902167, 0.08507390355902167) P1 Winnings: -107.0
Choosing model 3
[0.20969197102078307, 0.013182501204523293, 0.06360450107628783, 0.3947481198269428, 0.3187729068714631]
Games played: 70
Exploitability: P1=1.933333333 P2=-0.072504763 EV: (-0.08773963854720482, 0.08773963854720482) P1 Winnings: -107.0
Choosing model 0
[0.18327631723100862, 0.012805037388518363, 0.04685785062297724, 0.4579754075727077, 0.299085387184788]
Games played: 71
Exploitability: P1=1.900000000 P2=-0.072504763 EV: (-0.08507390355902167, 0.08507390355902167) P1 Winnings: -98.0
Choosing model 0
[0.18295606679559903, 0.01368610190489865, 0.04716911713608542, 0.468419169802089, 0.2877695443613279]
Games played: 72
Exploitability: P1=1.900000000 P2=-0.072504763 EV: (-0.08507390355902167, 0.08507390355902167) P1 Winnings: -99.0
Choosing model 4
[0.18250323120306494, 0.014617123778528257, 0.04744783488497205, 0.47875181770202574, 0.2766799924314091]
Games played: 73
Exploitability: P1=2.600000000 P2=-0.072504763 EV: (-0.07734762497673119, 0.07734762497673119) P1 Winnings: -94.0
Choosing model 3
[0.15582084369451094, 0.013869966166633314, 0.0341461197358817, 0.542578985828998, 0.25358408457397613]
Games played: 74
Exploitability: P1=1.933333333 P2=-0.072504763 EV: (-0.08773963854720482, 0.08773963854720482) P1 Winnings: -85.0
Choosing model 3
[0.1514349398358404, 0.0181833986465656, 0.03437364482308145, 0.5835620369686686, 0.212445979725844]
Games played: 75
Exploitability: P1=1.933333333 P2=-0.072504763 EV: (-0.08773963854720482, 0.08773963854720482) P1 Winnings: -78.0
Choosing model 3
[0.11635683846464741, 0.009616718134264061, 0.019016702969675347, 0.6081496989736292, 0.24686004145778398]
Games played: 76
Exploitability: P1=1.933333333 P2=-0.072504763 EV: (-0.08773963854720482, 0.08773963854720482) P1 Winnings: -71.0
Choosing model 3
[0.093976571931737, 0.013520241079598478, 0.01406082690162545, 0.7046169698262305, 0.17382539026080862]
Games played: 77
Exploitability: P1=1.933333333 P2=-0.072504763 EV: (-0.08773963854720482, 0.08773963854720482) P1 Winnings: -58.0
Choosing model 3
[0.10240834384769094, 0.015211543771683555, 0.01622411374188381, 0.6942785001273114, 0.17187749851143025]
Games played: 78
Exploitability: P1=1.933333333 P2=-0.072504763 EV: (-0.08773963854720482, 0.08773963854720482) P1 Winnings: -57.0
Choosing model 3
[0.09655052925273448, 0.019821988909968044, 0.015849389228035395, 0.727732632016142, 0.14004546059312012]
Games played: 79
Exploitability: P1=1.933333333 P2=-0.072504763 EV: (-0.08773963854720482, 0.08773963854720482) P1 Winnings: -52.0
Choosing model 4
[0.10050503370210977, 0.01620248357088095, 0.016167502809762518, 0.7104351399878539, 0.15668983992939287]
Games played: 80
Exploitability: P1=2.600000000 P2=-0.072504763 EV: (-0.07734762497673119, 0.07734762497673119) P1 Winnings: -55.0
Choosing model 3
[0.11868300249627824, 0.02226946988122421, 0.02207661206673541, 0.6926065342403757, 0.1443643813153865]
Games played: 81
Exploitability: P1=1.933333333 P2=-0.072504763 EV: (-0.08773963854720482, 0.08773963854720482) P1 Winnings: -52.0
Choosing model 4
[0.12358933321654647, 0.017949192549082952, 0.022497462382626243, 0.6735613114186768, 0.16240270043306762]
Games played: 82
Exploitability: P1=2.600000000 P2=-0.072504763 EV: (-0.07734762497673119, 0.07734762497673119) P1 Winnings: -49.0
Choosing model 3
[0.12737104883606834, 0.014987671842959741, 0.022786263573377763, 0.6568705624943777, 0.17798445325321643]
Games played: 83
Exploitability: P1=1.933333333 P2=-0.072504763 EV: (-0.08773963854720482, 0.08773963854720482) P1 Winnings: -50.0
Choosing model 4
[0.1317186144878265, 0.011996461859179306, 0.023059940859767765, 0.6343870562763791, 0.19883792651684723]
Games played: 84
Exploitability: P1=2.600000000 P2=-0.072504763 EV: (-0.07734762497673119, 0.07734762497673119) P1 Winnings: -50.0
Choosing model 3
[0.13127565074763606, 0.012023058366856553, 0.02315433198511561, 0.6437639390726936, 0.18978301982769827]
Games played: 85
Exploitability: P1=1.933333333 P2=-0.072504763 EV: (-0.08773963854720482, 0.08773963854720482) P1 Winnings: -47.0
Choosing model 3
[0.13476266401321374, 0.00994119677222597, 0.02334937378310583, 0.6244572232845069, 0.20748954214694762]
Games played: 86
Exploitability: P1=1.933333333 P2=-0.072504763 EV: (-0.08773963854720482, 0.08773963854720482) P1 Winnings: -47.0
Choosing model 2
[0.13476264818504613, 0.009941205168059639, 0.023349373865950405, 0.6244573685010693, 0.2074894042798745]
Games played: 87
Exploitability: P1=4.600000000 P2=-0.072504763 EV: (-0.14384254192367366, 0.14384254192367366) P1 Winnings: -50.0
Choosing model 3
[0.13062082269178027, 0.005082671434782043, 0.019097469420945916, 0.5731507154184536, 0.2720483210340382]
Games played: 88
Exploitability: P1=1.933333333 P2=-0.072504763 EV: (-0.08773963854720482, 0.08773963854720482) P1 Winnings: -55.0
Choosing model 0
[0.1509029343731181, 0.005052258928622566, 0.023894621529463752, 0.537415638260558, 0.28273454690823757]
Games played: 89
Exploitability: P1=1.900000000 P2=-0.072504763 EV: (-0.08507390355902167, 0.08507390355902167) P1 Winnings: -52.0
Choosing model 0
[0.15036846968916437, 0.005390178505795461, 0.024010111089652546, 0.5486829075313099, 0.2715483331840778]
Games played: 90
Exploitability: P1=1.900000000 P2=-0.072504763 EV: (-0.08507390355902167, 0.08507390355902167) P1 Winnings: -53.0
Choosing model 3
[0.15251069885830676, 0.004403368041303086, 0.023921878186660882, 0.5258424015333727, 0.29332165338035665]
Games played: 91
Exploitability: P1=1.933333333 P2=-0.072504763 EV: (-0.08773963854720482, 0.08773963854720482) P1 Winnings: -53.0
Choosing model 3
[0.16505334805801136, 0.004920192845424753, 0.02741281772097442, 0.5145700489080559, 0.28804359246753364]
Games played: 92
Exploitability: P1=1.933333333 P2=-0.072504763 EV: (-0.08773963854720482, 0.08773963854720482) P1 Winnings: -52.0
Choosing model 3
[0.18847362432503098, 0.004834111495065605, 0.03390150548973494, 0.4768995785704981, 0.29589118011967047]
Games played: 93
Exploitability: P1=1.933333333 P2=-0.072504763 EV: (-0.08773963854720482, 0.08773963854720482) P1 Winnings: -49.0
Choosing model 4
[0.20286474923895573, 0.005372120940443633, 0.03863753110416691, 0.464138740365164, 0.28898685835126975]
Games played: 94
Exploitability: P1=2.600000000 P2=-0.072504763 EV: (-0.07734762497673119, 0.07734762497673119) P1 Winnings: -48.0
Choosing model 3
[0.20460598628680718, 0.0043641114764408975, 0.03828059584620828, 0.4423338820479272, 0.3104154243426163]
Games played: 95
Exploitability: P1=1.933333333 P2=-0.072504763 EV: (-0.08773963854720482, 0.08773963854720482) P1 Winnings: -47.0
Choosing model 4
[0.20599676438618203, 0.0033711836094440337, 0.03771849193717526, 0.415768165402631, 0.33714539466456767]
Games played: 96
Exploitability: P1=2.600000000 P2=-0.072504763 EV: (-0.07734762497673119, 0.07734762497673119) P1 Winnings: -47.0
Choosing model 2
[0.20586927939198169, 0.002311618290382812, 0.03644692158565938, 0.37403147315530344, 0.38134070757667266]
Games played: 97
Exploitability: P1=4.600000000 P2=-0.072504763 EV: (-0.14384254192367366, 0.14384254192367366) P1 Winnings: -47.0
Choosing model 4
[0.20831167218038257, 0.0024955100644548957, 0.03738415649054191, 0.38218677131816003, 0.3696218899464605]
Games played: 98
Exploitability: P1=2.600000000 P2=-0.072504763 EV: (-0.07734762497673119, 0.07734762497673119) P1 Winnings: -42.0
Choosing model 3
[0.20828009171852732, 0.0022527322075664414, 0.03707978312420542, 0.3724142738053368, 0.3799731191443641]
Games played: 99
Exploitability: P1=1.933333333 P2=-0.072504763 EV: (-0.08773963854720482, 0.08773963854720482) P1 Winnings: -45.0
Choosing model 0
[0.20828010647447306, 0.0022527345342977247, 0.03707979023784623, 0.37241443053489265, 0.3799729382184903]
Games played: 100
Exploitability: P1=1.900000000 P2=-0.072504763 EV: (-0.08507390355902167, 0.08507390355902167) P1 Winnings: -48.0
Choosing model 3
[0.13247570332363143, 0.0019373357808653835, 0.014724999000352658, 0.5100313681449727, 0.3408305937501779]
Games played: 101
Exploitability: P1=1.933333333 P2=-0.072504763 EV: (-0.08773963854720482, 0.08773963854720482) P1 Winnings: -35.0
Choosing model 0
[0.1309034739979662, 0.002645906293621401, 0.015076566405509736, 0.5603129271199337, 0.291061126182969]
Games played: 102
Exploitability: P1=1.900000000 P2=-0.072504763 EV: (-0.08507390355902167, 0.08507390355902167) P1 Winnings: -35.0
Choosing model 3
[0.130437509469171, 0.002822826575243179, 0.01514916444309837, 0.5720500145821924, 0.2795404849302951]
Games played: 103
Exploitability: P1=1.933333333 P2=-0.072504763 EV: (-0.08773963854720482, 0.08773963854720482) P1 Winnings: -30.0
Choosing model 3
[0.1417351209212068, 0.0031668849779467934, 0.01743002608601298, 0.5620485812065602, 0.27561938680827325]
Games played: 104
Exploitability: P1=1.933333333 P2=-0.072504763 EV: (-0.08773963854720482, 0.08773963854720482) P1 Winnings: -29.0
Choosing model 0
[0.1395957013545222, 0.0038216536014819814, 0.017574877933975133, 0.593222086951139, 0.24578568015888166]
Games played: 105
Exploitability: P1=1.900000000 P2=-0.072504763 EV: (-0.08507390355902167, 0.08507390355902167) P1 Winnings: -38.0
Choosing model 3
[0.1420562371258888, 0.0031509321375444307, 0.017576423379537614, 0.5712395631785034, 0.2659768441785257]
Games played: 106
Exploitability: P1=1.933333333 P2=-0.072504763 EV: (-0.08773963854720482, 0.08773963854720482) P1 Winnings: -37.0
Choosing model 3
[0.10121803705721016, 0.0027595005536936133, 0.00954761682448123, 0.6571927019252439, 0.22928214363937102]
Games played: 107
Exploitability: P1=1.933333333 P2=-0.072504763 EV: (-0.08773963854720482, 0.08773963854720482) P1 Winnings: -42.0
Choosing model 3
[0.11044491470339729, 0.003108790176463247, 0.011031058078132044, 0.6484036032948883, 0.22701163374711908]
Games played: 108
Exploitability: P1=1.933333333 P2=-0.072504763 EV: (-0.08773963854720482, 0.08773963854720482) P1 Winnings: -41.0
Choosing model 3
[0.12036174576454074, 0.0034978990941878516, 0.01272900045102472, 0.6389296582779498, 0.2244816964122968]
Games played: 109
Exploitability: P1=1.933333333 P2=-0.072504763 EV: (-0.08773963854720482, 0.08773963854720482) P1 Winnings: -40.0
Choosing model 4
[0.11290353618682937, 0.005213333578300764, 0.01258772770847977, 0.7005773686783596, 0.1687180338480304]
Games played: 110
Exploitability: P1=2.600000000 P2=-0.072504763 EV: (-0.07734762497673119, 0.07734762497673119) P1 Winnings: -40.0
Choosing model 3
[0.1172550625928565, 0.004087981852552179, 0.012782695829947819, 0.6768764559993967, 0.18899780372524666]
Games played: 111
Exploitability: P1=1.933333333 P2=-0.072504763 EV: (-0.08773963854720482, 0.08773963854720482) P1 Winnings: -40.0
Choosing model 3
[0.12097720881669895, 0.003264552706936412, 0.01290633907436982, 0.6521980534793844, 0.21065384592261055]
Games played: 112
Exploitability: P1=1.933333333 P2=-0.072504763 EV: (-0.08773963854720482, 0.08773963854720482) P1 Winnings: -47.0
Choosing model 3
[0.12177772168504795, 0.0030569577052376824, 0.012992027801740464, 0.6533216237408661, 0.20885166906710786]
Games played: 113
Exploitability: P1=1.933333333 P2=-0.072504763 EV: (-0.08773963854720482, 0.08773963854720482) P1 Winnings: -50.0
Choosing model 4
[0.13252083653752986, 0.0034346213564313667, 0.01497020135765729, 0.6428479022178856, 0.20622643853049588]
Games played: 114
Exploitability: P1=2.600000000 P2=-0.072504763 EV: (-0.07734762497673119, 0.07734762497673119) P1 Winnings: -49.0
Choosing model 3
[0.1325208221370437, 0.003434624040024259, 0.014970201407573755, 0.6428480406454062, 0.20622631176995193]
Games played: 115
Exploitability: P1=1.933333333 P2=-0.072504763 EV: (-0.08773963854720482, 0.08773963854720482) P1 Winnings: -50.0
Choosing model 3
[0.12672774829156003, 0.00453964009962512, 0.01483363104795504, 0.6834625746191935, 0.17043640594166637]
Games played: 116
Exploitability: P1=1.933333333 P2=-0.072504763 EV: (-0.08773963854720482, 0.08773963854720482) P1 Winnings: -50.0
Choosing model 3
[0.11028196538630289, 0.004486833242237561, 0.01119379421114935, 0.7171623595080555, 0.15687504765225466]
Games played: 117
Exploitability: P1=1.933333333 P2=-0.072504763 EV: (-0.08773963854720482, 0.08773963854720482) P1 Winnings: -45.0
Choosing model 3
[0.11641682143001753, 0.0032497783336184792, 0.011425203524559611, 0.6814821685926054, 0.1874260281191991]
Games played: 118
Exploitability: P1=1.933333333 P2=-0.072504763 EV: (-0.08773963854720482, 0.08773963854720482) P1 Winnings: -45.0
Choosing model 3
[0.12679729312920274, 0.003654442186779504, 0.013176272461805083, 0.6711407607453947, 0.18523123147681791]
Games played: 119
Exploitability: P1=1.933333333 P2=-0.072504763 EV: (-0.08773963854720482, 0.08773963854720482) P1 Winnings: -44.0
Choosing model 4
[0.13790656379285002, 0.004103639133170412, 0.015174063539937995, 0.660014451850626, 0.18280128168341556]
Games played: 120
Exploitability: P1=2.600000000 P2=-0.072504763 EV: (-0.07734762497673119, 0.07734762497673119) P1 Winnings: -43.0
Choosing model 3
[0.1312052498536071, 0.005396226723135092, 0.014958926080880756, 0.6981336479628673, 0.15030594937950978]
Games played: 121
Exploitability: P1=1.933333333 P2=-0.072504763 EV: (-0.08773963854720482, 0.08773963854720482) P1 Winnings: -48.0
Choosing model 3
[0.1425750758620892, 0.0060541851571109, 0.01721183568831535, 0.6859553428897949, 0.1482035604026896]
Games played: 122
Exploitability: P1=1.933333333 P2=-0.072504763 EV: (-0.08773963854720482, 0.08773963854720482) P1 Winnings: -47.0
Choosing model 3
[0.14444341131632304, 0.005457415530750206, 0.01736167828643226, 0.6823595033707599, 0.15037799149573475]
Games played: 123
Exploitability: P1=1.933333333 P2=-0.072504763 EV: (-0.08773963854720482, 0.08773963854720482) P1 Winnings: -52.0
Choosing model 3
[0.14962616977296633, 0.00437562014149037, 0.01759989938419235, 0.6601174286550413, 0.16828088204630956]
Games played: 124
Exploitability: P1=1.933333333 P2=-0.072504763 EV: (-0.08773963854720482, 0.08773963854720482) P1 Winnings: -59.0
Choosing model 4
[0.15421357024535148, 0.0035412440021585743, 0.017775526677893984, 0.6380513953883992, 0.18641826368619693]
Games played: 125
Exploitability: P1=2.600000000 P2=-0.072504763 EV: (-0.07734762497673119, 0.07734762497673119) P1 Winnings: -62.0
Choosing model 3
[0.16712018133196557, 0.00396218975174716, 0.02039685274456586, 0.6252113354553166, 0.18330944071640495]
Games played: 126
Exploitability: P1=1.933333333 P2=-0.072504763 EV: (-0.08773963854720482, 0.08773963854720482) P1 Winnings: -61.0
Choosing model 4
[0.15580649975815222, 0.005869229807747583, 0.020047203792736733, 0.681345679026203, 0.13693138761516052]
Games played: 127
Exploitability: P1=2.600000000 P2=-0.072504763 EV: (-0.07734762497673119, 0.07734762497673119) P1 Winnings: -66.0
Choosing model 3
[0.16376386886269925, 0.004964320272559594, 0.020917722873410594, 0.6591096770929977, 0.1512444108983327]
Games played: 128
Exploitability: P1=1.933333333 P2=-0.072504763 EV: (-0.08773963854720482, 0.08773963854720482) P1 Winnings: -65.0
Choosing model 3
[0.16609397328750544, 0.004469457995178193, 0.021068505545937193, 0.6523292260181303, 0.1560388371532489]
Games played: 129
Exploitability: P1=1.933333333 P2=-0.072504763 EV: (-0.08773963854720482, 0.08773963854720482) P1 Winnings: -68.0
Choosing model 3
[0.16278621539709628, 0.004845866093305444, 0.02100269385204717, 0.6702007725777333, 0.1411644520798178]
Games played: 130
Exploitability: P1=1.933333333 P2=-0.072504763 EV: (-0.08773963854720482, 0.08773963854720482) P1 Winnings: -68.0
Choosing model 0
[0.1651742800649053, 0.004364710953398118, 0.021163297612897935, 0.6635949680302337, 0.1457027433385651]
Games played: 131
Exploitability: P1=1.900000000 P2=-0.072504763 EV: (-0.08507390355902167, 0.08507390355902167) P1 Winnings: -71.0
Choosing model 3
[0.1709184086420112, 0.0034957831098304144, 0.021430800876435306, 0.6412798400134648, 0.16287516735825824]
Games played: 132
Exploitability: P1=1.933333333 P2=-0.072504763 EV: (-0.08773963854720482, 0.08773963854720482) P1 Winnings: -71.0
Choosing model 3
[0.1838699500509721, 0.001959096751363336, 0.02177440620062225, 0.5766762160064859, 0.2157203309905566]
Games played: 133
Exploitability: P1=1.933333333 P2=-0.072504763 EV: (-0.08773963854720482, 0.08773963854720482) P1 Winnings: -74.0
Choosing model 3
[0.1985378790451019, 0.002184045171226824, 0.024895068005616257, 0.5630274048373314, 0.21135560294072364]
Games played: 134
Exploitability: P1=1.933333333 P2=-0.072504763 EV: (-0.08773963854720482, 0.08773963854720482) P1 Winnings: -73.0
Choosing model 4
[0.20220622924226714, 0.0017916413441502919, 0.02490703570127521, 0.5418403296116676, 0.22925476410063977]
Games played: 135
Exploitability: P1=2.600000000 P2=-0.072504763 EV: (-0.07734762497673119, 0.07734762497673119) P1 Winnings: -73.0
Choosing model 3
[0.19612114156219645, 0.0024017930238883767, 0.025031343373517274, 0.584278661399901, 0.1921670606404969]
Games played: 136
Exploitability: P1=1.933333333 P2=-0.072504763 EV: (-0.08773963854720482, 0.08773963854720482) P1 Winnings: -68.0
Choosing model 3
[0.1730081165728056, 0.002065358917234769, 0.019091963244955285, 0.621092513477967, 0.18474204778703732]
Games played: 137
Exploitability: P1=1.933333333 P2=-0.072504763 EV: (-0.08773963854720482, 0.08773963854720482) P1 Winnings: -68.0
Choosing model 3
[0.12214169615916175, 0.0017922022558136943, 0.010275783670471671, 0.7079957978867288, 0.15779452002782413]
Games played: 138
Exploitability: P1=1.933333333 P2=-0.072504763 EV: (-0.08773963854720482, 0.08773963854720482) P1 Winnings: -59.0
Choosing model 3
[0.12372777433362005, 0.0016153531090805323, 0.01036402840360102, 0.7042019286108032, 0.16009091554289503]
Games played: 139
Exploitability: P1=1.933333333 P2=-0.072504763 EV: (-0.08773963854720482, 0.08773963854720482) P1 Winnings: -59.0
Choosing model 3
[0.12555041676821574, 0.001455049316241727, 0.010443909355001625, 0.6973029973237018, 0.16524762723683917]
Games played: 140
Exploitability: P1=1.933333333 P2=-0.072504763 EV: (-0.08773963854720482, 0.08773963854720482) P1 Winnings: -62.0
Choosing model 4
[0.13026443866973542, 0.0011398686601828798, 0.010595509958041899, 0.6730673001096291, 0.18493288260241064]
Games played: 141
Exploitability: P1=2.600000000 P2=-0.072504763 EV: (-0.07734762497673119, 0.07734762497673119) P1 Winnings: -59.0
Choosing model 3
[0.13201828820708184, 0.0010254684929462995, 0.010663840242135951, 0.6656410244522162, 0.19065137860561981]
Games played: 142
Exploitability: P1=1.933333333 P2=-0.072504763 EV: (-0.08773963854720482, 0.08773963854720482) P1 Winnings: -59.0
Choosing model 4
[0.13535668160554143, 0.0008468494889321619, 0.010740309722602124, 0.6448761596717997, 0.20817999951112465]
Games played: 143
Exploitability: P1=2.600000000 P2=-0.072504763 EV: (-0.07734762497673119, 0.07734762497673119) P1 Winnings: -59.0
Choosing model 4
[0.16045348746611574, 0.0011684315356302465, 0.014722278793408898, 0.6311131404467027, 0.19254266175814239]
Games played: 144
Exploitability: P1=2.600000000 P2=-0.072504763 EV: (-0.07734762497673119, 0.07734762497673119) P1 Winnings: -56.0
Choosing model 3
[0.16045346985745582, 0.0011684324473090271, 0.014722278826639058, 0.6311132756674517, 0.1925425432011444]
Games played: 145
Exploitability: P1=1.933333333 P2=-0.072504763 EV: (-0.08773963854720482, 0.08773963854720482) P1 Winnings: -57.0
Choosing model 3
[0.14476242454993762, 0.002082454785239623, 0.014304850528406155, 0.7105725061963908, 0.1282777639400258]
Games played: 146
Exploitability: P1=1.933333333 P2=-0.072504763 EV: (-0.08773963854720482, 0.08773963854720482) P1 Winnings: -50.0
Choosing model 0
[0.176386852075592, 0.0037101809423069074, 0.022162009590767372, 0.695539348287437, 0.10220160910389668]
Games played: 147
Exploitability: P1=1.900000000 P2=-0.072504763 EV: (-0.08507390355902167, 0.08507390355902167) P1 Winnings: -45.0
Choosing model 3
[0.1942880020008474, 0.0021851753178821396, 0.023039497026506248, 0.6405345875483216, 0.13995273810644265]
Games played: 148
Exploitability: P1=1.933333333 P2=-0.072504763 EV: (-0.08773963854720482, 0.08773963854720482) P1 Winnings: -46.0
Choosing model 3
[0.22411908261401123, 0.0021688396002083393, 0.028783586720258093, 0.5996966606423431, 0.14523183042317922]
Games played: 149
Exploitability: P1=1.933333333 P2=-0.072504763 EV: (-0.08773963854720482, 0.08773963854720482) P1 Winnings: -43.0
Choosing model 3
[0.22674857013498884, 0.0019811129767509867, 0.02888857206581214, 0.5913081485891721, 0.1510735962332759]
Games played: 150
Exploitability: P1=1.933333333 P2=-0.072504763 EV: (-0.08773963854720482, 0.08773963854720482) P1 Winnings: -40.0
Choosing model 3
[0.23328624450573526, 0.001577598158256025, 0.029085684841861532, 0.5681415130584425, 0.16790895943570464]
Games played: 151
Exploitability: P1=1.933333333 P2=-0.072504763 EV: (-0.08773963854720482, 0.08773963854720482) P1 Winnings: -37.0
Choosing model 3
[0.2503651660850843, 0.0017480517077753553, 0.033052053199022956, 0.5513230756149876, 0.1635116533931298]
Games played: 152
Exploitability: P1=1.933333333 P2=-0.072504763 EV: (-0.08773963854720482, 0.08773963854720482) P1 Winnings: -36.0
Choosing model 3
[0.25663180204563196, 0.0013868625389735685, 0.033154589571088515, 0.5277652902995298, 0.18106145554477618]
Games played: 153
Exploitability: P1=1.933333333 P2=-0.072504763 EV: (-0.08773963854720482, 0.08773963854720482) P1 Winnings: -33.0
Choosing model 3
[0.26223656819432445, 0.0010968796136389938, 0.033153935921338355, 0.5036417640578652, 0.199870852212833]
Games played: 154
Exploitability: P1=1.933333333 P2=-0.072504763 EV: (-0.08773963854720482, 0.08773963854720482) P1 Winnings: -40.0
Choosing model 4
[0.2728232823094242, 0.0005944791521588818, 0.03257686381907193, 0.4379983239430387, 0.2560070507763063]
Games played: 155
Exploitability: P1=2.600000000 P2=-0.072504763 EV: (-0.07734762497673119, 0.07734762497673119) P1 Winnings: -43.0
Choosing model 3
[0.291395170251253, 0.0006555573040199035, 0.03684211625674251, 0.4229979304064916, 0.24810922578149297]
Games played: 156
Exploitability: P1=1.933333333 P2=-0.072504763 EV: (-0.08773963854720482, 0.08773963854720482) P1 Winnings: -42.0
Choosing model 4
[0.2926020646636495, 0.0005943219700991956, 0.036699069247753416, 0.4139518157497825, 0.2561527283687152]
Games played: 157
Exploitability: P1=2.600000000 P2=-0.072504763 EV: (-0.07734762497673119, 0.07734762497673119) P1 Winnings: -39.0
Choosing model 4
[0.29367725228386554, 0.0005385559077100119, 0.03653956863777195, 0.40491067459852675, 0.26433394857212583]
Games played: 158
Exploitability: P1=2.600000000 P2=-0.072504763 EV: (-0.07734762497673119, 0.07734762497673119) P1 Winnings: -42.0
Choosing model 3
[0.29492697012658137, 0.0003242808358020745, 0.03494772572773548, 0.34997312062525077, 0.3198279026846303]
Games played: 159
Exploitability: P1=1.933333333 P2=-0.072504763 EV: (-0.08773963854720482, 0.08773963854720482) P1 Winnings: -42.0
Choosing model 0
[0.3141136080582204, 0.00035658794556176046, 0.03941173531275897, 0.33703253456338905, 0.30908553412006984]
Games played: 160
Exploitability: P1=1.900000000 P2=-0.072504763 EV: (-0.08507390355902167, 0.08507390355902167) P1 Winnings: -41.0
Choosing model 3
[0.31490970763984716, 0.0003827581157652383, 0.03984371025186378, 0.3461968885203148, 0.298666935472209]
Games played: 161
Exploitability: P1=1.933333333 P2=-0.072504763 EV: (-0.08773963854720482, 0.08773963854720482) P1 Winnings: -42.0
Choosing model 0
[0.3168913926839312, 0.00039884546337759925, 0.04052906543471727, 0.35824501115358937, 0.2839356852643846]
Games played: 162
Exploitability: P1=1.900000000 P2=-0.072504763 EV: (-0.08507390355902167, 0.08507390355902167) P1 Winnings: -42.0
Choosing model 4
[0.2839137027164459, 0.0006220287086930725, 0.033242253137746744, 0.4604378080064208, 0.22178420743069344]
Games played: 163
Exploitability: P1=2.600000000 P2=-0.072504763 EV: (-0.07734762497673119, 0.07734762497673119) P1 Winnings: -29.0
Choosing model 3
[0.2765119876289926, 0.0008764951877412603, 0.033689261557321944, 0.5051638132037161, 0.18375844242222797]
Games played: 164
Exploitability: P1=1.933333333 P2=-0.072504763 EV: (-0.08773963854720482, 0.08773963854720482) P1 Winnings: -40.0
Choosing model 4
[0.2821526938606027, 0.000686221437479556, 0.03364304505376668, 0.48123968429756314, 0.2022783553505879]
Games played: 165
Exploitability: P1=2.600000000 P2=-0.072504763 EV: (-0.07734762497673119, 0.07734762497673119) P1 Winnings: -40.0
Choosing model 3
[0.3217319773256453, 0.0009107556752893725, 0.044360261143429044, 0.4530361927268173, 0.17996081312881923]
Games played: 166
Exploitability: P1=1.933333333 P2=-0.072504763 EV: (-0.08773963854720482, 0.08773963854720482) P1 Winnings: -37.0
Choosing model 2
[0.31644889085625244, 0.00109757877258303, 0.04466868398622938, 0.4775195302598746, 0.16026531612506048]
Games played: 167
Exploitability: P1=4.600000000 P2=-0.072504763 EV: (-0.14384254192367366, 0.14384254192367366) P1 Winnings: -46.0
Choosing model 3
[0.26118166037126633, 0.000713222575683444, 0.02777047578390131, 0.531290242727654, 0.17904439854149487]
Games played: 168
Exploitability: P1=1.933333333 P2=-0.072504763 EV: (-0.08773963854720482, 0.08773963854720482) P1 Winnings: -55.0
Choosing model 3
[0.295404796104093, 0.0006940779363783044, 0.03401709687018305, 0.48771138591991514, 0.1821726431694306]
Games played: 169
Exploitability: P1=1.933333333 P2=-0.072504763 EV: (-0.08773963854720482, 0.08773963854720482) P1 Winnings: -52.0
Choosing model 4
[0.31478633028937403, 0.0007636241832504951, 0.038382207233152804, 0.469922339582106, 0.17614549871211677]
Games played: 170
Exploitability: P1=2.600000000 P2=-0.072504763 EV: (-0.07734762497673119, 0.07734762497673119) P1 Winnings: -51.0
Choosing model 3
[0.3345405839738008, 0.0008378875387534522, 0.04319139871617366, 0.4515687831152569, 0.16986134665601518]
Games played: 171
Exploitability: P1=1.933333333 P2=-0.072504763 EV: (-0.08773963854720482, 0.08773963854720482) P1 Winnings: -50.0
Choosing model 3
[0.34012369411368243, 0.0006689212834439715, 0.04303111551093665, 0.4305577577289939, 0.18561851136294305]
Games played: 172
Exploitability: P1=1.933333333 P2=-0.072504763 EV: (-0.08773963854720482, 0.08773963854720482) P1 Winnings: -53.0
Choosing model 0
[0.3376552150723091, 0.000734622770592454, 0.04345069205678501, 0.44806634933482437, 0.17009312076548916]
Games played: 173
Exploitability: P1=1.900000000 P2=-0.072504763 EV: (-0.08507390355902167, 0.08507390355902167) P1 Winnings: -53.0
Choosing model 3
[0.33765519325073423, 0.0007346233769316839, 0.04345069411519302, 0.4480664655515131, 0.170093023705628]
Games played: 174
Exploitability: P1=1.933333333 P2=-0.072504763 EV: (-0.08773963854720482, 0.08773963854720482) P1 Winnings: -54.0
Choosing model 0
[0.3459516096574487, 0.0005164391374011409, 0.043044212496271654, 0.413249692042314, 0.19723804666656455]
Games played: 175
Exploitability: P1=1.900000000 P2=-0.072504763 EV: (-0.08507390355902167, 0.08507390355902167) P1 Winnings: -65.0
Choosing model 3
[0.352811040569817, 0.00031578570926878597, 0.041807374480030156, 0.36271933621874397, 0.24234646302214005]
Games played: 176
Exploitability: P1=1.933333333 P2=-0.072504763 EV: (-0.08773963854720482, 0.08773963854720482) P1 Winnings: -70.0
Choosing model 4
[0.3235438438713385, 0.00028229379700213196, 0.03314883227779071, 0.4008259999715749, 0.24219903008229368]
Games played: 177
Exploitability: P1=2.600000000 P2=-0.072504763 EV: (-0.07734762497673119, 0.07734762497673119) P1 Winnings: -70.0
Choosing model 3
[0.2509305765332088, 0.00026909901490653246, 0.019599964595296126, 0.5019406028288799, 0.22725975702770854]
Games played: 178
Exploitability: P1=1.933333333 P2=-0.072504763 EV: (-0.08773963854720482, 0.08773963854720482) P1 Winnings: -65.0
Choosing model 3
[0.254858960599181, 0.00021154414235853455, 0.019480955472908363, 0.4760984154045729, 0.24935012438097906]
Games played: 179
Exploitability: P1=1.933333333 P2=-0.072504763 EV: (-0.08773963854720482, 0.08773963854720482) P1 Winnings: -62.0
Choosing model 3
[0.25793260104761645, 0.00016571045414021655, 0.01929413120404294, 0.44998822654201975, 0.27261933075218053]
Games played: 180
Exploitability: P1=1.933333333 P2=-0.072504763 EV: (-0.08773963854720482, 0.08773963854720482) P1 Winnings: -59.0
Choosing model 3
[0.2765194647641635, 0.00018341822629067687, 0.021901762942882385, 0.43619983322361106, 0.26519552084305253]
Games played: 181
Exploitability: P1=1.933333333 P2=-0.072504763 EV: (-0.08773963854720482, 0.08773963854720482) P1 Winnings: -58.0
Choosing model 0
[0.2957600355637021, 0.0002025486642660964, 0.024804314703866813, 0.4218559234722358, 0.2573771775959292]
Games played: 182
Exploitability: P1=1.900000000 P2=-0.072504763 EV: (-0.08507390355902167, 0.08507390355902167) P1 Winnings: -57.0
Choosing model 4
[0.2957600327815354, 0.00020254884262942813, 0.024804317248625484, 0.4218560561855, 0.25737704494170976]
Games played: 183
Exploitability: P1=2.600000000 P2=-0.072504763 EV: (-0.07734762497673119, 0.07734762497673119) P1 Winnings: -58.0
Choosing model 3
[0.25224230523194496, 0.00013404311924329008, 0.01663425678169257, 0.44554895225690005, 0.2854404426102192]
Games played: 184
Exploitability: P1=1.933333333 P2=-0.072504763 EV: (-0.08773963854720482, 0.08773963854720482) P1 Winnings: -51.0
Choosing model 4
[0.2539458088160928, 0.0001059665644871988, 0.016410574442315248, 0.42066655019463184, 0.308871099982473]
Games played: 185
Exploitability: P1=2.600000000 P2=-0.072504763 EV: (-0.07734762497673119, 0.07734762497673119) P1 Winnings: -54.0
Choosing model 4
[0.25521500492816607, 9.453514455098795e-05, 0.016378437950343796, 0.412549911893291, 0.31576211008364813]
Games played: 186
Exploitability: P1=2.600000000 P2=-0.072504763 EV: (-0.07734762497673119, 0.07734762497673119) P1 Winnings: -54.0
Choosing model 3
[0.27377719203691503, 0.00010470259969161161, 0.018603639569763672, 0.400158856560381, 0.3073556092332486]
Games played: 187
Exploitability: P1=1.933333333 P2=-0.072504763 EV: (-0.08773963854720482, 0.08773963854720482) P1 Winnings: -53.0
Choosing model 4
[0.2756691593027253, 9.380491195648178e-05, 0.018650875430875253, 0.3956276408628536, 0.3099585194915893]
Games played: 188
Exploitability: P1=2.600000000 P2=-0.072504763 EV: (-0.07734762497673119, 0.07734762497673119) P1 Winnings: -58.0
Choosing model 3
[0.27566916660336127, 9.38049979272905e-05, 0.018650878013714782, 0.3956277795240074, 0.30995837086098926]
Games played: 189
Exploitability: P1=1.933333333 P2=-0.072504763 EV: (-0.08773963854720482, 0.08773963854720482) P1 Winnings: -59.0
Choosing model 4
[0.27687724439618194, 8.36342818799558e-05, 0.018602953205138637, 0.38775661293142377, 0.3166795551853757]
Games played: 190
Exploitability: P1=2.600000000 P2=-0.072504763 EV: (-0.07734762497673119, 0.07734762497673119) P1 Winnings: -62.0
Choosing model 3
[0.27658584728680174, 0.00011547331756718134, 0.019255589370452728, 0.4306462995457168, 0.27339679047946164]
Games played: 191
Exploitability: P1=1.933333333 P2=-0.072504763 EV: (-0.08773963854720482, 0.08773963854720482) P1 Winnings: -57.0
Choosing model 3
[0.277333836583708, 0.00011989757611749, 0.01951695872063456, 0.44404422078602146, 0.2589850863335184]
Games played: 192
Exploitability: P1=1.933333333 P2=-0.072504763 EV: (-0.08773963854720482, 0.08773963854720482) P1 Winnings: -57.0
Choosing model 4
[0.28000182156958764, 9.28780114851378e-05, 0.0192842924518872, 0.41854598719230457, 0.28207502077473545]
Games played: 193
Exploitability: P1=2.600000000 P2=-0.072504763 EV: (-0.07734762497673119, 0.07734762497673119) P1 Winnings: -57.0
Choosing model 4
[0.27992752828637707, 9.941596081618494e-05, 0.01944121397242605, 0.42872614782187934, 0.27180569395850135]
Games played: 194
Exploitability: P1=2.600000000 P2=-0.072504763 EV: (-0.07734762497673119, 0.07734762497673119) P1 Winnings: -58.0
Choosing model 3
[0.21758368366999598, 5.318912348409351e-05, 0.010880476382549324, 0.45197907474972526, 0.3195035760742453]
Games played: 195
Exploitability: P1=1.933333333 P2=-0.072504763 EV: (-0.08773963854720482, 0.08773963854720482) P1 Winnings: -51.0
Choosing model 3
[0.23452811705731755, 5.919220756362046e-05, 0.012417977795104356, 0.44050596605653447, 0.31248874688348005]
Games played: 196
Exploitability: P1=1.933333333 P2=-0.072504763 EV: (-0.08773963854720482, 0.08773963854720482) P1 Winnings: -50.0
Choosing model 0
[0.2328317576646611, 8.122064957191229e-05, 0.012774102934542206, 0.48620331039170456, 0.26810960835952014]
Games played: 197
Exploitability: P1=1.900000000 P2=-0.072504763 EV: (-0.08507390355902167, 0.08507390355902167) P1 Winnings: -45.0
Choosing model 4
[0.23283175222351252, 8.122071996035358e-05, 0.01277410406672092, 0.48620345655959135, 0.2681094664302147]
Games played: 198
Exploitability: P1=2.600000000 P2=-0.072504763 EV: (-0.07734762497673119, 0.07734762497673119) P1 Winnings: -46.0
Choosing model 3
[0.23227922297316125, 8.675478656949796e-05, 0.012850899472993053, 0.496979227383792, 0.2578038953834842]
Games played: 199
Exploitability: P1=1.933333333 P2=-0.072504763 EV: (-0.08773963854720482, 0.08773963854720482) P1 Winnings: -47.0
Choosing model 3
[0.23269007043806156, 8.7394818364423e-05, 0.012969942585587998, 0.5069218714892629, 0.24733072066872297]
Games played: 200
Exploitability: P1=1.933333333 P2=-0.072504763 EV: (-0.08773963854720482, 0.08773963854720482) P1 Winnings: -47.0
