Player 1 exploitability: 0.0530028021798
Choosing model 2
[0.19999996719993904, 0.2000001452002699, 0.19999998959998067, 0.20000003200005947, 0.1999998659997509]
Games played: 1
Exploitability: P1=4.600000000 P2=-0.032649212 EV: (-0.300448047187299, 0.300448047187299) P1 Winnings: -1
Choosing model 1
[0.19076023515350624, 0.15018913548615326, 0.14369079909934496, 0.2571518130313279, 0.2582080172296675]
Games played: 2
Exploitability: P1=2.800000000 P2=-0.032649212 EV: (-0.31191885058979507, 0.31191885058979507) P1 Winnings: -10
Choosing model 3
[0.19076016095190834, 0.15018958380649075, 0.14369080413190372, 0.25715202904585893, 0.25820742206383823]
Games played: 3
Exploitability: P1=1.933333333 P2=-0.032649212 EV: (-0.1214865441280647, 0.1214865441280647) P1 Winnings: -19
Choosing model 4
[0.1684820391763533, 0.24528645706558705, 0.13583162959898934, 0.27804122706189544, 0.17235864709717486]
Games played: 4
Exploitability: P1=2.600000000 P2=-0.032649212 EV: (-0.032856440676239704, 0.032856440676239704) P1 Winnings: -19.0
Choosing model 0
[0.17309396948278127, 0.2601806590843501, 0.14776229061149657, 0.25828691078592436, 0.16067617003544765]
Games played: 5
Exploitability: P1=1.900000000 P2=-0.032649212 EV: (-0.08472524783337569, 0.08472524783337569) P1 Winnings: -18.0
Choosing model 2
[0.17707533977086265, 0.27480477055830665, 0.16005680293603697, 0.23891500065608756, 0.14914808607870608]
Games played: 6
Exploitability: P1=4.600000000 P2=-0.032649212 EV: (-0.300448047187299, 0.300448047187299) P1 Winnings: -17.0
Choosing model 1
[0.17060159446994705, 0.2084488730651235, 0.11615561326344953, 0.3102916017778423, 0.1945023174236375]
Games played: 7
Exploitability: P1=2.800000000 P2=-0.032649212 EV: (-0.31191885058979507, 0.31191885058979507) P1 Winnings: -17.0
Choosing model 0
[0.18077453538239377, 0.16947210659219564, 0.12045586168533257, 0.3069609659358393, 0.22233653040423865]
Games played: 8
Exploitability: P1=1.900000000 P2=-0.032649212 EV: (-0.08472524783337569, 0.08472524783337569) P1 Winnings: -16.0
Choosing model 3
[0.18779998390716188, 0.18177310951020528, 0.13250144424019084, 0.28834094916700903, 0.20958451317543295]
Games played: 9
Exploitability: P1=1.933333333 P2=-0.032649212 EV: (-0.1214865441280647, 0.1214865441280647) P1 Winnings: -15.0
Choosing model 2
[0.1881030155890175, 0.1830857720534766, 0.13370814390316807, 0.29406398449382787, 0.20103908396050987]
Games played: 10
Exploitability: P1=4.600000000 P2=-0.032649212 EV: (-0.300448047187299, 0.300448047187299) P1 Winnings: -15.0
Choosing model 0
[0.19451809899350647, 0.19547533508020792, 0.1464051976608936, 0.27496091876432144, 0.18864044950107056]
Games played: 11
Exploitability: P1=1.900000000 P2=-0.032649212 EV: (-0.08472524783337569, 0.08472524783337569) P1 Winnings: -14.0
Choosing model 0
[0.1945180632010016, 0.19547547308493393, 0.14640518711886538, 0.2749609572573534, 0.18864031933784567]
Games played: 12
Exploitability: P1=1.900000000 P2=-0.032649212 EV: (-0.08472524783337569, 0.08472524783337569) P1 Winnings: -15.0
Choosing model 3
[0.17684975180017493, 0.25712735708589207, 0.13850785762458367, 0.2816107259212413, 0.14590430756810813]
Games played: 13
Exploitability: P1=1.933333333 P2=-0.032649212 EV: (-0.1214865441280647, 0.1214865441280647) P1 Winnings: -16.0
Choosing model 4
[0.18695278781170446, 0.17479936944966717, 0.11758160059381649, 0.31297194462172745, 0.20769429752308444]
Games played: 14
Exploitability: P1=2.600000000 P2=-0.032649212 EV: (-0.032856440676239704, 0.032856440676239704) P1 Winnings: -13.0
Choosing model 1
[0.19177104314861257, 0.15953946995864232, 0.12008833969632848, 0.315224358304782, 0.21337678889163472]
Games played: 15
Exploitability: P1=2.800000000 P2=-0.032649212 EV: (-0.31191885058979507, 0.31191885058979507) P1 Winnings: -13.0
Choosing model 4
[0.17831081171389407, 0.2080060517979104, 0.11585541286531839, 0.3272310907973796, 0.1705966328254976]
Games played: 16
Exploitability: P1=2.600000000 P2=-0.032649212 EV: (-0.032856440676239704, 0.032856440676239704) P1 Winnings: -13.0
Choosing model 4
[0.19367057560926856, 0.15501170989091864, 0.12166836782606619, 0.3199383461724606, 0.20971100050128608]
Games played: 17
Exploitability: P1=2.600000000 P2=-0.032649212 EV: (-0.032856440676239704, 0.032856440676239704) P1 Winnings: -13.0
Choosing model 3
[0.20129588536316254, 0.16634466362744565, 0.13390084355669993, 0.3006785339794732, 0.19778007347321866]
Games played: 18
Exploitability: P1=1.933333333 P2=-0.032649212 EV: (-0.1214865441280647, 0.1214865441280647) P1 Winnings: -12.0
Choosing model 2
[0.2101885793015625, 0.13639055492350377, 0.1370107959975179, 0.29443950001650565, 0.22197056976091006]
Games played: 19
Exploitability: P1=4.600000000 P2=-0.032649212 EV: (-0.300448047187299, 0.300448047187299) P1 Winnings: -15.0
Choosing model 0
[0.20838376003317863, 0.11980915520312439, 0.1249665011688672, 0.3072666334260992, 0.2395739501687307]
Games played: 20
Exploitability: P1=1.900000000 P2=-0.032649212 EV: (-0.08472524783337569, 0.08472524783337569) P1 Winnings: -24.0
Choosing model 4
[0.2112265351611311, 0.11297336684570258, 0.1266740925418618, 0.3099440169116482, 0.2391819885396564]
Games played: 21
Exploitability: P1=2.600000000 P2=-0.032649212 EV: (-0.032856440676239704, 0.032856440676239704) P1 Winnings: -27.0
Choosing model 0
[0.2112265152784298, 0.11297345675803803, 0.12667409480558664, 0.30994408815874996, 0.23918184499919556]
Games played: 22
Exploitability: P1=1.900000000 P2=-0.032649212 EV: (-0.08472524783337569, 0.08472524783337569) P1 Winnings: -28.0
Choosing model 3
[0.2190016874351763, 0.09425873419696766, 0.13038118304954682, 0.2957604151687117, 0.26059798014959756]
Games played: 23
Exploitability: P1=1.933333333 P2=-0.032649212 EV: (-0.1214865441280647, 0.1214865441280647) P1 Winnings: -27.0
Choosing model 0
[0.22854032287887951, 0.10155705317869414, 0.1440670520178897, 0.2790745909675152, 0.2467609809570216]
Games played: 24
Exploitability: P1=1.900000000 P2=-0.032649212 EV: (-0.08472524783337569, 0.08472524783337569) P1 Winnings: -26.0
Choosing model 3
[0.21772138947537206, 0.1399780201167186, 0.1428158338971481, 0.2994968097159646, 0.19998794679479687]
Games played: 25
Exploitability: P1=1.933333333 P2=-0.032649212 EV: (-0.1214865441280647, 0.1214865441280647) P1 Winnings: -27.0
Choosing model 1
[0.226423002404371, 0.11267352131357337, 0.14534645753752867, 0.2908772349277812, 0.22467978381674591]
Games played: 26
Exploitability: P1=2.800000000 P2=-0.032649212 EV: (-0.31191885058979507, 0.31191885058979507) P1 Winnings: -24.0
Choosing model 0
[0.22642297865571345, 0.11267361788779884, 0.14534645987963796, 0.29087730622597746, 0.22467963735087235]
Games played: 27
Exploitability: P1=1.900000000 P2=-0.032649212 EV: (-0.08472524783337569, 0.08472524783337569) P1 Winnings: -31.0
Choosing model 3
[0.23458639437974863, 0.09394003534905224, 0.14949093566944793, 0.2773638287287791, 0.24461880587297205]
Games played: 28
Exploitability: P1=1.933333333 P2=-0.032649212 EV: (-0.1214865441280647, 0.1214865441280647) P1 Winnings: -30.0
Choosing model 0
[0.23831565161091678, 0.08491368010411991, 0.1512080782058983, 0.2766704940151866, 0.2488920960638784]
Games played: 29
Exploitability: P1=1.900000000 P2=-0.032649212 EV: (-0.08472524783337569, 0.08472524783337569) P1 Winnings: -35.0
Choosing model 3
[0.2371112931571834, 0.09045566884836713, 0.1517083850282854, 0.2820424997422369, 0.23868215322392705]
Games played: 30
Exploitability: P1=1.933333333 P2=-0.032649212 EV: (-0.1214865441280647, 0.1214865441280647) P1 Winnings: -36.0
Choosing model 3
[0.24081205625864313, 0.081740817055464, 0.15340727654505, 0.28125730963236234, 0.2427825405084805]
Games played: 31
Exploitability: P1=1.933333333 P2=-0.032649212 EV: (-0.1214865441280647, 0.1214865441280647) P1 Winnings: -36.0
Choosing model 3
[0.25025909582358224, 0.0877048745035615, 0.16880759463408404, 0.26428976055148795, 0.2289386744872843]
Games played: 32
Exploitability: P1=1.933333333 P2=-0.032649212 EV: (-0.1214865441280647, 0.1214865441280647) P1 Winnings: -35.0
Choosing model 4
[0.2560251360683856, 0.06944788740779806, 0.1690025897822281, 0.25250568295641784, 0.25301870378517033]
Games played: 33
Exploitability: P1=2.600000000 P2=-0.032649212 EV: (-0.032856440676239704, 0.032856440676239704) P1 Winnings: -32.0
Choosing model 2
[0.265427631288166, 0.07433539898985454, 0.18552022490441653, 0.23670070795721204, 0.23801603686035097]
Games played: 34
Exploitability: P1=4.600000000 P2=-0.032649212 EV: (-0.300448047187299, 0.300448047187299) P1 Winnings: -31.0
Choosing model 2
[0.2545062510910221, 0.06948097249234872, 0.1538041133903486, 0.27349291632587186, 0.24871574670040883]
Games played: 35
Exploitability: P1=4.600000000 P2=-0.032649212 EV: (-0.300448047187299, 0.300448047187299) P1 Winnings: -31.0
Choosing model 0
[0.2668891222448903, 0.10066639878508904, 0.18845463520810335, 0.2552290843642391, 0.18876075939767822]
Games played: 36
Exploitability: P1=1.900000000 P2=-0.032649212 EV: (-0.08472524783337569, 0.08472524783337569) P1 Winnings: -22.0
Choosing model 4
[0.2668890961213876, 0.10066647852498017, 0.18845463786884423, 0.25522914207642067, 0.1887606454083673]
Games played: 37
Exploitability: P1=2.600000000 P2=-0.032649212 EV: (-0.032856440676239704, 0.032856440676239704) P1 Winnings: -23.0
Choosing model 1
[0.2647309678602528, 0.10690973325686633, 0.18850187086144363, 0.259391782616361, 0.18046564540507617]
Games played: 38
Exploitability: P1=2.800000000 P2=-0.032649212 EV: (-0.31191885058979507, 0.31191885058979507) P1 Winnings: -24.0
Choosing model 2
[0.26629184728678, 0.14857871346222784, 0.22155177893877825, 0.23219934875984102, 0.1313783115523728]
Games played: 39
Exploitability: P1=4.600000000 P2=-0.032649212 EV: (-0.300448047187299, 0.300448047187299) P1 Winnings: -15.0
Choosing model 3
[0.255804219530862, 0.11237163731591776, 0.16031203877662728, 0.3006854627088915, 0.1708266416677015]
Games played: 40
Exploitability: P1=1.933333333 P2=-0.032649212 EV: (-0.1214865441280647, 0.1214865441280647) P1 Winnings: -15.0
Choosing model 3
[0.2687253934909556, 0.08099538652074667, 0.16283303865228618, 0.28434081533881356, 0.203105365997198]
Games played: 41
Exploitability: P1=1.933333333 P2=-0.032649212 EV: (-0.1214865441280647, 0.1214865441280647) P1 Winnings: -15.0
Choosing model 2
[0.27813730882846033, 0.086553360619983, 0.17845447572261072, 0.2661059708940695, 0.19074888393487655]
Games played: 42
Exploitability: P1=4.600000000 P2=-0.032649212 EV: (-0.300448047187299, 0.300448047187299) P1 Winnings: -14.0
Choosing model 4
[0.276130867172716, 0.09200217400195769, 0.17865618863689778, 0.2706838656821018, 0.18252690450632683]
Games played: 43
Exploitability: P1=2.600000000 P2=-0.032649212 EV: (-0.032856440676239704, 0.032856440676239704) P1 Winnings: -27.0
Choosing model 3
[0.27392226185281826, 0.0977167276742608, 0.17871679005452734, 0.2751229242725534, 0.1745212961458401]
Games played: 44
Exploitability: P1=1.933333333 P2=-0.032649212 EV: (-0.1214865441280647, 0.1214865441280647) P1 Winnings: -28.0
Choosing model 4
[0.24745916957831796, 0.060761291120713636, 0.11624783371719496, 0.33710029650691536, 0.23843140907685811]
Games played: 45
Exploitability: P1=2.600000000 P2=-0.032649212 EV: (-0.032856440676239704, 0.032856440676239704) P1 Winnings: -31.0
Choosing model 0
[0.24745915580186534, 0.06076134181568966, 0.11624784026527282, 0.337100386960707, 0.23843127515646514]
Games played: 46
Exploitability: P1=1.900000000 P2=-0.032649212 EV: (-0.08472524783337569, 0.08472524783337569) P1 Winnings: -32.0
Choosing model 3
[0.2498245153873286, 0.05706375461553004, 0.11736159571549772, 0.3386678944871175, 0.23708223979452614]
Games played: 47
Exploitability: P1=1.933333333 P2=-0.032649212 EV: (-0.1214865441280647, 0.1214865441280647) P1 Winnings: -35.0
Choosing model 3
[0.24214362983540783, 0.07644568201240996, 0.11786808648791001, 0.36494787511041177, 0.1985947265538605]
Games played: 48
Exploitability: P1=1.933333333 P2=-0.032649212 EV: (-0.1214865441280647, 0.1214865441280647) P1 Winnings: -30.0
Choosing model 0
[0.24934875393441647, 0.060399260542218856, 0.1187856436913943, 0.350852000026292, 0.22061434180567835]
Games played: 49
Exploitability: P1=1.900000000 P2=-0.032649212 EV: (-0.08472524783337569, 0.08472524783337569) P1 Winnings: -30.0
Choosing model 3
[0.24788107365130105, 0.06428745609967164, 0.11907896195265821, 0.35736511809593974, 0.21138739020042932]
Games played: 50
Exploitability: P1=1.933333333 P2=-0.032649212 EV: (-0.1214865441280647, 0.1214865441280647) P1 Winnings: -31.0
Choosing model 0
[0.20966961661768374, 0.037428311037696824, 0.07252211541694796, 0.4099778800219125, 0.27040207690575896]
Games played: 51
Exploitability: P1=1.900000000 P2=-0.032649212 EV: (-0.08472524783337569, 0.08472524783337569) P1 Winnings: -34.0
Choosing model 4
[0.20966960876699697, 0.03742834294752666, 0.07252212082398599, 0.40997799750415415, 0.2704019299573362]
Games played: 52
Exploitability: P1=2.600000000 P2=-0.032649212 EV: (-0.032856440676239704, 0.032856440676239704) P1 Winnings: -35.0
Choosing model 3
[0.20966960091628084, 0.037428374857378405, 0.07252212623101416, 0.4099781149863715, 0.270401783008955]
Games played: 53
Exploitability: P1=1.933333333 P2=-0.032649212 EV: (-0.1214865441280647, 0.1214865441280647) P1 Winnings: -36.0
Choosing model 4
[0.2227771113101175, 0.04105907697982587, 0.08159057705750099, 0.39387702430663163, 0.26069621034592416]
Games played: 54
Exploitability: P1=2.600000000 P2=-0.032649212 EV: (-0.032856440676239704, 0.032856440676239704) P1 Winnings: -35.0
Choosing model 3
[0.22277710209055832, 0.041059111823260094, 0.08159058281906391, 0.39387713562256627, 0.26069606764455144]
Games played: 55
Exploitability: P1=1.933333333 P2=-0.032649212 EV: (-0.1214865441280647, 0.1214865441280647) P1 Winnings: -36.0
Choosing model 4
[0.23592870321276868, 0.04489447454767062, 0.091492320427652, 0.37716890026549077, 0.2505156015464179]
Games played: 56
Exploitability: P1=2.600000000 P2=-0.032649212 EV: (-0.032856440676239704, 0.032856440676239704) P1 Winnings: -35.0
Choosing model 3
[0.23659096010632868, 0.0452725556054087, 0.09243555414572714, 0.3851133271654531, 0.2405876029770824]
Games played: 57
Exploitability: P1=1.933333333 P2=-0.032649212 EV: (-0.1214865441280647, 0.1214865441280647) P1 Winnings: -32.0
Choosing model 3
[0.23946295620926292, 0.04077109748202001, 0.09315145220593733, 0.3827295695828377, 0.24388492451994195]
Games played: 58
Exploitability: P1=1.933333333 P2=-0.032649212 EV: (-0.1214865441280647, 0.1214865441280647) P1 Winnings: -37.0
Choosing model 4
[0.2448365453168461, 0.028601767710120067, 0.09208797428348839, 0.3522538021152871, 0.28221991057425844]
Games played: 59
Exploitability: P1=2.600000000 P2=-0.032649212 EV: (-0.032856440676239704, 0.032856440676239704) P1 Winnings: -34.0
Choosing model 3
[0.24668738631531698, 0.025581314628567844, 0.09214189964168476, 0.3463376884420633, 0.2892517109723671]
Games played: 60
Exploitability: P1=1.933333333 P2=-0.032649212 EV: (-0.1214865441280647, 0.1214865441280647) P1 Winnings: -34.0
Choosing model 4
[0.24362945600662558, 0.034918882162456755, 0.0942914351875341, 0.3802781940369348, 0.24688203260644878]
Games played: 61
Exploitability: P1=2.600000000 P2=-0.032649212 EV: (-0.032856440676239704, 0.032856440676239704) P1 Winnings: -29.0
Choosing model 4
[0.24958004584314988, 0.019127218569392247, 0.0911667333247717, 0.32570362822992405, 0.31442237403276224]
Games played: 62
Exploitability: P1=2.600000000 P2=-0.032649212 EV: (-0.032856440676239704, 0.032856440676239704) P1 Winnings: -30.0
Choosing model 3
[0.24958005241606526, 0.01912723609638419, 0.0911667459364248, 0.32570374233581434, 0.31442222321531144]
Games played: 63
Exploitability: P1=1.933333333 P2=-0.032649212 EV: (-0.1214865441280647, 0.1214865441280647) P1 Winnings: -31.0
Choosing model 4
[0.24784183390964282, 0.011388419324902548, 0.08622090293532034, 0.2783676343398967, 0.3761812094902377]
Games played: 64
Exploitability: P1=2.600000000 P2=-0.032649212 EV: (-0.032856440676239704, 0.032856440676239704) P1 Winnings: -30.0
Choosing model 2
[0.2625623602403116, 0.012456453618756302, 0.09671744093923144, 0.2666499254571857, 0.361613819744515]
Games played: 65
Exploitability: P1=4.600000000 P2=-0.032649212 EV: (-0.300448047187299, 0.300448047187299) P1 Winnings: -29.0
Choosing model 4
[0.21987435947496564, 0.008212716221116967, 0.06100816728595639, 0.30101295488406893, 0.40989180213389215]
Games played: 66
Exploitability: P1=2.600000000 P2=-0.032649212 EV: (-0.032856440676239704, 0.032856440676239704) P1 Winnings: -29.0
Choosing model 0
[0.2182617596668534, 0.006566412908328758, 0.0594906367775264, 0.2823442138322997, 0.4333369768149916]
Games played: 67
Exploitability: P1=1.900000000 P2=-0.032649212 EV: (-0.08472524783337569, 0.08472524783337569) P1 Winnings: -28.0
Choosing model 0
[0.21246549219913702, 0.004297946669825683, 0.05587270320668112, 0.2458117998998388, 0.48155205802451734]
Games played: 68
Exploitability: P1=1.900000000 P2=-0.032649212 EV: (-0.08472524783337569, 0.08472524783337569) P1 Winnings: -28.0
Choosing model 4
[0.2116889870719365, 0.003446014038913971, 0.055263403188562536, 0.2254084804026201, 0.504193115297967]
Games played: 69
Exploitability: P1=2.600000000 P2=-0.032649212 EV: (-0.032856440676239704, 0.032856440676239704) P1 Winnings: -27.0
Choosing model 4
[0.19823950260606749, 0.0019348863711143778, 0.04928796994677266, 0.18167427400865285, 0.5688633670673927]
Games played: 70
Exploitability: P1=2.600000000 P2=-0.032649212 EV: (-0.032856440676239704, 0.032856440676239704) P1 Winnings: -26.0
Choosing model 4
[0.1982395465638128, 0.001934888522209969, 0.049287986396181475, 0.1816743731558114, 0.5688632053619844]
Games played: 71
Exploitability: P1=2.600000000 P2=-0.032649212 EV: (-0.032856440676239704, 0.032856440676239704) P1 Winnings: -27.0
Choosing model 4
[0.2013699543347479, 0.002104353890109851, 0.05048709359112986, 0.18908195448626813, 0.5569566436977442]
Games played: 72
Exploitability: P1=2.600000000 P2=-0.032649212 EV: (-0.032856440676239704, 0.032856440676239704) P1 Winnings: -28.0
Choosing model 4
[0.20441800754027076, 0.0022871871862591184, 0.051682054292084646, 0.19666478365407314, 0.5449479673273123]
Games played: 73
Exploitability: P1=2.600000000 P2=-0.032649212 EV: (-0.032856440676239704, 0.032856440676239704) P1 Winnings: -29.0
Choosing model 3
[0.20634283730031816, 0.0021476990112423953, 0.052169851580001626, 0.19755139274613442, 0.5417882193623033]
Games played: 74
Exploitability: P1=1.933333333 P2=-0.032649212 EV: (-0.1214865441280647, 0.1214865441280647) P1 Winnings: -32.0
Choosing model 3
[0.20552985870304946, 0.0018989705352307458, 0.05160462995711347, 0.19201669282205938, 0.548949847982547]
Games played: 75
Exploitability: P1=1.933333333 P2=-0.032649212 EV: (-0.1214865441280647, 0.1214865441280647) P1 Winnings: -35.0
Choosing model 3
[0.20552990494710643, 0.0018989727893112558, 0.051604647812288185, 0.19201680323165055, 0.5489496712196437]
Games played: 76
Exploitability: P1=1.933333333 P2=-0.032649212 EV: (-0.1214865441280647, 0.1214865441280647) P1 Winnings: -38.0
Choosing model 4
[0.1871434511379354, 0.0009245486694986209, 0.04434784428063141, 0.14617730707125937, 0.6214068488406753]
Games played: 77
Exploitability: P1=2.600000000 P2=-0.032649212 EV: (-0.032856440676239704, 0.032856440676239704) P1 Winnings: -39.0
Choosing model 0
[0.20038264654085647, 0.0013682643210659812, 0.049202846742189714, 0.1740140363691448, 0.575032206026743]
Games played: 78
Exploitability: P1=1.900000000 P2=-0.032649212 EV: (-0.08472524783337569, 0.08472524783337569) P1 Winnings: -44.0
Choosing model 4
[0.20038269219960295, 0.0013682658505936485, 0.04920286346417274, 0.17401413240027278, 0.575032046085358]
Games played: 79
Exploitability: P1=2.600000000 P2=-0.032649212 EV: (-0.032856440676239704, 0.032856440676239704) P1 Winnings: -45.0
Choosing model 0
[0.19409853906524485, 0.0010168972092775876, 0.04664294955218738, 0.15736405688302088, 0.6008775572902694]
Games played: 80
Exploitability: P1=1.900000000 P2=-0.032649212 EV: (-0.08472524783337569, 0.08472524783337569) P1 Winnings: -45.0
Choosing model 4
[0.20307809895205398, 0.0013035939653256515, 0.049960473124051254, 0.17643927152926045, 0.5692185624293088]
Games played: 81
Exploitability: P1=2.600000000 P2=-0.032649212 EV: (-0.032856440676239704, 0.032856440676239704) P1 Winnings: -50.0
Choosing model 3
[0.1980278956049849, 0.0010299239269977508, 0.04787840477576442, 0.16280639839003386, 0.5902573773022192]
Games played: 82
Exploitability: P1=1.933333333 P2=-0.032649212 EV: (-0.1214865441280647, 0.1214865441280647) P1 Winnings: -51.0
Choosing model 3
[0.25481075332809366, 0.0019377853823421974, 0.07833331474089411, 0.1682928989966181, 0.49662524755205184]
Games played: 83
Exploitability: P1=1.933333333 P2=-0.032649212 EV: (-0.1214865441280647, 0.1214865441280647) P1 Winnings: -46.0
Choosing model 3
[0.27249389754112135, 0.003292561348551046, 0.08831195626902884, 0.210372423585019, 0.4255291612562798]
Games played: 84
Exploitability: P1=1.933333333 P2=-0.032649212 EV: (-0.1214865441280647, 0.1214865441280647) P1 Winnings: -51.0
Choosing model 0
[0.2681944829688801, 0.002446787882504118, 0.08498917641345591, 0.1926243184595554, 0.4517452342756045]
Games played: 85
Exploitability: P1=1.900000000 P2=-0.032649212 EV: (-0.08472524783337569, 0.08472524783337569) P1 Winnings: -48.0
Choosing model 4
[0.271096874725201, 0.0026480696552854963, 0.08663097479577328, 0.19949766614350423, 0.4401264146802359]
Games played: 86
Exploitability: P1=2.600000000 P2=-0.032649212 EV: (-0.032856440676239704, 0.032856440676239704) P1 Winnings: -43.0
Choosing model 0
[0.2669389787664469, 0.0021001736017298477, 0.08379502961193618, 0.1856162281133314, 0.4615495899065557]
Games played: 87
Exploitability: P1=1.900000000 P2=-0.032649212 EV: (-0.08472524783337569, 0.08472524783337569) P1 Winnings: -42.0
Choosing model 2
[0.26236129377284595, 0.0016724087574773365, 0.08093864962189035, 0.17263005813315535, 0.4823975897146311]
Games played: 88
Exploitability: P1=4.600000000 P2=-0.032649212 EV: (-0.300448047187299, 0.300448047187299) P1 Winnings: -41.0
Choosing model 4
[0.25979718611512326, 0.0013326719936833814, 0.07956438576448288, 0.15732899160800076, 0.5019767645187097]
Games played: 89
Exploitability: P1=2.600000000 P2=-0.032649212 EV: (-0.032856440676239704, 0.032856440676239704) P1 Winnings: -40.0
Choosing model 4
[0.25412986414453415, 0.001049984382404906, 0.0764535312766982, 0.14541883484768703, 0.5229477853486758]
Games played: 90
Exploitability: P1=2.600000000 P2=-0.032649212 EV: (-0.032856440676239704, 0.032856440676239704) P1 Winnings: -39.0
Choosing model 0
[0.2505585972000918, 0.0008330721249075087, 0.07483060134215454, 0.13195684656944195, 0.5418208827634041]
Games played: 91
Exploitability: P1=1.900000000 P2=-0.032649212 EV: (-0.08472524783337569, 0.08472524783337569) P1 Winnings: -38.0
Choosing model 4
[0.24425295093218308, 0.0006579798317750145, 0.07169018020443205, 0.12172369952043434, 0.5616751895111755]
Games played: 92
Exploitability: P1=2.600000000 P2=-0.032649212 EV: (-0.032856440676239704, 0.032856440676239704) P1 Winnings: -37.0
Choosing model 0
[0.23611142950830347, 0.0004880162477287844, 0.06782197489617557, 0.10985284222132342, 0.5857257371264687]
Games played: 93
Exploitability: P1=1.900000000 P2=-0.032649212 EV: (-0.08472524783337569, 0.08472524783337569) P1 Winnings: -37.0
Choosing model 4
[0.22762407984094754, 0.000360977374769209, 0.06398898078969499, 0.09887157532255147, 0.6091543866720367]
Games played: 94
Exploitability: P1=2.600000000 P2=-0.032649212 EV: (-0.032856440676239704, 0.032856440676239704) P1 Winnings: -36.0
Choosing model 3
[0.2189752207827084, 0.00026219604608943036, 0.060191202398312486, 0.08848659211483831, 0.6320847886580514]
Games played: 95
Exploitability: P1=1.933333333 P2=-0.032649212 EV: (-0.1214865441280647, 0.1214865441280647) P1 Winnings: -36.0
Choosing model 4
[0.22118134462518052, 0.0002463661972984504, 0.06079895660243547, 0.08894350517082149, 0.6288298274042641]
Games played: 96
Exploitability: P1=2.600000000 P2=-0.032649212 EV: (-0.032856440676239704, 0.032856440676239704) P1 Winnings: -39.0
Choosing model 4
[0.2256990844522032, 0.0002691664188327754, 0.06256224836759608, 0.09299242657920827, 0.6184770741821597]
Games played: 97
Exploitability: P1=2.600000000 P2=-0.032649212 EV: (-0.032856440676239704, 0.032856440676239704) P1 Winnings: -40.0
Choosing model 0
[0.24074577125732852, 0.0002964304807732448, 0.07066031915232772, 0.08968944255348485, 0.5986080365560857]
Games played: 98
Exploitability: P1=1.900000000 P2=-0.032649212 EV: (-0.08472524783337569, 0.08472524783337569) P1 Winnings: -39.0
Choosing model 0
[0.2453633492451898, 0.0003234687535263206, 0.07262088495039956, 0.09365789337576708, 0.5880344036751173]
Games played: 99
Exploitability: P1=1.900000000 P2=-0.032649212 EV: (-0.08472524783337569, 0.08472524783337569) P1 Winnings: -40.0
Choosing model 4
[0.24994257341790924, 0.0003527941117465845, 0.07459796745807304, 0.09775229729841865, 0.5773543677138524]
Games played: 100
Exploitability: P1=2.600000000 P2=-0.032649212 EV: (-0.032856440676239704, 0.032856440676239704) P1 Winnings: -49.0
Choosing model 4
[0.19085215578031187, 0.00018542146901948624, 0.041013526998809995, 0.10123715664240172, 0.666711739109457]
Games played: 101
Exploitability: P1=2.600000000 P2=-0.032649212 EV: (-0.032856440676239704, 0.032856440676239704) P1 Winnings: -52.0
Choosing model 0
[0.21337704891905449, 0.000328610857091208, 0.048215300592533636, 0.13148755534081932, 0.6065914842905014]
Games played: 102
Exploitability: P1=1.900000000 P2=-0.032649212 EV: (-0.08472524783337569, 0.08472524783337569) P1 Winnings: -55.0
Choosing model 4
[0.20706111916641684, 0.00025836416918550254, 0.045981758672512515, 0.12073923875630757, 0.6259595192355776]
Games played: 103
Exploitability: P1=2.600000000 P2=-0.032649212 EV: (-0.032856440676239704, 0.032856440676239704) P1 Winnings: -56.0
Choosing model 0
[0.2111262655456599, 0.00028205541748684986, 0.047278556143083766, 0.12613748824352042, 0.615175634650249]
Games played: 104
Exploitability: P1=1.900000000 P2=-0.032649212 EV: (-0.08472524783337569, 0.08472524783337569) P1 Winnings: -57.0
Choosing model 0
[0.21515381171422507, 0.0003077511408578751, 0.04858541263836407, 0.13170522334022275, 0.6042478011663301]
Games played: 105
Exploitability: P1=1.900000000 P2=-0.032649212 EV: (-0.08472524783337569, 0.08472524783337569) P1 Winnings: -66.0
Choosing model 0
[0.21913653161650817, 0.00033560147692272276, 0.049900690244648875, 0.13744241409495372, 0.5931847625669665]
Games played: 106
Exploitability: P1=1.900000000 P2=-0.032649212 EV: (-0.08472524783337569, 0.08472524783337569) P1 Winnings: -67.0
Choosing model 4
[0.2230670910792605, 0.00036576571637234165, 0.05122266647124607, 0.14334862383895644, 0.5819958528941647]
Games played: 107
Exploitability: P1=2.600000000 P2=-0.032649212 EV: (-0.032856440676239704, 0.032856440676239704) P1 Winnings: -62.0
Choosing model 3
[0.21917921473291696, 0.0002892098084869515, 0.049963646420446484, 0.12963284548877896, 0.6009350835493706]
Games played: 108
Exploitability: P1=1.933333333 P2=-0.032649212 EV: (-0.1214865441280647, 0.1214865441280647) P1 Winnings: -61.0
Choosing model 4
[0.23444799377322822, 0.0003193988027841055, 0.05658947397907882, 0.1253796584354371, 0.5832634750094718]
Games played: 109
Exploitability: P1=2.600000000 P2=-0.032649212 EV: (-0.032856440676239704, 0.032856440676239704) P1 Winnings: -60.0
Choosing model 0
[0.23444805188974094, 0.0003193991662243642, 0.05658949434488579, 0.12537973013847412, 0.5832633244606747]
Games played: 110
Exploitability: P1=1.900000000 P2=-0.032649212 EV: (-0.08472524783337569, 0.08472524783337569) P1 Winnings: -61.0
Choosing model 0
[0.244520127427, 0.00039997773701974556, 0.06029311145520408, 0.13922881079679852, 0.5555579725839778]
Games played: 111
Exploitability: P1=1.900000000 P2=-0.032649212 EV: (-0.08472524783337569, 0.08472524783337569) P1 Winnings: -61.0
Choosing model 3
[0.19880889263047902, 0.00025603969050499455, 0.03692580326491752, 0.15259907719234916, 0.6114101872217493]
Games played: 112
Exploitability: P1=1.933333333 P2=-0.032649212 EV: (-0.1214865441280647, 0.1214865441280647) P1 Winnings: -52.0
Choosing model 3
[0.1919995195460825, 0.00019416584420207182, 0.034945523159744404, 0.13820879274839049, 0.6346519987015805]
Games played: 113
Exploitability: P1=1.933333333 P2=-0.032649212 EV: (-0.1214865441280647, 0.1214865441280647) P1 Winnings: -55.0
Choosing model 4
[0.17966987557229472, 0.00012466671916803668, 0.03161855790137288, 0.11642240532670821, 0.6721644944804562]
Games played: 114
Exploitability: P1=2.600000000 P2=-0.032649212 EV: (-0.032856440676239704, 0.032856440676239704) P1 Winnings: -52.0
Choosing model 0
[0.23796588942844632, 0.0002752578505286621, 0.05190898688898252, 0.13645274950890882, 0.5733971163231336]
Games played: 115
Exploitability: P1=1.900000000 P2=-0.032649212 EV: (-0.08472524783337569, 0.08472524783337569) P1 Winnings: -47.0
Choosing model 4
[0.23796594650932584, 0.0002752581615348059, 0.05190900515421125, 0.13645282645062165, 0.5733969637243065]
Games played: 116
Exploitability: P1=2.600000000 P2=-0.032649212 EV: (-0.032856440676239704, 0.032856440676239704) P1 Winnings: -48.0
Choosing model 0
[0.2375479301360557, 0.00023964795077615676, 0.05148863299784613, 0.1329256496652643, 0.5777981392500579]
Games played: 117
Exploitability: P1=1.900000000 P2=-0.032649212 EV: (-0.08472524783337569, 0.08472524783337569) P1 Winnings: -48.0
Choosing model 4
[0.23796746929662393, 0.00021360787489784844, 0.05135563349942848, 0.13074900997358455, 0.579714279355465]
Games played: 118
Exploitability: P1=2.600000000 P2=-0.032649212 EV: (-0.032856440676239704, 0.032856440676239704) P1 Winnings: -53.0
Choosing model 0
[0.23796752760611659, 0.00021360811734991636, 0.0513556518350132, 0.1307490843739676, 0.5797141280675527]
Games played: 119
Exploitability: P1=1.900000000 P2=-0.032649212 EV: (-0.08472524783337569, 0.08472524783337569) P1 Winnings: -54.0
Choosing model 4
[0.2540185889737176, 0.00023541745753586352, 0.05804574950402255, 0.12619766845244887, 0.5615025756122751]
Games played: 120
Exploitability: P1=2.600000000 P2=-0.032649212 EV: (-0.032856440676239704, 0.032856440676239704) P1 Winnings: -53.0
Choosing model 4
[0.25833022211155127, 0.0002563343667776475, 0.05952714583193845, 0.1314961646222373, 0.5503901330674953]
Games played: 121
Exploitability: P1=2.600000000 P2=-0.032649212 EV: (-0.032856440676239704, 0.032856440676239704) P1 Winnings: -54.0
Choosing model 0
[0.26256925269788667, 0.00027895486475995157, 0.061012473065488605, 0.13694108771907043, 0.5391982316527942]
Games played: 122
Exploitability: P1=1.900000000 P2=-0.032649212 EV: (-0.08472524783337569, 0.08472524783337569) P1 Winnings: -55.0
Choosing model 4
[0.2625693108265767, 0.0002789551747865444, 0.06101249340609986, 0.1369411624046787, 0.5391980781878583]
Games played: 123
Exploitability: P1=2.600000000 P2=-0.032649212 EV: (-0.032856440676239704, 0.032856440676239704) P1 Winnings: -56.0
Choosing model 3
[0.27916831808125453, 0.00030621728385411584, 0.06868712142603126, 0.1316500565531133, 0.5201882866557468]
Games played: 124
Exploitability: P1=1.933333333 P2=-0.032649212 EV: (-0.1214865441280647, 0.1214865441280647) P1 Winnings: -55.0
Choosing model 4
[0.2959607481874396, 0.0003351743674282279, 0.0771041367518303, 0.1261984179998496, 0.5004015226934523]
Games played: 125
Exploitability: P1=2.600000000 P2=-0.032649212 EV: (-0.032856440676239704, 0.032856440676239704) P1 Winnings: -54.0
Choosing model 3
[0.30025874216224163, 0.000364074947547721, 0.07888131500934213, 0.13117995923843176, 0.48931590864243674]
Games played: 126
Exploitability: P1=1.933333333 P2=-0.032649212 EV: (-0.1214865441280647, 0.1214865441280647) P1 Winnings: -55.0
Choosing model 0
[0.2863257108833448, 0.00023821437384792692, 0.07273022898086529, 0.11260569453291512, 0.5281001512290268]
Games played: 127
Exploitability: P1=1.900000000 P2=-0.032649212 EV: (-0.08472524783337569, 0.08472524783337569) P1 Winnings: -66.0
Choosing model 2
[0.2770854222424812, 0.0001784283529011224, 0.06887742913626543, 0.1017681239533812, 0.552090596314971]
Games played: 128
Exploitability: P1=4.600000000 P2=-0.032649212 EV: (-0.300448047187299, 0.300448047187299) P1 Winnings: -66.0
Choosing model 3
[0.2676576126279902, 0.00013224348843585284, 0.06511430648093128, 0.09177759102889747, 0.5753182463737451]
Games played: 129
Exploitability: P1=1.933333333 P2=-0.032649212 EV: (-0.1214865441280647, 0.1214865441280647) P1 Winnings: -65.0
Choosing model 0
[0.2679440487293764, 0.00011779205827273211, 0.0649009901417779, 0.09021202792703169, 0.5768251411435413]
Games played: 130
Exploitability: P1=1.900000000 P2=-0.032649212 EV: (-0.08472524783337569, 0.08472524783337569) P1 Winnings: -65.0
Choosing model 0
[0.2581254110837965, 8.706571362626551e-05, 0.061188743651576956, 0.08113533884387406, 0.5994634407071262]
Games played: 131
Exploitability: P1=1.900000000 P2=-0.032649212 EV: (-0.08472524783337569, 0.08472524783337569) P1 Winnings: -64.0
Choosing model 4
[0.26316637854117764, 9.503974455182664e-05, 0.06290803186402254, 0.08475429862256936, 0.5890762512276787]
Games played: 132
Exploitability: P1=2.600000000 P2=-0.032649212 EV: (-0.032856440676239704, 0.032856440676239704) P1 Winnings: -65.0
Choosing model 4
[0.26116770119775035, 8.372470112731586e-05, 0.06199814588158384, 0.08207750767604162, 0.5946729205434969]
Games played: 133
Exploitability: P1=2.600000000 P2=-0.032649212 EV: (-0.032856440676239704, 0.032856440676239704) P1 Winnings: -65.0
Choosing model 4
[0.28833644525083724, 0.00014652270767713657, 0.07197238607471752, 0.10526847013148032, 0.5342761758352879]
Games played: 134
Exploitability: P1=2.600000000 P2=-0.032649212 EV: (-0.032856440676239704, 0.032856440676239704) P1 Winnings: -68.0
Choosing model 4
[0.28076929226136665, 0.00011559911951867266, 0.06887566653472735, 0.09699767141869388, 0.5532417706656935]
Games played: 135
Exploitability: P1=2.600000000 P2=-0.032649212 EV: (-0.032856440676239704, 0.032856440676239704) P1 Winnings: -69.0
Choosing model 4
[0.28076935984160245, 0.0001155992502264459, 0.06887569082696354, 0.09699772619302778, 0.5532416238881799]
Games played: 136
Exploitability: P1=2.600000000 P2=-0.032649212 EV: (-0.032856440676239704, 0.032856440676239704) P1 Winnings: -70.0
Choosing model 4
[0.2807694274218278, 0.00011559938093435596, 0.06887571511920178, 0.0969977809673834, 0.5532414771106526]
Games played: 137
Exploitability: P1=2.600000000 P2=-0.032649212 EV: (-0.032856440676239704, 0.032856440676239704) P1 Winnings: -71.0
Choosing model 4
[0.2992429253955728, 0.00017028811342998415, 0.07606282286220484, 0.11493564152675641, 0.509588322102036]
Games played: 138
Exploitability: P1=2.600000000 P2=-0.032649212 EV: (-0.032856440676239704, 0.032856440676239704) P1 Winnings: -76.0
Choosing model 4
[0.2733732575727455, 8.104121762305534e-05, 0.06562821271346667, 0.0877706664186755, 0.5731468220774892]
Games played: 139
Exploitability: P1=2.600000000 P2=-0.032649212 EV: (-0.032856440676239704, 0.032856440676239704) P1 Winnings: -76.0
Choosing model 0
[0.27337333268838576, 8.104131785283354e-05, 0.06562823868737054, 0.08777072125550126, 0.5731466660508897]
Games played: 140
Exploitability: P1=1.900000000 P2=-0.032649212 EV: (-0.08472524783337569, 0.08472524783337569) P1 Winnings: -79.0
Choosing model 0
[0.29009047319488807, 8.878854227048344e-05, 0.07373988308905961, 0.08421546686261439, 0.5518653883111675]
Games played: 141
Exploitability: P1=1.900000000 P2=-0.032649212 EV: (-0.08472524783337569, 0.08472524783337569) P1 Winnings: -78.0
Choosing model 0
[0.295183263462913, 9.673276497073883e-05, 0.07566510122475001, 0.08780154479962905, 0.5412533577477372]
Games played: 142
Exploitability: P1=1.900000000 P2=-0.032649212 EV: (-0.08472524783337569, 0.08472524783337569) P1 Winnings: -73.0
Choosing model 0
[0.2695789173169748, 5.296806464662754e-05, 0.06581140064688577, 0.0690124800737374, 0.5955442338977553]
Games played: 143
Exploitability: P1=1.900000000 P2=-0.032649212 EV: (-0.08472524783337569, 0.08472524783337569) P1 Winnings: -72.0
Choosing model 4
[0.27487719830925866, 5.7826291740781244e-05, 0.06766885634013782, 0.07209953559140868, 0.5852965834674542]
Games played: 144
Exploitability: P1=2.600000000 P2=-0.032649212 EV: (-0.032856440676239704, 0.032856440676239704) P1 Winnings: -81.0
Choosing model 4
[0.2641101634849332, 4.3004540789057324e-05, 0.06362735629046205, 0.06469592858788596, 0.6075235470959296]
Games played: 145
Exploitability: P1=2.600000000 P2=-0.032649212 EV: (-0.032856440676239704, 0.032856440676239704) P1 Winnings: -78.0
Choosing model 0
[0.2534170922521473, 3.165990534783618e-05, 0.059748669203211126, 0.05795443863360202, 0.6288481400056917]
Games played: 146
Exploitability: P1=1.900000000 P2=-0.032649212 EV: (-0.08472524783337569, 0.08472524783337569) P1 Winnings: -78.0
Choosing model 0
[0.25341716642747475, 3.165994279208954e-05, 0.059748693383547116, 0.05795447437418086, 0.6288480058720052]
Games played: 147
Exploitability: P1=1.900000000 P2=-0.032649212 EV: (-0.08472524783337569, 0.08472524783337569) P1 Winnings: -79.0
Choosing model 4
[0.22669801104674991, 1.6981189693290436e-05, 0.05090394173971391, 0.04462003774912462, 0.6777610282747182]
Games played: 148
Exploitability: P1=2.600000000 P2=-0.032649212 EV: (-0.032856440676239704, 0.032856440676239704) P1 Winnings: -78.0
Choosing model 4
[0.23202888349179424, 1.860890876504565e-05, 0.0525388632476553, 0.04679250660289789, 0.6686211377488875]
Games played: 149
Exploitability: P1=2.600000000 P2=-0.032649212 EV: (-0.032856440676239704, 0.032856440676239704) P1 Winnings: -79.0
Choosing model 4
[0.2320289571055914, 1.8608931230900753e-05, 0.052538885800572505, 0.046792536609159385, 0.6686210115534458]
Games played: 150
Exploitability: P1=2.600000000 P2=-0.032649212 EV: (-0.032856440676239704, 0.032856440676239704) P1 Winnings: -80.0
Choosing model 4
[0.25320687843705275, 2.806786400030747e-05, 0.05940820112525415, 0.056771284008246124, 0.6305855685654467]
Games played: 151
Exploitability: P1=2.600000000 P2=-0.032649212 EV: (-0.032856440676239704, 0.032856440676239704) P1 Winnings: -75.0
Choosing model 0
[0.25861147048584515, 3.069305381457305e-05, 0.06118621734375212, 0.05940910884576672, 0.6207625102708215]
Games played: 152
Exploitability: P1=1.900000000 P2=-0.032649212 EV: (-0.08472524783337569, 0.08472524783337569) P1 Winnings: -76.0
Choosing model 4
[0.22879201607296054, 1.4145642225911714e-05, 0.051124925531023685, 0.04393480010833363, 0.6761341126454562]
Games played: 153
Exploitability: P1=2.600000000 P2=-0.032649212 EV: (-0.032856440676239704, 0.032856440676239704) P1 Winnings: -79.0
Choosing model 4
[0.244389461476435, 1.560045951296573e-05, 0.057824072336989406, 0.04243411394122679, 0.6553367517858358]
Games played: 154
Exploitability: P1=2.600000000 P2=-0.032649212 EV: (-0.032856440676239704, 0.032856440676239704) P1 Winnings: -78.0
Choosing model 3
[0.23329163452811646, 1.1426114992166517e-05, 0.05402054161990397, 0.0378173238861343, 0.6748590738508531]
Games played: 155
Exploitability: P1=1.933333333 P2=-0.032649212 EV: (-0.1214865441280647, 0.1214865441280647) P1 Winnings: -78.0
Choosing model 4
[0.23326278788898167, 1.0165344109416087e-05, 0.05377935854215613, 0.03712789823433498, 0.6758197899904179]
Games played: 156
Exploitability: P1=2.600000000 P2=-0.032649212 EV: (-0.032856440676239704, 0.032856440676239704) P1 Winnings: -78.0
Choosing model 4
[0.2308684385736079, 8.931007863512257e-06, 0.0528589172581836, 0.035858558964329226, 0.6804051541960158]
Games played: 157
Exploitability: P1=2.600000000 P2=-0.032649212 EV: (-0.032856440676239704, 0.032856440676239704) P1 Winnings: -78.0
Choosing model 3
[0.23086852012266126, 8.93101960983811e-06, 0.05285894232534374, 0.03585858418107804, 0.6804050223513072]
Games played: 158
Exploitability: P1=1.933333333 P2=-0.032649212 EV: (-0.1214865441280647, 0.1214865441280647) P1 Winnings: -81.0
Choosing model 4
[0.2457414293055452, 1.1647672927901079e-05, 0.057601241432017204, 0.040903049620838836, 0.6557426319686709]
Games played: 159
Exploitability: P1=2.600000000 P2=-0.032649212 EV: (-0.032856440676239704, 0.032856440676239704) P1 Winnings: -90.0
Choosing model 2
[0.2416419883280739, 1.0340684197411566e-05, 0.05618770692224412, 0.039198208811932825, 0.6629617552535518]
Games played: 160
Exploitability: P1=4.600000000 P2=-0.032649212 EV: (-0.300448047187299, 0.300448047187299) P1 Winnings: -93.0
Choosing model 4
[0.19758469467161885, 4.460055833877399e-06, 0.03876858178154047, 0.030350810124297505, 0.7332914533667093]
Games played: 161
Exploitability: P1=2.600000000 P2=-0.032649212 EV: (-0.032856440676239704, 0.032856440676239704) P1 Winnings: -98.0
Choosing model 4
[0.19758476518299933, 4.4600613949815505e-06, 0.03876859995884438, 0.030350830789174155, 0.7332913440075871]
Games played: 162
Exploitability: P1=2.600000000 P2=-0.032649212 EV: (-0.032856440676239704, 0.032856440676239704) P1 Winnings: -99.0
Choosing model 4
[0.20274176949333228, 4.899920878381456e-06, 0.04011481683632258, 0.03190894147377361, 0.7252295722756932]
Games played: 163
Exploitability: P1=2.600000000 P2=-0.032649212 EV: (-0.032856440676239704, 0.032856440676239704) P1 Winnings: -100.0
Choosing model 2
[0.1775046603217847, 2.5721842640474103e-06, 0.033448964359201964, 0.02404419547110467, 0.7649996076636446]
Games played: 164
Exploitability: P1=4.600000000 P2=-0.032649212 EV: (-0.300448047187299, 0.300448047187299) P1 Winnings: -101.0
Choosing model 4
[0.20701252737965367, 3.5426682592820007e-06, 0.04321173398815655, 0.025200401505633102, 0.7245717944582974]
Games played: 165
Exploitability: P1=2.600000000 P2=-0.032649212 EV: (-0.032856440676239704, 0.032856440676239704) P1 Winnings: -96.0
Choosing model 2
[0.21236638921897488, 3.891151090246056e-06, 0.044701877867491954, 0.02648796855182832, 0.7164398732106145]
Games played: 166
Exploitability: P1=4.600000000 P2=-0.032649212 EV: (-0.300448047187299, 0.300448047187299) P1 Winnings: -97.0
Choosing model 0
[0.2274368236464604, 4.302552762583243e-06, 0.05069150002271026, 0.025650068235900107, 0.6962173055421667]
Games played: 167
Exploitability: P1=1.900000000 P2=-0.032649212 EV: (-0.08472524783337569, 0.08472524783337569) P1 Winnings: -96.0
Choosing model 4
[0.2330561532172879, 4.720461392668704e-06, 0.05238052578545103, 0.02693024805232134, 0.687628352483547]
Games played: 168
Exploitability: P1=2.600000000 P2=-0.032649212 EV: (-0.032856440676239704, 0.032856440676239704) P1 Winnings: -97.0
Choosing model 4
[0.22887675461542364, 4.185445106138205e-06, 0.0510300989724553, 0.025774958753451906, 0.6943140022135631]
Games played: 169
Exploitability: P1=2.600000000 P2=-0.032649212 EV: (-0.032856440676239704, 0.032856440676239704) P1 Winnings: -100.0
Choosing model 0
[0.22887683180490978, 4.1854502427491444e-06, 0.051030121897919264, 0.025774975797253255, 0.694313885049675]
Games played: 170
Exploitability: P1=1.900000000 P2=-0.032649212 EV: (-0.08472524783337569, 0.08472524783337569) P1 Winnings: -101.0
Choosing model 0
[0.2288769089944066, 4.185455379366108e-06, 0.051030144823390106, 0.02577499284106415, 0.6943137678857598]
Games played: 171
Exploitability: P1=1.900000000 P2=-0.032649212 EV: (-0.08472524783337569, 0.08472524783337569) P1 Winnings: -102.0
Choosing model 0
[0.21970249855274324, 3.255181854062829e-06, 0.048140396574448845, 0.02341232258708123, 0.7087415271038726]
Games played: 172
Exploitability: P1=1.900000000 P2=-0.032649212 EV: (-0.08472524783337569, 0.08472524783337569) P1 Winnings: -103.0
Choosing model 4
[0.2104563413859925, 2.511542797830428e-06, 0.04529958859213755, 0.02119152251103563, 0.7230500359680365]
Games played: 173
Exploitability: P1=2.600000000 P2=-0.032649212 EV: (-0.032856440676239704, 0.032856440676239704) P1 Winnings: -103.0
Choosing model 4
[0.23473064708672048, 4.052843736975621e-06, 0.05257453818879257, 0.026625856334398054, 0.6860649055463518]
Games played: 174
Exploitability: P1=2.600000000 P2=-0.032649212 EV: (-0.032856440676239704, 0.032856440676239704) P1 Winnings: -114.0
Choosing model 0
[0.2505126145113904, 4.465733216961178e-06, 0.059411380889424555, 0.02569379543671333, 0.6643777434292547]
Games played: 175
Exploitability: P1=1.900000000 P2=-0.032649212 EV: (-0.08472524783337569, 0.08472524783337569) P1 Winnings: -113.0
Choosing model 0
[0.2505126949743017, 4.4657386258355405e-06, 0.059411406626037576, 0.025693812014191145, 0.6643776206468438]
Games played: 176
Exploitability: P1=1.900000000 P2=-0.032649212 EV: (-0.08472524783337569, 0.08472524783337569) P1 Winnings: -114.0
Choosing model 0
[0.21953800138934276, 4.810243923185664e-06, 0.03969325130389108, 0.036356775545183684, 0.7044071615176593]
Games played: 177
Exploitability: P1=1.900000000 P2=-0.032649212 EV: (-0.08472524783337569, 0.08472524783337569) P1 Winnings: -119.0
Choosing model 4
[0.23514902092693146, 5.319535116638946e-06, 0.045017826080135735, 0.0352114331587415, 0.6846164002990746]
Games played: 178
Exploitability: P1=2.600000000 P2=-0.032649212 EV: (-0.032856440676239704, 0.032856440676239704) P1 Winnings: -118.0
Choosing model 4
[0.3081629108281412, 1.1621457950035523e-05, 0.07312784320275448, 0.04083449380936997, 0.5778631307017843]
Games played: 179
Exploitability: P1=2.600000000 P2=-0.032649212 EV: (-0.032856440676239704, 0.032856440676239704) P1 Winnings: -113.0
Choosing model 3
[0.3081630011013954, 1.162147253429346e-05, 0.07312787347331588, 0.040834520063532366, 0.5778629838892222]
Games played: 180
Exploitability: P1=1.933333333 P2=-0.032649212 EV: (-0.1214865441280647, 0.1214865441280647) P1 Winnings: -116.0
Choosing model 0
[0.3037137615776948, 1.0340968693524469e-05, 0.07149610200233672, 0.03922183819649094, 0.585557957254784]
Games played: 181
Exploitability: P1=1.900000000 P2=-0.032649212 EV: (-0.08472524783337569, 0.08472524783337569) P1 Winnings: -113.0
Choosing model 0
[0.252454149709997, 6.767520004935271e-06, 0.044765296965652984, 0.04394885730397686, 0.6588249285003682]
Games played: 182
Exploitability: P1=1.900000000 P2=-0.032649212 EV: (-0.08472524783337569, 0.08472524783337569) P1 Winnings: -104.0
Choosing model 4
[0.24306244842264096, 5.279155153556927e-06, 0.042357144144193996, 0.04004016624485538, 0.6745349620331561]
Games played: 183
Exploitability: P1=2.600000000 P2=-0.032649212 EV: (-0.032856440676239704, 0.032856440676239704) P1 Winnings: -105.0
Choosing model 4
[0.23884949685464069, 4.68367741693244e-06, 0.0412903512689371, 0.038345892178637236, 0.6815095760203681]
Games played: 184
Exploitability: P1=2.600000000 P2=-0.032649212 EV: (-0.032856440676239704, 0.032856440676239704) P1 Winnings: -108.0
Choosing model 4
[0.22279357178665976, 5.07652580276099e-06, 0.03208764491218546, 0.046638341744113965, 0.6984753650312382]
Games played: 185
Exploitability: P1=2.600000000 P2=-0.032649212 EV: (-0.032856440676239704, 0.032856440676239704) P1 Winnings: -103.0
Choosing model 4
[0.21397205652443377, 3.950213109129743e-06, 0.030286012285532536, 0.04238482895651201, 0.7133531520204126]
Games played: 186
Exploitability: P1=2.600000000 P2=-0.032649212 EV: (-0.032856440676239704, 0.032856440676239704) P1 Winnings: -104.0
Choosing model 4
[0.15594790386316265, 1.9816404716838116e-06, 0.015893072556594303, 0.041897590650316736, 0.7862594512894547]
Games played: 187
Exploitability: P1=2.600000000 P2=-0.032649212 EV: (-0.032856440676239704, 0.032856440676239704) P1 Winnings: -107.0
Choosing model 4
[0.16031811181490968, 2.1811541698555135e-06, 0.016475774226026703, 0.04413103706574391, 0.77907289573915]
Games played: 188
Exploitability: P1=2.600000000 P2=-0.032649212 EV: (-0.032856440676239704, 0.032856440676239704) P1 Winnings: -108.0
Choosing model 4
[0.15298633694954855, 1.6764659135328996e-06, 0.01544448612343928, 0.039792830352897234, 0.7917746701082014]
Games played: 189
Exploitability: P1=2.600000000 P2=-0.032649212 EV: (-0.032856440676239704, 0.032856440676239704) P1 Winnings: -107.0
Choosing model 4
[0.1529863960045329, 1.6764680527317466e-06, 0.015444493815025518, 0.03979285860642524, 0.7917745751059636]
Games played: 190
Exploitability: P1=2.600000000 P2=-0.032649212 EV: (-0.032856440676239704, 0.032856440676239704) P1 Winnings: -108.0
Choosing model 4
[0.15298645505953115, 1.6764701919332259e-06, 0.015444501506614689, 0.039792886859971, 0.7917744801036912]
Games played: 191
Exploitability: P1=2.600000000 P2=-0.032649212 EV: (-0.032856440676239704, 0.032856440676239704) P1 Winnings: -109.0
Choosing model 4
[0.1704565042153053, 2.581732146342937e-06, 0.01783063188341815, 0.049292959443063146, 0.762417322726067]
Games played: 192
Exploitability: P1=2.600000000 P2=-0.032649212 EV: (-0.032856440676239704, 0.032856440676239704) P1 Winnings: -114.0
Choosing model 0
[0.17045656691155942, 2.5817353936867452e-06, 0.017830640438806118, 0.04929299354465078, 0.76241721736959]
Games played: 193
Exploitability: P1=1.900000000 P2=-0.032649212 EV: (-0.08472524783337569, 0.08472524783337569) P1 Winnings: -115.0
Choosing model 4
[0.18884128307868328, 3.953206996547428e-06, 0.02046832858629384, 0.06071377203810102, 0.7299726630899253]
Games played: 194
Exploitability: P1=2.600000000 P2=-0.032649212 EV: (-0.032856440676239704, 0.032856440676239704) P1 Winnings: -115.0
Choosing model 0
[0.15927434825553627, 4.098158758104021e-06, 0.013161272565765207, 0.08268221628836092, 0.7448780647315794]
Games played: 195
Exploitability: P1=1.900000000 P2=-0.032649212 EV: (-0.08472524783337569, 0.08472524783337569) P1 Winnings: -110.0
Choosing model 4
[0.1592744037853241, 4.098163834265788e-06, 0.013161278628408619, 0.08268227190398718, 0.7448779475184458]
Games played: 196
Exploitability: P1=2.600000000 P2=-0.032649212 EV: (-0.032856440676239704, 0.032856440676239704) P1 Winnings: -111.0
Choosing model 4
[0.15927445931511883, 4.098168910433522e-06, 0.013161284691053795, 0.08268232751964438, 0.7448778303052725]
Games played: 197
Exploitability: P1=2.600000000 P2=-0.032649212 EV: (-0.032856440676239704, 0.032856440676239704) P1 Winnings: -112.0
Choosing model 3
[0.17569718346545204, 6.0982838491111535e-06, 0.015038365362362718, 0.10093804244246221, 0.708320310445874]
Games played: 198
Exploitability: P1=1.933333333 P2=-0.032649212 EV: (-0.1214865441280647, 0.1214865441280647) P1 Winnings: -105.0
Choosing model 3
[0.19283743429093378, 5.758938941563765e-06, 0.017875830976311718, 0.08991613149391234, 0.6993648442999006]
Games played: 199
Exploitability: P1=1.933333333 P2=-0.032649212 EV: (-0.1214865441280647, 0.1214865441280647) P1 Winnings: -102.0
Choosing model 4
[0.18428995621613217, 4.321693893489541e-06, 0.01674070800019937, 0.08058744123457694, 0.718377572855198]
Games played: 200
Exploitability: P1=2.600000000 P2=-0.032649212 EV: (-0.032856440676239704, 0.032856440676239704) P1 Winnings: -105.0
