Player 1 exploitability: 0.109080782965
Choosing model 4
[0.19999996719993904, 0.2000001452002699, 0.19999998959998067, 0.20000003200005947, 0.1999998659997509]
Games played: 1
Exploitability: P1=2.600000000 P2=0.023428769 EV: (0.022869368158583456, -0.022869368158583456) P1 Winnings: -1
Choosing model 3
[0.20396121220067656, 0.2105819208809829, 0.21596432172860816, 0.18442194558827765, 0.18507059960145483]
Games played: 2
Exploitability: P1=1.933333333 P2=0.023428769 EV: (-0.14184311336276445, 0.14184311336276445) P1 Winnings: 0.0
Choosing model 3
[0.22227632657648436, 0.13759833914166086, 0.22415011764243864, 0.17297747414593628, 0.24299774249347994]
Games played: 3
Exploitability: P1=1.933333333 P2=0.023428769 EV: (-0.14184311336276445, 0.14184311336276445) P1 Winnings: -1.0
Choosing model 3
[0.2265576337945622, 0.1247888778551536, 0.2274756151727097, 0.1731164415599999, 0.24806143161757468]
Games played: 4
Exploitability: P1=1.933333333 P2=0.023428769 EV: (-0.14184311336276445, 0.14184311336276445) P1 Winnings: -6.0
Choosing model 2
[0.23168290164551492, 0.1317541413145855, 0.24631139753055933, 0.1600731437334999, 0.23017841577584036]
Games played: 5
Exploitability: P1=4.600000000 P2=0.023428769 EV: (-0.5144997593998409, 0.5144997593998409) P1 Winnings: -5.0
Choosing model 4
[0.23168283105534823, 0.13175454571186893, 0.24631142691981744, 0.16007329169251366, 0.2301779046204517]
Games played: 6
Exploitability: P1=2.600000000 P2=0.023428769 EV: (0.022869368158583456, -0.022869368158583456) P1 Winnings: -14.0
Choosing model 2
[0.2438393429618918, 0.07223788517848354, 0.24483893966587836, 0.14082875475031603, 0.2982550774434304]
Games played: 7
Exploitability: P1=4.600000000 P2=0.023428769 EV: (-0.5144997593998409, 0.5144997593998409) P1 Winnings: -14.0
Choosing model 2
[0.24457006782820484, 0.07730110294912863, 0.24893426924244333, 0.14263834981440465, 0.2865562101658185]
Games played: 8
Exploitability: P1=4.600000000 P2=0.023428769 EV: (-0.5144997593998409, 0.5144997593998409) P1 Winnings: -9.0
Choosing model 4
[0.2463451277171721, 0.1082624647332779, 0.27745032061980507, 0.13865986385673829, 0.22928222307300666]
Games played: 9
Exploitability: P1=2.600000000 P2=0.023428769 EV: (0.022869368158583456, -0.022869368158583456) P1 Winnings: -4.0
Choosing model 4
[0.2520264109995697, 0.08913045978930866, 0.2817833901139037, 0.13056011095675157, 0.24649962814046641]
Games played: 10
Exploitability: P1=2.600000000 P2=0.023428769 EV: (0.022869368158583456, -0.022869368158583456) P1 Winnings: -3.0
Choosing model 0
[0.2567189842737249, 0.10567339386909907, 0.3319067544655926, 0.10979533294675022, 0.19590553444483313]
Games played: 11
Exploitability: P1=1.900000000 P2=0.023428769 EV: (-0.0879289055388621, 0.0879289055388621) P1 Winnings: 0.0
Choosing model 2
[0.2552191764073412, 0.11248106506790885, 0.3327410016061114, 0.11183847560043456, 0.18772028131820404]
Games played: 12
Exploitability: P1=4.600000000 P2=0.023428769 EV: (-0.5144997593998409, 0.5144997593998409) P1 Winnings: -9.0
Choosing model 1
[0.2554052373308059, 0.0886229490196156, 0.2508209899437822, 0.15087223898037552, 0.25427858472542086]
Games played: 13
Exploitability: P1=2.800000000 P2=0.023428769 EV: (-0.5346992802315548, 0.5346992802315548) P1 Winnings: -18.0
Choosing model 2
[0.2501312462515432, 0.11702151215294172, 0.2543177462166073, 0.16364300438672433, 0.21488649099218354]
Games played: 14
Exploitability: P1=4.600000000 P2=0.023428769 EV: (-0.5144997593998409, 0.5144997593998409) P1 Winnings: -11.0
Choosing model 2
[0.25224286756633624, 0.13936643637780385, 0.28409249733855096, 0.14830600448598688, 0.17599219423132204]
Games played: 15
Exploitability: P1=4.600000000 P2=0.023428769 EV: (-0.5144997593998409, 0.5144997593998409) P1 Winnings: -6.0
Choosing model 1
[0.24873505432425905, 0.10819982962193353, 0.211017720186614, 0.19714167193830046, 0.23490572392889297]
Games played: 16
Exploitability: P1=2.800000000 P2=0.023428769 EV: (-0.5346992802315548, 0.5346992802315548) P1 Winnings: -15.0
Choosing model 4
[0.25715217328129003, 0.06706965763826722, 0.2077702930835718, 0.17541346299172525, 0.29259441300514577]
Games played: 17
Exploitability: P1=2.600000000 P2=0.023428769 EV: (0.022869368158583456, -0.022869368158583456) P1 Winnings: -15.0
Choosing model 4
[0.2591489796364109, 0.0523152092551718, 0.20490445471078844, 0.16508982666444208, 0.31854152973318667]
Games played: 18
Exploitability: P1=2.600000000 P2=0.023428769 EV: (0.022869368158583456, -0.022869368158583456) P1 Winnings: -12.0
Choosing model 0
[0.2615680031129742, 0.0491206993411775, 0.20682169834543002, 0.16582067369905112, 0.316668925501367]
Games played: 19
Exploitability: P1=1.900000000 P2=0.023428769 EV: (-0.0879289055388621, 0.0879289055388621) P1 Winnings: -15.0
Choosing model 4
[0.2620684832915095, 0.03776062968833791, 0.20279621587571575, 0.15510572105021492, 0.34226895009422187]
Games played: 20
Exploitability: P1=2.600000000 P2=0.023428769 EV: (0.022869368158583456, -0.022869368158583456) P1 Winnings: -14.0
Choosing model 3
[0.26093192273112664, 0.029100082503386256, 0.19759725623153196, 0.1442242606154226, 0.36814647791853244]
Games played: 21
Exploitability: P1=1.933333333 P2=0.023428769 EV: (-0.14184311336276445, 0.14184311336276445) P1 Winnings: -11.0
Choosing model 4
[0.25059494682024774, 0.014943445316021651, 0.17910598044621584, 0.11580425716031827, 0.43955137025719654]
Games played: 22
Exploitability: P1=2.600000000 P2=0.023428769 EV: (0.022869368158583456, -0.022869368158583456) P1 Winnings: -12.0
Choosing model 4
[0.24661861992590206, 0.01184520549368248, 0.17314948934974064, 0.10768834906410453, 0.46069833616657024]
Games played: 23
Exploitability: P1=2.600000000 P2=0.023428769 EV: (0.022869368158583456, -0.022869368158583456) P1 Winnings: -11.0
Choosing model 2
[0.24210261878746417, 0.009366008128034698, 0.16697536941426414, 0.09989252318746326, 0.48166348048277374]
Games played: 24
Exploitability: P1=4.600000000 P2=0.023428769 EV: (-0.5144997593998409, 0.5144997593998409) P1 Winnings: -10.0
Choosing model 4
[0.23166913582093632, 0.006149301567015549, 0.15448861901189817, 0.08604535759142819, 0.5216475860087219]
Games played: 25
Exploitability: P1=2.600000000 P2=0.023428769 EV: (0.022869368158583456, -0.022869368158583456) P1 Winnings: -10.0
Choosing model 4
[0.2459248651370114, 0.009444338621175451, 0.17064917150803605, 0.10289525553892517, 0.4710863691948519]
Games played: 26
Exploitability: P1=2.600000000 P2=0.023428769 EV: (0.022869368158583456, -0.022869368158583456) P1 Winnings: -11.0
Choosing model 4
[0.24284616466893025, 0.007504927757499302, 0.16728656830147667, 0.09351511674790035, 0.48884722252419344]
Games played: 27
Exploitability: P1=2.600000000 P2=0.023428769 EV: (0.022869368158583456, -0.022869368158583456) P1 Winnings: -10.0
Choosing model 4
[0.2375692779766844, 0.005913489796980778, 0.1607598805649261, 0.08644333014678039, 0.5093140215146282]
Games played: 28
Exploitability: P1=2.600000000 P2=0.023428769 EV: (0.022869368158583456, -0.022869368158583456) P1 Winnings: -9.0
Choosing model 3
[0.2305594600964006, 0.004442005517920517, 0.15267888766638793, 0.07834697681897844, 0.5339726699003126]
Games played: 29
Exploitability: P1=1.933333333 P2=0.023428769 EV: (-0.14184311336276445, 0.14184311336276445) P1 Winnings: -6.0
Choosing model 2
[0.22328676852145118, 0.003300681689317717, 0.14470801883766368, 0.07083717748254298, 0.5578673534690244]
Games played: 30
Exploitability: P1=4.600000000 P2=0.023428769 EV: (-0.5144997593998409, 0.5144997593998409) P1 Winnings: -6.0
Choosing model 4
[0.1677831912069717, 0.0013091786697753006, 0.07655056816079905, 0.06723923285626851, 0.6871178291061856]
Games played: 31
Exploitability: P1=2.600000000 P2=0.023428769 EV: (0.022869368158583456, -0.022869368158583456) P1 Winnings: -3.0
Choosing model 0
[0.16619860006962683, 0.0011511637759806382, 0.07530275590571264, 0.06499426318532105, 0.6923532170633588]
Games played: 32
Exploitability: P1=1.900000000 P2=0.023428769 EV: (-0.0879289055388621, 0.0879289055388621) P1 Winnings: -3.0
Choosing model 2
[0.15997700179742877, 0.0008977735997926052, 0.07123458672589836, 0.059199514684347525, 0.7086911231925328]
Games played: 33
Exploitability: P1=4.600000000 P2=0.023428769 EV: (-0.5144997593998409, 0.5144997593998409) P1 Winnings: -4.0
Choosing model 4
[0.1537714179548101, 0.0006991725426326507, 0.06729129733259691, 0.05384543832813893, 0.7243926738418215]
Games played: 34
Exploitability: P1=2.600000000 P2=0.023428769 EV: (0.022869368158583456, -0.022869368158583456) P1 Winnings: -3.0
Choosing model 4
[0.1705311044954682, 0.0011218217266601917, 0.07765337146017771, 0.06726831470000637, 0.6834253876176876]
Games played: 35
Exploitability: P1=2.600000000 P2=0.023428769 EV: (0.022869368158583456, -0.022869368158583456) P1 Winnings: -14.0
Choosing model 4
[0.16264116926324806, 0.0008281204281908839, 0.07247627389716135, 0.05991499990540283, 0.704139436505997]
Games played: 36
Exploitability: P1=2.600000000 P2=0.023428769 EV: (0.022869368158583456, -0.022869368158583456) P1 Winnings: -21.0
Choosing model 4
[0.15623052027224246, 0.0006407183999163909, 0.06838940457038033, 0.054382803747522517, 0.7203565530099384]
Games played: 37
Exploitability: P1=2.600000000 P2=0.023428769 EV: (0.022869368158583456, -0.022869368158583456) P1 Winnings: -20.0
Choosing model 4
[0.1484184670149906, 0.0004711203150653474, 0.06357985436190533, 0.04824826954040607, 0.7392822887676327]
Games played: 38
Exploitability: P1=2.600000000 P2=0.023428769 EV: (0.022869368158583456, -0.022869368158583456) P1 Winnings: -17.0
Choosing model 4
[0.14213778872504887, 0.0003634057141765691, 0.05981343111209079, 0.043661031818819813, 0.754024342629864]
Games played: 39
Exploitability: P1=2.600000000 P2=0.023428769 EV: (0.022869368158583456, -0.022869368158583456) P1 Winnings: -16.0
Choosing model 4
[0.14052472307134878, 0.0003189291523088029, 0.05872532656348598, 0.042122151151243264, 0.7583088700616131]
Games played: 40
Exploitability: P1=2.600000000 P2=0.023428769 EV: (0.022869368158583456, -0.022869368158583456) P1 Winnings: -16.0
Choosing model 4
[0.12848729310040288, 0.00020008025401453168, 0.05191684216283644, 0.03466919462749409, 0.784726589855252]
Games played: 41
Exploitability: P1=2.600000000 P2=0.023428769 EV: (0.022869368158583456, -0.022869368158583456) P1 Winnings: -16.0
Choosing model 2
[0.13206156478386644, 0.00022018054483621528, 0.05380956066532617, 0.036510018137019484, 0.7773986758689516]
Games played: 42
Exploitability: P1=4.600000000 P2=0.023428769 EV: (-0.5144997593998409, 0.5144997593998409) P1 Winnings: -17.0
Choosing model 4
[0.125373776454381, 0.0001612114923506369, 0.050256915892698435, 0.031897573891537176, 0.7923105222690328]
Games played: 43
Exploitability: P1=2.600000000 P2=0.023428769 EV: (0.022869368158583456, -0.022869368158583456) P1 Winnings: -14.0
Choosing model 0
[0.12457937234402305, 0.0001397116128684345, 0.04962122516829272, 0.03093049717818327, 0.7947291936966326]
Games played: 44
Exploitability: P1=1.900000000 P2=0.023428769 EV: (-0.0879289055388621, 0.0879289055388621) P1 Winnings: -14.0
Choosing model 4
[0.09736664571116209, 8.596998646780336e-05, 0.029212761667099175, 0.032587614643197683, 0.8407470079920732]
Games played: 45
Exploitability: P1=2.600000000 P2=0.023428769 EV: (0.022869368158583456, -0.022869368158583456) P1 Winnings: -5.0
Choosing model 4
[0.09736668902632284, 8.597010741629705e-05, 0.02921277819763119, 0.03258764054602835, 0.8407469221226014]
Games played: 46
Exploitability: P1=2.600000000 P2=0.023428769 EV: (0.022869368158583456, -0.022869368158583456) P1 Winnings: -8.0
Choosing model 4
[0.09252500964956005, 6.580130599146898e-05, 0.02726962540422601, 0.029261210905247685, 0.8508783527349748]
Games played: 47
Exploitability: P1=2.600000000 P2=0.023428769 EV: (0.022869368158583456, -0.022869368158583456) P1 Winnings: -7.0
Choosing model 4
[0.09374093306562785, 6.201633645309303e-05, 0.0276286007935751, 0.029501607277889214, 0.8490668425264548]
Games played: 48
Exploitability: P1=2.600000000 P2=0.023428769 EV: (0.022869368158583456, -0.022869368158583456) P1 Winnings: -10.0
Choosing model 4
[0.08796868259017374, 4.504509388216646e-05, 0.025372680518478293, 0.025854883095973932, 0.8607587087014917]
Games played: 49
Exploitability: P1=2.600000000 P2=0.023428769 EV: (0.022869368158583456, -0.022869368158583456) P1 Winnings: -7.0
Choosing model 4
[0.07371886654481229, 1.9664709937110015e-05, 0.020081812784245107, 0.018111552326404098, 0.8880681036346014]
Games played: 50
Exploitability: P1=2.600000000 P2=0.023428769 EV: (0.022869368158583456, -0.022869368158583456) P1 Winnings: -7.0
Choosing model 4
[0.05819428100457482, 1.2045519108754091e-05, 0.0124652862096569, 0.017705574784085246, 0.9116228124825744]
Games played: 51
Exploitability: P1=2.600000000 P2=0.023428769 EV: (0.022869368158583456, -0.022869368158583456) P1 Winnings: 0.0
Choosing model 4
[0.05205416933797662, 7.392703777836424e-06, 0.010780846310439312, 0.01425643744949967, 0.9229011541983065]
Games played: 52
Exploitability: P1=2.600000000 P2=0.023428769 EV: (0.022869368158583456, -0.022869368158583456) P1 Winnings: 0.0
Choosing model 4
[0.039481177354917324, 3.60580273587281e-06, 0.006566363101865445, 0.011367744732122393, 0.9425811090083589]
Games played: 53
Exploitability: P1=2.600000000 P2=0.023428769 EV: (0.022869368158583456, -0.022869368158583456) P1 Winnings: 3.0
Choosing model 4
[0.04085978107125969, 3.995456041987747e-06, 0.006852763643090658, 0.012054030595743035, 0.9402294292338647]
Games played: 54
Exploitability: P1=2.600000000 P2=0.023428769 EV: (0.022869368158583456, -0.022869368158583456) P1 Winnings: 2.0
Choosing model 4
[0.04479422365064035, 4.522363294751145e-06, 0.007954742177962455, 0.011948768372382599, 0.9352977434357199]
Games played: 55
Exploitability: P1=2.600000000 P2=0.023428769 EV: (0.022869368158583456, -0.022869368158583456) P1 Winnings: 3.0
Choosing model 4
[0.04170260685353544, 3.2587362410732348e-06, 0.007247295035872225, 0.010388728992672121, 0.9406581103816792]
Games played: 56
Exploitability: P1=2.600000000 P2=0.023428769 EV: (0.022869368158583456, -0.022869368158583456) P1 Winnings: 6.0
Choosing model 4
[0.04170262652855993, 3.2587406788067428e-06, 0.007247299266798965, 0.01038873725996493, 0.9406580782039974]
Games played: 57
Exploitability: P1=2.600000000 P2=0.023428769 EV: (0.022869368158583456, -0.022869368158583456) P1 Winnings: 5.0
Choosing model 4
[0.043156514753718546, 3.610698375640612e-06, 0.007562999461681233, 0.011015336155973814, 0.9382615389302508]
Games played: 58
Exploitability: P1=2.600000000 P2=0.023428769 EV: (0.022869368158583456, -0.022869368158583456) P1 Winnings: 4.0
Choosing model 4
[0.04076105176080626, 2.763056406521744e-06, 0.00702009409033926, 0.009844863567465183, 0.9423712275249828]
Games played: 59
Exploitability: P1=2.600000000 P2=0.023428769 EV: (0.022869368158583456, -0.022869368158583456) P1 Winnings: 3.0
Choosing model 4
[0.040761071035182186, 2.7630601721940525e-06, 0.007020098196131534, 0.009844871412476485, 0.9423711962960376]
Games played: 60
Exploitability: P1=2.600000000 P2=0.023428769 EV: (0.022869368158583456, -0.022869368158583456) P1 Winnings: 2.0
Choosing model 4
[0.03797261035042284, 1.9749664249876573e-06, 0.006400319015516351, 0.008562367761704524, 0.9470627279059313]
Games played: 61
Exploitability: P1=2.600000000 P2=0.023428769 EV: (0.022869368158583456, -0.022869368158583456) P1 Winnings: 2.0
Choosing model 4
[0.03379117362576559, 1.2058550590909441e-06, 0.005506933484354522, 0.0068588683874152056, 0.9538418186474055]
Games played: 62
Exploitability: P1=2.600000000 P2=0.023428769 EV: (0.022869368158583456, -0.022869368158583456) P1 Winnings: 2.0
Choosing model 0
[0.03396843633177086, 1.157419476105326e-06, 0.005532096876318112, 0.006862566586345773, 0.9536357427860891]
Games played: 63
Exploitability: P1=1.900000000 P2=0.023428769 EV: (-0.0879289055388621, 0.0879289055388621) P1 Winnings: 1.0
Choosing model 4
[0.03955618511209056, 1.950029252340693e-06, 0.006703506761615448, 0.00900241562290319, 0.9447359424741385]
Games played: 64
Exploitability: P1=2.600000000 P2=0.023428769 EV: (0.022869368158583456, -0.022869368158583456) P1 Winnings: 0.0
Choosing model 4
[0.02687383277155291, 7.599296162962075e-07, 0.003354016823586538, 0.007445977491210382, 0.9623254129840338]
Games played: 65
Exploitability: P1=2.600000000 P2=0.023428769 EV: (0.022869368158583456, -0.022869368158583456) P1 Winnings: 7.0
Choosing model 4
[0.02952016020819726, 8.6185773176017e-07, 0.0039011146414651065, 0.00739563881323925, 0.9591822244793666]
Games played: 66
Exploitability: P1=2.600000000 P2=0.023428769 EV: (0.022869368158583456, -0.022869368158583456) P1 Winnings: 8.0
Choosing model 4
[0.03057374041764951, 9.557050892812915e-07, 0.004074304609421522, 0.007847974683016467, 0.9575030245848233]
Games played: 67
Exploitability: P1=2.600000000 P2=0.023428769 EV: (0.022869368158583456, -0.022869368158583456) P1 Winnings: 7.0
Choosing model 4
[0.03166251969559619, 1.0596910113849266e-06, 0.0042548603708542345, 0.008327344447045602, 0.9557542157954926]
Games played: 68
Exploitability: P1=2.600000000 P2=0.023428769 EV: (0.022869368158583456, -0.022869368158583456) P1 Winnings: 6.0
Choosing model 4
[0.025724263067522065, 4.6034999559918623e-07, 0.0032626227840513175, 0.00565646503943361, 0.9653561887589973]
Games played: 69
Exploitability: P1=2.600000000 P2=0.023428769 EV: (0.022869368158583456, -0.022869368158583456) P1 Winnings: 6.0
Choosing model 4
[0.02388365658759265, 3.3081758910252056e-07, 0.002964376653181781, 0.004904571475755646, 0.9682470644658808]
Games played: 70
Exploitability: P1=2.600000000 P2=0.023428769 EV: (0.022869368158583456, -0.022869368158583456) P1 Winnings: 9.0
Choosing model 4
[0.019346591532239377, 1.4328596741872782e-07, 0.002266319373473065, 0.0033215884484584725, 0.9750653573598617]
Games played: 71
Exploitability: P1=2.600000000 P2=0.023428769 EV: (0.022869368158583456, -0.022869368158583456) P1 Winnings: 9.0
Choosing model 4
[0.01883143798163608, 1.2592117558288467e-07, 0.002188343923789691, 0.003150948868145762, 0.9758291433052529]
Games played: 72
Exploitability: P1=2.600000000 P2=0.023428769 EV: (0.022869368158583456, -0.022869368158583456) P1 Winnings: 6.0
Choosing model 4
[0.019518103167679032, 1.3973697815444042e-07, 0.0022872025197334623, 0.0033461662705639695, 0.9748483883050454]
Games played: 73
Exploitability: P1=2.600000000 P2=0.023428769 EV: (0.022869368158583456, -0.022869368158583456) P1 Winnings: 5.0
Choosing model 4
[0.018105824902683126, 1.0033088135571811e-07, 0.0020763184894683744, 0.0028988537745358676, 0.9769189025024312]
Games played: 74
Exploitability: P1=2.600000000 P2=0.023428769 EV: (0.022869368158583456, -0.022869368158583456) P1 Winnings: 8.0
Choosing model 4
[0.0167926146531254, 7.202399492986777e-08, 0.0018845281154099471, 0.002510870996051725, 0.978811914211418]
Games played: 75
Exploitability: P1=2.600000000 P2=0.023428769 EV: (0.022869368158583456, -0.022869368158583456) P1 Winnings: 11.0
Choosing model 4
[0.017407212266970166, 7.99367638655626e-08, 0.0019699193335705415, 0.0026667809224277758, 0.9779560075402677]
Games played: 76
Exploitability: P1=2.600000000 P2=0.023428769 EV: (0.022869368158583456, -0.022869368158583456) P1 Winnings: 10.0
Choosing model 4
[0.01804363982401521, 8.871558883104859e-08, 0.0020591040135719578, 0.00283226770491211, 0.9770648997419119]
Games played: 77
Exploitability: P1=2.600000000 P2=0.023428769 EV: (0.022869368158583456, -0.022869368158583456) P1 Winnings: 9.0
Choosing model 4
[0.018043648723999543, 8.871571154688387e-08, 0.002059105259840562, 0.0028322700195787635, 0.9770648872808696]
Games played: 78
Exploitability: P1=2.600000000 P2=0.023428769 EV: (0.022869368158583456, -0.022869368158583456) P1 Winnings: 8.0
Choosing model 4
[0.018820580074490768, 9.305376149981228e-08, 0.002163835442020506, 0.003008005339954282, 0.9760074860897728]
Games played: 79
Exploitability: P1=2.600000000 P2=0.023428769 EV: (0.022869368158583456, -0.022869368158583456) P1 Winnings: 11.0
Choosing model 4
[0.017727072514536424, 7.101293668624281e-08, 0.0020029868257858247, 0.002680992191706183, 0.9775888774550349]
Games played: 80
Exploitability: P1=2.600000000 P2=0.023428769 EV: (0.022869368158583456, -0.022869368158583456) P1 Winnings: 10.0
Choosing model 4
[0.01949489867593929, 8.062960754874081e-08, 0.0023323645425447573, 0.0026659032518116725, 0.9755067529000967]
Games played: 81
Exploitability: P1=2.600000000 P2=0.023428769 EV: (0.022869368158583456, -0.022869368158583456) P1 Winnings: 11.0
Choosing model 4
[0.020205736611806132, 8.947602949238604e-08, 0.0024377269245738882, 0.0028310668608671585, 0.9745253801267234]
Games played: 82
Exploitability: P1=2.600000000 P2=0.023428769 EV: (0.022869368158583456, -0.022869368158583456) P1 Winnings: 10.0
Choosing model 4
[0.020941616220539076, 9.92888923173899e-08, 0.002547742204149345, 0.00300633706673384, 0.9735042052196855]
Games played: 83
Exploitability: P1=2.600000000 P2=0.023428769 EV: (0.022869368158583456, -0.022869368158583456) P1 Winnings: 9.0
Choosing model 4
[0.02094162650988545, 9.928902946882167e-08, 0.0025477437412917848, 0.003006339517907743, 0.9735041909418856]
Games played: 84
Exploitability: P1=2.600000000 P2=0.023428769 EV: (0.022869368158583456, -0.022869368158583456) P1 Winnings: 8.0
Choosing model 4
[0.024488442713344792, 1.6798229830894965e-07, 0.0031001301839275485, 0.00396024839780915, 0.9684510107226202]
Games played: 85
Exploitability: P1=2.600000000 P2=0.023428769 EV: (0.022869368158583456, -0.022869368158583456) P1 Winnings: 7.0
Choosing model 4
[0.03111815590311322, 2.484527345540325e-07, 0.004555346172775059, 0.004154670150903455, 0.9601715793204737]
Games played: 86
Exploitability: P1=2.600000000 P2=0.023428769 EV: (0.022869368158583456, -0.022869368158583456) P1 Winnings: 10.0
Choosing model 4
[0.04722958663699623, 6.286281363777188e-07, 0.008570037670016177, 0.005580114670696466, 0.9386196323941548]
Games played: 87
Exploitability: P1=2.600000000 P2=0.023428769 EV: (0.022869368158583456, -0.022869368158583456) P1 Winnings: 15.0
Choosing model 4
[0.043942253825297546, 4.526938270014248e-07, 0.007802963194417559, 0.004848522245219083, 0.9434058080412387]
Games played: 88
Exploitability: P1=2.600000000 P2=0.023428769 EV: (0.022869368158583456, -0.022869368158583456) P1 Winnings: 18.0
Choosing model 4
[0.0503497222716208, 7.169253627480172e-07, 0.00926417055540015, 0.006176507317901501, 0.9342088829297148]
Games played: 89
Exploitability: P1=2.600000000 P2=0.023428769 EV: (0.022869368158583456, -0.022869368158583456) P1 Winnings: 23.0
Choosing model 4
[0.028860229824190276, 3.1460197829370486e-07, 0.0030702886664726015, 0.006646398304925025, 0.9614227686024337]
Games played: 90
Exploitability: P1=2.600000000 P2=0.023428769 EV: (0.022869368158583456, -0.022869368158583456) P1 Winnings: 34.0
Choosing model 4
[0.024133889384956177, 1.5773762236756713e-07, 0.002445220700230894, 0.004783493405204279, 0.9686372387719863]
Games played: 91
Exploitability: P1=2.600000000 P2=0.023428769 EV: (0.022869368158583456, -0.022869368158583456) P1 Winnings: 34.0
Choosing model 4
[0.019547008812911507, 6.83124253506472e-08, 0.0018691972669448076, 0.003239211305476389, 0.9753445143022419]
Games played: 92
Exploitability: P1=2.600000000 P2=0.023428769 EV: (0.022869368158583456, -0.022869368158583456) P1 Winnings: 33.0
Choosing model 4
[0.02025940935592692, 7.580618282032079e-08, 0.001953603959134689, 0.003439836393756773, 0.9743470744849988]
Games played: 93
Exploitability: P1=2.600000000 P2=0.023428769 EV: (0.022869368158583456, -0.022869368158583456) P1 Winnings: 32.0
Choosing model 4
[0.020259420124384666, 7.580629603921234e-08, 0.0019536052339179364, 0.0034398394260742554, 0.9743470594093271]
Games played: 94
Exploitability: P1=2.600000000 P2=0.023428769 EV: (0.022869368158583456, -0.022869368158583456) P1 Winnings: 29.0
Choosing model 4
[0.02578958387329073, 1.1231821144234668e-07, 0.0028756955415287938, 0.0036150718433118133, 0.9677195364236572]
Games played: 95
Exploitability: P1=2.600000000 P2=0.023428769 EV: (0.022869368158583456, -0.022869368158583456) P1 Winnings: 32.0
Choosing model 4
[0.028334146589982213, 1.2740576880425524e-07, 0.003345361715343666, 0.0035912662867791153, 0.9647290980021261]
Games played: 96
Exploitability: P1=2.600000000 P2=0.023428769 EV: (0.022869368158583456, -0.022869368158583456) P1 Winnings: 33.0
Choosing model 4
[0.02630473623847969, 9.154939549963525e-08, 0.0030393137941103886, 0.00311364796257012, 0.9675422104554442]
Games played: 97
Exploitability: P1=2.600000000 P2=0.023428769 EV: (0.022869368158583456, -0.022869368158583456) P1 Winnings: 36.0
Choosing model 4
[0.0272552671749277, 1.0156180857859456e-07, 0.003175608471014792, 0.0033055066655316907, 0.9662635161267172]
Games played: 98
Exploitability: P1=2.600000000 P2=0.023428769 EV: (0.022869368158583456, -0.022869368158583456) P1 Winnings: 35.0
Choosing model 4
[0.02993845177507968, 1.1518142096270397e-07, 0.0036935180215736914, 0.003283082570381787, 0.963084832451544]
Games played: 99
Exploitability: P1=2.600000000 P2=0.023428769 EV: (0.022869368158583456, -0.022869368158583456) P1 Winnings: 36.0
Choosing model 4
[0.029938466320516263, 1.1518157943470281e-07, 0.0036935202297247133, 0.0032830852291713068, 0.9630848130390083]
Games played: 100
Exploitability: P1=2.600000000 P2=0.023428769 EV: (0.022869368158583456, -0.022869368158583456) P1 Winnings: 35.0
Choosing model 4
[0.02427145927767169, 4.992991108747137e-08, 0.002826121990661106, 0.002225305318498013, 0.970677063483258]
Games played: 101
Exploitability: P1=2.600000000 P2=0.023428769 EV: (0.022869368158583456, -0.022869368158583456) P1 Winnings: 34.0
Choosing model 4
[0.028371141542655808, 8.444096929421044e-08, 0.003437520180707098, 0.002930246602613899, 0.9652610072330539]
Games played: 102
Exploitability: P1=2.600000000 P2=0.023428769 EV: (0.022869368158583456, -0.022869368158583456) P1 Winnings: 33.0
Choosing model 4
[0.031159244078222986, 9.574948011297658e-08, 0.003997511628859625, 0.0029099072598113155, 0.961933241283626]
Games played: 103
Exploitability: P1=2.600000000 P2=0.023428769 EV: (0.022869368158583456, -0.022869368158583456) P1 Winnings: 34.0
Choosing model 4
[0.028932682789004176, 6.881463174659542e-08, 0.003632454406602996, 0.002523358901755496, 0.9649114350880056]
Games played: 104
Exploitability: P1=2.600000000 P2=0.023428769 EV: (0.022869368158583456, -0.022869368158583456) P1 Winnings: 37.0
Choosing model 4
[0.031773079066670484, 7.802333326135147e-08, 0.00422381751168725, 0.0025056159069979335, 0.9614974094913111]
Games played: 105
Exploitability: P1=2.600000000 P2=0.023428769 EV: (0.022869368158583456, -0.022869368158583456) P1 Winnings: 38.0
Choosing model 4
[0.029909881485422944, 5.91586419341003e-08, 0.0039058729183919665, 0.0022287457412121475, 0.963955440696331]
Games played: 106
Exploitability: P1=2.600000000 P2=0.023428769 EV: (0.022869368158583456, -0.022869368158583456) P1 Winnings: 39.0
Choosing model 4
[0.034919186155341404, 9.992614004365757e-08, 0.004745051823063045, 0.0029311874356715644, 0.957404474659784]
Games played: 107
Exploitability: P1=2.600000000 P2=0.023428769 EV: (0.022869368158583456, -0.022869368158583456) P1 Winnings: 38.0
Choosing model 4
[0.0361669005779542, 1.1081147700531392e-07, 0.004955905965355532, 0.0031105902470948306, 0.9557664923981184]
Games played: 108
Exploitability: P1=2.600000000 P2=0.023428769 EV: (0.022869368158583456, -0.022869368158583456) P1 Winnings: 37.0
Choosing model 4
[0.037456660519676534, 1.2287427235643377e-07, 0.005175779168895323, 0.0033007497957984106, 0.9540666876413573]
Games played: 109
Exploitability: P1=2.600000000 P2=0.023428769 EV: (0.022869368158583456, -0.022869368158583456) P1 Winnings: 36.0
Choosing model 4
[0.03745668000066312, 1.228744544679548e-07, 0.0051757824870581086, 0.003300752667764003, 0.9540666619700603]
Games played: 110
Exploitability: P1=2.600000000 P2=0.023428769 EV: (0.022869368158583456, -0.022869368158583456) P1 Winnings: 33.0
Choosing model 4
[0.04310757332695567, 1.9075899169342015e-07, 0.0061699834638804085, 0.004203981557059411, 0.9465182708931128]
Games played: 111
Exploitability: P1=2.600000000 P2=0.023428769 EV: (0.022869368158583456, -0.022869368158583456) P1 Winnings: 40.0
Choosing model 4
[0.0472517627922843, 2.1588505052462653e-07, 0.007161150749724399, 0.004166679690836285, 0.9414201908821045]
Games played: 112
Exploitability: P1=2.600000000 P2=0.023428769 EV: (0.022869368158583456, -0.022869368158583456) P1 Winnings: 41.0
Choosing model 4
[0.047251785199427236, 2.1588534503712337e-07, 0.007161154947647077, 0.004166683016714867, 0.9414201609508658]
Games played: 113
Exploitability: P1=2.600000000 P2=0.023428769 EV: (0.022869368158583456, -0.022869368158583456) P1 Winnings: 40.0
Choosing model 4
[0.044541645781533634, 1.639115313837667e-07, 0.006631147426244027, 0.003711326318343298, 0.9451157165623477]
Games played: 114
Exploitability: P1=2.600000000 P2=0.023428769 EV: (0.022869368158583456, -0.022869368158583456) P1 Winnings: 40.0
Choosing model 3
[0.04383393662837936, 1.431901047145976e-07, 0.006480618262330836, 0.0035640740673321468, 0.9461212278518529]
Games played: 115
Exploitability: P1=1.933333333 P2=0.023428769 EV: (-0.14184311336276445, 0.14184311336276445) P1 Winnings: 40.0
Choosing model 4
[0.05392287834293252, 2.7987542675859103e-07, 0.00840452170349105, 0.0051249932930259095, 0.9325473267851238]
Games played: 116
Exploitability: P1=2.600000000 P2=0.023428769 EV: (0.022869368158583456, -0.022869368158583456) P1 Winnings: 35.0
Choosing model 4
[0.06182462072878679, 4.3286481291570414e-07, 0.009981253504992195, 0.0065028722177252, 0.9216908206836829]
Games played: 117
Exploitability: P1=2.600000000 P2=0.023428769 EV: (0.022869368158583456, -0.022869368158583456) P1 Winnings: 42.0
Choosing model 4
[0.05759915169946511, 3.1214004140189064e-07, 0.009100145919055431, 0.005657934710515058, 0.9276424555309231]
Games played: 118
Exploitability: P1=2.600000000 P2=0.023428769 EV: (0.022869368158583456, -0.022869368158583456) P1 Winnings: 45.0
Choosing model 4
[0.06353659777500191, 2.9625497078284834e-07, 0.010871645615968982, 0.00506549616471374, 0.9205259641893445]
Games played: 119
Exploitability: P1=2.600000000 P2=0.023428769 EV: (0.022869368158583456, -0.022869368158583456) P1 Winnings: 48.0
Choosing model 4
[0.04321213435579976, 1.3868625208031452e-07, 0.00532378936078995, 0.0046726300137496435, 0.9467913075834085]
Games played: 120
Exploitability: P1=2.600000000 P2=0.023428769 EV: (0.022869368158583456, -0.022869368158583456) P1 Winnings: 55.0
Choosing model 4
[0.043212156636681896, 1.386864570057144e-07, 0.005323792750002748, 0.004672634058458454, 0.9467912778683999]
Games played: 121
Exploitability: P1=2.600000000 P2=0.023428769 EV: (0.022869368158583456, -0.022869368158583456) P1 Winnings: 52.0
Choosing model 4
[0.02909481899845183, 6.42725644099203e-08, 0.002580917661606413, 0.004267048918732673, 0.9640571501486447]
Games played: 122
Exploitability: P1=2.600000000 P2=0.023428769 EV: (0.022869368158583456, -0.022869368158583456) P1 Winnings: 49.0
Choosing model 0
[0.0290948331426797, 6.427265285827091e-08, 0.002580919205363665, 0.004267052375653795, 0.96405713100365]
Games played: 123
Exploitability: P1=1.900000000 P2=0.023428769 EV: (-0.0879289055388621, 0.0879289055388621) P1 Winnings: 48.0
Choosing model 4
[0.025826743618055873, 3.9145565939151634e-08, 0.0022151522253761645, 0.0034096321170609427, 0.9685484328939411]
Games played: 124
Exploitability: P1=2.600000000 P2=0.023428769 EV: (0.022869368158583456, -0.022869368158583456) P1 Winnings: 51.0
Choosing model 4
[0.021562005969930357, 1.959514896216587e-08, 0.0017613044079314926, 0.0024499564203420247, 0.9742267136066471]
Games played: 125
Exploitability: P1=2.600000000 P2=0.023428769 EV: (0.022869368158583456, -0.022869368158583456) P1 Winnings: 50.0
Choosing model 4
[0.02490076595222175, 3.052609379425595e-08, 0.0021068889954818236, 0.003131161207756463, 0.9698611533184462]
Games played: 126
Exploitability: P1=2.600000000 P2=0.023428769 EV: (0.022869368158583456, -0.022869368158583456) P1 Winnings: 57.0
Choosing model 4
[0.02346272608477389, 2.3304324649417794e-08, 0.0019509999822014967, 0.0027917988358605655, 0.9717944517928394]
Games played: 127
Exploitability: P1=2.600000000 P2=0.023428769 EV: (0.022869368158583456, -0.022869368158583456) P1 Winnings: 56.0
Choosing model 4
[0.015659547324650903, 1.0705799646208227e-08, 0.0009375647909145234, 0.002527208004537251, 0.9808756691740976]
Games played: 128
Exploitability: P1=2.600000000 P2=0.023428769 EV: (0.022869368158583456, -0.022869368158583456) P1 Winnings: 53.0
Choosing model 4
[0.020305001665615895, 2.492755382677801e-08, 0.0012968380389263346, 0.003972106049394239, 0.9744260293185096]
Games played: 129
Exploitability: P1=2.600000000 P2=0.023428769 EV: (0.022869368158583456, -0.022869368158583456) P1 Winnings: 50.0
Choosing model 4
[0.020305011648134964, 2.4927588267454512e-08, 0.0012968388217351994, 0.003972109289160679, 0.9744260153133809]
Games played: 130
Exploitability: P1=2.600000000 P2=0.023428769 EV: (0.022869368158583456, -0.022869368158583456) P1 Winnings: 49.0
Choosing model 4
[0.016581963778539256, 1.0604799677560675e-08, 0.0010002411648798602, 0.0027115426747026843, 0.9797062417770784]
Games played: 131
Exploitability: P1=2.600000000 P2=0.023428769 EV: (0.022869368158583456, -0.022869368158583456) P1 Winnings: 49.0
Choosing model 4
[0.016581971982333642, 1.0604814362496247e-08, 0.0010002417717684948, 0.0027115448947588436, 0.9797062307463247]
Games played: 132
Exploitability: P1=2.600000000 P2=0.023428769 EV: (0.022869368158583456, -0.022869368158583456) P1 Winnings: 48.0
Choosing model 4
[0.017189480870079474, 1.1770315588286878e-08, 0.001045602203592094, 0.0028800194445272784, 0.9788848857114856]
Games played: 133
Exploitability: P1=2.600000000 P2=0.023428769 EV: (0.022869368158583456, -0.022869368158583456) P1 Winnings: 47.0
Choosing model 4
[0.014324136309570804, 5.8808499690178054e-09, 0.0008298192313836844, 0.002065534184240229, 0.9827805043939553]
Games played: 134
Exploitability: P1=2.600000000 P2=0.023428769 EV: (0.022869368158583456, -0.022869368158583456) P1 Winnings: 47.0
Choosing model 4
[0.014850903137295323, 6.528042498512821e-09, 0.0008675666205843184, 0.0021941627798756193, 0.9820873609342022]
Games played: 135
Exploitability: P1=2.600000000 P2=0.023428769 EV: (0.022869368158583456, -0.022869368158583456) P1 Winnings: 46.0
Choosing model 4
[0.008330391744048546, 2.8033694172646025e-09, 0.00028137490116514124, 0.002310585806053034, 0.9890776447453637]
Games played: 136
Exploitability: P1=2.600000000 P2=0.023428769 EV: (0.022869368158583456, -0.022869368158583456) P1 Winnings: 57.0
Choosing model 4
[0.009172534801610684, 3.186965677908779e-09, 0.0003280527443917317, 0.0023004400428211945, 0.9881989692242108]
Games played: 137
Exploitability: P1=2.600000000 P2=0.023428769 EV: (0.022869368158583456, -0.022869368158583456) P1 Winnings: 58.0
Choosing model 4
[0.011218055183998623, 5.502976788531048e-09, 0.00043325436735736046, 0.002875732860981462, 0.9854729520846858]
Games played: 138
Exploitability: P1=2.600000000 P2=0.023428769 EV: (0.022869368158583456, -0.022869368158583456) P1 Winnings: 61.0
Choosing model 4
[0.010413367104698448, 3.856920385090865e-09, 0.0003932489870433176, 0.0024834269680471303, 0.9867099530832908]
Games played: 139
Exploitability: P1=2.600000000 P2=0.023428769 EV: (0.022869368158583456, -0.022869368158583456) P1 Winnings: 61.0
Choosing model 4
[0.012617599693593225, 7.53449758591678e-09, 0.0005004863127098276, 0.0034911956337426945, 0.9833907108254567]
Games played: 140
Exploitability: P1=2.600000000 P2=0.023428769 EV: (0.022869368158583456, -0.022869368158583456) P1 Winnings: 50.0
Choosing model 4
[0.01227870378224096, 6.619819730453239e-09, 0.0004831516050816154, 0.003311055615605655, 0.983927082377252]
Games played: 141
Exploitability: P1=2.600000000 P2=0.023428769 EV: (0.022869368158583456, -0.022869368158583456) P1 Winnings: 47.0
Choosing model 4
[0.008157993267966103, 3.0273235534559368e-09, 0.00023113064854392312, 0.0029836881494471534, 0.9886271849067192]
Games played: 142
Exploitability: P1=2.600000000 P2=0.023428769 EV: (0.022869368158583456, -0.022869368158583456) P1 Winnings: 44.0
Choosing model 4
[0.007666554609683304, 2.2914692712687623e-09, 0.00021336933452847882, 0.0026494819210396386, 0.9894705918432793]
Games played: 143
Exploitability: P1=2.600000000 P2=0.023428769 EV: (0.022869368158583456, -0.022869368158583456) P1 Winnings: 44.0
Choosing model 4
[0.009294680236064003, 4.4789510435113166e-09, 0.0002717097662965784, 0.0037267684242638112, 0.9867068370944245]
Games played: 144
Exploitability: P1=2.600000000 P2=0.023428769 EV: (0.022869368158583456, -0.022869368158583456) P1 Winnings: 33.0
Choosing model 4
[0.010233366879117573, 5.091356626396626e-09, 0.000316755173278693, 0.0037100637524299773, 0.9857398091038171]
Games played: 145
Exploitability: P1=2.600000000 P2=0.023428769 EV: (0.022869368158583456, -0.022869368158583456) P1 Winnings: 34.0
Choosing model 4
[0.011265689556001315, 5.786898504080776e-09, 0.00036923029573707287, 0.0036930525005222504, 0.9846720218608408]
Games played: 146
Exploitability: P1=2.600000000 P2=0.023428769 EV: (0.022869368158583456, -0.022869368158583456) P1 Winnings: 35.0
Choosing model 4
[0.011680372919506576, 6.4239662047023854e-09, 0.00038603899459689877, 0.003923163857110009, 0.9840104178048202]
Games played: 147
Exploitability: P1=2.600000000 P2=0.023428769 EV: (0.022869368158583456, -0.022869368158583456) P1 Winnings: 34.0
Choosing model 4
[0.01099665944134433, 4.900121375046665e-09, 0.0003571783190654518, 0.0034950504098257605, 0.985151106929643]
Games played: 148
Exploitability: P1=2.600000000 P2=0.023428769 EV: (0.022869368158583456, -0.022869368158583456) P1 Winnings: 33.0
Choosing model 4
[0.014045479890601963, 7.284675695241906e-09, 0.0005275330407672036, 0.0036854514079831084, 0.981741528375972]
Games played: 149
Exploitability: P1=2.600000000 P2=0.023428769 EV: (0.022869368158583456, -0.022869368158583456) P1 Winnings: 36.0
Choosing model 4
[0.013917659873227106, 6.295597235154567e-09, 0.0005194114519449814, 0.003563773908845398, 0.9819991484703853]
Games played: 150
Exploitability: P1=2.600000000 P2=0.023428769 EV: (0.022869368158583456, -0.022869368158583456) P1 Winnings: 36.0
Choosing model 4
[0.013917667330930474, 6.295606664996165e-09, 0.0005194117931177594, 0.0035637770657984433, 0.9819991375145467]
Games played: 151
Exploitability: P1=2.600000000 P2=0.023428769 EV: (0.022869368158583456, -0.022869368158583456) P1 Winnings: 33.0
Choosing model 4
[0.013687357202841087, 5.496041705349208e-09, 0.0005072808841045459, 0.0034200861227231265, 0.9823852702942896]
Games played: 152
Exploitability: P1=2.600000000 P2=0.023428769 EV: (0.022869368158583456, -0.022869368158583456) P1 Winnings: 33.0
Choosing model 4
[0.012122278665152688, 3.3397753232267187e-09, 0.0004343987287117856, 0.00272663794047453, 0.9847166813258856]
Games played: 153
Exploitability: P1=2.600000000 P2=0.023428769 EV: (0.022869368158583456, -0.022869368158583456) P1 Winnings: 33.0
Choosing model 4
[0.012122284693995943, 3.3397799566241064e-09, 0.0004343989934066085, 0.0027266401799621322, 0.9847166727928554]
Games played: 154
Exploitability: P1=2.600000000 P2=0.023428769 EV: (0.022869368158583456, -0.022869368158583456) P1 Winnings: 32.0
Choosing model 4
[0.012122291211353343, 3.3397849650810508e-09, 0.0004343992795168617, 0.002726642600224119, 0.9847166635691207]
Games played: 155
Exploitability: P1=2.600000000 P2=0.023428769 EV: (0.022869368158583456, -0.022869368158583456) P1 Winnings: 29.0
Choosing model 4
[0.011394651771903465, 2.5285593793334925e-09, 0.0004011095615826323, 0.002421782855809787, 0.9857824532821448]
Games played: 156
Exploitability: P1=2.600000000 P2=0.023428769 EV: (0.022869368158583456, -0.022869368158583456) P1 Winnings: 29.0
Choosing model 4
[0.012542404571578014, 2.8735980268159475e-09, 0.00046749518195426335, 0.002410348406267534, 0.9845797489666023]
Games played: 157
Exploitability: P1=2.600000000 P2=0.023428769 EV: (0.022869368158583456, -0.022869368158583456) P1 Winnings: 30.0
Choosing model 4
[0.011946536984372457, 2.2025886770038834e-09, 0.0004420449636486523, 0.002112996182671839, 0.9854984196667185]
Games played: 158
Exploitability: P1=2.600000000 P2=0.023428769 EV: (0.022869368158583456, -0.022869368158583456) P1 Winnings: 31.0
Choosing model 4
[0.011245225093055831, 1.6798056847487508e-09, 0.00040892382499609336, 0.0018820786291664014, 0.986463770772976]
Games played: 159
Exploitability: P1=2.600000000 P2=0.023428769 EV: (0.022869368158583456, -0.022869368158583456) P1 Winnings: 30.0
Choosing model 4
[0.011245230698759276, 1.67980801715655e-09, 0.0004089240746427035, 0.0018820801771707054, 0.9864637633696193]
Games played: 160
Exploitability: P1=2.600000000 P2=0.023428769 EV: (0.022869368158583456, -0.022869368158583456) P1 Winnings: 29.0
Choosing model 4
[0.010941830380616278, 1.4756975140086536e-09, 0.0003947114568898383, 0.0017847452776124234, 0.986878711409184]
Games played: 161
Exploitability: P1=2.600000000 P2=0.023428769 EV: (0.022869368158583456, -0.022869368158583456) P1 Winnings: 26.0
Choosing model 4
[0.010139671060294817, 1.0584584322023468e-09, 0.00035794991558694755, 0.001544572202765912, 0.9879578057628938]
Games played: 162
Exploitability: P1=2.600000000 P2=0.023428769 EV: (0.022869368158583456, -0.022869368158583456) P1 Winnings: 29.0
Choosing model 4
[0.008434872172074122, 5.279280704614866e-10, 0.0002835882449847247, 0.0011058446890916509, 0.9901756943659215]
Games played: 163
Exploitability: P1=2.600000000 P2=0.023428769 EV: (0.022869368158583456, -0.022869368158583456) P1 Winnings: 29.0
Choosing model 4
[0.007937069326405378, 4.024907890577002e-10, 0.0002622525620664074, 0.0009846655293654987, 0.9908160121796719]
Games played: 164
Exploitability: P1=2.600000000 P2=0.023428769 EV: (0.022869368158583456, -0.022869368158583456) P1 Winnings: 28.0
Choosing model 4
[0.007721823281440862, 3.5353443232845144e-10, 0.000253101587183544, 0.000933608789312168, 0.9910914659885289]
Games played: 165
Exploitability: P1=2.600000000 P2=0.023428769 EV: (0.022869368158583456, -0.022869368158583456) P1 Winnings: 25.0
Choosing model 4
[0.008502971221889248, 4.0193486607875274e-10, 0.00029510739746728415, 0.0009295669124226892, 0.9902723540662859]
Games played: 166
Exploitability: P1=2.600000000 P2=0.023428769 EV: (0.022869368158583456, -0.022869368158583456) P1 Winnings: 26.0
Choosing model 4
[0.007070045297291989, 2.0037966981940637e-10, 0.00023369152025347104, 0.0006652170798944869, 0.9920310459021804]
Games played: 167
Exploitability: P1=2.600000000 P2=0.023428769 EV: (0.022869368158583456, -0.022869368158583456) P1 Winnings: 27.0
Choosing model 4
[0.006641966607964373, 1.5162347824685695e-10, 0.00021566269065860698, 0.0005905117221836402, 0.9925518588275699]
Games played: 168
Exploitability: P1=2.600000000 P2=0.023428769 EV: (0.022869368158583456, -0.022869368158583456) P1 Winnings: 28.0
Choosing model 4
[0.00806107015933465, 2.9668154108676275e-10, 0.0002749223571294494, 0.0008314990613081413, 0.9908325081255461]
Games played: 169
Exploitability: P1=2.600000000 P2=0.023428769 EV: (0.022869368158583456, -0.022869368158583456) P1 Winnings: 17.0
Choosing model 4
[0.008061074198433138, 2.966819537899411e-10, 0.0002749225256740643, 0.0008314997473473631, 0.9908325032318634]
Games played: 170
Exploitability: P1=2.600000000 P2=0.023428769 EV: (0.022869368158583456, -0.022869368158583456) P1 Winnings: 16.0
Choosing model 4
[0.006701895325883108, 1.4789120064594613e-10, 0.00021768393624776593, 0.0005949742480568415, 0.992485446341921]
Games played: 171
Exploitability: P1=2.600000000 P2=0.023428769 EV: (0.022869368158583456, -0.022869368158583456) P1 Winnings: 15.0
Choosing model 4
[0.0062170313648058605, 1.0358506407256916e-10, 0.00019745259978837503, 0.0005134673492927875, 0.993072048582528]
Games played: 172
Exploitability: P1=2.600000000 P2=0.023428769 EV: (0.022869368158583456, -0.022869368158583456) P1 Winnings: 15.0
Choosing model 4
[0.007546311432293409, 2.0271078848206768e-10, 0.00025174076560018505, 0.0007231056010348013, 0.9914788419983608]
Games played: 173
Exploitability: P1=2.600000000 P2=0.023428769 EV: (0.022869368158583456, -0.022869368158583456) P1 Winnings: 4.0
Choosing model 4
[0.007341480971899432, 1.7804996945025273e-10, 0.00024295058327720347, 0.0006855942886521816, 0.9917299739781212]
Games played: 174
Exploitability: P1=2.600000000 P2=0.023428769 EV: (0.022869368158583456, -0.022869368158583456) P1 Winnings: 1.0
Choosing model 4
[0.007614323165936288, 1.9771880818571373e-10, 0.0002540975584638331, 0.0007285625694208493, 0.9914030165084602]
Games played: 175
Exploitability: P1=2.600000000 P2=0.023428769 EV: (0.022869368158583456, -0.022869368158583456) P1 Winnings: 0.0
Choosing model 4
[0.007053257230311937, 1.4175845612511267e-10, 0.00023033904048304476, 0.0006302652427683799, 0.9920861383446783]
Games played: 176
Exploitability: P1=2.600000000 P2=0.023428769 EV: (0.022869368158583456, -0.022869368158583456) P1 Winnings: 3.0
Choosing model 4
[0.005738023007867782, 6.007738552345405e-11, 0.00017698078528927943, 0.0004286062066286818, 0.9936563899401369]
Games played: 177
Exploitability: P1=2.600000000 P2=0.023428769 EV: (0.022869368158583456, -0.022869368158583456) P1 Winnings: 3.0
Choosing model 4
[0.004418861062083394, 3.590007901407772e-11, 0.00010716966227498496, 0.00040875136366508514, 0.9950652178760764]
Games played: 178
Exploitability: P1=2.600000000 P2=0.023428769 EV: (0.022869368158583456, -0.022869368158583456) P1 Winnings: 10.0
Choosing model 4
[0.004298458781667415, 3.152926972200338e-11, 0.000103416473984298, 0.00038750574614643973, 0.9952106189666726]
Games played: 179
Exploitability: P1=2.600000000 P2=0.023428769 EV: (0.022869368158583456, -0.022869368158583456) P1 Winnings: 7.0
Choosing model 4
[0.003980502496867583, 2.259861451277554e-11, 9.37181093874116e-05, 0.0003351208227974888, 0.9955906585483488]
Games played: 180
Exploitability: P1=2.600000000 P2=0.023428769 EV: (0.022869368158583456, -0.022869368158583456) P1 Winnings: 0.0
Choosing model 4
[0.004129075714695934, 2.5098930312779497e-11, 9.803324605191725e-05, 0.000356179070385512, 0.9954167119437678]
Games played: 181
Exploitability: P1=2.600000000 P2=0.023428769 EV: (0.022869368158583456, -0.022869368158583456) P1 Winnings: -1.0
Choosing model 4
[0.004548552554739618, 2.8546225692225598e-11, 0.00011434788339478123, 0.00035477551626102703, 0.9949823240170584]
Games played: 182
Exploitability: P1=2.600000000 P2=0.023428769 EV: (0.022869368158583456, -0.022869368158583456) P1 Winnings: 0.0
Choosing model 4
[0.004272298612251844, 2.1596102750633313e-11, 0.00010550525392822351, 0.0003148710003347594, 0.995307325111889]
Games played: 183
Exploitability: P1=2.600000000 P2=0.023428769 EV: (0.022869368158583456, -0.022869368158583456) P1 Winnings: 1.0
Choosing model 4
[0.004272300763409495, 2.1596132845130592e-11, 0.00010550531886810281, 0.0003148712608948456, 0.9953073226352315]
Games played: 184
Exploitability: P1=2.600000000 P2=0.023428769 EV: (0.022869368158583456, -0.022869368158583456) P1 Winnings: 0.0
Choosing model 4
[0.004272302914568224, 2.1596162939669776e-11, 0.0001055053838080219, 0.0003148715214551469, 0.9953073201585724]
Games played: 185
Exploitability: P1=2.600000000 P2=0.023428769 EV: (0.022869368158583456, -0.022869368158583456) P1 Winnings: -1.0
Choosing model 4
[0.005017564981009062, 3.6696028130985434e-11, 0.0001289374327857472, 0.00041657959711021456, 0.9944369179523989]
Games played: 186
Exploitability: P1=2.600000000 P2=0.023428769 EV: (0.022869368158583456, -0.022869368158583456) P1 Winnings: -12.0
Choosing model 4
[0.005526775981795697, 4.173217577454611e-11, 0.00015038075173553833, 0.00041489836728365273, 0.9939079448574529]
Games played: 187
Exploitability: P1=2.600000000 P2=0.023428769 EV: (0.022869368158583456, -0.022869368158583456) P1 Winnings: -11.0
Choosing model 4
[0.00543380199850718, 3.642187158887233e-11, 0.00014682761365871608, 0.0003980586238752429, 0.9940213117275369]
Games played: 188
Exploitability: P1=2.600000000 P2=0.023428769 EV: (0.022869368158583456, -0.022869368158583456) P1 Winnings: -11.0
Choosing model 4
[0.006380146515770509, 6.18729177900626e-11, 0.0001793940411736299, 0.0005265110900089644, 0.9929139482911739]
Games played: 189
Exploitability: P1=2.600000000 P2=0.023428769 EV: (0.022869368158583456, -0.022869368158583456) P1 Winnings: -12.0
Choosing model 4
[0.007026606837556736, 7.035398643069492e-11, 0.00020919793423957117, 0.0005243091046476382, 0.992239886053202]
Games played: 190
Exploitability: P1=2.600000000 P2=0.023428769 EV: (0.022869368158583456, -0.022869368158583456) P1 Winnings: -11.0
Choosing model 4
[0.00780479279431388, 6.723768129817808e-11, 0.0002516588328072184, 0.00047267138768511803, 0.9914708769179561]
Games played: 191
Exploitability: P1=2.600000000 P2=0.023428769 EV: (0.022869368158583456, -0.022869368158583456) P1 Winnings: -8.0
Choosing model 4
[0.006487845530582552, 3.351184513813787e-11, 0.00019923364118374235, 0.0003381658010798995, 0.992974754993642]
Games played: 192
Exploitability: P1=2.600000000 P2=0.023428769 EV: (0.022869368158583456, -0.022869368158583456) P1 Winnings: -7.0
Choosing model 4
[0.006008932161362926, 2.4023579273682822e-11, 0.00018057936258052324, 0.00029249912401975935, 0.9935179893280132]
Games played: 193
Exploitability: P1=2.600000000 P2=0.023428769 EV: (0.022869368158583456, -0.022869368158583456) P1 Winnings: -4.0
Choosing model 4
[0.006232734624675323, 2.667948863874454e-11, 0.0001888793019839107, 0.00031085506019285815, 0.9932675309864685]
Games played: 194
Exploitability: P1=2.600000000 P2=0.023428769 EV: (0.022869368158583456, -0.022869368158583456) P1 Winnings: -5.0
Choosing model 4
[0.006232737756454743, 2.6679525789265896e-11, 0.00018887941804515164, 0.0003108553171063546, 0.9932675274817142]
Games played: 195
Exploitability: P1=2.600000000 P2=0.023428769 EV: (0.022869368158583456, -0.022869368158583456) P1 Winnings: -6.0
Choosing model 4
[0.004166316121680768, 1.022983208907794e-11, 9.29835185441405e-05, 0.000252975879801791, 0.9954877244697435]
Games played: 196
Exploitability: P1=2.600000000 P2=0.023428769 EV: (0.022869368158583456, -0.022869368158583456) P1 Winnings: 1.0
Choosing model 4
[0.0036832106004443033, 6.2050517506593844e-12, 7.947960412379098e-05, 0.00020131642837178525, 0.996035993360855]
Games played: 197
Exploitability: P1=2.600000000 P2=0.023428769 EV: (0.022869368158583456, -0.022869368158583456) P1 Winnings: 1.0
Choosing model 4
[0.003683212606884006, 6.205061100154078e-12, 7.947965703759239e-05, 0.0002013166085004188, 0.996035991121373]
Games played: 198
Exploitability: P1=2.600000000 P2=0.023428769 EV: (0.022869368158583456, -0.022869368158583456) P1 Winnings: -2.0
Choosing model 4
[0.003431893207163103, 6.425567978499239e-12, 6.2421316902517e-05, 0.00024899127101098964, 0.9962566941984978]
Games played: 199
Exploitability: P1=2.600000000 P2=0.023428769 EV: (0.022869368158583456, -0.022869368158583456) P1 Winnings: 7.0
Choosing model 4
[0.0037808325772865146, 7.308669370391654e-12, 7.281502192212225e-05, 0.00024802912296219905, 0.9958983232705205]
Games played: 200
Exploitability: P1=2.600000000 P2=0.023428769 EV: (0.022869368158583456, -0.022869368158583456) P1 Winnings: 8.0
