Player 1 exploitability: 0.323282408127
Choosing model 0
[0.20396124844724672, 0.2105817708859842, 0.21596433592023306, 0.18442191860964258, 0.18507072613689338]
Games played: 1
Exploitability: P1=1.900000000 P2=0.237630394 EV: (-0.09215451887416039, 0.09215451887416039) P1 Winnings: 1.0
Choosing model 2
[0.19558950669839464, 0.24246704467146393, 0.21156500179019255, 0.18829735668698838, 0.1620810901529605]
Games played: 2
Exploitability: P1=4.600000000 P2=0.237630394 EV: (0.21397442500966302, -0.21397442500966302) P1 Winnings: 1.0
Choosing model 1
[0.19963932009958393, 0.21928261620687955, 0.198668229997842, 0.2023062637054409, 0.1801035699902537]
Games played: 3
Exploitability: P1=2.800000000 P2=0.237630394 EV: (0.23763039398700142, -0.23763039398700142) P1 Winnings: -8.0
Choosing model 4
[0.2111512284735491, 0.17794928303593108, 0.2056409120276264, 0.1997633548807664, 0.20549522158212694]
Games played: 4
Exploitability: P1=2.600000000 P2=0.237630394 EV: (-0.1691849385611957, 0.1691849385611957) P1 Winnings: -7.0
Choosing model 0
[0.21115119845847458, 0.17794941611566145, 0.20564090582766692, 0.1997633912079229, 0.20549508839027414]
Games played: 5
Exploitability: P1=1.900000000 P2=0.237630394 EV: (-0.09215451887416039, 0.09215451887416039) P1 Winnings: -8.0
Choosing model 0
[0.2146882628611083, 0.16831110816099393, 0.20909028066409904, 0.20212214723563504, 0.2057882010781637]
Games played: 6
Exploitability: P1=1.900000000 P2=0.237630394 EV: (-0.09215451887416039, 0.09215451887416039) P1 Winnings: -11.0
Choosing model 1
[0.1873522988589668, 0.14071175371578235, 0.13042028668598835, 0.2898906894428642, 0.2516249712963982]
Games played: 7
Exploitability: P1=2.800000000 P2=0.237630394 EV: (0.23763039398700142, -0.23763039398700142) P1 Winnings: -16.0
Choosing model 4
[0.1941392032030633, 0.11187398301976464, 0.1322613451858226, 0.2804448356476547, 0.2812806329436947]
Games played: 8
Exploitability: P1=2.600000000 P2=0.237630394 EV: (-0.1691849385611957, 0.1691849385611957) P1 Winnings: -15.0
Choosing model 4
[0.20913739125238673, 0.14027333481679172, 0.1647555862868028, 0.24941773391361105, 0.23641595373040775]
Games played: 9
Exploitability: P1=2.600000000 P2=0.237630394 EV: (-0.1691849385611957, 0.1691849385611957) P1 Winnings: -12.0
Choosing model 3
[0.21938409309906493, 0.17126796929496887, 0.19984917850436956, 0.21600421025354882, 0.19349454884804784]
Games played: 10
Exploitability: P1=1.933333333 P2=0.237630394 EV: (-0.061828447277275836, 0.061828447277275836) P1 Winnings: -9.0
Choosing model 3
[0.2241572415408488, 0.180674515570353, 0.21621428439808987, 0.19956056697309504, 0.17939339151761344]
Games played: 11
Exploitability: P1=1.933333333 P2=0.237630394 EV: (-0.061828447277275836, 0.061828447277275836) P1 Winnings: -8.0
Choosing model 1
[0.22806723096693363, 0.1897929721995352, 0.23293184966632768, 0.18359029491147946, 0.16561765225572406]
Games played: 12
Exploitability: P1=2.800000000 P2=0.237630394 EV: (0.23763039398700142, -0.23763039398700142) P1 Winnings: -7.0
Choosing model 3
[0.2215264228908012, 0.24425416530515767, 0.2959251503267754, 0.13036602759103905, 0.10792823388622662]
Games played: 13
Exploitability: P1=1.933333333 P2=0.237630394 EV: (-0.061828447277275836, 0.061828447277275836) P1 Winnings: -4.0
Choosing model 3
[0.20353032948468155, 0.2758286736990004, 0.20727758954050968, 0.19339484011893976, 0.11996856715686857]
Games played: 14
Exploitability: P1=1.933333333 P2=0.237630394 EV: (-0.061828447277275836, 0.061828447277275836) P1 Winnings: -13.0
Choosing model 3
[0.20527243069769013, 0.2872195599028431, 0.22135442870009558, 0.17636453035372948, 0.10978905034564175]
Games played: 15
Exploitability: P1=1.933333333 P2=0.237630394 EV: (-0.061828447277275836, 0.061828447277275836) P1 Winnings: -12.0
Choosing model 0
[0.22131549525077482, 0.2396833038254817, 0.23354902361315769, 0.1775785592155367, 0.12787361809504907]
Games played: 16
Exploitability: P1=1.900000000 P2=0.237630394 EV: (-0.09215451887416039, 0.09215451887416039) P1 Winnings: -9.0
Choosing model 3
[0.2213154438375366, 0.23968346146378708, 0.23354899551551717, 0.17757857549827072, 0.12787352368488838]
Games played: 17
Exploitability: P1=1.933333333 P2=0.237630394 EV: (-0.061828447277275836, 0.061828447277275836) P1 Winnings: -10.0
Choosing model 4
[0.23560128078881204, 0.1974906628045915, 0.2433058625567938, 0.17654465717887396, 0.14705753667092877]
Games played: 18
Exploitability: P1=2.600000000 P2=0.237630394 EV: (-0.1691849385611957, 0.1691849385611957) P1 Winnings: -10.0
Choosing model 0
[0.2338930512106896, 0.2281990424078408, 0.27930648274282016, 0.14469572157842925, 0.11390570206022031]
Games played: 19
Exploitability: P1=1.900000000 P2=0.237630394 EV: (-0.09215451887416039, 0.09215451887416039) P1 Winnings: -7.0
Choosing model 2
[0.24874426412498224, 0.18620617602014952, 0.29070355305997037, 0.14366481197973413, 0.13068119481516371]
Games played: 20
Exploitability: P1=4.600000000 P2=0.237630394 EV: (0.21397442500966302, -0.21397442500966302) P1 Winnings: -6.0
Choosing model 2
[0.26686668427275134, 0.13432518533666285, 0.3009067563723364, 0.13784936720840063, 0.1600520068098487]
Games played: 21
Exploitability: P1=4.600000000 P2=0.237630394 EV: (0.21397442500966302, -0.21397442500966302) P1 Winnings: -11.0
Choosing model 2
[0.2648219030053669, 0.14221261872523663, 0.3026886625277373, 0.1381369177406477, 0.1521398980010115]
Games played: 22
Exploitability: P1=4.600000000 P2=0.237630394 EV: (0.21397442500966302, -0.21397442500966302) P1 Winnings: -6.0
Choosing model 1
[0.24794044680644325, 0.19468870636827743, 0.3603338689332626, 0.1038977594168933, 0.09313921847512337]
Games played: 23
Exploitability: P1=2.800000000 P2=0.237630394 EV: (0.23763039398700142, -0.23763039398700142) P1 Winnings: -1.0
Choosing model 1
[0.20338975412604499, 0.3154915182860365, 0.3183378854755531, 0.10636095363500747, 0.056419888477358064]
Games played: 24
Exploitability: P1=2.800000000 P2=0.237630394 EV: (0.23763039398700142, -0.23763039398700142) P1 Winnings: 6.0
Choosing model 4
[0.2231819838590247, 0.2725637101757998, 0.26312338757535453, 0.15733084882455323, 0.08380006956526762]
Games played: 25
Exploitability: P1=2.600000000 P2=0.237630394 EV: (-0.1691849385611957, 0.1691849385611957) P1 Winnings: -3.0
Choosing model 1
[0.18867736540673197, 0.365258186154414, 0.23389839795030073, 0.1545142836649711, 0.057651766823582154]
Games played: 26
Exploitability: P1=2.800000000 P2=0.237630394 EV: (0.23763039398700142, -0.23763039398700142) P1 Winnings: -6.0
Choosing model 1
[0.18867728951594354, 0.3652583906172912, 0.23389833217222242, 0.15451427559551537, 0.05765171209902754]
Games played: 27
Exploitability: P1=2.800000000 P2=0.237630394 EV: (0.23763039398700142, -0.23763039398700142) P1 Winnings: -13.0
Choosing model 0
[0.23495970308073133, 0.23992973710723076, 0.24578681799711305, 0.18220719913968508, 0.09711654267523996]
Games played: 28
Exploitability: P1=1.900000000 P2=0.237630394 EV: (-0.09215451887416039, 0.09215451887416039) P1 Winnings: -8.0
Choosing model 0
[0.24908865592085053, 0.2031207966884714, 0.25573728928142486, 0.18203250877246088, 0.1100207493367923]
Games played: 29
Exploitability: P1=1.900000000 P2=0.237630394 EV: (-0.09215451887416039, 0.09215451887416039) P1 Winnings: -8.0
Choosing model 1
[0.26103425954853055, 0.17246361122700365, 0.2633828331774959, 0.1805117370484504, 0.12260755899851952]
Games played: 30
Exploitability: P1=2.800000000 P2=0.237630394 EV: (0.23763039398700142, -0.23763039398700142) P1 Winnings: -9.0
Choosing model 3
[0.27315505283828595, 0.14171323431229865, 0.2700825048052191, 0.17714814302515983, 0.13790106501903637]
Games played: 31
Exploitability: P1=1.933333333 P2=0.237630394 EV: (-0.061828447277275836, 0.061828447277275836) P1 Winnings: -9.0
Choosing model 1
[0.2483686315688404, 0.20425334245252655, 0.25822071800433366, 0.18711912911820225, 0.10203817885609712]
Games played: 32
Exploitability: P1=2.800000000 P2=0.237630394 EV: (0.23763039398700142, -0.23763039398700142) P1 Winnings: -12.0
Choosing model 2
[0.21087565751386922, 0.29869715568607047, 0.23284004692744142, 0.19002663019533017, 0.06756050967728873]
Games played: 33
Exploitability: P1=4.600000000 P2=0.237630394 EV: (0.21397442500966302, -0.21397442500966302) P1 Winnings: -19.0
Choosing model 2
[0.18442447961344122, 0.3675563983892948, 0.21144856971651657, 0.18594013300364193, 0.050630419277105515]
Games played: 34
Exploitability: P1=4.600000000 P2=0.237630394 EV: (0.21397442500966302, -0.21397442500966302) P1 Winnings: -19.0
Choosing model 3
[0.1840798325727017, 0.3787779970621749, 0.22347388155771264, 0.1678130208994981, 0.045855267907912674]
Games played: 35
Exploitability: P1=1.933333333 P2=0.237630394 EV: (-0.061828447277275836, 0.061828447277275836) P1 Winnings: -18.0
Choosing model 1
[0.19206165021414223, 0.3568085692622202, 0.2313005481774591, 0.17063833829073524, 0.0491908940554432]
Games played: 36
Exploitability: P1=2.800000000 P2=0.237630394 EV: (0.23763039398700142, -0.23763039398700142) P1 Winnings: -15.0
Choosing model 0
[0.2123244963726144, 0.3026489913029922, 0.250247459404827, 0.17611446310242784, 0.0586645898171386]
Games played: 37
Exploitability: P1=1.900000000 P2=0.237630394 EV: (-0.09215451887416039, 0.09215451887416039) P1 Winnings: -14.0
Choosing model 0
[0.20700362295004973, 0.3159188116381924, 0.24602680696879814, 0.175923922625706, 0.05512683581725368]
Games played: 38
Exploitability: P1=1.900000000 P2=0.237630394 EV: (-0.09215451887416039, 0.09215451887416039) P1 Winnings: -9.0
Choosing model 0
[0.19250554500569328, 0.3527563497702677, 0.233728474963915, 0.174190311204113, 0.04681931905601085]
Games played: 39
Exploitability: P1=1.900000000 P2=0.237630394 EV: (-0.09215451887416039, 0.09215451887416039) P1 Winnings: -9.0
Choosing model 2
[0.1761156276229325, 0.3954157412906053, 0.21891019626664684, 0.17077627496033065, 0.03878215985948469]
Games played: 40
Exploitability: P1=4.600000000 P2=0.237630394 EV: (0.21397442500966302, -0.21397442500966302) P1 Winnings: -14.0
Choosing model 2
[0.17611535243629217, 0.39541645757786403, 0.21890994703026312, 0.17077621800135911, 0.03878202495422161]
Games played: 41
Exploitability: P1=4.600000000 P2=0.237630394 EV: (0.21397442500966302, -0.21397442500966302) P1 Winnings: -23.0
Choosing model 2
[0.1761150772496416, 0.3954171738654319, 0.21890969779361596, 0.17077616104197968, 0.038781890049330865]
Games played: 42
Exploitability: P1=4.600000000 P2=0.237630394 EV: (0.21397442500966302, -0.21397442500966302) P1 Winnings: -32.0
Choosing model 3
[0.19362611276675532, 0.34983968703222557, 0.23892438207653952, 0.17280340626445265, 0.04480641186002701]
Games played: 43
Exploitability: P1=1.933333333 P2=0.237630394 EV: (-0.061828447277275836, 0.061828447277275836) P1 Winnings: -31.0
Choosing model 1
[0.21310680274658036, 0.2650234597327811, 0.18933772268725335, 0.2579537341757929, 0.07457828065759227]
Games played: 44
Exploitability: P1=2.800000000 P2=0.237630394 EV: (0.23763039398700142, -0.23763039398700142) P1 Winnings: -34.0
Choosing model 0
[0.2131065579707653, 0.2650240495180764, 0.1893375854922387, 0.25795375491484895, 0.07457805210407079]
Games played: 45
Exploitability: P1=1.900000000 P2=0.237630394 EV: (-0.09215451887416039, 0.09215451887416039) P1 Winnings: -43.0
Choosing model 0
[0.2156673848064471, 0.27691472821759716, 0.20288917148090624, 0.2360447719243361, 0.0684839435707135]
Games played: 46
Exploitability: P1=1.900000000 P2=0.237630394 EV: (-0.09215451887416039, 0.09215451887416039) P1 Winnings: -42.0
Choosing model 3
[0.21741259894469028, 0.28821687338117385, 0.2165675985447198, 0.21515898932009747, 0.06264393980931858]
Games played: 47
Exploitability: P1=1.933333333 P2=0.237630394 EV: (-0.061828447277275836, 0.061828447277275836) P1 Winnings: -41.0
Choosing model 0
[0.21643864319300007, 0.2885321750481104, 0.21721040067062936, 0.21809459224853997, 0.059724188839720145]
Games played: 48
Exploitability: P1=1.900000000 P2=0.237630394 EV: (-0.09215451887416039, 0.09215451887416039) P1 Winnings: -41.0
Choosing model 2
[0.21643857359413374, 0.28853233906063547, 0.21721035515119988, 0.2180945927799482, 0.059724139414082736]
Games played: 49
Exploitability: P1=4.600000000 P2=0.237630394 EV: (0.21397442500966302, -0.21397442500966302) P1 Winnings: -42.0
Choosing model 3
[0.2173681189140652, 0.2991774060082028, 0.23098090904835675, 0.19804822590156002, 0.054425340127815205]
Games played: 50
Exploitability: P1=1.933333333 P2=0.237630394 EV: (-0.061828447277275836, 0.061828447277275836) P1 Winnings: -41.0
Choosing model 1
[0.2262013385178999, 0.2763677730824477, 0.2387035901729395, 0.2011146204550457, 0.05761267777166725]
Games played: 51
Exploitability: P1=2.800000000 P2=0.237630394 EV: (0.23763039398700142, -0.23763039398700142) P1 Winnings: -44.0
Choosing model 2
[0.2208129137585272, 0.2888518448448941, 0.2349758217098191, 0.20115227703188196, 0.05420714265487759]
Games played: 52
Exploitability: P1=4.600000000 P2=0.237630394 EV: (0.21397442500966302, -0.21397442500966302) P1 Winnings: -41.0
Choosing model 2
[0.200888534250765, 0.3492593494118043, 0.28922045865788626, 0.128418901282561, 0.032212756396983594]
Games played: 53
Exploitability: P1=4.600000000 P2=0.237630394 EV: (0.21397442500966302, -0.21397442500966302) P1 Winnings: -36.0
Choosing model 1
[0.17409343382737508, 0.41834063732773646, 0.25970989134206146, 0.12373001199728824, 0.0241260255055387]
Games played: 54
Exploitability: P1=2.800000000 P2=0.237630394 EV: (0.23763039398700142, -0.23763039398700142) P1 Winnings: -45.0
Choosing model 1
[0.17409335305187873, 0.41834084567124014, 0.25970980226736734, 0.12372999789487062, 0.024126001114643178]
Games played: 55
Exploitability: P1=2.800000000 P2=0.237630394 EV: (0.23763039398700142, -0.23763039398700142) P1 Winnings: -52.0
Choosing model 2
[0.16532859672842876, 0.43948985717097727, 0.25086013418337333, 0.12317288984730498, 0.0211485220699157]
Games played: 56
Exploitability: P1=4.600000000 P2=0.237630394 EV: (0.21397442500966302, -0.21397442500966302) P1 Winnings: -49.0
Choosing model 1
[0.1389703400518794, 0.5136585762953748, 0.23332735689447617, 0.09992244724453549, 0.014121279513734139]
Games played: 57
Exploitability: P1=2.800000000 P2=0.237630394 EV: (0.23763039398700142, -0.23763039398700142) P1 Winnings: -44.0
Choosing model 1
[0.12572860101371328, 0.5488176225007694, 0.23383513923889165, 0.0812428906560494, 0.010375746590576277]
Games played: 58
Exploitability: P1=2.800000000 P2=0.237630394 EV: (0.23763039398700142, -0.23763039398700142) P1 Winnings: -39.0
Choosing model 2
[0.14156966037842567, 0.5006839598936842, 0.258759157360821, 0.08656341955068708, 0.012423802816382133]
Games played: 59
Exploitability: P1=4.600000000 P2=0.237630394 EV: (0.21397442500966302, -0.21397442500966302) P1 Winnings: -40.0
Choosing model 0
[0.11547773574022013, 0.5427926541287293, 0.285561036596762, 0.04954910212379185, 0.00661947141049684]
Games played: 60
Exploitability: P1=1.900000000 P2=0.237630394 EV: (-0.09215451887416039, 0.09215451887416039) P1 Winnings: -35.0
Choosing model 2
[0.11547767479412627, 0.542792850743311, 0.2855609178680856, 0.049549092027019695, 0.00661946456745741]
Games played: 61
Exploitability: P1=4.600000000 P2=0.237630394 EV: (0.21397442500966302, -0.21397442500966302) P1 Winnings: -36.0
Choosing model 1
[0.11547744376019814, 0.5427935961774689, 0.2855604676301005, 0.049549053791131836, 0.006619438641100437]
Games played: 62
Exploitability: P1=2.800000000 P2=0.237630394 EV: (0.23763039398700142, -0.23763039398700142) P1 Winnings: -45.0
Choosing model 1
[0.1512459295528654, 0.4262531067708555, 0.35620166061103026, 0.055853858700557174, 0.010445444364691681]
Games played: 63
Exploitability: P1=2.800000000 P2=0.237630394 EV: (0.23763039398700142, -0.23763039398700142) P1 Winnings: -44.0
Choosing model 1
[0.15945968186125, 0.3989275580736963, 0.37294662299913134, 0.05746372086001871, 0.011202416205903846]
Games played: 64
Exploitability: P1=2.800000000 P2=0.237630394 EV: (0.23763039398700142, -0.23763039398700142) P1 Winnings: -41.0
Choosing model 0
[0.1745855616892616, 0.35179509240466184, 0.4011083325677478, 0.059448625120087396, 0.013062388218241338]
Games played: 65
Exploitability: P1=1.900000000 P2=0.237630394 EV: (-0.09215451887416039, 0.09215451887416039) P1 Winnings: -40.0
Choosing model 2
[0.16981059291261735, 0.353280236551057, 0.41309745037429507, 0.052283318265587124, 0.011528401896443548]
Games played: 66
Exploitability: P1=4.600000000 P2=0.237630394 EV: (0.21397442500966302, -0.21397442500966302) P1 Winnings: -39.0
Choosing model 2
[0.16179955173698457, 0.3852489999809451, 0.38830123701405744, 0.054307272201589554, 0.01034293906642344]
Games played: 67
Exploitability: P1=4.600000000 P2=0.237630394 EV: (0.21397442500966302, -0.21397442500966302) P1 Winnings: -39.0
Choosing model 1
[0.18905109741388829, 0.30266729198110015, 0.4377347021332881, 0.05675092715944679, 0.013795981312276877]
Games played: 68
Exploitability: P1=2.800000000 P2=0.237630394 EV: (0.23763039398700142, -0.23763039398700142) P1 Winnings: -34.0
Choosing model 1
[0.19655104613498317, 0.2793321546353847, 0.45195029650357316, 0.057576131552675165, 0.014590371173383831]
Games played: 69
Exploitability: P1=2.800000000 P2=0.237630394 EV: (0.23763039398700142, -0.23763039398700142) P1 Winnings: -31.0
Choosing model 2
[0.23008036641640406, 0.2574396366355142, 0.39850698543499546, 0.09085488508974288, 0.02311812642334328]
Games played: 70
Exploitability: P1=4.600000000 P2=0.237630394 EV: (0.21397442500966302, -0.21397442500966302) P1 Winnings: -40.0
Choosing model 0
[0.20270696351045336, 0.3153668701501941, 0.38849453764204933, 0.07725225790430355, 0.016179370792999803]
Games played: 71
Exploitability: P1=1.900000000 P2=0.237630394 EV: (-0.09215451887416039, 0.09215451887416039) P1 Winnings: -35.0
Choosing model 2
[0.2216688854989813, 0.26460414667136917, 0.41577134553805684, 0.0788689782741746, 0.01908664401741807]
Games played: 72
Exploitability: P1=4.600000000 P2=0.237630394 EV: (0.21397442500966302, -0.21397442500966302) P1 Winnings: -34.0
Choosing model 2
[0.19749853511534465, 0.32584462274400783, 0.3838362030798986, 0.07812395468314734, 0.014696684377601717]
Games played: 73
Exploitability: P1=4.600000000 P2=0.237630394 EV: (0.21397442500966302, -0.21397442500966302) P1 Winnings: -43.0
Choosing model 1
[0.1928093864179162, 0.32843389004255047, 0.3967752783906747, 0.06896256201086522, 0.013018883137993383]
Games played: 74
Exploitability: P1=2.800000000 P2=0.237630394 EV: (0.23763039398700142, -0.23763039398700142) P1 Winnings: -42.0
Choosing model 0
[0.15986463290166025, 0.36080404089899065, 0.4302879496380151, 0.04180128931964724, 0.007242087241686671]
Games played: 75
Exploitability: P1=1.900000000 P2=0.237630394 EV: (-0.09215451887416039, 0.09215451887416039) P1 Winnings: -39.0
Choosing model 1
[0.14750830274863758, 0.3997325553680151, 0.4055899199145996, 0.041066486379162756, 0.006102735589585013]
Games played: 76
Exploitability: P1=2.800000000 P2=0.237630394 EV: (0.23763039398700142, -0.23763039398700142) P1 Winnings: -39.0
Choosing model 1
[0.14287207627873869, 0.41453277003777256, 0.39614389045675824, 0.040754021979914345, 0.00569724124681614]
Games played: 77
Exploitability: P1=2.800000000 P2=0.237630394 EV: (0.23763039398700142, -0.23763039398700142) P1 Winnings: -46.0
Choosing model 2
[0.1284247080541669, 0.44004961049751573, 0.39444489863846083, 0.03292168451247634, 0.004159098297380054]
Games played: 78
Exploitability: P1=4.600000000 P2=0.237630394 EV: (0.21397442500966302, -0.21397442500966302) P1 Winnings: -41.0
Choosing model 1
[0.13953268565766794, 0.42362341932874603, 0.3942736702617911, 0.037650781075959996, 0.004919443675834819]
Games played: 79
Exploitability: P1=2.800000000 P2=0.237630394 EV: (0.23763039398700142, -0.23763039398700142) P1 Winnings: -32.0
Choosing model 0
[0.15123962273722216, 0.4068370977012412, 0.39316194363469864, 0.04295643160340942, 0.005804904323428671]
Games played: 80
Exploitability: P1=1.900000000 P2=0.237630394 EV: (-0.09215451887416039, 0.09215451887416039) P1 Winnings: -23.0
Choosing model 2
[0.12579200219191228, 0.4895752871723002, 0.34027680564079227, 0.040248461635019175, 0.004107443359975974]
Games played: 81
Exploitability: P1=4.600000000 P2=0.237630394 EV: (0.21397442500966302, -0.21397442500966302) P1 Winnings: -32.0
Choosing model 0
[0.13987482026457004, 0.44106797159085825, 0.37185078739012023, 0.04234954289813344, 0.004856877856317906]
Games played: 82
Exploitability: P1=1.900000000 P2=0.237630394 EV: (-0.09215451887416039, 0.09215451887416039) P1 Winnings: -33.0
Choosing model 2
[0.174674502412325, 0.3302492226595629, 0.4422521982697054, 0.04551661777079237, 0.007307458887614295]
Games played: 83
Exploitability: P1=4.600000000 P2=0.237630394 EV: (0.21397442500966302, -0.21397442500966302) P1 Winnings: -32.0
Choosing model 2
[0.16930597826749114, 0.3304895218200837, 0.45388638501440065, 0.03989124916816479, 0.006426865729859758]
Games played: 84
Exploitability: P1=4.600000000 P2=0.237630394 EV: (0.21397442500966302, -0.21397442500966302) P1 Winnings: -31.0
Choosing model 2
[0.18516861882762192, 0.27876585389637043, 0.4883693142767878, 0.04015023249853885, 0.007545980500680943]
Games played: 85
Exploitability: P1=4.600000000 P2=0.237630394 EV: (0.21397442500966302, -0.21397442500966302) P1 Winnings: -28.0
Choosing model 2
[0.17921095505760481, 0.2785542922464852, 0.500472146206661, 0.03513582099280133, 0.006626785496447722]
Games played: 86
Exploitability: P1=4.600000000 P2=0.237630394 EV: (0.21397442500966302, -0.21397442500966302) P1 Winnings: -27.0
Choosing model 2
[0.15124552660490334, 0.32479853636161965, 0.4935195367174531, 0.02638880661632785, 0.004047593699696049]
Games played: 87
Exploitability: P1=4.600000000 P2=0.237630394 EV: (0.21397442500966302, -0.21397442500966302) P1 Winnings: -18.0
Choosing model 0
[0.11838964274749735, 0.37175291576036046, 0.4911916486016397, 0.016594106208334816, 0.002071686682167709]
Games played: 88
Exploitability: P1=1.900000000 P2=0.237630394 EV: (-0.09215451887416039, 0.09215451887416039) P1 Winnings: -13.0
Choosing model 2
[0.12376197387278252, 0.3457841632947305, 0.5112518342305884, 0.01703298087099731, 0.002169047730901279]
Games played: 89
Exploitability: P1=4.600000000 P2=0.237630394 EV: (0.21397442500966302, -0.21397442500966302) P1 Winnings: -18.0
Choosing model 1
[0.10181171220094684, 0.3930084040762103, 0.4914188900983063, 0.012469608923724151, 0.0012913847008124125]
Games played: 90
Exploitability: P1=2.800000000 P2=0.237630394 EV: (0.23763039398700142, -0.23763039398700142) P1 Winnings: -9.0
Choosing model 1
[0.07733218981711872, 0.5141580196962963, 0.3964161162133876, 0.01132874951623014, 0.0007649247569673282]
Games played: 91
Exploitability: P1=2.800000000 P2=0.237630394 EV: (0.23763039398700142, -0.23763039398700142) P1 Winnings: -16.0
Choosing model 1
[0.05845346531286546, 0.6160558047164749, 0.3150725171863801, 0.009947699612664793, 0.00047051317161479387]
Games played: 92
Exploitability: P1=2.800000000 P2=0.237630394 EV: (0.23763039398700142, -0.23763039398700142) P1 Winnings: -9.0
Choosing model 1
[0.06667920644205533, 0.5655179221168157, 0.3567950031839205, 0.01044384663626343, 0.0005640216209451156]
Games played: 93
Exploitability: P1=2.800000000 P2=0.237630394 EV: (0.23763039398700142, -0.23763039398700142) P1 Winnings: -8.0
Choosing model 1
[0.07524446230966632, 0.5135428091583525, 0.3996970703998334, 0.01084681591223548, 0.0006688422199123631]
Games played: 94
Exploitability: P1=2.800000000 P2=0.237630394 EV: (0.23763039398700142, -0.23763039398700142) P1 Winnings: -7.0
Choosing model 1
[0.0723575670503414, 0.5287428693416842, 0.38759243948739536, 0.01068719468503246, 0.0006199294355464298]
Games played: 95
Exploitability: P1=2.800000000 P2=0.237630394 EV: (0.23763039398700142, -0.23763039398700142) P1 Winnings: -14.0
Choosing model 2
[0.08336013266261781, 0.4673728421938636, 0.4370018814866684, 0.011494686355341649, 0.0007704573015086355]
Games played: 96
Exploitability: P1=4.600000000 P2=0.237630394 EV: (0.21397442500966302, -0.21397442500966302) P1 Winnings: -13.0
Choosing model 2
[0.08038893712410236, 0.4825694325480055, 0.42496788134836044, 0.011357612760099597, 0.0007161362194320546]
Games played: 97
Exploitability: P1=4.600000000 P2=0.237630394 EV: (0.21397442500966302, -0.21397442500966302) P1 Winnings: -26.0
Choosing model 1
[0.08914231433787016, 0.4306193949715904, 0.46781248415081333, 0.011591305149379933, 0.0008345013903460653]
Games played: 98
Exploitability: P1=2.800000000 P2=0.237630394 EV: (0.23763039398700142, -0.23763039398700142) P1 Winnings: -25.0
Choosing model 2
[0.08615933405442759, 0.4456259502227251, 0.4559583306350742, 0.011478966968073651, 0.0007774181196994961]
Games played: 99
Exploitability: P1=4.600000000 P2=0.237630394 EV: (0.21397442500966302, -0.21397442500966302) P1 Winnings: -32.0
Choosing model 1
[0.08315485387555271, 0.4588564990767712, 0.4460824105183689, 0.01118751213687955, 0.0007187243924277287]
Games played: 100
Exploitability: P1=2.800000000 P2=0.237630394 EV: (0.23763039398700142, -0.23763039398700142) P1 Winnings: -27.0
Choosing model 2
[0.08019713510748584, 0.472138351771602, 0.4361049550350093, 0.010895576418892784, 0.0006639816670100544]
Games played: 101
Exploitability: P1=4.600000000 P2=0.237630394 EV: (0.21397442500966302, -0.21397442500966302) P1 Winnings: -22.0
Choosing model 2
[0.08610780053181877, 0.4941636665648754, 0.40485455426749534, 0.014097044021997619, 0.0007769346138129611]
Games played: 102
Exploitability: P1=4.600000000 P2=0.237630394 EV: (0.21397442500966302, -0.21397442500966302) P1 Winnings: -22.0
Choosing model 1
[0.08289925139335727, 0.5075748163614769, 0.39510435302586533, 0.013705081128355716, 0.0007164980909444784]
Games played: 103
Exploitability: P1=2.800000000 P2=0.237630394 EV: (0.23763039398700142, -0.23763039398700142) P1 Winnings: -17.0
Choosing model 2
[0.07974871619055109, 0.5227952152483356, 0.383283229902347, 0.013508488101316786, 0.0006643505574496467]
Games played: 104
Exploitability: P1=4.600000000 P2=0.237630394 EV: (0.21397442500966302, -0.21397442500966302) P1 Winnings: -30.0
Choosing model 0
[0.10792131320217582, 0.4244948984158873, 0.44860652487595104, 0.01784160727276398, 0.001135656233221912]
Games played: 105
Exploitability: P1=1.900000000 P2=0.237630394 EV: (-0.09215451887416039, 0.09215451887416039) P1 Winnings: -30.0
Choosing model 1
[0.11848828903934397, 0.3776070994117802, 0.4840427498160099, 0.01853595160914354, 0.0013259101237224132]
Games played: 106
Exploitability: P1=2.800000000 P2=0.237630394 EV: (0.23763039398700142, -0.23763039398700142) P1 Winnings: -29.0
Choosing model 1
[0.11848823837491748, 0.3776073012092829, 0.48404260141335154, 0.018535950170945694, 0.0013259088315024248]
Games played: 107
Exploitability: P1=2.800000000 P2=0.237630394 EV: (0.23763039398700142, -0.23763039398700142) P1 Winnings: -36.0
Choosing model 0
[0.1304737456369499, 0.32650472969119043, 0.522310472122309, 0.019141773427632094, 0.001569279121918637]
Games played: 108
Exploitability: P1=1.900000000 P2=0.237630394 EV: (-0.09215451887416039, 0.09215451887416039) P1 Winnings: -33.0
Choosing model 2
[0.14851466579886474, 0.2550046910081175, 0.5748454147031236, 0.019613565883825443, 0.0020216626060686354]
Games played: 109
Exploitability: P1=4.600000000 P2=0.237630394 EV: (0.21397442500966302, -0.21397442500966302) P1 Winnings: -40.0
Choosing model 2
[0.13951070049013348, 0.39651407400188055, 0.43021110470546664, 0.0317526882311168, 0.0020114325714027013]
Games played: 110
Exploitability: P1=4.600000000 P2=0.237630394 EV: (0.21397442500966302, -0.21397442500966302) P1 Winnings: -49.0
Choosing model 1
[0.10966616007893072, 0.41425326325104866, 0.4575324338950533, 0.0175153545268938, 0.0010327882480735304]
Games played: 111
Exploitability: P1=2.800000000 P2=0.237630394 EV: (0.23763039398700142, -0.23763039398700142) P1 Winnings: -44.0
Choosing model 2
[0.09230363255288733, 0.49058343206830296, 0.3998738448383887, 0.01649421462379306, 0.0007448759166280063]
Games played: 112
Exploitability: P1=4.600000000 P2=0.237630394 EV: (0.21397442500966302, -0.21397442500966302) P1 Winnings: -44.0
Choosing model 2
[0.08888841332733241, 0.5040346362141029, 0.3903498641564581, 0.016039966050708437, 0.0006871202513980677]
Games played: 113
Exploitability: P1=4.600000000 P2=0.237630394 EV: (0.21397442500966302, -0.21397442500966302) P1 Winnings: -39.0
Choosing model 2
[0.08565637648806568, 0.5014735574298743, 0.3982932567120998, 0.013975999082325831, 0.0006008102876344994]
Games played: 114
Exploitability: P1=4.600000000 P2=0.237630394 EV: (0.21397442500966302, -0.21397442500966302) P1 Winnings: -38.0
Choosing model 1
[0.09546547170977283, 0.4528288941305776, 0.43625408267253163, 0.014739481017759617, 0.0007120704693584613]
Games played: 115
Exploitability: P1=2.800000000 P2=0.237630394 EV: (0.23763039398700142, -0.23763039398700142) P1 Winnings: -37.0
Choosing model 2
[0.10093863602025563, 0.4250152593909865, 0.45807243101710077, 0.015207809545928123, 0.0007658640257289496]
Games played: 116
Exploitability: P1=4.600000000 P2=0.237630394 EV: (0.21397442500966302, -0.21397442500966302) P1 Winnings: -37.0
Choosing model 1
[0.11022129382259478, 0.4112098886065041, 0.46017846720799677, 0.01747991486060309, 0.0009104355023012039]
Games played: 117
Exploitability: P1=2.800000000 P2=0.237630394 EV: (0.23763039398700142, -0.23763039398700142) P1 Winnings: -46.0
Choosing model 2
[0.1209941336891866, 0.3635805702747012, 0.49622961197288307, 0.018131292444678534, 0.0010643916185508297]
Games played: 118
Exploitability: P1=4.600000000 P2=0.237630394 EV: (0.21397442500966302, -0.21397442500966302) P1 Winnings: -45.0
Choosing model 0
[0.1304558218721607, 0.382135782838933, 0.4626006019994577, 0.02355711578873122, 0.0012506775007174668]
Games played: 119
Exploitability: P1=1.900000000 P2=0.237630394 EV: (-0.09215451887416039, 0.09215451887416039) P1 Winnings: -45.0
Choosing model 1
[0.11094020694629855, 0.4572397685626417, 0.4084949169388341, 0.0224137320863724, 0.0009113754658533732]
Games played: 120
Exploitability: P1=2.800000000 P2=0.237630394 EV: (0.23763039398700142, -0.23763039398700142) P1 Winnings: -40.0
Choosing model 1
[0.08942635186675432, 0.5092215368431863, 0.38474204845651333, 0.016078383365027035, 0.0005316794685191685]
Games played: 121
Exploitability: P1=2.800000000 P2=0.237630394 EV: (0.23763039398700142, -0.23763039398700142) P1 Winnings: -31.0
Choosing model 1
[0.06773226802224876, 0.6113787685198854, 0.30641429543744236, 0.014146962990063666, 0.00032770503036004615]
Games played: 122
Exploitability: P1=2.800000000 P2=0.237630394 EV: (0.23763039398700142, -0.23763039398700142) P1 Winnings: -24.0
Choosing model 1
[0.0525417205315033, 0.62837403478721, 0.3108909294916697, 0.008022762889328513, 0.00017055230028848457]
Games played: 123
Exploitability: P1=2.800000000 P2=0.237630394 EV: (0.23763039398700142, -0.23763039398700142) P1 Winnings: -21.0
Choosing model 1
[0.05021373037263404, 0.6407041988391738, 0.30118332275666587, 0.007742613763389381, 0.00015613426813678168]
Games played: 124
Exploitability: P1=2.800000000 P2=0.237630394 EV: (0.23763039398700142, -0.23763039398700142) P1 Winnings: -16.0
Choosing model 1
[0.05021361494828283, 0.6407048878198849, 0.30118275814030776, 0.007742605481441299, 0.00015613361008314292]
Games played: 125
Exploitability: P1=2.800000000 P2=0.237630394 EV: (0.23763039398700142, -0.23763039398700142) P1 Winnings: -25.0
Choosing model 1
[0.05866845326029358, 0.5878173410476804, 0.3448343463790913, 0.008483786130455686, 0.00019607318247915487]
Games played: 126
Exploitability: P1=2.800000000 P2=0.237630394 EV: (0.23763039398700142, -0.23763039398700142) P1 Winnings: -25.0
Choosing model 1
[0.056161140332551006, 0.6024654153910824, 0.3328715842022231, 0.008320951715639598, 0.000180908358503985]
Games played: 127
Exploitability: P1=2.800000000 P2=0.237630394 EV: (0.23763039398700142, -0.23763039398700142) P1 Winnings: -22.0
Choosing model 1
[0.06284095226114363, 0.5954522058524422, 0.3312705526092209, 0.010209939524553195, 0.00022634975264026075]
Games played: 128
Exploitability: P1=2.800000000 P2=0.237630394 EV: (0.23763039398700142, -0.23763039398700142) P1 Winnings: -29.0
Choosing model 2
[0.070222281652215, 0.5877424167905941, 0.32924127908883405, 0.012511191634312207, 0.00028283083404469466]
Games played: 129
Exploitability: P1=4.600000000 P2=0.237630394 EV: (0.21397442500966302, -0.21397442500966302) P1 Winnings: -36.0
Choosing model 1
[0.06852420353131544, 0.5938981173686967, 0.32476241479202717, 0.012554526354523787, 0.00026073795343694456]
Games played: 130
Exploitability: P1=2.800000000 P2=0.237630394 EV: (0.23763039398700142, -0.23763039398700142) P1 Winnings: -31.0
Choosing model 1
[0.05470987986645025, 0.6648855473421835, 0.2690347435827069, 0.011190828541118598, 0.0001790006675405676]
Games played: 131
Exploitability: P1=2.800000000 P2=0.237630394 EV: (0.23763039398700142, -0.23763039398700142) P1 Winnings: -31.0
Choosing model 1
[0.03894782242337275, 0.7503049269606532, 0.20138867991597775, 0.009254871552824015, 0.00010369914717237532]
Games played: 132
Exploitability: P1=2.800000000 P2=0.237630394 EV: (0.23763039398700142, -0.23763039398700142) P1 Winnings: -24.0
Choosing model 1
[0.04332952286885531, 0.7395873562152885, 0.20611986359524515, 0.010837664344501553, 0.00012559297610972162]
Games played: 133
Exploitability: P1=2.800000000 P2=0.237630394 EV: (0.23763039398700142, -0.23763039398700142) P1 Winnings: -15.0
Choosing model 1
[0.05064762131507704, 0.7004289583543415, 0.23677994720227705, 0.011987359977541422, 0.00015611315076290242]
Games played: 134
Exploitability: P1=2.800000000 P2=0.237630394 EV: (0.23763039398700142, -0.23763039398700142) P1 Winnings: -14.0
Choosing model 1
[0.06655787665404382, 0.6189086900832107, 0.30021033504916744, 0.014088898350521809, 0.00023419986305621364]
Games played: 135
Exploitability: P1=2.800000000 P2=0.237630394 EV: (0.23763039398700142, -0.23763039398700142) P1 Winnings: -19.0
Choosing model 1
[0.06359414621236957, 0.6331443117551983, 0.2892532405746761, 0.013792619660510203, 0.00021568179724597912]
Games played: 136
Exploitability: P1=2.800000000 P2=0.237630394 EV: (0.23763039398700142, -0.23763039398700142) P1 Winnings: -32.0
Choosing model 2
[0.06359400150916295, 0.6331450073232902, 0.2892527050465918, 0.013792605227722417, 0.00021568089323276498]
Games played: 137
Exploitability: P1=4.600000000 P2=0.237630394 EV: (0.21397442500966302, -0.21397442500966302) P1 Winnings: -41.0
Choosing model 1
[0.06359385680615179, 0.6331457028908142, 0.2892521695188905, 0.013792590794920716, 0.0002156799892228862]
Games played: 138
Exploitability: P1=2.800000000 P2=0.237630394 EV: (0.23763039398700142, -0.23763039398700142) P1 Winnings: -50.0
Choosing model 2
[0.049258069460851164, 0.6497781336313427, 0.2930415506056967, 0.007810163784707012, 0.0001120825174025385]
Games played: 139
Exploitability: P1=4.600000000 P2=0.237630394 EV: (0.21397442500966302, -0.21397442500966302) P1 Winnings: -47.0
Choosing model 1
[0.047474066724631385, 0.6465725358242584, 0.2990491892512501, 0.0068061899388711005, 9.801826098894576e-05]
Games played: 140
Exploitability: P1=2.800000000 P2=0.237630394 EV: (0.23763039398700142, -0.23763039398700142) P1 Winnings: -46.0
Choosing model 0
[0.0532136921987796, 0.6401653415611063, 0.298132180090591, 0.00836593237572384, 0.0001228537737992686]
Games played: 141
Exploitability: P1=1.900000000 P2=0.237630394 EV: (-0.09215451887416039, 0.09215451887416039) P1 Winnings: -53.0
Choosing model 2
[0.07878575552462899, 0.49374868951695694, 0.4168877833601982, 0.010353833957718914, 0.0002239376404971037]
Games played: 142
Exploitability: P1=4.600000000 P2=0.237630394 EV: (0.21397442500966302, -0.21397442500966302) P1 Winnings: -56.0
Choosing model 2
[0.0896423106801094, 0.5174474618518988, 0.3768772080905814, 0.015725680711979276, 0.0003073386654309552]
Games played: 143
Exploitability: P1=4.600000000 P2=0.237630394 EV: (0.21397442500966302, -0.21397442500966302) P1 Winnings: -69.0
Choosing model 2
[0.1001618193698873, 0.46526628382760254, 0.4180393048666172, 0.016171722442609057, 0.00036086949328377786]
Games played: 144
Exploitability: P1=4.600000000 P2=0.237630394 EV: (0.21397442500966302, -0.21397442500966302) P1 Winnings: -68.0
Choosing model 1
[0.08132580517596912, 0.6253166740091527, 0.2704180344614549, 0.022629148351138665, 0.00031033800228446397]
Games played: 145
Exploitability: P1=2.800000000 P2=0.237630394 EV: (0.23763039398700142, -0.23763039398700142) P1 Winnings: -77.0
Choosing model 0
[0.09322722247120564, 0.5773679733213806, 0.3045142350562083, 0.02451168818734449, 0.00037888096386099433]
Games played: 146
Exploitability: P1=1.900000000 P2=0.237630394 EV: (-0.09215451887416039, 0.09215451887416039) P1 Winnings: -76.0
Choosing model 1
[0.09322717066353489, 0.5773681663281769, 0.3045140999390354, 0.02451168250765534, 0.0003788805615974973]
Games played: 147
Exploitability: P1=2.800000000 P2=0.237630394 EV: (0.23763039398700142, -0.23763039398700142) P1 Winnings: -77.0
Choosing model 0
[0.08930189116049539, 0.5921468666079825, 0.2941443336178639, 0.024057100698015286, 0.000349807915643029]
Games played: 148
Exploitability: P1=1.900000000 P2=0.237630394 EV: (-0.09215451887416039, 0.09215451887416039) P1 Winnings: -74.0
Choosing model 2
[0.08546433766529625, 0.6067533229803144, 0.2838701191982247, 0.02358954682196123, 0.00032267333420353913]
Games played: 149
Exploitability: P1=4.600000000 P2=0.237630394 EV: (0.21397442500966302, -0.21397442500966302) P1 Winnings: -75.0
Choosing model 2
[0.08180816956417493, 0.6196479975974312, 0.27544576356661804, 0.022802201762655166, 0.0002958675091205217]
Games played: 150
Exploitability: P1=4.600000000 P2=0.237630394 EV: (0.21397442500966302, -0.21397442500966302) P1 Winnings: -70.0
Choosing model 1
[0.09602040119530729, 0.5609170983185959, 0.3180600014860879, 0.024629690784420434, 0.00037280821558833166]
Games played: 151
Exploitability: P1=2.800000000 P2=0.237630394 EV: (0.23763039398700142, -0.23763039398700142) P1 Winnings: -67.0
Choosing model 1
[0.09206974238322954, 0.5758515455255456, 0.3075370044593366, 0.02419716095894279, 0.00034454667294540143]
Games played: 152
Exploitability: P1=2.800000000 P2=0.237630394 EV: (0.23763039398700142, -0.23763039398700142) P1 Winnings: -80.0
Choosing model 1
[0.08827786764447287, 0.5890695662072452, 0.2989076009268692, 0.023428514987301523, 0.00031645023411129363]
Games played: 153
Exploitability: P1=2.800000000 P2=0.237630394 EV: (0.23763039398700142, -0.23763039398700142) P1 Winnings: -75.0
Choosing model 1
[0.07768373263203396, 0.6121902067993568, 0.29137169460669365, 0.01852820532640248, 0.00022616063551333915]
Games played: 154
Exploitability: P1=2.800000000 P2=0.237630394 EV: (0.23763039398700142, -0.23763039398700142) P1 Winnings: -70.0
Choosing model 1
[0.0828420399856173, 0.5894176890315379, 0.30823610212642566, 0.019256199079481652, 0.0002479697769375164]
Games played: 155
Exploitability: P1=2.800000000 P2=0.237630394 EV: (0.23763039398700142, -0.23763039398700142) P1 Winnings: -70.0
Choosing model 1
[0.0775082176663635, 0.6100605299273476, 0.2933310173070055, 0.018886081880515725, 0.000214153218767727]
Games played: 156
Exploitability: P1=2.800000000 P2=0.237630394 EV: (0.23763039398700142, -0.23763039398700142) P1 Winnings: -67.0
Choosing model 1
[0.06063109759369458, 0.6810255778611292, 0.24212987308421408, 0.01607425366698559, 0.000139197793976495]
Games played: 157
Exploitability: P1=2.800000000 P2=0.237630394 EV: (0.23763039398700142, -0.23763039398700142) P1 Winnings: -60.0
Choosing model 1
[0.06063105575853822, 0.6810257631042929, 0.24212973531355353, 0.016074248201825996, 0.00013919762178942686]
Games played: 158
Exploitability: P1=2.800000000 P2=0.237630394 EV: (0.23763039398700142, -0.23763039398700142) P1 Winnings: -67.0
Choosing model 1
[0.07017678615216226, 0.6343194745477748, 0.27821116372874544, 0.017123268940758572, 0.00016930663055896177]
Games played: 159
Exploitability: P1=2.800000000 P2=0.237630394 EV: (0.23763039398700142, -0.23763039398700142) P1 Winnings: -66.0
Choosing model 0
[0.07499742031066021, 0.6120360202797468, 0.2949462284603062, 0.017834298864851914, 0.00018603208443485267]
Games played: 160
Exploitability: P1=1.900000000 P2=0.237630394 EV: (-0.09215451887416039, 0.09215451887416039) P1 Winnings: -66.0
Choosing model 1
[0.07168776492964131, 0.6263745589847757, 0.28429974583228407, 0.017466536199647765, 0.00017139405365136322]
Games played: 161
Exploitability: P1=2.800000000 P2=0.237630394 EV: (0.23763039398700142, -0.23763039398700142) P1 Winnings: -61.0
Choosing model 1
[0.0511845747936859, 0.7210348068315127, 0.21321097688166307, 0.014468985222737771, 0.00010065627040055846]
Games played: 162
Exploitability: P1=2.800000000 P2=0.237630394 EV: (0.23763039398700142, -0.23763039398700142) P1 Winnings: -61.0
Choosing model 1
[0.05727368084382537, 0.7126563718378005, 0.21218995682902228, 0.017754048258766014, 0.00012594223058594116]
Games played: 163
Exploitability: P1=2.800000000 P2=0.237630394 EV: (0.23763039398700142, -0.23763039398700142) P1 Winnings: -68.0
Choosing model 1
[0.06238535490650593, 0.6890758203890248, 0.2295281312333525, 0.01887114775077451, 0.00013954572034234375]
Games played: 164
Exploitability: P1=2.800000000 P2=0.237630394 EV: (0.23763039398700142, -0.23763039398700142) P1 Winnings: -68.0
Choosing model 0
[0.07764896910778973, 0.675258930819547, 0.21519393505657647, 0.03166306554101656, 0.00023509947507022945]
Games played: 165
Exploitability: P1=1.900000000 P2=0.237630394 EV: (-0.09215451887416039, 0.09215451887416039) P1 Winnings: -77.0
Choosing model 2
[0.08986509746797394, 0.6288858905446375, 0.2472369990939272, 0.03372608875470646, 0.00028592413875491805]
Games played: 166
Exploitability: P1=4.600000000 P2=0.237630394 EV: (0.21397442500966302, -0.21397442500966302) P1 Winnings: -76.0
Choosing model 1
[0.11495402914358467, 0.5409125797494295, 0.3051314174254952, 0.03858444077132502, 0.0004175329101656245]
Games played: 167
Exploitability: P1=2.800000000 P2=0.237630394 EV: (0.23763039398700142, -0.23763039398700142) P1 Winnings: -81.0
Choosing model 0
[0.12176774773009456, 0.5173104415833605, 0.3206346445264391, 0.039832429651223564, 0.0004547365088822661]
Games played: 168
Exploitability: P1=1.900000000 P2=0.237630394 EV: (-0.09215451887416039, 0.09215451887416039) P1 Winnings: -81.0
Choosing model 1
[0.1170596073194415, 0.5324569338995289, 0.310828014402435, 0.039234093618374044, 0.00042135076022061223]
Games played: 169
Exploitability: P1=2.800000000 P2=0.237630394 EV: (0.23763039398700142, -0.23763039398700142) P1 Winnings: -82.0
Choosing model 1
[0.11242817261784618, 0.5475339265850014, 0.3010392769847366, 0.03860857313499566, 0.0003900506774202198]
Games played: 170
Exploitability: P1=2.800000000 P2=0.237630394 EV: (0.23763039398700142, -0.23763039398700142) P1 Winnings: -89.0
Choosing model 2
[0.12688605612200804, 0.4977234333559399, 0.33374862346071943, 0.041173059391747, 0.0004688276695857405]
Games played: 171
Exploitability: P1=4.600000000 P2=0.237630394 EV: (0.21397442500966302, -0.21397442500966302) P1 Winnings: -88.0
Choosing model 1
[0.12297433572773027, 0.49803720443457544, 0.3424951660022972, 0.03608100280268053, 0.00041229103271660234]
Games played: 172
Exploitability: P1=2.800000000 P2=0.237630394 EV: (0.23763039398700142, -0.23763039398700142) P1 Winnings: -87.0
Choosing model 2
[0.09779520305321424, 0.5247640324051722, 0.35624425562356443, 0.020976534205973934, 0.0002199747120754155]
Games played: 173
Exploitability: P1=4.600000000 P2=0.237630394 EV: (0.21397442500966302, -0.21397442500966302) P1 Winnings: -84.0
Choosing model 2
[0.10713573594436882, 0.5093681893545967, 0.35904488191638845, 0.024188844031811617, 0.00026234875283428615]
Games played: 174
Exploitability: P1=4.600000000 P2=0.237630394 EV: (0.21397442500966302, -0.21397442500966302) P1 Winnings: -93.0
Choosing model 2
[0.11959012794414982, 0.4606724718092848, 0.39387610993254524, 0.025549875715354223, 0.00031141459866594254]
Games played: 175
Exploitability: P1=4.600000000 P2=0.237630394 EV: (0.21397442500966302, -0.21397442500966302) P1 Winnings: -92.0
Choosing model 1
[0.11547279086217595, 0.4592505709711552, 0.4026969576061087, 0.02230683721444596, 0.0002728433461142349]
Games played: 176
Exploitability: P1=2.800000000 P2=0.237630394 EV: (0.23763039398700142, -0.23763039398700142) P1 Winnings: -91.0
Choosing model 1
[0.11141916120420917, 0.4744477436915714, 0.39182621594565054, 0.022053131084276287, 0.00025374807429270766]
Games played: 177
Exploitability: P1=2.800000000 P2=0.237630394 EV: (0.23763039398700142, -0.23763039398700142) P1 Winnings: -98.0
Choosing model 2
[0.08562008385214466, 0.5779302221845343, 0.3166039871876139, 0.01968702535072147, 0.00015868142498558623]
Games played: 178
Exploitability: P1=4.600000000 P2=0.237630394 EV: (0.21397442500966302, -0.21397442500966302) P1 Winnings: -98.0
Choosing model 1
[0.09556210839625325, 0.5941285834040341, 0.2807642584939287, 0.02933142035011331, 0.0002136293556705278]
Games played: 179
Exploitability: P1=2.800000000 P2=0.237630394 EV: (0.23763039398700142, -0.23763039398700142) P1 Winnings: -111.0
Choosing model 1
[0.09499670034752528, 0.5939200627758964, 0.28119115734179434, 0.02968870113338551, 0.0002033784013985471]
Games played: 180
Exploitability: P1=2.800000000 P2=0.237630394 EV: (0.23763039398700142, -0.23763039398700142) P1 Winnings: -108.0
Choosing model 2
[0.11988128622665048, 0.503956384770319, 0.3423614422280186, 0.033507895663515246, 0.00029299111149659764]
Games played: 181
Exploitability: P1=4.600000000 P2=0.237630394 EV: (0.21397442500966302, -0.21397442500966302) P1 Winnings: -113.0
Choosing model 0
[0.08062146590745359, 0.6407885826500386, 0.2517413186260535, 0.026705985448625354, 0.000142647367829063]
Games played: 182
Exploitability: P1=1.900000000 P2=0.237630394 EV: (-0.09215451887416039, 0.09215451887416039) P1 Winnings: -104.0
Choosing model 1
[0.10357178270738103, 0.5535127235349285, 0.31202226016429935, 0.030684033792909505, 0.00020919980048155477]
Games played: 183
Exploitability: P1=2.800000000 P2=0.237630394 EV: (0.23763039398700142, -0.23763039398700142) P1 Winnings: -104.0
Choosing model 1
[0.11664307737487316, 0.5050618840769177, 0.3453448805143277, 0.032699617629478726, 0.0002505404044026521]
Games played: 184
Exploitability: P1=2.800000000 P2=0.237630394 EV: (0.23763039398700142, -0.23763039398700142) P1 Winnings: -103.0
Choosing model 0
[0.11222219895433766, 0.5202628889807069, 0.33504855981944953, 0.03223402147347086, 0.00023233077203486864]
Games played: 185
Exploitability: P1=1.900000000 P2=0.237630394 EV: (-0.09215451887416039, 0.09215451887416039) P1 Winnings: -100.0
Choosing model 0
[0.10786748057733796, 0.5354181164575859, 0.3247539445076911, 0.031745216136965924, 0.00021524232041913001]
Games played: 186
Exploitability: P1=1.900000000 P2=0.237630394 EV: (-0.09215451887416039, 0.09215451887416039) P1 Winnings: -101.0
Choosing model 1
[0.14827741098723843, 0.3935400574213386, 0.4213305756677461, 0.03648411841033805, 0.00036783751333876465]
Games played: 187
Exploitability: P1=2.800000000 P2=0.237630394 EV: (0.23763039398700142, -0.23763039398700142) P1 Winnings: -102.0
Choosing model 1
[0.11884106149144297, 0.41790703207463015, 0.44167707812045987, 0.021377034206887465, 0.00019779410657942353]
Games played: 188
Exploitability: P1=2.800000000 P2=0.237630394 EV: (0.23763039398700142, -0.23763039398700142) P1 Winnings: -99.0
Choosing model 0
[0.13203496046534158, 0.3645887827458003, 0.4808665170079906, 0.02227354276268599, 0.00023619701818131214]
Games played: 189
Exploitability: P1=1.900000000 P2=0.237630394 EV: (-0.09215451887416039, 0.09215451887416039) P1 Winnings: -96.0
Choosing model 1
[0.12814587483572681, 0.3788588581687041, 0.4706251662106525, 0.022149148106731575, 0.000220952678184909]
Games played: 190
Exploitability: P1=2.800000000 P2=0.237630394 EV: (0.23763039398700142, -0.23763039398700142) P1 Winnings: -97.0
Choosing model 1
[0.13946931591143935, 0.3340804097973913, 0.503383566937679, 0.0228109828188261, 0.0002557245346642277]
Games played: 191
Exploitability: P1=2.800000000 P2=0.237630394 EV: (0.23763039398700142, -0.23763039398700142) P1 Winnings: -98.0
Choosing model 2
[0.12065786059206518, 0.40526690420637773, 0.4518526419826765, 0.022032363669036607, 0.00019022954984394084]
Games played: 192
Exploitability: P1=4.600000000 P2=0.237630394 EV: (0.21397442500966302, -0.21397442500966302) P1 Winnings: -98.0
Choosing model 2
[0.09823261754319092, 0.4558557734182907, 0.42983658355196414, 0.01596293878466818, 0.00011208670188618331]
Games played: 193
Exploitability: P1=4.600000000 P2=0.237630394 EV: (0.21397442500966302, -0.21397442500966302) P1 Winnings: -89.0
Choosing model 2
[0.11309744555335852, 0.502795533254404, 0.35372115594402664, 0.030205050557456262, 0.00018081469075463942]
Games played: 194
Exploitability: P1=4.600000000 P2=0.237630394 EV: (0.21397442500966302, -0.21397442500966302) P1 Winnings: -94.0
Choosing model 1
[0.126102610111782, 0.45421577574000027, 0.38759856628755385, 0.031868658080295834, 0.0002143897803679452]
Games played: 195
Exploitability: P1=2.800000000 P2=0.237630394 EV: (0.23763039398700142, -0.23763039398700142) P1 Winnings: -95.0
Choosing model 1
[0.11936761707343656, 0.4756390020835404, 0.37318323855832786, 0.031622817424435505, 0.00018732486025974598]
Games played: 196
Exploitability: P1=2.800000000 P2=0.237630394 EV: (0.23763039398700142, -0.23763039398700142) P1 Winnings: -92.0
Choosing model 1
[0.13239367934236457, 0.4274227708951946, 0.40677362269476663, 0.033188986667911896, 0.00022094039976205742]
Games played: 197
Exploitability: P1=2.800000000 P2=0.237630394 EV: (0.23763039398700142, -0.23763039398700142) P1 Winnings: -91.0
Choosing model 3
[0.131599978593894, 0.4272390829135701, 0.4073600083513317, 0.03359060809247663, 0.00021032204872752433]
Games played: 198
Exploitability: P1=1.933333333 P2=0.237630394 EV: (-0.061828447277275836, 0.061828447277275836) P1 Winnings: -88.0
Choosing model 0
[0.12719844257548055, 0.42635372458444837, 0.4169065733323296, 0.029356800084635766, 0.0001844594231057751]
Games played: 199
Exploitability: P1=1.900000000 P2=0.237630394 EV: (-0.09215451887416039, 0.09215451887416039) P1 Winnings: -87.0
Choosing model 1
[0.12719838717199716, 0.42635391833412095, 0.41690643843506553, 0.02935679680939167, 0.00018445924942466424]
Games played: 200
Exploitability: P1=2.800000000 P2=0.237630394 EV: (0.23763039398700142, -0.23763039398700142) P1 Winnings: -88.0
