Player 1 exploitability: 0.180489364262
Choosing model 1
[0.1973349639706216, 0.21128199721835308, 0.19899353135783318, 0.2021883263136098, 0.19020118113958234]
Games played: 1
Exploitability: P1=2.800000000 P2=0.094837350 EV: (0.09216337126960374, -0.09216337126960374) P1 Winnings: -1
Choosing model 1
[0.20753223776007226, 0.1788093320121719, 0.20775360492225337, 0.1957020021474303, 0.21020282315807204]
Games played: 2
Exploitability: P1=2.800000000 P2=0.094837350 EV: (0.09216337126960374, -0.09216337126960374) P1 Winnings: 0.0
Choosing model 0
[0.207475470393586, 0.2368484659493466, 0.2716565080068028, 0.14303045672088743, 0.1409890989293772]
Games played: 3
Exploitability: P1=1.900000000 P2=0.094837350 EV: (-0.08765359493375353, 0.08765359493375353) P1 Winnings: 3.0
Choosing model 0
[0.20391834364724193, 0.24924047253219278, 0.2692430918521138, 0.14403568385321253, 0.13356240811523895]
Games played: 4
Exploitability: P1=1.900000000 P2=0.094837350 EV: (-0.08765359493375353, 0.08765359493375353) P1 Winnings: 2.0
Choosing model 3
[0.20391829652892246, 0.24924063676594976, 0.269243059794835, 0.1440356972393037, 0.13356230967098906]
Games played: 5
Exploitability: P1=1.933333333 P2=0.094837350 EV: (-0.03470727028783455, 0.03470727028783455) P1 Winnings: 1.0
Choosing model 1
[0.2171387951905214, 0.20541996674344157, 0.280565580003689, 0.14323509930521922, 0.15364055875712893]
Games played: 6
Exploitability: P1=2.800000000 P2=0.094837350 EV: (0.09216337126960374, -0.09216337126960374) P1 Winnings: 1.0
Choosing model 2
[0.22964263099211507, 0.16403145267213, 0.29013527694851615, 0.1409268645451171, 0.17526377484212158]
Games played: 7
Exploitability: P1=4.600000000 P2=0.094837350 EV: (0.026756349289105467, -0.026756349289105467) P1 Winnings: 4.0
Choosing model 3
[0.2296425129888965, 0.1640319218283994, 0.2901352508786767, 0.1409269653288995, 0.17526334897512794]
Games played: 8
Exploitability: P1=1.933333333 P2=0.094837350 EV: (-0.03470727028783455, 0.03470727028783455) P1 Winnings: -5.0
Choosing model 0
[0.23308306502667883, 0.15487747646498362, 0.2944886178987636, 0.14234289023808966, 0.17520795037148437]
Games played: 9
Exploitability: P1=1.900000000 P2=0.094837350 EV: (-0.08765359493375353, 0.08765359493375353) P1 Winnings: -8.0
Choosing model 0
[0.24073517869239364, 0.12884139213130447, 0.2987823410140853, 0.1389169558955956, 0.19272413226662097]
Games played: 10
Exploitability: P1=1.900000000 P2=0.094837350 EV: (-0.08765359493375353, 0.08765359493375353) P1 Winnings: -8.0
Choosing model 1
[0.24301771040003356, 0.13428480938199155, 0.31936525713602554, 0.12679977956951186, 0.17653244351243744]
Games played: 11
Exploitability: P1=2.800000000 P2=0.094837350 EV: (0.09216337126960374, -0.09216337126960374) P1 Winnings: -7.0
Choosing model 0
[0.24730010201510613, 0.1213032791090208, 0.32274355667645105, 0.12591522130791313, 0.18273784089150885]
Games played: 12
Exploitability: P1=1.900000000 P2=0.094837350 EV: (-0.08765359493375353, 0.08765359493375353) P1 Winnings: -7.0
Choosing model 4
[0.23539587142718293, 0.1624605317174744, 0.31899735600482754, 0.13409708354273334, 0.1490491573077818]
Games played: 13
Exploitability: P1=2.600000000 P2=0.094837350 EV: (-0.13286419280087053, 0.13286419280087053) P1 Winnings: -2.0
Choosing model 0
[0.2119611930581056, 0.2358486757222951, 0.3017057753218135, 0.14009223800501586, 0.11039211789277]
Games played: 14
Exploitability: P1=1.900000000 P2=0.094837350 EV: (-0.08765359493375353, 0.08765359493375353) P1 Winnings: -13.0
Choosing model 3
[0.2037590211425491, 0.2677536955743185, 0.32127450579233363, 0.12102773509083942, 0.08618504239995933]
Games played: 15
Exploitability: P1=1.933333333 P2=0.094837350 EV: (-0.03470727028783455, 0.03470727028783455) P1 Winnings: -8.0
Choosing model 0
[0.20989405278081696, 0.249020355529304, 0.32830310948876384, 0.12150235790424464, 0.09128012429687055]
Games played: 16
Exploitability: P1=1.900000000 P2=0.094837350 EV: (-0.08765359493375353, 0.08765359493375353) P1 Winnings: -5.0
Choosing model 1
[0.2098939999761893, 0.24902051450988666, 0.3283030636650914, 0.12150236670381506, 0.09128005514501748]
Games played: 17
Exploitability: P1=2.800000000 P2=0.094837350 EV: (0.09216337126960374, -0.09216337126960374) P1 Winnings: -6.0
Choosing model 3
[0.2221118183363294, 0.2122487183655008, 0.34127474658309426, 0.12149181525635366, 0.1028729014587217]
Games played: 18
Exploitability: P1=1.933333333 P2=0.094837350 EV: (-0.03470727028783455, 0.03470727028783455) P1 Winnings: -5.0
Choosing model 0
[0.21998520566429883, 0.19999468142048699, 0.24253676512314676, 0.19638185331572908, 0.1411014944763383]
Games played: 19
Exploitability: P1=1.900000000 P2=0.094837350 EV: (-0.08765359493375353, 0.08765359493375353) P1 Winnings: -16.0
Choosing model 0
[0.23245546229451844, 0.16214711858483344, 0.25081726636262264, 0.19373433598896345, 0.16084581676906193]
Games played: 20
Exploitability: P1=1.900000000 P2=0.094837350 EV: (-0.08765359493375353, 0.08765359493375353) P1 Winnings: -15.0
Choosing model 3
[0.22958150312407474, 0.17146077686449884, 0.24979830011524748, 0.19604500019407736, 0.1531144197021015]
Games played: 21
Exploitability: P1=1.933333333 P2=0.094837350 EV: (-0.03470727028783455, 0.03470727028783455) P1 Winnings: -10.0
Choosing model 0
[0.24145352677828227, 0.1361541338690905, 0.25688408182562567, 0.19181460641245038, 0.17369365111455118]
Games played: 22
Exploitability: P1=1.900000000 P2=0.094837350 EV: (-0.08765359493375353, 0.08765359493375353) P1 Winnings: -7.0
Choosing model 3
[0.24926126829597733, 0.11224366207675619, 0.26027553418392607, 0.1866060757802521, 0.1916134596630885]
Games played: 23
Exploitability: P1=1.933333333 P2=0.094837350 EV: (-0.03470727028783455, 0.03470727028783455) P1 Winnings: -7.0
Choosing model 3
[0.23822282263599973, 0.15308520108442297, 0.2624850773028197, 0.19404194315910672, 0.15216495581765097]
Games played: 24
Exploitability: P1=1.933333333 P2=0.094837350 EV: (-0.03470727028783455, 0.03470727028783455) P1 Winnings: 0.0
Choosing model 4
[0.24869977985326988, 0.12262238301608669, 0.2681823680180611, 0.18912398622332524, 0.17137148288925705]
Games played: 25
Exploitability: P1=2.600000000 P2=0.094837350 EV: (-0.13286419280087053, 0.13286419280087053) P1 Winnings: 0.0
Choosing model 3
[0.2626531153040186, 0.0776467702761224, 0.26974210812038885, 0.17190361756811595, 0.2180543887313541]
Games played: 26
Exploitability: P1=1.933333333 P2=0.094837350 EV: (-0.03470727028783455, 0.03470727028783455) P1 Winnings: 1.0
Choosing model 3
[0.26754091796254564, 0.08165902015462337, 0.2909315230230502, 0.15832793478825719, 0.20154060407152355]
Games played: 27
Exploitability: P1=1.933333333 P2=0.094837350 EV: (-0.03470727028783455, 0.03470727028783455) P1 Winnings: 2.0
Choosing model 1
[0.2595468519030177, 0.11305051181499079, 0.29782355214812883, 0.16711843847432648, 0.16246064565953622]
Games played: 28
Exploitability: P1=2.800000000 P2=0.094837350 EV: (0.09216337126960374, -0.09216337126960374) P1 Winnings: 9.0
Choosing model 4
[0.246725001560088, 0.1533602272343887, 0.29874396439640516, 0.17284747242158474, 0.1283233343875335]
Games played: 29
Exploitability: P1=2.600000000 P2=0.094837350 EV: (-0.13286419280087053, 0.13286419280087053) P1 Winnings: 16.0
Choosing model 3
[0.24672496183213216, 0.15336033903099722, 0.2987439497516798, 0.17284750059216264, 0.1283232487930281]
Games played: 30
Exploitability: P1=1.933333333 P2=0.094837350 EV: (-0.03470727028783455, 0.03470727028783455) P1 Winnings: 15.0
Choosing model 0
[0.2520517277388654, 0.13940130726277836, 0.30386878865896244, 0.17338158477332113, 0.13129659156607262]
Games played: 31
Exploitability: P1=1.900000000 P2=0.094837350 EV: (-0.08765359493375353, 0.08765359493375353) P1 Winnings: 10.0
Choosing model 3
[0.24908162579363988, 0.14749500478375377, 0.30281196121551335, 0.17555249970596862, 0.12505890850112444]
Games played: 32
Exploitability: P1=1.933333333 P2=0.094837350 EV: (-0.03470727028783455, 0.03470727028783455) P1 Winnings: 9.0
Choosing model 0
[0.2505328228203884, 0.15316987721795508, 0.32250046308787844, 0.15965952467574107, 0.11413731219803691]
Games played: 33
Exploitability: P1=1.900000000 P2=0.094837350 EV: (-0.08765359493375353, 0.08765359493375353) P1 Winnings: 10.0
Choosing model 4
[0.2505327811272779, 0.15316998804921142, 0.32250044553819346, 0.15965954983534303, 0.11413723544997417]
Games played: 34
Exploitability: P1=2.600000000 P2=0.094837350 EV: (-0.13286419280087053, 0.13286419280087053) P1 Winnings: 9.0
Choosing model 2
[0.25101359573349963, 0.1584453418686918, 0.34213490293036575, 0.14464134784345942, 0.10376481162398349]
Games played: 35
Exploitability: P1=4.600000000 P2=0.094837350 EV: (0.026756349289105467, -0.026756349289105467) P1 Winnings: 10.0
Choosing model 0
[0.25841009496576695, 0.14452489441568325, 0.3240363096464514, 0.15673618292997873, 0.11629251804211954]
Games played: 36
Exploitability: P1=1.900000000 P2=0.094837350 EV: (-0.08765359493375353, 0.08765359493375353) P1 Winnings: 1.0
Choosing model 1
[0.25841005443206994, 0.14452500037318988, 0.32403629511089044, 0.15673620912726874, 0.11629244095658096]
Games played: 37
Exploitability: P1=2.800000000 P2=0.094837350 EV: (0.09216337126960374, -0.09216337126960374) P1 Winnings: 0.0
Choosing model 3
[0.2556622335175394, 0.1525531898775247, 0.3249791526172417, 0.15659285846417492, 0.11021256552351935]
Games played: 38
Exploitability: P1=1.933333333 P2=0.094837350 EV: (-0.03470727028783455, 0.03470727028783455) P1 Winnings: 5.0
Choosing model 2
[0.2766329916698358, 0.09897036466585951, 0.33489158254983403, 0.14582791687218025, 0.1436771442422904]
Games played: 39
Exploitability: P1=4.600000000 P2=0.094837350 EV: (0.026756349289105467, -0.026756349289105467) P1 Winnings: 4.0
Choosing model 2
[0.2816075218447334, 0.08926812275078719, 0.31363792705801546, 0.15625917407652318, 0.1592272542699408]
Games played: 40
Exploitability: P1=4.600000000 P2=0.094837350 EV: (0.026756349289105467, -0.026756349289105467) P1 Winnings: -5.0
Choosing model 2
[0.2940852202837375, 0.05586487555317056, 0.3136801103727249, 0.14233382674589676, 0.19403596704447038]
Games played: 41
Exploitability: P1=4.600000000 P2=0.094837350 EV: (0.026756349289105467, -0.026756349289105467) P1 Winnings: -2.0
Choosing model 2
[0.2974625637521083, 0.0457822805105838, 0.31181429852289805, 0.13623225582325357, 0.20870860139115643]
Games played: 42
Exploitability: P1=4.600000000 P2=0.094837350 EV: (0.026756349289105467, -0.026756349289105467) P1 Winnings: -1.0
Choosing model 2
[0.297462547622798, 0.045782432498363945, 0.31181441382528036, 0.13623241586659218, 0.2087081901869656]
Games played: 43
Exploitability: P1=4.600000000 P2=0.094837350 EV: (0.026756349289105467, -0.026756349289105467) P1 Winnings: -10.0
Choosing model 4
[0.29287402544162716, 0.06230202511239203, 0.31810976543149766, 0.14912410214449323, 0.17759008186998998]
Games played: 44
Exploitability: P1=2.600000000 P2=0.094837350 EV: (-0.13286419280087053, 0.13286419280087053) P1 Winnings: -5.0
Choosing model 2
[0.2960340088097045, 0.05603251442181327, 0.3201460434764357, 0.1480034597750664, 0.17978397351698008]
Games played: 45
Exploitability: P1=4.600000000 P2=0.094837350 EV: (0.026756349289105467, -0.026756349289105467) P1 Winnings: -5.0
Choosing model 0
[0.28743623667185797, 0.07871391803410267, 0.3234606695158866, 0.1618845596414116, 0.1485046161367412]
Games played: 46
Exploitability: P1=1.900000000 P2=0.094837350 EV: (-0.08765359493375353, 0.08765359493375353) P1 Winnings: -14.0
Choosing model 2
[0.2874362126449463, 0.07871398150989724, 0.32346067870534323, 0.1618845985601146, 0.1485045285796986]
Games played: 47
Exploitability: P1=4.600000000 P2=0.094837350 EV: (0.026756349289105467, -0.026756349289105467) P1 Winnings: -15.0
Choosing model 3
[0.27933510141736245, 0.10636223580312343, 0.34782868513957066, 0.15183201446575553, 0.11464196317418791]
Games played: 48
Exploitability: P1=1.933333333 P2=0.094837350 EV: (-0.03470727028783455, 0.03470727028783455) P1 Winnings: -10.0
Choosing model 3
[0.2796822347383523, 0.10995119101975878, 0.36875603778336197, 0.1374572327751298, 0.10415330368339708]
Games played: 49
Exploitability: P1=1.933333333 P2=0.094837350 EV: (-0.03470727028783455, 0.03470727028783455) P1 Winnings: -9.0
Choosing model 2
[0.26470496986971814, 0.14383075947688398, 0.3616334434186764, 0.1446384062428001, 0.08519242099192119]
Games played: 50
Exploitability: P1=4.600000000 P2=0.094837350 EV: (0.026756349289105467, -0.026756349289105467) P1 Winnings: -4.0
Choosing model 4
[0.2635967668263336, 0.14787776203404393, 0.3813124163342937, 0.13023463154399798, 0.07697842326133089]
Games played: 51
Exploitability: P1=2.600000000 P2=0.094837350 EV: (-0.13286419280087053, 0.13286419280087053) P1 Winnings: -3.0
Choosing model 1
[0.26858067552451825, 0.13603593299430272, 0.3854171840624907, 0.1293235687834493, 0.08064263863523921]
Games played: 52
Exploitability: P1=2.800000000 P2=0.094837350 EV: (0.09216337126960374, -0.09216337126960374) P1 Winnings: -6.0
Choosing model 0
[0.2524633060484749, 0.17240843225876526, 0.37508458624439606, 0.13463288264162496, 0.06541079280673887]
Games played: 53
Exploitability: P1=1.900000000 P2=0.094837350 EV: (-0.08765359493375353, 0.08765359493375353) P1 Winnings: 1.0
Choosing model 0
[0.23301961047497846, 0.21802645315361718, 0.358740635880297, 0.13810997008123188, 0.052103330409875505]
Games played: 54
Exploitability: P1=1.900000000 P2=0.094837350 EV: (-0.08765359493375353, 0.08765359493375353) P1 Winnings: 0.0
Choosing model 1
[0.26269280013859747, 0.14737071684815875, 0.38516568931592976, 0.13400222572987094, 0.07076856796744324]
Games played: 55
Exploitability: P1=2.800000000 P2=0.094837350 EV: (0.09216337126960374, -0.09216337126960374) P1 Winnings: 1.0
Choosing model 0
[0.2778999970075006, 0.12274444600190465, 0.3069227123975523, 0.19109705093809082, 0.10133579365495156]
Games played: 56
Exploitability: P1=1.900000000 P2=0.094837350 EV: (-0.08765359493375353, 0.08765359493375353) P1 Winnings: -8.0
Choosing model 3
[0.24294081586722235, 0.1984182523337069, 0.2871752295601067, 0.20451220890438543, 0.06695349333457862]
Games played: 57
Exploitability: P1=1.933333333 P2=0.094837350 EV: (-0.03470727028783455, 0.03470727028783455) P1 Winnings: -13.0
Choosing model 0
[0.2582083640174235, 0.16322775731271336, 0.2986932724604626, 0.20299584320321645, 0.07687476300618404]
Games played: 58
Exploitability: P1=1.900000000 P2=0.094837350 EV: (-0.08765359493375353, 0.08765359493375353) P1 Winnings: -10.0
Choosing model 1
[0.219935367335456, 0.2420185433582559, 0.2329153763630368, 0.24804291568467943, 0.05708779725857184]
Games played: 59
Exploitability: P1=2.800000000 P2=0.094837350 EV: (0.09216337126960374, -0.09216337126960374) P1 Winnings: 3.0
Choosing model 0
[0.23834823134609956, 0.19803177937365368, 0.24681188984064145, 0.25007652985400003, 0.06673156958560535]
Games played: 60
Exploitability: P1=1.900000000 P2=0.094837350 EV: (-0.08765359493375353, 0.08765359493375353) P1 Winnings: 6.0
Choosing model 1
[0.2258236041502373, 0.22528192392781296, 0.23888417263256378, 0.252269143707195, 0.0577411555821909]
Games played: 61
Exploitability: P1=2.800000000 P2=0.094837350 EV: (0.09216337126960374, -0.09216337126960374) P1 Winnings: 6.0
Choosing model 1
[0.22174623980563996, 0.23601218135543148, 0.23778200174724345, 0.2501476946813763, 0.054311882410308945]
Games played: 62
Exploitability: P1=2.800000000 P2=0.094837350 EV: (0.09216337126960374, -0.09216337126960374) P1 Winnings: 11.0
Choosing model 1
[0.22174599577407697, 0.23601271793269432, 0.23778184088827614, 0.2501477268267293, 0.05431171857822325]
Games played: 63
Exploitability: P1=2.800000000 P2=0.094837350 EV: (0.09216337126960374, -0.09216337126960374) P1 Winnings: 2.0
Choosing model 4
[0.2217457517423179, 0.23601325451068253, 0.23778168002891942, 0.2501477589715623, 0.05431155474651796]
Games played: 64
Exploitability: P1=2.600000000 P2=0.094837350 EV: (-0.13286419280087053, 0.13286419280087053) P1 Winnings: -7.0
Choosing model 3
[0.24005053363559528, 0.19290929216708597, 0.25169629062284415, 0.25192613847761647, 0.0634177450968583]
Games played: 65
Exploitability: P1=1.933333333 P2=0.094837350 EV: (-0.03470727028783455, 0.03470727028783455) P1 Winnings: -7.0
Choosing model 3
[0.2768972776464175, 0.11592007273394403, 0.2742071830217933, 0.2429135693155054, 0.09006189728233988]
Games played: 66
Exploitability: P1=1.933333333 P2=0.094837350 EV: (-0.03470727028783455, 0.03470727028783455) P1 Winnings: -7.0
Choosing model 0
[0.28017887861993546, 0.12110120476548138, 0.2937851979977679, 0.22224569461289917, 0.08268902400391596]
Games played: 67
Exploitability: P1=1.900000000 P2=0.094837350 EV: (-0.08765359493375353, 0.08765359493375353) P1 Winnings: -6.0
Choosing model 2
[0.2926751981991165, 0.09706071814046863, 0.3003405747040861, 0.21674188605204675, 0.09318162290428186]
Games played: 68
Exploitability: P1=4.600000000 P2=0.094837350 EV: (0.026756349289105467, -0.026756349289105467) P1 Winnings: -5.0
Choosing model 0
[0.3040773634763255, 0.07777292943602591, 0.30698580636982203, 0.20723177781227778, 0.10393212290554871]
Games played: 69
Exploitability: P1=1.900000000 P2=0.094837350 EV: (-0.08765359493375353, 0.08765359493375353) P1 Winnings: -2.0
Choosing model 2
[0.32422207516568685, 0.044340273873662454, 0.3089305580963678, 0.18473787849668927, 0.1377692143675936]
Games played: 70
Exploitability: P1=4.600000000 P2=0.094837350 EV: (0.026756349289105467, -0.026756349289105467) P1 Winnings: -3.0
Choosing model 0
[0.3176341238114091, 0.05773313709014829, 0.4094685899299742, 0.12700295887900248, 0.0881611902894659]
Games played: 71
Exploitability: P1=1.900000000 P2=0.094837350 EV: (-0.08765359493375353, 0.08765359493375353) P1 Winnings: 2.0
Choosing model 2
[0.3176340940228706, 0.05773318305837854, 0.40946859738953567, 0.12700298811737903, 0.0881611374118362]
Games played: 72
Exploitability: P1=4.600000000 P2=0.094837350 EV: (0.026756349289105467, -0.026756349289105467) P1 Winnings: 1.0
Choosing model 0
[0.3372851089399922, 0.03678348793370839, 0.3760563302741916, 0.13162176327227862, 0.11825330957982921]
Games played: 73
Exploitability: P1=1.900000000 P2=0.094837350 EV: (-0.08765359493375353, 0.08765359493375353) P1 Winnings: 1.0
Choosing model 4
[0.3426175533012542, 0.02892064157110482, 0.37382986090696685, 0.12486428402459622, 0.12976766019607777]
Games played: 74
Exploitability: P1=2.600000000 P2=0.094837350 EV: (-0.13286419280087053, 0.13286419280087053) P1 Winnings: 1.0
Choosing model 0
[0.33559897165793295, 0.03915376739445604, 0.3794173913176108, 0.1359778155681557, 0.10985205406184456]
Games played: 75
Exploitability: P1=1.900000000 P2=0.094837350 EV: (-0.08765359493375353, 0.08765359493375353) P1 Winnings: 6.0
Choosing model 2
[0.34604725008975834, 0.02420664749109057, 0.37260041674718947, 0.12067411541037369, 0.13647157026158785]
Games played: 76
Exploitability: P1=4.600000000 P2=0.094837350 EV: (0.026756349289105467, -0.026756349289105467) P1 Winnings: 7.0
Choosing model 3
[0.34995219282333123, 0.018879685262560907, 0.3707001586134518, 0.11230595244565647, 0.1481620108549996]
Games played: 77
Exploitability: P1=1.933333333 P2=0.094837350 EV: (-0.03470727028783455, 0.03470727028783455) P1 Winnings: 10.0
Choosing model 3
[0.34284130769318194, 0.029387885903840037, 0.38286103362361934, 0.12860894890337943, 0.11630082387597916]
Games played: 78
Exploitability: P1=1.933333333 P2=0.094837350 EV: (-0.03470727028783455, 0.03470727028783455) P1 Winnings: 5.0
Choosing model 4
[0.3349152791959089, 0.03967937149071933, 0.3875388249085684, 0.13967922724779724, 0.09818729715700615]
Games played: 79
Exploitability: P1=2.600000000 P2=0.094837350 EV: (-0.13286419280087053, 0.13286419280087053) P1 Winnings: 10.0
Choosing model 3
[0.33752696324538495, 0.03610392205651981, 0.3874397478402444, 0.1371898076369855, 0.10173955922086537]
Games played: 80
Exploitability: P1=1.933333333 P2=0.094837350 EV: (-0.03470727028783455, 0.03470727028783455) P1 Winnings: 7.0
Choosing model 4
[0.3431705186817157, 0.028824188427268332, 0.386013889668739, 0.13081055150573767, 0.11118085171653931]
Games played: 81
Exploitability: P1=2.600000000 P2=0.094837350 EV: (-0.13286419280087053, 0.13286419280087053) P1 Winnings: 4.0
Choosing model 2
[0.3428881289407009, 0.029735324256238312, 0.4083944082725506, 0.11818167188200114, 0.10080046664850921]
Games played: 82
Exploitability: P1=4.600000000 P2=0.094837350 EV: (0.026756349289105467, -0.026756349289105467) P1 Winnings: 5.0
Choosing model 0
[0.3428880515854859, 0.029735417875477333, 0.40839448929920197, 0.11818179046629389, 0.10080025077354109]
Games played: 83
Exploitability: P1=1.900000000 P2=0.094837350 EV: (-0.08765359493375353, 0.08765359493375353) P1 Winnings: -4.0
Choosing model 0
[0.34125116315543325, 0.03168504161131603, 0.4098609795991489, 0.12051036327031805, 0.09669245236378374]
Games played: 84
Exploitability: P1=1.900000000 P2=0.094837350 EV: (-0.08765359493375353, 0.08765359493375353) P1 Winnings: -13.0
Choosing model 2
[0.3469777847593244, 0.02471873944033059, 0.4078473753626862, 0.1143960130435971, 0.10606008739406175]
Games played: 85
Exploitability: P1=4.600000000 P2=0.094837350 EV: (0.026756349289105467, -0.026756349289105467) P1 Winnings: -12.0
Choosing model 0
[0.34697771754593276, 0.024718818053497287, 0.4078474692862684, 0.11439613147720454, 0.10605986363709699]
Games played: 86
Exploitability: P1=1.900000000 P2=0.094837350 EV: (-0.08765359493375353, 0.08765359493375353) P1 Winnings: -21.0
Choosing model 2
[0.3492137159616858, 0.0221357686015858, 0.40869362808384485, 0.11304837431809003, 0.10690851303479347]
Games played: 87
Exploitability: P1=4.600000000 P2=0.094837350 EV: (0.026756349289105467, -0.026756349289105467) P1 Winnings: -26.0
Choosing model 4
[0.3478091040813832, 0.022762364358151464, 0.4310045907586826, 0.10180728323303803, 0.0966166575687448]
Games played: 88
Exploitability: P1=2.600000000 P2=0.094837350 EV: (-0.13286419280087053, 0.13286419280087053) P1 Winnings: -25.0
Choosing model 0
[0.35251050702694375, 0.01785628317217731, 0.427485767583312, 0.09636249890954329, 0.1057849433080235]
Games played: 89
Exploitability: P1=1.900000000 P2=0.094837350 EV: (-0.08765359493375353, 0.08765359493375353) P1 Winnings: -22.0
Choosing model 0
[0.3558767496342941, 0.014519675838211728, 0.4239423307572493, 0.09192343462725505, 0.11373780914298978]
Games played: 90
Exploitability: P1=1.900000000 P2=0.094837350 EV: (-0.08765359493375353, 0.08765359493375353) P1 Winnings: -22.0
Choosing model 4
[0.3585503803982655, 0.011772092116557591, 0.4240191161391483, 0.08523824091961425, 0.12042017042641456]
Games played: 91
Exploitability: P1=2.600000000 P2=0.094837350 EV: (-0.13286419280087053, 0.13286419280087053) P1 Winnings: -21.0
Choosing model 2
[0.3613316212361476, 0.009182315313894691, 0.4181671153808928, 0.08022105945992894, 0.1310978886091359]
Games played: 92
Exploitability: P1=4.600000000 P2=0.094837350 EV: (0.026756349289105467, -0.026756349289105467) P1 Winnings: -28.0
Choosing model 3
[0.35118550666686227, 0.012330169344261547, 0.47488335260727804, 0.06938581097317494, 0.09221516040842322]
Games played: 93
Exploitability: P1=1.933333333 P2=0.094837350 EV: (-0.03470727028783455, 0.03470727028783455) P1 Winnings: -19.0
Choosing model 2
[0.3456575959301181, 0.016371093263765332, 0.48415024334297313, 0.07557944763547013, 0.07824161982767333]
Games played: 94
Exploitability: P1=4.600000000 P2=0.094837350 EV: (0.026756349289105467, -0.026756349289105467) P1 Winnings: -12.0
Choosing model 3
[0.36745547410611545, 0.016029916703005923, 0.4089348636475796, 0.10725196287703406, 0.1003277826662649]
Games played: 95
Exploitability: P1=1.933333333 P2=0.094837350 EV: (-0.03470727028783455, 0.03470727028783455) P1 Winnings: 1.0
Choosing model 0
[0.3570656816282918, 0.024691411160909674, 0.41783484339103194, 0.12107172110521436, 0.07933634271455227]
Games played: 96
Exploitability: P1=1.900000000 P2=0.094837350 EV: (-0.08765359493375353, 0.08765359493375353) P1 Winnings: -2.0
Choosing model 2
[0.3547793328214304, 0.025329652098087664, 0.4395914442738534, 0.10877216978033113, 0.07152740102629745]
Games played: 97
Exploitability: P1=4.600000000 P2=0.094837350 EV: (0.026756349289105467, -0.026756349289105467) P1 Winnings: -1.0
Choosing model 1
[0.3606684440805315, 0.01985938731536603, 0.4396480827700049, 0.1017613735133698, 0.0780627123207279]
Games played: 98
Exploitability: P1=2.800000000 P2=0.094837350 EV: (0.09216337126960374, -0.09216337126960374) P1 Winnings: 2.0
Choosing model 0
[0.37254743305730126, 0.018119542252352946, 0.40390374672655105, 0.11526560043060052, 0.09016367753319429]
Games played: 99
Exploitability: P1=1.900000000 P2=0.094837350 EV: (-0.08765359493375353, 0.08765359493375353) P1 Winnings: -5.0
Choosing model 2
[0.3707069933518239, 0.01861527848561171, 0.4255606485847811, 0.10370836674169957, 0.08140871283608371]
Games played: 100
Exploitability: P1=4.600000000 P2=0.094837350 EV: (0.026756349289105467, -0.026756349289105467) P1 Winnings: -4.0
Choosing model 0
[0.38040562092731167, 0.011453335761967129, 0.4159000093846337, 0.09159277647404233, 0.1006482574520453]
Games played: 101
Exploitability: P1=1.900000000 P2=0.094837350 EV: (-0.08765359493375353, 0.08765359493375353) P1 Winnings: -3.0
Choosing model 2
[0.377213163993502, 0.013636595652481747, 0.42130124551034537, 0.09670188433026068, 0.09114711051341018]
Games played: 102
Exploitability: P1=4.600000000 P2=0.094837350 EV: (0.026756349289105467, -0.026756349289105467) P1 Winnings: -3.0
Choosing model 2
[0.38358262550352124, 0.009323954221861105, 0.41333782016845194, 0.08794681320757063, 0.10580878689859519]
Games played: 103
Exploitability: P1=4.600000000 P2=0.094837350 EV: (0.026756349289105467, -0.026756349289105467) P1 Winnings: 2.0
Choosing model 2
[0.3866993102837963, 0.007249388759096931, 0.4099451319636585, 0.0815924383323032, 0.11451373066114512]
Games played: 104
Exploitability: P1=4.600000000 P2=0.094837350 EV: (0.026756349289105467, -0.026756349289105467) P1 Winnings: 5.0
Choosing model 0
[0.38242667333783353, 0.00990902455677836, 0.420080732937377, 0.08971054817120201, 0.097873020996809]
Games played: 105
Exploitability: P1=1.900000000 P2=0.094837350 EV: (-0.08765359493375353, 0.08765359493375353) P1 Winnings: 10.0
Choosing model 0
[0.3824266597958705, 0.009909033024943106, 0.4200807651111962, 0.08971057406077185, 0.09787296800721824]
Games played: 106
Exploitability: P1=1.900000000 P2=0.094837350 EV: (-0.08765359493375353, 0.08765359493375353) P1 Winnings: 9.0
Choosing model 2
[0.38132110704224087, 0.01057870273694186, 0.42238686027450295, 0.09165124254088855, 0.09406208740542589]
Games played: 107
Exploitability: P1=4.600000000 P2=0.094837350 EV: (0.026756349289105467, -0.026756349289105467) P1 Winnings: 8.0
Choosing model 2
[0.38135681077090916, 0.01841632360292297, 0.3867221199303492, 0.1314903662313116, 0.082014379464507]
Games played: 108
Exploitability: P1=4.600000000 P2=0.094837350 EV: (0.026756349289105467, -0.026756349289105467) P1 Winnings: -1.0
Choosing model 3
[0.38912504657564784, 0.017308346574208707, 0.31352491536065147, 0.17909956570636443, 0.10094212578312761]
Games played: 109
Exploitability: P1=1.933333333 P2=0.094837350 EV: (-0.03470727028783455, 0.03470727028783455) P1 Winnings: -14.0
Choosing model 0
[0.37990455301083165, 0.023355841366610494, 0.3171681759870096, 0.19440107508770138, 0.08517035454784691]
Games played: 110
Exploitability: P1=1.900000000 P2=0.094837350 EV: (-0.08765359493375353, 0.08765359493375353) P1 Winnings: -9.0
Choosing model 2
[0.36791364629260576, 0.031824947670929485, 0.3189451183919289, 0.21063794730362986, 0.0706783403409059]
Games played: 111
Exploitability: P1=4.600000000 P2=0.094837350 EV: (0.026756349289105467, -0.026756349289105467) P1 Winnings: -4.0
Choosing model 0
[0.3769776007044445, 0.025149197712214893, 0.32150795843940894, 0.1986193690645384, 0.07774587407939325]
Games played: 112
Exploitability: P1=1.900000000 P2=0.094837350 EV: (-0.08765359493375353, 0.08765359493375353) P1 Winnings: -1.0
Choosing model 2
[0.37944063936519823, 0.026135182945534265, 0.342652892072978, 0.18076517652441304, 0.07100610909187637]
Games played: 113
Exploitability: P1=4.600000000 P2=0.094837350 EV: (0.026756349289105467, -0.026756349289105467) P1 Winnings: 0.0
Choosing model 2
[0.39104040131369705, 0.018110290358958857, 0.34070028970607347, 0.16661175514748058, 0.08353726347378986]
Games played: 114
Exploitability: P1=4.600000000 P2=0.094837350 EV: (0.026756349289105467, -0.026756349289105467) P1 Winnings: -5.0
Choosing model 0
[0.3732952200062248, 0.022977269910057465, 0.4400261167873958, 0.11161170786143096, 0.05208968543489107]
Games played: 115
Exploitability: P1=1.900000000 P2=0.094837350 EV: (-0.08765359493375353, 0.08765359493375353) P1 Winnings: 0.0
Choosing model 4
[0.3801547574985513, 0.017953574784354453, 0.4385509168719907, 0.10611498524784972, 0.05722576559725376]
Games played: 116
Exploitability: P1=2.600000000 P2=0.094837350 EV: (-0.13286419280087053, 0.13286419280087053) P1 Winnings: 1.0
Choosing model 2
[0.3801547285406837, 0.01795359068813209, 0.4385509365306177, 0.10611501430497115, 0.05722572993559528]
Games played: 117
Exploitability: P1=4.600000000 P2=0.094837350 EV: (0.026756349289105467, -0.026756349289105467) P1 Winnings: -2.0
Choosing model 0
[0.38967190342004854, 0.01237405660089863, 0.433709618309455, 0.09728113217783828, 0.06696328949175946]
Games played: 118
Exploitability: P1=1.900000000 P2=0.094837350 EV: (-0.08765359493375353, 0.08765359493375353) P1 Winnings: 3.0
Choosing model 2
[0.3861067574361662, 0.010549422882358252, 0.4654214830704165, 0.07823356425259295, 0.059688772358465994]
Games played: 119
Exploitability: P1=4.600000000 P2=0.094837350 EV: (0.026756349289105467, -0.026756349289105467) P1 Winnings: 6.0
Choosing model 0
[0.3738054438523274, 0.01206169833614536, 0.49913358771196187, 0.06806779442992754, 0.04693147566963773]
Games played: 120
Exploitability: P1=1.900000000 P2=0.094837350 EV: (-0.08765359493375353, 0.08765359493375353) P1 Winnings: 11.0
Choosing model 3
[0.37380541957566776, 0.012061708287735253, 0.4991336111989825, 0.06806781206329778, 0.04693144887431679]
Games played: 121
Exploitability: P1=1.933333333 P2=0.094837350 EV: (-0.03470727028783455, 0.03470727028783455) P1 Winnings: 10.0
Choosing model 2
[0.36687230185476927, 0.012222252842218345, 0.5187051063533293, 0.060405432228949354, 0.04179490672073376]
Games played: 122
Exploitability: P1=4.600000000 P2=0.094837350 EV: (0.026756349289105467, -0.026756349289105467) P1 Winnings: 11.0
Choosing model 0
[0.3592333193908266, 0.012356232237963097, 0.5377947851539854, 0.05348137410727952, 0.03713428910994544]
Games played: 123
Exploitability: P1=1.900000000 P2=0.094837350 EV: (-0.08765359493375353, 0.08765359493375353) P1 Winnings: 12.0
Choosing model 2
[0.3573158560559481, 0.013158918361416187, 0.5394201710879292, 0.05450423783671111, 0.035600816657995527]
Games played: 124
Exploitability: P1=4.600000000 P2=0.094837350 EV: (0.026756349289105467, -0.026756349289105467) P1 Winnings: 11.0
Choosing model 2
[0.36219719327901556, 0.010287261316922877, 0.537930406111011, 0.050843846351209976, 0.03874129294184057]
Games played: 125
Exploitability: P1=4.600000000 P2=0.094837350 EV: (0.026756349289105467, -0.026756349289105467) P1 Winnings: 14.0
Choosing model 0
[0.3109960983210016, 0.011739560692398203, 0.6249008352030188, 0.030635260165363963, 0.021728245618217467]
Games played: 126
Exploitability: P1=1.900000000 P2=0.094837350 EV: (-0.08765359493375353, 0.08765359493375353) P1 Winnings: 19.0
Choosing model 0
[0.30560701994807693, 0.014134638122112487, 0.6286648871525454, 0.032261076010208785, 0.019332378767056277]
Games played: 127
Exploitability: P1=1.900000000 P2=0.094837350 EV: (-0.08765359493375353, 0.08765359493375353) P1 Winnings: 14.0
Choosing model 2
[0.30055710205426184, 0.01669100235867448, 0.6316067622030695, 0.033781296617747696, 0.017363836766246407]
Games played: 128
Exploitability: P1=4.600000000 P2=0.094837350 EV: (0.026756349289105467, -0.026756349289105467) P1 Winnings: 14.0
Choosing model 2
[0.30947195383492926, 0.011555767705057812, 0.6274532713163948, 0.031108831633638992, 0.02041017550997921]
Games played: 129
Exploitability: P1=4.600000000 P2=0.094837350 EV: (0.026756349289105467, -0.026756349289105467) P1 Winnings: 9.0
Choosing model 4
[0.34244243593336054, 0.021165929444403948, 0.553146331534974, 0.05932472652247744, 0.023920576564784093]
Games played: 130
Exploitability: P1=2.600000000 P2=0.094837350 EV: (-0.13286419280087053, 0.13286419280087053) P1 Winnings: 0.0
Choosing model 2
[0.33397911421238263, 0.021312882314412463, 0.5712236026187307, 0.052315737249161554, 0.02116866360531266]
Games played: 131
Exploitability: P1=4.600000000 P2=0.094837350 EV: (0.026756349289105467, -0.026756349289105467) P1 Winnings: 1.0
Choosing model 2
[0.3870384232286834, 0.01700038734524263, 0.47663310830645017, 0.08222866873998957, 0.03709941237963418]
Games played: 132
Exploitability: P1=4.600000000 P2=0.094837350 EV: (0.026756349289105467, -0.026756349289105467) P1 Winnings: -10.0
Choosing model 4
[0.39953928594446847, 0.01051665699951422, 0.4712149633954419, 0.07403930268347045, 0.044689790977104835]
Games played: 133
Exploitability: P1=2.600000000 P2=0.094837350 EV: (-0.13286419280087053, 0.13286419280087053) P1 Winnings: -7.0
Choosing model 3
[0.4017129890618205, 0.00954663201335932, 0.46999247294015734, 0.07254963262529322, 0.04619827335936952]
Games played: 134
Exploitability: P1=1.933333333 P2=0.094837350 EV: (-0.03470727028783455, 0.03470727028783455) P1 Winnings: -10.0
Choosing model 0
[0.39509908378317216, 0.009694232748478634, 0.48945799552675345, 0.06451938809758931, 0.04122929984400648]
Games played: 135
Exploitability: P1=1.900000000 P2=0.094837350 EV: (-0.08765359493375353, 0.08765359493375353) P1 Winnings: -9.0
Choosing model 2
[0.3931743692799169, 0.010328827659308048, 0.491167376133288, 0.0657841775099549, 0.03954524941753229]
Games played: 136
Exploitability: P1=4.600000000 P2=0.094837350 EV: (0.026756349289105467, -0.026756349289105467) P1 Winnings: -4.0
Choosing model 2
[0.3778026361552462, 0.011721207591101892, 0.5228070655096195, 0.05680827169404144, 0.030860819049991023]
Games played: 137
Exploitability: P1=4.600000000 P2=0.094837350 EV: (0.026756349289105467, -0.026756349289105467) P1 Winnings: 1.0
Choosing model 0
[0.3683899630679359, 0.015796829639740075, 0.5282220083571683, 0.06158475892481366, 0.02600644001034201]
Games played: 138
Exploitability: P1=1.900000000 P2=0.094837350 EV: (-0.08765359493375353, 0.08765359493375353) P1 Winnings: -8.0
Choosing model 0
[0.3779018228729177, 0.011118436040675708, 0.523917706566764, 0.05686829564408287, 0.03019373887555979]
Games played: 139
Exploitability: P1=1.900000000 P2=0.094837350 EV: (-0.08765359493375353, 0.08765359493375353) P1 Winnings: -5.0
Choosing model 3
[0.3837204543619863, 0.008662119553940912, 0.5206340979452153, 0.05390947955036066, 0.03307384858849673]
Games played: 140
Exploitability: P1=1.933333333 P2=0.094837350 EV: (-0.03470727028783455, 0.03470727028783455) P1 Winnings: -4.0
Choosing model 0
[0.3415994149824037, 0.011275491711606056, 0.5893187095228084, 0.038554071685459254, 0.01925231209772265]
Games played: 141
Exploitability: P1=1.900000000 P2=0.094837350 EV: (-0.08765359493375353, 0.08765359493375353) P1 Winnings: 1.0
Choosing model 1
[0.34313316752969475, 0.010077626755370859, 0.5893946616504233, 0.03802586549237806, 0.019368678572133025]
Games played: 142
Exploitability: P1=2.800000000 P2=0.094837350 EV: (0.09216337126960374, -0.09216337126960374) P1 Winnings: -4.0
Choosing model 2
[0.3411201969035904, 0.010726584595675196, 0.5908617162256751, 0.038732531317775286, 0.018558970957283906]
Games played: 143
Exploitability: P1=4.600000000 P2=0.094837350 EV: (0.026756349289105467, -0.026756349289105467) P1 Winnings: -11.0
Choosing model 2
[0.35712412438161184, 0.009950024983577894, 0.5690909407163319, 0.04268273211003202, 0.021152177808446186]
Games played: 144
Exploitability: P1=4.600000000 P2=0.094837350 EV: (0.026756349289105467, -0.026756349289105467) P1 Winnings: -2.0
Choosing model 0
[0.36169916361667587, 0.008164920410745138, 0.5664478262340561, 0.040906585584744054, 0.022781504153778873]
Games played: 145
Exploitability: P1=1.900000000 P2=0.094837350 EV: (-0.08765359493375353, 0.08765359493375353) P1 Winnings: -1.0
Choosing model 0
[0.3519941239684964, 0.008203760568944746, 0.5836899292426312, 0.03599531797531022, 0.020116868244617555]
Games played: 146
Exploitability: P1=1.900000000 P2=0.094837350 EV: (-0.08765359493375353, 0.08765359493375353) P1 Winnings: 0.0
Choosing model 0
[0.3566899873676884, 0.006638626423473569, 0.5805138837167829, 0.03437354919977494, 0.02178395329228032]
Games played: 147
Exploitability: P1=1.900000000 P2=0.094837350 EV: (-0.08765359493375353, 0.08765359493375353) P1 Winnings: 0.0
Choosing model 2
[0.3466145643503234, 0.006660506109876058, 0.5973142508742335, 0.030202656272684095, 0.019208022392882922]
Games played: 148
Exploitability: P1=4.600000000 P2=0.094837350 EV: (0.026756349289105467, -0.026756349289105467) P1 Winnings: 1.0
Choosing model 2
[0.3007084257780595, 0.008449191804704218, 0.6588963763494936, 0.021049746648405178, 0.010896259419337471]
Games played: 149
Exploitability: P1=4.600000000 P2=0.094837350 EV: (0.026756349289105467, -0.026756349289105467) P1 Winnings: 6.0
Choosing model 2
[0.28147533025372395, 0.00934009838209387, 0.6831939466570075, 0.017707284121324746, 0.008283340585850042]
Games played: 150
Exploitability: P1=4.600000000 P2=0.094837350 EV: (0.026756349289105467, -0.026756349289105467) P1 Winnings: 11.0
Choosing model 2
[0.2854642645384456, 0.007674717282773647, 0.6809343897074802, 0.016993244168410474, 0.00893338430289011]
Games played: 151
Exploitability: P1=4.600000000 P2=0.094837350 EV: (0.026756349289105467, -0.026756349289105467) P1 Winnings: 10.0
Choosing model 2
[0.2854641736522032, 0.007674740733920057, 0.6809344616287473, 0.016993259642887115, 0.008933364342242341]
Games played: 152
Exploitability: P1=4.600000000 P2=0.094837350 EV: (0.026756349289105467, -0.026756349289105467) P1 Winnings: 1.0
Choosing model 2
[0.3292467808932296, 0.00815320957786303, 0.6240086461600325, 0.02616312032418529, 0.012428243044689495]
Games played: 153
Exploitability: P1=4.600000000 P2=0.094837350 EV: (0.026756349289105467, -0.026756349289105467) P1 Winnings: -12.0
Choosing model 0
[0.3263678222139367, 0.008622546494822053, 0.6270195414057081, 0.02618911222645309, 0.011800977659079967]
Games played: 154
Exploitability: P1=1.900000000 P2=0.094837350 EV: (-0.08765359493375353, 0.08765359493375353) P1 Winnings: -7.0
Choosing model 0
[0.3171711436088038, 0.011790240464292659, 0.6327357416936549, 0.028475651205495948, 0.009827223027752746]
Games played: 155
Exploitability: P1=1.900000000 P2=0.094837350 EV: (-0.08765359493375353, 0.08765359493375353) P1 Winnings: -2.0
Choosing model 0
[0.32275268515552147, 0.009286272675956291, 0.6300967028372699, 0.027061255743030522, 0.010803083588221745]
Games played: 156
Exploitability: P1=1.900000000 P2=0.094837350 EV: (-0.08765359493375353, 0.08765359493375353) P1 Winnings: -2.0
Choosing model 4
[0.32535696042338635, 0.007533171052038071, 0.6305587056922564, 0.025107059217787032, 0.011444103614532325]
Games played: 157
Exploitability: P1=2.600000000 P2=0.094837350 EV: (-0.13286419280087053, 0.13286419280087053) P1 Winnings: -1.0
Choosing model 2
[0.29769304190396206, 0.008022578743470283, 0.6671490588556036, 0.01896556858174579, 0.008169751915218352]
Games played: 158
Exploitability: P1=4.600000000 P2=0.094837350 EV: (0.026756349289105467, -0.026756349289105467) P1 Winnings: 2.0
Choosing model 2
[0.30178384611605197, 0.0062723181839688495, 0.6653594075968061, 0.017693286390140405, 0.008891141713032609]
Games played: 159
Exploitability: P1=4.600000000 P2=0.094837350 EV: (0.026756349289105467, -0.026756349289105467) P1 Winnings: 5.0
Choosing model 2
[0.3184146207047016, 0.005863758120165237, 0.6458584998179282, 0.019650341138518632, 0.01021278021868632]
Games played: 160
Exploitability: P1=4.600000000 P2=0.094837350 EV: (0.026756349289105467, -0.026756349289105467) P1 Winnings: -4.0
Choosing model 0
[0.4049533251887936, 0.010083108850887998, 0.5128364795688748, 0.05381012561886411, 0.018316960772579403]
Games played: 161
Exploitability: P1=1.900000000 P2=0.094837350 EV: (-0.08765359493375353, 0.08765359493375353) P1 Winnings: -13.0
Choosing model 2
[0.4112950357894712, 0.007857555587529371, 0.5097543928210092, 0.05102364350298934, 0.02006937229900103]
Games played: 162
Exploitability: P1=4.600000000 P2=0.094837350 EV: (0.026756349289105467, -0.026756349289105467) P1 Winnings: -12.0
Choosing model 0
[0.42719377708198336, 0.007231191555411173, 0.48709816412026974, 0.05578372261378098, 0.022693144628554755]
Games played: 163
Exploitability: P1=1.900000000 P2=0.094837350 EV: (-0.08765359493375353, 0.08765359493375353) P1 Winnings: -21.0
Choosing model 2
[0.44004988924134436, 0.00446615075211685, 0.4778645427942235, 0.049455642564367665, 0.02816377464794756]
Games played: 164
Exploitability: P1=4.600000000 P2=0.094837350 EV: (0.026756349289105467, -0.026756349289105467) P1 Winnings: -26.0
Choosing model 2
[0.4373642767856018, 0.00473582791161293, 0.48144964610848195, 0.04963667509962393, 0.02681357409467925]
Games played: 165
Exploitability: P1=4.600000000 P2=0.094837350 EV: (0.026756349289105467, -0.026756349289105467) P1 Winnings: -21.0
Choosing model 3
[0.4342322896877636, 0.0050315467226343365, 0.48471225495413717, 0.05117217306978895, 0.024851735565675985]
Games played: 166
Exploitability: P1=1.933333333 P2=0.094837350 EV: (-0.03470727028783455, 0.03470727028783455) P1 Winnings: -14.0
Choosing model 2
[0.4169696529184911, 0.008676020484856961, 0.4965088099956845, 0.05956240348719714, 0.018283113113770306]
Games played: 167
Exploitability: P1=4.600000000 P2=0.094837350 EV: (0.026756349289105467, -0.026756349289105467) P1 Winnings: -17.0
Choosing model 2
[0.39334165251004266, 0.015474213169484729, 0.5121094709749358, 0.06658859647591407, 0.012486066869622624]
Games played: 168
Exploitability: P1=4.600000000 P2=0.094837350 EV: (0.026756349289105467, -0.026756349289105467) P1 Winnings: -8.0
Choosing model 1
[0.40893290363057894, 0.01425416060210066, 0.48981151608654333, 0.07286962834273675, 0.014131791338040331]
Games played: 169
Exploitability: P1=2.800000000 P2=0.094837350 EV: (0.09216337126960374, -0.09216337126960374) P1 Winnings: -17.0
Choosing model 2
[0.41573555732585304, 0.011379101423131862, 0.4879680257135466, 0.06947540697045698, 0.01544190856701139]
Games played: 170
Exploitability: P1=4.600000000 P2=0.094837350 EV: (0.026756349289105467, -0.026756349289105467) P1 Winnings: -17.0
Choosing model 0
[0.4292573017972189, 0.007040799458587476, 0.48252669555108163, 0.06256987297964425, 0.018605330213467726]
Games played: 171
Exploitability: P1=1.900000000 P2=0.094837350 EV: (-0.08765359493375353, 0.08765359493375353) P1 Winnings: -14.0
Choosing model 2
[0.42694349806560083, 0.007497787715326822, 0.4839594522872789, 0.06376318799668777, 0.01783607393510564]
Games played: 172
Exploitability: P1=4.600000000 P2=0.094837350 EV: (0.026756349289105467, -0.026756349289105467) P1 Winnings: -15.0
Choosing model 0
[0.4239748386450434, 0.00794372063417346, 0.48717313228452086, 0.06394184217091348, 0.016966466265348864]
Games played: 173
Exploitability: P1=1.900000000 P2=0.094837350 EV: (-0.08765359493375353, 0.08765359493375353) P1 Winnings: -10.0
Choosing model 0
[0.4127882849684766, 0.010882082786733537, 0.49252192181562476, 0.069652863820185, 0.014154846608980124]
Games played: 174
Exploitability: P1=1.900000000 P2=0.094837350 EV: (-0.08765359493375353, 0.08765359493375353) P1 Winnings: -5.0
Choosing model 2
[0.4001651121707521, 0.015262841007848523, 0.49683348025260504, 0.0760649318509159, 0.011673634717878516]
Games played: 175
Exploitability: P1=4.600000000 P2=0.094837350 EV: (0.026756349289105467, -0.026756349289105467) P1 Winnings: -14.0
Choosing model 3
[0.3969585258706681, 0.016153343730047613, 0.49959885964395384, 0.07619664232647107, 0.011092628428859394]
Games played: 176
Exploitability: P1=1.933333333 P2=0.094837350 EV: (-0.03470727028783455, 0.03470727028783455) P1 Winnings: -9.0
Choosing model 2
[0.4039885227294742, 0.01290884938387687, 0.4982445887491673, 0.07272423432895164, 0.012133804808529838]
Games played: 177
Exploitability: P1=4.600000000 P2=0.094837350 EV: (0.026756349289105467, -0.026756349289105467) P1 Winnings: -12.0
Choosing model 2
[0.3917346568794884, 0.01761210578236175, 0.5016727549215066, 0.07889848777251329, 0.010081994644129883]
Games played: 178
Exploitability: P1=4.600000000 P2=0.094837350 EV: (0.026756349289105467, -0.026756349289105467) P1 Winnings: -12.0
Choosing model 0
[0.3889971903668151, 0.018725102371527358, 0.5023540366530196, 0.08027405294739198, 0.009649617661245915]
Games played: 179
Exploitability: P1=1.900000000 P2=0.094837350 EV: (-0.08765359493375353, 0.08765359493375353) P1 Winnings: -25.0
Choosing model 2
[0.38077722103072936, 0.01892438645084197, 0.5206774490395084, 0.07105007819831398, 0.008570865280606249]
Games played: 180
Exploitability: P1=4.600000000 P2=0.094837350 EV: (0.026756349289105467, -0.026756349289105467) P1 Winnings: -24.0
Choosing model 0
[0.37197782313968925, 0.019087146576103244, 0.5385787742783125, 0.06275892891494586, 0.0075973270909491086]
Games played: 181
Exploitability: P1=1.900000000 P2=0.094837350 EV: (-0.08765359493375353, 0.08765359493375353) P1 Winnings: -23.0
Choosing model 2
[0.3719777882488355, 0.019087161773356294, 0.5385787840815268, 0.06275894336220289, 0.007597322534078506]
Games played: 182
Exploitability: P1=4.600000000 P2=0.094837350 EV: (0.026756349289105467, -0.026756349289105467) P1 Winnings: -24.0
Choosing model 0
[0.36933902408930847, 0.02029121208609418, 0.5392527176126274, 0.06384631770487338, 0.0072707285070965945]
Games played: 183
Exploitability: P1=1.900000000 P2=0.094837350 EV: (-0.08765359493375353, 0.08765359493375353) P1 Winnings: -37.0
Choosing model 2
[0.3666718969924087, 0.021568446777252753, 0.5398581833383045, 0.06494419220441998, 0.006957280687613983]
Games played: 184
Exploitability: P1=4.600000000 P2=0.094837350 EV: (0.026756349289105467, -0.026756349289105467) P1 Winnings: -38.0
Choosing model 2
[0.3575177617020527, 0.021712607432833965, 0.5573577737425044, 0.0572565519485625, 0.006155305174046477]
Games played: 185
Exploitability: P1=4.600000000 P2=0.094837350 EV: (0.026756349289105467, -0.026756349289105467) P1 Winnings: -37.0
Choosing model 2
[0.3737809674374513, 0.020113261291014522, 0.5360899795846878, 0.06300997785728564, 0.007005813829560592]
Games played: 186
Exploitability: P1=4.600000000 P2=0.094837350 EV: (0.026756349289105467, -0.026756349289105467) P1 Winnings: -46.0
Choosing model 0
[0.36021384412429686, 0.028043823083522157, 0.5375939050450197, 0.06840473928762551, 0.005743688459535731]
Games played: 187
Exploitability: P1=1.900000000 P2=0.094837350 EV: (-0.08765359493375353, 0.08765359493375353) P1 Winnings: -55.0
Choosing model 0
[0.35736380727337835, 0.029788305376555635, 0.5378230507104719, 0.06953258755702943, 0.005492249082564771]
Games played: 188
Exploitability: P1=1.900000000 P2=0.094837350 EV: (-0.08765359493375353, 0.08765359493375353) P1 Winnings: -50.0
Choosing model 0
[0.35447932638927093, 0.03163622062648867, 0.5379658103906405, 0.0706676701497334, 0.0052509724438663296]
Games played: 189
Exploitability: P1=1.900000000 P2=0.094837350 EV: (-0.08765359493375353, 0.08765359493375353) P1 Winnings: -51.0
Choosing model 2
[0.3460103451261759, 0.037836175451218396, 0.5375917078852213, 0.07392100031794789, 0.004640771219436668]
Games played: 190
Exploitability: P1=4.600000000 P2=0.094837350 EV: (0.026756349289105467, -0.026756349289105467) P1 Winnings: -56.0
Choosing model 0
[0.3313794332982183, 0.05098524155098835, 0.5346185027351438, 0.07920832981619197, 0.0038084925994577687]
Games played: 191
Exploitability: P1=1.900000000 P2=0.094837350 EV: (-0.08765359493375353, 0.08765359493375353) P1 Winnings: -56.0
Choosing model 1
[0.3313793905533256, 0.05098528035131303, 0.53461849365167, 0.07920834526259492, 0.00380849018109642]
Games played: 192
Exploitability: P1=2.800000000 P2=0.094837350 EV: (0.09216337126960374, -0.09216337126960374) P1 Winnings: -57.0
Choosing model 0
[0.3281285297609575, 0.054053244578008856, 0.5338231391921944, 0.08036028659969668, 0.003634799869142514]
Games played: 193
Exploitability: P1=1.900000000 P2=0.094837350 EV: (-0.08765359493375353, 0.08765359493375353) P1 Winnings: -64.0
Choosing model 2
[0.3360411147159831, 0.04485075056257997, 0.537273803194196, 0.07787585554369557, 0.003958475983545379]
Games played: 194
Exploitability: P1=4.600000000 P2=0.094837350 EV: (0.026756349289105467, -0.026756349289105467) P1 Winnings: -65.0
Choosing model 2
[0.3680758556097906, 0.04524906350800947, 0.4675800207096412, 0.11386510829855476, 0.0052299518740040315]
Games played: 195
Exploitability: P1=4.600000000 P2=0.094837350 EV: (0.026756349289105467, -0.026756349289105467) P1 Winnings: -52.0
Choosing model 2
[0.3401659732768385, 0.0577762511088474, 0.5049122857811039, 0.0936474299057268, 0.0034980599274834247]
Games played: 196
Exploitability: P1=4.600000000 P2=0.094837350 EV: (0.026756349289105467, -0.026756349289105467) P1 Winnings: -43.0
Choosing model 2
[0.33274767215997864, 0.05835077483957276, 0.5229672247510493, 0.08282947220151053, 0.003104856047888849]
Games played: 197
Exploitability: P1=4.600000000 P2=0.094837350 EV: (0.026756349289105467, -0.026756349289105467) P1 Winnings: -42.0
Choosing model 0
[0.3840162000280594, 0.046351415773127194, 0.4345625342036706, 0.1296509042160857, 0.005418945779057067]
Games played: 198
Exploitability: P1=1.900000000 P2=0.094837350 EV: (-0.08765359493375353, 0.08765359493375353) P1 Winnings: -53.0
Choosing model 3
[0.3802437229724073, 0.04913986561022738, 0.43391004783984083, 0.13153462597463617, 0.005171737602888258]
Games played: 199
Exploitability: P1=1.933333333 P2=0.094837350 EV: (-0.03470727028783455, 0.03470727028783455) P1 Winnings: -54.0
Choosing model 2
[0.40348754070650367, 0.03126428695872548, 0.438509647757991, 0.12012666412131735, 0.006611860455462531]
Games played: 200
Exploitability: P1=4.600000000 P2=0.094837350 EV: (0.026756349289105467, -0.026756349289105467) P1 Winnings: -53.0
