Player 1 exploitability: 0.0365136143745
Choosing model 2
[0.2084332201972016, 0.16788242938108128, 0.20475028364790934, 0.19695072249788456, 0.22198334427592314]
Games played: 1
Exploitability: P1=4.600000000 P2=-0.049138400 EV: (-0.23782477418300738, 0.23782477418300738) P1 Winnings: 0.0
Choosing model 3
[0.2131063192498581, 0.17721796568547485, 0.22166048467263477, 0.18207563881817168, 0.20593959157386063]
Games played: 2
Exploitability: P1=1.933333333 P2=-0.049138400 EV: (-0.11526468588555012, 0.11526468588555012) P1 Winnings: 1.0
Choosing model 2
[0.21695053745696913, 0.18627100645916744, 0.23893900860848685, 0.16760274177607207, 0.19023670569930443]
Games played: 3
Exploitability: P1=4.600000000 P2=-0.049138400 EV: (-0.23782477418300738, 0.23782477418300738) P1 Winnings: 2.0
Choosing model 2
[0.21993455839931328, 0.19496251488291558, 0.2564803981772086, 0.15363095786357872, 0.1749915706769839]
Games played: 4
Exploitability: P1=4.600000000 P2=-0.049138400 EV: (-0.23782477418300738, 0.23782477418300738) P1 Winnings: 3.0
Choosing model 2
[0.22204462014774934, 0.2032221351338295, 0.27417972437707233, 0.1402459705314914, 0.16030754980985734]
Games played: 5
Exploitability: P1=4.600000000 P2=-0.049138400 EV: (-0.23782477418300738, 0.23782477418300738) P1 Winnings: 4.0
Choosing model 1
[0.23145702371442065, 0.17163291852683046, 0.28087647811483824, 0.13833536031848054, 0.17769821932543012]
Games played: 6
Exploitability: P1=2.800000000 P2=-0.049138400 EV: (-0.24596546920095227, 0.24596546920095227) P1 Winnings: 5.0
Choosing model 2
[0.23026729771673693, 0.1344351293474418, 0.21048363400538217, 0.1855225506337189, 0.2392913882967204]
Games played: 7
Exploitability: P1=4.600000000 P2=-0.049138400 EV: (-0.23782477418300738, 0.23782477418300738) P1 Winnings: -4.0
Choosing model 2
[0.22590028401862092, 0.15094089604434802, 0.2037072892772251, 0.19840998734832102, 0.22104154331148498]
Games played: 8
Exploitability: P1=4.600000000 P2=-0.049138400 EV: (-0.23782477418300738, 0.23782477418300738) P1 Winnings: -4.0
Choosing model 1
[0.2311218707578759, 0.15944257622069805, 0.22068113730318328, 0.18354927389906384, 0.20520514181917884]
Games played: 9
Exploitability: P1=2.800000000 P2=-0.049138400 EV: (-0.24596546920095227, 0.24596546920095227) P1 Winnings: -3.0
Choosing model 0
[0.23591975047801322, 0.14447305031648275, 0.22370310433525897, 0.18283077103465306, 0.21307332383559208]
Games played: 10
Exploitability: P1=1.900000000 P2=-0.049138400 EV: (-0.08456350517468117, 0.08456350517468117) P1 Winnings: -3.0
Choosing model 4
[0.23384206564146978, 0.15332168844117938, 0.2235966325499928, 0.185677663431654, 0.2035619499357041]
Games played: 11
Exploitability: P1=2.600000000 P2=-0.049138400 EV: (-0.04927226898366891, 0.04927226898366891) P1 Winnings: 2.0
Choosing model 1
[0.2285230826555469, 0.11626455852529637, 0.17181867939338363, 0.22470865221506095, 0.2586850272107121]
Games played: 12
Exploitability: P1=2.800000000 P2=-0.049138400 EV: (-0.24596546920095227, 0.24596546920095227) P1 Winnings: 9.0
Choosing model 3
[0.23335333096261693, 0.09619018192304206, 0.17242658775011113, 0.21712829894721947, 0.28090160041701046]
Games played: 13
Exploitability: P1=1.933333333 P2=-0.049138400 EV: (-0.11526468588555012, 0.11526468588555012) P1 Winnings: 10.0
Choosing model 1
[0.2325549587172779, 0.10263625620574399, 0.17328092222107047, 0.2217073391555718, 0.2698205237003357]
Games played: 14
Exploitability: P1=2.800000000 P2=-0.049138400 EV: (-0.24596546920095227, 0.24596546920095227) P1 Winnings: -1.0
Choosing model 1
[0.23708691072135707, 0.08216445554775417, 0.17311311993172487, 0.21197345262968972, 0.29566206116947424]
Games played: 15
Exploitability: P1=2.800000000 P2=-0.049138400 EV: (-0.24596546920095227, 0.24596546920095227) P1 Winnings: -1.0
Choosing model 1
[0.23312687972293142, 0.10893065496031526, 0.1762338776119076, 0.23084273300723523, 0.25086585469761047]
Games played: 16
Exploitability: P1=2.800000000 P2=-0.049138400 EV: (-0.24596546920095227, 0.24596546920095227) P1 Winnings: 6.0
Choosing model 3
[0.24078731861439134, 0.1328718298307216, 0.2016335548167624, 0.21427317724912945, 0.2104341194889952]
Games played: 17
Exploitability: P1=1.933333333 P2=-0.049138400 EV: (-0.11526468588555012, 0.11526468588555012) P1 Winnings: 11.0
Choosing model 4
[0.24666741310972573, 0.14053490245930206, 0.2187133799790584, 0.1984773041154898, 0.19560700033642395]
Games played: 18
Exploitability: P1=2.600000000 P2=-0.049138400 EV: (-0.04927226898366891, 0.04927226898366891) P1 Winnings: 12.0
Choosing model 4
[0.25414524366565433, 0.11662528298171183, 0.2213620321585356, 0.19322873000826093, 0.2146387111858374]
Games played: 19
Exploitability: P1=2.600000000 P2=-0.049138400 EV: (-0.04927226898366891, 0.04927226898366891) P1 Winnings: 12.0
Choosing model 3
[0.2523544663811133, 0.12398814791053384, 0.22164965560645764, 0.1965860721310601, 0.2054216579708351]
Games played: 20
Exploitability: P1=1.933333333 P2=-0.049138400 EV: (-0.11526468588555012, 0.11526468588555012) P1 Winnings: 11.0
Choosing model 0
[0.25996209221485733, 0.09886026580706533, 0.22344710509601212, 0.18912539943599174, 0.22860513744607353]
Games played: 21
Exploitability: P1=1.900000000 P2=-0.049138400 EV: (-0.08456350517468117, 0.08456350517468117) P1 Winnings: 14.0
Choosing model 0
[0.2660635300992329, 0.10446485628602743, 0.24214997828724458, 0.1750209584752374, 0.21230067685225767]
Games played: 22
Exploitability: P1=1.900000000 P2=-0.049138400 EV: (-0.08456350517468117, 0.08456350517468117) P1 Winnings: 15.0
Choosing model 2
[0.27161608980901264, 0.08589713168275696, 0.24283548647491335, 0.16883047479179383, 0.23082081724152312]
Games played: 23
Exploitability: P1=4.600000000 P2=-0.049138400 EV: (-0.23782477418300738, 0.23782477418300738) P1 Winnings: 15.0
Choosing model 3
[0.2757311077257791, 0.07064938785140178, 0.24226593442815803, 0.1621787015342283, 0.24917486846043274]
Games played: 24
Exploitability: P1=1.933333333 P2=-0.049138400 EV: (-0.11526468588555012, 0.11526468588555012) P1 Winnings: 16.0
Choosing model 1
[0.28195214195934853, 0.07458837537768416, 0.2623109139015911, 0.14995064073849684, 0.23119792802287925]
Games played: 25
Exploitability: P1=2.800000000 P2=-0.049138400 EV: (-0.24596546920095227, 0.24596546920095227) P1 Winnings: 17.0
Choosing model 0
[0.28615875274306474, 0.058082766264104836, 0.2605442931425231, 0.14208195531092335, 0.25313223253938405]
Games played: 26
Exploitability: P1=1.900000000 P2=-0.049138400 EV: (-0.08456350517468117, 0.08456350517468117) P1 Winnings: 18.0
Choosing model 0
[0.2882771437325812, 0.04672617345213885, 0.25760817861827673, 0.13488540465234553, 0.2725030995446577]
Games played: 27
Exploitability: P1=1.900000000 P2=-0.049138400 EV: (-0.08456350517468117, 0.08456350517468117) P1 Winnings: 18.0
Choosing model 3
[0.28917586389468486, 0.03627894266619209, 0.2528832835796779, 0.12636152989475974, 0.29530037996468544]
Games played: 28
Exploitability: P1=1.933333333 P2=-0.049138400 EV: (-0.11526468588555012, 0.11526468588555012) P1 Winnings: 18.0
Choosing model 4
[0.28867122673479956, 0.028031003816607915, 0.2470416741535565, 0.11780247540486474, 0.31845361989017135]
Games played: 29
Exploitability: P1=2.600000000 P2=-0.049138400 EV: (-0.04927226898366891, 0.04927226898366891) P1 Winnings: 21.0
Choosing model 0
[0.2886712470438065, 0.02803103073633041, 0.2470417192025076, 0.11780252186075323, 0.3184534811566023]
Games played: 30
Exploitability: P1=1.900000000 P2=-0.049138400 EV: (-0.08456350517468117, 0.08456350517468117) P1 Winnings: 20.0
Choosing model 2
[0.287439801373858, 0.02261423842180277, 0.24174835256952024, 0.1109969111404795, 0.3372006964943395]
Games played: 31
Exploitability: P1=4.600000000 P2=-0.049138400 EV: (-0.23782477418300738, 0.23782477418300738) P1 Winnings: 19.0
Choosing model 2
[0.29538671824483265, 0.02399380573542697, 0.26305221285394836, 0.10313826637896777, 0.3144289967868242]
Games played: 32
Exploitability: P1=4.600000000 P2=-0.049138400 EV: (-0.23782477418300738, 0.23782477418300738) P1 Winnings: 20.0
Choosing model 2
[0.28535978698238057, 0.013907795521993048, 0.21978903154605678, 0.09724456671725541, 0.38369881923231414]
Games played: 33
Exploitability: P1=4.600000000 P2=-0.049138400 EV: (-0.23782477418300738, 0.23782477418300738) P1 Winnings: 20.0
Choosing model 2
[0.28860880356095703, 0.015007081531677461, 0.2253343965890755, 0.09931791415327967, 0.37173180416501045]
Games played: 34
Exploitability: P1=4.600000000 P2=-0.049138400 EV: (-0.23782477418300738, 0.23782477418300738) P1 Winnings: 25.0
Choosing model 2
[0.28532714124575004, 0.012020685126392589, 0.2189328484540588, 0.09291242711672738, 0.39080689805707125]
Games played: 35
Exploitability: P1=4.600000000 P2=-0.049138400 EV: (-0.23782477418300738, 0.23782477418300738) P1 Winnings: 26.0
Choosing model 4
[0.2814620544087443, 0.009607390824277768, 0.21224507526848646, 0.08672878807039412, 0.4099566914280974]
Games played: 36
Exploitability: P1=2.600000000 P2=-0.049138400 EV: (-0.04927226898366891, 0.04927226898366891) P1 Winnings: 27.0
Choosing model 2
[0.2814620957882404, 0.00960740078731674, 0.21224513024346178, 0.08672882892112374, 0.4099565442598574]
Games played: 37
Exploitability: P1=4.600000000 P2=-0.049138400 EV: (-0.23782477418300738, 0.23782477418300738) P1 Winnings: 26.0
Choosing model 4
[0.29980923723369, 0.01208572038274248, 0.25043497280735993, 0.08302309456620065, 0.3546469750100069]
Games played: 38
Exploitability: P1=2.600000000 P2=-0.049138400 EV: (-0.04927226898366891, 0.04927226898366891) P1 Winnings: 31.0
Choosing model 0
[0.29530998513512785, 0.01323013110692469, 0.20792086111553243, 0.10854993790534011, 0.37498908473707493]
Games played: 39
Exploitability: P1=1.900000000 P2=-0.049138400 EV: (-0.08456350517468117, 0.08456350517468117) P1 Winnings: 40.0
Choosing model 0
[0.2873937664485579, 0.008834173618090288, 0.1956467617338134, 0.09509431641901966, 0.4130309817805187]
Games played: 40
Exploitability: P1=1.900000000 P2=-0.049138400 EV: (-0.08456350517468117, 0.08456350517468117) P1 Winnings: 43.0
Choosing model 0
[0.2903917058660037, 0.009557212597478644, 0.19934917664791313, 0.09844948786029689, 0.40225241702830766]
Games played: 41
Exploitability: P1=1.900000000 P2=-0.049138400 EV: (-0.08456350517468117, 0.08456350517468117) P1 Winnings: 42.0
Choosing model 2
[0.3008135055050864, 0.010221567044744171, 0.21865627520357683, 0.0922128528401954, 0.3780957994063971]
Games played: 42
Exploitability: P1=4.600000000 P2=-0.049138400 EV: (-0.23782477418300738, 0.23782477418300738) P1 Winnings: 43.0
Choosing model 0
[0.3248092353607874, 0.015248767563808177, 0.2758668003496634, 0.08860824956826929, 0.29546694715747174]
Games played: 43
Exploitability: P1=1.900000000 P2=-0.049138400 EV: (-0.08456350517468117, 0.08456350517468117) P1 Winnings: 52.0
Choosing model 0
[0.315001498596754, 0.007703861786896332, 0.25267931470572325, 0.07183249370840937, 0.35278283120221704]
Games played: 44
Exploitability: P1=1.900000000 P2=-0.049138400 EV: (-0.08456350517468117, 0.08456350517468117) P1 Winnings: 49.0
Choosing model 4
[0.2779809694978585, 0.004679472848226452, 0.1605520852235212, 0.08597675115887404, 0.47081072127151957]
Games played: 45
Exploitability: P1=2.600000000 P2=-0.049138400 EV: (-0.04927226898366891, 0.04927226898366891) P1 Winnings: 56.0
Choosing model 0
[0.2921190559315041, 0.006633471621144718, 0.1747609762519804, 0.09998834445295438, 0.4264981517424165]
Games played: 46
Exploitability: P1=1.900000000 P2=-0.049138400 EV: (-0.08456350517468117, 0.08456350517468117) P1 Winnings: 63.0
Choosing model 4
[0.29211910206737585, 0.006633478572605781, 0.17476102342615626, 0.09998839264092445, 0.42649800329293763]
Games played: 47
Exploitability: P1=2.600000000 P2=-0.049138400 EV: (-0.04927226898366891, 0.04927226898366891) P1 Winnings: 62.0
Choosing model 0
[0.2857199710774768, 0.005021859341340444, 0.16727608807687866, 0.091333123932063, 0.450648957572241]
Games played: 48
Exploitability: P1=1.900000000 P2=-0.049138400 EV: (-0.08456350517468117, 0.08456350517468117) P1 Winnings: 65.0
Choosing model 3
[0.2879031503691499, 0.004707299432870847, 0.16855796109516125, 0.09158353066120198, 0.44724805844161614]
Games played: 49
Exploitability: P1=1.933333333 P2=-0.049138400 EV: (-0.11526468588555012, 0.11526468588555012) P1 Winnings: 62.0
Choosing model 0
[0.2373295652099382, 0.0026709346055735768, 0.10004571919396729, 0.1023954007253422, 0.5575583802651787]
Games played: 50
Exploitability: P1=1.900000000 P2=-0.049138400 EV: (-0.08456350517468117, 0.08456350517468117) P1 Winnings: 69.0
Choosing model 0
[0.24133771704834117, 0.002908004163676231, 0.10259041258520359, 0.10668560873363638, 0.5464782574691428]
Games played: 51
Exploitability: P1=1.900000000 P2=-0.049138400 EV: (-0.08456350517468117, 0.08456350517468117) P1 Winnings: 74.0
Choosing model 4
[0.24133777204296197, 0.002908007414464663, 0.10259044745305602, 0.10668566761074103, 0.5464781054787763]
Games played: 52
Exploitability: P1=2.600000000 P2=-0.049138400 EV: (-0.04927226898366891, 0.04927226898366891) P1 Winnings: 73.0
Choosing model 2
[0.23707478817845995, 0.0022988029222066747, 0.10004492824492586, 0.09645479327857052, 0.5641266873758369]
Games played: 53
Exploitability: P1=4.600000000 P2=-0.049138400 EV: (-0.23782477418300738, 0.23782477418300738) P1 Winnings: 74.0
Choosing model 4
[0.22877961682361855, 0.0017170243959238665, 0.0944790880406551, 0.08692684242722368, 0.5880974283125787]
Games played: 54
Exploitability: P1=2.600000000 P2=-0.049138400 EV: (-0.04927226898366891, 0.04927226898366891) P1 Winnings: 71.0
Choosing model 4
[0.22180610912813872, 0.0013408214468474274, 0.08998071540677534, 0.07963440138686466, 0.6072379526313738]
Games played: 55
Exploitability: P1=2.600000000 P2=-0.049138400 EV: (-0.04927226898366891, 0.04927226898366891) P1 Winnings: 72.0
Choosing model 3
[0.2166871240661829, 0.0010540876108960542, 0.08726440356377274, 0.07160081818288527, 0.6233935665762629]
Games played: 56
Exploitability: P1=1.933333333 P2=-0.049138400 EV: (-0.11526468588555012, 0.11526468588555012) P1 Winnings: 73.0
Choosing model 4
[0.22939023051258103, 0.0019424434467837527, 0.08457205613295063, 0.10873634061849963, 0.575358929289185]
Games played: 57
Exploitability: P1=2.600000000 P2=-0.049138400 EV: (-0.04927226898366891, 0.04927226898366891) P1 Winnings: 73.0
Choosing model 4
[0.21608788066998527, 0.0012554703066067876, 0.07702962226303506, 0.09220531900775125, 0.6134217077526216]
Games played: 58
Exploitability: P1=2.600000000 P2=-0.049138400 EV: (-0.04927226898366891, 0.04927226898366891) P1 Winnings: 73.0
Choosing model 2
[0.23228007344375065, 0.0018652744461463617, 0.08579689191096772, 0.11019359938820611, 0.5698641608109292]
Games played: 59
Exploitability: P1=4.600000000 P2=-0.049138400 EV: (-0.23782477418300738, 0.23782477418300738) P1 Winnings: 68.0
Choosing model 0
[0.21869879248148602, 0.001711965704174108, 0.0698442007276866, 0.12502158560948934, 0.5847234554771639]
Games played: 60
Exploitability: P1=1.900000000 P2=-0.049138400 EV: (-0.08456350517468117, 0.08456350517468117) P1 Winnings: 68.0
Choosing model 4
[0.22256139683298912, 0.0018653353724456764, 0.07167516713073853, 0.13035884049886612, 0.5735392601649606]
Games played: 61
Exploitability: P1=2.600000000 P2=-0.049138400 EV: (-0.04927226898366891, 0.04927226898366891) P1 Winnings: 73.0
Choosing model 0
[0.22636280585331914, 0.002031283818386089, 0.07351210568332199, 0.13584628167691437, 0.5622475229680584]
Games played: 62
Exploitability: P1=1.900000000 P2=-0.049138400 EV: (-0.08456350517468117, 0.08456350517468117) P1 Winnings: 72.0
Choosing model 3
[0.19204980750845652, 0.0009090536971162699, 0.052629031327920205, 0.10913893948180513, 0.645273167984702]
Games played: 63
Exploitability: P1=1.933333333 P2=-0.049138400 EV: (-0.11526468588555012, 0.11526468588555012) P1 Winnings: 77.0
Choosing model 0
[0.21249143353750466, 0.0014353569065264841, 0.06144628526603253, 0.1313858360416001, 0.5932410882483363]
Games played: 64
Exploitability: P1=1.900000000 P2=-0.049138400 EV: (-0.08456350517468117, 0.08456350517468117) P1 Winnings: 84.0
Choosing model 0
[0.18995819798058225, 0.0006861008249199481, 0.05184374073783647, 0.0981988207857169, 0.6593131396709445]
Games played: 65
Exploitability: P1=1.900000000 P2=-0.049138400 EV: (-0.08456350517468117, 0.08456350517468117) P1 Winnings: 83.0
Choosing model 4
[0.16764679865416598, 0.0003154384662282014, 0.04321351123698257, 0.07244460213983939, 0.716379649502784]
Games played: 66
Exploitability: P1=2.600000000 P2=-0.049138400 EV: (-0.04927226898366891, 0.04927226898366891) P1 Winnings: 80.0
Choosing model 4
[0.15956809657630708, 0.0002303615332507211, 0.04025352559271921, 0.0643747854886943, 0.7355732308090287]
Games played: 67
Exploitability: P1=2.600000000 P2=-0.049138400 EV: (-0.04927226898366891, 0.04927226898366891) P1 Winnings: 80.0
Choosing model 4
[0.15663376505266868, 0.00020415751490833654, 0.03919752907659098, 0.0615845298159067, 0.7423800185399254]
Games played: 68
Exploitability: P1=2.600000000 P2=-0.049138400 EV: (-0.04927226898366891, 0.04927226898366891) P1 Winnings: 77.0
Choosing model 3
[0.15663382004990245, 0.0002041577682927248, 0.03919754722975761, 0.061584571392896414, 0.7423799035591508]
Games played: 69
Exploitability: P1=1.933333333 P2=-0.049138400 EV: (-0.11526468588555012, 0.11526468588555012) P1 Winnings: 76.0
Choosing model 2
[0.18748744640393125, 0.00045187715965962677, 0.050217091109055666, 0.09024266005581072, 0.6716009252715426]
Games played: 70
Exploitability: P1=4.600000000 P2=-0.049138400 EV: (-0.23782477418300738, 0.23782477418300738) P1 Winnings: 76.0
Choosing model 4
[0.2169311820105596, 0.0007269787650914802, 0.06429263289458778, 0.10077097662573756, 0.6172782297040237]
Games played: 71
Exploitability: P1=2.600000000 P2=-0.049138400 EV: (-0.04927226898366891, 0.04927226898366891) P1 Winnings: 81.0
Choosing model 4
[0.21693124098239588, 0.0007269796097302085, 0.06429265757306306, 0.10077103666977824, 0.6172780851650326]
Games played: 72
Exploitability: P1=2.600000000 P2=-0.049138400 EV: (-0.04927226898366891, 0.04927226898366891) P1 Winnings: 80.0
Choosing model 4
[0.2085085255696591, 0.000536127957160356, 0.06047789448451046, 0.09042664255204817, 0.640050809436622]
Games played: 73
Exploitability: P1=2.600000000 P2=-0.049138400 EV: (-0.04927226898366891, 0.04927226898366891) P1 Winnings: 80.0
Choosing model 2
[0.20153931201766465, 0.0004198594499136088, 0.057448998734106554, 0.08270757558128149, 0.6578842542170338]
Games played: 74
Exploitability: P1=4.600000000 P2=-0.049138400 EV: (-0.23782477418300738, 0.23782477418300738) P1 Winnings: 79.0
Choosing model 4
[0.20693337134614279, 0.0004599343404593229, 0.059794040085541934, 0.08575540339616973, 0.6470572508316862]
Games played: 75
Exploitability: P1=2.600000000 P2=-0.049138400 EV: (-0.04927226898366891, 0.04927226898366891) P1 Winnings: 84.0
Choosing model 4
[0.22122702073004946, 0.0005076642558525725, 0.0676861656191296, 0.08289608224723034, 0.6276830671477381]
Games played: 76
Exploitability: P1=2.600000000 P2=-0.049138400 EV: (-0.04927226898366891, 0.04927226898366891) P1 Winnings: 85.0
Choosing model 4
[0.2137575102068614, 0.0003950918805632462, 0.06424520180850202, 0.07568465881623747, 0.6459175372878359]
Games played: 77
Exploitability: P1=2.600000000 P2=-0.049138400 EV: (-0.04927226898366891, 0.04927226898366891) P1 Winnings: 85.0
Choosing model 0
[0.21375757321531477, 0.0003950923486555013, 0.0642452279412846, 0.07568470564739042, 0.6459174008473547]
Games played: 78
Exploitability: P1=1.900000000 P2=-0.049138400 EV: (-0.08456350517468117, 0.08456350517468117) P1 Winnings: 84.0
Choosing model 4
[0.2406862535949251, 0.0007068342204669965, 0.07626137350242475, 0.0996143470431832, 0.582731191639]
Games played: 79
Exploitability: P1=2.600000000 P2=-0.049138400 EV: (-0.04927226898366891, 0.04927226898366891) P1 Winnings: 79.0
Choosing model 2
[0.23346964077953566, 0.0005522490814728909, 0.07266768498291416, 0.09130439031214796, 0.6020060348439293]
Games played: 80
Exploitability: P1=4.600000000 P2=-0.049138400 EV: (-0.23782477418300738, 0.23782477418300738) P1 Winnings: 79.0
Choosing model 4
[0.26501239052416015, 0.0008716102186276278, 0.09127187239239223, 0.10002330852835177, 0.5428208183364682]
Games played: 81
Exploitability: P1=2.600000000 P2=-0.049138400 EV: (-0.04927226898366891, 0.04927226898366891) P1 Winnings: 84.0
Choosing model 0
[0.2815931875336353, 0.0012800679613336372, 0.10049053693718137, 0.11816150938158379, 0.49847469818626594]
Games played: 82
Exploitability: P1=1.900000000 P2=-0.049138400 EV: (-0.08456350517468117, 0.08456350517468117) P1 Winnings: 79.0
Choosing model 4
[0.30374049029986355, 0.0021938288572523734, 0.11427196206825702, 0.14898432080458984, 0.43080939797003714]
Games played: 83
Exploitability: P1=2.600000000 P2=-0.049138400 EV: (-0.04927226898366891, 0.04927226898366891) P1 Winnings: 74.0
Choosing model 0
[0.30374054119801924, 0.0021938313353427183, 0.11427199504388169, 0.14898439791469045, 0.4308092345080659]
Games played: 84
Exploitability: P1=1.900000000 P2=-0.049138400 EV: (-0.08456350517468117, 0.08456350517468117) P1 Winnings: 71.0
Choosing model 0
[0.2974651565772539, 0.0016484701343091864, 0.10952334968843444, 0.13621755893028586, 0.45514546466971667]
Games played: 85
Exploitability: P1=1.900000000 P2=-0.049138400 EV: (-0.08456350517468117, 0.08456350517468117) P1 Winnings: 72.0
Choosing model 4
[0.30109837578987847, 0.0017865363077293355, 0.1117928291228415, 0.14127243813276644, 0.4440498206467843]
Games played: 86
Exploitability: P1=2.600000000 P2=-0.049138400 EV: (-0.04927226898366891, 0.04927226898366891) P1 Winnings: 71.0
Choosing model 4
[0.30207409669260815, 0.0017113558197162215, 0.11207962928140386, 0.14106664429479912, 0.4430682739114726]
Games played: 87
Exploitability: P1=2.600000000 P2=-0.049138400 EV: (-0.04927226898366891, 0.04927226898366891) P1 Winnings: 71.0
Choosing model 4
[0.3020741463569996, 0.0017113576241924479, 0.11207966026150605, 0.1410667131934406, 0.44306812256386136]
Games played: 88
Exploitability: P1=2.600000000 P2=-0.049138400 EV: (-0.04927226898366891, 0.04927226898366891) P1 Winnings: 70.0
Choosing model 4
[0.29652353762730854, 0.0013530838074352432, 0.10807618239423623, 0.13084610631199967, 0.4632010898590204]
Games played: 89
Exploitability: P1=2.600000000 P2=-0.049138400 EV: (-0.04927226898366891, 0.04927226898366891) P1 Winnings: 71.0
Choosing model 0
[0.28903085080749885, 0.0010208273532167971, 0.10309169205617585, 0.11910881859567247, 0.487747811187436]
Games played: 90
Exploitability: P1=1.900000000 P2=-0.049138400 EV: (-0.08456350517468117, 0.08456350517468117) P1 Winnings: 74.0
Choosing model 4
[0.28903090738666476, 0.0010208284615869747, 0.1030917237831608, 0.11910888050313395, 0.4877476598654535]
Games played: 91
Exploitability: P1=2.600000000 P2=-0.049138400 EV: (-0.04927226898366891, 0.04927226898366891) P1 Winnings: 73.0
Choosing model 2
[0.26447915535581584, 0.0004994722409230483, 0.08903382819104735, 0.09112392433637287, 0.554863619875841]
Games played: 92
Exploitability: P1=4.600000000 P2=-0.049138400 EV: (-0.23782477418300738, 0.23782477418300738) P1 Winnings: 72.0
Choosing model 4
[0.2562815014461996, 0.0003732707457279123, 0.08487640498350564, 0.08125939037619359, 0.5772094324483732]
Games played: 93
Exploitability: P1=2.600000000 P2=-0.049138400 EV: (-0.04927226898366891, 0.04927226898366891) P1 Winnings: 75.0
Choosing model 4
[0.2715529904701602, 0.00040835172682823155, 0.09522668873007865, 0.0778530738189229, 0.55495889525401]
Games played: 94
Exploitability: P1=2.600000000 P2=-0.049138400 EV: (-0.04927226898366891, 0.04927226898366891) P1 Winnings: 76.0
Choosing model 0
[0.2715530568802193, 0.00040835219012717687, 0.09522672268380125, 0.07785311808285418, 0.5549587501629981]
Games played: 95
Exploitability: P1=1.900000000 P2=-0.049138400 EV: (-0.08456350517468117, 0.08456350517468117) P1 Winnings: 75.0
Choosing model 4
[0.2715531232902696, 0.00040835265342661025, 0.09522675663752718, 0.07785316234680346, 0.5549586050719731]
Games played: 96
Exploitability: P1=2.600000000 P2=-0.049138400 EV: (-0.04927226898366891, 0.04927226898366891) P1 Winnings: 74.0
Choosing model 4
[0.27633878975668785, 0.00044491892964459523, 0.09771943790563739, 0.08117370027250778, 0.5443231531355224]
Games played: 97
Exploitability: P1=2.600000000 P2=-0.049138400 EV: (-0.04927226898366891, 0.04927226898366891) P1 Winnings: 73.0
Choosing model 4
[0.29162747353500656, 0.00048477540726467804, 0.10919479089862515, 0.07745809325345508, 0.5212348669056485]
Games played: 98
Exploitability: P1=2.600000000 P2=-0.049138400 EV: (-0.04927226898366891, 0.04927226898366891) P1 Winnings: 74.0
Choosing model 0
[0.29162753943921754, 0.00048477594826902174, 0.10919482780514474, 0.07745813585450714, 0.5212347209528616]
Games played: 99
Exploitability: P1=1.900000000 P2=-0.049138400 EV: (-0.08456350517468117, 0.08456350517468117) P1 Winnings: 73.0
Choosing model 4
[0.2963652004984621, 0.0005274705183049868, 0.1119014359623023, 0.08065248457688635, 0.5105534084440442]
Games played: 100
Exploitability: P1=2.600000000 P2=-0.049138400 EV: (-0.04927226898366891, 0.04927226898366891) P1 Winnings: 72.0
Choosing model 0
[0.2930300119305316, 0.0004708679967704239, 0.10975795320844282, 0.07771756031860934, 0.5190236065456457]
Games played: 101
Exploitability: P1=1.900000000 P2=-0.049138400 EV: (-0.08456350517468117, 0.08456350517468117) P1 Winnings: 69.0
Choosing model 2
[0.2930300777843375, 0.0004708685216639301, 0.10975799016770477, 0.07771760296493346, 0.5190234605613604]
Games played: 102
Exploitability: P1=4.600000000 P2=-0.049138400 EV: (-0.23782477418300738, 0.23782477418300738) P1 Winnings: 68.0
Choosing model 3
[0.29887330898854114, 0.0005123842037864599, 0.11347906535719196, 0.08004602513202438, 0.507089216318456]
Games played: 103
Exploitability: P1=1.933333333 P2=-0.049138400 EV: (-0.11526468588555012, 0.11526468588555012) P1 Winnings: 73.0
Choosing model 0
[0.3251498319477913, 0.0008856891117567094, 0.13015058484632727, 0.10179352706046818, 0.44202036703365666]
Games played: 104
Exploitability: P1=1.900000000 P2=-0.049138400 EV: (-0.08456350517468117, 0.08456350517468117) P1 Winnings: 68.0
Choosing model 0
[0.3251498889519086, 0.0008856900552976309, 0.13015062224076457, 0.10179357788772421, 0.442020220864305]
Games played: 105
Exploitability: P1=1.900000000 P2=-0.049138400 EV: (-0.08456350517468117, 0.08456350517468117) P1 Winnings: 67.0
Choosing model 0
[0.31819044210982206, 0.0006921417345906653, 0.12500422003341816, 0.09387430987063028, 0.46223888625153886]
Games played: 106
Exploitability: P1=1.900000000 P2=-0.049138400 EV: (-0.08456350517468117, 0.08456350517468117) P1 Winnings: 67.0
Choosing model 0
[0.3224800303792198, 0.000751050579995207, 0.12775423009667417, 0.09747976864700926, 0.4515349202971017]
Games played: 107
Exploitability: P1=1.900000000 P2=-0.049138400 EV: (-0.08456350517468117, 0.08456350517468117) P1 Winnings: 66.0
Choosing model 0
[0.3085027087977666, 0.000492989673554527, 0.11817009124337463, 0.08394577069590427, 0.4888884395894]
Games played: 108
Exploitability: P1=1.900000000 P2=-0.049138400 EV: (-0.08456350517468117, 0.08456350517468117) P1 Winnings: 59.0
Choosing model 0
[0.30098592023399656, 0.00038740331076285363, 0.11325368539104234, 0.07738854105982546, 0.5079844500043728]
Games played: 109
Exploitability: P1=1.900000000 P2=-0.049138400 EV: (-0.08456350517468117, 0.08456350517468117) P1 Winnings: 59.0
Choosing model 0
[0.28404730923538396, 0.000245827185864461, 0.10311863540412496, 0.06531820507871786, 0.5472700230959088]
Games played: 110
Exploitability: P1=1.900000000 P2=-0.049138400 EV: (-0.08456350517468117, 0.08456350517468117) P1 Winnings: 59.0
Choosing model 4
[0.2890459570050046, 0.00026783330241463807, 0.10581525641127709, 0.0681024134952298, 0.5367685397860739]
Games played: 111
Exploitability: P1=2.600000000 P2=-0.049138400 EV: (-0.04927226898366891, 0.04927226898366891) P1 Winnings: 50.0
Choosing model 3
[0.3137906031645857, 0.000468776323949308, 0.12065917454892339, 0.08577737765208637, 0.47930406831045536]
Games played: 112
Exploitability: P1=1.933333333 P2=-0.049138400 EV: (-0.11526468588555012, 0.11526468588555012) P1 Winnings: 39.0
Choosing model 0
[0.3210908237663776, 0.0004967175258070397, 0.12480464004041368, 0.09025958282400515, 0.46334823584339646]
Games played: 113
Exploitability: P1=1.900000000 P2=-0.049138400 EV: (-0.08456350517468117, 0.08456350517468117) P1 Winnings: 39.0
Choosing model 0
[0.3140916876505457, 0.00039367474566429024, 0.11998007448787475, 0.08354775805906926, 0.481986805056846]
Games played: 114
Exploitability: P1=1.900000000 P2=-0.049138400 EV: (-0.08456350517468117, 0.08456350517468117) P1 Winnings: 38.0
Choosing model 4
[0.31409175142000395, 0.0003936751759626542, 0.11998011228500709, 0.08354780209115095, 0.4819866590278753]
Games played: 115
Exploitability: P1=2.600000000 P2=-0.049138400 EV: (-0.04927226898366891, 0.04927226898366891) P1 Winnings: 37.0
Choosing model 0
[0.29050179828553624, 0.00021831150950007367, 0.10568488508304366, 0.06650565973562075, 0.5370893453862994]
Games played: 116
Exploitability: P1=1.900000000 P2=-0.049138400 EV: (-0.08456350517468117, 0.08456350517468117) P1 Winnings: 37.0
Choosing model 4
[0.2954886846385285, 0.00023775360423981446, 0.10840263052707647, 0.06931108181266135, 0.5265598494174939]
Games played: 117
Exploitability: P1=2.600000000 P2=-0.049138400 EV: (-0.04927226898366891, 0.04927226898366891) P1 Winnings: 28.0
Choosing model 0
[0.3004163800847265, 0.00025880240994155247, 0.11113669905202257, 0.07220004493459001, 0.5159880735187193]
Games played: 118
Exploitability: P1=1.900000000 P2=-0.049138400 EV: (-0.08456350517468117, 0.08456350517468117) P1 Winnings: 27.0
Choosing model 0
[0.2925546887836281, 0.00020419791044012104, 0.10636305285926885, 0.06653250141846109, 0.5343455590282018]
Games played: 119
Exploitability: P1=1.900000000 P2=-0.049138400 EV: (-0.08456350517468117, 0.08456350517468117) P1 Winnings: 26.0
Choosing model 4
[0.2975451746185596, 0.00022235945200509036, 0.1090866389736303, 0.06933168210308482, 0.5238141448527202]
Games played: 120
Exploitability: P1=2.600000000 P2=-0.049138400 EV: (-0.04927226898366891, 0.04927226898366891) P1 Winnings: 25.0
Choosing model 4
[0.2975452431049513, 0.00022235970108623655, 0.10908667629998663, 0.0693317205247713, 0.5238140003692046]
Games played: 121
Exploitability: P1=2.600000000 P2=-0.049138400 EV: (-0.04927226898366891, 0.04927226898366891) P1 Winnings: 24.0
Choosing model 3
[0.29678704311592424, 0.0001934394657971478, 0.10811746478098312, 0.06748600520746308, 0.5274160474298324]
Games played: 122
Exploitability: P1=1.933333333 P2=-0.049138400 EV: (-0.11526468588555012, 0.11526468588555012) P1 Winnings: 24.0
Choosing model 4
[0.2868296531947446, 0.00014343948035574447, 0.10226064620678957, 0.0608908161702209, 0.5498754449478892]
Games played: 123
Exploitability: P1=2.600000000 P2=-0.049138400 EV: (-0.04927226898366891, 0.04927226898366891) P1 Winnings: 24.0
Choosing model 0
[0.302161027012466, 0.00015601135732173842, 0.11406628820453463, 0.058000410812942826, 0.5256162626127348]
Games played: 124
Exploitability: P1=1.900000000 P2=-0.049138400 EV: (-0.08456350517468117, 0.08456350517468117) P1 Winnings: 25.0
Choosing model 4
[0.30726316762487027, 0.00016985826481236483, 0.1169672486339168, 0.060430356764759635, 0.515169368711641]
Games played: 125
Exploitability: P1=2.600000000 P2=-0.049138400 EV: (-0.04927226898366891, 0.04927226898366891) P1 Winnings: 30.0
Choosing model 4
[0.3123044942436307, 0.00018484719583238902, 0.11988557298240761, 0.06293249142631117, 0.5046925941518181]
Games played: 126
Exploitability: P1=2.600000000 P2=-0.049138400 EV: (-0.04927226898366891, 0.04927226898366891) P1 Winnings: 29.0
Choosing model 0
[0.327264182807029, 0.0001999890518489343, 0.13302140870567133, 0.05962934548248965, 0.4798850739529611]
Games played: 127
Exploitability: P1=1.900000000 P2=-0.049138400 EV: (-0.08456350517468117, 0.08456350517468117) P1 Winnings: 30.0
Choosing model 4
[0.2992368784345802, 9.526038830188027e-05, 0.11487464528175333, 0.045576315890664236, 0.5402169000047005]
Games played: 128
Exploitability: P1=2.600000000 P2=-0.049138400 EV: (-0.04927226898366891, 0.04927226898366891) P1 Winnings: 27.0
Choosing model 4
[0.29036334945674974, 7.445216587352845e-05, 0.10949856786824477, 0.0417884765347161, 0.5582751539744158]
Games played: 129
Exploitability: P1=2.600000000 P2=-0.049138400 EV: (-0.04927226898366891, 0.04927226898366891) P1 Winnings: 28.0
Choosing model 0
[0.2957545556760339, 8.119427992143775e-05, 0.11246904384067134, 0.043611218452338535, 0.5480839877510346]
Games played: 130
Exploitability: P1=1.900000000 P2=-0.049138400 EV: (-0.08456350517468117, 0.08456350517468117) P1 Winnings: 27.0
Choosing model 4
[0.2656667300352524, 3.799449260149801e-05, 0.0954167746363073, 0.03274662023056727, 0.6061318806052716]
Games played: 131
Exploitability: P1=2.600000000 P2=-0.049138400 EV: (-0.04927226898366891, 0.04927226898366891) P1 Winnings: 24.0
Choosing model 4
[0.25667760896918845, 2.9742056009453444e-05, 0.09059941497100783, 0.029938513138478298, 0.622754720865316]
Games played: 132
Exploitability: P1=2.600000000 P2=-0.049138400 EV: (-0.04927226898366891, 0.04927226898366891) P1 Winnings: 23.0
Choosing model 4
[0.24746474800366727, 2.3095887227249912e-05, 0.08580415592282607, 0.02727383596423379, 0.6394341642220455]
Games played: 133
Exploitability: P1=2.600000000 P2=-0.049138400 EV: (-0.04927226898366891, 0.04927226898366891) P1 Winnings: 24.0
Choosing model 0
[0.24507299712981334, 2.0303740510735676e-05, 0.08438669642834479, 0.026357347884613448, 0.6441626548167178]
Games played: 134
Exploitability: P1=1.900000000 P2=-0.049138400 EV: (-0.08456350517468117, 0.08456350517468117) P1 Winnings: 24.0
Choosing model 0
[0.23299869815700408, 1.8817068938625e-05, 0.06936755447822807, 0.030196314792730723, 0.6674186155030984]
Games played: 135
Exploitability: P1=1.900000000 P2=-0.049138400 EV: (-0.08456350517468117, 0.08456350517468117) P1 Winnings: 33.0
Choosing model 4
[0.2384351575276456, 2.061708311294336e-05, 0.07158270312450388, 0.03166086561800385, 0.6583006566467337]
Games played: 136
Exploitability: P1=2.600000000 P2=-0.049138400 EV: (-0.04927226898366891, 0.04927226898366891) P1 Winnings: 24.0
Choosing model 0
[0.23605641424777737, 1.811890791516101e-05, 0.07037803687017471, 0.030587336515339573, 0.6629600934587933]
Games played: 137
Exploitability: P1=1.900000000 P2=-0.049138400 EV: (-0.08456350517468117, 0.08456350517468117) P1 Winnings: 24.0
Choosing model 4
[0.23605648923104725, 1.811892979649405e-05, 0.07037806710810177, 0.03058735614172075, 0.6629599685893337]
Games played: 138
Exploitability: P1=2.600000000 P2=-0.049138400 EV: (-0.04927226898366891, 0.04927226898366891) P1 Winnings: 23.0
Choosing model 0
[0.23203584250623616, 1.6080063570754592e-05, 0.06862650960659263, 0.029302021577086414, 0.6700195462465142]
Games played: 139
Exploitability: P1=1.900000000 P2=-0.049138400 EV: (-0.08456350517468117, 0.08456350517468117) P1 Winnings: 20.0
Choosing model 4
[0.22500678112760683, 1.2547998316228823e-05, 0.06606333947826103, 0.026151450279296, 0.6827658811165199]
Games played: 140
Exploitability: P1=2.600000000 P2=-0.049138400 EV: (-0.04927226898366891, 0.04927226898366891) P1 Winnings: 21.0
Choosing model 4
[0.26294648594342723, 1.7067652581325537e-05, 0.08927319080865477, 0.025230681512071057, 0.6225325740832657]
Games played: 141
Exploitability: P1=2.600000000 P2=-0.049138400 EV: (-0.04927226898366891, 0.04927226898366891) P1 Winnings: 24.0
Choosing model 0
[0.2587611505954525, 1.516427263261321e-05, 0.08715016310766945, 0.024197873178788232, 0.6298756488454572]
Games played: 142
Exploitability: P1=1.900000000 P2=-0.049138400 EV: (-0.08456350517468117, 0.08456350517468117) P1 Winnings: 21.0
Choosing model 4
[0.2644310035662523, 1.6591793592391564e-05, 0.08980828897531931, 0.025336261477636745, 0.6204078541871992]
Games played: 143
Exploitability: P1=2.600000000 P2=-0.049138400 EV: (-0.04927226898366891, 0.04927226898366891) P1 Winnings: 20.0
Choosing model 4
[0.2701166907185702, 1.814641489685848e-05, 0.09251036359409912, 0.02651756341627148, 0.6108372358561625]
Games played: 144
Exploitability: P1=2.600000000 P2=-0.049138400 EV: (-0.04927226898366891, 0.04927226898366891) P1 Winnings: 19.0
Choosing model 2
[0.25840856867049516, 1.3436590901036995e-05, 0.0866073073441301, 0.023691209814332814, 0.6312794775801409]
Games played: 145
Exploitability: P1=4.600000000 P2=-0.049138400 EV: (-0.23782477418300738, 0.23782477418300738) P1 Winnings: 12.0
Choosing model 4
[0.24912648993118672, 1.0495462026969669e-05, 0.08205734505412478, 0.021612894917430132, 0.6471927746352314]
Games played: 146
Exploitability: P1=2.600000000 P2=-0.049138400 EV: (-0.04927226898366891, 0.04927226898366891) P1 Winnings: 13.0
Choosing model 4
[0.24912656747876455, 1.049547463495836e-05, 0.0820573797872093, 0.0216129086476416, 0.6471926486117495]
Games played: 147
Exploitability: P1=2.600000000 P2=-0.049138400 EV: (-0.04927226898366891, 0.04927226898366891) P1 Winnings: 12.0
Choosing model 0
[0.2491266450263486, 1.0495487242961442e-05, 0.08205741452030262, 0.021612922377860236, 0.6471925225882456]
Games played: 148
Exploitability: P1=1.900000000 P2=-0.049138400 EV: (-0.08456350517468117, 0.08456350517468117) P1 Winnings: 11.0
Choosing model 4
[0.2630594261719064, 1.3306699511246286e-05, 0.08851470291361883, 0.02429858482575737, 0.6241139793892061]
Games played: 149
Exploitability: P1=2.600000000 P2=-0.049138400 EV: (-0.04927226898366891, 0.04927226898366891) P1 Winnings: 11.0
Choosing model 3
[0.2972886563890185, 2.389373214736945e-05, 0.1054566224452645, 0.032098847542583214, 0.5651319798909864]
Games played: 150
Exploitability: P1=1.933333333 P2=-0.049138400 EV: (-0.11526468588555012, 0.11526468588555012) P1 Winnings: 11.0
Choosing model 4
[0.3126753037739551, 2.5946115382688923e-05, 0.11744201027685407, 0.030525975864722096, 0.5393307639690861]
Games played: 151
Exploitability: P1=2.600000000 P2=-0.049138400 EV: (-0.04927226898366891, 0.04927226898366891) P1 Winnings: 12.0
Choosing model 2
[0.3115506344605762, 2.254781598462204e-05, 0.11627617971897128, 0.029682087024679067, 0.5424685509797889]
Games played: 152
Exploitability: P1=4.600000000 P2=-0.049138400 EV: (-0.23782477418300738, 0.23782477418300738) P1 Winnings: 12.0
Choosing model 0
[0.2998406470093738, 2.1153597539932047e-05, 0.09675579525426486, 0.034423141602180275, 0.5689592625366412]
Games played: 153
Exploitability: P1=1.900000000 P2=-0.049138400 EV: (-0.08456350517468117, 0.08456350517468117) P1 Winnings: 12.0
Choosing model 0
[0.2708300804140812, 1.1456109168941606e-05, 0.08323283655376214, 0.02676013214126418, 0.6191654947817236]
Games played: 154
Exploitability: P1=1.900000000 P2=-0.049138400 EV: (-0.08456350517468117, 0.08456350517468117) P1 Winnings: 7.0
Choosing model 4
[0.26132212930236864, 8.956037464351114e-06, 0.07892669392035867, 0.024433194241460187, 0.6353090264983482]
Games played: 155
Exploitability: P1=2.600000000 P2=-0.049138400 EV: (-0.04927226898366891, 0.04927226898366891) P1 Winnings: 8.0
Choosing model 4
[0.2570453947286298, 7.953634473612427e-06, 0.07701458771682701, 0.023422346373305036, 0.6425097175467644]
Games played: 156
Exploitability: P1=2.600000000 P2=-0.049138400 EV: (-0.04927226898366891, 0.04927226898366891) P1 Winnings: 5.0
Choosing model 4
[0.2527780203101861, 7.061731428321561e-06, 0.07513078385815788, 0.022447934803443172, 0.6496361992967844]
Games played: 157
Exploitability: P1=2.600000000 P2=-0.049138400 EV: (-0.04927226898366891, 0.04927226898366891) P1 Winnings: 2.0
Choosing model 4
[0.24336271177258256, 5.508399719852689e-06, 0.07108574089463465, 0.020450505616906752, 0.6650955333161562]
Games played: 158
Exploitability: P1=2.600000000 P2=-0.049138400 EV: (-0.04927226898366891, 0.04927226898366891) P1 Winnings: 1.0
Choosing model 0
[0.2738029167373013, 9.991657523939757e-06, 0.08400508097696024, 0.026694716382834667, 0.61548729424538]
Games played: 159
Exploitability: P1=1.900000000 P2=-0.049138400 EV: (-0.08456350517468117, 0.08456350517468117) P1 Winnings: -10.0
Choosing model 0
[0.2796438191311858, 1.0926048061873834e-05, 0.08651822851460181, 0.027934731319719495, 0.6058922949864312]
Games played: 160
Exploitability: P1=1.900000000 P2=-0.049138400 EV: (-0.08456350517468117, 0.08456350517468117) P1 Winnings: -5.0
Choosing model 4
[0.26785108819533887, 8.029635018403081e-06, 0.08110159163534597, 0.024979955038430767, 0.626059335495866]
Games played: 161
Exploitability: P1=2.600000000 P2=-0.049138400 EV: (-0.04927226898366891, 0.04927226898366891) P1 Winnings: -4.0
Choosing model 0
[0.2678511684442453, 8.029644570495093e-06, 0.0811016250170003, 0.02497997061601671, 0.6260592062781672]
Games played: 162
Exploitability: P1=1.900000000 P2=-0.049138400 EV: (-0.08456350517468117, 0.08456350517468117) P1 Winnings: -5.0
Choosing model 4
[0.29091153941039183, 1.205364360666732e-05, 0.0912702398838385, 0.03016325066858755, 0.5876429163935754]
Games played: 163
Exploitability: P1=2.600000000 P2=-0.049138400 EV: (-0.04927226898366891, 0.04927226898366891) P1 Winnings: -5.0
Choosing model 0
[0.3213971337029248, 2.146977312466546e-05, 0.10591299988233796, 0.03866307759295361, 0.5340053190486589]
Games played: 164
Exploitability: P1=1.900000000 P2=-0.049138400 EV: (-0.08456350517468117, 0.08456350517468117) P1 Winnings: -16.0
Choosing model 4
[0.327109122522748, 2.3395728061897085e-05, 0.10870132660585091, 0.040318012420200874, 0.5238481427231384]
Games played: 165
Exploitability: P1=2.600000000 P2=-0.049138400 EV: (-0.04927226898366891, 0.04927226898366891) P1 Winnings: -17.0
Choosing model 0
[0.3271092009665564, 2.339575449465525e-05, 0.10870136484801564, 0.040318035151900626, 0.5238480032790327]
Games played: 166
Exploitability: P1=1.900000000 P2=-0.049138400 EV: (-0.08456350517468117, 0.08456350517468117) P1 Winnings: -18.0
Choosing model 4
[0.317609904513492, 1.829686313123727e-05, 0.10367972771856958, 0.03699059152788678, 0.5417014793769204]
Games played: 167
Exploitability: P1=2.600000000 P2=-0.049138400 EV: (-0.04927226898366891, 0.04927226898366891) P1 Winnings: -18.0
Choosing model 0
[0.3422402815184205, 2.8524971664303163e-05, 0.11625305249670526, 0.04490161963145947, 0.4965765213817506]
Games played: 168
Exploitability: P1=1.900000000 P2=-0.049138400 EV: (-0.08456350517468117, 0.08456350517468117) P1 Winnings: -19.0
Choosing model 0
[0.3577865211834833, 3.078868813628993e-05, 0.12868608622356129, 0.04244433481949925, 0.47105226908531983]
Games played: 169
Exploitability: P1=1.900000000 P2=-0.049138400 EV: (-0.08456350517468117, 0.08456350517468117) P1 Winnings: -18.0
Choosing model 0
[0.3468479714494453, 2.29008117204179e-05, 0.12209007051938187, 0.038414384454766214, 0.49262467276468624]
Games played: 170
Exploitability: P1=1.900000000 P2=-0.049138400 EV: (-0.08456350517468117, 0.08456350517468117) P1 Winnings: -17.0
Choosing model 0
[0.33696817556802594, 1.776684659468929e-05, 0.11641393733221253, 0.03516952186128369, 0.5114305983918832]
Games played: 171
Exploitability: P1=1.900000000 P2=-0.049138400 EV: (-0.08456350517468117, 0.08456350517468117) P1 Winnings: -17.0
Choosing model 0
[0.33696825453156887, 1.776686657061801e-05, 0.11641397765049938, 0.035169541497695404, 0.5114304594536656]
Games played: 172
Exploitability: P1=1.900000000 P2=-0.049138400 EV: (-0.08456350517468117, 0.08456350517468117) P1 Winnings: -18.0
Choosing model 4
[0.336968333495103, 1.7766886546567755e-05, 0.11641401796879079, 0.03516956113411524, 0.5114303205154443]
Games played: 173
Exploitability: P1=2.600000000 P2=-0.049138400 EV: (-0.04927226898366891, 0.04927226898366891) P1 Winnings: -19.0
Choosing model 4
[0.3369684124586283, 1.7766906522538512e-05, 0.1164140582870867, 0.035169580770543184, 0.5114301815772193]
Games played: 174
Exploitability: P1=2.600000000 P2=-0.049138400 EV: (-0.04927226898366891, 0.04927226898366891) P1 Winnings: -20.0
Choosing model 4
[0.34267178898261585, 1.9344585579979e-05, 0.11937943188173937, 0.036644465214252846, 0.501284969335812]
Games played: 175
Exploitability: P1=2.600000000 P2=-0.049138400 EV: (-0.04927226898366891, 0.04927226898366891) P1 Winnings: -21.0
Choosing model 4
[0.3483200710588863, 2.1053195893809613e-05, 0.12236707375198976, 0.03816458752264236, 0.4911272144705879]
Games played: 176
Exploitability: P1=2.600000000 P2=-0.049138400 EV: (-0.04927226898366891, 0.04927226898366891) P1 Winnings: -22.0
Choosing model 0
[0.36356868211061694, 2.2688151266656445e-05, 0.13524054642658295, 0.03601914609577017, 0.46514893721576317]
Games played: 177
Exploitability: P1=1.900000000 P2=-0.049138400 EV: (-0.08456350517468117, 0.08456350517468117) P1 Winnings: -21.0
Choosing model 3
[0.36356875792504545, 2.268817619028207e-05, 0.13524058977506495, 0.03601916527701771, 0.46514879884668153]
Games played: 178
Exploitability: P1=1.933333333 P2=-0.049138400 EV: (-0.11526468588555012, 0.11526468588555012) P1 Winnings: -22.0
Choosing model 2
[0.3781550393936143, 2.4364417559351427e-05, 0.14894460204954074, 0.03387519891707705, 0.4390007952222084]
Games played: 179
Exploitability: P1=4.600000000 P2=-0.049138400 EV: (-0.23782477418300738, 0.23782477418300738) P1 Winnings: -21.0
Choosing model 4
[0.3694929174846205, 1.928820122940042e-05, 0.1430246588960326, 0.03132065129335803, 0.45614248412475944]
Games played: 180
Exploitability: P1=2.600000000 P2=-0.049138400 EV: (-0.04927226898366891, 0.04927226898366891) P1 Winnings: -20.0
Choosing model 4
[0.39237491157215226, 2.9634549942276696e-05, 0.1580445278023347, 0.03746791618628693, 0.41208300988928404]
Games played: 181
Exploitability: P1=2.600000000 P2=-0.049138400 EV: (-0.04927226898366891, 0.04927226898366891) P1 Winnings: -21.0
Choosing model 4
[0.3915989144789338, 2.5795007688248743e-05, 0.15672992654741894, 0.036491322780426716, 0.4151540411855324]
Games played: 182
Exploitability: P1=2.600000000 P2=-0.049138400 EV: (-0.04927226898366891, 0.04927226898366891) P1 Winnings: -21.0
Choosing model 4
[0.39187389077119816, 2.2967710716596044e-05, 0.15615905327453772, 0.03585566091462285, 0.4160884273289248]
Games played: 183
Exploitability: P1=2.600000000 P2=-0.049138400 EV: (-0.04927226898366891, 0.04927226898366891) P1 Winnings: -21.0
Choosing model 2
[0.39697336713909437, 2.49110024502729e-05, 0.15952072982765117, 0.037215581625660056, 0.4062654104051441]
Games played: 184
Exploitability: P1=4.600000000 P2=-0.049138400 EV: (-0.23782477418300738, 0.23782477418300738) P1 Winnings: -22.0
Choosing model 2
[0.3888061878761167, 1.976798806183457e-05, 0.15354612170213636, 0.03449128004756779, 0.42313664238611737]
Games played: 185
Exploitability: P1=4.600000000 P2=-0.049138400 EV: (-0.23782477418300738, 0.23782477418300738) P1 Winnings: -21.0
Choosing model 4
[0.38031532362125714, 1.5666522069818666e-05, 0.14760444426191255, 0.031925129887273807, 0.44013943570748676]
Games played: 186
Exploitability: P1=2.600000000 P2=-0.049138400 EV: (-0.04927226898366891, 0.04927226898366891) P1 Winnings: -20.0
Choosing model 2
[0.3713134573103884, 1.2319916571166091e-05, 0.14156434143301297, 0.02945236527508168, 0.45765751606494587]
Games played: 187
Exploitability: P1=4.600000000 P2=-0.049138400 EV: (-0.23782477418300738, 0.23782477418300738) P1 Winnings: -20.0
Choosing model 3
[0.3923916678207415, 1.7994574871569348e-05, 0.15501196142557402, 0.03460334524493175, 0.4179750309338813]
Games played: 188
Exploitability: P1=1.933333333 P2=-0.049138400 EV: (-0.11526468588555012, 0.11526468588555012) P1 Winnings: -15.0
Choosing model 0
[0.4057422313648636, 1.9210786217823404e-05, 0.1697188282126145, 0.0323529134890435, 0.3921668161472606]
Games played: 189
Exploitability: P1=1.900000000 P2=-0.049138400 EV: (-0.08456350517468117, 0.08456350517468117) P1 Winnings: -14.0
Choosing model 4
[0.41860778052094366, 2.4284361274292834e-05, 0.1792614154450392, 0.03577003535641209, 0.3663364843163306]
Games played: 190
Exploitability: P1=2.600000000 P2=-0.049138400 EV: (-0.04927226898366891, 0.04927226898366891) P1 Winnings: -19.0
Choosing model 4
[0.4111205718525529, 1.9323603651522836e-05, 0.1730209054188592, 0.033242540904429324, 0.38259665822050715]
Games played: 191
Exploitability: P1=2.600000000 P2=-0.049138400 EV: (-0.04927226898366891, 0.04927226898366891) P1 Winnings: -20.0
Choosing model 4
[0.40151615391498874, 1.4249227529749036e-05, 0.165227925706847, 0.0302034999585547, 0.40303817119207985]
Games played: 192
Exploitability: P1=2.600000000 P2=-0.049138400 EV: (-0.04927226898366891, 0.04927226898366891) P1 Winnings: -20.0
Choosing model 4
[0.4007036045719308, 1.2402482560774078e-05, 0.16384601973497037, 0.02941489592568784, 0.40602307728485004]
Games played: 193
Exploitability: P1=2.600000000 P2=-0.049138400 EV: (-0.04927226898366891, 0.04927226898366891) P1 Winnings: -20.0
Choosing model 2
[0.42586618202283444, 2.1251353131241514e-05, 0.18290468381684108, 0.03627057562817992, 0.3549373071790134]
Games played: 194
Exploitability: P1=4.600000000 P2=-0.049138400 EV: (-0.23782477418300738, 0.23782477418300738) P1 Winnings: -31.0
Choosing model 2
[0.4370474929416304, 2.251724115511258e-05, 0.19875345311164708, 0.03365695339802709, 0.3305195833075404]
Games played: 195
Exploitability: P1=4.600000000 P2=-0.049138400 EV: (-0.23782477418300738, 0.23782477418300738) P1 Winnings: -30.0
Choosing model 4
[0.4418461054797496, 2.428727106754368e-05, 0.20368626923571428, 0.034360750546292874, 0.32008258746717555]
Games played: 196
Exploitability: P1=2.600000000 P2=-0.049138400 EV: (-0.04927226898366891, 0.04927226898366891) P1 Winnings: -25.0
Choosing model 0
[0.441846162033711, 2.428729579190349e-05, 0.2036863181193892, 0.034360766077194085, 0.32008246647391386]
Games played: 197
Exploitability: P1=1.900000000 P2=-0.049138400 EV: (-0.08456350517468117, 0.08456350517468117) P1 Winnings: -26.0
Choosing model 2
[0.4458644814900542, 2.62403343489162e-05, 0.2072662343094514, 0.03552602858417407, 0.3113170152819713]
Games played: 198
Exploitability: P1=4.600000000 P2=-0.049138400 EV: (-0.23782477418300738, 0.23782477418300738) P1 Winnings: -21.0
Choosing model 3
[0.4401939059279057, 2.2954163330505466e-05, 0.18825814355606751, 0.03691920877619619, 0.33460578757650006]
Games played: 199
Exploitability: P1=1.933333333 P2=-0.049138400 EV: (-0.11526468588555012, 0.11526468588555012) P1 Winnings: -12.0
Choosing model 0
[0.4507632714111829, 2.426828439684943e-05, 0.20412332996979776, 0.03418391150134585, 0.31090521883327654]
Games played: 200
Exploitability: P1=1.900000000 P2=-0.049138400 EV: (-0.08456350517468117, 0.08456350517468117) P1 Winnings: -11.0
