Player 1 exploitability: 0.0513276297053
Choosing model 3
[0.19603925932781563, 0.15211756731472703, 0.15414900860636097, 0.24277040924980592, 0.2549237555012904]
Games played: 1
Exploitability: P1=1.933333333 P2=-0.034324384 EV: (-0.09094667472039906, 0.09094667472039906) P1 Winnings: 0.0
Choosing model 1
[0.20278300803403934, 0.12178966970276789, 0.1560406991858599, 0.23452132725295943, 0.2848652958243734]
Games played: 2
Exploitability: P1=2.800000000 P2=-0.034324384 EV: (-0.29305623973282446, 0.29305623973282446) P1 Winnings: 0.0
Choosing model 4
[0.1945648217613734, 0.1638537524137091, 0.15534292900026472, 0.25122059926228585, 0.23501789756236685]
Games played: 3
Exploitability: P1=2.600000000 P2=-0.034324384 EV: (-0.034324384434668606, 0.034324384434668606) P1 Winnings: 0.0
Choosing model 0
[0.20124285270082087, 0.13650571779456247, 0.15783568806555706, 0.2455285685150853, 0.25888717292397423]
Games played: 4
Exploitability: P1=1.900000000 P2=-0.034324384 EV: (-0.08511806758649296, 0.08511806758649296) P1 Winnings: 1.0
Choosing model 0
[0.20785262448055758, 0.1665050584459007, 0.18058114638213554, 0.22790162497942756, 0.21715954571197868]
Games played: 5
Exploitability: P1=1.900000000 P2=-0.034324384 EV: (-0.08511806758649296, 0.08511806758649296) P1 Winnings: 6.0
Choosing model 0
[0.2055828855468525, 0.1763263955222384, 0.18011039100972231, 0.23095687959045844, 0.20702344833072836]
Games played: 6
Exploitability: P1=1.900000000 P2=-0.034324384 EV: (-0.08511806758649296, 0.08511806758649296) P1 Winnings: 5.0
Choosing model 4
[0.20311057093677753, 0.18651825856697243, 0.17943999848454592, 0.23379138794577778, 0.19713978406592636]
Games played: 7
Exploitability: P1=2.600000000 P2=-0.034324384 EV: (-0.034324384434668606, 0.034324384434668606) P1 Winnings: 4.0
Choosing model 4
[0.1862089399462206, 0.24740065732069758, 0.1711830211197719, 0.2414516373471898, 0.15375574426612001]
Games played: 8
Exploitability: P1=2.600000000 P2=-0.034324384 EV: (-0.034324384434668606, 0.034324384434668606) P1 Winnings: -7.0
Choosing model 4
[0.19829863159042452, 0.21201480933163605, 0.1809705712340792, 0.2366502717919841, 0.17206571605187612]
Games played: 9
Exploitability: P1=2.600000000 P2=-0.034324384 EV: (-0.034324384434668606, 0.034324384434668606) P1 Winnings: -6.0
Choosing model 4
[0.20256780900115792, 0.2236093828998853, 0.19574606813313145, 0.21858612707773956, 0.15949061288808572]
Games played: 10
Exploitability: P1=2.600000000 P2=-0.034324384 EV: (-0.034324384434668606, 0.034324384434668606) P1 Winnings: -5.0
Choosing model 4
[0.2150787842035297, 0.182163630598521, 0.20340131572619763, 0.21667494785543207, 0.1826813216163197]
Games played: 11
Exploitability: P1=2.600000000 P2=-0.034324384 EV: (-0.034324384434668606, 0.034324384434668606) P1 Winnings: -5.0
Choosing model 2
[0.21225383432998207, 0.1924766706101368, 0.2024168433722383, 0.21908805954957006, 0.17376459213807272]
Games played: 12
Exploitability: P1=4.600000000 P2=-0.034324384 EV: (-0.31070890739737345, 0.31070890739737345) P1 Winnings: -6.0
Choosing model 4
[0.2020665148817485, 0.12612550211177648, 0.13874881073182727, 0.2828884114385926, 0.25017076083605533]
Games played: 13
Exploitability: P1=2.600000000 P2=-0.034324384 EV: (-0.034324384434668606, 0.034324384434668606) P1 Winnings: -9.0
Choosing model 4
[0.19750231428620704, 0.17404952276271876, 0.14644622367793972, 0.28261968788312075, 0.19938225139001378]
Games played: 14
Exploitability: P1=2.600000000 P2=-0.034324384 EV: (-0.034324384434668606, 0.034324384434668606) P1 Winnings: -6.0
Choosing model 3
[0.2068393478247918, 0.14108355056714816, 0.15008862942825857, 0.2764149117333261, 0.22557356044647525]
Games played: 15
Exploitability: P1=1.933333333 P2=-0.034324384 EV: (-0.09094667472039906, 0.09094667472039906) P1 Winnings: -3.0
Choosing model 4
[0.1964189201311565, 0.13060037660339854, 0.1232316652101455, 0.31630483494217887, 0.23344420311312042]
Games played: 16
Exploitability: P1=2.600000000 P2=-0.034324384 EV: (-0.034324384434668606, 0.034324384434668606) P1 Winnings: -3.0
Choosing model 0
[0.1760201897195915, 0.13007147901911315, 0.09308323074491245, 0.37625522204713635, 0.22456987846924661]
Games played: 17
Exploitability: P1=1.900000000 P2=-0.034324384 EV: (-0.08511806758649296, 0.08511806758649296) P1 Winnings: 6.0
Choosing model 3
[0.1740859425948613, 0.13773417422313539, 0.09283410959375678, 0.3812727684370716, 0.21407300515117492]
Games played: 18
Exploitability: P1=1.933333333 P2=-0.034324384 EV: (-0.09094667472039906, 0.09094667472039906) P1 Winnings: 11.0
Choosing model 0
[0.15723598144508819, 0.19719740619927895, 0.08816636475388809, 0.4000535215723251, 0.1573467260294196]
Games played: 19
Exploitability: P1=1.900000000 P2=-0.034324384 EV: (-0.08511806758649296, 0.08511806758649296) P1 Winnings: 8.0
Choosing model 3
[0.17601256973028465, 0.13235466536485135, 0.0939952708782566, 0.3854261068743145, 0.21221138715229299]
Games played: 20
Exploitability: P1=1.933333333 P2=-0.034324384 EV: (-0.09094667472039906, 0.09094667472039906) P1 Winnings: 9.0
Choosing model 3
[0.1846447791691023, 0.14335264654754842, 0.10440798861811486, 0.3655942456504913, 0.2020003400147432]
Games played: 21
Exploitability: P1=1.933333333 P2=-0.034324384 EV: (-0.09094667472039906, 0.09094667472039906) P1 Winnings: 10.0
Choosing model 0
[0.19243839062909723, 0.11731717729242583, 0.10663153779389818, 0.3573332798479066, 0.22627961443667216]
Games played: 22
Exploitability: P1=1.900000000 P2=-0.034324384 EV: (-0.08511806758649296, 0.08511806758649296) P1 Winnings: 7.0
Choosing model 3
[0.18015673573683405, 0.1589029237786828, 0.1038766392647431, 0.37684772403322453, 0.18021597718651558]
Games played: 23
Exploitability: P1=1.933333333 P2=-0.034324384 EV: (-0.09094667472039906, 0.09094667472039906) P1 Winnings: 6.0
Choosing model 3
[0.19313166760764225, 0.11688192491216455, 0.10767056766487892, 0.3636612759301248, 0.21865456388518956]
Games played: 24
Exploitability: P1=1.933333333 P2=-0.034324384 EV: (-0.09094667472039906, 0.09094667472039906) P1 Winnings: -5.0
Choosing model 4
[0.20791430607317504, 0.06554924974088841, 0.10947473113228463, 0.3272581539423995, 0.2898035591112525]
Games played: 25
Exploitability: P1=2.600000000 P2=-0.034324384 EV: (-0.034324384434668606, 0.034324384434668606) P1 Winnings: -8.0
Choosing model 2
[0.20726657306782179, 0.06996342660783407, 0.11005092555092948, 0.3342623071955323, 0.27845676757788235]
Games played: 26
Exploitability: P1=4.600000000 P2=-0.034324384 EV: (-0.31070890739737345, 0.31070890739737345) P1 Winnings: -9.0
Choosing model 3
[0.21796076598274888, 0.07596144932690754, 0.1225397908177345, 0.3178347213961518, 0.26570327247645725]
Games played: 27
Exploitability: P1=1.933333333 P2=-0.034324384 EV: (-0.09094667472039906, 0.09094667472039906) P1 Winnings: -8.0
Choosing model 3
[0.22346070603588844, 0.0534341190135673, 0.1214717707093904, 0.29332558780643286, 0.30830781643472094]
Games played: 28
Exploitability: P1=1.933333333 P2=-0.034324384 EV: (-0.09094667472039906, 0.09094667472039906) P1 Winnings: -5.0
Choosing model 4
[0.21772985207462306, 0.0827226875407481, 0.12477458815524138, 0.3340802101992001, 0.24069266203018733]
Games played: 29
Exploitability: P1=2.600000000 P2=-0.034324384 EV: (-0.034324384434668606, 0.034324384434668606) P1 Winnings: -10.0
Choosing model 0
[0.22241286773841898, 0.06806202634867409, 0.1252061470346719, 0.3224655486849116, 0.2618534101933235]
Games played: 30
Exploitability: P1=1.900000000 P2=-0.034324384 EV: (-0.08511806758649296, 0.08511806758649296) P1 Winnings: -9.0
Choosing model 2
[0.22678917153473702, 0.05324904063693793, 0.1249457891523219, 0.30697618935862286, 0.2880398093173802]
Games played: 31
Exploitability: P1=4.600000000 P2=-0.034324384 EV: (-0.31070890739737345, 0.31070890739737345) P1 Winnings: -8.0
Choosing model 3
[0.2524172388410489, 0.0866597901872983, 0.17682097238938374, 0.2744759716157253, 0.20962602696654378]
Games played: 32
Exploitability: P1=1.933333333 P2=-0.034324384 EV: (-0.09094667472039906, 0.09094667472039906) P1 Winnings: -3.0
Choosing model 0
[0.25071650356247055, 0.09215947676348772, 0.17710572596642352, 0.27933173698051084, 0.20068655672710745]
Games played: 33
Exploitability: P1=1.900000000 P2=-0.034324384 EV: (-0.08511806758649296, 0.08511806758649296) P1 Winnings: -14.0
Choosing model 3
[0.2589866937427597, 0.0982896166273185, 0.1937142225549847, 0.2609033677350742, 0.18810609933986286]
Games played: 34
Exploitability: P1=1.933333333 P2=-0.034324384 EV: (-0.09094667472039906, 0.09094667472039906) P1 Winnings: -13.0
Choosing model 0
[0.26322707584085453, 0.08888693829627717, 0.19603111200498893, 0.26037307305976687, 0.1914818007981127]
Games played: 35
Exploitability: P1=1.900000000 P2=-0.034324384 EV: (-0.08511806758649296, 0.08511806758649296) P1 Winnings: -18.0
Choosing model 0
[0.27088125734182283, 0.09444075633778576, 0.21360321124412135, 0.242275411818895, 0.17879936325737503]
Games played: 36
Exploitability: P1=1.900000000 P2=-0.034324384 EV: (-0.08511806758649296, 0.08511806758649296) P1 Winnings: -17.0
Choosing model 1
[0.2775803357056769, 0.09991767239450394, 0.23176715733470435, 0.22448325692627902, 0.16625157763883588]
Games played: 37
Exploitability: P1=2.800000000 P2=-0.034324384 EV: (-0.29305623973282446, 0.29305623973282446) P1 Winnings: -16.0
Choosing model 4
[0.2741178019579938, 0.10915500390212987, 0.23279730971724535, 0.23238432721447133, 0.1515455572081596]
Games played: 38
Exploitability: P1=2.600000000 P2=-0.034324384 EV: (-0.034324384434668606, 0.034324384434668606) P1 Winnings: -13.0
Choosing model 1
[0.28210117133745966, 0.09047937773989027, 0.2353440266018137, 0.22597746019730416, 0.16609796412353237]
Games played: 39
Exploitability: P1=2.800000000 P2=-0.034324384 EV: (-0.29305623973282446, 0.29305623973282446) P1 Winnings: -13.0
Choosing model 2
[0.2859792484829796, 0.1215285854017038, 0.3120492673967711, 0.16747377972821667, 0.11296911899032891]
Games played: 40
Exploitability: P1=4.600000000 P2=-0.034324384 EV: (-0.31070890739737345, 0.31070890739737345) P1 Winnings: -10.0
Choosing model 1
[0.2833467229578848, 0.12846453794435672, 0.3134090360885601, 0.16756215525697504, 0.10721754775222336]
Games played: 41
Exploitability: P1=2.800000000 P2=-0.034324384 EV: (-0.29305623973282446, 0.29305623973282446) P1 Winnings: -5.0
Choosing model 2
[0.2929530758178578, 0.10697971438826433, 0.31830902737805533, 0.16369915811756275, 0.11805902429825979]
Games played: 42
Exploitability: P1=4.600000000 P2=-0.034324384 EV: (-0.31070890739737345, 0.31070890739737345) P1 Winnings: -4.0
Choosing model 2
[0.2929529378662171, 0.10698002496282043, 0.3183090124499022, 0.16369928221877125, 0.11805874250228905]
Games played: 43
Exploitability: P1=4.600000000 P2=-0.034324384 EV: (-0.31070890739737345, 0.31070890739737345) P1 Winnings: -13.0
Choosing model 0
[0.29849962962367393, 0.09658275468832163, 0.298386341658974, 0.1755728218219057, 0.13095845220712474]
Games played: 44
Exploitability: P1=1.900000000 P2=-0.034324384 EV: (-0.08511806758649296, 0.08511806758649296) P1 Winnings: -22.0
Choosing model 2
[0.3077908838451874, 0.07641102972424631, 0.3011095046766688, 0.16901615154166028, 0.1456724302122373]
Games played: 45
Exploitability: P1=4.600000000 P2=-0.034324384 EV: (-0.31070890739737345, 0.31070890739737345) P1 Winnings: -21.0
Choosing model 2
[0.3139239798837053, 0.06314286157067397, 0.30181660509429836, 0.1631209161749777, 0.1579956372763447]
Games played: 46
Exploitability: P1=4.600000000 P2=-0.034324384 EV: (-0.31070890739737345, 0.31070890739737345) P1 Winnings: -20.0
Choosing model 0
[0.31723870219826755, 0.06588082736330825, 0.3229528929586883, 0.149051447878988, 0.14487612960074794]
Games played: 47
Exploitability: P1=1.900000000 P2=-0.034324384 EV: (-0.08511806758649296, 0.08511806758649296) P1 Winnings: -19.0
Choosing model 2
[0.31933127342692413, 0.06846796892453841, 0.3442142488954991, 0.1356614209481971, 0.13232508780484106]
Games played: 48
Exploitability: P1=4.600000000 P2=-0.034324384 EV: (-0.31070890739737345, 0.31070890739737345) P1 Winnings: -18.0
Choosing model 2
[0.3033678632141679, 0.09510967834750735, 0.41578844595245634, 0.10353505644478012, 0.08219895604108826]
Games played: 49
Exploitability: P1=4.600000000 P2=-0.034324384 EV: (-0.31070890739737345, 0.31070890739737345) P1 Winnings: -13.0
Choosing model 0
[0.3129773558079837, 0.07567542085099957, 0.42200916233684654, 0.09829832187925709, 0.09103973912491307]
Games played: 50
Exploitability: P1=1.900000000 P2=-0.034324384 EV: (-0.08511806758649296, 0.08511806758649296) P1 Winnings: -10.0
Choosing model 0
[0.31048667267341495, 0.08037913041797821, 0.4221694819702429, 0.09991442260335594, 0.08705029233500802]
Games played: 51
Exploitability: P1=1.900000000 P2=-0.034324384 EV: (-0.08511806758649296, 0.08511806758649296) P1 Winnings: -5.0
Choosing model 2
[0.29494621549945615, 0.11047262248481689, 0.4173112856676726, 0.10692067495604594, 0.07034920139200837]
Games played: 52
Exploitability: P1=4.600000000 P2=-0.034324384 EV: (-0.31070890739737345, 0.31070890739737345) P1 Winnings: -14.0
Choosing model 2
[0.29168188243375115, 0.11655809281754766, 0.418341961818714, 0.1067760276391817, 0.06664203529080541]
Games played: 53
Exploitability: P1=4.600000000 P2=-0.034324384 EV: (-0.31070890739737345, 0.31070890739737345) P1 Winnings: -9.0
Choosing model 0
[0.28823145959196034, 0.12331979833066799, 0.4168677200134285, 0.10810797409726143, 0.06347304796668195]
Games played: 54
Exploitability: P1=1.900000000 P2=-0.034324384 EV: (-0.08511806758649296, 0.08511806758649296) P1 Winnings: -22.0
Choosing model 3
[0.28472925975094954, 0.12577566894071487, 0.4360370187463192, 0.09656357171203722, 0.0568944808499792]
Games played: 55
Exploitability: P1=1.933333333 P2=-0.034324384 EV: (-0.09094667472039906, 0.09094667472039906) P1 Winnings: -21.0
Choosing model 0
[0.31064893716284153, 0.10505560000437142, 0.27506231662616765, 0.19778428976637935, 0.1114488564402401]
Games played: 56
Exploitability: P1=1.900000000 P2=-0.034324384 EV: (-0.08511806758649296, 0.08511806758649296) P1 Winnings: -10.0
Choosing model 2
[0.33044160570891923, 0.06700242816452606, 0.27865528426280917, 0.1810706119187565, 0.14283006994498917]
Games played: 57
Exploitability: P1=4.600000000 P2=-0.034324384 EV: (-0.31070890739737345, 0.31070890739737345) P1 Winnings: -11.0
Choosing model 1
[0.3239136518662762, 0.09132225288875653, 0.30224677968686103, 0.17129957614515565, 0.11121773941295061]
Games played: 58
Exploitability: P1=2.800000000 P2=-0.034324384 EV: (-0.29305623973282446, 0.29305623973282446) P1 Winnings: -6.0
Choosing model 4
[0.3097722140685892, 0.1177527840975035, 0.29926059151631157, 0.181434326260519, 0.09178008405707676]
Games played: 59
Exploitability: P1=2.600000000 P2=-0.034324384 EV: (-0.034324384434668606, 0.034324384434668606) P1 Winnings: 1.0
Choosing model 2
[0.3097721673978597, 0.11775287115687291, 0.2992605799465273, 0.18143435771019292, 0.09178002378854715]
Games played: 60
Exploitability: P1=4.600000000 P2=-0.034324384 EV: (-0.31070890739737345, 0.31070890739737345) P1 Winnings: 0.0
Choosing model 2
[0.3111562242562707, 0.12211829038506382, 0.3182877969999836, 0.1647860730253184, 0.08365161533336342]
Games played: 61
Exploitability: P1=4.600000000 P2=-0.034324384 EV: (-0.31070890739737345, 0.31070890739737345) P1 Winnings: 1.0
Choosing model 0
[0.33594593581692067, 0.07910955919142777, 0.29721664973673634, 0.17364213339393267, 0.11408572186098259]
Games played: 62
Exploitability: P1=1.900000000 P2=-0.034324384 EV: (-0.08511806758649296, 0.08511806758649296) P1 Winnings: 1.0
Choosing model 4
[0.33320180033998614, 0.08400891297117093, 0.2972665211259416, 0.17645952155133254, 0.10906324401156885]
Games played: 63
Exploitability: P1=2.600000000 P2=-0.034324384 EV: (-0.034324384434668606, 0.034324384434668606) P1 Winnings: 0.0
Choosing model 4
[0.33012092505047036, 0.0572897705767038, 0.2120584240491981, 0.23712014553192823, 0.16341073479169949]
Games played: 64
Exploitability: P1=2.600000000 P2=-0.034324384 EV: (-0.034324384434668606, 0.034324384434668606) P1 Winnings: 7.0
Choosing model 2
[0.31443422086016504, 0.0849851187475612, 0.21250447705514577, 0.26238302640689154, 0.12569315693023633]
Games played: 65
Exploitability: P1=4.600000000 P2=-0.034324384 EV: (-0.31070890739737345, 0.31070890739737345) P1 Winnings: 2.0
Choosing model 0
[0.31498297968773, 0.07543121814111997, 0.19584362149549084, 0.2766671482754172, 0.1370750324002421]
Games played: 66
Exploitability: P1=1.900000000 P2=-0.034324384 EV: (-0.08511806758649296, 0.08511806758649296) P1 Winnings: -7.0
Choosing model 0
[0.31222712767595684, 0.08005585880056244, 0.19576177607972772, 0.28099149628399783, 0.1309637411597552]
Games played: 67
Exploitability: P1=1.900000000 P2=-0.034324384 EV: (-0.08511806758649296, 0.08511806758649296) P1 Winnings: -8.0
Choosing model 0
[0.30929504979047645, 0.08490902787780344, 0.1955532964655112, 0.2851987025510261, 0.12504392331518285]
Games played: 68
Exploitability: P1=1.900000000 P2=-0.034324384 EV: (-0.08511806758649296, 0.08511806758649296) P1 Winnings: -3.0
Choosing model 2
[0.31216357119512644, 0.0797195026815821, 0.197371289566773, 0.2864442090843733, 0.12430142747214513]
Games played: 69
Exploitability: P1=4.600000000 P2=-0.034324384 EV: (-0.31070890739737345, 0.31070890739737345) P1 Winnings: -6.0
Choosing model 1
[0.2875406219830514, 0.05054376296728196, 0.13090154752206376, 0.35786125075138475, 0.1731528167762183]
Games played: 70
Exploitability: P1=2.800000000 P2=-0.034324384 EV: (-0.29305623973282446, 0.29305623973282446) P1 Winnings: -9.0
Choosing model 3
[0.2965916023437192, 0.041953999947889085, 0.1340394089996218, 0.33972849972784824, 0.18768648898092175]
Games played: 71
Exploitability: P1=1.933333333 P2=-0.034324384 EV: (-0.09094667472039906, 0.09094667472039906) P1 Winnings: -8.0
Choosing model 2
[0.3209826190839004, 0.06639038508972478, 0.18444658695423516, 0.29536402018182967, 0.13281638869031]
Games played: 72
Exploitability: P1=4.600000000 P2=-0.034324384 EV: (-0.31070890739737345, 0.31070890739737345) P1 Winnings: -3.0
Choosing model 1
[0.3312770189250532, 0.05513928620419226, 0.18897680290631144, 0.28055954388923815, 0.144047348075205]
Games played: 73
Exploitability: P1=2.800000000 P2=-0.034324384 EV: (-0.29305623973282446, 0.29305623973282446) P1 Winnings: -2.0
Choosing model 3
[0.3289159853201741, 0.05861560737312388, 0.18920695128267243, 0.28541103261464956, 0.13785042340938]
Games played: 74
Exploitability: P1=1.933333333 P2=-0.034324384 EV: (-0.09094667472039906, 0.09094667472039906) P1 Winnings: -9.0
Choosing model 3
[0.33738206917180324, 0.046536408104951445, 0.18992526819219155, 0.2734046259802281, 0.15275162855082564]
Games played: 75
Exploitability: P1=1.933333333 P2=-0.034324384 EV: (-0.09094667472039906, 0.09094667472039906) P1 Winnings: -6.0
Choosing model 0
[0.33306923868251664, 0.029544012000778972, 0.15056802026620833, 0.283757344136817, 0.203061384913679]
Games played: 76
Exploitability: P1=1.900000000 P2=-0.034324384 EV: (-0.08511806758649296, 0.08511806758649296) P1 Winnings: -3.0
Choosing model 0
[0.33743376696725685, 0.022965081717895006, 0.14928642722907032, 0.2683861434822356, 0.22192858060354226]
Games played: 77
Exploitability: P1=1.900000000 P2=-0.034324384 EV: (-0.08511806758649296, 0.08511806758649296) P1 Winnings: -2.0
Choosing model 0
[0.34045323035351627, 0.017777939436664607, 0.14740859676007298, 0.25280634644110084, 0.24155388700864538]
Games played: 78
Exploitability: P1=1.900000000 P2=-0.034324384 EV: (-0.08511806758649296, 0.08511806758649296) P1 Winnings: -1.0
Choosing model 2
[0.34045323307200054, 0.017777955401017866, 0.1474086144469119, 0.25280643036915623, 0.24155376671091341]
Games played: 79
Exploitability: P1=4.600000000 P2=-0.034324384 EV: (-0.31070890739737345, 0.31070890739737345) P1 Winnings: -2.0
Choosing model 4
[0.35365844796575, 0.0190669618774098, 0.1621376277920731, 0.23745404087384875, 0.22768292149091832]
Games played: 80
Exploitability: P1=2.600000000 P2=-0.034324384 EV: (-0.034324384434668606, 0.034324384434668606) P1 Winnings: -1.0
Choosing model 0
[0.3659828518017535, 0.020371889432982494, 0.17766214100026476, 0.22218827591292858, 0.21379484185207068]
Games played: 81
Exploitability: P1=1.900000000 P2=-0.034324384 EV: (-0.08511806758649296, 0.08511806758649296) P1 Winnings: 0.0
Choosing model 0
[0.3679862286828221, 0.01649834749216785, 0.17547824997252948, 0.21109726587799704, 0.22893990797448358]
Games played: 82
Exploitability: P1=1.900000000 P2=-0.034324384 EV: (-0.08511806758649296, 0.08511806758649296) P1 Winnings: 0.0
Choosing model 4
[0.3690870502765264, 0.013407172944530223, 0.17296983962761697, 0.20035158378185033, 0.24418435336947591]
Games played: 83
Exploitability: P1=2.600000000 P2=-0.034324384 EV: (-0.034324384434668606, 0.034324384434668606) P1 Winnings: -1.0
Choosing model 0
[0.3690870603667832, 0.013407185243469533, 0.17296986372900083, 0.2003516541731923, 0.2441842364875542]
Games played: 84
Exploitability: P1=1.900000000 P2=-0.034324384 EV: (-0.08511806758649296, 0.08511806758649296) P1 Winnings: -2.0
Choosing model 4
[0.380971462720015, 0.014288095604467012, 0.18904641477837064, 0.18699131350903825, 0.228702713388109]
Games played: 85
Exploitability: P1=2.600000000 P2=-0.034324384 EV: (-0.034324384434668606, 0.034324384434668606) P1 Winnings: -1.0
Choosing model 0
[0.3816428597352715, 0.010982053416623071, 0.18533895500982608, 0.17488199209681565, 0.24715413974146375]
Games played: 86
Exploitability: P1=1.900000000 P2=-0.034324384 EV: (-0.08511806758649296, 0.08511806758649296) P1 Winnings: -1.0
Choosing model 3
[0.3695657362273702, 0.010366591825466877, 0.1551763863204309, 0.20406750404531093, 0.26082378158142105]
Games played: 87
Exploitability: P1=1.933333333 P2=-0.034324384 EV: (-0.09094667472039906, 0.09094667472039906) P1 Winnings: 8.0
Choosing model 4
[0.36474247530686166, 0.0053299130957115476, 0.14464594978404524, 0.16835694240317767, 0.3169247194102039]
Games played: 88
Exploitability: P1=2.600000000 P2=-0.034324384 EV: (-0.034324384434668606, 0.034324384434668606) P1 Winnings: 5.0
Choosing model 0
[0.3786762704039382, 0.005713141621988879, 0.15900925548036968, 0.1580438693832162, 0.29855746311048714]
Games played: 89
Exploitability: P1=1.900000000 P2=-0.034324384 EV: (-0.08511806758649296, 0.08511806758649296) P1 Winnings: 6.0
Choosing model 3
[0.3829238894242985, 0.006936708043024692, 0.1642595665776114, 0.17015935168920104, 0.27572048426586443]
Games played: 90
Exploitability: P1=1.933333333 P2=-0.034324384 EV: (-0.09094667472039906, 0.09094667472039906) P1 Winnings: 6.0
Choosing model 3
[0.3834144444889176, 0.006165505762463431, 0.16333160229489455, 0.16625901178318, 0.2808294356705444]
Games played: 91
Exploitability: P1=1.933333333 P2=-0.034324384 EV: (-0.09094667472039906, 0.09094667472039906) P1 Winnings: 3.0
Choosing model 4
[0.3850526752350484, 0.006629470451225945, 0.16540811581518167, 0.17107593005987856, 0.2718338084386655]
Games played: 92
Exploitability: P1=2.600000000 P2=-0.034324384 EV: (-0.034324384434668606, 0.034324384434668606) P1 Winnings: -8.0
Choosing model 0
[0.3845373797327191, 0.005977414107139989, 0.16386668813474467, 0.1665036811948728, 0.2791148368305233]
Games played: 93
Exploitability: P1=1.900000000 P2=-0.034324384 EV: (-0.08511806758649296, 0.08511806758649296) P1 Winnings: -11.0
Choosing model 1
[0.3827034994335243, 0.004819885687226465, 0.16027448631133667, 0.15680526480961576, 0.2953968637582968]
Games played: 94
Exploitability: P1=2.800000000 P2=-0.034324384 EV: (-0.29305623973282446, 0.29305623973282446) P1 Winnings: -12.0
Choosing model 3
[0.37188552080201487, 0.0028082119481727167, 0.14832779866181198, 0.13114108099970612, 0.3458373875882944]
Games played: 95
Exploitability: P1=1.933333333 P2=-0.034324384 EV: (-0.09094667472039906, 0.09094667472039906) P1 Winnings: -11.0
Choosing model 2
[0.36744278907773376, 0.002234851388566492, 0.143966214251009, 0.12243620466067917, 0.36391994062201155]
Games played: 96
Exploitability: P1=4.600000000 P2=-0.034324384 EV: (-0.31070890739737345, 0.31070890739737345) P1 Winnings: -11.0
Choosing model 2
[0.35780706986676475, 0.0019282298059415577, 0.12897449581987855, 0.1254970803894692, 0.385793124117946]
Games played: 97
Exploitability: P1=4.600000000 P2=-0.034324384 EV: (-0.31070890739737345, 0.31070890739737345) P1 Winnings: -20.0
Choosing model 4
[0.35780725727003926, 0.0019282373217473104, 0.1289746180564033, 0.1254973003559573, 0.3857925869958528]
Games played: 98
Exploitability: P1=2.600000000 P2=-0.034324384 EV: (-0.034324384434668606, 0.034324384434668606) P1 Winnings: -29.0
Choosing model 0
[0.35780730678660433, 0.0019282393047289441, 0.1289746503502517, 0.12549735838460815, 0.38579244517380684]
Games played: 99
Exploitability: P1=1.900000000 P2=-0.034324384 EV: (-0.08511806758649296, 0.08511806758649296) P1 Winnings: -30.0
Choosing model 3
[0.3755926767473572, 0.0032160146113974913, 0.14272703432790568, 0.15398786047135263, 0.32447641384198705]
Games played: 100
Exploitability: P1=1.933333333 P2=-0.034324384 EV: (-0.09094667472039906, 0.09094667472039906) P1 Winnings: -35.0
Choosing model 4
[0.3711048718283443, 0.0024594620533643784, 0.13800487416579849, 0.14209019482227764, 0.3463405971302151]
Games played: 101
Exploitability: P1=2.600000000 P2=-0.034324384 EV: (-0.034324384434668606, 0.034324384434668606) P1 Winnings: -35.0
Choosing model 2
[0.3716057723672035, 0.0021479442213574655, 0.13731324785063756, 0.1388480303763201, 0.3500850051844813]
Games played: 102
Exploitability: P1=4.600000000 P2=-0.034324384 EV: (-0.31070890739737345, 0.31070890739737345) P1 Winnings: -35.0
Choosing model 0
[0.3823744486452255, 0.0031977235716893794, 0.14702537039130992, 0.16094585057210015, 0.30645660681967507]
Games played: 103
Exploitability: P1=1.900000000 P2=-0.034324384 EV: (-0.08511806758649296, 0.08511806758649296) P1 Winnings: -44.0
Choosing model 0
[0.3890172826067706, 0.004496510084362405, 0.1549903099636327, 0.18204494890916798, 0.2694509484360664]
Games played: 104
Exploitability: P1=1.900000000 P2=-0.034324384 EV: (-0.08511806758649296, 0.08511806758649296) P1 Winnings: -44.0
Choosing model 2
[0.3918959957670617, 0.005438906058886886, 0.15950355795280002, 0.19526048397036283, 0.2479010562508885]
Games played: 105
Exploitability: P1=4.600000000 P2=-0.034324384 EV: (-0.31070890739737345, 0.31070890739737345) P1 Winnings: -44.0
Choosing model 0
[0.41173516952820916, 0.006748391009496123, 0.18563064102295415, 0.1843621834152578, 0.21152361502408284]
Games played: 106
Exploitability: P1=1.900000000 P2=-0.034324384 EV: (-0.08511806758649296, 0.08511806758649296) P1 Winnings: -39.0
Choosing model 0
[0.39916521845102987, 0.006377535048427633, 0.15559970060948247, 0.21537771864922253, 0.22347982724183754]
Games played: 107
Exploitability: P1=1.900000000 P2=-0.034324384 EV: (-0.08511806758649296, 0.08511806758649296) P1 Winnings: -30.0
Choosing model 0
[0.39884737746436133, 0.004372394949699534, 0.15032767211151515, 0.19372380776530226, 0.2527287477091217]
Games played: 108
Exploitability: P1=1.900000000 P2=-0.034324384 EV: (-0.08511806758649296, 0.08511806758649296) P1 Winnings: -37.0
Choosing model 3
[0.39884739516767825, 0.004372399035213054, 0.1503276956207224, 0.19372387913060818, 0.2527286310457781]
Games played: 109
Exploitability: P1=1.933333333 P2=-0.034324384 EV: (-0.09094667472039906, 0.09094667472039906) P1 Winnings: -38.0
Choosing model 0
[0.4124487927742762, 0.0046682722782354445, 0.1646025858367167, 0.18113872550287916, 0.2371416236078926]
Games played: 110
Exploitability: P1=1.900000000 P2=-0.034324384 EV: (-0.08511806758649296, 0.08511806758649296) P1 Winnings: -37.0
Choosing model 4
[0.41160310331116867, 0.0035744505259932354, 0.16076030655860904, 0.1687636364339602, 0.2552985031702688]
Games played: 111
Exploitability: P1=2.600000000 P2=-0.034324384 EV: (-0.034324384434668606, 0.034324384434668606) P1 Winnings: -36.0
Choosing model 2
[0.4097007461813003, 0.0027298696676891624, 0.15660315545672074, 0.15682884807822353, 0.2741373806160663]
Games played: 112
Exploitability: P1=4.600000000 P2=-0.034324384 EV: (-0.31070890739737345, 0.31070890739737345) P1 Winnings: -36.0
Choosing model 2
[0.42285557565076315, 0.0029089772944905757, 0.17114341422591692, 0.14635788781335202, 0.25673414501547726]
Games played: 113
Exploitability: P1=4.600000000 P2=-0.034324384 EV: (-0.31070890739737345, 0.31070890739737345) P1 Winnings: -35.0
Choosing model 0
[0.4202593988666241, 0.0022182485850624684, 0.1664635429189334, 0.13580021894394473, 0.2752585906854354]
Games played: 114
Exploitability: P1=1.900000000 P2=-0.034324384 EV: (-0.08511806758649296, 0.08511806758649296) P1 Winnings: -34.0
Choosing model 3
[0.38129780499549476, 0.002473723190900502, 0.1151417693006046, 0.1989409821347235, 0.30214572037827664]
Games played: 115
Exploitability: P1=1.933333333 P2=-0.034324384 EV: (-0.09094667472039906, 0.09094667472039906) P1 Winnings: -39.0
Choosing model 3
[0.3827936288215101, 0.0022096764869058245, 0.1150916144011599, 0.19610466696917556, 0.3038004133212487]
Games played: 116
Exploitability: P1=1.933333333 P2=-0.034324384 EV: (-0.09094667472039906, 0.09094667472039906) P1 Winnings: -44.0
Choosing model 4
[0.37142847383616795, 0.001116936992155086, 0.1054727274908096, 0.1590599925367704, 0.36292186914409696]
Games played: 117
Exploitability: P1=2.600000000 P2=-0.034324384 EV: (-0.034324384434668606, 0.034324384434668606) P1 Winnings: -47.0
Choosing model 0
[0.3714285181461974, 0.001116938119477549, 0.10547275188628276, 0.15906006304758127, 0.36292172880046103]
Games played: 118
Exploitability: P1=1.900000000 P2=-0.034324384 EV: (-0.08511806758649296, 0.08511806758649296) P1 Winnings: -48.0
Choosing model 4
[0.3745154304519898, 0.0012058187592375023, 0.10724317569752907, 0.1643265195498104, 0.35270905554143317]
Games played: 119
Exploitability: P1=2.600000000 P2=-0.034324384 EV: (-0.034324384434668606, 0.034324384434668606) P1 Winnings: -49.0
Choosing model 4
[0.37016700611863584, 0.0009599493823925637, 0.10412505176760949, 0.15347098752836716, 0.37127700520299495]
Games played: 120
Exploitability: P1=2.600000000 P2=-0.034324384 EV: (-0.034324384434668606, 0.034324384434668606) P1 Winnings: -48.0
Choosing model 3
[0.37341736106945733, 0.001036820523701607, 0.10592218910033832, 0.15862627403439722, 0.3609973552721054]
Games played: 121
Exploitability: P1=1.933333333 P2=-0.034324384 EV: (-0.09094667472039906, 0.09094667472039906) P1 Winnings: -49.0
Choosing model 0
[0.3961890908054781, 0.000946498405767795, 0.121712173456326, 0.13659642134277145, 0.34455581598965673]
Games played: 122
Exploitability: P1=1.900000000 P2=-0.034324384 EV: (-0.08511806758649296, 0.08511806758649296) P1 Winnings: -46.0
Choosing model 0
[0.39938678792661175, 0.0010215732694083969, 0.12372575630531701, 0.14108555113718937, 0.33478033136147345]
Games played: 123
Exploitability: P1=1.900000000 P2=-0.034324384 EV: (-0.08511806758649296, 0.08511806758649296) P1 Winnings: -47.0
Choosing model 4
[0.41003936313949213, 0.0014757138737289705, 0.13190064836611728, 0.16206190842672266, 0.2945223661939389]
Games played: 124
Exploitability: P1=2.600000000 P2=-0.034324384 EV: (-0.034324384434668606, 0.034324384434668606) P1 Winnings: -42.0
Choosing model 0
[0.42696325162341314, 0.0021694977194934404, 0.14831427303250236, 0.17248658087320218, 0.25006639675138886]
Games played: 125
Exploitability: P1=1.900000000 P2=-0.034324384 EV: (-0.08511806758649296, 0.08511806758649296) P1 Winnings: -39.0
Choosing model 0
[0.42841899333386896, 0.0023307509499868747, 0.1500707610346351, 0.17733136992580245, 0.24184812475570655]
Games played: 126
Exploitability: P1=1.900000000 P2=-0.034324384 EV: (-0.08511806758649296, 0.08511806758649296) P1 Winnings: -40.0
Choosing model 3
[0.44945789561394034, 0.0028877374759085903, 0.17440082414960806, 0.16719227573386303, 0.20606126702667982]
Games played: 127
Exploitability: P1=1.933333333 P2=-0.034324384 EV: (-0.09094667472039906, 0.09094667472039906) P1 Winnings: -35.0
Choosing model 3
[0.46086179003477296, 0.0030571201615683663, 0.18934968971474525, 0.15501109055886148, 0.1917203095300519]
Games played: 128
Exploitability: P1=1.933333333 P2=-0.034324384 EV: (-0.09094667472039906, 0.09094667472039906) P1 Winnings: -34.0
Choosing model 0
[0.47092272366415955, 0.003225258778619349, 0.20486978856099114, 0.14322096339466978, 0.17776126560156025]
Games played: 129
Exploitability: P1=1.900000000 P2=-0.034324384 EV: (-0.08511806758649296, 0.08511806758649296) P1 Winnings: -33.0
Choosing model 0
[0.4711902527979475, 0.002614633010612892, 0.20145331413623754, 0.1356020238127551, 0.18913977624244688]
Games played: 130
Exploitability: P1=1.900000000 P2=-0.034324384 EV: (-0.08511806758649296, 0.08511806758649296) P1 Winnings: -34.0
Choosing model 0
[0.48010483318224995, 0.0027505758908690854, 0.21734445919904047, 0.12493117527952213, 0.17486895644831818]
Games played: 131
Exploitability: P1=1.900000000 P2=-0.034324384 EV: (-0.08511806758649296, 0.08511806758649296) P1 Winnings: -33.0
Choosing model 0
[0.4767880997526661, 0.0016377939768840004, 0.2055650243005265, 0.10678037399296754, 0.20922870797695578]
Games played: 132
Exploitability: P1=1.900000000 P2=-0.034324384 EV: (-0.08511806758649296, 0.08511806758649296) P1 Winnings: -32.0
Choosing model 2
[0.4782678799848497, 0.0017589906243738215, 0.2079361236658955, 0.10974614834837812, 0.2022908573765028]
Games played: 133
Exploitability: P1=4.600000000 P2=-0.034324384 EV: (-0.31070890739737345, 0.31070890739737345) P1 Winnings: -41.0
Choosing model 2
[0.48124926141541796, 0.0018940401269413323, 0.21216958450564843, 0.11466754606602447, 0.1900195678859679]
Games played: 134
Exploitability: P1=4.600000000 P2=-0.034324384 EV: (-0.31070890739737345, 0.31070890739737345) P1 Winnings: -34.0
Choosing model 0
[0.46549549140091984, 0.0016874446837733977, 0.16305867000462057, 0.14805696430128476, 0.2217014296094015]
Games played: 135
Exploitability: P1=1.900000000 P2=-0.034324384 EV: (-0.08511806758649296, 0.08511806758649296) P1 Winnings: -47.0
Choosing model 4
[0.4615685973827422, 0.0011480552824415374, 0.15632944894075454, 0.13215323262916462, 0.2488006657648971]
Games played: 136
Exploitability: P1=2.600000000 P2=-0.034324384 EV: (-0.034324384434668606, 0.034324384434668606) P1 Winnings: -54.0
Choosing model 2
[0.4793304289637707, 0.00102581687926442, 0.1758241819011036, 0.11138654355724881, 0.2324330286986124]
Games played: 137
Exploitability: P1=4.600000000 P2=-0.034324384 EV: (-0.31070890739737345, 0.31070890739737345) P1 Winnings: -51.0
Choosing model 0
[0.4900215969915353, 0.0010827374893551001, 0.19032384523626533, 0.10296220228998024, 0.215609617992864]
Games played: 138
Exploitability: P1=1.900000000 P2=-0.034324384 EV: (-0.08511806758649296, 0.08511806758649296) P1 Winnings: -50.0
Choosing model 0
[0.4917851140784747, 0.0011634340890978043, 0.1926141902988407, 0.10587416965883319, 0.20856309187475364]
Games played: 139
Exploitability: P1=1.900000000 P2=-0.034324384 EV: (-0.08511806758649296, 0.08511806758649296) P1 Winnings: -51.0
Choosing model 2
[0.4731609493536605, 0.0007198456507545767, 0.14881930084348077, 0.10709082348846446, 0.27020908066363974]
Games played: 140
Exploitability: P1=4.600000000 P2=-0.034324384 EV: (-0.31070890739737345, 0.31070890739737345) P1 Winnings: -48.0
Choosing model 4
[0.40142606966113686, 0.0008257384423718345, 0.07882890631292959, 0.19562793929967554, 0.32329134628388617]
Games played: 141
Exploitability: P1=2.600000000 P2=-0.034324384 EV: (-0.034324384434668606, 0.034324384434668606) P1 Winnings: -57.0
Choosing model 0
[0.40391210903230784, 0.000889574359249741, 0.07998374217358517, 0.20168064271186942, 0.31353393172298777]
Games played: 142
Exploitability: P1=1.900000000 P2=-0.034324384 EV: (-0.08511806758649296, 0.08511806758649296) P1 Winnings: -58.0
Choosing model 3
[0.4008313950064868, 0.0007110422715168559, 0.07797118780339651, 0.18911662713968047, 0.3313697477789193]
Games played: 143
Exploitability: P1=1.933333333 P2=-0.034324384 EV: (-0.09094667472039906, 0.09094667472039906) P1 Winnings: -58.0
Choosing model 4
[0.33804569734358275, 0.0003439744121355256, 0.04842791905406971, 0.194173896568777, 0.41900851262143496]
Games played: 144
Exploitability: P1=2.600000000 P2=-0.034324384 EV: (-0.034324384434668606, 0.034324384434668606) P1 Winnings: -58.0
Choosing model 0
[0.35062060251926613, 0.0005161781910465378, 0.05226744330841256, 0.22687492981545887, 0.36972084616581585]
Games played: 145
Exploitability: P1=1.900000000 P2=-0.034324384 EV: (-0.08511806758649296, 0.08511806758649296) P1 Winnings: -59.0
Choosing model 0
[0.3470622840545755, 0.00041397028031577374, 0.05084533255617384, 0.21250513394642925, 0.3891732791625056]
Games played: 146
Exploitability: P1=1.900000000 P2=-0.034324384 EV: (-0.08511806758649296, 0.08511806758649296) P1 Winnings: -60.0
Choosing model 0
[0.3470623263986615, 0.00041397069925745456, 0.05084534445435828, 0.21250522872538968, 0.38917312972233314]
Games played: 147
Exploitability: P1=1.900000000 P2=-0.034324384 EV: (-0.08511806758649296, 0.08511806758649296) P1 Winnings: -61.0
Choosing model 0
[0.34284467124185813, 0.0003313286581387984, 0.04936180707898303, 0.1986425377670934, 0.40881965525392666]
Games played: 148
Exploitability: P1=1.900000000 P2=-0.034324384 EV: (-0.08511806758649296, 0.08511806758649296) P1 Winnings: -60.0
Choosing model 4
[0.33757116934281306, 0.00026051737567464936, 0.047701704813092105, 0.1843160086104963, 0.43015059985792403]
Games played: 149
Exploitability: P1=2.600000000 P2=-0.034324384 EV: (-0.034324384434668606, 0.034324384434668606) P1 Winnings: -60.0
Choosing model 0
[0.3375712207764043, 0.0002605176472290085, 0.04770171742370275, 0.1843160964120814, 0.43015044774058253]
Games played: 150
Exploitability: P1=1.900000000 P2=-0.034324384 EV: (-0.08511806758649296, 0.08511806758649296) P1 Winnings: -61.0
Choosing model 3
[0.3184509741980176, 0.000147353556798025, 0.04285707277168066, 0.14964827475009315, 0.4888963247234105]
Games played: 151
Exploitability: P1=1.933333333 P2=-0.034324384 EV: (-0.09094667472039906, 0.09094667472039906) P1 Winnings: -60.0
Choosing model 0
[0.3228490689695916, 0.00015994697690244558, 0.043814148724755496, 0.1554464151237689, 0.47773042020498163]
Games played: 152
Exploitability: P1=1.900000000 P2=-0.034324384 EV: (-0.08511806758649296, 0.08511806758649296) P1 Winnings: -71.0
Choosing model 3
[0.3235880086125929, 0.00014264157163881882, 0.04372377460206385, 0.15298077893998763, 0.4795647962737167]
Games played: 153
Exploitability: P1=1.933333333 P2=-0.034324384 EV: (-0.09094667472039906, 0.09094667472039906) P1 Winnings: -76.0
Choosing model 0
[0.33932342477807237, 0.00020673887991274768, 0.047508498161379566, 0.1783516399682599, 0.4346096982123754]
Games played: 154
Exploitability: P1=1.900000000 P2=-0.034324384 EV: (-0.08511806758649296, 0.08511806758649296) P1 Winnings: -71.0
Choosing model 4
[0.339323477923575, 0.0002067390962906021, 0.04750851092321744, 0.17835172568810204, 0.434609546368815]
Games played: 155
Exploitability: P1=2.600000000 P2=-0.034324384 EV: (-0.034324384434668606, 0.034324384434668606) P1 Winnings: -72.0
Choosing model 4
[0.3320053484418402, 0.00015656567403791462, 0.045489508786884604, 0.16296960723963944, 0.45937896985759774]
Games played: 156
Exploitability: P1=2.600000000 P2=-0.034324384 EV: (-0.034324384434668606, 0.034324384434668606) P1 Winnings: -79.0
Choosing model 0
[0.3320054063468336, 0.0001565658406882619, 0.045489521815537864, 0.16296968846540824, 0.4593788175315321]
Games played: 157
Exploitability: P1=1.900000000 P2=-0.034324384 EV: (-0.08511806758649296, 0.08511806758649296) P1 Winnings: -80.0
Choosing model 4
[0.3256371357025817, 0.00012441858364651946, 0.04384802818348262, 0.15125450199269186, 0.4791359155375974]
Games played: 158
Exploitability: P1=2.600000000 P2=-0.034324384 EV: (-0.034324384434668606, 0.034324384434668606) P1 Winnings: -79.0
Choosing model 3
[0.32563719705750893, 0.00012441871782163365, 0.04384804135609972, 0.15125457949787882, 0.4791357633706908]
Games played: 159
Exploitability: P1=1.933333333 P2=-0.034324384 EV: (-0.09094667472039906, 0.09094667472039906) P1 Winnings: -80.0
Choosing model 0
[0.311152644983765, 8.157135783430655e-05, 0.04051033308593026, 0.1300996706173328, 0.5181557799551376]
Games played: 160
Exploitability: P1=1.900000000 P2=-0.034324384 EV: (-0.08511806758649296, 0.08511806758649296) P1 Winnings: -91.0
Choosing model 4
[0.30171015770718285, 6.068741438516511e-05, 0.03844287126496122, 0.11777458839719536, 0.5420116952162753]
Games played: 161
Exploitability: P1=2.600000000 P2=-0.034324384 EV: (-0.034324384434668606, 0.034324384434668606) P1 Winnings: -90.0
Choosing model 0
[0.29153639888136906, 4.538831506402912e-05, 0.036351916665601225, 0.10628024165161873, 0.5657860544863471]
Games played: 162
Exploitability: P1=1.900000000 P2=-0.034324384 EV: (-0.08511806758649296, 0.08511806758649296) P1 Winnings: -87.0
Choosing model 3
[0.28120829422643495, 3.359107558120126e-05, 0.03431596558524458, 0.09570769074119476, 0.5887344583715446]
Games played: 163
Exploitability: P1=1.933333333 P2=-0.034324384 EV: (-0.09094667472039906, 0.09094667472039906) P1 Winnings: -86.0
Choosing model 4
[0.30171869211193636, 4.9814138270931815e-05, 0.03815070313446885, 0.11416677806644496, 0.5459140125488788]
Games played: 164
Exploitability: P1=2.600000000 P2=-0.034324384 EV: (-0.034324384434668606, 0.034324384434668606) P1 Winnings: -81.0
Choosing model 0
[0.34837240532453484, 6.69455525510174e-05, 0.05093693949281784, 0.10882851775883931, 0.49179519187125714]
Games played: 165
Exploitability: P1=1.900000000 P2=-0.034324384 EV: (-0.08511806758649296, 0.08511806758649296) P1 Winnings: -78.0
Choosing model 4
[0.34837247772463703, 6.694562604557602e-05, 0.05093695578367979, 0.10882857563652167, 0.4917950452291159]
Games played: 166
Exploitability: P1=2.600000000 P2=-0.034324384 EV: (-0.034324384434668606, 0.034324384434668606) P1 Winnings: -79.0
Choosing model 3
[0.2774157604078794, 3.0579229234508735e-05, 0.029872271941563378, 0.10550612868558978, 0.5871752597357329]
Games played: 167
Exploitability: P1=1.933333333 P2=-0.034324384 EV: (-0.09094667472039906, 0.09094667472039906) P1 Winnings: -72.0
Choosing model 0
[0.2774158382547238, 3.057926723276355e-05, 0.029872283938704437, 0.10550619521934983, 0.5871751033199891]
Games played: 168
Exploitability: P1=1.900000000 P2=-0.034324384 EV: (-0.08511806758649296, 0.08511806758649296) P1 Winnings: -75.0
Choosing model 4
[0.2716470476487196, 2.4096111844008736e-05, 0.029038237083474184, 0.09508442008649012, 0.604206199069472]
Games played: 169
Exploitability: P1=2.600000000 P2=-0.034324384 EV: (-0.034324384434668606, 0.034324384434668606) P1 Winnings: -74.0
Choosing model 4
[0.26283595701769674, 1.8778680204694367e-05, 0.02759990641222964, 0.0869320239631342, 0.6226133339267347]
Games played: 170
Exploitability: P1=2.600000000 P2=-0.034324384 EV: (-0.034324384434668606, 0.034324384434668606) P1 Winnings: -74.0
Choosing model 0
[0.2809182378282402, 2.072207948983159e-05, 0.031234685923915255, 0.08401170960937186, 0.6038146445589828]
Games played: 171
Exploitability: P1=1.900000000 P2=-0.034324384 EV: (-0.08511806758649296, 0.08511806758649296) P1 Winnings: -73.0
Choosing model 4
[0.28091831502297643, 2.072210362683446e-05, 0.0312346980053224, 0.08401175991516895, 0.6038145049529053]
Games played: 172
Exploitability: P1=2.600000000 P2=-0.034324384 EV: (-0.034324384434668606, 0.034324384434668606) P1 Winnings: -74.0
Choosing model 4
[0.29952915161004573, 2.281213824011065e-05, 0.035263931522022215, 0.08099607957829377, 0.5841880251513981]
Games played: 173
Exploitability: P1=2.600000000 P2=-0.034324384 EV: (-0.034324384434668606, 0.034324384434668606) P1 Winnings: -73.0
Choosing model 4
[0.29021988162948714, 1.7908267883861688e-05, 0.033579068173312555, 0.07426171804964349, 0.6019214238796728]
Games played: 174
Exploitability: P1=2.600000000 P2=-0.034324384 EV: (-0.034324384434668606, 0.034324384434668606) P1 Winnings: -74.0
Choosing model 4
[0.287819634003434, 1.576544092374212e-05, 0.03307085609199984, 0.07186734686797845, 0.6072263975956638]
Games played: 175
Exploitability: P1=2.600000000 P2=-0.034324384 EV: (-0.034324384434668606, 0.034324384434668606) P1 Winnings: -74.0
Choosing model 4
[0.28082300654404535, 1.2378401026600678e-05, 0.032032127653793985, 0.06453592565446697, 0.622596561746667]
Games played: 176
Exploitability: P1=2.600000000 P2=-0.034324384 EV: (-0.034324384434668606, 0.034324384434668606) P1 Winnings: -73.0
Choosing model 4
[0.2687212333091038, 9.168038346004995e-06, 0.029996026569594086, 0.057672519952482286, 0.6436010521304738]
Games played: 177
Exploitability: P1=2.600000000 P2=-0.034324384 EV: (-0.034324384434668606, 0.034324384434668606) P1 Winnings: -70.0
Choosing model 4
[0.2869017956636605, 1.0106035405309433e-05, 0.03391012483614083, 0.05567562288887248, 0.623502350575921]
Games played: 178
Exploitability: P1=2.600000000 P2=-0.034324384 EV: (-0.034324384434668606, 0.034324384434668606) P1 Winnings: -69.0
Choosing model 4
[0.28241952998323283, 8.981696222105025e-06, 0.033113591915152285, 0.05341251851980873, 0.6310453778855839]
Games played: 179
Exploitability: P1=2.600000000 P2=-0.034324384 EV: (-0.034324384434668606, 0.034324384434668606) P1 Winnings: -72.0
Choosing model 4
[0.27245594581421023, 7.020361076026182e-06, 0.03139479870654008, 0.048759309890924515, 0.647382925227249]
Games played: 180
Exploitability: P1=2.600000000 P2=-0.034324384 EV: (-0.034324384434668606, 0.034324384434668606) P1 Winnings: -73.0
Choosing model 3
[0.26226845226228995, 5.443115124088026e-06, 0.02968691302204026, 0.044350442134253404, 0.6636887494662923]
Games played: 181
Exploitability: P1=1.933333333 P2=-0.034324384 EV: (-0.09094667472039906, 0.09094667472039906) P1 Winnings: -72.0
Choosing model 4
[0.24633794273117557, 4.983685935609669e-06, 0.024108748300519244, 0.05019695965841152, 0.6793513656239581]
Games played: 182
Exploitability: P1=2.600000000 P2=-0.034324384 EV: (-0.034324384434668606, 0.034324384434668606) P1 Winnings: -63.0
Choosing model 4
[0.2344488947212085, 3.6712175315305254e-06, 0.022454334401131173, 0.044616179420094354, 0.6984769202400346]
Games played: 183
Exploitability: P1=2.600000000 P2=-0.034324384 EV: (-0.034324384434668606, 0.034324384434668606) P1 Winnings: -60.0
Choosing model 4
[0.26950455427151737, 6.705284491501759e-06, 0.027211474592394015, 0.05995070389112972, 0.6433265619604674]
Games played: 184
Exploitability: P1=2.600000000 P2=-0.034324384 EV: (-0.034324384434668606, 0.034324384434668606) P1 Winnings: -60.0
Choosing model 3
[0.2695046359438658, 6.705292491230253e-06, 0.02721148588642198, 0.05995074148303982, 0.6433264313941812]
Games played: 185
Exploitability: P1=1.933333333 P2=-0.034324384 EV: (-0.09094667472039906, 0.09094667472039906) P1 Winnings: -61.0
Choosing model 4
[0.287847842478145, 7.3941384350594065e-06, 0.03077395909241691, 0.05789701475755812, 0.623473789533445]
Games played: 186
Exploitability: P1=2.600000000 P2=-0.034324384 EV: (-0.034324384434668606, 0.034324384434668606) P1 Winnings: -60.0
Choosing model 0
[0.3239155043184433, 1.174758038835324e-05, 0.03739583197590678, 0.06659388422593936, 0.5720830318993223]
Games played: 187
Exploitability: P1=1.900000000 P2=-0.034324384 EV: (-0.08511806758649296, 0.08511806758649296) P1 Winnings: -57.0
Choosing model 0
[0.30559215265336753, 1.0803805981247696e-05, 0.03050408675156866, 0.07570751849333374, 0.5881854382957489]
Games played: 188
Exploitability: P1=1.900000000 P2=-0.034324384 EV: (-0.08511806758649296, 0.08511806758649296) P1 Winnings: -48.0
Choosing model 0
[0.27569040126077987, 5.843896727016108e-06, 0.026208900176342264, 0.05878272865791584, 0.639312126008235]
Games played: 189
Exploitability: P1=1.900000000 P2=-0.034324384 EV: (-0.08511806758649296, 0.08511806758649296) P1 Winnings: -47.0
Choosing model 4
[0.29432113343457966, 6.441328470829769e-06, 0.02962667921197592, 0.0567432776055756, 0.6193024684193981]
Games played: 190
Exploitability: P1=2.600000000 P2=-0.034324384 EV: (-0.034324384434668606, 0.034324384434668606) P1 Winnings: -46.0
Choosing model 4
[0.2815559363331025, 4.769374831649305e-06, 0.027735428167758112, 0.05069391027024274, 0.6400099558540651]
Games played: 191
Exploitability: P1=2.600000000 P2=-0.034324384 EV: (-0.034324384434668606, 0.034324384434668606) P1 Winnings: -53.0
Choosing model 4
[0.27380473239143027, 3.7323630063197345e-06, 0.02677560036449508, 0.04537218735415164, 0.6540437475269167]
Games played: 192
Exploitability: P1=2.600000000 P2=-0.034324384 EV: (-0.034324384434668606, 0.034324384434668606) P1 Winnings: -52.0
Choosing model 4
[0.2800506676583945, 4.0873138915662935e-06, 0.02761657382687759, 0.04754856510027231, 0.644780106100564]
Games played: 193
Exploitability: P1=2.600000000 P2=-0.034324384 EV: (-0.034324384434668606, 0.034324384434668606) P1 Winnings: -53.0
Choosing model 4
[0.280050753845954, 4.087318787183686e-06, 0.027616585419135583, 0.047548595139448105, 0.6447799782766751]
Games played: 194
Exploitability: P1=2.600000000 P2=-0.034324384 EV: (-0.034324384434668606, 0.034324384434668606) P1 Winnings: -54.0
Choosing model 0
[0.21135666571215533, 1.7694355513940997e-06, 0.015349603391815703, 0.043688219209672766, 0.7296037422508048]
Games played: 195
Exploitability: P1=1.900000000 P2=-0.034324384 EV: (-0.08511806758649296, 0.08511806758649296) P1 Winnings: -47.0
Choosing model 4
[0.21224366823556487, 1.696590142863698e-06, 0.015403649170954716, 0.04366615569406834, 0.7286848303092691]
Games played: 196
Exploitability: P1=2.600000000 P2=-0.034324384 EV: (-0.034324384434668606, 0.034324384434668606) P1 Winnings: -48.0
Choosing model 3
[0.20316361073728614, 1.3080562676150909e-06, 0.01448412860537982, 0.03949542384108687, 0.7428555287599796]
Games played: 197
Exploitability: P1=1.933333333 P2=-0.034324384 EV: (-0.09094667472039906, 0.09094667472039906) P1 Winnings: -48.0
Choosing model 0
[0.22517532866879908, 1.9556918652003747e-06, 0.01662841838970848, 0.04844457894639239, 0.7097497183032349]
Games played: 198
Exploitability: P1=1.900000000 P2=-0.034324384 EV: (-0.08511806758649296, 0.08511806758649296) P1 Winnings: -41.0
Choosing model 4
[0.2069343529598894, 1.23314682002096e-06, 0.014775361590406752, 0.04007585004520111, 0.7382132022576827]
Games played: 199
Exploitability: P1=2.600000000 P2=-0.034324384 EV: (-0.034324384434668606, 0.034324384434668606) P1 Winnings: -38.0
Choosing model 4
[0.20693442722784686, 1.2331483600959783e-06, 0.014775368548072642, 0.040075877412878616, 0.7382130936628418]
Games played: 200
Exploitability: P1=2.600000000 P2=-0.034324384 EV: (-0.034324384434668606, 0.034324384434668606) P1 Winnings: -39.0
