Player 1 exploitability: 0.176002587478
Choosing model 4
[0.19922638306282317, 0.20630165149409893, 0.2013859983021112, 0.20487050923430986, 0.18821545790665667]
Games played: 1
Exploitability: P1=2.600000000 P2=0.090350573 EV: (-0.11738416409467659, 0.11738416409467659) P1 Winnings: 5.0
Choosing model 2
[0.199226347738979, 0.2063017985245826, 0.20138598515062975, 0.20487053928790108, 0.18821532929790766]
Games played: 2
Exploitability: P1=4.600000000 P2=0.090350573 EV: (0.08179346323422465, -0.08179346323422465) P1 Winnings: 4.0
Choosing model 2
[0.2078953548505794, 0.17442169193250656, 0.20652716450834013, 0.20229736562303677, 0.2088584230855372]
Games played: 3
Exploitability: P1=4.600000000 P2=0.090350573 EV: (0.08179346323422465, -0.08179346323422465) P1 Winnings: 5.0
Choosing model 4
[0.2152771944948316, 0.14633668169633762, 0.2101746574214707, 0.19822397053037372, 0.22998749585698638]
Games played: 4
Exploitability: P1=2.600000000 P2=0.090350573 EV: (-0.11738416409467659, 0.11738416409467659) P1 Winnings: 6.0
Choosing model 1
[0.21608368470602424, 0.14770728198022479, 0.21254032525059596, 0.2025887987866193, 0.22107990927653576]
Games played: 5
Exploitability: P1=2.800000000 P2=0.090350573 EV: (0.020772268931237715, -0.020772268931237715) P1 Winnings: 9.0
Choosing model 3
[0.21501872966122437, 0.1298267449499473, 0.18810265469326887, 0.221061479257843, 0.24599039143771656]
Games played: 6
Exploitability: P1=1.933333333 P2=0.090350573 EV: (-0.1495627557537425, 0.1495627557537425) P1 Winnings: 2.0
Choosing model 3
[0.20432843048469454, 0.14012073353372112, 0.15500456868582035, 0.2533002097594748, 0.24724605753628906]
Games played: 7
Exploitability: P1=1.933333333 P2=0.090350573 EV: (-0.1495627557537425, 0.1495627557537425) P1 Winnings: 7.0
Choosing model 2
[0.20821667002701666, 0.12675012112964934, 0.15686091277375766, 0.25188111716804856, 0.2562911789015279]
Games played: 8
Exploitability: P1=4.600000000 P2=0.090350573 EV: (0.08179346323422465, -0.08179346323422465) P1 Winnings: 4.0
Choosing model 0
[0.18714096691741666, 0.08969165490470561, 0.10619624787623833, 0.30517614599566917, 0.3117949843059703]
Games played: 9
Exploitability: P1=1.900000000 P2=0.090350573 EV: (-0.08825666383043734, 0.08825666383043734) P1 Winnings: 4.0
Choosing model 3
[0.19073495583228842, 0.07013874157539933, 0.10592638838810689, 0.29038285544327674, 0.3428170587609287]
Games played: 10
Exploitability: P1=1.933333333 P2=0.090350573 EV: (-0.1495627557537425, 0.1495627557537425) P1 Winnings: 5.0
Choosing model 3
[0.18193175110660068, 0.1237097708635304, 0.10814050102418962, 0.33908024558852445, 0.24713773141715478]
Games played: 11
Exploitability: P1=1.933333333 P2=0.090350573 EV: (-0.1495627557537425, 0.1495627557537425) P1 Winnings: 5.0
Choosing model 0
[0.18537637287006878, 0.11189460989537783, 0.1094253134673266, 0.3371488895742861, 0.2561548141929407]
Games played: 12
Exploitability: P1=1.900000000 P2=0.090350573 EV: (-0.08825666383043734, 0.08825666383043734) P1 Winnings: 2.0
Choosing model 3
[0.16482798542374777, 0.05706932962875095, 0.07165431436940364, 0.36496040813333547, 0.3414879624447623]
Games played: 13
Exploitability: P1=1.933333333 P2=0.090350573 EV: (-0.1495627557537425, 0.1495627557537425) P1 Winnings: 2.0
Choosing model 4
[0.1754462791596381, 0.0627175514328412, 0.08075881410921336, 0.3512560711914961, 0.32982128410681133]
Games played: 14
Exploitability: P1=2.600000000 P2=0.090350573 EV: (-0.11738416409467659, 0.11738416409467659) P1 Winnings: 3.0
Choosing model 4
[0.18613194165060465, 0.06869718670329747, 0.09071958506029497, 0.3369499988272142, 0.31750128775858877]
Games played: 15
Exploitability: P1=2.600000000 P2=0.090350573 EV: (-0.11738416409467659, 0.11738416409467659) P1 Winnings: 4.0
Choosing model 4
[0.1856812840142855, 0.07337441097126463, 0.09126057409336893, 0.34440124967897, 0.30528248124211094]
Games played: 16
Exploitability: P1=2.600000000 P2=0.090350573 EV: (-0.11738416409467659, 0.11738416409467659) P1 Winnings: 3.0
Choosing model 3
[0.16446313369692783, 0.07222765947908569, 0.06813238510876835, 0.4049139032794419, 0.2902629184357762]
Games played: 17
Exploitability: P1=1.933333333 P2=0.090350573 EV: (-0.1495627557537425, 0.1495627557537425) P1 Winnings: 12.0
Choosing model 1
[0.16904340256359413, 0.050937283061765745, 0.06771090894292231, 0.3746434317729148, 0.337664973658803]
Games played: 18
Exploitability: P1=2.800000000 P2=0.090350573 EV: (0.020772268931237715, -0.020772268931237715) P1 Winnings: 15.0
Choosing model 4
[0.15907561695953032, 0.04233983040576053, 0.056671316739000784, 0.38660444333475685, 0.3553087925609516]
Games played: 19
Exploitability: P1=2.600000000 P2=0.090350573 EV: (-0.11738416409467659, 0.11738416409467659) P1 Winnings: 8.0
Choosing model 3
[0.1607127817717116, 0.03979214743335193, 0.057255826960107045, 0.3886842056969894, 0.35355503813783984]
Games played: 20
Exploitability: P1=1.933333333 P2=0.090350573 EV: (-0.1495627557537425, 0.1495627557537425) P1 Winnings: 5.0
Choosing model 4
[0.17194420053941026, 0.0439549310187053, 0.06486212638811596, 0.3760095551645966, 0.34322918688917187]
Games played: 21
Exploitability: P1=2.600000000 P2=0.090350573 EV: (-0.11738416409467659, 0.11738416409467659) P1 Winnings: 6.0
Choosing model 4
[0.17194420147864461, 0.04395497037877429, 0.06486213400699413, 0.37600967904586813, 0.3432290150897188]
Games played: 22
Exploitability: P1=2.600000000 P2=0.090350573 EV: (-0.11738416409467659, 0.11738416409467659) P1 Winnings: 5.0
Choosing model 3
[0.1727530165284892, 0.03987146415956651, 0.06464646509093366, 0.3681744458328985, 0.35455460838811215]
Games played: 23
Exploitability: P1=1.933333333 P2=0.090350573 EV: (-0.1495627557537425, 0.1495627557537425) P1 Winnings: 2.0
Choosing model 3
[0.17384203043783458, 0.031055183412555795, 0.06366233844575794, 0.346003841678201, 0.3854366060256507]
Games played: 24
Exploitability: P1=1.933333333 P2=0.090350573 EV: (-0.1495627557537425, 0.1495627557537425) P1 Winnings: -5.0
Choosing model 3
[0.17431162801809538, 0.033339887352207005, 0.06437082532859503, 0.3554712931275591, 0.3725063661735435]
Games played: 25
Exploitability: P1=1.933333333 P2=0.090350573 EV: (-0.1495627557537425, 0.1495627557537425) P1 Winnings: -16.0
Choosing model 0
[0.1861675851154665, 0.03676333877409574, 0.07279493461488201, 0.34327890365731273, 0.36099523783824294]
Games played: 26
Exploitability: P1=1.900000000 P2=0.090350573 EV: (-0.08825666383043734, 0.08825666383043734) P1 Winnings: -15.0
Choosing model 4
[0.1669270995191055, 0.02119833802117186, 0.05241570205793409, 0.32359262993981647, 0.4358662304619721]
Games played: 27
Exploitability: P1=2.600000000 P2=0.090350573 EV: (-0.11738416409467659, 0.11738416409467659) P1 Winnings: -12.0
Choosing model 4
[0.17902878642119072, 0.023473126832051088, 0.05952395836004348, 0.3138047523360484, 0.4241693760506664]
Games played: 28
Exploitability: P1=2.600000000 P2=0.090350573 EV: (-0.11738416409467659, 0.11738416409467659) P1 Winnings: -11.0
Choosing model 2
[0.20692205412319456, 0.031577841213307783, 0.07955445179740757, 0.29943658992997607, 0.38250906293611403]
Games played: 29
Exploitability: P1=4.600000000 P2=0.090350573 EV: (0.08179346323422465, -0.08179346323422465) P1 Winnings: -8.0
Choosing model 4
[0.1990212998516982, 0.0269107727063767, 0.07039492174689223, 0.3031532445971265, 0.4005197610979065]
Games played: 30
Exploitability: P1=2.600000000 P2=0.090350573 EV: (-0.11738416409467659, 0.11738416409467659) P1 Winnings: -17.0
Choosing model 2
[0.19992686816676136, 0.02894384510866855, 0.0713095758664956, 0.3120224637750283, 0.3877972470830462]
Games played: 31
Exploitability: P1=4.600000000 P2=0.090350573 EV: (0.08179346323422465, -0.08179346323422465) P1 Winnings: -18.0
Choosing model 3
[0.19823941172090617, 0.0196914470843807, 0.06836630013928947, 0.27850337877243203, 0.43519946228299167]
Games played: 32
Exploitability: P1=1.933333333 P2=0.090350573 EV: (-0.1495627557537425, 0.1495627557537425) P1 Winnings: -18.0
Choosing model 3
[0.19962013067016426, 0.021230021026858756, 0.06942107422438086, 0.28734050032918224, 0.4223882737494139]
Games played: 33
Exploitability: P1=1.933333333 P2=0.090350573 EV: (-0.1495627557537425, 0.1495627557537425) P1 Winnings: -29.0
Choosing model 0
[0.1925970230124247, 0.010670509233589998, 0.06325903548240387, 0.23174192673709995, 0.5017315055344816]
Games played: 34
Exploitability: P1=1.900000000 P2=0.090350573 EV: (-0.08825666383043734, 0.08825666383043734) P1 Winnings: -29.0
Choosing model 4
[0.19476918292331352, 0.011553518689316528, 0.06451016559689313, 0.24011944031037202, 0.4890476924801049]
Games played: 35
Exploitability: P1=2.600000000 P2=0.090350573 EV: (-0.11738416409467659, 0.11738416409467659) P1 Winnings: -30.0
Choosing model 4
[0.19106220668579765, 0.008772257902929653, 0.061928612156377655, 0.21997835717043468, 0.5182585660844603]
Games played: 36
Exploitability: P1=2.600000000 P2=0.090350573 EV: (-0.11738416409467659, 0.11738416409467659) P1 Winnings: -27.0
Choosing model 3
[0.1875416237312351, 0.006935417033320488, 0.05971340050686349, 0.20402974035599458, 0.5417798183725864]
Games played: 37
Exploitability: P1=1.933333333 P2=0.090350573 EV: (-0.1495627557537425, 0.1495627557537425) P1 Winnings: -26.0
Choosing model 0
[0.18258128406386026, 0.005226052150134392, 0.05689040593985358, 0.1855026623892495, 0.5697995954569024]
Games played: 38
Exploitability: P1=1.900000000 P2=0.090350573 EV: (-0.08825666383043734, 0.08825666383043734) P1 Winnings: -23.0
Choosing model 4
[0.16811468382862593, 0.0028851580755994296, 0.04988842103873837, 0.14700457931173816, 0.6321071577452981]
Games played: 39
Exploitability: P1=2.600000000 P2=0.090350573 EV: (-0.11738416409467659, 0.11738416409467659) P1 Winnings: -24.0
Choosing model 4
[0.1806903666741589, 0.003201636893118795, 0.056775829293856404, 0.14286475108123195, 0.616467416057634]
Games played: 40
Exploitability: P1=2.600000000 P2=0.090350573 EV: (-0.11738416409467659, 0.11738416409467659) P1 Winnings: -23.0
Choosing model 4
[0.16106755076070323, 0.0015260071020780132, 0.04776619251988165, 0.10647294175990164, 0.6831673078574355]
Games played: 41
Exploitability: P1=2.600000000 P2=0.090350573 EV: (-0.11738416409467659, 0.11738416409467659) P1 Winnings: -24.0
Choosing model 4
[0.1646181929622786, 0.0016698781534679637, 0.049229487935546386, 0.11149645653312515, 0.6729859844155819]
Games played: 42
Exploitability: P1=2.600000000 P2=0.090350573 EV: (-0.11738416409467659, 0.11738416409467659) P1 Winnings: -25.0
Choosing model 4
[0.15765408778951753, 0.0012270342834206876, 0.046140924588812915, 0.09968904476793568, 0.6952889085703132]
Games played: 43
Exploitability: P1=2.600000000 P2=0.090350573 EV: (-0.11738416409467659, 0.11738416409467659) P1 Winnings: -25.0
Choosing model 4
[0.17301006267133962, 0.0019482035018637447, 0.05268971508763153, 0.12323872741238791, 0.6491132913267771]
Games played: 44
Exploitability: P1=2.600000000 P2=0.090350573 EV: (-0.11738416409467659, 0.11738416409467659) P1 Winnings: -26.0
Choosing model 4
[0.18770709537103086, 0.0030581243580178347, 0.05948515603805579, 0.15062261240155456, 0.599127011831341]
Games played: 45
Exploitability: P1=2.600000000 P2=0.090350573 EV: (-0.11738416409467659, 0.11738416409467659) P1 Winnings: -37.0
Choosing model 3
[0.19195896421992956, 0.0031449055166213086, 0.0612877043645483, 0.15683868441496673, 0.586769741483934]
Games played: 46
Exploitability: P1=1.933333333 P2=0.090350573 EV: (-0.1495627557537425, 0.1495627557537425) P1 Winnings: -34.0
Choosing model 0
[0.18551731089360265, 0.002352481507122047, 0.05796395901832577, 0.14155568584539177, 0.6126105627355578]
Games played: 47
Exploitability: P1=1.900000000 P2=0.090350573 EV: (-0.08825666383043734, 0.08825666383043734) P1 Winnings: -31.0
Choosing model 4
[0.17970772746325328, 0.0018197774473723883, 0.055108077223660276, 0.1292208185761609, 0.6341435992895531]
Games played: 48
Exploitability: P1=2.600000000 P2=0.090350573 EV: (-0.11738416409467659, 0.11738416409467659) P1 Winnings: -31.0
Choosing model 4
[0.19278021509704252, 0.002015519938141254, 0.06259582146343776, 0.12534097547775985, 0.6172674680236186]
Games played: 49
Exploitability: P1=2.600000000 P2=0.090350573 EV: (-0.11738416409467659, 0.11738416409467659) P1 Winnings: -30.0
Choosing model 0
[0.22611014275387134, 0.0027515173793248074, 0.08489687350167581, 0.12137020699065725, 0.5648712593744708]
Games played: 50
Exploitability: P1=1.900000000 P2=0.090350573 EV: (-0.08825666383043734, 0.08825666383043734) P1 Winnings: -27.0
Choosing model 2
[0.2299099550610031, 0.002995493940920341, 0.08704911247230782, 0.12644505844610213, 0.5536003800796665]
Games played: 51
Exploitability: P1=4.600000000 P2=0.090350573 EV: (0.08179346323422465, -0.08179346323422465) P1 Winnings: -28.0
Choosing model 4
[0.229910152389511, 0.002995506618770309, 0.08704922409437856, 0.126445322374009, 0.5535997945233311]
Games played: 52
Exploitability: P1=2.600000000 P2=0.090350573 EV: (-0.11738416409467659, 0.11738416409467659) P1 Winnings: -37.0
Choosing model 4
[0.2441091803766229, 0.003283744502339554, 0.09786451412155242, 0.12139298913237016, 0.533349571867115]
Games played: 53
Exploitability: P1=2.600000000 P2=0.090350573 EV: (-0.11738416409467659, 0.11738416409467659) P1 Winnings: -36.0
Choosing model 3
[0.23654844264149957, 0.002462907535353129, 0.09280468122619713, 0.10985699588958026, 0.5583269727073698]
Games played: 54
Exploitability: P1=1.933333333 P2=0.090350573 EV: (-0.1495627557537425, 0.1495627557537425) P1 Winnings: -43.0
Choosing model 4
[0.2507653229486843, 0.0026956816742591864, 0.10417215458676314, 0.10530281469123637, 0.537064026099057]
Games played: 55
Exploitability: P1=2.600000000 P2=0.090350573 EV: (-0.11738416409467659, 0.11738416409467659) P1 Winnings: -42.0
Choosing model 2
[0.2547804735230003, 0.002932416939060422, 0.10672968449910236, 0.10962022189042867, 0.5259372031484082]
Games played: 56
Exploitability: P1=4.600000000 P2=0.090350573 EV: (0.08179346323422465, -0.08179346323422465) P1 Winnings: -43.0
Choosing model 4
[0.2414574273224984, 0.0027090563412907162, 0.08745487436035938, 0.12518702199617873, 0.5431916199796727]
Games played: 57
Exploitability: P1=2.600000000 P2=0.090350573 EV: (-0.11738416409467659, 0.11738416409467659) P1 Winnings: -43.0
Choosing model 4
[0.2651629119713169, 0.004200319618212501, 0.10371159203760807, 0.1405209045559922, 0.48640427181687035]
Games played: 58
Exploitability: P1=2.600000000 P2=0.090350573 EV: (-0.11738416409467659, 0.11738416409467659) P1 Winnings: -40.0
Choosing model 0
[0.2596505549656168, 0.003312814521030827, 0.09976112782552168, 0.13001936848547646, 0.5072561342023543]
Games played: 59
Exploitability: P1=1.900000000 P2=0.090350573 EV: (-0.08825666383043734, 0.08825666383043734) P1 Winnings: -39.0
Choosing model 4
[0.2743150078619778, 0.003613520696997605, 0.11159790464313096, 0.12420333005143068, 0.4862702367464629]
Games played: 60
Exploitability: P1=2.600000000 P2=0.090350573 EV: (-0.11738416409467659, 0.11738416409467659) P1 Winnings: -38.0
Choosing model 0
[0.29290225409577664, 0.0033198004980488915, 0.1290530426519769, 0.10763724567450457, 0.46708765707969296]
Games played: 61
Exploitability: P1=1.900000000 P2=0.090350573 EV: (-0.08825666383043734, 0.08825666383043734) P1 Winnings: -35.0
Choosing model 4
[0.29290230800845807, 0.003319804063732718, 0.12905308085993394, 0.10763730036116205, 0.46708750670671323]
Games played: 62
Exploitability: P1=2.600000000 P2=0.090350573 EV: (-0.11738416409467659, 0.11738416409467659) P1 Winnings: -36.0
Choosing model 4
[0.2929023619211197, 0.0033198076294200375, 0.12905311906788924, 0.1076373550478364, 0.46708735633373455]
Games played: 63
Exploitability: P1=2.600000000 P2=0.090350573 EV: (-0.11738416409467659, 0.11738416409467659) P1 Winnings: -37.0
Choosing model 2
[0.3069836550768809, 0.0035923480682778504, 0.14321722711154397, 0.1020047205729397, 0.4442020491703576]
Games played: 64
Exploitability: P1=4.600000000 P2=0.090350573 EV: (0.08179346323422465, -0.08179346323422465) P1 Winnings: -36.0
Choosing model 3
[0.3205602376667918, 0.0051847467100892405, 0.15496082179402243, 0.11842229941545052, 0.4008718944136459]
Games played: 65
Exploitability: P1=1.933333333 P2=0.090350573 EV: (-0.1495627557537425, 0.1495627557537425) P1 Winnings: -31.0
Choosing model 0
[0.31557732749171274, 0.004111137422825019, 0.14985651454335017, 0.11015907289258867, 0.4202959476495235]
Games played: 66
Exploitability: P1=1.900000000 P2=0.090350573 EV: (-0.08825666383043734, 0.08825666383043734) P1 Winnings: -31.0
Choosing model 4
[0.31005620327162814, 0.0032533810430845542, 0.14463314564470092, 0.10226936114191915, 0.4397879088986671]
Games played: 67
Exploitability: P1=2.600000000 P2=0.090350573 EV: (-0.11738416409467659, 0.11738416409467659) P1 Winnings: -31.0
Choosing model 4
[0.3100562560752417, 0.0032533844926617597, 0.1446331864751596, 0.10226941169408077, 0.4397877612628562]
Games played: 68
Exploitability: P1=2.600000000 P2=0.090350573 EV: (-0.11738416409467659, 0.11738416409467659) P1 Winnings: -32.0
Choosing model 0
[0.328452291778085, 0.005463091145838691, 0.1611042056978055, 0.12585533586047734, 0.3791250755177935]
Games played: 69
Exploitability: P1=1.900000000 P2=0.090350573 EV: (-0.08825666383043734, 0.08825666383043734) P1 Winnings: -35.0
Choosing model 4
[0.3357654945412495, 0.006842687020444767, 0.16860496463436675, 0.13787460768173185, 0.3509122461222072]
Games played: 70
Exploitability: P1=2.600000000 P2=0.090350573 EV: (-0.11738416409467659, 0.11738416409467659) P1 Winnings: -40.0
Choosing model 3
[0.33214290632454835, 0.005451975573733545, 0.1638388347952393, 0.12887356668065156, 0.3696927166258272]
Games played: 71
Exploitability: P1=1.933333333 P2=0.090350573 EV: (-0.1495627557537425, 0.1495627557537425) P1 Winnings: -39.0
Choosing model 4
[0.34482108100563014, 0.00584380668445811, 0.18010262999249094, 0.12097553456945212, 0.34825694774796867]
Games played: 72
Exploitability: P1=2.600000000 P2=0.090350573 EV: (-0.11738416409467659, 0.11738416409467659) P1 Winnings: -38.0
Choosing model 4
[0.33979506780827884, 0.004457195421335648, 0.17368085969041488, 0.11133171431400037, 0.37073516276597035]
Games played: 73
Exploitability: P1=2.600000000 P2=0.090350573 EV: (-0.11738416409467659, 0.11738416409467659) P1 Winnings: -35.0
Choosing model 4
[0.3504613701012198, 0.006298559547773121, 0.18562317339237075, 0.12762085796275383, 0.32999603899588253]
Games played: 74
Exploitability: P1=2.600000000 P2=0.090350573 EV: (-0.11738416409467659, 0.11738416409467659) P1 Winnings: -36.0
Choosing model 3
[0.36192022490538295, 0.0067156344796869905, 0.20297346621589554, 0.11916788535622884, 0.3092227890428057]
Games played: 75
Exploitability: P1=1.933333333 P2=0.090350573 EV: (-0.1495627557537425, 0.1495627557537425) P1 Winnings: -35.0
Choosing model 4
[0.37230488909277554, 0.007132570096074835, 0.22108512893312685, 0.11084343942817727, 0.28863397244984546]
Games played: 76
Exploitability: P1=2.600000000 P2=0.090350573 EV: (-0.11738416409467659, 0.11738416409467659) P1 Winnings: -34.0
Choosing model 3
[0.3659327713929162, 0.004810067642369281, 0.21010552995437523, 0.098070486089394, 0.32108114492094525]
Games played: 77
Exploitability: P1=1.933333333 P2=0.090350573 EV: (-0.1495627557537425, 0.1495627557537425) P1 Winnings: -34.0
Choosing model 0
[0.3620149182364436, 0.0038327867241443087, 0.20418330061029236, 0.09167567807529017, 0.33829331635382964]
Games played: 78
Exploitability: P1=1.900000000 P2=0.090350573 EV: (-0.08825666383043734, 0.08825666383043734) P1 Winnings: -34.0
Choosing model 4
[0.35154933140853417, 0.0025026294134015557, 0.19130236678829796, 0.07962088908489967, 0.3750247833048666]
Games played: 79
Exploitability: P1=2.600000000 P2=0.090350573 EV: (-0.11738416409467659, 0.11738416409467659) P1 Winnings: -34.0
Choosing model 0
[0.37638671550107233, 0.0031186894620355413, 0.23684112941908297, 0.07037792722221384, 0.3132755383955952]
Games played: 80
Exploitability: P1=1.900000000 P2=0.090350573 EV: (-0.08825666383043734, 0.08825666383043734) P1 Winnings: -31.0
Choosing model 4
[0.37340137846573274, 0.0024897739688452595, 0.23325278326076468, 0.06425926670215329, 0.32659679760250404]
Games played: 81
Exploitability: P1=2.600000000 P2=0.090350573 EV: (-0.11738416409467659, 0.11738416409467659) P1 Winnings: -30.0
Choosing model 0
[0.37340142181689157, 0.002489776473806647, 0.23325283646531744, 0.06425929498257356, 0.32659667026141087]
Games played: 82
Exploitability: P1=1.900000000 P2=0.090350573 EV: (-0.08825666383043734, 0.08825666383043734) P1 Winnings: -31.0
Choosing model 3
[0.36857821912837774, 0.001979485686956225, 0.22617167144014003, 0.05993497058373733, 0.3433356531607887]
Games played: 83
Exploitability: P1=1.933333333 P2=0.090350573 EV: (-0.1495627557537425, 0.1495627557537425) P1 Winnings: -31.0
Choosing model 2
[0.3574426658492669, 0.0013171391506683792, 0.21207541095271853, 0.052321813548873164, 0.3768429704984729]
Games played: 84
Exploitability: P1=4.600000000 P2=0.090350573 EV: (0.08179346323422465, -0.08179346323422465) P1 Winnings: -28.0
Choosing model 4
[0.35140638260501045, 0.0010491422632569957, 0.20490072661081796, 0.048674191688730335, 0.3939695568321843]
Games played: 85
Exploitability: P1=2.600000000 P2=0.090350573 EV: (-0.11738416409467659, 0.11738416409467659) P1 Winnings: -27.0
Choosing model 2
[0.3514064387231648, 0.0010491433645393536, 0.20490078228155292, 0.04867421523227113, 0.3939694203984717]
Games played: 86
Exploitability: P1=4.600000000 P2=0.090350573 EV: (0.08179346323422465, -0.08179346323422465) P1 Winnings: -28.0
Choosing model 0
[0.361923670699172, 0.0011156172566764591, 0.2234525249137801, 0.045328474735806784, 0.3681797123945646]
Games played: 87
Exploitability: P1=1.900000000 P2=0.090350573 EV: (-0.08825666383043734, 0.08825666383043734) P1 Winnings: -27.0
Choosing model 2
[0.3544910465545571, 0.0008383937155579178, 0.21419390936757843, 0.04144940986213868, 0.38902724050016785]
Games played: 88
Exploitability: P1=4.600000000 P2=0.090350573 EV: (0.08179346323422465, -0.08179346323422465) P1 Winnings: -26.0
Choosing model 2
[0.3701041089659771, 0.0012315936290432483, 0.23220988870944587, 0.04841763154639232, 0.3480367771491415]
Games played: 89
Exploitability: P1=4.600000000 P2=0.090350573 EV: (0.08179346323422465, -0.08179346323422465) P1 Winnings: -26.0
Choosing model 4
[0.363217060585963, 0.0009273726308121838, 0.22302657320203945, 0.04436135849404065, 0.36846763508714464]
Games played: 90
Exploitability: P1=2.600000000 P2=0.090350573 EV: (-0.11738416409467659, 0.11738416409467659) P1 Winnings: -25.0
Choosing model 3
[0.3726149343758438, 0.0009822485682516996, 0.24226183700688786, 0.04114942105673341, 0.34299155899228306]
Games played: 91
Exploitability: P1=1.933333333 P2=0.090350573 EV: (-0.1495627557537425, 0.1495627557537425) P1 Winnings: -24.0
Choosing model 2
[0.380771200691954, 0.0010363306729749301, 0.26213391796558005, 0.038021779565118485, 0.31803677110437256]
Games played: 92
Exploitability: P1=4.600000000 P2=0.090350573 EV: (0.08179346323422465, -0.08179346323422465) P1 Winnings: -23.0
Choosing model 2
[0.37661467179438785, 0.0008248550788439926, 0.25738571579682545, 0.034611724987519306, 0.3305630323424233]
Games played: 93
Exploitability: P1=4.600000000 P2=0.090350573 EV: (0.08179346323422465, -0.08179346323422465) P1 Winnings: -22.0
Choosing model 2
[0.3838142767787488, 0.0008679099256540356, 0.27774273516112097, 0.03189422171110683, 0.3056808564233695]
Games played: 94
Exploitability: P1=4.600000000 P2=0.090350573 EV: (0.08179346323422465, -0.08179346323422465) P1 Winnings: -21.0
Choosing model 4
[0.3871805315588115, 0.0009340888423278959, 0.2840140123974155, 0.03249000944100692, 0.2953813577604381]
Games played: 95
Exploitability: P1=2.600000000 P2=0.090350573 EV: (-0.11738416409467659, 0.11738416409467659) P1 Winnings: -16.0
Choosing model 4
[0.3974509982127658, 0.001325296390510942, 0.3020939934370324, 0.03707991822843767, 0.26204979373125326]
Games played: 96
Exploitability: P1=2.600000000 P2=0.090350573 EV: (-0.11738416409467659, 0.11738416409467659) P1 Winnings: -21.0
Choosing model 4
[0.4106735813307274, 0.002459024829733611, 0.3329782673126676, 0.04644168430215769, 0.2074474422247136]
Games played: 97
Exploitability: P1=2.600000000 P2=0.090350573 EV: (-0.11738416409467659, 0.11738416409467659) P1 Winnings: -24.0
Choosing model 2
[0.4120683173830705, 0.0026417628316298116, 0.3369172647405394, 0.047745501262219964, 0.20062715378254045]
Games played: 98
Exploitability: P1=4.600000000 P2=0.090350573 EV: (0.08179346323422465, -0.08179346323422465) P1 Winnings: -25.0
Choosing model 4
[0.41582414379426624, 0.0037508965503810863, 0.35303576168410783, 0.05390629557277739, 0.17348290239846736]
Games played: 99
Exploitability: P1=2.600000000 P2=0.090350573 EV: (-0.11738416409467659, 0.11738416409467659) P1 Winnings: -20.0
Choosing model 0
[0.41531959019157844, 0.0032234140554046856, 0.3818831340406947, 0.04369868759076742, 0.15587517412155474]
Games played: 100
Exploitability: P1=1.900000000 P2=0.090350573 EV: (-0.08825666383043734, 0.08825666383043734) P1 Winnings: -17.0
Choosing model 0
[0.4121099922471092, 0.0017102446746728515, 0.3576393433473354, 0.03625268946869968, 0.19228773026218288]
Games played: 101
Exploitability: P1=1.900000000 P2=0.090350573 EV: (-0.08825666383043734, 0.08825666383043734) P1 Winnings: -18.0
Choosing model 0
[0.4156277164084207, 0.002383988875080483, 0.37373939448765253, 0.040649050361362224, 0.16759984986748414]
Games played: 102
Exploitability: P1=1.900000000 P2=0.090350573 EV: (-0.08825666383043734, 0.08825666383043734) P1 Winnings: -18.0
Choosing model 0
[0.4172049825975054, 0.003307530298448494, 0.3887282432005225, 0.045364299221494195, 0.14539494468202943]
Games played: 103
Exploitability: P1=1.900000000 P2=0.090350573 EV: (-0.08825666383043734, 0.08825666383043734) P1 Winnings: -18.0
Choosing model 0
[0.43026515278829863, 0.003325128305318396, 0.34662281832407593, 0.05637610882486288, 0.16341079175744416]
Games played: 104
Exploitability: P1=1.900000000 P2=0.090350573 EV: (-0.08825666383043734, 0.08825666383043734) P1 Winnings: -9.0
Choosing model 2
[0.4298524805120994, 0.002548802470202905, 0.33890188219237055, 0.05258202695044271, 0.1761148078748844]
Games played: 105
Exploitability: P1=4.600000000 P2=0.090350573 EV: (0.08179346323422465, -0.08179346323422465) P1 Winnings: -8.0
Choosing model 2
[0.44154407970722526, 0.0045574369633238935, 0.3186959628871513, 0.07748307864077231, 0.15771944180152717]
Games played: 106
Exploitability: P1=4.600000000 P2=0.090350573 EV: (0.08179346323422465, -0.08179346323422465) P1 Winnings: -17.0
Choosing model 4
[0.44131561642191636, 0.006295795842680434, 0.33005327230566284, 0.08609955725398762, 0.1362357581757528]
Games played: 107
Exploitability: P1=2.600000000 P2=0.090350573 EV: (-0.11738416409467659, 0.11738416409467659) P1 Winnings: -12.0
Choosing model 0
[0.44202353800372673, 0.005693283687689852, 0.3279409027574754, 0.08404531926254465, 0.14029695628856345]
Games played: 108
Exploitability: P1=1.900000000 P2=0.090350573 EV: (-0.08825666383043734, 0.08825666383043734) P1 Winnings: -15.0
Choosing model 2
[0.44202353887149703, 0.005693288765899515, 0.3279409401307368, 0.08404534665827904, 0.14029688557358755]
Games played: 109
Exploitability: P1=4.600000000 P2=0.090350573 EV: (0.08179346323422465, -0.08179346323422465) P1 Winnings: -16.0
Choosing model 2
[0.437907432064605, 0.007792671254524394, 0.37961119341211325, 0.07409727765324949, 0.1005914256155079]
Games played: 110
Exploitability: P1=4.600000000 P2=0.090350573 EV: (0.08179346323422465, -0.08179346323422465) P1 Winnings: -7.0
Choosing model 2
[0.44095401897944264, 0.006020628813221793, 0.37409643320558644, 0.06965819308650006, 0.10927072591524925]
Games played: 111
Exploitability: P1=4.600000000 P2=0.090350573 EV: (0.08179346323422465, -0.08179346323422465) P1 Winnings: -6.0
Choosing model 2
[0.44407409343218796, 0.0040768625318238294, 0.363484599344503, 0.06274041986943103, 0.12562402482205426]
Games played: 112
Exploitability: P1=4.600000000 P2=0.090350573 EV: (0.08179346323422465, -0.08179346323422465) P1 Winnings: -11.0
Choosing model 0
[0.44381819146106577, 0.0043470723861434276, 0.36824795947297095, 0.06332023592878444, 0.12026654075103549]
Games played: 113
Exploitability: P1=1.900000000 P2=0.090350573 EV: (-0.08825666383043734, 0.08825666383043734) P1 Winnings: -6.0
Choosing model 0
[0.4438181893424719, 0.004347076234294638, 0.368247998958971, 0.06332025614231918, 0.1202664793219432]
Games played: 114
Exploitability: P1=1.900000000 P2=0.090350573 EV: (-0.08825666383043734, 0.08825666383043734) P1 Winnings: -7.0
Choosing model 0
[0.4427209506805892, 0.00520662487982672, 0.3752574047815868, 0.06725141677430611, 0.1095636028836909]
Games played: 115
Exploitability: P1=1.900000000 P2=0.090350573 EV: (-0.08825666383043734, 0.08825666383043734) P1 Winnings: -7.0
Choosing model 0
[0.44022810257992795, 0.005345361604040314, 0.3951039175665605, 0.06046638440819793, 0.09885623384127332]
Games played: 116
Exploitability: P1=1.900000000 P2=0.090350573 EV: (-0.08825666383043734, 0.08825666383043734) P1 Winnings: -6.0
Choosing model 0
[0.43951959700287396, 0.005713944502463385, 0.39778346703805645, 0.061853819607689285, 0.09512917184891707]
Games played: 117
Exploitability: P1=1.900000000 P2=0.090350573 EV: (-0.08825666383043734, 0.08825666383043734) P1 Winnings: -15.0
Choosing model 0
[0.44236413020401527, 0.004412474275691954, 0.39181581135876575, 0.058120206297565306, 0.10328737786396162]
Games played: 118
Exploitability: P1=1.900000000 P2=0.090350573 EV: (-0.08825666383043734, 0.08825666383043734) P1 Winnings: -14.0
Choosing model 2
[0.4423641238436882, 0.004412478139359236, 0.3918158496086832, 0.05812022429289559, 0.10328732411537388]
Games played: 119
Exploitability: P1=4.600000000 P2=0.090350573 EV: (0.08179346323422465, -0.08179346323422465) P1 Winnings: -15.0
Choosing model 2
[0.42833682924699673, 0.005903020763238531, 0.44329616388129595, 0.05008232264172922, 0.07238166346673948]
Games played: 120
Exploitability: P1=4.600000000 P2=0.090350573 EV: (0.08179346323422465, -0.08179346323422465) P1 Winnings: -6.0
Choosing model 0
[0.4351364077825827, 0.0035955110172112017, 0.42888938669971133, 0.04378806450532006, 0.08859062999517475]
Games played: 121
Exploitability: P1=1.900000000 P2=0.090350573 EV: (-0.08825666383043734, 0.08825666383043734) P1 Winnings: -5.0
Choosing model 4
[0.4386574298008743, 0.002486928281941464, 0.4180428052351282, 0.03973576567005513, 0.10107707101200093]
Games played: 122
Exploitability: P1=2.600000000 P2=0.090350573 EV: (-0.11738416409467659, 0.11738416409467659) P1 Winnings: -2.0
Choosing model 0
[0.4336641140062827, 0.0025384251911582186, 0.4376058567445046, 0.03552012258369873, 0.09067148147435573]
Games played: 123
Exploitability: P1=1.900000000 P2=0.090350573 EV: (-0.08825666383043734, 0.08825666383043734) P1 Winnings: -1.0
Choosing model 0
[0.4276619623999491, 0.0025845481052442477, 0.4569457489643487, 0.03167280077971812, 0.08113493975073989]
Games played: 124
Exploitability: P1=1.900000000 P2=0.090350573 EV: (-0.08825666383043734, 0.08825666383043734) P1 Winnings: 0.0
Choosing model 3
[0.4178568524455303, 0.002172800327170268, 0.4835379980551926, 0.025117104012242743, 0.0713152451598641]
Games played: 125
Exploitability: P1=1.933333333 P2=0.090350573 EV: (-0.1495627557537425, 0.1495627557537425) P1 Winnings: 3.0
Choosing model 0
[0.4189811050516196, 0.0019384916092868977, 0.4827340187979211, 0.024728612510997974, 0.07161777203017428]
Games played: 126
Exploitability: P1=1.900000000 P2=0.090350573 EV: (-0.08825666383043734, 0.08825666383043734) P1 Winnings: 3.0
Choosing model 2
[0.4109794770189318, 0.0019631918151684865, 0.5013811233052198, 0.02193261023726787, 0.06374359762341207]
Games played: 127
Exploitability: P1=4.600000000 P2=0.090350573 EV: (0.08179346323422465, -0.08179346323422465) P1 Winnings: 4.0
Choosing model 2
[0.41352283125568745, 0.0016004479730634257, 0.4957894291907827, 0.020882494839664232, 0.06820479674080214]
Games played: 128
Exploitability: P1=4.600000000 P2=0.090350573 EV: (0.08179346323422465, -0.08179346323422465) P1 Winnings: 5.0
Choosing model 2
[0.4087728771794931, 0.0021866479959604026, 0.5078226802390089, 0.022950057728426326, 0.05826773685711115]
Games played: 129
Exploitability: P1=4.600000000 P2=0.090350573 EV: (0.08179346323422465, -0.08179346323422465) P1 Winnings: 10.0
Choosing model 0
[0.4115325137326591, 0.0017836121664552224, 0.5024398772214881, 0.02186344366523859, 0.06238055321415885]
Games played: 130
Exploitability: P1=1.900000000 P2=0.090350573 EV: (-0.08825666383043734, 0.08825666383043734) P1 Winnings: 11.0
Choosing model 0
[0.41045236745394087, 0.0019046599532146359, 0.5053329557704208, 0.0223423686222076, 0.0599676482002161]
Games played: 131
Exploitability: P1=1.900000000 P2=0.090350573 EV: (-0.08825666383043734, 0.08825666383043734) P1 Winnings: 16.0
Choosing model 0
[0.4104523530110227, 0.0019046615813445593, 0.5053329945862665, 0.022342375074970496, 0.059967615746395836]
Games played: 132
Exploitability: P1=1.900000000 P2=0.090350573 EV: (-0.08825666383043734, 0.08825666383043734) P1 Winnings: 15.0
Choosing model 2
[0.40452973023123306, 0.002676869744989265, 0.5175637368265915, 0.02470362035575729, 0.05052604284142886]
Games played: 133
Exploitability: P1=4.600000000 P2=0.090350573 EV: (0.08179346323422465, -0.08179346323422465) P1 Winnings: 15.0
Choosing model 0
[0.45506792469193214, 0.0020726925023054734, 0.4192112314798082, 0.03769142188187732, 0.08595672944407688]
Games played: 134
Exploitability: P1=1.900000000 P2=0.090350573 EV: (-0.08825666383043734, 0.08825666383043734) P1 Winnings: 4.0
Choosing model 0
[0.4571074124967251, 0.0016625957401860086, 0.41328520074405073, 0.03567856818729497, 0.09226622283174332]
Games played: 135
Exploitability: P1=1.900000000 P2=0.090350573 EV: (-0.08825666383043734, 0.08825666383043734) P1 Winnings: 4.0
Choosing model 2
[0.45659004289435284, 0.0017780881544538407, 0.41628709210135034, 0.036514690711717125, 0.08883008613812583]
Games played: 136
Exploitability: P1=4.600000000 P2=0.090350573 EV: (0.08179346323422465, -0.08179346323422465) P1 Winnings: 3.0
Choosing model 2
[0.4852071461152592, 0.0014876621811139533, 0.33322283827343524, 0.05230822454317155, 0.12777412888701992]
Games played: 137
Exploitability: P1=4.600000000 P2=0.090350573 EV: (0.08179346323422465, -0.08179346323422465) P1 Winnings: -6.0
Choosing model 2
[0.48520716272031306, 0.001487667251424854, 0.3332229909643525, 0.05230829062042265, 0.12777388844348694]
Games played: 138
Exploitability: P1=4.600000000 P2=0.090350573 EV: (0.08179346323422465, -0.08179346323422465) P1 Winnings: -15.0
Choosing model 0
[0.4914739164877924, 0.0013351498998223576, 0.31052194264557165, 0.05577099254798857, 0.14089799841882494]
Games played: 139
Exploitability: P1=1.900000000 P2=0.090350573 EV: (-0.08825666383043734, 0.08825666383043734) P1 Winnings: -6.0
Choosing model 2
[0.4919745706385824, 0.0014309704191223327, 0.3134508037799668, 0.05720086507170975, 0.13594279009061877]
Games played: 140
Exploitability: P1=4.600000000 P2=0.090350573 EV: (0.08179346323422465, -0.08179346323422465) P1 Winnings: -15.0
Choosing model 0
[0.47833039473305977, 0.0011008226559858537, 0.3781843075452442, 0.035109110448864424, 0.10727536461684574]
Games played: 141
Exploitability: P1=1.900000000 P2=0.090350573 EV: (-0.08825666383043734, 0.08825666383043734) P1 Winnings: -14.0
Choosing model 0
[0.47652821087391356, 0.0015430456710030893, 0.39121824360710594, 0.03913334912280228, 0.09157715072517529]
Games played: 142
Exploitability: P1=1.900000000 P2=0.090350573 EV: (-0.08825666383043734, 0.08825666383043734) P1 Winnings: -9.0
Choosing model 0
[0.5011638072490779, 0.00111700693055546, 0.29624702466604347, 0.055820759639214075, 0.14565140151510897]
Games played: 143
Exploitability: P1=1.900000000 P2=0.090350573 EV: (-0.08825666383043734, 0.08825666383043734) P1 Winnings: -2.0
Choosing model 2
[0.5025703030850429, 0.0017797629500880623, 0.3131879843876719, 0.06543300334699605, 0.11702894623020099]
Games played: 144
Exploitability: P1=4.600000000 P2=0.090350573 EV: (0.08179346323422465, -0.08179346323422465) P1 Winnings: -7.0
Choosing model 0
[0.5034922703147191, 0.001444633279389945, 0.3083550058852846, 0.06203053746742123, 0.12467755305318506]
Games played: 145
Exploitability: P1=1.900000000 P2=0.090350573 EV: (-0.08825666383043734, 0.08825666383043734) P1 Winnings: -6.0
Choosing model 4
[0.5031382376517558, 0.0014904768804870148, 0.32627206862658553, 0.05604862140824814, 0.11305059543292349]
Games played: 146
Exploitability: P1=2.600000000 P2=0.090350573 EV: (-0.11738416409467659, 0.11738416409467659) P1 Winnings: -5.0
Choosing model 0
[0.5030681881571663, 0.0015955970612661207, 0.3289685237580759, 0.05741911608005671, 0.10894857494343514]
Games played: 147
Exploitability: P1=1.900000000 P2=0.090350573 EV: (-0.08825666383043734, 0.08825666383043734) P1 Winnings: -6.0
Choosing model 3
[0.5030681872816394, 0.0015955984785734395, 0.32896856003009667, 0.057419134583957164, 0.1089485196257335]
Games played: 148
Exploitability: P1=1.933333333 P2=0.090350573 EV: (-0.1495627557537425, 0.1495627557537425) P1 Winnings: -7.0
Choosing model 2
[0.5043165368240194, 0.001423236805840462, 0.3283531115725719, 0.0565192347721092, 0.10938788002545903]
Games played: 149
Exploitability: P1=4.600000000 P2=0.090350573 EV: (0.08179346323422465, -0.08179346323422465) P1 Winnings: -12.0
Choosing model 4
[0.5053811055222477, 0.001099967226984302, 0.32371516627394115, 0.05212275945029878, 0.11768100152652794]
Games played: 150
Exploitability: P1=2.600000000 P2=0.090350573 EV: (-0.11738416409467659, 0.11738416409467659) P1 Winnings: -9.0
Choosing model 2
[0.5053811082633106, 0.0010999682119230718, 0.3237152042858648, 0.05212277662080814, 0.11768094261809323]
Games played: 151
Exploitability: P1=4.600000000 P2=0.090350573 EV: (0.08179346323422465, -0.08179346323422465) P1 Winnings: -10.0
Choosing model 3
[0.5170665652168639, 0.001097047612276432, 0.28636168984937366, 0.06426125434963281, 0.1312134429718533]
Games played: 152
Exploitability: P1=1.933333333 P2=0.090350573 EV: (-0.1495627557537425, 0.1495627557537425) P1 Winnings: -10.0
Choosing model 3
[0.5171113427632699, 0.000849191537509878, 0.28026003259569066, 0.060018466029721836, 0.14176096707380786]
Games played: 153
Exploitability: P1=1.933333333 P2=0.090350573 EV: (-0.1495627557537425, 0.1495627557537425) P1 Winnings: -7.0
Choosing model 0
[0.5164774745963808, 0.0006564710094486259, 0.27392844550506074, 0.05598224330981234, 0.1529553655792974]
Games played: 154
Exploitability: P1=1.900000000 P2=0.090350573 EV: (-0.08825666383043734, 0.08825666383043734) P1 Winnings: -4.0
Choosing model 2
[0.5174108086148549, 0.0007041385414667772, 0.27672994897412134, 0.05746275521301621, 0.14769234865654077]
Games played: 155
Exploitability: P1=4.600000000 P2=0.090350573 EV: (0.08179346323422465, -0.08179346323422465) P1 Winnings: -5.0
Choosing model 0
[0.51835286530851, 0.000752608754663359, 0.2810288087842304, 0.05813288740445047, 0.14173282974814583]
Games played: 156
Exploitability: P1=1.900000000 P2=0.090350573 EV: (-0.08825666383043734, 0.08825666383043734) P1 Winnings: 0.0
Choosing model 0
[0.5194609760785975, 0.0007786993309411674, 0.298203435718825, 0.05267617021993187, 0.1288807186517044]
Games played: 157
Exploitability: P1=1.900000000 P2=0.090350573 EV: (-0.08825666383043734, 0.08825666383043734) P1 Winnings: 1.0
Choosing model 3
[0.5198780152944233, 0.0008344047724790369, 0.30095120479662524, 0.05401504646000622, 0.12432132867646614]
Games played: 158
Exploitability: P1=1.933333333 P2=0.090350573 EV: (-0.1495627557537425, 0.1495627557537425) P1 Winnings: 0.0
Choosing model 4
[0.5194809972631547, 0.0005720678781601519, 0.2907633648778899, 0.048585730455634746, 0.1405978395251605]
Games played: 159
Exploitability: P1=2.600000000 P2=0.090350573 EV: (-0.11738416409467659, 0.11738416409467659) P1 Winnings: 0.0
Choosing model 0
[0.5194810088611594, 0.0005720684000736715, 0.2907634039350765, 0.04858574728217535, 0.14059777152151504]
Games played: 160
Exploitability: P1=1.900000000 P2=0.090350573 EV: (-0.08825666383043734, 0.08825666383043734) P1 Winnings: -1.0
Choosing model 2
[0.5194810204591411, 0.0005720689219876416, 0.29076344299225537, 0.04858576410871962, 0.1405977035178962]
Games played: 161
Exploitability: P1=4.600000000 P2=0.090350573 EV: (0.08179346323422465, -0.08179346323422465) P1 Winnings: -2.0
Choosing model 4
[0.5222201883850105, 0.00045277517695316494, 0.220173393984733, 0.06584072587221879, 0.19131291658108454]
Games played: 162
Exploitability: P1=2.600000000 P2=0.090350573 EV: (-0.11738416409467659, 0.11738416409467659) P1 Winnings: -11.0
Choosing model 2
[0.5190044569218968, 0.00034829128883665135, 0.21413660408793808, 0.06110969629919256, 0.205400951402136]
Games played: 163
Exploitability: P1=4.600000000 P2=0.090350573 EV: (0.08179346323422465, -0.08179346323422465) P1 Winnings: -8.0
Choosing model 0
[0.5168071914454498, 0.0003072918397156534, 0.1961699302924552, 0.06405192131729447, 0.22266366510508498]
Games played: 164
Exploitability: P1=1.900000000 P2=0.090350573 EV: (-0.08825666383043734, 0.08825666383043734) P1 Winnings: -17.0
Choosing model 2
[0.5168072274517251, 0.00030729213461517477, 0.1961699659308132, 0.0640519465326972, 0.22266356795014933]
Games played: 165
Exploitability: P1=4.600000000 P2=0.090350573 EV: (0.08179346323422465, -0.08179346323422465) P1 Winnings: -18.0
Choosing model 4
[0.5312189243427888, 0.0003730250053432512, 0.22336217324735594, 0.0591681014918572, 0.1858777759126548]
Games played: 166
Exploitability: P1=2.600000000 P2=0.090350573 EV: (-0.11738416409467659, 0.11738416409467659) P1 Winnings: -13.0
Choosing model 3
[0.5330102118404243, 0.0004007360283709261, 0.2259990098839223, 0.060827737420370176, 0.17976230482691213]
Games played: 167
Exploitability: P1=1.933333333 P2=0.090350573 EV: (-0.1495627557537425, 0.1495627557537425) P1 Winnings: -14.0
Choosing model 4
[0.5379396194016313, 0.0004175702054991485, 0.2415121114319052, 0.055509145055409465, 0.16462155390555477]
Games played: 168
Exploitability: P1=2.600000000 P2=0.090350573 EV: (-0.11738416409467659, 0.11738416409467659) P1 Winnings: -13.0
Choosing model 4
[0.522046838199861, 0.00023244621352465136, 0.172608758294326, 0.06558249376060718, 0.23952946353168114]
Games played: 169
Exploitability: P1=2.600000000 P2=0.090350573 EV: (-0.11738416409467659, 0.11738416409467659) P1 Winnings: -6.0
Choosing model 0
[0.5220468801798877, 0.00023244643909421412, 0.17260879150675862, 0.06558252028314962, 0.2395293615911098]
Games played: 170
Exploitability: P1=1.900000000 P2=0.090350573 EV: (-0.08825666383043734, 0.08825666383043734) P1 Winnings: -7.0
Choosing model 0
[0.5390044138311557, 0.0004437859420254576, 0.19074437279784287, 0.08289421632186952, 0.18691321110710649]
Games played: 171
Exploitability: P1=1.900000000 P2=0.090350573 EV: (-0.08825666383043734, 0.08825666383043734) P1 Winnings: -12.0
Choosing model 0
[0.5440594023440015, 0.0006137394212731037, 0.1995091793656774, 0.09299463802961891, 0.1628230408394289]
Games played: 172
Exploitability: P1=1.900000000 P2=0.090350573 EV: (-0.08825666383043734, 0.08825666383043734) P1 Winnings: -13.0
Choosing model 4
[0.5507946206056643, 0.0006415056730371769, 0.2138654494532486, 0.0851267694836756, 0.1495716547843743]
Games played: 173
Exploitability: P1=2.600000000 P2=0.090350573 EV: (-0.11738416409467659, 0.11738416409467659) P1 Winnings: -12.0
Choosing model 0
[0.5501727918822374, 0.0005161170749822108, 0.20984934678756806, 0.08034636097760352, 0.15911538327760877]
Games played: 174
Exploitability: P1=1.900000000 P2=0.090350573 EV: (-0.08825666383043734, 0.08825666383043734) P1 Winnings: -11.0
Choosing model 4
[0.5557681232902781, 0.000538289444743143, 0.22445874115727793, 0.07338809431892955, 0.14584675178877124]
Games played: 175
Exploitability: P1=2.600000000 P2=0.090350573 EV: (-0.11738416409467659, 0.11738416409467659) P1 Winnings: -10.0
Choosing model 2
[0.5557681368523025, 0.000538289936957234, 0.22445877177401954, 0.0733881198875596, 0.14584668154916097]
Games played: 176
Exploitability: P1=4.600000000 P2=0.090350573 EV: (0.08179346323422465, -0.08179346323422465) P1 Winnings: -11.0
Choosing model 2
[0.5531017885807448, 0.00036020502068242723, 0.21552036573049693, 0.0653206147931332, 0.1656970258749428]
Games played: 177
Exploitability: P1=4.600000000 P2=0.090350573 EV: (0.08179346323422465, -0.08179346323422465) P1 Winnings: -6.0
Choosing model 0
[0.5580737748024206, 0.00037524025762050803, 0.23025509218981494, 0.05959388375361303, 0.15170200899653088]
Games played: 178
Exploitability: P1=1.900000000 P2=0.090350573 EV: (-0.08825666383043734, 0.08825666383043734) P1 Winnings: -5.0
Choosing model 0
[0.5591279905858524, 0.0003345077955687264, 0.229688499648897, 0.058625233446471366, 0.15222376852321054]
Games played: 179
Exploitability: P1=1.900000000 P2=0.090350573 EV: (-0.08825666383043734, 0.08825666383043734) P1 Winnings: -10.0
Choosing model 0
[0.5603085549974954, 0.0003589059926942003, 0.23210803889226514, 0.060193922701994036, 0.14703057741555123]
Games played: 180
Exploitability: P1=1.900000000 P2=0.090350573 EV: (-0.08825666383043734, 0.08825666383043734) P1 Winnings: -19.0
Choosing model 0
[0.5636275978435263, 0.00035193592055588255, 0.20187360786693792, 0.07296453948528654, 0.16118231888369328]
Games played: 181
Exploitability: P1=1.900000000 P2=0.090350573 EV: (-0.08825666383043734, 0.08825666383043734) P1 Winnings: -10.0
Choosing model 0
[0.5636276175675319, 0.00035193624609540514, 0.2018736375413445, 0.07296456567922163, 0.16118224296580663]
Games played: 182
Exploitability: P1=1.900000000 P2=0.090350573 EV: (-0.08825666383043734, 0.08825666383043734) P1 Winnings: -11.0
Choosing model 0
[0.5693361814692343, 0.0003670401961125603, 0.2159188230102626, 0.06664282442772228, 0.1477351308966684]
Games played: 183
Exploitability: P1=1.900000000 P2=0.090350573 EV: (-0.08825666383043734, 0.08825666383043734) P1 Winnings: -10.0
Choosing model 0
[0.5720232788562666, 0.0005335437564809045, 0.22574017267506832, 0.07542788959846644, 0.12627511511371772]
Games played: 184
Exploitability: P1=1.900000000 P2=0.090350573 EV: (-0.08825666383043734, 0.08825666383043734) P1 Winnings: -11.0
Choosing model 0
[0.5711841489353869, 0.00036554012478997786, 0.2179448861153972, 0.06779851313204126, 0.14270691169238459]
Games played: 185
Exploitability: P1=1.900000000 P2=0.090350573 EV: (-0.08825666383043734, 0.08825666383043734) P1 Winnings: -8.0
Choosing model 0
[0.5721189034221316, 0.00039201587435366196, 0.2201363421559826, 0.06957966960017782, 0.1377730689473545]
Games played: 186
Exploitability: P1=1.900000000 P2=0.090350573 EV: (-0.08825666383043734, 0.08825666383043734) P1 Winnings: -17.0
Choosing model 0
[0.5714574754011008, 0.00031538394505207303, 0.215996612621173, 0.06567054536396656, 0.14655998266870748]
Games played: 187
Exploitability: P1=1.900000000 P2=0.090350573 EV: (-0.08825666383043734, 0.08825666383043734) P1 Winnings: -17.0
Choosing model 0
[0.5545966010677307, 0.00017556983504019206, 0.1543789919925139, 0.07759100159539382, 0.2132578355093213]
Games played: 188
Exploitability: P1=1.900000000 P2=0.090350573 EV: (-0.08825666383043734, 0.08825666383043734) P1 Winnings: -17.0
Choosing model 0
[0.5545966372953187, 0.00017557000276631677, 0.15437901936740533, 0.07759103180336226, 0.21325774153114752]
Games played: 189
Exploitability: P1=1.900000000 P2=0.090350573 EV: (-0.08825666383043734, 0.08825666383043734) P1 Winnings: -18.0
Choosing model 0
[0.5545966735228753, 0.00017557017049259102, 0.15437904674229222, 0.07759106201133774, 0.21325764755300217]
Games played: 190
Exploitability: P1=1.900000000 P2=0.090350573 EV: (-0.08825666383043734, 0.08825666383043734) P1 Winnings: -19.0
Choosing model 2
[0.5648163591056791, 0.00018460941641574595, 0.16647642388577358, 0.07145071466326412, 0.19707189292886743]
Games played: 191
Exploitability: P1=4.600000000 P2=0.090350573 EV: (0.08179346323422465, -0.08179346323422465) P1 Winnings: -18.0
Choosing model 4
[0.5230989386985653, 0.00011768260627010125, 0.11101268309454755, 0.08975099771215307, 0.2760196978884639]
Games played: 192
Exploitability: P1=2.600000000 P2=0.090350573 EV: (-0.11738416409467659, 0.11738416409467659) P1 Winnings: -29.0
Choosing model 0
[0.5408114583475115, 0.0001894887251722403, 0.12075091978149449, 0.10779828778566806, 0.23044984536015362]
Games played: 193
Exploitability: P1=1.900000000 P2=0.090350573 EV: (-0.08825666383043734, 0.08825666383043734) P1 Winnings: -34.0
Choosing model 4
[0.53721089510777, 0.0001525042071023938, 0.11787975414405602, 0.10132665827467142, 0.24343018826640028]
Games played: 194
Exploitability: P1=2.600000000 P2=0.090350573 EV: (-0.11738416409467659, 0.11738416409467659) P1 Winnings: -35.0
Choosing model 0
[0.5372109364771661, 0.00015250435457542726, 0.11787977642426949, 0.10132669890751445, 0.2434300838364746]
Games played: 195
Exploitability: P1=1.900000000 P2=0.090350573 EV: (-0.08825666383043734, 0.08825666383043734) P1 Winnings: -36.0
Choosing model 0
[0.532878292699532, 0.00012184388423359457, 0.11486297516525458, 0.09497246670805345, 0.25716442154292635]
Games played: 196
Exploitability: P1=1.900000000 P2=0.090350573 EV: (-0.08825666383043734, 0.08825666383043734) P1 Winnings: -36.0
Choosing model 0
[0.5471887953217495, 0.00012917724378531508, 0.12488883211533851, 0.08818033794088939, 0.23961285737823723]
Games played: 197
Exploitability: P1=1.900000000 P2=0.090350573 EV: (-0.08825666383043734, 0.08825666383043734) P1 Winnings: -35.0
Choosing model 0
[0.5415963452431243, 9.810000991356133e-05, 0.12097501983800592, 0.08148342048583018, 0.2558471144231262]
Games played: 198
Exploitability: P1=1.900000000 P2=0.090350573 EV: (-0.08825666383043734, 0.08825666383043734) P1 Winnings: -34.0
Choosing model 2
[0.5494478142236122, 0.00011949612769246733, 0.12537482073855424, 0.08801440842987057, 0.23704346048027047]
Games played: 199
Exploitability: P1=4.600000000 P2=0.090350573 EV: (0.08179346323422465, -0.08179346323422465) P1 Winnings: -34.0
Choosing model 4
[0.5374342795458222, 0.00011393853606184443, 0.1060311825200828, 0.10374015465980675, 0.25268044473822654]
Games played: 200
Exploitability: P1=2.600000000 P2=0.090350573 EV: (-0.11738416409467659, 0.11738416409467659) P1 Winnings: -34.0
