Player 1 exploitability: 0.256632157858
Choosing model 3
[0.1973349639706216, 0.21128199721835308, 0.19899353135783318, 0.2021883263136098, 0.19020118113958234]
Games played: 1
Exploitability: P1=1.933333333 P2=0.170980144 EV: (-0.05925961429513106, 0.05925961429513106) P1 Winnings: -1
Choosing model 2
[0.18336508106456995, 0.26483428549584626, 0.19152930892364925, 0.20791805105126254, 0.15235327346467195]
Games played: 2
Exploitability: P1=4.600000000 P2=0.170980144 EV: (0.13922319986542547, -0.13922319986542547) P1 Winnings: 6.0
Choosing model 1
[0.16896606167524755, 0.3393193304801693, 0.19528907974033552, 0.18490507568580172, 0.11152045241844591]
Games played: 3
Exploitability: P1=2.800000000 P2=0.170980144 EV: (0.17098014371819376, -0.17098014371819376) P1 Winnings: 11.0
Choosing model 3
[0.16896600189998354, 0.339319536864605, 0.19528903428277056, 0.18490507498865663, 0.11152035196398433]
Games played: 4
Exploitability: P1=1.933333333 P2=0.170980144 EV: (-0.05925961429513106, 0.05925961429513106) P1 Winnings: 4.0
Choosing model 4
[0.17529145986522687, 0.3178237759685776, 0.20098087476360663, 0.18695056139112493, 0.11895332801146394]
Games played: 5
Exploitability: P1=2.600000000 P2=0.170980144 EV: (-0.15274255263705017, 0.15274255263705017) P1 Winnings: 7.0
Choosing model 0
[0.18143958576246008, 0.2970118372497057, 0.2063675765625781, 0.18858822535460523, 0.12659277507065092]
Games played: 6
Exploitability: P1=1.900000000 P2=0.170980144 EV: (-0.09003320260549874, 0.09003320260549874) P1 Winnings: 4.0
Choosing model 1
[0.17032041611855459, 0.33476687465746363, 0.19789737154286716, 0.18848770884624605, 0.10852762883486866]
Games played: 7
Exploitability: P1=2.800000000 P2=0.170980144 EV: (0.17098014371819376, -0.17098014371819376) P1 Winnings: 4.0
Choosing model 3
[0.17309973889590172, 0.26786900400553937, 0.1514993576744267, 0.2582345453032983, 0.14929735412083395]
Games played: 8
Exploitability: P1=1.933333333 P2=0.170980144 EV: (-0.05925961429513106, 0.05925961429513106) P1 Winnings: -5.0
Choosing model 2
[0.14670689308008553, 0.3607162780444304, 0.13536265699200342, 0.2558305686957938, 0.1013836031876867]
Games played: 9
Exploitability: P1=4.600000000 P2=0.170980144 EV: (0.13922319986542547, -0.13922319986542547) P1 Winnings: -5.0
Choosing model 1
[0.12673630777853642, 0.43069620354775096, 0.12116624242156027, 0.24570943360172925, 0.0756918126504231]
Games played: 10
Exploitability: P1=2.800000000 P2=0.170980144 EV: (0.17098014371819376, -0.17098014371819376) P1 Winnings: -14.0
Choosing model 1
[0.11148421127206344, 0.523443225167153, 0.12453757605531945, 0.19234717244833224, 0.048187815057131815]
Games played: 11
Exploitability: P1=2.800000000 P2=0.170980144 EV: (0.17098014371819376, -0.17098014371819376) P1 Winnings: -5.0
Choosing model 1
[0.11835775621889456, 0.4375253518062449, 0.09959208589865216, 0.27527753137062944, 0.06924727470557894]
Games played: 12
Exploitability: P1=2.800000000 P2=0.170980144 EV: (0.17098014371819376, -0.17098014371819376) P1 Winnings: -14.0
Choosing model 1
[0.14193583975526797, 0.35279356361704595, 0.11522865466411732, 0.29524271916541345, 0.09479922279815532]
Games played: 13
Exploitability: P1=2.800000000 P2=0.170980144 EV: (0.17098014371819376, -0.17098014371819376) P1 Winnings: -19.0
Choosing model 1
[0.1295804290079689, 0.4449940659537724, 0.12291766083730309, 0.2398712503737555, 0.06263659382720012]
Games played: 14
Exploitability: P1=2.800000000 P2=0.170980144 EV: (0.17098014371819376, -0.17098014371819376) P1 Winnings: -10.0
Choosing model 1
[0.15491307391376613, 0.42092455163939885, 0.1823525070522134, 0.18103342309489187, 0.06077644429972959]
Games played: 15
Exploitability: P1=2.800000000 P2=0.170980144 EV: (0.17098014371819376, -0.17098014371819376) P1 Winnings: -9.0
Choosing model 1
[0.14531307139501629, 0.4662967730941498, 0.18947874497304631, 0.15261095725253365, 0.04630045328525396]
Games played: 16
Exploitability: P1=2.800000000 P2=0.170980144 EV: (0.17098014371819376, -0.17098014371819376) P1 Winnings: -4.0
Choosing model 0
[0.1259657497093737, 0.5355615749129049, 0.21483184066733266, 0.09671316090433951, 0.02692767380604937]
Games played: 17
Exploitability: P1=1.900000000 P2=0.170980144 EV: (-0.09003320260549874, 0.09003320260549874) P1 Winnings: -1.0
Choosing model 1
[0.12596568440603223, 0.5355617739168375, 0.21483175335510943, 0.09671314210127763, 0.026927646220743322]
Games played: 18
Exploitability: P1=2.800000000 P2=0.170980144 EV: (0.17098014371819376, -0.17098014371819376) P1 Winnings: -2.0
Choosing model 0
[0.13599328840042815, 0.5107198564477479, 0.20628277586356947, 0.11449698366995907, 0.032507095618295276]
Games played: 19
Exploitability: P1=1.900000000 P2=0.170980144 EV: (-0.09003320260549874, 0.09003320260549874) P1 Winnings: -9.0
Choosing model 0
[0.12397464332596501, 0.5498442360809596, 0.2083101872491323, 0.09380365921130891, 0.024067274132634178]
Games played: 20
Exploitability: P1=1.900000000 P2=0.170980144 EV: (-0.09003320260549874, 0.09003320260549874) P1 Winnings: -4.0
Choosing model 1
[0.1216760107755862, 0.5571663557792655, 0.2164796021330732, 0.08324473010660538, 0.021433301205469702]
Games played: 21
Exploitability: P1=2.800000000 P2=0.170980144 EV: (0.17098014371819376, -0.17098014371819376) P1 Winnings: -3.0
Choosing model 3
[0.13711328578509677, 0.5086967092226369, 0.2397405421935331, 0.08876546443859508, 0.025683998360138408]
Games played: 22
Exploitability: P1=1.933333333 P2=0.170980144 EV: (-0.05925961429513106, 0.05925961429513106) P1 Winnings: -2.0
Choosing model 1
[0.09375693408071045, 0.6432067795976579, 0.175457261915899, 0.07430554082276729, 0.013273483582965352]
Games played: 23
Exploitability: P1=2.800000000 P2=0.170980144 EV: (0.17098014371819376, -0.17098014371819376) P1 Winnings: -2.0
Choosing model 1
[0.11126172311532895, 0.5856491347482433, 0.20377331029294463, 0.08232325755458819, 0.016992574288894977]
Games played: 24
Exploitability: P1=2.800000000 P2=0.170980144 EV: (0.17098014371819376, -0.17098014371819376) P1 Winnings: -1.0
Choosing model 1
[0.10651998655445394, 0.6003178898591722, 0.19672861806568862, 0.08075323090485283, 0.015680274615832372]
Games played: 25
Exploitability: P1=2.800000000 P2=0.170980144 EV: (0.17098014371819376, -0.17098014371819376) P1 Winnings: -8.0
Choosing model 2
[0.10188412109805943, 0.614773508290318, 0.1897482857036812, 0.07913841473428872, 0.01445567017365255]
Games played: 26
Exploitability: P1=4.600000000 P2=0.170980144 EV: (0.13922319986542547, -0.13922319986542547) P1 Winnings: -15.0
Choosing model 1
[0.12819500144829074, 0.5307405899315397, 0.230843598503413, 0.08963501671987205, 0.020585793396884322]
Games played: 27
Exploitability: P1=2.800000000 P2=0.170980144 EV: (0.17098014371819376, -0.17098014371819376) P1 Winnings: -15.0
Choosing model 1
[0.10400475718321904, 0.6058501209143742, 0.1944710258880274, 0.08136289070209522, 0.014311205312284046]
Games played: 28
Exploitability: P1=2.800000000 P2=0.170980144 EV: (0.17098014371819376, -0.17098014371819376) P1 Winnings: -15.0
Choosing model 1
[0.08313420175822973, 0.6690798488986424, 0.18163012657646713, 0.05787680617266488, 0.008279016593995865]
Games played: 29
Exploitability: P1=2.800000000 P2=0.170980144 EV: (0.17098014371819376, -0.17098014371819376) P1 Winnings: -6.0
Choosing model 2
[0.08917013928638884, 0.6479384482759085, 0.19326047550487832, 0.060500753510032944, 0.009130183422791371]
Games played: 30
Exploitability: P1=4.600000000 P2=0.170980144 EV: (0.13922319986542547, -0.13922319986542547) P1 Winnings: -6.0
Choosing model 1
[0.08693048872300789, 0.6521680814173556, 0.19949411862119668, 0.05333082893133681, 0.008076482307102827]
Games played: 31
Exploitability: P1=2.800000000 P2=0.170980144 EV: (0.17098014371819376, -0.17098014371819376) P1 Winnings: -5.0
Choosing model 1
[0.09376963095652328, 0.6479546213019672, 0.1709761560729692, 0.07679117956243782, 0.010508412106102505]
Games played: 32
Exploitability: P1=2.800000000 P2=0.170980144 EV: (0.17098014371819376, -0.17098014371819376) P1 Winnings: -18.0
Choosing model 0
[0.07187638042986293, 0.71858819980528, 0.13637443715068906, 0.06630846501458802, 0.006852517599580064]
Games played: 33
Exploitability: P1=1.900000000 P2=0.170980144 EV: (-0.09003320260549874, 0.09003320260549874) P1 Winnings: -25.0
Choosing model 1
[0.07187633206892481, 0.7185883558584131, 0.1363743606671642, 0.06630844188390947, 0.006852509521588401]
Games played: 34
Exploitability: P1=2.800000000 P2=0.170980144 EV: (0.17098014371819376, -0.17098014371819376) P1 Winnings: -26.0
Choosing model 1
[0.0783936970227576, 0.6957203367633357, 0.14771054773317707, 0.07057281266918881, 0.007602605811540694]
Games played: 35
Exploitability: P1=2.800000000 P2=0.170980144 EV: (0.17098014371819376, -0.17098014371819376) P1 Winnings: -26.0
Choosing model 1
[0.0943545784727314, 0.642482110234901, 0.17399105027067396, 0.0793009194052282, 0.00987134161646548]
Games played: 36
Exploitability: P1=2.800000000 P2=0.170980144 EV: (0.17098014371819376, -0.17098014371819376) P1 Winnings: -25.0
Choosing model 3
[0.08386107234154003, 0.6743727506876351, 0.17129965673700703, 0.0633411578228892, 0.007125362410928622]
Games played: 37
Exploitability: P1=1.933333333 P2=0.170980144 EV: (-0.05925961429513106, 0.05925961429513106) P1 Winnings: -20.0
Choosing model 1
[0.06723735239281986, 0.7293724021040506, 0.14226247942776776, 0.056203028002518945, 0.004924738072842951]
Games played: 38
Exploitability: P1=2.800000000 P2=0.170980144 EV: (0.17098014371819376, -0.17098014371819376) P1 Winnings: -13.0
Choosing model 2
[0.06723717886218342, 0.7293729806004835, 0.14226217258671106, 0.05620295202368551, 0.004924715926936435]
Games played: 39
Exploitability: P1=4.600000000 P2=0.170980144 EV: (0.13922319986542547, -0.13922319986542547) P1 Winnings: -22.0
Choosing model 2
[0.05193050085817942, 0.7783033930587928, 0.128383413529646, 0.038629920653069486, 0.0027527719003122265]
Games played: 40
Exploitability: P1=4.600000000 P2=0.170980144 EV: (0.13922319986542547, -0.13922319986542547) P1 Winnings: -13.0
Choosing model 1
[0.07665939345450606, 0.6888713129690893, 0.1804941405270409, 0.0490792555197047, 0.0048958975296589735]
Games played: 41
Exploitability: P1=2.800000000 P2=0.170980144 EV: (0.17098014371819376, -0.17098014371819376) P1 Winnings: -12.0
Choosing model 2
[0.0595862092299127, 0.7397836056295143, 0.16392679200603774, 0.03394923601597743, 0.002754157118558002]
Games played: 42
Exploitability: P1=4.600000000 P2=0.170980144 EV: (0.13922319986542547, -0.13922319986542547) P1 Winnings: -3.0
Choosing model 1
[0.04564508370637725, 0.7829592833793403, 0.14672517771964716, 0.023143546820782263, 0.0015269083738528252]
Games played: 43
Exploitability: P1=2.800000000 P2=0.170980144 EV: (0.17098014371819376, -0.17098014371819376) P1 Winnings: 6.0
Choosing model 1
[0.025638054530836497, 0.868750378704396, 0.08875581284729428, 0.0162224343416911, 0.0006333195757820786]
Games played: 44
Exploitability: P1=2.800000000 P2=0.170980144 EV: (0.17098014371819376, -0.17098014371819376) P1 Winnings: 13.0
Choosing model 2
[0.019068623071189904, 0.8927204812332622, 0.07713252109491853, 0.01073746973995464, 0.0003409048606745858]
Games played: 45
Exploitability: P1=4.600000000 P2=0.170980144 EV: (0.13922319986542547, -0.13922319986542547) P1 Winnings: 22.0
Choosing model 1
[0.014471650829330525, 0.9004434711275651, 0.0791974903865953, 0.005718393134901357, 0.00016899452160769476]
Games played: 46
Exploitability: P1=2.800000000 P2=0.170980144 EV: (0.17098014371819376, -0.17098014371819376) P1 Winnings: 27.0
Choosing model 1
[0.008736436316268989, 0.9362781822522454, 0.05077670889199919, 0.004129113527831713, 7.95590116548539e-05]
Games played: 47
Exploitability: P1=2.800000000 P2=0.170980144 EV: (0.17098014371819376, -0.17098014371819376) P1 Winnings: 20.0
Choosing model 1
[0.007438545764475216, 0.9414563054894101, 0.04789061592999106, 0.003159518407733373, 5.501440839013756e-05]
Games played: 48
Exploitability: P1=2.800000000 P2=0.170980144 EV: (0.17098014371819376, -0.17098014371819376) P1 Winnings: 25.0
Choosing model 1
[0.00743853897641231, 0.9414563520430903, 0.04789057802206403, 0.003159516630339763, 5.501432809369683e-05]
Games played: 49
Exploitability: P1=2.800000000 P2=0.170980144 EV: (0.17098014371819376, -0.17098014371819376) P1 Winnings: 18.0
Choosing model 1
[0.009067710757902905, 0.9298431030304437, 0.05737332515727744, 0.0036445454085806696, 7.131564579533864e-05]
Games played: 50
Exploitability: P1=2.800000000 P2=0.170980144 EV: (0.17098014371819376, -0.17098014371819376) P1 Winnings: 19.0
Choosing model 1
[0.00585906058058577, 0.9523870675291803, 0.03898069846897747, 0.0027356745441324487, 3.749887712409889e-05]
Games played: 51
Exploitability: P1=2.800000000 P2=0.170980144 EV: (0.17098014371819376, -0.17098014371819376) P1 Winnings: 26.0
Choosing model 1
[0.007537375455142417, 0.9400482781587687, 0.04907669925384385, 0.0032856065316906563, 5.2040600554444644e-05]
Games played: 52
Exploitability: P1=2.800000000 P2=0.170980144 EV: (0.17098014371819376, -0.17098014371819376) P1 Winnings: 27.0
Choosing model 1
[0.008477357924811841, 0.9367883547493018, 0.05078082852205873, 0.003889739340078026, 6.37194637497618e-05]
Games played: 53
Exploitability: P1=2.800000000 P2=0.170980144 EV: (0.17098014371819376, -0.17098014371819376) P1 Winnings: 36.0
Choosing model 1
[0.007702589366096016, 0.9416087943727258, 0.046930321254183435, 0.003704853680734717, 5.344132625982856e-05]
Games played: 54
Exploitability: P1=2.800000000 P2=0.170980144 EV: (0.17098014371819376, -0.17098014371819376) P1 Winnings: 39.0
Choosing model 1
[0.005791438850545969, 0.9545564035744666, 0.03653237414671902, 0.0030851106903247655, 3.46727379436024e-05]
Games played: 55
Exploitability: P1=2.800000000 P2=0.170980144 EV: (0.17098014371819376, -0.17098014371819376) P1 Winnings: 46.0
Choosing model 1
[0.005254470895075963, 0.9580692646335467, 0.03371304121132434, 0.0029341857386822948, 2.9037521370610774e-05]
Games played: 56
Exploitability: P1=2.800000000 P2=0.170980144 EV: (0.17098014371819376, -0.17098014371819376) P1 Winnings: 49.0
Choosing model 1
[0.006770262170658722, 0.9471481426744699, 0.0425116533444506, 0.003529580253172855, 4.036155724819149e-05]
Games played: 57
Exploitability: P1=2.800000000 P2=0.170980144 EV: (0.17098014371819376, -0.17098014371819376) P1 Winnings: 50.0
Choosing model 1
[0.005083726117442225, 0.9589057669253803, 0.03304907392790426, 0.0029352809783708364, 2.6152050902403867e-05]
Games played: 58
Exploitability: P1=2.800000000 P2=0.170980144 EV: (0.17098014371819376, -0.17098014371819376) P1 Winnings: 57.0
Choosing model 1
[0.0032519645619561175, 0.9723236421006007, 0.022229519705668586, 0.0021812599064275503, 1.361372534706486e-05]
Games played: 59
Exploitability: P1=2.800000000 P2=0.170980144 EV: (0.17098014371819376, -0.17098014371819376) P1 Winnings: 57.0
Choosing model 1
[0.004206468217232842, 0.9649996627807476, 0.028140736229509026, 0.0026341359629936515, 1.8996809517015178e-05]
Games played: 60
Exploitability: P1=2.800000000 P2=0.170980144 EV: (0.17098014371819376, -0.17098014371819376) P1 Winnings: 58.0
Choosing model 1
[0.005153527648889798, 0.9578856857203619, 0.03388225451403786, 0.003053782598272442, 2.474951843805419e-05]
Games played: 61
Exploitability: P1=2.800000000 P2=0.170980144 EV: (0.17098014371819376, -0.17098014371819376) P1 Winnings: 57.0
Choosing model 2
[0.005124466508284047, 0.9578168742968332, 0.03394324742471417, 0.003091843272342267, 2.356849782643141e-05]
Games played: 62
Exploitability: P1=4.600000000 P2=0.170980144 EV: (0.13922319986542547, -0.13922319986542547) P1 Winnings: 60.0
Choosing model 1
[0.0049617718397068815, 0.9575109004787382, 0.034799731838696335, 0.0027068891805370593, 2.0706662321434508e-05]
Games played: 63
Exploitability: P1=2.800000000 P2=0.170980144 EV: (0.17098014371819376, -0.17098014371819376) P1 Winnings: 61.0
Choosing model 1
[0.005586087566671126, 0.9551369148163077, 0.03604382832292942, 0.003207790528633769, 2.5378765457985195e-05]
Games played: 64
Exploitability: P1=2.800000000 P2=0.170980144 EV: (0.17098014371819376, -0.17098014371819376) P1 Winnings: 70.0
Choosing model 1
[0.005230972177997117, 0.9576322197648807, 0.03403615644680101, 0.003077745343291973, 2.2906267029257566e-05]
Games played: 65
Exploitability: P1=2.800000000 P2=0.170980144 EV: (0.17098014371819376, -0.17098014371819376) P1 Winnings: 73.0
Choosing model 1
[0.0026998656973072008, 0.9763898824495886, 0.01891913884980912, 0.0019823826273343225, 8.730375960702821e-06]
Games played: 66
Exploitability: P1=2.800000000 P2=0.170980144 EV: (0.17098014371819376, -0.17098014371819376) P1 Winnings: 80.0
Choosing model 1
[0.001381458288285446, 0.9869238763627803, 0.010425528559016888, 0.0012658380548449491, 3.2987350722971256e-06]
Games played: 67
Exploitability: P1=2.800000000 P2=0.170980144 EV: (0.17098014371819376, -0.17098014371819376) P1 Winnings: 87.0
Choosing model 1
[0.0025582878572894827, 0.9772523253775677, 0.018221905841356592, 0.001959886357718272, 7.594566068065555e-06]
Games played: 68
Exploitability: P1=2.800000000 P2=0.170980144 EV: (0.17098014371819376, -0.17098014371819376) P1 Winnings: 87.0
Choosing model 1
[0.0033136755524209157, 0.9712069797317248, 0.023098721402024184, 0.0023700113584671292, 1.0611955362991905e-05]
Games played: 69
Exploitability: P1=2.800000000 P2=0.170980144 EV: (0.17098014371819376, -0.17098014371819376) P1 Winnings: 88.0
Choosing model 1
[0.0025064388689914983, 0.9733255738860144, 0.02285206393367779, 0.001310538030567541, 5.38528074868545e-06]
Games played: 70
Exploitability: P1=2.800000000 P2=0.170980144 EV: (0.17098014371819376, -0.17098014371819376) P1 Winnings: 91.0
Choosing model 1
[0.0023446229100938564, 0.9748380410697531, 0.02155639978194418, 0.001256080744328488, 4.8554938803894575e-06]
Games played: 71
Exploitability: P1=2.800000000 P2=0.170980144 EV: (0.17098014371819376, -0.17098014371819376) P1 Winnings: 78.0
Choosing model 1
[0.0026425892351356274, 0.9735092438440661, 0.022352029003053546, 0.0014901802056820285, 5.957712062758246e-06]
Games played: 72
Exploitability: P1=2.800000000 P2=0.170980144 EV: (0.17098014371819376, -0.17098014371819376) P1 Winnings: 87.0
Choosing model 1
[0.003264009095214976, 0.9676269092524162, 0.027407330192235867, 0.0016940185134579242, 7.732946675101603e-06]
Games played: 73
Exploitability: P1=2.800000000 P2=0.170980144 EV: (0.17098014371819376, -0.17098014371819376) P1 Winnings: 88.0
Choosing model 1
[0.003054298888265644, 0.9694525775857342, 0.025861983192373705, 0.0016241658131280244, 6.974520498187627e-06]
Games played: 74
Exploitability: P1=2.800000000 P2=0.170980144 EV: (0.17098014371819376, -0.17098014371819376) P1 Winnings: 81.0
Choosing model 1
[0.004482926115232334, 0.9567505027381024, 0.036622854102614774, 0.0021320309024398377, 1.1686141610702456e-05]
Games played: 75
Exploitability: P1=2.800000000 P2=0.170980144 EV: (0.17098014371819376, -0.17098014371819376) P1 Winnings: 76.0
Choosing model 1
[0.005862541278551277, 0.9446967427646157, 0.046830368567429524, 0.0025938632351266743, 1.6484154276658394e-05]
Games played: 76
Exploitability: P1=2.800000000 P2=0.170980144 EV: (0.17098014371819376, -0.17098014371819376) P1 Winnings: 79.0
Choosing model 1
[0.004168901966009761, 0.958674118042977, 0.035140347402440604, 0.0020068925089837316, 9.740079588991115e-06]
Games played: 77
Exploitability: P1=2.800000000 P2=0.170980144 EV: (0.17098014371819376, -0.17098014371819376) P1 Winnings: 86.0
Choosing model 1
[0.005100549239401186, 0.9503109490954993, 0.04225238602925653, 0.002323443297548564, 1.2672338294546796e-05]
Games played: 78
Exploitability: P1=2.800000000 P2=0.170980144 EV: (0.17098014371819376, -0.17098014371819376) P1 Winnings: 87.0
Choosing model 1
[0.006657706497520225, 0.936575559614708, 0.05392746386621846, 0.002821428345388659, 1.7841676164605885e-05]
Games played: 79
Exploitability: P1=2.800000000 P2=0.170980144 EV: (0.17098014371819376, -0.17098014371819376) P1 Winnings: 90.0
Choosing model 1
[0.0062413094698350905, 0.9400530019768208, 0.05097954982840954, 0.0027100175800771576, 1.6121144857373083e-05]
Games played: 80
Exploitability: P1=2.800000000 P2=0.170980144 EV: (0.17098014371819376, -0.17098014371819376) P1 Winnings: 93.0
Choosing model 2
[0.007052958121063161, 0.9383305919190377, 0.05123784471962036, 0.0033582345371636494, 2.037070311507499e-05]
Games played: 81
Exploitability: P1=4.600000000 P2=0.170980144 EV: (0.13922319986542547, -0.13922319986542547) P1 Winnings: 86.0
Choosing model 1
[0.006826656687060945, 0.9377039494435107, 0.05251241449599763, 0.00293908844640514, 1.7890927025628695e-05]
Games played: 82
Exploitability: P1=2.800000000 P2=0.170980144 EV: (0.17098014371819376, -0.17098014371819376) P1 Winnings: 87.0
Choosing model 1
[0.0051376318916665645, 0.951485176196664, 0.04091584729519243, 0.0024497261463432905, 1.1618470133612616e-05]
Games played: 83
Exploitability: P1=2.800000000 P2=0.170980144 EV: (0.17098014371819376, -0.17098014371819376) P1 Winnings: 94.0
Choosing model 1
[0.006607717739714554, 0.9389339307476111, 0.05150075744955936, 0.002941473904130278, 1.6120158984849762e-05]
Games played: 84
Exploitability: P1=2.800000000 P2=0.170980144 EV: (0.17098014371819376, -0.17098014371819376) P1 Winnings: 95.0
Choosing model 1
[0.007390215010413144, 0.9321802725137325, 0.05720088506638517, 0.003210287698054903, 1.8339711414416307e-05]
Games played: 85
Exploitability: P1=2.800000000 P2=0.170980144 EV: (0.17098014371819376, -0.17098014371819376) P1 Winnings: 98.0
Choosing model 1
[0.009455052961998351, 0.9150636588607804, 0.07162146646994962, 0.003834509427308298, 2.5312279963103794e-05]
Games played: 86
Exploitability: P1=2.800000000 P2=0.170980144 EV: (0.17098014371819376, -0.17098014371819376) P1 Winnings: 99.0
Choosing model 1
[0.006873146103412655, 0.9359307176346137, 0.05406170965918457, 0.0031186595919942914, 1.5767010794789447e-05]
Games played: 87
Exploitability: P1=2.800000000 P2=0.170980144 EV: (0.17098014371819376, -0.17098014371819376) P1 Winnings: 99.0
Choosing model 1
[0.007729784969626987, 0.9326237957892574, 0.05593526222055959, 0.0036918528723419034, 1.9304148214036296e-05]
Games played: 88
Exploitability: P1=2.800000000 P2=0.170980144 EV: (0.17098014371819376, -0.17098014371819376) P1 Winnings: 108.0
Choosing model 1
[0.007729777972356689, 0.9326238487307779, 0.05593521835418748, 0.003691850822498035, 1.930412017987068e-05]
Games played: 89
Exploitability: P1=2.800000000 P2=0.170980144 EV: (0.17098014371819376, -0.17098014371819376) P1 Winnings: 101.0
Choosing model 1
[0.0058590829958400144, 0.936630624952854, 0.05545469546584906, 0.0020457795932895873, 9.816992167478611e-06]
Games played: 90
Exploitability: P1=2.800000000 P2=0.170980144 EV: (0.17098014371819376, -0.17098014371819376) P1 Winnings: 104.0
Choosing model 1
[0.005492645254586122, 0.9401100881754664, 0.052423395218330573, 0.0019650010270487843, 8.870324568026127e-06]
Games played: 91
Exploitability: P1=2.800000000 P2=0.170980144 EV: (0.17098014371819376, -0.17098014371819376) P1 Winnings: 97.0
Choosing model 1
[0.003536496095033222, 0.9594974626037235, 0.03549163796131183, 0.0014697556809207238, 4.647659010700884e-06]
Games played: 92
Exploitability: P1=2.800000000 P2=0.170980144 EV: (0.17098014371819376, -0.17098014371819376) P1 Winnings: 104.0
Choosing model 1
[0.004458893890149229, 0.9499461594469131, 0.04385077332506343, 0.0017378749869041879, 6.29835096998333e-06]
Games played: 93
Exploitability: P1=2.800000000 P2=0.170980144 EV: (0.17098014371819376, -0.17098014371819376) P1 Winnings: 104.0
Choosing model 1
[0.005475622022203274, 0.9396013287404128, 0.05289823171364119, 0.0020165801905445593, 8.237333198094062e-06]
Games played: 94
Exploitability: P1=2.800000000 P2=0.170980144 EV: (0.17098014371819376, -0.17098014371819376) P1 Winnings: 105.0
Choosing model 1
[0.003899001857289147, 0.9547868270687114, 0.039746952987972824, 0.00156234429751131, 4.873788515225891e-06]
Games played: 95
Exploitability: P1=2.800000000 P2=0.170980144 EV: (0.17098014371819376, -0.17098014371819376) P1 Winnings: 112.0
Choosing model 1
[0.004368868856135045, 0.9496886947321074, 0.0442285751687367, 0.0017083060413158704, 5.555201705027588e-06]
Games played: 96
Exploitability: P1=2.800000000 P2=0.170980144 EV: (0.17098014371819376, -0.17098014371819376) P1 Winnings: 112.0
Choosing model 1
[0.006358070855746773, 0.9293080637459477, 0.06210114655696389, 0.0022234896652949167, 9.229176046592666e-06]
Games played: 97
Exploitability: P1=2.800000000 P2=0.170980144 EV: (0.17098014371819376, -0.17098014371819376) P1 Winnings: 107.0
Choosing model 1
[0.0036455234869030417, 0.9568215939356631, 0.037983482556882456, 0.0015453457889347416, 4.054231616644929e-06]
Games played: 98
Exploitability: P1=2.800000000 P2=0.170980144 EV: (0.17098014371819376, -0.17098014371819376) P1 Winnings: 114.0
Choosing model 1
[0.0025839111153293658, 0.9678130043508861, 0.02840894830341591, 0.0011917484944533425, 2.3877359152130614e-06]
Games played: 99
Exploitability: P1=2.800000000 P2=0.170980144 EV: (0.17098014371819376, -0.17098014371819376) P1 Winnings: 121.0
Choosing model 1
[0.0024178754151073616, 0.9696304847098243, 0.026806889550052653, 0.0011425967906481297, 2.153534367664422e-06]
Games played: 100
Exploitability: P1=2.800000000 P2=0.170980144 EV: (0.17098014371819376, -0.17098014371819376) P1 Winnings: 114.0
Choosing model 1
[0.002714019382314666, 0.9661500258638916, 0.029881953924196483, 0.0012515418868418444, 2.4589427552391467e-06]
Games played: 101
Exploitability: P1=2.800000000 P2=0.170980144 EV: (0.17098014371819376, -0.17098014371819376) P1 Winnings: 117.0
Choosing model 1
[0.0027140104966142417, 0.9661501224853154, 0.02988186876063616, 0.001251539327440791, 2.4589299933204446e-06]
Games played: 102
Exploitability: P1=2.800000000 P2=0.170980144 EV: (0.17098014371819376, -0.17098014371819376) P1 Winnings: 108.0
Choosing model 1
[0.003325766465557169, 0.9592334364026442, 0.03598635893005491, 0.0014512339592035785, 3.204242539897471e-06]
Games played: 103
Exploitability: P1=2.800000000 P2=0.170980144 EV: (0.17098014371819376, -0.17098014371819376) P1 Winnings: 109.0
Choosing model 1
[0.0028248416029166565, 0.9622063107235931, 0.03385886598171773, 0.0011077713416266424, 2.210350145790302e-06]
Games played: 104
Exploitability: P1=2.800000000 P2=0.170980144 EV: (0.17098014371819376, -0.17098014371819376) P1 Winnings: 114.0
Choosing model 1
[0.0031952598119553114, 0.9613648176227094, 0.034063067413300646, 0.0013740594704602699, 2.795681574306627e-06]
Games played: 105
Exploitability: P1=2.800000000 P2=0.170980144 EV: (0.17098014371819376, -0.17098014371819376) P1 Winnings: 107.0
Choosing model 1
[0.003911515863566173, 0.9535131055036058, 0.04098005333314538, 0.0015916859338841157, 3.6393657986646884e-06]
Games played: 106
Exploitability: P1=2.800000000 P2=0.170980144 EV: (0.17098014371819376, -0.17098014371819376) P1 Winnings: 106.0
Choosing model 1
[0.0047803753468360554, 0.944154434345268, 0.04921974368368569, 0.0018407168370051781, 4.729787204924695e-06]
Games played: 107
Exploitability: P1=2.800000000 P2=0.170980144 EV: (0.17098014371819376, -0.17098014371819376) P1 Winnings: 107.0
Choosing model 1
[0.003356800351619368, 0.9592196102365431, 0.03596468758682393, 0.001456076332325525, 2.825492688092926e-06]
Games played: 108
Exploitability: P1=2.800000000 P2=0.170980144 EV: (0.17098014371819376, -0.17098014371819376) P1 Winnings: 100.0
Choosing model 1
[0.0019008237092807017, 0.9753738381448839, 0.021724672881437816, 0.0009994394587869288, 1.2258056108118673e-06]
Games played: 109
Exploitability: P1=2.800000000 P2=0.170980144 EV: (0.17098014371819376, -0.17098014371819376) P1 Winnings: 107.0
Choosing model 1
[0.002135092021512659, 0.9725347835757672, 0.024233243400077115, 0.0010954804032038872, 1.4005994392845334e-06]
Games played: 110
Exploitability: P1=2.800000000 P2=0.170980144 EV: (0.17098014371819376, -0.17098014371819376) P1 Winnings: 107.0
Choosing model 2
[0.0024063228090336424, 0.9711658161629191, 0.02512655221234024, 0.0012995903507528619, 1.718464954202929e-06]
Games played: 111
Exploitability: P1=4.600000000 P2=0.170980144 EV: (0.13922319986542547, -0.13922319986542547) P1 Winnings: 116.0
Choosing model 1
[0.0017232282521555133, 0.9785501530217883, 0.018684297574163216, 0.0010412666288165387, 1.0545230763318083e-06]
Games played: 112
Exploitability: P1=2.800000000 P2=0.170980144 EV: (0.17098014371819376, -0.17098014371819376) P1 Winnings: 116.0
Choosing model 1
[0.0014615985595325153, 0.9801892399307338, 0.017554732896036873, 0.0007937022155426416, 7.263981541767073e-07]
Games played: 113
Exploitability: P1=2.800000000 P2=0.170980144 EV: (0.17098014371819376, -0.17098014371819376) P1 Winnings: 121.0
Choosing model 1
[0.0016426697658735064, 0.9778930769122484, 0.01959295426131847, 0.0008704686086743535, 8.304518853183753e-07]
Games played: 114
Exploitability: P1=2.800000000 P2=0.170980144 EV: (0.17098014371819376, -0.17098014371819376) P1 Winnings: 124.0
Choosing model 1
[0.0020179606233318346, 0.973314657883283, 0.023654418421916935, 0.0010118782059899943, 1.084865478362702e-06]
Games played: 115
Exploitability: P1=2.800000000 P2=0.170980144 EV: (0.17098014371819376, -0.17098014371819376) P1 Winnings: 125.0
Choosing model 1
[0.0014672858664338605, 0.9777808674399667, 0.020096516089000142, 0.0006547597126081099, 5.708919911291579e-07]
Games played: 116
Exploitability: P1=2.800000000 P2=0.170980144 EV: (0.17098014371819376, -0.17098014371819376) P1 Winnings: 134.0
Choosing model 1
[0.001372203750523545, 0.9790476946035754, 0.018952196663241053, 0.0006273903859648922, 5.14596695107907e-07]
Games played: 117
Exploitability: P1=2.800000000 P2=0.170980144 EV: (0.17098014371819376, -0.17098014371819376) P1 Winnings: 121.0
Choosing model 1
[0.0017781712158045579, 0.9734268721809999, 0.024035219717864195, 0.0007590175128136624, 7.193725176379303e-07]
Games played: 118
Exploitability: P1=2.800000000 P2=0.170980144 EV: (0.17098014371819376, -0.17098014371819376) P1 Winnings: 122.0
Choosing model 1
[0.0021823360701240017, 0.9679453875544123, 0.028989857326753275, 0.0008814801885989386, 9.388601113974301e-07]
Games played: 119
Exploitability: P1=2.800000000 P2=0.170980144 EV: (0.17098014371819376, -0.17098014371819376) P1 Winnings: 123.0
Choosing model 1
[0.0035722643475318886, 0.9499901917568633, 0.045193851880986034, 0.0012418404363631378, 1.851578255717927e-06]
Games played: 120
Exploitability: P1=2.800000000 P2=0.170980144 EV: (0.17098014371819376, -0.17098014371819376) P1 Winnings: 124.0
Choosing model 1
[0.00334621812988078, 0.9527703610543969, 0.04268988018334302, 0.0011918689186991497, 1.6717136801392904e-06]
Games played: 121
Exploitability: P1=2.800000000 P2=0.170980144 EV: (0.17098014371819376, -0.17098014371819376) P1 Winnings: 117.0
Choosing model 1
[0.0028432294758472996, 0.9560650556297033, 0.04018044581946544, 0.000910115481205247, 1.1535937788033095e-06]
Games played: 122
Exploitability: P1=2.800000000 P2=0.170980144 EV: (0.17098014371819376, -0.17098014371819376) P1 Winnings: 122.0
Choosing model 1
[0.0034766359832889846, 0.9471838319113635, 0.04828496329256722, 0.0010530687850085348, 1.5000277720424804e-06]
Games played: 123
Exploitability: P1=2.800000000 P2=0.170980144 EV: (0.17098014371819376, -0.17098014371819376) P1 Winnings: 121.0
Choosing model 1
[0.004466067995896078, 0.9335657161337615, 0.06070319977716221, 0.0012629373670001221, 2.0787261801816706e-06]
Games played: 124
Exploitability: P1=2.800000000 P2=0.170980144 EV: (0.17098014371819376, -0.17098014371819376) P1 Winnings: 122.0
Choosing model 1
[0.007167331793887527, 0.8983040991598857, 0.09278015298967604, 0.001744396772589925, 4.019283960703985e-06]
Games played: 125
Exploitability: P1=2.800000000 P2=0.170980144 EV: (0.17098014371819376, -0.17098014371819376) P1 Winnings: 123.0
Choosing model 1
[0.006532877376353588, 0.9057809349927095, 0.08601607081413347, 0.0016667351985697385, 3.3816182335803462e-06]
Games played: 126
Exploitability: P1=2.800000000 P2=0.170980144 EV: (0.17098014371819376, -0.17098014371819376) P1 Winnings: 126.0
Choosing model 1
[0.005950924740592071, 0.9127585794118706, 0.07969610025192575, 0.0015915522253453238, 2.8433702662336973e-06]
Games played: 127
Exploitability: P1=2.800000000 P2=0.170980144 EV: (0.17098014371819376, -0.17098014371819376) P1 Winnings: 129.0
Choosing model 1
[0.00343596915513186, 0.9463623362167158, 0.049086548352139645, 0.0011138884826316412, 1.2577933809390952e-06]
Games played: 128
Exploitability: P1=2.800000000 P2=0.170980144 EV: (0.17098014371819376, -0.17098014371819376) P1 Winnings: 136.0
Choosing model 1
[0.0038461906497394708, 0.9403689532919592, 0.0545666870841027, 0.0012167367584591969, 1.432215739521046e-06]
Games played: 129
Exploitability: P1=2.800000000 P2=0.170980144 EV: (0.17098014371819376, -0.17098014371819376) P1 Winnings: 136.0
Choosing model 1
[0.0043023414086548264, 0.9337521790420876, 0.06061570927052226, 0.0013281406071591457, 1.629671576018492e-06]
Games played: 130
Exploitability: P1=2.800000000 P2=0.170980144 EV: (0.17098014371819376, -0.17098014371819376) P1 Winnings: 139.0
Choosing model 1
[0.005588696191550386, 0.9158126659814645, 0.07699134005776863, 0.0016050143959340918, 2.2833732824947078e-06]
Games played: 131
Exploitability: P1=2.800000000 P2=0.170980144 EV: (0.17098014371819376, -0.17098014371819376) P1 Winnings: 142.0
Choosing model 1
[0.004208217203872453, 0.916508517214557, 0.07843405651683089, 0.000848085998809526, 1.1230659301522577e-06]
Games played: 132
Exploitability: P1=2.800000000 P2=0.170980144 EV: (0.17098014371819376, -0.17098014371819376) P1 Winnings: 147.0
Choosing model 1
[0.004758001880388505, 0.915315705349025, 0.07887337192536338, 0.0010515009828006461, 1.419862422365345e-06]
Games played: 133
Exploitability: P1=2.800000000 P2=0.170980144 EV: (0.17098014371819376, -0.17098014371819376) P1 Winnings: 140.0
Choosing model 1
[0.004478883282102533, 0.9192575230897038, 0.07526277313276517, 0.000999540189207758, 1.2803062207062213e-06]
Games played: 134
Exploitability: P1=2.800000000 P2=0.170980144 EV: (0.17098014371819376, -0.17098014371819376) P1 Winnings: 145.0
Choosing model 1
[0.008087092833926847, 0.8755279142440171, 0.1146728498795388, 0.0017090159279898266, 3.1271145273094965e-06]
Games played: 135
Exploitability: P1=2.800000000 P2=0.170980144 EV: (0.17098014371819376, -0.17098014371819376) P1 Winnings: 150.0
Choosing model 2
[0.009772385469726086, 0.8521508172323685, 0.13612137910152028, 0.0019513937569162838, 4.024439468878007e-06]
Games played: 136
Exploitability: P1=4.600000000 P2=0.170980144 EV: (0.13922319986542547, -0.13922319986542547) P1 Winnings: 151.0
Choosing model 2
[0.013651789274987239, 0.8004376972708835, 0.18346602088223085, 0.002438074550969734, 6.418020928673061e-06]
Games played: 137
Exploitability: P1=4.600000000 P2=0.170980144 EV: (0.13922319986542547, -0.13922319986542547) P1 Winnings: 146.0
Choosing model 2
[0.01024044107143255, 0.8448068058249328, 0.14290245351241132, 0.0020461742801229144, 4.125311100242234e-06]
Games played: 138
Exploitability: P1=4.600000000 P2=0.170980144 EV: (0.13922319986542547, -0.13922319986542547) P1 Winnings: 151.0
Choosing model 1
[0.01402993090304825, 0.7941395824934483, 0.18930057853262758, 0.0025235113357832653, 6.396735092631121e-06]
Games played: 139
Exploitability: P1=2.800000000 P2=0.170980144 EV: (0.17098014371819376, -0.17098014371819376) P1 Winnings: 151.0
Choosing model 1
[0.017513564812968545, 0.7484887055017919, 0.23105853716451963, 0.002930579637064102, 8.61288365586522e-06]
Games played: 140
Exploitability: P1=2.800000000 P2=0.170980144 EV: (0.17098014371819376, -0.17098014371819376) P1 Winnings: 154.0
Choosing model 2
[0.02542323593870795, 0.6514601181727901, 0.3194402338171125, 0.0036613486342169372, 1.5063437172281077e-05]
Games played: 141
Exploitability: P1=4.600000000 P2=0.170980144 EV: (0.13922319986542547, -0.13922319986542547) P1 Winnings: 155.0
Choosing model 0
[0.035866813019464476, 0.6326096293456762, 0.32448557175040177, 0.007005847614191197, 3.213827026636157e-05]
Games played: 142
Exploitability: P1=1.900000000 P2=0.170980144 EV: (-0.09003320260549874, 0.09003320260549874) P1 Winnings: 152.0
Choosing model 2
[0.03452197107299401, 0.6286540326996768, 0.3306987572408406, 0.0060971707348433605, 2.8068251645356574e-05]
Games played: 143
Exploitability: P1=4.600000000 P2=0.170980144 EV: (0.13922319986542547, -0.13922319986542547) P1 Winnings: 153.0
Choosing model 2
[0.04415878929228602, 0.5406987450975458, 0.40812617687684344, 0.006975301964934909, 4.0986768390051053e-05]
Games played: 144
Exploitability: P1=4.600000000 P2=0.170980144 EV: (0.13922319986542547, -0.13922319986542547) P1 Winnings: 158.0
Choosing model 2
[0.03571094661435721, 0.6152340304527127, 0.34271539400807316, 0.006311226568506236, 2.8402356350585623e-05]
Games played: 145
Exploitability: P1=4.600000000 P2=0.170980144 EV: (0.13922319986542547, -0.13922319986542547) P1 Winnings: 158.0
Choosing model 2
[0.031117455004999916, 0.6331179092949497, 0.3308022619328385, 0.004942274027950801, 2.0099739260992356e-05]
Games played: 146
Exploitability: P1=4.600000000 P2=0.170980144 EV: (0.13922319986542547, -0.13922319986542547) P1 Winnings: 163.0
Choosing model 1
[0.029933778925714718, 0.6288038431168776, 0.33694601445460565, 0.004298819125131762, 1.754437767019337e-05]
Games played: 147
Exploitability: P1=2.800000000 P2=0.170980144 EV: (0.17098014371819376, -0.17098014371819376) P1 Winnings: 164.0
Choosing model 1
[0.0285797010959771, 0.6427909762172916, 0.32440787423954703, 0.004205303253499702, 1.6145193684495297e-05]
Games played: 148
Exploitability: P1=2.800000000 P2=0.170980144 EV: (0.17098014371819376, -0.17098014371819376) P1 Winnings: 167.0
Choosing model 1
[0.021993302347266982, 0.6834216901247964, 0.2916960868748729, 0.0028799287413178542, 8.991911745849505e-06]
Games played: 149
Exploitability: P1=2.800000000 P2=0.170980144 EV: (0.17098014371819376, -0.17098014371819376) P1 Winnings: 176.0
Choosing model 2
[0.021860810603242666, 0.6831079300906826, 0.2921080064757851, 0.0029146933192981885, 8.559510991346723e-06]
Games played: 150
Exploitability: P1=4.600000000 P2=0.170980144 EV: (0.13922319986542547, -0.13922319986542547) P1 Winnings: 179.0
Choosing model 1
[0.030637872518458585, 0.5737136141469947, 0.3920714900367725, 0.00356302493699932, 1.3998360775048678e-05]
Games played: 151
Exploitability: P1=2.800000000 P2=0.170980144 EV: (0.17098014371819376, -0.17098014371819376) P1 Winnings: 182.0
Choosing model 0
[0.03462569667747431, 0.5217725532667421, 0.43987903099676673, 0.00370609408770626, 1.662497131069744e-05]
Games played: 152
Exploitability: P1=1.900000000 P2=0.170980144 EV: (-0.09003320260549874, 0.09003320260549874) P1 Winnings: 183.0
Choosing model 2
[0.04499109579438952, 0.4064953567999165, 0.544342986717614, 0.004144534642814276, 2.6026045265582733e-05]
Games played: 153
Exploitability: P1=4.600000000 P2=0.170980144 EV: (0.13922319986542547, -0.13922319986542547) P1 Winnings: 184.0
Choosing model 1
[0.04306069491747173, 0.4016827341496593, 0.5516472681425785, 0.0035867004863114767, 2.26023039789853e-05]
Games played: 154
Exploitability: P1=2.800000000 P2=0.170980144 EV: (0.17098014371819376, -0.17098014371819376) P1 Winnings: 185.0
Choosing model 2
[0.04528030126706031, 0.3749477236555933, 0.5760673836556446, 0.0036804146354492613, 2.417678625258792e-05]
Games played: 155
Exploitability: P1=4.600000000 P2=0.170980144 EV: (0.13922319986542547, -0.13922319986542547) P1 Winnings: 185.0
Choosing model 2
[0.03652503969015144, 0.4178672496715096, 0.5429516147881444, 0.002641981659727677, 1.411419046699595e-05]
Games played: 156
Exploitability: P1=4.600000000 P2=0.170980144 EV: (0.13922319986542547, -0.13922319986542547) P1 Winnings: 194.0
Choosing model 2
[0.0400847283226455, 0.3715575163090738, 0.585597620586193, 0.0027436629004717835, 1.6471881615709644e-05]
Games played: 157
Exploitability: P1=4.600000000 P2=0.170980144 EV: (0.13922319986542547, -0.13922319986542547) P1 Winnings: 195.0
Choosing model 2
[0.04400327183869186, 0.3613957410809507, 0.5914109947042874, 0.003170307228319702, 1.9685147750353356e-05]
Games played: 158
Exploitability: P1=4.600000000 P2=0.170980144 EV: (0.13922319986542547, -0.13922319986542547) P1 Winnings: 204.0
Choosing model 2
[0.0440032069791167, 0.36139642774783004, 0.5914103737403373, 0.0031703064516977863, 1.9685081018153234e-05]
Games played: 159
Exploitability: P1=4.600000000 P2=0.170980144 EV: (0.13922319986542547, -0.13922319986542547) P1 Winnings: 195.0
Choosing model 2
[0.042058839694353534, 0.3566398967762052, 0.5985442633725381, 0.002739927534623636, 1.7072622279591373e-05]
Games played: 160
Exploitability: P1=4.600000000 P2=0.170980144 EV: (0.13922319986542547, -0.13922319986542547) P1 Winnings: 196.0
Choosing model 2
[0.04126528720202237, 0.3623375674432886, 0.5936169309782345, 0.0027643896484208274, 1.5824728033661016e-05]
Games played: 161
Exploitability: P1=4.600000000 P2=0.170980144 EV: (0.13922319986542547, -0.13922319986542547) P1 Winnings: 201.0
Choosing model 2
[0.0532590118163849, 0.2805943660158125, 0.6626386428449279, 0.003482179866716688, 2.5799456158111428e-05]
Games played: 162
Exploitability: P1=4.600000000 P2=0.170980144 EV: (0.13922319986542547, -0.13922319986542547) P1 Winnings: 201.0
Choosing model 0
[0.06672719633891358, 0.2109337484227994, 0.7180402341227459, 0.0042579904565700965, 4.083065897100435e-05]
Games played: 163
Exploitability: P1=1.900000000 P2=0.170980144 EV: (-0.09003320260549874, 0.09003320260549874) P1 Winnings: 201.0
Choosing model 2
[0.0636289919761803, 0.20766884518734527, 0.7249955184260687, 0.003671315631898181, 3.532877850745056e-05]
Games played: 164
Exploitability: P1=4.600000000 P2=0.170980144 EV: (0.13922319986542547, -0.13922319986542547) P1 Winnings: 202.0
Choosing model 2
[0.06232882095074783, 0.2178029023390646, 0.7161501742246948, 0.0036847466621615825, 3.335582333097852e-05]
Games played: 165
Exploitability: P1=4.600000000 P2=0.170980144 EV: (0.13922319986542547, -0.13922319986542547) P1 Winnings: 189.0
Choosing model 2
[0.07447493965622527, 0.23970653687125443, 0.6798932306300506, 0.00587721802125145, 4.8074821218163385e-05]
Games played: 166
Exploitability: P1=4.600000000 P2=0.170980144 EV: (0.13922319986542547, -0.13922319986542547) P1 Winnings: 176.0
Choosing model 2
[0.07894025126357598, 0.28857183978240414, 0.624922452355919, 0.007511559578948819, 5.3897019152024526e-05]
Games played: 167
Exploitability: P1=4.600000000 P2=0.170980144 EV: (0.13922319986542547, -0.13922319986542547) P1 Winnings: 181.0
Choosing model 2
[0.06833261723740174, 0.36140570663397575, 0.562897227332699, 0.007324758588895898, 3.969020702757556e-05]
Games played: 168
Exploitability: P1=4.600000000 P2=0.170980144 EV: (0.13922319986542547, -0.13922319986542547) P1 Winnings: 172.0
Choosing model 0
[0.06833251699461973, 0.36140639584556716, 0.5628966402412974, 0.007324756845759694, 3.969007275606636e-05]
Games played: 169
Exploitability: P1=1.900000000 P2=0.170980144 EV: (-0.09003320260549874, 0.09003320260549874) P1 Winnings: 163.0
Choosing model 2
[0.06631309621704252, 0.37551400112798133, 0.5508526635269476, 0.007283114426894992, 3.712470113333517e-05]
Games played: 170
Exploitability: P1=4.600000000 P2=0.170980144 EV: (0.13922319986542547, -0.13922319986542547) P1 Winnings: 168.0
Choosing model 2
[0.058202674638354934, 0.545559385120404, 0.3851868552020032, 0.01101657342876577, 3.4511610472102416e-05]
Games played: 171
Exploitability: P1=4.600000000 P2=0.170980144 EV: (0.13922319986542547, -0.13922319986542547) P1 Winnings: 159.0
Choosing model 1
[0.0422881636530572, 0.6899979132247687, 0.2562095385821436, 0.011482523247330815, 2.1861292699561785e-05]
Games played: 172
Exploitability: P1=2.800000000 P2=0.170980144 EV: (0.17098014371819376, -0.17098014371819376) P1 Winnings: 150.0
Choosing model 1
[0.045942778547025415, 0.6654347723368694, 0.27642496689292245, 0.012173322505470038, 2.4159717712758867e-05]
Games played: 173
Exploitability: P1=2.800000000 P2=0.170980144 EV: (0.17098014371819376, -0.17098014371819376) P1 Winnings: 150.0
Choosing model 1
[0.045942669327128274, 0.6654354355805012, 0.2764244269515352, 0.012173308526847665, 2.415961398768469e-05]
Games played: 174
Exploitability: P1=2.800000000 P2=0.170980144 EV: (0.17098014371819376, -0.17098014371819376) P1 Winnings: 141.0
Choosing model 1
[0.04925054195007782, 0.6440458715269833, 0.29395892557078496, 0.01271803250656225, 2.662844559174944e-05]
Games played: 175
Exploitability: P1=2.800000000 P2=0.170980144 EV: (0.17098014371819376, -0.17098014371819376) P1 Winnings: 141.0
Choosing model 1
[0.05322524945532019, 0.6178496083405812, 0.3154836700800079, 0.0134121989312726, 2.9273192818200462e-05]
Games played: 176
Exploitability: P1=2.800000000 P2=0.170980144 EV: (0.17098014371819376, -0.17098014371819376) P1 Winnings: 144.0
Choosing model 1
[0.06779669208436415, 0.529170538521042, 0.38771088848634055, 0.015279314438364019, 4.256646988927439e-05]
Games played: 177
Exploitability: P1=2.800000000 P2=0.170980144 EV: (0.17098014371819376, -0.17098014371819376) P1 Winnings: 139.0
Choosing model 1
[0.07876868543519318, 0.4642053447262828, 0.4404576401287363, 0.01651498591328831, 5.334379649936003e-05]
Games played: 178
Exploitability: P1=2.800000000 P2=0.170980144 EV: (0.17098014371819376, -0.17098014371819376) P1 Winnings: 142.0
Choosing model 1
[0.08630007057913006, 0.4506284882904975, 0.4439619667087253, 0.019045848964434217, 6.362545721286331e-05]
Games played: 179
Exploitability: P1=2.800000000 P2=0.170980144 EV: (0.17098014371819376, -0.17098014371819376) P1 Winnings: 151.0
Choosing model 1
[0.06642222270143482, 0.4609598620858578, 0.4622992322015551, 0.010286695985321762, 3.1987025830455813e-05]
Games played: 180
Exploitability: P1=2.800000000 P2=0.170980144 EV: (0.17098014371819376, -0.17098014371819376) P1 Winnings: 156.0
Choosing model 1
[0.0628170962210185, 0.4822590212555041, 0.44469796658384225, 0.010197992610006524, 2.792332962876778e-05]
Games played: 181
Exploitability: P1=2.800000000 P2=0.170980144 EV: (0.17098014371819376, -0.17098014371819376) P1 Winnings: 159.0
Choosing model 1
[0.06977635445190185, 0.43402055932382616, 0.4854510096670586, 0.010719093059497087, 3.298349771642668e-05]
Games played: 182
Exploitability: P1=2.800000000 P2=0.170980144 EV: (0.17098014371819376, -0.17098014371819376) P1 Winnings: 158.0
Choosing model 2
[0.08310678315038802, 0.34758464396318706, 0.5578454820132398, 0.011418244053790308, 4.4846819394604526e-05]
Games played: 183
Exploitability: P1=4.600000000 P2=0.170980144 EV: (0.13922319986542547, -0.13922319986542547) P1 Winnings: 153.0
Choosing model 2
[0.0906922764990563, 0.3360820880296178, 0.5600564677578714, 0.013115888853862834, 5.327885959161995e-05]
Games played: 184
Exploitability: P1=4.600000000 P2=0.170980144 EV: (0.13922319986542547, -0.13922319986542547) P1 Winnings: 162.0
Choosing model 2
[0.08698606681365795, 0.332811151206833, 0.5687816598709434, 0.011374753466401977, 4.636864216365879e-05]
Games played: 185
Exploitability: P1=4.600000000 P2=0.170980144 EV: (0.13922319986542547, -0.13922319986542547) P1 Winnings: 163.0
Choosing model 2
[0.08456902835129519, 0.34643196915699775, 0.5576248795907578, 0.011330672358805782, 4.345054214345631e-05]
Games played: 186
Exploitability: P1=4.600000000 P2=0.170980144 EV: (0.13922319986542547, -0.13922319986542547) P1 Winnings: 150.0
Choosing model 2
[0.07329481331366818, 0.414987137711712, 0.50076767070277, 0.010917833011155485, 3.2545260694365815e-05]
Games played: 187
Exploitability: P1=4.600000000 P2=0.170980144 EV: (0.13922319986542547, -0.13922319986542547) P1 Winnings: 141.0
Choosing model 2
[0.08179456085008906, 0.357168052458231, 0.5497858829395871, 0.011212513118277643, 3.8990633815170464e-05]
Games played: 188
Exploitability: P1=4.600000000 P2=0.170980144 EV: (0.13922319986542547, -0.13922319986542547) P1 Winnings: 144.0
Choosing model 1
[0.09863697716700381, 0.2582463805674713, 0.6314227640396182, 0.011637228886492096, 5.664933941479441e-05]
Games played: 189
Exploitability: P1=2.800000000 P2=0.170980144 EV: (0.17098014371819376, -0.17098014371819376) P1 Winnings: 145.0
Choosing model 0
[0.10945548986550953, 0.25312788192296964, 0.6231854411325706, 0.014160894869301763, 7.029220964838014e-05]
Games played: 190
Exploitability: P1=1.900000000 P2=0.170980144 EV: (-0.09003320260549874, 0.09003320260549874) P1 Winnings: 138.0
Choosing model 2
[0.10488987392436928, 0.25044312342292946, 0.6323356827924711, 0.012270198462468324, 6.112139776191774e-05]
Games played: 191
Exploitability: P1=4.600000000 P2=0.170980144 EV: (0.13922319986542547, -0.13922319986542547) P1 Winnings: 139.0
Choosing model 2
[0.11147636937039776, 0.21565418338830672, 0.6604604084455133, 0.012339960499711063, 6.907829607113052e-05]
Games played: 192
Exploitability: P1=4.600000000 P2=0.170980144 EV: (0.13922319986542547, -0.13922319986542547) P1 Winnings: 138.0
Choosing model 2
[0.1309287895820394, 0.23329487090823367, 0.616331681656463, 0.019346794809775598, 9.786304348820179e-05]
Games played: 193
Exploitability: P1=4.600000000 P2=0.170980144 EV: (0.13922319986542547, -0.13922319986542547) P1 Winnings: 125.0
Choosing model 2
[0.11757285013330777, 0.2895555012776196, 0.5734804761641591, 0.01931522356423693, 7.594886067666644e-05]
Games played: 194
Exploitability: P1=4.600000000 P2=0.170980144 EV: (0.13922319986542547, -0.13922319986542547) P1 Winnings: 130.0
Choosing model 2
[0.12739029000802998, 0.24196240247843528, 0.6112994935722265, 0.01925947099045117, 8.834295085714969e-05]
Games played: 195
Exploitability: P1=4.600000000 P2=0.170980144 EV: (0.13922319986542547, -0.13922319986542547) P1 Winnings: 133.0
Choosing model 2
[0.12412848062376726, 0.2522956666899282, 0.6040090844111953, 0.01948641007052015, 8.035820458917707e-05]
Games played: 196
Exploitability: P1=4.600000000 P2=0.170980144 EV: (0.13922319986542547, -0.13922319986542547) P1 Winnings: 140.0
Choosing model 2
[0.1380931907088922, 0.19258088850563343, 0.6497101954328491, 0.019514545081070752, 0.00010118027155456261]
Games played: 197
Exploitability: P1=4.600000000 P2=0.170980144 EV: (0.13922319986542547, -0.13922319986542547) P1 Winnings: 140.0
Choosing model 2
[0.14895080335134175, 0.1840495355334663, 0.6447247362677944, 0.022156114061725875, 0.00011881078567161652]
Games played: 198
Exploitability: P1=4.600000000 P2=0.170980144 EV: (0.13922319986542547, -0.13922319986542547) P1 Winnings: 131.0
Choosing model 2
[0.16321014076698573, 0.19658795478476868, 0.6108055698536833, 0.02925445991374916, 0.000141874680813094]
Games played: 199
Exploitability: P1=4.600000000 P2=0.170980144 EV: (0.13922319986542547, -0.13922319986542547) P1 Winnings: 131.0
Choosing model 0
[0.18376423419754204, 0.13271416165714822, 0.6549801747512891, 0.028348970525351534, 0.00019245886866932802]
Games played: 200
Exploitability: P1=1.900000000 P2=0.170980144 EV: (-0.09003320260549874, 0.09003320260549874) P1 Winnings: 126.0
