Player 1 exploitability: 0.0788690072128
Choosing model 1
[0.20396124844724672, 0.2105817708859842, 0.21596433592023306, 0.18442191860964258, 0.18507072613689338]
Games played: 1
Exploitability: P1=2.800000000 P2=-0.006783007 EV: (-0.06747261110735338, 0.06747261110735338) P1 Winnings: 1.0
Choosing model 4
[0.17316810216875508, 0.3210537492373197, 0.1955973245938196, 0.18979675168104576, 0.12038407231905993]
Games played: 2
Exploitability: P1=2.600000000 P2=-0.006783007 EV: (-0.09582166977330016, 0.09582166977330016) P1 Winnings: 8.0
Choosing model 1
[0.15261986875853267, 0.3910889503086022, 0.17862338744132147, 0.18597337413578247, 0.0916944193557612]
Games played: 3
Exploitability: P1=2.800000000 P2=-0.006783007 EV: (-0.06747261110735338, 0.06747261110735338) P1 Winnings: 13.0
Choosing model 1
[0.14480689732690008, 0.4382230929070295, 0.18773646845437056, 0.1585766670291201, 0.07065687428257975]
Games played: 4
Exploitability: P1=2.800000000 P2=-0.006783007 EV: (-0.06747261110735338, 0.06747261110735338) P1 Winnings: 18.0
Choosing model 2
[0.1628800802950935, 0.37819736121523695, 0.20666214793327536, 0.16652405407223764, 0.08573635648415658]
Games played: 5
Exploitability: P1=4.600000000 P2=-0.006783007 EV: (-0.025680052444768238, 0.025680052444768238) P1 Winnings: 19.0
Choosing model 1
[0.17024761213495035, 0.35025351551986966, 0.19872754119244967, 0.18321229083002954, 0.09755904032270073]
Games played: 6
Exploitability: P1=2.800000000 P2=-0.006783007 EV: (-0.06747261110735338, 0.06747261110735338) P1 Winnings: 10.0
Choosing model 2
[0.16246429215435043, 0.3947307300889181, 0.21007148374084514, 0.157123751885429, 0.07560974213045744]
Games played: 7
Exploitability: P1=4.600000000 P2=-0.006783007 EV: (-0.025680052444768238, 0.025680052444768238) P1 Winnings: 15.0
Choosing model 1
[0.1806504757823087, 0.33850798086250095, 0.22980231990563035, 0.16078234648892095, 0.09025687696063894]
Games played: 8
Exploitability: P1=2.800000000 P2=-0.006783007 EV: (-0.06747261110735338, 0.06747261110735338) P1 Winnings: 18.0
Choosing model 2
[0.17597864886458633, 0.35305977492207924, 0.22574087139563928, 0.16047643595390323, 0.08474426886379181]
Games played: 9
Exploitability: P1=4.600000000 P2=-0.006783007 EV: (-0.025680052444768238, 0.025680052444768238) P1 Winnings: 11.0
Choosing model 2
[0.15179614342174436, 0.42849896988739605, 0.20219290538227735, 0.15487402410353818, 0.06263795720504414]
Games played: 10
Exploitability: P1=4.600000000 P2=-0.006783007 EV: (-0.025680052444768238, 0.025680052444768238) P1 Winnings: 16.0
Choosing model 2
[0.1510154320270129, 0.4401325476692166, 0.2129908177587899, 0.13931697902268356, 0.05654422352229698]
Games played: 11
Exploitability: P1=4.600000000 P2=-0.006783007 EV: (-0.025680052444768238, 0.025680052444768238) P1 Winnings: 17.0
Choosing model 4
[0.15101518463304509, 0.44013331165538444, 0.2129905591449352, 0.1393169220142904, 0.05654402255234485]
Games played: 12
Exploitability: P1=2.600000000 P2=-0.006783007 EV: (-0.09582166977330016, 0.09582166977330016) P1 Winnings: 8.0
Choosing model 3
[0.14600999651578056, 0.4556219778703989, 0.20766210151044515, 0.13801232748227577, 0.05269359662109968]
Games played: 13
Exploitability: P1=1.933333333 P2=-0.006783007 EV: (-0.13829649004440261, 0.13829649004440261) P1 Winnings: 7.0
Choosing model 3
[0.1666749689568369, 0.35799623650512796, 0.17068244356709647, 0.2136797238322311, 0.09096662713870764]
Games played: 14
Exploitability: P1=1.933333333 P2=-0.006783007 EV: (-0.13829649004440261, 0.13829649004440261) P1 Winnings: 14.0
Choosing model 1
[0.1678888775331116, 0.3723086407007921, 0.18204332993039518, 0.19461653255300768, 0.08314261928269324]
Games played: 15
Exploitability: P1=2.800000000 P2=-0.006783007 EV: (-0.06747261110735338, 0.06747261110735338) P1 Winnings: 15.0
Choosing model 2
[0.16788864026520176, 0.3723093707122241, 0.182043149845425, 0.19461649669696612, 0.08314234248018315]
Games played: 16
Exploitability: P1=4.600000000 P2=-0.006783007 EV: (-0.025680052444768238, 0.025680052444768238) P1 Winnings: 6.0
Choosing model 1
[0.14481538035941172, 0.4438662420763068, 0.1627046472117082, 0.18663448462048232, 0.06197924573209092]
Games played: 17
Exploitability: P1=2.800000000 P2=-0.006783007 EV: (-0.06747261110735338, 0.06747261110735338) P1 Winnings: -3.0
Choosing model 3
[0.15968931336477002, 0.39656350930060635, 0.17632384518077368, 0.1947447508052444, 0.07267858134860548]
Games played: 18
Exploitability: P1=1.933333333 P2=-0.006783007 EV: (-0.13829649004440261, 0.13829649004440261) P1 Winnings: -2.0
Choosing model 2
[0.17751784538483587, 0.3412097926171737, 0.19181645319496973, 0.2021761908713571, 0.08727971793166366]
Games played: 19
Exploitability: P1=4.600000000 P2=-0.006783007 EV: (-0.025680052444768238, 0.025680052444768238) P1 Winnings: -2.0
Choosing model 1
[0.19157831495848227, 0.2983494807886329, 0.2034417644305414, 0.20646528753496401, 0.10016515228737931]
Games played: 20
Exploitability: P1=2.800000000 P2=-0.006783007 EV: (-0.06747261110735338, 0.06747261110735338) P1 Winnings: -1.0
Choosing model 1
[0.1506881333725287, 0.4214001790839768, 0.17069996938224985, 0.19685015910014114, 0.06036155906110348]
Games played: 21
Exploitability: P1=2.800000000 P2=-0.006783007 EV: (-0.06747261110735338, 0.06747261110735338) P1 Winnings: 6.0
Choosing model 3
[0.14919057461112703, 0.3842837462252425, 0.13427994154972014, 0.2601602988004552, 0.07208543881345525]
Games played: 22
Exploitability: P1=1.933333333 P2=-0.006783007 EV: (-0.13829649004440261, 0.13829649004440261) P1 Winnings: -7.0
Choosing model 2
[0.13414372469208757, 0.38400729407905787, 0.10176772909375568, 0.31050424154728595, 0.06957701058781303]
Games played: 23
Exploitability: P1=4.600000000 P2=-0.006783007 EV: (-0.025680052444768238, 0.025680052444768238) P1 Winnings: 2.0
Choosing model 2
[0.1466429251741947, 0.22158483932470374, 0.07831973269011853, 0.4287798134341842, 0.12467268937679876]
Games played: 24
Exploitability: P1=4.600000000 P2=-0.006783007 EV: (-0.025680052444768238, 0.025680052444768238) P1 Winnings: 5.0
Choosing model 4
[0.1579604801410324, 0.19207618973438956, 0.0837503455340252, 0.4250884688352502, 0.14112451575530263]
Games played: 25
Exploitability: P1=2.600000000 P2=-0.006783007 EV: (-0.09582166977330016, 0.09582166977330016) P1 Winnings: 6.0
Choosing model 3
[0.16499425322707592, 0.2071414522125562, 0.09262780162812656, 0.4014806062056475, 0.1337558867265937]
Games played: 26
Exploitability: P1=1.933333333 P2=-0.006783007 EV: (-0.13829649004440261, 0.13829649004440261) P1 Winnings: 7.0
Choosing model 0
[0.18141911655500845, 0.15627295211232708, 0.09847613006185316, 0.3973786867894952, 0.16645311448131617]
Games played: 27
Exploitability: P1=1.900000000 P2=-0.006783007 EV: (-0.08612442540963713, 0.08612442540963713) P1 Winnings: 10.0
Choosing model 0
[0.19131917944057036, 0.12644561886541772, 0.101634230529958, 0.391236166942505, 0.18936480422154883]
Games played: 28
Exploitability: P1=1.900000000 P2=-0.006783007 EV: (-0.08612442540963713, 0.08612442540963713) P1 Winnings: 11.0
Choosing model 3
[0.18458845990750194, 0.14648187113144856, 0.10017282886038247, 0.40190076238796796, 0.16685607771269903]
Games played: 29
Exploitability: P1=1.933333333 P2=-0.006783007 EV: (-0.13829649004440261, 0.13829649004440261) P1 Winnings: 11.0
Choosing model 1
[0.1942570847268556, 0.11827711089140772, 0.10317056937412619, 0.39486633963092893, 0.18942889537668153]
Games played: 30
Exploitability: P1=2.800000000 P2=-0.006783007 EV: (-0.06747261110735338, 0.06747261110735338) P1 Winnings: 11.0
Choosing model 0
[0.19425697494069422, 0.11827744311490221, 0.10317055481084442, 0.3948666017614701, 0.1894284253720891]
Games played: 31
Exploitability: P1=1.900000000 P2=-0.006783007 EV: (-0.08612442540963713, 0.08612442540963713) P1 Winnings: 2.0
Choosing model 0
[0.20256767516733343, 0.09463242257243273, 0.10528896507338627, 0.38441726800708925, 0.2130936691797585]
Games played: 32
Exploitability: P1=1.900000000 P2=-0.006783007 EV: (-0.08612442540963713, 0.08612442540963713) P1 Winnings: 3.0
Choosing model 1
[0.20496139170538186, 0.0890724373668656, 0.10653550295397507, 0.3870687014513051, 0.21236196652247222]
Games played: 33
Exploitability: P1=2.800000000 P2=-0.006783007 EV: (-0.06747261110735338, 0.06747261110735338) P1 Winnings: 0.0
Choosing model 4
[0.21044885890416387, 0.07409984831390566, 0.10750255862711994, 0.37607570112485095, 0.23187303302995965]
Games played: 34
Exploitability: P1=2.600000000 P2=-0.006783007 EV: (-0.09582166977330016, 0.09582166977330016) P1 Winnings: 1.0
Choosing model 3
[0.215909032477292, 0.05884155322148755, 0.10793236181443439, 0.3603276545686357, 0.2569893979181503]
Games played: 35
Exploitability: P1=1.933333333 P2=-0.006783007 EV: (-0.13829649004440261, 0.13829649004440261) P1 Winnings: 4.0
Choosing model 4
[0.2380293529140927, 0.055815153928177624, 0.12886959031377046, 0.3224137020672242, 0.2548722007767349]
Games played: 36
Exploitability: P1=2.600000000 P2=-0.006783007 EV: (-0.09582166977330016, 0.09582166977330016) P1 Winnings: 7.0
Choosing model 0
[0.23167511948235048, 0.07508544462660648, 0.12996654386323864, 0.3488841341277992, 0.21438875790000525]
Games played: 37
Exploitability: P1=1.900000000 P2=-0.006783007 EV: (-0.08612442540963713, 0.08612442540963713) P1 Winnings: 2.0
Choosing model 3
[0.23001224434994216, 0.0798152226035728, 0.13011819776539882, 0.35489903046354265, 0.20515530481754354]
Games played: 38
Exploitability: P1=1.933333333 P2=-0.006783007 EV: (-0.13829649004440261, 0.13829649004440261) P1 Winnings: 7.0
Choosing model 3
[0.21465243013458288, 0.0726086684458863, 0.10498983648309691, 0.39910196848484797, 0.20864709645158605]
Games played: 39
Exploitability: P1=1.933333333 P2=-0.006783007 EV: (-0.13829649004440261, 0.13829649004440261) P1 Winnings: 16.0
Choosing model 3
[0.22571771886148573, 0.07882998198493646, 0.11689918380314479, 0.3794709958674608, 0.19908211948297214]
Games played: 40
Exploitability: P1=1.933333333 P2=-0.006783007 EV: (-0.13829649004440261, 0.13829649004440261) P1 Winnings: 17.0
Choosing model 0
[0.23644111733922052, 0.08525539869144529, 0.12965916067308975, 0.3594188180634447, 0.1892255052327998]
Games played: 41
Exploitability: P1=1.900000000 P2=-0.006783007 EV: (-0.08612442540963713, 0.08612442540963713) P1 Winnings: 18.0
Choosing model 1
[0.2364410910699185, 0.08525546509677019, 0.12965916078943027, 0.35941889458287896, 0.18922538846100215]
Games played: 42
Exploitability: P1=2.800000000 P2=-0.006783007 EV: (-0.06747261110735338, 0.06747261110735338) P1 Winnings: 17.0
Choosing model 3
[0.23644512988411923, 0.08573425893222951, 0.13063142533421493, 0.36596843515441135, 0.181220750695025]
Games played: 43
Exploitability: P1=1.933333333 P2=-0.006783007 EV: (-0.13829649004440261, 0.13829649004440261) P1 Winnings: 20.0
Choosing model 4
[0.24421410126002224, 0.06853893240200254, 0.13203731160110496, 0.3530059925232499, 0.2022036622136204]
Games played: 44
Exploitability: P1=2.600000000 P2=-0.006783007 EV: (-0.09582166977330016, 0.09582166977330016) P1 Winnings: 23.0
Choosing model 3
[0.24421407980657364, 0.06853898738083855, 0.13203731479024564, 0.35300607588693517, 0.20220354213540703]
Games played: 45
Exploitability: P1=1.933333333 P2=-0.006783007 EV: (-0.13829649004440261, 0.13829649004440261) P1 Winnings: 22.0
Choosing model 3
[0.20854545018565698, 0.040285959135071714, 0.08118401368923336, 0.4088554980220505, 0.2611290789679874]
Games played: 46
Exploitability: P1=1.933333333 P2=-0.006783007 EV: (-0.13829649004440261, 0.13829649004440261) P1 Winnings: 29.0
Choosing model 3
[0.1766260731160126, 0.0195715326367757, 0.05063753869801183, 0.42157163888132576, 0.33159321666787406]
Games played: 47
Exploitability: P1=1.933333333 P2=-0.006783007 EV: (-0.13829649004440261, 0.13829649004440261) P1 Winnings: 36.0
Choosing model 3
[0.17787594869097356, 0.017496312845922624, 0.05064289746595856, 0.41429259029507093, 0.3396922507020743]
Games played: 48
Exploitability: P1=1.933333333 P2=-0.006783007 EV: (-0.13829649004440261, 0.13829649004440261) P1 Winnings: 33.0
Choosing model 4
[0.19077262460376218, 0.01937396330358352, 0.057511109649727804, 0.4017638576776991, 0.3305784447652273]
Games played: 49
Exploitability: P1=2.600000000 P2=-0.006783007 EV: (-0.09582166977330016, 0.09582166977330016) P1 Winnings: 34.0
Choosing model 0
[0.19139391388359697, 0.017548767863430622, 0.05723731599029596, 0.3928252962503114, 0.34099470601236503]
Games played: 50
Exploitability: P1=1.900000000 P2=-0.006783007 EV: (-0.08612442540963713, 0.08612442540963713) P1 Winnings: 31.0
Choosing model 3
[0.19139391833139824, 0.017548783889681622, 0.057237323731025885, 0.39282543265483094, 0.34099454139306334]
Games played: 51
Exploitability: P1=1.933333333 P2=-0.006783007 EV: (-0.13829649004440261, 0.13829649004440261) P1 Winnings: 30.0
Choosing model 3
[0.19380072272286578, 0.025358122766862414, 0.06115743798845796, 0.43278093962314435, 0.2869027768986695]
Games played: 52
Exploitability: P1=1.933333333 P2=-0.006783007 EV: (-0.13829649004440261, 0.13829649004440261) P1 Winnings: 37.0
Choosing model 4
[0.19551937733704097, 0.022709668595856863, 0.0612727310474475, 0.4260650421055278, 0.29443318091412674]
Games played: 53
Exploitability: P1=2.600000000 P2=-0.006783007 EV: (-0.09582166977330016, 0.09582166977330016) P1 Winnings: 34.0
Choosing model 3
[0.19195930363639246, 0.030816604043574176, 0.06233311505356708, 0.4650654532192712, 0.2498255240471951]
Games played: 54
Exploitability: P1=1.933333333 P2=-0.006783007 EV: (-0.13829649004440261, 0.13829649004440261) P1 Winnings: 39.0
Choosing model 1
[0.2048708171924627, 0.03395696164931577, 0.07044077760799403, 0.4487969407859584, 0.24193450276426898]
Games played: 55
Exploitability: P1=2.800000000 P2=-0.006783007 EV: (-0.06747261110735338, 0.06747261110735338) P1 Winnings: 40.0
Choosing model 0
[0.20908362116715765, 0.026589688264005273, 0.07035543027348308, 0.4276108976025594, 0.2663603626927946]
Games played: 56
Exploitability: P1=1.900000000 P2=-0.006783007 EV: (-0.08612442540963713, 0.08612442540963713) P1 Winnings: 41.0
Choosing model 0
[0.2121373643273492, 0.020881080827422755, 0.06985595313528799, 0.40517627287234736, 0.2919493288375926]
Games played: 57
Exploitability: P1=1.900000000 P2=-0.006783007 EV: (-0.08612442540963713, 0.08612442540963713) P1 Winnings: 41.0
Choosing model 4
[0.21074726846215758, 0.02490759617269329, 0.07089442857640707, 0.4285708107840982, 0.26487989600464396]
Games played: 58
Exploitability: P1=2.600000000 P2=-0.006783007 EV: (-0.09582166977330016, 0.09582166977330016) P1 Winnings: 41.0
Choosing model 3
[0.21004965669766254, 0.026579713193984607, 0.07125363856284676, 0.4376577737772413, 0.25445921776826463]
Games played: 59
Exploitability: P1=1.933333333 P2=-0.006783007 EV: (-0.13829649004440261, 0.13829649004440261) P1 Winnings: 40.0
Choosing model 4
[0.2133157709111085, 0.021195930435150463, 0.07090964233214511, 0.4168262548551069, 0.27775240146648894]
Games played: 60
Exploitability: P1=2.600000000 P2=-0.006783007 EV: (-0.09582166977330016, 0.09582166977330016) P1 Winnings: 37.0
Choosing model 2
[0.2128252569987913, 0.022641809903514654, 0.07134120074787584, 0.4260958499505621, 0.26709588239925613]
Games played: 61
Exploitability: P1=4.600000000 P2=-0.006783007 EV: (-0.025680052444768238, 0.025680052444768238) P1 Winnings: 36.0
Choosing model 1
[0.23172469581187782, 0.02911399717110241, 0.08604422341232457, 0.41693350913874655, 0.23618357446594873]
Games played: 62
Exploitability: P1=2.800000000 P2=-0.006783007 EV: (-0.06747261110735338, 0.06747261110735338) P1 Winnings: 41.0
Choosing model 4
[0.2358981732988059, 0.022740426245818356, 0.08572501008168447, 0.3962579801600397, 0.25937841021365143]
Games played: 63
Exploitability: P1=2.600000000 P2=-0.006783007 EV: (-0.09582166977330016, 0.09582166977330016) P1 Winnings: 42.0
Choosing model 2
[0.2358981664437505, 0.022740447461327674, 0.0857250179633141, 0.396258107335581, 0.25937826079602666]
Games played: 64
Exploitability: P1=4.600000000 P2=-0.006783007 EV: (-0.025680052444768238, 0.025680052444768238) P1 Winnings: 39.0
Choosing model 0
[0.22805563377460372, 0.01947897948479266, 0.07624438936571579, 0.403235701066732, 0.27298529630815593]
Games played: 65
Exploitability: P1=1.900000000 P2=-0.006783007 EV: (-0.08612442540963713, 0.08612442540963713) P1 Winnings: 48.0
Choosing model 2
[0.23107324849797564, 0.01055325636218159, 0.07291230665813932, 0.3415929899222508, 0.3438681985594526]
Games played: 66
Exploitability: P1=4.600000000 P2=-0.006783007 EV: (-0.025680052444768238, 0.025680052444768238) P1 Winnings: 47.0
Choosing model 3
[0.23236051232229285, 0.008184382747667973, 0.0721306111870832, 0.3161090574483179, 0.371215436294638]
Games played: 67
Exploitability: P1=1.933333333 P2=-0.006783007 EV: (-0.13829649004440261, 0.13829649004440261) P1 Winnings: 50.0
Choosing model 4
[0.22951278643408676, 0.005546679363775515, 0.06888736277717362, 0.2810653244887283, 0.41498784693623575]
Games played: 68
Exploitability: P1=2.600000000 P2=-0.006783007 EV: (-0.09582166977330016, 0.09582166977330016) P1 Winnings: 50.0
Choosing model 4
[0.23074917437754966, 0.004961848842256971, 0.06895777131190624, 0.2774621935975946, 0.4178690118706924]
Games played: 69
Exploitability: P1=2.600000000 P2=-0.006783007 EV: (-0.09582166977330016, 0.09582166977330016) P1 Winnings: 50.0
Choosing model 3
[0.22787500388023313, 0.0037926505676663417, 0.06664205927552284, 0.255893044547822, 0.44579724172875573]
Games played: 70
Exploitability: P1=1.933333333 P2=-0.006783007 EV: (-0.13829649004440261, 0.13829649004440261) P1 Winnings: 43.0
Choosing model 2
[0.24287452343813337, 0.0041735076659795475, 0.075208695787134, 0.24660883301055675, 0.43113444009819635]
Games played: 71
Exploitability: P1=4.600000000 P2=-0.006783007 EV: (-0.025680052444768238, 0.025680052444768238) P1 Winnings: 44.0
Choosing model 4
[0.25810102226116655, 0.004579120695384755, 0.0846272439273399, 0.23696339613230671, 0.415729216983802]
Games played: 72
Exploitability: P1=2.600000000 P2=-0.006783007 EV: (-0.09582166977330016, 0.09582166977330016) P1 Winnings: 45.0
Choosing model 3
[0.17186029463559724, 0.0023342787511396942, 0.03258111827127776, 0.29621550732057006, 0.49700880102141515]
Games played: 73
Exploitability: P1=1.933333333 P2=-0.006783007 EV: (-0.13829649004440261, 0.13829649004440261) P1 Winnings: 56.0
Choosing model 2
[0.16878092493103114, 0.0017589157403970575, 0.03131463581969718, 0.2715904937206108, 0.526555029788264]
Games played: 74
Exploitability: P1=4.600000000 P2=-0.006783007 EV: (-0.025680052444768238, 0.025680052444768238) P1 Winnings: 56.0
Choosing model 4
[0.19239535882246667, 0.0023678697293868767, 0.039541281873123994, 0.27822499020092917, 0.4874704993740932]
Games played: 75
Exploitability: P1=2.600000000 P2=-0.006783007 EV: (-0.09582166977330016, 0.09582166977330016) P1 Winnings: 61.0
Choosing model 0
[0.1598280772791877, 0.0015263446463784553, 0.02582895948466276, 0.2862248371111254, 0.5265917814786458]
Games played: 76
Exploitability: P1=1.900000000 P2=-0.006783007 EV: (-0.08612442540963713, 0.08612442540963713) P1 Winnings: 68.0
Choosing model 0
[0.15645326035785015, 0.00114638015374663, 0.024744120529433332, 0.2615759571731992, 0.5560802817857707]
Games played: 77
Exploitability: P1=1.900000000 P2=-0.006783007 EV: (-0.08612442540963713, 0.08612442540963713) P1 Winnings: 69.0
Choosing model 4
[0.15645329052748644, 0.001146381395089238, 0.024744128072308996, 0.2615760923649497, 0.5560801076401657]
Games played: 78
Exploitability: P1=2.600000000 P2=-0.006783007 EV: (-0.09582166977330016, 0.09582166977330016) P1 Winnings: 68.0
Choosing model 3
[0.12301250013965687, 0.0011078577544788055, 0.014832122629412203, 0.3320768424495097, 0.5289706770269424]
Games played: 79
Exploitability: P1=1.933333333 P2=-0.006783007 EV: (-0.13829649004440261, 0.13829649004440261) P1 Winnings: 73.0
Choosing model 0
[0.12859284001208535, 0.0018357891583865786, 0.016303392186001308, 0.40327398886671545, 0.4499939897768114]
Games played: 80
Exploitability: P1=1.900000000 P2=-0.006783007 EV: (-0.08612442540963713, 0.08612442540963713) P1 Winnings: 70.0
Choosing model 0
[0.13051518693443573, 0.0026569830552157702, 0.017195734333685212, 0.4591853711843791, 0.3904467244922842]
Games played: 81
Exploitability: P1=1.900000000 P2=-0.006783007 EV: (-0.08612442540963713, 0.08612442540963713) P1 Winnings: 70.0
Choosing model 4
[0.14171858874530327, 0.002978706175743627, 0.01977064657492662, 0.4508361030487223, 0.38469595545530416]
Games played: 82
Exploitability: P1=2.600000000 P2=-0.006783007 EV: (-0.09582166977330016, 0.09582166977330016) P1 Winnings: 71.0
Choosing model 4
[0.14182453727262395, 0.002287160965466151, 0.01936328320479348, 0.4212134271372774, 0.41531159141983887]
Games played: 83
Exploitability: P1=2.600000000 P2=-0.006783007 EV: (-0.09582166977330016, 0.09582166977330016) P1 Winnings: 71.0
Choosing model 4
[0.14117929795940412, 0.0017622152134207623, 0.018862848810613685, 0.39157948826250893, 0.44661614975405256]
Games played: 84
Exploitability: P1=2.600000000 P2=-0.006783007 EV: (-0.09582166977330016, 0.09582166977330016) P1 Winnings: 74.0
Choosing model 4
[0.15307482135023553, 0.0019727170650940262, 0.021655808567257396, 0.38389950488256264, 0.4393971481348505]
Games played: 85
Exploitability: P1=2.600000000 P2=-0.006783007 EV: (-0.09582166977330016, 0.09582166977330016) P1 Winnings: 75.0
Choosing model 4
[0.15623651708529432, 0.0031358309298953517, 0.023254606433593786, 0.4552048405722576, 0.36216820497895896]
Games played: 86
Exploitability: P1=2.600000000 P2=-0.006783007 EV: (-0.09582166977330016, 0.09582166977330016) P1 Winnings: 70.0
Choosing model 3
[0.15731376839106484, 0.0031751304794864323, 0.02359012381139728, 0.46668770965999384, 0.3492332676580575]
Games played: 87
Exploitability: P1=1.933333333 P2=-0.006783007 EV: (-0.13829649004440261, 0.13829649004440261) P1 Winnings: 73.0
Choosing model 3
[0.1579521780806916, 0.002503350541037107, 0.023210599833444603, 0.4394451530291569, 0.3768887185156698]
Games played: 88
Exploitability: P1=1.933333333 P2=-0.006783007 EV: (-0.13829649004440261, 0.13829649004440261) P1 Winnings: 70.0
Choosing model 3
[0.14093658394733613, 0.0021773972925461403, 0.017906423509926907, 0.47249476751660985, 0.3664848277335809]
Games played: 89
Exploitability: P1=1.933333333 P2=-0.006783007 EV: (-0.13829649004440261, 0.13829649004440261) P1 Winnings: 70.0
Choosing model 3
[0.15287345181810466, 0.0024384795715279824, 0.020566081836640503, 0.4634151298132807, 0.3607068569604462]
Games played: 90
Exploitability: P1=1.933333333 P2=-0.006783007 EV: (-0.13829649004440261, 0.13829649004440261) P1 Winnings: 71.0
Choosing model 3
[0.1853364376726633, 0.004928305291950523, 0.03090589692761917, 0.4971703606172534, 0.28165899949051365]
Games played: 91
Exploitability: P1=1.933333333 P2=-0.006783007 EV: (-0.13829649004440261, 0.13829649004440261) P1 Winnings: 76.0
Choosing model 4
[0.18484592948854536, 0.005262657899317319, 0.031083173250807113, 0.5080498762322279, 0.27075836312910234]
Games played: 92
Exploitability: P1=2.600000000 P2=-0.006783007 EV: (-0.09582166977330016, 0.09582166977330016) P1 Winnings: 65.0
Choosing model 3
[0.18597117396177734, 0.004780319982359568, 0.03102248152366264, 0.4981482437297734, 0.28007778080242707]
Games played: 93
Exploitability: P1=1.933333333 P2=-0.006783007 EV: (-0.13829649004440261, 0.13829649004440261) P1 Winnings: 62.0
Choosing model 3
[0.2003312545396783, 0.005316589854693209, 0.03538457545545398, 0.48520643927491414, 0.27376114087526027]
Games played: 94
Exploitability: P1=1.933333333 P2=-0.006783007 EV: (-0.13829649004440261, 0.13829649004440261) P1 Winnings: 63.0
Choosing model 3
[0.20342311508053923, 0.003704139361920821, 0.03474089204148083, 0.44351050889107246, 0.31462134462498675]
Games played: 95
Exploitability: P1=1.933333333 P2=-0.006783007 EV: (-0.13829649004440261, 0.13829649004440261) P1 Winnings: 66.0
Choosing model 3
[0.21860827850581424, 0.004109857212845711, 0.039531350018260906, 0.430958144614682, 0.3067923696483971]
Games played: 96
Exploitability: P1=1.933333333 P2=-0.006783007 EV: (-0.13829649004440261, 0.13829649004440261) P1 Winnings: 67.0
Choosing model 3
[0.2198984995256678, 0.003669793935229074, 0.03948942853897285, 0.4230231339385997, 0.3139191440615305]
Games played: 97
Exploitability: P1=1.933333333 P2=-0.006783007 EV: (-0.13829649004440261, 0.13829649004440261) P1 Winnings: 64.0
Choosing model 0
[0.22063057732969615, 0.0025263737196228554, 0.0383089642845064, 0.38206365766306655, 0.35647042700310805]
Games played: 98
Exploitability: P1=1.900000000 P2=-0.006783007 EV: (-0.08612442540963713, 0.08612442540963713) P1 Winnings: 53.0
Choosing model 4
[0.19964944757848027, 0.002228526976521096, 0.029972791186553223, 0.41661254521613306, 0.35153668904231233]
Games played: 99
Exploitability: P1=2.600000000 P2=-0.006783007 EV: (-0.09582166977330016, 0.09582166977330016) P1 Winnings: 62.0
Choosing model 3
[0.1997412809658933, 0.001725679685523217, 0.02934509701561451, 0.38925136688597656, 0.37993657544699255]
Games played: 100
Exploitability: P1=1.933333333 P2=-0.006783007 EV: (-0.13829649004440261, 0.13829649004440261) P1 Winnings: 65.0
Choosing model 4
[0.20101805146552135, 0.002400391256774297, 0.030600957124027727, 0.4355281107026406, 0.33045248945103595]
Games played: 101
Exploitability: P1=2.600000000 P2=-0.006783007 EV: (-0.09582166977330016, 0.09582166977330016) P1 Winnings: 65.0
Choosing model 0
[0.2017105765509255, 0.0019515297277884988, 0.03017716716745956, 0.41354496060206397, 0.35261576595176247]
Games played: 102
Exploitability: P1=1.900000000 P2=-0.006783007 EV: (-0.08612442540963713, 0.08612442540963713) P1 Winnings: 64.0
Choosing model 3
[0.20215223302686847, 0.002094032879211067, 0.03049743113751443, 0.4246436574444892, 0.3406126455119169]
Games played: 103
Exploitability: P1=1.933333333 P2=-0.006783007 EV: (-0.13829649004440261, 0.13829649004440261) P1 Winnings: 63.0
Choosing model 4
[0.2008743363195132, 0.0010839740751951757, 0.028621683374029434, 0.3527224391288364, 0.4166975671024258]
Games played: 104
Exploitability: P1=2.600000000 P2=-0.006783007 EV: (-0.09582166977330016, 0.09582166977330016) P1 Winnings: 63.0
Choosing model 0
[0.23589214493954724, 0.0014816154495628782, 0.03886627931870949, 0.34196649113099686, 0.3817934691611835]
Games played: 105
Exploitability: P1=1.900000000 P2=-0.006783007 EV: (-0.08612442540963713, 0.08612442540963713) P1 Winnings: 66.0
Choosing model 0
[0.23788787633374658, 0.0012023765202929537, 0.03890987883231667, 0.3173949740062023, 0.4046048943074414]
Games played: 106
Exploitability: P1=1.900000000 P2=-0.006783007 EV: (-0.08612442540963713, 0.08612442540963713) P1 Winnings: 67.0
Choosing model 3
[0.23942222003169636, 0.0012956600970529858, 0.03948998246843382, 0.32729865907957084, 0.39249347832324594]
Games played: 107
Exploitability: P1=1.933333333 P2=-0.006783007 EV: (-0.13829649004440261, 0.13829649004440261) P1 Winnings: 66.0
Choosing model 3
[0.23753451271232665, 0.0010093796765353181, 0.03839250650134681, 0.30452708309529936, 0.41853651801449193]
Games played: 108
Exploitability: P1=1.933333333 P2=-0.006783007 EV: (-0.13829649004440261, 0.13829649004440261) P1 Winnings: 63.0
Choosing model 3
[0.2352857003124054, 0.0008053073757912536, 0.0373570741199816, 0.285026589640366, 0.4415253285514558]
Games played: 109
Exploitability: P1=1.933333333 P2=-0.006783007 EV: (-0.13829649004440261, 0.13829649004440261) P1 Winnings: 63.0
Choosing model 0
[0.2352857324195863, 0.0008053082603911328, 0.037357083737958034, 0.285026728294719, 0.4415251472873456]
Games played: 110
Exploitability: P1=1.900000000 P2=-0.006783007 EV: (-0.08612442540963713, 0.08612442540963713) P1 Winnings: 60.0
Choosing model 4
[0.24195211420299134, 0.0011651900459638924, 0.03988979012932274, 0.32793364018673354, 0.3890592654349884]
Games played: 111
Exploitability: P1=2.600000000 P2=-0.006783007 EV: (-0.09582166977330016, 0.09582166977330016) P1 Winnings: 65.0
Choosing model 4
[0.1928575231557294, 0.0005327469397949058, 0.023416225408712323, 0.31822960748693574, 0.4649638970088276]
Games played: 112
Exploitability: P1=2.600000000 P2=-0.006783007 EV: (-0.09582166977330016, 0.09582166977330016) P1 Winnings: 72.0
Choosing model 4
[0.20785530889331155, 0.0005928142194189173, 0.02672242108412527, 0.3101201561024423, 0.4547092997007019]
Games played: 113
Exploitability: P1=2.600000000 P2=-0.006783007 EV: (-0.09582166977330016, 0.09582166977330016) P1 Winnings: 73.0
Choosing model 4
[0.2048805449908776, 0.0004483350780328168, 0.02577798525464634, 0.2853833006243509, 0.4835098340520924]
Games played: 114
Exploitability: P1=2.600000000 P2=-0.006783007 EV: (-0.09582166977330016, 0.09582166977330016) P1 Winnings: 73.0
Choosing model 3
[0.20100054936032577, 0.00034044112073925185, 0.024748800400721156, 0.2614708104060201, 0.5124393987121938]
Games played: 115
Exploitability: P1=1.933333333 P2=-0.006783007 EV: (-0.13829649004440261, 0.13829649004440261) P1 Winnings: 66.0
Choosing model 4
[0.21431209049744093, 0.0005180053622540704, 0.02784494005220551, 0.30332898404963504, 0.45399598003846453]
Games played: 116
Exploitability: P1=2.600000000 P2=-0.006783007 EV: (-0.09582166977330016, 0.09582166977330016) P1 Winnings: 73.0
Choosing model 4
[0.23825229328279168, 0.0004954878008316767, 0.033525538842541586, 0.2736910012235494, 0.4540356788502857]
Games played: 117
Exploitability: P1=2.600000000 P2=-0.006783007 EV: (-0.09582166977330016, 0.09582166977330016) P1 Winnings: 76.0
Choosing model 3
[0.2551652301753124, 0.0005478863544633529, 0.03801846246327498, 0.265039008585166, 0.4412294124217833]
Games played: 118
Exploitability: P1=1.933333333 P2=-0.006783007 EV: (-0.13829649004440261, 0.13829649004440261) P1 Winnings: 77.0
Choosing model 3
[0.2562780607647735, 0.0004896182710939031, 0.03801849059738988, 0.26137437541570635, 0.4438394549510363]
Games played: 119
Exploitability: P1=1.933333333 P2=-0.006783007 EV: (-0.13829649004440261, 0.13829649004440261) P1 Winnings: 72.0
Choosing model 0
[0.25188662078530166, 0.0003724721966910006, 0.03656766126646538, 0.23991354281885707, 0.47125970293268493]
Games played: 120
Exploitability: P1=1.900000000 P2=-0.006783007 EV: (-0.08612442540963713, 0.08612442540963713) P1 Winnings: 72.0
Choosing model 4
[0.23473753229669114, 0.00018560202846464163, 0.03216315936932914, 0.18692754735085115, 0.5459861589546641]
Games played: 121
Exploitability: P1=2.600000000 P2=-0.006783007 EV: (-0.09582166977330016, 0.09582166977330016) P1 Winnings: 71.0
Choosing model 0
[0.23827759921505992, 0.00020171669883195062, 0.032922613385301926, 0.19441332376724169, 0.5341847469335644]
Games played: 122
Exploitability: P1=1.900000000 P2=-0.006783007 EV: (-0.08612442540963713, 0.08612442540963713) P1 Winnings: 70.0
Choosing model 3
[0.25515777454777805, 0.00022301832724463697, 0.03732968013377016, 0.18824198308068105, 0.519047543910526]
Games played: 123
Exploitability: P1=1.933333333 P2=-0.006783007 EV: (-0.13829649004440261, 0.13829649004440261) P1 Winnings: 71.0
Choosing model 4
[0.27265250378043765, 0.0003777569774102965, 0.041943249985129334, 0.23367446192933766, 0.451352027327685]
Games played: 124
Exploitability: P1=2.600000000 P2=-0.006783007 EV: (-0.09582166977330016, 0.09582166977330016) P1 Winnings: 68.0
Choosing model 4
[0.2726525440348732, 0.0003777573693868039, 0.04194326087528802, 0.23367457213974227, 0.45135186558070967]
Games played: 125
Exploitability: P1=2.600000000 P2=-0.006783007 EV: (-0.09582166977330016, 0.09582166977330016) P1 Winnings: 67.0
Choosing model 3
[0.27265258428928224, 0.000377757761363673, 0.04194327176544453, 0.23367468235017103, 0.45135170383373857]
Games played: 126
Exploitability: P1=1.933333333 P2=-0.006783007 EV: (-0.13829649004440261, 0.13829649004440261) P1 Winnings: 66.0
Choosing model 0
[0.2677472567529936, 0.00029129297677019973, 0.040362213494964314, 0.2152020989783236, 0.4763971377969484]
Games played: 127
Exploitability: P1=1.900000000 P2=-0.006783007 EV: (-0.08612442540963713, 0.08612442540963713) P1 Winnings: 63.0
Choosing model 4
[0.2708811988968204, 0.0003155311930294487, 0.041177855634468595, 0.2230757554817308, 0.46454965879395066]
Games played: 128
Exploitability: P1=2.600000000 P2=-0.006783007 EV: (-0.09582166977330016, 0.09582166977330016) P1 Winnings: 62.0
Choosing model 0
[0.26939983512488175, 0.000252526477726962, 0.04065465410236086, 0.20418719279723904, 0.48550579149779133]
Games played: 129
Exploitability: P1=1.900000000 P2=-0.006783007 EV: (-0.08612442540963713, 0.08612442540963713) P1 Winnings: 63.0
Choosing model 2
[0.25849834245762715, 0.00016625696152054728, 0.03771784171030253, 0.1763669119161867, 0.5272506469543631]
Games played: 130
Exploitability: P1=4.600000000 P2=-0.006783007 EV: (-0.025680052444768238, 0.025680052444768238) P1 Winnings: 56.0
Choosing model 4
[0.25261933343286347, 0.00013164009427212717, 0.03622475878551705, 0.16309432990438366, 0.5479299377829637]
Games played: 131
Exploitability: P1=2.600000000 P2=-0.006783007 EV: (-0.09582166977330016, 0.09582166977330016) P1 Winnings: 55.0
Choosing model 4
[0.24468950146979032, 9.869148960327408e-05, 0.034337044552474785, 0.1475318358544675, 0.573342926633664]
Games played: 132
Exploitability: P1=2.600000000 P2=-0.006783007 EV: (-0.09582166977330016, 0.09582166977330016) P1 Winnings: 48.0
Choosing model 0
[0.31081547455887365, 0.00020898578309486577, 0.05406438431462212, 0.16583619519423431, 0.46907496014917494]
Games played: 133
Exploitability: P1=1.900000000 P2=-0.006783007 EV: (-0.08612442540963713, 0.08612442540963713) P1 Winnings: 53.0
Choosing model 4
[0.32930370077489485, 0.00022860400430710912, 0.060651230562350944, 0.15886864004065102, 0.45094782461779603]
Games played: 134
Exploitability: P1=2.600000000 P2=-0.006783007 EV: (-0.09582166977330016, 0.09582166977330016) P1 Winnings: 54.0
Choosing model 3
[0.3293037566610709, 0.00022860424656153587, 0.060651247648432285, 0.15886871847582187, 0.4509476729681134]
Games played: 135
Exploitability: P1=1.933333333 P2=-0.006783007 EV: (-0.13829649004440261, 0.13829649004440261) P1 Winnings: 53.0
Choosing model 0
[0.33325914891866054, 0.00024770122002082525, 0.06189563915296557, 0.16473118708440876, 0.4398663236239443]
Games played: 136
Exploitability: P1=1.900000000 P2=-0.006783007 EV: (-0.08612442540963713, 0.08612442540963713) P1 Winnings: 42.0
Choosing model 4
[0.3370721859920411, 0.0002682424055698, 0.06313000257179739, 0.17071382815689526, 0.4288157408736964]
Games played: 137
Exploitability: P1=2.600000000 P2=-0.006783007 EV: (-0.09582166977330016, 0.09582166977330016) P1 Winnings: 41.0
Choosing model 0
[0.34073638836669246, 0.00029032302893608914, 0.06435263341637687, 0.17681387251397665, 0.4178067826740179]
Games played: 138
Exploitability: P1=1.900000000 P2=-0.006783007 EV: (-0.08612442540963713, 0.08612442540963713) P1 Winnings: 40.0
Choosing model 4
[0.3417160172682172, 0.0002590630681105086, 0.06425745659792283, 0.17411108914146656, 0.41965637392428295]
Games played: 139
Exploitability: P1=2.600000000 P2=-0.006783007 EV: (-0.09582166977330016, 0.09582166977330016) P1 Winnings: 35.0
Choosing model 4
[0.33476895697319714, 0.0001964391815445122, 0.061604442715817984, 0.15929583038556194, 0.44413433074387837]
Games played: 140
Exploitability: P1=2.600000000 P2=-0.006783007 EV: (-0.09582166977330016, 0.09582166977330016) P1 Winnings: 28.0
Choosing model 0
[0.3347690125602291, 0.00019643938899369844, 0.061604459844699345, 0.15929590844795263, 0.44413417975812525]
Games played: 141
Exploitability: P1=1.900000000 P2=-0.006783007 EV: (-0.08612442540963713, 0.08612442540963713) P1 Winnings: 27.0
Choosing model 0
[0.32868762547106106, 0.00015626661350352097, 0.05944291562961708, 0.14799793420169996, 0.4637152580841184]
Games played: 142
Exploitability: P1=1.900000000 P2=-0.006783007 EV: (-0.08612442540963713, 0.08612442540963713) P1 Winnings: 26.0
Choosing model 4
[0.3250041214509874, 0.0001243420072732465, 0.058349037772994515, 0.13468487611937463, 0.48183762264937025]
Games played: 143
Exploitability: P1=2.600000000 P2=-0.006783007 EV: (-0.09582166977330016, 0.09582166977330016) P1 Winnings: 27.0
Choosing model 0
[0.34299954442564135, 0.00018986024801418395, 0.06407842126468291, 0.16012426490431414, 0.4326079091573476]
Games played: 144
Exploitability: P1=1.900000000 P2=-0.006783007 EV: (-0.08612442540963713, 0.08612442540963713) P1 Winnings: 26.0
Choosing model 4
[0.34299959919372647, 0.0001898604473059054, 0.06407843867313509, 0.16012434235235984, 0.4326077593334726]
Games played: 145
Exploitability: P1=2.600000000 P2=-0.006783007 EV: (-0.09582166977330016, 0.09582166977330016) P1 Winnings: 25.0
Choosing model 2
[0.34686677190696547, 0.000205571089974349, 0.06534553615830282, 0.16591226094222808, 0.42166985990252925]
Games played: 146
Exploitability: P1=4.600000000 P2=-0.006783007 EV: (-0.025680052444768238, 0.025680052444768238) P1 Winnings: 24.0
Choosing model 4
[0.3655447639500971, 0.00022367272016661594, 0.07291689570820452, 0.15809612477698062, 0.40321854284455105]
Games played: 147
Exploitability: P1=2.600000000 P2=-0.006783007 EV: (-0.09582166977330016, 0.09582166977330016) P1 Winnings: 25.0
Choosing model 2
[0.36572671148130986, 0.00019517590871883167, 0.07248973348186928, 0.15435729389825917, 0.4072310852298428]
Games played: 148
Exploitability: P1=4.600000000 P2=-0.006783007 EV: (-0.025680052444768238, 0.025680052444768238) P1 Winnings: 25.0
Choosing model 4
[0.3522021926386476, 0.00016653769086424653, 0.06422379183270047, 0.15646856720525992, 0.42693891063252765]
Games played: 149
Exploitability: P1=2.600000000 P2=-0.006783007 EV: (-0.09582166977330016, 0.09582166977330016) P1 Winnings: 16.0
Choosing model 4
[0.36971365744326856, 0.00028184740151198436, 0.07081225231407524, 0.19056264461268912, 0.3686295982284551]
Games played: 150
Exploitability: P1=2.600000000 P2=-0.006783007 EV: (-0.09582166977330016, 0.09582166977330016) P1 Winnings: 5.0
Choosing model 3
[0.39250136230569327, 0.0004224563091292683, 0.08118114131464553, 0.20678682420118522, 0.3191082158693466]
Games played: 151
Exploitability: P1=1.933333333 P2=-0.006783007 EV: (-0.13829649004440261, 0.13829649004440261) P1 Winnings: 8.0
Choosing model 0
[0.41081295281316293, 0.00045651796455136606, 0.08996891627384089, 0.1956999422631818, 0.3030616706852631]
Games played: 152
Exploitability: P1=1.900000000 P2=-0.006783007 EV: (-0.08612442540963713, 0.08612442540963713) P1 Winnings: 9.0
Choosing model 3
[0.41118980093576546, 0.0003677072872770332, 0.08939614182473561, 0.18027959197071558, 0.3187667579815063]
Games played: 153
Exploitability: P1=1.933333333 P2=-0.006783007 EV: (-0.13829649004440261, 0.13829649004440261) P1 Winnings: 10.0
Choosing model 2
[0.4290025720471483, 0.0003960891178836064, 0.0987576425783683, 0.17007050553918895, 0.3017731907174108]
Games played: 154
Exploitability: P1=4.600000000 P2=-0.006783007 EV: (-0.025680052444768238, 0.025680052444768238) P1 Winnings: 11.0
Choosing model 0
[0.42550563443713624, 0.000318300890313511, 0.09626446027424045, 0.1596200166487203, 0.3182915877495895]
Games played: 155
Exploitability: P1=1.900000000 P2=-0.006783007 EV: (-0.08612442540963713, 0.08612442540963713) P1 Winnings: 10.0
Choosing model 4
[0.4428178578844552, 0.000342003678125223, 0.10607674096048811, 0.15020072792840372, 0.3005626695485278]
Games played: 156
Exploitability: P1=2.600000000 P2=-0.006783007 EV: (-0.09582166977330016, 0.09582166977330016) P1 Winnings: 11.0
Choosing model 0
[0.4424752345591867, 0.0003033569166749924, 0.10526101440245002, 0.14645669948269835, 0.3055036946389899]
Games played: 157
Exploitability: P1=1.900000000 P2=-0.006783007 EV: (-0.08612442540963713, 0.08612442540963713) P1 Winnings: 11.0
Choosing model 3
[0.44247527662702363, 0.00030335721550453883, 0.10526103619928154, 0.146456760858976, 0.3055035690992143]
Games played: 158
Exploitability: P1=1.933333333 P2=-0.006783007 EV: (-0.13829649004440261, 0.13829649004440261) P1 Winnings: 10.0
Choosing model 4
[0.43741177182551044, 0.0002354816080324402, 0.10196857677605307, 0.13577828302878242, 0.3246058867616217]
Games played: 159
Exploitability: P1=2.600000000 P2=-0.006783007 EV: (-0.09582166977330016, 0.09582166977330016) P1 Winnings: 7.0
Choosing model 4
[0.4542477311933265, 0.0002524831528769546, 0.11212514930160235, 0.12749627219167323, 0.3058783641605209]
Games played: 160
Exploitability: P1=2.600000000 P2=-0.006783007 EV: (-0.09582166977330016, 0.09582166977330016) P1 Winnings: 8.0
Choosing model 3
[0.4483390765114129, 0.00019120125523104073, 0.10830547935957678, 0.11748171459263029, 0.32568252828114896]
Games played: 161
Exploitability: P1=1.933333333 P2=-0.006783007 EV: (-0.13829649004440261, 0.13829649004440261) P1 Winnings: 8.0
Choosing model 4
[0.4483391319893765, 0.0001912014628264805, 0.10830550586640371, 0.11748177024862878, 0.3256823904327645]
Games played: 162
Exploitability: P1=2.600000000 P2=-0.006783007 EV: (-0.09582166977330016, 0.09582166977330016) P1 Winnings: 5.0
Choosing model 4
[0.44833918329329625, 0.00019120165487553116, 0.10830553039015955, 0.11748182175636657, 0.3256822629053021]
Games played: 163
Exploitability: P1=2.600000000 P2=-0.006783007 EV: (-0.09582166977330016, 0.09582166977330016) P1 Winnings: 4.0
Choosing model 0
[0.4426950528921441, 0.00015206453076728802, 0.1050524486535836, 0.10961229854183101, 0.342488135381674]
Games played: 164
Exploitability: P1=1.900000000 P2=-0.006783007 EV: (-0.08612442540963713, 0.08612442540963713) P1 Winnings: 5.0
Choosing model 4
[0.4426951086202224, 0.00015206468524745252, 0.10505247364387096, 0.10961234785469054, 0.3424880051959687]
Games played: 165
Exploitability: P1=2.600000000 P2=-0.006783007 EV: (-0.09582166977330016, 0.09582166977330016) P1 Winnings: 4.0
Choosing model 4
[0.4466216252244574, 0.00016425622758705895, 0.10687502409009157, 0.11330433884848978, 0.33303475560937423]
Games played: 166
Exploitability: P1=2.600000000 P2=-0.006783007 EV: (-0.09582166977330016, 0.09582166977330016) P1 Winnings: 3.0
Choosing model 2
[0.4466216830279488, 0.00016425640686055232, 0.10687505085417301, 0.11330439316937327, 0.33303461654164423]
Games played: 167
Exploitability: P1=4.600000000 P2=-0.006783007 EV: (-0.025680052444768238, 0.025680052444768238) P1 Winnings: 0.0
Choosing model 0
[0.4756298884535556, 0.0002432221923208733, 0.12594053645686734, 0.11645278348734785, 0.28173356940990846]
Games played: 168
Exploitability: P1=1.900000000 P2=-0.006783007 EV: (-0.08612442540963713, 0.08612442540963713) P1 Winnings: 5.0
Choosing model 2
[0.4756299315003757, 0.00024322243080187431, 0.12594056196046882, 0.1164528317576732, 0.2817334523506805]
Games played: 169
Exploitability: P1=4.600000000 P2=-0.006783007 EV: (-0.025680052444768238, 0.025680052444768238) P1 Winnings: 4.0
Choosing model 0
[0.47120567585146544, 0.00019522904466641558, 0.12261875132211522, 0.10917019700857386, 0.296810146773179]
Games played: 170
Exploitability: P1=1.900000000 P2=-0.006783007 EV: (-0.08612442540963713, 0.08612442540963713) P1 Winnings: 5.0
Choosing model 4
[0.47120572339986466, 0.00019522923812079722, 0.12261877742865147, 0.1091702433959337, 0.2968100265374295]
Games played: 171
Exploitability: P1=2.600000000 P2=-0.006783007 EV: (-0.09582166977330016, 0.09582166977330016) P1 Winnings: 4.0
Choosing model 0
[0.4712057709482313, 0.0001952294315753551, 0.12261880353518356, 0.10917028978330459, 0.2968099063017051]
Games played: 172
Exploitability: P1=1.900000000 P2=-0.006783007 EV: (-0.08612442540963713, 0.08612442540963713) P1 Winnings: 3.0
Choosing model 0
[0.4604649083175105, 0.00021667906555600998, 0.10390586899046673, 0.12863536146002713, 0.3067771821664396]
Games played: 173
Exploitability: P1=1.900000000 P2=-0.006783007 EV: (-0.08612442540963713, 0.08612442540963713) P1 Winnings: 8.0
Choosing model 2
[0.4637285532280191, 0.00023363758358777985, 0.10552182561883366, 0.13273324342157233, 0.29778274014798717]
Games played: 174
Exploitability: P1=4.600000000 P2=-0.006783007 EV: (-0.025680052444768238, 0.025680052444768238) P1 Winnings: 7.0
Choosing model 4
[0.44702069317600535, 0.00013503700723433129, 0.0968762697699145, 0.11012217479611554, 0.3458458252507303]
Games played: 175
Exploitability: P1=2.600000000 P2=-0.006783007 EV: (-0.09582166977330016, 0.09582166977330016) P1 Winnings: 8.0
Choosing model 0
[0.4641360334126694, 0.00014475833357651216, 0.10650486426644867, 0.10338494774927051, 0.3258293962380349]
Games played: 176
Exploitability: P1=1.900000000 P2=-0.006783007 EV: (-0.08612442540963713, 0.08612442540963713) P1 Winnings: 9.0
Choosing model 4
[0.39776940640639574, 0.00011884927526253785, 0.06524032481362654, 0.14561732301876365, 0.39125409648595155]
Games played: 177
Exploitability: P1=2.600000000 P2=-0.006783007 EV: (-0.09582166977330016, 0.09582166977330016) P1 Winnings: 4.0
Choosing model 0
[0.4170994787077376, 0.00012867018326909863, 0.07243671736514203, 0.13806582327630396, 0.3722693104675473]
Games played: 178
Exploitability: P1=1.900000000 P2=-0.006783007 EV: (-0.08612442540963713, 0.08612442540963713) P1 Winnings: 5.0
Choosing model 4
[0.410442907473083, 0.00010111155197234336, 0.06995951261123441, 0.12803306817883872, 0.3914634001848716]
Games played: 179
Exploitability: P1=2.600000000 P2=-0.006783007 EV: (-0.09582166977330016, 0.09582166977330016) P1 Winnings: 5.0
Choosing model 0
[0.4035265852405224, 8.006790778237595e-05, 0.06756530568400715, 0.1189411655609438, 0.4098868756067443]
Games played: 180
Exploitability: P1=1.900000000 P2=-0.006783007 EV: (-0.08612442540963713, 0.08612442540963713) P1 Winnings: 6.0
Choosing model 0
[0.40352665030014473, 8.006799195212603e-05, 0.06756532414472992, 0.11894122327456413, 0.409886734288609]
Games played: 181
Exploitability: P1=1.900000000 P2=-0.006783007 EV: (-0.08612442540963713, 0.08612442540963713) P1 Winnings: 5.0
Choosing model 4
[0.4081463874536016, 8.670839037740337e-05, 0.06891321596795899, 0.12326170531078502, 0.399591982877277]
Games played: 182
Exploitability: P1=2.600000000 P2=-0.006783007 EV: (-0.09582166977330016, 0.09582166977330016) P1 Winnings: 4.0
Choosing model 3
[0.4311356033397531, 0.00014264879461870725, 0.07658721050826535, 0.1512643674289914, 0.3408701699283714]
Games played: 183
Exploitability: P1=1.933333333 P2=-0.006783007 EV: (-0.13829649004440261, 0.13829649004440261) P1 Winnings: -1.0
Choosing model 0
[0.4197024312690313, 9.527923743446476e-05, 0.072087378888787, 0.13255313425721937, 0.37556177634752796]
Games played: 184
Exploitability: P1=1.900000000 P2=-0.006783007 EV: (-0.08612442540963713, 0.08612442540963713) P1 Winnings: -1.0
Choosing model 4
[0.41332496286486714, 7.602351511093497e-05, 0.06976847521789199, 0.12352449338726111, 0.39330604501486877]
Games played: 185
Exploitability: P1=2.600000000 P2=-0.006783007 EV: (-0.09582166977330016, 0.09582166977330016) P1 Winnings: -2.0
Choosing model 0
[0.41447127112540866, 7.279040579775565e-05, 0.06991489270099378, 0.1232871182415364, 0.39225392752626353]
Games played: 186
Exploitability: P1=1.900000000 P2=-0.006783007 EV: (-0.08612442540963713, 0.08612442540963713) P1 Winnings: -3.0
Choosing model 0
[0.433558156217931, 7.861405172564627e-05, 0.07743851208196034, 0.1166099215680446, 0.3723147960803384]
Games played: 187
Exploitability: P1=1.900000000 P2=-0.006783007 EV: (-0.08612442540963713, 0.08612442540963713) P1 Winnings: -2.0
Choosing model 0
[0.450097276868007, 0.00011638068983137228, 0.08354385547446994, 0.13581198567659705, 0.3304305012910947]
Games played: 188
Exploitability: P1=1.900000000 P2=-0.006783007 EV: (-0.08612442540963713, 0.08612442540963713) P1 Winnings: -2.0
Choosing model 3
[0.45367890824961044, 0.0001255976702640257, 0.08491641206715904, 0.14025951707834233, 0.3210195649346242]
Games played: 189
Exploitability: P1=1.933333333 P2=-0.006783007 EV: (-0.13829649004440261, 0.13829649004440261) P1 Winnings: -3.0
Choosing model 4
[0.4335548763760846, 6.252685098619463e-05, 0.07664311082865218, 0.11204445301558161, 0.37769503292869544]
Games played: 190
Exploitability: P1=2.600000000 P2=-0.006783007 EV: (-0.09582166977330016, 0.09582166977330016) P1 Winnings: -6.0
Choosing model 2
[0.4497261368614596, 8.964482658671727e-05, 0.08237765204303447, 0.1292150888876076, 0.3385914773813115]
Games played: 191
Exploitability: P1=4.600000000 P2=-0.006783007 EV: (-0.025680052444768238, 0.025680052444768238) P1 Winnings: -1.0
Choosing model 3
[0.45568700372910076, 0.00014371651357595127, 0.08130842982212823, 0.16406541292000706, 0.298795437015188]
Games played: 192
Exploitability: P1=1.933333333 P2=-0.006783007 EV: (-0.13829649004440261, 0.13829649004440261) P1 Winnings: 12.0
Choosing model 0
[0.4158087876585526, 8.433304442742899e-05, 0.059579939795298485, 0.15738842230191674, 0.36713851719980467]
Games played: 193
Exploitability: P1=1.900000000 P2=-0.006783007 EV: (-0.08612442540963713, 0.08612442540963713) P1 Winnings: 15.0
Choosing model 4
[0.4195404626539947, 9.110378506168932e-05, 0.06061989332553676, 0.1627065392655898, 0.3570420009698171]
Games played: 194
Exploitability: P1=2.600000000 P2=-0.006783007 EV: (-0.09582166977330016, 0.09582166977330016) P1 Winnings: 14.0
Choosing model 4
[0.36150294638903907, 9.648687506954502e-05, 0.03982172125541, 0.22637050822281335, 0.37220833725766794]
Games played: 195
Exploitability: P1=2.600000000 P2=-0.006783007 EV: (-0.09582166977330016, 0.09582166977330016) P1 Winnings: 5.0
Choosing model 2
[0.3740433724366528, 0.0001586235024686821, 0.04343743005477017, 0.27378771566703247, 0.3085728583390759]
Games played: 196
Exploitability: P1=4.600000000 P2=-0.006783007 EV: (-0.025680052444768238, 0.025680052444768238) P1 Winnings: 5.0
Choosing model 3
[0.36025826878236583, 0.00013536627646049473, 0.03848931500455891, 0.2775687228223374, 0.32354832711427733]
Games played: 197
Exploitability: P1=1.933333333 P2=-0.006783007 EV: (-0.13829649004440261, 0.13829649004440261) P1 Winnings: -4.0
Choosing model 0
[0.36329181869572924, 0.00013727039859666427, 0.03910379277700448, 0.2850017282321442, 0.31246538989652534]
Games played: 198
Exploitability: P1=1.900000000 P2=-0.006783007 EV: (-0.08612442540963713, 0.08612442540963713) P1 Winnings: -4.0
Choosing model 0
[0.3661429471183314, 0.00016611391188591884, 0.040260376879016235, 0.30582736765027296, 0.2876031944404935]
Games played: 199
Exploitability: P1=1.900000000 P2=-0.006783007 EV: (-0.08612442540963713, 0.08612442540963713) P1 Winnings: -4.0
Choosing model 3
[0.3673706785862424, 0.00023036391180690808, 0.04185659405694929, 0.3411528321821874, 0.24938953126281402]
Games played: 200
Exploitability: P1=1.933333333 P2=-0.006783007 EV: (-0.13829649004440261, 0.13829649004440261) P1 Winnings: -4.0
