Player 1 exploitability: 0.292031857579
Choosing model 1
[0.19733496350174634, 0.21128199904044118, 0.19899352989004943, 0.20218832745070942, 0.19020118011705367]
Games played: 1
Exploitability: P1=2.800000000 P2=0.206379843 EV: (0.20637984343950067, -0.20637984343950067) P1 Winnings: -7
Choosing model 3
[0.2060579737659546, 0.17875053532187046, 0.20420871267503388, 0.1997809938829894, 0.21120178435415163]
Games played: 2
Exploitability: P1=1.933333333 P2=0.206379843 EV: (-0.05181821659674144, 0.05181821659674144) P1 Winnings: -6.0
Choosing model 2
[0.2104522486164363, 0.18848839157635916, 0.220837483508169, 0.1844944002410562, 0.19572747605797924]
Games played: 3
Exploitability: P1=4.600000000 P2=0.206379843 EV: (0.16805501082242463, -0.16805501082242463) P1 Winnings: -5.0
Choosing model 0
[0.20338567387416687, 0.2516735767916697, 0.24937104866500243, 0.15867249033604677, 0.13689721033311433]
Games played: 4
Exploitability: P1=1.900000000 P2=0.206379843 EV: (-0.09086229099543507, 0.09086229099543507) P1 Winnings: 4.0
Choosing model 2
[0.20761746477761492, 0.23899158364602646, 0.2545652638149752, 0.16118640637022444, 0.13763928139115922]
Games played: 5
Exploitability: P1=4.600000000 P2=0.206379843 EV: (0.16805501082242463, -0.16805501082242463) P1 Winnings: 1.0
Choosing model 4
[0.20947717323087509, 0.1898478617253383, 0.19346973018974659, 0.21923143915796847, 0.18797379569607162]
Games played: 6
Exploitability: P1=2.600000000 P2=0.206379843 EV: (-0.1617367867539948, 0.1617367867539948) P1 Winnings: -8.0
Choosing model 3
[0.1956570959384379, 0.23920140656626213, 0.18717834926809573, 0.2266132281978408, 0.15134992002936343]
Games played: 7
Exploitability: P1=1.933333333 P2=0.206379843 EV: (-0.05181821659674144, 0.05181821659674144) P1 Winnings: -1.0
Choosing model 2
[0.22416760710808567, 0.14276786636252253, 0.20254375980839118, 0.21703263624587782, 0.21348813047512283]
Games played: 8
Exploitability: P1=4.600000000 P2=0.206379843 EV: (0.16805501082242463, -0.16805501082242463) P1 Winnings: -4.0
Choosing model 2
[0.23233236591105924, 0.11353031330875488, 0.205442028716676, 0.21000076079951385, 0.23869453126399606]
Games played: 9
Exploitability: P1=4.600000000 P2=0.206379843 EV: (0.16805501082242463, -0.16805501082242463) P1 Winnings: -3.0
Choosing model 2
[0.2308809105842025, 0.12079489879162644, 0.20587448133890768, 0.213821426148987, 0.2286282831362764]
Games played: 10
Exploitability: P1=4.600000000 P2=0.206379843 EV: (0.16805501082242463, -0.16805501082242463) P1 Winnings: -16.0
Choosing model 3
[0.2140233631404812, 0.08816009179240092, 0.1437529407947465, 0.26719355625949853, 0.28687004801287297]
Games played: 11
Exploitability: P1=1.933333333 P2=0.206379843 EV: (-0.05181821659674144, 0.05181821659674144) P1 Winnings: -25.0
Choosing model 0
[0.2231373717699511, 0.09489782850678002, 0.1586946346167797, 0.2518848133148157, 0.2713853517916735]
Games played: 12
Exploitability: P1=1.900000000 P2=0.206379843 EV: (-0.09086229099543507, 0.09086229099543507) P1 Winnings: -24.0
Choosing model 2
[0.22908073599323958, 0.07840047431506644, 0.1617359564175808, 0.23799942254014497, 0.29278341073396813]
Games played: 13
Exploitability: P1=4.600000000 P2=0.206379843 EV: (0.16805501082242463, -0.16805501082242463) P1 Winnings: -23.0
Choosing model 2
[0.23327923941479167, 0.06157338058758685, 0.1620317866331317, 0.2230379470073125, 0.3200776463571773]
Games played: 14
Exploitability: P1=4.600000000 P2=0.206379843 EV: (0.16805501082242463, -0.16805501082242463) P1 Winnings: -20.0
Choosing model 0
[0.23336600964603113, 0.06594971974583218, 0.16345440977727577, 0.2286084666035315, 0.3086213942273295]
Games played: 15
Exploitability: P1=1.900000000 P2=0.206379843 EV: (-0.09086229099543507, 0.09086229099543507) P1 Winnings: -33.0
Choosing model 2
[0.23336601083413203, 0.06594977877696158, 0.16345442891637738, 0.22860854183670445, 0.3086212396358245]
Games played: 16
Exploitability: P1=4.600000000 P2=0.206379843 EV: (0.16805501082242463, -0.16805501082242463) P1 Winnings: -34.0
Choosing model 2
[0.23525966961313566, 0.05386699473204691, 0.16194085184104542, 0.21807971136848653, 0.3308527724452856]
Games played: 17
Exploitability: P1=4.600000000 P2=0.206379843 EV: (0.16805501082242463, -0.16805501082242463) P1 Winnings: -35.0
Choosing model 3
[0.24512756227623786, 0.057948276297218576, 0.17866334450645258, 0.20545882563324103, 0.31280199128684993]
Games played: 18
Exploitability: P1=1.933333333 P2=0.206379843 EV: (-0.05181821659674144, 0.05181821659674144) P1 Winnings: -34.0
Choosing model 0
[0.24077390390801165, 0.09022544786454229, 0.1845269712280163, 0.23444239372608333, 0.2500312832733464]
Games played: 19
Exploitability: P1=1.900000000 P2=0.206379843 EV: (-0.09086229099543507, 0.09086229099543507) P1 Winnings: -37.0
Choosing model 0
[0.23243321275414558, 0.12255149130979377, 0.18497097291186995, 0.25321619069535495, 0.20682813232883587]
Games played: 20
Exploitability: P1=1.900000000 P2=0.206379843 EV: (-0.09086229099543507, 0.09086229099543507) P1 Winnings: -32.0
Choosing model 2
[0.24036276800971096, 0.09723712736355022, 0.18720013639490626, 0.2444665512983817, 0.23073341693345076]
Games played: 21
Exploitability: P1=4.600000000 P2=0.206379843 EV: (0.16805501082242463, -0.16805501082242463) P1 Winnings: -31.0
Choosing model 0
[0.24036270411726698, 0.09723742959603093, 0.1872001660071946, 0.2444667867658771, 0.23073291351363032]
Games played: 22
Exploitability: P1=1.900000000 P2=0.206379843 EV: (-0.09086229099543507, 0.09086229099543507) P1 Winnings: -40.0
Choosing model 0
[0.22945746097269354, 0.13430125391892295, 0.18595795512307517, 0.2628988035880434, 0.18738452639726505]
Games played: 23
Exploitability: P1=1.900000000 P2=0.206379843 EV: (-0.09086229099543507, 0.09086229099543507) P1 Winnings: -41.0
Choosing model 0
[0.23678328827553527, 0.11228673517845995, 0.1885877469690423, 0.2567145021695224, 0.20562772740744012]
Games played: 24
Exploitability: P1=1.900000000 P2=0.206379843 EV: (-0.09086229099543507, 0.09086229099543507) P1 Winnings: -42.0
Choosing model 2
[0.23481056590419289, 0.11922120174116486, 0.18858840100851249, 0.26083689851651454, 0.19654293282961519]
Games played: 25
Exploitability: P1=4.600000000 P2=0.206379843 EV: (0.16805501082242463, -0.16805501082242463) P1 Winnings: -43.0
Choosing model 0
[0.23423217878146188, 0.10537397721064914, 0.17307246010556127, 0.2738813914718627, 0.21343999243046496]
Games played: 26
Exploitability: P1=1.900000000 P2=0.206379843 EV: (-0.09086229099543507, 0.09086229099543507) P1 Winnings: -34.0
Choosing model 4
[0.23239114060609625, 0.11193472444287253, 0.17315534208781755, 0.2784117573202162, 0.20410703554299736]
Games played: 27
Exploitability: P1=2.600000000 P2=0.206379843 EV: (-0.1617367867539948, 0.1617367867539948) P1 Winnings: -35.0
Choosing model 3
[0.22596973044828095, 0.15366948126174862, 0.18181833014954676, 0.27671180626980935, 0.16183065187061435]
Games played: 28
Exploitability: P1=1.933333333 P2=0.206379843 EV: (-0.05181821659674144, 0.05181821659674144) P1 Winnings: -32.0
Choosing model 2
[0.240533313882332, 0.11223416330645729, 0.18712799232478328, 0.2651434064804241, 0.19496112400600338]
Games played: 29
Exploitability: P1=4.600000000 P2=0.206379843 EV: (0.16805501082242463, -0.16805501082242463) P1 Winnings: -43.0
Choosing model 1
[0.25153103277767197, 0.15598528335746684, 0.26474651348409156, 0.19456758405101787, 0.13316958632975173]
Games played: 30
Exploitability: P1=2.800000000 P2=0.206379843 EV: (0.20637984343950067, -0.20637984343950067) P1 Winnings: -38.0
Choosing model 0
[0.24824897101296786, 0.1648306440262654, 0.2634881231358991, 0.19675166284246712, 0.12668059898240044]
Games played: 31
Exploitability: P1=1.900000000 P2=0.206379843 EV: (-0.09086229099543507, 0.09086229099543507) P1 Winnings: -51.0
Choosing model 2
[0.2601434614163587, 0.13369217422096116, 0.27020609753125596, 0.19254930437594453, 0.14340896245547952]
Games played: 32
Exploitability: P1=4.600000000 P2=0.206379843 EV: (0.16805501082242463, -0.16805501082242463) P1 Winnings: -51.0
Choosing model 3
[0.2333406794736318, 0.14739319181247992, 0.18477344800082593, 0.278866518582615, 0.15562616213044736]
Games played: 33
Exploitability: P1=1.933333333 P2=0.206379843 EV: (-0.05181821659674144, 0.05181821659674144) P1 Winnings: -64.0
Choosing model 1
[0.24495240933076687, 0.11682561268570964, 0.18966267735194525, 0.27234341450815003, 0.17621588612342828]
Games played: 34
Exploitability: P1=2.800000000 P2=0.206379843 EV: (0.20637984343950067, -0.20637984343950067) P1 Winnings: -61.0
Choosing model 0
[0.24863881542690683, 0.10706348288028125, 0.1909785245332742, 0.26941427489259034, 0.1839049022669473]
Games played: 35
Exploitability: P1=1.900000000 P2=0.206379843 EV: (-0.09086229099543507, 0.09086229099543507) P1 Winnings: -61.0
Choosing model 2
[0.2558047437162792, 0.08796112632370001, 0.1928408803462691, 0.2612059868179236, 0.20218726279582808]
Games played: 36
Exploitability: P1=4.600000000 P2=0.206379843 EV: (0.16805501082242463, -0.16805501082242463) P1 Winnings: -61.0
Choosing model 4
[0.22937181105135349, 0.05428854913835421, 0.12450143868197582, 0.31766708501409324, 0.27417111611422335]
Games played: 37
Exploitability: P1=2.600000000 P2=0.206379843 EV: (-0.1617367867539948, 0.1617367867539948) P1 Winnings: -64.0
Choosing model 3
[0.22937180498342002, 0.05428859601907898, 0.12450144933253231, 0.317667179534687, 0.27417097013028163]
Games played: 38
Exploitability: P1=1.933333333 P2=0.206379843 EV: (-0.05181821659674144, 0.05181821659674144) P1 Winnings: -65.0
Choosing model 0
[0.24061739767494403, 0.0587988342217954, 0.13829159227049825, 0.3013174022775308, 0.26097477355523163]
Games played: 39
Exploitability: P1=1.900000000 P2=0.206379843 EV: (-0.09086229099543507, 0.09086229099543507) P1 Winnings: -64.0
Choosing model 1
[0.245280572715469, 0.04030203018991663, 0.1360104312915276, 0.27470933905739653, 0.3036976267456902]
Games played: 40
Exploitability: P1=2.800000000 P2=0.206379843 EV: (0.20637984343950067, -0.20637984343950067) P1 Winnings: -64.0
Choosing model 2
[0.24225603202187226, 0.057251734742699976, 0.13972200589093792, 0.30520822974891, 0.25556199759557985]
Games played: 41
Exploitability: P1=4.600000000 P2=0.206379843 EV: (0.16805501082242463, -0.16805501082242463) P1 Winnings: -59.0
Choosing model 4
[0.24556376593684262, 0.04701947812534245, 0.1391888426730746, 0.29275116353902014, 0.27547674972572006]
Games played: 42
Exploitability: P1=2.600000000 P2=0.206379843 EV: (-0.1617367867539948, 0.1617367867539948) P1 Winnings: -58.0
Choosing model 2
[0.24768774678875452, 0.04209953754129378, 0.1394210029037339, 0.28814575844770296, 0.2826459543185148]
Games played: 43
Exploitability: P1=4.600000000 P2=0.206379843 EV: (0.16805501082242463, -0.16805501082242463) P1 Winnings: -58.0
Choosing model 4
[0.20721012113645626, 0.0185906075286382, 0.08211169240623879, 0.30450519968664047, 0.38758237924202615]
Games played: 44
Exploitability: P1=2.600000000 P2=0.206379843 EV: (-0.1617367867539948, 0.1617367867539948) P1 Winnings: -55.0
Choosing model 4
[0.22035023036905152, 0.02041123292180627, 0.09245745277530105, 0.2927939721217201, 0.3739871118121212]
Games played: 45
Exploitability: P1=2.600000000 P2=0.206379843 EV: (-0.1617367867539948, 0.1617367867539948) P1 Winnings: -54.0
Choosing model 3
[0.21978360898404087, 0.016397941668535608, 0.09059021487984233, 0.2759526462976788, 0.39727558816990244]
Games played: 46
Exploitability: P1=1.933333333 P2=0.206379843 EV: (-0.05181821659674144, 0.05181821659674144) P1 Winnings: -53.0
Choosing model 0
[0.21803670372721368, 0.012591173769278376, 0.08794765027282184, 0.2556624552716714, 0.4257620169590147]
Games played: 47
Exploitability: P1=1.900000000 P2=0.206379843 EV: (-0.09086229099543507, 0.09086229099543507) P1 Winnings: -50.0
Choosing model 0
[0.23838625233480984, 0.011844755760107711, 0.10413935938187661, 0.2268687847058857, 0.41876084781732026]
Games played: 48
Exploitability: P1=1.900000000 P2=0.206379843 EV: (-0.09086229099543507, 0.09086229099543507) P1 Winnings: -47.0
Choosing model 4
[0.24280750742750537, 0.014781941446971522, 0.10859142195500288, 0.2476307307276949, 0.3861883984428253]
Games played: 49
Exploitability: P1=2.600000000 P2=0.206379843 EV: (-0.1617367867539948, 0.1617367867539948) P1 Winnings: -52.0
Choosing model 0
[0.24745149886259085, 0.02705180082100045, 0.11805492876916983, 0.30590638229543, 0.30153538925180895]
Games played: 50
Exploitability: P1=1.900000000 P2=0.206379843 EV: (-0.09086229099543507, 0.09086229099543507) P1 Winnings: -55.0
Choosing model 2
[0.24705180429484805, 0.03242859838178046, 0.12040539944498832, 0.32517734225329376, 0.2749368556250894]
Games played: 51
Exploitability: P1=4.600000000 P2=0.206379843 EV: (0.16805501082242463, -0.16805501082242463) P1 Winnings: -55.0
Choosing model 4
[0.19192299961350012, 0.03175399878744005, 0.06954473086357325, 0.44906859500917506, 0.2577096757263116]
Games played: 52
Exploitability: P1=2.600000000 P2=0.206379843 EV: (-0.1617367867539948, 0.1617367867539948) P1 Winnings: -42.0
Choosing model 3
[0.2045576254265331, 0.03494299987869226, 0.0784851076448965, 0.4327790302769348, 0.24923523677294315]
Games played: 53
Exploitability: P1=1.933333333 P2=0.206379843 EV: (-0.05181821659674144, 0.05181821659674144) P1 Winnings: -41.0
Choosing model 3
[0.21733485865648636, 0.03833072326551928, 0.08829484536345708, 0.4157620058648803, 0.24027756684965693]
Games played: 54
Exploitability: P1=1.933333333 P2=0.206379843 EV: (-0.05181821659674144, 0.05181821659674144) P1 Winnings: -40.0
Choosing model 0
[0.22286041778414467, 0.026968272961522637, 0.08754156133122354, 0.3837727370991866, 0.2788570108239226]
Games played: 55
Exploitability: P1=1.900000000 P2=0.206379843 EV: (-0.09086229099543507, 0.09086229099543507) P1 Winnings: -40.0
Choosing model 3
[0.25786772201121677, 0.04562746356913585, 0.12879345227390984, 0.3567312094105875, 0.21098015273515]
Games played: 56
Exploitability: P1=1.933333333 P2=0.206379843 EV: (-0.05181821659674144, 0.05181821659674144) P1 Winnings: -35.0
Choosing model 2
[0.2699209462882046, 0.049310458759450816, 0.1427472548530686, 0.3376335417292226, 0.20038779837005338]
Games played: 57
Exploitability: P1=4.600000000 P2=0.206379843 EV: (0.16805501082242463, -0.16805501082242463) P1 Winnings: -34.0
Choosing model 4
[0.26988478020074597, 0.05260196788827323, 0.14468191350110687, 0.34090457735732, 0.1919267610525539]
Games played: 58
Exploitability: P1=2.600000000 P2=0.206379843 EV: (-0.1617367867539948, 0.1617367867539948) P1 Winnings: -29.0
Choosing model 4
[0.2759864153512469, 0.041634550178717845, 0.14478787677898086, 0.32556688888703894, 0.2120242688040154]
Games played: 59
Exploitability: P1=2.600000000 P2=0.206379843 EV: (-0.1617367867539948, 0.1617367867539948) P1 Winnings: -26.0
Choosing model 3
[0.2759864011460922, 0.04163458509059005, 0.14478788554295274, 0.32556697761383313, 0.21202415060653187]
Games played: 60
Exploitability: P1=1.933333333 P2=0.206379843 EV: (-0.05181821659674144, 0.05181821659674144) P1 Winnings: -27.0
Choosing model 2
[0.26827252545345026, 0.055936768938757916, 0.1458320472558482, 0.3518419985643819, 0.17811665978756178]
Games played: 61
Exploitability: P1=4.600000000 P2=0.206379843 EV: (0.16805501082242463, -0.16805501082242463) P1 Winnings: -22.0
Choosing model 1
[0.2678181532501003, 0.05957750790365068, 0.1475779450909894, 0.3546965256561892, 0.17032986809907055]
Games played: 62
Exploitability: P1=2.800000000 P2=0.206379843 EV: (0.20637984343950067, -0.20637984343950067) P1 Winnings: -17.0
Choosing model 0
[0.2785443737889898, 0.08560969251723682, 0.17934211709809245, 0.3282940221441643, 0.12820979445151673]
Games played: 63
Exploitability: P1=1.900000000 P2=0.206379843 EV: (-0.09086229099543507, 0.09086229099543507) P1 Winnings: -8.0
Choosing model 3
[0.2870334012484145, 0.0710557602792224, 0.18154233313887544, 0.3196624777602613, 0.14070602757322648]
Games played: 64
Exploitability: P1=1.933333333 P2=0.206379843 EV: (-0.05181821659674144, 0.05181821659674144) P1 Winnings: -8.0
Choosing model 2
[0.29116555588352666, 0.06413336824483404, 0.1833563102208606, 0.3183922573001368, 0.14295250835064183]
Games played: 65
Exploitability: P1=4.600000000 P2=0.206379843 EV: (0.16805501082242463, -0.16805501082242463) P1 Winnings: -8.0
Choosing model 1
[0.27716344767672346, 0.08589755255170597, 0.18123696243924808, 0.3390978283777672, 0.11660420895455534]
Games played: 66
Exploitability: P1=2.800000000 P2=0.206379843 EV: (0.20637984343950067, -0.20637984343950067) P1 Winnings: -3.0
Choosing model 3
[0.2771632924643404, 0.08589779426854274, 0.18123693779078764, 0.33909805523499376, 0.1166039202413354]
Games played: 67
Exploitability: P1=1.933333333 P2=0.206379843 EV: (-0.05181821659674144, 0.05181821659674144) P1 Winnings: -12.0
Choosing model 4
[0.2988370871533101, 0.0796872957009757, 0.21163357149860076, 0.29674285633263864, 0.11309918931447487]
Games played: 68
Exploitability: P1=2.600000000 P2=0.206379843 EV: (-0.1617367867539948, 0.1617367867539948) P1 Winnings: -9.0
Choosing model 3
[0.28301042812472804, 0.10430659844266034, 0.20767525260970934, 0.3124403145317993, 0.09256740629110302]
Games played: 69
Exploitability: P1=1.933333333 P2=0.206379843 EV: (-0.05181821659674144, 0.05181821659674144) P1 Winnings: -14.0
Choosing model 0
[0.2879426098225452, 0.09581452888288085, 0.2096059902203597, 0.3098040401036411, 0.09683283097057309]
Games played: 70
Exploitability: P1=1.900000000 P2=0.206379843 EV: (-0.09086229099543507, 0.09086229099543507) P1 Winnings: -11.0
Choosing model 0
[0.252159737192565, 0.15515615245993944, 0.19646242585759904, 0.33213159762816036, 0.06409008686173606]
Games played: 71
Exploitability: P1=1.900000000 P2=0.206379843 EV: (-0.09086229099543507, 0.09086229099543507) P1 Winnings: -16.0
Choosing model 4
[0.23031997626748316, 0.19587521527947602, 0.18593776175068333, 0.3372755625560908, 0.0505914841462667]
Games played: 72
Exploitability: P1=2.600000000 P2=0.206379843 EV: (-0.1617367867539948, 0.1617367867539948) P1 Winnings: -16.0
Choosing model 0
[0.2628986073182624, 0.1340548860043879, 0.20213225087190448, 0.3313392455766021, 0.06957501022884302]
Games played: 73
Exploitability: P1=1.900000000 P2=0.206379843 EV: (-0.09086229099543507, 0.09086229099543507) P1 Winnings: -17.0
Choosing model 2
[0.26868807013058416, 0.12190455807540142, 0.20568664691403438, 0.3325035248637526, 0.07121720001622744]
Games played: 74
Exploitability: P1=4.600000000 P2=0.206379843 EV: (0.16805501082242463, -0.16805501082242463) P1 Winnings: -22.0
Choosing model 1
[0.2704582550844303, 0.10872333269645779, 0.19047677174188188, 0.35230003516454794, 0.07804160531268217]
Games played: 75
Exploitability: P1=2.800000000 P2=0.206379843 EV: (0.20637984343950067, -0.20637984343950067) P1 Winnings: -31.0
Choosing model 3
[0.2778045862082549, 0.14796572696325752, 0.2559007435251801, 0.2645476594957424, 0.05378128380756517]
Games played: 76
Exploitability: P1=1.933333333 P2=0.206379843 EV: (-0.05181821659674144, 0.05181821659674144) P1 Winnings: -28.0
Choosing model 1
[0.25531846326454144, 0.18795702580767193, 0.243694984461153, 0.27031214022476563, 0.042717386241868]
Games played: 77
Exploitability: P1=2.800000000 P2=0.206379843 EV: (0.20637984343950067, -0.20637984343950067) P1 Winnings: -28.0
Choosing model 3
[0.2553182110443724, 0.1879574743012791, 0.24369484705047628, 0.27031220540779893, 0.04271726219607328]
Games played: 78
Exploitability: P1=1.933333333 P2=0.206379843 EV: (-0.05181821659674144, 0.05181821659674144) P1 Winnings: -37.0
Choosing model 2
[0.2726385966443378, 0.1539960756216749, 0.2546744983769054, 0.2694822495564787, 0.04920857980060315]
Games played: 79
Exploitability: P1=4.600000000 P2=0.206379843 EV: (0.16805501082242463, -0.16805501082242463) P1 Winnings: -37.0
Choosing model 0
[0.2854783024072332, 0.13064563077467353, 0.26207232024251015, 0.2670106822006967, 0.0547930643748864]
Games played: 80
Exploitability: P1=1.900000000 P2=0.206379843 EV: (-0.09086229099543507, 0.09086229099543507) P1 Winnings: -36.0
Choosing model 3
[0.28208852322557687, 0.1336789593013043, 0.2617675975540149, 0.2713148373082818, 0.05115008261082207]
Games played: 81
Exploitability: P1=1.933333333 P2=0.206379843 EV: (-0.05181821659674144, 0.05181821659674144) P1 Winnings: -36.0
Choosing model 2
[0.29682256448929173, 0.10887223156901668, 0.26954794588178943, 0.26661410718278117, 0.05814315087712102]
Games played: 82
Exploitability: P1=4.600000000 P2=0.206379843 EV: (0.16805501082242463, -0.16805501082242463) P1 Winnings: -33.0
Choosing model 0
[0.29355117206743236, 0.11487490715435777, 0.27022629396753295, 0.2662658522429657, 0.05508177456771134]
Games played: 83
Exploitability: P1=1.900000000 P2=0.206379843 EV: (-0.09086229099543507, 0.09086229099543507) P1 Winnings: -28.0
Choosing model 0
[0.29680956415844817, 0.11992020376688463, 0.289305076375506, 0.24343017976070622, 0.05053497593845478]
Games played: 84
Exploitability: P1=1.900000000 P2=0.206379843 EV: (-0.09086229099543507, 0.09086229099543507) P1 Winnings: -27.0
Choosing model 3
[0.29892678726701183, 0.12469596861243405, 0.3085157742198918, 0.22167985941623086, 0.046181610484431396]
Games played: 85
Exploitability: P1=1.933333333 P2=0.206379843 EV: (-0.05181821659674144, 0.05181821659674144) P1 Winnings: -26.0
Choosing model 0
[0.3046898855088563, 0.11475238049121893, 0.3119507409136758, 0.2202094502940396, 0.04839754279220953]
Games played: 86
Exploitability: P1=1.900000000 P2=0.206379843 EV: (-0.09086229099543507, 0.09086229099543507) P1 Winnings: -23.0
Choosing model 2
[0.2917201372228991, 0.13461533561790948, 0.30576946036952635, 0.2259400468278997, 0.041955019961765344]
Games played: 87
Exploitability: P1=4.600000000 P2=0.206379843 EV: (0.16805501082242463, -0.16805501082242463) P1 Winnings: -28.0
Choosing model 2
[0.26828007441638946, 0.17418763815636498, 0.2919920804630401, 0.23247795504582058, 0.03306225191838497]
Games played: 88
Exploitability: P1=4.600000000 P2=0.206379843 EV: (0.16805501082242463, -0.16805501082242463) P1 Winnings: -28.0
Choosing model 3
[0.2819509165217767, 0.14832076142452869, 0.30158241282251014, 0.2311957248600393, 0.03695018437114523]
Games played: 89
Exploitability: P1=1.933333333 P2=0.206379843 EV: (-0.05181821659674144, 0.05181821659674144) P1 Winnings: -29.0
Choosing model 2
[0.27394003459879585, 0.15941777335076693, 0.29803380404953345, 0.2354702963340311, 0.03313809166687261]
Games played: 90
Exploitability: P1=4.600000000 P2=0.206379843 EV: (0.16805501082242463, -0.16805501082242463) P1 Winnings: -29.0
Choosing model 3
[0.2657350973902441, 0.18262982054415125, 0.3202514379739855, 0.20527680749385854, 0.026106836597760655]
Games played: 91
Exploitability: P1=1.933333333 P2=0.206379843 EV: (-0.05181821659674144, 0.05181821659674144) P1 Winnings: -24.0
Choosing model 2
[0.26198089978970085, 0.1864439338125149, 0.31914953889969294, 0.2081101165358883, 0.024315510962203142]
Games played: 92
Exploitability: P1=4.600000000 P2=0.206379843 EV: (0.16805501082242463, -0.16805501082242463) P1 Winnings: -24.0
Choosing model 2
[0.2513075161284337, 0.2112154327364371, 0.3391268843383706, 0.17940699960299175, 0.018943167193766666]
Games played: 93
Exploitability: P1=4.600000000 P2=0.206379843 EV: (0.16805501082242463, -0.16805501082242463) P1 Winnings: -19.0
Choosing model 0
[0.22584513035589404, 0.26225098313189443, 0.35610160135621566, 0.1434816283730712, 0.012320656782924622]
Games played: 94
Exploitability: P1=1.900000000 P2=0.206379843 EV: (-0.09086229099543507, 0.09086229099543507) P1 Winnings: -10.0
Choosing model 2
[0.2542902711656915, 0.19854466481615068, 0.3868416753064037, 0.14448687371647273, 0.015836514995281395]
Games played: 95
Exploitability: P1=4.600000000 P2=0.206379843 EV: (0.16805501082242463, -0.16805501082242463) P1 Winnings: -10.0
Choosing model 0
[0.27093246427700945, 0.16373151933259777, 0.4033417851711122, 0.1437665427997612, 0.018227688419519206]
Games played: 96
Exploitability: P1=1.900000000 P2=0.206379843 EV: (-0.09086229099543507, 0.09086229099543507) P1 Winnings: -13.0
Choosing model 0
[0.2838269419277813, 0.13802921612596336, 0.4194632021746447, 0.13861430867818744, 0.02006633109342311]
Games played: 97
Exploitability: P1=1.900000000 P2=0.206379843 EV: (-0.09086229099543507, 0.09086229099543507) P1 Winnings: -12.0
Choosing model 2
[0.30466842216438833, 0.10165937070683104, 0.43535454217371616, 0.133939186842216, 0.024378478112848365]
Games played: 98
Exploitability: P1=4.600000000 P2=0.206379843 EV: (0.16805501082242463, -0.16805501082242463) P1 Winnings: -9.0
Choosing model 3
[0.2830334538278137, 0.15632556420703853, 0.32221501566653754, 0.2144389880650081, 0.023986978233601946]
Games played: 99
Exploitability: P1=1.933333333 P2=0.206379843 EV: (-0.05181821659674144, 0.05181821659674144) P1 Winnings: -18.0
Choosing model 2
[0.2993389157913325, 0.1279669998708619, 0.33348770670055317, 0.21180062841810476, 0.027405749219147766]
Games played: 100
Exploitability: P1=4.600000000 P2=0.206379843 EV: (0.16805501082242463, -0.16805501082242463) P1 Winnings: -15.0
Choosing model 0
[0.29995042648074405, 0.1181079841687822, 0.2655103764691296, 0.28330645242698116, 0.033124760454362995]
Games played: 101
Exploitability: P1=1.900000000 P2=0.206379843 EV: (-0.09086229099543507, 0.09086229099543507) P1 Winnings: -28.0
Choosing model 0
[0.3133510876541689, 0.09853050949548532, 0.27223134387792597, 0.278908048141001, 0.036979010831418704]
Games played: 102
Exploitability: P1=1.900000000 P2=0.206379843 EV: (-0.09086229099543507, 0.09086229099543507) P1 Winnings: -28.0
Choosing model 0
[0.31878203714175235, 0.08918884952300982, 0.2757472245737908, 0.2786037498895408, 0.03767813887190641]
Games played: 103
Exploitability: P1=1.900000000 P2=0.206379843 EV: (-0.09086229099543507, 0.09086229099543507) P1 Winnings: -33.0
Choosing model 2
[0.3391186711498086, 0.06509998716097919, 0.2836254096954067, 0.26679211685431153, 0.045363815139494085]
Games played: 104
Exploitability: P1=4.600000000 P2=0.206379843 EV: (0.16805501082242463, -0.16805501082242463) P1 Winnings: -40.0
Choosing model 0
[0.34325688021107376, 0.0583847474923155, 0.26411724052227364, 0.2842530395093132, 0.04998809226502378]
Games played: 105
Exploitability: P1=1.900000000 P2=0.206379843 EV: (-0.09086229099543507, 0.09086229099543507) P1 Winnings: -49.0
Choosing model 3
[0.3393441484117672, 0.06179864209868516, 0.26330116104537016, 0.28792426315233355, 0.04763178529184399]
Games played: 106
Exploitability: P1=1.933333333 P2=0.206379843 EV: (-0.05181821659674144, 0.05181821659674144) P1 Winnings: -44.0
Choosing model 2
[0.3574231411333935, 0.04466052302688635, 0.26814546921971466, 0.27298974682667654, 0.056781119793329095]
Games played: 107
Exploitability: P1=4.600000000 P2=0.206379843 EV: (0.16805501082242463, -0.16805501082242463) P1 Winnings: -44.0
Choosing model 3
[0.3682179290944093, 0.03561138273419646, 0.27033444513247834, 0.26264354550292046, 0.06319269753599537]
Games played: 108
Exploitability: P1=1.933333333 P2=0.206379843 EV: (-0.05181821659674144, 0.05181821659674144) P1 Winnings: -47.0
Choosing model 2
[0.373426772215797, 0.037287431499086324, 0.29029281167480986, 0.24084194523016833, 0.05815103938013859]
Games played: 109
Exploitability: P1=4.600000000 P2=0.206379843 EV: (0.16805501082242463, -0.16805501082242463) P1 Winnings: -46.0
Choosing model 0
[0.35679436620630944, 0.05012747040601691, 0.2880074858569827, 0.2574608609025244, 0.04760981662816649]
Games played: 110
Exploitability: P1=1.900000000 P2=0.206379843 EV: (-0.09086229099543507, 0.09086229099543507) P1 Winnings: -46.0
Choosing model 4
[0.35306092136123884, 0.05310872358189092, 0.28738913637738517, 0.2610326979731564, 0.04540852070632871]
Games played: 111
Exploitability: P1=2.600000000 P2=0.206379843 EV: (-0.1617367867539948, 0.1617367867539948) P1 Winnings: -41.0
Choosing model 0
[0.3537219800958076, 0.06193067861093385, 0.33294424656007154, 0.2159080067463651, 0.035495087986822015]
Games played: 112
Exploitability: P1=1.900000000 P2=0.206379843 EV: (-0.09086229099543507, 0.09086229099543507) P1 Winnings: -38.0
Choosing model 2
[0.35372192901764243, 0.06193072478642683, 0.33294423577207855, 0.21590804552314039, 0.03549506490071168]
Games played: 113
Exploitability: P1=4.600000000 P2=0.206379843 EV: (0.16805501082242463, -0.16805501082242463) P1 Winnings: -39.0
Choosing model 1
[0.33332994642319386, 0.07756409399442028, 0.42448172760128966, 0.1427757627865574, 0.02184846919453872]
Games played: 114
Exploitability: P1=2.800000000 P2=0.206379843 EV: (0.20637984343950067, -0.20637984343950067) P1 Winnings: -34.0
Choosing model 0
[0.30882570295519174, 0.09928555198908885, 0.4595201499851121, 0.11771864535884624, 0.014649949711761121]
Games played: 115
Exploitability: P1=1.900000000 P2=0.206379843 EV: (-0.09086229099543507, 0.09086229099543507) P1 Winnings: -25.0
Choosing model 0
[0.30478876935389704, 0.10491317472980635, 0.4573250600853692, 0.1190372305004299, 0.013935765330497571]
Games played: 116
Exploitability: P1=1.900000000 P2=0.206379843 EV: (-0.09086229099543507, 0.09086229099543507) P1 Winnings: -26.0
Choosing model 2
[0.3175687942053655, 0.08460800641299744, 0.4663076104273412, 0.11582965391304807, 0.015685935041247743]
Games played: 117
Exploitability: P1=4.600000000 P2=0.206379843 EV: (0.16805501082242463, -0.16805501082242463) P1 Winnings: -26.0
Choosing model 2
[0.31374710763215163, 0.08949768858716918, 0.46456803630067905, 0.11725023226207412, 0.014936935217925893]
Games played: 118
Exploitability: P1=4.600000000 P2=0.206379843 EV: (0.16805501082242463, -0.16805501082242463) P1 Winnings: -39.0
Choosing model 0
[0.3216517405636351, 0.10420863818771864, 0.41300239254852006, 0.14494053397075915, 0.016196694729367057]
Games played: 119
Exploitability: P1=1.900000000 P2=0.206379843 EV: (-0.09086229099543507, 0.09086229099543507) P1 Winnings: -34.0
Choosing model 2
[0.29885172377502883, 0.13462481711059898, 0.4246022561117294, 0.12996712343710154, 0.011954079565541243]
Games played: 120
Exploitability: P1=4.600000000 P2=0.206379843 EV: (0.16805501082242463, -0.16805501082242463) P1 Winnings: -29.0
Choosing model 2
[0.29885149333511135, 0.13462516752970824, 0.42460210873960896, 0.12996718295173285, 0.011954047443838633]
Games played: 121
Exploitability: P1=4.600000000 P2=0.206379843 EV: (0.16805501082242463, -0.16805501082242463) P1 Winnings: -38.0
Choosing model 3
[0.27678849429742797, 0.17233504268033112, 0.4074806598851118, 0.13382742720422391, 0.009568375932905368]
Games played: 122
Exploitability: P1=1.933333333 P2=0.206379843 EV: (-0.05181821659674144, 0.05181821659674144) P1 Winnings: -33.0
Choosing model 0
[0.28335509542173537, 0.15697619137966146, 0.4153367708945365, 0.13452140618313385, 0.009810536120932837]
Games played: 123
Exploitability: P1=1.900000000 P2=0.206379843 EV: (-0.09086229099543507, 0.09086229099543507) P1 Winnings: -38.0
Choosing model 0
[0.2789635880599464, 0.15955976698172322, 0.43296346671564295, 0.11974924013052834, 0.008763938112159083]
Games played: 124
Exploitability: P1=1.900000000 P2=0.206379843 EV: (-0.09086229099543507, 0.09086229099543507) P1 Winnings: -37.0
Choosing model 0
[0.23951216829471722, 0.20031459983525202, 0.47265773268008915, 0.08259538303899702, 0.004920116150944599]
Games played: 125
Exploitability: P1=1.900000000 P2=0.206379843 EV: (-0.09086229099543507, 0.09086229099543507) P1 Winnings: -32.0
Choosing model 1
[0.2348195890244545, 0.21027023390689636, 0.46729208708902337, 0.08296875042120193, 0.004649339558423836]
Games played: 126
Exploitability: P1=2.800000000 P2=0.206379843 EV: (0.20637984343950067, -0.20637984343950067) P1 Winnings: -33.0
Choosing model 0
[0.24112257438205395, 0.19493841626733957, 0.4760005114654555, 0.08302991816058389, 0.00490857972456713]
Games played: 127
Exploitability: P1=1.900000000 P2=0.206379843 EV: (-0.09086229099543507, 0.09086229099543507) P1 Winnings: -33.0
Choosing model 2
[0.23502797611560944, 0.19617887256746058, 0.4912736658947591, 0.07317810737897007, 0.004341378043200813]
Games played: 128
Exploitability: P1=4.600000000 P2=0.206379843 EV: (0.16805501082242463, -0.16805501082242463) P1 Winnings: -32.0
Choosing model 2
[0.23050156491676765, 0.20599894590601753, 0.485861754203684, 0.07353388857461968, 0.0041038463989111]
Games played: 129
Exploitability: P1=4.600000000 P2=0.206379843 EV: (0.16805501082242463, -0.16805501082242463) P1 Winnings: -45.0
Choosing model 2
[0.2447243399631489, 0.19378459064592166, 0.474569766626093, 0.08217796745241579, 0.004743335312420667]
Games played: 130
Exploitability: P1=4.600000000 P2=0.206379843 EV: (0.16805501082242463, -0.16805501082242463) P1 Winnings: -54.0
Choosing model 2
[0.22252462606626924, 0.24354257321558778, 0.44712940577837185, 0.0830759143326433, 0.003727480607127843]
Games played: 131
Exploitability: P1=4.600000000 P2=0.206379843 EV: (0.16805501082242463, -0.16805501082242463) P1 Winnings: -49.0
Choosing model 2
[0.21690357529436602, 0.24509623112525117, 0.46148356599880136, 0.07321981627657528, 0.0032968113050061104]
Games played: 132
Exploitability: P1=4.600000000 P2=0.206379843 EV: (0.16805501082242463, -0.16805501082242463) P1 Winnings: -48.0
Choosing model 2
[0.23808377582701376, 0.24779622754623506, 0.40247109702940403, 0.1072839227339403, 0.00436497686340686]
Games played: 133
Exploitability: P1=4.600000000 P2=0.206379843 EV: (0.16805501082242463, -0.16805501082242463) P1 Winnings: -61.0
Choosing model 1
[0.2531332841505111, 0.21345857759777356, 0.42053686815316504, 0.107936119739623, 0.004935150358927355]
Games played: 134
Exploitability: P1=2.800000000 P2=0.206379843 EV: (0.20637984343950067, -0.20637984343950067) P1 Winnings: -60.0
Choosing model 2
[0.2608033015071611, 0.19522558171151083, 0.4302802858906369, 0.10851855352694775, 0.005172277363743448]
Games played: 135
Exploitability: P1=4.600000000 P2=0.206379843 EV: (0.16805501082242463, -0.16805501082242463) P1 Winnings: -60.0
Choosing model 2
[0.27786867392418724, 0.1595907579779527, 0.44865397577183413, 0.10794175212173404, 0.005944840204291921]
Games played: 136
Exploitability: P1=4.600000000 P2=0.206379843 EV: (0.16805501082242463, -0.16805501082242463) P1 Winnings: -59.0
Choosing model 2
[0.29184162758015736, 0.14851363972787984, 0.43351410910950333, 0.11933331044875703, 0.006797313133702397]
Games played: 137
Exploitability: P1=4.600000000 P2=0.206379843 EV: (0.16805501082242463, -0.16805501082242463) P1 Winnings: -68.0
Choosing model 2
[0.3044183942291994, 0.12466259208363045, 0.4489055446708041, 0.11456263761851873, 0.007450831397847309]
Games played: 138
Exploitability: P1=4.600000000 P2=0.206379843 EV: (0.16805501082242463, -0.16805501082242463) P1 Winnings: -67.0
Choosing model 0
[0.2998806000598494, 0.13148374928281947, 0.4459306889287023, 0.11563053275116711, 0.007074428977461784]
Games played: 139
Exploitability: P1=1.900000000 P2=0.206379843 EV: (-0.09086229099543507, 0.09086229099543507) P1 Winnings: -80.0
Choosing model 0
[0.3144490736538987, 0.10671282109529373, 0.45759150531798043, 0.11323288171654244, 0.008013718216284804]
Games played: 140
Exploitability: P1=1.900000000 P2=0.206379843 EV: (-0.09086229099543507, 0.09086229099543507) P1 Winnings: -80.0
Choosing model 2
[0.3467912056585987, 0.06130894521533446, 0.4766303701101005, 0.1043885466987462, 0.010880932317219975]
Games played: 141
Exploitability: P1=4.600000000 P2=0.206379843 EV: (0.16805501082242463, -0.16805501082242463) P1 Winnings: -83.0
Choosing model 2
[0.36263584169181046, 0.06249487217395796, 0.43093198307682545, 0.13153753677149627, 0.012399766285909856]
Games played: 142
Exploitability: P1=4.600000000 P2=0.206379843 EV: (0.16805501082242463, -0.16805501082242463) P1 Winnings: -83.0
Choosing model 0
[0.3744292591110656, 0.04950943210211517, 0.43545306212126006, 0.12679663280999923, 0.013811613855559937]
Games played: 143
Exploitability: P1=1.900000000 P2=0.206379843 EV: (-0.09086229099543507, 0.09086229099543507) P1 Winnings: -82.0
Choosing model 0
[0.4004300997115979, 0.028311071398703917, 0.43952377110859836, 0.11337198912007186, 0.01836306866102805]
Games played: 144
Exploitability: P1=1.900000000 P2=0.206379843 EV: (-0.09086229099543507, 0.09086229099543507) P1 Winnings: -83.0
Choosing model 2
[0.3842587562367615, 0.039306543773465076, 0.4388871396206706, 0.12255653329613014, 0.014991027072972821]
Games played: 145
Exploitability: P1=4.600000000 P2=0.206379843 EV: (0.16805501082242463, -0.16805501082242463) P1 Winnings: -92.0
Choosing model 2
[0.3804796639964109, 0.044543278238717024, 0.42871063364012524, 0.13228982891169885, 0.013976595213047933]
Games played: 146
Exploitability: P1=4.600000000 P2=0.206379843 EV: (0.16805501082242463, -0.16805501082242463) P1 Winnings: -92.0
Choosing model 0
[0.39816416357226936, 0.042934643654521314, 0.35645962209300486, 0.18479920288620647, 0.017642367793997922]
Games played: 147
Exploitability: P1=1.900000000 P2=0.206379843 EV: (-0.09086229099543507, 0.09086229099543507) P1 Winnings: -105.0
Choosing model 3
[0.37762451809899333, 0.058913845666831305, 0.351788620639062, 0.19743845847303387, 0.014234557122079447]
Games played: 148
Exploitability: P1=1.933333333 P2=0.206379843 EV: (-0.05181821659674144, 0.05181821659674144) P1 Winnings: -106.0
Choosing model 2
[0.348268717383995, 0.08632981820928663, 0.3420346001620352, 0.21284822051006966, 0.010518643734613631]
Games played: 149
Exploitability: P1=4.600000000 P2=0.206379843 EV: (0.16805501082242463, -0.16805501082242463) P1 Winnings: -106.0
Choosing model 3
[0.3477241776597286, 0.0889926953472387, 0.3615970179837046, 0.19215660635365936, 0.009529502655668725]
Games played: 150
Exploitability: P1=1.933333333 P2=0.206379843 EV: (-0.05181821659674144, 0.05181821659674144) P1 Winnings: -105.0
Choosing model 2
[0.35983968350027884, 0.07417658496626288, 0.3675839848670934, 0.187897121777766, 0.010502624888598789]
Games played: 151
Exploitability: P1=4.600000000 P2=0.206379843 EV: (0.16805501082242463, -0.16805501082242463) P1 Winnings: -105.0
Choosing model 0
[0.3580256117576495, 0.07619824805614553, 0.3872540759327844, 0.16904021686027956, 0.009481847393140883]
Games played: 152
Exploitability: P1=1.900000000 P2=0.206379843 EV: (-0.09086229099543507, 0.09086229099543507) P1 Winnings: -104.0
Choosing model 0
[0.3536212799383113, 0.08058008012305713, 0.38570494160998103, 0.17106705171161166, 0.009026646617038944]
Games played: 153
Exploitability: P1=1.900000000 P2=0.206379843 EV: (-0.09086229099543507, 0.09086229099543507) P1 Winnings: -99.0
Choosing model 0
[0.35851169318287507, 0.07268918951446993, 0.3893413443751116, 0.17029213089791848, 0.009165642029625047]
Games played: 154
Exploitability: P1=1.900000000 P2=0.206379843 EV: (-0.09086229099543507, 0.09086229099543507) P1 Winnings: -104.0
Choosing model 2
[0.3541672259226369, 0.0768835315604506, 0.38785597585160025, 0.17236602293205636, 0.008727243733255799]
Games played: 155
Exploitability: P1=4.600000000 P2=0.206379843 EV: (0.16805501082242463, -0.16805501082242463) P1 Winnings: -105.0
Choosing model 4
[0.3637092169051345, 0.07272340878120617, 0.31646944909867375, 0.2362873747960262, 0.010810550418959376]
Games played: 156
Exploitability: P1=2.600000000 P2=0.206379843 EV: (-0.1617367867539948, 0.1617367867539948) P1 Winnings: -92.0
Choosing model 0
[0.36370915461785797, 0.07272346105086154, 0.3164694303461206, 0.2362874108877176, 0.010810543097442353]
Games played: 157
Exploitability: P1=1.900000000 P2=0.206379843 EV: (-0.09086229099543507, 0.09086229099543507) P1 Winnings: -93.0
Choosing model 2
[0.36467651215329155, 0.0752837444065605, 0.3359848554123957, 0.21421950812235035, 0.009835379905401764]
Games played: 158
Exploitability: P1=4.600000000 P2=0.206379843 EV: (0.16805501082242463, -0.16805501082242463) P1 Winnings: -92.0
Choosing model 3
[0.37632988763717146, 0.06294505226112232, 0.3407458275924082, 0.20918601203037399, 0.010793220478923952]
Games played: 159
Exploitability: P1=1.933333333 P2=0.206379843 EV: (-0.05181821659674144, 0.05181821659674144) P1 Winnings: -91.0
Choosing model 0
[0.3376113376196431, 0.10140202679642456, 0.32609150398630804, 0.22747672813782888, 0.00741840345979544]
Games played: 160
Exploitability: P1=1.900000000 P2=0.206379843 EV: (-0.09086229099543507, 0.09086229099543507) P1 Winnings: -94.0
Choosing model 1
[0.33254533019781424, 0.1069396896586175, 0.3238979752621251, 0.22957407362976875, 0.007042931251674462]
Games played: 161
Exploitability: P1=2.800000000 P2=0.206379843 EV: (0.20637984343950067, -0.20637984343950067) P1 Winnings: -95.0
Choosing model 1
[0.3487588926903093, 0.08605138488943352, 0.33244226925702, 0.22477926169066928, 0.007968191472568139]
Games played: 162
Exploitability: P1=2.800000000 P2=0.206379843 EV: (0.20637984343950067, -0.20637984343950067) P1 Winnings: -94.0
Choosing model 2
[0.33955134710528045, 0.09894174674483656, 0.3585325220706511, 0.19667390936332432, 0.006300474715907466]
Games played: 163
Exploitability: P1=4.600000000 P2=0.206379843 EV: (0.16805501082242463, -0.16805501082242463) P1 Winnings: -89.0
Choosing model 2
[0.31593271349398133, 0.12719057702738612, 0.38978412703440596, 0.1628499205151867, 0.0042426619290399665]
Games played: 164
Exploitability: P1=4.600000000 P2=0.206379843 EV: (0.16805501082242463, -0.16805501082242463) P1 Winnings: -80.0
Choosing model 0
[0.31247256123230743, 0.12988091488255818, 0.4082026462753266, 0.14563632613014424, 0.003807551479663567]
Games played: 165
Exploitability: P1=1.900000000 P2=0.206379843 EV: (-0.09086229099543507, 0.09086229099543507) P1 Winnings: -79.0
Choosing model 0
[0.3184338299051561, 0.11776869169215433, 0.41418418940650953, 0.14572709376505216, 0.00388619523112787]
Games played: 166
Exploitability: P1=1.900000000 P2=0.206379843 EV: (-0.09086229099543507, 0.09086229099543507) P1 Winnings: -84.0
Choosing model 0
[0.33336769475211364, 0.09542820069205304, 0.42433267185440254, 0.14247632366118274, 0.0043951090402480405]
Games played: 167
Exploitability: P1=1.900000000 P2=0.206379843 EV: (-0.09086229099543507, 0.09086229099543507) P1 Winnings: -84.0
Choosing model 2
[0.32887646800694104, 0.10079627339536484, 0.4221343354154847, 0.14401377172506472, 0.004179151457144728]
Games played: 168
Exploitability: P1=4.600000000 P2=0.206379843 EV: (0.16805501082242463, -0.16805501082242463) P1 Winnings: -85.0
Choosing model 0
[0.3249752844354579, 0.10313779988163169, 0.42164857092814806, 0.14633700222791513, 0.003901342526847221]
Games played: 169
Exploitability: P1=1.900000000 P2=0.206379843 EV: (-0.09086229099543507, 0.09086229099543507) P1 Winnings: -80.0
Choosing model 2
[0.3015357696221211, 0.13646714007096883, 0.4065721506360144, 0.15233027643458544, 0.0030946632363101456]
Games played: 170
Exploitability: P1=4.600000000 P2=0.206379843 EV: (0.16805501082242463, -0.16805501082242463) P1 Winnings: -80.0
Choosing model 3
[0.3316612671582662, 0.08994923908481436, 0.4282752766538547, 0.14614225406083484, 0.00397196304222993]
Games played: 171
Exploitability: P1=1.933333333 P2=0.206379843 EV: (-0.05181821659674144, 0.05181821659674144) P1 Winnings: -77.0
Choosing model 3
[0.327161014333452, 0.09160884257168551, 0.44732603064841164, 0.1303489286609534, 0.0035551837854974244]
Games played: 172
Exploitability: P1=1.933333333 P2=0.206379843 EV: (-0.05181821659674144, 0.05181821659674144) P1 Winnings: -76.0
Choosing model 2
[0.3592390666629556, 0.052402124756261874, 0.4639083466622762, 0.1196443004711466, 0.004806161447359706]
Games played: 173
Exploitability: P1=4.600000000 P2=0.206379843 EV: (0.16805501082242463, -0.16805501082242463) P1 Winnings: -79.0
Choosing model 0
[0.3422864256089426, 0.06900964371465781, 0.4580053403652792, 0.12674096089694198, 0.003957629414178396]
Games played: 174
Exploitability: P1=1.900000000 P2=0.206379843 EV: (-0.09086229099543507, 0.09086229099543507) P1 Winnings: -88.0
Choosing model 2
[0.3422863736577441, 0.06900969465928063, 0.45800532214730777, 0.1267409827247304, 0.003957626810937142]
Games played: 175
Exploitability: P1=4.600000000 P2=0.206379843 EV: (0.16805501082242463, -0.16805501082242463) P1 Winnings: -89.0
Choosing model 0
[0.3556188634252999, 0.06352669173515452, 0.43777380344595507, 0.13860433855665494, 0.0044763028369354295]
Games played: 176
Exploitability: P1=1.900000000 P2=0.206379843 EV: (-0.09086229099543507, 0.09086229099543507) P1 Winnings: -98.0
Choosing model 0
[0.36774588165048344, 0.050403857569183294, 0.4430434969629542, 0.13381315676849476, 0.0049936070488844206]
Games played: 177
Exploitability: P1=1.900000000 P2=0.206379843 EV: (-0.09086229099543507, 0.09086229099543507) P1 Winnings: -97.0
Choosing model 2
[0.333487467104169, 0.08452074209091398, 0.4300154617825465, 0.14855382089202382, 0.0034225081303466964]
Games played: 178
Exploitability: P1=4.600000000 P2=0.206379843 EV: (0.16805501082242463, -0.16805501082242463) P1 Winnings: -102.0
Choosing model 2
[0.31884387049947327, 0.09543405956154614, 0.4554228083938534, 0.1276417424872148, 0.002657519057912401]
Games played: 179
Exploitability: P1=4.600000000 P2=0.206379843 EV: (0.16805501082242463, -0.16805501082242463) P1 Winnings: -97.0
Choosing model 2
[0.31338310482121595, 0.0968442893551482, 0.47396542329555486, 0.11343709731074052, 0.002370085217340388]
Games played: 180
Exploitability: P1=4.600000000 P2=0.206379843 EV: (0.16805501082242463, -0.16805501082242463) P1 Winnings: -96.0
Choosing model 2
[0.2839515324397307, 0.12123524070046304, 0.5017897106377073, 0.09146931010667003, 0.0015542061154287731]
Games played: 181
Exploitability: P1=4.600000000 P2=0.206379843 EV: (0.16805501082242463, -0.16805501082242463) P1 Winnings: -87.0
Choosing model 2
[0.321654342063606, 0.10812456229209672, 0.4281618965820227, 0.1396761339515664, 0.0023830651107081837]
Games played: 182
Exploitability: P1=4.600000000 P2=0.206379843 EV: (0.16805501082242463, -0.16805501082242463) P1 Winnings: -96.0
Choosing model 2
[0.31702899761408454, 0.11410176905000619, 0.42555186297519054, 0.14105348384847374, 0.0022638865122448664]
Games played: 183
Exploitability: P1=4.600000000 P2=0.206379843 EV: (0.16805501082242463, -0.16805501082242463) P1 Winnings: -109.0
Choosing model 0
[0.3123361843367275, 0.11606166662286097, 0.44392559513888885, 0.1256527518479408, 0.002023802053581878]
Games played: 184
Exploitability: P1=1.900000000 P2=0.206379843 EV: (-0.09086229099543507, 0.09086229099543507) P1 Winnings: -108.0
Choosing model 2
[0.32410152552259597, 0.09757691891626898, 0.4527086647319138, 0.12337969970233495, 0.00223319112688624]
Games played: 185
Exploitability: P1=4.600000000 P2=0.206379843 EV: (0.16805501082242463, -0.16805501082242463) P1 Winnings: -109.0
Choosing model 3
[0.3184388427905021, 0.09898403978240902, 0.47097531499832096, 0.10961084981902845, 0.001990952609739328]
Games played: 186
Exploitability: P1=1.933333333 P2=0.206379843 EV: (-0.05181821659674144, 0.05181821659674144) P1 Winnings: -108.0
Choosing model 2
[0.33080252031203305, 0.0807437941937915, 0.47944431938665855, 0.10678635137318614, 0.0022230147343307366]
Games played: 187
Exploitability: P1=4.600000000 P2=0.206379843 EV: (0.16805501082242463, -0.16805501082242463) P1 Winnings: -111.0
Choosing model 2
[0.3121267887619781, 0.10529945521712114, 0.46874069879707114, 0.11202031843503461, 0.00181273878879503]
Games played: 188
Exploitability: P1=4.600000000 P2=0.206379843 EV: (0.16805501082242463, -0.16805501082242463) P1 Winnings: -106.0
Choosing model 3
[0.3059754720571045, 0.10657486850386572, 0.4865445463799665, 0.0992926830791595, 0.0016124299799037494]
Games played: 189
Exploitability: P1=1.933333333 P2=0.206379843 EV: (-0.05181821659674144, 0.05181821659674144) P1 Winnings: -105.0
Choosing model 0
[0.3169733123260278, 0.08892608997728278, 0.49512660989618035, 0.09719501052365374, 0.001778977276855351]
Games played: 190
Exploitability: P1=1.900000000 P2=0.206379843 EV: (-0.09086229099543507, 0.09086229099543507) P1 Winnings: -105.0
Choosing model 2
[0.3269519501996383, 0.07431729599292054, 0.5019118251660669, 0.09486759907331899, 0.0019513295680552401]
Games played: 191
Exploitability: P1=4.600000000 P2=0.206379843 EV: (0.16805501082242463, -0.16805501082242463) P1 Winnings: -104.0
Choosing model 2
[0.28398838933896653, 0.09438776451528588, 0.5543187044068664, 0.06619687762941899, 0.0011082641094624617]
Games played: 192
Exploitability: P1=4.600000000 P2=0.206379843 EV: (0.16805501082242463, -0.16805501082242463) P1 Winnings: -99.0
Choosing model 2
[0.28036661261193596, 0.09976997343797155, 0.5518488662396553, 0.06695997105473707, 0.0010545766557001448]
Games played: 193
Exploitability: P1=4.600000000 P2=0.206379843 EV: (0.16805501082242463, -0.16805501082242463) P1 Winnings: -112.0
Choosing model 2
[0.2618969762247868, 0.1100640749209842, 0.5710268042032205, 0.05621209730824995, 0.0008000473427586415]
Games played: 194
Exploitability: P1=4.600000000 P2=0.206379843 EV: (0.16805501082242463, -0.16805501082242463) P1 Winnings: -107.0
Choosing model 2
[0.2710306678429242, 0.09228540176844689, 0.5807568915266825, 0.05504659305670052, 0.0008804458052459307]
Games played: 195
Exploitability: P1=4.600000000 P2=0.206379843 EV: (0.16805501082242463, -0.16805501082242463) P1 Winnings: -106.0
Choosing model 2
[0.2784332540950598, 0.07629249784883414, 0.5922773449813525, 0.0520464096797249, 0.0009504933950286788]
Games played: 196
Exploitability: P1=4.600000000 P2=0.206379843 EV: (0.16805501082242463, -0.16805501082242463) P1 Winnings: -105.0
Choosing model 2
[0.28737896552688263, 0.06072989015435964, 0.6014023401916833, 0.04943561992605904, 0.0010531842010153688]
Games played: 197
Exploitability: P1=4.600000000 P2=0.206379843 EV: (0.16805501082242463, -0.16805501082242463) P1 Winnings: -102.0
Choosing model 2
[0.30325248183993814, 0.056780973803179084, 0.5838463455056015, 0.05491031643819892, 0.0012098824130823266]
Games played: 198
Exploitability: P1=4.600000000 P2=0.206379843 EV: (0.16805501082242463, -0.16805501082242463) P1 Winnings: -111.0
Choosing model 2
[0.31927621822239827, 0.052968295465489486, 0.5655159243002732, 0.06085282274813107, 0.0013867392637079683]
Games played: 199
Exploitability: P1=4.600000000 P2=0.206379843 EV: (0.16805501082242463, -0.16805501082242463) P1 Winnings: -102.0
Choosing model 2
[0.31026555782380294, 0.05314422847359643, 0.5818971262901383, 0.05347029741732201, 0.0012227899951404383]
Games played: 200
Exploitability: P1=4.600000000 P2=0.206379843 EV: (0.16805501082242463, -0.16805501082242463) P1 Winnings: -101.0
