000 (014.1039.000) 05/06 03:16:53 Job submitted from host: <128.83.144.69:57854>
...
001 (014.1039.000) 05/06 03:18:38 Job executing on host: <128.83.144.191:52037>
...
006 (014.1039.000) 05/06 03:18:39 Image size of job updated: 3000
	0  -  MemoryUsage of job (MB)
	0  -  ResidentSetSize of job (KB)
...
005 (014.1039.000) 05/06 03:18:42 Job terminated.
	(1) Normal termination (return value 1)
		Usr 0 00:00:00, Sys 0 00:00:00  -  Run Remote Usage
		Usr 0 00:00:00, Sys 0 00:00:00  -  Run Local Usage
		Usr 0 00:00:00, Sys 0 00:00:00  -  Total Remote Usage
		Usr 0 00:00:00, Sys 0 00:00:00  -  Total Local Usage
	0  -  Run Bytes Sent By Job
	0  -  Run Bytes Received By Job
	0  -  Total Bytes Sent By Job
	0  -  Total Bytes Received By Job
	Partitionable Resources :    Usage  Request          
	   Cpus                 :                 1          
	   Disk (KB)            :     3000     3000          
	   Memory (MB)          :        0        0          
...
000 (015.1039.000) 05/06 03:25:39 Job submitted from host: <128.83.144.69:57854>
...
001 (015.1039.000) 05/06 04:02:27 Job executing on host: <128.83.144.215:36865>
...
006 (015.1039.000) 05/06 04:02:35 Image size of job updated: 153536
	116  -  MemoryUsage of job (MB)
	117780  -  ResidentSetSize of job (KB)
...
006 (015.1039.000) 05/06 04:07:35 Image size of job updated: 162920
	122  -  MemoryUsage of job (MB)
	124808  -  ResidentSetSize of job (KB)
...
005 (015.1039.000) 05/06 04:07:43 Job terminated.
	(1) Normal termination (return value 0)
		Usr 0 00:05:02, Sys 0 00:00:00  -  Run Remote Usage
		Usr 0 00:00:00, Sys 0 00:00:00  -  Run Local Usage
		Usr 0 00:05:02, Sys 0 00:00:00  -  Total Remote Usage
		Usr 0 00:00:00, Sys 0 00:00:00  -  Total Local Usage
	0  -  Run Bytes Sent By Job
	0  -  Run Bytes Received By Job
	0  -  Total Bytes Sent By Job
	0  -  Total Bytes Received By Job
	Partitionable Resources :    Usage  Request          
	   Cpus                 :                 1          
	   Disk (KB)            :     3000     3000          
	   Memory (MB)          :      122      122          
...
