000 (014.1097.000) 05/06 03:16:53 Job submitted from host: <128.83.144.69:57854>
...
001 (014.1097.000) 05/06 03:18:42 Job executing on host: <128.83.144.198:37426>
...
006 (014.1097.000) 05/06 03:18:42 Image size of job updated: 3000
	0  -  MemoryUsage of job (MB)
	0  -  ResidentSetSize of job (KB)
...
005 (014.1097.000) 05/06 03:18:45 Job terminated.
	(1) Normal termination (return value 1)
		Usr 0 00:00:00, Sys 0 00:00:00  -  Run Remote Usage
		Usr 0 00:00:00, Sys 0 00:00:00  -  Run Local Usage
		Usr 0 00:00:00, Sys 0 00:00:00  -  Total Remote Usage
		Usr 0 00:00:00, Sys 0 00:00:00  -  Total Local Usage
	0  -  Run Bytes Sent By Job
	0  -  Run Bytes Received By Job
	0  -  Total Bytes Sent By Job
	0  -  Total Bytes Received By Job
	Partitionable Resources :    Usage  Request          
	   Cpus                 :                 1          
	   Disk (KB)            :     3000     3000          
	   Memory (MB)          :        0        0          
...
000 (015.1097.000) 05/06 03:25:39 Job submitted from host: <128.83.144.69:57854>
...
001 (015.1097.000) 05/06 04:04:18 Job executing on host: <128.83.144.184:49182>
...
006 (015.1097.000) 05/06 04:04:27 Image size of job updated: 156428
	118  -  MemoryUsage of job (MB)
	120424  -  ResidentSetSize of job (KB)
...
006 (015.1097.000) 05/06 04:09:28 Image size of job updated: 162936
	123  -  MemoryUsage of job (MB)
	125288  -  ResidentSetSize of job (KB)
...
005 (015.1097.000) 05/06 04:09:31 Job terminated.
	(1) Normal termination (return value 0)
		Usr 0 00:05:05, Sys 0 00:00:00  -  Run Remote Usage
		Usr 0 00:00:00, Sys 0 00:00:00  -  Run Local Usage
		Usr 0 00:05:05, Sys 0 00:00:00  -  Total Remote Usage
		Usr 0 00:00:00, Sys 0 00:00:00  -  Total Local Usage
	0  -  Run Bytes Sent By Job
	0  -  Run Bytes Received By Job
	0  -  Total Bytes Sent By Job
	0  -  Total Bytes Received By Job
	Partitionable Resources :    Usage  Request          
	   Cpus                 :                 1          
	   Disk (KB)            :     3000     3000          
	   Memory (MB)          :      123      123          
...
