000 (014.1113.000) 05/06 03:16:53 Job submitted from host: <128.83.144.69:57854>
...
001 (014.1113.000) 05/06 03:18:43 Job executing on host: <128.83.120.138:51577>
...
006 (014.1113.000) 05/06 03:18:43 Image size of job updated: 45236
	0  -  MemoryUsage of job (MB)
	0  -  ResidentSetSize of job (KB)
...
005 (014.1113.000) 05/06 03:18:47 Job terminated.
	(1) Normal termination (return value 1)
		Usr 0 00:00:00, Sys 0 00:00:00  -  Run Remote Usage
		Usr 0 00:00:00, Sys 0 00:00:00  -  Run Local Usage
		Usr 0 00:00:00, Sys 0 00:00:00  -  Total Remote Usage
		Usr 0 00:00:00, Sys 0 00:00:00  -  Total Local Usage
	0  -  Run Bytes Sent By Job
	0  -  Run Bytes Received By Job
	0  -  Total Bytes Sent By Job
	0  -  Total Bytes Received By Job
	Partitionable Resources :    Usage  Request          
	   Cpus                 :                 1          
	   Disk (KB)            :     3000     3000          
	   Memory (MB)          :        0        0          
...
000 (015.1113.000) 05/06 03:25:39 Job submitted from host: <128.83.144.69:57854>
...
001 (015.1113.000) 05/06 04:04:54 Job executing on host: <128.83.130.112:36942>
...
006 (015.1113.000) 05/06 04:05:03 Image size of job updated: 79256
	43  -  MemoryUsage of job (MB)
	43332  -  ResidentSetSize of job (KB)
...
006 (015.1113.000) 05/06 04:10:04 Image size of job updated: 163200
	125  -  MemoryUsage of job (MB)
	127344  -  ResidentSetSize of job (KB)
...
005 (015.1113.000) 05/06 04:10:19 Job terminated.
	(1) Normal termination (return value 0)
		Usr 0 00:05:15, Sys 0 00:00:00  -  Run Remote Usage
		Usr 0 00:00:00, Sys 0 00:00:00  -  Run Local Usage
		Usr 0 00:05:15, Sys 0 00:00:00  -  Total Remote Usage
		Usr 0 00:00:00, Sys 0 00:00:00  -  Total Local Usage
	0  -  Run Bytes Sent By Job
	0  -  Run Bytes Received By Job
	0  -  Total Bytes Sent By Job
	0  -  Total Bytes Received By Job
	Partitionable Resources :    Usage  Request          
	   Cpus                 :                 1          
	   Disk (KB)            :     3000     3000          
	   Memory (MB)          :      125      125          
...
