000 (014.1196.000) 05/06 03:16:53 Job submitted from host: <128.83.144.69:57854>
...
001 (014.1196.000) 05/06 03:18:49 Job executing on host: <128.83.130.38:41476>
...
006 (014.1196.000) 05/06 03:18:49 Image size of job updated: 50372
	0  -  MemoryUsage of job (MB)
	0  -  ResidentSetSize of job (KB)
...
005 (014.1196.000) 05/06 03:18:53 Job terminated.
	(1) Normal termination (return value 1)
		Usr 0 00:00:00, Sys 0 00:00:00  -  Run Remote Usage
		Usr 0 00:00:00, Sys 0 00:00:00  -  Run Local Usage
		Usr 0 00:00:00, Sys 0 00:00:00  -  Total Remote Usage
		Usr 0 00:00:00, Sys 0 00:00:00  -  Total Local Usage
	0  -  Run Bytes Sent By Job
	0  -  Run Bytes Received By Job
	0  -  Total Bytes Sent By Job
	0  -  Total Bytes Received By Job
	Partitionable Resources :    Usage  Request          
	   Cpus                 :                 1          
	   Disk (KB)            :     3000     3000          
	   Memory (MB)          :        0        0          
...
000 (015.1196.000) 05/06 03:25:39 Job submitted from host: <128.83.144.69:57854>
...
001 (015.1196.000) 05/06 04:07:48 Job executing on host: <128.83.120.111:40204>
...
006 (015.1196.000) 05/06 04:07:56 Image size of job updated: 116624
	79  -  MemoryUsage of job (MB)
	80824  -  ResidentSetSize of job (KB)
...
006 (015.1196.000) 05/06 04:12:56 Image size of job updated: 163080
	123  -  MemoryUsage of job (MB)
	125508  -  ResidentSetSize of job (KB)
...
005 (015.1196.000) 05/06 04:13:21 Job terminated.
	(1) Normal termination (return value 0)
		Usr 0 00:05:26, Sys 0 00:00:00  -  Run Remote Usage
		Usr 0 00:00:00, Sys 0 00:00:00  -  Run Local Usage
		Usr 0 00:05:26, Sys 0 00:00:00  -  Total Remote Usage
		Usr 0 00:00:00, Sys 0 00:00:00  -  Total Local Usage
	0  -  Run Bytes Sent By Job
	0  -  Run Bytes Received By Job
	0  -  Total Bytes Sent By Job
	0  -  Total Bytes Received By Job
	Partitionable Resources :    Usage  Request          
	   Cpus                 :                 1          
	   Disk (KB)            :     3000     3000          
	   Memory (MB)          :      123      123          
...
