000 (014.1230.000) 05/06 03:16:53 Job submitted from host: <128.83.144.69:57854>
...
001 (014.1230.000) 05/06 03:18:50 Job executing on host: <128.83.144.179:42973>
...
006 (014.1230.000) 05/06 03:18:50 Image size of job updated: 3000
	0  -  MemoryUsage of job (MB)
	0  -  ResidentSetSize of job (KB)
...
005 (014.1230.000) 05/06 03:18:54 Job terminated.
	(1) Normal termination (return value 1)
		Usr 0 00:00:00, Sys 0 00:00:00  -  Run Remote Usage
		Usr 0 00:00:00, Sys 0 00:00:00  -  Run Local Usage
		Usr 0 00:00:00, Sys 0 00:00:00  -  Total Remote Usage
		Usr 0 00:00:00, Sys 0 00:00:00  -  Total Local Usage
	0  -  Run Bytes Sent By Job
	0  -  Run Bytes Received By Job
	0  -  Total Bytes Sent By Job
	0  -  Total Bytes Received By Job
	Partitionable Resources :    Usage  Request          
	   Cpus                 :                 1          
	   Disk (KB)            :     3000     3000          
	   Memory (MB)          :        0        0          
...
000 (015.1230.000) 05/06 03:25:39 Job submitted from host: <128.83.144.69:57854>
...
001 (015.1230.000) 05/06 04:09:05 Job executing on host: <128.83.130.45:41731>
...
006 (015.1230.000) 05/06 04:09:13 Image size of job updated: 78168
	42  -  MemoryUsage of job (MB)
	42280  -  ResidentSetSize of job (KB)
...
006 (015.1230.000) 05/06 04:14:13 Image size of job updated: 163176
	125  -  MemoryUsage of job (MB)
	127276  -  ResidentSetSize of job (KB)
...
005 (015.1230.000) 05/06 04:14:22 Job terminated.
	(1) Normal termination (return value 0)
		Usr 0 00:05:15, Sys 0 00:00:00  -  Run Remote Usage
		Usr 0 00:00:00, Sys 0 00:00:00  -  Run Local Usage
		Usr 0 00:05:15, Sys 0 00:00:00  -  Total Remote Usage
		Usr 0 00:00:00, Sys 0 00:00:00  -  Total Local Usage
	0  -  Run Bytes Sent By Job
	0  -  Run Bytes Received By Job
	0  -  Total Bytes Sent By Job
	0  -  Total Bytes Received By Job
	Partitionable Resources :    Usage  Request          
	   Cpus                 :                 1          
	   Disk (KB)            :     3000     3000          
	   Memory (MB)          :      125      125          
...
