000 (014.1270.000) 05/06 03:16:53 Job submitted from host: <128.83.144.69:57854>
...
001 (014.1270.000) 05/06 03:18:52 Job executing on host: <128.83.144.191:52037>
...
006 (014.1270.000) 05/06 03:18:52 Image size of job updated: 3000
	0  -  MemoryUsage of job (MB)
	0  -  ResidentSetSize of job (KB)
...
005 (014.1270.000) 05/06 03:18:56 Job terminated.
	(1) Normal termination (return value 1)
		Usr 0 00:00:00, Sys 0 00:00:00  -  Run Remote Usage
		Usr 0 00:00:00, Sys 0 00:00:00  -  Run Local Usage
		Usr 0 00:00:00, Sys 0 00:00:00  -  Total Remote Usage
		Usr 0 00:00:00, Sys 0 00:00:00  -  Total Local Usage
	0  -  Run Bytes Sent By Job
	0  -  Run Bytes Received By Job
	0  -  Total Bytes Sent By Job
	0  -  Total Bytes Received By Job
	Partitionable Resources :    Usage  Request          
	   Cpus                 :                 1          
	   Disk (KB)            :     3000     3000          
	   Memory (MB)          :        0        0          
...
000 (015.1270.000) 05/06 03:25:39 Job submitted from host: <128.83.144.69:57854>
...
001 (015.1270.000) 05/06 04:10:30 Job executing on host: <128.83.130.4:54296>
...
006 (015.1270.000) 05/06 04:10:38 Image size of job updated: 153536
	116  -  MemoryUsage of job (MB)
	117784  -  ResidentSetSize of job (KB)
...
006 (015.1270.000) 05/06 04:15:38 Image size of job updated: 163228
	124  -  MemoryUsage of job (MB)
	126776  -  ResidentSetSize of job (KB)
...
005 (015.1270.000) 05/06 04:16:08 Job terminated.
	(1) Normal termination (return value 0)
		Usr 0 00:05:35, Sys 0 00:00:00  -  Run Remote Usage
		Usr 0 00:00:00, Sys 0 00:00:00  -  Run Local Usage
		Usr 0 00:05:35, Sys 0 00:00:00  -  Total Remote Usage
		Usr 0 00:00:00, Sys 0 00:00:00  -  Total Local Usage
	0  -  Run Bytes Sent By Job
	0  -  Run Bytes Received By Job
	0  -  Total Bytes Sent By Job
	0  -  Total Bytes Received By Job
	Partitionable Resources :    Usage  Request          
	   Cpus                 :                 1          
	   Disk (KB)            :     3000     3000          
	   Memory (MB)          :      124      124          
...
