000 (014.1310.000) 05/06 03:16:53 Job submitted from host: <128.83.144.69:57854>
...
001 (014.1310.000) 05/06 03:18:56 Job executing on host: <128.83.130.27:44789>
...
006 (014.1310.000) 05/06 03:18:56 Image size of job updated: 51660
	0  -  MemoryUsage of job (MB)
	0  -  ResidentSetSize of job (KB)
...
005 (014.1310.000) 05/06 03:19:00 Job terminated.
	(1) Normal termination (return value 1)
		Usr 0 00:00:00, Sys 0 00:00:00  -  Run Remote Usage
		Usr 0 00:00:00, Sys 0 00:00:00  -  Run Local Usage
		Usr 0 00:00:00, Sys 0 00:00:00  -  Total Remote Usage
		Usr 0 00:00:00, Sys 0 00:00:00  -  Total Local Usage
	0  -  Run Bytes Sent By Job
	0  -  Run Bytes Received By Job
	0  -  Total Bytes Sent By Job
	0  -  Total Bytes Received By Job
	Partitionable Resources :    Usage  Request          
	   Cpus                 :                 1          
	   Disk (KB)            :     3000     3000          
	   Memory (MB)          :        0        0          
...
000 (015.1310.000) 05/06 03:25:39 Job submitted from host: <128.83.144.69:57854>
...
001 (015.1310.000) 05/06 04:12:36 Job executing on host: <128.83.144.170:52484>
...
006 (015.1310.000) 05/06 04:12:45 Image size of job updated: 114264
	77  -  MemoryUsage of job (MB)
	78184  -  ResidentSetSize of job (KB)
...
006 (015.1310.000) 05/06 04:17:46 Image size of job updated: 163104
	123  -  MemoryUsage of job (MB)
	125072  -  ResidentSetSize of job (KB)
...
005 (015.1310.000) 05/06 04:17:56 Job terminated.
	(1) Normal termination (return value 0)
		Usr 0 00:05:17, Sys 0 00:00:00  -  Run Remote Usage
		Usr 0 00:00:00, Sys 0 00:00:00  -  Run Local Usage
		Usr 0 00:05:17, Sys 0 00:00:00  -  Total Remote Usage
		Usr 0 00:00:00, Sys 0 00:00:00  -  Total Local Usage
	0  -  Run Bytes Sent By Job
	0  -  Run Bytes Received By Job
	0  -  Total Bytes Sent By Job
	0  -  Total Bytes Received By Job
	Partitionable Resources :    Usage  Request          
	   Cpus                 :                 1          
	   Disk (KB)            :     3000     3000          
	   Memory (MB)          :      123      123          
...
