000 (014.132.000) 05/06 03:16:52 Job submitted from host: <128.83.144.69:57854>
...
001 (014.132.000) 05/06 03:17:45 Job executing on host: <128.83.144.69:54873>
...
006 (014.132.000) 05/06 03:17:46 Image size of job updated: 105688
	0  -  MemoryUsage of job (MB)
	0  -  ResidentSetSize of job (KB)
...
005 (014.132.000) 05/06 03:17:46 Job terminated.
	(1) Normal termination (return value 1)
		Usr 0 00:00:00, Sys 0 00:00:00  -  Run Remote Usage
		Usr 0 00:00:00, Sys 0 00:00:00  -  Run Local Usage
		Usr 0 00:00:00, Sys 0 00:00:00  -  Total Remote Usage
		Usr 0 00:00:00, Sys 0 00:00:00  -  Total Local Usage
	0  -  Run Bytes Sent By Job
	0  -  Run Bytes Received By Job
	0  -  Total Bytes Sent By Job
	0  -  Total Bytes Received By Job
	Partitionable Resources :    Usage  Request          
	   Cpus                 :                 1          
	   Disk (KB)            :     3000     3000          
	   Memory (MB)          :        0        0          
...
000 (015.132.000) 05/06 03:25:38 Job submitted from host: <128.83.144.69:57854>
...
001 (015.132.000) 05/06 03:26:31 Job executing on host: <128.83.120.146:36214>
...
006 (015.132.000) 05/06 03:26:40 Image size of job updated: 3000
	3  -  MemoryUsage of job (MB)
	2200  -  ResidentSetSize of job (KB)
...
006 (015.132.000) 05/06 03:31:32 Image size of job updated: 163100
	3  -  MemoryUsage of job (MB)
	2200  -  ResidentSetSize of job (KB)
...
005 (015.132.000) 05/06 03:31:32 Job terminated.
	(1) Normal termination (return value 0)
		Usr 0 00:04:57, Sys 0 00:00:00  -  Run Remote Usage
		Usr 0 00:00:00, Sys 0 00:00:00  -  Run Local Usage
		Usr 0 00:04:57, Sys 0 00:00:00  -  Total Remote Usage
		Usr 0 00:00:00, Sys 0 00:00:00  -  Total Local Usage
	0  -  Run Bytes Sent By Job
	0  -  Run Bytes Received By Job
	0  -  Total Bytes Sent By Job
	0  -  Total Bytes Received By Job
	Partitionable Resources :    Usage  Request          
	   Cpus                 :                 1          
	   Disk (KB)            :     3000     3000          
	   Memory (MB)          :        3        3          
...
