000 (014.1335.000) 05/06 03:16:53 Job submitted from host: <128.83.144.69:57854>
...
001 (014.1335.000) 05/06 03:18:57 Job executing on host: <128.83.130.13:53767>
...
006 (014.1335.000) 05/06 03:18:58 Image size of job updated: 50372
	0  -  MemoryUsage of job (MB)
	0  -  ResidentSetSize of job (KB)
...
005 (014.1335.000) 05/06 03:19:03 Job terminated.
	(1) Normal termination (return value 1)
		Usr 0 00:00:00, Sys 0 00:00:00  -  Run Remote Usage
		Usr 0 00:00:00, Sys 0 00:00:00  -  Run Local Usage
		Usr 0 00:00:00, Sys 0 00:00:00  -  Total Remote Usage
		Usr 0 00:00:00, Sys 0 00:00:00  -  Total Local Usage
	0  -  Run Bytes Sent By Job
	0  -  Run Bytes Received By Job
	0  -  Total Bytes Sent By Job
	0  -  Total Bytes Received By Job
	Partitionable Resources :    Usage  Request          
	   Cpus                 :                 1          
	   Disk (KB)            :     3000     3000          
	   Memory (MB)          :        0        0          
...
000 (015.1335.000) 05/06 03:25:39 Job submitted from host: <128.83.144.69:57854>
...
001 (015.1335.000) 05/06 04:13:05 Job executing on host: <128.83.144.14:37887>
...
006 (015.1335.000) 05/06 04:13:13 Image size of job updated: 3000
	3  -  MemoryUsage of job (MB)
	2192  -  ResidentSetSize of job (KB)
...
006 (015.1335.000) 05/06 04:18:13 Image size of job updated: 163072
	125  -  MemoryUsage of job (MB)
	127036  -  ResidentSetSize of job (KB)
...
006 (015.1335.000) 05/06 04:19:18 Image size of job updated: 163132
	125  -  MemoryUsage of job (MB)
	127036  -  ResidentSetSize of job (KB)
...
005 (015.1335.000) 05/06 04:19:18 Job terminated.
	(1) Normal termination (return value 0)
		Usr 0 00:06:06, Sys 0 00:00:00  -  Run Remote Usage
		Usr 0 00:00:00, Sys 0 00:00:00  -  Run Local Usage
		Usr 0 00:06:06, Sys 0 00:00:00  -  Total Remote Usage
		Usr 0 00:00:00, Sys 0 00:00:00  -  Total Local Usage
	0  -  Run Bytes Sent By Job
	0  -  Run Bytes Received By Job
	0  -  Total Bytes Sent By Job
	0  -  Total Bytes Received By Job
	Partitionable Resources :    Usage  Request          
	   Cpus                 :                 1          
	   Disk (KB)            :     3000     3000          
	   Memory (MB)          :      125      125          
...
