000 (014.1348.000) 05/06 03:16:53 Job submitted from host: <128.83.144.69:57854>
...
001 (014.1348.000) 05/06 03:18:57 Job executing on host: <128.83.120.234:46157>
...
006 (014.1348.000) 05/06 03:18:57 Image size of job updated: 50644
	0  -  MemoryUsage of job (MB)
	0  -  ResidentSetSize of job (KB)
...
005 (014.1348.000) 05/06 03:19:01 Job terminated.
	(1) Normal termination (return value 1)
		Usr 0 00:00:00, Sys 0 00:00:00  -  Run Remote Usage
		Usr 0 00:00:00, Sys 0 00:00:00  -  Run Local Usage
		Usr 0 00:00:00, Sys 0 00:00:00  -  Total Remote Usage
		Usr 0 00:00:00, Sys 0 00:00:00  -  Total Local Usage
	0  -  Run Bytes Sent By Job
	0  -  Run Bytes Received By Job
	0  -  Total Bytes Sent By Job
	0  -  Total Bytes Received By Job
	Partitionable Resources :    Usage  Request          
	   Cpus                 :                 1          
	   Disk (KB)            :     3000     3000          
	   Memory (MB)          :        0        0          
...
000 (015.1348.000) 05/06 03:25:39 Job submitted from host: <128.83.144.69:57854>
...
001 (015.1348.000) 05/06 04:13:51 Job executing on host: <128.83.130.28:41861>
...
006 (015.1348.000) 05/06 04:14:00 Image size of job updated: 156300
	118  -  MemoryUsage of job (MB)
	120152  -  ResidentSetSize of job (KB)
...
006 (015.1348.000) 05/06 04:19:01 Image size of job updated: 163092
	125  -  MemoryUsage of job (MB)
	127228  -  ResidentSetSize of job (KB)
...
005 (015.1348.000) 05/06 04:19:16 Job terminated.
	(1) Normal termination (return value 0)
		Usr 0 00:05:22, Sys 0 00:00:00  -  Run Remote Usage
		Usr 0 00:00:00, Sys 0 00:00:00  -  Run Local Usage
		Usr 0 00:05:22, Sys 0 00:00:00  -  Total Remote Usage
		Usr 0 00:00:00, Sys 0 00:00:00  -  Total Local Usage
	0  -  Run Bytes Sent By Job
	0  -  Run Bytes Received By Job
	0  -  Total Bytes Sent By Job
	0  -  Total Bytes Received By Job
	Partitionable Resources :    Usage  Request          
	   Cpus                 :                 1          
	   Disk (KB)            :     3000     3000          
	   Memory (MB)          :      125      125          
...
