000 (014.1360.000) 05/06 03:16:53 Job submitted from host: <128.83.144.69:57854>
...
001 (014.1360.000) 05/06 03:18:57 Job executing on host: <128.83.144.115:51680>
...
006 (014.1360.000) 05/06 03:18:57 Image size of job updated: 3000
	0  -  MemoryUsage of job (MB)
	0  -  ResidentSetSize of job (KB)
...
005 (014.1360.000) 05/06 03:19:02 Job terminated.
	(1) Normal termination (return value 1)
		Usr 0 00:00:00, Sys 0 00:00:00  -  Run Remote Usage
		Usr 0 00:00:00, Sys 0 00:00:00  -  Run Local Usage
		Usr 0 00:00:00, Sys 0 00:00:00  -  Total Remote Usage
		Usr 0 00:00:00, Sys 0 00:00:00  -  Total Local Usage
	0  -  Run Bytes Sent By Job
	0  -  Run Bytes Received By Job
	0  -  Total Bytes Sent By Job
	0  -  Total Bytes Received By Job
	Partitionable Resources :    Usage  Request          
	   Cpus                 :                 1          
	   Disk (KB)            :     3000     3000          
	   Memory (MB)          :        0        0          
...
000 (015.1360.000) 05/06 03:25:39 Job submitted from host: <128.83.144.69:57854>
...
001 (015.1360.000) 05/06 04:14:11 Job executing on host: <128.83.144.121:49050>
...
006 (015.1360.000) 05/06 04:14:19 Image size of job updated: 145812
	108  -  MemoryUsage of job (MB)
	109860  -  ResidentSetSize of job (KB)
...
006 (015.1360.000) 05/06 04:19:12 Image size of job updated: 163160
	108  -  MemoryUsage of job (MB)
	109860  -  ResidentSetSize of job (KB)
...
005 (015.1360.000) 05/06 04:19:12 Job terminated.
	(1) Normal termination (return value 0)
		Usr 0 00:04:46, Sys 0 00:00:00  -  Run Remote Usage
		Usr 0 00:00:00, Sys 0 00:00:00  -  Run Local Usage
		Usr 0 00:04:46, Sys 0 00:00:00  -  Total Remote Usage
		Usr 0 00:00:00, Sys 0 00:00:00  -  Total Local Usage
	0  -  Run Bytes Sent By Job
	0  -  Run Bytes Received By Job
	0  -  Total Bytes Sent By Job
	0  -  Total Bytes Received By Job
	Partitionable Resources :    Usage  Request          
	   Cpus                 :                 1          
	   Disk (KB)            :     3000     3000          
	   Memory (MB)          :      108      108          
...
