000 (014.1376.000) 05/06 03:16:53 Job submitted from host: <128.83.144.69:57854>
...
001 (014.1376.000) 05/06 03:18:58 Job executing on host: <128.83.144.133:43747>
...
006 (014.1376.000) 05/06 03:18:58 Image size of job updated: 51504
	0  -  MemoryUsage of job (MB)
	0  -  ResidentSetSize of job (KB)
...
005 (014.1376.000) 05/06 03:19:04 Job terminated.
	(1) Normal termination (return value 1)
		Usr 0 00:00:00, Sys 0 00:00:00  -  Run Remote Usage
		Usr 0 00:00:00, Sys 0 00:00:00  -  Run Local Usage
		Usr 0 00:00:00, Sys 0 00:00:00  -  Total Remote Usage
		Usr 0 00:00:00, Sys 0 00:00:00  -  Total Local Usage
	0  -  Run Bytes Sent By Job
	0  -  Run Bytes Received By Job
	0  -  Total Bytes Sent By Job
	0  -  Total Bytes Received By Job
	Partitionable Resources :    Usage  Request          
	   Cpus                 :                 1          
	   Disk (KB)            :     3000     3000          
	   Memory (MB)          :        0        0          
...
000 (015.1376.000) 05/06 03:25:39 Job submitted from host: <128.83.144.69:57854>
...
001 (015.1376.000) 05/06 04:14:38 Job executing on host: <128.83.130.17:58148>
...
006 (015.1376.000) 05/06 04:14:47 Image size of job updated: 107680
	71  -  MemoryUsage of job (MB)
	71848  -  ResidentSetSize of job (KB)
...
006 (015.1376.000) 05/06 04:19:35 Image size of job updated: 162992
	71  -  MemoryUsage of job (MB)
	71848  -  ResidentSetSize of job (KB)
...
005 (015.1376.000) 05/06 04:19:35 Job terminated.
	(1) Normal termination (return value 0)
		Usr 0 00:04:45, Sys 0 00:00:00  -  Run Remote Usage
		Usr 0 00:00:00, Sys 0 00:00:00  -  Run Local Usage
		Usr 0 00:04:45, Sys 0 00:00:00  -  Total Remote Usage
		Usr 0 00:00:00, Sys 0 00:00:00  -  Total Local Usage
	0  -  Run Bytes Sent By Job
	0  -  Run Bytes Received By Job
	0  -  Total Bytes Sent By Job
	0  -  Total Bytes Received By Job
	Partitionable Resources :    Usage  Request          
	   Cpus                 :                 1          
	   Disk (KB)            :     3000     3000          
	   Memory (MB)          :       71       71          
...
