000 (014.1385.000) 05/06 03:16:53 Job submitted from host: <128.83.144.69:57854>
...
001 (014.1385.000) 05/06 03:18:59 Job executing on host: <128.83.144.198:37426>
...
006 (014.1385.000) 05/06 03:18:59 Image size of job updated: 3000
	0  -  MemoryUsage of job (MB)
	0  -  ResidentSetSize of job (KB)
...
005 (014.1385.000) 05/06 03:19:03 Job terminated.
	(1) Normal termination (return value 1)
		Usr 0 00:00:00, Sys 0 00:00:00  -  Run Remote Usage
		Usr 0 00:00:00, Sys 0 00:00:00  -  Run Local Usage
		Usr 0 00:00:00, Sys 0 00:00:00  -  Total Remote Usage
		Usr 0 00:00:00, Sys 0 00:00:00  -  Total Local Usage
	0  -  Run Bytes Sent By Job
	0  -  Run Bytes Received By Job
	0  -  Total Bytes Sent By Job
	0  -  Total Bytes Received By Job
	Partitionable Resources :    Usage  Request          
	   Cpus                 :                 1          
	   Disk (KB)            :     3000     3000          
	   Memory (MB)          :        0        0          
...
000 (015.1385.000) 05/06 03:25:39 Job submitted from host: <128.83.144.69:57854>
...
001 (015.1385.000) 05/06 04:14:48 Job executing on host: <128.83.144.133:43747>
...
006 (015.1385.000) 05/06 04:14:57 Image size of job updated: 156408
	118  -  MemoryUsage of job (MB)
	120420  -  ResidentSetSize of job (KB)
...
006 (015.1385.000) 05/06 04:19:58 Image size of job updated: 163060
	123  -  MemoryUsage of job (MB)
	125120  -  ResidentSetSize of job (KB)
...
005 (015.1385.000) 05/06 04:20:17 Job terminated.
	(1) Normal termination (return value 0)
		Usr 0 00:05:21, Sys 0 00:00:00  -  Run Remote Usage
		Usr 0 00:00:00, Sys 0 00:00:00  -  Run Local Usage
		Usr 0 00:05:21, Sys 0 00:00:00  -  Total Remote Usage
		Usr 0 00:00:00, Sys 0 00:00:00  -  Total Local Usage
	0  -  Run Bytes Sent By Job
	0  -  Run Bytes Received By Job
	0  -  Total Bytes Sent By Job
	0  -  Total Bytes Received By Job
	Partitionable Resources :    Usage  Request          
	   Cpus                 :                 1          
	   Disk (KB)            :     3000     3000          
	   Memory (MB)          :      123      123          
...
