000 (014.1391.000) 05/06 03:16:53 Job submitted from host: <128.83.144.69:57854>
...
001 (014.1391.000) 05/06 03:18:59 Job executing on host: <128.83.120.218:33174>
...
006 (014.1391.000) 05/06 03:18:59 Image size of job updated: 3000
	0  -  MemoryUsage of job (MB)
	0  -  ResidentSetSize of job (KB)
...
005 (014.1391.000) 05/06 03:19:18 Job terminated.
	(1) Normal termination (return value 1)
		Usr 0 00:00:00, Sys 0 00:00:00  -  Run Remote Usage
		Usr 0 00:00:00, Sys 0 00:00:00  -  Run Local Usage
		Usr 0 00:00:00, Sys 0 00:00:00  -  Total Remote Usage
		Usr 0 00:00:00, Sys 0 00:00:00  -  Total Local Usage
	0  -  Run Bytes Sent By Job
	0  -  Run Bytes Received By Job
	0  -  Total Bytes Sent By Job
	0  -  Total Bytes Received By Job
	Partitionable Resources :    Usage  Request          
	   Cpus                 :                 1          
	   Disk (KB)            :     3000     3000          
	   Memory (MB)          :        0        0          
...
000 (015.1391.000) 05/06 03:25:39 Job submitted from host: <128.83.144.69:57854>
...
001 (015.1391.000) 05/06 04:14:56 Job executing on host: <128.83.144.197:60576>
...
006 (015.1391.000) 05/06 04:15:04 Image size of job updated: 153540
	116  -  MemoryUsage of job (MB)
	117784  -  ResidentSetSize of job (KB)
...
006 (015.1391.000) 05/06 04:19:39 Image size of job updated: 163088
	116  -  MemoryUsage of job (MB)
	117784  -  ResidentSetSize of job (KB)
...
005 (015.1391.000) 05/06 04:19:39 Job terminated.
	(1) Normal termination (return value 0)
		Usr 0 00:04:40, Sys 0 00:00:00  -  Run Remote Usage
		Usr 0 00:00:00, Sys 0 00:00:00  -  Run Local Usage
		Usr 0 00:04:40, Sys 0 00:00:00  -  Total Remote Usage
		Usr 0 00:00:00, Sys 0 00:00:00  -  Total Local Usage
	0  -  Run Bytes Sent By Job
	0  -  Run Bytes Received By Job
	0  -  Total Bytes Sent By Job
	0  -  Total Bytes Received By Job
	Partitionable Resources :    Usage  Request          
	   Cpus                 :                 1          
	   Disk (KB)            :     3000     3000          
	   Memory (MB)          :      116      116          
...
