000 (014.142.000) 05/06 03:16:52 Job submitted from host: <128.83.144.69:57854>
...
001 (014.142.000) 05/06 03:17:46 Job executing on host: <128.83.144.133:43747>
...
006 (014.142.000) 05/06 03:17:46 Image size of job updated: 69460
	0  -  MemoryUsage of job (MB)
	0  -  ResidentSetSize of job (KB)
...
005 (014.142.000) 05/06 03:17:47 Job terminated.
	(1) Normal termination (return value 1)
		Usr 0 00:00:00, Sys 0 00:00:00  -  Run Remote Usage
		Usr 0 00:00:00, Sys 0 00:00:00  -  Run Local Usage
		Usr 0 00:00:00, Sys 0 00:00:00  -  Total Remote Usage
		Usr 0 00:00:00, Sys 0 00:00:00  -  Total Local Usage
	0  -  Run Bytes Sent By Job
	0  -  Run Bytes Received By Job
	0  -  Total Bytes Sent By Job
	0  -  Total Bytes Received By Job
	Partitionable Resources :    Usage  Request          
	   Cpus                 :                 1          
	   Disk (KB)            :     3000     3000          
	   Memory (MB)          :        0        0          
...
000 (015.142.000) 05/06 03:25:38 Job submitted from host: <128.83.144.69:57854>
...
001 (015.142.000) 05/06 03:26:32 Job executing on host: <128.83.144.233:34970>
...
006 (015.142.000) 05/06 03:26:40 Image size of job updated: 3000
	3  -  MemoryUsage of job (MB)
	2196  -  ResidentSetSize of job (KB)
...
010 (015.142.000) 05/06 03:29:13 Job was suspended.
	Number of processes actually suspended: 1
...
006 (015.142.000) 05/06 03:29:13 Image size of job updated: 163092
	125  -  MemoryUsage of job (MB)
	127444  -  ResidentSetSize of job (KB)
...
011 (015.142.000) 05/06 03:29:24 Job was unsuspended.
...
005 (015.142.000) 05/06 03:32:14 Job terminated.
	(1) Normal termination (return value 0)
		Usr 0 00:05:30, Sys 0 00:00:00  -  Run Remote Usage
		Usr 0 00:00:00, Sys 0 00:00:00  -  Run Local Usage
		Usr 0 00:05:30, Sys 0 00:00:00  -  Total Remote Usage
		Usr 0 00:00:00, Sys 0 00:00:00  -  Total Local Usage
	0  -  Run Bytes Sent By Job
	0  -  Run Bytes Received By Job
	0  -  Total Bytes Sent By Job
	0  -  Total Bytes Received By Job
	Partitionable Resources :    Usage  Request          
	   Cpus                 :                 1          
	   Disk (KB)            :     3000     3000          
	   Memory (MB)          :      125      125          
...
