000 (014.1442.000) 05/06 03:16:53 Job submitted from host: <128.83.144.69:57854>
...
001 (014.1442.000) 05/06 03:19:02 Job executing on host: <128.83.130.19:52395>
...
006 (014.1442.000) 05/06 03:19:03 Image size of job updated: 3000
	0  -  MemoryUsage of job (MB)
	0  -  ResidentSetSize of job (KB)
...
005 (014.1442.000) 05/06 03:19:06 Job terminated.
	(1) Normal termination (return value 1)
		Usr 0 00:00:00, Sys 0 00:00:00  -  Run Remote Usage
		Usr 0 00:00:00, Sys 0 00:00:00  -  Run Local Usage
		Usr 0 00:00:00, Sys 0 00:00:00  -  Total Remote Usage
		Usr 0 00:00:00, Sys 0 00:00:00  -  Total Local Usage
	0  -  Run Bytes Sent By Job
	0  -  Run Bytes Received By Job
	0  -  Total Bytes Sent By Job
	0  -  Total Bytes Received By Job
	Partitionable Resources :    Usage  Request          
	   Cpus                 :                 1          
	   Disk (KB)            :     3000     3000          
	   Memory (MB)          :        0        0          
...
000 (015.1442.000) 05/06 03:25:39 Job submitted from host: <128.83.144.69:57854>
...
001 (015.1442.000) 05/06 04:17:29 Job executing on host: <128.83.130.3:33955>
...
006 (015.1442.000) 05/06 04:17:38 Image size of job updated: 77320
	41  -  MemoryUsage of job (MB)
	41488  -  ResidentSetSize of job (KB)
...
006 (015.1442.000) 05/06 04:22:30 Image size of job updated: 163000
	41  -  MemoryUsage of job (MB)
	41488  -  ResidentSetSize of job (KB)
...
005 (015.1442.000) 05/06 04:22:30 Job terminated.
	(1) Normal termination (return value 0)
		Usr 0 00:04:58, Sys 0 00:00:00  -  Run Remote Usage
		Usr 0 00:00:00, Sys 0 00:00:00  -  Run Local Usage
		Usr 0 00:04:58, Sys 0 00:00:00  -  Total Remote Usage
		Usr 0 00:00:00, Sys 0 00:00:00  -  Total Local Usage
	0  -  Run Bytes Sent By Job
	0  -  Run Bytes Received By Job
	0  -  Total Bytes Sent By Job
	0  -  Total Bytes Received By Job
	Partitionable Resources :    Usage  Request          
	   Cpus                 :                 1          
	   Disk (KB)            :     3000     3000          
	   Memory (MB)          :       41       41          
...
