000 (014.1445.000) 05/06 03:16:53 Job submitted from host: <128.83.144.69:57854>
...
001 (014.1445.000) 05/06 03:19:03 Job executing on host: <128.83.144.191:52037>
...
006 (014.1445.000) 05/06 03:19:03 Image size of job updated: 3000
	0  -  MemoryUsage of job (MB)
	0  -  ResidentSetSize of job (KB)
...
005 (014.1445.000) 05/06 03:19:07 Job terminated.
	(1) Normal termination (return value 1)
		Usr 0 00:00:00, Sys 0 00:00:00  -  Run Remote Usage
		Usr 0 00:00:00, Sys 0 00:00:00  -  Run Local Usage
		Usr 0 00:00:00, Sys 0 00:00:00  -  Total Remote Usage
		Usr 0 00:00:00, Sys 0 00:00:00  -  Total Local Usage
	0  -  Run Bytes Sent By Job
	0  -  Run Bytes Received By Job
	0  -  Total Bytes Sent By Job
	0  -  Total Bytes Received By Job
	Partitionable Resources :    Usage  Request          
	   Cpus                 :                 1          
	   Disk (KB)            :     3000     3000          
	   Memory (MB)          :        0        0          
...
000 (015.1445.000) 05/06 03:25:39 Job submitted from host: <128.83.144.69:57854>
...
001 (015.1445.000) 05/06 04:17:33 Job executing on host: <128.83.144.188:38433>
...
006 (015.1445.000) 05/06 04:17:41 Image size of job updated: 61312
	25  -  MemoryUsage of job (MB)
	25384  -  ResidentSetSize of job (KB)
...
006 (015.1445.000) 05/06 04:22:40 Image size of job updated: 163124
	25  -  MemoryUsage of job (MB)
	25384  -  ResidentSetSize of job (KB)
...
005 (015.1445.000) 05/06 04:22:40 Job terminated.
	(1) Normal termination (return value 0)
		Usr 0 00:05:04, Sys 0 00:00:00  -  Run Remote Usage
		Usr 0 00:00:00, Sys 0 00:00:00  -  Run Local Usage
		Usr 0 00:05:04, Sys 0 00:00:00  -  Total Remote Usage
		Usr 0 00:00:00, Sys 0 00:00:00  -  Total Local Usage
	0  -  Run Bytes Sent By Job
	0  -  Run Bytes Received By Job
	0  -  Total Bytes Sent By Job
	0  -  Total Bytes Received By Job
	Partitionable Resources :    Usage  Request          
	   Cpus                 :                 1          
	   Disk (KB)            :     3000     3000          
	   Memory (MB)          :       25       25          
...
