000 (014.148.000) 05/06 03:16:52 Job submitted from host: <128.83.144.69:57854>
...
001 (014.148.000) 05/06 03:17:46 Job executing on host: <128.83.144.145:34529>
...
006 (014.148.000) 05/06 03:17:46 Image size of job updated: 3000
	0  -  MemoryUsage of job (MB)
	0  -  ResidentSetSize of job (KB)
...
005 (014.148.000) 05/06 03:17:47 Job terminated.
	(1) Normal termination (return value 1)
		Usr 0 00:00:00, Sys 0 00:00:00  -  Run Remote Usage
		Usr 0 00:00:00, Sys 0 00:00:00  -  Run Local Usage
		Usr 0 00:00:00, Sys 0 00:00:00  -  Total Remote Usage
		Usr 0 00:00:00, Sys 0 00:00:00  -  Total Local Usage
	0  -  Run Bytes Sent By Job
	0  -  Run Bytes Received By Job
	0  -  Total Bytes Sent By Job
	0  -  Total Bytes Received By Job
	Partitionable Resources :    Usage  Request          
	   Cpus                 :                 1          
	   Disk (KB)            :     3000     3000          
	   Memory (MB)          :        0        0          
...
000 (015.148.000) 05/06 03:25:38 Job submitted from host: <128.83.144.69:57854>
...
001 (015.148.000) 05/06 03:26:32 Job executing on host: <128.83.120.111:40204>
...
006 (015.148.000) 05/06 03:26:40 Image size of job updated: 41780
	6  -  MemoryUsage of job (MB)
	5764  -  ResidentSetSize of job (KB)
...
006 (015.148.000) 05/06 03:31:40 Image size of job updated: 163044
	124  -  MemoryUsage of job (MB)
	126732  -  ResidentSetSize of job (KB)
...
005 (015.148.000) 05/06 03:32:35 Job terminated.
	(1) Normal termination (return value 0)
		Usr 0 00:05:57, Sys 0 00:00:00  -  Run Remote Usage
		Usr 0 00:00:00, Sys 0 00:00:00  -  Run Local Usage
		Usr 0 00:05:57, Sys 0 00:00:00  -  Total Remote Usage
		Usr 0 00:00:00, Sys 0 00:00:00  -  Total Local Usage
	0  -  Run Bytes Sent By Job
	0  -  Run Bytes Received By Job
	0  -  Total Bytes Sent By Job
	0  -  Total Bytes Received By Job
	Partitionable Resources :    Usage  Request          
	   Cpus                 :                 1          
	   Disk (KB)            :     3000     3000          
	   Memory (MB)          :      124      124          
...
