000 (014.1480.000) 05/06 03:16:53 Job submitted from host: <128.83.144.69:57854>
...
001 (014.1480.000) 05/06 03:19:05 Job executing on host: <128.83.144.60:38089>
...
006 (014.1480.000) 05/06 03:19:05 Image size of job updated: 3000
	0  -  MemoryUsage of job (MB)
	0  -  ResidentSetSize of job (KB)
...
005 (014.1480.000) 05/06 03:19:09 Job terminated.
	(1) Normal termination (return value 1)
		Usr 0 00:00:00, Sys 0 00:00:00  -  Run Remote Usage
		Usr 0 00:00:00, Sys 0 00:00:00  -  Run Local Usage
		Usr 0 00:00:00, Sys 0 00:00:00  -  Total Remote Usage
		Usr 0 00:00:00, Sys 0 00:00:00  -  Total Local Usage
	0  -  Run Bytes Sent By Job
	0  -  Run Bytes Received By Job
	0  -  Total Bytes Sent By Job
	0  -  Total Bytes Received By Job
	Partitionable Resources :    Usage  Request          
	   Cpus                 :                 1          
	   Disk (KB)            :     3000     3000          
	   Memory (MB)          :        0        0          
...
000 (015.1480.000) 05/06 03:25:39 Job submitted from host: <128.83.144.69:57854>
...
001 (015.1480.000) 05/06 04:18:51 Job executing on host: <128.83.120.218:33174>
...
006 (015.1480.000) 05/06 04:18:59 Image size of job updated: 156340
	118  -  MemoryUsage of job (MB)
	120160  -  ResidentSetSize of job (KB)
...
006 (015.1480.000) 05/06 04:23:59 Image size of job updated: 162988
	123  -  MemoryUsage of job (MB)
	125140  -  ResidentSetSize of job (KB)
...
005 (015.1480.000) 05/06 04:24:56 Job terminated.
	(1) Normal termination (return value 0)
		Usr 0 00:06:02, Sys 0 00:00:00  -  Run Remote Usage
		Usr 0 00:00:00, Sys 0 00:00:00  -  Run Local Usage
		Usr 0 00:06:02, Sys 0 00:00:00  -  Total Remote Usage
		Usr 0 00:00:00, Sys 0 00:00:00  -  Total Local Usage
	0  -  Run Bytes Sent By Job
	0  -  Run Bytes Received By Job
	0  -  Total Bytes Sent By Job
	0  -  Total Bytes Received By Job
	Partitionable Resources :    Usage  Request          
	   Cpus                 :                 1          
	   Disk (KB)            :     3000     3000          
	   Memory (MB)          :      123      123          
...
