000 (014.1496.000) 05/06 03:16:53 Job submitted from host: <128.83.144.69:57854>
...
001 (014.1496.000) 05/06 03:19:06 Job executing on host: <128.83.120.245:34641>
...
006 (014.1496.000) 05/06 03:19:06 Image size of job updated: 3000
	0  -  MemoryUsage of job (MB)
	0  -  ResidentSetSize of job (KB)
...
005 (014.1496.000) 05/06 03:19:10 Job terminated.
	(1) Normal termination (return value 1)
		Usr 0 00:00:00, Sys 0 00:00:00  -  Run Remote Usage
		Usr 0 00:00:00, Sys 0 00:00:00  -  Run Local Usage
		Usr 0 00:00:00, Sys 0 00:00:00  -  Total Remote Usage
		Usr 0 00:00:00, Sys 0 00:00:00  -  Total Local Usage
	0  -  Run Bytes Sent By Job
	0  -  Run Bytes Received By Job
	0  -  Total Bytes Sent By Job
	0  -  Total Bytes Received By Job
	Partitionable Resources :    Usage  Request          
	   Cpus                 :                 1          
	   Disk (KB)            :     3000     3000          
	   Memory (MB)          :        0        0          
...
000 (015.1496.000) 05/06 03:25:39 Job submitted from host: <128.83.144.69:57854>
...
001 (015.1496.000) 05/06 04:19:16 Job executing on host: <128.83.144.82:41173>
...
006 (015.1496.000) 05/06 04:19:24 Image size of job updated: 3000
	3  -  MemoryUsage of job (MB)
	2192  -  ResidentSetSize of job (KB)
...
006 (015.1496.000) 05/06 04:24:24 Image size of job updated: 163216
	124  -  MemoryUsage of job (MB)
	126660  -  ResidentSetSize of job (KB)
...
005 (015.1496.000) 05/06 04:25:13 Job terminated.
	(1) Normal termination (return value 0)
		Usr 0 00:05:45, Sys 0 00:00:00  -  Run Remote Usage
		Usr 0 00:00:00, Sys 0 00:00:00  -  Run Local Usage
		Usr 0 00:05:45, Sys 0 00:00:00  -  Total Remote Usage
		Usr 0 00:00:00, Sys 0 00:00:00  -  Total Local Usage
	0  -  Run Bytes Sent By Job
	0  -  Run Bytes Received By Job
	0  -  Total Bytes Sent By Job
	0  -  Total Bytes Received By Job
	Partitionable Resources :    Usage  Request          
	   Cpus                 :                 1          
	   Disk (KB)            :     3000     3000          
	   Memory (MB)          :      124      124          
...
