000 (014.1523.000) 05/06 03:16:53 Job submitted from host: <128.83.144.69:57854>
...
001 (014.1523.000) 05/06 03:19:08 Job executing on host: <128.83.120.138:51577>
...
006 (014.1523.000) 05/06 03:19:08 Image size of job updated: 3000
	0  -  MemoryUsage of job (MB)
	0  -  ResidentSetSize of job (KB)
...
005 (014.1523.000) 05/06 03:19:11 Job terminated.
	(1) Normal termination (return value 1)
		Usr 0 00:00:00, Sys 0 00:00:00  -  Run Remote Usage
		Usr 0 00:00:00, Sys 0 00:00:00  -  Run Local Usage
		Usr 0 00:00:00, Sys 0 00:00:00  -  Total Remote Usage
		Usr 0 00:00:00, Sys 0 00:00:00  -  Total Local Usage
	0  -  Run Bytes Sent By Job
	0  -  Run Bytes Received By Job
	0  -  Total Bytes Sent By Job
	0  -  Total Bytes Received By Job
	Partitionable Resources :    Usage  Request          
	   Cpus                 :                 1          
	   Disk (KB)            :     3000     3000          
	   Memory (MB)          :        0        0          
...
000 (015.1523.000) 05/06 03:25:39 Job submitted from host: <128.83.144.69:57854>
...
001 (015.1523.000) 05/06 04:19:49 Job executing on host: <128.83.144.14:37887>
...
006 (015.1523.000) 05/06 04:19:57 Image size of job updated: 153536
	115  -  MemoryUsage of job (MB)
	117520  -  ResidentSetSize of job (KB)
...
006 (015.1523.000) 05/06 04:24:57 Image size of job updated: 163084
	125  -  MemoryUsage of job (MB)
	127148  -  ResidentSetSize of job (KB)
...
006 (015.1523.000) 05/06 04:25:59 Image size of job updated: 163160
	125  -  MemoryUsage of job (MB)
	127148  -  ResidentSetSize of job (KB)
...
005 (015.1523.000) 05/06 04:25:59 Job terminated.
	(1) Normal termination (return value 0)
		Usr 0 00:06:07, Sys 0 00:00:00  -  Run Remote Usage
		Usr 0 00:00:00, Sys 0 00:00:00  -  Run Local Usage
		Usr 0 00:06:07, Sys 0 00:00:00  -  Total Remote Usage
		Usr 0 00:00:00, Sys 0 00:00:00  -  Total Local Usage
	0  -  Run Bytes Sent By Job
	0  -  Run Bytes Received By Job
	0  -  Total Bytes Sent By Job
	0  -  Total Bytes Received By Job
	Partitionable Resources :    Usage  Request          
	   Cpus                 :                 1          
	   Disk (KB)            :     3000     3000          
	   Memory (MB)          :      125      125          
...
