000 (014.1538.000) 05/06 03:16:53 Job submitted from host: <128.83.144.69:57854>
...
001 (014.1538.000) 05/06 03:19:08 Job executing on host: <128.83.130.123:47513>
...
006 (014.1538.000) 05/06 03:19:08 Image size of job updated: 3000
	0  -  MemoryUsage of job (MB)
	0  -  ResidentSetSize of job (KB)
...
005 (014.1538.000) 05/06 03:19:15 Job terminated.
	(1) Normal termination (return value 1)
		Usr 0 00:00:00, Sys 0 00:00:00  -  Run Remote Usage
		Usr 0 00:00:00, Sys 0 00:00:00  -  Run Local Usage
		Usr 0 00:00:00, Sys 0 00:00:00  -  Total Remote Usage
		Usr 0 00:00:00, Sys 0 00:00:00  -  Total Local Usage
	0  -  Run Bytes Sent By Job
	0  -  Run Bytes Received By Job
	0  -  Total Bytes Sent By Job
	0  -  Total Bytes Received By Job
	Partitionable Resources :    Usage  Request          
	   Cpus                 :                 1          
	   Disk (KB)            :     3000     3000          
	   Memory (MB)          :        0        0          
...
000 (015.1538.000) 05/06 03:25:39 Job submitted from host: <128.83.144.69:57854>
...
001 (015.1538.000) 05/06 04:20:12 Job executing on host: <128.83.144.196:60948>
...
006 (015.1538.000) 05/06 04:20:21 Image size of job updated: 149608
	111  -  MemoryUsage of job (MB)
	113560  -  ResidentSetSize of job (KB)
...
006 (015.1538.000) 05/06 04:25:22 Image size of job updated: 163068
	123  -  MemoryUsage of job (MB)
	125748  -  ResidentSetSize of job (KB)
...
005 (015.1538.000) 05/06 04:26:55 Job terminated.
	(1) Normal termination (return value 0)
		Usr 0 00:06:31, Sys 0 00:00:00  -  Run Remote Usage
		Usr 0 00:00:00, Sys 0 00:00:00  -  Run Local Usage
		Usr 0 00:06:31, Sys 0 00:00:00  -  Total Remote Usage
		Usr 0 00:00:00, Sys 0 00:00:00  -  Total Local Usage
	0  -  Run Bytes Sent By Job
	0  -  Run Bytes Received By Job
	0  -  Total Bytes Sent By Job
	0  -  Total Bytes Received By Job
	Partitionable Resources :    Usage  Request          
	   Cpus                 :                 1          
	   Disk (KB)            :     3000     3000          
	   Memory (MB)          :      123      123          
...
