000 (014.1559.000) 05/06 03:16:54 Job submitted from host: <128.83.144.69:57854>
...
001 (014.1559.000) 05/06 03:19:10 Job executing on host: <128.83.120.127:46201>
...
006 (014.1559.000) 05/06 03:19:10 Image size of job updated: 3000
	0  -  MemoryUsage of job (MB)
	0  -  ResidentSetSize of job (KB)
...
005 (014.1559.000) 05/06 03:19:14 Job terminated.
	(1) Normal termination (return value 1)
		Usr 0 00:00:00, Sys 0 00:00:00  -  Run Remote Usage
		Usr 0 00:00:00, Sys 0 00:00:00  -  Run Local Usage
		Usr 0 00:00:00, Sys 0 00:00:00  -  Total Remote Usage
		Usr 0 00:00:00, Sys 0 00:00:00  -  Total Local Usage
	0  -  Run Bytes Sent By Job
	0  -  Run Bytes Received By Job
	0  -  Total Bytes Sent By Job
	0  -  Total Bytes Received By Job
	Partitionable Resources :    Usage  Request          
	   Cpus                 :                 1          
	   Disk (KB)            :     3000     3000          
	   Memory (MB)          :        0        0          
...
000 (015.1559.000) 05/06 03:25:39 Job submitted from host: <128.83.144.69:57854>
...
001 (015.1559.000) 05/06 04:21:22 Job executing on host: <128.83.144.196:60948>
...
006 (015.1559.000) 05/06 04:21:30 Image size of job updated: 153540
	116  -  MemoryUsage of job (MB)
	117780  -  ResidentSetSize of job (KB)
...
006 (015.1559.000) 05/06 04:26:30 Image size of job updated: 163004
	125  -  MemoryUsage of job (MB)
	127160  -  ResidentSetSize of job (KB)
...
006 (015.1559.000) 05/06 04:27:28 Image size of job updated: 163044
	125  -  MemoryUsage of job (MB)
	127160  -  ResidentSetSize of job (KB)
...
005 (015.1559.000) 05/06 04:27:28 Job terminated.
	(1) Normal termination (return value 0)
		Usr 0 00:05:53, Sys 0 00:00:00  -  Run Remote Usage
		Usr 0 00:00:00, Sys 0 00:00:00  -  Run Local Usage
		Usr 0 00:05:53, Sys 0 00:00:00  -  Total Remote Usage
		Usr 0 00:00:00, Sys 0 00:00:00  -  Total Local Usage
	0  -  Run Bytes Sent By Job
	0  -  Run Bytes Received By Job
	0  -  Total Bytes Sent By Job
	0  -  Total Bytes Received By Job
	Partitionable Resources :    Usage  Request          
	   Cpus                 :                 1          
	   Disk (KB)            :     3000     3000          
	   Memory (MB)          :      125      125          
...
