000 (014.1569.000) 05/06 03:16:54 Job submitted from host: <128.83.144.69:57854>
...
001 (014.1569.000) 05/06 03:19:10 Job executing on host: <128.83.144.14:37887>
...
006 (014.1569.000) 05/06 03:19:10 Image size of job updated: 69072
	0  -  MemoryUsage of job (MB)
	0  -  ResidentSetSize of job (KB)
...
005 (014.1569.000) 05/06 03:19:21 Job terminated.
	(1) Normal termination (return value 1)
		Usr 0 00:00:00, Sys 0 00:00:00  -  Run Remote Usage
		Usr 0 00:00:00, Sys 0 00:00:00  -  Run Local Usage
		Usr 0 00:00:00, Sys 0 00:00:00  -  Total Remote Usage
		Usr 0 00:00:00, Sys 0 00:00:00  -  Total Local Usage
	0  -  Run Bytes Sent By Job
	0  -  Run Bytes Received By Job
	0  -  Total Bytes Sent By Job
	0  -  Total Bytes Received By Job
	Partitionable Resources :    Usage  Request          
	   Cpus                 :                 1          
	   Disk (KB)            :     3000     3000          
	   Memory (MB)          :        0        0          
...
000 (015.1569.000) 05/06 03:25:39 Job submitted from host: <128.83.144.69:57854>
...
001 (015.1569.000) 05/06 04:22:04 Job executing on host: <128.83.130.9:48661>
...
006 (015.1569.000) 05/06 04:22:13 Image size of job updated: 156424
	118  -  MemoryUsage of job (MB)
	120160  -  ResidentSetSize of job (KB)
...
006 (015.1569.000) 05/06 04:27:14 Image size of job updated: 163044
	123  -  MemoryUsage of job (MB)
	125704  -  ResidentSetSize of job (KB)
...
005 (015.1569.000) 05/06 04:27:19 Job terminated.
	(1) Normal termination (return value 0)
		Usr 0 00:05:09, Sys 0 00:00:00  -  Run Remote Usage
		Usr 0 00:00:00, Sys 0 00:00:00  -  Run Local Usage
		Usr 0 00:05:09, Sys 0 00:00:00  -  Total Remote Usage
		Usr 0 00:00:00, Sys 0 00:00:00  -  Total Local Usage
	0  -  Run Bytes Sent By Job
	0  -  Run Bytes Received By Job
	0  -  Total Bytes Sent By Job
	0  -  Total Bytes Received By Job
	Partitionable Resources :    Usage  Request          
	   Cpus                 :                 1          
	   Disk (KB)            :     3000     3000          
	   Memory (MB)          :      123      123          
...
