000 (014.1596.000) 05/06 03:16:54 Job submitted from host: <128.83.144.69:57854>
...
001 (014.1596.000) 05/06 03:19:12 Job executing on host: <128.83.144.178:57229>
...
006 (014.1596.000) 05/06 03:19:12 Image size of job updated: 3000
	0  -  MemoryUsage of job (MB)
	0  -  ResidentSetSize of job (KB)
...
005 (014.1596.000) 05/06 03:19:15 Job terminated.
	(1) Normal termination (return value 1)
		Usr 0 00:00:00, Sys 0 00:00:00  -  Run Remote Usage
		Usr 0 00:00:00, Sys 0 00:00:00  -  Run Local Usage
		Usr 0 00:00:00, Sys 0 00:00:00  -  Total Remote Usage
		Usr 0 00:00:00, Sys 0 00:00:00  -  Total Local Usage
	0  -  Run Bytes Sent By Job
	0  -  Run Bytes Received By Job
	0  -  Total Bytes Sent By Job
	0  -  Total Bytes Received By Job
	Partitionable Resources :    Usage  Request          
	   Cpus                 :                 1          
	   Disk (KB)            :     3000     3000          
	   Memory (MB)          :        0        0          
...
000 (015.1596.000) 05/06 03:25:39 Job submitted from host: <128.83.144.69:57854>
...
001 (015.1596.000) 05/06 04:22:55 Job executing on host: <128.83.120.146:36214>
...
006 (015.1596.000) 05/06 04:23:04 Image size of job updated: 155592
	118  -  MemoryUsage of job (MB)
	119924  -  ResidentSetSize of job (KB)
...
006 (015.1596.000) 05/06 04:28:05 Image size of job updated: 163212
	122  -  MemoryUsage of job (MB)
	124628  -  ResidentSetSize of job (KB)
...
005 (015.1596.000) 05/06 04:28:19 Job terminated.
	(1) Normal termination (return value 0)
		Usr 0 00:05:22, Sys 0 00:00:00  -  Run Remote Usage
		Usr 0 00:00:00, Sys 0 00:00:00  -  Run Local Usage
		Usr 0 00:05:22, Sys 0 00:00:00  -  Total Remote Usage
		Usr 0 00:00:00, Sys 0 00:00:00  -  Total Local Usage
	0  -  Run Bytes Sent By Job
	0  -  Run Bytes Received By Job
	0  -  Total Bytes Sent By Job
	0  -  Total Bytes Received By Job
	Partitionable Resources :    Usage  Request          
	   Cpus                 :                 1          
	   Disk (KB)            :     3000     3000          
	   Memory (MB)          :      122      122          
...
