000 (014.1635.000) 05/06 03:16:54 Job submitted from host: <128.83.144.69:57854>
...
001 (014.1635.000) 05/06 03:19:14 Job executing on host: <128.83.144.66:36303>
...
006 (014.1635.000) 05/06 03:19:14 Image size of job updated: 50372
	0  -  MemoryUsage of job (MB)
	0  -  ResidentSetSize of job (KB)
...
005 (014.1635.000) 05/06 03:19:23 Job terminated.
	(1) Normal termination (return value 1)
		Usr 0 00:00:00, Sys 0 00:00:00  -  Run Remote Usage
		Usr 0 00:00:00, Sys 0 00:00:00  -  Run Local Usage
		Usr 0 00:00:00, Sys 0 00:00:00  -  Total Remote Usage
		Usr 0 00:00:00, Sys 0 00:00:00  -  Total Local Usage
	0  -  Run Bytes Sent By Job
	0  -  Run Bytes Received By Job
	0  -  Total Bytes Sent By Job
	0  -  Total Bytes Received By Job
	Partitionable Resources :    Usage  Request          
	   Cpus                 :                 1          
	   Disk (KB)            :     3000     3000          
	   Memory (MB)          :        0        0          
...
000 (015.1635.000) 05/06 03:25:39 Job submitted from host: <128.83.144.69:57854>
...
001 (015.1635.000) 05/06 04:24:43 Job executing on host: <128.83.120.111:40204>
...
006 (015.1635.000) 05/06 04:24:51 Image size of job updated: 102532
	66  -  MemoryUsage of job (MB)
	66568  -  ResidentSetSize of job (KB)
...
006 (015.1635.000) 05/06 04:29:51 Image size of job updated: 163068
	123  -  MemoryUsage of job (MB)
	124980  -  ResidentSetSize of job (KB)
...
005 (015.1635.000) 05/06 04:30:30 Job terminated.
	(1) Normal termination (return value 0)
		Usr 0 00:05:45, Sys 0 00:00:00  -  Run Remote Usage
		Usr 0 00:00:00, Sys 0 00:00:00  -  Run Local Usage
		Usr 0 00:05:45, Sys 0 00:00:00  -  Total Remote Usage
		Usr 0 00:00:00, Sys 0 00:00:00  -  Total Local Usage
	0  -  Run Bytes Sent By Job
	0  -  Run Bytes Received By Job
	0  -  Total Bytes Sent By Job
	0  -  Total Bytes Received By Job
	Partitionable Resources :    Usage  Request          
	   Cpus                 :                 1          
	   Disk (KB)            :     3000     3000          
	   Memory (MB)          :      123      123          
...
