000 (014.1655.000) 05/06 03:16:54 Job submitted from host: <128.83.144.69:57854>
...
001 (014.1655.000) 05/06 03:19:15 Job executing on host: <128.83.120.234:46157>
...
006 (014.1655.000) 05/06 03:19:15 Image size of job updated: 3000
	0  -  MemoryUsage of job (MB)
	0  -  ResidentSetSize of job (KB)
...
005 (014.1655.000) 05/06 03:19:19 Job terminated.
	(1) Normal termination (return value 1)
		Usr 0 00:00:00, Sys 0 00:00:00  -  Run Remote Usage
		Usr 0 00:00:00, Sys 0 00:00:00  -  Run Local Usage
		Usr 0 00:00:00, Sys 0 00:00:00  -  Total Remote Usage
		Usr 0 00:00:00, Sys 0 00:00:00  -  Total Local Usage
	0  -  Run Bytes Sent By Job
	0  -  Run Bytes Received By Job
	0  -  Total Bytes Sent By Job
	0  -  Total Bytes Received By Job
	Partitionable Resources :    Usage  Request          
	   Cpus                 :                 1          
	   Disk (KB)            :     3000     3000          
	   Memory (MB)          :        0        0          
...
000 (015.1655.000) 05/06 03:25:39 Job submitted from host: <128.83.144.69:57854>
...
001 (015.1655.000) 05/06 04:25:12 Job executing on host: <128.83.144.242:54436>
...
006 (015.1655.000) 05/06 04:25:21 Image size of job updated: 108396
	71  -  MemoryUsage of job (MB)
	72380  -  ResidentSetSize of job (KB)
...
006 (015.1655.000) 05/06 04:30:22 Image size of job updated: 163208
	123  -  MemoryUsage of job (MB)
	125292  -  ResidentSetSize of job (KB)
...
005 (015.1655.000) 05/06 04:30:38 Job terminated.
	(1) Normal termination (return value 0)
		Usr 0 00:05:16, Sys 0 00:00:00  -  Run Remote Usage
		Usr 0 00:00:00, Sys 0 00:00:00  -  Run Local Usage
		Usr 0 00:05:16, Sys 0 00:00:00  -  Total Remote Usage
		Usr 0 00:00:00, Sys 0 00:00:00  -  Total Local Usage
	0  -  Run Bytes Sent By Job
	0  -  Run Bytes Received By Job
	0  -  Total Bytes Sent By Job
	0  -  Total Bytes Received By Job
	Partitionable Resources :    Usage  Request          
	   Cpus                 :                 1          
	   Disk (KB)            :     3000     3000          
	   Memory (MB)          :      123      123          
...
