000 (014.1669.000) 05/06 03:16:54 Job submitted from host: <128.83.144.69:57854>
...
001 (014.1669.000) 05/06 03:19:16 Job executing on host: <128.83.130.18:36609>
...
006 (014.1669.000) 05/06 03:19:16 Image size of job updated: 3000
	0  -  MemoryUsage of job (MB)
	0  -  ResidentSetSize of job (KB)
...
005 (014.1669.000) 05/06 03:19:21 Job terminated.
	(1) Normal termination (return value 1)
		Usr 0 00:00:00, Sys 0 00:00:00  -  Run Remote Usage
		Usr 0 00:00:00, Sys 0 00:00:00  -  Run Local Usage
		Usr 0 00:00:00, Sys 0 00:00:00  -  Total Remote Usage
		Usr 0 00:00:00, Sys 0 00:00:00  -  Total Local Usage
	0  -  Run Bytes Sent By Job
	0  -  Run Bytes Received By Job
	0  -  Total Bytes Sent By Job
	0  -  Total Bytes Received By Job
	Partitionable Resources :    Usage  Request          
	   Cpus                 :                 1          
	   Disk (KB)            :     3000     3000          
	   Memory (MB)          :        0        0          
...
000 (015.1669.000) 05/06 03:25:39 Job submitted from host: <128.83.144.69:57854>
...
001 (015.1669.000) 05/06 04:25:29 Job executing on host: <128.83.144.233:34970>
...
006 (015.1669.000) 05/06 04:25:38 Image size of job updated: 156420
	118  -  MemoryUsage of job (MB)
	120424  -  ResidentSetSize of job (KB)
...
006 (015.1669.000) 05/06 04:30:39 Image size of job updated: 163116
	123  -  MemoryUsage of job (MB)
	125436  -  ResidentSetSize of job (KB)
...
005 (015.1669.000) 05/06 04:30:39 Job terminated.
	(1) Normal termination (return value 0)
		Usr 0 00:05:01, Sys 0 00:00:00  -  Run Remote Usage
		Usr 0 00:00:00, Sys 0 00:00:00  -  Run Local Usage
		Usr 0 00:05:01, Sys 0 00:00:00  -  Total Remote Usage
		Usr 0 00:00:00, Sys 0 00:00:00  -  Total Local Usage
	0  -  Run Bytes Sent By Job
	0  -  Run Bytes Received By Job
	0  -  Total Bytes Sent By Job
	0  -  Total Bytes Received By Job
	Partitionable Resources :    Usage  Request          
	   Cpus                 :                 1          
	   Disk (KB)            :     3000     3000          
	   Memory (MB)          :      123      123          
...
