000 (014.1691.000) 05/06 03:16:54 Job submitted from host: <128.83.144.69:57854>
...
001 (014.1691.000) 05/06 03:19:18 Job executing on host: <128.83.130.123:47513>
...
006 (014.1691.000) 05/06 03:19:18 Image size of job updated: 3000
	0  -  MemoryUsage of job (MB)
	0  -  ResidentSetSize of job (KB)
...
005 (014.1691.000) 05/06 03:19:21 Job terminated.
	(1) Normal termination (return value 1)
		Usr 0 00:00:00, Sys 0 00:00:00  -  Run Remote Usage
		Usr 0 00:00:00, Sys 0 00:00:00  -  Run Local Usage
		Usr 0 00:00:00, Sys 0 00:00:00  -  Total Remote Usage
		Usr 0 00:00:00, Sys 0 00:00:00  -  Total Local Usage
	0  -  Run Bytes Sent By Job
	0  -  Run Bytes Received By Job
	0  -  Total Bytes Sent By Job
	0  -  Total Bytes Received By Job
	Partitionable Resources :    Usage  Request          
	   Cpus                 :                 1          
	   Disk (KB)            :     3000     3000          
	   Memory (MB)          :        0        0          
...
000 (015.1691.000) 05/06 03:25:39 Job submitted from host: <128.83.144.69:57854>
...
001 (015.1691.000) 05/06 04:26:06 Job executing on host: <128.83.144.102:57327>
...
006 (015.1691.000) 05/06 04:26:14 Image size of job updated: 156244
	118  -  MemoryUsage of job (MB)
	120156  -  ResidentSetSize of job (KB)
...
006 (015.1691.000) 05/06 04:31:14 Image size of job updated: 163164
	123  -  MemoryUsage of job (MB)
	125596  -  ResidentSetSize of job (KB)
...
005 (015.1691.000) 05/06 04:31:36 Job terminated.
	(1) Normal termination (return value 0)
		Usr 0 00:05:24, Sys 0 00:00:00  -  Run Remote Usage
		Usr 0 00:00:00, Sys 0 00:00:00  -  Run Local Usage
		Usr 0 00:05:24, Sys 0 00:00:00  -  Total Remote Usage
		Usr 0 00:00:00, Sys 0 00:00:00  -  Total Local Usage
	0  -  Run Bytes Sent By Job
	0  -  Run Bytes Received By Job
	0  -  Total Bytes Sent By Job
	0  -  Total Bytes Received By Job
	Partitionable Resources :    Usage  Request          
	   Cpus                 :                 1          
	   Disk (KB)            :     3000     3000          
	   Memory (MB)          :      123      123          
...
