000 (014.1707.000) 05/06 03:16:54 Job submitted from host: <128.83.144.69:57854>
...
001 (014.1707.000) 05/06 03:19:18 Job executing on host: <128.83.144.61:38929>
...
006 (014.1707.000) 05/06 03:19:19 Image size of job updated: 3000
	0  -  MemoryUsage of job (MB)
	0  -  ResidentSetSize of job (KB)
...
005 (014.1707.000) 05/06 03:19:22 Job terminated.
	(1) Normal termination (return value 1)
		Usr 0 00:00:00, Sys 0 00:00:00  -  Run Remote Usage
		Usr 0 00:00:00, Sys 0 00:00:00  -  Run Local Usage
		Usr 0 00:00:00, Sys 0 00:00:00  -  Total Remote Usage
		Usr 0 00:00:00, Sys 0 00:00:00  -  Total Local Usage
	0  -  Run Bytes Sent By Job
	0  -  Run Bytes Received By Job
	0  -  Total Bytes Sent By Job
	0  -  Total Bytes Received By Job
	Partitionable Resources :    Usage  Request          
	   Cpus                 :                 1          
	   Disk (KB)            :     3000     3000          
	   Memory (MB)          :        0        0          
...
000 (015.1707.000) 05/06 03:25:39 Job submitted from host: <128.83.144.69:57854>
...
001 (015.1707.000) 05/06 04:27:19 Job executing on host: <128.83.144.12:59325>
...
006 (015.1707.000) 05/06 04:27:27 Image size of job updated: 67484
	31  -  MemoryUsage of job (MB)
	31596  -  ResidentSetSize of job (KB)
...
006 (015.1707.000) 05/06 04:32:27 Image size of job updated: 162932
	122  -  MemoryUsage of job (MB)
	124760  -  ResidentSetSize of job (KB)
...
006 (015.1707.000) 05/06 04:37:23 Image size of job updated: 163152
	122  -  MemoryUsage of job (MB)
	124760  -  ResidentSetSize of job (KB)
...
005 (015.1707.000) 05/06 04:37:23 Job terminated.
	(1) Normal termination (return value 0)
		Usr 0 00:10:00, Sys 0 00:00:00  -  Run Remote Usage
		Usr 0 00:00:00, Sys 0 00:00:00  -  Run Local Usage
		Usr 0 00:10:00, Sys 0 00:00:00  -  Total Remote Usage
		Usr 0 00:00:00, Sys 0 00:00:00  -  Total Local Usage
	0  -  Run Bytes Sent By Job
	0  -  Run Bytes Received By Job
	0  -  Total Bytes Sent By Job
	0  -  Total Bytes Received By Job
	Partitionable Resources :    Usage  Request          
	   Cpus                 :                 1          
	   Disk (KB)            :     3000     3000          
	   Memory (MB)          :      122      122          
...
