000 (014.171.000) 05/06 03:16:52 Job submitted from host: <128.83.144.69:57854>
...
001 (014.171.000) 05/06 03:17:47 Job executing on host: <128.83.144.179:42973>
...
006 (014.171.000) 05/06 03:17:47 Image size of job updated: 42496
	0  -  MemoryUsage of job (MB)
	0  -  ResidentSetSize of job (KB)
...
005 (014.171.000) 05/06 03:17:48 Job terminated.
	(1) Normal termination (return value 1)
		Usr 0 00:00:00, Sys 0 00:00:00  -  Run Remote Usage
		Usr 0 00:00:00, Sys 0 00:00:00  -  Run Local Usage
		Usr 0 00:00:00, Sys 0 00:00:00  -  Total Remote Usage
		Usr 0 00:00:00, Sys 0 00:00:00  -  Total Local Usage
	0  -  Run Bytes Sent By Job
	0  -  Run Bytes Received By Job
	0  -  Total Bytes Sent By Job
	0  -  Total Bytes Received By Job
	Partitionable Resources :    Usage  Request          
	   Cpus                 :                 1          
	   Disk (KB)            :     3000     3000          
	   Memory (MB)          :        0        0          
...
000 (015.171.000) 05/06 03:25:38 Job submitted from host: <128.83.144.69:57854>
...
001 (015.171.000) 05/06 03:26:33 Job executing on host: <128.83.130.45:41731>
...
006 (015.171.000) 05/06 03:26:41 Image size of job updated: 133224
	95  -  MemoryUsage of job (MB)
	97192  -  ResidentSetSize of job (KB)
...
006 (015.171.000) 05/06 03:31:41 Image size of job updated: 163036
	123  -  MemoryUsage of job (MB)
	125348  -  ResidentSetSize of job (KB)
...
005 (015.171.000) 05/06 03:32:01 Job terminated.
	(1) Normal termination (return value 0)
		Usr 0 00:05:27, Sys 0 00:00:00  -  Run Remote Usage
		Usr 0 00:00:00, Sys 0 00:00:00  -  Run Local Usage
		Usr 0 00:05:27, Sys 0 00:00:00  -  Total Remote Usage
		Usr 0 00:00:00, Sys 0 00:00:00  -  Total Local Usage
	0  -  Run Bytes Sent By Job
	0  -  Run Bytes Received By Job
	0  -  Total Bytes Sent By Job
	0  -  Total Bytes Received By Job
	Partitionable Resources :    Usage  Request          
	   Cpus                 :                 1          
	   Disk (KB)            :     3000     3000          
	   Memory (MB)          :      123      123          
...
