000 (014.178.000) 05/06 03:16:52 Job submitted from host: <128.83.144.69:57854>
...
001 (014.178.000) 05/06 03:17:48 Job executing on host: <128.83.144.69:54873>
...
006 (014.178.000) 05/06 03:17:48 Image size of job updated: 39196
	0  -  MemoryUsage of job (MB)
	0  -  ResidentSetSize of job (KB)
...
005 (014.178.000) 05/06 03:17:49 Job terminated.
	(1) Normal termination (return value 1)
		Usr 0 00:00:00, Sys 0 00:00:00  -  Run Remote Usage
		Usr 0 00:00:00, Sys 0 00:00:00  -  Run Local Usage
		Usr 0 00:00:00, Sys 0 00:00:00  -  Total Remote Usage
		Usr 0 00:00:00, Sys 0 00:00:00  -  Total Local Usage
	0  -  Run Bytes Sent By Job
	0  -  Run Bytes Received By Job
	0  -  Total Bytes Sent By Job
	0  -  Total Bytes Received By Job
	Partitionable Resources :    Usage  Request          
	   Cpus                 :                 1          
	   Disk (KB)            :     3000     3000          
	   Memory (MB)          :        0        0          
...
000 (015.178.000) 05/06 03:25:38 Job submitted from host: <128.83.144.69:57854>
...
001 (015.178.000) 05/06 03:31:38 Job executing on host: <128.83.130.3:33955>
...
006 (015.178.000) 05/06 03:31:47 Image size of job updated: 105692
	3  -  MemoryUsage of job (MB)
	2196  -  ResidentSetSize of job (KB)
...
006 (015.178.000) 05/06 03:36:47 Image size of job updated: 163040
	125  -  MemoryUsage of job (MB)
	127200  -  ResidentSetSize of job (KB)
...
006 (015.178.000) 05/06 03:37:23 Image size of job updated: 163060
	125  -  MemoryUsage of job (MB)
	127200  -  ResidentSetSize of job (KB)
...
005 (015.178.000) 05/06 03:37:23 Job terminated.
	(1) Normal termination (return value 0)
		Usr 0 00:05:43, Sys 0 00:00:00  -  Run Remote Usage
		Usr 0 00:00:00, Sys 0 00:00:00  -  Run Local Usage
		Usr 0 00:05:43, Sys 0 00:00:00  -  Total Remote Usage
		Usr 0 00:00:00, Sys 0 00:00:00  -  Total Local Usage
	0  -  Run Bytes Sent By Job
	0  -  Run Bytes Received By Job
	0  -  Total Bytes Sent By Job
	0  -  Total Bytes Received By Job
	Partitionable Resources :    Usage  Request          
	   Cpus                 :                 1          
	   Disk (KB)            :     3000     3000          
	   Memory (MB)          :      125      125          
...
