000 (014.018.000) 05/06 03:16:52 Job submitted from host: <128.83.144.69:57854>
...
001 (014.018.000) 05/06 03:17:39 Job executing on host: <128.83.144.145:34529>
...
006 (014.018.000) 05/06 03:17:39 Image size of job updated: 3000
	0  -  MemoryUsage of job (MB)
	0  -  ResidentSetSize of job (KB)
...
005 (014.018.000) 05/06 03:17:40 Job terminated.
	(1) Normal termination (return value 1)
		Usr 0 00:00:00, Sys 0 00:00:00  -  Run Remote Usage
		Usr 0 00:00:00, Sys 0 00:00:00  -  Run Local Usage
		Usr 0 00:00:00, Sys 0 00:00:00  -  Total Remote Usage
		Usr 0 00:00:00, Sys 0 00:00:00  -  Total Local Usage
	0  -  Run Bytes Sent By Job
	0  -  Run Bytes Received By Job
	0  -  Total Bytes Sent By Job
	0  -  Total Bytes Received By Job
	Partitionable Resources :    Usage  Request          
	   Cpus                 :                 1          
	   Disk (KB)            :     3000     3000          
	   Memory (MB)          :        0        0          
...
000 (015.018.000) 05/06 03:25:38 Job submitted from host: <128.83.144.69:57854>
...
001 (015.018.000) 05/06 03:26:28 Job executing on host: <128.83.144.132:39335>
...
006 (015.018.000) 05/06 03:26:36 Image size of job updated: 3000
	3  -  MemoryUsage of job (MB)
	2188  -  ResidentSetSize of job (KB)
...
006 (015.018.000) 05/06 03:31:11 Image size of job updated: 163052
	3  -  MemoryUsage of job (MB)
	2188  -  ResidentSetSize of job (KB)
...
005 (015.018.000) 05/06 03:31:11 Job terminated.
	(1) Normal termination (return value 0)
		Usr 0 00:04:39, Sys 0 00:00:00  -  Run Remote Usage
		Usr 0 00:00:00, Sys 0 00:00:00  -  Run Local Usage
		Usr 0 00:04:39, Sys 0 00:00:00  -  Total Remote Usage
		Usr 0 00:00:00, Sys 0 00:00:00  -  Total Local Usage
	0  -  Run Bytes Sent By Job
	0  -  Run Bytes Received By Job
	0  -  Total Bytes Sent By Job
	0  -  Total Bytes Received By Job
	Partitionable Resources :    Usage  Request          
	   Cpus                 :                 1          
	   Disk (KB)            :     3000     3000          
	   Memory (MB)          :        3        3          
...
