000 (014.1803.000) 05/06 03:16:54 Job submitted from host: <128.83.144.69:57854>
...
001 (014.1803.000) 05/06 03:19:24 Job executing on host: <128.83.120.218:33174>
...
006 (014.1803.000) 05/06 03:19:24 Image size of job updated: 3000
	0  -  MemoryUsage of job (MB)
	0  -  ResidentSetSize of job (KB)
...
005 (014.1803.000) 05/06 03:19:28 Job terminated.
	(1) Normal termination (return value 1)
		Usr 0 00:00:00, Sys 0 00:00:00  -  Run Remote Usage
		Usr 0 00:00:00, Sys 0 00:00:00  -  Run Local Usage
		Usr 0 00:00:00, Sys 0 00:00:00  -  Total Remote Usage
		Usr 0 00:00:00, Sys 0 00:00:00  -  Total Local Usage
	0  -  Run Bytes Sent By Job
	0  -  Run Bytes Received By Job
	0  -  Total Bytes Sent By Job
	0  -  Total Bytes Received By Job
	Partitionable Resources :    Usage  Request          
	   Cpus                 :                 1          
	   Disk (KB)            :     3000     3000          
	   Memory (MB)          :        0        0          
...
000 (015.1803.000) 05/06 03:25:39 Job submitted from host: <128.83.144.69:57854>
...
001 (015.1803.000) 05/06 04:30:37 Job executing on host: <128.83.144.82:41173>
...
006 (015.1803.000) 05/06 04:30:45 Image size of job updated: 156416
	118  -  MemoryUsage of job (MB)
	120420  -  ResidentSetSize of job (KB)
...
006 (015.1803.000) 05/06 04:35:31 Image size of job updated: 163204
	118  -  MemoryUsage of job (MB)
	120420  -  ResidentSetSize of job (KB)
...
005 (015.1803.000) 05/06 04:35:31 Job terminated.
	(1) Normal termination (return value 0)
		Usr 0 00:04:50, Sys 0 00:00:00  -  Run Remote Usage
		Usr 0 00:00:00, Sys 0 00:00:00  -  Run Local Usage
		Usr 0 00:04:50, Sys 0 00:00:00  -  Total Remote Usage
		Usr 0 00:00:00, Sys 0 00:00:00  -  Total Local Usage
	0  -  Run Bytes Sent By Job
	0  -  Run Bytes Received By Job
	0  -  Total Bytes Sent By Job
	0  -  Total Bytes Received By Job
	Partitionable Resources :    Usage  Request          
	   Cpus                 :                 1          
	   Disk (KB)            :     3000     3000          
	   Memory (MB)          :      118      118          
...
