000 (014.183.000) 05/06 03:16:52 Job submitted from host: <128.83.144.69:57854>
...
001 (014.183.000) 05/06 03:17:48 Job executing on host: <128.83.144.69:54873>
...
006 (014.183.000) 05/06 03:17:48 Image size of job updated: 3000
	0  -  MemoryUsage of job (MB)
	0  -  ResidentSetSize of job (KB)
...
005 (014.183.000) 05/06 03:17:49 Job terminated.
	(1) Normal termination (return value 1)
		Usr 0 00:00:00, Sys 0 00:00:00  -  Run Remote Usage
		Usr 0 00:00:00, Sys 0 00:00:00  -  Run Local Usage
		Usr 0 00:00:00, Sys 0 00:00:00  -  Total Remote Usage
		Usr 0 00:00:00, Sys 0 00:00:00  -  Total Local Usage
	0  -  Run Bytes Sent By Job
	0  -  Run Bytes Received By Job
	0  -  Total Bytes Sent By Job
	0  -  Total Bytes Received By Job
	Partitionable Resources :    Usage  Request          
	   Cpus                 :                 1          
	   Disk (KB)            :     3000     3000          
	   Memory (MB)          :        0        0          
...
000 (015.183.000) 05/06 03:25:38 Job submitted from host: <128.83.144.69:57854>
...
001 (015.183.000) 05/06 03:31:41 Job executing on host: <128.83.144.116:42006>
...
006 (015.183.000) 05/06 03:31:49 Image size of job updated: 67600
	31  -  MemoryUsage of job (MB)
	31716  -  ResidentSetSize of job (KB)
...
006 (015.183.000) 05/06 03:36:49 Image size of job updated: 163080
	122  -  MemoryUsage of job (MB)
	124500  -  ResidentSetSize of job (KB)
...
005 (015.183.000) 05/06 03:36:56 Job terminated.
	(1) Normal termination (return value 0)
		Usr 0 00:04:59, Sys 0 00:00:00  -  Run Remote Usage
		Usr 0 00:00:00, Sys 0 00:00:00  -  Run Local Usage
		Usr 0 00:04:59, Sys 0 00:00:00  -  Total Remote Usage
		Usr 0 00:00:00, Sys 0 00:00:00  -  Total Local Usage
	0  -  Run Bytes Sent By Job
	0  -  Run Bytes Received By Job
	0  -  Total Bytes Sent By Job
	0  -  Total Bytes Received By Job
	Partitionable Resources :    Usage  Request          
	   Cpus                 :                 1          
	   Disk (KB)            :     3000     3000          
	   Memory (MB)          :      122      122          
...
