000 (014.1834.000) 05/06 03:16:54 Job submitted from host: <128.83.144.69:57854>
...
001 (014.1834.000) 05/06 03:19:26 Job executing on host: <128.83.144.188:38433>
...
006 (014.1834.000) 05/06 03:19:26 Image size of job updated: 3000
	0  -  MemoryUsage of job (MB)
	0  -  ResidentSetSize of job (KB)
...
005 (014.1834.000) 05/06 03:19:31 Job terminated.
	(1) Normal termination (return value 1)
		Usr 0 00:00:00, Sys 0 00:00:00  -  Run Remote Usage
		Usr 0 00:00:00, Sys 0 00:00:00  -  Run Local Usage
		Usr 0 00:00:00, Sys 0 00:00:00  -  Total Remote Usage
		Usr 0 00:00:00, Sys 0 00:00:00  -  Total Local Usage
	0  -  Run Bytes Sent By Job
	0  -  Run Bytes Received By Job
	0  -  Total Bytes Sent By Job
	0  -  Total Bytes Received By Job
	Partitionable Resources :    Usage  Request          
	   Cpus                 :                 1          
	   Disk (KB)            :     3000     3000          
	   Memory (MB)          :        0        0          
...
000 (015.1834.000) 05/06 03:25:40 Job submitted from host: <128.83.144.69:57854>
...
001 (015.1834.000) 05/06 04:31:10 Job executing on host: <128.83.130.112:36942>
...
006 (015.1834.000) 05/06 04:31:19 Image size of job updated: 114792
	78  -  MemoryUsage of job (MB)
	78972  -  ResidentSetSize of job (KB)
...
006 (015.1834.000) 05/06 04:35:46 Image size of job updated: 162988
	78  -  MemoryUsage of job (MB)
	78972  -  ResidentSetSize of job (KB)
...
005 (015.1834.000) 05/06 04:35:46 Job terminated.
	(1) Normal termination (return value 0)
		Usr 0 00:04:30, Sys 0 00:00:00  -  Run Remote Usage
		Usr 0 00:00:00, Sys 0 00:00:00  -  Run Local Usage
		Usr 0 00:04:30, Sys 0 00:00:00  -  Total Remote Usage
		Usr 0 00:00:00, Sys 0 00:00:00  -  Total Local Usage
	0  -  Run Bytes Sent By Job
	0  -  Run Bytes Received By Job
	0  -  Total Bytes Sent By Job
	0  -  Total Bytes Received By Job
	Partitionable Resources :    Usage  Request          
	   Cpus                 :                 1          
	   Disk (KB)            :     3000     3000          
	   Memory (MB)          :       78       78          
...
