000 (014.1875.000) 05/06 03:16:54 Job submitted from host: <128.83.144.69:57854>
...
001 (014.1875.000) 05/06 03:19:28 Job executing on host: <128.83.130.25:60575>
...
006 (014.1875.000) 05/06 03:19:28 Image size of job updated: 51504
	0  -  MemoryUsage of job (MB)
	0  -  ResidentSetSize of job (KB)
...
005 (014.1875.000) 05/06 03:19:32 Job terminated.
	(1) Normal termination (return value 1)
		Usr 0 00:00:00, Sys 0 00:00:00  -  Run Remote Usage
		Usr 0 00:00:00, Sys 0 00:00:00  -  Run Local Usage
		Usr 0 00:00:00, Sys 0 00:00:00  -  Total Remote Usage
		Usr 0 00:00:00, Sys 0 00:00:00  -  Total Local Usage
	0  -  Run Bytes Sent By Job
	0  -  Run Bytes Received By Job
	0  -  Total Bytes Sent By Job
	0  -  Total Bytes Received By Job
	Partitionable Resources :    Usage  Request          
	   Cpus                 :                 1          
	   Disk (KB)            :     3000     3000          
	   Memory (MB)          :        0        0          
...
000 (015.1875.000) 05/06 03:25:40 Job submitted from host: <128.83.144.69:57854>
...
001 (015.1875.000) 05/06 04:32:51 Job executing on host: <128.83.120.146:36214>
...
006 (015.1875.000) 05/06 04:32:59 Image size of job updated: 111456
	74  -  MemoryUsage of job (MB)
	75540  -  ResidentSetSize of job (KB)
...
006 (015.1875.000) 05/06 04:37:13 Image size of job updated: 163172
	74  -  MemoryUsage of job (MB)
	75540  -  ResidentSetSize of job (KB)
...
005 (015.1875.000) 05/06 04:37:13 Job terminated.
	(1) Normal termination (return value 0)
		Usr 0 00:04:20, Sys 0 00:00:00  -  Run Remote Usage
		Usr 0 00:00:00, Sys 0 00:00:00  -  Run Local Usage
		Usr 0 00:04:20, Sys 0 00:00:00  -  Total Remote Usage
		Usr 0 00:00:00, Sys 0 00:00:00  -  Total Local Usage
	0  -  Run Bytes Sent By Job
	0  -  Run Bytes Received By Job
	0  -  Total Bytes Sent By Job
	0  -  Total Bytes Received By Job
	Partitionable Resources :    Usage  Request          
	   Cpus                 :                 1          
	   Disk (KB)            :     3000     3000          
	   Memory (MB)          :       74       74          
...
