000 (014.1945.000) 05/06 03:16:54 Job submitted from host: <128.83.144.69:57854>
...
001 (014.1945.000) 05/06 03:19:32 Job executing on host: <128.83.130.18:36609>
...
006 (014.1945.000) 05/06 03:19:32 Image size of job updated: 69752
	0  -  MemoryUsage of job (MB)
	0  -  ResidentSetSize of job (KB)
...
005 (014.1945.000) 05/06 03:19:36 Job terminated.
	(1) Normal termination (return value 1)
		Usr 0 00:00:00, Sys 0 00:00:00  -  Run Remote Usage
		Usr 0 00:00:00, Sys 0 00:00:00  -  Run Local Usage
		Usr 0 00:00:00, Sys 0 00:00:00  -  Total Remote Usage
		Usr 0 00:00:00, Sys 0 00:00:00  -  Total Local Usage
	0  -  Run Bytes Sent By Job
	0  -  Run Bytes Received By Job
	0  -  Total Bytes Sent By Job
	0  -  Total Bytes Received By Job
	Partitionable Resources :    Usage  Request          
	   Cpus                 :                 1          
	   Disk (KB)            :     3000     3000          
	   Memory (MB)          :        0        0          
...
000 (015.1945.000) 05/06 03:25:40 Job submitted from host: <128.83.144.69:57854>
...
001 (015.1945.000) 05/06 04:35:14 Job executing on host: <128.83.144.242:54436>
...
006 (015.1945.000) 05/06 04:35:22 Image size of job updated: 67600
	31  -  MemoryUsage of job (MB)
	31720  -  ResidentSetSize of job (KB)
...
006 (015.1945.000) 05/06 04:39:43 Image size of job updated: 162956
	31  -  MemoryUsage of job (MB)
	31720  -  ResidentSetSize of job (KB)
...
005 (015.1945.000) 05/06 04:39:43 Job terminated.
	(1) Normal termination (return value 0)
		Usr 0 00:04:23, Sys 0 00:00:00  -  Run Remote Usage
		Usr 0 00:00:00, Sys 0 00:00:00  -  Run Local Usage
		Usr 0 00:04:23, Sys 0 00:00:00  -  Total Remote Usage
		Usr 0 00:00:00, Sys 0 00:00:00  -  Total Local Usage
	0  -  Run Bytes Sent By Job
	0  -  Run Bytes Received By Job
	0  -  Total Bytes Sent By Job
	0  -  Total Bytes Received By Job
	Partitionable Resources :    Usage  Request          
	   Cpus                 :                 1          
	   Disk (KB)            :     3000     3000          
	   Memory (MB)          :       31       31          
...
