000 (014.223.000) 05/06 03:16:52 Job submitted from host: <128.83.144.69:57854>
...
001 (014.223.000) 05/06 03:17:51 Job executing on host: <128.83.130.22:57588>
...
006 (014.223.000) 05/06 03:17:51 Image size of job updated: 3000
	0  -  MemoryUsage of job (MB)
	0  -  ResidentSetSize of job (KB)
...
005 (014.223.000) 05/06 03:17:52 Job terminated.
	(1) Normal termination (return value 1)
		Usr 0 00:00:00, Sys 0 00:00:00  -  Run Remote Usage
		Usr 0 00:00:00, Sys 0 00:00:00  -  Run Local Usage
		Usr 0 00:00:00, Sys 0 00:00:00  -  Total Remote Usage
		Usr 0 00:00:00, Sys 0 00:00:00  -  Total Local Usage
	0  -  Run Bytes Sent By Job
	0  -  Run Bytes Received By Job
	0  -  Total Bytes Sent By Job
	0  -  Total Bytes Received By Job
	Partitionable Resources :    Usage  Request          
	   Cpus                 :                 1          
	   Disk (KB)            :     3000     3000          
	   Memory (MB)          :        0        0          
...
000 (015.223.000) 05/06 03:25:38 Job submitted from host: <128.83.144.69:57854>
...
001 (015.223.000) 05/06 03:31:59 Job executing on host: <128.83.144.14:37887>
...
006 (015.223.000) 05/06 03:32:08 Image size of job updated: 105724
	69  -  MemoryUsage of job (MB)
	69728  -  ResidentSetSize of job (KB)
...
006 (015.223.000) 05/06 03:37:09 Image size of job updated: 162936
	122  -  MemoryUsage of job (MB)
	124880  -  ResidentSetSize of job (KB)
...
005 (015.223.000) 05/06 03:38:12 Job terminated.
	(1) Normal termination (return value 0)
		Usr 0 00:06:07, Sys 0 00:00:00  -  Run Remote Usage
		Usr 0 00:00:00, Sys 0 00:00:00  -  Run Local Usage
		Usr 0 00:06:07, Sys 0 00:00:00  -  Total Remote Usage
		Usr 0 00:00:00, Sys 0 00:00:00  -  Total Local Usage
	0  -  Run Bytes Sent By Job
	0  -  Run Bytes Received By Job
	0  -  Total Bytes Sent By Job
	0  -  Total Bytes Received By Job
	Partitionable Resources :    Usage  Request          
	   Cpus                 :                 1          
	   Disk (KB)            :     3000     3000          
	   Memory (MB)          :      122      122          
...
