000 (014.240.000) 05/06 03:16:52 Job submitted from host: <128.83.144.69:57854>
...
001 (014.240.000) 05/06 03:17:51 Job executing on host: <128.83.144.179:42973>
...
006 (014.240.000) 05/06 03:17:52 Image size of job updated: 3000
	0  -  MemoryUsage of job (MB)
	0  -  ResidentSetSize of job (KB)
...
005 (014.240.000) 05/06 03:17:53 Job terminated.
	(1) Normal termination (return value 1)
		Usr 0 00:00:00, Sys 0 00:00:00  -  Run Remote Usage
		Usr 0 00:00:00, Sys 0 00:00:00  -  Run Local Usage
		Usr 0 00:00:00, Sys 0 00:00:00  -  Total Remote Usage
		Usr 0 00:00:00, Sys 0 00:00:00  -  Total Local Usage
	0  -  Run Bytes Sent By Job
	0  -  Run Bytes Received By Job
	0  -  Total Bytes Sent By Job
	0  -  Total Bytes Received By Job
	Partitionable Resources :    Usage  Request          
	   Cpus                 :                 1          
	   Disk (KB)            :     3000     3000          
	   Memory (MB)          :        0        0          
...
000 (015.240.000) 05/06 03:25:38 Job submitted from host: <128.83.144.69:57854>
...
001 (015.240.000) 05/06 03:32:11 Job executing on host: <128.83.120.23:49001>
...
006 (015.240.000) 05/06 03:32:20 Image size of job updated: 3000
	3  -  MemoryUsage of job (MB)
	2184  -  ResidentSetSize of job (KB)
...
006 (015.240.000) 05/06 03:37:21 Image size of job updated: 163072
	124  -  MemoryUsage of job (MB)
	126536  -  ResidentSetSize of job (KB)
...
005 (015.240.000) 05/06 03:37:52 Job terminated.
	(1) Normal termination (return value 0)
		Usr 0 00:05:37, Sys 0 00:00:00  -  Run Remote Usage
		Usr 0 00:00:00, Sys 0 00:00:00  -  Run Local Usage
		Usr 0 00:05:37, Sys 0 00:00:00  -  Total Remote Usage
		Usr 0 00:00:00, Sys 0 00:00:00  -  Total Local Usage
	0  -  Run Bytes Sent By Job
	0  -  Run Bytes Received By Job
	0  -  Total Bytes Sent By Job
	0  -  Total Bytes Received By Job
	Partitionable Resources :    Usage  Request          
	   Cpus                 :                 1          
	   Disk (KB)            :     3000     3000          
	   Memory (MB)          :      124      124          
...
