000 (014.256.000) 05/06 03:16:52 Job submitted from host: <128.83.144.69:57854>
...
001 (014.256.000) 05/06 03:17:52 Job executing on host: <128.83.130.18:36609>
...
006 (014.256.000) 05/06 03:17:52 Image size of job updated: 3000
	0  -  MemoryUsage of job (MB)
	0  -  ResidentSetSize of job (KB)
...
005 (014.256.000) 05/06 03:17:54 Job terminated.
	(1) Normal termination (return value 1)
		Usr 0 00:00:00, Sys 0 00:00:00  -  Run Remote Usage
		Usr 0 00:00:00, Sys 0 00:00:00  -  Run Local Usage
		Usr 0 00:00:00, Sys 0 00:00:00  -  Total Remote Usage
		Usr 0 00:00:00, Sys 0 00:00:00  -  Total Local Usage
	0  -  Run Bytes Sent By Job
	0  -  Run Bytes Received By Job
	0  -  Total Bytes Sent By Job
	0  -  Total Bytes Received By Job
	Partitionable Resources :    Usage  Request          
	   Cpus                 :                 1          
	   Disk (KB)            :     3000     3000          
	   Memory (MB)          :        0        0          
...
000 (015.256.000) 05/06 03:25:38 Job submitted from host: <128.83.144.69:57854>
...
001 (015.256.000) 05/06 03:32:24 Job executing on host: <128.83.144.82:41173>
...
006 (015.256.000) 05/06 03:32:33 Image size of job updated: 156328
	118  -  MemoryUsage of job (MB)
	120424  -  ResidentSetSize of job (KB)
...
006 (015.256.000) 05/06 03:37:34 Image size of job updated: 163084
	125  -  MemoryUsage of job (MB)
	127220  -  ResidentSetSize of job (KB)
...
005 (015.256.000) 05/06 03:38:04 Job terminated.
	(1) Normal termination (return value 0)
		Usr 0 00:05:30, Sys 0 00:00:00  -  Run Remote Usage
		Usr 0 00:00:00, Sys 0 00:00:00  -  Run Local Usage
		Usr 0 00:05:30, Sys 0 00:00:00  -  Total Remote Usage
		Usr 0 00:00:00, Sys 0 00:00:00  -  Total Local Usage
	0  -  Run Bytes Sent By Job
	0  -  Run Bytes Received By Job
	0  -  Total Bytes Sent By Job
	0  -  Total Bytes Received By Job
	Partitionable Resources :    Usage  Request          
	   Cpus                 :                 1          
	   Disk (KB)            :     3000     3000          
	   Memory (MB)          :      125      125          
...
