000 (014.257.000) 05/06 03:16:52 Job submitted from host: <128.83.144.69:57854>
...
001 (014.257.000) 05/06 03:17:52 Job executing on host: <128.83.144.69:54873>
...
006 (014.257.000) 05/06 03:17:53 Image size of job updated: 3000
	0  -  MemoryUsage of job (MB)
	0  -  ResidentSetSize of job (KB)
...
005 (014.257.000) 05/06 03:17:54 Job terminated.
	(1) Normal termination (return value 1)
		Usr 0 00:00:00, Sys 0 00:00:00  -  Run Remote Usage
		Usr 0 00:00:00, Sys 0 00:00:00  -  Run Local Usage
		Usr 0 00:00:00, Sys 0 00:00:00  -  Total Remote Usage
		Usr 0 00:00:00, Sys 0 00:00:00  -  Total Local Usage
	0  -  Run Bytes Sent By Job
	0  -  Run Bytes Received By Job
	0  -  Total Bytes Sent By Job
	0  -  Total Bytes Received By Job
	Partitionable Resources :    Usage  Request          
	   Cpus                 :                 1          
	   Disk (KB)            :     3000     3000          
	   Memory (MB)          :        0        0          
...
000 (015.257.000) 05/06 03:25:38 Job submitted from host: <128.83.144.69:57854>
...
001 (015.257.000) 05/06 03:32:26 Job executing on host: <128.83.144.66:36303>
...
006 (015.257.000) 05/06 03:32:35 Image size of job updated: 140656
	103  -  MemoryUsage of job (MB)
	104580  -  ResidentSetSize of job (KB)
...
006 (015.257.000) 05/06 03:37:36 Image size of job updated: 163152
	125  -  MemoryUsage of job (MB)
	127308  -  ResidentSetSize of job (KB)
...
005 (015.257.000) 05/06 03:37:48 Job terminated.
	(1) Normal termination (return value 0)
		Usr 0 00:05:15, Sys 0 00:00:00  -  Run Remote Usage
		Usr 0 00:00:00, Sys 0 00:00:00  -  Run Local Usage
		Usr 0 00:05:15, Sys 0 00:00:00  -  Total Remote Usage
		Usr 0 00:00:00, Sys 0 00:00:00  -  Total Local Usage
	0  -  Run Bytes Sent By Job
	0  -  Run Bytes Received By Job
	0  -  Total Bytes Sent By Job
	0  -  Total Bytes Received By Job
	Partitionable Resources :    Usage  Request          
	   Cpus                 :                 1          
	   Disk (KB)            :     3000     3000          
	   Memory (MB)          :      125      125          
...
