000 (014.258.000) 05/06 03:16:52 Job submitted from host: <128.83.144.69:57854>
...
001 (014.258.000) 05/06 03:17:52 Job executing on host: <128.83.144.127:54531>
...
006 (014.258.000) 05/06 03:17:52 Image size of job updated: 3000
	0  -  MemoryUsage of job (MB)
	0  -  ResidentSetSize of job (KB)
...
005 (014.258.000) 05/06 03:17:54 Job terminated.
	(1) Normal termination (return value 1)
		Usr 0 00:00:00, Sys 0 00:00:00  -  Run Remote Usage
		Usr 0 00:00:00, Sys 0 00:00:00  -  Run Local Usage
		Usr 0 00:00:00, Sys 0 00:00:00  -  Total Remote Usage
		Usr 0 00:00:00, Sys 0 00:00:00  -  Total Local Usage
	0  -  Run Bytes Sent By Job
	0  -  Run Bytes Received By Job
	0  -  Total Bytes Sent By Job
	0  -  Total Bytes Received By Job
	Partitionable Resources :    Usage  Request          
	   Cpus                 :                 1          
	   Disk (KB)            :     3000     3000          
	   Memory (MB)          :        0        0          
...
000 (015.258.000) 05/06 03:25:38 Job submitted from host: <128.83.144.69:57854>
...
001 (015.258.000) 05/06 03:32:27 Job executing on host: <128.83.120.218:33174>
...
006 (015.258.000) 05/06 03:32:35 Image size of job updated: 153544
	116  -  MemoryUsage of job (MB)
	117784  -  ResidentSetSize of job (KB)
...
006 (015.258.000) 05/06 03:37:35 Image size of job updated: 163052
	125  -  MemoryUsage of job (MB)
	127120  -  ResidentSetSize of job (KB)
...
005 (015.258.000) 05/06 03:38:07 Job terminated.
	(1) Normal termination (return value 0)
		Usr 0 00:05:25, Sys 0 00:00:00  -  Run Remote Usage
		Usr 0 00:00:00, Sys 0 00:00:00  -  Run Local Usage
		Usr 0 00:05:25, Sys 0 00:00:00  -  Total Remote Usage
		Usr 0 00:00:00, Sys 0 00:00:00  -  Total Local Usage
	0  -  Run Bytes Sent By Job
	0  -  Run Bytes Received By Job
	0  -  Total Bytes Sent By Job
	0  -  Total Bytes Received By Job
	Partitionable Resources :    Usage  Request          
	   Cpus                 :                 1          
	   Disk (KB)            :     3000     3000          
	   Memory (MB)          :      125      125          
...
