000 (014.285.000) 05/06 03:16:52 Job submitted from host: <128.83.144.69:57854>
...
001 (014.285.000) 05/06 03:17:54 Job executing on host: <128.83.144.127:54531>
...
006 (014.285.000) 05/06 03:17:54 Image size of job updated: 3000
	0  -  MemoryUsage of job (MB)
	0  -  ResidentSetSize of job (KB)
...
005 (014.285.000) 05/06 03:17:55 Job terminated.
	(1) Normal termination (return value 1)
		Usr 0 00:00:00, Sys 0 00:00:00  -  Run Remote Usage
		Usr 0 00:00:00, Sys 0 00:00:00  -  Run Local Usage
		Usr 0 00:00:00, Sys 0 00:00:00  -  Total Remote Usage
		Usr 0 00:00:00, Sys 0 00:00:00  -  Total Local Usage
	0  -  Run Bytes Sent By Job
	0  -  Run Bytes Received By Job
	0  -  Total Bytes Sent By Job
	0  -  Total Bytes Received By Job
	Partitionable Resources :    Usage  Request          
	   Cpus                 :                 1          
	   Disk (KB)            :     3000     3000          
	   Memory (MB)          :        0        0          
...
000 (015.285.000) 05/06 03:25:38 Job submitted from host: <128.83.144.69:57854>
...
001 (015.285.000) 05/06 03:33:08 Job executing on host: <128.83.144.196:60948>
...
006 (015.285.000) 05/06 03:33:17 Image size of job updated: 153540
	116  -  MemoryUsage of job (MB)
	117784  -  ResidentSetSize of job (KB)
...
006 (015.285.000) 05/06 03:38:18 Image size of job updated: 163072
	123  -  MemoryUsage of job (MB)
	125576  -  ResidentSetSize of job (KB)
...
005 (015.285.000) 05/06 03:39:27 Job terminated.
	(1) Normal termination (return value 0)
		Usr 0 00:06:06, Sys 0 00:00:00  -  Run Remote Usage
		Usr 0 00:00:00, Sys 0 00:00:00  -  Run Local Usage
		Usr 0 00:06:06, Sys 0 00:00:00  -  Total Remote Usage
		Usr 0 00:00:00, Sys 0 00:00:00  -  Total Local Usage
	0  -  Run Bytes Sent By Job
	0  -  Run Bytes Received By Job
	0  -  Total Bytes Sent By Job
	0  -  Total Bytes Received By Job
	Partitionable Resources :    Usage  Request          
	   Cpus                 :                 1          
	   Disk (KB)            :     3000     3000          
	   Memory (MB)          :      123      123          
...
