000 (014.297.000) 05/06 03:16:52 Job submitted from host: <128.83.144.69:57854>
...
001 (014.297.000) 05/06 03:17:55 Job executing on host: <128.83.130.18:36609>
...
006 (014.297.000) 05/06 03:17:55 Image size of job updated: 3000
	0  -  MemoryUsage of job (MB)
	0  -  ResidentSetSize of job (KB)
...
005 (014.297.000) 05/06 03:17:56 Job terminated.
	(1) Normal termination (return value 1)
		Usr 0 00:00:00, Sys 0 00:00:00  -  Run Remote Usage
		Usr 0 00:00:00, Sys 0 00:00:00  -  Run Local Usage
		Usr 0 00:00:00, Sys 0 00:00:00  -  Total Remote Usage
		Usr 0 00:00:00, Sys 0 00:00:00  -  Total Local Usage
	0  -  Run Bytes Sent By Job
	0  -  Run Bytes Received By Job
	0  -  Total Bytes Sent By Job
	0  -  Total Bytes Received By Job
	Partitionable Resources :    Usage  Request          
	   Cpus                 :                 1          
	   Disk (KB)            :     3000     3000          
	   Memory (MB)          :        0        0          
...
000 (015.297.000) 05/06 03:25:38 Job submitted from host: <128.83.144.69:57854>
...
001 (015.297.000) 05/06 03:36:11 Job executing on host: <128.83.144.123:45619>
...
006 (015.297.000) 05/06 03:36:20 Image size of job updated: 156292
	118  -  MemoryUsage of job (MB)
	120420  -  ResidentSetSize of job (KB)
...
006 (015.297.000) 05/06 03:40:59 Image size of job updated: 163108
	118  -  MemoryUsage of job (MB)
	120420  -  ResidentSetSize of job (KB)
...
005 (015.297.000) 05/06 03:40:59 Job terminated.
	(1) Normal termination (return value 0)
		Usr 0 00:04:32, Sys 0 00:00:00  -  Run Remote Usage
		Usr 0 00:00:00, Sys 0 00:00:00  -  Run Local Usage
		Usr 0 00:04:32, Sys 0 00:00:00  -  Total Remote Usage
		Usr 0 00:00:00, Sys 0 00:00:00  -  Total Local Usage
	0  -  Run Bytes Sent By Job
	0  -  Run Bytes Received By Job
	0  -  Total Bytes Sent By Job
	0  -  Total Bytes Received By Job
	Partitionable Resources :    Usage  Request          
	   Cpus                 :                 1          
	   Disk (KB)            :     3000     3000          
	   Memory (MB)          :      118      118          
...
