000 (014.313.000) 05/06 03:16:52 Job submitted from host: <128.83.144.69:57854>
...
001 (014.313.000) 05/06 03:17:56 Job executing on host: <128.83.144.179:42973>
...
006 (014.313.000) 05/06 03:17:56 Image size of job updated: 3000
	0  -  MemoryUsage of job (MB)
	0  -  ResidentSetSize of job (KB)
...
005 (014.313.000) 05/06 03:17:57 Job terminated.
	(1) Normal termination (return value 1)
		Usr 0 00:00:00, Sys 0 00:00:00  -  Run Remote Usage
		Usr 0 00:00:00, Sys 0 00:00:00  -  Run Local Usage
		Usr 0 00:00:00, Sys 0 00:00:00  -  Total Remote Usage
		Usr 0 00:00:00, Sys 0 00:00:00  -  Total Local Usage
	0  -  Run Bytes Sent By Job
	0  -  Run Bytes Received By Job
	0  -  Total Bytes Sent By Job
	0  -  Total Bytes Received By Job
	Partitionable Resources :    Usage  Request          
	   Cpus                 :                 1          
	   Disk (KB)            :     3000     3000          
	   Memory (MB)          :        0        0          
...
000 (015.313.000) 05/06 03:25:38 Job submitted from host: <128.83.144.69:57854>
...
001 (015.313.000) 05/06 03:36:48 Job executing on host: <128.83.130.9:48661>
...
006 (015.313.000) 05/06 03:36:57 Image size of job updated: 156392
	118  -  MemoryUsage of job (MB)
	120420  -  ResidentSetSize of job (KB)
...
006 (015.313.000) 05/06 03:41:59 Image size of job updated: 163088
	123  -  MemoryUsage of job (MB)
	125336  -  ResidentSetSize of job (KB)
...
005 (015.313.000) 05/06 03:42:15 Job terminated.
	(1) Normal termination (return value 0)
		Usr 0 00:05:22, Sys 0 00:00:00  -  Run Remote Usage
		Usr 0 00:00:00, Sys 0 00:00:00  -  Run Local Usage
		Usr 0 00:05:22, Sys 0 00:00:00  -  Total Remote Usage
		Usr 0 00:00:00, Sys 0 00:00:00  -  Total Local Usage
	0  -  Run Bytes Sent By Job
	0  -  Run Bytes Received By Job
	0  -  Total Bytes Sent By Job
	0  -  Total Bytes Received By Job
	Partitionable Resources :    Usage  Request          
	   Cpus                 :                 1          
	   Disk (KB)            :     3000     3000          
	   Memory (MB)          :      123      123          
...
