000 (014.331.000) 05/06 03:16:52 Job submitted from host: <128.83.144.69:57854>
...
001 (014.331.000) 05/06 03:17:57 Job executing on host: <128.83.144.197:60576>
...
006 (014.331.000) 05/06 03:17:57 Image size of job updated: 3000
	0  -  MemoryUsage of job (MB)
	0  -  ResidentSetSize of job (KB)
...
005 (014.331.000) 05/06 03:17:58 Job terminated.
	(1) Normal termination (return value 1)
		Usr 0 00:00:00, Sys 0 00:00:00  -  Run Remote Usage
		Usr 0 00:00:00, Sys 0 00:00:00  -  Run Local Usage
		Usr 0 00:00:00, Sys 0 00:00:00  -  Total Remote Usage
		Usr 0 00:00:00, Sys 0 00:00:00  -  Total Local Usage
	0  -  Run Bytes Sent By Job
	0  -  Run Bytes Received By Job
	0  -  Total Bytes Sent By Job
	0  -  Total Bytes Received By Job
	Partitionable Resources :    Usage  Request          
	   Cpus                 :                 1          
	   Disk (KB)            :     3000     3000          
	   Memory (MB)          :        0        0          
...
000 (015.331.000) 05/06 03:25:38 Job submitted from host: <128.83.144.69:57854>
...
001 (015.331.000) 05/06 03:37:02 Job executing on host: <128.83.144.242:54436>
...
006 (015.331.000) 05/06 03:37:11 Image size of job updated: 156420
	118  -  MemoryUsage of job (MB)
	120424  -  ResidentSetSize of job (KB)
...
006 (015.331.000) 05/06 03:42:12 Image size of job updated: 163032
	123  -  MemoryUsage of job (MB)
	125240  -  ResidentSetSize of job (KB)
...
005 (015.331.000) 05/06 03:42:18 Job terminated.
	(1) Normal termination (return value 0)
		Usr 0 00:05:10, Sys 0 00:00:00  -  Run Remote Usage
		Usr 0 00:00:00, Sys 0 00:00:00  -  Run Local Usage
		Usr 0 00:05:10, Sys 0 00:00:00  -  Total Remote Usage
		Usr 0 00:00:00, Sys 0 00:00:00  -  Total Local Usage
	0  -  Run Bytes Sent By Job
	0  -  Run Bytes Received By Job
	0  -  Total Bytes Sent By Job
	0  -  Total Bytes Received By Job
	Partitionable Resources :    Usage  Request          
	   Cpus                 :                 1          
	   Disk (KB)            :     3000     3000          
	   Memory (MB)          :      123      123          
...
