000 (014.338.000) 05/06 03:16:52 Job submitted from host: <128.83.144.69:57854>
...
001 (014.338.000) 05/06 03:17:57 Job executing on host: <128.83.144.14:37887>
...
006 (014.338.000) 05/06 03:17:57 Image size of job updated: 3000
	0  -  MemoryUsage of job (MB)
	0  -  ResidentSetSize of job (KB)
...
005 (014.338.000) 05/06 03:17:58 Job terminated.
	(1) Normal termination (return value 1)
		Usr 0 00:00:00, Sys 0 00:00:00  -  Run Remote Usage
		Usr 0 00:00:00, Sys 0 00:00:00  -  Run Local Usage
		Usr 0 00:00:00, Sys 0 00:00:00  -  Total Remote Usage
		Usr 0 00:00:00, Sys 0 00:00:00  -  Total Local Usage
	0  -  Run Bytes Sent By Job
	0  -  Run Bytes Received By Job
	0  -  Total Bytes Sent By Job
	0  -  Total Bytes Received By Job
	Partitionable Resources :    Usage  Request          
	   Cpus                 :                 1          
	   Disk (KB)            :     3000     3000          
	   Memory (MB)          :        0        0          
...
000 (015.338.000) 05/06 03:25:38 Job submitted from host: <128.83.144.69:57854>
...
001 (015.338.000) 05/06 03:37:08 Job executing on host: <128.83.144.184:49182>
...
006 (015.338.000) 05/06 03:37:17 Image size of job updated: 114796
	78  -  MemoryUsage of job (MB)
	78972  -  ResidentSetSize of job (KB)
...
006 (015.338.000) 05/06 03:42:18 Image size of job updated: 163220
	123  -  MemoryUsage of job (MB)
	125460  -  ResidentSetSize of job (KB)
...
005 (015.338.000) 05/06 03:42:47 Job terminated.
	(1) Normal termination (return value 0)
		Usr 0 00:05:31, Sys 0 00:00:00  -  Run Remote Usage
		Usr 0 00:00:00, Sys 0 00:00:00  -  Run Local Usage
		Usr 0 00:05:31, Sys 0 00:00:00  -  Total Remote Usage
		Usr 0 00:00:00, Sys 0 00:00:00  -  Total Local Usage
	0  -  Run Bytes Sent By Job
	0  -  Run Bytes Received By Job
	0  -  Total Bytes Sent By Job
	0  -  Total Bytes Received By Job
	Partitionable Resources :    Usage  Request          
	   Cpus                 :                 1          
	   Disk (KB)            :     3000     3000          
	   Memory (MB)          :      123      123          
...
