000 (014.343.000) 05/06 03:16:52 Job submitted from host: <128.83.144.69:57854>
...
001 (014.343.000) 05/06 03:17:57 Job executing on host: <128.83.130.7:44988>
...
006 (014.343.000) 05/06 03:17:57 Image size of job updated: 3000
	0  -  MemoryUsage of job (MB)
	0  -  ResidentSetSize of job (KB)
...
005 (014.343.000) 05/06 03:17:59 Job terminated.
	(1) Normal termination (return value 1)
		Usr 0 00:00:00, Sys 0 00:00:00  -  Run Remote Usage
		Usr 0 00:00:00, Sys 0 00:00:00  -  Run Local Usage
		Usr 0 00:00:00, Sys 0 00:00:00  -  Total Remote Usage
		Usr 0 00:00:00, Sys 0 00:00:00  -  Total Local Usage
	0  -  Run Bytes Sent By Job
	0  -  Run Bytes Received By Job
	0  -  Total Bytes Sent By Job
	0  -  Total Bytes Received By Job
	Partitionable Resources :    Usage  Request          
	   Cpus                 :                 1          
	   Disk (KB)            :     3000     3000          
	   Memory (MB)          :        0        0          
...
000 (015.343.000) 05/06 03:25:38 Job submitted from host: <128.83.144.69:57854>
...
001 (015.343.000) 05/06 03:37:12 Job executing on host: <128.83.144.197:60576>
...
006 (015.343.000) 05/06 03:37:21 Image size of job updated: 153536
	116  -  MemoryUsage of job (MB)
	117784  -  ResidentSetSize of job (KB)
...
006 (015.343.000) 05/06 03:42:22 Image size of job updated: 163092
	124  -  MemoryUsage of job (MB)
	126744  -  ResidentSetSize of job (KB)
...
005 (015.343.000) 05/06 03:43:04 Job terminated.
	(1) Normal termination (return value 0)
		Usr 0 00:05:49, Sys 0 00:00:00  -  Run Remote Usage
		Usr 0 00:00:00, Sys 0 00:00:00  -  Run Local Usage
		Usr 0 00:05:49, Sys 0 00:00:00  -  Total Remote Usage
		Usr 0 00:00:00, Sys 0 00:00:00  -  Total Local Usage
	0  -  Run Bytes Sent By Job
	0  -  Run Bytes Received By Job
	0  -  Total Bytes Sent By Job
	0  -  Total Bytes Received By Job
	Partitionable Resources :    Usage  Request          
	   Cpus                 :                 1          
	   Disk (KB)            :     3000     3000          
	   Memory (MB)          :      124      124          
...
