000 (014.351.000) 05/06 03:16:52 Job submitted from host: <128.83.144.69:57854>
...
001 (014.351.000) 05/06 03:17:58 Job executing on host: <128.83.130.22:57588>
...
006 (014.351.000) 05/06 03:17:58 Image size of job updated: 3000
	0  -  MemoryUsage of job (MB)
	0  -  ResidentSetSize of job (KB)
...
005 (014.351.000) 05/06 03:18:00 Job terminated.
	(1) Normal termination (return value 1)
		Usr 0 00:00:00, Sys 0 00:00:00  -  Run Remote Usage
		Usr 0 00:00:00, Sys 0 00:00:00  -  Run Local Usage
		Usr 0 00:00:00, Sys 0 00:00:00  -  Total Remote Usage
		Usr 0 00:00:00, Sys 0 00:00:00  -  Total Local Usage
	0  -  Run Bytes Sent By Job
	0  -  Run Bytes Received By Job
	0  -  Total Bytes Sent By Job
	0  -  Total Bytes Received By Job
	Partitionable Resources :    Usage  Request          
	   Cpus                 :                 1          
	   Disk (KB)            :     3000     3000          
	   Memory (MB)          :        0        0          
...
000 (015.351.000) 05/06 03:25:38 Job submitted from host: <128.83.144.69:57854>
...
001 (015.351.000) 05/06 03:37:16 Job executing on host: <128.83.144.135:42107>
...
006 (015.351.000) 05/06 03:37:25 Image size of job updated: 3000
	3  -  MemoryUsage of job (MB)
	2184  -  ResidentSetSize of job (KB)
...
006 (015.351.000) 05/06 03:42:26 Image size of job updated: 163088
	124  -  MemoryUsage of job (MB)
	126456  -  ResidentSetSize of job (KB)
...
006 (015.351.000) 05/06 03:47:21 Image size of job updated: 163108
	124  -  MemoryUsage of job (MB)
	126456  -  ResidentSetSize of job (KB)
...
005 (015.351.000) 05/06 03:47:21 Job terminated.
	(1) Normal termination (return value 0)
		Usr 0 00:09:57, Sys 0 00:00:00  -  Run Remote Usage
		Usr 0 00:00:00, Sys 0 00:00:00  -  Run Local Usage
		Usr 0 00:09:57, Sys 0 00:00:00  -  Total Remote Usage
		Usr 0 00:00:00, Sys 0 00:00:00  -  Total Local Usage
	0  -  Run Bytes Sent By Job
	0  -  Run Bytes Received By Job
	0  -  Total Bytes Sent By Job
	0  -  Total Bytes Received By Job
	Partitionable Resources :    Usage  Request          
	   Cpus                 :                 1          
	   Disk (KB)            :     3000     3000          
	   Memory (MB)          :      124      124          
...
