000 (014.359.000) 05/06 03:16:52 Job submitted from host: <128.83.144.69:57854>
...
001 (014.359.000) 05/06 03:17:59 Job executing on host: <128.83.144.14:37887>
...
006 (014.359.000) 05/06 03:17:59 Image size of job updated: 3000
	0  -  MemoryUsage of job (MB)
	0  -  ResidentSetSize of job (KB)
...
005 (014.359.000) 05/06 03:18:00 Job terminated.
	(1) Normal termination (return value 1)
		Usr 0 00:00:00, Sys 0 00:00:00  -  Run Remote Usage
		Usr 0 00:00:00, Sys 0 00:00:00  -  Run Local Usage
		Usr 0 00:00:00, Sys 0 00:00:00  -  Total Remote Usage
		Usr 0 00:00:00, Sys 0 00:00:00  -  Total Local Usage
	0  -  Run Bytes Sent By Job
	0  -  Run Bytes Received By Job
	0  -  Total Bytes Sent By Job
	0  -  Total Bytes Received By Job
	Partitionable Resources :    Usage  Request          
	   Cpus                 :                 1          
	   Disk (KB)            :     3000     3000          
	   Memory (MB)          :        0        0          
...
000 (015.359.000) 05/06 03:25:38 Job submitted from host: <128.83.144.69:57854>
...
001 (015.359.000) 05/06 03:37:20 Job executing on host: <128.83.144.61:38929>
...
006 (015.359.000) 05/06 03:37:28 Image size of job updated: 126840
	89  -  MemoryUsage of job (MB)
	90852  -  ResidentSetSize of job (KB)
...
006 (015.359.000) 05/06 03:42:28 Image size of job updated: 163168
	124  -  MemoryUsage of job (MB)
	126028  -  ResidentSetSize of job (KB)
...
005 (015.359.000) 05/06 03:42:48 Job terminated.
	(1) Normal termination (return value 0)
		Usr 0 00:05:24, Sys 0 00:00:00  -  Run Remote Usage
		Usr 0 00:00:00, Sys 0 00:00:00  -  Run Local Usage
		Usr 0 00:05:24, Sys 0 00:00:00  -  Total Remote Usage
		Usr 0 00:00:00, Sys 0 00:00:00  -  Total Local Usage
	0  -  Run Bytes Sent By Job
	0  -  Run Bytes Received By Job
	0  -  Total Bytes Sent By Job
	0  -  Total Bytes Received By Job
	Partitionable Resources :    Usage  Request          
	   Cpus                 :                 1          
	   Disk (KB)            :     3000     3000          
	   Memory (MB)          :      124      124          
...
