000 (014.360.000) 05/06 03:16:52 Job submitted from host: <128.83.144.69:57854>
...
001 (014.360.000) 05/06 03:17:59 Job executing on host: <128.83.144.179:42973>
...
006 (014.360.000) 05/06 03:17:59 Image size of job updated: 50640
	0  -  MemoryUsage of job (MB)
	0  -  ResidentSetSize of job (KB)
...
005 (014.360.000) 05/06 03:18:00 Job terminated.
	(1) Normal termination (return value 1)
		Usr 0 00:00:00, Sys 0 00:00:00  -  Run Remote Usage
		Usr 0 00:00:00, Sys 0 00:00:00  -  Run Local Usage
		Usr 0 00:00:00, Sys 0 00:00:00  -  Total Remote Usage
		Usr 0 00:00:00, Sys 0 00:00:00  -  Total Local Usage
	0  -  Run Bytes Sent By Job
	0  -  Run Bytes Received By Job
	0  -  Total Bytes Sent By Job
	0  -  Total Bytes Received By Job
	Partitionable Resources :    Usage  Request          
	   Cpus                 :                 1          
	   Disk (KB)            :     3000     3000          
	   Memory (MB)          :        0        0          
...
000 (015.360.000) 05/06 03:25:38 Job submitted from host: <128.83.144.69:57854>
...
001 (015.360.000) 05/06 03:37:20 Job executing on host: <128.83.130.3:33955>
...
006 (015.360.000) 05/06 03:37:29 Image size of job updated: 153564
	116  -  MemoryUsage of job (MB)
	117780  -  ResidentSetSize of job (KB)
...
006 (015.360.000) 05/06 03:42:12 Image size of job updated: 163052
	116  -  MemoryUsage of job (MB)
	117780  -  ResidentSetSize of job (KB)
...
005 (015.360.000) 05/06 03:42:12 Job terminated.
	(1) Normal termination (return value 0)
		Usr 0 00:04:49, Sys 0 00:00:00  -  Run Remote Usage
		Usr 0 00:00:00, Sys 0 00:00:00  -  Run Local Usage
		Usr 0 00:04:49, Sys 0 00:00:00  -  Total Remote Usage
		Usr 0 00:00:00, Sys 0 00:00:00  -  Total Local Usage
	0  -  Run Bytes Sent By Job
	0  -  Run Bytes Received By Job
	0  -  Total Bytes Sent By Job
	0  -  Total Bytes Received By Job
	Partitionable Resources :    Usage  Request          
	   Cpus                 :                 1          
	   Disk (KB)            :     3000     3000          
	   Memory (MB)          :      116      116          
...
