000 (014.365.000) 05/06 03:16:52 Job submitted from host: <128.83.144.69:57854>
...
001 (014.365.000) 05/06 03:17:59 Job executing on host: <128.83.144.179:42973>
...
006 (014.365.000) 05/06 03:17:59 Image size of job updated: 105692
	0  -  MemoryUsage of job (MB)
	0  -  ResidentSetSize of job (KB)
...
005 (014.365.000) 05/06 03:18:00 Job terminated.
	(1) Normal termination (return value 1)
		Usr 0 00:00:00, Sys 0 00:00:00  -  Run Remote Usage
		Usr 0 00:00:00, Sys 0 00:00:00  -  Run Local Usage
		Usr 0 00:00:00, Sys 0 00:00:00  -  Total Remote Usage
		Usr 0 00:00:00, Sys 0 00:00:00  -  Total Local Usage
	0  -  Run Bytes Sent By Job
	0  -  Run Bytes Received By Job
	0  -  Total Bytes Sent By Job
	0  -  Total Bytes Received By Job
	Partitionable Resources :    Usage  Request          
	   Cpus                 :                 1          
	   Disk (KB)            :     3000     3000          
	   Memory (MB)          :        0        0          
...
000 (015.365.000) 05/06 03:25:38 Job submitted from host: <128.83.144.69:57854>
...
001 (015.365.000) 05/06 03:37:22 Job executing on host: <128.83.144.61:38929>
...
006 (015.365.000) 05/06 03:37:31 Image size of job updated: 3000
	3  -  MemoryUsage of job (MB)
	2188  -  ResidentSetSize of job (KB)
...
006 (015.365.000) 05/06 03:42:32 Image size of job updated: 163144
	123  -  MemoryUsage of job (MB)
	125784  -  ResidentSetSize of job (KB)
...
005 (015.365.000) 05/06 03:42:45 Job terminated.
	(1) Normal termination (return value 0)
		Usr 0 00:05:12, Sys 0 00:00:00  -  Run Remote Usage
		Usr 0 00:00:00, Sys 0 00:00:00  -  Run Local Usage
		Usr 0 00:05:12, Sys 0 00:00:00  -  Total Remote Usage
		Usr 0 00:00:00, Sys 0 00:00:00  -  Total Local Usage
	0  -  Run Bytes Sent By Job
	0  -  Run Bytes Received By Job
	0  -  Total Bytes Sent By Job
	0  -  Total Bytes Received By Job
	Partitionable Resources :    Usage  Request          
	   Cpus                 :                 1          
	   Disk (KB)            :     3000     3000          
	   Memory (MB)          :      123      123          
...
