000 (014.373.000) 05/06 03:16:52 Job submitted from host: <128.83.144.69:57854>
...
001 (014.373.000) 05/06 03:18:00 Job executing on host: <128.83.130.17:58148>
...
006 (014.373.000) 05/06 03:18:01 Image size of job updated: 3000
	0  -  MemoryUsage of job (MB)
	0  -  ResidentSetSize of job (KB)
...
005 (014.373.000) 05/06 03:18:02 Job terminated.
	(1) Normal termination (return value 1)
		Usr 0 00:00:00, Sys 0 00:00:00  -  Run Remote Usage
		Usr 0 00:00:00, Sys 0 00:00:00  -  Run Local Usage
		Usr 0 00:00:00, Sys 0 00:00:00  -  Total Remote Usage
		Usr 0 00:00:00, Sys 0 00:00:00  -  Total Local Usage
	0  -  Run Bytes Sent By Job
	0  -  Run Bytes Received By Job
	0  -  Total Bytes Sent By Job
	0  -  Total Bytes Received By Job
	Partitionable Resources :    Usage  Request          
	   Cpus                 :                 1          
	   Disk (KB)            :     3000     3000          
	   Memory (MB)          :        0        0          
...
000 (015.373.000) 05/06 03:25:38 Job submitted from host: <128.83.144.69:57854>
...
001 (015.373.000) 05/06 03:37:29 Job executing on host: <128.83.130.28:41861>
...
006 (015.373.000) 05/06 03:37:38 Image size of job updated: 156128
	118  -  MemoryUsage of job (MB)
	120156  -  ResidentSetSize of job (KB)
...
006 (015.373.000) 05/06 03:42:39 Image size of job updated: 163168
	125  -  MemoryUsage of job (MB)
	127348  -  ResidentSetSize of job (KB)
...
005 (015.373.000) 05/06 03:42:56 Job terminated.
	(1) Normal termination (return value 0)
		Usr 0 00:05:26, Sys 0 00:00:00  -  Run Remote Usage
		Usr 0 00:00:00, Sys 0 00:00:00  -  Run Local Usage
		Usr 0 00:05:26, Sys 0 00:00:00  -  Total Remote Usage
		Usr 0 00:00:00, Sys 0 00:00:00  -  Total Local Usage
	0  -  Run Bytes Sent By Job
	0  -  Run Bytes Received By Job
	0  -  Total Bytes Sent By Job
	0  -  Total Bytes Received By Job
	Partitionable Resources :    Usage  Request          
	   Cpus                 :                 1          
	   Disk (KB)            :     3000     3000          
	   Memory (MB)          :      125      125          
...
