000 (014.382.000) 05/06 03:16:52 Job submitted from host: <128.83.144.69:57854>
...
001 (014.382.000) 05/06 03:18:00 Job executing on host: <128.83.144.145:34529>
...
006 (014.382.000) 05/06 03:18:00 Image size of job updated: 3000
	0  -  MemoryUsage of job (MB)
	0  -  ResidentSetSize of job (KB)
...
005 (014.382.000) 05/06 03:18:01 Job terminated.
	(1) Normal termination (return value 1)
		Usr 0 00:00:00, Sys 0 00:00:00  -  Run Remote Usage
		Usr 0 00:00:00, Sys 0 00:00:00  -  Run Local Usage
		Usr 0 00:00:00, Sys 0 00:00:00  -  Total Remote Usage
		Usr 0 00:00:00, Sys 0 00:00:00  -  Total Local Usage
	0  -  Run Bytes Sent By Job
	0  -  Run Bytes Received By Job
	0  -  Total Bytes Sent By Job
	0  -  Total Bytes Received By Job
	Partitionable Resources :    Usage  Request          
	   Cpus                 :                 1          
	   Disk (KB)            :     3000     3000          
	   Memory (MB)          :        0        0          
...
000 (015.382.000) 05/06 03:25:38 Job submitted from host: <128.83.144.69:57854>
...
001 (015.382.000) 05/06 03:37:38 Job executing on host: <128.83.144.233:34970>
...
006 (015.382.000) 05/06 03:37:47 Image size of job updated: 153536
	116  -  MemoryUsage of job (MB)
	117788  -  ResidentSetSize of job (KB)
...
006 (015.382.000) 05/06 03:42:48 Image size of job updated: 163148
	123  -  MemoryUsage of job (MB)
	125284  -  ResidentSetSize of job (KB)
...
005 (015.382.000) 05/06 03:43:11 Job terminated.
	(1) Normal termination (return value 0)
		Usr 0 00:05:19, Sys 0 00:00:00  -  Run Remote Usage
		Usr 0 00:00:00, Sys 0 00:00:00  -  Run Local Usage
		Usr 0 00:05:19, Sys 0 00:00:00  -  Total Remote Usage
		Usr 0 00:00:00, Sys 0 00:00:00  -  Total Local Usage
	0  -  Run Bytes Sent By Job
	0  -  Run Bytes Received By Job
	0  -  Total Bytes Sent By Job
	0  -  Total Bytes Received By Job
	Partitionable Resources :    Usage  Request          
	   Cpus                 :                 1          
	   Disk (KB)            :     3000     3000          
	   Memory (MB)          :      123      123          
...
