000 (014.385.000) 05/06 03:16:52 Job submitted from host: <128.83.144.69:57854>
...
001 (014.385.000) 05/06 03:18:00 Job executing on host: <128.83.144.170:52484>
...
006 (014.385.000) 05/06 03:18:00 Image size of job updated: 3000
	0  -  MemoryUsage of job (MB)
	0  -  ResidentSetSize of job (KB)
...
005 (014.385.000) 05/06 03:18:01 Job terminated.
	(1) Normal termination (return value 1)
		Usr 0 00:00:00, Sys 0 00:00:00  -  Run Remote Usage
		Usr 0 00:00:00, Sys 0 00:00:00  -  Run Local Usage
		Usr 0 00:00:00, Sys 0 00:00:00  -  Total Remote Usage
		Usr 0 00:00:00, Sys 0 00:00:00  -  Total Local Usage
	0  -  Run Bytes Sent By Job
	0  -  Run Bytes Received By Job
	0  -  Total Bytes Sent By Job
	0  -  Total Bytes Received By Job
	Partitionable Resources :    Usage  Request          
	   Cpus                 :                 1          
	   Disk (KB)            :     3000     3000          
	   Memory (MB)          :        0        0          
...
000 (015.385.000) 05/06 03:25:38 Job submitted from host: <128.83.144.69:57854>
...
001 (015.385.000) 05/06 03:37:48 Job executing on host: <128.83.144.66:36303>
...
006 (015.385.000) 05/06 03:37:56 Image size of job updated: 156320
	118  -  MemoryUsage of job (MB)
	120424  -  ResidentSetSize of job (KB)
...
006 (015.385.000) 05/06 03:42:56 Image size of job updated: 163048
	125  -  MemoryUsage of job (MB)
	127068  -  ResidentSetSize of job (KB)
...
005 (015.385.000) 05/06 03:44:00 Job terminated.
	(1) Normal termination (return value 0)
		Usr 0 00:06:08, Sys 0 00:00:00  -  Run Remote Usage
		Usr 0 00:00:00, Sys 0 00:00:00  -  Run Local Usage
		Usr 0 00:06:08, Sys 0 00:00:00  -  Total Remote Usage
		Usr 0 00:00:00, Sys 0 00:00:00  -  Total Local Usage
	0  -  Run Bytes Sent By Job
	0  -  Run Bytes Received By Job
	0  -  Total Bytes Sent By Job
	0  -  Total Bytes Received By Job
	Partitionable Resources :    Usage  Request          
	   Cpus                 :                 1          
	   Disk (KB)            :     3000     3000          
	   Memory (MB)          :      125      125          
...
