000 (014.039.000) 05/06 03:16:52 Job submitted from host: <128.83.144.69:57854>
...
001 (014.039.000) 05/06 03:17:40 Job executing on host: <128.83.144.69:54873>
...
006 (014.039.000) 05/06 03:17:40 Image size of job updated: 105688
	0  -  MemoryUsage of job (MB)
	0  -  ResidentSetSize of job (KB)
...
005 (014.039.000) 05/06 03:17:41 Job terminated.
	(1) Normal termination (return value 1)
		Usr 0 00:00:00, Sys 0 00:00:00  -  Run Remote Usage
		Usr 0 00:00:00, Sys 0 00:00:00  -  Run Local Usage
		Usr 0 00:00:00, Sys 0 00:00:00  -  Total Remote Usage
		Usr 0 00:00:00, Sys 0 00:00:00  -  Total Local Usage
	0  -  Run Bytes Sent By Job
	0  -  Run Bytes Received By Job
	0  -  Total Bytes Sent By Job
	0  -  Total Bytes Received By Job
	Partitionable Resources :    Usage  Request          
	   Cpus                 :                 1          
	   Disk (KB)            :     3000     3000          
	   Memory (MB)          :        0        0          
...
000 (015.039.000) 05/06 03:25:38 Job submitted from host: <128.83.144.69:57854>
...
001 (015.039.000) 05/06 03:26:28 Job executing on host: <128.83.144.242:54436>
...
006 (015.039.000) 05/06 03:26:37 Image size of job updated: 42628
	7  -  MemoryUsage of job (MB)
	6552  -  ResidentSetSize of job (KB)
...
006 (015.039.000) 05/06 03:31:38 Image size of job updated: 163176
	125  -  MemoryUsage of job (MB)
	127160  -  ResidentSetSize of job (KB)
...
005 (015.039.000) 05/06 03:31:43 Job terminated.
	(1) Normal termination (return value 0)
		Usr 0 00:05:11, Sys 0 00:00:00  -  Run Remote Usage
		Usr 0 00:00:00, Sys 0 00:00:00  -  Run Local Usage
		Usr 0 00:05:11, Sys 0 00:00:00  -  Total Remote Usage
		Usr 0 00:00:00, Sys 0 00:00:00  -  Total Local Usage
	0  -  Run Bytes Sent By Job
	0  -  Run Bytes Received By Job
	0  -  Total Bytes Sent By Job
	0  -  Total Bytes Received By Job
	Partitionable Resources :    Usage  Request          
	   Cpus                 :                 1          
	   Disk (KB)            :     3000     3000          
	   Memory (MB)          :      125      125          
...
