000 (014.394.000) 05/06 03:16:52 Job submitted from host: <128.83.144.69:57854>
...
001 (014.394.000) 05/06 03:18:00 Job executing on host: <128.83.130.18:36609>
...
006 (014.394.000) 05/06 03:18:00 Image size of job updated: 3000
	0  -  MemoryUsage of job (MB)
	0  -  ResidentSetSize of job (KB)
...
005 (014.394.000) 05/06 03:18:02 Job terminated.
	(1) Normal termination (return value 1)
		Usr 0 00:00:00, Sys 0 00:00:00  -  Run Remote Usage
		Usr 0 00:00:00, Sys 0 00:00:00  -  Run Local Usage
		Usr 0 00:00:00, Sys 0 00:00:00  -  Total Remote Usage
		Usr 0 00:00:00, Sys 0 00:00:00  -  Total Local Usage
	0  -  Run Bytes Sent By Job
	0  -  Run Bytes Received By Job
	0  -  Total Bytes Sent By Job
	0  -  Total Bytes Received By Job
	Partitionable Resources :    Usage  Request          
	   Cpus                 :                 1          
	   Disk (KB)            :     3000     3000          
	   Memory (MB)          :        0        0          
...
000 (015.394.000) 05/06 03:25:38 Job submitted from host: <128.83.144.69:57854>
...
001 (015.394.000) 05/06 03:37:55 Job executing on host: <128.83.120.245:34641>
...
006 (015.394.000) 05/06 03:38:04 Image size of job updated: 153536
	116  -  MemoryUsage of job (MB)
	117780  -  ResidentSetSize of job (KB)
...
006 (015.394.000) 05/06 03:43:05 Image size of job updated: 163088
	123  -  MemoryUsage of job (MB)
	125520  -  ResidentSetSize of job (KB)
...
005 (015.394.000) 05/06 03:43:45 Job terminated.
	(1) Normal termination (return value 0)
		Usr 0 00:05:47, Sys 0 00:00:00  -  Run Remote Usage
		Usr 0 00:00:00, Sys 0 00:00:00  -  Run Local Usage
		Usr 0 00:05:47, Sys 0 00:00:00  -  Total Remote Usage
		Usr 0 00:00:00, Sys 0 00:00:00  -  Total Local Usage
	0  -  Run Bytes Sent By Job
	0  -  Run Bytes Received By Job
	0  -  Total Bytes Sent By Job
	0  -  Total Bytes Received By Job
	Partitionable Resources :    Usage  Request          
	   Cpus                 :                 1          
	   Disk (KB)            :     3000     3000          
	   Memory (MB)          :      123      123          
...
