000 (014.396.000) 05/06 03:16:52 Job submitted from host: <128.83.144.69:57854>
...
001 (014.396.000) 05/06 03:18:00 Job executing on host: <128.83.144.127:54531>
...
006 (014.396.000) 05/06 03:18:01 Image size of job updated: 3000
	0  -  MemoryUsage of job (MB)
	0  -  ResidentSetSize of job (KB)
...
005 (014.396.000) 05/06 03:18:02 Job terminated.
	(1) Normal termination (return value 1)
		Usr 0 00:00:00, Sys 0 00:00:00  -  Run Remote Usage
		Usr 0 00:00:00, Sys 0 00:00:00  -  Run Local Usage
		Usr 0 00:00:00, Sys 0 00:00:00  -  Total Remote Usage
		Usr 0 00:00:00, Sys 0 00:00:00  -  Total Local Usage
	0  -  Run Bytes Sent By Job
	0  -  Run Bytes Received By Job
	0  -  Total Bytes Sent By Job
	0  -  Total Bytes Received By Job
	Partitionable Resources :    Usage  Request          
	   Cpus                 :                 1          
	   Disk (KB)            :     3000     3000          
	   Memory (MB)          :        0        0          
...
000 (015.396.000) 05/06 03:25:38 Job submitted from host: <128.83.144.69:57854>
...
001 (015.396.000) 05/06 03:37:57 Job executing on host: <128.83.144.81:46590>
...
006 (015.396.000) 05/06 03:38:06 Image size of job updated: 113288
	76  -  MemoryUsage of job (MB)
	77388  -  ResidentSetSize of job (KB)
...
006 (015.396.000) 05/06 03:43:07 Image size of job updated: 163088
	125  -  MemoryUsage of job (MB)
	127428  -  ResidentSetSize of job (KB)
...
005 (015.396.000) 05/06 03:44:06 Job terminated.
	(1) Normal termination (return value 0)
		Usr 0 00:05:54, Sys 0 00:00:00  -  Run Remote Usage
		Usr 0 00:00:00, Sys 0 00:00:00  -  Run Local Usage
		Usr 0 00:05:54, Sys 0 00:00:00  -  Total Remote Usage
		Usr 0 00:00:00, Sys 0 00:00:00  -  Total Local Usage
	0  -  Run Bytes Sent By Job
	0  -  Run Bytes Received By Job
	0  -  Total Bytes Sent By Job
	0  -  Total Bytes Received By Job
	Partitionable Resources :    Usage  Request          
	   Cpus                 :                 1          
	   Disk (KB)            :     3000     3000          
	   Memory (MB)          :      125      125          
...
