000 (014.399.000) 05/06 03:16:52 Job submitted from host: <128.83.144.69:57854>
...
001 (014.399.000) 05/06 03:18:01 Job executing on host: <128.83.144.198:37426>
...
006 (014.399.000) 05/06 03:18:02 Image size of job updated: 67880
	0  -  MemoryUsage of job (MB)
	0  -  ResidentSetSize of job (KB)
...
005 (014.399.000) 05/06 03:18:03 Job terminated.
	(1) Normal termination (return value 1)
		Usr 0 00:00:00, Sys 0 00:00:00  -  Run Remote Usage
		Usr 0 00:00:00, Sys 0 00:00:00  -  Run Local Usage
		Usr 0 00:00:00, Sys 0 00:00:00  -  Total Remote Usage
		Usr 0 00:00:00, Sys 0 00:00:00  -  Total Local Usage
	0  -  Run Bytes Sent By Job
	0  -  Run Bytes Received By Job
	0  -  Total Bytes Sent By Job
	0  -  Total Bytes Received By Job
	Partitionable Resources :    Usage  Request          
	   Cpus                 :                 1          
	   Disk (KB)            :     3000     3000          
	   Memory (MB)          :        0        0          
...
000 (015.399.000) 05/06 03:25:38 Job submitted from host: <128.83.144.69:57854>
...
001 (015.399.000) 05/06 03:38:00 Job executing on host: <128.83.144.85:59652>
...
006 (015.399.000) 05/06 03:38:09 Image size of job updated: 39196
	6  -  MemoryUsage of job (MB)
	5128  -  ResidentSetSize of job (KB)
...
006 (015.399.000) 05/06 03:43:10 Image size of job updated: 163020
	123  -  MemoryUsage of job (MB)
	125076  -  ResidentSetSize of job (KB)
...
005 (015.399.000) 05/06 03:43:38 Job terminated.
	(1) Normal termination (return value 0)
		Usr 0 00:05:30, Sys 0 00:00:00  -  Run Remote Usage
		Usr 0 00:00:00, Sys 0 00:00:00  -  Run Local Usage
		Usr 0 00:05:30, Sys 0 00:00:00  -  Total Remote Usage
		Usr 0 00:00:00, Sys 0 00:00:00  -  Total Local Usage
	0  -  Run Bytes Sent By Job
	0  -  Run Bytes Received By Job
	0  -  Total Bytes Sent By Job
	0  -  Total Bytes Received By Job
	Partitionable Resources :    Usage  Request          
	   Cpus                 :                 1          
	   Disk (KB)            :     3000     3000          
	   Memory (MB)          :      123      123          
...
