000 (014.405.000) 05/06 03:16:52 Job submitted from host: <128.83.144.69:57854>
...
001 (014.405.000) 05/06 03:18:02 Job executing on host: <128.83.144.198:37426>
...
006 (014.405.000) 05/06 03:18:02 Image size of job updated: 3000
	0  -  MemoryUsage of job (MB)
	0  -  ResidentSetSize of job (KB)
...
005 (014.405.000) 05/06 03:18:04 Job terminated.
	(1) Normal termination (return value 1)
		Usr 0 00:00:00, Sys 0 00:00:00  -  Run Remote Usage
		Usr 0 00:00:00, Sys 0 00:00:00  -  Run Local Usage
		Usr 0 00:00:00, Sys 0 00:00:00  -  Total Remote Usage
		Usr 0 00:00:00, Sys 0 00:00:00  -  Total Local Usage
	0  -  Run Bytes Sent By Job
	0  -  Run Bytes Received By Job
	0  -  Total Bytes Sent By Job
	0  -  Total Bytes Received By Job
	Partitionable Resources :    Usage  Request          
	   Cpus                 :                 1          
	   Disk (KB)            :     3000     3000          
	   Memory (MB)          :        0        0          
...
000 (015.405.000) 05/06 03:25:38 Job submitted from host: <128.83.144.69:57854>
...
001 (015.405.000) 05/06 03:38:06 Job executing on host: <128.83.144.43:49980>
...
006 (015.405.000) 05/06 03:38:14 Image size of job updated: 53924
	18  -  MemoryUsage of job (MB)
	18024  -  ResidentSetSize of job (KB)
...
006 (015.405.000) 05/06 03:43:14 Image size of job updated: 163032
	122  -  MemoryUsage of job (MB)
	124876  -  ResidentSetSize of job (KB)
...
006 (015.405.000) 05/06 03:44:17 Image size of job updated: 163080
	122  -  MemoryUsage of job (MB)
	124876  -  ResidentSetSize of job (KB)
...
005 (015.405.000) 05/06 03:44:17 Job terminated.
	(1) Normal termination (return value 0)
		Usr 0 00:06:02, Sys 0 00:00:00  -  Run Remote Usage
		Usr 0 00:00:00, Sys 0 00:00:00  -  Run Local Usage
		Usr 0 00:06:02, Sys 0 00:00:00  -  Total Remote Usage
		Usr 0 00:00:00, Sys 0 00:00:00  -  Total Local Usage
	0  -  Run Bytes Sent By Job
	0  -  Run Bytes Received By Job
	0  -  Total Bytes Sent By Job
	0  -  Total Bytes Received By Job
	Partitionable Resources :    Usage  Request          
	   Cpus                 :                 1          
	   Disk (KB)            :     3000     3000          
	   Memory (MB)          :      122      122          
...
