000 (014.408.000) 05/06 03:16:52 Job submitted from host: <128.83.144.69:57854>
...
001 (014.408.000) 05/06 03:18:01 Job executing on host: <128.83.120.23:49001>
...
006 (014.408.000) 05/06 03:18:02 Image size of job updated: 68864
	0  -  MemoryUsage of job (MB)
	0  -  ResidentSetSize of job (KB)
...
005 (014.408.000) 05/06 03:18:03 Job terminated.
	(1) Normal termination (return value 1)
		Usr 0 00:00:00, Sys 0 00:00:00  -  Run Remote Usage
		Usr 0 00:00:00, Sys 0 00:00:00  -  Run Local Usage
		Usr 0 00:00:00, Sys 0 00:00:00  -  Total Remote Usage
		Usr 0 00:00:00, Sys 0 00:00:00  -  Total Local Usage
	0  -  Run Bytes Sent By Job
	0  -  Run Bytes Received By Job
	0  -  Total Bytes Sent By Job
	0  -  Total Bytes Received By Job
	Partitionable Resources :    Usage  Request          
	   Cpus                 :                 1          
	   Disk (KB)            :     3000     3000          
	   Memory (MB)          :        0        0          
...
000 (015.408.000) 05/06 03:25:38 Job submitted from host: <128.83.144.69:57854>
...
001 (015.408.000) 05/06 03:38:07 Job executing on host: <128.83.144.61:38929>
...
006 (015.408.000) 05/06 03:38:16 Image size of job updated: 3000
	3  -  MemoryUsage of job (MB)
	2192  -  ResidentSetSize of job (KB)
...
006 (015.408.000) 05/06 03:43:17 Image size of job updated: 163012
	125  -  MemoryUsage of job (MB)
	127136  -  ResidentSetSize of job (KB)
...
005 (015.408.000) 05/06 03:43:41 Job terminated.
	(1) Normal termination (return value 0)
		Usr 0 00:05:27, Sys 0 00:00:00  -  Run Remote Usage
		Usr 0 00:00:00, Sys 0 00:00:00  -  Run Local Usage
		Usr 0 00:05:27, Sys 0 00:00:00  -  Total Remote Usage
		Usr 0 00:00:00, Sys 0 00:00:00  -  Total Local Usage
	0  -  Run Bytes Sent By Job
	0  -  Run Bytes Received By Job
	0  -  Total Bytes Sent By Job
	0  -  Total Bytes Received By Job
	Partitionable Resources :    Usage  Request          
	   Cpus                 :                 1          
	   Disk (KB)            :     3000     3000          
	   Memory (MB)          :      125      125          
...
