000 (014.409.000) 05/06 03:16:52 Job submitted from host: <128.83.144.69:57854>
...
001 (014.409.000) 05/06 03:18:02 Job executing on host: <128.83.120.23:49001>
...
006 (014.409.000) 05/06 03:18:02 Image size of job updated: 44704
	0  -  MemoryUsage of job (MB)
	0  -  ResidentSetSize of job (KB)
...
005 (014.409.000) 05/06 03:18:03 Job terminated.
	(1) Normal termination (return value 1)
		Usr 0 00:00:00, Sys 0 00:00:00  -  Run Remote Usage
		Usr 0 00:00:00, Sys 0 00:00:00  -  Run Local Usage
		Usr 0 00:00:00, Sys 0 00:00:00  -  Total Remote Usage
		Usr 0 00:00:00, Sys 0 00:00:00  -  Total Local Usage
	0  -  Run Bytes Sent By Job
	0  -  Run Bytes Received By Job
	0  -  Total Bytes Sent By Job
	0  -  Total Bytes Received By Job
	Partitionable Resources :    Usage  Request          
	   Cpus                 :                 1          
	   Disk (KB)            :     3000     3000          
	   Memory (MB)          :        0        0          
...
000 (015.409.000) 05/06 03:25:38 Job submitted from host: <128.83.144.69:57854>
...
001 (015.409.000) 05/06 03:38:08 Job executing on host: <128.83.144.60:38089>
...
006 (015.409.000) 05/06 03:38:16 Image size of job updated: 153536
	115  -  MemoryUsage of job (MB)
	117516  -  ResidentSetSize of job (KB)
...
006 (015.409.000) 05/06 03:43:16 Image size of job updated: 161280
	123  -  MemoryUsage of job (MB)
	125488  -  ResidentSetSize of job (KB)
...
006 (015.409.000) 05/06 03:43:52 Image size of job updated: 162812
	123  -  MemoryUsage of job (MB)
	125488  -  ResidentSetSize of job (KB)
...
005 (015.409.000) 05/06 03:43:52 Job terminated.
	(1) Normal termination (return value 0)
		Usr 0 00:05:33, Sys 0 00:00:00  -  Run Remote Usage
		Usr 0 00:00:00, Sys 0 00:00:00  -  Run Local Usage
		Usr 0 00:05:33, Sys 0 00:00:00  -  Total Remote Usage
		Usr 0 00:00:00, Sys 0 00:00:00  -  Total Local Usage
	0  -  Run Bytes Sent By Job
	0  -  Run Bytes Received By Job
	0  -  Total Bytes Sent By Job
	0  -  Total Bytes Received By Job
	Partitionable Resources :    Usage  Request          
	   Cpus                 :                 1          
	   Disk (KB)            :     3000     3000          
	   Memory (MB)          :      123      123          
...
