000 (014.453.000) 05/06 03:16:52 Job submitted from host: <128.83.144.69:57854>
...
001 (014.453.000) 05/06 03:18:04 Job executing on host: <128.83.144.81:46590>
...
006 (014.453.000) 05/06 03:18:04 Image size of job updated: 3000
	0  -  MemoryUsage of job (MB)
	0  -  ResidentSetSize of job (KB)
...
005 (014.453.000) 05/06 03:18:06 Job terminated.
	(1) Normal termination (return value 1)
		Usr 0 00:00:00, Sys 0 00:00:00  -  Run Remote Usage
		Usr 0 00:00:00, Sys 0 00:00:00  -  Run Local Usage
		Usr 0 00:00:00, Sys 0 00:00:00  -  Total Remote Usage
		Usr 0 00:00:00, Sys 0 00:00:00  -  Total Local Usage
	0  -  Run Bytes Sent By Job
	0  -  Run Bytes Received By Job
	0  -  Total Bytes Sent By Job
	0  -  Total Bytes Received By Job
	Partitionable Resources :    Usage  Request          
	   Cpus                 :                 1          
	   Disk (KB)            :     3000     3000          
	   Memory (MB)          :        0        0          
...
000 (015.453.000) 05/06 03:25:38 Job submitted from host: <128.83.144.69:57854>
...
001 (015.453.000) 05/06 03:42:01 Job executing on host: <128.83.144.215:36865>
...
006 (015.453.000) 05/06 03:42:10 Image size of job updated: 135660
	98  -  MemoryUsage of job (MB)
	99832  -  ResidentSetSize of job (KB)
...
006 (015.453.000) 05/06 03:47:10 Image size of job updated: 163228
	98  -  MemoryUsage of job (MB)
	99832  -  ResidentSetSize of job (KB)
...
005 (015.453.000) 05/06 03:47:10 Job terminated.
	(1) Normal termination (return value 0)
		Usr 0 00:05:05, Sys 0 00:00:00  -  Run Remote Usage
		Usr 0 00:00:00, Sys 0 00:00:00  -  Run Local Usage
		Usr 0 00:05:05, Sys 0 00:00:00  -  Total Remote Usage
		Usr 0 00:00:00, Sys 0 00:00:00  -  Total Local Usage
	0  -  Run Bytes Sent By Job
	0  -  Run Bytes Received By Job
	0  -  Total Bytes Sent By Job
	0  -  Total Bytes Received By Job
	Partitionable Resources :    Usage  Request          
	   Cpus                 :                 1          
	   Disk (KB)            :     3000     3000          
	   Memory (MB)          :       98       98          
...
