000 (014.459.000) 05/06 03:16:52 Job submitted from host: <128.83.144.69:57854>
...
001 (014.459.000) 05/06 03:18:05 Job executing on host: <128.83.120.218:33174>
...
006 (014.459.000) 05/06 03:18:06 Image size of job updated: 49840
	0  -  MemoryUsage of job (MB)
	0  -  ResidentSetSize of job (KB)
...
005 (014.459.000) 05/06 03:18:08 Job terminated.
	(1) Normal termination (return value 1)
		Usr 0 00:00:00, Sys 0 00:00:00  -  Run Remote Usage
		Usr 0 00:00:00, Sys 0 00:00:00  -  Run Local Usage
		Usr 0 00:00:00, Sys 0 00:00:00  -  Total Remote Usage
		Usr 0 00:00:00, Sys 0 00:00:00  -  Total Local Usage
	0  -  Run Bytes Sent By Job
	0  -  Run Bytes Received By Job
	0  -  Total Bytes Sent By Job
	0  -  Total Bytes Received By Job
	Partitionable Resources :    Usage  Request          
	   Cpus                 :                 1          
	   Disk (KB)            :     3000     3000          
	   Memory (MB)          :        0        0          
...
000 (015.459.000) 05/06 03:25:38 Job submitted from host: <128.83.144.69:57854>
...
001 (015.459.000) 05/06 03:42:07 Job executing on host: <128.83.144.116:42006>
...
006 (015.459.000) 05/06 03:42:15 Image size of job updated: 153544
	116  -  MemoryUsage of job (MB)
	117780  -  ResidentSetSize of job (KB)
...
006 (015.459.000) 05/06 03:47:15 Image size of job updated: 163216
	125  -  MemoryUsage of job (MB)
	127324  -  ResidentSetSize of job (KB)
...
005 (015.459.000) 05/06 03:47:34 Job terminated.
	(1) Normal termination (return value 0)
		Usr 0 00:05:19, Sys 0 00:00:00  -  Run Remote Usage
		Usr 0 00:00:00, Sys 0 00:00:00  -  Run Local Usage
		Usr 0 00:05:19, Sys 0 00:00:00  -  Total Remote Usage
		Usr 0 00:00:00, Sys 0 00:00:00  -  Total Local Usage
	0  -  Run Bytes Sent By Job
	0  -  Run Bytes Received By Job
	0  -  Total Bytes Sent By Job
	0  -  Total Bytes Received By Job
	Partitionable Resources :    Usage  Request          
	   Cpus                 :                 1          
	   Disk (KB)            :     3000     3000          
	   Memory (MB)          :      125      125          
...
