000 (014.046.000) 05/06 03:16:52 Job submitted from host: <128.83.144.69:57854>
...
001 (014.046.000) 05/06 03:17:40 Job executing on host: <128.83.144.197:60576>
...
006 (014.046.000) 05/06 03:17:40 Image size of job updated: 69752
	0  -  MemoryUsage of job (MB)
	0  -  ResidentSetSize of job (KB)
...
005 (014.046.000) 05/06 03:17:41 Job terminated.
	(1) Normal termination (return value 1)
		Usr 0 00:00:00, Sys 0 00:00:00  -  Run Remote Usage
		Usr 0 00:00:00, Sys 0 00:00:00  -  Run Local Usage
		Usr 0 00:00:00, Sys 0 00:00:00  -  Total Remote Usage
		Usr 0 00:00:00, Sys 0 00:00:00  -  Total Local Usage
	0  -  Run Bytes Sent By Job
	0  -  Run Bytes Received By Job
	0  -  Total Bytes Sent By Job
	0  -  Total Bytes Received By Job
	Partitionable Resources :    Usage  Request          
	   Cpus                 :                 1          
	   Disk (KB)            :     3000     3000          
	   Memory (MB)          :        0        0          
...
000 (015.046.000) 05/06 03:25:38 Job submitted from host: <128.83.144.69:57854>
...
001 (015.046.000) 05/06 03:31:26 Job executing on host: <128.83.144.220:39715>
...
006 (015.046.000) 05/06 03:31:35 Image size of job updated: 156348
	118  -  MemoryUsage of job (MB)
	120424  -  ResidentSetSize of job (KB)
...
006 (015.046.000) 05/06 03:36:23 Image size of job updated: 163180
	118  -  MemoryUsage of job (MB)
	120424  -  ResidentSetSize of job (KB)
...
005 (015.046.000) 05/06 03:36:23 Job terminated.
	(1) Normal termination (return value 0)
		Usr 0 00:04:55, Sys 0 00:00:00  -  Run Remote Usage
		Usr 0 00:00:00, Sys 0 00:00:00  -  Run Local Usage
		Usr 0 00:04:55, Sys 0 00:00:00  -  Total Remote Usage
		Usr 0 00:00:00, Sys 0 00:00:00  -  Total Local Usage
	0  -  Run Bytes Sent By Job
	0  -  Run Bytes Received By Job
	0  -  Total Bytes Sent By Job
	0  -  Total Bytes Received By Job
	Partitionable Resources :    Usage  Request          
	   Cpus                 :                 1          
	   Disk (KB)            :     3000     3000          
	   Memory (MB)          :      118      118          
...
