000 (014.467.000) 05/06 03:16:52 Job submitted from host: <128.83.144.69:57854>
...
001 (014.467.000) 05/06 03:18:05 Job executing on host: <128.83.120.23:49001>
...
006 (014.467.000) 05/06 03:18:05 Image size of job updated: 3000
	0  -  MemoryUsage of job (MB)
	0  -  ResidentSetSize of job (KB)
...
005 (014.467.000) 05/06 03:18:07 Job terminated.
	(1) Normal termination (return value 1)
		Usr 0 00:00:00, Sys 0 00:00:00  -  Run Remote Usage
		Usr 0 00:00:00, Sys 0 00:00:00  -  Run Local Usage
		Usr 0 00:00:00, Sys 0 00:00:00  -  Total Remote Usage
		Usr 0 00:00:00, Sys 0 00:00:00  -  Total Local Usage
	0  -  Run Bytes Sent By Job
	0  -  Run Bytes Received By Job
	0  -  Total Bytes Sent By Job
	0  -  Total Bytes Received By Job
	Partitionable Resources :    Usage  Request          
	   Cpus                 :                 1          
	   Disk (KB)            :     3000     3000          
	   Memory (MB)          :        0        0          
...
000 (015.467.000) 05/06 03:25:38 Job submitted from host: <128.83.144.69:57854>
...
001 (015.467.000) 05/06 03:42:14 Job executing on host: <128.83.144.161:46492>
...
006 (015.467.000) 05/06 03:42:23 Image size of job updated: 3000
	3  -  MemoryUsage of job (MB)
	2180  -  ResidentSetSize of job (KB)
...
006 (015.467.000) 05/06 03:47:07 Image size of job updated: 163092
	3  -  MemoryUsage of job (MB)
	2180  -  ResidentSetSize of job (KB)
...
005 (015.467.000) 05/06 03:47:07 Job terminated.
	(1) Normal termination (return value 0)
		Usr 0 00:04:40, Sys 0 00:00:00  -  Run Remote Usage
		Usr 0 00:00:00, Sys 0 00:00:00  -  Run Local Usage
		Usr 0 00:04:40, Sys 0 00:00:00  -  Total Remote Usage
		Usr 0 00:00:00, Sys 0 00:00:00  -  Total Local Usage
	0  -  Run Bytes Sent By Job
	0  -  Run Bytes Received By Job
	0  -  Total Bytes Sent By Job
	0  -  Total Bytes Received By Job
	Partitionable Resources :    Usage  Request          
	   Cpus                 :                 1          
	   Disk (KB)            :     3000     3000          
	   Memory (MB)          :        3        3          
...
