000 (014.480.000) 05/06 03:16:52 Job submitted from host: <128.83.144.69:57854>
...
001 (014.480.000) 05/06 03:18:06 Job executing on host: <128.83.144.66:36303>
...
006 (014.480.000) 05/06 03:18:06 Image size of job updated: 52600
	0  -  MemoryUsage of job (MB)
	0  -  ResidentSetSize of job (KB)
...
005 (014.480.000) 05/06 03:18:07 Job terminated.
	(1) Normal termination (return value 1)
		Usr 0 00:00:00, Sys 0 00:00:00  -  Run Remote Usage
		Usr 0 00:00:00, Sys 0 00:00:00  -  Run Local Usage
		Usr 0 00:00:00, Sys 0 00:00:00  -  Total Remote Usage
		Usr 0 00:00:00, Sys 0 00:00:00  -  Total Local Usage
	0  -  Run Bytes Sent By Job
	0  -  Run Bytes Received By Job
	0  -  Total Bytes Sent By Job
	0  -  Total Bytes Received By Job
	Partitionable Resources :    Usage  Request          
	   Cpus                 :                 1          
	   Disk (KB)            :     3000     3000          
	   Memory (MB)          :        0        0          
...
000 (015.480.000) 05/06 03:25:38 Job submitted from host: <128.83.144.69:57854>
...
001 (015.480.000) 05/06 03:42:25 Job executing on host: <128.83.144.69:54873>
...
006 (015.480.000) 05/06 03:42:34 Image size of job updated: 83924
	47  -  MemoryUsage of job (MB)
	47800  -  ResidentSetSize of job (KB)
...
006 (015.480.000) 05/06 03:47:35 Image size of job updated: 163120
	124  -  MemoryUsage of job (MB)
	126836  -  ResidentSetSize of job (KB)
...
005 (015.480.000) 05/06 03:50:33 Job terminated.
	(1) Normal termination (return value 0)
		Usr 0 00:08:01, Sys 0 00:00:00  -  Run Remote Usage
		Usr 0 00:00:00, Sys 0 00:00:00  -  Run Local Usage
		Usr 0 00:08:01, Sys 0 00:00:00  -  Total Remote Usage
		Usr 0 00:00:00, Sys 0 00:00:00  -  Total Local Usage
	0  -  Run Bytes Sent By Job
	0  -  Run Bytes Received By Job
	0  -  Total Bytes Sent By Job
	0  -  Total Bytes Received By Job
	Partitionable Resources :    Usage  Request          
	   Cpus                 :                 1          
	   Disk (KB)            :     3000     3000          
	   Memory (MB)          :      124      124          
...
