000 (014.483.000) 05/06 03:16:52 Job submitted from host: <128.83.144.69:57854>
...
001 (014.483.000) 05/06 03:18:06 Job executing on host: <128.83.144.179:42973>
...
006 (014.483.000) 05/06 03:18:06 Image size of job updated: 3000
	0  -  MemoryUsage of job (MB)
	0  -  ResidentSetSize of job (KB)
...
005 (014.483.000) 05/06 03:18:07 Job terminated.
	(1) Normal termination (return value 1)
		Usr 0 00:00:00, Sys 0 00:00:00  -  Run Remote Usage
		Usr 0 00:00:00, Sys 0 00:00:00  -  Run Local Usage
		Usr 0 00:00:00, Sys 0 00:00:00  -  Total Remote Usage
		Usr 0 00:00:00, Sys 0 00:00:00  -  Total Local Usage
	0  -  Run Bytes Sent By Job
	0  -  Run Bytes Received By Job
	0  -  Total Bytes Sent By Job
	0  -  Total Bytes Received By Job
	Partitionable Resources :    Usage  Request          
	   Cpus                 :                 1          
	   Disk (KB)            :     3000     3000          
	   Memory (MB)          :        0        0          
...
000 (015.483.000) 05/06 03:25:38 Job submitted from host: <128.83.144.69:57854>
...
001 (015.483.000) 05/06 03:42:27 Job executing on host: <128.83.130.22:57588>
...
006 (015.483.000) 05/06 03:42:35 Image size of job updated: 3000
	3  -  MemoryUsage of job (MB)
	2180  -  ResidentSetSize of job (KB)
...
006 (015.483.000) 05/06 03:47:35 Image size of job updated: 163084
	124  -  MemoryUsage of job (MB)
	126712  -  ResidentSetSize of job (KB)
...
005 (015.483.000) 05/06 03:47:49 Job terminated.
	(1) Normal termination (return value 0)
		Usr 0 00:05:12, Sys 0 00:00:00  -  Run Remote Usage
		Usr 0 00:00:00, Sys 0 00:00:00  -  Run Local Usage
		Usr 0 00:05:12, Sys 0 00:00:00  -  Total Remote Usage
		Usr 0 00:00:00, Sys 0 00:00:00  -  Total Local Usage
	0  -  Run Bytes Sent By Job
	0  -  Run Bytes Received By Job
	0  -  Total Bytes Sent By Job
	0  -  Total Bytes Received By Job
	Partitionable Resources :    Usage  Request          
	   Cpus                 :                 1          
	   Disk (KB)            :     3000     3000          
	   Memory (MB)          :      124      124          
...
