000 (014.500.000) 05/06 03:16:53 Job submitted from host: <128.83.144.69:57854>
...
001 (014.500.000) 05/06 03:18:06 Job executing on host: <128.83.130.18:36609>
...
006 (014.500.000) 05/06 03:18:07 Image size of job updated: 3000
	0  -  MemoryUsage of job (MB)
	0  -  ResidentSetSize of job (KB)
...
005 (014.500.000) 05/06 03:18:08 Job terminated.
	(1) Normal termination (return value 1)
		Usr 0 00:00:00, Sys 0 00:00:00  -  Run Remote Usage
		Usr 0 00:00:00, Sys 0 00:00:00  -  Run Local Usage
		Usr 0 00:00:00, Sys 0 00:00:00  -  Total Remote Usage
		Usr 0 00:00:00, Sys 0 00:00:00  -  Total Local Usage
	0  -  Run Bytes Sent By Job
	0  -  Run Bytes Received By Job
	0  -  Total Bytes Sent By Job
	0  -  Total Bytes Received By Job
	Partitionable Resources :    Usage  Request          
	   Cpus                 :                 1          
	   Disk (KB)            :     3000     3000          
	   Memory (MB)          :        0        0          
...
000 (015.500.000) 05/06 03:25:38 Job submitted from host: <128.83.144.69:57854>
...
001 (015.500.000) 05/06 03:42:52 Job executing on host: <128.83.144.169:35204>
...
006 (015.500.000) 05/06 03:43:01 Image size of job updated: 139952
	102  -  MemoryUsage of job (MB)
	103792  -  ResidentSetSize of job (KB)
...
006 (015.500.000) 05/06 03:48:02 Image size of job updated: 163084
	123  -  MemoryUsage of job (MB)
	125204  -  ResidentSetSize of job (KB)
...
005 (015.500.000) 05/06 03:48:11 Job terminated.
	(1) Normal termination (return value 0)
		Usr 0 00:05:17, Sys 0 00:00:00  -  Run Remote Usage
		Usr 0 00:00:00, Sys 0 00:00:00  -  Run Local Usage
		Usr 0 00:05:17, Sys 0 00:00:00  -  Total Remote Usage
		Usr 0 00:00:00, Sys 0 00:00:00  -  Total Local Usage
	0  -  Run Bytes Sent By Job
	0  -  Run Bytes Received By Job
	0  -  Total Bytes Sent By Job
	0  -  Total Bytes Received By Job
	Partitionable Resources :    Usage  Request          
	   Cpus                 :                 1          
	   Disk (KB)            :     3000     3000          
	   Memory (MB)          :      123      123          
...
