000 (014.506.000) 05/06 03:16:53 Job submitted from host: <128.83.144.69:57854>
...
001 (014.506.000) 05/06 03:18:07 Job executing on host: <128.83.144.145:34529>
...
006 (014.506.000) 05/06 03:18:07 Image size of job updated: 3000
	0  -  MemoryUsage of job (MB)
	0  -  ResidentSetSize of job (KB)
...
005 (014.506.000) 05/06 03:18:09 Job terminated.
	(1) Normal termination (return value 1)
		Usr 0 00:00:00, Sys 0 00:00:00  -  Run Remote Usage
		Usr 0 00:00:00, Sys 0 00:00:00  -  Run Local Usage
		Usr 0 00:00:00, Sys 0 00:00:00  -  Total Remote Usage
		Usr 0 00:00:00, Sys 0 00:00:00  -  Total Local Usage
	0  -  Run Bytes Sent By Job
	0  -  Run Bytes Received By Job
	0  -  Total Bytes Sent By Job
	0  -  Total Bytes Received By Job
	Partitionable Resources :    Usage  Request          
	   Cpus                 :                 1          
	   Disk (KB)            :     3000     3000          
	   Memory (MB)          :        0        0          
...
000 (015.506.000) 05/06 03:25:38 Job submitted from host: <128.83.144.69:57854>
...
001 (015.506.000) 05/06 03:42:55 Job executing on host: <128.83.144.248:43693>
...
006 (015.506.000) 05/06 03:43:04 Image size of job updated: 81360
	45  -  MemoryUsage of job (MB)
	45712  -  ResidentSetSize of job (KB)
...
006 (015.506.000) 05/06 03:48:05 Image size of job updated: 163140
	123  -  MemoryUsage of job (MB)
	125312  -  ResidentSetSize of job (KB)
...
005 (015.506.000) 05/06 03:48:17 Job terminated.
	(1) Normal termination (return value 0)
		Usr 0 00:05:14, Sys 0 00:00:00  -  Run Remote Usage
		Usr 0 00:00:00, Sys 0 00:00:00  -  Run Local Usage
		Usr 0 00:05:14, Sys 0 00:00:00  -  Total Remote Usage
		Usr 0 00:00:00, Sys 0 00:00:00  -  Total Local Usage
	0  -  Run Bytes Sent By Job
	0  -  Run Bytes Received By Job
	0  -  Total Bytes Sent By Job
	0  -  Total Bytes Received By Job
	Partitionable Resources :    Usage  Request          
	   Cpus                 :                 1          
	   Disk (KB)            :     3000     3000          
	   Memory (MB)          :      123      123          
...
