000 (014.509.000) 05/06 03:16:53 Job submitted from host: <128.83.144.69:57854>
...
001 (014.509.000) 05/06 03:18:07 Job executing on host: <128.83.130.18:36609>
...
006 (014.509.000) 05/06 03:18:07 Image size of job updated: 3000
	0  -  MemoryUsage of job (MB)
	0  -  ResidentSetSize of job (KB)
...
005 (014.509.000) 05/06 03:18:09 Job terminated.
	(1) Normal termination (return value 1)
		Usr 0 00:00:00, Sys 0 00:00:00  -  Run Remote Usage
		Usr 0 00:00:00, Sys 0 00:00:00  -  Run Local Usage
		Usr 0 00:00:00, Sys 0 00:00:00  -  Total Remote Usage
		Usr 0 00:00:00, Sys 0 00:00:00  -  Total Local Usage
	0  -  Run Bytes Sent By Job
	0  -  Run Bytes Received By Job
	0  -  Total Bytes Sent By Job
	0  -  Total Bytes Received By Job
	Partitionable Resources :    Usage  Request          
	   Cpus                 :                 1          
	   Disk (KB)            :     3000     3000          
	   Memory (MB)          :        0        0          
...
000 (015.509.000) 05/06 03:25:38 Job submitted from host: <128.83.144.69:57854>
...
001 (015.509.000) 05/06 03:42:57 Job executing on host: <128.83.144.197:60576>
...
006 (015.509.000) 05/06 03:43:06 Image size of job updated: 156332
	118  -  MemoryUsage of job (MB)
	120424  -  ResidentSetSize of job (KB)
...
006 (015.509.000) 05/06 03:48:07 Image size of job updated: 162960
	125  -  MemoryUsage of job (MB)
	127332  -  ResidentSetSize of job (KB)
...
005 (015.509.000) 05/06 03:48:36 Job terminated.
	(1) Normal termination (return value 0)
		Usr 0 00:05:34, Sys 0 00:00:00  -  Run Remote Usage
		Usr 0 00:00:00, Sys 0 00:00:00  -  Run Local Usage
		Usr 0 00:05:34, Sys 0 00:00:00  -  Total Remote Usage
		Usr 0 00:00:00, Sys 0 00:00:00  -  Total Local Usage
	0  -  Run Bytes Sent By Job
	0  -  Run Bytes Received By Job
	0  -  Total Bytes Sent By Job
	0  -  Total Bytes Received By Job
	Partitionable Resources :    Usage  Request          
	   Cpus                 :                 1          
	   Disk (KB)            :     3000     3000          
	   Memory (MB)          :      125      125          
...
