000 (014.535.000) 05/06 03:16:53 Job submitted from host: <128.83.144.69:57854>
...
001 (014.535.000) 05/06 03:18:10 Job executing on host: <128.83.144.191:52037>
...
006 (014.535.000) 05/06 03:18:10 Image size of job updated: 59500
	0  -  MemoryUsage of job (MB)
	0  -  ResidentSetSize of job (KB)
...
005 (014.535.000) 05/06 03:18:13 Job terminated.
	(1) Normal termination (return value 1)
		Usr 0 00:00:00, Sys 0 00:00:00  -  Run Remote Usage
		Usr 0 00:00:00, Sys 0 00:00:00  -  Run Local Usage
		Usr 0 00:00:00, Sys 0 00:00:00  -  Total Remote Usage
		Usr 0 00:00:00, Sys 0 00:00:00  -  Total Local Usage
	0  -  Run Bytes Sent By Job
	0  -  Run Bytes Received By Job
	0  -  Total Bytes Sent By Job
	0  -  Total Bytes Received By Job
	Partitionable Resources :    Usage  Request          
	   Cpus                 :                 1          
	   Disk (KB)            :     3000     3000          
	   Memory (MB)          :        0        0          
...
000 (015.535.000) 05/06 03:25:38 Job submitted from host: <128.83.144.69:57854>
...
001 (015.535.000) 05/06 03:43:37 Job executing on host: <128.83.130.112:36942>
...
006 (015.535.000) 05/06 03:43:46 Image size of job updated: 153540
	116  -  MemoryUsage of job (MB)
	117784  -  ResidentSetSize of job (KB)
...
006 (015.535.000) 05/06 03:48:47 Image size of job updated: 162800
	123  -  MemoryUsage of job (MB)
	125896  -  ResidentSetSize of job (KB)
...
005 (015.535.000) 05/06 03:48:47 Job terminated.
	(1) Normal termination (return value 0)
		Usr 0 00:05:02, Sys 0 00:00:00  -  Run Remote Usage
		Usr 0 00:00:00, Sys 0 00:00:00  -  Run Local Usage
		Usr 0 00:05:02, Sys 0 00:00:00  -  Total Remote Usage
		Usr 0 00:00:00, Sys 0 00:00:00  -  Total Local Usage
	0  -  Run Bytes Sent By Job
	0  -  Run Bytes Received By Job
	0  -  Total Bytes Sent By Job
	0  -  Total Bytes Received By Job
	Partitionable Resources :    Usage  Request          
	   Cpus                 :                 1          
	   Disk (KB)            :     3000     3000          
	   Memory (MB)          :      123      123          
...
