000 (014.547.000) 05/06 03:16:53 Job submitted from host: <128.83.144.69:57854>
...
001 (014.547.000) 05/06 03:18:09 Job executing on host: <128.83.144.179:42973>
...
006 (014.547.000) 05/06 03:18:09 Image size of job updated: 3000
	0  -  MemoryUsage of job (MB)
	0  -  ResidentSetSize of job (KB)
...
005 (014.547.000) 05/06 03:18:11 Job terminated.
	(1) Normal termination (return value 1)
		Usr 0 00:00:00, Sys 0 00:00:00  -  Run Remote Usage
		Usr 0 00:00:00, Sys 0 00:00:00  -  Run Local Usage
		Usr 0 00:00:00, Sys 0 00:00:00  -  Total Remote Usage
		Usr 0 00:00:00, Sys 0 00:00:00  -  Total Local Usage
	0  -  Run Bytes Sent By Job
	0  -  Run Bytes Received By Job
	0  -  Total Bytes Sent By Job
	0  -  Total Bytes Received By Job
	Partitionable Resources :    Usage  Request          
	   Cpus                 :                 1          
	   Disk (KB)            :     3000     3000          
	   Memory (MB)          :        0        0          
...
000 (015.547.000) 05/06 03:25:38 Job submitted from host: <128.83.144.69:57854>
...
001 (015.547.000) 05/06 03:43:49 Job executing on host: <128.83.144.85:59652>
...
006 (015.547.000) 05/06 03:43:58 Image size of job updated: 156388
	118  -  MemoryUsage of job (MB)
	120416  -  ResidentSetSize of job (KB)
...
006 (015.547.000) 05/06 03:48:59 Image size of job updated: 163084
	123  -  MemoryUsage of job (MB)
	125332  -  ResidentSetSize of job (KB)
...
005 (015.547.000) 05/06 03:49:17 Job terminated.
	(1) Normal termination (return value 0)
		Usr 0 00:05:20, Sys 0 00:00:00  -  Run Remote Usage
		Usr 0 00:00:00, Sys 0 00:00:00  -  Run Local Usage
		Usr 0 00:05:20, Sys 0 00:00:00  -  Total Remote Usage
		Usr 0 00:00:00, Sys 0 00:00:00  -  Total Local Usage
	0  -  Run Bytes Sent By Job
	0  -  Run Bytes Received By Job
	0  -  Total Bytes Sent By Job
	0  -  Total Bytes Received By Job
	Partitionable Resources :    Usage  Request          
	   Cpus                 :                 1          
	   Disk (KB)            :     3000     3000          
	   Memory (MB)          :      123      123          
...
