000 (014.550.000) 05/06 03:16:53 Job submitted from host: <128.83.144.69:57854>
...
001 (014.550.000) 05/06 03:18:10 Job executing on host: <128.83.144.133:43747>
...
006 (014.550.000) 05/06 03:18:10 Image size of job updated: 59952
	0  -  MemoryUsage of job (MB)
	0  -  ResidentSetSize of job (KB)
...
005 (014.550.000) 05/06 03:18:12 Job terminated.
	(1) Normal termination (return value 1)
		Usr 0 00:00:00, Sys 0 00:00:00  -  Run Remote Usage
		Usr 0 00:00:00, Sys 0 00:00:00  -  Run Local Usage
		Usr 0 00:00:00, Sys 0 00:00:00  -  Total Remote Usage
		Usr 0 00:00:00, Sys 0 00:00:00  -  Total Local Usage
	0  -  Run Bytes Sent By Job
	0  -  Run Bytes Received By Job
	0  -  Total Bytes Sent By Job
	0  -  Total Bytes Received By Job
	Partitionable Resources :    Usage  Request          
	   Cpus                 :                 1          
	   Disk (KB)            :     3000     3000          
	   Memory (MB)          :        0        0          
...
000 (015.550.000) 05/06 03:25:38 Job submitted from host: <128.83.144.69:57854>
...
001 (015.550.000) 05/06 03:43:52 Job executing on host: <128.83.144.60:38089>
...
006 (015.550.000) 05/06 03:44:00 Image size of job updated: 153536
	116  -  MemoryUsage of job (MB)
	117780  -  ResidentSetSize of job (KB)
...
006 (015.550.000) 05/06 03:49:00 Image size of job updated: 163132
	125  -  MemoryUsage of job (MB)
	127400  -  ResidentSetSize of job (KB)
...
005 (015.550.000) 05/06 03:49:46 Job terminated.
	(1) Normal termination (return value 0)
		Usr 0 00:05:51, Sys 0 00:00:00  -  Run Remote Usage
		Usr 0 00:00:00, Sys 0 00:00:00  -  Run Local Usage
		Usr 0 00:05:51, Sys 0 00:00:00  -  Total Remote Usage
		Usr 0 00:00:00, Sys 0 00:00:00  -  Total Local Usage
	0  -  Run Bytes Sent By Job
	0  -  Run Bytes Received By Job
	0  -  Total Bytes Sent By Job
	0  -  Total Bytes Received By Job
	Partitionable Resources :    Usage  Request          
	   Cpus                 :                 1          
	   Disk (KB)            :     3000     3000          
	   Memory (MB)          :      125      125          
...
