000 (014.585.000) 05/06 03:16:53 Job submitted from host: <128.83.144.69:57854>
...
001 (014.585.000) 05/06 03:18:12 Job executing on host: <128.83.144.220:39715>
...
006 (014.585.000) 05/06 03:18:12 Image size of job updated: 3000
	0  -  MemoryUsage of job (MB)
	0  -  ResidentSetSize of job (KB)
...
005 (014.585.000) 05/06 03:18:14 Job terminated.
	(1) Normal termination (return value 1)
		Usr 0 00:00:00, Sys 0 00:00:00  -  Run Remote Usage
		Usr 0 00:00:00, Sys 0 00:00:00  -  Run Local Usage
		Usr 0 00:00:00, Sys 0 00:00:00  -  Total Remote Usage
		Usr 0 00:00:00, Sys 0 00:00:00  -  Total Local Usage
	0  -  Run Bytes Sent By Job
	0  -  Run Bytes Received By Job
	0  -  Total Bytes Sent By Job
	0  -  Total Bytes Received By Job
	Partitionable Resources :    Usage  Request          
	   Cpus                 :                 1          
	   Disk (KB)            :     3000     3000          
	   Memory (MB)          :        0        0          
...
000 (015.585.000) 05/06 03:25:38 Job submitted from host: <128.83.144.69:57854>
...
001 (015.585.000) 05/06 03:45:56 Job executing on host: <128.83.144.196:60948>
...
006 (015.585.000) 05/06 03:46:04 Image size of job updated: 139548
	102  -  MemoryUsage of job (MB)
	103524  -  ResidentSetSize of job (KB)
...
006 (015.585.000) 05/06 03:51:05 Image size of job updated: 163192
	124  -  MemoryUsage of job (MB)
	126220  -  ResidentSetSize of job (KB)
...
005 (015.585.000) 05/06 03:51:56 Job terminated.
	(1) Normal termination (return value 0)
		Usr 0 00:05:47, Sys 0 00:00:00  -  Run Remote Usage
		Usr 0 00:00:00, Sys 0 00:00:00  -  Run Local Usage
		Usr 0 00:05:47, Sys 0 00:00:00  -  Total Remote Usage
		Usr 0 00:00:00, Sys 0 00:00:00  -  Total Local Usage
	0  -  Run Bytes Sent By Job
	0  -  Run Bytes Received By Job
	0  -  Total Bytes Sent By Job
	0  -  Total Bytes Received By Job
	Partitionable Resources :    Usage  Request          
	   Cpus                 :                 1          
	   Disk (KB)            :     3000     3000          
	   Memory (MB)          :      124      124          
...
