000 (014.591.000) 05/06 03:16:53 Job submitted from host: <128.83.144.69:57854>
...
001 (014.591.000) 05/06 03:18:12 Job executing on host: <128.83.144.69:54873>
...
006 (014.591.000) 05/06 03:18:12 Image size of job updated: 3000
	0  -  MemoryUsage of job (MB)
	0  -  ResidentSetSize of job (KB)
...
005 (014.591.000) 05/06 03:18:14 Job terminated.
	(1) Normal termination (return value 1)
		Usr 0 00:00:00, Sys 0 00:00:00  -  Run Remote Usage
		Usr 0 00:00:00, Sys 0 00:00:00  -  Run Local Usage
		Usr 0 00:00:00, Sys 0 00:00:00  -  Total Remote Usage
		Usr 0 00:00:00, Sys 0 00:00:00  -  Total Local Usage
	0  -  Run Bytes Sent By Job
	0  -  Run Bytes Received By Job
	0  -  Total Bytes Sent By Job
	0  -  Total Bytes Received By Job
	Partitionable Resources :    Usage  Request          
	   Cpus                 :                 1          
	   Disk (KB)            :     3000     3000          
	   Memory (MB)          :        0        0          
...
000 (015.591.000) 05/06 03:25:38 Job submitted from host: <128.83.144.69:57854>
...
001 (015.591.000) 05/06 03:46:31 Job executing on host: <128.83.144.12:59325>
...
006 (015.591.000) 05/06 03:46:40 Image size of job updated: 3000
	3  -  MemoryUsage of job (MB)
	2184  -  ResidentSetSize of job (KB)
...
006 (015.591.000) 05/06 03:51:41 Image size of job updated: 162976
	123  -  MemoryUsage of job (MB)
	125248  -  ResidentSetSize of job (KB)
...
005 (015.591.000) 05/06 03:57:21 Job terminated.
	(1) Normal termination (return value 0)
		Usr 0 00:10:43, Sys 0 00:00:00  -  Run Remote Usage
		Usr 0 00:00:00, Sys 0 00:00:00  -  Run Local Usage
		Usr 0 00:10:43, Sys 0 00:00:00  -  Total Remote Usage
		Usr 0 00:00:00, Sys 0 00:00:00  -  Total Local Usage
	0  -  Run Bytes Sent By Job
	0  -  Run Bytes Received By Job
	0  -  Total Bytes Sent By Job
	0  -  Total Bytes Received By Job
	Partitionable Resources :    Usage  Request          
	   Cpus                 :                 1          
	   Disk (KB)            :     3000     3000          
	   Memory (MB)          :      123      123          
...
