000 (014.593.000) 05/06 03:16:53 Job submitted from host: <128.83.144.69:57854>
...
001 (014.593.000) 05/06 03:18:12 Job executing on host: <128.83.144.197:60576>
...
006 (014.593.000) 05/06 03:18:12 Image size of job updated: 59504
	0  -  MemoryUsage of job (MB)
	0  -  ResidentSetSize of job (KB)
...
005 (014.593.000) 05/06 03:18:14 Job terminated.
	(1) Normal termination (return value 1)
		Usr 0 00:00:00, Sys 0 00:00:00  -  Run Remote Usage
		Usr 0 00:00:00, Sys 0 00:00:00  -  Run Local Usage
		Usr 0 00:00:00, Sys 0 00:00:00  -  Total Remote Usage
		Usr 0 00:00:00, Sys 0 00:00:00  -  Total Local Usage
	0  -  Run Bytes Sent By Job
	0  -  Run Bytes Received By Job
	0  -  Total Bytes Sent By Job
	0  -  Total Bytes Received By Job
	Partitionable Resources :    Usage  Request          
	   Cpus                 :                 1          
	   Disk (KB)            :     3000     3000          
	   Memory (MB)          :        0        0          
...
000 (015.593.000) 05/06 03:25:38 Job submitted from host: <128.83.144.69:57854>
...
001 (015.593.000) 05/06 03:46:37 Job executing on host: <128.83.144.198:37426>
...
006 (015.593.000) 05/06 03:46:46 Image size of job updated: 3000
	3  -  MemoryUsage of job (MB)
	2176  -  ResidentSetSize of job (KB)
...
006 (015.593.000) 05/06 03:51:37 Image size of job updated: 163156
	3  -  MemoryUsage of job (MB)
	2176  -  ResidentSetSize of job (KB)
...
005 (015.593.000) 05/06 03:51:37 Job terminated.
	(1) Normal termination (return value 0)
		Usr 0 00:04:58, Sys 0 00:00:00  -  Run Remote Usage
		Usr 0 00:00:00, Sys 0 00:00:00  -  Run Local Usage
		Usr 0 00:04:58, Sys 0 00:00:00  -  Total Remote Usage
		Usr 0 00:00:00, Sys 0 00:00:00  -  Total Local Usage
	0  -  Run Bytes Sent By Job
	0  -  Run Bytes Received By Job
	0  -  Total Bytes Sent By Job
	0  -  Total Bytes Received By Job
	Partitionable Resources :    Usage  Request          
	   Cpus                 :                 1          
	   Disk (KB)            :     3000     3000          
	   Memory (MB)          :        3        3          
...
