000 (014.594.000) 05/06 03:16:53 Job submitted from host: <128.83.144.69:57854>
...
001 (014.594.000) 05/06 03:18:12 Job executing on host: <128.83.144.197:60576>
...
006 (014.594.000) 05/06 03:18:12 Image size of job updated: 3000
	0  -  MemoryUsage of job (MB)
	0  -  ResidentSetSize of job (KB)
...
005 (014.594.000) 05/06 03:18:14 Job terminated.
	(1) Normal termination (return value 1)
		Usr 0 00:00:00, Sys 0 00:00:00  -  Run Remote Usage
		Usr 0 00:00:00, Sys 0 00:00:00  -  Run Local Usage
		Usr 0 00:00:00, Sys 0 00:00:00  -  Total Remote Usage
		Usr 0 00:00:00, Sys 0 00:00:00  -  Total Local Usage
	0  -  Run Bytes Sent By Job
	0  -  Run Bytes Received By Job
	0  -  Total Bytes Sent By Job
	0  -  Total Bytes Received By Job
	Partitionable Resources :    Usage  Request          
	   Cpus                 :                 1          
	   Disk (KB)            :     3000     3000          
	   Memory (MB)          :        0        0          
...
000 (015.594.000) 05/06 03:25:38 Job submitted from host: <128.83.144.69:57854>
...
001 (015.594.000) 05/06 03:46:44 Job executing on host: <128.83.144.122:56826>
...
006 (015.594.000) 05/06 03:46:53 Image size of job updated: 121364
	84  -  MemoryUsage of job (MB)
	85576  -  ResidentSetSize of job (KB)
...
006 (015.594.000) 05/06 03:51:54 Image size of job updated: 163100
	125  -  MemoryUsage of job (MB)
	127208  -  ResidentSetSize of job (KB)
...
005 (015.594.000) 05/06 03:52:13 Job terminated.
	(1) Normal termination (return value 0)
		Usr 0 00:05:26, Sys 0 00:00:00  -  Run Remote Usage
		Usr 0 00:00:00, Sys 0 00:00:00  -  Run Local Usage
		Usr 0 00:05:26, Sys 0 00:00:00  -  Total Remote Usage
		Usr 0 00:00:00, Sys 0 00:00:00  -  Total Local Usage
	0  -  Run Bytes Sent By Job
	0  -  Run Bytes Received By Job
	0  -  Total Bytes Sent By Job
	0  -  Total Bytes Received By Job
	Partitionable Resources :    Usage  Request          
	   Cpus                 :                 1          
	   Disk (KB)            :     3000     3000          
	   Memory (MB)          :      125      125          
...
