000 (014.598.000) 05/06 03:16:53 Job submitted from host: <128.83.144.69:57854>
...
001 (014.598.000) 05/06 03:18:12 Job executing on host: <128.83.120.23:49001>
...
006 (014.598.000) 05/06 03:18:13 Image size of job updated: 50372
	0  -  MemoryUsage of job (MB)
	0  -  ResidentSetSize of job (KB)
...
005 (014.598.000) 05/06 03:18:15 Job terminated.
	(1) Normal termination (return value 1)
		Usr 0 00:00:00, Sys 0 00:00:00  -  Run Remote Usage
		Usr 0 00:00:00, Sys 0 00:00:00  -  Run Local Usage
		Usr 0 00:00:00, Sys 0 00:00:00  -  Total Remote Usage
		Usr 0 00:00:00, Sys 0 00:00:00  -  Total Local Usage
	0  -  Run Bytes Sent By Job
	0  -  Run Bytes Received By Job
	0  -  Total Bytes Sent By Job
	0  -  Total Bytes Received By Job
	Partitionable Resources :    Usage  Request          
	   Cpus                 :                 1          
	   Disk (KB)            :     3000     3000          
	   Memory (MB)          :        0        0          
...
000 (015.598.000) 05/06 03:25:38 Job submitted from host: <128.83.144.69:57854>
...
001 (015.598.000) 05/06 03:46:54 Job executing on host: <128.83.120.146:36214>
...
006 (015.598.000) 05/06 03:47:02 Image size of job updated: 156432
	118  -  MemoryUsage of job (MB)
	120424  -  ResidentSetSize of job (KB)
...
006 (015.598.000) 05/06 03:52:02 Image size of job updated: 163028
	123  -  MemoryUsage of job (MB)
	125476  -  ResidentSetSize of job (KB)
...
005 (015.598.000) 05/06 03:52:08 Job terminated.
	(1) Normal termination (return value 0)
		Usr 0 00:05:06, Sys 0 00:00:00  -  Run Remote Usage
		Usr 0 00:00:00, Sys 0 00:00:00  -  Run Local Usage
		Usr 0 00:05:06, Sys 0 00:00:00  -  Total Remote Usage
		Usr 0 00:00:00, Sys 0 00:00:00  -  Total Local Usage
	0  -  Run Bytes Sent By Job
	0  -  Run Bytes Received By Job
	0  -  Total Bytes Sent By Job
	0  -  Total Bytes Received By Job
	Partitionable Resources :    Usage  Request          
	   Cpus                 :                 1          
	   Disk (KB)            :     3000     3000          
	   Memory (MB)          :      123      123          
...
