000 (014.606.000) 05/06 03:16:53 Job submitted from host: <128.83.144.69:57854>
...
001 (014.606.000) 05/06 03:18:13 Job executing on host: <128.83.144.122:56826>
...
006 (014.606.000) 05/06 03:18:13 Image size of job updated: 3000
	0  -  MemoryUsage of job (MB)
	0  -  ResidentSetSize of job (KB)
...
005 (014.606.000) 05/06 03:18:15 Job terminated.
	(1) Normal termination (return value 1)
		Usr 0 00:00:00, Sys 0 00:00:00  -  Run Remote Usage
		Usr 0 00:00:00, Sys 0 00:00:00  -  Run Local Usage
		Usr 0 00:00:00, Sys 0 00:00:00  -  Total Remote Usage
		Usr 0 00:00:00, Sys 0 00:00:00  -  Total Local Usage
	0  -  Run Bytes Sent By Job
	0  -  Run Bytes Received By Job
	0  -  Total Bytes Sent By Job
	0  -  Total Bytes Received By Job
	Partitionable Resources :    Usage  Request          
	   Cpus                 :                 1          
	   Disk (KB)            :     3000     3000          
	   Memory (MB)          :        0        0          
...
000 (015.606.000) 05/06 03:25:38 Job submitted from host: <128.83.144.69:57854>
...
001 (015.606.000) 05/06 03:47:12 Job executing on host: <128.83.130.9:48661>
...
006 (015.606.000) 05/06 03:47:21 Image size of job updated: 151976
	114  -  MemoryUsage of job (MB)
	116200  -  ResidentSetSize of job (KB)
...
006 (015.606.000) 05/06 03:52:22 Image size of job updated: 163080
	122  -  MemoryUsage of job (MB)
	124400  -  ResidentSetSize of job (KB)
...
005 (015.606.000) 05/06 03:52:26 Job terminated.
	(1) Normal termination (return value 0)
		Usr 0 00:04:58, Sys 0 00:00:00  -  Run Remote Usage
		Usr 0 00:00:00, Sys 0 00:00:00  -  Run Local Usage
		Usr 0 00:04:58, Sys 0 00:00:00  -  Total Remote Usage
		Usr 0 00:00:00, Sys 0 00:00:00  -  Total Local Usage
	0  -  Run Bytes Sent By Job
	0  -  Run Bytes Received By Job
	0  -  Total Bytes Sent By Job
	0  -  Total Bytes Received By Job
	Partitionable Resources :    Usage  Request          
	   Cpus                 :                 1          
	   Disk (KB)            :     3000     3000          
	   Memory (MB)          :      122      122          
...
