000 (014.061.000) 05/06 03:16:52 Job submitted from host: <128.83.144.69:57854>
...
001 (014.061.000) 05/06 03:17:41 Job executing on host: <128.83.144.197:60576>
...
006 (014.061.000) 05/06 03:17:41 Image size of job updated: 51504
	0  -  MemoryUsage of job (MB)
	0  -  ResidentSetSize of job (KB)
...
005 (014.061.000) 05/06 03:17:42 Job terminated.
	(1) Normal termination (return value 1)
		Usr 0 00:00:00, Sys 0 00:00:00  -  Run Remote Usage
		Usr 0 00:00:00, Sys 0 00:00:00  -  Run Local Usage
		Usr 0 00:00:00, Sys 0 00:00:00  -  Total Remote Usage
		Usr 0 00:00:00, Sys 0 00:00:00  -  Total Local Usage
	0  -  Run Bytes Sent By Job
	0  -  Run Bytes Received By Job
	0  -  Total Bytes Sent By Job
	0  -  Total Bytes Received By Job
	Partitionable Resources :    Usage  Request          
	   Cpus                 :                 1          
	   Disk (KB)            :     3000     3000          
	   Memory (MB)          :        0        0          
...
000 (015.061.000) 05/06 03:25:38 Job submitted from host: <128.83.144.69:57854>
...
001 (015.061.000) 05/06 03:26:29 Job executing on host: <128.83.120.233:35261>
...
006 (015.061.000) 05/06 03:26:38 Image size of job updated: 3000
	3  -  MemoryUsage of job (MB)
	2188  -  ResidentSetSize of job (KB)
...
010 (015.061.000) 05/06 03:26:45 Job was suspended.
	Number of processes actually suspended: 1
...
006 (015.061.000) 05/06 03:26:45 Image size of job updated: 160976
	123  -  MemoryUsage of job (MB)
	125172  -  ResidentSetSize of job (KB)
...
011 (015.061.000) 05/06 03:27:10 Job was unsuspended.
...
006 (015.061.000) 05/06 03:31:39 Image size of job updated: 163036
	123  -  MemoryUsage of job (MB)
	125172  -  ResidentSetSize of job (KB)
...
005 (015.061.000) 05/06 03:32:28 Job terminated.
	(1) Normal termination (return value 0)
		Usr 0 00:05:27, Sys 0 00:00:00  -  Run Remote Usage
		Usr 0 00:00:00, Sys 0 00:00:00  -  Run Local Usage
		Usr 0 00:05:27, Sys 0 00:00:00  -  Total Remote Usage
		Usr 0 00:00:00, Sys 0 00:00:00  -  Total Local Usage
	0  -  Run Bytes Sent By Job
	0  -  Run Bytes Received By Job
	0  -  Total Bytes Sent By Job
	0  -  Total Bytes Received By Job
	Partitionable Resources :    Usage  Request          
	   Cpus                 :                 1          
	   Disk (KB)            :     3000     3000          
	   Memory (MB)          :      123      123          
...
