000 (014.614.000) 05/06 03:16:53 Job submitted from host: <128.83.144.69:57854>
...
001 (014.614.000) 05/06 03:18:14 Job executing on host: <128.83.144.61:38929>
...
006 (014.614.000) 05/06 03:18:14 Image size of job updated: 3000
	0  -  MemoryUsage of job (MB)
	0  -  ResidentSetSize of job (KB)
...
005 (014.614.000) 05/06 03:18:17 Job terminated.
	(1) Normal termination (return value 1)
		Usr 0 00:00:00, Sys 0 00:00:00  -  Run Remote Usage
		Usr 0 00:00:00, Sys 0 00:00:00  -  Run Local Usage
		Usr 0 00:00:00, Sys 0 00:00:00  -  Total Remote Usage
		Usr 0 00:00:00, Sys 0 00:00:00  -  Total Local Usage
	0  -  Run Bytes Sent By Job
	0  -  Run Bytes Received By Job
	0  -  Total Bytes Sent By Job
	0  -  Total Bytes Received By Job
	Partitionable Resources :    Usage  Request          
	   Cpus                 :                 1          
	   Disk (KB)            :     3000     3000          
	   Memory (MB)          :        0        0          
...
000 (015.614.000) 05/06 03:25:38 Job submitted from host: <128.83.144.69:57854>
...
001 (015.614.000) 05/06 03:47:22 Job executing on host: <128.83.144.135:42107>
...
006 (015.614.000) 05/06 03:47:30 Image size of job updated: 153564
	115  -  MemoryUsage of job (MB)
	117656  -  ResidentSetSize of job (KB)
...
006 (015.614.000) 05/06 03:52:30 Image size of job updated: 162892
	124  -  MemoryUsage of job (MB)
	126928  -  ResidentSetSize of job (KB)
...
006 (015.614.000) 05/06 03:57:30 Image size of job updated: 163136
	124  -  MemoryUsage of job (MB)
	126928  -  ResidentSetSize of job (KB)
...
005 (015.614.000) 05/06 03:57:40 Job terminated.
	(1) Normal termination (return value 0)
		Usr 0 00:10:06, Sys 0 00:00:00  -  Run Remote Usage
		Usr 0 00:00:00, Sys 0 00:00:00  -  Run Local Usage
		Usr 0 00:10:06, Sys 0 00:00:00  -  Total Remote Usage
		Usr 0 00:00:00, Sys 0 00:00:00  -  Total Local Usage
	0  -  Run Bytes Sent By Job
	0  -  Run Bytes Received By Job
	0  -  Total Bytes Sent By Job
	0  -  Total Bytes Received By Job
	Partitionable Resources :    Usage  Request          
	   Cpus                 :                 1          
	   Disk (KB)            :     3000     3000          
	   Memory (MB)          :      124      124          
...
