000 (014.622.000) 05/06 03:16:53 Job submitted from host: <128.83.144.69:57854>
...
001 (014.622.000) 05/06 03:18:14 Job executing on host: <128.83.144.133:43747>
...
006 (014.622.000) 05/06 03:18:14 Image size of job updated: 68072
	0  -  MemoryUsage of job (MB)
	0  -  ResidentSetSize of job (KB)
...
005 (014.622.000) 05/06 03:18:16 Job terminated.
	(1) Normal termination (return value 1)
		Usr 0 00:00:00, Sys 0 00:00:00  -  Run Remote Usage
		Usr 0 00:00:00, Sys 0 00:00:00  -  Run Local Usage
		Usr 0 00:00:00, Sys 0 00:00:00  -  Total Remote Usage
		Usr 0 00:00:00, Sys 0 00:00:00  -  Total Local Usage
	0  -  Run Bytes Sent By Job
	0  -  Run Bytes Received By Job
	0  -  Total Bytes Sent By Job
	0  -  Total Bytes Received By Job
	Partitionable Resources :    Usage  Request          
	   Cpus                 :                 1          
	   Disk (KB)            :     3000     3000          
	   Memory (MB)          :        0        0          
...
000 (015.622.000) 05/06 03:25:38 Job submitted from host: <128.83.144.69:57854>
...
001 (015.622.000) 05/06 03:47:33 Job executing on host: <128.83.144.179:42973>
...
006 (015.622.000) 05/06 03:47:41 Image size of job updated: 153560
	116  -  MemoryUsage of job (MB)
	117780  -  ResidentSetSize of job (KB)
...
006 (015.622.000) 05/06 03:52:40 Image size of job updated: 163120
	116  -  MemoryUsage of job (MB)
	117780  -  ResidentSetSize of job (KB)
...
005 (015.622.000) 05/06 03:52:40 Job terminated.
	(1) Normal termination (return value 0)
		Usr 0 00:04:53, Sys 0 00:00:00  -  Run Remote Usage
		Usr 0 00:00:00, Sys 0 00:00:00  -  Run Local Usage
		Usr 0 00:04:53, Sys 0 00:00:00  -  Total Remote Usage
		Usr 0 00:00:00, Sys 0 00:00:00  -  Total Local Usage
	0  -  Run Bytes Sent By Job
	0  -  Run Bytes Received By Job
	0  -  Total Bytes Sent By Job
	0  -  Total Bytes Received By Job
	Partitionable Resources :    Usage  Request          
	   Cpus                 :                 1          
	   Disk (KB)            :     3000     3000          
	   Memory (MB)          :      116      116          
...
