000 (014.630.000) 05/06 03:16:53 Job submitted from host: <128.83.144.69:57854>
...
001 (014.630.000) 05/06 03:18:14 Job executing on host: <128.83.144.145:34529>
...
006 (014.630.000) 05/06 03:18:14 Image size of job updated: 3000
	0  -  MemoryUsage of job (MB)
	0  -  ResidentSetSize of job (KB)
...
005 (014.630.000) 05/06 03:18:16 Job terminated.
	(1) Normal termination (return value 1)
		Usr 0 00:00:00, Sys 0 00:00:00  -  Run Remote Usage
		Usr 0 00:00:00, Sys 0 00:00:00  -  Run Local Usage
		Usr 0 00:00:00, Sys 0 00:00:00  -  Total Remote Usage
		Usr 0 00:00:00, Sys 0 00:00:00  -  Total Local Usage
	0  -  Run Bytes Sent By Job
	0  -  Run Bytes Received By Job
	0  -  Total Bytes Sent By Job
	0  -  Total Bytes Received By Job
	Partitionable Resources :    Usage  Request          
	   Cpus                 :                 1          
	   Disk (KB)            :     3000     3000          
	   Memory (MB)          :        0        0          
...
000 (015.630.000) 05/06 03:25:38 Job submitted from host: <128.83.144.69:57854>
...
001 (015.630.000) 05/06 03:47:50 Job executing on host: <128.83.144.61:38929>
...
006 (015.630.000) 05/06 03:47:58 Image size of job updated: 84292
	48  -  MemoryUsage of job (MB)
	48612  -  ResidentSetSize of job (KB)
...
006 (015.630.000) 05/06 03:52:58 Image size of job updated: 163076
	123  -  MemoryUsage of job (MB)
	125568  -  ResidentSetSize of job (KB)
...
005 (015.630.000) 05/06 03:53:22 Job terminated.
	(1) Normal termination (return value 0)
		Usr 0 00:05:30, Sys 0 00:00:00  -  Run Remote Usage
		Usr 0 00:00:00, Sys 0 00:00:00  -  Run Local Usage
		Usr 0 00:05:30, Sys 0 00:00:00  -  Total Remote Usage
		Usr 0 00:00:00, Sys 0 00:00:00  -  Total Local Usage
	0  -  Run Bytes Sent By Job
	0  -  Run Bytes Received By Job
	0  -  Total Bytes Sent By Job
	0  -  Total Bytes Received By Job
	Partitionable Resources :    Usage  Request          
	   Cpus                 :                 1          
	   Disk (KB)            :     3000     3000          
	   Memory (MB)          :      123      123          
...
