000 (014.637.000) 05/06 03:16:53 Job submitted from host: <128.83.144.69:57854>
...
001 (014.637.000) 05/06 03:18:15 Job executing on host: <128.83.144.188:38433>
...
006 (014.637.000) 05/06 03:18:15 Image size of job updated: 67112
	0  -  MemoryUsage of job (MB)
	0  -  ResidentSetSize of job (KB)
...
005 (014.637.000) 05/06 03:18:17 Job terminated.
	(1) Normal termination (return value 1)
		Usr 0 00:00:00, Sys 0 00:00:00  -  Run Remote Usage
		Usr 0 00:00:00, Sys 0 00:00:00  -  Run Local Usage
		Usr 0 00:00:00, Sys 0 00:00:00  -  Total Remote Usage
		Usr 0 00:00:00, Sys 0 00:00:00  -  Total Local Usage
	0  -  Run Bytes Sent By Job
	0  -  Run Bytes Received By Job
	0  -  Total Bytes Sent By Job
	0  -  Total Bytes Received By Job
	Partitionable Resources :    Usage  Request          
	   Cpus                 :                 1          
	   Disk (KB)            :     3000     3000          
	   Memory (MB)          :        0        0          
...
000 (015.637.000) 05/06 03:25:38 Job submitted from host: <128.83.144.69:57854>
...
001 (015.637.000) 05/06 03:48:04 Job executing on host: <128.83.120.242:50188>
...
006 (015.637.000) 05/06 03:48:13 Image size of job updated: 156420
	118  -  MemoryUsage of job (MB)
	120156  -  ResidentSetSize of job (KB)
...
006 (015.637.000) 05/06 03:53:14 Image size of job updated: 163108
	124  -  MemoryUsage of job (MB)
	126736  -  ResidentSetSize of job (KB)
...
005 (015.637.000) 05/06 03:53:33 Job terminated.
	(1) Normal termination (return value 0)
		Usr 0 00:05:20, Sys 0 00:00:00  -  Run Remote Usage
		Usr 0 00:00:00, Sys 0 00:00:00  -  Run Local Usage
		Usr 0 00:05:20, Sys 0 00:00:00  -  Total Remote Usage
		Usr 0 00:00:00, Sys 0 00:00:00  -  Total Local Usage
	0  -  Run Bytes Sent By Job
	0  -  Run Bytes Received By Job
	0  -  Total Bytes Sent By Job
	0  -  Total Bytes Received By Job
	Partitionable Resources :    Usage  Request          
	   Cpus                 :                 1          
	   Disk (KB)            :     3000     3000          
	   Memory (MB)          :      124      124          
...
