000 (014.640.000) 05/06 03:16:53 Job submitted from host: <128.83.144.69:57854>
...
001 (014.640.000) 05/06 03:18:15 Job executing on host: <128.83.144.69:54873>
...
006 (014.640.000) 05/06 03:18:15 Image size of job updated: 48508
	0  -  MemoryUsage of job (MB)
	0  -  ResidentSetSize of job (KB)
...
005 (014.640.000) 05/06 03:18:17 Job terminated.
	(1) Normal termination (return value 1)
		Usr 0 00:00:00, Sys 0 00:00:00  -  Run Remote Usage
		Usr 0 00:00:00, Sys 0 00:00:00  -  Run Local Usage
		Usr 0 00:00:00, Sys 0 00:00:00  -  Total Remote Usage
		Usr 0 00:00:00, Sys 0 00:00:00  -  Total Local Usage
	0  -  Run Bytes Sent By Job
	0  -  Run Bytes Received By Job
	0  -  Total Bytes Sent By Job
	0  -  Total Bytes Received By Job
	Partitionable Resources :    Usage  Request          
	   Cpus                 :                 1          
	   Disk (KB)            :     3000     3000          
	   Memory (MB)          :        0        0          
...
000 (015.640.000) 05/06 03:25:38 Job submitted from host: <128.83.144.69:57854>
...
001 (015.640.000) 05/06 03:48:07 Job executing on host: <128.83.144.233:34970>
...
006 (015.640.000) 05/06 03:48:15 Image size of job updated: 153544
	116  -  MemoryUsage of job (MB)
	117784  -  ResidentSetSize of job (KB)
...
006 (015.640.000) 05/06 03:53:15 Image size of job updated: 163128
	123  -  MemoryUsage of job (MB)
	125376  -  ResidentSetSize of job (KB)
...
005 (015.640.000) 05/06 03:54:06 Job terminated.
	(1) Normal termination (return value 0)
		Usr 0 00:05:51, Sys 0 00:00:00  -  Run Remote Usage
		Usr 0 00:00:00, Sys 0 00:00:00  -  Run Local Usage
		Usr 0 00:05:51, Sys 0 00:00:00  -  Total Remote Usage
		Usr 0 00:00:00, Sys 0 00:00:00  -  Total Local Usage
	0  -  Run Bytes Sent By Job
	0  -  Run Bytes Received By Job
	0  -  Total Bytes Sent By Job
	0  -  Total Bytes Received By Job
	Partitionable Resources :    Usage  Request          
	   Cpus                 :                 1          
	   Disk (KB)            :     3000     3000          
	   Memory (MB)          :      123      123          
...
