000 (014.653.000) 05/06 03:16:53 Job submitted from host: <128.83.144.69:57854>
...
001 (014.653.000) 05/06 03:18:16 Job executing on host: <128.83.144.127:54531>
...
006 (014.653.000) 05/06 03:18:16 Image size of job updated: 3000
	0  -  MemoryUsage of job (MB)
	0  -  ResidentSetSize of job (KB)
...
005 (014.653.000) 05/06 03:18:18 Job terminated.
	(1) Normal termination (return value 1)
		Usr 0 00:00:00, Sys 0 00:00:00  -  Run Remote Usage
		Usr 0 00:00:00, Sys 0 00:00:00  -  Run Local Usage
		Usr 0 00:00:00, Sys 0 00:00:00  -  Total Remote Usage
		Usr 0 00:00:00, Sys 0 00:00:00  -  Total Local Usage
	0  -  Run Bytes Sent By Job
	0  -  Run Bytes Received By Job
	0  -  Total Bytes Sent By Job
	0  -  Total Bytes Received By Job
	Partitionable Resources :    Usage  Request          
	   Cpus                 :                 1          
	   Disk (KB)            :     3000     3000          
	   Memory (MB)          :        0        0          
...
000 (015.653.000) 05/06 03:25:38 Job submitted from host: <128.83.144.69:57854>
...
001 (015.653.000) 05/06 03:48:19 Job executing on host: <128.83.130.112:36942>
...
006 (015.653.000) 05/06 03:48:28 Image size of job updated: 156328
	118  -  MemoryUsage of job (MB)
	120156  -  ResidentSetSize of job (KB)
...
006 (015.653.000) 05/06 03:53:29 Image size of job updated: 163088
	123  -  MemoryUsage of job (MB)
	125300  -  ResidentSetSize of job (KB)
...
005 (015.653.000) 05/06 03:53:35 Job terminated.
	(1) Normal termination (return value 0)
		Usr 0 00:05:04, Sys 0 00:00:00  -  Run Remote Usage
		Usr 0 00:00:00, Sys 0 00:00:00  -  Run Local Usage
		Usr 0 00:05:04, Sys 0 00:00:00  -  Total Remote Usage
		Usr 0 00:00:00, Sys 0 00:00:00  -  Total Local Usage
	0  -  Run Bytes Sent By Job
	0  -  Run Bytes Received By Job
	0  -  Total Bytes Sent By Job
	0  -  Total Bytes Received By Job
	Partitionable Resources :    Usage  Request          
	   Cpus                 :                 1          
	   Disk (KB)            :     3000     3000          
	   Memory (MB)          :      123      123          
...
