000 (014.669.000) 05/06 03:16:53 Job submitted from host: <128.83.144.69:57854>
...
001 (014.669.000) 05/06 03:18:17 Job executing on host: <128.83.130.22:57588>
...
006 (014.669.000) 05/06 03:18:17 Image size of job updated: 3000
	0  -  MemoryUsage of job (MB)
	0  -  ResidentSetSize of job (KB)
...
005 (014.669.000) 05/06 03:18:19 Job terminated.
	(1) Normal termination (return value 1)
		Usr 0 00:00:00, Sys 0 00:00:00  -  Run Remote Usage
		Usr 0 00:00:00, Sys 0 00:00:00  -  Run Local Usage
		Usr 0 00:00:00, Sys 0 00:00:00  -  Total Remote Usage
		Usr 0 00:00:00, Sys 0 00:00:00  -  Total Local Usage
	0  -  Run Bytes Sent By Job
	0  -  Run Bytes Received By Job
	0  -  Total Bytes Sent By Job
	0  -  Total Bytes Received By Job
	Partitionable Resources :    Usage  Request          
	   Cpus                 :                 1          
	   Disk (KB)            :     3000     3000          
	   Memory (MB)          :        0        0          
...
000 (015.669.000) 05/06 03:25:38 Job submitted from host: <128.83.144.69:57854>
...
001 (015.669.000) 05/06 03:48:42 Job executing on host: <128.83.144.133:43747>
...
006 (015.669.000) 05/06 03:48:51 Image size of job updated: 156416
	118  -  MemoryUsage of job (MB)
	120416  -  ResidentSetSize of job (KB)
...
006 (015.669.000) 05/06 03:53:52 Image size of job updated: 163040
	124  -  MemoryUsage of job (MB)
	126976  -  ResidentSetSize of job (KB)
...
005 (015.669.000) 05/06 03:54:05 Job terminated.
	(1) Normal termination (return value 0)
		Usr 0 00:05:17, Sys 0 00:00:00  -  Run Remote Usage
		Usr 0 00:00:00, Sys 0 00:00:00  -  Run Local Usage
		Usr 0 00:05:17, Sys 0 00:00:00  -  Total Remote Usage
		Usr 0 00:00:00, Sys 0 00:00:00  -  Total Local Usage
	0  -  Run Bytes Sent By Job
	0  -  Run Bytes Received By Job
	0  -  Total Bytes Sent By Job
	0  -  Total Bytes Received By Job
	Partitionable Resources :    Usage  Request          
	   Cpus                 :                 1          
	   Disk (KB)            :     3000     3000          
	   Memory (MB)          :      124      124          
...
