000 (014.675.000) 05/06 03:16:53 Job submitted from host: <128.83.144.69:57854>
...
001 (014.675.000) 05/06 03:18:17 Job executing on host: <128.83.130.17:58148>
...
006 (014.675.000) 05/06 03:18:17 Image size of job updated: 3000
	0  -  MemoryUsage of job (MB)
	0  -  ResidentSetSize of job (KB)
...
005 (014.675.000) 05/06 03:18:19 Job terminated.
	(1) Normal termination (return value 1)
		Usr 0 00:00:00, Sys 0 00:00:00  -  Run Remote Usage
		Usr 0 00:00:00, Sys 0 00:00:00  -  Run Local Usage
		Usr 0 00:00:00, Sys 0 00:00:00  -  Total Remote Usage
		Usr 0 00:00:00, Sys 0 00:00:00  -  Total Local Usage
	0  -  Run Bytes Sent By Job
	0  -  Run Bytes Received By Job
	0  -  Total Bytes Sent By Job
	0  -  Total Bytes Received By Job
	Partitionable Resources :    Usage  Request          
	   Cpus                 :                 1          
	   Disk (KB)            :     3000     3000          
	   Memory (MB)          :        0        0          
...
000 (015.675.000) 05/06 03:25:38 Job submitted from host: <128.83.144.69:57854>
...
001 (015.675.000) 05/06 03:48:51 Job executing on host: <128.83.130.4:54296>
...
006 (015.675.000) 05/06 03:49:00 Image size of job updated: 61180
	25  -  MemoryUsage of job (MB)
	25116  -  ResidentSetSize of job (KB)
...
006 (015.675.000) 05/06 03:54:01 Image size of job updated: 163104
	125  -  MemoryUsage of job (MB)
	127276  -  ResidentSetSize of job (KB)
...
006 (015.675.000) 05/06 03:54:53 Image size of job updated: 163176
	125  -  MemoryUsage of job (MB)
	127276  -  ResidentSetSize of job (KB)
...
005 (015.675.000) 05/06 03:54:53 Job terminated.
	(1) Normal termination (return value 0)
		Usr 0 00:05:57, Sys 0 00:00:00  -  Run Remote Usage
		Usr 0 00:00:00, Sys 0 00:00:00  -  Run Local Usage
		Usr 0 00:05:57, Sys 0 00:00:00  -  Total Remote Usage
		Usr 0 00:00:00, Sys 0 00:00:00  -  Total Local Usage
	0  -  Run Bytes Sent By Job
	0  -  Run Bytes Received By Job
	0  -  Total Bytes Sent By Job
	0  -  Total Bytes Received By Job
	Partitionable Resources :    Usage  Request          
	   Cpus                 :                 1          
	   Disk (KB)            :     3000     3000          
	   Memory (MB)          :      125      125          
...
