000 (014.682.000) 05/06 03:16:53 Job submitted from host: <128.83.144.69:57854>
...
001 (014.682.000) 05/06 03:18:17 Job executing on host: <128.83.144.197:60576>
...
006 (014.682.000) 05/06 03:18:17 Image size of job updated: 3000
	0  -  MemoryUsage of job (MB)
	0  -  ResidentSetSize of job (KB)
...
005 (014.682.000) 05/06 03:18:20 Job terminated.
	(1) Normal termination (return value 1)
		Usr 0 00:00:00, Sys 0 00:00:00  -  Run Remote Usage
		Usr 0 00:00:00, Sys 0 00:00:00  -  Run Local Usage
		Usr 0 00:00:00, Sys 0 00:00:00  -  Total Remote Usage
		Usr 0 00:00:00, Sys 0 00:00:00  -  Total Local Usage
	0  -  Run Bytes Sent By Job
	0  -  Run Bytes Received By Job
	0  -  Total Bytes Sent By Job
	0  -  Total Bytes Received By Job
	Partitionable Resources :    Usage  Request          
	   Cpus                 :                 1          
	   Disk (KB)            :     3000     3000          
	   Memory (MB)          :        0        0          
...
000 (015.682.000) 05/06 03:25:38 Job submitted from host: <128.83.144.69:57854>
...
001 (015.682.000) 05/06 03:49:09 Job executing on host: <128.83.120.239:33944>
...
006 (015.682.000) 05/06 03:49:17 Image size of job updated: 149036
	111  -  MemoryUsage of job (MB)
	113296  -  ResidentSetSize of job (KB)
...
006 (015.682.000) 05/06 03:54:17 Image size of job updated: 163148
	125  -  MemoryUsage of job (MB)
	127248  -  ResidentSetSize of job (KB)
...
005 (015.682.000) 05/06 03:54:34 Job terminated.
	(1) Normal termination (return value 0)
		Usr 0 00:05:18, Sys 0 00:00:00  -  Run Remote Usage
		Usr 0 00:00:00, Sys 0 00:00:00  -  Run Local Usage
		Usr 0 00:05:18, Sys 0 00:00:00  -  Total Remote Usage
		Usr 0 00:00:00, Sys 0 00:00:00  -  Total Local Usage
	0  -  Run Bytes Sent By Job
	0  -  Run Bytes Received By Job
	0  -  Total Bytes Sent By Job
	0  -  Total Bytes Received By Job
	Partitionable Resources :    Usage  Request          
	   Cpus                 :                 1          
	   Disk (KB)            :     3000     3000          
	   Memory (MB)          :      125      125          
...
