000 (014.685.000) 05/06 03:16:53 Job submitted from host: <128.83.144.69:57854>
...
001 (014.685.000) 05/06 03:18:17 Job executing on host: <128.83.144.122:56826>
...
006 (014.685.000) 05/06 03:18:18 Image size of job updated: 3000
	0  -  MemoryUsage of job (MB)
	0  -  ResidentSetSize of job (KB)
...
005 (014.685.000) 05/06 03:18:20 Job terminated.
	(1) Normal termination (return value 1)
		Usr 0 00:00:00, Sys 0 00:00:00  -  Run Remote Usage
		Usr 0 00:00:00, Sys 0 00:00:00  -  Run Local Usage
		Usr 0 00:00:00, Sys 0 00:00:00  -  Total Remote Usage
		Usr 0 00:00:00, Sys 0 00:00:00  -  Total Local Usage
	0  -  Run Bytes Sent By Job
	0  -  Run Bytes Received By Job
	0  -  Total Bytes Sent By Job
	0  -  Total Bytes Received By Job
	Partitionable Resources :    Usage  Request          
	   Cpus                 :                 1          
	   Disk (KB)            :     3000     3000          
	   Memory (MB)          :        0        0          
...
000 (015.685.000) 05/06 03:25:38 Job submitted from host: <128.83.144.69:57854>
...
001 (015.685.000) 05/06 03:49:22 Job executing on host: <128.83.120.23:49001>
...
006 (015.685.000) 05/06 03:49:31 Image size of job updated: 90740
	54  -  MemoryUsage of job (MB)
	54952  -  ResidentSetSize of job (KB)
...
006 (015.685.000) 05/06 03:54:32 Image size of job updated: 163168
	122  -  MemoryUsage of job (MB)
	124572  -  ResidentSetSize of job (KB)
...
005 (015.685.000) 05/06 03:54:55 Job terminated.
	(1) Normal termination (return value 0)
		Usr 0 00:05:30, Sys 0 00:00:00  -  Run Remote Usage
		Usr 0 00:00:00, Sys 0 00:00:00  -  Run Local Usage
		Usr 0 00:05:30, Sys 0 00:00:00  -  Total Remote Usage
		Usr 0 00:00:00, Sys 0 00:00:00  -  Total Local Usage
	0  -  Run Bytes Sent By Job
	0  -  Run Bytes Received By Job
	0  -  Total Bytes Sent By Job
	0  -  Total Bytes Received By Job
	Partitionable Resources :    Usage  Request          
	   Cpus                 :                 1          
	   Disk (KB)            :     3000     3000          
	   Memory (MB)          :      122      122          
...
