000 (014.690.000) 05/06 03:16:53 Job submitted from host: <128.83.144.69:57854>
...
001 (014.690.000) 05/06 03:18:18 Job executing on host: <128.83.144.82:41173>
...
006 (014.690.000) 05/06 03:18:18 Image size of job updated: 3000
	0  -  MemoryUsage of job (MB)
	0  -  ResidentSetSize of job (KB)
...
005 (014.690.000) 05/06 03:18:20 Job terminated.
	(1) Normal termination (return value 1)
		Usr 0 00:00:00, Sys 0 00:00:00  -  Run Remote Usage
		Usr 0 00:00:00, Sys 0 00:00:00  -  Run Local Usage
		Usr 0 00:00:00, Sys 0 00:00:00  -  Total Remote Usage
		Usr 0 00:00:00, Sys 0 00:00:00  -  Total Local Usage
	0  -  Run Bytes Sent By Job
	0  -  Run Bytes Received By Job
	0  -  Total Bytes Sent By Job
	0  -  Total Bytes Received By Job
	Partitionable Resources :    Usage  Request          
	   Cpus                 :                 1          
	   Disk (KB)            :     3000     3000          
	   Memory (MB)          :        0        0          
...
000 (015.690.000) 05/06 03:25:38 Job submitted from host: <128.83.144.69:57854>
...
001 (015.690.000) 05/06 03:49:31 Job executing on host: <128.83.130.4:54296>
...
006 (015.690.000) 05/06 03:49:39 Image size of job updated: 153548
	116  -  MemoryUsage of job (MB)
	117784  -  ResidentSetSize of job (KB)
...
006 (015.690.000) 05/06 03:54:39 Image size of job updated: 162976
	123  -  MemoryUsage of job (MB)
	125600  -  ResidentSetSize of job (KB)
...
005 (015.690.000) 05/06 03:55:28 Job terminated.
	(1) Normal termination (return value 0)
		Usr 0 00:05:52, Sys 0 00:00:00  -  Run Remote Usage
		Usr 0 00:00:00, Sys 0 00:00:00  -  Run Local Usage
		Usr 0 00:05:52, Sys 0 00:00:00  -  Total Remote Usage
		Usr 0 00:00:00, Sys 0 00:00:00  -  Total Local Usage
	0  -  Run Bytes Sent By Job
	0  -  Run Bytes Received By Job
	0  -  Total Bytes Sent By Job
	0  -  Total Bytes Received By Job
	Partitionable Resources :    Usage  Request          
	   Cpus                 :                 1          
	   Disk (KB)            :     3000     3000          
	   Memory (MB)          :      123      123          
...
