000 (014.695.000) 05/06 03:16:53 Job submitted from host: <128.83.144.69:57854>
...
001 (014.695.000) 05/06 03:18:18 Job executing on host: <128.83.144.82:41173>
...
006 (014.695.000) 05/06 03:18:18 Image size of job updated: 3000
	0  -  MemoryUsage of job (MB)
	0  -  ResidentSetSize of job (KB)
...
005 (014.695.000) 05/06 03:18:20 Job terminated.
	(1) Normal termination (return value 1)
		Usr 0 00:00:00, Sys 0 00:00:00  -  Run Remote Usage
		Usr 0 00:00:00, Sys 0 00:00:00  -  Run Local Usage
		Usr 0 00:00:00, Sys 0 00:00:00  -  Total Remote Usage
		Usr 0 00:00:00, Sys 0 00:00:00  -  Total Local Usage
	0  -  Run Bytes Sent By Job
	0  -  Run Bytes Received By Job
	0  -  Total Bytes Sent By Job
	0  -  Total Bytes Received By Job
	Partitionable Resources :    Usage  Request          
	   Cpus                 :                 1          
	   Disk (KB)            :     3000     3000          
	   Memory (MB)          :        0        0          
...
000 (015.695.000) 05/06 03:25:38 Job submitted from host: <128.83.144.69:57854>
...
001 (015.695.000) 05/06 03:49:44 Job executing on host: <128.83.120.69:54908>
...
006 (015.695.000) 05/06 03:49:52 Image size of job updated: 142024
	104  -  MemoryUsage of job (MB)
	106164  -  ResidentSetSize of job (KB)
...
006 (015.695.000) 05/06 03:54:52 Image size of job updated: 163116
	125  -  MemoryUsage of job (MB)
	127260  -  ResidentSetSize of job (KB)
...
005 (015.695.000) 05/06 03:55:16 Job terminated.
	(1) Normal termination (return value 0)
		Usr 0 00:05:17, Sys 0 00:00:00  -  Run Remote Usage
		Usr 0 00:00:00, Sys 0 00:00:00  -  Run Local Usage
		Usr 0 00:05:17, Sys 0 00:00:00  -  Total Remote Usage
		Usr 0 00:00:00, Sys 0 00:00:00  -  Total Local Usage
	0  -  Run Bytes Sent By Job
	0  -  Run Bytes Received By Job
	0  -  Total Bytes Sent By Job
	0  -  Total Bytes Received By Job
	Partitionable Resources :    Usage  Request          
	   Cpus                 :                 1          
	   Disk (KB)            :     3000     3000          
	   Memory (MB)          :      125      125          
...
