000 (014.701.000) 05/06 03:16:53 Job submitted from host: <128.83.144.69:57854>
...
001 (014.701.000) 05/06 03:18:20 Job executing on host: <128.83.144.215:36865>
...
006 (014.701.000) 05/06 03:18:20 Image size of job updated: 105692
	0  -  MemoryUsage of job (MB)
	0  -  ResidentSetSize of job (KB)
...
005 (014.701.000) 05/06 03:18:22 Job terminated.
	(1) Normal termination (return value 1)
		Usr 0 00:00:00, Sys 0 00:00:00  -  Run Remote Usage
		Usr 0 00:00:00, Sys 0 00:00:00  -  Run Local Usage
		Usr 0 00:00:00, Sys 0 00:00:00  -  Total Remote Usage
		Usr 0 00:00:00, Sys 0 00:00:00  -  Total Local Usage
	0  -  Run Bytes Sent By Job
	0  -  Run Bytes Received By Job
	0  -  Total Bytes Sent By Job
	0  -  Total Bytes Received By Job
	Partitionable Resources :    Usage  Request          
	   Cpus                 :                 1          
	   Disk (KB)            :     3000     3000          
	   Memory (MB)          :        0        0          
...
000 (015.701.000) 05/06 03:25:38 Job submitted from host: <128.83.144.69:57854>
...
001 (015.701.000) 05/06 03:49:57 Job executing on host: <128.83.144.66:36303>
...
006 (015.701.000) 05/06 03:50:06 Image size of job updated: 73132
	37  -  MemoryUsage of job (MB)
	37264  -  ResidentSetSize of job (KB)
...
006 (015.701.000) 05/06 03:55:07 Image size of job updated: 163180
	121  -  MemoryUsage of job (MB)
	123008  -  ResidentSetSize of job (KB)
...
005 (015.701.000) 05/06 03:55:48 Job terminated.
	(1) Normal termination (return value 0)
		Usr 0 00:05:47, Sys 0 00:00:00  -  Run Remote Usage
		Usr 0 00:00:00, Sys 0 00:00:00  -  Run Local Usage
		Usr 0 00:05:47, Sys 0 00:00:00  -  Total Remote Usage
		Usr 0 00:00:00, Sys 0 00:00:00  -  Total Local Usage
	0  -  Run Bytes Sent By Job
	0  -  Run Bytes Received By Job
	0  -  Total Bytes Sent By Job
	0  -  Total Bytes Received By Job
	Partitionable Resources :    Usage  Request          
	   Cpus                 :                 1          
	   Disk (KB)            :     3000     3000          
	   Memory (MB)          :      121      121          
...
