000 (014.718.000) 05/06 03:16:53 Job submitted from host: <128.83.144.69:57854>
...
001 (014.718.000) 05/06 03:18:19 Job executing on host: <128.83.144.169:35204>
...
006 (014.718.000) 05/06 03:18:19 Image size of job updated: 3000
	0  -  MemoryUsage of job (MB)
	0  -  ResidentSetSize of job (KB)
...
005 (014.718.000) 05/06 03:18:22 Job terminated.
	(1) Normal termination (return value 1)
		Usr 0 00:00:00, Sys 0 00:00:00  -  Run Remote Usage
		Usr 0 00:00:00, Sys 0 00:00:00  -  Run Local Usage
		Usr 0 00:00:00, Sys 0 00:00:00  -  Total Remote Usage
		Usr 0 00:00:00, Sys 0 00:00:00  -  Total Local Usage
	0  -  Run Bytes Sent By Job
	0  -  Run Bytes Received By Job
	0  -  Total Bytes Sent By Job
	0  -  Total Bytes Received By Job
	Partitionable Resources :    Usage  Request          
	   Cpus                 :                 1          
	   Disk (KB)            :     3000     3000          
	   Memory (MB)          :        0        0          
...
000 (015.718.000) 05/06 03:25:39 Job submitted from host: <128.83.144.69:57854>
...
001 (015.718.000) 05/06 03:50:30 Job executing on host: <128.83.144.102:57327>
...
006 (015.718.000) 05/06 03:50:38 Image size of job updated: 84864
	48  -  MemoryUsage of job (MB)
	48876  -  ResidentSetSize of job (KB)
...
006 (015.718.000) 05/06 03:55:38 Image size of job updated: 163152
	125  -  MemoryUsage of job (MB)
	127084  -  ResidentSetSize of job (KB)
...
005 (015.718.000) 05/06 03:56:14 Job terminated.
	(1) Normal termination (return value 0)
		Usr 0 00:05:42, Sys 0 00:00:00  -  Run Remote Usage
		Usr 0 00:00:00, Sys 0 00:00:00  -  Run Local Usage
		Usr 0 00:05:42, Sys 0 00:00:00  -  Total Remote Usage
		Usr 0 00:00:00, Sys 0 00:00:00  -  Total Local Usage
	0  -  Run Bytes Sent By Job
	0  -  Run Bytes Received By Job
	0  -  Total Bytes Sent By Job
	0  -  Total Bytes Received By Job
	Partitionable Resources :    Usage  Request          
	   Cpus                 :                 1          
	   Disk (KB)            :     3000     3000          
	   Memory (MB)          :      125      125          
...
