000 (014.775.000) 05/06 03:16:53 Job submitted from host: <128.83.144.69:57854>
...
001 (014.775.000) 05/06 03:18:23 Job executing on host: <128.83.144.242:54436>
...
006 (014.775.000) 05/06 03:18:23 Image size of job updated: 3000
	0  -  MemoryUsage of job (MB)
	0  -  ResidentSetSize of job (KB)
...
005 (014.775.000) 05/06 03:18:25 Job terminated.
	(1) Normal termination (return value 1)
		Usr 0 00:00:00, Sys 0 00:00:00  -  Run Remote Usage
		Usr 0 00:00:00, Sys 0 00:00:00  -  Run Local Usage
		Usr 0 00:00:00, Sys 0 00:00:00  -  Total Remote Usage
		Usr 0 00:00:00, Sys 0 00:00:00  -  Total Local Usage
	0  -  Run Bytes Sent By Job
	0  -  Run Bytes Received By Job
	0  -  Total Bytes Sent By Job
	0  -  Total Bytes Received By Job
	Partitionable Resources :    Usage  Request          
	   Cpus                 :                 1          
	   Disk (KB)            :     3000     3000          
	   Memory (MB)          :        0        0          
...
000 (015.775.000) 05/06 03:25:39 Job submitted from host: <128.83.144.69:57854>
...
001 (015.775.000) 05/06 03:53:07 Job executing on host: <128.83.130.45:41731>
...
006 (015.775.000) 05/06 03:53:16 Image size of job updated: 3000
	3  -  MemoryUsage of job (MB)
	2184  -  ResidentSetSize of job (KB)
...
006 (015.775.000) 05/06 03:58:07 Image size of job updated: 163132
	3  -  MemoryUsage of job (MB)
	2184  -  ResidentSetSize of job (KB)
...
005 (015.775.000) 05/06 03:58:07 Job terminated.
	(1) Normal termination (return value 0)
		Usr 0 00:04:58, Sys 0 00:00:00  -  Run Remote Usage
		Usr 0 00:00:00, Sys 0 00:00:00  -  Run Local Usage
		Usr 0 00:04:58, Sys 0 00:00:00  -  Total Remote Usage
		Usr 0 00:00:00, Sys 0 00:00:00  -  Total Local Usage
	0  -  Run Bytes Sent By Job
	0  -  Run Bytes Received By Job
	0  -  Total Bytes Sent By Job
	0  -  Total Bytes Received By Job
	Partitionable Resources :    Usage  Request          
	   Cpus                 :                 1          
	   Disk (KB)            :     3000     3000          
	   Memory (MB)          :        3        3          
...
