000 (014.783.000) 05/06 03:16:53 Job submitted from host: <128.83.144.69:57854>
...
001 (014.783.000) 05/06 03:18:23 Job executing on host: <128.83.144.66:36303>
...
006 (014.783.000) 05/06 03:18:23 Image size of job updated: 39196
	0  -  MemoryUsage of job (MB)
	0  -  ResidentSetSize of job (KB)
...
005 (014.783.000) 05/06 03:18:26 Job terminated.
	(1) Normal termination (return value 1)
		Usr 0 00:00:00, Sys 0 00:00:00  -  Run Remote Usage
		Usr 0 00:00:00, Sys 0 00:00:00  -  Run Local Usage
		Usr 0 00:00:00, Sys 0 00:00:00  -  Total Remote Usage
		Usr 0 00:00:00, Sys 0 00:00:00  -  Total Local Usage
	0  -  Run Bytes Sent By Job
	0  -  Run Bytes Received By Job
	0  -  Total Bytes Sent By Job
	0  -  Total Bytes Received By Job
	Partitionable Resources :    Usage  Request          
	   Cpus                 :                 1          
	   Disk (KB)            :     3000     3000          
	   Memory (MB)          :        0        0          
...
000 (015.783.000) 05/06 03:25:39 Job submitted from host: <128.83.144.69:57854>
...
001 (015.783.000) 05/06 03:53:22 Job executing on host: <128.83.144.61:38929>
...
006 (015.783.000) 05/06 03:53:30 Image size of job updated: 3000
	3  -  MemoryUsage of job (MB)
	2184  -  ResidentSetSize of job (KB)
...
006 (015.783.000) 05/06 03:58:30 Image size of job updated: 163136
	123  -  MemoryUsage of job (MB)
	125456  -  ResidentSetSize of job (KB)
...
005 (015.783.000) 05/06 03:58:31 Job terminated.
	(1) Normal termination (return value 0)
		Usr 0 00:04:58, Sys 0 00:00:00  -  Run Remote Usage
		Usr 0 00:00:00, Sys 0 00:00:00  -  Run Local Usage
		Usr 0 00:04:58, Sys 0 00:00:00  -  Total Remote Usage
		Usr 0 00:00:00, Sys 0 00:00:00  -  Total Local Usage
	0  -  Run Bytes Sent By Job
	0  -  Run Bytes Received By Job
	0  -  Total Bytes Sent By Job
	0  -  Total Bytes Received By Job
	Partitionable Resources :    Usage  Request          
	   Cpus                 :                 1          
	   Disk (KB)            :     3000     3000          
	   Memory (MB)          :      123      123          
...
