000 (014.799.000) 05/06 03:16:53 Job submitted from host: <128.83.144.69:57854>
...
001 (014.799.000) 05/06 03:18:24 Job executing on host: <128.83.120.218:33174>
...
006 (014.799.000) 05/06 03:18:24 Image size of job updated: 3000
	0  -  MemoryUsage of job (MB)
	0  -  ResidentSetSize of job (KB)
...
005 (014.799.000) 05/06 03:18:27 Job terminated.
	(1) Normal termination (return value 1)
		Usr 0 00:00:00, Sys 0 00:00:00  -  Run Remote Usage
		Usr 0 00:00:00, Sys 0 00:00:00  -  Run Local Usage
		Usr 0 00:00:00, Sys 0 00:00:00  -  Total Remote Usage
		Usr 0 00:00:00, Sys 0 00:00:00  -  Total Local Usage
	0  -  Run Bytes Sent By Job
	0  -  Run Bytes Received By Job
	0  -  Total Bytes Sent By Job
	0  -  Total Bytes Received By Job
	Partitionable Resources :    Usage  Request          
	   Cpus                 :                 1          
	   Disk (KB)            :     3000     3000          
	   Memory (MB)          :        0        0          
...
000 (015.799.000) 05/06 03:25:39 Job submitted from host: <128.83.144.69:57854>
...
001 (015.799.000) 05/06 03:53:53 Job executing on host: <128.83.130.22:57588>
...
006 (015.799.000) 05/06 03:54:01 Image size of job updated: 148636
	111  -  MemoryUsage of job (MB)
	112764  -  ResidentSetSize of job (KB)
...
006 (015.799.000) 05/06 03:59:01 Image size of job updated: 163200
	125  -  MemoryUsage of job (MB)
	127396  -  ResidentSetSize of job (KB)
...
005 (015.799.000) 05/06 03:59:05 Job terminated.
	(1) Normal termination (return value 0)
		Usr 0 00:05:00, Sys 0 00:00:00  -  Run Remote Usage
		Usr 0 00:00:00, Sys 0 00:00:00  -  Run Local Usage
		Usr 0 00:05:00, Sys 0 00:00:00  -  Total Remote Usage
		Usr 0 00:00:00, Sys 0 00:00:00  -  Total Local Usage
	0  -  Run Bytes Sent By Job
	0  -  Run Bytes Received By Job
	0  -  Total Bytes Sent By Job
	0  -  Total Bytes Received By Job
	Partitionable Resources :    Usage  Request          
	   Cpus                 :                 1          
	   Disk (KB)            :     3000     3000          
	   Memory (MB)          :      125      125          
...
