000 (014.813.000) 05/06 03:16:53 Job submitted from host: <128.83.144.69:57854>
...
001 (014.813.000) 05/06 03:18:25 Job executing on host: <128.83.144.69:54873>
...
006 (014.813.000) 05/06 03:18:25 Image size of job updated: 3000
	0  -  MemoryUsage of job (MB)
	0  -  ResidentSetSize of job (KB)
...
005 (014.813.000) 05/06 03:18:28 Job terminated.
	(1) Normal termination (return value 1)
		Usr 0 00:00:00, Sys 0 00:00:00  -  Run Remote Usage
		Usr 0 00:00:00, Sys 0 00:00:00  -  Run Local Usage
		Usr 0 00:00:00, Sys 0 00:00:00  -  Total Remote Usage
		Usr 0 00:00:00, Sys 0 00:00:00  -  Total Local Usage
	0  -  Run Bytes Sent By Job
	0  -  Run Bytes Received By Job
	0  -  Total Bytes Sent By Job
	0  -  Total Bytes Received By Job
	Partitionable Resources :    Usage  Request          
	   Cpus                 :                 1          
	   Disk (KB)            :     3000     3000          
	   Memory (MB)          :        0        0          
...
000 (015.813.000) 05/06 03:25:39 Job submitted from host: <128.83.144.69:57854>
...
001 (015.813.000) 05/06 03:54:12 Job executing on host: <128.83.144.120:35676>
...
006 (015.813.000) 05/06 03:54:20 Image size of job updated: 153548
	116  -  MemoryUsage of job (MB)
	117784  -  ResidentSetSize of job (KB)
...
006 (015.813.000) 05/06 03:59:20 Image size of job updated: 163008
	125  -  MemoryUsage of job (MB)
	127232  -  ResidentSetSize of job (KB)
...
005 (015.813.000) 05/06 03:59:23 Job terminated.
	(1) Normal termination (return value 0)
		Usr 0 00:05:09, Sys 0 00:00:00  -  Run Remote Usage
		Usr 0 00:00:00, Sys 0 00:00:00  -  Run Local Usage
		Usr 0 00:05:09, Sys 0 00:00:00  -  Total Remote Usage
		Usr 0 00:00:00, Sys 0 00:00:00  -  Total Local Usage
	0  -  Run Bytes Sent By Job
	0  -  Run Bytes Received By Job
	0  -  Total Bytes Sent By Job
	0  -  Total Bytes Received By Job
	Partitionable Resources :    Usage  Request          
	   Cpus                 :                 1          
	   Disk (KB)            :     3000     3000          
	   Memory (MB)          :      125      125          
...
