000 (014.823.000) 05/06 03:16:53 Job submitted from host: <128.83.144.69:57854>
...
001 (014.823.000) 05/06 03:18:26 Job executing on host: <128.83.144.191:52037>
...
006 (014.823.000) 05/06 03:18:26 Image size of job updated: 67112
	0  -  MemoryUsage of job (MB)
	0  -  ResidentSetSize of job (KB)
...
005 (014.823.000) 05/06 03:18:29 Job terminated.
	(1) Normal termination (return value 1)
		Usr 0 00:00:00, Sys 0 00:00:00  -  Run Remote Usage
		Usr 0 00:00:00, Sys 0 00:00:00  -  Run Local Usage
		Usr 0 00:00:00, Sys 0 00:00:00  -  Total Remote Usage
		Usr 0 00:00:00, Sys 0 00:00:00  -  Total Local Usage
	0  -  Run Bytes Sent By Job
	0  -  Run Bytes Received By Job
	0  -  Total Bytes Sent By Job
	0  -  Total Bytes Received By Job
	Partitionable Resources :    Usage  Request          
	   Cpus                 :                 1          
	   Disk (KB)            :     3000     3000          
	   Memory (MB)          :        0        0          
...
000 (015.823.000) 05/06 03:25:39 Job submitted from host: <128.83.144.69:57854>
...
001 (015.823.000) 05/06 03:54:33 Job executing on host: <128.83.144.197:60576>
...
006 (015.823.000) 05/06 03:54:42 Image size of job updated: 148040
	110  -  MemoryUsage of job (MB)
	111976  -  ResidentSetSize of job (KB)
...
006 (015.823.000) 05/06 03:59:43 Image size of job updated: 163196
	124  -  MemoryUsage of job (MB)
	126336  -  ResidentSetSize of job (KB)
...
005 (015.823.000) 05/06 03:59:43 Job terminated.
	(1) Normal termination (return value 0)
		Usr 0 00:05:07, Sys 0 00:00:00  -  Run Remote Usage
		Usr 0 00:00:00, Sys 0 00:00:00  -  Run Local Usage
		Usr 0 00:05:07, Sys 0 00:00:00  -  Total Remote Usage
		Usr 0 00:00:00, Sys 0 00:00:00  -  Total Local Usage
	0  -  Run Bytes Sent By Job
	0  -  Run Bytes Received By Job
	0  -  Total Bytes Sent By Job
	0  -  Total Bytes Received By Job
	Partitionable Resources :    Usage  Request          
	   Cpus                 :                 1          
	   Disk (KB)            :     3000     3000          
	   Memory (MB)          :      124      124          
...
