000 (014.834.000) 05/06 03:16:53 Job submitted from host: <128.83.144.69:57854>
...
001 (014.834.000) 05/06 03:18:26 Job executing on host: <128.83.144.81:46590>
...
006 (014.834.000) 05/06 03:18:26 Image size of job updated: 3000
	0  -  MemoryUsage of job (MB)
	0  -  ResidentSetSize of job (KB)
...
005 (014.834.000) 05/06 03:18:29 Job terminated.
	(1) Normal termination (return value 1)
		Usr 0 00:00:00, Sys 0 00:00:00  -  Run Remote Usage
		Usr 0 00:00:00, Sys 0 00:00:00  -  Run Local Usage
		Usr 0 00:00:00, Sys 0 00:00:00  -  Total Remote Usage
		Usr 0 00:00:00, Sys 0 00:00:00  -  Total Local Usage
	0  -  Run Bytes Sent By Job
	0  -  Run Bytes Received By Job
	0  -  Total Bytes Sent By Job
	0  -  Total Bytes Received By Job
	Partitionable Resources :    Usage  Request          
	   Cpus                 :                 1          
	   Disk (KB)            :     3000     3000          
	   Memory (MB)          :        0        0          
...
000 (015.834.000) 05/06 03:25:39 Job submitted from host: <128.83.144.69:57854>
...
001 (015.834.000) 05/06 03:54:57 Job executing on host: <128.83.144.133:43747>
...
006 (015.834.000) 05/06 03:55:05 Image size of job updated: 3000
	3  -  MemoryUsage of job (MB)
	2196  -  ResidentSetSize of job (KB)
...
006 (015.834.000) 05/06 04:00:05 Image size of job updated: 162996
	123  -  MemoryUsage of job (MB)
	124960  -  ResidentSetSize of job (KB)
...
005 (015.834.000) 05/06 04:00:05 Job terminated.
	(1) Normal termination (return value 0)
		Usr 0 00:04:57, Sys 0 00:00:00  -  Run Remote Usage
		Usr 0 00:00:00, Sys 0 00:00:00  -  Run Local Usage
		Usr 0 00:04:57, Sys 0 00:00:00  -  Total Remote Usage
		Usr 0 00:00:00, Sys 0 00:00:00  -  Total Local Usage
	0  -  Run Bytes Sent By Job
	0  -  Run Bytes Received By Job
	0  -  Total Bytes Sent By Job
	0  -  Total Bytes Received By Job
	Partitionable Resources :    Usage  Request          
	   Cpus                 :                 1          
	   Disk (KB)            :     3000     3000          
	   Memory (MB)          :      123      123          
...
