000 (014.858.000) 05/06 03:16:53 Job submitted from host: <128.83.144.69:57854>
...
001 (014.858.000) 05/06 03:18:27 Job executing on host: <128.83.130.17:58148>
...
006 (014.858.000) 05/06 03:18:28 Image size of job updated: 3000
	0  -  MemoryUsage of job (MB)
	0  -  ResidentSetSize of job (KB)
...
005 (014.858.000) 05/06 03:18:31 Job terminated.
	(1) Normal termination (return value 1)
		Usr 0 00:00:00, Sys 0 00:00:00  -  Run Remote Usage
		Usr 0 00:00:00, Sys 0 00:00:00  -  Run Local Usage
		Usr 0 00:00:00, Sys 0 00:00:00  -  Total Remote Usage
		Usr 0 00:00:00, Sys 0 00:00:00  -  Total Local Usage
	0  -  Run Bytes Sent By Job
	0  -  Run Bytes Received By Job
	0  -  Total Bytes Sent By Job
	0  -  Total Bytes Received By Job
	Partitionable Resources :    Usage  Request          
	   Cpus                 :                 1          
	   Disk (KB)            :     3000     3000          
	   Memory (MB)          :        0        0          
...
000 (015.858.000) 05/06 03:25:39 Job submitted from host: <128.83.144.69:57854>
...
001 (015.858.000) 05/06 03:55:55 Job executing on host: <128.83.144.81:46590>
...
006 (015.858.000) 05/06 03:56:03 Image size of job updated: 3000
	3  -  MemoryUsage of job (MB)
	2196  -  ResidentSetSize of job (KB)
...
006 (015.858.000) 05/06 04:01:03 Image size of job updated: 163092
	123  -  MemoryUsage of job (MB)
	125244  -  ResidentSetSize of job (KB)
...
005 (015.858.000) 05/06 04:01:28 Job terminated.
	(1) Normal termination (return value 0)
		Usr 0 00:05:31, Sys 0 00:00:00  -  Run Remote Usage
		Usr 0 00:00:00, Sys 0 00:00:00  -  Run Local Usage
		Usr 0 00:05:31, Sys 0 00:00:00  -  Total Remote Usage
		Usr 0 00:00:00, Sys 0 00:00:00  -  Total Local Usage
	0  -  Run Bytes Sent By Job
	0  -  Run Bytes Received By Job
	0  -  Total Bytes Sent By Job
	0  -  Total Bytes Received By Job
	Partitionable Resources :    Usage  Request          
	   Cpus                 :                 1          
	   Disk (KB)            :     3000     3000          
	   Memory (MB)          :      123      123          
...
