000 (014.868.000) 05/06 03:16:53 Job submitted from host: <128.83.144.69:57854>
...
001 (014.868.000) 05/06 03:18:28 Job executing on host: <128.83.144.197:60576>
...
006 (014.868.000) 05/06 03:18:28 Image size of job updated: 3000
	0  -  MemoryUsage of job (MB)
	0  -  ResidentSetSize of job (KB)
...
005 (014.868.000) 05/06 03:18:31 Job terminated.
	(1) Normal termination (return value 1)
		Usr 0 00:00:00, Sys 0 00:00:00  -  Run Remote Usage
		Usr 0 00:00:00, Sys 0 00:00:00  -  Run Local Usage
		Usr 0 00:00:00, Sys 0 00:00:00  -  Total Remote Usage
		Usr 0 00:00:00, Sys 0 00:00:00  -  Total Local Usage
	0  -  Run Bytes Sent By Job
	0  -  Run Bytes Received By Job
	0  -  Total Bytes Sent By Job
	0  -  Total Bytes Received By Job
	Partitionable Resources :    Usage  Request          
	   Cpus                 :                 1          
	   Disk (KB)            :     3000     3000          
	   Memory (MB)          :        0        0          
...
000 (015.868.000) 05/06 03:25:39 Job submitted from host: <128.83.144.69:57854>
...
001 (015.868.000) 05/06 03:56:11 Job executing on host: <128.83.144.132:39335>
...
006 (015.868.000) 05/06 03:56:20 Image size of job updated: 78880
	43  -  MemoryUsage of job (MB)
	43068  -  ResidentSetSize of job (KB)
...
006 (015.868.000) 05/06 04:00:48 Image size of job updated: 163168
	43  -  MemoryUsage of job (MB)
	43068  -  ResidentSetSize of job (KB)
...
005 (015.868.000) 05/06 04:00:48 Job terminated.
	(1) Normal termination (return value 0)
		Usr 0 00:04:29, Sys 0 00:00:00  -  Run Remote Usage
		Usr 0 00:00:00, Sys 0 00:00:00  -  Run Local Usage
		Usr 0 00:04:29, Sys 0 00:00:00  -  Total Remote Usage
		Usr 0 00:00:00, Sys 0 00:00:00  -  Total Local Usage
	0  -  Run Bytes Sent By Job
	0  -  Run Bytes Received By Job
	0  -  Total Bytes Sent By Job
	0  -  Total Bytes Received By Job
	Partitionable Resources :    Usage  Request          
	   Cpus                 :                 1          
	   Disk (KB)            :     3000     3000          
	   Memory (MB)          :       43       43          
...
