000 (014.870.000) 05/06 03:16:53 Job submitted from host: <128.83.144.69:57854>
...
001 (014.870.000) 05/06 03:18:28 Job executing on host: <128.83.144.14:37887>
...
006 (014.870.000) 05/06 03:18:28 Image size of job updated: 3000
	0  -  MemoryUsage of job (MB)
	0  -  ResidentSetSize of job (KB)
...
005 (014.870.000) 05/06 03:18:31 Job terminated.
	(1) Normal termination (return value 1)
		Usr 0 00:00:00, Sys 0 00:00:00  -  Run Remote Usage
		Usr 0 00:00:00, Sys 0 00:00:00  -  Run Local Usage
		Usr 0 00:00:00, Sys 0 00:00:00  -  Total Remote Usage
		Usr 0 00:00:00, Sys 0 00:00:00  -  Total Local Usage
	0  -  Run Bytes Sent By Job
	0  -  Run Bytes Received By Job
	0  -  Total Bytes Sent By Job
	0  -  Total Bytes Received By Job
	Partitionable Resources :    Usage  Request          
	   Cpus                 :                 1          
	   Disk (KB)            :     3000     3000          
	   Memory (MB)          :        0        0          
...
000 (015.870.000) 05/06 03:25:39 Job submitted from host: <128.83.144.69:57854>
...
001 (015.870.000) 05/06 03:56:13 Job executing on host: <128.83.144.66:36303>
...
006 (015.870.000) 05/06 03:56:22 Image size of job updated: 76324
	40  -  MemoryUsage of job (MB)
	40428  -  ResidentSetSize of job (KB)
...
006 (015.870.000) 05/06 04:01:23 Image size of job updated: 163104
	125  -  MemoryUsage of job (MB)
	127280  -  ResidentSetSize of job (KB)
...
005 (015.870.000) 05/06 04:01:41 Job terminated.
	(1) Normal termination (return value 0)
		Usr 0 00:05:17, Sys 0 00:00:00  -  Run Remote Usage
		Usr 0 00:00:00, Sys 0 00:00:00  -  Run Local Usage
		Usr 0 00:05:17, Sys 0 00:00:00  -  Total Remote Usage
		Usr 0 00:00:00, Sys 0 00:00:00  -  Total Local Usage
	0  -  Run Bytes Sent By Job
	0  -  Run Bytes Received By Job
	0  -  Total Bytes Sent By Job
	0  -  Total Bytes Received By Job
	Partitionable Resources :    Usage  Request          
	   Cpus                 :                 1          
	   Disk (KB)            :     3000     3000          
	   Memory (MB)          :      125      125          
...
