000 (014.898.000) 05/06 03:16:53 Job submitted from host: <128.83.144.69:57854>
...
001 (014.898.000) 05/06 03:18:30 Job executing on host: <128.83.120.218:33174>
...
006 (014.898.000) 05/06 03:18:30 Image size of job updated: 3000
	0  -  MemoryUsage of job (MB)
	0  -  ResidentSetSize of job (KB)
...
005 (014.898.000) 05/06 03:18:33 Job terminated.
	(1) Normal termination (return value 1)
		Usr 0 00:00:00, Sys 0 00:00:00  -  Run Remote Usage
		Usr 0 00:00:00, Sys 0 00:00:00  -  Run Local Usage
		Usr 0 00:00:00, Sys 0 00:00:00  -  Total Remote Usage
		Usr 0 00:00:00, Sys 0 00:00:00  -  Total Local Usage
	0  -  Run Bytes Sent By Job
	0  -  Run Bytes Received By Job
	0  -  Total Bytes Sent By Job
	0  -  Total Bytes Received By Job
	Partitionable Resources :    Usage  Request          
	   Cpus                 :                 1          
	   Disk (KB)            :     3000     3000          
	   Memory (MB)          :        0        0          
...
000 (015.898.000) 05/06 03:25:39 Job submitted from host: <128.83.144.69:57854>
...
001 (015.898.000) 05/06 03:57:32 Job executing on host: <128.83.144.215:36865>
...
006 (015.898.000) 05/06 03:57:41 Image size of job updated: 152956
	115  -  MemoryUsage of job (MB)
	116988  -  ResidentSetSize of job (KB)
...
006 (015.898.000) 05/06 04:02:31 Image size of job updated: 163104
	115  -  MemoryUsage of job (MB)
	116988  -  ResidentSetSize of job (KB)
...
005 (015.898.000) 05/06 04:02:31 Job terminated.
	(1) Normal termination (return value 0)
		Usr 0 00:04:56, Sys 0 00:00:00  -  Run Remote Usage
		Usr 0 00:00:00, Sys 0 00:00:00  -  Run Local Usage
		Usr 0 00:04:56, Sys 0 00:00:00  -  Total Remote Usage
		Usr 0 00:00:00, Sys 0 00:00:00  -  Total Local Usage
	0  -  Run Bytes Sent By Job
	0  -  Run Bytes Received By Job
	0  -  Total Bytes Sent By Job
	0  -  Total Bytes Received By Job
	Partitionable Resources :    Usage  Request          
	   Cpus                 :                 1          
	   Disk (KB)            :     3000     3000          
	   Memory (MB)          :      115      115          
...
