000 (014.899.000) 05/06 03:16:53 Job submitted from host: <128.83.144.69:57854>
...
001 (014.899.000) 05/06 03:18:30 Job executing on host: <128.83.130.7:44988>
...
006 (014.899.000) 05/06 03:18:30 Image size of job updated: 3000
	0  -  MemoryUsage of job (MB)
	0  -  ResidentSetSize of job (KB)
...
005 (014.899.000) 05/06 03:18:33 Job terminated.
	(1) Normal termination (return value 1)
		Usr 0 00:00:00, Sys 0 00:00:00  -  Run Remote Usage
		Usr 0 00:00:00, Sys 0 00:00:00  -  Run Local Usage
		Usr 0 00:00:00, Sys 0 00:00:00  -  Total Remote Usage
		Usr 0 00:00:00, Sys 0 00:00:00  -  Total Local Usage
	0  -  Run Bytes Sent By Job
	0  -  Run Bytes Received By Job
	0  -  Total Bytes Sent By Job
	0  -  Total Bytes Received By Job
	Partitionable Resources :    Usage  Request          
	   Cpus                 :                 1          
	   Disk (KB)            :     3000     3000          
	   Memory (MB)          :        0        0          
...
000 (015.899.000) 05/06 03:25:39 Job submitted from host: <128.83.144.69:57854>
...
001 (015.899.000) 05/06 03:57:33 Job executing on host: <128.83.130.18:36609>
...
006 (015.899.000) 05/06 03:57:42 Image size of job updated: 156432
	118  -  MemoryUsage of job (MB)
	120420  -  ResidentSetSize of job (KB)
...
006 (015.899.000) 05/06 04:02:37 Image size of job updated: 163072
	118  -  MemoryUsage of job (MB)
	120420  -  ResidentSetSize of job (KB)
...
005 (015.899.000) 05/06 04:02:37 Job terminated.
	(1) Normal termination (return value 0)
		Usr 0 00:05:00, Sys 0 00:00:00  -  Run Remote Usage
		Usr 0 00:00:00, Sys 0 00:00:00  -  Run Local Usage
		Usr 0 00:05:00, Sys 0 00:00:00  -  Total Remote Usage
		Usr 0 00:00:00, Sys 0 00:00:00  -  Total Local Usage
	0  -  Run Bytes Sent By Job
	0  -  Run Bytes Received By Job
	0  -  Total Bytes Sent By Job
	0  -  Total Bytes Received By Job
	Partitionable Resources :    Usage  Request          
	   Cpus                 :                 1          
	   Disk (KB)            :     3000     3000          
	   Memory (MB)          :      118      118          
...
