000 (014.919.000) 05/06 03:16:53 Job submitted from host: <128.83.144.69:57854>
...
001 (014.919.000) 05/06 03:18:31 Job executing on host: <128.83.120.146:36214>
...
006 (014.919.000) 05/06 03:18:32 Image size of job updated: 3000
	0  -  MemoryUsage of job (MB)
	0  -  ResidentSetSize of job (KB)
...
005 (014.919.000) 05/06 03:18:35 Job terminated.
	(1) Normal termination (return value 1)
		Usr 0 00:00:00, Sys 0 00:00:00  -  Run Remote Usage
		Usr 0 00:00:00, Sys 0 00:00:00  -  Run Local Usage
		Usr 0 00:00:00, Sys 0 00:00:00  -  Total Remote Usage
		Usr 0 00:00:00, Sys 0 00:00:00  -  Total Local Usage
	0  -  Run Bytes Sent By Job
	0  -  Run Bytes Received By Job
	0  -  Total Bytes Sent By Job
	0  -  Total Bytes Received By Job
	Partitionable Resources :    Usage  Request          
	   Cpus                 :                 1          
	   Disk (KB)            :     3000     3000          
	   Memory (MB)          :        0        0          
...
000 (015.919.000) 05/06 03:25:39 Job submitted from host: <128.83.144.69:57854>
...
001 (015.919.000) 05/06 03:58:16 Job executing on host: <128.83.144.61:38929>
...
006 (015.919.000) 05/06 03:58:25 Image size of job updated: 153564
	116  -  MemoryUsage of job (MB)
	117784  -  ResidentSetSize of job (KB)
...
006 (015.919.000) 05/06 04:03:20 Image size of job updated: 163104
	116  -  MemoryUsage of job (MB)
	117784  -  ResidentSetSize of job (KB)
...
005 (015.919.000) 05/06 04:03:20 Job terminated.
	(1) Normal termination (return value 0)
		Usr 0 00:04:49, Sys 0 00:00:00  -  Run Remote Usage
		Usr 0 00:00:00, Sys 0 00:00:00  -  Run Local Usage
		Usr 0 00:04:49, Sys 0 00:00:00  -  Total Remote Usage
		Usr 0 00:00:00, Sys 0 00:00:00  -  Total Local Usage
	0  -  Run Bytes Sent By Job
	0  -  Run Bytes Received By Job
	0  -  Total Bytes Sent By Job
	0  -  Total Bytes Received By Job
	Partitionable Resources :    Usage  Request          
	   Cpus                 :                 1          
	   Disk (KB)            :     3000     3000          
	   Memory (MB)          :      116      116          
...
