000 (014.951.000) 05/06 03:16:53 Job submitted from host: <128.83.144.69:57854>
...
001 (014.951.000) 05/06 03:18:34 Job executing on host: <128.83.120.234:46157>
...
006 (014.951.000) 05/06 03:18:34 Image size of job updated: 69752
	0  -  MemoryUsage of job (MB)
	0  -  ResidentSetSize of job (KB)
...
005 (014.951.000) 05/06 03:18:38 Job terminated.
	(1) Normal termination (return value 1)
		Usr 0 00:00:00, Sys 0 00:00:00  -  Run Remote Usage
		Usr 0 00:00:00, Sys 0 00:00:00  -  Run Local Usage
		Usr 0 00:00:00, Sys 0 00:00:00  -  Total Remote Usage
		Usr 0 00:00:00, Sys 0 00:00:00  -  Total Local Usage
	0  -  Run Bytes Sent By Job
	0  -  Run Bytes Received By Job
	0  -  Total Bytes Sent By Job
	0  -  Total Bytes Received By Job
	Partitionable Resources :    Usage  Request          
	   Cpus                 :                 1          
	   Disk (KB)            :     3000     3000          
	   Memory (MB)          :        0        0          
...
000 (015.951.000) 05/06 03:25:39 Job submitted from host: <128.83.144.69:57854>
...
001 (015.951.000) 05/06 03:59:04 Job executing on host: <128.83.144.169:35204>
...
006 (015.951.000) 05/06 03:59:13 Image size of job updated: 156448
	118  -  MemoryUsage of job (MB)
	120420  -  ResidentSetSize of job (KB)
...
006 (015.951.000) 05/06 04:03:58 Image size of job updated: 163116
	118  -  MemoryUsage of job (MB)
	120420  -  ResidentSetSize of job (KB)
...
005 (015.951.000) 05/06 04:03:58 Job terminated.
	(1) Normal termination (return value 0)
		Usr 0 00:04:51, Sys 0 00:00:00  -  Run Remote Usage
		Usr 0 00:00:00, Sys 0 00:00:00  -  Run Local Usage
		Usr 0 00:04:51, Sys 0 00:00:00  -  Total Remote Usage
		Usr 0 00:00:00, Sys 0 00:00:00  -  Total Local Usage
	0  -  Run Bytes Sent By Job
	0  -  Run Bytes Received By Job
	0  -  Total Bytes Sent By Job
	0  -  Total Bytes Received By Job
	Partitionable Resources :    Usage  Request          
	   Cpus                 :                 1          
	   Disk (KB)            :     3000     3000          
	   Memory (MB)          :      118      118          
...
