000 (014.966.000) 05/06 03:16:53 Job submitted from host: <128.83.144.69:57854>
...
001 (014.966.000) 05/06 03:18:34 Job executing on host: <128.83.120.23:49001>
...
006 (014.966.000) 05/06 03:18:34 Image size of job updated: 39580
	0  -  MemoryUsage of job (MB)
	0  -  ResidentSetSize of job (KB)
...
005 (014.966.000) 05/06 03:18:37 Job terminated.
	(1) Normal termination (return value 1)
		Usr 0 00:00:00, Sys 0 00:00:00  -  Run Remote Usage
		Usr 0 00:00:00, Sys 0 00:00:00  -  Run Local Usage
		Usr 0 00:00:00, Sys 0 00:00:00  -  Total Remote Usage
		Usr 0 00:00:00, Sys 0 00:00:00  -  Total Local Usage
	0  -  Run Bytes Sent By Job
	0  -  Run Bytes Received By Job
	0  -  Total Bytes Sent By Job
	0  -  Total Bytes Received By Job
	Partitionable Resources :    Usage  Request          
	   Cpus                 :                 1          
	   Disk (KB)            :     3000     3000          
	   Memory (MB)          :        0        0          
...
000 (015.966.000) 05/06 03:25:39 Job submitted from host: <128.83.144.69:57854>
...
001 (015.966.000) 05/06 03:59:24 Job executing on host: <128.83.144.197:60576>
...
006 (015.966.000) 05/06 03:59:33 Image size of job updated: 156416
	118  -  MemoryUsage of job (MB)
	120420  -  ResidentSetSize of job (KB)
...
006 (015.966.000) 05/06 04:04:34 Image size of job updated: 163144
	125  -  MemoryUsage of job (MB)
	127348  -  ResidentSetSize of job (KB)
...
005 (015.966.000) 05/06 04:04:37 Job terminated.
	(1) Normal termination (return value 0)
		Usr 0 00:05:09, Sys 0 00:00:00  -  Run Remote Usage
		Usr 0 00:00:00, Sys 0 00:00:00  -  Run Local Usage
		Usr 0 00:05:09, Sys 0 00:00:00  -  Total Remote Usage
		Usr 0 00:00:00, Sys 0 00:00:00  -  Total Local Usage
	0  -  Run Bytes Sent By Job
	0  -  Run Bytes Received By Job
	0  -  Total Bytes Sent By Job
	0  -  Total Bytes Received By Job
	Partitionable Resources :    Usage  Request          
	   Cpus                 :                 1          
	   Disk (KB)            :     3000     3000          
	   Memory (MB)          :      125      125          
...
