000 (014.993.000) 05/06 03:16:53 Job submitted from host: <128.83.144.69:57854>
...
001 (014.993.000) 05/06 03:18:35 Job executing on host: <128.83.144.248:43693>
...
006 (014.993.000) 05/06 03:18:35 Image size of job updated: 3000
	0  -  MemoryUsage of job (MB)
	0  -  ResidentSetSize of job (KB)
...
005 (014.993.000) 05/06 03:18:39 Job terminated.
	(1) Normal termination (return value 1)
		Usr 0 00:00:00, Sys 0 00:00:00  -  Run Remote Usage
		Usr 0 00:00:00, Sys 0 00:00:00  -  Run Local Usage
		Usr 0 00:00:00, Sys 0 00:00:00  -  Total Remote Usage
		Usr 0 00:00:00, Sys 0 00:00:00  -  Total Local Usage
	0  -  Run Bytes Sent By Job
	0  -  Run Bytes Received By Job
	0  -  Total Bytes Sent By Job
	0  -  Total Bytes Received By Job
	Partitionable Resources :    Usage  Request          
	   Cpus                 :                 1          
	   Disk (KB)            :     3000     3000          
	   Memory (MB)          :        0        0          
...
000 (015.993.000) 05/06 03:25:39 Job submitted from host: <128.83.144.69:57854>
...
001 (015.993.000) 05/06 04:00:32 Job executing on host: <128.83.130.4:54296>
...
006 (015.993.000) 05/06 04:00:40 Image size of job updated: 144700
	106  -  MemoryUsage of job (MB)
	108540  -  ResidentSetSize of job (KB)
...
006 (015.993.000) 05/06 04:05:40 Image size of job updated: 163088
	125  -  MemoryUsage of job (MB)
	126988  -  ResidentSetSize of job (KB)
...
005 (015.993.000) 05/06 04:06:05 Job terminated.
	(1) Normal termination (return value 0)
		Usr 0 00:05:30, Sys 0 00:00:00  -  Run Remote Usage
		Usr 0 00:00:00, Sys 0 00:00:00  -  Run Local Usage
		Usr 0 00:05:30, Sys 0 00:00:00  -  Total Remote Usage
		Usr 0 00:00:00, Sys 0 00:00:00  -  Total Local Usage
	0  -  Run Bytes Sent By Job
	0  -  Run Bytes Received By Job
	0  -  Total Bytes Sent By Job
	0  -  Total Bytes Received By Job
	Partitionable Resources :    Usage  Request          
	   Cpus                 :                 1          
	   Disk (KB)            :     3000     3000          
	   Memory (MB)          :      125      125          
...
